xi neʼwa ʼo q .
x kibʼan kʼax chele uw os a qrum almanutz ta chikak ayi k.
riq ʼut uʼ mmank echtale akʼala bʼ.
arena nim ta lea tzʼi ʼ chu wach lenutz ʼi ʼ .
xepet ik xol ki la ʼ .
¿jaw chiʼ xataʼ chexka mri uma mripo ʼ x ?
e kebʼ ke kʼambʼik pat uj .
xin loq ʼ jun jap ariw okaj ja .
ri ax tu ʼbʼ , kʼo qulaj chech.
jaskara jkaʼan chutza kik leti ʼij .
xu tij le wa.
xim bʼalre tzij.
x pax ribʼo ʼ j.
wek awa jkatin toʼox aqx u wik abʼij chiwe .
jasnukʼ uku chʼo bʼo .
jaskara jkuti jo ?
xexr uxlabʼ ri riki l.
en itzʼa ʼ qle taqimul .
we ta ne in xin bʼano wik, arelea teʼ k x bʼano wik.
kin tzalij pa len ut ina mit .
ri nuchaq ʼ kʼopa uro ʼq ʼa toj ti jonik paritij obʼal.
xin xiʼ jwibʼ x inch ʼawi k.
kʼ ochwar oʼchlepa re .
ch iraqan k abʼin wirit ata ʼ.
x sa chonk anuyaʼ iklep waq chechoja .
xinqʼax chikixo ʼlr iw inaq .
keti koni k.
riu lew man qechtaj , kech riq atiʼtqa mam .
xepe lew inaq xol ki kʼama ʼ.
xuloq ʼriw uj ru malri ali .
cheweqʼi jkami k kʼ oj un nutzi jonem chirij le nut ina mi t.
kej riʼ .
xkunan alaq chwe.
kin usi kʼ ij len unan .
ri im ulx u chʼijt aj , xkan aj p abʼe, ru malri ni mal ku ja lujri im ul , x ut zaqrian im .
kubʼan ri ux oq ʼo ʼl riaj tzʼaq .
rila sibʼa lajutz che kuna bʼal.
kʼikiwa chrie ʼajcha kibʼ pariko montyo x , kʼate kʼ ut xaj un chi aj awx el ;
x qa tachixa tuli k.
kawa jchika tʼe k.
chʼuti ʼnke kanajri xa jabʼ chech.
kaq axiʼ jqib ʼkaq achapo .
ekʼ oke bʼukʼa jo lle ta t xwa n.
luʼ subʼi ʼri recham.
ajchiu wiʼ miqʼin ja ʼri luʼ .
xin yakan le nuch impa kʼay bʼal.
kʼat exrilo, x peri unan ch eutz ukux ik, xki ko tik, x us al abʼi sajrit aqux kin .
xki kʼut chi uwach ri ajtij xuqujeʼ chi kiwach ri taqni kʼaj ka chil.
ut zlenuq ʼa bʼ .
kulle alweʼ lpa austin ch aqʼa bʼ kam ik .
ri ateʼ k xtza qloqa re chikʼop auwi ʼriq ʼa ʼm.
aj pa tan riteʼ k.
xat qaj chiupa mri il.
lakʼo tzij naki kʼo xom aj taj ?
xsa chonchke chi xeati nik.
ronojel leule we chalaq .
lax eb ʼe kʼul ax e ʼki jaq akʼu leu chiʼ ja ?
xaq kat chʼ ok najiwir .
kamikkʼoch irij astaqa we.
ar e chiʼka kʼ isrijuna bʼkʼoq ʼi nom.
pana wal jaʼ xin a le xik.
naxintat aj we ar eria kʼalki xtzuqu wi k.
¡ ru lew ri sa bʼulo ne ru lew ri nef tali , ubʼeri polo w, ru lew ri jordan , galile ʼa kechrij et aqam aq ʼ !
ra x , ra x , ra x , kʼokʼ , kʼokʼ , kʼokʼ ler ux lab ʼlet aq tiko ʼ n.
achi xa twilo .
paqa lrajille pix kami k.
xoj bʼini k.
paj un jeʼl ti jo bʼal kuti jo jribʼjun akʼal , ubʼi ʼ poʼ x , ut zkuri lo kep ati jo bʼalro nojel taq qʼi j.
xwaj chix at ʼeta j.
u tzlaʼ le xubʼij leachi.
weta ʼam jachin k ap eti k.
kinq ʼojoma nik .
xinqʼi ʼo takʼa likxin p eti k.
areʼ reta ʼ mcheki no pa nik.
ar eta bʼaleqa qa jawch at toʼ wik.
kawinaq waqi bʼ qʼata j.
naqa jchik cheri uwaq kaj bʼala re taq chiʼk sach uw achriqʼi j, kok ri qʼequʼ mchu wachu lew , chikʼa teʼ narib ʼelejeb ʼk aj bʼal.
jobʼ raqan ri tzʼa lam xeporo xi k.
sibʼa la jko rijrimop.
are waʼ.
jel aʼ pariti minit chwik ab yok rech x ela juʼ, le qananqat at k akiti kojeʼ la laj taquwa chicha j.
kʼax nu qul .
xuʼ lu kʼama ʼ.
ko jul ki tz uk uj .
areman kʼax ta uk unax ik ar eta qaninaqka ʼilitaj wey abʼilal xuqujeʼ mojo ʼ qa kuya ʼle kʼ ax kʼolil chechlejo lomaj.
ri wel kʼo pa ti jonik.
kawajkin bʼij .
rik o tzʼi ʼ jkqa koj chiup am rija .
qʼeq qʼ oj rijriama ʼkej.
naxwaj ta jxin chʼa wi k.
chpeta bʼale loq ʼalaj jabʼ.
x sach on chkexat k isi kʼij.
eleq ʼal chʼi chʼ.
jachinxa wilochi arex tijowr itiʼj ?
mat ak abʼel en ux bʼal pal eti nami t.
pim ruq, ri ali .
¿kʼori mu qʼe chi awech ?
kqabʼij mank eko win ta j.
kin tij na .
kʼoj un qat ʼu ʼy pa ja!
kʼop uj chiup am rich ʼa ʼ k.
aretaq kin kosik kin wa rik .
xatwa ʼik xin wilo
in xi n chʼa yow le achi.
kon ojelri al ax ik ke ʼetz ʼa nik.
jas rukʼ xkiti jwi le kirikil ?
ani na qilkat pe tik.
nara xt auwa chlej uyu bʼ .
ri tzʼa lam tzʼi bʼa bʼal ra xk kayi k.
wech at ch akun ik, kʼo awa .
maʼtam xat pecheri wa ʼim .
kamul ki n waʼ na .
ri sikil k ti jo w rukʼi k.
kimbʼe aqʼan rukʼ leal talin .
xoj ʼe kxeʼ qil alarqa sok.
xe kiqʼi lle aj ch akibʼx kiw okleja .
mata nexwaj le kʼ uh j ne mrukʼ le ateʼk.
ar ex e ʼo pan chiuchi ʼri juyubʼ , xki lo chi manqast akʼo qʼ ay es .
kʼa tekʼut , ri jesus mank kojon tachk echrie ʼa reʼ , ru mal re chcheko nojel re taʼm kiwach,
paʼtzr ij ri tzʼi ʼ .
juwi naqwa qibʼq ʼata j.
at elaq ʼom .
xaq at joʼ s .
riq ʼat zu, a req ʼa laj riuq ʼi jil.
aj chak weal a .
u bʼelej uk ak ʼalt aqan ik ( 29).
kebʼ nubʼiʼ kʼo li k .
lak atzalij lu ʼla aninaq ?
katzukun la chwe.
lakaj lakoj bʼ eʼpa lechomal chweʼ q ?
xin na bʼej ch ut asik qa kʼo libʼal.
la l xi n to ʼ wi k.
sibʼa la janoʼ jibʼal.
xoj pet ik xolqa kʼama ʼ.
sibʼa laj jeʼ lik ri uwa ʼlri ichaj.
kʼ axwij ru mal in pachali k.
a re taqx ukʼ ul maj waʼx ulri u choman ik x ubʼij : areutz wa aqʼa bʼ kin wali jik, arech aʼ chanim ki no pan p ati jobʼal, maj chikin kʼ ulma j.
ojaj x ojolob ʼ pa a was qʼij .
xi n sach chele uw okik le tzij .
e jula jujri a kʼ.
xu taj ampa ʼkoj ʼek.
qilik .
ri ti jox elmana reta nim chu wach rir ajti j. riutz ti jox el qas jeriʼ kʼolik ja sriraj ti j.
inxa tin chʼa yo .
noʼ jim ch akw u ma l.
chʼurrijo chʼ.
in kin bʼij na k at sach ta j.
uj ma ya bʼ.
ri abʼaj yatzali k.
ta jinkepix bʼax ri akʼala bʼ.
chom riaq .
xi nwa rik.
elemenkon ojelria kʼala bʼ .
taj ink qʼan arikriw ereʼa j.
leu ke mik le pasutz ( chawe ).
x uyu pubʼa uwa ch raʼ chi, k acha ʼ, .
ri satan ask ok pari judas rik bʼi x isk ari ʼo techrech, ri ar eʼ jun ch kixo ʼlri ekabʼ lajuj .
chuchuri par.
kin qumuj ri nu jochʼ.
chech punción lumbara maqʼ el ra jawax ik chechrili kle ukʼ ex bʼ em wil en abʼer ukʼ le uka bʼu kʼutun em ley a bʼilal.
qʼala jchin akaw aj taj ka bʼi j.
kʼ oq ʼol chirij risi ʼ.
jawix ojʼe wichulo qʼ ik ?
kʼo ul ochʼ rital in .
qʼan ri jri atiʼ tnukej.
lax tzalij la iwir ?
xe sikʼi xik, kʼa tekʼ uriʼ xe ya jik, xuqujeʼ x et aqbʼi che usi kʼikl emes .
lakix wa rik ?
arekʼu le palo maxx ubʼij che : -mam kat bʼi sont aj , kin si kʼij ni kʼ aj wa chiʼl ker apapi k.
aʼ ree ti jo xel a bʼ .
ria la jalisiʼl x ubʼij x qach ap p aut zalrityo x .
xsa chonchke jachin xeati nik.
jas x uray ij le a na nxuti jo ?
xi nko sik.
r ax ro nojel riq ʼay esrumal le jabʼ .
kin yaw aʼwechʼi chʼ pinem nautz.
no ʼ ji mupa chʼux iklen uwi ʼ.
najkʼ o wile woʼ ch chu wach letijo bʼal.
ri okibʼal kʼochi uwa chris aq ja .
xe nu taq chʼijke kill ea kʼ ala bʼ .
kʼoj unqʼo xo we mchiwe .
tza ri cho ʼ m.
wechoj bʼepal e nimaqʼij , k eqille aj x ojolob ʼ .
xoj ʼe kxeʼ qil alarqa sok.
ri ateʼ k xut aʼ chechr inan toʼn : -nan jas cheʼ chi mankajt alaqa kʼati sajrijoʼ q.
ri pal sib ʼalaj xuʼy .
k ink oj rij okbʼalu lew .
in kin bʼij na kat sach t aj
at rajkun lenunan .
ku qamuj ujoro nri aj tzij .
luʼ tzʼala mubʼi ʼri a chik el p ani mcheʼ .
jeʼ li kutiʼ jol alrisaq ko ʼ r.
kʼoj unxa ʼ r paja .
xin loqʼjun kʼakʼpat an .
kʼ ax uk emi kle pas aw u mal.
aninaquk emiklep asaw umal
ri chʼaʼn sa chinaq pat aqabʼix .
ra x taq le kotz ʼi ʼ j.
mesom kanoq riupam ja .
mana ret ar al ax kos ik .
ri komonxe ch pupre chuqʼabʼ ti namitxoʼ labʼaj re chqʼ umarka j.
lautzaki k kʼu subʼ tajin ku ʼa no ?
ka tela !
nax utij t aj .
x arum alketa ʼ mko nojelri win aqk ki qumuj leja ʼ.
iw ir x uj tzalij lapa kʼay bʼal.
qetaʼm cheri qawa ku jutoʼo .
ri ajtij , kya jon chik echriak ʼala bʼ.
ja su bʼanom le nuch ʼuti t at?
chweʼ qk inbʼepa nim tinamit.
ut zwe k iweta ʼ maj jask ubʼi jri chol bʼal qʼij .
tajinkat ji lowche u qʼoxom jolomaj.
xin tikqʼax chi uwach rija .
kʼ ax le kibʼ ele winaq .
loqʼ kat kunt aj che ley abʼil (covid - 19).
rin uxi bʼal kel paq aj bʼalq ʼi j.
xril ri axwan chixwa ʼri ala .
le ali x kunata jik .
wet akap eleja bʼ ka mik.
xin wetaʼ maj chinax at peta j.
rip waq re chwe qʼata jri ʼkes ax chechri toj bʼal kʼayin em .
k ti jri uwa ʼli kru mal rikin ima qʼi j.
x ucha pukuna xik.
chatan loqali.
xinx uliʼqa joq .
jeʼ lik kti jow ritaqi kox .
kʼa tekʼuri let atx o ʼr x ubʼij , mankaw aj t aj, mankaw aj ta j.
kʼo juntz ʼi ʼ pa bʼe.
kamulxin peche atzukuxi k.
manta j in takin chakuni k .
kincha kun ik rech katwa ʼik .
jasr ukʼ xa wil wichix ki qupij wil eti ʼ j.
jasubʼi xi k … ?
koq ʼr iakʼal .
k awaj nakat ʼeta j.
xat qʼ a jik.
wem nacha loq ʼa xiyal, naki mbʼet aaw u kʼ.
xop an lew ujaw ukʼru mal wechin .
arekʼut pal ej uyubʼ k kʼiy jo ron , chila ʼ x ekikʼama wiri jaʼriw inaq .
koq ʼr iakʼal .
wekʼo ara jilcha kʼama lo q .
aresib ʼala jkaq lea poʼt ch uwach le nu poʼt.
x inkʼast aj pak abʼ laj ujkaj bʼal.
kaqo yʼej n akix peta j.
kok ax im richij xa jela ʼ man kani maj ta bʼik.
rik ok no jim x bʼek, xuchʼi joxo pan pa ukʼ is bʼal illean im .
xoj ki ʼko ti ka reta q xat uli k.
k aqi tzʼ najri uxa jabʼ ri akʼa l.
rijesusk wa ʼkat parini mrac hochri dyos, chuxe ʼri junja cheracho chris a lomon .
we taqa nikri ʼ kubʼi jchir ajawax ik kya ʼuqʼ ijriwin aqx uqujeʼ kto ʼan ina qil.
riax ux arena ri uk un el rikin aqʼ .
ar et aq waʼ riuq ʼi jolwe taqani k.
kʼo junta bʼal p auwi ʼri x kanu lubʼi ʼlajuj no ʼ j.
yuʼ lub ʼa no mri uk olob ʼrikej .
x ani maj ri akʼal chi uwach ri uchuch.
kkunan ri achi.
kin waʼ ik rech nakin yow aj taj.
aj xikchʼi chʼ ri luʼs .
k waj cheix kix bʼano wi k.
aʼre xetoʼ wal aq .
xoj ʼe kxeʼ qil alarqa sok.
xin loqʼ jun chʼi chʼ, qa jin a quwach .
kutʼ is ri pantalon .
ej ani pa le a wal kʼ wale kʼo li k ?
utzuke mi kle paschawe.
rimaxa re aj q ʼaniya ʼ.
ma ta bʼachiri qkʼ ax paleb ʼe .
tajinkani maj, rimeʼs .
ixixeʼlaq ʼo mabʼ !
xsa chanchwe .
e kʼ okʼi cheʼ, chiu wachri ju yu bʼ .
a re waʼ rini ma laj pix abʼea re waʼ rina bʼe .
x re taʼ maj chir ukʼ pakʼ kutij wi
ja sut za kik les ubʼ xuʼano ?
aj xoʼ yriwi kan .
we ta neaʼ re xet ij o w le rikil, a re le ko monxe t ij o wik .
sibʼ alaj aninaqka chʼaw le ar eʼ chi nuwachin .
utz wekin chakuj .
meʼ slaʼ .
kʼ ok anw arechkaq atijo .
xi nsikʼij la .
ri akʼ alx sachka noqjela ʼp ataq ʼa j.
xes ikʼ ij la .
jawix kibʼ ijwichi ke ʼewi ?
ru mal che , manix tari ʼrikix chʼawik, ar er irux labʼa x elriita tri ʼrik chʼaw naiw u kʼri ix .
kʼ akʼ ri wa choch.
sibʼa lajutz kin wille a tzʼ yaq rech na huala .
saq pork kay riki poʼ trinan .
x sa chon rin uchak chwe .
waʼ imxucha po .
ri qʼaqʼ tajinka juluwi k.
naj ilup am risiwan .
ek ʼoriqa chalal pachiuwi ʼla .
jas xat aq chiʼ jle akʼal ch uti jik ?
noʼ ji mu ke mik le pa saw u ma l.
kʼoj unk uk ubʼi ʼ tintin, waʼ lela jkukmam kajeqit aj, k ap aqi k ax ulikp auwi ʼuqʼ abʼ taq cheʼ, sibʼa laj sakʼa j, ke ʼuto lee ni maʼq, chʼutin, ra chiʼl , aj sip an el sibʼa laj utzran ima ʼ.
riupixabʼ leq ʼat bʼalt zij kiya ʼu bʼi xik.
nax sach on tachke xea tinik .
xe qille chiko ppuwileja .
xloʼ ta jri a kʼal.
qo nojel kuj waʼ p auwi ʼri mex a .
xsikir le waq an .
la x atwa ʼ kʼut ?
nimub ʼa qʼritulul .
kin xi kʼikʼ ik xin q ʼaxi k.
lakat bʼepale t ina mit ?
rip al sib ʼalaj saq ʼor .
kqʼ oxow nuj alom .
xin naʼo chika tpeti k.
xloq ʼulewiwe chix .
xin chakun rukʼrin umam .
naxqa bʼan taj.
kkʼo jiʼ bʼa ʼri usip ani kri aj awx el jesus kr isto rukʼri aw ux la bʼal !
kin chʼaw r ukʼ len unan pa lech ʼaw e bʼal.
sibʼa laj qʼequʼ mrumal ri mayul .
ar ele ba xuli k.
xeko s le ixoq ibʼ paleb ʼe .
kʼ axrili k le akʼal chawe .
x inqʼi ʼo x in atin pa joron .
si bʼa laj nim letina mit.
kʼ ax uk emi kle pas aw u mal.
xi n sachik .
tajink el uk i kʼ el paraq an ri tzʼi ʼ.
xi nwe ta ʼ majri li kwi bʼ
ri qʼuqʼa rejun jeʼ lchiko p.
kʼop aj atijo bʼalri wika qʼ.
ri sa chibʼalma kr aj wax ik chiqa xoʼl.
jeʼ, kimbʼ ek.
jela leʼ rin up wi ʼ.
xubʼij che : - jas xa bʼanot intin ?
kabʼan jun toqʼo bʼ kyakrin u jal.
kat ʼekxin ta .
jas le ukʼex bʼe mri bʼlejun ru kʼ lejun chik ?
ajchiu wiʼ miqʼin ja ʼri luʼ .
riti jonel naj k pe wi .
teʼ kixcho bʼubʼi ʼ rinuta t.
ri jaʼk amiqʼik chiuw achriq ʼaq ʼ.
ritʼ uʼ yk paq ʼow ik .
kinme son na .
naqaj at kʼ o wichiw ech .
xinbʼi so niktaq na xat petta j.
wex k amriw inaq, rip waq rechtoj bʼalm aka jkyaʼ chikech rir alaxi k.
rin unanx bʼe pa kʼay bʼal.
xo jukʼa muloqre chkoj rilo
x kʼo to chinchi kiwach chikin waʼaw ukʼ .
na xki kamsaj taj xki kʼ ambʼicho ja .
kʼ akʼ ri ikʼ ka mik.
ximbʼer ukʼ le ajkuni wi r.
rili k.
letzʼi ʼxeko sik.
xin ki ko taw uma l .
ri imulxum ajria nim, xu yakan le ko k .
kʼo ojche ri a kʼal .
xuj bʼe paj un kʼ ulane m.
utzwe k waral aq .
k aqi lochina ko jukʼam taj .
x re taʼ majchir ukʼ pakʼ kutij wi .
sibʼa laj x inkʼa ʼ nari k.
xink ochij rinuwa .
mankat kow int ajkat cha kuni k, we man kʼot ari aj ilabʼal.
wew onon xu bʼijchi ke : -ki xinto .
ria la nim kr ilwiri u mam.
xka ʼ y chirij , xka ʼ y ch uwach , makʼot achij unk si lob ʼik, xoqʼikx ux eʼ jribʼ x chʼ o pini kx tzalij loq x uriq ta chikriub ʼe .
kʼo pus che ri wa.
pinem naka bʼele watz, kimbʼe wi in p aka ʼyi bʼal.
rinan toʼn nim win aq chik, saquwiʼ , ro nojel aqʼa bʼutz kuna ʼok at ʼuyiʼp aut em, ku miqʼisa jribʼ chor iqʼij, kʼoj unuwiʼ um amubʼi ʼa teʼ k.
manekʼit ajri qula ʼ.
qʼala jchin akaw aj taj ka bʼij
x paq abʼi sax ra jil ro nojelri kem.
kʼo pari julri kuma tz.
ronojel qʼij kin chʼaj le nuwa re.
saq chikan leichaj rechk atza ko.
chux eleqa chomalka qatij wi junqam eqʼin .
chawilaʼ .
ekʼo jo bʼumi ʼal, rinuta t.
jas ru kʼ xawil wi
jeʼ ja sriwin aq rechri uwa chu lew , xo qu jeʼke penari ʼri e ʼa reʼ che erechri uwa chu lew ; jeʼ ja sriwin aq rechrikaj , xo qu jeʼke penari ʼri e ʼa re ʼere chrika j.
xi n ti jo .
k tzʼu juw rir ach ochri po ʼ x .
xuqʼi ʼo a re le ukʼ ul el x ya ʼow uwa .
ri a welx re taʼ maj chir ajawax ik mank ux ej t aribʼ cheri tukur .
jukʼu lajwin aqx e ʼa nimaj bʼi k.
jeʼ , xin tzali jik.
xoj pet ik xolqa kʼama ʼ.
maj jachin xʼek.
in aj tij ; at ti jo xel .
saquwi ʼri tata ʼ.
wech rikem.
leroʼ chle ateʼ k kʼoch wach le ukʼ ay len unan .
kbʼepa ri siriʼa e parisili siʼa , jawijeʼ kuya wiriki chuq ʼa bʼriko montyo x .
pix abʼ : man utz t ajkʼax kuj chʼaw chikijni kʼaj qa chil.
x kunat aj le ali ( kum alri ixoq ibʼ ).
ri xibʼi bʼal chikʼ o wip ata qriqa kʼas le mal ro nojel qʼij .
nak uj war tawa ral.
on chekkʼo jiʼ riutzil chixoʼ l, arech junam riqa ko jonik, juna mri iw e chix ru kʼriwechin .
paox qʼi jris aʼ nkbʼen aru kʼri ajkun .
kawi naqwu qubʼ .
jaska wajkin ti jo ?
we taxat bʼew ukʼpa letina mit , xa loqʼta laʼ le uj as taq le akʼ ajol.
kebʼe pa waʼi m.
xinloq ʼ kʼ iwa .
paj un nim kʼa cheʼ laj , kʼoj un kʼ waʼ sibʼa laj saq lo lo j, nimuwach .
k wa jkatij ju bʼa ʼ wa .
ronojel win aq kril nar iu kolonem ri dyos » .
x kʼo to chinchi kiwach chikin waʼaw ukʼ
k waj nakat ʼeta j.
lax aloq ʼ junalej ?
e kʼorieloq ʼo manel .
riuka bʼubʼi ʼ ri nu mama reyay .
kin jop ij ri ijaʼ rechtriko .
xnaʼ taj chke xeati nik.
xateʼ qilaʼ .
k akitij al anxa xriwin a q.
. . . kin bʼi jchi a re waʼ sin xi ʼan .
naxin na bʼejt ach ut asik qa kʼo libʼal.
ru mal rechche weri in , kin chʼaw rukʼri dyos pachʼa bʼal, k chʼaw na kʼu riʼriw ux labʼal rukʼri dyos, kʼa tekʼut man kʼot aup atan ri ʼ ch rechri nuchoma bʼal.
xe pet ikx kilo .
xu tawekat ʼek.
utzuke mi kle paschawe.
ri nuw akax x ut ij jun qʼoqʼ ru malriʼ x kami k.
ru malri kʼix , mankewaʼ t ajriwin a q.
xeʼuli k.
qʼeq rijriama ʼ chij.
x rajkaʼ eleunan .
junam ki juna bʼ.
naqʼ alajtajwe ka ʼe k.
ri wix nam chʼaj chʼ oj rir achoch .
waral mankʼ ot ajajawa l.
na iw irt ax ri llekʼa molbʼe .
xin peloqte kʼ uriʼ xint zukuj ro nojelri nura jil.
ri ajtikonel kuti k ri tzij .
kʼo ekikʼaj olleachi jabʼ.
kutij qʼayes ri ix pa ʼ ch.
par iwa ʼ bʼale kʼ ok awi naqa chija bʼ.
sipoj inaq rinup am .
kay aʼ ta jikr ukʼuti ʼo nem jun ri uriq om ley abʼila molot setséx uqu jeʼa re kay aʼ taj p ataqri juyu bʼ .
ja chinri achi ?
rin umamxka mikar et aq kʼoj umu chʼla jujujun a bʼ .
kin kowi nik k inkʼam bʼilep waq .
kin wilo chi utzri aj iʼ .
xinqʼil ri a poʼ x che mank ach akunta j.
kwaʼ chi uwach let aqʼa jri ama ʼa kʼ.
ri im ulx e poqʼi k pajuni kʼ.
x kʼiska noqriqa chak.
arerial i xo jilo wkanoq .
si bʼalaj chʼuʼ jri amax.
kʼonu wa chiʼ.
inchajin el kech lea kʼa labʼ.
xeko sletz ʼi ʼ.
kinbʼe na ku kʼri molaj .
ro nojel aqʼa bʼ kin y itzʼri wa kax .
kara pini kx ut zukuj chij u nawa j.
leuk emiklep as aninaq (awumal).
ma jurajilleq ʼa bʼarel.
kʼ axriʼ rik ach ʼawi k.
xoj ut aq chiʼj leachi chuloq ʼikich aj .
sibʼala jkʼa xrix kʼul maxi k.
xki lochi nakin kʼo xo maj taj .
xnaʼ tajchke chi xea ti nik.
x kʼo to chinchi kiwach chixo jal woʼ qa ku kʼ.
junqʼ uʼ qra jil rik ax laʼnwa .
xi nwil ochi xeʼeli k.
e kʼoi xoq ibʼ pal ekʼay bʼal.
man kʼot a jukʼi sik ri maya bʼaj labʼa lil.
risin k kʼi yp ataq ʼa j.
ri chʼima mank kʼiy t aj p ataq ʼa j.
ra jawax ik k jikikriwaq än .
kawajkinʼe k.
ek ʼo o xi bʼakʼ.
x ubʼij chwe jawi atkʼo wi .
chweʼ q kuj bʼeʼ pa muquj .
pasaqkʼa jaʼ k bʼanw iriuq .
xo jkis ikʼij.
xi nwil wi bʼ.
cha qʼ chikr iwa .
kimbʼen aka pa le woʼch .
kawajkinʼe k.
ri chʼuʼ k t ij r ukʼlej .
p arikiqʼi jkami naqibʼ k bʼanqʼo ri kʼya ʼrechaj : nabʼer inan kutz uk ujkan ri aj , ku jachʼ oʼ xuqujeku kʼeto .
jaskaj bʼal chanim ?
utzucho manikriali .
pariqʼi jox laj ujtijax kin kʼis kebʼ juna bʼ kin ch akun wara l.
sibʼa la jko, rikʼa kʼ chʼa t.
jaskaraj kubʼij … ?
ri chʼi chʼk asila bʼi k.
pa ojerqʼ al pulx aqx u wirin im win aqk ekʼamo wbʼe .
le uk unax ik le uka bʼu kʼu tunika re rukʼ ef lornitina o nutuni bʼaxikle ni furtimo x chiʼ lef lornitina chech t. b. g.
areria chix in chʼa yo wik.
juna chi ubʼi kuʼ x usip a jkebʼkʼaʼ mule wre chkabʼan ri ti jobʼal, kamik, kʼochik ajtij rechriko monxe chpup.
x u malt yox ij cheria jtij ro nojel lex ukʼut chi uwa ch.
paribʼ ex kir aq junala jim ul saqrij , x kikʼam bʼi k.
xrilleb ʼa leala .
jaskubʼi jchwe ?
leu kunata jemarer ukʼu tzukuxi kl eu chi kopilpa junus o lik ux eʼ le kikʼon le jaʼ re chjun no do .
utzwen utzʼiʼ .
jeʼ, tajinka chapo nik.
ki nu loqʼoj le nuta t.
kawaj kimbʼe pa ti nami t.
are laʼ k incha kuj .
rini maʼqtaq winaq kʼ oketa ʼma bʼal.
we taxat bʼew ukʼpa letina mit , xa loqʼtawa ʼwej astaq .
ri kikʼas le mal . wa ixi mul ew xaj un chima ar et atin im itrim a
ri ukʼ ya bʼal najupa m.
xat qaj chiupa mri il.
noj im katwa ʼi k.
we kʼoj unk tuqa ʼri k, ¿ lamanxo qu jeʼta jkin tuqaʼ rriin ?
ojoj wokol ja .
aw ask bʼankʼax chejun nimwin aq .
xin ch ʼawap an ru kʼ lewana bʼ .
kʼax riupa mri ju ʼl .
tajin kewaʼ ri imul.
lak aj lak uj tzal ij laaninaq ?
ru mal rech cherima kaj man kʼot aukow inemp iwi ʼri ix : ri ix manix kʼot achich ux e ʼri pi xabʼ, xa ne ix kʼoch ux eʼ risip ani k.
nim raqan lec heʼ.
xi ncha po .
are let uʼr le loq ʼo manel .
xaskat kʼo jiʼ chiupa mri chʼi chʼ.
sibʼa laj nim raq anrikʼam albʼe .
letzʼi bʼ abʼal wechin .
in xi ntoʼ wla .
xa jekʼuri ʼri ix kamikriʼ manix kax lanwinaq ta chik; ri ix , ix rechri kiti nim itriet yox laj taqwi naq, ix rechr ir acho chridy os .
xin ti koxl ajkʼ alicha j .
kaq ar iq qi bʼ chwe ʼq.
sibʼa lajutz cheri wiʼaj ri tuney .
wen a jupuli k ta xeqa jik. . .
x intoʼ ta jcheri nucha k.
kʼ oj un chi ko pubʼi ʼp um .
poqonri i k.
xoj bʼini k.
xuchʼ ekro nojel leret amanikx paqiʼ k kʼax kwʼin ik x ubʼan ajkun .
k el ubʼi k pari judeʼ a ek tzali jchi ubʼi jumulpa rigalile ʼa .
xi naxibʼi jpabʼe.
jeʼl kʼ olem chi awa choch.
ro nojelri yaʼta lilpaweq ʼataj, tzʼa qat kiwach , mank tzaqt aka noqxuqujeʼ mank tasta j.
x uk unaj le yawa bʼleaj qʼij .
chita ta bʼej jas le kimbʼij .
chʼanal ri achi.
pa bʼokoʼ k ach akun wirit ax .
ujkʼo p auwuq qʼij .
ki ʼri uka bʼriaqa j.
kʼorach alalpatz ʼoloj cheʼ ripeʼl.
xkil ochi ki n kʼo xom aj .
ri uk is akʼutz kya ʼik chiux e ʼri tikoʼn .
ar et aq chiʼkaq ʼan p uwi ʼri jukubʼ , ri a chi chexkʼo jiʼri itzel ux labʼalr ukʼ, kutach rechria reʼ , arechk kʼ o jiʼ rukʼri areʼ.
naka bʼantaj taw uma l.
xnaʼ taj chke xeati nik.
xin paj rinu triko .
xeʼo kripokʼ pariume xari poʼ x .
kaju luwri aq ʼa ʼl chiux e ʼri tʼu ʼy .
awech leja .
xuj bʼe patzuri k.
na bʼexa to pa nik.
riuka bʼubʼi ʼ ri nu mama reyay .
uwajxaq uka kʼal taq ani k(28).
mat akʼ oj unk akan aj ka noq, qon ojel koj bʼek.
en i maʼ qle al tom abʼ.
ni muwach ri poʼt.
ko jonik par iutzij waixi mu le w.
jasx ukʼam bʼiletz ʼi ʼ xawi lo ?
xin pe ti k, tat.
rib ʼel a juwach .
chita ta bʼej jas ri ki mbʼij.
jeʼl kuna ʼri abʼix chiupa mri ququle w.
kin bʼi so juwach le wal .
xu tʼuyu bʼaʼ .
nimri awe qe leʼ nxariqo .
xi neʼwa ʼo q .
chiʼke war wile a kʼala bʼ .
rin umi ʼalx ut aq loq junta qoʼ mw uj chiwe .
qʼe ʼli k , rich aj pari bʼe .
la ut zawach ? - ut zmalty ox , ekʼu ri at ? –utz malt yox .
xin kos rum al nucha k.
kbʼe k ukʼ rie ʼa re ʼekt zal ij par inasa re teke ʼuni maj .
ri joj x ukʼa mbʼ ikri akʼ.
kʼo chiwa chiʼ lchanim .
kubʼi jchech na ʼl kabʼan cheri atzʼi bʼ .
e. . . ink aw ajk atzj oj bʼila chwe .
mat ax in yaj le ali .
ja chinrukʼ kat bʼe wi ?
kʼosi bʼalaje ta ʼ mabʼa lpari maya bʼ no ʼ jibʼal.
emanxor ijupuqke j.
kasumum rik aqi qʼ.
e kʼo kaji bʼa kʼala bʼ paleb ʼe .
jeʼ jas riut at k ka ʼy ik.
xa qa t molo neltzij tal .
len u tat ka loqʼon chwe.
xaqta ne kimbʼe iw ukʼ .
xretaʼ maj uch ʼa jik.
ruma lla ʼ x koj “ xal qʼat” che ubʼi ʼri komo n.
ar eleuke mi k pas xretaʼ maj .
riwatiʼt kubʼan nar iup atan .
kʼ akʼ le poʼt.
re taʼ muwach jachinx loqʼo wri pas .
ken chʼa bʼej le a kʼala bʼ.
ya ʼ tal cha qeq onojel riujwi naqutzka qilqi bʼ.
xkot iʼ paq ʼa yes xoq ʼik .
kawinaqbʼ eleje bʼq ʼata j.
e kʼoka jibʼ ra lri im ul , jun saq , junqʼan , jun qʼeq, junqʼe qoj , sibʼa laj ketzʼa nik, kechʼo pi nikri alaj taqi mu l.
kchololria cha chal.
ke te kikri ikʼ.
xepe ti krechke wa ʼiwukʼ.
tzatzri uqʼanil ri akʼ.
xoj tzali jik xi xeʼ qaq ʼat ujk ukʼ le it atinan .
ri yoʼ x taq akʼa labʼ ke kikʼu xri atzʼ yaq .
we a chiwex usip aj jun poʼt chwex kami k.
k ko win riku na nel cheku na nik .
x jiqʼ paripolo w.
x aru mal sibʼa laj ra jawax ikl el oqʼa laj jaʼ, lewi naqx kibʼij : che wei kʼri ʼqo nojel kuj bʼeche uti kik taq cheʼ .
riun aneriera chalal ke peulo qru kʼri a reʼ , kʼa tekʼ uriʼ , mank eko wint aj keqi bʼuko qru kʼ, ru mal rech cheekʼo sibʼal ajwi naq .
ru mal rech , cheman kʼot aj unk kowin cheuko jik junti kibʼa lilchi kchu wachri kojom chik che a re ri jesus kr isto .
tekʼ uriʼ xutzʼi bʼajribʼ parini malajti jobʼ alrecha jkuʼn .
kaju luwri chʼumil chaq ʼa bʼ .
kʼis bʼalka noq, xo qu jeʼ k kam ri ixoq .
leala xoki k .
kʼop waq pa uwiʼrim ex a .
areka waj nakin ʼeta j.
ri ya wal k uk oj ri alichi ux e ʼrich akacha reus uʼ t.
naka qakʼam tuʼ bʼika mik .
ri aj ti jkubʼi jchike : ra jawax ik keqacha ji jri awaj, areuti koʼn ri aj aw .
xin ti jmukuni w ir .
kʼ ax leu wiʼ taq lenuq ʼa bʼ.
xin loqʼjunil bʼal wi bʼ.
waʼ weqʼi j, nimub ʼanta jik.
riux eʼal ri qatina mit mankas achta j.
xoj bʼini k.
riacha laljunam kiwach.
x inweta ʼ maj ri li kwi bʼ.
nim riuna ʼo jwaj tij .
miqʼin rikʼu l.
aj qʼ ojom ri ateʼ k.
chelesa nik cheʼ kbʼan wiriq ʼojom .
k a pelea wel panaw alja ʼ .
rimeso nelt aj in k chakun ik .
utz chaq ek aqa toʼ qibʼ , taq kʼokʼa x kʼolil, katewe chiʼ nri aj awp aqawi ʼ.
xawilo, x qʼatan le ibʼoy.
xa tko winik xabʼano .
kiʼri kʼawex .
kaj il il rib ʼe .
lea li xel bʼ ik .
areʼ x ra jxin bʼano .
nim we abʼaj.
jeʼ li kutiʼ jol alrisaq ko ʼ r.
no ji naqrike j.
wek atijanx ux mankat ut oʼta chiuq ʼatix ik le kʼ akʼ y abʼil coronav irus ( 2019-ncov ) .
nan im tar aqanwaʼ wecheʼ .
utza laj aj chak, ri wel.
¿ jampaʼ ku jbʼep an imaq ʼij ?
raj awax ik ta nela ʼkat ch akun wukʼ .
xutaq chiʼj pa warampulew .
manare tari ax wanxel ik .
r iawix xuloq ʼr ach ochrenimal .
areriixoq xin sikʼin u loq .
ri chʼi makʼa tʼon na .
la xi bʼan le icha k ?
kʼiti nami tekʼo pa chʼo ʼ j.
kʼo jupuq chijchi uxeʼri cheʼ .
ri uxa qri abʼi xa re uwarike j.
kawinaq qʼata j.
lakix pe pati jo bʼal ?
we kech ajix taq le kʼ wa jach akin bʼij ; junali k kʼ o jaʼ xuqujeʼ sibʼa laj saq lo lo j.
xre taʼ maj.
ri al abʼo mri alito mabʼ ta jin kikiti joj kibʼ rech sut aq, arek aka jki kibʼan ni maq achi jabʼ chupa mri kikʼas lemal, xuqujekʼo chik jupuqbʼix onel chupamriko mon .
la tzʼuwa chribʼe .
kʼ akʼ ri achʼi chʼ.
qono jeluj , uj maya bʼ taqwin aq .
nojel qʼij ri atiʼx k uyuqʼ uj leta qaw aj jel aʼp ani kʼ aj jaʼ, chirij ri juyu bʼubʼi ʼten a ʼ.
paq ʼom chik risi ʼ.
ki ntzukun chela .
k akitij le ki naqʼ, le ich aj , le uwaʼ likr ukʼ lej.
xe kanaj kan le ajcha kibʼ.
ke tikon r iach ij abʼ.
sibʼala ji tzelu bʼanta jik ri chʼil akan .
ri ateʼ k xumalt yox ij cher ir atiʼt, ru malri ut za laj no ʼ jibʼal x ukʼut chech.
k kamulix uchak ri abʼix .
la xi nutzukuj le t ij oxel ?
areʼkacha kun ronojel qʼij .
lee k ʼaʼ na t aqtzʼi ʼ.
sa qrijripl amux .
jasxa qʼi ʼo xa ti jo .
jas rukʼ x kich ap wi uti jik lerikil ?
wekat atin r ukʼ kʼat an jaʼ man kuqʼat ej ta le kʼakʼ y abʼil coronav irus .
lak at bʼ in pal eux lan bʼal ?
law ar al kʼ ux ixwa ʼwi ?
arel en ut atk in loqʼon ik .
taj in kchakun ri ala .
kʼorik iʼ kote mala wukʼ.
xuta jachin ka ʼek.
xatwa ʼik xin wilo .
x tzaqrira chochr umal ri ja bʼ.
pa lejuni kʼ chika re nima qʼij .
e ke bʼämke bʼin p au wiʼri tem.
me mri achi .
ri wikan chaliʼ yk elpaj uyubʼ chwi tziri bʼal.
lera jil, lapaj ax e laq ʼaxw uʼ bʼik ?
par isuʼtpi som wirilej .
koj peti k kolqa kʼ ama ʼ.
tajinkat chʼo pinchi uwa chrit aq ʼa j.
leq ʼor xchʼuq ik .
kʼ axwa ʼi maw um al .
kinbʼ ison chele wal .
sibʼala jkʼ okʼri awa tzʼ yaq .
kami kx uj bʼeche utiki k taq cheʼ pari juyu bʼ .
ki nu loqʼoj le nuta t.
cha qiʼ jchik richa j.
xy ilix h away i .
naxnaʼ taj ta chke chixe ati nik.
rukʼ kʼ uwaʼ weriʼ, ri ix k kʼ o jiʼ jun ut zala jikʼas le mal ri ʼ ch kiwach riwin aq che manekʼo taiw ukʼ, kʼa tekʼ uriʼ man kʼot aj unwi naqriʼ ra jawax ik chiwe ch.
e petinaq p abʼele ra chala xik.
k ak aj le akʼ ala bʼke wa ʼi k .
xu jchʼa y bʼi k.
rin uchak ar eqʼa xel tzij .
kʼon ar ux lab ʼri awaj.
tajin kelloq, r iqʼij .
xuqʼiʼ oxk amsax ri ra chalal choch.
rinum ama re kʼo uqʼin omal .
x kʼu lmat aj jumul , x ubʼan jun ni mal aj jabʼ, manxbʼe yet aj tanax u kʼis le uyuqʼ chike .
a maʼ ri nutzʼi ʼ.
je waʼkat pet i k.
xi n kos ik ruma lxin ch akuni k
iw ech chi ju junal, riwa .
xuqʼi ʼon ax at ati ntaj.
inriqta ji naq pa rik ʼayi bʼal.
nawet aʼ m taj.
kʼ axlen uq ʼa bʼ .
utzlexubʼ ij leachi.
kema tzʼibʼ.
kʼorach alalpatz ʼoloj cheʼ ripeʼl.
ro nojel waʼw ejasta qriʼ , x ask sach wi uwa chwaʼ ; rukʼ weriʼ, ri ix , ra jawax ik chekʼo juntyo x la jikʼas lemale k kʼ o jiʼ ri ich ʼaw e mrukʼri dyos,
xmuqt aj ri patz ʼan .
rich ʼi chʼt zijom kan oq pari ukʼ olbʼal.
man kʼot au cholaj pa t aqri aw uj .
jachike ikʼle uni maqʼij leti nami tna wal jaʼ ?
xepe tik x ol ki kʼamaʼ .
k a chuqʼ chu tri jaʼ chiap am .
xin bʼij iwir chix ebʼepa armita .
a re ʼux e ʼo jert zij war al kʼi che ʼu bʼi ʼ.
xkʼi s ri nusi ʼ.
jawix kibʼ ijwichi ke ʼewi ?
¡ x ajekʼ uriʼ , jachinta qri ekʼo pari jude ʼa , chich anim cheʼan ima jubʼip ata qri juyu bʼ,
kʼ akʼ ri abʼ.
lakʼo jun naka kʼo xom aj ta j?
nautz tal eut ʼis omleal mariy .
man yaʼ tal ta jchi a weka tok paja .
jeʼ, xa tu tzukuj.
arek el waj xaqi bʼuqʼi jrixkʼo jik .
rix unk urk kʼ o jiʼ pa taqri triko .
xi n sachik .
xu tʼuyu bʼaʼ
na nu tom tal etzij …
wachʼ om rik iwa rinoʼs .
ekʼo jobʼ chʼil wakʼ.
ra jawix ik chip ata qriti jobʼal, pan ikʼa jubʼi xik chik
riraj aw ru le wa reʼ ta tkel .
we kʼux ok ik, we kʼ na xok ta
we ach ix usip aj jun pʼot chwe .
a tat utaq oʼ nleq ʼat al tzij .
naq ʼanta uwach leqap rut .
rixa ʼr kʼop auwi ʼri qʼaqʼ k poqʼowi k.
rir oqʼej ri ali jach akpejun akʼa l.
kʼ oj un alapati jo bʼal.
sä qu wiʼrit ata ʼ.
riwitzikʼ tajink pelo q .
jawix sach on wikan uya ʼik lep waq che.
utzwe a chiwexin kuna nik.
qo nojel kuj waʼ p auwi ʼri mex a .
rik ax laʼ nik man poqonta j.
inxin bʼe rukʼ riwa chiʼ l.
sibʼa laj jeʼ lx kilo x e kitzoqopi jri kichij chila ʼ.
kinbʼ in ik xi nʼek.
kʼ ax kʼol ik, kacha ʼ.
kutij ix imria kʼ.
ri alix chel, xuqʼiʼ o x aj un akʼx sip ax che .
x qasi kʼij le ix oq chu tza kik su bʼ.
mat ax abʼin saj le chʼi chʼ.
rip ix tzʼara li kru malrieqa ʼ n.
¿jam paʼkel chi 3%
kʼ oj un nukʼot oj chi ʼaj .
tajinke waʼka tri ala bʼom.
xinloq ʼle nuk ʼa kʼa poʼt.
naut za ki k ta subʼ tajin ku ʼa no
xoj ut aq chiʼ ij xoj wa ʼi k.
i wechri a bʼix .
saqrij ri chij.
aj sik cherit inamit k elwiri t ata ʼ .
- ¡ay! xax int za quloq , kʼ axwe waqan .
x kʼu lmat aj paj un komon chi ʼuwach j un juyubʼ , x uriq aj unqʼij x kiriq kibʼ juni mulr ukʼ le kok.
jas xat aq chiʼ jle akʼal ch uti jik ?
xin cha posuxuloq ʼo .
qʼin om ri achi .
rikʼum kti jow rukʼ ka bʼ .
tajink ej a chʼa nik.
tze bʼalu kemi k lep asaw u ma l .
areka yo ʼ w leuchiko pille ubʼanta jik try pa no soma brucei .
wekat nimani ku tzkeli k.
pero no ʼ ji mal pet naq loq, .
ar el en u chakjun tzuq bʼalwi bʼ.
x kunax le ya wa bʼru mal le ajqʼi j.
ri ukʼu ʼ x tzʼi bʼ paq atzijela juj.
sibʼa laj jeʼ likrieqa bʼalx u bʼanril uʼ s.
sib ʼala ja tkon .
emanxor ijupuqke j.
naxnaʼ taj ta chke xea ti nik.
ri kʼam albʼex ubʼi jchike , chima jaria nim.
jumu chʼri nujuna bʼ.
qʼipta jinaq riraq anri tem .
k ch akun rukʼri jos bʼal cheʼria jan el .
xa taq chiʼj le akʼ al ch uti jik kar .
ojkʼo pa le roʼ chle awel .
¿ lak at pe qu kʼ chweʼ q ?
lewina q pa lech ʼi chʼet ʼu yu llowi .
xkan ajkan oq chiux e ʼri jab ʼrich ʼa ʼ n.
nimri ja .
wet ax akun aj le at at mat ax kam laʼ .
nan ukʼa mom tuʼ lari ʼ.
chqan ukʼu ʼriqa tzij.
kimbʼepa le t ina mit.
xinqʼi ʼon ax in ati ntaj.
raj awa xi k kakʼa mancha weleuti jikl elej .
kʼ is bʼal taq no ʼ jibʼal.
xi neʼwa ʼo q .
x kibʼan kʼax chele uw os a qrum almanutz ta chikak ayi k.
riq ʼut uʼ mmank echtale akʼala bʼ.
arena nim ta lea tzʼi ʼ chu wach lenutz ʼi ʼ .
xepet ik xol ki la ʼ .
¿jaw chiʼ xataʼ chexka mri uma mripo ʼ x ?
e kebʼ ke kʼambʼik pat uj .
xin loq ʼ jun jap ariw okaj ja .
ri ax tu ʼbʼ , kʼo qulaj chech.
jaskara jkaʼan chutza kik leti ʼij .
xu tij le wa.
xim bʼalre tzij.
x pax ribʼo ʼ j.
wek awa jkatin toʼox aqx u wik abʼij chiwe .
jasnukʼ uku chʼo bʼo .
jaskara jkuti jo ?
xexr uxlabʼ ri riki l.
en itzʼa ʼ qle taqimul .
we ta ne in xin bʼano wik, arelea teʼ k x bʼano wik.
kin tzalij pa len ut ina mit .
ri nuchaq ʼ kʼopa uro ʼq ʼa toj ti jonik paritij obʼal.
xin xiʼ jwibʼ x inch ʼawi k.
kʼ ochwar oʼchlepa re .
ch iraqan k abʼin wirit ata ʼ.
x sa chonk anuyaʼ iklep waq chechoja .
xinqʼax chikixo ʼlr iw inaq .
keti koni k.
riu lew man qechtaj , kech riq atiʼtqa mam .
xepe lew inaq xol ki kʼama ʼ.
xuloq ʼriw uj ru malri ali .
cheweqʼi jkami k kʼ oj un nutzi jonem chirij le nut ina mi t.
kej riʼ .
xkunan alaq chwe.
kin usi kʼ ij len unan .
ri im ulx u chʼijt aj , xkan aj p abʼe, ru malri ni mal ku ja lujri im ul , x ut zaqrian im .
kubʼan ri ux oq ʼo ʼl riaj tzʼaq .
rila sibʼa lajutz che kuna bʼal.
kʼikiwa chrie ʼajcha kibʼ pariko montyo x , kʼate kʼ ut xaj un chi aj awx el ;
x qa tachixa tuli k.
kawa jchika tʼe k.
chʼuti ʼnke kanajri xa jabʼ chech.
kaq axiʼ jqib ʼkaq achapo .
ekʼ oke bʼukʼa jo lle ta t xwa n.
luʼ subʼi ʼri recham.
ajchiu wiʼ miqʼin ja ʼri luʼ .
xin yakan le nuch impa kʼay bʼal.
kʼat exrilo, x peri unan ch eutz ukux ik, xki ko tik, x us al abʼi sajrit aqux kin .
xki kʼut chi uwach ri ajtij xuqujeʼ chi kiwach ri taqni kʼaj ka chil.
ut zlenuq ʼa bʼ .
kulle alweʼ lpa austin ch aqʼa bʼ kam ik .
ri ateʼ k xtza qloqa re chikʼop auwi ʼriq ʼa ʼm.
aj pa tan riteʼ k.
xat qaj chiupa mri il.
lakʼo tzij naki kʼo xom aj taj ?
xsa chonchke chi xeati nik.
ronojel leule we chalaq .
lax eb ʼe kʼul ax e ʼki jaq akʼu leu chiʼ ja ?
xaq kat chʼ ok najiwir .
kamikkʼoch irij astaqa we.
ar e chiʼka kʼ isrijuna bʼkʼoq ʼi nom.
pana wal jaʼ xin a le xik.
naxintat aj we ar eria kʼalki xtzuqu wi k.
¡ ru lew ri sa bʼulo ne ru lew ri nef tali , ubʼeri polo w, ru lew ri jordan , galile ʼa kechrij et aqam aq ʼ !
ra x , ra x , ra x , kʼokʼ , kʼokʼ , kʼokʼ ler ux lab ʼlet aq tiko ʼ n.
achi xa twilo .
paqa lrajille pix kami k.
xoj bʼini k.
paj un jeʼl ti jo bʼal kuti jo jribʼjun akʼal , ubʼi ʼ poʼ x , ut zkuri lo kep ati jo bʼalro nojel taq qʼi j.
xwaj chix at ʼeta j.
u tzlaʼ le xubʼij leachi.
weta ʼam jachin k ap eti k.
kinq ʼojoma nik .
xinqʼi ʼo takʼa likxin p eti k.
areʼ reta ʼ mcheki no pa nik.
ar eta bʼaleqa qa jawch at toʼ wik.
kawinaq waqi bʼ qʼata j.
naqa jchik cheri uwaq kaj bʼala re taq chiʼk sach uw achriqʼi j, kok ri qʼequʼ mchu wachu lew , chikʼa teʼ narib ʼelejeb ʼk aj bʼal.
jobʼ raqan ri tzʼa lam xeporo xi k.
sibʼa la jko rijrimop.
are waʼ.
jel aʼ pariti minit chwik ab yok rech x ela juʼ, le qananqat at k akiti kojeʼ la laj taquwa chicha j.
kʼax nu qul .
xuʼ lu kʼama ʼ.
ko jul ki tz uk uj .
areman kʼax ta uk unax ik ar eta qaninaqka ʼilitaj wey abʼilal xuqujeʼ mojo ʼ qa kuya ʼle kʼ ax kʼolil chechlejo lomaj.
ri wel kʼo pa ti jonik.
kawajkin bʼij .
rik o tzʼi ʼ jkqa koj chiup am rija .
qʼeq qʼ oj rijriama ʼkej.
naxwaj ta jxin chʼa wi k.
chpeta bʼale loq ʼalaj jabʼ.
x sach on chkexat k isi kʼij.
eleq ʼal chʼi chʼ.
jachinxa wilochi arex tijowr itiʼj ?
mat ak abʼel en ux bʼal pal eti nami t.
pim ruq, ri ali .
¿kʼori mu qʼe chi awech ?
kqabʼij mank eko win ta j.
kin tij na .
kʼoj un qat ʼu ʼy pa ja!
kʼop uj chiup am rich ʼa ʼ k.
aretaq kin kosik kin wa rik .
xatwa ʼik xin wilo
in xi n chʼa yow le achi.
kon ojelri al ax ik ke ʼetz ʼa nik.
jas rukʼ xkiti jwi le kirikil ?
ani na qilkat pe tik.
nara xt auwa chlej uyu bʼ .
ri tzʼa lam tzʼi bʼa bʼal ra xk kayi k.
wech at ch akun ik, kʼo awa .
maʼtam xat pecheri wa ʼim .
kamul ki n waʼ na .
ri sikil k ti jo w rukʼi k.
kimbʼe aqʼan rukʼ leal talin .
xoj ʼe kxeʼ qil alarqa sok.
xe kiqʼi lle aj ch akibʼx kiw okleja .
mata nexwaj le kʼ uh j ne mrukʼ le ateʼk.
ar ex e ʼo pan chiuchi ʼri juyubʼ , xki lo chi manqast akʼo qʼ ay es .
kʼa tekʼut , ri jesus mank kojon tachk echrie ʼa reʼ , ru mal re chcheko nojel re taʼm kiwach,
paʼtzr ij ri tzʼi ʼ .
juwi naqwa qibʼq ʼata j.
at elaq ʼom .
xaq at joʼ s .
riq ʼat zu, a req ʼa laj riuq ʼi jil.
aj chak weal a .
u bʼelej uk ak ʼalt aqan ik ( 29).
kebʼ nubʼiʼ kʼo li k .
lak atzalij lu ʼla aninaq ?
katzukun la chwe.
lakaj lakoj bʼ eʼpa lechomal chweʼ q ?
xin na bʼej ch ut asik qa kʼo libʼal.
la l xi n to ʼ wi k.
sibʼa la janoʼ jibʼal.
xoj pet ik xolqa kʼama ʼ.
sibʼa laj jeʼ lik ri uwa ʼlri ichaj.
kʼ axwij ru mal in pachali k.
a re taqx ukʼ ul maj waʼx ulri u choman ik x ubʼij : areutz wa aqʼa bʼ kin wali jik, arech aʼ chanim ki no pan p ati jobʼal, maj chikin kʼ ulma j.
ojaj x ojolob ʼ pa a was qʼij .
xi n sach chele uw okik le tzij .
e jula jujri a kʼ.
xu taj ampa ʼkoj ʼek.
qilik .
ri ti jox elmana reta nim chu wach rir ajti j. riutz ti jox el qas jeriʼ kʼolik ja sriraj ti j.
inxa tin chʼa yo .
noʼ jim ch akw u ma l.
chʼurrijo chʼ.
in kin bʼij na k at sach ta j.
uj ma ya bʼ.
ri abʼaj yatzali k.
ta jinkepix bʼax ri akʼala bʼ.
chom riaq .
xi nwa rik.
elemenkon ojelria kʼala bʼ .
taj ink qʼan arikriw ereʼa j.
leu ke mik le pasutz ( chawe ).
x uyu pubʼa uwa ch raʼ chi, k acha ʼ, .
ri satan ask ok pari judas rik bʼi x isk ari ʼo techrech, ri ar eʼ jun ch kixo ʼlri ekabʼ lajuj .
chuchuri par.
kin qumuj ri nu jochʼ.
chech punción lumbara maqʼ el ra jawax ik chechrili kle ukʼ ex bʼ em wil en abʼer ukʼ le uka bʼu kʼutun em ley a bʼilal.
qʼala jchin akaw aj taj ka bʼi j.
kʼ oq ʼol chirij risi ʼ.
jawix ojʼe wichulo qʼ ik ?
kʼo ul ochʼ rital in .
qʼan ri jri atiʼ tnukej.
lax tzalij la iwir ?
xe sikʼi xik, kʼa tekʼ uriʼ xe ya jik, xuqujeʼ x et aqbʼi che usi kʼikl emes .
lakix wa rik ?
arekʼu le palo maxx ubʼij che : -mam kat bʼi sont aj , kin si kʼij ni kʼ aj wa chiʼl ker apapi k.
aʼ ree ti jo xel a bʼ .
ria la jalisiʼl x ubʼij x qach ap p aut zalrityo x .
xsa chonchke jachin xeati nik.
jas x uray ij le a na nxuti jo ?
xi nko sik.
r ax ro nojel riq ʼay esrumal le jabʼ .
kin yaw aʼwechʼi chʼ pinem nautz.
no ʼ ji mupa chʼux iklen uwi ʼ.
najkʼ o wile woʼ ch chu wach letijo bʼal.
ri okibʼal kʼochi uwa chris aq ja .
xe nu taq chʼijke kill ea kʼ ala bʼ .
kʼoj unqʼo xo we mchiwe .
tza ri cho ʼ m.
wechoj bʼepal e nimaqʼij , k eqille aj x ojolob ʼ .
xoj ʼe kxeʼ qil alarqa sok.
ri ateʼ k xut aʼ chechr inan toʼn : -nan jas cheʼ chi mankajt alaqa kʼati sajrijoʼ q.
ri pal sib ʼalaj xuʼy .
k ink oj rij okbʼalu lew .
in kin bʼij na kat sach t aj
at rajkun lenunan .
ku qamuj ujoro nri aj tzij .
luʼ tzʼala mubʼi ʼri a chik el p ani mcheʼ .
jeʼ li kutiʼ jol alrisaq ko ʼ r.
kʼoj unxa ʼ r paja .
xin loqʼjun kʼakʼpat an .
kʼ ax uk emi kle pas aw u mal.
aninaquk emiklep asaw umal
ri chʼaʼn sa chinaq pat aqabʼix .
ra x taq le kotz ʼi ʼ j.
mesom kanoq riupam ja .
mana ret ar al ax kos ik .
ri komonxe ch pupre chuqʼabʼ ti namitxoʼ labʼaj re chqʼ umarka j.
lautzaki k kʼu subʼ tajin ku ʼa no ?
ka tela !
nax utij t aj .
x arum alketa ʼ mko nojelri win aqk ki qumuj leja ʼ.
iw ir x uj tzalij lapa kʼay bʼal.
qetaʼm cheri qawa ku jutoʼo .
ri ajtij , kya jon chik echriak ʼala bʼ.
ja su bʼanom le nuch ʼuti t at?
chweʼ qk inbʼepa nim tinamit.
ut zwe k iweta ʼ maj jask ubʼi jri chol bʼal qʼij .
tajinkat ji lowche u qʼoxom jolomaj.
xin tikqʼax chi uwach rija .
kʼ ax le kibʼ ele winaq .
loqʼ kat kunt aj che ley abʼil (covid - 19).
rin uxi bʼal kel paq aj bʼalq ʼi j.
xril ri axwan chixwa ʼri ala .
le ali x kunata jik .
wet akap eleja bʼ ka mik.
xin wetaʼ maj chinax at peta j.
rip waq re chwe qʼata jri ʼkes ax chechri toj bʼal kʼayin em .
k ti jri uwa ʼli kru mal rikin ima qʼi j.
x ucha pukuna xik.
chatan loqali.
xinx uliʼqa joq .
jeʼ lik kti jow ritaqi kox .
kʼa tekʼuri let atx o ʼr x ubʼij , mankaw aj t aj, mankaw aj ta j.
kʼo juntz ʼi ʼ pa bʼe.
kamulxin peche atzukuxi k.
manta j in takin chakuni k .
kincha kun ik rech katwa ʼik .
jasr ukʼ xa wil wichix ki qupij wil eti ʼ j.
jasubʼi xi k … ?
koq ʼr iakʼal .
k awaj nakat ʼeta j.
xat qʼ a jik.
wem nacha loq ʼa xiyal, naki mbʼet aaw u kʼ.
xop an lew ujaw ukʼru mal wechin .
arekʼut pal ej uyubʼ k kʼiy jo ron , chila ʼ x ekikʼama wiri jaʼriw inaq .
koq ʼr iakʼal .
wekʼo ara jilcha kʼama lo q .
aresib ʼala jkaq lea poʼt ch uwach le nu poʼt.
x inkʼast aj pak abʼ laj ujkaj bʼal.
kaqo yʼej n akix peta j.
kok ax im richij xa jela ʼ man kani maj ta bʼik.
rik ok no jim x bʼek, xuchʼi joxo pan pa ukʼ is bʼal illean im .
xoj ki ʼko ti ka reta q xat uli k.
k aqi tzʼ najri uxa jabʼ ri akʼa l.
rijesusk wa ʼkat parini mrac hochri dyos, chuxe ʼri junja cheracho chris a lomon .
we taqa nikri ʼ kubʼi jchir ajawax ik kya ʼuqʼ ijriwin aqx uqujeʼ kto ʼan ina qil.
riax ux arena ri uk un el rikin aqʼ .
ar et aq waʼ riuq ʼi jolwe taqani k.
kʼo junta bʼal p auwi ʼri x kanu lubʼi ʼlajuj no ʼ j.
yuʼ lub ʼa no mri uk olob ʼrikej .
x ani maj ri akʼal chi uwach ri uchuch.
kkunan ri achi.
kin waʼ ik rech nakin yow aj taj.
aj xikchʼi chʼ ri luʼs .
k waj cheix kix bʼano wi k.
aʼre xetoʼ wal aq .
xoj ʼe kxeʼ qil alarqa sok.
xin loqʼ jun chʼi chʼ, qa jin a quwach .
kutʼ is ri pantalon .
ej ani pa le a wal kʼ wale kʼo li k ?
utzuke mi kle paschawe.
rimaxa re aj q ʼaniya ʼ.
ma ta bʼachiri qkʼ ax paleb ʼe .
tajinkani maj, rimeʼs .
ixixeʼlaq ʼo mabʼ !
xsa chanchwe .
e kʼ okʼi cheʼ, chiu wachri ju yu bʼ .
a re waʼ rini ma laj pix abʼea re waʼ rina bʼe .
x re taʼ maj chir ukʼ pakʼ kutij wi
ja sut za kik les ubʼ xuʼano ?
aj xoʼ yriwi kan .
we ta neaʼ re xet ij o w le rikil, a re le ko monxe t ij o wik .
sibʼ alaj aninaqka chʼaw le ar eʼ chi nuwachin .
utz wekin chakuj .
meʼ slaʼ .
kʼ ok anw arechkaq atijo .
xi nsikʼij la .
ri akʼ alx sachka noqjela ʼp ataq ʼa j.
xes ikʼ ij la .
jawix kibʼ ijwichi ke ʼewi ?
ru mal che , manix tari ʼrikix chʼawik, ar er irux labʼa x elriita tri ʼrik chʼaw naiw u kʼri ix .
kʼ akʼ ri wa choch.
sibʼa lajutz kin wille a tzʼ yaq rech na huala .
saq pork kay riki poʼ trinan .
x sa chon rin uchak chwe .
waʼ imxucha po .
ri qʼaqʼ tajinka juluwi k.
naj ilup am risiwan .
ek ʼoriqa chalal pachiuwi ʼla .
jas xat aq chiʼ jle akʼal ch uti jik ?
noʼ ji mu ke mik le pa saw u ma l.
kʼoj unk uk ubʼi ʼ tintin, waʼ lela jkukmam kajeqit aj, k ap aqi k ax ulikp auwi ʼuqʼ abʼ taq cheʼ, sibʼa laj sakʼa j, ke ʼuto lee ni maʼq, chʼutin, ra chiʼl , aj sip an el sibʼa laj utzran ima ʼ.
riupixabʼ leq ʼat bʼalt zij kiya ʼu bʼi xik.
nax sach on tachke xea tinik .
xe qille chiko ppuwileja .
xloʼ ta jri a kʼal.
qo nojel kuj waʼ p auwi ʼri mex a .
xsikir le waq an .
la x atwa ʼ kʼut ?
nimub ʼa qʼritulul .
kin xi kʼikʼ ik xin q ʼaxi k.
lakat bʼepale t ina mit ?
rip al sib ʼalaj saq ʼor .
kqʼ oxow nuj alom .
xin naʼo chika tpeti k.
xloq ʼulewiwe chix .
xin chakun rukʼrin umam .
naxqa bʼan taj.
kkʼo jiʼ bʼa ʼri usip ani kri aj awx el jesus kr isto rukʼri aw ux la bʼal !
kin chʼaw r ukʼ len unan pa lech ʼaw e bʼal.
sibʼa laj qʼequʼ mrumal ri mayul .
ar ele ba xuli k.
xeko s le ixoq ibʼ paleb ʼe .
kʼ axrili k le akʼal chawe .
x inqʼi ʼo x in atin pa joron .
si bʼa laj nim letina mit.
kʼ ax uk emi kle pas aw u mal.
xi n sachik .
tajink el uk i kʼ el paraq an ri tzʼi ʼ.
xi nwe ta ʼ majri li kwi bʼ
ri qʼuqʼa rejun jeʼ lchiko p.
kʼop aj atijo bʼalri wika qʼ.
ri sa chibʼalma kr aj wax ik chiqa xoʼl.
jeʼ, kimbʼ ek.
jela leʼ rin up wi ʼ.
xubʼij che : - jas xa bʼanot intin ?
kabʼan jun toqʼo bʼ kyakrin u jal.
kat ʼekxin ta .
jas le ukʼex bʼe mri bʼlejun ru kʼ lejun chik ?
ajchiu wiʼ miqʼin ja ʼri luʼ .
riti jonel naj k pe wi .
teʼ kixcho bʼubʼi ʼ rinuta t.
ri jaʼk amiqʼik chiuw achriq ʼaq ʼ.
ritʼ uʼ yk paq ʼow ik .
kinme son na .
naqaj at kʼ o wichiw ech .
xinbʼi so niktaq na xat petta j.
wex k amriw inaq, rip waq rechtoj bʼalm aka jkyaʼ chikech rir alaxi k.
rin unanx bʼe pa kʼay bʼal.
xo jukʼa muloqre chkoj rilo
x kʼo to chinchi kiwach chikin waʼaw ukʼ .
na xki kamsaj taj xki kʼ ambʼicho ja .
kʼ akʼ ri ikʼ ka mik.
ximbʼer ukʼ le ajkuni wi r.
rili k.
letzʼi ʼxeko sik.
xin ki ko taw uma l .
ri imulxum ajria nim, xu yakan le ko k .
kʼo ojche ri a kʼal .
xuj bʼe paj un kʼ ulane m.
utzwe k waral aq .
k aqi lochina ko jukʼam taj .
x re taʼ majchir ukʼ pakʼ kutij wi .
sibʼa laj x inkʼa ʼ nari k.
xink ochij rinuwa .
mankat kow int ajkat cha kuni k, we man kʼot ari aj ilabʼal.
wew onon xu bʼijchi ke : -ki xinto .
ria la nim kr ilwiri u mam.
xka ʼ y chirij , xka ʼ y ch uwach , makʼot achij unk si lob ʼik, xoqʼikx ux eʼ jribʼ x chʼ o pini kx tzalij loq x uriq ta chikriub ʼe .
kʼo pus che ri wa.
pinem naka bʼele watz, kimbʼe wi in p aka ʼyi bʼal.
rinan toʼn nim win aq chik, saquwiʼ , ro nojel aqʼa bʼutz kuna ʼok at ʼuyiʼp aut em, ku miqʼisa jribʼ chor iqʼij, kʼoj unuwiʼ um amubʼi ʼa teʼ k.
manekʼit ajri qula ʼ.
qʼala jchin akaw aj taj ka bʼij
x paq abʼi sax ra jil ro nojelri kem.
kʼo pari julri kuma tz.
ronojel qʼij kin chʼaj le nuwa re.
saq chikan leichaj rechk atza ko.
chux eleqa chomalka qatij wi junqam eqʼin .
chawilaʼ .
ekʼo jo bʼumi ʼal, rinuta t.
jas ru kʼ xawil wi
jeʼ ja sriwin aq rechri uwa chu lew , xo qu jeʼke penari ʼri e ʼa reʼ che erechri uwa chu lew ; jeʼ ja sriwin aq rechrikaj , xo qu jeʼke penari ʼri e ʼa re ʼere chrika j.
xi n ti jo .
k tzʼu juw rir ach ochri po ʼ x .
xuqʼi ʼo a re le ukʼ ul el x ya ʼow uwa .
ri a welx re taʼ maj chir ajawax ik mank ux ej t aribʼ cheri tukur .
jukʼu lajwin aqx e ʼa nimaj bʼi k.
jeʼ , xin tzali jik.
xoj pet ik xolqa kʼama ʼ.
maj jachin xʼek.
in aj tij ; at ti jo xel .
saquwi ʼri tata ʼ.
wech rikem.
leroʼ chle ateʼ k kʼoch wach le ukʼ ay len unan .
kbʼepa ri siriʼa e parisili siʼa , jawijeʼ kuya wiriki chuq ʼa bʼriko montyo x .
pix abʼ : man utz t ajkʼax kuj chʼaw chikijni kʼaj qa chil.
x kunat aj le ali ( kum alri ixoq ibʼ ).
ri xibʼi bʼal chikʼ o wip ata qriqa kʼas le mal ro nojel qʼij .
nak uj war tawa ral.
on chekkʼo jiʼ riutzil chixoʼ l, arech junam riqa ko jonik, juna mri iw e chix ru kʼriwechin .
paox qʼi jris aʼ nkbʼen aru kʼri ajkun .
kawi naqwu qubʼ .
jaska wajkin ti jo ?
we taxat bʼew ukʼpa letina mit , xa loqʼta laʼ le uj as taq le akʼ ajol.
kebʼe pa waʼi m.
xinloq ʼ kʼ iwa .
paj un nim kʼa cheʼ laj , kʼoj un kʼ waʼ sibʼa laj saq lo lo j, nimuwach .
k wa jkatij ju bʼa ʼ wa .
ronojel win aq kril nar iu kolonem ri dyos » .
x kʼo to chinchi kiwach chikin waʼaw ukʼ
k waj nakat ʼeta j.
lax aloq ʼ junalej ?
e kʼorieloq ʼo manel .
riuka bʼubʼi ʼ ri nu mama reyay .
kin jop ij ri ijaʼ rechtriko .
xnaʼ taj chke xeati nik.
xateʼ qilaʼ .
k akitij al anxa xriwin a q.
. . . kin bʼi jchi a re waʼ sin xi ʼan .
naxin na bʼejt ach ut asik qa kʼo libʼal.
ru mal rechche weri in , kin chʼaw rukʼri dyos pachʼa bʼal, k chʼaw na kʼu riʼriw ux labʼal rukʼri dyos, kʼa tekʼut man kʼot aup atan ri ʼ ch rechri nuchoma bʼal.
xe pet ikx kilo .
xu tawekat ʼek.
utzuke mi kle paschawe.
ri nuw akax x ut ij jun qʼoqʼ ru malriʼ x kami k.
ru malri kʼix , mankewaʼ t ajriwin a q.
xeʼuli k.
qʼeq rijriama ʼ chij.
x rajkaʼ eleunan .
junam ki juna bʼ.
naqʼ alajtajwe ka ʼe k.
ri wix nam chʼaj chʼ oj rir achoch .
waral mankʼ ot ajajawa l.
na iw irt ax ri llekʼa molbʼe .
xin peloqte kʼ uriʼ xint zukuj ro nojelri nura jil.
ri ajtikonel kuti k ri tzij .
kʼo ekikʼaj olleachi jabʼ.
kutij qʼayes ri ix pa ʼ ch.
par iwa ʼ bʼale kʼ ok awi naqa chija bʼ.
sipoj inaq rinup am .
kay aʼ ta jikr ukʼuti ʼo nem jun ri uriq om ley abʼila molot setséx uqu jeʼa re kay aʼ taj p ataqri juyu bʼ .
ja chinri achi ?
rin umamxka mikar et aq kʼoj umu chʼla jujujun a bʼ .
kin kowi nik k inkʼam bʼilep waq .
kin wilo chi utzri aj iʼ .
xinqʼil ri a poʼ x che mank ach akunta j.
kwaʼ chi uwach let aqʼa jri ama ʼa kʼ.
ri im ulx e poqʼi k pajuni kʼ.
x kʼiska noqriqa chak.
arerial i xo jilo wkanoq .
si bʼalaj chʼuʼ jri amax.
kʼonu wa chiʼ.
inchajin el kech lea kʼa labʼ.
xeko sletz ʼi ʼ.
kinbʼe na ku kʼri molaj .
ro nojel aqʼa bʼ kin y itzʼri wa kax .
kara pini kx ut zukuj chij u nawa j.
leuk emiklep as aninaq (awumal).
ma jurajilleq ʼa bʼarel.
kʼ axriʼ rik ach ʼawi k.
xoj ut aq chiʼj leachi chuloq ʼikich aj .
sibʼala jkʼa xrix kʼul maxi k.
xki lochi nakin kʼo xo maj taj .
xnaʼ tajchke chi xea ti nik.
x kʼo to chinchi kiwach chixo jal woʼ qa ku kʼ.
junqʼ uʼ qra jil rik ax laʼnwa .
xi nwil ochi xeʼeli k.
e kʼoi xoq ibʼ pal ekʼay bʼal.
man kʼot a jukʼi sik ri maya bʼaj labʼa lil.
risin k kʼi yp ataq ʼa j.
ri chʼima mank kʼiy t aj p ataq ʼa j.
ra jawax ik k jikikriwaq än .
kawajkinʼe k.
ek ʼo o xi bʼakʼ.
x ubʼij chwe jawi atkʼo wi .
chweʼ q kuj bʼeʼ pa muquj .
pasaqkʼa jaʼ k bʼanw iriuq .
xo jkis ikʼij.
xi nwil wi bʼ.
cha qʼ chikr iwa .
kimbʼen aka pa le woʼch .
kawajkinʼe k.
ri chʼuʼ k t ij r ukʼlej .
p arikiqʼi jkami naqibʼ k bʼanqʼo ri kʼya ʼrechaj : nabʼer inan kutz uk ujkan ri aj , ku jachʼ oʼ xuqujeku kʼeto .
jaskaj bʼal chanim ?
utzucho manikriali .
pariqʼi jox laj ujtijax kin kʼis kebʼ juna bʼ kin ch akun wara l.
sibʼa la jko, rikʼa kʼ chʼa t.
jaskaraj kubʼij … ?
ri chʼi chʼk asila bʼi k.
pa ojerqʼ al pulx aqx u wirin im win aqk ekʼamo wbʼe .
le uk unax ik le uka bʼu kʼu tunika re rukʼ ef lornitina o nutuni bʼaxikle ni furtimo x chiʼ lef lornitina chech t. b. g.
areria chix in chʼa yo wik.
juna chi ubʼi kuʼ x usip a jkebʼkʼaʼ mule wre chkabʼan ri ti jobʼal, kamik, kʼochik ajtij rechriko monxe chpup.
x u malt yox ij cheria jtij ro nojel lex ukʼut chi uwa ch.
paribʼ ex kir aq junala jim ul saqrij , x kikʼam bʼi k.
xrilleb ʼa leala .
jaskubʼi jchwe ?
leu kunata jemarer ukʼu tzukuxi kl eu chi kopilpa junus o lik ux eʼ le kikʼon le jaʼ re chjun no do .
utzwen utzʼiʼ .
jeʼ, tajinka chapo nik.
ki nu loqʼoj le nuta t.
kawaj kimbʼe pa ti nami t.
are laʼ k incha kuj .
rini maʼqtaq winaq kʼ oketa ʼma bʼal.
we taxat bʼew ukʼpa letina mit , xa loqʼtawa ʼwej astaq .
ri kikʼas le mal . wa ixi mul ew xaj un chima ar et atin im itrim a
ri ukʼ ya bʼal najupa m.
xat qaj chiupa mri il.
noj im katwa ʼi k.
we kʼoj unk tuqa ʼri k, ¿ lamanxo qu jeʼta jkin tuqaʼ rriin ?
ojoj wokol ja .
aw ask bʼankʼax chejun nimwin aq .
xin ch ʼawap an ru kʼ lewana bʼ .
kʼax riupa mri ju ʼl .
tajin kewaʼ ri imul.
lak aj lak uj tzal ij laaninaq ?
ru mal rech cherima kaj man kʼot aukow inemp iwi ʼri ix : ri ix manix kʼot achich ux e ʼri pi xabʼ, xa ne ix kʼoch ux eʼ risip ani k.
nim raqan lec heʼ.
xi ncha po .
are let uʼr le loq ʼo manel .
xaskat kʼo jiʼ chiupa mri chʼi chʼ.
sibʼa laj nim raq anrikʼam albʼe .
letzʼi bʼ abʼal wechin .
in xi ntoʼ wla .
xa jekʼuri ʼri ix kamikriʼ manix kax lanwinaq ta chik; ri ix , ix rechri kiti nim itriet yox laj taqwi naq, ix rechr ir acho chridy os .
xin ti koxl ajkʼ alicha j .
kaq ar iq qi bʼ chwe ʼq.
sibʼa lajutz cheri wiʼaj ri tuney .
wen a jupuli k ta xeqa jik. . .
x intoʼ ta jcheri nucha k.
kʼ oj un chi ko pubʼi ʼp um .
poqonri i k.
xoj bʼini k.
xuchʼ ekro nojel leret amanikx paqiʼ k kʼax kwʼin ik x ubʼan ajkun .
k el ubʼi k pari judeʼ a ek tzali jchi ubʼi jumulpa rigalile ʼa .
xi naxibʼi jpabʼe.
jeʼl kʼ olem chi awa choch.
ro nojelri yaʼta lilpaweq ʼataj, tzʼa qat kiwach , mank tzaqt aka noqxuqujeʼ mank tasta j.
x uk unaj le yawa bʼleaj qʼij .
chita ta bʼej jas le kimbʼij .
chʼanal ri achi.
pa bʼokoʼ k ach akun wirit ax .
ujkʼo p auwuq qʼij .
ki ʼri uka bʼriaqa j.
kʼorach alalpatz ʼoloj cheʼ ripeʼl.
xkil ochi ki n kʼo xom aj .
ri uk is akʼutz kya ʼik chiux e ʼri tikoʼn .
ar et aq chiʼkaq ʼan p uwi ʼri jukubʼ , ri a chi chexkʼo jiʼri itzel ux labʼalr ukʼ, kutach rechria reʼ , arechk kʼ o jiʼ rukʼri areʼ.
naka bʼantaj taw uma l.
xnaʼ taj chke xeati nik.
xin paj rinu triko .
xeʼo kripokʼ pariume xari poʼ x .
kaju luwri aq ʼa ʼl chiux e ʼri tʼu ʼy .
awech leja .
xuj bʼe patzuri k.
na bʼexa to pa nik.
riuka bʼubʼi ʼ ri nu mama reyay .
uwajxaq uka kʼal taq ani k(28).
mat akʼ oj unk akan aj ka noq, qon ojel koj bʼek.
en i maʼ qle al tom abʼ.
ni muwach ri poʼt.
ko jonik par iutzij waixi mu le w.
jasx ukʼam bʼiletz ʼi ʼ xawi lo ?
xin pe ti k, tat.
rib ʼel a juwach .
chita ta bʼej jas ri ki mbʼij.
jeʼl kuna ʼri abʼix chiupa mri ququle w.
kin bʼi so juwach le wal .
xu tʼuyu bʼaʼ .
nimri awe qe leʼ nxariqo .
xi neʼwa ʼo q .
chiʼke war wile a kʼala bʼ .
rin umi ʼalx ut aq loq junta qoʼ mw uj chiwe .
qʼe ʼli k , rich aj pari bʼe .
la ut zawach ? - ut zmalty ox , ekʼu ri at ? –utz malt yox .
xin kos rum al nucha k.
kbʼe k ukʼ rie ʼa re ʼekt zal ij par inasa re teke ʼuni maj .
ri joj x ukʼa mbʼ ikri akʼ.
kʼo chiwa chiʼ lchanim .
kubʼi jchech na ʼl kabʼan cheri atzʼi bʼ .
e. . . ink aw ajk atzj oj bʼila chwe .
mat ax in yaj le ali .
ja chinrukʼ kat bʼe wi ?
kʼosi bʼalaje ta ʼ mabʼa lpari maya bʼ no ʼ jibʼal.
emanxor ijupuqke j.
kasumum rik aqi qʼ.
e kʼo kaji bʼa kʼala bʼ paleb ʼe .
jeʼ jas riut at k ka ʼy ik.
xa qa t molo neltzij tal .
len u tat ka loqʼon chwe.
xaqta ne kimbʼe iw ukʼ .
xretaʼ maj uch ʼa jik.
ruma lla ʼ x koj “ xal qʼat” che ubʼi ʼri komo n.
ar eleuke mi k pas xretaʼ maj .
riwatiʼt kubʼan nar iup atan .
kʼ akʼ le poʼt.
re taʼ muwach jachinx loqʼo wri pas .
ken chʼa bʼej le a kʼala bʼ.
ya ʼ tal cha qeq onojel riujwi naqutzka qilqi bʼ.
xkot iʼ paq ʼa yes xoq ʼik .
kawinaqbʼ eleje bʼq ʼata j.
e kʼoka jibʼ ra lri im ul , jun saq , junqʼan , jun qʼeq, junqʼe qoj , sibʼa laj ketzʼa nik, kechʼo pi nikri alaj taqi mu l.
kchololria cha chal.
ke te kikri ikʼ.
xepe ti krechke wa ʼiwukʼ.
tzatzri uqʼanil ri akʼ.
xoj tzali jik xi xeʼ qaq ʼat ujk ukʼ le it atinan .
ri yoʼ x taq akʼa labʼ ke kikʼu xri atzʼ yaq .
we a chiwex usip aj jun poʼt chwex kami k.
k ko win riku na nel cheku na nik .
x jiqʼ paripolo w.
x aru mal sibʼa laj ra jawax ikl el oqʼa laj jaʼ, lewi naqx kibʼij : che wei kʼri ʼqo nojel kuj bʼeche uti kik taq cheʼ .
riun aneriera chalal ke peulo qru kʼri a reʼ , kʼa tekʼ uriʼ , mank eko wint aj keqi bʼuko qru kʼ, ru mal rech cheekʼo sibʼal ajwi naq .
ru mal rech , cheman kʼot aj unk kowin cheuko jik junti kibʼa lilchi kchu wachri kojom chik che a re ri jesus kr isto .
tekʼ uriʼ xutzʼi bʼajribʼ parini malajti jobʼ alrecha jkuʼn .
kaju luwri chʼumil chaq ʼa bʼ .
kʼis bʼalka noq, xo qu jeʼ k kam ri ixoq .
leala xoki k .
kʼop waq pa uwiʼrim ex a .
areka waj nakin ʼeta j.
ri ya wal k uk oj ri alichi ux e ʼrich akacha reus uʼ t.
naka qakʼam tuʼ bʼika mik .
ri aj ti jkubʼi jchike : ra jawax ik keqacha ji jri awaj, areuti koʼn ri aj aw .
xin ti jmukuni w ir .
kʼ ax leu wiʼ taq lenuq ʼa bʼ.
xin loqʼjunil bʼal wi bʼ.
waʼ weqʼi j, nimub ʼanta jik.
riux eʼal ri qatina mit mankas achta j.
xoj bʼini k.
riacha laljunam kiwach.
x inweta ʼ maj ri li kwi bʼ.
nim riuna ʼo jwaj tij .
miqʼin rikʼu l.
aj qʼ ojom ri ateʼ k.
chelesa nik cheʼ kbʼan wiriq ʼojom .
k a pelea wel panaw alja ʼ .
rimeso nelt aj in k chakun ik .
utz chaq ek aqa toʼ qibʼ , taq kʼokʼa x kʼolil, katewe chiʼ nri aj awp aqawi ʼ.
xawilo, x qʼatan le ibʼoy.
xa tko winik xabʼano .
kiʼri kʼawex .
kaj il il rib ʼe .
lea li xel bʼ ik .
areʼ x ra jxin bʼano .
nim we abʼaj.
jeʼ li kutiʼ jol alrisaq ko ʼ r.
no ji naqrike j.
wek atijanx ux mankat ut oʼta chiuq ʼatix ik le kʼ akʼ y abʼil coronav irus ( 2019-ncov ) .
nan im tar aqanwaʼ wecheʼ .
utza laj aj chak, ri wel.
¿ jampaʼ ku jbʼep an imaq ʼij ?
raj awax ik ta nela ʼkat ch akun wukʼ .
xutaq chiʼj pa warampulew .
manare tari ax wanxel ik .
r iawix xuloq ʼr ach ochrenimal .
areriixoq xin sikʼin u loq .
ri chʼi makʼa tʼon na .
la xi bʼan le icha k ?
kʼiti nami tekʼo pa chʼo ʼ j.
kʼo jupuq chijchi uxeʼri cheʼ .
ri uxa qri abʼi xa re uwarike j.
kawinaq qʼata j.
lakix pe pati jo bʼal ?
we kech ajix taq le kʼ wa jach akin bʼij ; junali k kʼ o jaʼ xuqujeʼ sibʼa laj saq lo lo j.
xre taʼ maj.
ri al abʼo mri alito mabʼ ta jin kikiti joj kibʼ rech sut aq, arek aka jki kibʼan ni maq achi jabʼ chupa mri kikʼas lemal, xuqujekʼo chik jupuqbʼix onel chupamriko mon .
la tzʼuwa chribʼe .
kʼ akʼ ri achʼi chʼ.
qono jeluj , uj maya bʼ taqwin aq .
nojel qʼij ri atiʼx k uyuqʼ uj leta qaw aj jel aʼp ani kʼ aj jaʼ, chirij ri juyu bʼubʼi ʼten a ʼ.
paq ʼom chik risi ʼ.
ki ntzukun chela .
k akitij le ki naqʼ, le ich aj , le uwaʼ likr ukʼ lej.
xe kanaj kan le ajcha kibʼ.
ke tikon r iach ij abʼ.
sibʼala ji tzelu bʼanta jik ri chʼil akan .
ri ateʼ k xumalt yox ij cher ir atiʼt, ru malri ut za laj no ʼ jibʼal x ukʼut chech.
k kamulix uchak ri abʼix .
la xi nutzukuj le t ij oxel ?
areʼkacha kun ronojel qʼij .
lee k ʼaʼ na t aqtzʼi ʼ.
sa qrijripl amux .
jasxa qʼi ʼo xa ti jo .
jas rukʼ x kich ap wi uti jik lerikil ?
wekat atin r ukʼ kʼat an jaʼ man kuqʼat ej ta le kʼakʼ y abʼil coronav irus .
lak at bʼ in pal eux lan bʼal ?
law ar al kʼ ux ixwa ʼwi ?
arel en ut atk in loqʼon ik .
taj in kchakun ri ala .
kʼorik iʼ kote mala wukʼ.
xuta jachin ka ʼek.
xatwa ʼik xin wilo .
x tzaqrira chochr umal ri ja bʼ.
pa lejuni kʼ chika re nima qʼij .
e ke bʼämke bʼin p au wiʼri tem.
me mri achi .
ri wikan chaliʼ yk elpaj uyubʼ chwi tziri bʼal.
lera jil, lapaj ax e laq ʼaxw uʼ bʼik ?
par isuʼtpi som wirilej .
koj peti k kolqa kʼ ama ʼ.
tajinkat chʼo pinchi uwa chrit aq ʼa j.
leq ʼor xchʼuq ik .
kʼ axwa ʼi maw um al .
kinbʼ ison chele wal .
sibʼala jkʼ okʼri awa tzʼ yaq .
kami kx uj bʼeche utiki k taq cheʼ pari juyu bʼ .
ki nu loqʼoj le nuta t.
cha qiʼ jchik richa j.
xy ilix h away i .
naxnaʼ taj ta chke chixe ati nik.
rukʼ kʼ uwaʼ weriʼ, ri ix k kʼ o jiʼ jun ut zala jikʼas le mal ri ʼ ch kiwach riwin aq che manekʼo taiw ukʼ, kʼa tekʼ uriʼ man kʼot aj unwi naqriʼ ra jawax ik chiwe ch.
e petinaq p abʼele ra chala xik.
k ak aj le akʼ ala bʼke wa ʼi k .
xu jchʼa y bʼi k.
rin uchak ar eqʼa xel tzij .
kʼon ar ux lab ʼri awaj.
tajin kelloq, r iqʼij .
xuqʼiʼ oxk amsax ri ra chalal choch.
rinum ama re kʼo uqʼin omal .
x kʼu lmat aj jumul , x ubʼan jun ni mal aj jabʼ, manxbʼe yet aj tanax u kʼis le uyuqʼ chike .
a maʼ ri nutzʼi ʼ.
je waʼkat pet i k.
xi n kos ik ruma lxin ch akuni k
iw ech chi ju junal, riwa .
xuqʼi ʼon ax at ati ntaj.
inriqta ji naq pa rik ʼayi bʼal.
nawet aʼ m taj.
kʼ axlen uq ʼa bʼ .
utzlexubʼ ij leachi.
kema tzʼibʼ.
kʼorach alalpatz ʼoloj cheʼ ripeʼl.
ro nojel waʼw ejasta qriʼ , x ask sach wi uwa chwaʼ ; rukʼ weriʼ, ri ix , ra jawax ik chekʼo juntyo x la jikʼas lemale k kʼ o jiʼ ri ich ʼaw e mrukʼri dyos,
xmuqt aj ri patz ʼan .
rich ʼi chʼt zijom kan oq pari ukʼ olbʼal.
man kʼot au cholaj pa t aqri aw uj .
jachike ikʼle uni maqʼij leti nami tna wal jaʼ ?
xepe tik x ol ki kʼamaʼ .
k a chuqʼ chu tri jaʼ chiap am .
xin bʼij iwir chix ebʼepa armita .
a re ʼux e ʼo jert zij war al kʼi che ʼu bʼi ʼ.
xkʼi s ri nusi ʼ.
jawix kibʼ ijwichi ke ʼewi ?
¡ x ajekʼ uriʼ , jachinta qri ekʼo pari jude ʼa , chich anim cheʼan ima jubʼip ata qri juyu bʼ,
kʼ akʼ ri abʼ.
lakʼo jun naka kʼo xom aj ta j?
nautz tal eut ʼis omleal mariy .
man yaʼ tal ta jchi a weka tok paja .
jeʼ, xa tu tzukuj.
arek el waj xaqi bʼuqʼi jrixkʼo jik .
rix unk urk kʼ o jiʼ pa taqri triko .
xi n sachik .
xu tʼuyu bʼaʼ
na nu tom tal etzij …
wachʼ om rik iwa rinoʼs .
ekʼo jobʼ chʼil wakʼ.
ra jawix ik chip ata qriti jobʼal, pan ikʼa jubʼi xik chik
riraj aw ru le wa reʼ ta tkel .
we kʼux ok ik, we kʼ na xok ta
we ach ix usip aj jun pʼot chwe .
a tat utaq oʼ nleq ʼat al tzij .
naq ʼanta uwach leqap rut .
rixa ʼr kʼop auwi ʼri qʼaqʼ k poqʼowi k.
rir oqʼej ri ali jach akpejun akʼa l.
kʼ oj un alapati jo bʼal.
sä qu wiʼrit ata ʼ.
riwitzikʼ tajink pelo q .
jawix sach on wikan uya ʼik lep waq che.
utzwe a chiwexin kuna nik.
qo nojel kuj waʼ p auwi ʼri mex a .
rik ax laʼ nik man poqonta j.
inxin bʼe rukʼ riwa chiʼ l.
sibʼa laj jeʼ lx kilo x e kitzoqopi jri kichij chila ʼ.
kinbʼ in ik xi nʼek.
kʼ ax kʼol ik, kacha ʼ.
kutij ix imria kʼ.
ri alix chel, xuqʼiʼ o x aj un akʼx sip ax che .
x qasi kʼij le ix oq chu tza kik su bʼ.
mat ax abʼin saj le chʼi chʼ.
rip ix tzʼara li kru malrieqa ʼ n.
¿jam paʼkel chi 3%
kʼ oj un nukʼot oj chi ʼaj .
tajinke waʼka tri ala bʼom.
xinloq ʼle nuk ʼa kʼa poʼt.
naut za ki k ta subʼ tajin ku ʼa no
xoj ut aq chiʼ ij xoj wa ʼi k.
i wechri a bʼix .
saqrij ri chij.
aj sik cherit inamit k elwiri t ata ʼ .
- ¡ay! xax int za quloq , kʼ axwe waqan .
x kʼu lmat aj paj un komon chi ʼuwach j un juyubʼ , x uriq aj unqʼij x kiriq kibʼ juni mulr ukʼ le kok.
jas xat aq chiʼ jle akʼal ch uti jik ?
xin cha posuxuloq ʼo .
qʼin om ri achi .
rikʼum kti jow rukʼ ka bʼ .
tajink ej a chʼa nik.
tze bʼalu kemi k lep asaw u ma l .
areka yo ʼ w leuchiko pille ubʼanta jik try pa no soma brucei .
wekat nimani ku tzkeli k.
pero no ʼ ji mal pet naq loq, .
ar el en u chakjun tzuq bʼalwi bʼ.
x kunax le ya wa bʼru mal le ajqʼi j.
ri ukʼu ʼ x tzʼi bʼ paq atzijela juj.
sibʼa laj jeʼ likrieqa bʼalx u bʼanril uʼ s.
sib ʼala ja tkon .
emanxor ijupuqke j.
naxnaʼ taj ta chke xea ti nik.
ri kʼam albʼex ubʼi jchike , chima jaria nim.
jumu chʼri nujuna bʼ.
qʼipta jinaq riraq anri tem .
k ch akun rukʼri jos bʼal cheʼria jan el .
xa taq chiʼj le akʼ al ch uti jik kar .
ojkʼo pa le roʼ chle awel .
¿ lak at pe qu kʼ chweʼ q ?
lewina q pa lech ʼi chʼet ʼu yu llowi .
xkan ajkan oq chiux e ʼri jab ʼrich ʼa ʼ n.
nimri ja .
wet ax akun aj le at at mat ax kam laʼ .
nan ukʼa mom tuʼ lari ʼ.
chqan ukʼu ʼriqa tzij.
kimbʼepa le t ina mit.
xinqʼi ʼon ax in ati ntaj.
raj awa xi k kakʼa mancha weleuti jikl elej .
kʼ is bʼal taq no ʼ jibʼal.
