xi neʼ waʼoq.
xkib ʼ an kʼax chele uw osa qrum alma nutz t achika kay i k.
ri qʼut uʼm man ke ch t a lea k ʼala bʼ.
a re nan imt aleat zʼiʼ chuwach len u t zʼiʼ.
xe pe tikxol ki la ʼ .
¿ jaw chiʼ xat aʼ chexk am ri uma mripoʼ x ?
e keb ʼ ke kʼamb ʼi k patuj.
xi nlo q ʼ jun jap ariw o k aj j a.
ri axt u ʼbʼ , kʼo qulaj che ch.
jaskar ajka ʼan chutz aki kle tiʼ ij.
xu ti j lewa.
xim bʼal re tzi j.
x pax rib ʼo ʼ j.
wekaw aj kat i n toʼo x aq xuwi kabʼij chi we.
jasn u kʼ uk uchʼo bʼo.
jaskara j kuti jo?
xex r ux lab ʼrir ikil.
enitzʼa ʼ qle t aqi mul.
wet an ein xin bʼa nowi k, a relea teʼk xb ʼanowi k.
kintzali j palen uti namit.
rin uch aq ʼ kʼo pauro ʼ qʼat oj t i jonik par itijo bʼal.
xinxi ʼ jwibʼ xin ch ʼawik.
kʼoch war oʼchle pare.
chir aqankab ʼinwiri t at aʼ.
x sacho n kanuy a ʼik lep waqchechoj a.
xin qʼax chi kixo ʼ l riwinaq.
keti konik.
ri ule wmanqech t aj, ke chriq atiʼ t q ama m.
xe pele wina qxol ki kʼamaʼ.
x uloq ʼriw uj rum alria li .
che w eqʼij ka mi k kʼo junnutzi j o nem chirij len ut i n am it.
kej riʼ .
xkun anal aq ch we.
k in u sik ʼi j le n unan.
ri imulx uchʼij t aj , x kanaj pab ʼe , rumal ri nimal kuj aluj ri imul, x utzaqriani m.
kubʼanri ux o qʼo ʼ lriaj t zʼaq.
rila sib ʼ ala jutz che kuna bʼal.
kʼikiwach rie ʼaj ch a kibʼ pariko mo n t yox , kʼate k ʼut xa junchi aj awxel;
x qat achix at ulik.
k awaj chika tʼek.
ch ʼut iʼ n kekanajrix a jab ʼ che ch.
kaq ax iʼ jqib ʼ kaq a chapo.
ekʼo keb ʼ uk ʼaj ollet at x wan.
luʼ sub ʼ iʼrirech am.
aj chi uwiʼmi qʼin jaʼriluʼ.
xin yak anle n uch impa kʼa ybʼal.
kʼate xri lo , x periuna nche utz ukuxi k, x kikot i k, x usalab ʼi saj rit aqu xkin.
xki kʼut chi uwach ri aj t i jxuq ujeʼ chi kiwach rit aqni kʼaj kachil.
utzlenuqʼa bʼ.
kulleal weʼlpa austinch aq ʼab ʼ ka mi k.
ri ateʼk x t za qloq a re chikʼo pauwiʼri qʼaʼm.
aj patan ri teʼk.
xatqa j chiupa mriil.
la kʼotz ij naki kʼoxo m aj ta j ?
xsa chonch ke chixe atinik.
rono jelle u lewe ch alaq.
laxeb ʼe k ʼul ax e ʼ ki jaq akʼ ule uchiʼ ja?
x aqkat chʼokna jiwir.
kami kkʼochi r ij ast aqawe.
are chiʼ ka kʼis ri junab ʼ kʼo qʼino m.
pan awalja ʼ xinale xik.
nax inta t aj we areria kʼal kix t zuquwi k.
¡ rule wrisa bʼulo ne rule wrin ef t ali, ub ʼeripo lo w , rule wrij ord an, galileʼa kech rijet aq amaq ʼ !
r ax , r ax , r ax , kʼo kʼ, kʼo kʼ, kʼo kʼ ler ux lab ʼ le taqti koʼ n.
achixatwi lo.
paq alraj ille p ixka mik.
xo j bʼi n ik.
pa jun jeʼl t i jobʼal kut ij oj rib ʼjuna kʼal , ub ʼi ʼ poʼ x , utz kuri lo kepatijo bʼalro noje l t aqqʼi j.
x waj chix at ʼe taj.
u tz laʼ lex ub ʼij le achi.
wet aʼam ja chinka petik.
kinqʼojo manik.
xin qʼi ʼ otakʼa li k xi n pe t i k.
areʼ retaʼ m chekino pan ik.
are tabʼal eq aq aj aw ch at toʼwi k.
k awinaq waqib ʼ qʼat aj.
naq aj chik che ri u waq k aj bʼala re t aqch iʼk sachuwa chriqʼi j , ko kriqʼe quʼm chuwa chule w , chikʼa teʼna rib ʼ eleje b ʼ k aj bʼal.
job ʼ raq an ritz ʼal amxeporo xik.
sib ʼalaj ko r ij ri mop.
are waʼ.
jelaʼpa ri timinit ch wi kabyo kre ch xel ajuʼ, le qananq at at kaki tiko jeʼla laj t a quwachich aj.
kʼaxnu qul.
xu ʼ luk ʼamaʼ.
ko j ul ki tz uk uj .
a re man kʼax t a ukuna xik aretaq ani naq kaʼ ilitajwe yabʼil al xuq ujeʼ mo joʼqa kuyaʼ le kʼa x kʼolil che chlejo lomaj.
riwel kʼopa ti j onik.
kawaj kin b ʼi j.
ri kotz ʼ iʼ j kqako jchiupa mrija.
qʼe q qʼ ojr ijri am aʼk ej.
nax waj taj x inchʼ awik.
ch pe tabʼale loqʼal aj jabʼ.
x sacho n ch kexat kisik ʼij .
eleqʼal chʼich ʼ.
jachin xa wil ochi a re x tijow rit iʼ j?
mat akab ʼe len ux bʼalpa le t in am it.
pim r uq,riali.
¿kʼori m u qʼe chiawech?
k q ab ʼ ij man ke kowint a j.
kin ti j na.
kʼoj un qat ʼu ʼ yp aj a !
kʼo pu jchiup amrich ʼaʼk.
aretaqki nkos ik kinwa rik.
xa t waʼi k xi n wilo
in xin chʼa yo wle achi.
kon oje lriala xi k ke ʼe tzʼanik.
j as ru kʼ xkit ij wilekiri kil?
ani naqil kat pe tik.
nar ax t auwach le juyub ʼ .
ritz ʼal am tzʼi b ʼ abʼal rax kkay i k.
wech at ch akunik, k ʼoawa.
ma ʼ t amxat pecheri wa ʼ i m.
kam ul kin waʼna.
risiki l k ti jow ru kʼik.
kimbʼe aqʼan ru kʼ lealta l in.
x ojʼ ekxeʼ qi lalarqas ok.
xeki qʼi lle ajcha kib ʼ x kiw o kleja.
mat an exwaj le kʼu hjne mru kʼ leate ʼ k.
a re xe ʼo p anchi uchiʼ rijuyubʼ, x kilo chi manq asta kʼo qʼaye s.
kʼate kʼut, ri jesus mank ko jon t ach ke chrieʼa re ʼ , ruma lre chcheko noje lre taʼm kiwa ch,
paʼ t zrij ri tzʼi ʼ .
juwi naq waq ib ʼ qʼat aj.
atela qʼo m.
x aqa t joʼs.
ri qʼatz u, areq ʼala jriuqʼij il.
ajcha k we ala.
ub ʼelej ukakʼal taq ani k( 29).
kebʼ nubʼ iʼ kʼo lik.
lakatza lij lu ʼ la anin a q?
katzu kun la chwe.
l akajla k ojbʼeʼpa lecho mal chweʼq?
xin nab ʼ ejchu t asik qa kʼo li bʼal.
lalxin to ʼ wik.
sib ʼa laja no ʼ j ibʼal.
xoj pe ti k xol q a kʼamaʼ.
sibʼal aj jeʼ li k ri uwaʼ lri ich aj.
kʼ ax wij rum alin pach ali k.
a re t aqx uk ʼul maj waʼ x ulriu choma nik xub ʼ ij : areutz wa aqʼab ʼ kinwali jik , a re chaʼch animki nop an patijo bʼal, maj chikin kʼul maj.
oja jxo jolob ʼ pa a was qʼi j.
xi nsach chele uw o kikle tzi j.
ej ula j uj ria kʼ.
xu t aj ampa ʼ k ojʼek.
qili k.
rit i jox el mana re ta nim chuwach rir aj t ij. ri utz t i jox el qa sjeriʼ kʼo li k jasrir aj t ij.
in xati n chʼayo.
no ʼ ji m ch akw umal.
chʼur r ijochʼ.
ink in b ʼij nakats ach ta j .
uj m ayab ʼ.
ri abʼaj yatzalik.
t ajin kep ixbʼa xri akʼa lab ʼ .
cho m riaq .
xi n wa rik.
elemen kon ojel ria kʼa lab ʼ .
taj ink qʼana rik riw ere ʼ aj.
le u ke mi kle pas utz (chawe).
x uyup ubʼa u wach raʼ chi, kach aʼ,.
ris at ana skok parijud as ri kbʼi xiskariʼ o tech re ch, ria re ʼ junch kix o ʼ lrie kab ʼ l ajuj.
chuchur ipar.
ki n qum uj ri nuj o chʼ.
che ch punción lumbar amaq ʼel r ajawa xik che ch ri likleu kʼ exbʼem wilena bʼer ukʼ le ukabʼ uk ʼut un e m ley a bʼilal.
qʼalaj chin akaw aj t aj kabʼij.
kʼ oqʼol chirij risiʼ.
j awix ojʼ ew ich uloqʼi k?
kʼo ulo chʼr italin.
qʼanri j ria tiʼ t n u ke j.
laxtz alij l aiw ir ?
x es i kʼi xik, kʼate kʼuriʼ xeya jik , x uquj eʼ xe taq bʼi che usikʼi k lemes.
la kix wa rik?
arekʼule paloma xxubʼi j che : -mam kat bʼi sontaj, kinsi kʼij ni kʼaj wa chiʼ l ke r apapik.
aʼre e ti jo xelab ʼ .
riala jalis iʼ l xub ʼij x q ach ap p autzal rityox.
xsa chonch ke jachin xea tinik.
jasx u ray i j leana n x ut i jo?
xi nk os ik.
r ax ro noje lriqʼa ye s rum alle jabʼ.
ki n yawaʼ we chʼich ʼ p ine m nautz.
no ʼ jim u pach ʼ u xiklen uwiʼ.
naj kʼo wil e woʼ ch chuwa chleti jo bʼal.
rioki bʼalkʼo chi u wachris aq ja.
xen ut aqch ʼ ijke kille a kʼa lab ʼ .
kʼo ju n qʼoxo we mchi we.
tzari cho ʼ m.
we choj b ʼe pale ni ma qʼi j, ke qill eajxojo lo b ʼ .
x ojʼ ekxeʼ qi lalarqas ok.
ri ate ʼ k x ut aʼ che chrinanto ʼ n:- nanjas cheʼ chimank aj t a laqa kʼatis aj rijoʼq.
rip alsib ʼala j x uʼ y.
k ink oj rij okbʼal ulew.
ink in b ʼi j nakats ach ta j
a traj ku n l en unan.
kuq amuj uj oronria j tzi j .
luʼ t zʼal am ubʼi ʼ r iachi ke l panimche ʼ .
jeʼlikuti ʼ jo la lrisa qkoʼ r.
kʼo junxa ʼ r pa j a.
xi n loqʼjun kʼa kʼp at an.
kʼax uk e mi kle pas aw umal.
an in aqu ke mik le p asaw umal
rich ʼaʼ ns achin aqpat aqa bʼix.
rax taqle kotz ʼ iʼj.
me som kanoq riupa mja.
manareta ralaxkos ik.
riko mo nxech puprech uq ʼab ʼ tinam it xo ʼ la bʼajre ch qʼumar ka j.
lautz aki k kʼus ub ʼ taji nku ʼa no ?
katela !
naxuti j ta j .
x arum al ke taʼm ko noje lr iwin aqk kiq umuj l ejaʼ.
i wir x uj t za li jlapa kʼaybʼal.
qe taʼm che ri qawaku juto ʼo.
ri aj t ij , k ya jon chik ech ria kʼa lab ʼ.
ja sub ʼa no m len uchʼutit at ?
ch weʼqki nbʼe pa nimtin amit.
utz we kiwetaʼ maj jas kubʼi j richo l bʼal qʼi j.
t ajin kat ji lo w cheu qʼ oxo m jo lom aj .
xin tikq ʼax chiuwach rija.
kʼax le kib ʼe le winaq.
loqʼ kat kuntaj cheley abʼil( covid - 19).
rin ux ibʼal kel paq aj bʼal qʼij.
xri lria xwanchix waʼ riala.
lea li xkuna ta j i k.
wet akap eleja bʼ kamik.
xin wetaʼ maj chi naxat pe taj.
rip waq rech we qʼat aj riʼ ke s ax che ch ri toj bʼal kʼay i ne m.
k t ij ri uwaʼ lik rum al rikini m a qʼij.
xuchapukun a xi k.
ch at a n lo qali.
x inx uliʼ q aj o q.
jeʼ lik k t ij ow rit aqi kox.
kʼa tekʼuri let at xo ʼ r xubʼi j,mank awaj t aj , mank awaj t aj.
kʼo junt zʼiʼ pabʼe.
kam ul xin pech eatzuku xi k.
manta j in taki n chakun i k.
kinch a kun i krech kat waʼi k.
jas ru kʼ xa wil wich ixkiq up ij wile t iʼ j.
jasub ʼi xi k … ?
koqʼri ak ʼal.
kawaj nakat ʼet aj.
xat qʼaj ik.
we mnachalo qʼax iyal, naki mbʼeta aw u kʼ.
xo panlew uj aw uk ʼruma lwe chin.
a rek ʼut pale juyub ʼ k kʼi yjo ron, chil aʼxe kikʼam awiri jaʼri winaq.
koqʼri ak ʼal.
wekʼo ar ajil cha k ʼamaloq.
are sibʼalaj kaq le apoʼt chuwa chle nupoʼt.
xinkʼast aj paka b ʼlaj uj kaj bʼal.
kaqo yʼ ejn akix petaj .
koka xi mrichi jxaj el a ʼ mank ani maj ta bʼi k.
riko kno jim x b ʼe k, x uchʼi joxo pan pa ukʼis bʼal ille anim.
xoj ki ʼkoti ka r etaq xat u lik.
kaqitz ʼ najri ux a jabʼria kʼal.
rijesus k waʼ kat par ini mracho ch ridyos, chux eʼrijun jach er achoch ri salomon.
wetaq ani kriʼ kubʼi j ch ir ajawa xikk yaʼ uqʼi jri winaq xuq ujeʼ k to ʼanina qil.
riax ux a renari uk un el rikinaqʼ.
are t aq waʼri uqʼij ol wetaq an i k.
kʼo junta bʼalp auwiʼrix kan ulubʼ iʼ la juj no ʼ j.
yuʼ lub ʼa no mriu k olob ʼ ri ke j.
xan i maj ria kʼal chi u wach riu chuch.
k k unanri achi.
kinwaʼi k re chnakin yowa j taj.
aj xik chʼich ʼri lu ʼs.
k wa j cheixki xbʼa now ik.
aʼre xe toʼ walaq.
x ojʼ ekxeʼ qi lalarqas ok.
xin loq ʼjun chʼich ʼ , q ajin a quwach.
kut ʼis rip ant a lon.
ej ani palea wal kʼ wale kʼo l ik?
utzu kemi kle pas chawe.
rimax ar eajqʼan i yaʼ.
matab ʼa chir iqkʼ ax pale bʼe.
t aj ink anim aj , rim eʼ s.
ixi xe ʼ la qʼo mab ʼ !
xsa chanchwe.
ekʼo kʼi cheʼ, chiuwa chrijuyub ʼ.
a re waʼrini ma la j p ix a bʼea re w aʼrin a bʼe.
x re taʼ maj chiru kʼ pa kʼ kut ij wi
ja sutza kik les u bʼ x u ʼa no ?
aj xo ʼ y riwikan.
we tane aʼ re xe tijow le rik il, a re leko mo nxeti j o wi k.
sibʼala janin aqkach ʼaw leareʼ chin u wachin.
utz wekin chakuj.
meʼ s laʼ.
k ʼok anwar ech kaq a t i jo.
xi n sik ʼij l a.
ri akʼal x sach kan oqje la ʼpata qʼaj.
xe sikʼi j la.
j awix kib ʼi j wichi keʼe wi ?
rumal che, manix tari ʼ rikix chʼawik, ar erir ux lab ʼ ax el rii t at riʼ rik ch ʼaw na iw uk ʼriix.
kʼa kʼri wa cho ch.
sibʼala jutz ki nwilleat zʼ yaqre c hnahuala.
saqpor k kayri kipoʼtri nan.
x sa chon rin ucha k ch we.
waʼim xu chapo.
r iq ʼ aqʼ t aj ink aj uluwi k.
naj ilup amr isiwan.
ekʼo r iqach al alpa chiuwiʼla .
jas xat aqchi ʼ j lea kʼal ch ut iji k?
no ʼ jim u ke mi kle pas aw umal.
kʼo junkukubʼi ʼ tintin, waʼ le la jkuk mamka jeqit aj , kap aqikax ulik pauwiʼ uqʼab ʼ t aqche ʼ , sibʼal aj sa kʼaj , ke ʼuto lee ni maʼ q, ch ʼut in, rachiʼ l, aj sip an elsib ʼa la jutzra nimaʼ.
r iupix ab ʼ leq ʼat bʼal tzi j kiya ʼub ʼi xi k.
naxsa chontach ke x ea tinik.
xe qille chiko p puwileja.
x loʼ t aj riak ʼal.
qonoj el kuj waʼ pauwiʼri m exa.
xsikir lewaqan.
laxat waʼ kʼut ?
nim ubʼaq ʼritu lul.
k inxi kʼi kʼi k xi n qʼa xik.
la ka tbʼe paleti n a m it ?
ripa lsib ʼala j saqʼor.
k qʼo xown uj alom.
xin naʼo chikat pe tik.
x loq ʼulewiwe chix.
x inchak unru kʼrin um am.
nax q abʼa nt aj.
kkʼo jiʼ bʼa ʼ rius ip ani kri aj awx eljesus k risto ru kʼri aw ux labʼal !
kinch ʼa wrukʼ len una n palechʼa webʼal.
sibʼal aj qʼe quʼmrum al rimayul.
arele ba x ulik.
xeko sle ixo q ib ʼ pa leb ʼe .
kʼa xri li klea kʼal ch awe.
xin qʼi ʼo xinatin pa j oron.
sib ʼalaj ni mle t i namit.
kʼax uk e mi kle pas aw umal.
xi n sachik.
t aj ink el uki kʼel paraq an rit zʼiʼ.
xin wetaʼ maj ril i kwi b ʼ
riq ʼuqʼar ejun jeʼl chikop.
kʼo paj at i jobʼal riwikaqʼ.
risachi bʼal mak raj wa xik chiq axo ʼ l.
jeʼ, k imbʼe k.
je la leʼ rinupwiʼ.
xub ʼi jche : - j as xab ʼ an otintin ?
kab ʼ an jun toqʼo b ʼ kyakrin uj al.
ka tʼek xi n ta.
ja sle u kʼ exbʼe mrib ʼ lej unru kʼ lej un chik?
aj chi uwiʼmi qʼin jaʼriluʼ.
riti jo nel naj k p ewi.
teʼ kix chob ʼub ʼi ʼ ri n ut at.
rij aʼkam iqʼi k chiuwach riqʼ a qʼ.
rit ʼuʼ yk paqʼowi k.
kinme sonna.
naqajat k ʼo wich iw e ch.
xinb ʼi s onik t aqnax a t pe t t aj.
wex k am ri winaq, rip waq rech t oj bʼal mak aj k yaʼ chik ech rir ala xik.
rin u nanxb ʼe pa kʼay bʼal.
x ojuk ʼam u loqre ch ko j ri lo
x kʼoto chinchi kiwach chikinwa ʼaw u kʼ.
naxki k amsaj ta j xki kʼa mb ʼi choja.
kʼa kʼri ikʼ kamik.
ximbʼeru kʼ le a jkuniwir.
ri lik.
le tzʼ iʼ xekosi k.
x ink iko tawuma l .
rii mulxuma j ria nim , x u yakan leko k.
kʼo oj che ria kʼ al.
x uj b ʼepa junk ʼula nem.
utzwe k war al aq.
ka qilo china kojukʼa m t aj .
x re taʼma j chiru kʼ pa kʼkuti j wi.
sib ʼ alaj xi nkʼa ʼ narik.
xin kochi j rinuwa.
mank at ko win taj kat ch akuni k, weman kʼo taria jil abʼal.
wewo non xub ʼi j chi ke : - kix into.
ri ala nim k ri lwi ri u m am.
x kaʼ ych irij , x kaʼ ychuwach, makʼot achij un ksi lob ʼi k, x oqʼi k x ux e ʼ jrib ʼ x chʼop inik xt za lij loq x ur iq t achi kriubʼe.
kʼop u sche riwa.
p ine m nak abʼele watz, kimbʼe wi in pakaʼ y i bʼal.
rinanto ʼ n nim winaq chik, saquwiʼ, ro noje la qʼab ʼutz kun a ʼokat ʼuy iʼpa u tem , kum iqʼi saj rib ʼ cho riqʼi j, kʼo junuwiʼ um am ubʼi ʼate ʼ k.
man e kʼit ajriqula ʼ.
qʼalaj chin akaw aj t aj kab ʼ ij
x pa q ab ʼ is axra jil ro noje l ri ke m.
kʼop arij ulri ku matz.
ro no j el qʼij kin ch ʼ ajlen u war e.
saq chikanlei chaj re ch kat za ko.
chux eleq acho malka qatij wij unqa me qʼin.
cha wilaʼ.
e kʼo job ʼ um iʼ al, r in ut at.
jas r ukʼ xa wil wi
jeʼjas ri winaqrech ri uwa chule w , x oquje ʼ ke pe nariʼ rie ʼa re ʼ che e re chriuwa chule w ; jeʼjas ri winaqrech rik aj , x oquje ʼ ke pe nariʼ rie ʼa reʼerech ri ka j.
xi n ti jo.
k t zʼ ujuwrir achoch ri poʼ x.
x uqʼi ʼoareleu k ʼul elx yaʼow uwa.
ria welx re t aʼ maj ch ir ajawax ikman kux ej t a rib ʼ che rit ukur.
juk ʼul aj winaq xeʼa nimaj bʼi k.
jeʼ, xin tzali jik.
xoj pe ti k xol q a kʼamaʼ.
maj jachin x ʼek.
in aj ti j ; atti j oxel.
saquw iʼri t at aʼ.
wech ri ke m.
lero ʼ chleateʼ k kʼo ch wa chle u kʼay le nu nan.
kbʼepa risiri ʼa e p aris ilisiʼa, jawijeʼ kuy awiri kich uq ʼa bʼriko mo n t yo x.
p ix ab ʼ : manutz t aj kʼax kuj ch ʼaw chikij ni kʼaj qa chil.
x kuna tajleal i ( kumal ri ixo q i b ʼ ).
ri xib ʼ ibʼal chikʼowi pataqriqa kʼas lem a lro noje l qʼi j.
nak uj war t aw aral.
o nche kkʼo jiʼ ri u tzil chixo ʼ l, arech jun amriqa ko jonik, juna mri iwe chix ru kʼriwe chin.
pa oxqʼij ris aʼ n kbʼen aruk ʼri ajkun.
k awinaqw uqubʼ.
jaska waj kin ti jo?
wet ax at b ʼe w u kʼ pa le tinamit, xa loq ʼ t ala ʼ leuja staqlea kʼa jo l.
keb ʼe pa waʼi m.
xi nloq ʼk ʼiwa.
pa jun nim kʼache ʼ laj, kʼo junk ʼwa ʼ sibʼal aj sa qlo loj, nimuwach.
k waj katij ju bʼa ʼ wa.
rono j el winaqk ri lnari uk olone mrid yos».
x kʼoto chinchi ki wach chikinwa ʼaw u kʼ
k waj nakat ʼetaj.
laxa loqʼjuna lej ?
e kʼo rie loqʼo manel.
ri u kab ʼub ʼ iʼrin u ma ma reyay.
kin jop ij riijaʼ rech triko.
xnaʼ taj ch ke xe atinik.
xate ʼ qilaʼ.
kakitijal anxa xri wina q.
. . . kinb ʼ ij chi a re wa ʼ sinxi ʼan.
nax innab ʼ ej t ach ut asik qa kʼo libʼal.
ruma lrech che we ri in, kinch ʼaw ru kʼ rid yo s pach ʼ abʼal, k ch ʼaw n ak ʼur iʼriw ux labʼal r ukʼ rid yo s, kʼate k ʼut man kʼot aupat an riʼ ch re chrinucho ma bʼal.
xepe ti kxkilo.
xutawe ka tʼe k.
utzu kemi kle pas chawe.
ri nuw akax x ut ij jun qʼoq ʼrum al riʼ x ka mik.
rum al ri kʼix , man ke waʼ t aj riwinaq.
xeʼ uli k.
qʼe qrij ria ma ʼchi j.
x ra j kaʼ eleu nan.
junam ki j unab ʼ.
naqʼa laj tajwekaʼ e k.
ri wi x nam ch ʼaj chʼo j ri racho ch.
waralman kʼot a ja j awal.
na iwir ta xrille kʼamo lbʼe.
x inpe loq te kʼuri ʼ xin t zuk uj ro noje lrinura jil.
ri ajti ko nel ku t i k ri tzij .
kʼo eki k ʼaj olle ach ijabʼ.
kut ijqʼayesri ix paʼ ch.
p ariwa ʼ bʼale kʼo k awinaq achijabʼ.
sipo j ina qrin upam.
kayaʼ t a jik ruk ʼut i ʼo nem junri ur i qom le yabʼil am olot se t séx uq ujeʼa re kayaʼ t aj p at aqrij uyubʼ.
jachin ria chi ?
rin um am x ka mikareta qkʼo jumuchʼ l ajujujun ab ʼ .
kinkow inik kinkʼa mb ʼi lep waq .
kin wilo chiu tzr iajiʼ.
xin qʼi lria poʼ x che m ankach akun t aj.
kwaʼchi uwa chleta qʼajr iama ʼa kʼ.
ri imulx e poqʼi k pa juni kʼ.
x kʼis kan oqriq ach ak.
arerialixo j ilo w kanoq.
sibʼal ajch ʼ u ʼ j riamax.
kʼon uwachiʼ.
inch aj in elke chlea kʼa lab ʼ .
xekosle tz ʼi ʼ .
kin b ʼe n ak ukʼ ri m olaj .
ro noje la qʼab ʼ kin y it zʼ r iw akax.
kar ap inik x ut zuk uj chi j unawaj.
leu k emikle pa sa ninaq (aw um al ).
maj ura jille qʼa bʼa rel.
kʼax riʼ rikach ʼ awik.
xo juta qchiʼ j le ach i chuloqʼi kich aj .
sib ʼ alaj kʼa xrix kʼulma xik.
x kil o chinak in kʼo xoma j ta j .
xnaʼ taj ch ke chixe atinik.
x kʼoto chinchi kiwach ch ixoj al woʼq aku kʼ .
jun qʼuʼ qr ajil rikax la ʼ nwa .
xin wil o chi xe ʼeli k.
e kʼo i xo qib ʼ pa le kʼayb ʼa l.
man kʼot a jukʼ isikri mayab ʼaj lab ʼa lil.
risink kʼi y pa t aqʼa j.
ri chʼima mank kʼiy t a j pataqʼa j.
r ajawa xikk jikik riwaq än.
kawaj kinʼek.
ekʼo ox ibʼakʼ.
xub ʼi j ch weja wia tkʼo wi.
ch weʼq kuj bʼe ʼ pa m uquj.
p asaq kʼa jaʼ k bʼanw iriuq.
xo j ki sik ʼi j .
xi n wi l wibʼ.
ch aqʼ chi kriwa.
kimbʼen a k apalew o ʼ ch.
kawaj kinʼek.
ri chʼu ʼk t i j r ukʼ lej.
p arikiq ʼ ij kam i naqib ʼ kbʼanqʼ orikʼya ʼrech aj : nab ʼerina nkutz uk uj kanri aj, kuj a chʼo ʼ x uqujeku kʼe to.
jask aj bʼalcha nim ?
u tzucho mani k riali.
par iqʼi jox la juj t ij ax kinkʼis ke b ʼjunab ʼ kincha kunwaral.
sib ʼa la jko , rik ʼak ʼ ch ʼat.
jaskar ajkub ʼij … ?
richʼi chʼkas ilab ʼ i k.
pa ojer qʼalpul xaq xuw irin im winaq ke kʼamo wbʼe.
le ukuna xikle ukab ʼ ukʼut unikar erukʼe flor ni tina o n ut unib ʼa xikle nif ur t i mo x chiʼ le flor ni tinache ch t. b.g.
areria chix inch ʼayo wi k.
juna chiub ʼ ikuʼx us ipaj ke b ʼ kʼaʼ mulewre ch kabʼanri tijo bʼal, ka mi k, kʼo chikaj t ij re chriko monxech pup.
x umalt yo xij ch eri aj t ij ro noje lle x ukʼ ut chi u wa ch.
pa rib ʼe xkir aq jun a la jim uls aqrij, x kikʼambʼ i k.
x ril le b ʼa leala.
j ask ubʼ ij ch we ?
le u k unataj ema re ru kʼ utz ukuxi kle uchi kopil pa jun uso li kux e ʼ le kikʼon leja ʼrech j un no do.
utz wen u tzʼi ʼ .
jeʼ, t a j inka chapo nik.
kin u loq ʼoj le n ut at.
kawaj kimb ʼepati namit.
arela ʼ kin ch akuj.
rinima ʼ qt aq winaqkʼo ke t a ʼ m abʼal.
wet ax at b ʼe w u kʼ pa le tinamit, xa loq ʼ t awa ʼwej astaq.
rikikʼa slemal. waix imule w xa junchi maareta tinimi trim a
ri u kʼyab ʼaln a jup am.
xatqa j chiupa mriil.
noji m ka twaʼ ik.
wekʼo junk t uq aʼ rik , ¿ la manxo qujeʼtaj kint uq aʼ rrii n?
ojojwo kolja.
aw askbʼankʼ axche junnimwin a q.
xin ch ʼaw ap anru kʼ lewana bʼ.
kʼaxri upa mrijuʼl.
taj in ke waʼ rii m ul.
la kaj l akuj t za li j la ani na q?
ruma lrech cherima kaj man kʼot a uk owin emp iwiʼriix : ri ix manix kʼot achich ux eʼrip ix ab ʼ , xane ixkʼo ch ux e ʼ risip anik.
nim raqanle che ʼ.
xi n chapo.
arele tuʼr le loq ʼo manel.
x askat kʼoj iʼchiupa mrichʼ i chʼ.
sibʼal ajni mraq anri kʼama lbʼe.
letz ʼi b ʼ abʼal we chin.
in xi n to ʼ w la.
x ajekʼur iʼriix k am i kriʼ manix kax la n winaq t achik ;ri ix , ix re ch ri kit i nimitriet yox laj t aq winaq, ix re chriracho chrid yo s.
xin ti ko x l aj kʼali ch aj .
k aqariq qib ʼ ch weʼq.
sib ʼa la jutzche ri wi ʼ aj rituney.
wen aj upuli k t ax eq a jik. . .
x into ʼ t aj ch erinucha k.
kʼo ju nchi kop ubʼiʼ pum.
poqon ri ik.
xo j bʼi n ik.
x uch ʼe kro noje lle retama nik x p aq iʼk kʼax k wʼ inik x ubʼan ajkun.
ke lub ʼi k pari judeʼa ektzal ij chi ub ʼ ijumul pariga lile ʼa .
xinaxib ʼi j pabʼe.
jeʼlkʼo le mchi awa cho ch.
ro noje lriya ʼ t a lilp awe qʼat aj , tzʼ aq at kiwa ch, mank t zaq t aka noq xuq ujeʼ mank t ast aj.
x uk unaj ley aw ab ʼ leaj qʼi j.
chit a t a b ʼe jjasle kimb ʼi j.
ch ʼanal ri achi.
pabʼo koʼk ach a kunwirit ax.
uj kʼo pa u w uq qʼij.
k iʼri ukabʼ r iaqa j.
kʼor ach al alpa t zʼo loj che ʼ ri pe ʼ l.
x kil ochi kin kʼo xoma j .
ri uk isa kʼutz k yaʼ i k chiux e ʼ rit i koʼ n.
a re taq chiʼka qʼanp uwiʼri jukub ʼ , ri achiche x kʼo jiʼ ri itzel ux labʼal r ukʼ , kut ach rech ri areʼ, a re chkkʼo jiʼ ru k ʼria re ʼ .
naka bʼant a j t aw u mal.
xnaʼ taj ch ke xe atinik.
xinpa j rinutri ko.
xe ʼ okri pokʼ pa ri u mex ari poʼ x.
kaj uluwri aqʼa ʼ l chiux e ʼ rit ʼu ʼy.
awe chleja.
x ujbʼe patz uri k.
nab ʼexa topanik.
ri u kab ʼub ʼ iʼrin u ma ma reyay.
uwajxaqu ka kʼaltaq an i k ( 28).
mat akʼojunka kan aj kanoq, qo nojelko jbʼe k.
enima ʼ qle alt omabʼ.
nimuwach ri poʼ t.
ko jonik pari u tzij waix i m u lew.
jasxu kʼam bʼi le tzʼ iʼ xa wilo ?
xin pe ti k, ta t.
ribʼela j uwach.
chit at a bʼej jas riki m bʼi j.
jeʼl kunaʼ riab ʼ i xchiupa mriqu qulew.
ki n b ʼ is ojuwach le wal.
xu tʼu yubʼaʼ.
ni m ria we qele ʼ nx ariqo.
xi neʼ waʼoq.
chiʼk ewarwile a kʼa la bʼ.
rinumi ʼalx ut a qlo qjunta qoʼm w uj ch iwe.
qʼe ʼ lik, richaj pa ri bʼe.
lautza wach ? - utz malt yox , e kʼuria t ? – utz malt yox .
x ink os ru m al nucha k.
kbʼe ku kʼrie ʼa re ʼ ektzal ij parina sarete keʼu nima j.
rij oj x u kʼa mb ʼi kriakʼ.
kʼo chi wachiʼ l ch anim.
kubʼi jchech naʼ l kabʼa ncheria tzʼib ʼ .
e. . . ink awa j katz jo j bʼil ach we.
mata xin ya j le ali.
jachin r ukʼ k at bʼe wi?
kʼo sib ʼa lajeta ʼ ma bʼal parima yab ʼ no ʼ j ibʼal.
em anxor ij up uqke j .
ka sum u m rikaqi qʼ.
e kʼo kaj ibʼa kʼa lab ʼ pale bʼe .
jeʼ jas riut at k kaʼ y i k.
x aq at mo lonel tzi j t al.
le nut at ka loq ʼonch we.
xa qt an e kimbʼe iw ukʼ.
x re taʼ maj uch ʼa jik.
rum alla ʼ xko j“ xal qʼat ” cheub ʼ iʼri ko mo n.
a re le u ke mik pa sxre taʼma j.
ri wat iʼt kubʼan nar iupatan.
kʼa kʼ lepoʼt.
re taʼm uwach jach inx lo qʼo wrip as.
ken chʼab ʼ ejlea k ʼala bʼ.
yaʼ t alch aqe qo nojel riuj win a qutz ka qil qibʼ.
xko t iʼ paqʼa ye sxo qʼi k.
k awinaq bʼel ejeb ʼ qʼat aj.
e kʼoka jib ʼ ralri imul, jun sa q, jun qʼan, jun qʼe q, jun qʼe qoj , sibʼa la jketzʼani k, ke chʼop inikri alaj t aqi mul.
k cho lo l riachach al.
ke tek ikr iikʼ.
xe pe ti krech kewaʼiw u kʼ.
t zatz riuqʼanil r iakʼ.
x oj t za li jik xi xe ʼ q aqʼat uj ku kʼ le ita tinan.
r iyo ʼ x taqa kʼa lab ʼ ke kik ʼux ria tzʼ yaq.
we ach iwex u sipaj jun poʼt ch wexka mik.
kk ow in ri kuna nel chekuna ni k.
x jiqʼ pari polow.
x arum al sibʼal aj r ajawa xikle lo qʼalaj jaʼ , le winaq x kibʼ ij : che we i kʼriʼ qo no jelkujbʼe che u ti kik taq che ʼ .
ri u nanerier ach al alke peulo qru kʼria reʼ, kʼa tekʼur iʼ, ma nke kowinta jkeqi bʼuko qru kʼ , rum a lrech che ekʼo sibʼal aj winaq.
ruma lrech , che man kʼot a junk kow inche u k ojik junti kibʼa lil chik chuwach ri ko jom chik che ar eri jesus k risto.
te kʼuriʼ x ut zʼi bʼajrib ʼ pari nimal aj t i job ʼa lrech aj ku ʼn.
kaj uluw rich ʼum il chaqʼab ʼ.
kʼis bʼal kan oq, xoquje ʼ k kam riixoq.
le alaxo ki k.
kʼop waq pa uwiʼri m exa.
arek awaj nak inʼetaj.
riya wal kuk oj ri alichi ux e ʼricha kach a reus u ʼ t.
n akaq akʼamt uʼ bʼi kam ik.
ri aj t ijkubʼij chi ke : r ajawa xik ke q ach aj ij ri awaj , a reutiko ʼnria jaw.
xin ti j muk uniwir.
kʼax leuwiʼ t aq len uqʼ abʼ.
xin loqʼjunil bʼalwi bʼ.
waʼw eqʼij, ni mubʼant aji k.
riu xe ʼal riq at i nam it mank asach t aj.
xo j bʼi n ik.
ri ach ala ljuna m kiwa ch.
xin wetaʼ maj ril i kwi bʼ.
nim riu na ʼ o j waj t i j.
m iqʼi nrikʼul.
aj qʼo jo mria teʼk.
che le sa ni kcheʼ kbʼanwiriq ʼo jom.
ka pelea wel pan awaljaʼ.
ri meso nel ta ji nk cha k uni k.
utz chaqe k aqat oʼq ibʼ, taq kʼo kʼa x kʼolil, kate we chiʼ nria jawp aq awiʼ.
xawil o, x qʼat an le i bʼoy.
xa t ko winik xabʼa no .
kiʼ rikʼawex.
kaj ili l ri b ʼe .
lea li xelb ʼi k.
ar eʼ xra j xinbʼano.
nim weabʼa j.
jeʼlikuti ʼ jo la lrisa qkoʼ r.
noji naq rik ej.
wekat i jan x ux mank at utoʼt achi uqʼati xikle kʼak ʼ yabʼil corona virus (2019 -n co v ).
nan imt a raq anwa ʼwecheʼ.
utzala ja j chak, riwel.
¿jampaʼkuj bʼepa nima qʼij ?
r ajawa xik t an el aʼk at ch a kunw u kʼ.
x utaq chiʼ j pa waram pulew.
manar et ari ax wanxeli k.
riawix x u loqʼ racho ch renimal.
areri ix oq xinsik ʼin uloq.
ri chʼ ima kʼa tʼon na.
lax ibʼanle ich ak?
kʼi tina mite kʼo pa chʼo ʼ j.
kʼo jup uqchi jchiux eʼricheʼ.
riu x aqri ab ʼ i xa reu wari ke j.
ka winaq qʼat aj.
l akix pe pa ti job ʼa l?
we kecha jix taqle kʼwa jach a kinbʼij ; junali k kʼ ojaʼ x uqujeʼsi bʼala jsaq lo loj.
x retaʼ ma j.
ria lab ʼo mria litomab ʼ t aj inkikit ij oj kib ʼrech sut aq, a rek ak aj kikibʼa nnimaq achij ab ʼ chupa mriki kʼa slemal, x uquj ekʼo chik jupuq bʼixo nel chupa mriko mo n.
latzʼ u wachrib ʼe.
kʼa kʼriachʼ ich ʼ.
qonojeluj, uj mayab ʼ t aqwi n a q.
noj el qʼi jri at iʼ x kuyuq ʼuj let aqawaj jelaʼp ani kʼaj jaʼ , ch irij ri juyub ʼ ub ʼ iʼ te naʼ.
p aqʼo mchi k risiʼ.
kintz uk unchela.
kakit ij le kinaqʼ, le ich aj , le uwaʼ lik ru kʼ lej.
xekana j kanle aj cha ki bʼ.
ke tikon ria chi jab ʼ .
sib ʼa laj itze lubʼant a jik ri chʼil akan.
ria teʼk xumalt yo xij ch erira tiʼt, ruma lriutza laj no ʼ jibʼal x uk ʼut che ch.
k kamulix uch a kri ab ʼ ix.
lax in u tzukuj le ti j oxel?
are ʼ kach akun rono jel qʼi j.
lee kʼaʼn at aqt zʼ iʼ.
saqri jrip lamu x.
jas xaqʼi ʼ oxatijo.
jas ru kʼ x kich ap wi ut i jik leri kil?
wek at at i nru kʼ kʼat an jaʼ mank uqʼat ej t a le kʼak ʼ yabʼil corona virus.
l akat bʼin pale u xlan bʼal ?
la waral kʼux ixwaʼ wi?
arelen ut at k in lo qʼoni k.
t aj in k ch akun ri ala.
kʼori kiʼ k otemal aw ukʼ.
xu t a jachin ka ʼek.
xa t waʼi k xi nwilo.
x t zaqriracho ch rum al ri jabʼ.
palej unikʼ chikar e nima qʼi j.
e ke bʼäm ke b ʼi n p auwiʼ ritem.
me mri achi.
r iwikanch al iʼy kelpa juyub ʼ ch witzi ri bʼal.
lera jil , lapa jax el aq ʼ axw uʼ bʼi k?
parisuʼ t p isom wirilej.
k oj pe tik kol qa kʼamaʼ.
t a j inkat chʼopi nchiuwa chritaq ʼa j.
leq ʼorx chʼ uqik.
kʼax wa ʼi m aw umal.
k in bʼi sonchele wal.
sibʼal aj kʼo kʼri awa tzʼ yaq.
ka mik x ujbʼe che u ti kik t aqche ʼ par ijuyubʼ.
kin u loq ʼoj le n ut at.
cha qiʼ jchi k rich aj.
x yili xhawa y i.
nax naʼ taj t ach ke chixeat inik.
ru kʼ kʼuwaʼ we riʼ, riixk kʼo jiʼ jun ut za la jikʼ aslemal riʼ ch kiwach ri winaqche mane kʼot aiw ukʼ, kʼate k ʼur iʼman kʼot a jun winaq riʼ r ajawa xik ch iwe ch.
e pe tina q pab ʼelerachal ax i k.
k ak aj lea kʼa lab ʼ ke waʼi k.
x uj ch ʼ ay bʼi k.
rin uchakare qʼax el tzi j.
kʼon arux lab ʼriawa j.
taj in ke lloq, ri qʼi j.
x uqʼi ʼo xk amsax rirachal al cho ch.
rinuma marekʼ ouqʼi nom al.
x kʼulm at aj jumul, x ub ʼa njunnima la jjab ʼ , manx b ʼeyeta j t anax ukʼi sle uy uq ʼ chike.
am aʼ rinu t zʼiʼ.
jewaʼkat pe tik.
xin ko si k ruma l x inch akun i k
iw echchi ju j unal, riwa.
x uqʼi ʼon axat a tinta j.
inriq t ajin aqpari kʼay i bʼal.
nawe taʼ m ta j.
kʼaxlen uqʼa bʼ.
utzle x ub ʼi j leachi.
kem atzʼi bʼ.
kʼor ach al alpa t zʼo loj che ʼ ri pe ʼ l.
ro noje l waʼ wejast aq riʼ , x ask sach wi uwach waʼ ;ru kʼ we riʼ, riix, r ajawa xik chekʼo ju nt yox la ji kʼas lem ale kkʼo jiʼ ri ich ʼaw em rukʼrid yo s,
x muqt a j ri pa tzʼan.
ri chʼich ʼ tzi jom kan oq pariu k ʼol bʼal.
man kʼo t a ucho la j pa t aqriaw u j.
jachi ke ikʼle u nima qʼi j leti nam it n a walja ʼ ?
xe pe tik xol ki kʼamaʼ.
kach uqʼchu tri jaʼ ch iap am.
xinb ʼi jiwir chi xeb ʼe pa armita.
a re ʼuxe ʼoje r tzij waral kʼi che ʼub ʼ iʼ.
xkʼi srinusiʼ.
j awix kib ʼi j wichi keʼe wi ?
¡ x ajekʼur iʼ, jachin taq rie kʼopa rijudeʼa, chich anim cheʼa nima jubʼi pata qrijuyubʼ,
kʼa kʼri abʼ.
la kʼoju nn aka kʼo xom aj ta j ?
nautz taleut ʼiso mle almariy.
manyaʼ taltaj chi aw ekato k pa j a.
jeʼ , xat utzuku j.
a rekel wa jxaqib ʼ uqʼij rix kʼo jik.
ri xun kurk kʼo jiʼ pataqri triko.
xi n sachik.
xu t ʼuy ub ʼa ʼ
n anuto m taletzi j …
wa chʼo mriki wari noʼ s.
ekʼo jobʼ chʼil wakʼ.
r ajawix i k chip at aqri tijo bʼal, p ani kʼa jubʼix i k chik
rir aj aw rule wareʼta tkel.
we kʼuxo kik, we kʼna xo k t a
we achix u sipaj jun pʼo t chwe.
at at utaq oʼn le qʼataltzi j.
naqʼant auwach le qaprut.
rix aʼr kʼo pa uwiʼriq ʼaq ʼ k po qʼowik.
ri ro qʼe jri ali jach ak pe jun ak ʼal.
kʼoj unala patijo bʼal.
sä quw iʼrit at aʼ.
ri witzikʼ t aj ink pelo q.
jawix sacho nwi k anuyaʼik lep wa qche.
utzwe achi we xin kunanik.
qonoj el kuj waʼ pauwiʼri m exa.
ri kax la ʼ nikman poqo nt a j.
i n x inbʼeru kʼ ri wa chiʼl.
sib ʼ alaj jeʼl xki loxe kitzo qopij ri kichij chilaʼ.
kinb ʼi nik xinʼ ek.
kʼax kʼolik, k ach aʼ.
kut ijix i mriakʼ.
ria lix chel, x uqʼi ʼ oxaj un akʼ x sip ax che .
x q asi kʼij leixo q chutzaki k sub ʼ.
mat ax ab ʼi nsa j le chʼich ʼ .
ri p ix t zʼar alik ruma lrieqaʼn.
¿ j ampaʼkel chi3%
kʼoj un nuk ʼoto j chiʼaj.
t aj i n kewaʼkat ri ala bʼom.
xin loqʼle nukʼa kʼa poʼt.
nautza kikt a sub ʼ taj inku ʼa no
xo jut aqchi ʼi j xo jwaʼi k.
iwe chriab ʼ ix.
saqrij richij.
aj sik ch eri tinam it k elwir it at aʼ.
- ¡ ay!x ax intza qul oq, kʼax wewaq an.
x kʼulm at aj pa junko mo n chiʼ uwach jun juyubʼ, x ur iq aj un qʼij x kiriqkibʼ junim ulru kʼ le kok.
jas xat aqchi ʼ j lea kʼal ch ut iji k?
xin cha pos ux uloqʼo.
qʼino mria chi.
rik ʼum k t ijow r ukʼ ka bʼ.
taj ink ej ach ʼanik.
tzebʼa lu ke m i kle pas aw umal.
are kayoʼ w leuc hiko p illeub ʼanta jik t ry pa no soma brucei.
wekat nim aniku tz k el ik.
pero noʼ jimalpet naq loq, .
arele nu ch ak junt zuq bʼalwibʼ.
x kunax ley aw ab ʼ rum alle aj qʼi j.
ri ukʼuʼ x tzʼib ʼ paqatzi j elajuj.
sibʼal aj jeʼ li krieq abʼal x ubʼanrilu ʼs.
sib ʼalaj a tkon.
em anxor ij up uqke j .
nax naʼ taj t ach ke xe atinik.
ri kʼamalbʼe xubʼi j chike, chi maj ari anim.
jum uchʼrin u junabʼ.
qʼiptaj in aq riraq an rite m.
k ch a kunru kʼri josbʼal cheʼria janel.
xat aqchiʼ j lea kʼal ch ut i jik kar.
oj kʼo palero ʼ chleaw el.
¿la katpe qukʼch weʼq?
lewi n aqpale ch ʼ ich ʼe t ʼuy ullo wi.
x kan ajka noq chi ux e ʼ ri jabʼrich ʼaʼ n.
nim ri ja.
wet ax a kuna j leat at mat ax kamlaʼ.
nan u kʼa mo m tuʼ lar iʼ.
chq anukʼu ʼriqa tzi j.
kimbʼe paleti namit.
xi nqʼi ʼo naxi n a t i n t aj.
r ajawa xik ka kʼam anch aw eleut i jik lelej.
kʼ isbʼalt aq no ʼ jib ʼal.
xi neʼ waʼoq.
xkib ʼ an kʼax chele uw osa qrum alma nutz t achika kay i k.
ri qʼut uʼm man ke ch t a lea k ʼala bʼ.
a re nan imt aleat zʼiʼ chuwach len u t zʼiʼ.
xe pe tikxol ki la ʼ .
¿ jaw chiʼ xat aʼ chexk am ri uma mripoʼ x ?
e keb ʼ ke kʼamb ʼi k patuj.
xi nlo q ʼ jun jap ariw o k aj j a.
ri axt u ʼbʼ , kʼo qulaj che ch.
jaskar ajka ʼan chutz aki kle tiʼ ij.
xu ti j lewa.
xim bʼal re tzi j.
x pax rib ʼo ʼ j.
wekaw aj kat i n toʼo x aq xuwi kabʼij chi we.
jasn u kʼ uk uchʼo bʼo.
jaskara j kuti jo?
xex r ux lab ʼrir ikil.
enitzʼa ʼ qle t aqi mul.
wet an ein xin bʼa nowi k, a relea teʼk xb ʼanowi k.
kintzali j palen uti namit.
rin uch aq ʼ kʼo pauro ʼ qʼat oj t i jonik par itijo bʼal.
xinxi ʼ jwibʼ xin ch ʼawik.
kʼoch war oʼchle pare.
chir aqankab ʼinwiri t at aʼ.
x sacho n kanuy a ʼik lep waqchechoj a.
xin qʼax chi kixo ʼ l riwinaq.
keti konik.
ri ule wmanqech t aj, ke chriq atiʼ t q ama m.
xe pele wina qxol ki kʼamaʼ.
x uloq ʼriw uj rum alria li .
che w eqʼij ka mi k kʼo junnutzi j o nem chirij len ut i n am it.
kej riʼ .
xkun anal aq ch we.
k in u sik ʼi j le n unan.
ri imulx uchʼij t aj , x kanaj pab ʼe , rumal ri nimal kuj aluj ri imul, x utzaqriani m.
kubʼanri ux o qʼo ʼ lriaj t zʼaq.
rila sib ʼ ala jutz che kuna bʼal.
kʼikiwach rie ʼaj ch a kibʼ pariko mo n t yox , kʼate k ʼut xa junchi aj awxel;
x qat achix at ulik.
k awaj chika tʼek.
ch ʼut iʼ n kekanajrix a jab ʼ che ch.
kaq ax iʼ jqib ʼ kaq a chapo.
ekʼo keb ʼ uk ʼaj ollet at x wan.
luʼ sub ʼ iʼrirech am.
aj chi uwiʼmi qʼin jaʼriluʼ.
xin yak anle n uch impa kʼa ybʼal.
kʼate xri lo , x periuna nche utz ukuxi k, x kikot i k, x usalab ʼi saj rit aqu xkin.
xki kʼut chi uwach ri aj t i jxuq ujeʼ chi kiwach rit aqni kʼaj kachil.
utzlenuqʼa bʼ.
kulleal weʼlpa austinch aq ʼab ʼ ka mi k.
ri ateʼk x t za qloq a re chikʼo pauwiʼri qʼaʼm.
aj patan ri teʼk.
xatqa j chiupa mriil.
la kʼotz ij naki kʼoxo m aj ta j ?
xsa chonch ke chixe atinik.
rono jelle u lewe ch alaq.
laxeb ʼe k ʼul ax e ʼ ki jaq akʼ ule uchiʼ ja?
x aqkat chʼokna jiwir.
kami kkʼochi r ij ast aqawe.
are chiʼ ka kʼis ri junab ʼ kʼo qʼino m.
pan awalja ʼ xinale xik.
nax inta t aj we areria kʼal kix t zuquwi k.
¡ rule wrisa bʼulo ne rule wrin ef t ali, ub ʼeripo lo w , rule wrij ord an, galileʼa kech rijet aq amaq ʼ !
r ax , r ax , r ax , kʼo kʼ, kʼo kʼ, kʼo kʼ ler ux lab ʼ le taqti koʼ n.
achixatwi lo.
paq alraj ille p ixka mik.
xo j bʼi n ik.
pa jun jeʼl t i jobʼal kut ij oj rib ʼjuna kʼal , ub ʼi ʼ poʼ x , utz kuri lo kepatijo bʼalro noje l t aqqʼi j.
x waj chix at ʼe taj.
u tz laʼ lex ub ʼij le achi.
wet aʼam ja chinka petik.
kinqʼojo manik.
xin qʼi ʼ otakʼa li k xi n pe t i k.
areʼ retaʼ m chekino pan ik.
are tabʼal eq aq aj aw ch at toʼwi k.
k awinaq waqib ʼ qʼat aj.
naq aj chik che ri u waq k aj bʼala re t aqch iʼk sachuwa chriqʼi j , ko kriqʼe quʼm chuwa chule w , chikʼa teʼna rib ʼ eleje b ʼ k aj bʼal.
job ʼ raq an ritz ʼal amxeporo xik.
sib ʼalaj ko r ij ri mop.
are waʼ.
jelaʼpa ri timinit ch wi kabyo kre ch xel ajuʼ, le qananq at at kaki tiko jeʼla laj t a quwachich aj.
kʼaxnu qul.
xu ʼ luk ʼamaʼ.
ko j ul ki tz uk uj .
a re man kʼax t a ukuna xik aretaq ani naq kaʼ ilitajwe yabʼil al xuq ujeʼ mo joʼqa kuyaʼ le kʼa x kʼolil che chlejo lomaj.
riwel kʼopa ti j onik.
kawaj kin b ʼi j.
ri kotz ʼ iʼ j kqako jchiupa mrija.
qʼe q qʼ ojr ijri am aʼk ej.
nax waj taj x inchʼ awik.
ch pe tabʼale loqʼal aj jabʼ.
x sacho n ch kexat kisik ʼij .
eleqʼal chʼich ʼ.
jachin xa wil ochi a re x tijow rit iʼ j?
mat akab ʼe len ux bʼalpa le t in am it.
pim r uq,riali.
¿kʼori m u qʼe chiawech?
k q ab ʼ ij man ke kowint a j.
kin ti j na.
kʼoj un qat ʼu ʼ yp aj a !
kʼo pu jchiup amrich ʼaʼk.
aretaqki nkos ik kinwa rik.
xa t waʼi k xi n wilo
in xin chʼa yo wle achi.
kon oje lriala xi k ke ʼe tzʼanik.
j as ru kʼ xkit ij wilekiri kil?
ani naqil kat pe tik.
nar ax t auwach le juyub ʼ .
ritz ʼal am tzʼi b ʼ abʼal rax kkay i k.
wech at ch akunik, k ʼoawa.
ma ʼ t amxat pecheri wa ʼ i m.
kam ul kin waʼna.
risiki l k ti jow ru kʼik.
kimbʼe aqʼan ru kʼ lealta l in.
x ojʼ ekxeʼ qi lalarqas ok.
xeki qʼi lle ajcha kib ʼ x kiw o kleja.
mat an exwaj le kʼu hjne mru kʼ leate ʼ k.
a re xe ʼo p anchi uchiʼ rijuyubʼ, x kilo chi manq asta kʼo qʼaye s.
kʼate kʼut, ri jesus mank ko jon t ach ke chrieʼa re ʼ , ruma lre chcheko noje lre taʼm kiwa ch,
paʼ t zrij ri tzʼi ʼ .
juwi naq waq ib ʼ qʼat aj.
atela qʼo m.
x aqa t joʼs.
ri qʼatz u, areq ʼala jriuqʼij il.
ajcha k we ala.
ub ʼelej ukakʼal taq ani k( 29).
kebʼ nubʼ iʼ kʼo lik.
lakatza lij lu ʼ la anin a q?
katzu kun la chwe.
l akajla k ojbʼeʼpa lecho mal chweʼq?
xin nab ʼ ejchu t asik qa kʼo li bʼal.
lalxin to ʼ wik.
sib ʼa laja no ʼ j ibʼal.
xoj pe ti k xol q a kʼamaʼ.
sibʼal aj jeʼ li k ri uwaʼ lri ich aj.
kʼ ax wij rum alin pach ali k.
a re t aqx uk ʼul maj waʼ x ulriu choma nik xub ʼ ij : areutz wa aqʼab ʼ kinwali jik , a re chaʼch animki nop an patijo bʼal, maj chikin kʼul maj.
oja jxo jolob ʼ pa a was qʼi j.
xi nsach chele uw o kikle tzi j.
ej ula j uj ria kʼ.
xu t aj ampa ʼ k ojʼek.
qili k.
rit i jox el mana re ta nim chuwach rir aj t ij. ri utz t i jox el qa sjeriʼ kʼo li k jasrir aj t ij.
in xati n chʼayo.
no ʼ ji m ch akw umal.
chʼur r ijochʼ.
ink in b ʼij nakats ach ta j .
uj m ayab ʼ.
ri abʼaj yatzalik.
t ajin kep ixbʼa xri akʼa lab ʼ .
cho m riaq .
xi n wa rik.
elemen kon ojel ria kʼa lab ʼ .
taj ink qʼana rik riw ere ʼ aj.
le u ke mi kle pas utz (chawe).
x uyup ubʼa u wach raʼ chi, kach aʼ,.
ris at ana skok parijud as ri kbʼi xiskariʼ o tech re ch, ria re ʼ junch kix o ʼ lrie kab ʼ l ajuj.
chuchur ipar.
ki n qum uj ri nuj o chʼ.
che ch punción lumbar amaq ʼel r ajawa xik che ch ri likleu kʼ exbʼem wilena bʼer ukʼ le ukabʼ uk ʼut un e m ley a bʼilal.
qʼalaj chin akaw aj t aj kabʼij.
kʼ oqʼol chirij risiʼ.
j awix ojʼ ew ich uloqʼi k?
kʼo ulo chʼr italin.
qʼanri j ria tiʼ t n u ke j.
laxtz alij l aiw ir ?
x es i kʼi xik, kʼate kʼuriʼ xeya jik , x uquj eʼ xe taq bʼi che usikʼi k lemes.
la kix wa rik?
arekʼule paloma xxubʼi j che : -mam kat bʼi sontaj, kinsi kʼij ni kʼaj wa chiʼ l ke r apapik.
aʼre e ti jo xelab ʼ .
riala jalis iʼ l xub ʼij x q ach ap p autzal rityox.
xsa chonch ke jachin xea tinik.
jasx u ray i j leana n x ut i jo?
xi nk os ik.
r ax ro noje lriqʼa ye s rum alle jabʼ.
ki n yawaʼ we chʼich ʼ p ine m nautz.
no ʼ jim u pach ʼ u xiklen uwiʼ.
naj kʼo wil e woʼ ch chuwa chleti jo bʼal.
rioki bʼalkʼo chi u wachris aq ja.
xen ut aqch ʼ ijke kille a kʼa lab ʼ .
kʼo ju n qʼoxo we mchi we.
tzari cho ʼ m.
we choj b ʼe pale ni ma qʼi j, ke qill eajxojo lo b ʼ .
x ojʼ ekxeʼ qi lalarqas ok.
ri ate ʼ k x ut aʼ che chrinanto ʼ n:- nanjas cheʼ chimank aj t a laqa kʼatis aj rijoʼq.
rip alsib ʼala j x uʼ y.
k ink oj rij okbʼal ulew.
ink in b ʼi j nakats ach ta j
a traj ku n l en unan.
kuq amuj uj oronria j tzi j .
luʼ t zʼal am ubʼi ʼ r iachi ke l panimche ʼ .
jeʼlikuti ʼ jo la lrisa qkoʼ r.
kʼo junxa ʼ r pa j a.
xi n loqʼjun kʼa kʼp at an.
kʼax uk e mi kle pas aw umal.
an in aqu ke mik le p asaw umal
rich ʼaʼ ns achin aqpat aqa bʼix.
rax taqle kotz ʼ iʼj.
me som kanoq riupa mja.
manareta ralaxkos ik.
riko mo nxech puprech uq ʼab ʼ tinam it xo ʼ la bʼajre ch qʼumar ka j.
lautz aki k kʼus ub ʼ taji nku ʼa no ?
katela !
naxuti j ta j .
x arum al ke taʼm ko noje lr iwin aqk kiq umuj l ejaʼ.
i wir x uj t za li jlapa kʼaybʼal.
qe taʼm che ri qawaku juto ʼo.
ri aj t ij , k ya jon chik ech ria kʼa lab ʼ.
ja sub ʼa no m len uchʼutit at ?
ch weʼqki nbʼe pa nimtin amit.
utz we kiwetaʼ maj jas kubʼi j richo l bʼal qʼi j.
t ajin kat ji lo w cheu qʼ oxo m jo lom aj .
xin tikq ʼax chiuwach rija.
kʼax le kib ʼe le winaq.
loqʼ kat kuntaj cheley abʼil( covid - 19).
rin ux ibʼal kel paq aj bʼal qʼij.
xri lria xwanchix waʼ riala.
lea li xkuna ta j i k.
wet akap eleja bʼ kamik.
xin wetaʼ maj chi naxat pe taj.
rip waq rech we qʼat aj riʼ ke s ax che ch ri toj bʼal kʼay i ne m.
k t ij ri uwaʼ lik rum al rikini m a qʼij.
xuchapukun a xi k.
ch at a n lo qali.
x inx uliʼ q aj o q.
jeʼ lik k t ij ow rit aqi kox.
kʼa tekʼuri let at xo ʼ r xubʼi j,mank awaj t aj , mank awaj t aj.
kʼo junt zʼiʼ pabʼe.
kam ul xin pech eatzuku xi k.
manta j in taki n chakun i k.
kinch a kun i krech kat waʼi k.
jas ru kʼ xa wil wich ixkiq up ij wile t iʼ j.
jasub ʼi xi k … ?
koqʼri ak ʼal.
kawaj nakat ʼet aj.
xat qʼaj ik.
we mnachalo qʼax iyal, naki mbʼeta aw u kʼ.
xo panlew uj aw uk ʼruma lwe chin.
a rek ʼut pale juyub ʼ k kʼi yjo ron, chil aʼxe kikʼam awiri jaʼri winaq.
koqʼri ak ʼal.
wekʼo ar ajil cha k ʼamaloq.
are sibʼalaj kaq le apoʼt chuwa chle nupoʼt.
xinkʼast aj paka b ʼlaj uj kaj bʼal.
kaqo yʼ ejn akix petaj .
koka xi mrichi jxaj el a ʼ mank ani maj ta bʼi k.
riko kno jim x b ʼe k, x uchʼi joxo pan pa ukʼis bʼal ille anim.
xoj ki ʼkoti ka r etaq xat u lik.
kaqitz ʼ najri ux a jabʼria kʼal.
rijesus k waʼ kat par ini mracho ch ridyos, chux eʼrijun jach er achoch ri salomon.
wetaq ani kriʼ kubʼi j ch ir ajawa xikk yaʼ uqʼi jri winaq xuq ujeʼ k to ʼanina qil.
riax ux a renari uk un el rikinaqʼ.
are t aq waʼri uqʼij ol wetaq an i k.
kʼo junta bʼalp auwiʼrix kan ulubʼ iʼ la juj no ʼ j.
yuʼ lub ʼa no mriu k olob ʼ ri ke j.
xan i maj ria kʼal chi u wach riu chuch.
k k unanri achi.
kinwaʼi k re chnakin yowa j taj.
aj xik chʼich ʼri lu ʼs.
k wa j cheixki xbʼa now ik.
aʼre xe toʼ walaq.
x ojʼ ekxeʼ qi lalarqas ok.
xin loq ʼjun chʼich ʼ , q ajin a quwach.
kut ʼis rip ant a lon.
ej ani palea wal kʼ wale kʼo l ik?
utzu kemi kle pas chawe.
rimax ar eajqʼan i yaʼ.
matab ʼa chir iqkʼ ax pale bʼe.
t aj ink anim aj , rim eʼ s.
ixi xe ʼ la qʼo mab ʼ !
xsa chanchwe.
ekʼo kʼi cheʼ, chiuwa chrijuyub ʼ.
a re waʼrini ma la j p ix a bʼea re w aʼrin a bʼe.
x re taʼ maj chiru kʼ pa kʼ kut ij wi
ja sutza kik les u bʼ x u ʼa no ?
aj xo ʼ y riwikan.
we tane aʼ re xe tijow le rik il, a re leko mo nxeti j o wi k.
sibʼala janin aqkach ʼaw leareʼ chin u wachin.
utz wekin chakuj.
meʼ s laʼ.
k ʼok anwar ech kaq a t i jo.
xi n sik ʼij l a.
ri akʼal x sach kan oqje la ʼpata qʼaj.
xe sikʼi j la.
j awix kib ʼi j wichi keʼe wi ?
rumal che, manix tari ʼ rikix chʼawik, ar erir ux lab ʼ ax el rii t at riʼ rik ch ʼaw na iw uk ʼriix.
kʼa kʼri wa cho ch.
sibʼala jutz ki nwilleat zʼ yaqre c hnahuala.
saqpor k kayri kipoʼtri nan.
x sa chon rin ucha k ch we.
waʼim xu chapo.
r iq ʼ aqʼ t aj ink aj uluwi k.
naj ilup amr isiwan.
ekʼo r iqach al alpa chiuwiʼla .
jas xat aqchi ʼ j lea kʼal ch ut iji k?
no ʼ jim u ke mi kle pas aw umal.
kʼo junkukubʼi ʼ tintin, waʼ le la jkuk mamka jeqit aj , kap aqikax ulik pauwiʼ uqʼab ʼ t aqche ʼ , sibʼal aj sa kʼaj , ke ʼuto lee ni maʼ q, ch ʼut in, rachiʼ l, aj sip an elsib ʼa la jutzra nimaʼ.
r iupix ab ʼ leq ʼat bʼal tzi j kiya ʼub ʼi xi k.
naxsa chontach ke x ea tinik.
xe qille chiko p puwileja.
x loʼ t aj riak ʼal.
qonoj el kuj waʼ pauwiʼri m exa.
xsikir lewaqan.
laxat waʼ kʼut ?
nim ubʼaq ʼritu lul.
k inxi kʼi kʼi k xi n qʼa xik.
la ka tbʼe paleti n a m it ?
ripa lsib ʼala j saqʼor.
k qʼo xown uj alom.
xin naʼo chikat pe tik.
x loq ʼulewiwe chix.
x inchak unru kʼrin um am.
nax q abʼa nt aj.
kkʼo jiʼ bʼa ʼ rius ip ani kri aj awx eljesus k risto ru kʼri aw ux labʼal !
kinch ʼa wrukʼ len una n palechʼa webʼal.
sibʼal aj qʼe quʼmrum al rimayul.
arele ba x ulik.
xeko sle ixo q ib ʼ pa leb ʼe .
kʼa xri li klea kʼal ch awe.
xin qʼi ʼo xinatin pa j oron.
sib ʼalaj ni mle t i namit.
kʼax uk e mi kle pas aw umal.
xi n sachik.
t aj ink el uki kʼel paraq an rit zʼiʼ.
xin wetaʼ maj ril i kwi b ʼ
riq ʼuqʼar ejun jeʼl chikop.
kʼo paj at i jobʼal riwikaqʼ.
risachi bʼal mak raj wa xik chiq axo ʼ l.
jeʼ, k imbʼe k.
je la leʼ rinupwiʼ.
xub ʼi jche : - j as xab ʼ an otintin ?
kab ʼ an jun toqʼo b ʼ kyakrin uj al.
ka tʼek xi n ta.
ja sle u kʼ exbʼe mrib ʼ lej unru kʼ lej un chik?
aj chi uwiʼmi qʼin jaʼriluʼ.
riti jo nel naj k p ewi.
teʼ kix chob ʼub ʼi ʼ ri n ut at.
rij aʼkam iqʼi k chiuwach riqʼ a qʼ.
rit ʼuʼ yk paqʼowi k.
kinme sonna.
naqajat k ʼo wich iw e ch.
xinb ʼi s onik t aqnax a t pe t t aj.
wex k am ri winaq, rip waq rech t oj bʼal mak aj k yaʼ chik ech rir ala xik.
rin u nanxb ʼe pa kʼay bʼal.
x ojuk ʼam u loqre ch ko j ri lo
x kʼoto chinchi kiwach chikinwa ʼaw u kʼ.
naxki k amsaj ta j xki kʼa mb ʼi choja.
kʼa kʼri ikʼ kamik.
ximbʼeru kʼ le a jkuniwir.
ri lik.
le tzʼ iʼ xekosi k.
x ink iko tawuma l .
rii mulxuma j ria nim , x u yakan leko k.
kʼo oj che ria kʼ al.
x uj b ʼepa junk ʼula nem.
utzwe k war al aq.
ka qilo china kojukʼa m t aj .
x re taʼma j chiru kʼ pa kʼkuti j wi.
sib ʼ alaj xi nkʼa ʼ narik.
xin kochi j rinuwa.
mank at ko win taj kat ch akuni k, weman kʼo taria jil abʼal.
wewo non xub ʼi j chi ke : - kix into.
ri ala nim k ri lwi ri u m am.
x kaʼ ych irij , x kaʼ ychuwach, makʼot achij un ksi lob ʼi k, x oqʼi k x ux e ʼ jrib ʼ x chʼop inik xt za lij loq x ur iq t achi kriubʼe.
kʼop u sche riwa.
p ine m nak abʼele watz, kimbʼe wi in pakaʼ y i bʼal.
rinanto ʼ n nim winaq chik, saquwiʼ, ro noje la qʼab ʼutz kun a ʼokat ʼuy iʼpa u tem , kum iqʼi saj rib ʼ cho riqʼi j, kʼo junuwiʼ um am ubʼi ʼate ʼ k.
man e kʼit ajriqula ʼ.
qʼalaj chin akaw aj t aj kab ʼ ij
x pa q ab ʼ is axra jil ro noje l ri ke m.
kʼop arij ulri ku matz.
ro no j el qʼij kin ch ʼ ajlen u war e.
saq chikanlei chaj re ch kat za ko.
chux eleq acho malka qatij wij unqa me qʼin.
cha wilaʼ.
e kʼo job ʼ um iʼ al, r in ut at.
jas r ukʼ xa wil wi
jeʼjas ri winaqrech ri uwa chule w , x oquje ʼ ke pe nariʼ rie ʼa re ʼ che e re chriuwa chule w ; jeʼjas ri winaqrech rik aj , x oquje ʼ ke pe nariʼ rie ʼa reʼerech ri ka j.
xi n ti jo.
k t zʼ ujuwrir achoch ri poʼ x.
x uqʼi ʼoareleu k ʼul elx yaʼow uwa.
ria welx re t aʼ maj ch ir ajawax ikman kux ej t a rib ʼ che rit ukur.
juk ʼul aj winaq xeʼa nimaj bʼi k.
jeʼ, xin tzali jik.
xoj pe ti k xol q a kʼamaʼ.
maj jachin x ʼek.
in aj ti j ; atti j oxel.
saquw iʼri t at aʼ.
wech ri ke m.
lero ʼ chleateʼ k kʼo ch wa chle u kʼay le nu nan.
kbʼepa risiri ʼa e p aris ilisiʼa, jawijeʼ kuy awiri kich uq ʼa bʼriko mo n t yo x.
p ix ab ʼ : manutz t aj kʼax kuj ch ʼaw chikij ni kʼaj qa chil.
x kuna tajleal i ( kumal ri ixo q i b ʼ ).
ri xib ʼ ibʼal chikʼowi pataqriqa kʼas lem a lro noje l qʼi j.
nak uj war t aw aral.
o nche kkʼo jiʼ ri u tzil chixo ʼ l, arech jun amriqa ko jonik, juna mri iwe chix ru kʼriwe chin.
pa oxqʼij ris aʼ n kbʼen aruk ʼri ajkun.
k awinaqw uqubʼ.
jaska waj kin ti jo?
wet ax at b ʼe w u kʼ pa le tinamit, xa loq ʼ t ala ʼ leuja staqlea kʼa jo l.
keb ʼe pa waʼi m.
xi nloq ʼk ʼiwa.
pa jun nim kʼache ʼ laj, kʼo junk ʼwa ʼ sibʼal aj sa qlo loj, nimuwach.
k waj katij ju bʼa ʼ wa.
rono j el winaqk ri lnari uk olone mrid yos».
x kʼoto chinchi ki wach chikinwa ʼaw u kʼ
k waj nakat ʼetaj.
laxa loqʼjuna lej ?
e kʼo rie loqʼo manel.
ri u kab ʼub ʼ iʼrin u ma ma reyay.
kin jop ij riijaʼ rech triko.
xnaʼ taj ch ke xe atinik.
xate ʼ qilaʼ.
kakitijal anxa xri wina q.
. . . kinb ʼ ij chi a re wa ʼ sinxi ʼan.
nax innab ʼ ej t ach ut asik qa kʼo libʼal.
ruma lrech che we ri in, kinch ʼaw ru kʼ rid yo s pach ʼ abʼal, k ch ʼaw n ak ʼur iʼriw ux labʼal r ukʼ rid yo s, kʼate k ʼut man kʼot aupat an riʼ ch re chrinucho ma bʼal.
xepe ti kxkilo.
xutawe ka tʼe k.
utzu kemi kle pas chawe.
ri nuw akax x ut ij jun qʼoq ʼrum al riʼ x ka mik.
rum al ri kʼix , man ke waʼ t aj riwinaq.
xeʼ uli k.
qʼe qrij ria ma ʼchi j.
x ra j kaʼ eleu nan.
junam ki j unab ʼ.
naqʼa laj tajwekaʼ e k.
ri wi x nam ch ʼaj chʼo j ri racho ch.
waralman kʼot a ja j awal.
na iwir ta xrille kʼamo lbʼe.
x inpe loq te kʼuri ʼ xin t zuk uj ro noje lrinura jil.
ri ajti ko nel ku t i k ri tzij .
kʼo eki k ʼaj olle ach ijabʼ.
kut ijqʼayesri ix paʼ ch.
p ariwa ʼ bʼale kʼo k awinaq achijabʼ.
sipo j ina qrin upam.
kayaʼ t a jik ruk ʼut i ʼo nem junri ur i qom le yabʼil am olot se t séx uq ujeʼa re kayaʼ t aj p at aqrij uyubʼ.
jachin ria chi ?
rin um am x ka mikareta qkʼo jumuchʼ l ajujujun ab ʼ .
kinkow inik kinkʼa mb ʼi lep waq .
kin wilo chiu tzr iajiʼ.
xin qʼi lria poʼ x che m ankach akun t aj.
kwaʼchi uwa chleta qʼajr iama ʼa kʼ.
ri imulx e poqʼi k pa juni kʼ.
x kʼis kan oqriq ach ak.
arerialixo j ilo w kanoq.
sibʼal ajch ʼ u ʼ j riamax.
kʼon uwachiʼ.
inch aj in elke chlea kʼa lab ʼ .
xekosle tz ʼi ʼ .
kin b ʼe n ak ukʼ ri m olaj .
ro noje la qʼab ʼ kin y it zʼ r iw akax.
kar ap inik x ut zuk uj chi j unawaj.
leu k emikle pa sa ninaq (aw um al ).
maj ura jille qʼa bʼa rel.
kʼax riʼ rikach ʼ awik.
xo juta qchiʼ j le ach i chuloqʼi kich aj .
sib ʼ alaj kʼa xrix kʼulma xik.
x kil o chinak in kʼo xoma j ta j .
xnaʼ taj ch ke chixe atinik.
x kʼoto chinchi kiwach ch ixoj al woʼq aku kʼ .
jun qʼuʼ qr ajil rikax la ʼ nwa .
xin wil o chi xe ʼeli k.
e kʼo i xo qib ʼ pa le kʼayb ʼa l.
man kʼot a jukʼ isikri mayab ʼaj lab ʼa lil.
risink kʼi y pa t aqʼa j.
ri chʼima mank kʼiy t a j pataqʼa j.
r ajawa xikk jikik riwaq än.
kawaj kinʼek.
ekʼo ox ibʼakʼ.
xub ʼi j ch weja wia tkʼo wi.
ch weʼq kuj bʼe ʼ pa m uquj.
p asaq kʼa jaʼ k bʼanw iriuq.
xo j ki sik ʼi j .
xi n wi l wibʼ.
ch aqʼ chi kriwa.
kimbʼen a k apalew o ʼ ch.
kawaj kinʼek.
ri chʼu ʼk t i j r ukʼ lej.
p arikiq ʼ ij kam i naqib ʼ kbʼanqʼ orikʼya ʼrech aj : nab ʼerina nkutz uk uj kanri aj, kuj a chʼo ʼ x uqujeku kʼe to.
jask aj bʼalcha nim ?
u tzucho mani k riali.
par iqʼi jox la juj t ij ax kinkʼis ke b ʼjunab ʼ kincha kunwaral.
sib ʼa la jko , rik ʼak ʼ ch ʼat.
jaskar ajkub ʼij … ?
richʼi chʼkas ilab ʼ i k.
pa ojer qʼalpul xaq xuw irin im winaq ke kʼamo wbʼe.
le ukuna xikle ukab ʼ ukʼut unikar erukʼe flor ni tina o n ut unib ʼa xikle nif ur t i mo x chiʼ le flor ni tinache ch t. b.g.
areria chix inch ʼayo wi k.
juna chiub ʼ ikuʼx us ipaj ke b ʼ kʼaʼ mulewre ch kabʼanri tijo bʼal, ka mi k, kʼo chikaj t ij re chriko monxech pup.
x umalt yo xij ch eri aj t ij ro noje lle x ukʼ ut chi u wa ch.
pa rib ʼe xkir aq jun a la jim uls aqrij, x kikʼambʼ i k.
x ril le b ʼa leala.
j ask ubʼ ij ch we ?
le u k unataj ema re ru kʼ utz ukuxi kle uchi kopil pa jun uso li kux e ʼ le kikʼon leja ʼrech j un no do.
utz wen u tzʼi ʼ .
jeʼ, t a j inka chapo nik.
kin u loq ʼoj le n ut at.
kawaj kimb ʼepati namit.
arela ʼ kin ch akuj.
rinima ʼ qt aq winaqkʼo ke t a ʼ m abʼal.
wet ax at b ʼe w u kʼ pa le tinamit, xa loq ʼ t awa ʼwej astaq.
rikikʼa slemal. waix imule w xa junchi maareta tinimi trim a
ri u kʼyab ʼaln a jup am.
xatqa j chiupa mriil.
noji m ka twaʼ ik.
wekʼo junk t uq aʼ rik , ¿ la manxo qujeʼtaj kint uq aʼ rrii n?
ojojwo kolja.
aw askbʼankʼ axche junnimwin a q.
xin ch ʼaw ap anru kʼ lewana bʼ.
kʼaxri upa mrijuʼl.
taj in ke waʼ rii m ul.
la kaj l akuj t za li j la ani na q?
ruma lrech cherima kaj man kʼot a uk owin emp iwiʼriix : ri ix manix kʼot achich ux eʼrip ix ab ʼ , xane ixkʼo ch ux e ʼ risip anik.
nim raqanle che ʼ.
xi n chapo.
arele tuʼr le loq ʼo manel.
x askat kʼoj iʼchiupa mrichʼ i chʼ.
sibʼal ajni mraq anri kʼama lbʼe.
letz ʼi b ʼ abʼal we chin.
in xi n to ʼ w la.
x ajekʼur iʼriix k am i kriʼ manix kax la n winaq t achik ;ri ix , ix re ch ri kit i nimitriet yox laj t aq winaq, ix re chriracho chrid yo s.
xin ti ko x l aj kʼali ch aj .
k aqariq qib ʼ ch weʼq.
sib ʼa la jutzche ri wi ʼ aj rituney.
wen aj upuli k t ax eq a jik. . .
x into ʼ t aj ch erinucha k.
kʼo ju nchi kop ubʼiʼ pum.
poqon ri ik.
xo j bʼi n ik.
x uch ʼe kro noje lle retama nik x p aq iʼk kʼax k wʼ inik x ubʼan ajkun.
ke lub ʼi k pari judeʼa ektzal ij chi ub ʼ ijumul pariga lile ʼa .
xinaxib ʼi j pabʼe.
jeʼlkʼo le mchi awa cho ch.
ro noje lriya ʼ t a lilp awe qʼat aj , tzʼ aq at kiwa ch, mank t zaq t aka noq xuq ujeʼ mank t ast aj.
x uk unaj ley aw ab ʼ leaj qʼi j.
chit a t a b ʼe jjasle kimb ʼi j.
ch ʼanal ri achi.
pabʼo koʼk ach a kunwirit ax.
uj kʼo pa u w uq qʼij.
k iʼri ukabʼ r iaqa j.
kʼor ach al alpa t zʼo loj che ʼ ri pe ʼ l.
x kil ochi kin kʼo xoma j .
ri uk isa kʼutz k yaʼ i k chiux e ʼ rit i koʼ n.
a re taq chiʼka qʼanp uwiʼri jukub ʼ , ri achiche x kʼo jiʼ ri itzel ux labʼal r ukʼ , kut ach rech ri areʼ, a re chkkʼo jiʼ ru k ʼria re ʼ .
naka bʼant a j t aw u mal.
xnaʼ taj ch ke xe atinik.
xinpa j rinutri ko.
xe ʼ okri pokʼ pa ri u mex ari poʼ x.
kaj uluwri aqʼa ʼ l chiux e ʼ rit ʼu ʼy.
awe chleja.
x ujbʼe patz uri k.
nab ʼexa topanik.
ri u kab ʼub ʼ iʼrin u ma ma reyay.
uwajxaqu ka kʼaltaq an i k ( 28).
mat akʼojunka kan aj kanoq, qo nojelko jbʼe k.
enima ʼ qle alt omabʼ.
nimuwach ri poʼ t.
ko jonik pari u tzij waix i m u lew.
jasxu kʼam bʼi le tzʼ iʼ xa wilo ?
xin pe ti k, ta t.
ribʼela j uwach.
chit at a bʼej jas riki m bʼi j.
jeʼl kunaʼ riab ʼ i xchiupa mriqu qulew.
ki n b ʼ is ojuwach le wal.
xu tʼu yubʼaʼ.
ni m ria we qele ʼ nx ariqo.
xi neʼ waʼoq.
chiʼk ewarwile a kʼa la bʼ.
rinumi ʼalx ut a qlo qjunta qoʼm w uj ch iwe.
qʼe ʼ lik, richaj pa ri bʼe.
lautza wach ? - utz malt yox , e kʼuria t ? – utz malt yox .
x ink os ru m al nucha k.
kbʼe ku kʼrie ʼa re ʼ ektzal ij parina sarete keʼu nima j.
rij oj x u kʼa mb ʼi kriakʼ.
kʼo chi wachiʼ l ch anim.
kubʼi jchech naʼ l kabʼa ncheria tzʼib ʼ .
e. . . ink awa j katz jo j bʼil ach we.
mata xin ya j le ali.
jachin r ukʼ k at bʼe wi?
kʼo sib ʼa lajeta ʼ ma bʼal parima yab ʼ no ʼ j ibʼal.
em anxor ij up uqke j .
ka sum u m rikaqi qʼ.
e kʼo kaj ibʼa kʼa lab ʼ pale bʼe .
jeʼ jas riut at k kaʼ y i k.
x aq at mo lonel tzi j t al.
le nut at ka loq ʼonch we.
xa qt an e kimbʼe iw ukʼ.
x re taʼ maj uch ʼa jik.
rum alla ʼ xko j“ xal qʼat ” cheub ʼ iʼri ko mo n.
a re le u ke mik pa sxre taʼma j.
ri wat iʼt kubʼan nar iupatan.
kʼa kʼ lepoʼt.
re taʼm uwach jach inx lo qʼo wrip as.
ken chʼab ʼ ejlea k ʼala bʼ.
yaʼ t alch aqe qo nojel riuj win a qutz ka qil qibʼ.
xko t iʼ paqʼa ye sxo qʼi k.
k awinaq bʼel ejeb ʼ qʼat aj.
e kʼoka jib ʼ ralri imul, jun sa q, jun qʼan, jun qʼe q, jun qʼe qoj , sibʼa la jketzʼani k, ke chʼop inikri alaj t aqi mul.
k cho lo l riachach al.
ke tek ikr iikʼ.
xe pe ti krech kewaʼiw u kʼ.
t zatz riuqʼanil r iakʼ.
x oj t za li jik xi xe ʼ q aqʼat uj ku kʼ le ita tinan.
r iyo ʼ x taqa kʼa lab ʼ ke kik ʼux ria tzʼ yaq.
we ach iwex u sipaj jun poʼt ch wexka mik.
kk ow in ri kuna nel chekuna ni k.
x jiqʼ pari polow.
x arum al sibʼal aj r ajawa xikle lo qʼalaj jaʼ , le winaq x kibʼ ij : che we i kʼriʼ qo no jelkujbʼe che u ti kik taq che ʼ .
ri u nanerier ach al alke peulo qru kʼria reʼ, kʼa tekʼur iʼ, ma nke kowinta jkeqi bʼuko qru kʼ , rum a lrech che ekʼo sibʼal aj winaq.
ruma lrech , che man kʼot a junk kow inche u k ojik junti kibʼa lil chik chuwach ri ko jom chik che ar eri jesus k risto.
te kʼuriʼ x ut zʼi bʼajrib ʼ pari nimal aj t i job ʼa lrech aj ku ʼn.
kaj uluw rich ʼum il chaqʼab ʼ.
kʼis bʼal kan oq, xoquje ʼ k kam riixoq.
le alaxo ki k.
kʼop waq pa uwiʼri m exa.
arek awaj nak inʼetaj.
riya wal kuk oj ri alichi ux e ʼricha kach a reus u ʼ t.
n akaq akʼamt uʼ bʼi kam ik.
ri aj t ijkubʼij chi ke : r ajawa xik ke q ach aj ij ri awaj , a reutiko ʼnria jaw.
xin ti j muk uniwir.
kʼax leuwiʼ t aq len uqʼ abʼ.
xin loqʼjunil bʼalwi bʼ.
waʼw eqʼij, ni mubʼant aji k.
riu xe ʼal riq at i nam it mank asach t aj.
xo j bʼi n ik.
ri ach ala ljuna m kiwa ch.
xin wetaʼ maj ril i kwi bʼ.
nim riu na ʼ o j waj t i j.
m iqʼi nrikʼul.
aj qʼo jo mria teʼk.
che le sa ni kcheʼ kbʼanwiriq ʼo jom.
ka pelea wel pan awaljaʼ.
ri meso nel ta ji nk cha k uni k.
utz chaqe k aqat oʼq ibʼ, taq kʼo kʼa x kʼolil, kate we chiʼ nria jawp aq awiʼ.
xawil o, x qʼat an le i bʼoy.
xa t ko winik xabʼa no .
kiʼ rikʼawex.
kaj ili l ri b ʼe .
lea li xelb ʼi k.
ar eʼ xra j xinbʼano.
nim weabʼa j.
jeʼlikuti ʼ jo la lrisa qkoʼ r.
noji naq rik ej.
wekat i jan x ux mank at utoʼt achi uqʼati xikle kʼak ʼ yabʼil corona virus (2019 -n co v ).
nan imt a raq anwa ʼwecheʼ.
utzala ja j chak, riwel.
¿jampaʼkuj bʼepa nima qʼij ?
r ajawa xik t an el aʼk at ch a kunw u kʼ.
x utaq chiʼ j pa waram pulew.
manar et ari ax wanxeli k.
riawix x u loqʼ racho ch renimal.
areri ix oq xinsik ʼin uloq.
ri chʼ ima kʼa tʼon na.
lax ibʼanle ich ak?
kʼi tina mite kʼo pa chʼo ʼ j.
kʼo jup uqchi jchiux eʼricheʼ.
riu x aqri ab ʼ i xa reu wari ke j.
ka winaq qʼat aj.
l akix pe pa ti job ʼa l?
we kecha jix taqle kʼwa jach a kinbʼij ; junali k kʼ ojaʼ x uqujeʼsi bʼala jsaq lo loj.
x retaʼ ma j.
ria lab ʼo mria litomab ʼ t aj inkikit ij oj kib ʼrech sut aq, a rek ak aj kikibʼa nnimaq achij ab ʼ chupa mriki kʼa slemal, x uquj ekʼo chik jupuq bʼixo nel chupa mriko mo n.
latzʼ u wachrib ʼe.
kʼa kʼriachʼ ich ʼ.
qonojeluj, uj mayab ʼ t aqwi n a q.
noj el qʼi jri at iʼ x kuyuq ʼuj let aqawaj jelaʼp ani kʼaj jaʼ , ch irij ri juyub ʼ ub ʼ iʼ te naʼ.
p aqʼo mchi k risiʼ.
kintz uk unchela.
kakit ij le kinaqʼ, le ich aj , le uwaʼ lik ru kʼ lej.
xekana j kanle aj cha ki bʼ.
ke tikon ria chi jab ʼ .
sib ʼa laj itze lubʼant a jik ri chʼil akan.
ria teʼk xumalt yo xij ch erira tiʼt, ruma lriutza laj no ʼ jibʼal x uk ʼut che ch.
k kamulix uch a kri ab ʼ ix.
lax in u tzukuj le ti j oxel?
are ʼ kach akun rono jel qʼi j.
lee kʼaʼn at aqt zʼ iʼ.
saqri jrip lamu x.
jas xaqʼi ʼ oxatijo.
jas ru kʼ x kich ap wi ut i jik leri kil?
wek at at i nru kʼ kʼat an jaʼ mank uqʼat ej t a le kʼak ʼ yabʼil corona virus.
l akat bʼin pale u xlan bʼal ?
la waral kʼux ixwaʼ wi?
arelen ut at k in lo qʼoni k.
t aj in k ch akun ri ala.
kʼori kiʼ k otemal aw ukʼ.
xu t a jachin ka ʼek.
xa t waʼi k xi nwilo.
x t zaqriracho ch rum al ri jabʼ.
palej unikʼ chikar e nima qʼi j.
e ke bʼäm ke b ʼi n p auwiʼ ritem.
me mri achi.
r iwikanch al iʼy kelpa juyub ʼ ch witzi ri bʼal.
lera jil , lapa jax el aq ʼ axw uʼ bʼi k?
parisuʼ t p isom wirilej.
k oj pe tik kol qa kʼamaʼ.
t a j inkat chʼopi nchiuwa chritaq ʼa j.
leq ʼorx chʼ uqik.
kʼax wa ʼi m aw umal.
k in bʼi sonchele wal.
sibʼal aj kʼo kʼri awa tzʼ yaq.
ka mik x ujbʼe che u ti kik t aqche ʼ par ijuyubʼ.
kin u loq ʼoj le n ut at.
cha qiʼ jchi k rich aj.
x yili xhawa y i.
nax naʼ taj t ach ke chixeat inik.
ru kʼ kʼuwaʼ we riʼ, riixk kʼo jiʼ jun ut za la jikʼ aslemal riʼ ch kiwach ri winaqche mane kʼot aiw ukʼ, kʼate k ʼur iʼman kʼot a jun winaq riʼ r ajawa xik ch iwe ch.
e pe tina q pab ʼelerachal ax i k.
k ak aj lea kʼa lab ʼ ke waʼi k.
x uj ch ʼ ay bʼi k.
rin uchakare qʼax el tzi j.
kʼon arux lab ʼriawa j.
taj in ke lloq, ri qʼi j.
x uqʼi ʼo xk amsax rirachal al cho ch.
rinuma marekʼ ouqʼi nom al.
x kʼulm at aj jumul, x ub ʼa njunnima la jjab ʼ , manx b ʼeyeta j t anax ukʼi sle uy uq ʼ chike.
am aʼ rinu t zʼiʼ.
jewaʼkat pe tik.
xin ko si k ruma l x inch akun i k
iw echchi ju j unal, riwa.
x uqʼi ʼon axat a tinta j.
inriq t ajin aqpari kʼay i bʼal.
nawe taʼ m ta j.
kʼaxlen uqʼa bʼ.
utzle x ub ʼi j leachi.
kem atzʼi bʼ.
kʼor ach al alpa t zʼo loj che ʼ ri pe ʼ l.
ro noje l waʼ wejast aq riʼ , x ask sach wi uwach waʼ ;ru kʼ we riʼ, riix, r ajawa xik chekʼo ju nt yox la ji kʼas lem ale kkʼo jiʼ ri ich ʼaw em rukʼrid yo s,
x muqt a j ri pa tzʼan.
ri chʼich ʼ tzi jom kan oq pariu k ʼol bʼal.
man kʼo t a ucho la j pa t aqriaw u j.
jachi ke ikʼle u nima qʼi j leti nam it n a walja ʼ ?
xe pe tik xol ki kʼamaʼ.
kach uqʼchu tri jaʼ ch iap am.
xinb ʼi jiwir chi xeb ʼe pa armita.
a re ʼuxe ʼoje r tzij waral kʼi che ʼub ʼ iʼ.
xkʼi srinusiʼ.
j awix kib ʼi j wichi keʼe wi ?
¡ x ajekʼur iʼ, jachin taq rie kʼopa rijudeʼa, chich anim cheʼa nima jubʼi pata qrijuyubʼ,
kʼa kʼri abʼ.
la kʼoju nn aka kʼo xom aj ta j ?
nautz taleut ʼiso mle almariy.
manyaʼ taltaj chi aw ekato k pa j a.
jeʼ , xat utzuku j.
a rekel wa jxaqib ʼ uqʼij rix kʼo jik.
ri xun kurk kʼo jiʼ pataqri triko.
xi n sachik.
xu t ʼuy ub ʼa ʼ
n anuto m taletzi j …
wa chʼo mriki wari noʼ s.
ekʼo jobʼ chʼil wakʼ.
r ajawix i k chip at aqri tijo bʼal, p ani kʼa jubʼix i k chik
rir aj aw rule wareʼta tkel.
we kʼuxo kik, we kʼna xo k t a
we achix u sipaj jun pʼo t chwe.
at at utaq oʼn le qʼataltzi j.
naqʼant auwach le qaprut.
rix aʼr kʼo pa uwiʼriq ʼaq ʼ k po qʼowik.
ri ro qʼe jri ali jach ak pe jun ak ʼal.
kʼoj unala patijo bʼal.
sä quw iʼrit at aʼ.
ri witzikʼ t aj ink pelo q.
jawix sacho nwi k anuyaʼik lep wa qche.
utzwe achi we xin kunanik.
qonoj el kuj waʼ pauwiʼri m exa.
ri kax la ʼ nikman poqo nt a j.
i n x inbʼeru kʼ ri wa chiʼl.
sib ʼ alaj jeʼl xki loxe kitzo qopij ri kichij chilaʼ.
kinb ʼi nik xinʼ ek.
kʼax kʼolik, k ach aʼ.
kut ijix i mriakʼ.
ria lix chel, x uqʼi ʼ oxaj un akʼ x sip ax che .
x q asi kʼij leixo q chutzaki k sub ʼ.
mat ax ab ʼi nsa j le chʼich ʼ .
ri p ix t zʼar alik ruma lrieqaʼn.
¿ j ampaʼkel chi3%
kʼoj un nuk ʼoto j chiʼaj.
t aj i n kewaʼkat ri ala bʼom.
xin loqʼle nukʼa kʼa poʼt.
nautza kikt a sub ʼ taj inku ʼa no
xo jut aqchi ʼi j xo jwaʼi k.
iwe chriab ʼ ix.
saqrij richij.
aj sik ch eri tinam it k elwir it at aʼ.
- ¡ ay!x ax intza qul oq, kʼax wewaq an.
x kʼulm at aj pa junko mo n chiʼ uwach jun juyubʼ, x ur iq aj un qʼij x kiriqkibʼ junim ulru kʼ le kok.
jas xat aqchi ʼ j lea kʼal ch ut iji k?
xin cha pos ux uloqʼo.
qʼino mria chi.
rik ʼum k t ijow r ukʼ ka bʼ.
taj ink ej ach ʼanik.
tzebʼa lu ke m i kle pas aw umal.
are kayoʼ w leuc hiko p illeub ʼanta jik t ry pa no soma brucei.
wekat nim aniku tz k el ik.
pero noʼ jimalpet naq loq, .
arele nu ch ak junt zuq bʼalwibʼ.
x kunax ley aw ab ʼ rum alle aj qʼi j.
ri ukʼuʼ x tzʼib ʼ paqatzi j elajuj.
sibʼal aj jeʼ li krieq abʼal x ubʼanrilu ʼs.
sib ʼalaj a tkon.
em anxor ij up uqke j .
nax naʼ taj t ach ke xe atinik.
ri kʼamalbʼe xubʼi j chike, chi maj ari anim.
jum uchʼrin u junabʼ.
qʼiptaj in aq riraq an rite m.
k ch a kunru kʼri josbʼal cheʼria janel.
xat aqchiʼ j lea kʼal ch ut i jik kar.
oj kʼo palero ʼ chleaw el.
¿la katpe qukʼch weʼq?
lewi n aqpale ch ʼ ich ʼe t ʼuy ullo wi.
x kan ajka noq chi ux e ʼ ri jabʼrich ʼaʼ n.
nim ri ja.
wet ax a kuna j leat at mat ax kamlaʼ.
nan u kʼa mo m tuʼ lar iʼ.
chq anukʼu ʼriqa tzi j.
kimbʼe paleti namit.
xi nqʼi ʼo naxi n a t i n t aj.
r ajawa xik ka kʼam anch aw eleut i jik lelej.
kʼ isbʼalt aq no ʼ jib ʼal.
