x in e ʼ waʼ oq.
xkib ʼan kʼax che leu wosaq rumal man utz tachi kakay ik.
ri qʼu tuʼm man kech ta le akʼalab ʼ.
are na nim tale atz ʼiʼ chu wach le nu tz ʼiʼ.
xe petik xol kilaʼ.
¿ jaw chiʼ xa taʼ che x kam riu mam ri po ʼ x ?
e keb ʼ kekʼamb ʼik pa tuj.
x in loqʼjun japa ri w okaj ja.
ria x tu ʼb ʼ, kʼoqulaj chech.
jas karaj ka ʼan chu tzakik le tiʼij.
xutij le wa.
x imb ʼal re tzij.
x pa x ri b ʼoʼ j.
we kawaj kat in toʼo x aqxuwi kab ʼij chiwe.
jas nu kʼu kuchʼob ʼo.
jas karaj ku tijo?
xe x rux lab ʼ ri rik il.
e ni tz ʼ aʼq le taqimul.
we tane in x inb ʼanowik , are le at e ʼ k xb ʼanowik.
kin tz alij pale nu tinamit.
ri nu chaqʼ kʼopa u roʼ qʼatoj tijonik pa ri tijob ʼal .
x in xi ʼ j wib ʼ x in chʼawik.
kʼoch waroʼch le p are.
chi raqan kab ʼin wiri tataʼ.
x sach on kan u yaʼik le pwaq che choja.
x in qʼax chiki xoʼ l ri winaq.
ketikonik .
ri ulew man qech taj, kech riqa tiʼt qamam.
x epe le winaq x ol kikʼam aʼ.
xu loqʼ ri wuj rumal ri ali.
chewe qʼij kamik kʼojun nu tzijonem chirij le nu tinamit.
kej riʼ.
x kunanalaq chwe.
ki nu sikʼij le nu nan.
ri i mul xu chʼij taj, x kanaj pa b ʼe, rumal ri nimal ku jaluj ri i mul, xu tzaq ri anim.
kub ʼan riu xoqʼoʼ l riaj tz ʼaq.
ri la sib ʼalaj utz che kunab ʼal .
kʼi kiwach rie ʼ aj chakib ʼ pa ri komon tyox , kʼate kʼut xa jun chi ajaw xel ;
x qa ta chix at ulik.
kawaj chik atʼek.
chʼu tiʼn kekanaj ri x ajab ʼ chech.
kaqa xiʼ j qib ʼ kaqa chapo.
e kʼo keb ʼ u kʼajol le tat x wan.
lu ʼ sub ʼiʼ ri rech am .
aj chiu wiʼ mi qʼin jaʼ ril u ʼ.
x in yakan le nu chimpa kʼayb ʼal .
kʼatex ri lo , x pe riu nan cheu tzu kuxik , x kikotik, xu salab ʼisaj ri taquxkin.
x kikʼut chiu wach riaj tij xuqujeʼ chi kiwach ri taq ni kʼaj kachil.
utz le nu qʼab ʼ.
ku l le al we ʼ l pa a ustin chaqʼab ʼ kamik.
ri at e ʼ k x tzaq loq are chi kʼopa u wiʼ ri qʼaʼm.
aj patan ri teʼk.
x atqaj chiu pam ri il.
la kʼo tzij na kikʼoxomaj taj ?
x sachon chkechi xe at inik.
rono jel le ulewe cha laq.
la xeb ʼe kʼula xeʼ ki jaqa kʼuleu chiʼ ja?
xaq kat chʼok naj iwir .
kamik kʼochiri jastaqa we.
are chiʼ kakʼis ri junab ʼ kʼo qʼinom.
pa na wal jaʼ x inalexik.
na x in ta taj we are ri akʼal ki x tzu quwik.
¡ rulew ri sab ʼu lo ne rulew ri ne ftali, ub ʼe ri po low, rulew ri jordan, gal il e ʼ akech ri je taqam aqʼ !
rax , rax , rax , kʼo kʼ, kʼo kʼ, kʼo kʼ le rux lab ʼ le taq tikoʼn.
achix at wilo.
paqal raj il le p ix kamik.
xoj b ʼinik.
pajun jeʼ l tijob ʼal ku tijoj ri b ʼ jun akʼal , ub ʼiʼ po ʼ x , utz ku rilo ke pa tijob ʼal rono jel taq qʼij.
x waj chix at ʼe taj.
u tz laʼ le xub ʼij le achi.
we taʼam jachin ka petik.
kin qʼojomanik .
x in qʼiʼo takʼalik x in petik.
are ʼ re taʼm che kino panik.
are tab ʼal e qa qajaw chat toʼwik.
ka winaq waqib ʼ qʼataj.
naqaj chik cheriu waq kaj b ʼal are taq chiʼk sachu wach ri qʼij , kok ri qʼeq u ʼm chu wach ulew, chi kʼateʼ na ri b ʼelejeb ʼ kaj b ʼal .
job ʼ raqan ri tz ʼalam xe po roxik.
sib ʼalaj kor ij rimop.
are waʼ.
je laʼ pa ri timinit chwi kab y ok rech xe laju ʼ, le qa nan qa tat kaki tikojeʼ lalaj taq u wachichaj .
kʼax nu qul.
xu ʼ lu kʼam aʼ.
koj ul kitzu kuj.
are man kʼax ta u kunaxik are taqaninaq kaʼ ilitaj we yab ʼilal xuqujeʼ mojo ʼ qa kuyaʼ le kʼax kʼolil chech le jolom aj.
ri wel kʼopa tijonik.
kawaj kinb ʼij .
ri kotz ʼiʼ j kqakoj chiu pam ri ja.
qʼeq qʼoj rij ri am aʼ kej.
na x waj taj x in chʼawik.
ch p etab ʼal e lo qʼalaj jab ʼ.
x sach on chke x at ki sikʼij.
eleqʼal chʼi chʼ.
jachin xa wilo chi are x tijow ri tiʼ j ?
ma takab ʼe le nu xb ʼal pale tinamit.
p im ru q, ri ali.
¿ kʼo rimu qʼ e chiawech ?
kqab ʼij man kekowin taj.
kin tij na.
kʼojun qatʼu ʼy pa ja!
kʼo p uj chiu pam ri chʼaʼk.
are taq kinkosi kkin warik.
x at waʼ ik x in wilo
in x in chʼayow le achi.
kono jel ri alaxik keʼetz ʼanik.
jas ru kʼ xkitij wile ki ri kil ?
aninaq il kat petik.
na rax ta uwach le juyub ʼ.
ri tz ʼalam tz ʼib ʼab ʼal rax kkay ik.
we chat chakunik, kʼo awa.
ma ʼ tam x at pe cheri waʼim.
kamul kin waʼna.
ri sik il ktijow ru kʼik.
kimb ʼe aqʼan ru kʼ le al talin.
x oj ʼe kxeʼq ilal arqas ok.
xe ki qʼil le aj chakib ʼ xki w ok leja.
ma tane x waj le kʼu h jnem ru kʼ le at e ʼ k.
are xe ʼo pan chiu chiʼ ri juyub ʼ, xkilo chiman qas tak ʼoqʼayes.
kʼate kʼut , ri jesus man k kojonta chkech rie ʼ are ʼ , rumal rech che kono jel re taʼm kiwach,
pa ʼ tz rij ri tz ʼiʼ.
juwinaq waqib ʼ qʼataj.
atel aqʼom.
xaq at joʼs.
ri qʼatz u, are qʼalaj riu qʼij il.
aj chak we ala.
ub ʼelej u kakʼal taqanik (29).
keb ʼ nu b ʼiʼ kʼolik.
la katz alij lu ʼ la aninaq ?
katzu kun la chwe.
la kaj la koj b ʼe ʼ pale chomal chwe ʼ q?
x in nab ʼej chu ta si kqakʼolib ʼal .
lalxin toʼwik.
sib ʼalaj a noʼjib ʼal .
x oj petik xol qakʼam aʼ.
sib ʼalaj jeʼ lik riu waʼ l ri ichaj.
kʼax wij rumal in pa chalik.
are taq xu kʼul maj waʼ xul riu chomanik xub ʼij : are utz waa qʼab ʼ kinwalij ik, are chaʼ cha nim kin opan pa tijob ʼal , maj chi kin kʼulmaj.
oj aj xo jolob ʼ pa awas qʼij.
x in sach che leuw okik le tzij.
e julajuj riakʼ.
xu ta jampa ʼ koj ʼe k.
qilik .
ri tijoxel man are ta nim chu wach ri raj tij. ri utz tijoxel qas je riʼ kʼolik jas ri raj tij.
in xat in chʼayo.
noʼjim chak w umal.
chʼur ri jochʼ.
in kinb ʼij na kat sach taj.
uj mayab ʼ.
ri ab ʼaj yatzalik.
tajin kep ixb ʼax ri akʼalab ʼ.
chom ri aq.
x in warik.
e lemen kono jel ri akʼalab ʼ.
tajin kqʼanarik ri we re ʼaj.
le u kemik le pa su tz ( chawe ).
xuyupub ʼa uwach raʼ chi, kachaʼ, .
ri satanas kokpa ri judas ri kb ʼixis kar iʼotech rech , ri are ʼ jun chki xoʼ l rie kab ʼ lajuj.
chu churi pa r.
kin qumuj ri nu jochʼ.
chech punción lumbar am aqʼel rajawa xik chech ri lik leu kʼex b ʼem wile nab ʼe ru kʼ le ukab ʼu kʼutunem le yab ʼ ilal.
qʼalaj chinak awaj taj kab ʼij.
kʼo qʼol chirij risiʼ.
jawi xoj ʼe wichu loqʼik ?
kʼoulo chʼ ri talin.
qʼan rij ria tiʼt nu kej.
la x tz alij la iwir?
xe sikʼixik, kʼate kʼu riʼ xe yajik , xuqujeʼ xe taqb ʼiche u sikʼik lemes.
la kix warik?
are kʼu lepa lo max xub ʼij che: - mam kat b ʼison taj, kin sikʼij ni kʼaj wachiʼ l ke rapa p ik.
aʼre e tijoxelab ʼ.
ri alajali si ʼ l xub ʼij x qa chap pa u tz al ri tyox.
x sachon chke jachin xe at inik.
jas xu ray ij le a nan xu tijo?
xinko sik.
rax rono jel riqʼay es rumal lejab ʼ.
kin ya waʼ we chʼi chʼ pinem na utz.
noʼjim u pa chʼuxik le nu wiʼ.
naj kʼowile woʼch chu wach le tijob ʼal .
ri okib ʼal kʼochiu wach ri saq ja.
xe nu taq chʼij ke kil le akʼalab ʼ.
kʼojun qʼoxowem chiwe.
tzari choʼm .
we choj b ʼepale nimaqʼij, ke qil le aj xo jolob ʼ.
x oj ʼe kxeʼq ilal arqas ok.
ri at e ʼ k xu taʼ chech ri nan toʼn : - nan jas che ʼ chiman kaj ta laqa kʼatisaj ri joʼ q.
ri pa l sib ʼalaj xu ʼy.
kin koj ri jo kb ʼal ulew.
in kinb ʼij na kat sach taj
at raj kun le nu nan.
ku qamuj uj oron ri aj tzij.
lu ʼ tz ʼalam ub ʼiʼ ria chikel pa nim che ʼ.
jeʼ lik u tiʼ jo lal ri saq koʼ r.
kʼojun xaʼr pa ja.
x in loqʼjun kʼakʼ patan.
kʼa xu kemik le pa sa wumal.
aninaq u kemik le pa sa wumal
ri chʼ aʼn sachinaq pataqab ʼix.
rax taqle kotz ʼiʼ j.
mesom ka noq riu pam ja.
man are ta rala xkosik.
ri komon xech pu prechu qʼab ʼ tinamit xoʼ lab ʼaj rech qʼu mar kaj.
lau tz a kikkʼusub ʼ tajinku ʼan o?
ka te la!
naxu tijtaj.
xa rumal ketaʼm kono jel ri winaq kkiqum uj le jaʼ.
iwir xuj tz alij lapa kʼayb ʼal .
qe taʼm che riqa wakuj u toʼo.
ri aj tij, kyaj on chikech ri akʼalab ʼ.
jasub ʼanom le nu chʼuti tat ?
chweʼq kinb ʼepa nim tinamit.
u tz we kiwe taʼmaj jas kub ʼij ri cholb ʼal qʼij.
tajin kat jilow che u qʼoxom jolom aj.
x in ti kqʼax chi uwach ri ja.
kʼax le kib ʼele winaq.
loqʼ kat kun taj che le yab ʼil ( covid -19).
ri nu xi b ʼal kelpaqaj b ʼal qʼij.
x ril ri axwanchi x waʼ ri ala.
le alix kuna tajik.
we tak ap elejab ʼ kamik.
x in we taʼmaj china x at petaj.
ri p waq rech we qʼataj riʼ kesax chech ri toj b ʼal kʼay inem.
ktij riu waʼ lik rumal riki nim aqʼij.
xu chapu kunaxik.
chatan loqali.
x in xu liʼ qajoq.
jeʼ lik ktijow ri taqik ox.
kʼate kʼu ril e tat xoʼ r xub ʼij , man kawaj taj, man kawaj taj.
kʼojun tz ʼiʼ pa b ʼe.
kamul x in pechea tzu kuxik.
man tajin ta kin chakunik.
kin chakunik rech kat waʼik.
jas ru kʼ xa wil wichi xki qupij wilet iʼ j.
jasub ʼixik … ?
koqʼri akʼal.
kawaj na kat ʼe taj.
xat qʼajik.
we m na cha loqʼ a xiy al , na kimb ʼe taaw u kʼ.
x opan le wujaw u kʼ rumal we chin.
are kʼut pale juyub ʼ kkʼiy joron, chilaʼ xe ki kʼama wiri jaʼ ri winaq.
koqʼri akʼal.
we kʼo a raj il cha kʼama loq.
are sib ʼalaj kaq le apoʼt chu wach le nu poʼt.
x in kʼastaj pa kab ʼ lajuj kaj b ʼal .
kaqoy ʼej naki x petaj.
koka xim richij x aje laʼ man ka nimaj tab ʼik.
ri kok nojim xb ʼek, xu chʼijox opan pa u kʼisb ʼal il le anim.
x oj kiʼkotik are taq xa tulik.
kaqi tz ʼ naj ri ux ajab ʼ ri akʼal.
ri jesusk waʼ kat pa ri nim rachoch ri dyos, chu xeʼ ri jun jache rachoch risa lom on.
we taqanik riʼ kub ʼij chi rajawa xik kyaʼu qʼij ri winaq xuqujeʼ ktoʼ aninaq il.
ria xu x are na riu kunel ri kinaqʼ.
are taqwaʼ riu qʼijol we taqanik.
kʼojun tab ʼal pa u wiʼ ri x kanul ub ʼiʼ lajuj noʼj.
yu ʼ l ub ʼanom riu kolob ʼ rikej.
xa nimaj ri akʼal chi uwach ri u chu ch.
kku nanri achi.
kinwaʼik rech na kin yowaj taj.
aj xik chʼi chʼ ril u ʼ s.
kwaj che ix kixb ʼanowik.
aʼre xe toʼ walaq.
x oj ʼe kxeʼq ilal arqas ok.
x in loqʼjun chʼi chʼ, qajinaq uwach.
ku tʼis ri panta lo n.
e janipa le awal kʼwal e kʼolik ?
u tzu kemik le pa s chawe.
ri max are aj qʼan iyaʼ.
ma tab ʼ achi riq kʼax pale b ʼe.
tajin ka nimaj, ri me ʼ s.
ix ix e ʼ l aqʼomab ʼ!
x sachan chwe.
e kʼo kʼicheʼ, chi uwach ri juyub ʼ.
are waʼ ri nimalaj p ixab ʼe are waʼ ri nab ʼe.
x re taʼmaj chiru kʼ pa kʼ kutijwi
jas utz akik le sub ʼ xu ʼan o?
aj xoʼy ri wikan.
we tane aʼ re xe tijow le rikil , are le komon xe tijowik.
sib ʼalaj aninaq ka chʼaw le are ʼ chi nu wachin.
utz we kinchakuj .
meʼs laʼ.
kʼokan warech kaqatijo.
x in sikʼij la.
ri akʼal x sach ka noq je laʼ pa taqʼaj .
xe sikʼij la.
jawixkib ʼij wi chike ʼe wi?
rumal che, man ix ta riʼ riki x chʼawik, are ri rux lab ʼ axel ri i tat riʼ rik chʼaw na iw u kʼ ri ix.
kʼakʼ ri wachoch.
sib ʼalaj utz kin wille atz ʼyaq rech nahuala.
saq por kkayri kipoʼt ri nan.
x sachon ri nu chak chwe.
waʼim xu chapo.
ri qʼaqʼ tajinka juluwik.
naj il u pam ri si wan.
e kʼo ri qachalal pa chiu wiʼ la.
jas xa taq chiʼ j le akʼal chu tijik ?
noʼjimu kemik le pa sa wumal.
kʼojun kukub ʼiʼ tintin , waʼ le laj kukmam ka jeqi taj , ka pa qika xulik pa uwiʼ u qʼab ʼ taq che ʼ , sib ʼalaj sakʼaj , keʼuto lee nim aʼq , chʼutin, rachiʼ l, aj sipanel sib ʼalaj utz ra nim aʼ.
riup ixab ʼ le qʼatb ʼal tzij ki yaʼub ʼixik.
na x sachonta chke xe atinik.
xeq il le chikop pu wileja.
x lo ʼ tajri akʼal.
qono jel kuj waʼ pa u wiʼ ri mex a.
x sikir lewaqan .
la x at waʼ kʼut ?
nimub ʼaqʼ ri tulul.
kin x ikʼi kʼik x in qʼaxik.
la kat b ʼepa le tinamit ?
ri pa l sib ʼalaj saqʼor.
kqʼoxow nu jalom.
x in naʼo chi kat petik.
x loqʼ ulew iwech ix.
x inchakun ru kʼri nu mam .
na x qab ʼan taj.
kkʼojiʼ b ʼaʼ riu sipanik ri ajaw xel jesusk ri sto ru kʼri aw ux lab ʼal !
kin chʼaw ru kʼ le nu nan pale chʼaweb ʼal .
sib ʼalaj qʼeq u ʼm rumal ri may ul.
are le baxu lik.
xe kos le ixoq ib ʼ pale b ʼe.
kʼax ri lik le akʼal chawe.
x in qʼiʼo x in at in pa joron.
sib ʼalaj nim le tinamit.
kʼa xu kemik le pa sa wumal.
x in sachik.
tajin kelu kikʼel pa raqan ri tz ʼiʼ.
x in we taʼmaj ri lik wi b ʼ
ri qʼuqʼ are jun jeʼ l chikop.
kʼopa ja tijob ʼal ri wika qʼ.
ri sach ib ʼal mak rajwa xik chiqa xoʼ l.
je ʼ, kimb ʼek.
je lale ʼ ri nu pwiʼ.
xub ʼij che: - jas x ab ʼan otintin ?
kab ʼanjun toqʼob ʼ kyak ri nu jal.
kat ʼe k x inta.
jas leu kʼex b ʼem ri b ʼ le jun ru kʼ le jun chik ?
aj chiu wiʼ mi qʼin jaʼ ril u ʼ.
ri tijonel naj kpe wi.
te ʼ ki x chob ʼ ub ʼiʼ ri nu tat.
ri jaʼ kamiqʼik chiu wach ri qʼaqʼ .
ri tʼu ʼy k pa qʼowik.
kin meson na.
naqaj at kʼowichi wech.
x inb ʼisonik taq na xat pettaj.
we x kam ri winaq , ri pwaq rech toj b ʼal makaj kyaʼ chikech ri ralaxik.
ri nu nan xb ʼepa kʼayb ʼal .
x oj u kʼamu loq rech koj ri lo
x kʼoto chin chiki wach chikin waʼ a wu kʼ.
na xki kamsaj taj x kikʼamb ʼi choja.
kʼakʼ ri ikʼ kamik.
x imb ʼe ru kʼ leaj kun iwir .
ri lik.
le tz ʼiʼ xekosik.
x in kikotaw umal.
ri i mul xu maj ria nim , xu yakan lekok.
kʼo oj cheri akʼal.
xuj b ʼepa jun kʼulanem.
utz we k waral aq.
kaqilo china koj u kʼam taj.
x re taʼmaj chiru kʼ pa kʼkutij wi.
sib ʼalaj x in kʼaʼ na rik.
x in kochij ri nu wa.
man kat kowintaj kat chakunik , we man kʼota ri aj ilab ʼal .
we w on on xub ʼij chike: -ki x into.
ri ala nim k ril wiri umam.
x kaʼy chirij , x kaʼy chu wach, ma kʼotachi jun ks ilob ʼik , x oqʼik xu xeʼj ri b ʼ x chʼopinik x tz alij loq xu riq tachik riub ʼe .
kʼopusche ri wa.
pinem nakab ʼe le watz , kimb ʼe wi in pa kaʼy ib ʼal .
ri nan toʼn nim winaq chik , saq u wiʼ, rono jel aqʼab ʼ utz ku naʼo ka tʼuy iʼ pa u tem , kum iqʼisaj ri b ʼ chori qʼij , kʼojun u wiʼ u mam ub ʼiʼ a teʼ k.
mane kʼi taj riqul aʼ.
qʼalaj chinak awaj taj kab ʼij
x paqab ʼisax raj il rono jel ri kem.
kʼopa ri jul ri ku matz .
rono jel qʼij kinchʼaj le nu ware.
saqchikan le ichaj rech katz ako.
chu xele qachomal kaqatij wijun qam e qʼin.
chawilaʼ .
e kʼojob ʼ u miʼal, ri nu tat.
jas ru kʼ x awil wi
je ʼ jas ri winaq rech ri uwach ulew, x oqujeʼ kepena riʼ rie ʼ are ʼ chee rech ri uwach ulew; jeʼ jas ri winaq rech ri kaj , x oqujeʼ kepena riʼ rie ʼ are ʼ e rech rikaj.
x in tijo.
k tz ʼu juw ri rachoch ri po ʼ x.
xu qʼiʼo are leu kʼulel xyaʼow uwa.
ri awel x re taʼmaj chi rajawa xik man ku xej ta ri b ʼ cheri tukur .
ju kʼulaj winaq xeʼa nimaj b ʼik.
jeʼ , x in tz alijik.
x oj petik xol qakʼam aʼ.
maj jachin x ʼe k.
in aj tij; at tijoxel.
saq uwiʼ ri tataʼ.
wech ri kem.
le ro ʼ ch le at e ʼ kkʼo chwach le u kʼay le nu nan.
kb ʼepa ri si riʼ a e pa ri silisiʼa, jawijeʼ kuya wiri kichu qʼab ʼ ri komon tyox.
p ixab ʼ : man utz taj kʼax kuj chʼaw chikij ni kʼaj qachil.
x kun ataj le ali ( kumal ri ixoq ib ʼ ).
ri x ib ʼib ʼal chi kʼowipa taq riqa kʼas lemal rono jel qʼij.
na kuj war ta waral.
on che kkʼojiʼ riu tzil chi xoʼ l , are ch junam riqa kojonik, junam ri iwe chi x ru kʼri we chin.
pa ox qʼij ri saʼn kb ʼe na ru kʼri aj kun .
ka winaq wuqub ʼ.
jas kawaj kin tijo?
we taxatb ʼe wu kʼ pale tinamit, xa loqʼ tal aʼ leu jastaq le akʼajol.
keb ʼepa waʼim.
x in loqʼ kʼiwa.
pajun nim kʼa cheʼ laj , kʼojun kʼwaʼ sib ʼalaj saq lo loj, nimu wach.
kwaj katij jub ʼaʼ wa.
rono jel winaq k ril nari ukolonem ri dyos ».
x kʼoto chin chi kiwach chikin waʼ a wu kʼ
kwaj na kat ʼe taj.
la xa loqʼjun alej ?
e kʼo rie loqʼomanel .
ri ukab ʼ ub ʼiʼ ri nu mam are yay.
kinjopij ri i jaʼ rech triko.
x naʼtaj chke xe atinik.
xate ʼ qilaʼ.
kakitij alan xax ri winaq.
. . . kinb ʼij chi are waʼ sin xi ʼan.
na x in nab ʼej tachu ta sikqa kʼolib ʼal .
rumal rech chewe ri in, kin chʼaw ru kʼri dyos pa chʼab ʼal, kchʼaw na kʼu riʼ ri w ux lab ʼal ru kʼri dyos, kʼate kʼut man kʼota u patan riʼ chrech ri nu chomab ʼal .
xe petik xkilo.
xu ta we kat ʼek.
u tzu kemik le pa s chawe.
ri nu wakax xu tij jun qʼoqʼ rumal riʼ x kamik.
rumal ri kʼix , man ke waʼ taj ri winaq.
xe ʼ ulik .
qʼeq rij ri am aʼchij.
x raj ka ʼ e leu nan.
junam ki junab ʼ.
na qʼalaj taj we ka ʼek.
ri wi xnam chʼaj chʼoj ri rachoch.
waral man kʼotaj ajawal.
na iwir ta x ril le kʼamolb ʼe.
x in pe loq te kʼu riʼ x in tzu kuj rono jel ri nu raj il.
riaj tikonel kutik ri tzij.
kʼo e ki kʼajol le achijab ʼ.
kutij qʼayes ri ix paʼch.
pa ri waʼ b ʼal e kʼo ka winaq achijab ʼ .
si poj inaq ri nu pam .
kayaʼtajik ru kʼu tiʼonem jun riu riqom le yab ʼilam olotset sé xuqujeʼ are kayaʼtaj pataq ri juyub ʼ .
jachin ri achi?
ri nu mam x kamik are taq kʼojumu chʼ lajuju junab ʼ.
kin kowinik kin kʼamb ʼile pwaq.
kinwilo chi utz ria jiʼ.
x in qʼil ria po ʼ x cheman kachakun taj.
k waʼ chi uwach le taqʼaj ri am aʼakʼ.
ri i mul xe po qʼik pa jun ikʼ.
x kʼis ka noq riqa chak.
are ri ali xoj ilow ka noq.
sib ʼalaj chʼu ʼ j ri amax.
kʼo nu wachiʼ.
in chajinel kech le akʼalab ʼ.
xekosl etz ʼiʼ.
kinb ʼenak u kʼri molaj.
rono jel a qʼab ʼ kin y i tz ʼ ri wakax.
kara pinik xu tzu kuj chi jun awaj.
le u kemik le pa san inaq ( awumal ).
maj u raj il le qʼab ʼ are l.
kʼax riʼ rika chʼawik.
x oj u taq chiʼ j le achichu loqʼi kichaj.
sib ʼalaj kʼax ri x kʼul ma xik.
xkilo china kin kʼoxomaj taj.
x naʼtaj chkechi xe atinik.
x kʼoto chin chiki wach chixo jal woʼqa ku kʼ .
jun qʼu ʼ q raj il rika x laʼnwa.
x in wilo chi xe ʼelik.
e kʼo ixoq ib ʼ pale kʼayb ʼal .
man kʼotaj u kʼisik ri mayab ʼaj lab ʼal il.
ri sin kkʼiy pataqʼaj.
ri chʼi ma man kkʼiy taj pataqʼaj.
rajawa xik kjikik riwaqän .
kawaj kinʼek.
e kʼo oxib ʼakʼ.
xub ʼij chwe jawi at kʼowi.
chweʼq kuj b ʼe ʼ pam uquj.
pa saq kʼajaʼ kb ʼan wiriuq.
xoj ki sikʼij.
x in wil wi b ʼ.
cha qʼ chik ri wa.
kimb ʼe naka palew oʼ ch.
kawaj kinʼek.
ri chʼu ʼ ktij ru kʼ lej.
pa riki qʼij kaminaq ib ʼ kb ʼan qʼo ri kʼyaʼ rech aj : nab ʼe ri nan kutzu kuj kan riaj , ku jach ʼo ʼ xuquje ku kʼ eto.
jas kaj b ʼal cha nim ?
u tzu chomanik ri ali.
pa ri qʼijox lajuj tijax kinkʼis keb ʼ junab ʼ kinchakun waral.
sib ʼalaj ko, ri kʼakʼ chʼat.
jas karaj kub ʼij … ?
ri chʼi chʼ kas ilab ʼik.
pa ojer qʼalpul x aqxuwi ri nim winaq ke kʼamowb ʼe.
leu kunaxik le ukab ʼu kʼutunik are ru kʼ e flor ni tina on u tunib ʼaxik le ni fur timo x chiʼ le flor ni tina chech t. b. g.
are ri achix in chʼayow ik.
jun achiub ʼik u ʼ xu sipaj keb ʼ kʼ aʼm ulew rech kab ʼanri tijob ʼal , kamik, kʼochik aj tij rech ri komon xe ch pup.
xumal tyoxij cheri aj tij rono jel le xu kʼut chiu wach.
pa ri b ʼe x kiraq junala jimul saqrij, x kikʼamb ʼik .
x ril leb ʼal e ala.
jas kub ʼij chwe ?
leu ku na tajem are ru kʼu tzu kuxik le uchi kopil pa jun u solik u xeʼ le ki kʼon le jaʼ rech jun no do.
utz we nu tz ʼiʼ.
jeʼ , tajin kachaponik .
ki nu loqʼoj le nu tat.
ka waj kimb ʼepa tinamit.
are laʼ kinchakuj .
ri nim aʼq taq winaq kʼo ke taʼmab ʼal .
we ta x at b ʼe wu kʼ pale tinamit, xa loqʼ ta waʼ we jastaq.
ri kikʼas lemal. wa ixim ulew xa jun chi ma are ta tinimit ri ma
riu kʼyab ʼal naju pam .
x atqaj chiu pam ri il.
nojim kat waʼik.
we kʼojun ktuq aʼ rik , ¿ la man xoqujeʼ taj kin tuqaʼr ri in ?
ojoj w okol ja.
awas kb ʼan kʼax che jun nim winaq.
x in chʼaw apan ru kʼ le wa nab ʼ.
kʼax riu pam ri ju ʼ l.
tajin ke waʼ ri i mul.
la kaj lakuj tz alij la aninaq ?
rumal rech cheri makaj man kʼota u kowinempi wiʼ ri ix : ri ix man ix kʼotachi chu xeʼ ri p ixab ʼ, x ane ix kʼochu xeʼ ri sipanik.
nim raqan le cheʼ.
x in chapo.
are le tu ʼ r le loqʼomanel .
xas katkʼojiʼ chiu pam ri chʼi chʼ.
sib ʼalaj nim raqan ri kʼamalb ʼe.
le tz ʼib ʼab ʼal we chin.
in x in toʼw la.
x aje kʼu riʼ ri ix kamik riʼ man ix kax lan winaq tachik; ri ix, ix rech ri ki tinimit rie tyox laj taq winaq , ix rech ri rachoch ri dyos.
x in tiko x laj kʼal ichaj.
kaqa riq qib ʼ chweʼq.
sib ʼalaj utz cheri wiʼ aj ri tuney.
we na jupulik ta xe qajik. . .
x in toʼtaj cheri nu chak.
kʼojun chiko pu b ʼiʼ pu m.
poqon ri ik.
xoj b ʼinik.
xu chʼek rono jel le re tamanik x pa qiʼk kʼax kwʼinik xub ʼanaj kun .
kel ub ʼik pa ri jude ʼ a e k tz alij chiub ʼi jumul pa ri gal il e ʼ a.
x in axib ʼij pa b ʼe.
jeʼ l kʼolem chi awachoch.
rono jel ri yaʼtalil pa we qʼataj, tz ʼaqat kiwach, man ktzaq ta ka noq xuqujeʼ man ktastaj.
xukunaj le yawab ʼ leaj qʼij.
chi tatab ʼej jas le kimb ʼij .
chʼan al ri achi.
pa b ʼ oko ʼ kachakun wi ritax.
uj kʼopa u wuq qʼij.
ki ʼ ri ukab ʼ ria qaj .
kʼo rachalal pa tz ʼoloj che ʼ ri pe ʼ l.
xkilo chikin kʼoxomaj.
riu kisakʼu tz kyaʼik chiu xeʼ ri tikoʼn.
are taq chiʼ kaqʼanpu wiʼ ri jukub ʼ, ri achiche x kʼojiʼ ri itzel ux lab ʼal ru kʼ , kutach rech ri are ʼ, a rech kkʼojiʼ ru kʼri are ʼ.
nakab ʼantaj taw umal.
x naʼtaj chke xe atinik.
x in paj ri nu triko.
xe ʼok ri po kʼpa riumexa ri po ʼ x.
ka juluw ria qʼaʼ l chiu xeʼ ri tʼu ʼy.
awech leja.
x uj b ʼepa tzu rik.
nab ʼe xa to panik.
ri ukab ʼ ub ʼiʼ ri nu mam are yay.
uwaj xaq u kakʼal taqanik (28).
mata kʼojun kakanaj ka noq , qono jel koj b ʼek.
e nim aʼq le al tomab ʼ.
nimu wach ri poʼt.
kojonik pa riu tzij wa ixim ulew.
jas xu kʼamb ʼil etz ʼiʼ xa wilo ?
x in petik, tat.
ri b ʼelaj uwach.
chi tatab ʼej jas ri kimb ʼij .
jeʼ l kunaʼ ri ab ʼix chiu pam ri quq ulew.
kinb ʼisoj uwach le wal.
xu tʼuy ub ʼaʼ.
nim ria we qele ʼ n xa riqo.
x in e ʼ waʼ oq.
chiʼ ke war wile akʼalab ʼ.
ri numi ʼal xu taq loq jun taqoʼm wuj chiwe.
qʼeʼ lik, ri chaj pa ri b ʼe.
lau tz awach ? -u tz mal tyox , e kʼu ri at ? –utz mal tyox.
x inkos rumal nu chak.
kb ʼe ku kʼrie ʼ are ʼ e k tz alij pa rinas are te keʼu nimaj.
ri joj xu kʼamb ʼik riakʼ.
kʼochi wachiʼ l chanim.
kub ʼij chech naʼl kab ʼan cheri atz ʼib ʼ .
e. . . in kawaj katzjoj b ʼila chwe.
mata x in yaj le ali.
jachin ru kʼkatb ʼe wi?
kʼo sib ʼalaje taʼmab ʼal pa ri maya b ʼ noʼjib ʼal .
e man xo ri jupuq kej.
kas u mum ri kaqiqʼ .
e kʼo kajib ʼ akʼalab ʼ pale b ʼe.
jeʼ jas riu tat kkaʼy ik.
xaq at molonel tzij tal.
le nu tat ka loqʼon chwe.
xaq tane kimb ʼe iwu kʼ.
x re taʼmaj u chʼajik.
rumal laʼ x koj “ x al qʼat” cheub ʼiʼ ri komon.
are leu kemik pa s x re taʼmaj.
ri wa tiʼt kub ʼan nari u patan.
kʼakʼ le poʼt.
re taʼm uwach jachin x loqʼow ri pa s.
ken chʼab ʼej le akʼalab ʼ.
yaʼtal chaqe qono jel riuj winaq utz kaqil qib ʼ.
x kot iʼ pa qʼayes x oqʼik.
ka winaq b ʼelejeb ʼ qʼataj.
e kʼo kajib ʼ ral ri i mul, jun saq , jun qʼan, jun qʼeq , jun qʼeqoj , sib ʼalaj ketz ʼanik , ke chʼopinik ri alaj taqimul.
kcholol ri achachal.
ketekik ri ikʼ.
xe petik rech ke waʼiw u kʼ .
tz atz riu qʼan il riakʼ.
xoj tz alij ik xi xeʼ qaqʼatuj ku kʼ le itatinan.
ri yoʼ x taqakʼalab ʼ ke kikʼux ri atz ʼyaq.
we achiwe xu sipaj jun poʼt chwe x kamik.
kkowin ri kunanel che kunanik.
x ji qʼ pa ri polow.
xa rumal sib ʼalaj rajawa xik le lo qʼalaj jaʼ, le winaq xkib ʼij : chewe ikʼ riʼ qono jel kuj b ʼecheu tikik taq che ʼ .
riu nane rie rachalal kepe u loq ru kʼri are ʼ , kʼate kʼu riʼ, man kekowintaj keqib ʼu koq ru kʼ , rumal rech chee kʼo sib ʼalaj winaq.
rumal rech , che man kʼota jun kkowincheu kojik jun tikib ʼal il chik chu wach ri kojom chik che are ri jesusk ri sto.
te kʼu riʼ xu tz ʼib ʼ aj ri b ʼ pa ri nimalaj tijob ʼal rech aj ku ʼ n.
kaj uluw ri chʼum il chaqʼab ʼ.
kʼisb ʼal ka noq , x oqujeʼ kkam ri ixoq.
le alaxok ik.
kʼo pwaq pa u wiʼ ri me xa .
are kawaj nakinʼe taj.
ri ya walku koj ri ali chiu xeʼ ri chakach are usu ʼt.
na kaqa kʼam tu ʼb ʼi kamik.
ri aj tij kub ʼij chike: rajawa xik keqachajij ri awaj , are u tikoʼn riajaw.
x in tij mukun iwir.
kʼax leu wiʼ taqle nu qʼab ʼ.
x in loqʼjun ilb ʼal wi b ʼ.
waʼ we qʼij , nimub ʼantajik.
riu xeʼal riqa tinamit man ka sach taj.
xoj b ʼinik.
ri achalal junam kiwach.
x in we taʼmaj ri lik wi b ʼ.
nim riu naʼoj waj tij.
mi qʼin ri kʼul.
aj qʼojom ria teʼ k.
che le sanik che ʼ kb ʼan wiri qʼojom .
ka pe le awel pa nawal jaʼ.
ri mesonel tajin kchakunik .
u tz chaqe kaqatoʼq ib ʼ, taq kʼo kʼax kʼolil , kat e we chiʼ n riajaw paqawiʼ.
xa wilo, x qʼatan le ib ʼoy.
x at kowinik x ab ʼano.
ki ʼ ri kʼawex.
kaj il il ri b ʼe.
le ali xelb ʼik.
are ʼ x raj x in b ʼano.
nim we ab ʼaj.
jeʼ lik u tiʼ jo lal ri saq koʼ r.
noj inaq ri kej .
we ka tijan xux man katu toʼta chiu qʼatixik le kʼakʼ yab ʼil corona virus ( 2019- ncov).
na nim ta raqan waʼ we cheʼ.
utz alajaj chak, ri wel.
¿ jampa ʼ kuj b ʼepa nim aqʼij ?
rajawa xik tane laʼ katchakun wu kʼ .
xu taq chiʼ j pa waramp ulew.
man are ta ri axwan xel ik.
ria wi x xu loqʼ rachoch re nimal.
are ri ixoq x in sikʼin u loq.
ri chʼi makʼat ʼon na.
laxib ʼan lei chak ?
kʼi tinamit e kʼopa chʼoʼj.
kʼo jup uq chi j chiu xeʼ ri cheʼ.
riu xaq ri ab ʼix are u warikej.
ka winaq qʼataj.
la kix pepa tijob ʼal ?
we kechajix taqle kʼwajacha kinb ʼij ; jun alik kʼo jaʼ xuqujeʼ sib ʼalaj saq lo loj.
x re taʼmaj.
ri alab ʼom ri ali tomab ʼ tajin kikitijoj kib ʼ rech su taq , are kakaj kikib ʼan nimaq achijab ʼ chu pam ri kikʼas lemal , xuquje kʼochik jupuqb ʼ ixonel chu pam ri komon.
latz ʼu wach ri b ʼe.
kʼakʼ ria chʼi chʼ.
qono jel uj , uj mayab ʼ taq winaq.
no jel qʼij ria tiʼ x kuyu qʼuj le taqaw aj je laʼ pa ni kʼaj jaʼ, chirij ri juyub ʼ ub ʼiʼ te naʼ.
pa qʼom chik risiʼ.
kin tzu kunche la.
kakitij le kinaqʼ, le ichaj , le u waʼ lik ru kʼ lej.
xe kanaj kan le aj chakib ʼ.
ketik on ri achijab ʼ.
sib ʼalaj itzel ub ʼantajik ri chʼi lakan.
ria teʼ k xumal tyoxij cheri ra tiʼt , rumal ri utz alaj noʼjib ʼal xu kʼut chech.
k kamulix u chak ri ab ʼix.
la xin u tzu kuj le tijoxel ?
are ʼ kachakun rono jel qʼij.
lee kʼa ʼ na taq tz ʼiʼ.
saqrij ri p lam ux.
jas xa qʼiʼo x atijo.
jas ru kʼ xkichapwi utijik le rikil ?
we ka tat in ru kʼ kʼatan jaʼ man ku qʼatej ta le kʼakʼ yab ʼil corona virus.
la kat b ʼin pale ux lanb ʼal ?
la waral kʼu xi xwaʼ wi?
are le nu tat kin loqʼonik.
tajin kchakun ri ala.
kʼo ri kiʼkotemal awu kʼ .
xu ta jachin ka ʼek.
xa twa ʼik x in wilo.
x tzaq ri rachoch rumal ri jab ʼ.
pale jun ikʼ chik are nimaqʼij.
e keb ʼäm keb ʼin pa uwiʼ ri tem.
mem ria chi.
ri wikanchal iʼ y kelpa juyub ʼ chwi tzirib ʼal .
le raj il, la pa ja xel a qʼax wu ʼ b ʼik ?
pa ri su ʼt pisom wiril ej.
koj petik kol qa kʼam aʼ.
tajin kat chʼo pinchi uwach ri taqʼaj.
le qʼorx chʼuqik.
kʼax waʼim aw umal.
kinb ʼisonche le wal.
sib ʼalaj kʼokʼ ria wa tz ʼyaq.
kamik xuj b ʼecheu tikik taq che ʼ pa ri juyub ʼ.
ki nu loqʼoj le nu tat.
chaqiʼj chik ri chaj.
x y il ix haway i.
na x naʼtaj ta chkechi xe at inik.
ru kʼ kʼu waʼ we riʼ, ri ix kkʼojiʼ jun utz alaji kʼas lemal riʼ ch kiwach ri winaq che mane kʼota iw u kʼ , kʼate kʼu riʼ man kʼota jun winaq riʼ rajawa xik chiwech.
e petinaq pa b ʼe le rachalaxik .
kakaj le akʼalab ʼ ke waʼik.
xuj chʼayb ʼik.
ri nu chak are qʼaxel tzij.
kʼona rux lab ʼ ri awaj.
tajin kel loq, ri qʼij.
xu qʼiʼo x kamsax ri rachalal choch.
ri nu mam are kʼou qʼinomal.
x kʼul mataj jumul , xub ʼanjun nimalaj jab ʼ, man xb ʼeye taj tana xu kʼis leuy u qʼ chike.
am aʼ ri nu tz ʼiʼ.
je waʼkat petik.
x inkosik rumal x inchakunik
iwech chi jujunal, ri wa.
xu qʼiʼona xa ta tintaj.
in riq tajinaq pa ri kʼay ib ʼal .
na we taʼm taj.
kʼax le nu qʼab ʼ.
u tz le xub ʼij le achi.
kematz ʼib ʼ.
kʼo rachalal pa tz ʼoloj che ʼ ri pe ʼ l.
rono jel waʼ we jastaq riʼ, xas k sach wi uwach waʼ ; ru kʼ we riʼ, ri ix, rajawa xik che kʼojun tyox laji kʼas lemal e kkʼojiʼ ri i chʼawem ru kʼri dyos,
x muq taj ri pa tz ʼan.
ri chʼi chʼ tzijom ka noq pa riu kʼolb ʼal .
man kʼota u cholaj pataq ria wuj.
jachike ikʼ leu nimaqʼij le tinamit na wal jaʼ ?
xe petik xol kikʼam aʼ.
kachu qʼ chu tri jaʼ chi apam.
x inb ʼij iwir chi xeb ʼepa armita.
are ʼu xeʼ ojer tzij waral kʼi cheʼ ub ʼiʼ .
x kʼis ri nu siʼ.
jawixkib ʼij wi chike ʼe wi?
¡ x aje kʼu riʼ, jachin taq rie kʼopa ri jude ʼ a, chi chanim che ʼ anim ajub ʼipa taq ri juyub ʼ,
kʼakʼ ri ab ʼ.
la kʼojun naka kʼoxomaj taj ?
nau tz ta leu tʼisom le alma riy.
man yaʼtaltaj chiawe kat okpaja.
je ʼ, x at utzu kuj.
are kel waj xaqib ʼ u qʼij ri x kʼojik.
ri xunku r kkʼojiʼ pataqri triko.
x in sachik.
xu tʼuy ub ʼaʼ
na nu tom ta le tzij …
wa chʼom ri kiwa ri noʼs.
e kʼo job ʼ chʼ il wakʼ.
rajaw ixik chi pataq ri tijob ʼal , pa ni kʼaj ub ʼixik chik
ri rajaw rulew are ʼ tat kel.
we kʼu xokik , we kʼ na xok ta
we achi xu sipaj jun pʼ ot chwe.
a tat u taqoʼ n le qʼatal tzij.
na qʼan ta u wach le qap rut.
ri x aʼ r kʼopa u wiʼ ri qʼaqʼ kpo qʼowik.
ri ro qʼej ri ali jachak pe jun akʼal.
kʼo junalapa tijob ʼal .
säq u wiʼ ri tataʼ.
ri wi tz ikʼ tajin kpe loq.
jawix sach on wi ka nu yaʼik le pwaq che.
u tz we a chiwe x in kunanik.
qono jel kuj waʼ pa u wiʼ ri mex a.
rika x laʼnik man po qon taj.
in x inb ʼe ru kʼri wachiʼ l.
sib ʼalaj jeʼ l xkilo xe kitz oqopij ri kichij chilaʼ.
kinb ʼinik x inʼe k.
kʼax kʼolik, ka chaʼ.
kutij ixim riakʼ.
ri ali x che l, xu qʼiʼo xa jun a kʼ x sipax che.
x qa sikʼij le ixoq chu tz a kiksub ʼ.
mata xab ʼinsaj le chʼi chʼ.
ri p ix tz ʼara lik rumal rie qaʼ n.
¿ jampa ʼ kel chi 3%
kʼojun nu kʼotoj chiʼaj.
tajin ke waʼkat ri alab ʼom .
x in loqʼ le nu kʼakʼ apoʼt.
na utz a kiktasub ʼ tajin ku ʼa no
x oj u taq chiʼij x oj waʼ ik.
iwech ri ab ʼix.
saqrij ri chij.
aj sik cheri tinamit kel wiri tataʼ.
- ¡ ay ! xa x in tzaqu loq, kʼax we waqan .
x kʼul mataj pa jun komon chiʼ uwach jun juyub ʼ, xu riqa jun qʼij xki riq kib ʼ ju nimul ru kʼ le kok.
jas xa taq chiʼ j le akʼal chu tijik ?
x inchapo su xu loqʼo.
qʼinom ri achi.
ri kʼum ktijow ru kʼ kab ʼ.
tajin keja chʼanik.
tzeb ʼal u kemik le pa sa wumal.
are ka yoʼw leu chi kopil leub ʼantajik try pa no soma brucei.
we kat nimanik utz kelik.
pero noʼjimal petnaq loq , .
are le nu chak jun tzu qb ʼal wi b ʼ.
x kunax le yawab ʼ rumal leaj qʼij.
riu kʼu ʼ x tz ʼib ʼ paqa tzij e lajuj.
sib ʼalaj jeʼ lik rie qab ʼal xub ʼanril u ʼ s.
sib ʼalaj atkon.
e man xo ri jupuq kej.
na x naʼtaj ta chke xe at inik.
ri kʼamalb ʼexub ʼij chike, chi maja ri anim.
jumu chʼ ri nu junab ʼ.
qʼi p tajinaq ri raqan ri tem.
kchakun ru kʼri josb ʼal che ʼ ri aj anel.
xa taq chiʼ j le akʼal ch utijik kar .
oj kʼo palero ʼ ch le awel.
¿ la kat pequ kʼ chweʼq ?
le winaq pale chʼi chʼe tʼuy ul lowi.
x kanaj ka noq chiu xeʼ ri jab ʼ ri chʼaʼn.
nim ri ja.
we ta xak u naj le a tat mata x kam laʼ.
na nu kʼamom tu ʼ la riʼ.
ch qa nu kʼu ʼ riqa tzij.
kimb ʼepale tinamit.
x in qʼiʼona xi na tintaj.
rajawa xik ka kʼaman chawe le utijik le lej.
kʼisb ʼal taq noʼjib ʼal .
x in e ʼ waʼ oq.
xkib ʼan kʼax che leu wosaq rumal man utz tachi kakay ik.
ri qʼu tuʼm man kech ta le akʼalab ʼ.
are na nim tale atz ʼiʼ chu wach le nu tz ʼiʼ.
xe petik xol kilaʼ.
¿ jaw chiʼ xa taʼ che x kam riu mam ri po ʼ x ?
e keb ʼ kekʼamb ʼik pa tuj.
x in loqʼjun japa ri w okaj ja.
ria x tu ʼb ʼ, kʼoqulaj chech.
jas karaj ka ʼan chu tzakik le tiʼij.
xutij le wa.
x imb ʼal re tzij.
x pa x ri b ʼoʼ j.
we kawaj kat in toʼo x aqxuwi kab ʼij chiwe.
jas nu kʼu kuchʼob ʼo.
jas karaj ku tijo?
xe x rux lab ʼ ri rik il.
e ni tz ʼ aʼq le taqimul.
we tane in x inb ʼanowik , are le at e ʼ k xb ʼanowik.
kin tz alij pale nu tinamit.
ri nu chaqʼ kʼopa u roʼ qʼatoj tijonik pa ri tijob ʼal .
x in xi ʼ j wib ʼ x in chʼawik.
kʼoch waroʼch le p are.
chi raqan kab ʼin wiri tataʼ.
x sach on kan u yaʼik le pwaq che choja.
x in qʼax chiki xoʼ l ri winaq.
ketikonik .
ri ulew man qech taj, kech riqa tiʼt qamam.
x epe le winaq x ol kikʼam aʼ.
xu loqʼ ri wuj rumal ri ali.
chewe qʼij kamik kʼojun nu tzijonem chirij le nu tinamit.
kej riʼ.
x kunanalaq chwe.
ki nu sikʼij le nu nan.
ri i mul xu chʼij taj, x kanaj pa b ʼe, rumal ri nimal ku jaluj ri i mul, xu tzaq ri anim.
kub ʼan riu xoqʼoʼ l riaj tz ʼaq.
ri la sib ʼalaj utz che kunab ʼal .
kʼi kiwach rie ʼ aj chakib ʼ pa ri komon tyox , kʼate kʼut xa jun chi ajaw xel ;
x qa ta chix at ulik.
kawaj chik atʼek.
chʼu tiʼn kekanaj ri x ajab ʼ chech.
kaqa xiʼ j qib ʼ kaqa chapo.
e kʼo keb ʼ u kʼajol le tat x wan.
lu ʼ sub ʼiʼ ri rech am .
aj chiu wiʼ mi qʼin jaʼ ril u ʼ.
x in yakan le nu chimpa kʼayb ʼal .
kʼatex ri lo , x pe riu nan cheu tzu kuxik , x kikotik, xu salab ʼisaj ri taquxkin.
x kikʼut chiu wach riaj tij xuqujeʼ chi kiwach ri taq ni kʼaj kachil.
utz le nu qʼab ʼ.
ku l le al we ʼ l pa a ustin chaqʼab ʼ kamik.
ri at e ʼ k x tzaq loq are chi kʼopa u wiʼ ri qʼaʼm.
aj patan ri teʼk.
x atqaj chiu pam ri il.
la kʼo tzij na kikʼoxomaj taj ?
x sachon chkechi xe at inik.
rono jel le ulewe cha laq.
la xeb ʼe kʼula xeʼ ki jaqa kʼuleu chiʼ ja?
xaq kat chʼok naj iwir .
kamik kʼochiri jastaqa we.
are chiʼ kakʼis ri junab ʼ kʼo qʼinom.
pa na wal jaʼ x inalexik.
na x in ta taj we are ri akʼal ki x tzu quwik.
¡ rulew ri sab ʼu lo ne rulew ri ne ftali, ub ʼe ri po low, rulew ri jordan, gal il e ʼ akech ri je taqam aqʼ !
rax , rax , rax , kʼo kʼ, kʼo kʼ, kʼo kʼ le rux lab ʼ le taq tikoʼn.
achix at wilo.
paqal raj il le p ix kamik.
xoj b ʼinik.
pajun jeʼ l tijob ʼal ku tijoj ri b ʼ jun akʼal , ub ʼiʼ po ʼ x , utz ku rilo ke pa tijob ʼal rono jel taq qʼij.
x waj chix at ʼe taj.
u tz laʼ le xub ʼij le achi.
we taʼam jachin ka petik.
kin qʼojomanik .
x in qʼiʼo takʼalik x in petik.
are ʼ re taʼm che kino panik.
are tab ʼal e qa qajaw chat toʼwik.
ka winaq waqib ʼ qʼataj.
naqaj chik cheriu waq kaj b ʼal are taq chiʼk sachu wach ri qʼij , kok ri qʼeq u ʼm chu wach ulew, chi kʼateʼ na ri b ʼelejeb ʼ kaj b ʼal .
job ʼ raqan ri tz ʼalam xe po roxik.
sib ʼalaj kor ij rimop.
are waʼ.
je laʼ pa ri timinit chwi kab y ok rech xe laju ʼ, le qa nan qa tat kaki tikojeʼ lalaj taq u wachichaj .
kʼax nu qul.
xu ʼ lu kʼam aʼ.
koj ul kitzu kuj.
are man kʼax ta u kunaxik are taqaninaq kaʼ ilitaj we yab ʼilal xuqujeʼ mojo ʼ qa kuyaʼ le kʼax kʼolil chech le jolom aj.
ri wel kʼopa tijonik.
kawaj kinb ʼij .
ri kotz ʼiʼ j kqakoj chiu pam ri ja.
qʼeq qʼoj rij ri am aʼ kej.
na x waj taj x in chʼawik.
ch p etab ʼal e lo qʼalaj jab ʼ.
x sach on chke x at ki sikʼij.
eleqʼal chʼi chʼ.
jachin xa wilo chi are x tijow ri tiʼ j ?
ma takab ʼe le nu xb ʼal pale tinamit.
p im ru q, ri ali.
¿ kʼo rimu qʼ e chiawech ?
kqab ʼij man kekowin taj.
kin tij na.
kʼojun qatʼu ʼy pa ja!
kʼo p uj chiu pam ri chʼaʼk.
are taq kinkosi kkin warik.
x at waʼ ik x in wilo
in x in chʼayow le achi.
kono jel ri alaxik keʼetz ʼanik.
jas ru kʼ xkitij wile ki ri kil ?
aninaq il kat petik.
na rax ta uwach le juyub ʼ.
ri tz ʼalam tz ʼib ʼab ʼal rax kkay ik.
we chat chakunik, kʼo awa.
ma ʼ tam x at pe cheri waʼim.
kamul kin waʼna.
ri sik il ktijow ru kʼik.
kimb ʼe aqʼan ru kʼ le al talin.
x oj ʼe kxeʼq ilal arqas ok.
xe ki qʼil le aj chakib ʼ xki w ok leja.
ma tane x waj le kʼu h jnem ru kʼ le at e ʼ k.
are xe ʼo pan chiu chiʼ ri juyub ʼ, xkilo chiman qas tak ʼoqʼayes.
kʼate kʼut , ri jesus man k kojonta chkech rie ʼ are ʼ , rumal rech che kono jel re taʼm kiwach,
pa ʼ tz rij ri tz ʼiʼ.
juwinaq waqib ʼ qʼataj.
atel aqʼom.
xaq at joʼs.
ri qʼatz u, are qʼalaj riu qʼij il.
aj chak we ala.
ub ʼelej u kakʼal taqanik (29).
keb ʼ nu b ʼiʼ kʼolik.
la katz alij lu ʼ la aninaq ?
katzu kun la chwe.
la kaj la koj b ʼe ʼ pale chomal chwe ʼ q?
x in nab ʼej chu ta si kqakʼolib ʼal .
lalxin toʼwik.
sib ʼalaj a noʼjib ʼal .
x oj petik xol qakʼam aʼ.
sib ʼalaj jeʼ lik riu waʼ l ri ichaj.
kʼax wij rumal in pa chalik.
are taq xu kʼul maj waʼ xul riu chomanik xub ʼij : are utz waa qʼab ʼ kinwalij ik, are chaʼ cha nim kin opan pa tijob ʼal , maj chi kin kʼulmaj.
oj aj xo jolob ʼ pa awas qʼij.
x in sach che leuw okik le tzij.
e julajuj riakʼ.
xu ta jampa ʼ koj ʼe k.
qilik .
ri tijoxel man are ta nim chu wach ri raj tij. ri utz tijoxel qas je riʼ kʼolik jas ri raj tij.
in xat in chʼayo.
noʼjim chak w umal.
chʼur ri jochʼ.
in kinb ʼij na kat sach taj.
uj mayab ʼ.
ri ab ʼaj yatzalik.
tajin kep ixb ʼax ri akʼalab ʼ.
chom ri aq.
x in warik.
e lemen kono jel ri akʼalab ʼ.
tajin kqʼanarik ri we re ʼaj.
le u kemik le pa su tz ( chawe ).
xuyupub ʼa uwach raʼ chi, kachaʼ, .
ri satanas kokpa ri judas ri kb ʼixis kar iʼotech rech , ri are ʼ jun chki xoʼ l rie kab ʼ lajuj.
chu churi pa r.
kin qumuj ri nu jochʼ.
chech punción lumbar am aqʼel rajawa xik chech ri lik leu kʼex b ʼem wile nab ʼe ru kʼ le ukab ʼu kʼutunem le yab ʼ ilal.
qʼalaj chinak awaj taj kab ʼij.
kʼo qʼol chirij risiʼ.
jawi xoj ʼe wichu loqʼik ?
kʼoulo chʼ ri talin.
qʼan rij ria tiʼt nu kej.
la x tz alij la iwir?
xe sikʼixik, kʼate kʼu riʼ xe yajik , xuqujeʼ xe taqb ʼiche u sikʼik lemes.
la kix warik?
are kʼu lepa lo max xub ʼij che: - mam kat b ʼison taj, kin sikʼij ni kʼaj wachiʼ l ke rapa p ik.
aʼre e tijoxelab ʼ.
ri alajali si ʼ l xub ʼij x qa chap pa u tz al ri tyox.
x sachon chke jachin xe at inik.
jas xu ray ij le a nan xu tijo?
xinko sik.
rax rono jel riqʼay es rumal lejab ʼ.
kin ya waʼ we chʼi chʼ pinem na utz.
noʼjim u pa chʼuxik le nu wiʼ.
naj kʼowile woʼch chu wach le tijob ʼal .
ri okib ʼal kʼochiu wach ri saq ja.
xe nu taq chʼij ke kil le akʼalab ʼ.
kʼojun qʼoxowem chiwe.
tzari choʼm .
we choj b ʼepale nimaqʼij, ke qil le aj xo jolob ʼ.
x oj ʼe kxeʼq ilal arqas ok.
ri at e ʼ k xu taʼ chech ri nan toʼn : - nan jas che ʼ chiman kaj ta laqa kʼatisaj ri joʼ q.
ri pa l sib ʼalaj xu ʼy.
kin koj ri jo kb ʼal ulew.
in kinb ʼij na kat sach taj
at raj kun le nu nan.
ku qamuj uj oron ri aj tzij.
lu ʼ tz ʼalam ub ʼiʼ ria chikel pa nim che ʼ.
jeʼ lik u tiʼ jo lal ri saq koʼ r.
kʼojun xaʼr pa ja.
x in loqʼjun kʼakʼ patan.
kʼa xu kemik le pa sa wumal.
aninaq u kemik le pa sa wumal
ri chʼ aʼn sachinaq pataqab ʼix.
rax taqle kotz ʼiʼ j.
mesom ka noq riu pam ja.
man are ta rala xkosik.
ri komon xech pu prechu qʼab ʼ tinamit xoʼ lab ʼaj rech qʼu mar kaj.
lau tz a kikkʼusub ʼ tajinku ʼan o?
ka te la!
naxu tijtaj.
xa rumal ketaʼm kono jel ri winaq kkiqum uj le jaʼ.
iwir xuj tz alij lapa kʼayb ʼal .
qe taʼm che riqa wakuj u toʼo.
ri aj tij, kyaj on chikech ri akʼalab ʼ.
jasub ʼanom le nu chʼuti tat ?
chweʼq kinb ʼepa nim tinamit.
u tz we kiwe taʼmaj jas kub ʼij ri cholb ʼal qʼij.
tajin kat jilow che u qʼoxom jolom aj.
x in ti kqʼax chi uwach ri ja.
kʼax le kib ʼele winaq.
loqʼ kat kun taj che le yab ʼil ( covid -19).
ri nu xi b ʼal kelpaqaj b ʼal qʼij.
x ril ri axwanchi x waʼ ri ala.
le alix kuna tajik.
we tak ap elejab ʼ kamik.
x in we taʼmaj china x at petaj.
ri p waq rech we qʼataj riʼ kesax chech ri toj b ʼal kʼay inem.
ktij riu waʼ lik rumal riki nim aqʼij.
xu chapu kunaxik.
chatan loqali.
x in xu liʼ qajoq.
jeʼ lik ktijow ri taqik ox.
kʼate kʼu ril e tat xoʼ r xub ʼij , man kawaj taj, man kawaj taj.
kʼojun tz ʼiʼ pa b ʼe.
kamul x in pechea tzu kuxik.
man tajin ta kin chakunik.
kin chakunik rech kat waʼik.
jas ru kʼ xa wil wichi xki qupij wilet iʼ j.
jasub ʼixik … ?
koqʼri akʼal.
kawaj na kat ʼe taj.
xat qʼajik.
we m na cha loqʼ a xiy al , na kimb ʼe taaw u kʼ.
x opan le wujaw u kʼ rumal we chin.
are kʼut pale juyub ʼ kkʼiy joron, chilaʼ xe ki kʼama wiri jaʼ ri winaq.
koqʼri akʼal.
we kʼo a raj il cha kʼama loq.
are sib ʼalaj kaq le apoʼt chu wach le nu poʼt.
x in kʼastaj pa kab ʼ lajuj kaj b ʼal .
kaqoy ʼej naki x petaj.
koka xim richij x aje laʼ man ka nimaj tab ʼik.
ri kok nojim xb ʼek, xu chʼijox opan pa u kʼisb ʼal il le anim.
x oj kiʼkotik are taq xa tulik.
kaqi tz ʼ naj ri ux ajab ʼ ri akʼal.
ri jesusk waʼ kat pa ri nim rachoch ri dyos, chu xeʼ ri jun jache rachoch risa lom on.
we taqanik riʼ kub ʼij chi rajawa xik kyaʼu qʼij ri winaq xuqujeʼ ktoʼ aninaq il.
ria xu x are na riu kunel ri kinaqʼ.
are taqwaʼ riu qʼijol we taqanik.
kʼojun tab ʼal pa u wiʼ ri x kanul ub ʼiʼ lajuj noʼj.
yu ʼ l ub ʼanom riu kolob ʼ rikej.
xa nimaj ri akʼal chi uwach ri u chu ch.
kku nanri achi.
kinwaʼik rech na kin yowaj taj.
aj xik chʼi chʼ ril u ʼ s.
kwaj che ix kixb ʼanowik.
aʼre xe toʼ walaq.
x oj ʼe kxeʼq ilal arqas ok.
x in loqʼjun chʼi chʼ, qajinaq uwach.
ku tʼis ri panta lo n.
e janipa le awal kʼwal e kʼolik ?
u tzu kemik le pa s chawe.
ri max are aj qʼan iyaʼ.
ma tab ʼ achi riq kʼax pale b ʼe.
tajin ka nimaj, ri me ʼ s.
ix ix e ʼ l aqʼomab ʼ!
x sachan chwe.
e kʼo kʼicheʼ, chi uwach ri juyub ʼ.
are waʼ ri nimalaj p ixab ʼe are waʼ ri nab ʼe.
x re taʼmaj chiru kʼ pa kʼ kutijwi
jas utz akik le sub ʼ xu ʼan o?
aj xoʼy ri wikan.
we tane aʼ re xe tijow le rikil , are le komon xe tijowik.
sib ʼalaj aninaq ka chʼaw le are ʼ chi nu wachin.
utz we kinchakuj .
meʼs laʼ.
kʼokan warech kaqatijo.
x in sikʼij la.
ri akʼal x sach ka noq je laʼ pa taqʼaj .
xe sikʼij la.
jawixkib ʼij wi chike ʼe wi?
rumal che, man ix ta riʼ riki x chʼawik, are ri rux lab ʼ axel ri i tat riʼ rik chʼaw na iw u kʼ ri ix.
kʼakʼ ri wachoch.
sib ʼalaj utz kin wille atz ʼyaq rech nahuala.
saq por kkayri kipoʼt ri nan.
x sachon ri nu chak chwe.
waʼim xu chapo.
ri qʼaqʼ tajinka juluwik.
naj il u pam ri si wan.
e kʼo ri qachalal pa chiu wiʼ la.
jas xa taq chiʼ j le akʼal chu tijik ?
noʼjimu kemik le pa sa wumal.
kʼojun kukub ʼiʼ tintin , waʼ le laj kukmam ka jeqi taj , ka pa qika xulik pa uwiʼ u qʼab ʼ taq che ʼ , sib ʼalaj sakʼaj , keʼuto lee nim aʼq , chʼutin, rachiʼ l, aj sipanel sib ʼalaj utz ra nim aʼ.
riup ixab ʼ le qʼatb ʼal tzij ki yaʼub ʼixik.
na x sachonta chke xe atinik.
xeq il le chikop pu wileja.
x lo ʼ tajri akʼal.
qono jel kuj waʼ pa u wiʼ ri mex a.
x sikir lewaqan .
la x at waʼ kʼut ?
nimub ʼaqʼ ri tulul.
kin x ikʼi kʼik x in qʼaxik.
la kat b ʼepa le tinamit ?
ri pa l sib ʼalaj saqʼor.
kqʼoxow nu jalom.
x in naʼo chi kat petik.
x loqʼ ulew iwech ix.
x inchakun ru kʼri nu mam .
na x qab ʼan taj.
kkʼojiʼ b ʼaʼ riu sipanik ri ajaw xel jesusk ri sto ru kʼri aw ux lab ʼal !
kin chʼaw ru kʼ le nu nan pale chʼaweb ʼal .
sib ʼalaj qʼeq u ʼm rumal ri may ul.
are le baxu lik.
xe kos le ixoq ib ʼ pale b ʼe.
kʼax ri lik le akʼal chawe.
x in qʼiʼo x in at in pa joron.
sib ʼalaj nim le tinamit.
kʼa xu kemik le pa sa wumal.
x in sachik.
tajin kelu kikʼel pa raqan ri tz ʼiʼ.
x in we taʼmaj ri lik wi b ʼ
ri qʼuqʼ are jun jeʼ l chikop.
kʼopa ja tijob ʼal ri wika qʼ.
ri sach ib ʼal mak rajwa xik chiqa xoʼ l.
je ʼ, kimb ʼek.
je lale ʼ ri nu pwiʼ.
xub ʼij che: - jas x ab ʼan otintin ?
kab ʼanjun toqʼob ʼ kyak ri nu jal.
kat ʼe k x inta.
jas leu kʼex b ʼem ri b ʼ le jun ru kʼ le jun chik ?
aj chiu wiʼ mi qʼin jaʼ ril u ʼ.
ri tijonel naj kpe wi.
te ʼ ki x chob ʼ ub ʼiʼ ri nu tat.
ri jaʼ kamiqʼik chiu wach ri qʼaqʼ .
ri tʼu ʼy k pa qʼowik.
kin meson na.
naqaj at kʼowichi wech.
x inb ʼisonik taq na xat pettaj.
we x kam ri winaq , ri pwaq rech toj b ʼal makaj kyaʼ chikech ri ralaxik.
ri nu nan xb ʼepa kʼayb ʼal .
x oj u kʼamu loq rech koj ri lo
x kʼoto chin chiki wach chikin waʼ a wu kʼ.
na xki kamsaj taj x kikʼamb ʼi choja.
kʼakʼ ri ikʼ kamik.
x imb ʼe ru kʼ leaj kun iwir .
ri lik.
le tz ʼiʼ xekosik.
x in kikotaw umal.
ri i mul xu maj ria nim , xu yakan lekok.
kʼo oj cheri akʼal.
xuj b ʼepa jun kʼulanem.
utz we k waral aq.
kaqilo china koj u kʼam taj.
x re taʼmaj chiru kʼ pa kʼkutij wi.
sib ʼalaj x in kʼaʼ na rik.
x in kochij ri nu wa.
man kat kowintaj kat chakunik , we man kʼota ri aj ilab ʼal .
we w on on xub ʼij chike: -ki x into.
ri ala nim k ril wiri umam.
x kaʼy chirij , x kaʼy chu wach, ma kʼotachi jun ks ilob ʼik , x oqʼik xu xeʼj ri b ʼ x chʼopinik x tz alij loq xu riq tachik riub ʼe .
kʼopusche ri wa.
pinem nakab ʼe le watz , kimb ʼe wi in pa kaʼy ib ʼal .
ri nan toʼn nim winaq chik , saq u wiʼ, rono jel aqʼab ʼ utz ku naʼo ka tʼuy iʼ pa u tem , kum iqʼisaj ri b ʼ chori qʼij , kʼojun u wiʼ u mam ub ʼiʼ a teʼ k.
mane kʼi taj riqul aʼ.
qʼalaj chinak awaj taj kab ʼij
x paqab ʼisax raj il rono jel ri kem.
kʼopa ri jul ri ku matz .
rono jel qʼij kinchʼaj le nu ware.
saqchikan le ichaj rech katz ako.
chu xele qachomal kaqatij wijun qam e qʼin.
chawilaʼ .
e kʼojob ʼ u miʼal, ri nu tat.
jas ru kʼ x awil wi
je ʼ jas ri winaq rech ri uwach ulew, x oqujeʼ kepena riʼ rie ʼ are ʼ chee rech ri uwach ulew; jeʼ jas ri winaq rech ri kaj , x oqujeʼ kepena riʼ rie ʼ are ʼ e rech rikaj.
x in tijo.
k tz ʼu juw ri rachoch ri po ʼ x.
xu qʼiʼo are leu kʼulel xyaʼow uwa.
ri awel x re taʼmaj chi rajawa xik man ku xej ta ri b ʼ cheri tukur .
ju kʼulaj winaq xeʼa nimaj b ʼik.
jeʼ , x in tz alijik.
x oj petik xol qakʼam aʼ.
maj jachin x ʼe k.
in aj tij; at tijoxel.
saq uwiʼ ri tataʼ.
wech ri kem.
le ro ʼ ch le at e ʼ kkʼo chwach le u kʼay le nu nan.
kb ʼepa ri si riʼ a e pa ri silisiʼa, jawijeʼ kuya wiri kichu qʼab ʼ ri komon tyox.
p ixab ʼ : man utz taj kʼax kuj chʼaw chikij ni kʼaj qachil.
x kun ataj le ali ( kumal ri ixoq ib ʼ ).
ri x ib ʼib ʼal chi kʼowipa taq riqa kʼas lemal rono jel qʼij.
na kuj war ta waral.
on che kkʼojiʼ riu tzil chi xoʼ l , are ch junam riqa kojonik, junam ri iwe chi x ru kʼri we chin.
pa ox qʼij ri saʼn kb ʼe na ru kʼri aj kun .
ka winaq wuqub ʼ.
jas kawaj kin tijo?
we taxatb ʼe wu kʼ pale tinamit, xa loqʼ tal aʼ leu jastaq le akʼajol.
keb ʼepa waʼim.
x in loqʼ kʼiwa.
pajun nim kʼa cheʼ laj , kʼojun kʼwaʼ sib ʼalaj saq lo loj, nimu wach.
kwaj katij jub ʼaʼ wa.
rono jel winaq k ril nari ukolonem ri dyos ».
x kʼoto chin chi kiwach chikin waʼ a wu kʼ
kwaj na kat ʼe taj.
la xa loqʼjun alej ?
e kʼo rie loqʼomanel .
ri ukab ʼ ub ʼiʼ ri nu mam are yay.
kinjopij ri i jaʼ rech triko.
x naʼtaj chke xe atinik.
xate ʼ qilaʼ.
kakitij alan xax ri winaq.
. . . kinb ʼij chi are waʼ sin xi ʼan.
na x in nab ʼej tachu ta sikqa kʼolib ʼal .
rumal rech chewe ri in, kin chʼaw ru kʼri dyos pa chʼab ʼal, kchʼaw na kʼu riʼ ri w ux lab ʼal ru kʼri dyos, kʼate kʼut man kʼota u patan riʼ chrech ri nu chomab ʼal .
xe petik xkilo.
xu ta we kat ʼek.
u tzu kemik le pa s chawe.
ri nu wakax xu tij jun qʼoqʼ rumal riʼ x kamik.
rumal ri kʼix , man ke waʼ taj ri winaq.
xe ʼ ulik .
qʼeq rij ri am aʼchij.
x raj ka ʼ e leu nan.
junam ki junab ʼ.
na qʼalaj taj we ka ʼek.
ri wi xnam chʼaj chʼoj ri rachoch.
waral man kʼotaj ajawal.
na iwir ta x ril le kʼamolb ʼe.
x in pe loq te kʼu riʼ x in tzu kuj rono jel ri nu raj il.
riaj tikonel kutik ri tzij.
kʼo e ki kʼajol le achijab ʼ.
kutij qʼayes ri ix paʼch.
pa ri waʼ b ʼal e kʼo ka winaq achijab ʼ .
si poj inaq ri nu pam .
kayaʼtajik ru kʼu tiʼonem jun riu riqom le yab ʼilam olotset sé xuqujeʼ are kayaʼtaj pataq ri juyub ʼ .
jachin ri achi?
ri nu mam x kamik are taq kʼojumu chʼ lajuju junab ʼ.
kin kowinik kin kʼamb ʼile pwaq.
kinwilo chi utz ria jiʼ.
x in qʼil ria po ʼ x cheman kachakun taj.
k waʼ chi uwach le taqʼaj ri am aʼakʼ.
ri i mul xe po qʼik pa jun ikʼ.
x kʼis ka noq riqa chak.
are ri ali xoj ilow ka noq.
sib ʼalaj chʼu ʼ j ri amax.
kʼo nu wachiʼ.
in chajinel kech le akʼalab ʼ.
xekosl etz ʼiʼ.
kinb ʼenak u kʼri molaj.
rono jel a qʼab ʼ kin y i tz ʼ ri wakax.
kara pinik xu tzu kuj chi jun awaj.
le u kemik le pa san inaq ( awumal ).
maj u raj il le qʼab ʼ are l.
kʼax riʼ rika chʼawik.
x oj u taq chiʼ j le achichu loqʼi kichaj.
sib ʼalaj kʼax ri x kʼul ma xik.
xkilo china kin kʼoxomaj taj.
x naʼtaj chkechi xe atinik.
x kʼoto chin chiki wach chixo jal woʼqa ku kʼ .
jun qʼu ʼ q raj il rika x laʼnwa.
x in wilo chi xe ʼelik.
e kʼo ixoq ib ʼ pale kʼayb ʼal .
man kʼotaj u kʼisik ri mayab ʼaj lab ʼal il.
ri sin kkʼiy pataqʼaj.
ri chʼi ma man kkʼiy taj pataqʼaj.
rajawa xik kjikik riwaqän .
kawaj kinʼek.
e kʼo oxib ʼakʼ.
xub ʼij chwe jawi at kʼowi.
chweʼq kuj b ʼe ʼ pam uquj.
pa saq kʼajaʼ kb ʼan wiriuq.
xoj ki sikʼij.
x in wil wi b ʼ.
cha qʼ chik ri wa.
kimb ʼe naka palew oʼ ch.
kawaj kinʼek.
ri chʼu ʼ ktij ru kʼ lej.
pa riki qʼij kaminaq ib ʼ kb ʼan qʼo ri kʼyaʼ rech aj : nab ʼe ri nan kutzu kuj kan riaj , ku jach ʼo ʼ xuquje ku kʼ eto.
jas kaj b ʼal cha nim ?
u tzu chomanik ri ali.
pa ri qʼijox lajuj tijax kinkʼis keb ʼ junab ʼ kinchakun waral.
sib ʼalaj ko, ri kʼakʼ chʼat.
jas karaj kub ʼij … ?
ri chʼi chʼ kas ilab ʼik.
pa ojer qʼalpul x aqxuwi ri nim winaq ke kʼamowb ʼe.
leu kunaxik le ukab ʼu kʼutunik are ru kʼ e flor ni tina on u tunib ʼaxik le ni fur timo x chiʼ le flor ni tina chech t. b. g.
are ri achix in chʼayow ik.
jun achiub ʼik u ʼ xu sipaj keb ʼ kʼ aʼm ulew rech kab ʼanri tijob ʼal , kamik, kʼochik aj tij rech ri komon xe ch pup.
xumal tyoxij cheri aj tij rono jel le xu kʼut chiu wach.
pa ri b ʼe x kiraq junala jimul saqrij, x kikʼamb ʼik .
x ril leb ʼal e ala.
jas kub ʼij chwe ?
leu ku na tajem are ru kʼu tzu kuxik le uchi kopil pa jun u solik u xeʼ le ki kʼon le jaʼ rech jun no do.
utz we nu tz ʼiʼ.
jeʼ , tajin kachaponik .
ki nu loqʼoj le nu tat.
ka waj kimb ʼepa tinamit.
are laʼ kinchakuj .
ri nim aʼq taq winaq kʼo ke taʼmab ʼal .
we ta x at b ʼe wu kʼ pale tinamit, xa loqʼ ta waʼ we jastaq.
ri kikʼas lemal. wa ixim ulew xa jun chi ma are ta tinimit ri ma
riu kʼyab ʼal naju pam .
x atqaj chiu pam ri il.
nojim kat waʼik.
we kʼojun ktuq aʼ rik , ¿ la man xoqujeʼ taj kin tuqaʼr ri in ?
ojoj w okol ja.
awas kb ʼan kʼax che jun nim winaq.
x in chʼaw apan ru kʼ le wa nab ʼ.
kʼax riu pam ri ju ʼ l.
tajin ke waʼ ri i mul.
la kaj lakuj tz alij la aninaq ?
rumal rech cheri makaj man kʼota u kowinempi wiʼ ri ix : ri ix man ix kʼotachi chu xeʼ ri p ixab ʼ, x ane ix kʼochu xeʼ ri sipanik.
nim raqan le cheʼ.
x in chapo.
are le tu ʼ r le loqʼomanel .
xas katkʼojiʼ chiu pam ri chʼi chʼ.
sib ʼalaj nim raqan ri kʼamalb ʼe.
le tz ʼib ʼab ʼal we chin.
in x in toʼw la.
x aje kʼu riʼ ri ix kamik riʼ man ix kax lan winaq tachik; ri ix, ix rech ri ki tinimit rie tyox laj taq winaq , ix rech ri rachoch ri dyos.
x in tiko x laj kʼal ichaj.
kaqa riq qib ʼ chweʼq.
sib ʼalaj utz cheri wiʼ aj ri tuney.
we na jupulik ta xe qajik. . .
x in toʼtaj cheri nu chak.
kʼojun chiko pu b ʼiʼ pu m.
poqon ri ik.
xoj b ʼinik.
xu chʼek rono jel le re tamanik x pa qiʼk kʼax kwʼinik xub ʼanaj kun .
kel ub ʼik pa ri jude ʼ a e k tz alij chiub ʼi jumul pa ri gal il e ʼ a.
x in axib ʼij pa b ʼe.
jeʼ l kʼolem chi awachoch.
rono jel ri yaʼtalil pa we qʼataj, tz ʼaqat kiwach, man ktzaq ta ka noq xuqujeʼ man ktastaj.
xukunaj le yawab ʼ leaj qʼij.
chi tatab ʼej jas le kimb ʼij .
chʼan al ri achi.
pa b ʼ oko ʼ kachakun wi ritax.
uj kʼopa u wuq qʼij.
ki ʼ ri ukab ʼ ria qaj .
kʼo rachalal pa tz ʼoloj che ʼ ri pe ʼ l.
xkilo chikin kʼoxomaj.
riu kisakʼu tz kyaʼik chiu xeʼ ri tikoʼn.
are taq chiʼ kaqʼanpu wiʼ ri jukub ʼ, ri achiche x kʼojiʼ ri itzel ux lab ʼal ru kʼ , kutach rech ri are ʼ, a rech kkʼojiʼ ru kʼri are ʼ.
nakab ʼantaj taw umal.
x naʼtaj chke xe atinik.
x in paj ri nu triko.
xe ʼok ri po kʼpa riumexa ri po ʼ x.
ka juluw ria qʼaʼ l chiu xeʼ ri tʼu ʼy.
awech leja.
x uj b ʼepa tzu rik.
nab ʼe xa to panik.
ri ukab ʼ ub ʼiʼ ri nu mam are yay.
uwaj xaq u kakʼal taqanik (28).
mata kʼojun kakanaj ka noq , qono jel koj b ʼek.
e nim aʼq le al tomab ʼ.
nimu wach ri poʼt.
kojonik pa riu tzij wa ixim ulew.
jas xu kʼamb ʼil etz ʼiʼ xa wilo ?
x in petik, tat.
ri b ʼelaj uwach.
chi tatab ʼej jas ri kimb ʼij .
jeʼ l kunaʼ ri ab ʼix chiu pam ri quq ulew.
kinb ʼisoj uwach le wal.
xu tʼuy ub ʼaʼ.
nim ria we qele ʼ n xa riqo.
x in e ʼ waʼ oq.
chiʼ ke war wile akʼalab ʼ.
ri numi ʼal xu taq loq jun taqoʼm wuj chiwe.
qʼeʼ lik, ri chaj pa ri b ʼe.
lau tz awach ? -u tz mal tyox , e kʼu ri at ? –utz mal tyox.
x inkos rumal nu chak.
kb ʼe ku kʼrie ʼ are ʼ e k tz alij pa rinas are te keʼu nimaj.
ri joj xu kʼamb ʼik riakʼ.
kʼochi wachiʼ l chanim.
kub ʼij chech naʼl kab ʼan cheri atz ʼib ʼ .
e. . . in kawaj katzjoj b ʼila chwe.
mata x in yaj le ali.
jachin ru kʼkatb ʼe wi?
kʼo sib ʼalaje taʼmab ʼal pa ri maya b ʼ noʼjib ʼal .
e man xo ri jupuq kej.
kas u mum ri kaqiqʼ .
e kʼo kajib ʼ akʼalab ʼ pale b ʼe.
jeʼ jas riu tat kkaʼy ik.
xaq at molonel tzij tal.
le nu tat ka loqʼon chwe.
xaq tane kimb ʼe iwu kʼ.
x re taʼmaj u chʼajik.
rumal laʼ x koj “ x al qʼat” cheub ʼiʼ ri komon.
are leu kemik pa s x re taʼmaj.
ri wa tiʼt kub ʼan nari u patan.
kʼakʼ le poʼt.
re taʼm uwach jachin x loqʼow ri pa s.
ken chʼab ʼej le akʼalab ʼ.
yaʼtal chaqe qono jel riuj winaq utz kaqil qib ʼ.
x kot iʼ pa qʼayes x oqʼik.
ka winaq b ʼelejeb ʼ qʼataj.
e kʼo kajib ʼ ral ri i mul, jun saq , jun qʼan, jun qʼeq , jun qʼeqoj , sib ʼalaj ketz ʼanik , ke chʼopinik ri alaj taqimul.
kcholol ri achachal.
ketekik ri ikʼ.
xe petik rech ke waʼiw u kʼ .
tz atz riu qʼan il riakʼ.
xoj tz alij ik xi xeʼ qaqʼatuj ku kʼ le itatinan.
ri yoʼ x taqakʼalab ʼ ke kikʼux ri atz ʼyaq.
we achiwe xu sipaj jun poʼt chwe x kamik.
kkowin ri kunanel che kunanik.
x ji qʼ pa ri polow.
xa rumal sib ʼalaj rajawa xik le lo qʼalaj jaʼ, le winaq xkib ʼij : chewe ikʼ riʼ qono jel kuj b ʼecheu tikik taq che ʼ .
riu nane rie rachalal kepe u loq ru kʼri are ʼ , kʼate kʼu riʼ, man kekowintaj keqib ʼu koq ru kʼ , rumal rech chee kʼo sib ʼalaj winaq.
rumal rech , che man kʼota jun kkowincheu kojik jun tikib ʼal il chik chu wach ri kojom chik che are ri jesusk ri sto.
te kʼu riʼ xu tz ʼib ʼ aj ri b ʼ pa ri nimalaj tijob ʼal rech aj ku ʼ n.
kaj uluw ri chʼum il chaqʼab ʼ.
kʼisb ʼal ka noq , x oqujeʼ kkam ri ixoq.
le alaxok ik.
kʼo pwaq pa u wiʼ ri me xa .
are kawaj nakinʼe taj.
ri ya walku koj ri ali chiu xeʼ ri chakach are usu ʼt.
na kaqa kʼam tu ʼb ʼi kamik.
ri aj tij kub ʼij chike: rajawa xik keqachajij ri awaj , are u tikoʼn riajaw.
x in tij mukun iwir.
kʼax leu wiʼ taqle nu qʼab ʼ.
x in loqʼjun ilb ʼal wi b ʼ.
waʼ we qʼij , nimub ʼantajik.
riu xeʼal riqa tinamit man ka sach taj.
xoj b ʼinik.
ri achalal junam kiwach.
x in we taʼmaj ri lik wi b ʼ.
nim riu naʼoj waj tij.
mi qʼin ri kʼul.
aj qʼojom ria teʼ k.
che le sanik che ʼ kb ʼan wiri qʼojom .
ka pe le awel pa nawal jaʼ.
ri mesonel tajin kchakunik .
u tz chaqe kaqatoʼq ib ʼ, taq kʼo kʼax kʼolil , kat e we chiʼ n riajaw paqawiʼ.
xa wilo, x qʼatan le ib ʼoy.
x at kowinik x ab ʼano.
ki ʼ ri kʼawex.
kaj il il ri b ʼe.
le ali xelb ʼik.
are ʼ x raj x in b ʼano.
nim we ab ʼaj.
jeʼ lik u tiʼ jo lal ri saq koʼ r.
noj inaq ri kej .
we ka tijan xux man katu toʼta chiu qʼatixik le kʼakʼ yab ʼil corona virus ( 2019- ncov).
na nim ta raqan waʼ we cheʼ.
utz alajaj chak, ri wel.
¿ jampa ʼ kuj b ʼepa nim aqʼij ?
rajawa xik tane laʼ katchakun wu kʼ .
xu taq chiʼ j pa waramp ulew.
man are ta ri axwan xel ik.
ria wi x xu loqʼ rachoch re nimal.
are ri ixoq x in sikʼin u loq.
ri chʼi makʼat ʼon na.
laxib ʼan lei chak ?
kʼi tinamit e kʼopa chʼoʼj.
kʼo jup uq chi j chiu xeʼ ri cheʼ.
riu xaq ri ab ʼix are u warikej.
ka winaq qʼataj.
la kix pepa tijob ʼal ?
we kechajix taqle kʼwajacha kinb ʼij ; jun alik kʼo jaʼ xuqujeʼ sib ʼalaj saq lo loj.
x re taʼmaj.
ri alab ʼom ri ali tomab ʼ tajin kikitijoj kib ʼ rech su taq , are kakaj kikib ʼan nimaq achijab ʼ chu pam ri kikʼas lemal , xuquje kʼochik jupuqb ʼ ixonel chu pam ri komon.
latz ʼu wach ri b ʼe.
kʼakʼ ria chʼi chʼ.
qono jel uj , uj mayab ʼ taq winaq.
no jel qʼij ria tiʼ x kuyu qʼuj le taqaw aj je laʼ pa ni kʼaj jaʼ, chirij ri juyub ʼ ub ʼiʼ te naʼ.
pa qʼom chik risiʼ.
kin tzu kunche la.
kakitij le kinaqʼ, le ichaj , le u waʼ lik ru kʼ lej.
xe kanaj kan le aj chakib ʼ.
ketik on ri achijab ʼ.
sib ʼalaj itzel ub ʼantajik ri chʼi lakan.
ria teʼ k xumal tyoxij cheri ra tiʼt , rumal ri utz alaj noʼjib ʼal xu kʼut chech.
k kamulix u chak ri ab ʼix.
la xin u tzu kuj le tijoxel ?
are ʼ kachakun rono jel qʼij.
lee kʼa ʼ na taq tz ʼiʼ.
saqrij ri p lam ux.
jas xa qʼiʼo x atijo.
jas ru kʼ xkichapwi utijik le rikil ?
we ka tat in ru kʼ kʼatan jaʼ man ku qʼatej ta le kʼakʼ yab ʼil corona virus.
la kat b ʼin pale ux lanb ʼal ?
la waral kʼu xi xwaʼ wi?
are le nu tat kin loqʼonik.
tajin kchakun ri ala.
kʼo ri kiʼkotemal awu kʼ .
xu ta jachin ka ʼek.
xa twa ʼik x in wilo.
x tzaq ri rachoch rumal ri jab ʼ.
pale jun ikʼ chik are nimaqʼij.
e keb ʼäm keb ʼin pa uwiʼ ri tem.
mem ria chi.
ri wikanchal iʼ y kelpa juyub ʼ chwi tzirib ʼal .
le raj il, la pa ja xel a qʼax wu ʼ b ʼik ?
pa ri su ʼt pisom wiril ej.
koj petik kol qa kʼam aʼ.
tajin kat chʼo pinchi uwach ri taqʼaj.
le qʼorx chʼuqik.
kʼax waʼim aw umal.
kinb ʼisonche le wal.
sib ʼalaj kʼokʼ ria wa tz ʼyaq.
kamik xuj b ʼecheu tikik taq che ʼ pa ri juyub ʼ.
ki nu loqʼoj le nu tat.
chaqiʼj chik ri chaj.
x y il ix haway i.
na x naʼtaj ta chkechi xe at inik.
ru kʼ kʼu waʼ we riʼ, ri ix kkʼojiʼ jun utz alaji kʼas lemal riʼ ch kiwach ri winaq che mane kʼota iw u kʼ , kʼate kʼu riʼ man kʼota jun winaq riʼ rajawa xik chiwech.
e petinaq pa b ʼe le rachalaxik .
kakaj le akʼalab ʼ ke waʼik.
xuj chʼayb ʼik.
ri nu chak are qʼaxel tzij.
kʼona rux lab ʼ ri awaj.
tajin kel loq, ri qʼij.
xu qʼiʼo x kamsax ri rachalal choch.
ri nu mam are kʼou qʼinomal.
x kʼul mataj jumul , xub ʼanjun nimalaj jab ʼ, man xb ʼeye taj tana xu kʼis leuy u qʼ chike.
am aʼ ri nu tz ʼiʼ.
je waʼkat petik.
x inkosik rumal x inchakunik
iwech chi jujunal, ri wa.
xu qʼiʼona xa ta tintaj.
in riq tajinaq pa ri kʼay ib ʼal .
na we taʼm taj.
kʼax le nu qʼab ʼ.
u tz le xub ʼij le achi.
kematz ʼib ʼ.
kʼo rachalal pa tz ʼoloj che ʼ ri pe ʼ l.
rono jel waʼ we jastaq riʼ, xas k sach wi uwach waʼ ; ru kʼ we riʼ, ri ix, rajawa xik che kʼojun tyox laji kʼas lemal e kkʼojiʼ ri i chʼawem ru kʼri dyos,
x muq taj ri pa tz ʼan.
ri chʼi chʼ tzijom ka noq pa riu kʼolb ʼal .
man kʼota u cholaj pataq ria wuj.
jachike ikʼ leu nimaqʼij le tinamit na wal jaʼ ?
xe petik xol kikʼam aʼ.
kachu qʼ chu tri jaʼ chi apam.
x inb ʼij iwir chi xeb ʼepa armita.
are ʼu xeʼ ojer tzij waral kʼi cheʼ ub ʼiʼ .
x kʼis ri nu siʼ.
jawixkib ʼij wi chike ʼe wi?
¡ x aje kʼu riʼ, jachin taq rie kʼopa ri jude ʼ a, chi chanim che ʼ anim ajub ʼipa taq ri juyub ʼ,
kʼakʼ ri ab ʼ.
la kʼojun naka kʼoxomaj taj ?
nau tz ta leu tʼisom le alma riy.
man yaʼtaltaj chiawe kat okpaja.
je ʼ, x at utzu kuj.
are kel waj xaqib ʼ u qʼij ri x kʼojik.
ri xunku r kkʼojiʼ pataqri triko.
x in sachik.
xu tʼuy ub ʼaʼ
na nu tom ta le tzij …
wa chʼom ri kiwa ri noʼs.
e kʼo job ʼ chʼ il wakʼ.
rajaw ixik chi pataq ri tijob ʼal , pa ni kʼaj ub ʼixik chik
ri rajaw rulew are ʼ tat kel.
we kʼu xokik , we kʼ na xok ta
we achi xu sipaj jun pʼ ot chwe.
a tat u taqoʼ n le qʼatal tzij.
na qʼan ta u wach le qap rut.
ri x aʼ r kʼopa u wiʼ ri qʼaqʼ kpo qʼowik.
ri ro qʼej ri ali jachak pe jun akʼal.
kʼo junalapa tijob ʼal .
säq u wiʼ ri tataʼ.
ri wi tz ikʼ tajin kpe loq.
jawix sach on wi ka nu yaʼik le pwaq che.
u tz we a chiwe x in kunanik.
qono jel kuj waʼ pa u wiʼ ri mex a.
rika x laʼnik man po qon taj.
in x inb ʼe ru kʼri wachiʼ l.
sib ʼalaj jeʼ l xkilo xe kitz oqopij ri kichij chilaʼ.
kinb ʼinik x inʼe k.
kʼax kʼolik, ka chaʼ.
kutij ixim riakʼ.
ri ali x che l, xu qʼiʼo xa jun a kʼ x sipax che.
x qa sikʼij le ixoq chu tz a kiksub ʼ.
mata xab ʼinsaj le chʼi chʼ.
ri p ix tz ʼara lik rumal rie qaʼ n.
¿ jampa ʼ kel chi 3%
kʼojun nu kʼotoj chiʼaj.
tajin ke waʼkat ri alab ʼom .
x in loqʼ le nu kʼakʼ apoʼt.
na utz a kiktasub ʼ tajin ku ʼa no
x oj u taq chiʼij x oj waʼ ik.
iwech ri ab ʼix.
saqrij ri chij.
aj sik cheri tinamit kel wiri tataʼ.
- ¡ ay ! xa x in tzaqu loq, kʼax we waqan .
x kʼul mataj pa jun komon chiʼ uwach jun juyub ʼ, xu riqa jun qʼij xki riq kib ʼ ju nimul ru kʼ le kok.
jas xa taq chiʼ j le akʼal chu tijik ?
x inchapo su xu loqʼo.
qʼinom ri achi.
ri kʼum ktijow ru kʼ kab ʼ.
tajin keja chʼanik.
tzeb ʼal u kemik le pa sa wumal.
are ka yoʼw leu chi kopil leub ʼantajik try pa no soma brucei.
we kat nimanik utz kelik.
pero noʼjimal petnaq loq , .
are le nu chak jun tzu qb ʼal wi b ʼ.
x kunax le yawab ʼ rumal leaj qʼij.
riu kʼu ʼ x tz ʼib ʼ paqa tzij e lajuj.
sib ʼalaj jeʼ lik rie qab ʼal xub ʼanril u ʼ s.
sib ʼalaj atkon.
e man xo ri jupuq kej.
na x naʼtaj ta chke xe at inik.
ri kʼamalb ʼexub ʼij chike, chi maja ri anim.
jumu chʼ ri nu junab ʼ.
qʼi p tajinaq ri raqan ri tem.
kchakun ru kʼri josb ʼal che ʼ ri aj anel.
xa taq chiʼ j le akʼal ch utijik kar .
oj kʼo palero ʼ ch le awel.
¿ la kat pequ kʼ chweʼq ?
le winaq pale chʼi chʼe tʼuy ul lowi.
x kanaj ka noq chiu xeʼ ri jab ʼ ri chʼaʼn.
nim ri ja.
we ta xak u naj le a tat mata x kam laʼ.
na nu kʼamom tu ʼ la riʼ.
ch qa nu kʼu ʼ riqa tzij.
kimb ʼepale tinamit.
x in qʼiʼona xi na tintaj.
rajawa xik ka kʼaman chawe le utijik le lej.
kʼisb ʼal taq noʼjib ʼal .
