xin e ʼ wa ʼ oq .
x kibʼan kʼaxche le u wo saq r umal man utz ta chi kakayik .
riq ʼutu ʼm man kech ta le akʼala bʼ .
are na nim ta le atz ʼi ʼ chu wach len utz ʼi ʼ .
xe p etik x ol kila ʼ .
¿jawchi ʼ xata ʼ chex kam ri u mam ri po ʼx ?
e kebʼ ke kʼam bʼikp atuj .
xin loq ʼjunja pari w okaj ja .
riax tu ʼbʼ , kʼo qulaj chech .
jas karajka ʼan chu tzakik le ti ʼij .
xutij lewa .
x im bʼal re tzij .
x pa x ri bʼo ʼj .
we kawajka tin to ʼox aq xu wi kabʼij chiwe .
jas nu kʼu kuch ʼo bʼo .
jas karajku tijo ?
xe x r uxla bʼ ri ri kil .
e ni tz ʼa ʼ q le taqimul .
we tane in xin bʼano w ik , are le ate ʼ k x bʼano w ik .
kin tzalij pa le nutin amit .
ri nu chaq ʼ kʼopa u ro ʼ q ʼatoj tijon ik pari tijo bʼal .
xin xi ʼj wi bʼ xin ch ʼaw ik .
kʼoch wa ro ʼch le p are .
chi raqan kabʼin wiri tata ʼ .
xsach on kanu ya ʼik le p waq che choja .
xin q ʼaxchi kixo ʼl ri win aq .
ke tikon ik .
ri u lew man q ech taj , kech riqati ʼt q am am .
xe pe le win aq xol kikʼam a ʼ .
xu loq ʼri wuj r umal ri ali .
chewe q ʼij kamik kʼo jun nu tzijonem chirij le nu tin amit .
kej ri ʼ .
x kunan al aq chwe .
ki nu sik ʼij le nu na n .
ri i mul xu ch ʼij taj , xkanaj pa bʼe, r umal ri nimal ku jaluj ri i mul , x utz aq ri a nim .
ku bʼan ri u xoq ʼo ʼl ri aj tz ʼaq .
ri lasi bʼalaj utz che kuna bʼal .
kʼi kiwach rie ʼ ajchaki bʼ pari komonty ox , kʼate kʼut xa jun chi aj awxel ;
xqata chixa tulik .
kawaj chi kat ʼe k .
ch ʼuti ʼ n ke kanaj ri xa ja bʼ chech .
kaqa xi ʼj q ibʼ kaqa chapo .
e kʼo kebʼ u kʼajol le tat x wan .
lu ʼ su bʼi ʼ ri rech am .
aj chi u wi ʼ mi q ʼin ja ʼri lu ʼ .
xin ya kan le nu chimpa kʼay bʼal .
kʼatex ri lo, x peri unan che utzukuxik , xkikotik , xu sala bʼisaj ri taqux kin .
x kikʼut chi u wach ri ajtij xuquje ʼ chi kiwach ri taqnik ʼaj kachil .
utz le nuq ʼabʼ .
kul le al we ʼl pa a us tin chaq ʼabʼ kamik .
riate ʼ k x tz aq loq arechi kʼopa u wi ʼ riq ʼa ʼm .
aj p atan ri te ʼ k .
xatqaj chiupam ri il .
la kʼo tzij naki kʼox omaj taj ?
x sachon chke chi xe atin ik .
ro nojel le u lew echal aq .
la xe bʼe kʼula xe ʼ ki jaqa kʼul e u chi ʼja ?
xaq kat ch ʼok naj iwir .
kamik kʼochiri jastaq awe .
arechi ʼ kakʼis ri juna bʼ kʼoq ʼinom .
pa nawal ja ʼ xin alex ik .
na xin tataj we are ri akʼal k ix tzuqu wik .
¡ r u lew ri sa bʼ u loner u lew ri neftali, u bʼeri polo w , r u lew ri jordan, g alile ʼ a kech ri je taqam aq ʼ !
rax , rax , rax , kʼokʼ, kʼokʼ, kʼokʼ le r uxla bʼ le taq tiko ʼn .
achi xat wilo .
p aqal raj il le p ix kamik .
x oj bʼin ik .
pa junje ʼl tijo bʼal ku tijoj ri bʼ juna kʼal , u bʼi ʼ p o ʼx , utz ku ri lok e pa tijo bʼal ro nojel taq q ʼij .
x wa j chixa tʼe taj .
utz la ʼ le xu bʼij le achi.
weta ʼam jachin kap etik .
kin q ʼojoman ik .
xin q ʼi ʼo takʼalik xin p etik .
are ʼ reta ʼm che kin opan ik .
areta bʼal eqa qaj awcha t to ʼwik .
kawin aq waqi bʼ q ʼataj .
na qaj chik cheri u waq kaj bʼal aretaq chi ʼ ksach u wach riq ʼij , kok riq ʼeq u ʼm chu wachu lew , chi kʼate ʼ nari bʼe leje bʼ kaj bʼal .
jo bʼ raqan ri tz ʼalam xe poro x ik .
si bʼalaj ko ri j ri mo p.
arewa ʼ .
jela ʼ pari ti minit ch wi kaby ok rech xelaju ʼ, le qana nqatat kakitikoj e ʼl alaj taqu wachi chaj .
kʼax nuqul .
xu ʼl u kʼama ʼ .
kojul kitzukuj .
are man kʼax ta u kunax ik aretaq anin aq ka ʼi litaj we ya bʼil al xuquje ʼmojo ʼ qa ku ya ʼ le kʼax kʼol il chech le jolom aj .
ri wel kʼopa tijon ik .
kawaj kin bʼij .
ri kotz ʼi ʼj k qa koj chiupam ri ja .
q ʼeq q ʼoj ri j ri ama ʼkej .
nax waj taj xin ch ʼaw ik .
ch peta bʼal e loq ʼalaj ja bʼ .
xsach on chke xat kisik ʼij .
e leq ʼal ch ʼich ʼ .
jachin xa wi lochi arex tijo w ri ti ʼj ?
mata kabʼe le nu x bʼal pa le tin amit .
p im r uq , ri al i.
¿ kʼo rimuq ʼe chi awech ?
k qa bʼij man keko win taj .
kintij na .
kʼo jun qa tʼu ʼ y paja !
kʼo puj chiupam rich ʼa ʼk .
aretaq kinko sik kin warik .
xat wa ʼ ik xin wilo
in xin ch ʼayow le achi .
ko nojel ri alax ik ke ʼ etz ʼan ik .
jas ruk ʼ xkitij wi le kirikil ?
anin aqil kat p etik .
naraxta u wach le juyu bʼ .
ri tz ʼalam tz ʼibʼa bʼal rax k kayik .
wech at chakunik , kʼo awa.
ma ʼtam xat pe cheri wa ʼim .
kamul kin wa ʼ na .
ri sik il k tijo w ruk ʼik .
kim bʼe aq ʼan ruk ʼ le alta lin .
x oj ʼe k xe ʼ qil alar qas ok .
xe kiq ʼil le ajchaki bʼ x kiwok le ja .
mat anex waj le kʼu hj nem ruk ʼ le ate ʼ k .
arexe ʼopan chiuchi ʼ ri juyu bʼ , x kilo chiman qas tak ʼoq ʼayes .
kʼate kʼut , ri jesus man k kojon tach kech rie ʼ are ʼ , r umal rech cheko nojel reta ʼm kiwach ,
pa ʼ tz ri j ri tz ʼi ʼ .
juwin aq waqi bʼ q ʼataj .
atel aq ʼom .
xaqat jo ʼ s .
riq ʼatzu, are q ʼalaj ri uq ʼij il .
ajchak we ala .
u bʼe leju kakʼal taqanik (29) .
kebʼ nu bʼi ʼ kʼolik .
la katzalij lu ʼla anin aq ?
katzukun la chwe .
la kaj la koj bʼe ʼ pa le chomal ch we ʼ q ?
xin na bʼej chu tasik qa kʼoli bʼal .
la l xin to ʼw ik .
si bʼalaj a no ʼji bʼal .
x oj p etik xolqa kʼama ʼ .
si bʼalaj je ʼlik ri u wa ʼl ri i chaj .
kʼax wi j r umal in pacha lik .
aretaq xu kʼulmaj wa ʼ xu l ri u choman ik xu bʼij : are utz wa aq ʼabʼ kin walij ik, are cha ʼ chanim kin opan pa tijo bʼal , maj chikin kʼu lmaj .
ojaj xo jolo bʼ pa awasq ʼij .
xin sach che le u wokik le tzij .
e julajuj ri ak ʼ .
xutaj am pa ʼ koj ʼ e k .
q i lik .
ri tijoxel man areta nim chu wach ri raj tij . ri utz tijoxel qas jeri ʼ kʼolik jas ri raj tij .
in xa tin ch ʼayo .
no ʼjim chak wumal .
ch ʼu r ri jo ch ʼ .
inkin bʼij na kat sach taj .
uj maya bʼ .
ri abʼaj ya tzalik .
tajinke p ix bʼax ri akʼala bʼ .
chom ri aq .
xin wa rik .
e lemen ko nojel ri akʼala bʼ .
tajink q ʼan arik ri we re ʼaj .
le u kemik le pa su tz ( chawe ).
xuyu p u bʼa u wach ra ʼ chi, kacha ʼ, .
ri satanas kok pari judas ri k bʼix is ka ri ʼo tech rech , ri are ʼ junch kixo ʼl rie kabʼ lajuj .
chu chu ripar .
kin qumuj ri nu jo ch ʼ .
chech punción lumbaram aq ʼel raj awaxik chech ri lik le u kʼex bʼem wi le na bʼe ruk ʼ le u kabʼ u kʼutunem le ya bʼil al .
q ʼalaj china kawajtaj kabʼij .
kʼo q ʼol chirij ri si ʼ .
jawix oj ʼewi chu loq ʼik ?
kʼo u loch ʼri tal in .
q ʼan ri j ri ati ʼt nuk ej .
la x tzalij la iwir?
xe sik ʼix ik , kʼate kʼu ri ʼ xe ya j ik, xuquje ʼ xetaq bʼi che u sik ʼik lemes .
lak ix wari k ?
are kʼu lepal omax xu bʼij che: - mam kat bʼison taj , kin sik ʼij nik ʼaj wachi ʼl ke rapa pik .
a ʼ re e tijox ela bʼ .
ri alajali si ʼl xu bʼij x q achappa utzal ri ty ox .
x sachon chke jachin xe atin ik .
jas xu rayij le anan xu tijo ?
xin ko sik .
rax ro nojel riq ʼayes r umal leja bʼ .
kin ya wa ʼ wech ʼich ʼ pinem na utz .
no ʼjimu pach ʼux ik le nu wi ʼ .
naj kʼowi le wo ʼ ch ch u wach le tijo bʼal .
ri okibʼal kʼochi u wach ri saq ja .
xe nu taq ch ʼij ke kil le akʼala bʼ .
kʼo jun q ʼoxo w em chiwe .
tzaricho ʼm .
we choj bʼe pa le nimaq ʼij , keqil le aj xo jolo bʼ .
x oj ʼe k xe ʼ qil alar qas ok .
riate ʼ k xuta ʼ chech ri na nto ʼn :- nan jas che ʼ chiman kajtal aq akʼat isaj ri jo ʼ q .
ri p al si bʼalaj xu ʼ y .
kin koj ri jo k bʼal u lew .
inkin bʼij na kat sach taj
at raj kun lenunan .
ku qamujuj oron ri aj tzij .
lu ʼ tz ʼalam u bʼi ʼ ri achikel pa nim che ʼ .
je ʼ lik uti ʼjol al ri saq ko ʼr .
kʼo junxa ʼr pa ja .
xin loq ʼjun kʼakʼ p atan .
kʼax u kemik le pasa wumal .
aninaqu kemik le pasa wumal
rich ʼa ʼ n sachin aq p ataq abʼix .
rax taq le kotz ʼi ʼj .
mes om kanoq ri u p am ja .
man aretar alax kosik .
ri komon xech pu p rech uq ʼabʼ tin amit xo ʼl abʼaj rech q ʼu markaj .
la u tzakik kʼu su bʼ tajinku ʼa no ?
kat ela !
na xutij taj .
xar umal keta ʼm ko nojel ri win aq k kiq umuj le ja ʼ .
iwir xuj tzalij la pa kʼay bʼal .
qeta ʼm cheri qawa ku juto ʼo .
ri ajtij , k ya jon chikech ri akʼala bʼ .
jas u bʼanom le nu ch ʼuti tat ?
chwe ʼ q kin bʼe pa nim tin amit .
utz we kiweta ʼmaj jasku bʼij ri chol bʼal q ʼij .
tajin kat jilo w che uq ʼoxom jolom aj .
xin tik q ʼax chi u wach ri ja .
kʼax le kibʼe le win aq .
loq ʼkat kun taj che le ya bʼil (covid-19) .
ri nu xi bʼal kel pa qaj bʼal q ʼij .
x r il ri ax wa n chix wa ʼri ala .
le alix kuna tajik .
weta kap e leja bʼ kamik .
xin weta ʼmaj chi na xat pe taj .
ri p waq rech weq ʼataj ri ʼ kesax chech ri toj bʼal kʼayin em .
k tij ri u wa ʼlik r umal ri ki nimaq ʼij .
xu chapuku na xik .
chatan loq ali .
xin xu li ʼ q aj oq .
je ʼ lik k tijo w ri taqik ox .
kʼate kʼu ri le tat xo ʼr xu bʼij , man kawajtaj , man kawajtaj .
kʼo jun tz ʼi ʼ pa bʼe .
kamul xin p e che atzukuxik .
man tajin takin chakunik .
kinchakun ik rechkat wa ʼik .
jas ruk ʼ xa wil wichi xkiqu pij wi le ti ʼj .
jasu bʼix ik … ?
koq ʼri akʼal .
kawaj na kat ʼe taj .
xat q ʼaj ik .
wem na cha loq ʼax iy al , na kim bʼe ta awuk ʼ .
x opan le wuj awuk ʼ r umal wech in .
are kʼut pa le juyu bʼ k kʼiy joron, chila ʼ xe kikʼama wiri ja ʼri win aq .
koq ʼri akʼal .
we kʼo araj il cha kʼamal oq .
aresi bʼalaj kaq le apo ʼt chu wach le nu po ʼt .
xin kʼastaj p aka bʼ lajuj kaj bʼal .
kaqoy ʼej nakix p etaj .
ko kax im ri chij xa jela ʼman kanimajta bʼik .
rik okno jim x bʼe k , xu ch ʼijox opan pa u kʼis bʼal il lea nim .
x oj ki ʼ kotik aretaq xat ulik .
kaq itz ʼ naj ri u xa ja bʼ ri akʼal .
ri jesusk wa ʼkat pari nim rachoch ri dyos , chuxe ʼ ri jun jache rachoch ri salom on .
we taqanik ri ʼ ku bʼij chi raj awaxik k ya ʼuq ʼij ri win aq xuquje ʼ k to ʼanin aqil .
ria xu xa rena riukunel ri kina q ʼ .
aretaq wa ʼri uq ʼijol we taqanik .
kʼo jun ta bʼal pa u wi ʼ rix kanulu bʼi ʼ lajuj no ʼj .
yu ʼl u bʼanom ri u kolo bʼri kej .
xa nimaj ri akʼal chi u wach ri u chu ch .
k kunan ri achi.
kin wa ʼik rech na kin yowaj taj .
aj x ik ch ʼich ʼri lu ʼ s .
k waj che ix ki x bʼano w ik .
a ʼ re xeto ʼ wala q .
x oj ʼe k xe ʼ qil alar qas ok .
xin loq ʼjunch ʼich ʼ, qajin aq u wach .
ku tʼis ripant alon .
e janipa le awal k ʼwa le kʼolik ?
u tzukemik lepas chawe .
rimax are aj q ʼani ya ʼ .
mata bʼ achiri q kʼaxpa le bʼe .
tajin kanimaj, ri me ʼ s .
ix i xe ʼ laq ʼoma bʼ !
x sachan chwe .
e kʼo kʼiche ʼ, chi u wach ri juyu bʼ .
arewa ʼ ri nimalaj p ixa bʼe arewa ʼri na bʼe .
x reta ʼmaj chi ruk ʼ p akʼ ku tij wi
jasu tzakik le su bʼ xu ʼa no ?
aj xo ʼ y ri wi kan .
we tanea ʼ re xe tijo w le ri kil , are le komon xe tijo w ik .
si bʼalaj anin aq kach ʼaw le are ʼ chi nu wachin .
utz we kinchakuj .
me ʼ s la ʼ .
kʼokan wa rech kaqatijo .
xin sik ʼij la .
ri akʼal xsach kanoq jela ʼpa taq ʼaj .
xe sik ʼij la .
jawix kibʼij wichike ʼewi ?
r umal che, man ix tari ʼ ri kixch ʼawik , areri r uxla bʼ axel ri i tat ri ʼ rik ch ʼaw na iwuk ʼri ix .
kʼakʼ ri wachoch .
si bʼalaj utz kin wil le atz ʼyaq rech na huala .
saq por k kay rikipo ʼt ri na n.
xsach on ri nu chak chwe .
wa ʼim xu chapo .
riq ʼaq ʼ tajinkaju luwik .
naj il u p am ri si wan .
e kʼo riq achal al pa chi u wi ʼ la .
jas xa taq chi ʼj le akʼal chu tijik ?
no ʼjimu kemik le pasa wumal .
kʼo jun kuk u bʼi ʼ tin tin , wa ʼ le lajku kmam ka jeqitaj , kapaqika xu lik pa u wi ʼ uq ʼabʼ taq che ʼ , si bʼalaj sakʼaj , ke ʼuto lee nima ʼ q , ch ʼutin, rachi ʼl , aj sipan el si bʼalaj utz ra nima ʼ .
ri u p ixa bʼ leq ʼat bʼal tzij kiya ʼu bʼix ik .
na xsach on ta chke xe atin ik .
xe qil le chi kop pu wi leja .
x lo ʼtaj ri akʼal .
qo nojel kuj wa ʼpa u wi ʼ ri me xa .
xsik ir le waqan .
la xat wa ʼ kʼut ?
nimu bʼaq ʼri tulul .
kin x ik ʼ ikʼ ik xin q ʼax ik .
la kat bʼe pa le tin amit ?
ri p al si bʼalaj saq ʼo r .
k q ʼox ow nu jalom .
xin na ʼochi kat p etik .
x loq ʼu lew iwe chix .
xin chakun ruk ʼri numam .
na x q abʼantaj .
k kʼoji ʼbʼa ʼri u sipan ik ri aj awxel jesusk ri sto ruk ʼri awuxla bʼal !
kin ch ʼaw ruk ʼ lenunan pa lech ʼawe bʼal .
si bʼalaj q ʼeq u ʼm r umal ri may ul .
are leba xu lik .
xeko s le ix oqi bʼ pa le bʼe .
kʼax ri lik le akʼal chawe .
xin q ʼi ʼ oxi na tin pa joron .
si bʼalaj nim le tin amit .
kʼax u kemik le pasa wumal .
xin sachik .
tajinkel u kikʼel pa raqan ri tz ʼi ʼ .
xin weta ʼmaj ri lik wibʼ
riq ʼuq ʼ are jun je ʼl chi kop .
kʼopa ja tijo bʼal ri wi kaq ʼ .
ri sachi bʼal mak raj wa xik chi qa xo ʼl .
je ʼ, kim bʼe k .
jela le ʼ ri nu p wi ʼ .
xu bʼij che: - jas xa bʼano tin tin ?
kabʼan juntoq ʼobʼ k ya k ri nu jal .
kat ʼ e k xin ta .
jas le u kʼex bʼem ri bʼ le jun ruk ʼ le junchik ?
aj chi u wi ʼ mi q ʼin ja ʼri lu ʼ .
ri tijonel naj k p ewi .
te ʼ kixcho bʼ u bʼi ʼ ri nu tat .
ri ja ʼ kamiq ʼik chi u wach riq ʼaq ʼ .
ri tʼu ʼ yk paq ʼo w ik .
k inmes on na .
na qaj at kʼowi chiwech .
xin bʼiso nik taq na xat p et taj .
we x kam ri win aq , ri p waq rech toj bʼal makaj k ya ʼ chikech ri r alax ik .
ri nunan x bʼe pa kʼay bʼal .
x oj u kʼamu loq rech koj ri lo
x kʼo to chinchi kiwach chik in wa ʼ awuk ʼ .
na xkikamsaj taj x kikʼam bʼi choja .
kʼakʼ ri ikʼ kamik .
x im bʼe ruk ʼ leaj kun iwir .
ri lik .
le tz ʼi ʼ xeko sik .
xin kikota wumal .
ri imul xu maj ri a nim , xu ya kan lek ok .
kʼo oj cheri akʼal .
xuj bʼe pajun kʼula nem .
utz wek waral aq .
kaqilo china koju kʼam taj .
x reta ʼmaj chi ruk ʼ p akʼ ku tij wi.
si bʼalaj xin kʼa ʼ nar ik .
x in ko chi j ri nu wa .
man kat ko win taj kat chakunik , we man kʼota ri aj ila bʼal .
we wo non xu bʼij chike : - ki xin to .
ri ala nim k ri l wiri umam .
xka ʼ y chirij , xka ʼ y chu wach , ma kʼota chi jun k silo bʼik , x oq ʼik xu xe ʼj ri bʼ xch ʼopin ikx tzalij loq xu riqta chik ri u bʼe .
kʼo pus cheri wa .
pin em naka bʼe lewatz , kim bʼe wi in pa ka ʼ yi bʼal .
ri na nto ʼn nim win aq chik, saqu wi ʼ, ro nojel aq ʼabʼ utz kuna ʼo ka tʼuyi ʼ pa utem , ku miq ʼisaj ri bʼ chori q ʼij , kʼo junu wi ʼ umam u bʼi ʼ ate ʼ k .
man e kʼitaj ri qula ʼ .
q ʼalaj china kawajtaj kabʼij
x paqa bʼisax raj il ro nojel ri kem .
kʼo pari jul riku matz .
ro nojel q ʼij kin ch ʼaj le nu w are .
saq chikan le i chaj rech katz ako .
chuxe leq achomal kaqatij wi junq ame q ʼin .
chawila ʼ .
e kʼojo bʼ u mi ʼ al, ri nutat .
jas ruk ʼ xa wil wi
je ʼ jas ri win aq rech ri u wachu lew , xoquje ʼ ke pe nari ʼ rie ʼ are ʼ che e rech ri u wachu lew ; je ʼ jas ri win aq rech ri kaj , xoquje ʼ ke pe nari ʼ rie ʼ are ʼ e rech ri kaj .
xin tijo .
k tzʼuju w ri rachoch ripo ʼx .
xuq ʼi ʼo are le u kʼu lel x ya ʼo wu wa .
ri awel x reta ʼmaj chi raj awaxik man ku xej tari bʼ cheri tuku r .
ju kʼulaj win aq xe ʼa nimaj bʼik .
je ʼ, xin tzalij ik .
x oj p etik xolqa kʼama ʼ .
maj jachin x ʼe k .
in ajtij ; at tijoxel .
saq u wi ʼ ri tata ʼ .
wech ri kem .
le ro ʼch le ate ʼ k kʼoch wach le u kʼay lenunan .
k bʼe pari si ri ʼa e pari si lisi ʼ a, jawi je ʼ ku ya wiri kichuq ʼabʼ ri komonty ox .
p ixa bʼ : man utz taj kʼax kujch ʼaw chikij nik ʼajqachil .
x kun ataj le ali ( kumal ri ix oqi bʼ ).
ri xi bʼi bʼal chi kʼowi p ataq riq akʼas lemal ro nojel q ʼij .
na kuj war ta waral .
on chek kʼoji ʼ ri utzil chi xo ʼl , arech junam ri qa kojon ik , junam ri iwe chix ruk ʼri we chin .
pa ox q ʼij ri sa ʼ n k bʼe na ruk ʼri aj kun .
kawin aq wuqu bʼ .
jas kawaj kintijo ?
weta xat bʼe wuk ʼ pa le tin amit , xa loq ʼ tala ʼ le u jastaq le akʼajol .
kebʼe p awa ʼim .
xin loq ʼ kʼi wa .
pa jun nim kʼache ʼlaj , kʼo jun k ʼwa ʼsi bʼalaj saq loloj , nim u wach .
k wajkatij ju bʼa ʼwa .
ro nojel win aq k ri l na ri u kolo nem ri dyos » .
x kʼo to chinchi kiwach chik in wa ʼ awuk ʼ
k waj na kat ʼe taj .
la xa loq ʼjuna lej ?
e k ʼo rie loq ʼoman el .
ri u kabʼ u bʼi ʼ ri numam are ya y .
kin jopij ri i ja ʼ rech t ri ko .
x na ʼtaj chke xe atin ik .
xate ʼ qila ʼ .
kakitij alan xax ri win aq .
. . . kin bʼij chi arewa ʼsi n xi ʼ an.
na xin na bʼej ta chu tasik qa kʼoli bʼal .
r umal rech chewe ri in, kin ch ʼaw ruk ʼri dy ospach ʼa bʼal , k ch ʼaw na kʼu ri ʼ ri wuxla bʼal ruk ʼri dyos, kʼate kʼut man kʼota u p atan ri ʼ ch rech ri nu choma bʼal .
xe p etik x kilo .
xutawe kat ʼe k .
u tzukemik lepas chawe .
ri nu wa kax xu tij jun q ʼoq ʼ r umal ri ʼ x kamik .
r umal ri kʼix , man kewa ʼtaj ri win aq .
xe ʼ u lik .
q ʼeq rij ri am a ʼ chi j .
x raj ka ʼ e le unan .
junam ki juna bʼ .
n aq ʼalaj taj weka ʼ e k .
ri wix nam ch ʼajch ʼoj ri rachoch .
waral man kʼotaj aj aw al .
na iwi rtax r il le kʼamol bʼe .
x in pe loq te kʼu ri ʼ xin tzukuj ro nojel ri nu raj il .
ri ajtikonel ku tik ri tzij .
kʼo e kik ʼajol le achija bʼ .
ku tij q ʼayes ri ix pa ʼch .
pari wa ʼbʼa le kʼo kawin aq achija bʼ .
si p ojin aq ri nu p am .
kaya ʼtaj ik ruk ʼuti ʼonem jun ri u riqom le ya bʼil am olot setsé xuquje ʼ are kaya ʼtaj p ataq ri juyu bʼ .
jachin ri achi ?
ri numam x kamik aretaq kʼo jumuch ʼlaju jujuna bʼ .
kinko win ik kin kʼam bʼi le p waq .
kin wilo chi utz ri aj i ʼ .
xin q ʼil ri apo ʼx cheman kachakun taj .
k wa ʼ chi u wach le taq ʼaj ri am a ʼ akʼ .
ri imul xe poq ʼik pajun ik ʼ .
x kʼis kanoq riq achak .
areri alixoj ilo w kanoq .
si bʼalaj ch ʼu ʼj ri amax .
kʼo nu wachi ʼ .
inchajin el kech le akʼala bʼ .
xeko s letz ʼi ʼ .
kin bʼe na kuk ʼri molaj .
ro nojel aq ʼabʼ kin yi tz ʼri w akax .
karapi nik xu tzukuj chi jun awaj .
le u kemik le pa san in aq ( awumal ).
maju raj il leq ʼabʼ arel .
kʼax ri ʼ ri kach ʼaw ik .
x oj u taq chi ʼj le achichu loq ʼi kichaj .
si bʼalaj kʼax ri x kʼulmax ik .
x kilo china kin kʼox omaj taj .
x na ʼtaj chke chi xe atin ik .
x kʼo to chinchi kiwach chi xo jal wo ʼqaku kʼ .
jun q ʼu ʼ q raj il ri kaxla ʼn wa .
xin wilo chi xe ʼel ik .
e kʼo ix oqi bʼ pa le kʼay bʼal .
man kʼotaj u kʼisik ri maya bʼaj la bʼal il .
ri sin k kʼiy p ataq ʼaj .
rich ʼi ma man k kʼiy taj p ataq ʼaj .
raj awaxik k jikik ri waqän .
k awaj kin ʼe k .
e kʼo oxi bʼakʼ .
xu bʼij chwe jawi at kʼo wi.
chwe ʼ q kuj bʼe ʼ pa muquj .
pa saq kʼa ja ʼ k bʼan wiri uq .
x oj ki sik ʼij .
xin wil wi bʼ .
chaq ʼ chik ri wa .
kim bʼen akapa le wo ʼch .
k awaj kin ʼe k .
rich ʼu ʼk tij ruk ʼlej .
pari kiq ʼij kamin aqi bʼ k bʼan q ʼo ri kʼya ʼ rech aj : na bʼe ri na n kutzukuj kan ri aj , ku jach ʼo ʼ xuquje kuk ʼeto .
jas kaj bʼal chanim ?
utz u choman ik ri ali .
pari q ʼij oxlajuj tijax kin kʼis kebʼ juna bʼ kinchakun waral .
si bʼalaj ko , ri kʼakʼ ch ʼat .
jas karajku bʼij … ?
rich ʼich ʼ kasila bʼik .
pa ojerq ʼal p ul xaq xu wiri nim win aq ke kʼamo w bʼe .
le u kunax ik le u kabʼ u kʼutun ik are ruk ʼ e flor nitina on utuni bʼax ik leni furtimo x chi ʼ le flor nitina chech t . b . g .
areri achi xin ch ʼayow ik .
junachi u bʼi ku ʼ xu sipaj kebʼ kʼa ʼm u lew rech kabʼan ri tijo bʼal , kamik, kʼochik ajtij rech ri komon xech pu p .
xu malty oxij cheri ajtij ro nojel le xu kʼut chi u wach .
pari bʼe xkiraq junalaji mul saq rij , x kikʼam bʼik .
x r il le bʼa le ala .
jasku bʼij chwe ?
le u kunataj em areru kʼu tzukuxik le u chikopil pa junu soliku xe ʼ le kikʼon leja ʼ rech jun nodo .
utz wen utz ʼi ʼ .
je ʼ , tajin kachapo nik .
ki nu loq ʼoj le nu tat .
kawaj kim bʼe p atin amit .
arela ʼ kinchakuj .
ri nima ʼ q taqwin aq kʼo keta ʼma bʼal .
weta xat bʼe wuk ʼ pa le tin amit , xa loq ʼ tawa ʼwe jastaq .
ri kikʼas lemal . wa ix imu lew xa jun chi ma areta tin imit ri ma
ri u kʼya bʼal na jupam .
xatqaj chiupam ri il .
nojim kat wa ʼik .
we kʼo jun k tuqa ʼri k , ¿ la man xoquje ʼ taj kin tuqa ʼr ri in ?
ojoj wokol ja .
awas k bʼan kʼaxche jun nim win aq .
xin ch ʼaw apan ruk ʼ le wa na bʼ .
kʼax ri u p am ri ju ʼl .
tajin kewa ʼri i mul .
la kaj la kuj tzalij la anin aq ?
r umal rech cheri makaj man kʼota u kowin em p iwi ʼ ri ix : ri ix man ix kʼot achi chuxe ʼri p ixa bʼ, xane ix kʼo chuxe ʼ ri sipan ik .
nim raqan le che ʼ .
xin chapo .
are le tu ʼ r le loq ʼoman el .
xaskat kʼoji ʼ chiupam rich ʼich ʼ .
si bʼalaj nim raqan ri kʼamal bʼe .
le tz ʼibʼa bʼal wech in .
in x into ʼw la .
xa je kʼu ri ʼ ri ix kamik ri ʼ man ix kaxlan win aqta chik ; ri ix , ix rech ri kitin imit ri ety oxlaj taqwin aq , ix rech ri rachoch ri dyos .
xin tik oxlaj kʼali chaj .
kaqa riq q ibʼ chwe ʼ q .
si bʼalaj utz cheri wi ʼaj ri tuney .
we na jupulik ta xeqaj ik . . .
xin to ʼ taj cheri nu chak .
kʼo jun chi kop u bʼi ʼ pum .
poq on ri ik .
x oj bʼin ik .
xu ch ʼe kro nojel le reta man ikx paqi ʼ k kʼax k wʼin ik xu bʼanaj kun .
kel u bʼik pari jude ʼ a e k tzalij chi u bʼi jumul parigali le ʼ a.
xina xibʼij pa bʼe .
je ʼl kʼo lem chi awachoch .
ro nojel ri ya ʼtal il pa we q ʼataj , tz ʼaqat kiwach , man k tz aqta kanoq xuquje ʼ man k tas taj .
xu kunaj le ya wa bʼ le aj q ʼij .
chi tata bʼej jas le kim bʼij .
ch ʼan al ri achi .
pa bʼ oko ʼkachakun wiri tax .
uj kʼopa u wuq q ʼij .
ki ʼ ri u kabʼ ri aq aj .
kʼo rachal al pa tz ʼoloj che ʼ ri p e ʼl .
x kilo chikin kʼox omaj .
ri u kisak ʼ utz kya ʼik chi u xe ʼri tiko ʼn .
aretaq chi ʼ kaq ʼan p u wi ʼ ri juku bʼ , ri achichex kʼoji ʼ ri itzel uxla bʼal ruk ʼ, ku tach rech ri are ʼ , arechk kʼoji ʼ ruk ʼri are ʼ .
na kabʼantaj ta wumal .
x na ʼtaj chke xe atin ik .
xin pa j ri nu t riko .
xe ʼ ok ri p ok ʼ pari umexaripo ʼx .
kaj u luw ri aq ʼa ʼl chi u xe ʼ ri tʼu ʼ y .
awech leja .
xuj bʼepa tzur ik .
na bʼe xat opan ik .
ri u kabʼ u bʼi ʼ ri numam are ya y .
uwaj xaqu kakʼal taqanik (28) .
mata kʼo jun kakanaj kanoq , qo nojel koj bʼe k .
e nima ʼ q le altoma bʼ .
nimu wach ripo ʼt .
kojon ik pari utzij wa ix imu lew .
jas xu kʼam bʼil etz ʼi ʼ xa wilo ?
xin p etik , tat .
ri bʼe laju wach .
chi tata bʼej jas ri kim bʼij .
je ʼl kuna ʼri abʼix chiupam riq uq u lew .
kin bʼiso ju wach lew al .
xu tʼuyu b ʼa ʼ .
nim ri aw eqele ʼ n xa riqo .
xin e ʼ wa ʼ oq .
chi ʼ kewa r wi le akʼala bʼ .
ri nu mi ʼ al xu taq loq jun taqo ʼm wuj chiwe .
q ʼe ʼ lik , ri chaj pari bʼe .
la utz awach ? - utz malty ox , e kʼu ri at ? – utz malty ox .
xin kos r umal nu chak .
k bʼe kuk ʼ rie ʼ are ʼ e k tzalij pari nas are te ke ʼu nimaj .
ri joj xu kʼam bʼik ri akʼ .
kʼochi wachi ʼl chanim .
ku bʼij chech na ʼl kabʼan cheri atz ʼibʼ .
e . . . in kawaj katzjoj bʼi lach we .
ma ta xin ya j le al i.
jachin ruk ʼkat bʼe wi?
kʼo si bʼalaj eta ʼma bʼal pari maya bʼ no ʼji bʼal .
e man xo ri jupuq kej .
kasu mum ri kaq iq ʼ .
e kʼo kaji bʼakʼala bʼ pa le bʼe .
je ʼ jas ri u tat k ka ʼ y ik .
xaqat molon el tzij tal .
le nu tat kaloq ʼon chwe .
xaqtane kim bʼe iwu kʼ .
x reta ʼmaj uch ʼaj ik .
r umal la ʼ xkoj “ xal q ʼat ” che u bʼi ʼ ri komon .
are le u kemik pas x reta ʼmaj .
ri wa ti ʼt ku bʼan na ri u p atan .
kʼakʼ le po ʼt .
reta ʼm u wach jachin x loq ʼo w ripas .
kench ʼabʼej le akʼala bʼ .
ya ʼtal chaqe qo nojel ri uj win aq utz kaqil q ibʼ .
x koti ʼ paq ʼayes x oq ʼik .
kawin aq bʼe leje bʼ q ʼataj .
e kʼo kaji bʼ r al ri imul , jun saq , jun q ʼan, jun q ʼeq , jun q ʼeq oj , si bʼalaj ketz ʼan ik , kech ʼopin ik ri alaj taqi mul .
k cholol ri achachal .
kete kik ri ikʼ .
xe p etik rechkewa ʼ iwuk ʼ .
tz atz ri uq ʼan il ri akʼ .
x oj tzalij ikxi xe ʼ q aq ʼatuj kuk ʼ le ita tin an.
ri yo ʼx taq akʼala bʼ ke kikʼux ri atz ʼyaq .
we achi we xu sipaj jun po ʼt chwex kamik .
k ko win ri kunan el che kunan ik .
xjiq ʼ pari polo w .
xar umal si bʼalaj raj awaxik le loq ʼalaj ja ʼ, le win aq x kibʼij : chewe ikʼ ri ʼ qo nojel kuj bʼe che u tikik taq che ʼ .
ri u na ne rie rachal al kepe u loq ruk ʼri are ʼ , kʼate kʼu ri ʼ, man ke kowin taj keq ibʼ u koq ruk ʼ, r umal rech che e kʼosi bʼalaj win aq .
r umal rech , che man kʼota jun k kowin che u kojik jun tiki bʼal il chikchu wach ri kojom chikche areri jesusk ri sto .
te kʼu ri ʼ xu tz ʼibʼaj ri bʼ pari nimalaj tijo bʼal rech aj ku ʼn .
kaj u luw rich ʼu mil chaq ʼabʼ .
kʼis bʼal kanoq , xoquje ʼ k kam ri ix oq .
le alax okik .
kʼo p waq pa u wi ʼ ri me xa .
are kawaj nakin ʼe taj .
ri ya wal ku koj ri alichi u xe ʼ ri chak ach are usu ʼt .
na kaq akʼam tu ʼbʼi kamik .
ri ajtij ku bʼij chike : raj awaxik keqa chajij ri awaj , are u tiko ʼn ri aj aw .
x in tij mukun iwi r .
kʼax le u wi ʼ taq le nuq ʼabʼ .
xin loq ʼjun il bʼal wi bʼ .
wa ʼwe q ʼij , nimu bʼantajik .
ri u xe ʼ al riq atin amit man kasach taj .
x oj bʼin ik .
ri achal al junam kiwach .
xin weta ʼmaj ri lik wibʼ .
nim ri u na ʼoj wa j tij .
mi q ʼin ri kʼul .
aj q ʼojom ri ate ʼ k .
che le san ik che ʼ k bʼan wiri q ʼojom .
kap e le awel pa nawal ja ʼ .
rimeso nel tajink chakunik .
utz chaqe kaqato ʼ q ibʼ, taq kʼokʼax kʼol il , kat e we chi ʼ n ri aj aw p aqawi ʼ .
xa wilo, x q ʼatan le i bʼo y .
xat kowin ik xa bʼano .
ki ʼ rik ʼawex .
kajil il ri bʼe .
le alix el bʼik .
are ʼ x raj xin bʼano .
nim we abʼaj .
je ʼ lik uti ʼjol al ri saq ko ʼr .
nojin aq ri kej .
we katijan xu x man kat u to ʼt achi uq ʼat ix ik le kʼakʼ ya bʼil corona virus ( 2019-ncov) .
na nim ta raqan wa ʼwe che ʼ .
utzalaj ajchak , ri wel .
¿jam pa ʼ kuj bʼe pa nimaq ʼij ?
raj awaxik tane la ʼkat chakun wuk ʼ .
xu taq chi ʼj p awaram p u lew .
man aretariax wa n xe lik .
ri awix xu loq ʼ rachoch re nim al .
areri ix oq xin sik ʼinu loq .
rich ʼim akʼat ʼon na .
la xi bʼan le i chak ?
kʼi tin amite kʼopa ch ʼo ʼj .
kʼo jupuq chi j chi u xe ʼri che ʼ .
ri u xaq ri abʼix are u wari kej .
kawin aq q ʼataj .
lak ix pe p atijo bʼal ?
we kechajix taq le k ʼwa jacha kin bʼij ; juna lik kʼo ja ʼ xuquje ʼ si bʼalaj saq loloj .
x reta ʼmaj .
ri ala bʼom ri alitoma bʼ tajinki kitijoj kibʼ rech su taq , arekakaj ki kibʼan nim aq achija bʼ chupam ri kikʼas lemal , xuquje kʼochikju p uq bʼixonel chupam ri komon .
la tz ʼ u wach ri bʼe .
kʼakʼ ri ach ʼich ʼ .
qo nojel uj , uj maya bʼ taqwin aq .
nojel q ʼij ri ati ʼ xkuyu q ʼuj le taqawaj jela ʼpa nik ʼaj ja ʼ, chirij ri juyu bʼ u bʼi ʼ te na ʼ .
pa q ʼom chik ri si ʼ .
kin tzukun chela .
kakitij le kin aq ʼ, lei chaj , le u wa ʼlik ruk ʼlej .
xe kanajkan le ajchaki bʼ .
ketik on ri achija bʼ .
si bʼalaj itzel u bʼantajik rich ʼil akan .
riate ʼ k xu malty oxij cheri rati ʼt , r umal ri utzalaj no ʼji bʼal xu kʼut chech .
k kamulix u chak ri abʼix .
la xin utzukuj le tijoxel ?
are ʼ kachakun ro nojel q ʼij .
le e kʼa ʼ na taq tz ʼi ʼ .
saq rij ri plamux .
jas xaq ʼi ʼ oxa tijo .
jas ruk ʼ xkichap wi u tijik le ri kil ?
we kata tin ruk ʼ kʼatan ja ʼman ku q ʼatej ta le kʼakʼ ya bʼil corona virus .
la kat bʼin pa le uxlan bʼal ?
la waral kʼux ix wa ʼwi ?
are le nu tat kin loq ʼon ik .
tajin k chakun ri ala .
kʼo ri ki ʼ kotemal awu kʼ .
xuta jachin ka ʼ e k .
xat wa ʼik xin wilo .
x tz aq ri rachoch r umal ri ja bʼ .
pa le jun ik ʼ chik are nim aq ʼij .
e kebʼäm kebʼin pa u wi ʼ ri tem .
m em ri achi .
ri wi kanchali ʼ y kel pa juyu bʼ chwitzi ri bʼal .
le raj il , la pajax ela q ʼax wu ʼ bʼik ?
pari su ʼt pisom wiri lej .
kojp etik kol q akʼam a ʼ .
tajin kat ch ʼopin chi u wach ri taq ʼaj .
leq ʼo rxch ʼuq ik .
kʼax wa ʼim awumal .
kin bʼis on che lew al .
si bʼalaj kʼok ʼri awatz ʼyaq .
kamik xuj bʼe che u tikik taq che ʼ pari juyu bʼ .
ki nu loq ʼoj le nu tat .
chaqi ʼj chik ri chaj .
x yil ix hawayi .
nax na ʼtaj ta chke chi xe atin ik .
ruk ʼ kʼu wa ʼwe ri ʼ, ri ix k kʼoji ʼjun utzalaj ikʼas lemal ri ʼ ch kiwach ri win aq cheman e kʼota iwu kʼ, kʼate kʼu ri ʼ man kʼota jun win aq ri ʼ raj awaxik chiwech .
e p etin aq pa bʼe le rachala x ik .
kakaj le akʼala bʼ kewa ʼ ik .
xuj ch ʼay bʼik .
ri nu chak are q ʼaxel tzij .
kʼo nar uxla bʼri awaj .
tajinkel loq , riq ʼij .
xu q ʼi ʼ ox kamsax ri rachal al choch .
ri numam are kʼo uq ʼinomal .
x kʼu lmataj jumul , xu bʼanjun nimalaj ja bʼ, man x bʼey etaj tana xu kʼis leuy uq ʼ chike .
ama ʼ ri n utz ʼi ʼ .
jewa ʼkat p etik .
xin ko sik r umal xin chakunik
iwech chi jujunal , ri wa .
xu q ʼi ʼo na xata tin taj .
in riq tajin aq pari kʼayi bʼal .
naweta ʼm taj .
kʼax le nuq ʼabʼ .
utz le xu bʼij le achi.
kematz ʼibʼ .
kʼo rachal al pa tz ʼoloj che ʼ ri p e ʼl .
ro nojel wa ʼwe jastaq ri ʼ, xas ksach wi u wach wa ʼ ; ruk ʼ we ri ʼ, ri ix , raj awaxik che kʼo junty oxlaji kʼas lemal e k kʼoji ʼ ri ich ʼawem ruk ʼri dyos,
x muq taj ri patz ʼan .
rich ʼich ʼ tzijom kanoq pari u kʼol bʼal .
man kʼota u cholaj p ataq ri awuj .
jachike ikʼ le u nimaq ʼij le tin amit nawal ja ʼ ?
xe p etik xol kikʼam a ʼ .
kachuq ʼ chu tri ja ʼ chiapam .
xin bʼij iwir chi xe bʼe pa armita .
are ʼ u xe ʼ ojer tzij waral kʼiche ʼu bʼi ʼ .
x kʼis ri nu si ʼ .
jawix kibʼij wichike ʼewi ?
¡ xa je kʼu ri ʼ, jachin taq rie kʼo pari jude ʼ a, chi chanim che ʼ a nimaju bʼi p ataq ri juyu bʼ ,
kʼakʼ ri a bʼ .
la kʼo jun na kakʼox omaj taj ?
nau tz ta le u tʼisom le almariy .
man ya ʼtal taj chi awekat ok paja .
je ʼ, xat u tzukuj .
are kel waj xaqi bʼ uq ʼij ri x kʼojik .
ri xu nku r k kʼoji ʼ p ataq ri tri ko .
xin sachik .
xu tʼuyu b ʼa ʼ
na nutom ta le tzij …
wach ʼom ri kiwari no ʼs .
e kʼojo bʼ ch ʼil wakʼ .
raj awix ik chi p ataq ri tijo bʼal , pa nik ʼaju bʼix ik chik
ri raj aw r u lew are ʼ tat kel .
we kʼu xokik , wek ʼnax okta
we achi xu sipaj jun pʼo t chwe .
atat u taqo ʼn le q ʼat al tzij .
na q ʼan ta u wach leq aprut .
ri xa ʼ r kʼopa u wi ʼ riq ʼaq ʼ k poq ʼo w ik .
ri roq ʼej ri alija chakp e jun akʼal .
kʼo junalap atijo bʼal .
säq u wi ʼ ri tata ʼ .
ri wi tz ikʼ tajinkpe loq .
jawi xsach on wi kanu ya ʼik le p waq che .
utz we achi we xin kunan ik .
qo nojel kuj wa ʼpa u wi ʼ ri me xa .
ri kaxla ʼn ik man poq on taj .
in xin bʼe ruk ʼ ri wachi ʼl .
si bʼalaj je ʼl x kilo xe kitz oqopi j ri kichi j chila ʼ .
kin bʼin ik xin ʼe k .
kʼax kʼolik , kacha ʼ .
ku tijix im ri ak ʼ .
ri alix che l , xu q ʼi ʼ oxa jun ak ʼ xsipax che .
x qasik ʼij le ix oq chu tzakik su bʼ .
mataxa bʼinsaj lech ʼich ʼ .
ri p ix tz ʼara lik r umal rieqa ʼ n.
¿jam pa ʼ kel chi 3%
kʼo jun nu kʼo toj chi ʼaj .
tajinkewa ʼkat ri ala bʼom .
xin loq ʼ le nuk ʼak ʼapo ʼt .
na u tzakik ta su bʼ tajinku ʼa no
x oj u taq chi ʼij x oj wa ʼik .
iwech ri abʼix .
saq ri j ri chi j .
aj sik cheri tin amit kel wiri tata ʼ .
- ¡ ay ! xa xin tz aq u loq , kʼax we waqan .
x kʼu lmataj pajun komon chi ʼ u wach jun juyu bʼ , xu ri qa junq ʼij xkiriq kibʼ junimul ruk ʼ le kok .
jas xa taq chi ʼj le akʼal chu tijik ?
xin chapo suxu loq ʼo .
q ʼinom ri achi .
ri kʼum k tijo w ruk ʼka bʼ .
tajin kejach ʼan ik .
tze bʼal u kemik le pasa wumal .
are kayo ʼw le u chi kop il le u bʼantajik try pa no som abr uce i.
we kat niman ik utzkelik .
pero no ʼjimal p etn aq loq , .
are le nu chakjun tz uq bʼal wi bʼ .
x kunax le ya wa bʼ r umal le aj q ʼij .
ri u kʼu ʼx tz ʼibʼ paqa tzij e lajuj .
si bʼalaj je ʼ lik rieqa bʼal xu bʼan ri lu ʼ s .
si bʼalaj at kon .
e man xo ri jupuq kej .
nax na ʼtaj tachkexe atin ik .
ri kʼamal bʼe xu bʼij chike, chi maja ri a nim .
jumuch ʼri nu juna bʼ .
q ʼipt ajin aq ri raqan ri tem .
k chakun ruk ʼri jos bʼal che ʼri aj anel .
xa taq chi ʼj le akʼal chu tijik kar .
oj kʼopa le ro ʼch le awel .
¿ la kat p e q u kʼch we ʼ q ?
le win aq pa lech ʼich ʼe tʼuyullo wi.
x kanaj kanoq chi u xe ʼ ri ja bʼ rich ʼa ʼn .
nim ri ja .
weta xa kunaj le ata tmatax kam la ʼ .
na nu kʼamom tu ʼla ri ʼ .
chqa nu kʼu ʼ riqa tzij .
kim bʼe pa le tin amit .
xin q ʼi ʼo na xin atin taj .
raj awaxik kakʼaman chawe le u tijik le lej .
kʼis bʼal taq no ʼji bʼal .
xin e ʼ wa ʼ oq .
x kibʼan kʼaxche le u wo saq r umal man utz ta chi kakayik .
riq ʼutu ʼm man kech ta le akʼala bʼ .
are na nim ta le atz ʼi ʼ chu wach len utz ʼi ʼ .
xe p etik x ol kila ʼ .
¿jawchi ʼ xata ʼ chex kam ri u mam ri po ʼx ?
e kebʼ ke kʼam bʼikp atuj .
xin loq ʼjunja pari w okaj ja .
riax tu ʼbʼ , kʼo qulaj chech .
jas karajka ʼan chu tzakik le ti ʼij .
xutij lewa .
x im bʼal re tzij .
x pa x ri bʼo ʼj .
we kawajka tin to ʼox aq xu wi kabʼij chiwe .
jas nu kʼu kuch ʼo bʼo .
jas karajku tijo ?
xe x r uxla bʼ ri ri kil .
e ni tz ʼa ʼ q le taqimul .
we tane in xin bʼano w ik , are le ate ʼ k x bʼano w ik .
kin tzalij pa le nutin amit .
ri nu chaq ʼ kʼopa u ro ʼ q ʼatoj tijon ik pari tijo bʼal .
xin xi ʼj wi bʼ xin ch ʼaw ik .
kʼoch wa ro ʼch le p are .
chi raqan kabʼin wiri tata ʼ .
xsach on kanu ya ʼik le p waq che choja .
xin q ʼaxchi kixo ʼl ri win aq .
ke tikon ik .
ri u lew man q ech taj , kech riqati ʼt q am am .
xe pe le win aq xol kikʼam a ʼ .
xu loq ʼri wuj r umal ri ali .
chewe q ʼij kamik kʼo jun nu tzijonem chirij le nu tin amit .
kej ri ʼ .
x kunan al aq chwe .
ki nu sik ʼij le nu na n .
ri i mul xu ch ʼij taj , xkanaj pa bʼe, r umal ri nimal ku jaluj ri i mul , x utz aq ri a nim .
ku bʼan ri u xoq ʼo ʼl ri aj tz ʼaq .
ri lasi bʼalaj utz che kuna bʼal .
kʼi kiwach rie ʼ ajchaki bʼ pari komonty ox , kʼate kʼut xa jun chi aj awxel ;
xqata chixa tulik .
kawaj chi kat ʼe k .
ch ʼuti ʼ n ke kanaj ri xa ja bʼ chech .
kaqa xi ʼj q ibʼ kaqa chapo .
e kʼo kebʼ u kʼajol le tat x wan .
lu ʼ su bʼi ʼ ri rech am .
aj chi u wi ʼ mi q ʼin ja ʼri lu ʼ .
xin ya kan le nu chimpa kʼay bʼal .
kʼatex ri lo, x peri unan che utzukuxik , xkikotik , xu sala bʼisaj ri taqux kin .
x kikʼut chi u wach ri ajtij xuquje ʼ chi kiwach ri taqnik ʼaj kachil .
utz le nuq ʼabʼ .
kul le al we ʼl pa a us tin chaq ʼabʼ kamik .
riate ʼ k x tz aq loq arechi kʼopa u wi ʼ riq ʼa ʼm .
aj p atan ri te ʼ k .
xatqaj chiupam ri il .
la kʼo tzij naki kʼox omaj taj ?
x sachon chke chi xe atin ik .
ro nojel le u lew echal aq .
la xe bʼe kʼula xe ʼ ki jaqa kʼul e u chi ʼja ?
xaq kat ch ʼok naj iwir .
kamik kʼochiri jastaq awe .
arechi ʼ kakʼis ri juna bʼ kʼoq ʼinom .
pa nawal ja ʼ xin alex ik .
na xin tataj we are ri akʼal k ix tzuqu wik .
¡ r u lew ri sa bʼ u loner u lew ri neftali, u bʼeri polo w , r u lew ri jordan, g alile ʼ a kech ri je taqam aq ʼ !
rax , rax , rax , kʼokʼ, kʼokʼ, kʼokʼ le r uxla bʼ le taq tiko ʼn .
achi xat wilo .
p aqal raj il le p ix kamik .
x oj bʼin ik .
pa junje ʼl tijo bʼal ku tijoj ri bʼ juna kʼal , u bʼi ʼ p o ʼx , utz ku ri lok e pa tijo bʼal ro nojel taq q ʼij .
x wa j chixa tʼe taj .
utz la ʼ le xu bʼij le achi.
weta ʼam jachin kap etik .
kin q ʼojoman ik .
xin q ʼi ʼo takʼalik xin p etik .
are ʼ reta ʼm che kin opan ik .
areta bʼal eqa qaj awcha t to ʼwik .
kawin aq waqi bʼ q ʼataj .
na qaj chik cheri u waq kaj bʼal aretaq chi ʼ ksach u wach riq ʼij , kok riq ʼeq u ʼm chu wachu lew , chi kʼate ʼ nari bʼe leje bʼ kaj bʼal .
jo bʼ raqan ri tz ʼalam xe poro x ik .
si bʼalaj ko ri j ri mo p.
arewa ʼ .
jela ʼ pari ti minit ch wi kaby ok rech xelaju ʼ, le qana nqatat kakitikoj e ʼl alaj taqu wachi chaj .
kʼax nuqul .
xu ʼl u kʼama ʼ .
kojul kitzukuj .
are man kʼax ta u kunax ik aretaq anin aq ka ʼi litaj we ya bʼil al xuquje ʼmojo ʼ qa ku ya ʼ le kʼax kʼol il chech le jolom aj .
ri wel kʼopa tijon ik .
kawaj kin bʼij .
ri kotz ʼi ʼj k qa koj chiupam ri ja .
q ʼeq q ʼoj ri j ri ama ʼkej .
nax waj taj xin ch ʼaw ik .
ch peta bʼal e loq ʼalaj ja bʼ .
xsach on chke xat kisik ʼij .
e leq ʼal ch ʼich ʼ .
jachin xa wi lochi arex tijo w ri ti ʼj ?
mata kabʼe le nu x bʼal pa le tin amit .
p im r uq , ri al i.
¿ kʼo rimuq ʼe chi awech ?
k qa bʼij man keko win taj .
kintij na .
kʼo jun qa tʼu ʼ y paja !
kʼo puj chiupam rich ʼa ʼk .
aretaq kinko sik kin warik .
xat wa ʼ ik xin wilo
in xin ch ʼayow le achi .
ko nojel ri alax ik ke ʼ etz ʼan ik .
jas ruk ʼ xkitij wi le kirikil ?
anin aqil kat p etik .
naraxta u wach le juyu bʼ .
ri tz ʼalam tz ʼibʼa bʼal rax k kayik .
wech at chakunik , kʼo awa.
ma ʼtam xat pe cheri wa ʼim .
kamul kin wa ʼ na .
ri sik il k tijo w ruk ʼik .
kim bʼe aq ʼan ruk ʼ le alta lin .
x oj ʼe k xe ʼ qil alar qas ok .
xe kiq ʼil le ajchaki bʼ x kiwok le ja .
mat anex waj le kʼu hj nem ruk ʼ le ate ʼ k .
arexe ʼopan chiuchi ʼ ri juyu bʼ , x kilo chiman qas tak ʼoq ʼayes .
kʼate kʼut , ri jesus man k kojon tach kech rie ʼ are ʼ , r umal rech cheko nojel reta ʼm kiwach ,
pa ʼ tz ri j ri tz ʼi ʼ .
juwin aq waqi bʼ q ʼataj .
atel aq ʼom .
xaqat jo ʼ s .
riq ʼatzu, are q ʼalaj ri uq ʼij il .
ajchak we ala .
u bʼe leju kakʼal taqanik (29) .
kebʼ nu bʼi ʼ kʼolik .
la katzalij lu ʼla anin aq ?
katzukun la chwe .
la kaj la koj bʼe ʼ pa le chomal ch we ʼ q ?
xin na bʼej chu tasik qa kʼoli bʼal .
la l xin to ʼw ik .
si bʼalaj a no ʼji bʼal .
x oj p etik xolqa kʼama ʼ .
si bʼalaj je ʼlik ri u wa ʼl ri i chaj .
kʼax wi j r umal in pacha lik .
aretaq xu kʼulmaj wa ʼ xu l ri u choman ik xu bʼij : are utz wa aq ʼabʼ kin walij ik, are cha ʼ chanim kin opan pa tijo bʼal , maj chikin kʼu lmaj .
ojaj xo jolo bʼ pa awasq ʼij .
xin sach che le u wokik le tzij .
e julajuj ri ak ʼ .
xutaj am pa ʼ koj ʼ e k .
q i lik .
ri tijoxel man areta nim chu wach ri raj tij . ri utz tijoxel qas jeri ʼ kʼolik jas ri raj tij .
in xa tin ch ʼayo .
no ʼjim chak wumal .
ch ʼu r ri jo ch ʼ .
inkin bʼij na kat sach taj .
uj maya bʼ .
ri abʼaj ya tzalik .
tajinke p ix bʼax ri akʼala bʼ .
chom ri aq .
xin wa rik .
e lemen ko nojel ri akʼala bʼ .
tajink q ʼan arik ri we re ʼaj .
le u kemik le pa su tz ( chawe ).
xuyu p u bʼa u wach ra ʼ chi, kacha ʼ, .
ri satanas kok pari judas ri k bʼix is ka ri ʼo tech rech , ri are ʼ junch kixo ʼl rie kabʼ lajuj .
chu chu ripar .
kin qumuj ri nu jo ch ʼ .
chech punción lumbaram aq ʼel raj awaxik chech ri lik le u kʼex bʼem wi le na bʼe ruk ʼ le u kabʼ u kʼutunem le ya bʼil al .
q ʼalaj china kawajtaj kabʼij .
kʼo q ʼol chirij ri si ʼ .
jawix oj ʼewi chu loq ʼik ?
kʼo u loch ʼri tal in .
q ʼan ri j ri ati ʼt nuk ej .
la x tzalij la iwir?
xe sik ʼix ik , kʼate kʼu ri ʼ xe ya j ik, xuquje ʼ xetaq bʼi che u sik ʼik lemes .
lak ix wari k ?
are kʼu lepal omax xu bʼij che: - mam kat bʼison taj , kin sik ʼij nik ʼaj wachi ʼl ke rapa pik .
a ʼ re e tijox ela bʼ .
ri alajali si ʼl xu bʼij x q achappa utzal ri ty ox .
x sachon chke jachin xe atin ik .
jas xu rayij le anan xu tijo ?
xin ko sik .
rax ro nojel riq ʼayes r umal leja bʼ .
kin ya wa ʼ wech ʼich ʼ pinem na utz .
no ʼjimu pach ʼux ik le nu wi ʼ .
naj kʼowi le wo ʼ ch ch u wach le tijo bʼal .
ri okibʼal kʼochi u wach ri saq ja .
xe nu taq ch ʼij ke kil le akʼala bʼ .
kʼo jun q ʼoxo w em chiwe .
tzaricho ʼm .
we choj bʼe pa le nimaq ʼij , keqil le aj xo jolo bʼ .
x oj ʼe k xe ʼ qil alar qas ok .
riate ʼ k xuta ʼ chech ri na nto ʼn :- nan jas che ʼ chiman kajtal aq akʼat isaj ri jo ʼ q .
ri p al si bʼalaj xu ʼ y .
kin koj ri jo k bʼal u lew .
inkin bʼij na kat sach taj
at raj kun lenunan .
ku qamujuj oron ri aj tzij .
lu ʼ tz ʼalam u bʼi ʼ ri achikel pa nim che ʼ .
je ʼ lik uti ʼjol al ri saq ko ʼr .
kʼo junxa ʼr pa ja .
xin loq ʼjun kʼakʼ p atan .
kʼax u kemik le pasa wumal .
aninaqu kemik le pasa wumal
rich ʼa ʼ n sachin aq p ataq abʼix .
rax taq le kotz ʼi ʼj .
mes om kanoq ri u p am ja .
man aretar alax kosik .
ri komon xech pu p rech uq ʼabʼ tin amit xo ʼl abʼaj rech q ʼu markaj .
la u tzakik kʼu su bʼ tajinku ʼa no ?
kat ela !
na xutij taj .
xar umal keta ʼm ko nojel ri win aq k kiq umuj le ja ʼ .
iwir xuj tzalij la pa kʼay bʼal .
qeta ʼm cheri qawa ku juto ʼo .
ri ajtij , k ya jon chikech ri akʼala bʼ .
jas u bʼanom le nu ch ʼuti tat ?
chwe ʼ q kin bʼe pa nim tin amit .
utz we kiweta ʼmaj jasku bʼij ri chol bʼal q ʼij .
tajin kat jilo w che uq ʼoxom jolom aj .
xin tik q ʼax chi u wach ri ja .
kʼax le kibʼe le win aq .
loq ʼkat kun taj che le ya bʼil (covid-19) .
ri nu xi bʼal kel pa qaj bʼal q ʼij .
x r il ri ax wa n chix wa ʼri ala .
le alix kuna tajik .
weta kap e leja bʼ kamik .
xin weta ʼmaj chi na xat pe taj .
ri p waq rech weq ʼataj ri ʼ kesax chech ri toj bʼal kʼayin em .
k tij ri u wa ʼlik r umal ri ki nimaq ʼij .
xu chapuku na xik .
chatan loq ali .
xin xu li ʼ q aj oq .
je ʼ lik k tijo w ri taqik ox .
kʼate kʼu ri le tat xo ʼr xu bʼij , man kawajtaj , man kawajtaj .
kʼo jun tz ʼi ʼ pa bʼe .
kamul xin p e che atzukuxik .
man tajin takin chakunik .
kinchakun ik rechkat wa ʼik .
jas ruk ʼ xa wil wichi xkiqu pij wi le ti ʼj .
jasu bʼix ik … ?
koq ʼri akʼal .
kawaj na kat ʼe taj .
xat q ʼaj ik .
wem na cha loq ʼax iy al , na kim bʼe ta awuk ʼ .
x opan le wuj awuk ʼ r umal wech in .
are kʼut pa le juyu bʼ k kʼiy joron, chila ʼ xe kikʼama wiri ja ʼri win aq .
koq ʼri akʼal .
we kʼo araj il cha kʼamal oq .
aresi bʼalaj kaq le apo ʼt chu wach le nu po ʼt .
xin kʼastaj p aka bʼ lajuj kaj bʼal .
kaqoy ʼej nakix p etaj .
ko kax im ri chij xa jela ʼman kanimajta bʼik .
rik okno jim x bʼe k , xu ch ʼijox opan pa u kʼis bʼal il lea nim .
x oj ki ʼ kotik aretaq xat ulik .
kaq itz ʼ naj ri u xa ja bʼ ri akʼal .
ri jesusk wa ʼkat pari nim rachoch ri dyos , chuxe ʼ ri jun jache rachoch ri salom on .
we taqanik ri ʼ ku bʼij chi raj awaxik k ya ʼuq ʼij ri win aq xuquje ʼ k to ʼanin aqil .
ria xu xa rena riukunel ri kina q ʼ .
aretaq wa ʼri uq ʼijol we taqanik .
kʼo jun ta bʼal pa u wi ʼ rix kanulu bʼi ʼ lajuj no ʼj .
yu ʼl u bʼanom ri u kolo bʼri kej .
xa nimaj ri akʼal chi u wach ri u chu ch .
k kunan ri achi.
kin wa ʼik rech na kin yowaj taj .
aj x ik ch ʼich ʼri lu ʼ s .
k waj che ix ki x bʼano w ik .
a ʼ re xeto ʼ wala q .
x oj ʼe k xe ʼ qil alar qas ok .
xin loq ʼjunch ʼich ʼ, qajin aq u wach .
ku tʼis ripant alon .
e janipa le awal k ʼwa le kʼolik ?
u tzukemik lepas chawe .
rimax are aj q ʼani ya ʼ .
mata bʼ achiri q kʼaxpa le bʼe .
tajin kanimaj, ri me ʼ s .
ix i xe ʼ laq ʼoma bʼ !
x sachan chwe .
e kʼo kʼiche ʼ, chi u wach ri juyu bʼ .
arewa ʼ ri nimalaj p ixa bʼe arewa ʼri na bʼe .
x reta ʼmaj chi ruk ʼ p akʼ ku tij wi
jasu tzakik le su bʼ xu ʼa no ?
aj xo ʼ y ri wi kan .
we tanea ʼ re xe tijo w le ri kil , are le komon xe tijo w ik .
si bʼalaj anin aq kach ʼaw le are ʼ chi nu wachin .
utz we kinchakuj .
me ʼ s la ʼ .
kʼokan wa rech kaqatijo .
xin sik ʼij la .
ri akʼal xsach kanoq jela ʼpa taq ʼaj .
xe sik ʼij la .
jawix kibʼij wichike ʼewi ?
r umal che, man ix tari ʼ ri kixch ʼawik , areri r uxla bʼ axel ri i tat ri ʼ rik ch ʼaw na iwuk ʼri ix .
kʼakʼ ri wachoch .
si bʼalaj utz kin wil le atz ʼyaq rech na huala .
saq por k kay rikipo ʼt ri na n.
xsach on ri nu chak chwe .
wa ʼim xu chapo .
riq ʼaq ʼ tajinkaju luwik .
naj il u p am ri si wan .
e kʼo riq achal al pa chi u wi ʼ la .
jas xa taq chi ʼj le akʼal chu tijik ?
no ʼjimu kemik le pasa wumal .
kʼo jun kuk u bʼi ʼ tin tin , wa ʼ le lajku kmam ka jeqitaj , kapaqika xu lik pa u wi ʼ uq ʼabʼ taq che ʼ , si bʼalaj sakʼaj , ke ʼuto lee nima ʼ q , ch ʼutin, rachi ʼl , aj sipan el si bʼalaj utz ra nima ʼ .
ri u p ixa bʼ leq ʼat bʼal tzij kiya ʼu bʼix ik .
na xsach on ta chke xe atin ik .
xe qil le chi kop pu wi leja .
x lo ʼtaj ri akʼal .
qo nojel kuj wa ʼpa u wi ʼ ri me xa .
xsik ir le waqan .
la xat wa ʼ kʼut ?
nimu bʼaq ʼri tulul .
kin x ik ʼ ikʼ ik xin q ʼax ik .
la kat bʼe pa le tin amit ?
ri p al si bʼalaj saq ʼo r .
k q ʼox ow nu jalom .
xin na ʼochi kat p etik .
x loq ʼu lew iwe chix .
xin chakun ruk ʼri numam .
na x q abʼantaj .
k kʼoji ʼbʼa ʼri u sipan ik ri aj awxel jesusk ri sto ruk ʼri awuxla bʼal !
kin ch ʼaw ruk ʼ lenunan pa lech ʼawe bʼal .
si bʼalaj q ʼeq u ʼm r umal ri may ul .
are leba xu lik .
xeko s le ix oqi bʼ pa le bʼe .
kʼax ri lik le akʼal chawe .
xin q ʼi ʼ oxi na tin pa joron .
si bʼalaj nim le tin amit .
kʼax u kemik le pasa wumal .
xin sachik .
tajinkel u kikʼel pa raqan ri tz ʼi ʼ .
xin weta ʼmaj ri lik wibʼ
riq ʼuq ʼ are jun je ʼl chi kop .
kʼopa ja tijo bʼal ri wi kaq ʼ .
ri sachi bʼal mak raj wa xik chi qa xo ʼl .
je ʼ, kim bʼe k .
jela le ʼ ri nu p wi ʼ .
xu bʼij che: - jas xa bʼano tin tin ?
kabʼan juntoq ʼobʼ k ya k ri nu jal .
kat ʼ e k xin ta .
jas le u kʼex bʼem ri bʼ le jun ruk ʼ le junchik ?
aj chi u wi ʼ mi q ʼin ja ʼri lu ʼ .
ri tijonel naj k p ewi .
te ʼ kixcho bʼ u bʼi ʼ ri nu tat .
ri ja ʼ kamiq ʼik chi u wach riq ʼaq ʼ .
ri tʼu ʼ yk paq ʼo w ik .
k inmes on na .
na qaj at kʼowi chiwech .
xin bʼiso nik taq na xat p et taj .
we x kam ri win aq , ri p waq rech toj bʼal makaj k ya ʼ chikech ri r alax ik .
ri nunan x bʼe pa kʼay bʼal .
x oj u kʼamu loq rech koj ri lo
x kʼo to chinchi kiwach chik in wa ʼ awuk ʼ .
na xkikamsaj taj x kikʼam bʼi choja .
kʼakʼ ri ikʼ kamik .
x im bʼe ruk ʼ leaj kun iwir .
ri lik .
le tz ʼi ʼ xeko sik .
xin kikota wumal .
ri imul xu maj ri a nim , xu ya kan lek ok .
kʼo oj cheri akʼal .
xuj bʼe pajun kʼula nem .
utz wek waral aq .
kaqilo china koju kʼam taj .
x reta ʼmaj chi ruk ʼ p akʼ ku tij wi.
si bʼalaj xin kʼa ʼ nar ik .
x in ko chi j ri nu wa .
man kat ko win taj kat chakunik , we man kʼota ri aj ila bʼal .
we wo non xu bʼij chike : - ki xin to .
ri ala nim k ri l wiri umam .
xka ʼ y chirij , xka ʼ y chu wach , ma kʼota chi jun k silo bʼik , x oq ʼik xu xe ʼj ri bʼ xch ʼopin ikx tzalij loq xu riqta chik ri u bʼe .
kʼo pus cheri wa .
pin em naka bʼe lewatz , kim bʼe wi in pa ka ʼ yi bʼal .
ri na nto ʼn nim win aq chik, saqu wi ʼ, ro nojel aq ʼabʼ utz kuna ʼo ka tʼuyi ʼ pa utem , ku miq ʼisaj ri bʼ chori q ʼij , kʼo junu wi ʼ umam u bʼi ʼ ate ʼ k .
man e kʼitaj ri qula ʼ .
q ʼalaj china kawajtaj kabʼij
x paqa bʼisax raj il ro nojel ri kem .
kʼo pari jul riku matz .
ro nojel q ʼij kin ch ʼaj le nu w are .
saq chikan le i chaj rech katz ako .
chuxe leq achomal kaqatij wi junq ame q ʼin .
chawila ʼ .
e kʼojo bʼ u mi ʼ al, ri nutat .
jas ruk ʼ xa wil wi
je ʼ jas ri win aq rech ri u wachu lew , xoquje ʼ ke pe nari ʼ rie ʼ are ʼ che e rech ri u wachu lew ; je ʼ jas ri win aq rech ri kaj , xoquje ʼ ke pe nari ʼ rie ʼ are ʼ e rech ri kaj .
xin tijo .
k tzʼuju w ri rachoch ripo ʼx .
xuq ʼi ʼo are le u kʼu lel x ya ʼo wu wa .
ri awel x reta ʼmaj chi raj awaxik man ku xej tari bʼ cheri tuku r .
ju kʼulaj win aq xe ʼa nimaj bʼik .
je ʼ, xin tzalij ik .
x oj p etik xolqa kʼama ʼ .
maj jachin x ʼe k .
in ajtij ; at tijoxel .
saq u wi ʼ ri tata ʼ .
wech ri kem .
le ro ʼch le ate ʼ k kʼoch wach le u kʼay lenunan .
k bʼe pari si ri ʼa e pari si lisi ʼ a, jawi je ʼ ku ya wiri kichuq ʼabʼ ri komonty ox .
p ixa bʼ : man utz taj kʼax kujch ʼaw chikij nik ʼajqachil .
x kun ataj le ali ( kumal ri ix oqi bʼ ).
ri xi bʼi bʼal chi kʼowi p ataq riq akʼas lemal ro nojel q ʼij .
na kuj war ta waral .
on chek kʼoji ʼ ri utzil chi xo ʼl , arech junam ri qa kojon ik , junam ri iwe chix ruk ʼri we chin .
pa ox q ʼij ri sa ʼ n k bʼe na ruk ʼri aj kun .
kawin aq wuqu bʼ .
jas kawaj kintijo ?
weta xat bʼe wuk ʼ pa le tin amit , xa loq ʼ tala ʼ le u jastaq le akʼajol .
kebʼe p awa ʼim .
xin loq ʼ kʼi wa .
pa jun nim kʼache ʼlaj , kʼo jun k ʼwa ʼsi bʼalaj saq loloj , nim u wach .
k wajkatij ju bʼa ʼwa .
ro nojel win aq k ri l na ri u kolo nem ri dyos » .
x kʼo to chinchi kiwach chik in wa ʼ awuk ʼ
k waj na kat ʼe taj .
la xa loq ʼjuna lej ?
e k ʼo rie loq ʼoman el .
ri u kabʼ u bʼi ʼ ri numam are ya y .
kin jopij ri i ja ʼ rech t ri ko .
x na ʼtaj chke xe atin ik .
xate ʼ qila ʼ .
kakitij alan xax ri win aq .
. . . kin bʼij chi arewa ʼsi n xi ʼ an.
na xin na bʼej ta chu tasik qa kʼoli bʼal .
r umal rech chewe ri in, kin ch ʼaw ruk ʼri dy ospach ʼa bʼal , k ch ʼaw na kʼu ri ʼ ri wuxla bʼal ruk ʼri dyos, kʼate kʼut man kʼota u p atan ri ʼ ch rech ri nu choma bʼal .
xe p etik x kilo .
xutawe kat ʼe k .
u tzukemik lepas chawe .
ri nu wa kax xu tij jun q ʼoq ʼ r umal ri ʼ x kamik .
r umal ri kʼix , man kewa ʼtaj ri win aq .
xe ʼ u lik .
q ʼeq rij ri am a ʼ chi j .
x raj ka ʼ e le unan .
junam ki juna bʼ .
n aq ʼalaj taj weka ʼ e k .
ri wix nam ch ʼajch ʼoj ri rachoch .
waral man kʼotaj aj aw al .
na iwi rtax r il le kʼamol bʼe .
x in pe loq te kʼu ri ʼ xin tzukuj ro nojel ri nu raj il .
ri ajtikonel ku tik ri tzij .
kʼo e kik ʼajol le achija bʼ .
ku tij q ʼayes ri ix pa ʼch .
pari wa ʼbʼa le kʼo kawin aq achija bʼ .
si p ojin aq ri nu p am .
kaya ʼtaj ik ruk ʼuti ʼonem jun ri u riqom le ya bʼil am olot setsé xuquje ʼ are kaya ʼtaj p ataq ri juyu bʼ .
jachin ri achi ?
ri numam x kamik aretaq kʼo jumuch ʼlaju jujuna bʼ .
kinko win ik kin kʼam bʼi le p waq .
kin wilo chi utz ri aj i ʼ .
xin q ʼil ri apo ʼx cheman kachakun taj .
k wa ʼ chi u wach le taq ʼaj ri am a ʼ akʼ .
ri imul xe poq ʼik pajun ik ʼ .
x kʼis kanoq riq achak .
areri alixoj ilo w kanoq .
si bʼalaj ch ʼu ʼj ri amax .
kʼo nu wachi ʼ .
inchajin el kech le akʼala bʼ .
xeko s letz ʼi ʼ .
kin bʼe na kuk ʼri molaj .
ro nojel aq ʼabʼ kin yi tz ʼri w akax .
karapi nik xu tzukuj chi jun awaj .
le u kemik le pa san in aq ( awumal ).
maju raj il leq ʼabʼ arel .
kʼax ri ʼ ri kach ʼaw ik .
x oj u taq chi ʼj le achichu loq ʼi kichaj .
si bʼalaj kʼax ri x kʼulmax ik .
x kilo china kin kʼox omaj taj .
x na ʼtaj chke chi xe atin ik .
x kʼo to chinchi kiwach chi xo jal wo ʼqaku kʼ .
jun q ʼu ʼ q raj il ri kaxla ʼn wa .
xin wilo chi xe ʼel ik .
e kʼo ix oqi bʼ pa le kʼay bʼal .
man kʼotaj u kʼisik ri maya bʼaj la bʼal il .
ri sin k kʼiy p ataq ʼaj .
rich ʼi ma man k kʼiy taj p ataq ʼaj .
raj awaxik k jikik ri waqän .
k awaj kin ʼe k .
e kʼo oxi bʼakʼ .
xu bʼij chwe jawi at kʼo wi.
chwe ʼ q kuj bʼe ʼ pa muquj .
pa saq kʼa ja ʼ k bʼan wiri uq .
x oj ki sik ʼij .
xin wil wi bʼ .
chaq ʼ chik ri wa .
kim bʼen akapa le wo ʼch .
k awaj kin ʼe k .
rich ʼu ʼk tij ruk ʼlej .
pari kiq ʼij kamin aqi bʼ k bʼan q ʼo ri kʼya ʼ rech aj : na bʼe ri na n kutzukuj kan ri aj , ku jach ʼo ʼ xuquje kuk ʼeto .
jas kaj bʼal chanim ?
utz u choman ik ri ali .
pari q ʼij oxlajuj tijax kin kʼis kebʼ juna bʼ kinchakun waral .
si bʼalaj ko , ri kʼakʼ ch ʼat .
jas karajku bʼij … ?
rich ʼich ʼ kasila bʼik .
pa ojerq ʼal p ul xaq xu wiri nim win aq ke kʼamo w bʼe .
le u kunax ik le u kabʼ u kʼutun ik are ruk ʼ e flor nitina on utuni bʼax ik leni furtimo x chi ʼ le flor nitina chech t . b . g .
areri achi xin ch ʼayow ik .
junachi u bʼi ku ʼ xu sipaj kebʼ kʼa ʼm u lew rech kabʼan ri tijo bʼal , kamik, kʼochik ajtij rech ri komon xech pu p .
xu malty oxij cheri ajtij ro nojel le xu kʼut chi u wach .
pari bʼe xkiraq junalaji mul saq rij , x kikʼam bʼik .
x r il le bʼa le ala .
jasku bʼij chwe ?
le u kunataj em areru kʼu tzukuxik le u chikopil pa junu soliku xe ʼ le kikʼon leja ʼ rech jun nodo .
utz wen utz ʼi ʼ .
je ʼ , tajin kachapo nik .
ki nu loq ʼoj le nu tat .
kawaj kim bʼe p atin amit .
arela ʼ kinchakuj .
ri nima ʼ q taqwin aq kʼo keta ʼma bʼal .
weta xat bʼe wuk ʼ pa le tin amit , xa loq ʼ tawa ʼwe jastaq .
ri kikʼas lemal . wa ix imu lew xa jun chi ma areta tin imit ri ma
ri u kʼya bʼal na jupam .
xatqaj chiupam ri il .
nojim kat wa ʼik .
we kʼo jun k tuqa ʼri k , ¿ la man xoquje ʼ taj kin tuqa ʼr ri in ?
ojoj wokol ja .
awas k bʼan kʼaxche jun nim win aq .
xin ch ʼaw apan ruk ʼ le wa na bʼ .
kʼax ri u p am ri ju ʼl .
tajin kewa ʼri i mul .
la kaj la kuj tzalij la anin aq ?
r umal rech cheri makaj man kʼota u kowin em p iwi ʼ ri ix : ri ix man ix kʼot achi chuxe ʼri p ixa bʼ, xane ix kʼo chuxe ʼ ri sipan ik .
nim raqan le che ʼ .
xin chapo .
are le tu ʼ r le loq ʼoman el .
xaskat kʼoji ʼ chiupam rich ʼich ʼ .
si bʼalaj nim raqan ri kʼamal bʼe .
le tz ʼibʼa bʼal wech in .
in x into ʼw la .
xa je kʼu ri ʼ ri ix kamik ri ʼ man ix kaxlan win aqta chik ; ri ix , ix rech ri kitin imit ri ety oxlaj taqwin aq , ix rech ri rachoch ri dyos .
xin tik oxlaj kʼali chaj .
kaqa riq q ibʼ chwe ʼ q .
si bʼalaj utz cheri wi ʼaj ri tuney .
we na jupulik ta xeqaj ik . . .
xin to ʼ taj cheri nu chak .
kʼo jun chi kop u bʼi ʼ pum .
poq on ri ik .
x oj bʼin ik .
xu ch ʼe kro nojel le reta man ikx paqi ʼ k kʼax k wʼin ik xu bʼanaj kun .
kel u bʼik pari jude ʼ a e k tzalij chi u bʼi jumul parigali le ʼ a.
xina xibʼij pa bʼe .
je ʼl kʼo lem chi awachoch .
ro nojel ri ya ʼtal il pa we q ʼataj , tz ʼaqat kiwach , man k tz aqta kanoq xuquje ʼ man k tas taj .
xu kunaj le ya wa bʼ le aj q ʼij .
chi tata bʼej jas le kim bʼij .
ch ʼan al ri achi .
pa bʼ oko ʼkachakun wiri tax .
uj kʼopa u wuq q ʼij .
ki ʼ ri u kabʼ ri aq aj .
kʼo rachal al pa tz ʼoloj che ʼ ri p e ʼl .
x kilo chikin kʼox omaj .
ri u kisak ʼ utz kya ʼik chi u xe ʼri tiko ʼn .
aretaq chi ʼ kaq ʼan p u wi ʼ ri juku bʼ , ri achichex kʼoji ʼ ri itzel uxla bʼal ruk ʼ, ku tach rech ri are ʼ , arechk kʼoji ʼ ruk ʼri are ʼ .
na kabʼantaj ta wumal .
x na ʼtaj chke xe atin ik .
xin pa j ri nu t riko .
xe ʼ ok ri p ok ʼ pari umexaripo ʼx .
kaj u luw ri aq ʼa ʼl chi u xe ʼ ri tʼu ʼ y .
awech leja .
xuj bʼepa tzur ik .
na bʼe xat opan ik .
ri u kabʼ u bʼi ʼ ri numam are ya y .
uwaj xaqu kakʼal taqanik (28) .
mata kʼo jun kakanaj kanoq , qo nojel koj bʼe k .
e nima ʼ q le altoma bʼ .
nimu wach ripo ʼt .
kojon ik pari utzij wa ix imu lew .
jas xu kʼam bʼil etz ʼi ʼ xa wilo ?
xin p etik , tat .
ri bʼe laju wach .
chi tata bʼej jas ri kim bʼij .
je ʼl kuna ʼri abʼix chiupam riq uq u lew .
kin bʼiso ju wach lew al .
xu tʼuyu b ʼa ʼ .
nim ri aw eqele ʼ n xa riqo .
xin e ʼ wa ʼ oq .
chi ʼ kewa r wi le akʼala bʼ .
ri nu mi ʼ al xu taq loq jun taqo ʼm wuj chiwe .
q ʼe ʼ lik , ri chaj pari bʼe .
la utz awach ? - utz malty ox , e kʼu ri at ? – utz malty ox .
xin kos r umal nu chak .
k bʼe kuk ʼ rie ʼ are ʼ e k tzalij pari nas are te ke ʼu nimaj .
ri joj xu kʼam bʼik ri akʼ .
kʼochi wachi ʼl chanim .
ku bʼij chech na ʼl kabʼan cheri atz ʼibʼ .
e . . . in kawaj katzjoj bʼi lach we .
ma ta xin ya j le al i.
jachin ruk ʼkat bʼe wi?
kʼo si bʼalaj eta ʼma bʼal pari maya bʼ no ʼji bʼal .
e man xo ri jupuq kej .
kasu mum ri kaq iq ʼ .
e kʼo kaji bʼakʼala bʼ pa le bʼe .
je ʼ jas ri u tat k ka ʼ y ik .
xaqat molon el tzij tal .
le nu tat kaloq ʼon chwe .
xaqtane kim bʼe iwu kʼ .
x reta ʼmaj uch ʼaj ik .
r umal la ʼ xkoj “ xal q ʼat ” che u bʼi ʼ ri komon .
are le u kemik pas x reta ʼmaj .
ri wa ti ʼt ku bʼan na ri u p atan .
kʼakʼ le po ʼt .
reta ʼm u wach jachin x loq ʼo w ripas .
kench ʼabʼej le akʼala bʼ .
ya ʼtal chaqe qo nojel ri uj win aq utz kaqil q ibʼ .
x koti ʼ paq ʼayes x oq ʼik .
kawin aq bʼe leje bʼ q ʼataj .
e kʼo kaji bʼ r al ri imul , jun saq , jun q ʼan, jun q ʼeq , jun q ʼeq oj , si bʼalaj ketz ʼan ik , kech ʼopin ik ri alaj taqi mul .
k cholol ri achachal .
kete kik ri ikʼ .
xe p etik rechkewa ʼ iwuk ʼ .
tz atz ri uq ʼan il ri akʼ .
x oj tzalij ikxi xe ʼ q aq ʼatuj kuk ʼ le ita tin an.
ri yo ʼx taq akʼala bʼ ke kikʼux ri atz ʼyaq .
we achi we xu sipaj jun po ʼt chwex kamik .
k ko win ri kunan el che kunan ik .
xjiq ʼ pari polo w .
xar umal si bʼalaj raj awaxik le loq ʼalaj ja ʼ, le win aq x kibʼij : chewe ikʼ ri ʼ qo nojel kuj bʼe che u tikik taq che ʼ .
ri u na ne rie rachal al kepe u loq ruk ʼri are ʼ , kʼate kʼu ri ʼ, man ke kowin taj keq ibʼ u koq ruk ʼ, r umal rech che e kʼosi bʼalaj win aq .
r umal rech , che man kʼota jun k kowin che u kojik jun tiki bʼal il chikchu wach ri kojom chikche areri jesusk ri sto .
te kʼu ri ʼ xu tz ʼibʼaj ri bʼ pari nimalaj tijo bʼal rech aj ku ʼn .
kaj u luw rich ʼu mil chaq ʼabʼ .
kʼis bʼal kanoq , xoquje ʼ k kam ri ix oq .
le alax okik .
kʼo p waq pa u wi ʼ ri me xa .
are kawaj nakin ʼe taj .
ri ya wal ku koj ri alichi u xe ʼ ri chak ach are usu ʼt .
na kaq akʼam tu ʼbʼi kamik .
ri ajtij ku bʼij chike : raj awaxik keqa chajij ri awaj , are u tiko ʼn ri aj aw .
x in tij mukun iwi r .
kʼax le u wi ʼ taq le nuq ʼabʼ .
xin loq ʼjun il bʼal wi bʼ .
wa ʼwe q ʼij , nimu bʼantajik .
ri u xe ʼ al riq atin amit man kasach taj .
x oj bʼin ik .
ri achal al junam kiwach .
xin weta ʼmaj ri lik wibʼ .
nim ri u na ʼoj wa j tij .
mi q ʼin ri kʼul .
aj q ʼojom ri ate ʼ k .
che le san ik che ʼ k bʼan wiri q ʼojom .
kap e le awel pa nawal ja ʼ .
rimeso nel tajink chakunik .
utz chaqe kaqato ʼ q ibʼ, taq kʼokʼax kʼol il , kat e we chi ʼ n ri aj aw p aqawi ʼ .
xa wilo, x q ʼatan le i bʼo y .
xat kowin ik xa bʼano .
ki ʼ rik ʼawex .
kajil il ri bʼe .
le alix el bʼik .
are ʼ x raj xin bʼano .
nim we abʼaj .
je ʼ lik uti ʼjol al ri saq ko ʼr .
nojin aq ri kej .
we katijan xu x man kat u to ʼt achi uq ʼat ix ik le kʼakʼ ya bʼil corona virus ( 2019-ncov) .
na nim ta raqan wa ʼwe che ʼ .
utzalaj ajchak , ri wel .
¿jam pa ʼ kuj bʼe pa nimaq ʼij ?
raj awaxik tane la ʼkat chakun wuk ʼ .
xu taq chi ʼj p awaram p u lew .
man aretariax wa n xe lik .
ri awix xu loq ʼ rachoch re nim al .
areri ix oq xin sik ʼinu loq .
rich ʼim akʼat ʼon na .
la xi bʼan le i chak ?
kʼi tin amite kʼopa ch ʼo ʼj .
kʼo jupuq chi j chi u xe ʼri che ʼ .
ri u xaq ri abʼix are u wari kej .
kawin aq q ʼataj .
lak ix pe p atijo bʼal ?
we kechajix taq le k ʼwa jacha kin bʼij ; juna lik kʼo ja ʼ xuquje ʼ si bʼalaj saq loloj .
x reta ʼmaj .
ri ala bʼom ri alitoma bʼ tajinki kitijoj kibʼ rech su taq , arekakaj ki kibʼan nim aq achija bʼ chupam ri kikʼas lemal , xuquje kʼochikju p uq bʼixonel chupam ri komon .
la tz ʼ u wach ri bʼe .
kʼakʼ ri ach ʼich ʼ .
qo nojel uj , uj maya bʼ taqwin aq .
nojel q ʼij ri ati ʼ xkuyu q ʼuj le taqawaj jela ʼpa nik ʼaj ja ʼ, chirij ri juyu bʼ u bʼi ʼ te na ʼ .
pa q ʼom chik ri si ʼ .
kin tzukun chela .
kakitij le kin aq ʼ, lei chaj , le u wa ʼlik ruk ʼlej .
xe kanajkan le ajchaki bʼ .
ketik on ri achija bʼ .
si bʼalaj itzel u bʼantajik rich ʼil akan .
riate ʼ k xu malty oxij cheri rati ʼt , r umal ri utzalaj no ʼji bʼal xu kʼut chech .
k kamulix u chak ri abʼix .
la xin utzukuj le tijoxel ?
are ʼ kachakun ro nojel q ʼij .
le e kʼa ʼ na taq tz ʼi ʼ .
saq rij ri plamux .
jas xaq ʼi ʼ oxa tijo .
jas ruk ʼ xkichap wi u tijik le ri kil ?
we kata tin ruk ʼ kʼatan ja ʼman ku q ʼatej ta le kʼakʼ ya bʼil corona virus .
la kat bʼin pa le uxlan bʼal ?
la waral kʼux ix wa ʼwi ?
are le nu tat kin loq ʼon ik .
tajin k chakun ri ala .
kʼo ri ki ʼ kotemal awu kʼ .
xuta jachin ka ʼ e k .
xat wa ʼik xin wilo .
x tz aq ri rachoch r umal ri ja bʼ .
pa le jun ik ʼ chik are nim aq ʼij .
e kebʼäm kebʼin pa u wi ʼ ri tem .
m em ri achi .
ri wi kanchali ʼ y kel pa juyu bʼ chwitzi ri bʼal .
le raj il , la pajax ela q ʼax wu ʼ bʼik ?
pari su ʼt pisom wiri lej .
kojp etik kol q akʼam a ʼ .
tajin kat ch ʼopin chi u wach ri taq ʼaj .
leq ʼo rxch ʼuq ik .
kʼax wa ʼim awumal .
kin bʼis on che lew al .
si bʼalaj kʼok ʼri awatz ʼyaq .
kamik xuj bʼe che u tikik taq che ʼ pari juyu bʼ .
ki nu loq ʼoj le nu tat .
chaqi ʼj chik ri chaj .
x yil ix hawayi .
nax na ʼtaj ta chke chi xe atin ik .
ruk ʼ kʼu wa ʼwe ri ʼ, ri ix k kʼoji ʼjun utzalaj ikʼas lemal ri ʼ ch kiwach ri win aq cheman e kʼota iwu kʼ, kʼate kʼu ri ʼ man kʼota jun win aq ri ʼ raj awaxik chiwech .
e p etin aq pa bʼe le rachala x ik .
kakaj le akʼala bʼ kewa ʼ ik .
xuj ch ʼay bʼik .
ri nu chak are q ʼaxel tzij .
kʼo nar uxla bʼri awaj .
tajinkel loq , riq ʼij .
xu q ʼi ʼ ox kamsax ri rachal al choch .
ri numam are kʼo uq ʼinomal .
x kʼu lmataj jumul , xu bʼanjun nimalaj ja bʼ, man x bʼey etaj tana xu kʼis leuy uq ʼ chike .
ama ʼ ri n utz ʼi ʼ .
jewa ʼkat p etik .
xin ko sik r umal xin chakunik
iwech chi jujunal , ri wa .
xu q ʼi ʼo na xata tin taj .
in riq tajin aq pari kʼayi bʼal .
naweta ʼm taj .
kʼax le nuq ʼabʼ .
utz le xu bʼij le achi.
kematz ʼibʼ .
kʼo rachal al pa tz ʼoloj che ʼ ri p e ʼl .
ro nojel wa ʼwe jastaq ri ʼ, xas ksach wi u wach wa ʼ ; ruk ʼ we ri ʼ, ri ix , raj awaxik che kʼo junty oxlaji kʼas lemal e k kʼoji ʼ ri ich ʼawem ruk ʼri dyos,
x muq taj ri patz ʼan .
rich ʼich ʼ tzijom kanoq pari u kʼol bʼal .
man kʼota u cholaj p ataq ri awuj .
jachike ikʼ le u nimaq ʼij le tin amit nawal ja ʼ ?
xe p etik xol kikʼam a ʼ .
kachuq ʼ chu tri ja ʼ chiapam .
xin bʼij iwir chi xe bʼe pa armita .
are ʼ u xe ʼ ojer tzij waral kʼiche ʼu bʼi ʼ .
x kʼis ri nu si ʼ .
jawix kibʼij wichike ʼewi ?
¡ xa je kʼu ri ʼ, jachin taq rie kʼo pari jude ʼ a, chi chanim che ʼ a nimaju bʼi p ataq ri juyu bʼ ,
kʼakʼ ri a bʼ .
la kʼo jun na kakʼox omaj taj ?
nau tz ta le u tʼisom le almariy .
man ya ʼtal taj chi awekat ok paja .
je ʼ, xat u tzukuj .
are kel waj xaqi bʼ uq ʼij ri x kʼojik .
ri xu nku r k kʼoji ʼ p ataq ri tri ko .
xin sachik .
xu tʼuyu b ʼa ʼ
na nutom ta le tzij …
wach ʼom ri kiwari no ʼs .
e kʼojo bʼ ch ʼil wakʼ .
raj awix ik chi p ataq ri tijo bʼal , pa nik ʼaju bʼix ik chik
ri raj aw r u lew are ʼ tat kel .
we kʼu xokik , wek ʼnax okta
we achi xu sipaj jun pʼo t chwe .
atat u taqo ʼn le q ʼat al tzij .
na q ʼan ta u wach leq aprut .
ri xa ʼ r kʼopa u wi ʼ riq ʼaq ʼ k poq ʼo w ik .
ri roq ʼej ri alija chakp e jun akʼal .
kʼo junalap atijo bʼal .
säq u wi ʼ ri tata ʼ .
ri wi tz ikʼ tajinkpe loq .
jawi xsach on wi kanu ya ʼik le p waq che .
utz we achi we xin kunan ik .
qo nojel kuj wa ʼpa u wi ʼ ri me xa .
ri kaxla ʼn ik man poq on taj .
in xin bʼe ruk ʼ ri wachi ʼl .
si bʼalaj je ʼl x kilo xe kitz oqopi j ri kichi j chila ʼ .
kin bʼin ik xin ʼe k .
kʼax kʼolik , kacha ʼ .
ku tijix im ri ak ʼ .
ri alix che l , xu q ʼi ʼ oxa jun ak ʼ xsipax che .
x qasik ʼij le ix oq chu tzakik su bʼ .
mataxa bʼinsaj lech ʼich ʼ .
ri p ix tz ʼara lik r umal rieqa ʼ n.
¿jam pa ʼ kel chi 3%
kʼo jun nu kʼo toj chi ʼaj .
tajinkewa ʼkat ri ala bʼom .
xin loq ʼ le nuk ʼak ʼapo ʼt .
na u tzakik ta su bʼ tajinku ʼa no
x oj u taq chi ʼij x oj wa ʼik .
iwech ri abʼix .
saq ri j ri chi j .
aj sik cheri tin amit kel wiri tata ʼ .
- ¡ ay ! xa xin tz aq u loq , kʼax we waqan .
x kʼu lmataj pajun komon chi ʼ u wach jun juyu bʼ , xu ri qa junq ʼij xkiriq kibʼ junimul ruk ʼ le kok .
jas xa taq chi ʼj le akʼal chu tijik ?
xin chapo suxu loq ʼo .
q ʼinom ri achi .
ri kʼum k tijo w ruk ʼka bʼ .
tajin kejach ʼan ik .
tze bʼal u kemik le pasa wumal .
are kayo ʼw le u chi kop il le u bʼantajik try pa no som abr uce i.
we kat niman ik utzkelik .
pero no ʼjimal p etn aq loq , .
are le nu chakjun tz uq bʼal wi bʼ .
x kunax le ya wa bʼ r umal le aj q ʼij .
ri u kʼu ʼx tz ʼibʼ paqa tzij e lajuj .
si bʼalaj je ʼ lik rieqa bʼal xu bʼan ri lu ʼ s .
si bʼalaj at kon .
e man xo ri jupuq kej .
nax na ʼtaj tachkexe atin ik .
ri kʼamal bʼe xu bʼij chike, chi maja ri a nim .
jumuch ʼri nu juna bʼ .
q ʼipt ajin aq ri raqan ri tem .
k chakun ruk ʼri jos bʼal che ʼri aj anel .
xa taq chi ʼj le akʼal chu tijik kar .
oj kʼopa le ro ʼch le awel .
¿ la kat p e q u kʼch we ʼ q ?
le win aq pa lech ʼich ʼe tʼuyullo wi.
x kanaj kanoq chi u xe ʼ ri ja bʼ rich ʼa ʼn .
nim ri ja .
weta xa kunaj le ata tmatax kam la ʼ .
na nu kʼamom tu ʼla ri ʼ .
chqa nu kʼu ʼ riqa tzij .
kim bʼe pa le tin amit .
xin q ʼi ʼo na xin atin taj .
raj awaxik kakʼaman chawe le u tijik le lej .
kʼis bʼal taq no ʼji bʼal .
