xineʼ waʼ oq .
xkibʼan kʼax che leuwosaq rumal man utzta chi kakayik .
ri qʼutuʼm man kech ta le akʼalabʼ .
are na nim ta lea tzʼiʼ chuwach le nu tzʼiʼ .
xepetik xol kilaʼ .
¿jaw chiʼ xataʼ che xkam ri umam ri poʼx ?
ekebʼ kekʼambʼik pa tuj .
xin loqʼ jun japa riwokaj ja .
ria xtuʼbʼ, kʼoqu laj chech .
jas karaj kaʼan ch utzakik le tiʼ ij .
xutij le wa .
ximbʼal re tzij .
xpax ribʼ oʼj .
we kawaj katin toʼo xaq xuwi kabʼij chiwe .
jas nukʼu kuchʼobʼo .
jas karaj kutijo ?
xe x ruxlabʼ ri ri kil .
enitzʼaʼq le taq i mul .
we tane in xin bʼanow ik , are le ateʼk xbʼanow ik .
kintzalij pale nu tinamit .
ri nu chaqʼ kʼo pauroʼ qʼatoj tijonik pari tijobʼal .
xin xiʼj wibʼ xinchʼaw ik .
kʼoch waroʼ ch le pare .
chi raqan kabʼin wiri tataʼ .
xsachon kan uyaʼik le pwaq chech oja .
xinqʼax chi kixoʼl riwinaq .
ke tikonik .
ri ulew man qechtaj , kech riqatiʼt qamam .
xepe le winaq xol kikʼamaʼ .
xuloqʼ riwuj rumal ri ali .
chewe qʼij kamik kʼojun nu tzijonem chirij le nu tinamit .
kej riʼ.
xkuna na laq chwe .
kin usikʼij le nunan .
rii mul xuchʼij taj , xkanaj pabʼe , rumal ri nimal kujal uj ri imul , xutzaq ria nim .
kubʼan ri uxoqʼoʼl riaj tzʼaq .
ri la sibʼalaj utz che kunabʼal .
kʼi kiwach ri eʼaj chakibʼ pari komon tyox , kʼate kʼut xa jun chi aj awxel ;
xqata chi xat ulik .
kawaj chi katʼek .
chʼutiʼn kekan aj ri xaj abʼ chech .
kaqa xiʼj qibʼ kaqachapo .
ekʼo kebʼ ukʼajol le tat xwan .
luʼ su bʼiʼ ri rech am .
aj chi uwiʼ miqʼin jaʼ ri luʼ .
xinya kan le nu chim pa kʼaybʼal .
kʼate xrilo ,xpe riunan che utzukuxik , xkikotik , xu sala bʼisaj ritaqux kin .
xkikʼut chiuwach riaj tij xuqujeʼ chikiwach ri taq nikʼaj kachil .
utz le nuqʼabʼ .
kul le al weʼl pa aus tin chaqʼabʼ kamik .
riateʼk xtzaqloq arechi kʼo pauwiʼ ri qʼaʼm .
aj patan riteʼk .
xat qaj chiupam ri il .
la kʼo tzij na kikʼoxomaj taj ?
xsachon chke chixea tinik .
ronojel le ulew echa laq .
la xebʼe kʼulaxeʼ ki ja qa kʼu le uchiʼ ja ?
xaq kat chʼok naj iwir .
kamik kʼo chi ri jastaq awe .
arechiʼ kakʼis ri junabʼ kʼo qʼinom .
pa na wal jaʼx inalexik .
na xintataj we are riakʼal ki xtzuquwik .
¡ rulew ri sabʼ ulo ne rulew ri nef tali, ubʼe ri polow , rulew ri jordan , galileʼa kech rijetaq amaqʼ !
rax , rax , rax , kʼokʼ , kʼokʼ , kʼokʼ le ruxlabʼ le taq tikoʼn .
achixat wilo .
paqal rajil le pix kamik .
xoj bʼinik .
pajun jeʼl tijobʼal kutijoj ribʼ junakʼal , ubʼiʼ poʼx , utz kurilo kepa tijobʼal ronojel taq qʼij .
xwaj chi xa tʼe taj .
utz laʼ le xubʼij le a chi .
wetaʼam jachin kapetik .
kin qʼojomanik .
xinqʼiʼo takʼal ik xin petik .
areʼ retaʼm che kinopanik .
aretabʼal eqa qajaw chat toʼw ik .
kawinaq waqibʼ qʼataj .
naqaj chik cheri uwaq kajbʼal aretaq chiʼ ksach uwach ri qʼij , kok ri qʼequʼm chuwach ulew , chi kʼateʼna ri bʼe lejebʼ kajbʼal .
jobʼ raqan ri tzʼalam xeporoxik .
sibʼalaj korij ri mop .
arewaʼ .
jelaʼ pari timinit chwikab yok rech xelajuʼ, le qanan qatat kakitiko jeʼlalaj taq uwach ichaj .
kʼax nu q ul .
xuʼlu kʼamaʼ .
kojul kitzukuj .
are man kʼax ta ukunaxik aretaq aninaq kaʼilitaj we yabʼilal xuqujeʼ mojoʼ qa kuyaʼ le kʼax kʼolil chech le jolom aj .
ri wel kʼo pa tijonik .
kawaj kinbʼij .
ri kotzʼiʼj kqakoj chiupam ri ja .
qʼeqqʼoj rij ri amaʼ kej .
na xwajtaj xinchʼaw ik .
chpeta bʼal e loqʼalaj jabʼ .
xsachon chke xat ki sikʼij .
eleqʼal chʼichʼ .
jachin xa wilo chi are xtijow ri tiʼj ?
mata kabʼe le nuxbʼal pale tinamit .
pim ru q, riali .
¿ kʼo ri muqʼe chi awech ?
kqabʼij man kekowintaj .
kin tijna .
kʼojun qa tʼuʼy paja !
kʼo puj chiupam ri chʼaʼk .
aretaq kin kosik kin warik .
xat waʼ ik xin wilo
in xinchʼayow le a chi .
konojel rialaxik keʼ etzʼanik .
jas rukʼ xkitij wi le kirikil ?
aninaqil katpetik .
na raxta uwach le juyubʼ .
ri tzʼalam tzʼibʼa bʼal rax kkayik .
we chat chakunik ,kʼo awa .
maʼtam xat pe cheri waʼim .
kamul kin waʼ na .
ri sikil ktijow rukʼ ik .
kimbʼe aqʼan rukʼ le al talin .
xojʼek xeʼqil alar qas ok .
xekiqʼil le aj chakibʼ xkiwok le ja .
matane xwaj le kʼuh j nem rukʼ le ateʼk .
are xeʼopan chi uchiʼ ri juyubʼ , xkilo chiman qasta kʼo qʼayes .
kʼate kʼut , rijesus man kkojon ta chkech rieʼ areʼ, rumal rech che konojel retaʼm kiwach ,
paʼ tzrij ritzʼiʼ .
juwinaq waqibʼ qʼataj .
at elaqʼom .
xaq at joʼs .
ri qʼatzu , are qʼalaj ri uqʼijil .
aj chak we ala .
ubʼe le ju kakʼal taqanik (29) .
kebʼ nu bʼiʼ kʼolik .
la katzalij luʼ la aninaq ?
katzukun la chwe .
la kaj lakoj bʼeʼ pale chomal chweʼq ?
xin nabʼej chutasik qa kʼolibʼal .
lal xintoʼwik .
sibʼalaj a noʼjibʼal .
xoj petik xol qa kʼamaʼ .
sibʼalaj jeʼl ik ri uwaʼl ri ichaj .
kʼax wij rumal in pachal ik .
aretaq xukʼul maj waʼ xul ri uchomanik xubʼij : are utz wa aqʼabʼ kin walijik , arechaʼ chanim kinopan pa tijobʼal , maj chi kinkʼul maj .
oj aj xo jolobʼ pa awasqʼij .
xin sach che le uwokik le tzij .
e julajuj riakʼ .
xuta jampaʼ kojʼek .
qilik .
ri tijoxel man areta nim chuwach ri raj tij . ri utz tijoxel qas jeriʼ kʼolik jas riraj tij .
in xat inchʼayo .
noʼjim chak wumal .
chʼ ur rijochʼ .
in kinbʼij na kat sachtaj .
uj mayabʼ .
ri abʼaj yatzalik .
tajin ke pixbʼax ri akʼalabʼ .
chomria q.
xin warik .
elemen konojel ri akʼalabʼ .
tajin kqʼan arik ri wereʼ aj .
le u kemik le pas utz ( chawe ).
xuyu pubʼa uwach raʼ chi , kachaʼ, .
risatanas kok pari judas ri kbʼixis kariʼo tech rech , riareʼ jun ch kixoʼl rie kabʼ lajuj .
chu chu ripar .
kinqumuj ri nu jochʼ .
chech pu nción lu mb ar amaqʼel rajawaxik chech rilik le ukʼex bʼem wi le nabʼe rukʼ le ukabʼ u kʼutunem le yabʼilal .
qʼalaj china kawaj taj kabʼij .
kʼo qʼol chirij ri siʼ .
jawix ojʼewi ch uloqʼik ?
kʼo ulo chʼ ritalin .
qʼan rij ria tiʼt nukej .
la xtzalij la iwir ?
xesikʼixik , kʼate kʼuriʼ xe yaj ik , xuqujeʼ xetaqbʼi che usikʼik lemes .
la kix warik ?
are kʼulepa lomax xubʼij che :- mam kat bʼisontaj , kinsikʼij nikʼaj wachiʼl kerapa pik .
aʼre e tijoxelabʼ .
rialaj ali siʼl xubʼij xqachap pautzal ri tyox .
xsachon chke jachin xea tinik .
jas xurayij le anan xutijo ?
xin kosik .
rax ronojel ri qʼayes rumal lejabʼ .
kinya waʼ we chʼichʼ pinem na utz .
noʼjim upachʼuxik le nuwiʼ .
naj kʼowi lewoʼ ch chuwach le tijobʼal .
ri okibʼal kʼo chiuwach ri saq ja .
xenutaq chʼij kekil le akʼalabʼ .
kʼojun qʼoxowem chiwe .
tzari choʼm .
we chojbʼe pale nimaqʼij , keqil le aj xo jolobʼ .
xojʼek xeʼqil alar qas ok .
riateʼk xutaʼ chech rinan toʼn :- nan jas cheʼ chiman kajta la qakʼatisaj ri joʼq .
ripal sibʼalaj xuʼy .
kinkoj ri jokbʼal ulew .
in kinbʼij na kat sachtaj
at raj kun le nunan .
kuqa muju joron riaj tzij .
luʼ tzʼalam ubʼiʼ ri achikel pa nim cheʼ .
jeʼli kutiʼ jolal ri saq koʼr .
kʼojun xaʼ r paja .
xin loqʼ jun kʼakʼ patan .
kʼax ukemik le pasa wumal .
aninaq ukemik le pasa wumal
ri chʼaʼn sachinaq pataqabʼ ix .
rax taqle kotzʼiʼj .
me som kanoq ri upam ja .
man aretar ala xkosik .
ri komon xechpup rech uqʼabʼ tinamit xoʼl abʼ aj rech qʼu mar kaj .
la utzakik kʼu subʼ tajin kuʼ ano ?
kate la !
na xutij taj .
xa rumal ketaʼm konojel riwinaq kkiqum uj le jaʼ .
iwir xuj tzalij la pa kʼaybʼal .
qetaʼm cheri qa wa kuj utoʼo .
riaj tij , kyaj on chikech ri akʼalabʼ .
jas ubʼanom le nu chʼutitat ?
chweʼq kinbʼe pa nim tinamit .
utz we kiwetaʼmaj jas kubʼij ri cholbʼal qʼij .
tajin kat jilow che uqʼoxom jolom aj .
xinti kqʼax chiuwach ri ja .
kʼax le kibʼe le winaq .
loqʼ katkun taj che le yabʼil (covid -19).
ri nuxibʼal kel paqajbʼal qʼij .
xril ria xwan chix waʼ ri ala .
le ali xkunataj ik .
weta kape lejabʼ kamik .
xin wetaʼmaj china xat petaj .
ri pwaq rech we qʼataj riʼ kesax chech ri tojbʼal kʼayinem .
ktij ri uwaʼlik rumal ri kinimaqʼij .
xuchapuk unaxik .
chatan loq ali .
xin xu liʼ qajoq .
jeʼl ik ktijow ritaqik ox .
kʼate kʼuri le tat xoʼr xubʼij , man kawaj taj , man kawaj taj .
kʼojun tzʼiʼ pabʼe .
kamul xinp echea tzukuxik .
man tajin takin chakunik .
kin chakunik rech katwaʼik .
jas rukʼ xawil wi chi xkiqupij wi le tiʼj .
jas ubʼixik … ?
koqʼ riakʼal .
kawaj na katʼetaj .
xat qʼaj ik .
wem na cha loqʼaxiyal , na kimbʼe ta awukʼ .
xopan le wuj awukʼ rumal we chin .
are kʼut pale juyubʼ kkʼiy joron , chilaʼ xe kikʼamawi rijaʼ riwinaq .
koqʼ riakʼal .
we kʼo a rajil cha kʼamaloq .
are sibʼalaj kaq le ap oʼt chuwach le nupoʼt .
xinkʼastaj pakabʼ lajuj kajbʼal .
kaq oyʼej na kixpetaj .
kok axim richij xa jelaʼ man kanimaj ta bʼik .
ri koknojim xbʼe k, xuchʼijo xopan pa ukʼisbʼal il lea nim .
xoj kiʼkotik aretaq xat ulik .
kaqitzʼ naj ri uxaj abʼ riakʼal .
rijesus kwaʼkat pari nim rachoch ri dyos , chuxeʼ ri jun ja che rachoch ri salom on .
wetaqanik riʼ kubʼij chi rajawaxik kyaʼ uqʼij ri winaq xuqujeʼ ktoʼ aninaqil .
ria xu xare na riu kunel ri kinaqʼ .
aretaq waʼ ri uqʼijol wetaqanik .
kʼojun tabʼal pauwiʼ ri xka nul ubʼiʼ lajuj noʼj .
yuʼl ubʼanom ri ukolobʼ ri kej .
xanimaj ri akʼal chiuwach riuchuch .
kkunan ria chi .
kin waʼik rech na kinyowaj taj .
aj xik chʼichʼ rilu ʼs .
kwaj che ixki xbʼanow ik .
aʼre xetoʼw ala q.
xojʼek xeʼqil alar qas ok .
xin loqʼ jun chʼichʼ , qajinaq uwach .
kutʼis ripan talon .
eja ni pale awalkʼwal e kʼolik ?
utz ukemik le pas chawe .
rimax are aj qʼaniyaʼ .
mata bʼa chiriq kʼax pale bʼe .
tajin kanimaj , ri meʼs .
ixi xeʼ la qʼomabʼ !
xsachan chwe .
ekʼokʼi cheʼ , chiuwach ri juyubʼ .
arewaʼ ri nimalaj pixabʼ earewaʼ ri nabʼe .
xretaʼmaj chi rukʼ pa kʼku tij wi
jas utzakik le subʼ xuʼ ano ?
aj xoʼyri wi kan .
we tane aʼre xetijow le ri kil , are le komon xetijowik .
sibʼalaj aninaq kachʼaw le areʼ chi nuwachin .
utz we kinchakuj .
meʼs laʼ .
kʼo kan wa rech kaqatijo .
xinsikʼij la .
ri akʼal xsach kanoq jelaʼ pataq ʼaj .
xesikʼij la .
jawi xkibʼij wi chi keʼe wi ?
rumal che ,man ixta riʼ ri ki xchʼawik , are ri ruxlabʼ axel riitat riʼ ri kchʼaw na iwukʼ ri ix .
kʼakʼ ri wachoch .
sibʼalaj utz kin wil lea tzʼyaq rech na hu ala .
saq por kkay ri kipoʼt rinan .
xsachon ri nuchak chwe .
waʼim xuchapo .
ri qʼaqʼ tajin ka juluwik .
najil upam ri siwan .
ekʼo ri qachalal pa chiuwiʼ la .
jas xa taq chiʼj le akʼal ch utijik ?
noʼjim ukemik le pasa wumal .
kʼojun kukubʼiʼ tintin, waʼ le laj ku kmam kajeqitaj , kapaqi ka xulik pauwiʼ uqʼabʼ taq cheʼ , sibʼalaj sakʼaj , keʼuto lee nimaʼq , chʼutin , rachiʼl , aj sipanel sibʼalaj utz ranimaʼ .
ri upixabʼ leqʼatbʼal tzij kiyaʼ ubʼixik .
na xsach on ta chke xea tinik .
xeqil le chik op puwi le ja .
xloʼtaj ri akʼal .
qonojel kuj waʼ pauwiʼ ri mexa .
xsik irlew aqan .
la xat waʼ kʼut ?
nim ubʼaqʼ ri tulul .
kin xikʼ ikʼik xin qʼaxik .
la katbʼe pale tinamit ?
ripal sibʼalaj saqʼ or .
kqʼoxow nu jalom .
xinnaʼo chik at petik .
x loqʼulew iwech ix .
xinchakun rukʼ ri numam .
na xqabʼan taj .
kkʼojiʼ bʼaʼ riu sipanik riajaw xel jesus k risto rukʼ riaw uxlabʼal !
kinchʼaw rukʼ le nunan pale chʼawebʼal .
sibʼalaj qʼequʼm rumal ri mayul .
are le ba xulik .
xekos le ixoqibʼ pale bʼe .
kʼax rilik le akʼal chawe .
xinqʼiʼo xin at in pajoron .
sibʼalaj nim le tinamit .
kʼax ukemik le pasa wumal .
xin sachik .
tajin kelu kikʼel pa raqan ritzʼiʼ .
xin wetaʼmaj rilik wibʼ
ri qʼuqʼ are jun jeʼl chik op .
kʼo paja tijobʼal ri wi kaqʼ .
ri sachibʼal ma kraj waxik chi qaxoʼl .
jeʼ, kimbʼek .
jelaleʼ ri nupwiʼ .
xubʼij che :- jas xabʼano tintin ?
kabʼan jun toqʼobʼ kyak rinujal .
katʼek xinta .
jas le ukʼexbʼem ribʼ le jun rukʼ le jun chik ?
aj chi uwiʼ miqʼin jaʼ ri luʼ .
ri tijonel naj kpewi .
teʼ kixchobʼ ubʼiʼ rinutat .
ri jaʼ kamiqʼik chiuwach ri qʼaqʼ .
ri tʼuʼy kpa qʼowik .
kin me son na .
naqaj at kʼowi chiwech .
xin bʼisonik taq na xatpet taj .
we xkam ri winaq , ri pwaq rech tojbʼal makaj kyaʼ chikech ri ralaxik .
rinunan xbʼe pakʼaybʼal .
xoj ukʼam uloq rech koj rilo
x kʼoto chin chikiwach chi kin waʼ awukʼ .
na xkikamsaj taj xkikʼambʼi choja .
kʼakʼ ri ikʼ kamik .
ximbʼe rukʼ le aj kun iwir .
rilik .
le tzʼiʼ xekosik .
xin kikot awumal .
rii mul xumaj ria nim , xuya kan le kok .
kʼo oj cheri akʼal .
xuj bʼe pajun kʼulanem .
utz we k waral aq .
kaqilo china kojukʼam taj .
xretaʼmaj chi rukʼ pa kʼkutij wi .
sibʼalaj xinkʼaʼn arik .
xin kochij ri nu wa .
man katkowin taj kat chakunik , we man kʼota ri ajilabʼal .
we wonon xubʼij chike : -ki xinto .
riala nim kril wiri umam .
xkaʼy chirij , xkaʼy chuwach ,ma kʼota chi jun ksilobʼ ik ,xoqʼik xuxeʼj ribʼ xchʼopinik xtzalij loq xuriq tachik ri ubʼe .
kʼo pus cheri wa .
p inem na kabʼ elew atz , kimbʼe wi in pa kaʼyibʼal .
rinan toʼn nim winaq chik , saqu wiʼ, ronojel aqʼabʼ utz kunaʼo katʼuyiʼ pautem , kumiqʼisaj ribʼ cho ri qʼij , kʼojun uwiʼ umam ubʼiʼa teʼk .
man ekʼi taj riqu laʼ .
qʼalaj china kawaj taj kabʼij
x paqabʼisax rajil ronojel rikem .
kʼo pari jul ri kumatz .
ronojel qʼij kinchʼaj le nuw are .
saq chi kan le ichaj rech katzako .
chuxe le qachomal kaqatij wi jun qa meqʼin .
chawilaʼ .
ekʼo jobʼ umiʼ al , rinutat .
jas rukʼ xawil wi
jeʼ jas ri winaq rech ri uwachulew , xoqujeʼ kepena riʼ ri eʼareʼ che e rech ri uwachulew ; jeʼ jas ri winaq rech ri kaj , xoqujeʼ kepena riʼ ri eʼareʼ e rech ri kaj .
xintijo .
ktzʼuj uw ri rachoch ri poʼx .
xuqʼiʼo are le ukʼulel xyaʼow uwa .
ri awel xretaʼmaj chi rajawaxik man kuxej ta ribʼ cheri tukur .
jukʼulaj winaq xeʼanimaj bʼik .
jeʼ, xintzalij ik .
xoj petik xol qa kʼamaʼ .
maj jachin xʼek .
in aj tij ; at tijoxel .
saq uwiʼ ritataʼ .
wech ri kem .
le roʼch le ateʼk kʼo chwach le u kʼaylen unan .
kbʼe pari siriʼ ae pari silisiʼ a, jawi jeʼ kuya wiri kichuqʼabʼ ri komon tyox .
pixabʼ : man utztaj kʼax kuj chʼaw chikij nikʼaj qachil .
xkunataj le ali ( kumal ri ixoqibʼ ) .
ri xibʼi bʼal chi kʼowi pataq riqa kʼas lemal ronojel qʼij .
nak uj war ta waral .
on che kkʼojiʼ riutzil chixoʼl , arech junam ri qa kojonik , junam ri iwech ix rukʼ ri we chin .
pa oxqʼij ri saʼn kbʼe na rukʼ riaj kun .
kawinaq wuqubʼ .
jas kawaj kintijo ?
weta xatbʼe wukʼ pale tinamit , xa loqʼ ta laʼ le u jastaq le akʼajol .
kebʼe pa waʼim .
xin loqʼ kʼi wa .
pajun nim kʼa cheʼlaj , kʼojun kʼ waʼ sibʼalaj saq loloj , nim uwach .
kwaj katij jubʼaʼ wa .
ronojel winaq kril na riu kolonem ridyos ».
x kʼoto chin chikiwach chi kin waʼ awukʼ
kwaj na katʼetaj .
la xa loqʼ junalej ?
ekʼo rie loqʼomanel .
ri ukabʼ ubʼiʼ ri numam are yay .
kinjopij riijaʼ rech triko .
xnaʼtaj chke xea tinik .
xat eʼqilaʼ .
kakitij alan xax riwinaq .
... kinbʼij chi arewaʼ sin xiʼ an .
na xin na bʼej ta chutasik qa kʼolibʼal .
rumal rech chewe ri in, kinchʼaw rukʼ ri dyos pa chʼabʼal , kchʼaw na kʼuriʼ riw uxlabʼal rukʼ ri dyos , kʼate kʼut man kʼota upatan riʼ ch rech ri nu chomabʼal .
xepetik xkilo .
xuta we katʼek .
utz ukemik le pas chawe .
ri nu wakax xutij jun qʼoqʼ rumal riʼ xkamik .
rumal ri kʼix , man kewaʼtaj riwinaq .
xeʼulik .
qʼeqrij ri amaʼ chij .
xraj kaʼele unan .
junam kijunabʼ .
naqʼalaj taj we kaʼek .
ri wi xnam chʼaj chʼoj ri rachoch .
waral man kʼotaj aj awal .
na iwir ta xril le kʼamolbʼe .
xinpe loq te kʼuriʼ xintzukuj ronojel ri nu rajil .
riaj tikonel kutik ri tzij .
kʼoekikʼaj ol le achijabʼ .
kutij qʼayes riixpaʼ ch .
pari waʼbʼal ekʼo kawinaq achijabʼ .
sipoj inaq ri nupam .
kayaʼtajik rukʼ utiʼonem jun ri uriqom le yabʼila molot setsé xuqujeʼ are kayaʼtaj pataq ri juyubʼ .
jachin ria chi ?
ri numam xkamik aretaq kʼo jumuchʼ lajuj ujunabʼ .
kin kowinik kinkʼambʼi le pwaq .
kin wilo chi utz ria jiʼ .
xinqʼil ria poʼx che man kachakun taj .
kwaʼ chiuwach letaqʼaj ri amaʼ akʼ .
ri imul xepoqʼ ik pajun ikʼ .
xkʼis kanoq riqa chak .
are rialixoj ilow kanoq .
sibʼalaj chʼuʼj ria max .
kʼo nuwachiʼ .
in chajinel kech le akʼalabʼ .
xekos le tzʼiʼ .
kinbʼe na kukʼ ri molaj .
ronojel aqʼabʼ kinyi tzʼ riwakax .
karapinik xutzukuj chi jun awaj .
le ukemik le pasan inaq ( awumal ) .
maju rajil leqʼabʼ arel .
kʼax riʼ ri kachʼawik .
xojutaq chiʼj le achich uloqʼik ichaj .
sibʼalaj kʼax ri xkʼul maxik .
xkilo china ki nkʼoxomaj taj .
xnaʼtaj chke chixea tinik .
x kʼoto chin chikiwach chixoj al woʼqa kukʼ .
jun qʼuʼq rajil ri kaxlaʼn wa .
xin wilo chi xeʼel ik .
ekʼo ixoqibʼ pale kʼaybʼal .
man kʼotaj ukʼisik ri mayabʼ aj la bʼalil .
risin kkʼiy pata qʼaj .
ri chʼima man kkʼiy taj pataqʼ aj .
rajawaxik k jikik riwaqän .
kawaj kinʼek .
ekʼooxibʼ akʼ .
xubʼij chwe jawi at kʼowi .
chweʼq kuj bʼeʼ pa muquj .
pasaq kʼajaʼ kbʼan wiri u q.
xoj ki sikʼij .
xinwil wibʼ .
chaqʼ chik ri wa .
kimbʼe na ka palewoʼ ch .
kawaj kinʼek .
ri chʼuʼktij rukʼ lej .
pari kiqʼij kaminaqibʼ kbʼan qʼo ri kʼyaʼ rech aj : nabʼe rinan kutzukuj kan riaj , kujachʼoʼ xuquje kukʼe to .
jas kajbʼal chanim ?
utz uchomanik ri ali .
pari qʼij oxlajuj tijax kinkʼis kebʼ junabʼ kinchakun waral .
sibʼalaj ko , rikʼakʼ chʼat .
jas karaj kubʼij … ?
ri chʼichʼ kasil abʼ ik .
paojerqʼal pul xaq xuwi ri nim winaq kekʼamow bʼe .
le ukunaxik le ukabʼ u kʼutunik are rukʼ ef lor nitinao nu tunibʼaxik le nif urti mox chiʼ le f lor nitina chech t .b.g.
are ria chi xinchʼayow ik .
junachi u bʼi kuʼ xu sipaj kebʼ kʼaʼmulew rech kabʼan ri tijobʼal , kamik , kʼo chikaj tij rech ri komon xechpup .
xumal tyoxij che riaj tij ronojel le xukʼut chiuwach .
paribʼe xkiraq junalaj imul saqrij , xki kʼambʼik .
xril lebʼa le ala .
jas kubʼij chwe ?
le ukunatajem are rukʼ utzukuxik le u chik op il pajun usolik uxeʼle kikʼ on le jaʼ rech jun nodo .
utz we nutzʼiʼ .
jeʼ, tajin kachaponik .
kin uloqʼoj le nutat .
kawaj kimbʼe patinamit .
arelaʼ kinchakuj .
ri nimaʼq taq winaq kʼo ketaʼma bʼal .
weta xatbʼe wukʼ pale tinamit , xa loqʼ ta waʼ we jastaq .
ri kikʼas lemal . wa iximulew xa jun chima areta tinimit rima
ri ukʼya bʼal naj upam .
xat qaj chiupam ri il .
nojim katwaʼik .
we kʼojun ktuqaʼ ri k ,¿la man xoqujeʼ taj kin tuq aʼr riin ?
oj oj wokol ja .
awas kbʼan kʼax che jun nim winaq .
xinchʼaw apan rukʼ le wan abʼ .
kʼax ri upam ri juʼl .
tajin kewaʼ ri i mul .
lakaj la kuj tzalij la aninaq ?
rumal rech cheri makaj man kʼota ukowinem piwiʼ ri ix: ri ixman ix kʼota chi chuxeʼ ri pixabʼ , xane ix kʼo chuxeʼ ri sipanik .
nim raqan le cheʼ .
xinchapo .
are letuʼr le loqʼomanel .
xas katkʼojiʼ chiupam ri chʼichʼ .
sibʼalaj nim raqan ri kʼamalbʼe .
le tzʼibʼa bʼal wech in .
in xintoʼw la .
xa je kʼuriʼ ri ixkamik riʼ man ix kaxlan winaq tachik ; ri ix, ix rech ri ki tinimit rie tyoxlaj taq winaq , ix rech ri rachoch ridyos .
xintik oxlaj kʼal ichaj .
kaqariq qibʼ chweʼq .
sibʼalaj utz che ri wiʼ aj ri tuney .
we na ju pulik ta xeqaj ik ...
xintoʼtaj cheri nuchak .
kʼojun chik op ubʼiʼ pum .
poq on ri ik .
xoj bʼinik .
xu chʼek ronojel le reta man ik xpaqiʼk kʼax k wʼinik xubʼan aj kun .
kelubʼik pari judeʼa e ktzalij chiu bʼi jumul pari galileʼa .
xin axibʼij pabʼe .
jeʼl kʼolem chi awachoch .
ronojel ri yaʼtalil pawe qʼataj , tzʼaqat kiwach , man ktzaq ta kanoq xuqujeʼ man ktastaj .
xukunaj le yawabʼ le aj qʼij .
chi tat abʼej jas le kimbʼij .
chʼanal ria chi .
pa bʼokoʼ kachakun wiri tax .
uj kʼo pauwuq qʼij .
kiʼ ri ukabʼ ri aqaj .
kʼo rachalal pa tzʼoloj cheʼ ri peʼl .
xkilo chi kin kʼoxomaj .
ri ukisakʼ utz kyaʼik chiuxeʼ ri tikoʼn .
aretaq chiʼ kaqʼan puwiʼ ri jukubʼ , ri achiche xkʼojiʼ ri itzel uxlabʼal rukʼ , kuta ch rech ri areʼ ,a rech kkʼojiʼ rukʼ riareʼ .
na kabʼantaj ta wumal .
xnaʼtaj chke xea tinik .
xin paj rinutriko .
xeʼok ri pokʼ pa riu mexari poʼx .
ka juluw ri aqʼaʼl chiuxeʼ ri tʼuʼy .
awech le ja .
xuj bʼe pa tzurik .
nabʼe xa topanik .
ri ukabʼ ubʼiʼ ri numam are yay .
uwaj xaq ukakʼal taqanik (28) .
mata kʼojun kakanaj kanoq , qonojel kojbʼek .
e nimaʼq le altomabʼ .
nim uwach ri poʼt .
kojonik pari utzij wa iximulew .
jas xukʼambʼi le tzʼiʼ xawilo ?
xin petik , tat .
ri bʼelaj uwach .
chitata bʼej jas ri kimbʼij .
jeʼl kunaʼ ria bʼix chiupam ri ququlew .
kinbʼisoj uwach lewal .
xu tʼuy ubʼaʼ .
nim ri aw eqeleʼn xariqo .
xineʼ waʼ oq .
chiʼ kewar wi le akʼalabʼ .
ri numiʼ al xutaq loq jun taqoʼm wuj chiwe .
qʼeʼlik , richaj paribʼe .
la utz awach ? - utz mal tyox , e kʼuri at ? – utz mal tyox .
xin kos rumal nu chak .
kbʼe kukʼ rieʼ areʼ e ktzalij pari nas are te keʼunimaj .
ri joj xukʼambʼik ri akʼ .
kʼo chi wachiʼl chanim .
kubʼij chech naʼl kabʼan cheri a tzʼibʼ .
e ... in kawaj katzjoj bʼi la chwe .
mata xinyaj le ali .
jachin rukʼ katbʼe wi ?
kʼo sibʼalaj etaʼmabʼal pari mayabʼ noʼjibʼal .
e man xo ri jupuq kej .
kasumum ri kaq iqʼ .
ekʼo kajibʼ akʼalabʼ pale bʼe .
jeʼ jas riutat kkaʼyik .
xaq at molonel tzijtal .
le nutat ka loqʼon chwe .
xaq tane kimbʼe iwukʼ .
xretaʼmaj uchʼajik .
rumal laʼ xkoj “ xal qʼat ” che ubʼiʼ ri komon .
are le ukemik pas xretaʼmaj .
riwatiʼt kubʼan na ri upatan .
kʼakʼ le poʼt .
retaʼm uwach jachin xloqʼow ripas .
ken chʼabʼej le akʼalabʼ .
yaʼtal chaqe qonojel ri uj winaq utz kaqil qibʼ .
xkotiʼpa qʼayes xoqʼik .
kawinaq bʼe lejebʼ qʼataj .
ekʼo kajibʼ ral ri imul, jun saq , jun qʼan , jun qʼeq , jun qʼeqoj , sibʼalaj ketzʼanik , kechʼopin ik ri alaj taq i mul .
kcholol ri achachal .
kete kik ri ikʼ .
xepetik rech kewaʼ iwukʼ .
tz atz ri uqʼanil ri akʼ .
xoj tzalijik xi xeʼ qa qʼatuj kukʼ le ita tinan .
ri yoʼx taq akʼalabʼ kekikʼux ria tzʼyaq .
wea chiwe xu sipaj jun poʼt chwe xkamik .
kkowin ri kunanel che kunanik .
xjiqʼ pari polow .
xa rumal sibʼalaj rajawaxik le loqʼalaj jaʼ, le winaq xkibʼij : chewe ikʼ riʼ qonojel kuj bʼe che utikik taq cheʼ .
ri unane rie rachalal kepe uloq rukʼ riareʼ , kʼate kʼuriʼ , man kekowintaj keqibʼ ukoq rukʼ , rumal rech che ekʼo sibʼalaj winaq .
rumal rech , che man kʼota jun kkowin che ukojik jun ti kibʼalil chik chuwach ri kojom chik che are rijesus kristo .
te kʼuriʼ xutzʼibʼaj ribʼ pari nimalaj tijobʼal rech aj kuʼn .
ka juluw ri chʼumil chaqʼabʼ .
kʼisbʼal kanoq , xoqujeʼ kkam ri ixoq .
le ala xokik .
kʼo pwaq pauwiʼ ri mexa .
are kawaj na kin ʼe taj .
riyawal kukoj riali chiuxeʼ ri chakach are usuʼt .
na kaqakʼam tuʼ bʼi kamik .
riaj tij kubʼij chike : rajawaxik keqachajij ri awaj , are utikoʼn riajaw .
xintij mukun iwir .
kʼax le uwiʼ taqlen uqʼabʼ .
xin loqʼ jun ilbʼal wibʼ .
waʼ we qʼij , nim ubʼantajik .
ri uxeʼal ri qa tinamit man kasach taj .
xoj bʼinik .
ri achalal junam kiwach .
xin wetaʼmaj rilik wibʼ .
nim ri unaʼoj waj tij .
miqʼin ri kʼul .
aj qʼojom riateʼk .
che lesanik cheʼ kbʼan wiri qʼojom .
kape le awel pan awal jaʼ .
rimesonel tajin kchakunik .
utz chaqe kaqatoʼ qibʼ , taq kʼo kʼax kʼolil , katew echiʼ n riajaw paqa wiʼ .
xa wilo , xqʼatan le ibʼoy .
xat kowinik xabʼano .
kiʼ rikʼawex .
kajilil ribʼe .
le alixel bʼik .
areʼ xraj xinbʼano .
nim we abʼaj .
jeʼli kutiʼ jolal ri saq koʼr .
nojinaq ri kej .
we ka tijan xu xman ka tutoʼ ta chi uqʼatixik le kʼakʼ yabʼil coronavir us (2019 -nco v) .
na nim ta raqan waʼ we cheʼ .
utzalaj aj chak , riwel .
¿jampaʼ kuj bʼe panimaqʼij ?
rajawaxik tane laʼ katchakun wukʼ .
xutaq chiʼj pa waram pulew .
man areta ria xwan xelik .
riawix xu loqʼ rachoch re nimal .
are riixoq xin sikʼin uloq .
ri chʼima kʼatʼ on na .
la xibʼan le i chak ?
kʼi tinamit ekʼo pa chʼoʼj .
kʼo jupuq chij chiuxeʼ ri cheʼ .
ri uxaq ria bʼix are uwarikej .
kawinaq qʼataj .
la ki xpe pa tijobʼal ?
we kechajix taq le kʼ wa jacha kinbʼij ; junalik kʼo jaʼ xuqujeʼ sibʼalaj saq loloj .
xretaʼmaj .
ri alabʼom ri alitomabʼ tajin kikitijoj kibʼ rech su taq , are kakaj kikibʼan nima qachijabʼ chupam ri kikʼas lemal , xuquje kʼo chik jupuq bʼixonel chupam ri komon .
la tzʼ uwach ribʼe .
kʼakʼ ria chʼichʼ .
qonojel uj , uj mayabʼ taq winaq .
nojel qʼij ria tiʼ xkuyuqʼ uj le taq awaj jelaʼ panikʼaj jaʼ, chirij ri juyubʼ ubʼiʼ te naʼ .
paqʼom chik risiʼ.
kintzukun che la .
kakitij le kinaqʼ , le ichaj , le uwaʼlik rukʼ lej .
xekanaj kan le aj chakibʼ .
ketikon ri achijabʼ .
sibʼalaj itzel ubʼantajik ri chʼila kan .
riateʼk xumal tyoxij cheri ratiʼt , rumal riutzalaj noʼjibʼal xukʼut chech .
kkamulix uchak ria bʼix .
la xin utzukuj le tijoxel ?
areʼ kachakun ronojel qʼij .
le ekʼaʼna taq tzʼiʼ .
saqrij ri p lamux .
jas xa qʼiʼo xatijo .
jas rukʼ xkichapwi utijik le ri kil ?
wekatat in rukʼ kʼatan jaʼ man kuqʼatej ta le kʼakʼ yabʼil coronavir us .
la katbʼin pale uxlanbʼal ?
la waral kʼux ix waʼ wi ?
are le nutat kin loqʼonik .
tajin kchakun ri ala .
kʼo ri kiʼkotemal awukʼ .
xuta jachin kaʼek .
xatwaʼik xin wilo .
xtzaq ri rachoch rumal ri jabʼ .
pale junikʼ chik are nimaqʼij .
ekebʼäm kebʼin pauwiʼ ri tem .
mem ria chi .
riwikan chaliʼy kel pa juyubʼ chwi tziribʼal .
le rajil , la paja xelaqʼax wuʼ bʼik ?
pari suʼ t pisom wiri lej .
kojpetik kol qa kʼamaʼ .
tajin kat chʼopin chiuwach ritaqʼaj .
leqʼor xchʼuq ik .
kʼax waʼim awumal .
kinbʼison che lewal .
sibʼalaj kʼokʼ ria wa tzʼyaq .
kamik xuj bʼe che utikik taq cheʼ pari juyubʼ .
kin uloqʼoj le nutat .
chaqiʼj chik richaj .
xyil ix ha wayi .
na xnaʼtaj ta chkech ixea tinik .
rukʼ kʼuwaʼ we riʼ, riix kkʼojiʼ jun utzalaj i kʼas lemal riʼ chkiwach ri winaq che man ekʼo ta iwukʼ , kʼate kʼuriʼ man kʼota jun winaq riʼ rajawaxik chiwech .
e petinaq pabʼe le rachalaxik .
kakaj le akʼalabʼ kewaʼik .
xujchʼay bʼik .
ri nuchak are qʼaxel tzij .
kʼo na ruxlabʼ ri awaj .
tajin kelloq , ri qʼij .
xu qʼiʼo xkamsax ri rachalal choch .
ri numam are kʼo u qʼinomal .
xkʼul mataj jumul , xubʼan jun nimalaj jabʼ, man xbʼeyetaj ta na xukʼis le uyuqʼ chike .
amaʼ ri nu tzʼiʼ .
jewaʼ katpetik .
xinkosik rumal xin chakunik
iwech chi jujunal , ri wa .
xuqʼiʼo na xatatin taj .
inriq tajinaq pari kʼayibʼal .
na wetaʼmtaj .
kʼax le nuqʼabʼ .
utz le xubʼij lea chi .
kematzʼibʼ .
kʼo rachalal pa tzʼoloj cheʼ ri peʼl .
ronojel waʼ we jastaq riʼ, xas ksach wi uwach waʼ ; rukʼ we riʼ, riix, rajawaxik che kʼojun tyoxlaj i kʼas lemal e kkʼojiʼ ri i chʼawem rukʼ ridyos,
xmuq taj ri patzʼan .
ri chʼichʼ tzijom kanoq pari ukʼolbʼal .
man kʼota ucholaj pataq ri awuj .
ja chike ikʼ le unimaqʼij le tinamit na wal jaʼ ?
xepetik xol kikʼamaʼ .
kachuqʼ chu trijaʼ chi apam .
xinbʼij iwir chi xebʼe pa armita .
areʼ uxeʼ ojer tzij waral kʼi cheʼ ubʼiʼ .
xkʼis ri nu siʼ .
jawi xkibʼij wi chi keʼe wi ?
¡ xa je kʼuriʼ , jachin taq ri ekʼo pari judeʼa , chi chanim cheʼ animaj ubʼi pataq ri juyubʼ,
kʼakʼ ri abʼ .
la kʼojun na kakʼoxomaj taj ?
na utzta le utʼisom le al mariy .
man yaʼtal taj chi awe katok paja .
jeʼ, xat utzukuj .
are kel waj xaqibʼ uqʼij ri xkʼojik .
ri xun kur kkʼojiʼ pataq ri triko .
xin sachik .
xu tʼuy ubʼaʼ
na nutom ta le tzij …
wa chʼom ri kiwari noʼs .
ekʼo jobʼ chʼilw akʼ .
rajawixik chi pataq ri tijobʼal ,panikʼaj ubʼixik chik
ri rajaw rulew areʼ tat kel .
we kʼu xokik , we kʼna xok ta
wea chi xu sipaj jun p ʼot chwe .
atat utaqoʼn leqʼatal tzij .
naqʼan ta uwach le qa prut .
ri xaʼ r kʼo pauwiʼ ri qʼaqʼ kpoqʼowik .
ri roqʼej rialija chakpe jun akʼal .
kʼojun ala pa tijobʼal .
säq uwiʼ ritataʼ .
ri wi tz ikʼ tajin kpe loq .
jawi xsach on wi kan uyaʼik le pwaq che .
utz wea chiwe xin kunanik .
qonojel kuj waʼ pauwiʼ ri mexa .
ri kaxlaʼnik man poq on taj .
in xinbʼe rukʼ riwachiʼl .
sibʼalaj jeʼl xkilo xeki tzoqopij ri kichij chilaʼ .
kinbʼinik xin ʼek .
kʼax kʼolik ,kachaʼ .
kutij ixim riakʼ .
rialix che l , xu qʼiʼo xa jun akʼ xsipax che .
xqasikʼij le ixoq ch utzakik subʼ .
mata xa bʼinsaj le chʼichʼ .
ri pix tzʼaralik rumal ri eqaʼn .
¿jampaʼ kel chi 3%
kʼojun nu kʼotoj chiʼ aj .
tajin kewaʼkat ri alabʼom .
xin loqʼ le nukʼ akʼapoʼt .
na utzakik ta subʼ tajin kuʼ ano
xoju taq chiʼ ij xoj waʼ ik .
iwech ria bʼix .
saqrij richij .
aj sik cheri tinamit kel wi ritataʼ .
-¡ ay !xa xintzaq uloq , kʼax we waqan .
xkʼul mataj pajun komon chiʼ uwach jun juyubʼ , xu riqa jun qʼij xkiriq kibʼ junimul rukʼ le kok .
jas xa taq chiʼj le akʼal ch utijik ?
xinchapo sux uloqʼo .
qʼinom ria chi .
ri kʼum ktijow rukʼ kabʼ .
tajin keja chʼanik .
tzebʼal ukemik le pasa wumal .
are kayoʼw le uchik op ille ubʼantajik try pa nos omab ruce i .
we kat nimanik utz kelik .
pero noʼjimal petnaq loq , .
are le nu chak jun tzuqbʼal wibʼ .
xkunax le yawabʼ rumal le aj qʼij .
ri ukʼuʼx tzʼibʼ paqa tzij e lajuj .
sibʼalaj jeʼl ik ri eqabʼal xubʼan rilu ʼs .
sibʼalaj at kon .
e man xo ri jupuq kej .
na xnaʼtaj ta chke xea tinik .
ri kʼamalbʼe xubʼij chike , chi maja ria nim .
jumuchʼ ri nu junabʼ .
qʼip tajinaq ri raqan ri tem .
kchakun rukʼ rijosbʼal cheʼ riajanel .
xa taq chiʼj le akʼal ch utijik kar .
oj kʼo pale roʼch le awel .
¿la katpe qukʼ chweʼq ?
le winaq pale chʼichʼ e tʼuyul lo wi .
xkanaj kanoq chiuxeʼ rijabʼ ri chʼaʼn .
nim ri ja .
weta xa kunaj le atat mata xkam laʼ .
nan ukʼamom tuʼla riʼ.
chqa nukʼuʼ riqa tzij .
kimbʼe pale tinamit .
xinqʼiʼo na xina tintaj .
rajawaxik kakʼaman chawe le utijik le lej .
kʼisbʼal taq noʼjibʼal .
xineʼ waʼ oq .
xkibʼan kʼax che leuwosaq rumal man utzta chi kakayik .
ri qʼutuʼm man kech ta le akʼalabʼ .
are na nim ta lea tzʼiʼ chuwach le nu tzʼiʼ .
xepetik xol kilaʼ .
¿jaw chiʼ xataʼ che xkam ri umam ri poʼx ?
ekebʼ kekʼambʼik pa tuj .
xin loqʼ jun japa riwokaj ja .
ria xtuʼbʼ, kʼoqu laj chech .
jas karaj kaʼan ch utzakik le tiʼ ij .
xutij le wa .
ximbʼal re tzij .
xpax ribʼ oʼj .
we kawaj katin toʼo xaq xuwi kabʼij chiwe .
jas nukʼu kuchʼobʼo .
jas karaj kutijo ?
xe x ruxlabʼ ri ri kil .
enitzʼaʼq le taq i mul .
we tane in xin bʼanow ik , are le ateʼk xbʼanow ik .
kintzalij pale nu tinamit .
ri nu chaqʼ kʼo pauroʼ qʼatoj tijonik pari tijobʼal .
xin xiʼj wibʼ xinchʼaw ik .
kʼoch waroʼ ch le pare .
chi raqan kabʼin wiri tataʼ .
xsachon kan uyaʼik le pwaq chech oja .
xinqʼax chi kixoʼl riwinaq .
ke tikonik .
ri ulew man qechtaj , kech riqatiʼt qamam .
xepe le winaq xol kikʼamaʼ .
xuloqʼ riwuj rumal ri ali .
chewe qʼij kamik kʼojun nu tzijonem chirij le nu tinamit .
kej riʼ.
xkuna na laq chwe .
kin usikʼij le nunan .
rii mul xuchʼij taj , xkanaj pabʼe , rumal ri nimal kujal uj ri imul , xutzaq ria nim .
kubʼan ri uxoqʼoʼl riaj tzʼaq .
ri la sibʼalaj utz che kunabʼal .
kʼi kiwach ri eʼaj chakibʼ pari komon tyox , kʼate kʼut xa jun chi aj awxel ;
xqata chi xat ulik .
kawaj chi katʼek .
chʼutiʼn kekan aj ri xaj abʼ chech .
kaqa xiʼj qibʼ kaqachapo .
ekʼo kebʼ ukʼajol le tat xwan .
luʼ su bʼiʼ ri rech am .
aj chi uwiʼ miqʼin jaʼ ri luʼ .
xinya kan le nu chim pa kʼaybʼal .
kʼate xrilo ,xpe riunan che utzukuxik , xkikotik , xu sala bʼisaj ritaqux kin .
xkikʼut chiuwach riaj tij xuqujeʼ chikiwach ri taq nikʼaj kachil .
utz le nuqʼabʼ .
kul le al weʼl pa aus tin chaqʼabʼ kamik .
riateʼk xtzaqloq arechi kʼo pauwiʼ ri qʼaʼm .
aj patan riteʼk .
xat qaj chiupam ri il .
la kʼo tzij na kikʼoxomaj taj ?
xsachon chke chixea tinik .
ronojel le ulew echa laq .
la xebʼe kʼulaxeʼ ki ja qa kʼu le uchiʼ ja ?
xaq kat chʼok naj iwir .
kamik kʼo chi ri jastaq awe .
arechiʼ kakʼis ri junabʼ kʼo qʼinom .
pa na wal jaʼx inalexik .
na xintataj we are riakʼal ki xtzuquwik .
¡ rulew ri sabʼ ulo ne rulew ri nef tali, ubʼe ri polow , rulew ri jordan , galileʼa kech rijetaq amaqʼ !
rax , rax , rax , kʼokʼ , kʼokʼ , kʼokʼ le ruxlabʼ le taq tikoʼn .
achixat wilo .
paqal rajil le pix kamik .
xoj bʼinik .
pajun jeʼl tijobʼal kutijoj ribʼ junakʼal , ubʼiʼ poʼx , utz kurilo kepa tijobʼal ronojel taq qʼij .
xwaj chi xa tʼe taj .
utz laʼ le xubʼij le a chi .
wetaʼam jachin kapetik .
kin qʼojomanik .
xinqʼiʼo takʼal ik xin petik .
areʼ retaʼm che kinopanik .
aretabʼal eqa qajaw chat toʼw ik .
kawinaq waqibʼ qʼataj .
naqaj chik cheri uwaq kajbʼal aretaq chiʼ ksach uwach ri qʼij , kok ri qʼequʼm chuwach ulew , chi kʼateʼna ri bʼe lejebʼ kajbʼal .
jobʼ raqan ri tzʼalam xeporoxik .
sibʼalaj korij ri mop .
arewaʼ .
jelaʼ pari timinit chwikab yok rech xelajuʼ, le qanan qatat kakitiko jeʼlalaj taq uwach ichaj .
kʼax nu q ul .
xuʼlu kʼamaʼ .
kojul kitzukuj .
are man kʼax ta ukunaxik aretaq aninaq kaʼilitaj we yabʼilal xuqujeʼ mojoʼ qa kuyaʼ le kʼax kʼolil chech le jolom aj .
ri wel kʼo pa tijonik .
kawaj kinbʼij .
ri kotzʼiʼj kqakoj chiupam ri ja .
qʼeqqʼoj rij ri amaʼ kej .
na xwajtaj xinchʼaw ik .
chpeta bʼal e loqʼalaj jabʼ .
xsachon chke xat ki sikʼij .
eleqʼal chʼichʼ .
jachin xa wilo chi are xtijow ri tiʼj ?
mata kabʼe le nuxbʼal pale tinamit .
pim ru q, riali .
¿ kʼo ri muqʼe chi awech ?
kqabʼij man kekowintaj .
kin tijna .
kʼojun qa tʼuʼy paja !
kʼo puj chiupam ri chʼaʼk .
aretaq kin kosik kin warik .
xat waʼ ik xin wilo
in xinchʼayow le a chi .
konojel rialaxik keʼ etzʼanik .
jas rukʼ xkitij wi le kirikil ?
aninaqil katpetik .
na raxta uwach le juyubʼ .
ri tzʼalam tzʼibʼa bʼal rax kkayik .
we chat chakunik ,kʼo awa .
maʼtam xat pe cheri waʼim .
kamul kin waʼ na .
ri sikil ktijow rukʼ ik .
kimbʼe aqʼan rukʼ le al talin .
xojʼek xeʼqil alar qas ok .
xekiqʼil le aj chakibʼ xkiwok le ja .
matane xwaj le kʼuh j nem rukʼ le ateʼk .
are xeʼopan chi uchiʼ ri juyubʼ , xkilo chiman qasta kʼo qʼayes .
kʼate kʼut , rijesus man kkojon ta chkech rieʼ areʼ, rumal rech che konojel retaʼm kiwach ,
paʼ tzrij ritzʼiʼ .
juwinaq waqibʼ qʼataj .
at elaqʼom .
xaq at joʼs .
ri qʼatzu , are qʼalaj ri uqʼijil .
aj chak we ala .
ubʼe le ju kakʼal taqanik (29) .
kebʼ nu bʼiʼ kʼolik .
la katzalij luʼ la aninaq ?
katzukun la chwe .
la kaj lakoj bʼeʼ pale chomal chweʼq ?
xin nabʼej chutasik qa kʼolibʼal .
lal xintoʼwik .
sibʼalaj a noʼjibʼal .
xoj petik xol qa kʼamaʼ .
sibʼalaj jeʼl ik ri uwaʼl ri ichaj .
kʼax wij rumal in pachal ik .
aretaq xukʼul maj waʼ xul ri uchomanik xubʼij : are utz wa aqʼabʼ kin walijik , arechaʼ chanim kinopan pa tijobʼal , maj chi kinkʼul maj .
oj aj xo jolobʼ pa awasqʼij .
xin sach che le uwokik le tzij .
e julajuj riakʼ .
xuta jampaʼ kojʼek .
qilik .
ri tijoxel man areta nim chuwach ri raj tij . ri utz tijoxel qas jeriʼ kʼolik jas riraj tij .
in xat inchʼayo .
noʼjim chak wumal .
chʼ ur rijochʼ .
in kinbʼij na kat sachtaj .
uj mayabʼ .
ri abʼaj yatzalik .
tajin ke pixbʼax ri akʼalabʼ .
chomria q.
xin warik .
elemen konojel ri akʼalabʼ .
tajin kqʼan arik ri wereʼ aj .
le u kemik le pas utz ( chawe ).
xuyu pubʼa uwach raʼ chi , kachaʼ, .
risatanas kok pari judas ri kbʼixis kariʼo tech rech , riareʼ jun ch kixoʼl rie kabʼ lajuj .
chu chu ripar .
kinqumuj ri nu jochʼ .
chech pu nción lu mb ar amaqʼel rajawaxik chech rilik le ukʼex bʼem wi le nabʼe rukʼ le ukabʼ u kʼutunem le yabʼilal .
qʼalaj china kawaj taj kabʼij .
kʼo qʼol chirij ri siʼ .
jawix ojʼewi ch uloqʼik ?
kʼo ulo chʼ ritalin .
qʼan rij ria tiʼt nukej .
la xtzalij la iwir ?
xesikʼixik , kʼate kʼuriʼ xe yaj ik , xuqujeʼ xetaqbʼi che usikʼik lemes .
la kix warik ?
are kʼulepa lomax xubʼij che :- mam kat bʼisontaj , kinsikʼij nikʼaj wachiʼl kerapa pik .
aʼre e tijoxelabʼ .
rialaj ali siʼl xubʼij xqachap pautzal ri tyox .
xsachon chke jachin xea tinik .
jas xurayij le anan xutijo ?
xin kosik .
rax ronojel ri qʼayes rumal lejabʼ .
kinya waʼ we chʼichʼ pinem na utz .
noʼjim upachʼuxik le nuwiʼ .
naj kʼowi lewoʼ ch chuwach le tijobʼal .
ri okibʼal kʼo chiuwach ri saq ja .
xenutaq chʼij kekil le akʼalabʼ .
kʼojun qʼoxowem chiwe .
tzari choʼm .
we chojbʼe pale nimaqʼij , keqil le aj xo jolobʼ .
xojʼek xeʼqil alar qas ok .
riateʼk xutaʼ chech rinan toʼn :- nan jas cheʼ chiman kajta la qakʼatisaj ri joʼq .
ripal sibʼalaj xuʼy .
kinkoj ri jokbʼal ulew .
in kinbʼij na kat sachtaj
at raj kun le nunan .
kuqa muju joron riaj tzij .
luʼ tzʼalam ubʼiʼ ri achikel pa nim cheʼ .
jeʼli kutiʼ jolal ri saq koʼr .
kʼojun xaʼ r paja .
xin loqʼ jun kʼakʼ patan .
kʼax ukemik le pasa wumal .
aninaq ukemik le pasa wumal
ri chʼaʼn sachinaq pataqabʼ ix .
rax taqle kotzʼiʼj .
me som kanoq ri upam ja .
man aretar ala xkosik .
ri komon xechpup rech uqʼabʼ tinamit xoʼl abʼ aj rech qʼu mar kaj .
la utzakik kʼu subʼ tajin kuʼ ano ?
kate la !
na xutij taj .
xa rumal ketaʼm konojel riwinaq kkiqum uj le jaʼ .
iwir xuj tzalij la pa kʼaybʼal .
qetaʼm cheri qa wa kuj utoʼo .
riaj tij , kyaj on chikech ri akʼalabʼ .
jas ubʼanom le nu chʼutitat ?
chweʼq kinbʼe pa nim tinamit .
utz we kiwetaʼmaj jas kubʼij ri cholbʼal qʼij .
tajin kat jilow che uqʼoxom jolom aj .
xinti kqʼax chiuwach ri ja .
kʼax le kibʼe le winaq .
loqʼ katkun taj che le yabʼil (covid -19).
ri nuxibʼal kel paqajbʼal qʼij .
xril ria xwan chix waʼ ri ala .
le ali xkunataj ik .
weta kape lejabʼ kamik .
xin wetaʼmaj china xat petaj .
ri pwaq rech we qʼataj riʼ kesax chech ri tojbʼal kʼayinem .
ktij ri uwaʼlik rumal ri kinimaqʼij .
xuchapuk unaxik .
chatan loq ali .
xin xu liʼ qajoq .
jeʼl ik ktijow ritaqik ox .
kʼate kʼuri le tat xoʼr xubʼij , man kawaj taj , man kawaj taj .
kʼojun tzʼiʼ pabʼe .
kamul xinp echea tzukuxik .
man tajin takin chakunik .
kin chakunik rech katwaʼik .
jas rukʼ xawil wi chi xkiqupij wi le tiʼj .
jas ubʼixik … ?
koqʼ riakʼal .
kawaj na katʼetaj .
xat qʼaj ik .
wem na cha loqʼaxiyal , na kimbʼe ta awukʼ .
xopan le wuj awukʼ rumal we chin .
are kʼut pale juyubʼ kkʼiy joron , chilaʼ xe kikʼamawi rijaʼ riwinaq .
koqʼ riakʼal .
we kʼo a rajil cha kʼamaloq .
are sibʼalaj kaq le ap oʼt chuwach le nupoʼt .
xinkʼastaj pakabʼ lajuj kajbʼal .
kaq oyʼej na kixpetaj .
kok axim richij xa jelaʼ man kanimaj ta bʼik .
ri koknojim xbʼe k, xuchʼijo xopan pa ukʼisbʼal il lea nim .
xoj kiʼkotik aretaq xat ulik .
kaqitzʼ naj ri uxaj abʼ riakʼal .
rijesus kwaʼkat pari nim rachoch ri dyos , chuxeʼ ri jun ja che rachoch ri salom on .
wetaqanik riʼ kubʼij chi rajawaxik kyaʼ uqʼij ri winaq xuqujeʼ ktoʼ aninaqil .
ria xu xare na riu kunel ri kinaqʼ .
aretaq waʼ ri uqʼijol wetaqanik .
kʼojun tabʼal pauwiʼ ri xka nul ubʼiʼ lajuj noʼj .
yuʼl ubʼanom ri ukolobʼ ri kej .
xanimaj ri akʼal chiuwach riuchuch .
kkunan ria chi .
kin waʼik rech na kinyowaj taj .
aj xik chʼichʼ rilu ʼs .
kwaj che ixki xbʼanow ik .
aʼre xetoʼw ala q.
xojʼek xeʼqil alar qas ok .
xin loqʼ jun chʼichʼ , qajinaq uwach .
kutʼis ripan talon .
eja ni pale awalkʼwal e kʼolik ?
utz ukemik le pas chawe .
rimax are aj qʼaniyaʼ .
mata bʼa chiriq kʼax pale bʼe .
tajin kanimaj , ri meʼs .
ixi xeʼ la qʼomabʼ !
xsachan chwe .
ekʼokʼi cheʼ , chiuwach ri juyubʼ .
arewaʼ ri nimalaj pixabʼ earewaʼ ri nabʼe .
xretaʼmaj chi rukʼ pa kʼku tij wi
jas utzakik le subʼ xuʼ ano ?
aj xoʼyri wi kan .
we tane aʼre xetijow le ri kil , are le komon xetijowik .
sibʼalaj aninaq kachʼaw le areʼ chi nuwachin .
utz we kinchakuj .
meʼs laʼ .
kʼo kan wa rech kaqatijo .
xinsikʼij la .
ri akʼal xsach kanoq jelaʼ pataq ʼaj .
xesikʼij la .
jawi xkibʼij wi chi keʼe wi ?
rumal che ,man ixta riʼ ri ki xchʼawik , are ri ruxlabʼ axel riitat riʼ ri kchʼaw na iwukʼ ri ix .
kʼakʼ ri wachoch .
sibʼalaj utz kin wil lea tzʼyaq rech na hu ala .
saq por kkay ri kipoʼt rinan .
xsachon ri nuchak chwe .
waʼim xuchapo .
ri qʼaqʼ tajin ka juluwik .
najil upam ri siwan .
ekʼo ri qachalal pa chiuwiʼ la .
jas xa taq chiʼj le akʼal ch utijik ?
noʼjim ukemik le pasa wumal .
kʼojun kukubʼiʼ tintin, waʼ le laj ku kmam kajeqitaj , kapaqi ka xulik pauwiʼ uqʼabʼ taq cheʼ , sibʼalaj sakʼaj , keʼuto lee nimaʼq , chʼutin , rachiʼl , aj sipanel sibʼalaj utz ranimaʼ .
ri upixabʼ leqʼatbʼal tzij kiyaʼ ubʼixik .
na xsach on ta chke xea tinik .
xeqil le chik op puwi le ja .
xloʼtaj ri akʼal .
qonojel kuj waʼ pauwiʼ ri mexa .
xsik irlew aqan .
la xat waʼ kʼut ?
nim ubʼaqʼ ri tulul .
kin xikʼ ikʼik xin qʼaxik .
la katbʼe pale tinamit ?
ripal sibʼalaj saqʼ or .
kqʼoxow nu jalom .
xinnaʼo chik at petik .
x loqʼulew iwech ix .
xinchakun rukʼ ri numam .
na xqabʼan taj .
kkʼojiʼ bʼaʼ riu sipanik riajaw xel jesus k risto rukʼ riaw uxlabʼal !
kinchʼaw rukʼ le nunan pale chʼawebʼal .
sibʼalaj qʼequʼm rumal ri mayul .
are le ba xulik .
xekos le ixoqibʼ pale bʼe .
kʼax rilik le akʼal chawe .
xinqʼiʼo xin at in pajoron .
sibʼalaj nim le tinamit .
kʼax ukemik le pasa wumal .
xin sachik .
tajin kelu kikʼel pa raqan ritzʼiʼ .
xin wetaʼmaj rilik wibʼ
ri qʼuqʼ are jun jeʼl chik op .
kʼo paja tijobʼal ri wi kaqʼ .
ri sachibʼal ma kraj waxik chi qaxoʼl .
jeʼ, kimbʼek .
jelaleʼ ri nupwiʼ .
xubʼij che :- jas xabʼano tintin ?
kabʼan jun toqʼobʼ kyak rinujal .
katʼek xinta .
jas le ukʼexbʼem ribʼ le jun rukʼ le jun chik ?
aj chi uwiʼ miqʼin jaʼ ri luʼ .
ri tijonel naj kpewi .
teʼ kixchobʼ ubʼiʼ rinutat .
ri jaʼ kamiqʼik chiuwach ri qʼaqʼ .
ri tʼuʼy kpa qʼowik .
kin me son na .
naqaj at kʼowi chiwech .
xin bʼisonik taq na xatpet taj .
we xkam ri winaq , ri pwaq rech tojbʼal makaj kyaʼ chikech ri ralaxik .
rinunan xbʼe pakʼaybʼal .
xoj ukʼam uloq rech koj rilo
x kʼoto chin chikiwach chi kin waʼ awukʼ .
na xkikamsaj taj xkikʼambʼi choja .
kʼakʼ ri ikʼ kamik .
ximbʼe rukʼ le aj kun iwir .
rilik .
le tzʼiʼ xekosik .
xin kikot awumal .
rii mul xumaj ria nim , xuya kan le kok .
kʼo oj cheri akʼal .
xuj bʼe pajun kʼulanem .
utz we k waral aq .
kaqilo china kojukʼam taj .
xretaʼmaj chi rukʼ pa kʼkutij wi .
sibʼalaj xinkʼaʼn arik .
xin kochij ri nu wa .
man katkowin taj kat chakunik , we man kʼota ri ajilabʼal .
we wonon xubʼij chike : -ki xinto .
riala nim kril wiri umam .
xkaʼy chirij , xkaʼy chuwach ,ma kʼota chi jun ksilobʼ ik ,xoqʼik xuxeʼj ribʼ xchʼopinik xtzalij loq xuriq tachik ri ubʼe .
kʼo pus cheri wa .
p inem na kabʼ elew atz , kimbʼe wi in pa kaʼyibʼal .
rinan toʼn nim winaq chik , saqu wiʼ, ronojel aqʼabʼ utz kunaʼo katʼuyiʼ pautem , kumiqʼisaj ribʼ cho ri qʼij , kʼojun uwiʼ umam ubʼiʼa teʼk .
man ekʼi taj riqu laʼ .
qʼalaj china kawaj taj kabʼij
x paqabʼisax rajil ronojel rikem .
kʼo pari jul ri kumatz .
ronojel qʼij kinchʼaj le nuw are .
saq chi kan le ichaj rech katzako .
chuxe le qachomal kaqatij wi jun qa meqʼin .
chawilaʼ .
ekʼo jobʼ umiʼ al , rinutat .
jas rukʼ xawil wi
jeʼ jas ri winaq rech ri uwachulew , xoqujeʼ kepena riʼ ri eʼareʼ che e rech ri uwachulew ; jeʼ jas ri winaq rech ri kaj , xoqujeʼ kepena riʼ ri eʼareʼ e rech ri kaj .
xintijo .
ktzʼuj uw ri rachoch ri poʼx .
xuqʼiʼo are le ukʼulel xyaʼow uwa .
ri awel xretaʼmaj chi rajawaxik man kuxej ta ribʼ cheri tukur .
jukʼulaj winaq xeʼanimaj bʼik .
jeʼ, xintzalij ik .
xoj petik xol qa kʼamaʼ .
maj jachin xʼek .
in aj tij ; at tijoxel .
saq uwiʼ ritataʼ .
wech ri kem .
le roʼch le ateʼk kʼo chwach le u kʼaylen unan .
kbʼe pari siriʼ ae pari silisiʼ a, jawi jeʼ kuya wiri kichuqʼabʼ ri komon tyox .
pixabʼ : man utztaj kʼax kuj chʼaw chikij nikʼaj qachil .
xkunataj le ali ( kumal ri ixoqibʼ ) .
ri xibʼi bʼal chi kʼowi pataq riqa kʼas lemal ronojel qʼij .
nak uj war ta waral .
on che kkʼojiʼ riutzil chixoʼl , arech junam ri qa kojonik , junam ri iwech ix rukʼ ri we chin .
pa oxqʼij ri saʼn kbʼe na rukʼ riaj kun .
kawinaq wuqubʼ .
jas kawaj kintijo ?
weta xatbʼe wukʼ pale tinamit , xa loqʼ ta laʼ le u jastaq le akʼajol .
kebʼe pa waʼim .
xin loqʼ kʼi wa .
pajun nim kʼa cheʼlaj , kʼojun kʼ waʼ sibʼalaj saq loloj , nim uwach .
kwaj katij jubʼaʼ wa .
ronojel winaq kril na riu kolonem ridyos ».
x kʼoto chin chikiwach chi kin waʼ awukʼ
kwaj na katʼetaj .
la xa loqʼ junalej ?
ekʼo rie loqʼomanel .
ri ukabʼ ubʼiʼ ri numam are yay .
kinjopij riijaʼ rech triko .
xnaʼtaj chke xea tinik .
xat eʼqilaʼ .
kakitij alan xax riwinaq .
... kinbʼij chi arewaʼ sin xiʼ an .
na xin na bʼej ta chutasik qa kʼolibʼal .
rumal rech chewe ri in, kinchʼaw rukʼ ri dyos pa chʼabʼal , kchʼaw na kʼuriʼ riw uxlabʼal rukʼ ri dyos , kʼate kʼut man kʼota upatan riʼ ch rech ri nu chomabʼal .
xepetik xkilo .
xuta we katʼek .
utz ukemik le pas chawe .
ri nu wakax xutij jun qʼoqʼ rumal riʼ xkamik .
rumal ri kʼix , man kewaʼtaj riwinaq .
xeʼulik .
qʼeqrij ri amaʼ chij .
xraj kaʼele unan .
junam kijunabʼ .
naqʼalaj taj we kaʼek .
ri wi xnam chʼaj chʼoj ri rachoch .
waral man kʼotaj aj awal .
na iwir ta xril le kʼamolbʼe .
xinpe loq te kʼuriʼ xintzukuj ronojel ri nu rajil .
riaj tikonel kutik ri tzij .
kʼoekikʼaj ol le achijabʼ .
kutij qʼayes riixpaʼ ch .
pari waʼbʼal ekʼo kawinaq achijabʼ .
sipoj inaq ri nupam .
kayaʼtajik rukʼ utiʼonem jun ri uriqom le yabʼila molot setsé xuqujeʼ are kayaʼtaj pataq ri juyubʼ .
jachin ria chi ?
ri numam xkamik aretaq kʼo jumuchʼ lajuj ujunabʼ .
kin kowinik kinkʼambʼi le pwaq .
kin wilo chi utz ria jiʼ .
xinqʼil ria poʼx che man kachakun taj .
kwaʼ chiuwach letaqʼaj ri amaʼ akʼ .
ri imul xepoqʼ ik pajun ikʼ .
xkʼis kanoq riqa chak .
are rialixoj ilow kanoq .
sibʼalaj chʼuʼj ria max .
kʼo nuwachiʼ .
in chajinel kech le akʼalabʼ .
xekos le tzʼiʼ .
kinbʼe na kukʼ ri molaj .
ronojel aqʼabʼ kinyi tzʼ riwakax .
karapinik xutzukuj chi jun awaj .
le ukemik le pasan inaq ( awumal ) .
maju rajil leqʼabʼ arel .
kʼax riʼ ri kachʼawik .
xojutaq chiʼj le achich uloqʼik ichaj .
sibʼalaj kʼax ri xkʼul maxik .
xkilo china ki nkʼoxomaj taj .
xnaʼtaj chke chixea tinik .
x kʼoto chin chikiwach chixoj al woʼqa kukʼ .
jun qʼuʼq rajil ri kaxlaʼn wa .
xin wilo chi xeʼel ik .
ekʼo ixoqibʼ pale kʼaybʼal .
man kʼotaj ukʼisik ri mayabʼ aj la bʼalil .
risin kkʼiy pata qʼaj .
ri chʼima man kkʼiy taj pataqʼ aj .
rajawaxik k jikik riwaqän .
kawaj kinʼek .
ekʼooxibʼ akʼ .
xubʼij chwe jawi at kʼowi .
chweʼq kuj bʼeʼ pa muquj .
pasaq kʼajaʼ kbʼan wiri u q.
xoj ki sikʼij .
xinwil wibʼ .
chaqʼ chik ri wa .
kimbʼe na ka palewoʼ ch .
kawaj kinʼek .
ri chʼuʼktij rukʼ lej .
pari kiqʼij kaminaqibʼ kbʼan qʼo ri kʼyaʼ rech aj : nabʼe rinan kutzukuj kan riaj , kujachʼoʼ xuquje kukʼe to .
jas kajbʼal chanim ?
utz uchomanik ri ali .
pari qʼij oxlajuj tijax kinkʼis kebʼ junabʼ kinchakun waral .
sibʼalaj ko , rikʼakʼ chʼat .
jas karaj kubʼij … ?
ri chʼichʼ kasil abʼ ik .
paojerqʼal pul xaq xuwi ri nim winaq kekʼamow bʼe .
le ukunaxik le ukabʼ u kʼutunik are rukʼ ef lor nitinao nu tunibʼaxik le nif urti mox chiʼ le f lor nitina chech t .b.g.
are ria chi xinchʼayow ik .
junachi u bʼi kuʼ xu sipaj kebʼ kʼaʼmulew rech kabʼan ri tijobʼal , kamik , kʼo chikaj tij rech ri komon xechpup .
xumal tyoxij che riaj tij ronojel le xukʼut chiuwach .
paribʼe xkiraq junalaj imul saqrij , xki kʼambʼik .
xril lebʼa le ala .
jas kubʼij chwe ?
le ukunatajem are rukʼ utzukuxik le u chik op il pajun usolik uxeʼle kikʼ on le jaʼ rech jun nodo .
utz we nutzʼiʼ .
jeʼ, tajin kachaponik .
kin uloqʼoj le nutat .
kawaj kimbʼe patinamit .
arelaʼ kinchakuj .
ri nimaʼq taq winaq kʼo ketaʼma bʼal .
weta xatbʼe wukʼ pale tinamit , xa loqʼ ta waʼ we jastaq .
ri kikʼas lemal . wa iximulew xa jun chima areta tinimit rima
ri ukʼya bʼal naj upam .
xat qaj chiupam ri il .
nojim katwaʼik .
we kʼojun ktuqaʼ ri k ,¿la man xoqujeʼ taj kin tuq aʼr riin ?
oj oj wokol ja .
awas kbʼan kʼax che jun nim winaq .
xinchʼaw apan rukʼ le wan abʼ .
kʼax ri upam ri juʼl .
tajin kewaʼ ri i mul .
lakaj la kuj tzalij la aninaq ?
rumal rech cheri makaj man kʼota ukowinem piwiʼ ri ix: ri ixman ix kʼota chi chuxeʼ ri pixabʼ , xane ix kʼo chuxeʼ ri sipanik .
nim raqan le cheʼ .
xinchapo .
are letuʼr le loqʼomanel .
xas katkʼojiʼ chiupam ri chʼichʼ .
sibʼalaj nim raqan ri kʼamalbʼe .
le tzʼibʼa bʼal wech in .
in xintoʼw la .
xa je kʼuriʼ ri ixkamik riʼ man ix kaxlan winaq tachik ; ri ix, ix rech ri ki tinimit rie tyoxlaj taq winaq , ix rech ri rachoch ridyos .
xintik oxlaj kʼal ichaj .
kaqariq qibʼ chweʼq .
sibʼalaj utz che ri wiʼ aj ri tuney .
we na ju pulik ta xeqaj ik ...
xintoʼtaj cheri nuchak .
kʼojun chik op ubʼiʼ pum .
poq on ri ik .
xoj bʼinik .
xu chʼek ronojel le reta man ik xpaqiʼk kʼax k wʼinik xubʼan aj kun .
kelubʼik pari judeʼa e ktzalij chiu bʼi jumul pari galileʼa .
xin axibʼij pabʼe .
jeʼl kʼolem chi awachoch .
ronojel ri yaʼtalil pawe qʼataj , tzʼaqat kiwach , man ktzaq ta kanoq xuqujeʼ man ktastaj .
xukunaj le yawabʼ le aj qʼij .
chi tat abʼej jas le kimbʼij .
chʼanal ria chi .
pa bʼokoʼ kachakun wiri tax .
uj kʼo pauwuq qʼij .
kiʼ ri ukabʼ ri aqaj .
kʼo rachalal pa tzʼoloj cheʼ ri peʼl .
xkilo chi kin kʼoxomaj .
ri ukisakʼ utz kyaʼik chiuxeʼ ri tikoʼn .
aretaq chiʼ kaqʼan puwiʼ ri jukubʼ , ri achiche xkʼojiʼ ri itzel uxlabʼal rukʼ , kuta ch rech ri areʼ ,a rech kkʼojiʼ rukʼ riareʼ .
na kabʼantaj ta wumal .
xnaʼtaj chke xea tinik .
xin paj rinutriko .
xeʼok ri pokʼ pa riu mexari poʼx .
ka juluw ri aqʼaʼl chiuxeʼ ri tʼuʼy .
awech le ja .
xuj bʼe pa tzurik .
nabʼe xa topanik .
ri ukabʼ ubʼiʼ ri numam are yay .
uwaj xaq ukakʼal taqanik (28) .
mata kʼojun kakanaj kanoq , qonojel kojbʼek .
e nimaʼq le altomabʼ .
nim uwach ri poʼt .
kojonik pari utzij wa iximulew .
jas xukʼambʼi le tzʼiʼ xawilo ?
xin petik , tat .
ri bʼelaj uwach .
chitata bʼej jas ri kimbʼij .
jeʼl kunaʼ ria bʼix chiupam ri ququlew .
kinbʼisoj uwach lewal .
xu tʼuy ubʼaʼ .
nim ri aw eqeleʼn xariqo .
xineʼ waʼ oq .
chiʼ kewar wi le akʼalabʼ .
ri numiʼ al xutaq loq jun taqoʼm wuj chiwe .
qʼeʼlik , richaj paribʼe .
la utz awach ? - utz mal tyox , e kʼuri at ? – utz mal tyox .
xin kos rumal nu chak .
kbʼe kukʼ rieʼ areʼ e ktzalij pari nas are te keʼunimaj .
ri joj xukʼambʼik ri akʼ .
kʼo chi wachiʼl chanim .
kubʼij chech naʼl kabʼan cheri a tzʼibʼ .
e ... in kawaj katzjoj bʼi la chwe .
mata xinyaj le ali .
jachin rukʼ katbʼe wi ?
kʼo sibʼalaj etaʼmabʼal pari mayabʼ noʼjibʼal .
e man xo ri jupuq kej .
kasumum ri kaq iqʼ .
ekʼo kajibʼ akʼalabʼ pale bʼe .
jeʼ jas riutat kkaʼyik .
xaq at molonel tzijtal .
le nutat ka loqʼon chwe .
xaq tane kimbʼe iwukʼ .
xretaʼmaj uchʼajik .
rumal laʼ xkoj “ xal qʼat ” che ubʼiʼ ri komon .
are le ukemik pas xretaʼmaj .
riwatiʼt kubʼan na ri upatan .
kʼakʼ le poʼt .
retaʼm uwach jachin xloqʼow ripas .
ken chʼabʼej le akʼalabʼ .
yaʼtal chaqe qonojel ri uj winaq utz kaqil qibʼ .
xkotiʼpa qʼayes xoqʼik .
kawinaq bʼe lejebʼ qʼataj .
ekʼo kajibʼ ral ri imul, jun saq , jun qʼan , jun qʼeq , jun qʼeqoj , sibʼalaj ketzʼanik , kechʼopin ik ri alaj taq i mul .
kcholol ri achachal .
kete kik ri ikʼ .
xepetik rech kewaʼ iwukʼ .
tz atz ri uqʼanil ri akʼ .
xoj tzalijik xi xeʼ qa qʼatuj kukʼ le ita tinan .
ri yoʼx taq akʼalabʼ kekikʼux ria tzʼyaq .
wea chiwe xu sipaj jun poʼt chwe xkamik .
kkowin ri kunanel che kunanik .
xjiqʼ pari polow .
xa rumal sibʼalaj rajawaxik le loqʼalaj jaʼ, le winaq xkibʼij : chewe ikʼ riʼ qonojel kuj bʼe che utikik taq cheʼ .
ri unane rie rachalal kepe uloq rukʼ riareʼ , kʼate kʼuriʼ , man kekowintaj keqibʼ ukoq rukʼ , rumal rech che ekʼo sibʼalaj winaq .
rumal rech , che man kʼota jun kkowin che ukojik jun ti kibʼalil chik chuwach ri kojom chik che are rijesus kristo .
te kʼuriʼ xutzʼibʼaj ribʼ pari nimalaj tijobʼal rech aj kuʼn .
ka juluw ri chʼumil chaqʼabʼ .
kʼisbʼal kanoq , xoqujeʼ kkam ri ixoq .
le ala xokik .
kʼo pwaq pauwiʼ ri mexa .
are kawaj na kin ʼe taj .
riyawal kukoj riali chiuxeʼ ri chakach are usuʼt .
na kaqakʼam tuʼ bʼi kamik .
riaj tij kubʼij chike : rajawaxik keqachajij ri awaj , are utikoʼn riajaw .
xintij mukun iwir .
kʼax le uwiʼ taqlen uqʼabʼ .
xin loqʼ jun ilbʼal wibʼ .
waʼ we qʼij , nim ubʼantajik .
ri uxeʼal ri qa tinamit man kasach taj .
xoj bʼinik .
ri achalal junam kiwach .
xin wetaʼmaj rilik wibʼ .
nim ri unaʼoj waj tij .
miqʼin ri kʼul .
aj qʼojom riateʼk .
che lesanik cheʼ kbʼan wiri qʼojom .
kape le awel pan awal jaʼ .
rimesonel tajin kchakunik .
utz chaqe kaqatoʼ qibʼ , taq kʼo kʼax kʼolil , katew echiʼ n riajaw paqa wiʼ .
xa wilo , xqʼatan le ibʼoy .
xat kowinik xabʼano .
kiʼ rikʼawex .
kajilil ribʼe .
le alixel bʼik .
areʼ xraj xinbʼano .
nim we abʼaj .
jeʼli kutiʼ jolal ri saq koʼr .
nojinaq ri kej .
we ka tijan xu xman ka tutoʼ ta chi uqʼatixik le kʼakʼ yabʼil coronavir us (2019 -nco v) .
na nim ta raqan waʼ we cheʼ .
utzalaj aj chak , riwel .
¿jampaʼ kuj bʼe panimaqʼij ?
rajawaxik tane laʼ katchakun wukʼ .
xutaq chiʼj pa waram pulew .
man areta ria xwan xelik .
riawix xu loqʼ rachoch re nimal .
are riixoq xin sikʼin uloq .
ri chʼima kʼatʼ on na .
la xibʼan le i chak ?
kʼi tinamit ekʼo pa chʼoʼj .
kʼo jupuq chij chiuxeʼ ri cheʼ .
ri uxaq ria bʼix are uwarikej .
kawinaq qʼataj .
la ki xpe pa tijobʼal ?
we kechajix taq le kʼ wa jacha kinbʼij ; junalik kʼo jaʼ xuqujeʼ sibʼalaj saq loloj .
xretaʼmaj .
ri alabʼom ri alitomabʼ tajin kikitijoj kibʼ rech su taq , are kakaj kikibʼan nima qachijabʼ chupam ri kikʼas lemal , xuquje kʼo chik jupuq bʼixonel chupam ri komon .
la tzʼ uwach ribʼe .
kʼakʼ ria chʼichʼ .
qonojel uj , uj mayabʼ taq winaq .
nojel qʼij ria tiʼ xkuyuqʼ uj le taq awaj jelaʼ panikʼaj jaʼ, chirij ri juyubʼ ubʼiʼ te naʼ .
paqʼom chik risiʼ.
kintzukun che la .
kakitij le kinaqʼ , le ichaj , le uwaʼlik rukʼ lej .
xekanaj kan le aj chakibʼ .
ketikon ri achijabʼ .
sibʼalaj itzel ubʼantajik ri chʼila kan .
riateʼk xumal tyoxij cheri ratiʼt , rumal riutzalaj noʼjibʼal xukʼut chech .
kkamulix uchak ria bʼix .
la xin utzukuj le tijoxel ?
areʼ kachakun ronojel qʼij .
le ekʼaʼna taq tzʼiʼ .
saqrij ri p lamux .
jas xa qʼiʼo xatijo .
jas rukʼ xkichapwi utijik le ri kil ?
wekatat in rukʼ kʼatan jaʼ man kuqʼatej ta le kʼakʼ yabʼil coronavir us .
la katbʼin pale uxlanbʼal ?
la waral kʼux ix waʼ wi ?
are le nutat kin loqʼonik .
tajin kchakun ri ala .
kʼo ri kiʼkotemal awukʼ .
xuta jachin kaʼek .
xatwaʼik xin wilo .
xtzaq ri rachoch rumal ri jabʼ .
pale junikʼ chik are nimaqʼij .
ekebʼäm kebʼin pauwiʼ ri tem .
mem ria chi .
riwikan chaliʼy kel pa juyubʼ chwi tziribʼal .
le rajil , la paja xelaqʼax wuʼ bʼik ?
pari suʼ t pisom wiri lej .
kojpetik kol qa kʼamaʼ .
tajin kat chʼopin chiuwach ritaqʼaj .
leqʼor xchʼuq ik .
kʼax waʼim awumal .
kinbʼison che lewal .
sibʼalaj kʼokʼ ria wa tzʼyaq .
kamik xuj bʼe che utikik taq cheʼ pari juyubʼ .
kin uloqʼoj le nutat .
chaqiʼj chik richaj .
xyil ix ha wayi .
na xnaʼtaj ta chkech ixea tinik .
rukʼ kʼuwaʼ we riʼ, riix kkʼojiʼ jun utzalaj i kʼas lemal riʼ chkiwach ri winaq che man ekʼo ta iwukʼ , kʼate kʼuriʼ man kʼota jun winaq riʼ rajawaxik chiwech .
e petinaq pabʼe le rachalaxik .
kakaj le akʼalabʼ kewaʼik .
xujchʼay bʼik .
ri nuchak are qʼaxel tzij .
kʼo na ruxlabʼ ri awaj .
tajin kelloq , ri qʼij .
xu qʼiʼo xkamsax ri rachalal choch .
ri numam are kʼo u qʼinomal .
xkʼul mataj jumul , xubʼan jun nimalaj jabʼ, man xbʼeyetaj ta na xukʼis le uyuqʼ chike .
amaʼ ri nu tzʼiʼ .
jewaʼ katpetik .
xinkosik rumal xin chakunik
iwech chi jujunal , ri wa .
xuqʼiʼo na xatatin taj .
inriq tajinaq pari kʼayibʼal .
na wetaʼmtaj .
kʼax le nuqʼabʼ .
utz le xubʼij lea chi .
kematzʼibʼ .
kʼo rachalal pa tzʼoloj cheʼ ri peʼl .
ronojel waʼ we jastaq riʼ, xas ksach wi uwach waʼ ; rukʼ we riʼ, riix, rajawaxik che kʼojun tyoxlaj i kʼas lemal e kkʼojiʼ ri i chʼawem rukʼ ridyos,
xmuq taj ri patzʼan .
ri chʼichʼ tzijom kanoq pari ukʼolbʼal .
man kʼota ucholaj pataq ri awuj .
ja chike ikʼ le unimaqʼij le tinamit na wal jaʼ ?
xepetik xol kikʼamaʼ .
kachuqʼ chu trijaʼ chi apam .
xinbʼij iwir chi xebʼe pa armita .
areʼ uxeʼ ojer tzij waral kʼi cheʼ ubʼiʼ .
xkʼis ri nu siʼ .
jawi xkibʼij wi chi keʼe wi ?
¡ xa je kʼuriʼ , jachin taq ri ekʼo pari judeʼa , chi chanim cheʼ animaj ubʼi pataq ri juyubʼ,
kʼakʼ ri abʼ .
la kʼojun na kakʼoxomaj taj ?
na utzta le utʼisom le al mariy .
man yaʼtal taj chi awe katok paja .
jeʼ, xat utzukuj .
are kel waj xaqibʼ uqʼij ri xkʼojik .
ri xun kur kkʼojiʼ pataq ri triko .
xin sachik .
xu tʼuy ubʼaʼ
na nutom ta le tzij …
wa chʼom ri kiwari noʼs .
ekʼo jobʼ chʼilw akʼ .
rajawixik chi pataq ri tijobʼal ,panikʼaj ubʼixik chik
ri rajaw rulew areʼ tat kel .
we kʼu xokik , we kʼna xok ta
wea chi xu sipaj jun p ʼot chwe .
atat utaqoʼn leqʼatal tzij .
naqʼan ta uwach le qa prut .
ri xaʼ r kʼo pauwiʼ ri qʼaqʼ kpoqʼowik .
ri roqʼej rialija chakpe jun akʼal .
kʼojun ala pa tijobʼal .
säq uwiʼ ritataʼ .
ri wi tz ikʼ tajin kpe loq .
jawi xsach on wi kan uyaʼik le pwaq che .
utz wea chiwe xin kunanik .
qonojel kuj waʼ pauwiʼ ri mexa .
ri kaxlaʼnik man poq on taj .
in xinbʼe rukʼ riwachiʼl .
sibʼalaj jeʼl xkilo xeki tzoqopij ri kichij chilaʼ .
kinbʼinik xin ʼek .
kʼax kʼolik ,kachaʼ .
kutij ixim riakʼ .
rialix che l , xu qʼiʼo xa jun akʼ xsipax che .
xqasikʼij le ixoq ch utzakik subʼ .
mata xa bʼinsaj le chʼichʼ .
ri pix tzʼaralik rumal ri eqaʼn .
¿jampaʼ kel chi 3%
kʼojun nu kʼotoj chiʼ aj .
tajin kewaʼkat ri alabʼom .
xin loqʼ le nukʼ akʼapoʼt .
na utzakik ta subʼ tajin kuʼ ano
xoju taq chiʼ ij xoj waʼ ik .
iwech ria bʼix .
saqrij richij .
aj sik cheri tinamit kel wi ritataʼ .
-¡ ay !xa xintzaq uloq , kʼax we waqan .
xkʼul mataj pajun komon chiʼ uwach jun juyubʼ , xu riqa jun qʼij xkiriq kibʼ junimul rukʼ le kok .
jas xa taq chiʼj le akʼal ch utijik ?
xinchapo sux uloqʼo .
qʼinom ria chi .
ri kʼum ktijow rukʼ kabʼ .
tajin keja chʼanik .
tzebʼal ukemik le pasa wumal .
are kayoʼw le uchik op ille ubʼantajik try pa nos omab ruce i .
we kat nimanik utz kelik .
pero noʼjimal petnaq loq , .
are le nu chak jun tzuqbʼal wibʼ .
xkunax le yawabʼ rumal le aj qʼij .
ri ukʼuʼx tzʼibʼ paqa tzij e lajuj .
sibʼalaj jeʼl ik ri eqabʼal xubʼan rilu ʼs .
sibʼalaj at kon .
e man xo ri jupuq kej .
na xnaʼtaj ta chke xea tinik .
ri kʼamalbʼe xubʼij chike , chi maja ria nim .
jumuchʼ ri nu junabʼ .
qʼip tajinaq ri raqan ri tem .
kchakun rukʼ rijosbʼal cheʼ riajanel .
xa taq chiʼj le akʼal ch utijik kar .
oj kʼo pale roʼch le awel .
¿la katpe qukʼ chweʼq ?
le winaq pale chʼichʼ e tʼuyul lo wi .
xkanaj kanoq chiuxeʼ rijabʼ ri chʼaʼn .
nim ri ja .
weta xa kunaj le atat mata xkam laʼ .
nan ukʼamom tuʼla riʼ.
chqa nukʼuʼ riqa tzij .
kimbʼe pale tinamit .
xinqʼiʼo na xina tintaj .
rajawaxik kakʼaman chawe le utijik le lej .
kʼisbʼal taq noʼjibʼal .
