x ine ʼ wa ʼoq .
xki bʼan kʼax che le u wosaq ru mal man utz ta chika kayik .
ri q ʼutu ʼm man kech ta le a kʼala bʼ .
are na nim tal eatz ʼi ʼ chu wach le nutz ʼi ʼ.
xepe tik xol kila ʼ.
¿jaw chi ʼ xa ta ʼ che x kam ri u mam ripo ʼ x ?
e ke bʼ ke kʼam bʼik pa tuj .
x in loq ʼ jun japa ri wokaj ja .
ria x tu ʼ bʼ, kʼo qulaj chech .
jas karaj ka ʼ an chu tzakik leti ʼij .
xutij lewa .
xim bʼal re tzij .
xpax ri bʼo ʼ j.
we kawaj ka tinto ʼo xaq xu wi kabʼij chi we .
jas nu kʼu kuch ʼo bʼo .
jas karaj ku tijo ?
xe x ru xla bʼ ri rik il .
en itz ʼa ʼ q le taq imul .
we tane inxin bʼanow ik, are le ate ʼ kx bʼanowik .
kin tzalij pa le nu tina mit .
ri nu chaq ʼ kʼopa u ro ʼ q ʼatoj tijo nik pari tijo bʼal .
xin xi ʼj wi bʼ xin ch ʼa wik.
kʼo chwa ro ʼ ch le pare .
chi raqan kabʼin wiri tata ʼ.
x sachon kanu ya ʼik lep waq che choja .
xin q ʼax chik ixo ʼl ri winaq .
ketiko nik.
ri u lew man q ech taj , kech ri qati ʼt qamam .
xepe le winaq xol kikʼama ʼ.
xu loq ʼ ri wuj ru mal ri ali .
che we q ʼij kamik kʼo jun nutzijo nem chirij le nu tina mit .
kej ri ʼ.
x ku na na laq chwe.
ki nu sik ʼij le nu na n.
ri i mul xu ch ʼij taj , xkanaj pa bʼe, ru mal ri nimal kuj al uj ri i mul , x utz aq ria nim .
ku bʼan ri u xoq ʼo ʼl ri aj tz ʼaq .
ri la si bʼalaj utz cheku na bʼal .
kʼiki wach rie ʼ ajchaki bʼ pari komon tyo x , kʼate kʼut xa jun chi ajaw xel ;
xqata chixa tu lik .
kawaj chikat ʼek .
ch ʼuti ʼ n kekan aj ri xa ja bʼ chech .
kaqa xi ʼj q i bʼ kaqa chapo .
e kʼo ke bʼ u kʼajol le tat xwan .
lu ʼ su bʼi ʼ ri recham .
aj chi u wi ʼ miq ʼi nja ʼ ri lu ʼ .
x in ya kan le nu chi mpa kʼay bʼal .
kʼate x ri lo, xperi una n che utzuku xik , xki kotik , xu sala bʼisaj ri taq u xkin .
xki kʼut chi u wach ri aj tij xuquje ʼ chiki wach ri taqnik ʼaj kachi l.
utz le nu q ʼa bʼ .
ku lle alwe ʼ l pa a ustin chaq ʼa bʼ kamik .
ri ate ʼ kx tzaq loq are chi kʼopa u wi ʼ ri q ʼa ʼm .
aj pa tan ri te ʼk.
xatqaj chiupam ri il .
la kʼo tzij na kikʼoxom aj taj ?
x sachon chke chi xe a tinik .
ro nojel le u lewe chala q .
la xe bʼe kʼula xe ʼ kijaqa kʼu leu chi ʼja ?
xaq kat ch ʼok naji wir.
kamik kʼo chi ri jastaqa we .
are chi ʼ ka kʼis ri juna bʼ kʼo q ʼi nom .
pa nawal ja ʼ xin ale xik .
na xin tataj we are ria kʼal kix tzuqu wik .
¡ ru lew ri sab ʼu loner u lew ri ne ftali, u bʼ eripo low , ru lew ri jordan , gali le ʼa kech ri je taq amaq ʼ !
rax , rax , rax , kʼok ʼ, kʼok ʼ, kʼo kʼ le ru xla bʼ le taq tiko ʼ n.
ach ixa twi lo .
pa qal rajil le pix kamik .
xoj bʼinik .
pa jun je ʼ l tijo bʼal ku tijoj ri bʼ juna kʼal , u bʼi ʼ po ʼ x , utz ku ri lo ke pa tijo bʼal ro nojel taq q ʼij .
x waj chixa tʼe taj .
utz la ʼ le xu bʼij le achi .
weta ʼam jachin kapetik .
kinq ʼojoma nik .
xin q ʼi ʼo tak ʼa lik xinpe tik .
are ʼ reta ʼm che kinopa nik .
areta bʼal eqa qa jaw chat to ʼ wik.
ka winaq waqi bʼ q ʼataj .
naq aj chik cheri u waq kaj bʼal aretaq chi ʼk sach u wach ri q ʼij , kok ri q ʼe q u ʼm chu wach u lew , chi kʼate ʼ nari bʼe le je bʼ kaj bʼal .
jo bʼ raqan ri tz ʼalam xeporo xik .
si bʼalaj korij ri mop .
arewa ʼ.
jela ʼ pari ti minit ch wikab yok rech xelaj u ʼ, leq ana nqa tat kaki tikoje ʼ la laj taq u wach ichaj .
kʼax nuqul .
xu ʼ lu kʼama ʼ.
kojul kitzukuj .
are man kʼax tauku na xik aretaqa ninaq ka ʼ ili taj we ya bʼil al xuquje ʼmojo ʼ qa kuya ʼle kʼax kʼoli l chech le jolom aj .
ri we l kʼopa tijo nik .
kawaj kin bʼij .
ri ko tz ʼi ʼj kqa koj chiupam ri ja .
q ʼe q q ʼoj rij ri ama ʼkej .
na x waj taj xin ch ʼa wik.
ch peta bʼal e loq ʼalaj ja bʼ .
x sachon chke x at kisik ʼij .
e le q ʼal ch ʼich ʼ.
jachin xa wi lo chi are x tijo w ri ti ʼj ?
ma taka bʼe le nu x bʼal pa le tina mit .
pim ru q , ri ali .
¿ kʼo ri muq ʼechia wech ?
k qa bʼij man ke kowin taj .
kintij na .
kʼo jun qat ʼu ʼ y pa ja!
kʼopuj chiupam rich ʼa ʼk.
aretaq kin kosik kinwa rik .
xa twa ʼik xin wi lo
in xin ch ʼayow le achi .
konojel ri ala xik ke ʼ etz ʼa nik .
jas ru kʼ xki tij wi le kirik il ?
an inaq il kat pe tik .
na rax ta u wach le juyu bʼ .
ri tz ʼalam tz ʼi bʼa bʼal ra xk kayik .
we chat chaku nik, kʼo awa .
ma ʼ tam xatpe cheri wa ʼim .
kamul kin wa ʼ na.
ri sik il k tijo w ru kʼik .
kim bʼe aq ʼan ru kʼ le al tal in .
xoj ʼek xe ʼ q il al arqa sok .
xe kiq ʼil le ajchaki bʼ xki wokleja .
ma tane x waj le kʼuhj nem ru kʼ le ate ʼ k.
are xe ʼopan chi u chi ʼ ri juyu bʼ, xki lo chi man q as tak ʼoq ʼayes .
kʼate kʼut , ri jesus mank kojon tach kech rie ʼ are ʼ, ru mal rech che konojel reta ʼm kiwach ,
pa ʼ tzrij ri tz ʼi ʼ.
ju winaq waqi bʼ q ʼataj .
atel aq ʼom .
xaqa tjo ʼ s.
ri q ʼatzu, are q ʼalaj ri uq ʼij il .
ajchak we ala .
u bʼe leju ka kʼal taqanik (29).
ke bʼ nu bʼi ʼ kʼolik .
la katzalij lu ʼla a ninaq ?
katzuku n la chwe.
lakaj la koj bʼe ʼ pa le chomal chwe ʼ q ?
xin na bʼe jchuta sik qa kʼoli bʼal .
lal xin to ʼwik .
si bʼalaj ano ʼji bʼal .
xoj pe tik xolqa kʼama ʼ.
si bʼalaj je ʼ lik ri u wa ʼl ri ichaj .
kʼax wij ru mal in pacha lik .
aretaq xu kʼul maj wa ʼ xu l ri u chomanik xu bʼij : are utz wa aq ʼa bʼ kin wali jik, arecha ʼ chanim kinopan pa tijo bʼal , maj chik in kʼu lmaj .
ojaj xojo lo bʼ pa awasq ʼij .
xin sach che le u wokik le tzij .
e jula juj ri ak ʼ.
xutaj ampa ʼkoj ʼek .
qi lik .
ri tijo xel man areta nim chu wach ri raj tij. ri utz tijo xel q as jeri ʼ kʼolik jas ri raj tij .
in xa tinch ʼayo .
no ʼ jim chak wu mal .
ch ʼur ri joch ʼ.
in kin bʼij naka tsach taj .
uj maya bʼ .
ria bʼaj ya tzalik .
tajin kepix bʼax ria kʼala bʼ .
chom ria q .
xin wa rik .
e le men konojel ria kʼala bʼ .
tajink q ʼana rik ri we re ʼaj .
le u kemik le pas utz ( chawe ).
xuyu pu bʼa u wach ra ʼ chi, kacha ʼ, .
ri satanas kok pari judas ri kbʼi xiskari ʼo tech rech , ri are ʼ jun ch kixo ʼl rie kabʼ la juj .
chu chu rip ar.
kinqumuj ri nu joch ʼ.
chech punción lumbar amaq ʼel ra jawa xik chech ri lik le u kʼex bʼem wi le na bʼe ru kʼ le u kabʼ u kʼutu nem leya bʼil al .
q ʼalaj chinak awaj taj kabʼij .
kʼo q ʼol chirij ri si ʼ.
jawi xoj ʼe wich u loq ʼik ?
kʼo u loch ʼ ri tal in .
q ʼan rij riati ʼt nukej .
la x tzalij la i wir ?
xe si kʼi xik , kʼate kʼu ri ʼ xe ya jik, xuquje ʼ xe taq bʼi che u sik ʼik le mes .
lak ixwa rik ?
are kʼu le pa lomax xu bʼij che: -mam kat bʼison taj , kin si kʼij nik ʼaj wachi ʼl ke rapa pik .
a ʼree tijo xela bʼ .
ri alaj ali si ʼl xu bʼij x qa chap pa utzal ri tyo x.
x sachon chke jachin xe a tinik .
jas xu rayij leanan xutijo ?
x inko sik .
rax ro nojel ri q ʼayes ru mal leja bʼ .
kin ya wa ʼ we ch ʼich ʼ p inem na utz .
no ʼ jim u pach ʼu xik le nu wi ʼ.
naj kʼowi le wo ʼ ch chu wach le tijo bʼal .
ri oki bʼal kʼo chi u wach ri saq ja .
xe nu taq ch ʼij kek il le akʼala bʼ .
kʼo jun q ʼo xowem chi we .
tzari cho ʼ m.
we choj bʼe pa le nimaq ʼij , ke q il le aj xojolo bʼ .
xoj ʼek xe ʼ q il al arqa sok .
ri ate ʼ k xuta ʼ chech ri n anto ʼ n :- na njas che ʼ chiman kajtalaqa kʼa tisaj ri jo ʼ q .
ri pa l si bʼalaj xu ʼ y.
kin koj ri jok bʼal u lew .
in kin bʼij naka tsach taj
a traj kun le nu na n.
ku qam u jujoron ri aj tzij .
lu ʼ tz ʼalam u bʼi ʼ ria chike l pa nim che ʼ .
je ʼ lik uti ʼjol al ri saq ko ʼ r.
kʼo jun xa ʼ r pa ja.
xin loq ʼ jun kʼak ʼ pa tan .
kʼax u kemik lepasa wu mal .
an inaq u kemik le pasa wu mal
rich ʼa ʼ n sach inaq pa taqa bʼix .
rax taq leko tz ʼi ʼj .
me som kanoq ri u pam ja .
manaretar alax kosik .
ri komon xech pu p rech uq ʼa bʼ tina mit xo ʼ la bʼaj rech q ʼu markaj .
la utzakik kʼusu bʼ tajin ku ʼa no ?
kate la !
na xutij taj .
xa ru mal keta ʼm konojel ri winaq k kiq u muj le ja ʼ.
i wir xuj tzalij la pa kʼay bʼal .
qeta ʼm cheriqa waku juto ʼo .
ri aj tij , kya jon chikech ria kʼala bʼ .
jasu bʼanom le nu ch ʼuti tat ?
ch we ʼ q kin bʼe pa nim tina mit .
utz we ki weta ʼmaj jas ku bʼij ri chol bʼal q ʼij .
tajin kat ji low che uq ʼoxom jolom aj .
x in tik q ʼax chi u wach ri ja .
kʼax le ki bʼe le winaq .
loq ʼ kat kun taj che le ya bʼil (covid - 19).
ri n uxi bʼal kel pa q aj bʼal q ʼij .
x ri l ri axwan chi x wa ʼ ri ala .
le al ix kuna tajik .
weta kape leja bʼ kamik .
x in weta ʼmaj china xatpe taj .
rip waq rech we q ʼataj ri ʼ kesax chech ri toj bʼal kʼayi nem .
k tij ri u wa ʼlik ru mal ri ki nimaq ʼij .
xuchapuku na xik .
cha tan loq ali .
xin xu li ʼ qa jo q .
je ʼ lik k tijo w ri taqik ox.
kʼate kʼu ri le tat xo ʼ rx u bʼij , man kawaj taj , man kawaj taj .
kʼo jun tz ʼi ʼ pa bʼe .
kamul x inpe che a tzuku xik .
man tajin takin chaku nik .
kin chaku nik rechka twa ʼik .
jas ru kʼ xa wil wi chi xki qupij wi leti ʼj .
jas u bʼixik … ?
koq ʼ ri akʼal .
kawaj naka tʼe taj .
xat q ʼa jik .
we m na cha loq ʼaxi ya l , na kim bʼe ta a wu kʼ .
xopan le wuj aw u kʼ ru mal we chi n.
are kʼut pa le juyu bʼ k kʼiy joron, chila ʼ xe kikʼama wiri ja ʼ ri winaq .
koq ʼ ri akʼal .
we kʼo arajil chak ʼama loq .
are si bʼalaj kaq le apo ʼt chu wach le nupo ʼt .
x in kʼas taj pa ka bʼ la juj kaj bʼal .
kaqoy ʼej nak ixpe taj .
kokaxim ri chij xa jela ʼ man ka nimaj ta bʼik .
ri kok no jim x bʼek , xu ch ʼijo xopan pa u kʼis bʼalil le a nim .
xoj ki ʼ kotik aretaq xatulik .
kaq itz ʼ naj ri uxa ja bʼ ri akʼal .
ri jesusk wa ʼ kat pari nim ra choch ri dyos, chu xe ʼ ri jun jachera choch ri salomo n.
we taqanik ri ʼ ku bʼij chi raj awa xik kya ʼ uq ʼij ri winaq xuquje ʼ kto ʼa ninaq il .
ria xu x are na ri uku nel ri kinaq ʼ.
aretaq wa ʼ ri uq ʼijol we taqanik .
kʼo jun ta bʼal pa u wi ʼ ri xkan u lu bʼi ʼ la juj no ʼj .
yu ʼ lu bʼanom ri u kolo bʼ ri kej .
xa nimaj ria kʼal chi u wach ri u chu ch .
k ku na n ria chi .
kin wa ʼik rech nakin yowaj taj .
aj xik ch ʼich ʼri lu ʼs .
k waj che ix kix bʼanow ik .
a ʼre xeto ʼwa laq .
xoj ʼek xe ʼ q il al arqa sok .
xin loq ʼ jun ch ʼich ʼ, qaj inaq u wach .
ku tʼis rip antalon .
e janipa le awal kʼwa le kʼolik ?
utz u kemik le pas chawe .
ri max are aj q ʼa niya ʼ.
mata bʼ achiri q kʼax pa le bʼe .
tajin ka nimaj , ri me ʼ s.
ixi xe ʼ laq ʼoma bʼ !
x sach an chwe.
e kʼo kʼi che ʼ, chi u wach ri juyu bʼ .
arewa ʼ ri nimalaj pixa bʼe arewa ʼ ri na bʼe .
xreta ʼmaj chi ru kʼ pa kʼku tij wi
jas utzakik le su bʼ xu ʼa no ?
aj xo ʼ yri wikan .
we tanea ʼ re xe tijo w le rik il , are le komon xe tijo wik.
si bʼalaj an inaq kach ʼaw le are ʼ chi nu wach in .
utz we kin chakuj .
me ʼ s la ʼ.
kʼo kanwa rechkaqa tijo .
x in si kʼij la .
ria kʼal x sach kanoq jela ʼ pa taq ʼaj .
xesi kʼij la .
jawi xki bʼij wi chike ʼe wi ?
ru mal che , manixtari ʼ ri kix ch ʼa wik, are ri ru xla bʼ axel ri i tat ri ʼ rik ch ʼaw na i wu kʼ ri ix .
kʼak ʼ ri wa choch .
si bʼalaj utz kin wil le atz ʼya q rech nahuala .
saqpor k kay ri kipo ʼ trina n.
x sachon ri nu chak chwe.
wa ʼim xu chapo .
ri q ʼaq ʼ tajin kajulu wik .
najil u pam ri siwan .
e kʼo riqa chal al pa chiu wi ʼla .
jas xa taq chi ʼj le akʼal chu tijik ?
no ʼ jim u kemik lepasa wu mal .
kʼo jun ku ku bʼi ʼt intin, wa ʼle laj ku kmam kajeqi taj , kapaqik ax u lik pa u wi ʼ uq ʼa bʼ taq che ʼ, si bʼalaj sak ʼaj , ke ʼuto le e nima ʼ q , ch ʼut in, ra chi ʼl , aj sipa nel si bʼalaj utzra nima ʼ.
ri u pixa bʼ leq ʼat bʼaltzij kiya ʼu bʼixik .
na xsachonta chke xe a tinik .
xeq il le chiko p pu wi le ja .
x lo ʼ taj ri akʼal .
qo nojel kuj wa ʼ pa u wi ʼ ri mexa .
xsik irle waqan .
la xa twa ʼ kʼut ?
nim u bʼa q ʼritulul .
kin xik ʼik ʼik xin q ʼaxik .
la kat bʼe pa le tina mit ?
ri pa l si bʼalaj saq ʼo r.
k q ʼo xow nu jalom .
xin na ʼo chikat pe tik .
x loq ʼu lewiwe chi x.
xin chakun ru kʼ ri nu mam .
na xqa bʼantaj .
k kʼoji ʼ bʼa ʼ ri u sipa nik ri ajaw xel jesusk ri sto ru kʼ ri aw uxla bʼal !
kin ch ʼaw ru kʼ le nu nan pa lech ʼa we bʼal .
si bʼalaj q ʼe q u ʼm ru mal ri mayul .
are leba xu lik .
xe kos le i xoqi bʼ pa le bʼe .
kʼax ri lik le akʼal chawe .
x in q ʼi ʼoxi na tin pa joron .
si bʼalaj nim le tina mit .
kʼax u kemik lepasa wu mal .
xin sachik .
tajin ke lu kikʼel pa raqan ri tz ʼi ʼ.
xin weta ʼmaj ri lik wi bʼ
ri q ʼuq ʼ are jun je ʼl chi kop.
kʼopa jatijo bʼal ri wikaq ʼ.
ri sachi bʼal mak raj wa xik chi q axo ʼl .
je ʼ, kim bʼek .
je la le ʼ ri nup wi ʼ.
xu bʼij che :- jas xa bʼano tintin ?
kabʼan junto q ʼo bʼ kyak ri nuj al .
kat ʼe kxin ta .
jas le u kʼex bʼem ri bʼ le jun ru kʼ le jun chik ?
aj chi u wi ʼ miq ʼi nja ʼ ri lu ʼ .
ri tijo nel najk pe wi.
te ʼ kix cho bʼ u bʼi ʼ ri nu tat .
ri ja ʼ kamiq ʼik chi u wach ri q ʼaq ʼ.
ri tʼu ʼ yk paq ʼowik .
kinme son na .
naq ajat kʼowi chi we ch.
xin bʼiso nik taqna xatpet taj .
we x kam ri winaq , rip waq rech toj bʼal ma kaj kya ʼ chikech ri rala xik .
ri nu nan x bʼe pa kʼay bʼal .
xoj u kʼamuloq rechkoj ri lo
x kʼo to chi n chiki wach chik in wa ʼaw u kʼ .
na xki kamsaj taj xki kʼam bʼi choja .
kʼak ʼ ri ik ʼ kamik .
xim bʼe ru kʼ le aj ku ni wir.
ri lik .
letz ʼi ʼ xeko sik .
xin kikotaw u mal .
ri i mul xu maj ria nim, xuya kan le kok .
kʼo oj cheri akʼal .
xuj bʼe pa jun kʼula nem .
utz we k waralaq .
kaqilo china koj u kʼam taj .
xreta ʼmaj chi ru kʼ pa kʼku tij wi.
si bʼalaj xin kʼa ʼ na rik .
xin kochij ri nu wa .
man kat kowin taj kat chaku nik, we man kʼota ria jila bʼal .
we wonon xu bʼij chike :-ki xin to .
ri ala nim k ri l wiri u mam .
xka ʼ y chirij , xka ʼ y chu wach , ma kʼota chi jun k si lo bʼik , xoq ʼik xu xe ʼj ri bʼ x ch ʼopi nik x tzalij loq xu riqta chik ri u bʼe .
kʼo pus cheri wa .
pi nem na kabʼe lewa tz, kim bʼe wi in pa ka ʼyi bʼal .
ri n anto ʼ n nim winaq chik, saqu wi ʼ, ro nojel aq ʼa bʼ utz kuna ʼo ka tʼuyi ʼ pa u tem , ku miq ʼisaj ri bʼ chori q ʼij , kʼo junu wi ʼ u mam u bʼi ʼate ʼ k.
mane kʼi taj riqu la ʼ.
q ʼalaj chinak awaj taj kabʼij
x paqa bʼisax rajil ro nojel ri kem .
kʼo pari jul ri ku matz .
ro nojel q ʼij kin ch ʼaj le nu w are .
saq chikan le ichaj rechka tzako.
chu xel eqa chomal kaqa tij wi jun q ameq ʼin .
cha wila ʼ.
e kʼojo bʼ u mi ʼ al, ri nu tat .
jas ru kʼ xa wil wi
je ʼ jas ri winaq rech ri u wach u lew , xoquje ʼ ke pena ri ʼ ri e ʼ are ʼ che e rech ri u wach u lew ; je ʼ jas ri winaq rech ri kaj , xoquje ʼ ke pena ri ʼ ri e ʼ are ʼ e rech ri kaj .
xin tijo .
k tz ʼu juw ri ra choch ripo ʼ x.
xu q ʼi ʼo are le u kʼu lel x ya ʼow u wa .
ria we l xreta ʼmaj chi ra jawa xik man ku xej tari bʼ cheri tukur .
ju kʼu laj winaq xe ʼa nimaj bʼik .
je ʼ, xin tzalij ik .
xoj pe tik xolqa kʼama ʼ.
maj jachin x ʼek .
inaj tij ; at tijo xel .
saqu wi ʼ ri tata ʼ.
wech ri kem .
le ro ʼ ch le ate ʼ k kʼo ch wach le u kʼay le nu na n.
k bʼe pari si ri ʼa e pari sili si ʼa, jawi je ʼ kuya wiri kichuq ʼa bʼ ri komon tyo x.
pixa bʼ : man utz taj kʼax kujch ʼaw chikij nik ʼaj q achi l.
x kuna taj le al i( ku mal ri i xoqi bʼ ).
ri xi bʼi bʼal chi kʼowi pa taq riqa kʼas le mal ro nojel q ʼij .
na kuj war tawa ral .
on chek kʼoji ʼ ri utzil chixo ʼ l , arech junam ri qa kojo nik, junam ri i we chi x ru kʼ ri we chi n.
pa oxq ʼij ri sa ʼ nk bʼe na ru kʼ ri aj kun .
ka winaq wuqu bʼ .
jas kawaj kin tijo ?
we taxat bʼe wu kʼ pa le tina mit , xa loq ʼ tala ʼ le u jastaq le a kʼajol .
ke bʼe pa wa ʼim .
x in loq ʼ kʼiwa .
pa jun nim kʼa che ʼ laj , kʼo jun kʼ wa ʼ si bʼalaj saq lo loj , nim u wach .
k waj katij ju bʼa ʼ wa .
ro nojel winaq kril nari u kolo nem ri dyos » .
x kʼo to chi n chiki wach chik in wa ʼaw u kʼ
k waj naka tʼe taj .
la xa loq ʼ jun alej ?
e kʼo rie loq ʼoma nel .
ri u kabʼu bʼi ʼ ri nu mam are ya y .
kin jopij ri i ja ʼ rech triko .
x na ʼ taj chke xe a tinik .
xate ʼ q ila ʼ.
kaki tij alan xax ri winaq .
. . . kin bʼij chi arewa ʼ sin xi ʼ an .
na xin na bʼej ta chu tasik qa kʼoli bʼal .
ru mal rech cheweri in, kin ch ʼaw ru kʼ ri dyos pa ch ʼa bʼal , k ch ʼaw na kʼu ri ʼ ri wux la bʼal ru kʼ ri dyos, kʼate kʼut man kʼota u patan ri ʼ ch rech ri nu choma bʼal .
xepe tik xki lo .
xuta we kat ʼek .
utz u kemik le pas chawe .
ri nuwaka x xutij jun q ʼo q ʼ ru mal ri ʼ x kamik .
ru mal ri kʼix , man kewa ʼ taj ri winaq .
xe ʼulik .
q ʼe q rij ri ama ʼ chi j.
x raj ka ʼe le u na n.
junam ki juna bʼ .
naq ʼalaj taj we ka ʼe k.
ri wi x nam ch ʼaj ch ʼoj ri ra choch .
wa ral man kʼo taja jawa l.
na i wir tax ri lle kʼamol bʼe .
x inpe loq te kʼu ri ʼ xin tzukuj ro nojel ri nu rajil .
ri aj tiko nel kutik ri tzij .
kʼo e kikʼajol lea chija bʼ .
ku tij q ʼayes ri ixpa ʼ ch.
pari wa ʼ bʼal e kʼo kawinaqa chija bʼ .
si po jinaq ri nu pam .
kaya ʼ tajik ru kʼuti ʼonem jun ri u riqom le ya bʼilamolot setsé xuquje ʼ areka ya ʼ taj pa taq ri juyu bʼ .
jachin ria chi ?
ri nu mam x kamik aretaq kʼo jumuch ʼ la juju juna bʼ .
kin kowi nik kin kʼam bʼi lep waq .
kin wi lo chi utz ri aji ʼ.
x in q ʼil riapo ʼ x che man kachakun taj .
k wa ʼ chi u wach le taq ʼaj ri ama ʼa kʼ.
ri i mul xepoq ʼik pa junik ʼ.
x kʼis kanoq riqa chak.
are ri al ixo ji low kanoq .
si bʼalaj ch ʼu ʼj ri amax .
kʼo nu wachi ʼ.
inchajinel kech le akʼala bʼ .
xe kos letz ʼi ʼ.
kin bʼenak u kʼ ri molaj .
ro nojel aq ʼa bʼ kin yi tz ʼ ri wakax .
karapi nik xu tzukuj chi jun awaj .
le u kemik le pa san inaq (aw u mal ).
maj u rajil leq ʼa bʼarel .
kʼax ri ʼ ri kach ʼa wik.
xoj u taq chi ʼj le achi chu loq ʼi kichaj .
si bʼalaj kʼax ri x kʼu lma xik .
xki lo chi nakin kʼoxom aj taj .
x na ʼ taj chke chi xe a tinik .
x kʼoto chi n chiki wach chi xoj al wo ʼ qa ku kʼ .
jun q ʼu ʼ q rajil ri kaxla ʼ n wa .
xin wi lo chi xe ʼe lik .
e kʼo i xoqi bʼ pa le kʼay bʼal .
man kʼo taj u kʼisik ri maya bʼaj la bʼalil .
ri sink kʼiypa taq ʼaj .
rich ʼima mank kʼiy taj pa taq ʼaj .
ra jawa xik kji kik ri waqän .
kawaj kin ʼek .
e kʼo oxi bʼak ʼ.
xu bʼij ch we jawi at kʼowi .
ch we ʼ q kuj bʼe ʼ pa muquj .
pa saq kʼaja ʼ kbʼan wiri uq .
xoj kisi kʼij .
x in wil wi bʼ .
chaq ʼchik ri wa .
kim bʼe nakapa le wo ʼ ch .
kawaj kin ʼek .
rich ʼu ʼk tij ru kʼlej .
pari kiq ʼij kaminaq i bʼ kbʼan q ʼo ri kʼya ʼ rech aj :na bʼerinan kutzukuj kan ri aj , kujach ʼo ʼ xuquje ku kʼeto .
jas kaj bʼal cha nim ?
utz u chomanik ri ali .
pari q ʼijo x la juj tija xkin kʼis ke bʼ juna bʼ kin chakun waral .
si bʼalaj ko, ri kʼak ʼ ch ʼat .
jas karaj ku bʼij … ?
rich ʼich ʼ kas il abʼik .
pa ojerq ʼalpul xaq xu wiri nim winaq ke kʼamow bʼe .
le u ku na xik le u kabʼ u kʼutu nik are ru kʼ e flor ni tina on utuni bʼaxik le nifurtimo x chi ʼ le flor ni tina chech t. b. g.
are ria chi xin ch ʼayowik .
juna chi u bʼik u ʼ xusipaj ke bʼ kʼa ʼm u lew rech kabʼan ri tijo bʼal , kamik , kʼo chikaj tij rech ri komon xech pu p .
xu mal tyo xij cheri aj tij ro nojel le xu kʼut chi u wach .
pari bʼe xki raq juna lajimul saq rij , xki kʼam bʼik .
xril le bʼal e ala .
jas ku bʼij chwe ?
le u kuna tajem are ru kʼ utzuku xik le u chikopil pa junu soli ku xe ʼ le kikʼon leja ʼ rech jun nodo .
utz we nutz ʼi ʼ.
je ʼ, tajin kachaponik .
ki nu loq ʼoj le nu tat .
kawaj kim bʼe pa tina mit .
are la ʼ kin chakuj .
ri nima ʼ q taq winaq kʼoketa ʼma bʼal .
we taxat bʼe wu kʼ pa le tina mit , xa loq ʼ tawa ʼ we jastaq .
ri kikʼas le mal . wa ixim u lew xa jun chima areta tini mit ri ma
ri u kʼ ya bʼal na jupam .
xatqaj chiupam ri il .
noji mkat wa ʼik .
we kʼo jun ktuqa ʼ rik , ¿ la man xoquje ʼ taj kin tuqa ʼ r ri in ?
ojoj wokolja .
awas kbʼan kʼax che jun nim winaq .
x in ch ʼaw apan ru kʼ le wana bʼ .
kʼax ri u pam ri ju ʼl .
tajin kewa ʼ ri imul .
lakaj lak uj tzalij la a ninaq ?
ru mal rech cheri mak aj man kʼota u kowi nem pi wi ʼ ri ix : ri ixma nix kʼota chi chu xe ʼ ri pixa bʼ, xane ix kʼo chu xe ʼ ri sipa nik .
nim raqan le che ʼ.
xin chapo .
are le tu ʼ rle loq ʼoma nel .
xaskat kʼoji ʼ chiupam rich ʼich ʼ.
si bʼalaj nim raqan ri kʼamal bʼe .
letz ʼi bʼa bʼal we chi n.
in xin to ʼw la .
xaje kʼu ri ʼ ri ixkamik ri ʼ manix kaxlan winaq tachik ; ri ix, ix rech ri ki tini mit ri e tyo x laj taq winaq , ix rech ri ra choch ri dyos .
xin tiko xlaj kʼal ichaj .
kaqa ri q q i bʼ chwe ʼ q .
si bʼalaj utz cheri wi ʼaj ri tuney .
we na jupu lik ta xeqajik . . .
x into ʼ taj cheri nu chak .
kʼo jun chikopu bʼi ʼ pu m .
poqon ri ik .
xoj bʼinik .
xu ch ʼek ro nojel le retamanik xpaqi ʼk kʼax kwʼi nik xu bʼanaj kun .
ke lu bʼik pari jude ʼa ek tzalij chi u bʼi jumul parigal ile ʼ a .
x ina xi bʼij pa bʼe .
je ʼ l kʼolem chi awa choch .
ro nojel ri ya ʼ tal il pa we q ʼataj , tz ʼaqat ki wach , mank tzaqta kanoq xuquje ʼ mank tas taj .
xuku naj le ya wa bʼ le aj q ʼij .
chi tata bʼej jas le kim bʼij .
ch ʼan al ri achi .
pa bʼoko ʼ kachakun wiri tax .
uj kʼopa u wuq q ʼij .
ki ʼ ri u kabʼ riaqa j.
kʼo ra chal al pa tz ʼo loj che ʼ ri pe ʼ l.
xki lo chik in kʼoxom aj .
ri u kisak ʼutz kya ʼik chi u xe ʼ ri tiko ʼ n.
aretaq chi ʼ kaq ʼan pu wi ʼ ri juku bʼ, ria chi che x kʼoji ʼ ri itzel uxla bʼal ru kʼ , ku tach rech ri are ʼ, arechk kʼoji ʼ ru kʼ ri are ʼ.
na kabʼan taj ta wu mal .
x na ʼ taj chke xe a tinik .
xin paj ri nu triko .
xe ʼok ri pok ʼ pari umexaripo ʼ x.
ka juluw ria q ʼa ʼl chi u xe ʼ ri tʼu ʼ y.
awech leja .
xuj bʼe pa tzu rik .
na bʼexa to pa nik .
ri u kabʼu bʼi ʼ ri nu mam are ya y .
uwaj xaq u ka kʼal taqanik (28).
ma tak ʼo jun kakanaj kanoq , qo nojel koj bʼek .
e nima ʼ q le al toma bʼ .
nim u wach ripo ʼ t.
kojo nik pari utzij wa ixim u lew .
jas xu kʼam bʼi letz ʼi ʼ xa wi lo ?
x inpe tik, tat .
ri bʼelaj u wach .
chi tata bʼej jas ri kim bʼij .
je ʼl ku na ʼ ria bʼix chiupam ri ququ lew .
kin bʼisoj u wach lew al .
xu tʼuyu bʼa ʼ.
nim ria we q e le ʼ nxa riqo .
x ine ʼ wa ʼoq .
chi ʼ ke warwi le akʼala bʼ .
ri nu mi ʼal xu taq loq jun taqo ʼm wuj chi we .
q ʼe ʼ lik, richaj pari bʼe .
la utza wach ? - utz malty ox , e kʼu riat ? – utz malty ox.
x in kos ru mal nu chak .
k bʼe ku kʼ ri e ʼ are ʼ ek tzalij parinas arete ke ʼu nimaj .
ri joj xu kʼam bʼik ri ak ʼ.
kʼo chi wachi ʼl cha nim .
ku bʼij chech na ʼl kabʼan cheri atz ʼi bʼ .
e . . . in kawaj katzjoj bʼilach we .
ma tax in yaj le ali .
jachin ru kʼkat bʼe wi ?
kʼosi bʼalaj eta ʼma bʼal pari maya bʼ no ʼji bʼal .
emanxo ri jupuq kej .
kas u mum ri kaq iq ʼ.
e kʼokaji bʼa kʼala bʼ pa le bʼe .
je ʼ jas ri u tat kka ʼyik .
xaqa tmolo nel tzij tal .
le nu tat ka loq ʼon chwe .
xaq tane kim bʼe i wu kʼ .
xreta ʼma juch ʼajik .
ru mal la ʼ x koj “ x al q ʼat ” che u bʼi ʼ ri komon .
are le u kemik pas xreta ʼmaj .
ri wa ti ʼt ku bʼan na ri u patan .
kʼak ʼ le po ʼ t.
reta ʼm u wach jachin x loq ʼow ri pas .
kench ʼa bʼej le akʼala bʼ .
ya ʼ tal chaq eqo nojel ri uj winaq utz ka qilqi bʼ .
x koti ʼ pa q ʼayes xoq ʼik .
ka winaq bʼe le je bʼ q ʼataj .
e kʼokaji bʼral ri i mul , jun saq, jun q ʼan , jun q ʼe q , jun q ʼeqoj , si bʼalaj ketz ʼa nik, kech ʼopi nik ri alaj taq imul .
k chol ol ri achacha l.
kete kik ri ikʼ.
xepe tik rechkewa ʼiw u kʼ .
tzatz ri uq ʼa nil ria kʼ.
xoj tzalij ikxi xe ʼ q aq ʼat uj ku kʼ le ita tina n.
ri yo ʼ x taqa kʼala bʼ ke ki kʼux ri atz ʼya q .
we achi we xusipaj jun po ʼt chwe x kamik .
k kowin ri kuna nel cheku na nik .
xji q ʼ pa ripo low .
xa ru mal si bʼalaj ra jawa xik le loq ʼalaj ja ʼ, le winaq xki bʼij : che we ik ʼ ri ʼ qo nojel kuj bʼe cheuti kik taq che ʼ.
ri u nanerier achal al ke pe u loq ru kʼ ri are ʼ, kʼate kʼu ri ʼ, man ke kowin taj keqi bʼ u koq ru kʼ , ru mal rech che e kʼosi bʼalaj winaq .
ru mal rech , che man kʼo taj unk kowin che u kojik juntiki bʼalil chik chu wach ri kojom chik che are ri jesusk ri sto .
te kʼu ri ʼ x utz ʼi bʼaj ri bʼ pari nimalaj tijo bʼal rech aj ku ʼ n.
ka juluw rich ʼu mil chaq ʼa bʼ .
kʼis bʼal kanoq , xoquje ʼ k kam ri ixoq .
le ala xokik .
kʼo p waq pa u wi ʼ ri mexa .
areka waj nakin ʼe taj .
ri ya wal ku koj ri ali chi u xe ʼ ri chak ach are u su ʼ t.
na kaqa kʼam tu ʼ bʼi kamik .
ri aj tij ku bʼij chike : ra jawa xik keqa chajij ri awaj , are u tiko ʼ n ri ajaw .
xin tij mukuni wir.
kʼax le u wi ʼ taq le nu q ʼa bʼ .
xin loq ʼ jun il bʼal wi bʼ .
wa ʼ we q ʼij , nim u bʼantajik .
ri u xe ʼal ri qatina mit man kasach taj .
xoj bʼinik .
ria chal al junam ki wach .
xin weta ʼmaj ri lik wi bʼ .
nim ri u na ʼoj waj tij .
mi q ʼin ri kʼul .
aj q ʼojom ri ate ʼ k.
che le sanik che ʼ kbʼan wiri q ʼojom .
kape le awel pa nawa lja ʼ.
ri me sonel tajin kchaku nik .
utz chaqe kaqa to ʼ q i bʼ, taq kʼo kʼax kʼoli l, kate we chi ʼ n ri ajaw paqa wi ʼ.
xa wi lo, x q ʼatan le ibʼoy .
xa tkowi nik xa bʼano .
ki ʼ ri kʼawe x.
kajil il ri bʼe .
le ali xel bʼik .
are ʼ x raj xin bʼano .
nim we a bʼaj .
je ʼ lik uti ʼjol al ri saq ko ʼ r.
no jinaq ri kej .
we katijan xuxman katuto ʼ ta chi uq ʼati xik le kʼakʼ ya bʼil corona virus ( 2019 - ncov).
na nim ta raqanwa ʼ we che ʼ.
utzalaj ajchak, ri we l.
¿jam pa ʼ kuj bʼe pa nimaq ʼij ?
ra jawa xik tane la ʼ kat chakun wu kʼ .
xu taq chi ʼj pa warampu lew .
man areta ri axwan xe lik .
ria wi x xu loq ʼ ra choch re nimal .
are ri ixoq xin si kʼin u loq .
ri ch ʼima kʼat ʼon na .
la xi bʼan le ichak ?
kʼi tina mite kʼopach ʼo ʼj .
kʼo jupuq chij chi u xe ʼ ri che ʼ.
ri u xaq ria bʼix are u wari kej .
ka winaq q ʼataj .
lak ixpe pa tijo bʼal ?
we kechajix taq le kʼ wa jachakin bʼij ; juna lik kʼo ja ʼ xuquje ʼ si bʼalaj saq lo loj .
xreta ʼmaj .
ri ala bʼom ri al itoma bʼ tajin kiki tijo jki bʼ rech su taq , are kakaj kiki bʼan nimaqa chija bʼ chupam ri kikʼas le mal , xuquje kʼo chik jupuq bʼixonel chupam ri komon .
la tz ʼu wach ri bʼe .
kʼak ʼ ri ach ʼich ʼ.
qo nojel uj , uj maya bʼ taq winaq .
nojel q ʼij riati ʼ x kuyu q ʼuj le taqa waj jela ʼ pa nik ʼaj ja ʼ, chirij ri juyu bʼ u bʼi ʼte na ʼ.
pa q ʼom chik ri si ʼ.
kin tzuku n chela .
kaki tij le kinaq ʼ, le ichaj , le u wa ʼ lik ru kʼlej .
xekan ajkan le ajchaki bʼ .
ke tikon ria chija bʼ .
si bʼalaj itzel u bʼantajik rich ʼil akan .
ri ate ʼ k xu mal tyo xij cheri rati ʼt , ru mal ri utzalaj no ʼji bʼal xu kʼut chech .
k kamul ixu chak ri abʼix .
la xin utzukuj le tijo xel ?
are ʼ kachakun ro nojel q ʼij .
le e kʼa ʼ na taq tz ʼi ʼ.
saq rij ri plamux .
jas xaq ʼi ʼoxa tijo .
jas ru kʼx kichap wi u tijik le rik il ?
we ka tat in ru kʼ kʼata nja ʼ man kuq ʼatej ta le kʼak ʼ ya bʼil corona virus .
la kat bʼin pa le uxlan bʼal ?
lawa ral kʼux ixwa ʼwi ?
are le nu tat kin loq ʼo nik .
tajink chakun ri ala .
kʼo ri ki ʼ kote mala wu kʼ .
xuta jachinka ʼek .
xa twa ʼik xin wi lo .
x tz aq ri ra choch ru mal ri ja bʼ .
pa le junik ʼ chik are nimaq ʼij .
e ke bʼäm ke bʼin pa u wi ʼ ri tem .
mem ria chi .
ri wi kancha li ʼ y ke l pa juyu bʼ ch wi tzi ri bʼal .
le rajil , lapaj axel aq ʼax wu ʼ bʼik ?
pari su ʼt pisom wiri lej .
koj pe tik kolqa kʼama ʼ.
tajin kat ch ʼo p in chi u wach ri taq ʼaj .
leq ʼ orxch ʼuq ik .
kʼax wa ʼ ima wu mal .
kin bʼison che lew al .
si bʼalaj kʼo kʼ ri awa tz ʼya q .
kamik xuj bʼe cheuti kik taq che ʼ pari juyu bʼ .
ki nu loq ʼoj le nu tat .
chaqi ʼj chik richaj .
xyi lix ha wayi .
na x na ʼ taj ta chke chi xe a tinik .
ru kʼ kʼuwa ʼ we ri ʼ, ri ixk kʼoji ʼ jun utzalaj i kʼas le mal ri ʼ ch kiwach ri winaq che man e kʼo taiw u kʼ , kʼate kʼu ri ʼ man kʼota jun winaq ri ʼ ra jawa xik chi wech .
e pe tina q pa bʼe le ra chala xik .
kakaj le a kʼala bʼ kewa ʼik .
xuj ch ʼay bʼik .
ri nu chak are q ʼaxel tzij .
kʼo nar uxla bʼ ri awaj .
tajin kel loq, ri q ʼij .
xu q ʼi ʼoxkam sax ri ra chal al choch .
ri nu mam are kʼo uq ʼi nomal .
x kʼu lma taj jumul , xu bʼan jun nimalaj ja bʼ, man x bʼeye taj tana xu kʼis le uyu q ʼ chike .
ama ʼ rin utz ʼi ʼ.
jewa ʼkat pe tik .
xin kosik ru mal xin chaku nik
i we ch chi jujun al, ri wa .
xuq ʼi ʼon axa tat in taj .
in ri q taj inaq pari kʼayi bʼal .
na weta ʼm taj .
kʼax le nuq ʼa bʼ .
utz le xu bʼij le achi .
ke matz ʼi bʼ .
kʼo ra chal al pa tz ʼo loj che ʼ ri pe ʼ l.
ro nojel wa ʼ we jastaq ri ʼ, xask sach wi u wach wa ʼ ; ru kʼ we ri ʼ, ri ix, ra jawa xik che kʼo jun tyo x la ji kʼas le mal ek kʼoji ʼ ri ich ʼawem ru kʼ ri dyos,
xmuq taj ri patz ʼan .
rich ʼich ʼ tzijom kanoq pari u kʼol bʼal .
man kʼo ta u cholaj pa taq ria wuj .
ja chike ik ʼle u nimaq ʼij le tina mit nawa lja ʼ ?
xepe tik xol kikʼama ʼ.
kachuq ʼ chutrija ʼ chiapam .
xin bʼiji wir chi xe bʼe pa armita .
are ʼ u xe ʼ ojer tzij wa ral kʼi che ʼu bʼi ʼ.
x kʼis ri nu si ʼ.
jawi xki bʼij wi chike ʼe wi ?
¡ xaje kʼu ri ʼ, jachin taq rie kʼopa ri jude ʼ a, chi cha nim che ʼa nimaj u bʼi pa taq ri juyu bʼ,
kʼa kʼ ria bʼ .
la kʼo jun na kakʼoxom aj taj ?
na utz ta le u tʼisom le al mariy .
man ya ʼ tal taj chia we katok pa ja.
je ʼ, xa tutzukuj .
are kel waj xaqi bʼ uq ʼij rix kʼojik .
ri xunkurk kʼoji ʼ pa taq ri triko .
xin sachik .
xu tʼuyu bʼa ʼ
na nutom ta le tzij …
wach ʼom ri kiwari no ʼ s.
e kʼojo bʼ ch ʼil wa kʼ.
ra jawi xik chi pa taq ri tijo bʼal , pa nik ʼaj u bʼixik chik
ri rajaw ru lew are ʼ tat kel .
we kʼu xokik, we kʼ na xok ta
we achi xusipaj jun pʼot ch we .
a tat u taqo ʼ n leq ʼatal tzij .
naq ʼanta u wach le qap ru t .
ri xa ʼ r kʼopa u wi ʼ ri q ʼaq ʼ kpo q ʼo wik.
ri roq ʼej ri alija chakpe juna kʼal .
kʼo jun alapa tijo bʼal .
säq u wi ʼ ri tata ʼ.
ri wi tzik ʼ tajink pe loq .
jawi x sachon wikan uya ʼik lep waq che.
utz we achi we xin kuna nik .
qo nojel kuj wa ʼ pa u wi ʼ ri mexa .
ri kaxla ʼ nik man poqo n taj .
in xin bʼe ru kʼ ri wachi ʼl .
si bʼalaj je ʼ l xki lo xe kitzoqopij ri kichi jchila ʼ.
kin bʼinik xin ʼek .
kʼax kʼolik , kacha ʼ.
kutij ixim ri ak ʼ.
ri al ix chel , xu q ʼi ʼo xa juna kʼ xsipa xche .
xqasi kʼij le ixoq chu tzakik su bʼ .
ma taxa bʼinsaj lech ʼich ʼ.
ripix tz ʼa ra lik ru mal rieqa ʼ n.
¿jam pa ʼ kel chi 3%
kʼo jun nu kʼotoj chi ʼaj .
tajin kewa ʼ kat ri ala bʼom .
xin loq ʼ le nu kʼak ʼapo ʼ t.
na utzakik tas u bʼ tajin ku ʼa no
xoj u taq chi ʼij xoj wa ʼik .
i wech ria bʼix .
saq rij richij .
aj sik cheri tina mit kel wiri tata ʼ.
- ¡ay! xa xin tzaqu loq , kʼax we waqan .
x kʼu lma taj pa jun komon chi ʼ u wach jun juyu bʼ, xu riqa jun q ʼij xki ri q ki bʼ juni mul ru kʼlekok .
jas xa taq chi ʼj le akʼal chu tijik ?
xin chapo su xu loq ʼo .
q ʼi nom ri achi .
ri kʼum k tijo w ru kʼ kabʼ .
tajin kejach ʼa nik .
tze bʼal u kemik lepasa wu mal .
areka yo ʼw le u chikopil le u bʼantajik try pa nosom ab ru cei .
we kat nima nik utz ke lik .
pero no ʼji mal pe tnaq loq, .
are le nu chak jun tz uq bʼal wi bʼ .
xku na x le ya wa bʼ ru mal le aj q ʼij .
ri u kʼu ʼ x tz ʼi bʼ paqa tzijela juj .
si bʼalaj je ʼ lik rieqa bʼal xu bʼan ri lu ʼ s .
si bʼalaj atkon .
emanxo ri jupuq kej .
na x na ʼ taj ta chke xe a tinik .
ri kʼamal bʼe xu bʼij chike, chi majaria nim .
jumuch ʼ ri nu juna bʼ .
q ʼip taj inaq ri raqan ri tem .
k chakun ru kʼ ri jos bʼal che ʼ ri aja nel .
xa taq chi ʼj le akʼal chu tijik kar.
oj kʼopa le ro ʼ ch le awel .
¿ la kat pe q u kʼ chwe ʼ q ?
le winaq pa le ch ʼich ʼe tʼuyu llo wi .
xkanaj kanoq chi u xe ʼ ri ja bʼ rich ʼa ʼ n.
nim ri ja.
we taxak u naj le a tat ma tax kam la ʼ.
na nu kʼamom tu ʼ la ri ʼ.
chqa nu kʼu ʼ riqa tzij .
kim bʼe pa le tina mit .
x in q ʼi ʼo na xin atin taj .
ra jawa xik kakʼaman chawe le u tijik le le j .
kʼis bʼal taqno ʼji bʼal .
x ine ʼ wa ʼoq .
xki bʼan kʼax che le u wosaq ru mal man utz ta chika kayik .
ri q ʼutu ʼm man kech ta le a kʼala bʼ .
are na nim tal eatz ʼi ʼ chu wach le nutz ʼi ʼ.
xepe tik xol kila ʼ.
¿jaw chi ʼ xa ta ʼ che x kam ri u mam ripo ʼ x ?
e ke bʼ ke kʼam bʼik pa tuj .
x in loq ʼ jun japa ri wokaj ja .
ria x tu ʼ bʼ, kʼo qulaj chech .
jas karaj ka ʼ an chu tzakik leti ʼij .
xutij lewa .
xim bʼal re tzij .
xpax ri bʼo ʼ j.
we kawaj ka tinto ʼo xaq xu wi kabʼij chi we .
jas nu kʼu kuch ʼo bʼo .
jas karaj ku tijo ?
xe x ru xla bʼ ri rik il .
en itz ʼa ʼ q le taq imul .
we tane inxin bʼanow ik, are le ate ʼ kx bʼanowik .
kin tzalij pa le nu tina mit .
ri nu chaq ʼ kʼopa u ro ʼ q ʼatoj tijo nik pari tijo bʼal .
xin xi ʼj wi bʼ xin ch ʼa wik.
kʼo chwa ro ʼ ch le pare .
chi raqan kabʼin wiri tata ʼ.
x sachon kanu ya ʼik lep waq che choja .
xin q ʼax chik ixo ʼl ri winaq .
ketiko nik.
ri u lew man q ech taj , kech ri qati ʼt qamam .
xepe le winaq xol kikʼama ʼ.
xu loq ʼ ri wuj ru mal ri ali .
che we q ʼij kamik kʼo jun nutzijo nem chirij le nu tina mit .
kej ri ʼ.
x ku na na laq chwe.
ki nu sik ʼij le nu na n.
ri i mul xu ch ʼij taj , xkanaj pa bʼe, ru mal ri nimal kuj al uj ri i mul , x utz aq ria nim .
ku bʼan ri u xoq ʼo ʼl ri aj tz ʼaq .
ri la si bʼalaj utz cheku na bʼal .
kʼiki wach rie ʼ ajchaki bʼ pari komon tyo x , kʼate kʼut xa jun chi ajaw xel ;
xqata chixa tu lik .
kawaj chikat ʼek .
ch ʼuti ʼ n kekan aj ri xa ja bʼ chech .
kaqa xi ʼj q i bʼ kaqa chapo .
e kʼo ke bʼ u kʼajol le tat xwan .
lu ʼ su bʼi ʼ ri recham .
aj chi u wi ʼ miq ʼi nja ʼ ri lu ʼ .
x in ya kan le nu chi mpa kʼay bʼal .
kʼate x ri lo, xperi una n che utzuku xik , xki kotik , xu sala bʼisaj ri taq u xkin .
xki kʼut chi u wach ri aj tij xuquje ʼ chiki wach ri taqnik ʼaj kachi l.
utz le nu q ʼa bʼ .
ku lle alwe ʼ l pa a ustin chaq ʼa bʼ kamik .
ri ate ʼ kx tzaq loq are chi kʼopa u wi ʼ ri q ʼa ʼm .
aj pa tan ri te ʼk.
xatqaj chiupam ri il .
la kʼo tzij na kikʼoxom aj taj ?
x sachon chke chi xe a tinik .
ro nojel le u lewe chala q .
la xe bʼe kʼula xe ʼ kijaqa kʼu leu chi ʼja ?
xaq kat ch ʼok naji wir.
kamik kʼo chi ri jastaqa we .
are chi ʼ ka kʼis ri juna bʼ kʼo q ʼi nom .
pa nawal ja ʼ xin ale xik .
na xin tataj we are ria kʼal kix tzuqu wik .
¡ ru lew ri sab ʼu loner u lew ri ne ftali, u bʼ eripo low , ru lew ri jordan , gali le ʼa kech ri je taq amaq ʼ !
rax , rax , rax , kʼok ʼ, kʼok ʼ, kʼo kʼ le ru xla bʼ le taq tiko ʼ n.
ach ixa twi lo .
pa qal rajil le pix kamik .
xoj bʼinik .
pa jun je ʼ l tijo bʼal ku tijoj ri bʼ juna kʼal , u bʼi ʼ po ʼ x , utz ku ri lo ke pa tijo bʼal ro nojel taq q ʼij .
x waj chixa tʼe taj .
utz la ʼ le xu bʼij le achi .
weta ʼam jachin kapetik .
kinq ʼojoma nik .
xin q ʼi ʼo tak ʼa lik xinpe tik .
are ʼ reta ʼm che kinopa nik .
areta bʼal eqa qa jaw chat to ʼ wik.
ka winaq waqi bʼ q ʼataj .
naq aj chik cheri u waq kaj bʼal aretaq chi ʼk sach u wach ri q ʼij , kok ri q ʼe q u ʼm chu wach u lew , chi kʼate ʼ nari bʼe le je bʼ kaj bʼal .
jo bʼ raqan ri tz ʼalam xeporo xik .
si bʼalaj korij ri mop .
arewa ʼ.
jela ʼ pari ti minit ch wikab yok rech xelaj u ʼ, leq ana nqa tat kaki tikoje ʼ la laj taq u wach ichaj .
kʼax nuqul .
xu ʼ lu kʼama ʼ.
kojul kitzukuj .
are man kʼax tauku na xik aretaqa ninaq ka ʼ ili taj we ya bʼil al xuquje ʼmojo ʼ qa kuya ʼle kʼax kʼoli l chech le jolom aj .
ri we l kʼopa tijo nik .
kawaj kin bʼij .
ri ko tz ʼi ʼj kqa koj chiupam ri ja .
q ʼe q q ʼoj rij ri ama ʼkej .
na x waj taj xin ch ʼa wik.
ch peta bʼal e loq ʼalaj ja bʼ .
x sachon chke x at kisik ʼij .
e le q ʼal ch ʼich ʼ.
jachin xa wi lo chi are x tijo w ri ti ʼj ?
ma taka bʼe le nu x bʼal pa le tina mit .
pim ru q , ri ali .
¿ kʼo ri muq ʼechia wech ?
k qa bʼij man ke kowin taj .
kintij na .
kʼo jun qat ʼu ʼ y pa ja!
kʼopuj chiupam rich ʼa ʼk.
aretaq kin kosik kinwa rik .
xa twa ʼik xin wi lo
in xin ch ʼayow le achi .
konojel ri ala xik ke ʼ etz ʼa nik .
jas ru kʼ xki tij wi le kirik il ?
an inaq il kat pe tik .
na rax ta u wach le juyu bʼ .
ri tz ʼalam tz ʼi bʼa bʼal ra xk kayik .
we chat chaku nik, kʼo awa .
ma ʼ tam xatpe cheri wa ʼim .
kamul kin wa ʼ na.
ri sik il k tijo w ru kʼik .
kim bʼe aq ʼan ru kʼ le al tal in .
xoj ʼek xe ʼ q il al arqa sok .
xe kiq ʼil le ajchaki bʼ xki wokleja .
ma tane x waj le kʼuhj nem ru kʼ le ate ʼ k.
are xe ʼopan chi u chi ʼ ri juyu bʼ, xki lo chi man q as tak ʼoq ʼayes .
kʼate kʼut , ri jesus mank kojon tach kech rie ʼ are ʼ, ru mal rech che konojel reta ʼm kiwach ,
pa ʼ tzrij ri tz ʼi ʼ.
ju winaq waqi bʼ q ʼataj .
atel aq ʼom .
xaqa tjo ʼ s.
ri q ʼatzu, are q ʼalaj ri uq ʼij il .
ajchak we ala .
u bʼe leju ka kʼal taqanik (29).
ke bʼ nu bʼi ʼ kʼolik .
la katzalij lu ʼla a ninaq ?
katzuku n la chwe.
lakaj la koj bʼe ʼ pa le chomal chwe ʼ q ?
xin na bʼe jchuta sik qa kʼoli bʼal .
lal xin to ʼwik .
si bʼalaj ano ʼji bʼal .
xoj pe tik xolqa kʼama ʼ.
si bʼalaj je ʼ lik ri u wa ʼl ri ichaj .
kʼax wij ru mal in pacha lik .
aretaq xu kʼul maj wa ʼ xu l ri u chomanik xu bʼij : are utz wa aq ʼa bʼ kin wali jik, arecha ʼ chanim kinopan pa tijo bʼal , maj chik in kʼu lmaj .
ojaj xojo lo bʼ pa awasq ʼij .
xin sach che le u wokik le tzij .
e jula juj ri ak ʼ.
xutaj ampa ʼkoj ʼek .
qi lik .
ri tijo xel man areta nim chu wach ri raj tij. ri utz tijo xel q as jeri ʼ kʼolik jas ri raj tij .
in xa tinch ʼayo .
no ʼ jim chak wu mal .
ch ʼur ri joch ʼ.
in kin bʼij naka tsach taj .
uj maya bʼ .
ria bʼaj ya tzalik .
tajin kepix bʼax ria kʼala bʼ .
chom ria q .
xin wa rik .
e le men konojel ria kʼala bʼ .
tajink q ʼana rik ri we re ʼaj .
le u kemik le pas utz ( chawe ).
xuyu pu bʼa u wach ra ʼ chi, kacha ʼ, .
ri satanas kok pari judas ri kbʼi xiskari ʼo tech rech , ri are ʼ jun ch kixo ʼl rie kabʼ la juj .
chu chu rip ar.
kinqumuj ri nu joch ʼ.
chech punción lumbar amaq ʼel ra jawa xik chech ri lik le u kʼex bʼem wi le na bʼe ru kʼ le u kabʼ u kʼutu nem leya bʼil al .
q ʼalaj chinak awaj taj kabʼij .
kʼo q ʼol chirij ri si ʼ.
jawi xoj ʼe wich u loq ʼik ?
kʼo u loch ʼ ri tal in .
q ʼan rij riati ʼt nukej .
la x tzalij la i wir ?
xe si kʼi xik , kʼate kʼu ri ʼ xe ya jik, xuquje ʼ xe taq bʼi che u sik ʼik le mes .
lak ixwa rik ?
are kʼu le pa lomax xu bʼij che: -mam kat bʼison taj , kin si kʼij nik ʼaj wachi ʼl ke rapa pik .
a ʼree tijo xela bʼ .
ri alaj ali si ʼl xu bʼij x qa chap pa utzal ri tyo x.
x sachon chke jachin xe a tinik .
jas xu rayij leanan xutijo ?
x inko sik .
rax ro nojel ri q ʼayes ru mal leja bʼ .
kin ya wa ʼ we ch ʼich ʼ p inem na utz .
no ʼ jim u pach ʼu xik le nu wi ʼ.
naj kʼowi le wo ʼ ch chu wach le tijo bʼal .
ri oki bʼal kʼo chi u wach ri saq ja .
xe nu taq ch ʼij kek il le akʼala bʼ .
kʼo jun q ʼo xowem chi we .
tzari cho ʼ m.
we choj bʼe pa le nimaq ʼij , ke q il le aj xojolo bʼ .
xoj ʼek xe ʼ q il al arqa sok .
ri ate ʼ k xuta ʼ chech ri n anto ʼ n :- na njas che ʼ chiman kajtalaqa kʼa tisaj ri jo ʼ q .
ri pa l si bʼalaj xu ʼ y.
kin koj ri jok bʼal u lew .
in kin bʼij naka tsach taj
a traj kun le nu na n.
ku qam u jujoron ri aj tzij .
lu ʼ tz ʼalam u bʼi ʼ ria chike l pa nim che ʼ .
je ʼ lik uti ʼjol al ri saq ko ʼ r.
kʼo jun xa ʼ r pa ja.
xin loq ʼ jun kʼak ʼ pa tan .
kʼax u kemik lepasa wu mal .
an inaq u kemik le pasa wu mal
rich ʼa ʼ n sach inaq pa taqa bʼix .
rax taq leko tz ʼi ʼj .
me som kanoq ri u pam ja .
manaretar alax kosik .
ri komon xech pu p rech uq ʼa bʼ tina mit xo ʼ la bʼaj rech q ʼu markaj .
la utzakik kʼusu bʼ tajin ku ʼa no ?
kate la !
na xutij taj .
xa ru mal keta ʼm konojel ri winaq k kiq u muj le ja ʼ.
i wir xuj tzalij la pa kʼay bʼal .
qeta ʼm cheriqa waku juto ʼo .
ri aj tij , kya jon chikech ria kʼala bʼ .
jasu bʼanom le nu ch ʼuti tat ?
ch we ʼ q kin bʼe pa nim tina mit .
utz we ki weta ʼmaj jas ku bʼij ri chol bʼal q ʼij .
tajin kat ji low che uq ʼoxom jolom aj .
x in tik q ʼax chi u wach ri ja .
kʼax le ki bʼe le winaq .
loq ʼ kat kun taj che le ya bʼil (covid - 19).
ri n uxi bʼal kel pa q aj bʼal q ʼij .
x ri l ri axwan chi x wa ʼ ri ala .
le al ix kuna tajik .
weta kape leja bʼ kamik .
x in weta ʼmaj china xatpe taj .
rip waq rech we q ʼataj ri ʼ kesax chech ri toj bʼal kʼayi nem .
k tij ri u wa ʼlik ru mal ri ki nimaq ʼij .
xuchapuku na xik .
cha tan loq ali .
xin xu li ʼ qa jo q .
je ʼ lik k tijo w ri taqik ox.
kʼate kʼu ri le tat xo ʼ rx u bʼij , man kawaj taj , man kawaj taj .
kʼo jun tz ʼi ʼ pa bʼe .
kamul x inpe che a tzuku xik .
man tajin takin chaku nik .
kin chaku nik rechka twa ʼik .
jas ru kʼ xa wil wi chi xki qupij wi leti ʼj .
jas u bʼixik … ?
koq ʼ ri akʼal .
kawaj naka tʼe taj .
xat q ʼa jik .
we m na cha loq ʼaxi ya l , na kim bʼe ta a wu kʼ .
xopan le wuj aw u kʼ ru mal we chi n.
are kʼut pa le juyu bʼ k kʼiy joron, chila ʼ xe kikʼama wiri ja ʼ ri winaq .
koq ʼ ri akʼal .
we kʼo arajil chak ʼama loq .
are si bʼalaj kaq le apo ʼt chu wach le nupo ʼt .
x in kʼas taj pa ka bʼ la juj kaj bʼal .
kaqoy ʼej nak ixpe taj .
kokaxim ri chij xa jela ʼ man ka nimaj ta bʼik .
ri kok no jim x bʼek , xu ch ʼijo xopan pa u kʼis bʼalil le a nim .
xoj ki ʼ kotik aretaq xatulik .
kaq itz ʼ naj ri uxa ja bʼ ri akʼal .
ri jesusk wa ʼ kat pari nim ra choch ri dyos, chu xe ʼ ri jun jachera choch ri salomo n.
we taqanik ri ʼ ku bʼij chi raj awa xik kya ʼ uq ʼij ri winaq xuquje ʼ kto ʼa ninaq il .
ria xu x are na ri uku nel ri kinaq ʼ.
aretaq wa ʼ ri uq ʼijol we taqanik .
kʼo jun ta bʼal pa u wi ʼ ri xkan u lu bʼi ʼ la juj no ʼj .
yu ʼ lu bʼanom ri u kolo bʼ ri kej .
xa nimaj ria kʼal chi u wach ri u chu ch .
k ku na n ria chi .
kin wa ʼik rech nakin yowaj taj .
aj xik ch ʼich ʼri lu ʼs .
k waj che ix kix bʼanow ik .
a ʼre xeto ʼwa laq .
xoj ʼek xe ʼ q il al arqa sok .
xin loq ʼ jun ch ʼich ʼ, qaj inaq u wach .
ku tʼis rip antalon .
e janipa le awal kʼwa le kʼolik ?
utz u kemik le pas chawe .
ri max are aj q ʼa niya ʼ.
mata bʼ achiri q kʼax pa le bʼe .
tajin ka nimaj , ri me ʼ s.
ixi xe ʼ laq ʼoma bʼ !
x sach an chwe.
e kʼo kʼi che ʼ, chi u wach ri juyu bʼ .
arewa ʼ ri nimalaj pixa bʼe arewa ʼ ri na bʼe .
xreta ʼmaj chi ru kʼ pa kʼku tij wi
jas utzakik le su bʼ xu ʼa no ?
aj xo ʼ yri wikan .
we tanea ʼ re xe tijo w le rik il , are le komon xe tijo wik.
si bʼalaj an inaq kach ʼaw le are ʼ chi nu wach in .
utz we kin chakuj .
me ʼ s la ʼ.
kʼo kanwa rechkaqa tijo .
x in si kʼij la .
ria kʼal x sach kanoq jela ʼ pa taq ʼaj .
xesi kʼij la .
jawi xki bʼij wi chike ʼe wi ?
ru mal che , manixtari ʼ ri kix ch ʼa wik, are ri ru xla bʼ axel ri i tat ri ʼ rik ch ʼaw na i wu kʼ ri ix .
kʼak ʼ ri wa choch .
si bʼalaj utz kin wil le atz ʼya q rech nahuala .
saqpor k kay ri kipo ʼ trina n.
x sachon ri nu chak chwe.
wa ʼim xu chapo .
ri q ʼaq ʼ tajin kajulu wik .
najil u pam ri siwan .
e kʼo riqa chal al pa chiu wi ʼla .
jas xa taq chi ʼj le akʼal chu tijik ?
no ʼ jim u kemik lepasa wu mal .
kʼo jun ku ku bʼi ʼt intin, wa ʼle laj ku kmam kajeqi taj , kapaqik ax u lik pa u wi ʼ uq ʼa bʼ taq che ʼ, si bʼalaj sak ʼaj , ke ʼuto le e nima ʼ q , ch ʼut in, ra chi ʼl , aj sipa nel si bʼalaj utzra nima ʼ.
ri u pixa bʼ leq ʼat bʼaltzij kiya ʼu bʼixik .
na xsachonta chke xe a tinik .
xeq il le chiko p pu wi le ja .
x lo ʼ taj ri akʼal .
qo nojel kuj wa ʼ pa u wi ʼ ri mexa .
xsik irle waqan .
la xa twa ʼ kʼut ?
nim u bʼa q ʼritulul .
kin xik ʼik ʼik xin q ʼaxik .
la kat bʼe pa le tina mit ?
ri pa l si bʼalaj saq ʼo r.
k q ʼo xow nu jalom .
xin na ʼo chikat pe tik .
x loq ʼu lewiwe chi x.
xin chakun ru kʼ ri nu mam .
na xqa bʼantaj .
k kʼoji ʼ bʼa ʼ ri u sipa nik ri ajaw xel jesusk ri sto ru kʼ ri aw uxla bʼal !
kin ch ʼaw ru kʼ le nu nan pa lech ʼa we bʼal .
si bʼalaj q ʼe q u ʼm ru mal ri mayul .
are leba xu lik .
xe kos le i xoqi bʼ pa le bʼe .
kʼax ri lik le akʼal chawe .
x in q ʼi ʼoxi na tin pa joron .
si bʼalaj nim le tina mit .
kʼax u kemik lepasa wu mal .
xin sachik .
tajin ke lu kikʼel pa raqan ri tz ʼi ʼ.
xin weta ʼmaj ri lik wi bʼ
ri q ʼuq ʼ are jun je ʼl chi kop.
kʼopa jatijo bʼal ri wikaq ʼ.
ri sachi bʼal mak raj wa xik chi q axo ʼl .
je ʼ, kim bʼek .
je la le ʼ ri nup wi ʼ.
xu bʼij che :- jas xa bʼano tintin ?
kabʼan junto q ʼo bʼ kyak ri nuj al .
kat ʼe kxin ta .
jas le u kʼex bʼem ri bʼ le jun ru kʼ le jun chik ?
aj chi u wi ʼ miq ʼi nja ʼ ri lu ʼ .
ri tijo nel najk pe wi.
te ʼ kix cho bʼ u bʼi ʼ ri nu tat .
ri ja ʼ kamiq ʼik chi u wach ri q ʼaq ʼ.
ri tʼu ʼ yk paq ʼowik .
kinme son na .
naq ajat kʼowi chi we ch.
xin bʼiso nik taqna xatpet taj .
we x kam ri winaq , rip waq rech toj bʼal ma kaj kya ʼ chikech ri rala xik .
ri nu nan x bʼe pa kʼay bʼal .
xoj u kʼamuloq rechkoj ri lo
x kʼo to chi n chiki wach chik in wa ʼaw u kʼ .
na xki kamsaj taj xki kʼam bʼi choja .
kʼak ʼ ri ik ʼ kamik .
xim bʼe ru kʼ le aj ku ni wir.
ri lik .
letz ʼi ʼ xeko sik .
xin kikotaw u mal .
ri i mul xu maj ria nim, xuya kan le kok .
kʼo oj cheri akʼal .
xuj bʼe pa jun kʼula nem .
utz we k waralaq .
kaqilo china koj u kʼam taj .
xreta ʼmaj chi ru kʼ pa kʼku tij wi.
si bʼalaj xin kʼa ʼ na rik .
xin kochij ri nu wa .
man kat kowin taj kat chaku nik, we man kʼota ria jila bʼal .
we wonon xu bʼij chike :-ki xin to .
ri ala nim k ri l wiri u mam .
xka ʼ y chirij , xka ʼ y chu wach , ma kʼota chi jun k si lo bʼik , xoq ʼik xu xe ʼj ri bʼ x ch ʼopi nik x tzalij loq xu riqta chik ri u bʼe .
kʼo pus cheri wa .
pi nem na kabʼe lewa tz, kim bʼe wi in pa ka ʼyi bʼal .
ri n anto ʼ n nim winaq chik, saqu wi ʼ, ro nojel aq ʼa bʼ utz kuna ʼo ka tʼuyi ʼ pa u tem , ku miq ʼisaj ri bʼ chori q ʼij , kʼo junu wi ʼ u mam u bʼi ʼate ʼ k.
mane kʼi taj riqu la ʼ.
q ʼalaj chinak awaj taj kabʼij
x paqa bʼisax rajil ro nojel ri kem .
kʼo pari jul ri ku matz .
ro nojel q ʼij kin ch ʼaj le nu w are .
saq chikan le ichaj rechka tzako.
chu xel eqa chomal kaqa tij wi jun q ameq ʼin .
cha wila ʼ.
e kʼojo bʼ u mi ʼ al, ri nu tat .
jas ru kʼ xa wil wi
je ʼ jas ri winaq rech ri u wach u lew , xoquje ʼ ke pena ri ʼ ri e ʼ are ʼ che e rech ri u wach u lew ; je ʼ jas ri winaq rech ri kaj , xoquje ʼ ke pena ri ʼ ri e ʼ are ʼ e rech ri kaj .
xin tijo .
k tz ʼu juw ri ra choch ripo ʼ x.
xu q ʼi ʼo are le u kʼu lel x ya ʼow u wa .
ria we l xreta ʼmaj chi ra jawa xik man ku xej tari bʼ cheri tukur .
ju kʼu laj winaq xe ʼa nimaj bʼik .
je ʼ, xin tzalij ik .
xoj pe tik xolqa kʼama ʼ.
maj jachin x ʼek .
inaj tij ; at tijo xel .
saqu wi ʼ ri tata ʼ.
wech ri kem .
le ro ʼ ch le ate ʼ k kʼo ch wach le u kʼay le nu na n.
k bʼe pari si ri ʼa e pari sili si ʼa, jawi je ʼ kuya wiri kichuq ʼa bʼ ri komon tyo x.
pixa bʼ : man utz taj kʼax kujch ʼaw chikij nik ʼaj q achi l.
x kuna taj le al i( ku mal ri i xoqi bʼ ).
ri xi bʼi bʼal chi kʼowi pa taq riqa kʼas le mal ro nojel q ʼij .
na kuj war tawa ral .
on chek kʼoji ʼ ri utzil chixo ʼ l , arech junam ri qa kojo nik, junam ri i we chi x ru kʼ ri we chi n.
pa oxq ʼij ri sa ʼ nk bʼe na ru kʼ ri aj kun .
ka winaq wuqu bʼ .
jas kawaj kin tijo ?
we taxat bʼe wu kʼ pa le tina mit , xa loq ʼ tala ʼ le u jastaq le a kʼajol .
ke bʼe pa wa ʼim .
x in loq ʼ kʼiwa .
pa jun nim kʼa che ʼ laj , kʼo jun kʼ wa ʼ si bʼalaj saq lo loj , nim u wach .
k waj katij ju bʼa ʼ wa .
ro nojel winaq kril nari u kolo nem ri dyos » .
x kʼo to chi n chiki wach chik in wa ʼaw u kʼ
k waj naka tʼe taj .
la xa loq ʼ jun alej ?
e kʼo rie loq ʼoma nel .
ri u kabʼu bʼi ʼ ri nu mam are ya y .
kin jopij ri i ja ʼ rech triko .
x na ʼ taj chke xe a tinik .
xate ʼ q ila ʼ.
kaki tij alan xax ri winaq .
. . . kin bʼij chi arewa ʼ sin xi ʼ an .
na xin na bʼej ta chu tasik qa kʼoli bʼal .
ru mal rech cheweri in, kin ch ʼaw ru kʼ ri dyos pa ch ʼa bʼal , k ch ʼaw na kʼu ri ʼ ri wux la bʼal ru kʼ ri dyos, kʼate kʼut man kʼota u patan ri ʼ ch rech ri nu choma bʼal .
xepe tik xki lo .
xuta we kat ʼek .
utz u kemik le pas chawe .
ri nuwaka x xutij jun q ʼo q ʼ ru mal ri ʼ x kamik .
ru mal ri kʼix , man kewa ʼ taj ri winaq .
xe ʼulik .
q ʼe q rij ri ama ʼ chi j.
x raj ka ʼe le u na n.
junam ki juna bʼ .
naq ʼalaj taj we ka ʼe k.
ri wi x nam ch ʼaj ch ʼoj ri ra choch .
wa ral man kʼo taja jawa l.
na i wir tax ri lle kʼamol bʼe .
x inpe loq te kʼu ri ʼ xin tzukuj ro nojel ri nu rajil .
ri aj tiko nel kutik ri tzij .
kʼo e kikʼajol lea chija bʼ .
ku tij q ʼayes ri ixpa ʼ ch.
pari wa ʼ bʼal e kʼo kawinaqa chija bʼ .
si po jinaq ri nu pam .
kaya ʼ tajik ru kʼuti ʼonem jun ri u riqom le ya bʼilamolot setsé xuquje ʼ areka ya ʼ taj pa taq ri juyu bʼ .
jachin ria chi ?
ri nu mam x kamik aretaq kʼo jumuch ʼ la juju juna bʼ .
kin kowi nik kin kʼam bʼi lep waq .
kin wi lo chi utz ri aji ʼ.
x in q ʼil riapo ʼ x che man kachakun taj .
k wa ʼ chi u wach le taq ʼaj ri ama ʼa kʼ.
ri i mul xepoq ʼik pa junik ʼ.
x kʼis kanoq riqa chak.
are ri al ixo ji low kanoq .
si bʼalaj ch ʼu ʼj ri amax .
kʼo nu wachi ʼ.
inchajinel kech le akʼala bʼ .
xe kos letz ʼi ʼ.
kin bʼenak u kʼ ri molaj .
ro nojel aq ʼa bʼ kin yi tz ʼ ri wakax .
karapi nik xu tzukuj chi jun awaj .
le u kemik le pa san inaq (aw u mal ).
maj u rajil leq ʼa bʼarel .
kʼax ri ʼ ri kach ʼa wik.
xoj u taq chi ʼj le achi chu loq ʼi kichaj .
si bʼalaj kʼax ri x kʼu lma xik .
xki lo chi nakin kʼoxom aj taj .
x na ʼ taj chke chi xe a tinik .
x kʼoto chi n chiki wach chi xoj al wo ʼ qa ku kʼ .
jun q ʼu ʼ q rajil ri kaxla ʼ n wa .
xin wi lo chi xe ʼe lik .
e kʼo i xoqi bʼ pa le kʼay bʼal .
man kʼo taj u kʼisik ri maya bʼaj la bʼalil .
ri sink kʼiypa taq ʼaj .
rich ʼima mank kʼiy taj pa taq ʼaj .
ra jawa xik kji kik ri waqän .
kawaj kin ʼek .
e kʼo oxi bʼak ʼ.
xu bʼij ch we jawi at kʼowi .
ch we ʼ q kuj bʼe ʼ pa muquj .
pa saq kʼaja ʼ kbʼan wiri uq .
xoj kisi kʼij .
x in wil wi bʼ .
chaq ʼchik ri wa .
kim bʼe nakapa le wo ʼ ch .
kawaj kin ʼek .
rich ʼu ʼk tij ru kʼlej .
pari kiq ʼij kaminaq i bʼ kbʼan q ʼo ri kʼya ʼ rech aj :na bʼerinan kutzukuj kan ri aj , kujach ʼo ʼ xuquje ku kʼeto .
jas kaj bʼal cha nim ?
utz u chomanik ri ali .
pari q ʼijo x la juj tija xkin kʼis ke bʼ juna bʼ kin chakun waral .
si bʼalaj ko, ri kʼak ʼ ch ʼat .
jas karaj ku bʼij … ?
rich ʼich ʼ kas il abʼik .
pa ojerq ʼalpul xaq xu wiri nim winaq ke kʼamow bʼe .
le u ku na xik le u kabʼ u kʼutu nik are ru kʼ e flor ni tina on utuni bʼaxik le nifurtimo x chi ʼ le flor ni tina chech t. b. g.
are ria chi xin ch ʼayowik .
juna chi u bʼik u ʼ xusipaj ke bʼ kʼa ʼm u lew rech kabʼan ri tijo bʼal , kamik , kʼo chikaj tij rech ri komon xech pu p .
xu mal tyo xij cheri aj tij ro nojel le xu kʼut chi u wach .
pari bʼe xki raq juna lajimul saq rij , xki kʼam bʼik .
xril le bʼal e ala .
jas ku bʼij chwe ?
le u kuna tajem are ru kʼ utzuku xik le u chikopil pa junu soli ku xe ʼ le kikʼon leja ʼ rech jun nodo .
utz we nutz ʼi ʼ.
je ʼ, tajin kachaponik .
ki nu loq ʼoj le nu tat .
kawaj kim bʼe pa tina mit .
are la ʼ kin chakuj .
ri nima ʼ q taq winaq kʼoketa ʼma bʼal .
we taxat bʼe wu kʼ pa le tina mit , xa loq ʼ tawa ʼ we jastaq .
ri kikʼas le mal . wa ixim u lew xa jun chima areta tini mit ri ma
ri u kʼ ya bʼal na jupam .
xatqaj chiupam ri il .
noji mkat wa ʼik .
we kʼo jun ktuqa ʼ rik , ¿ la man xoquje ʼ taj kin tuqa ʼ r ri in ?
ojoj wokolja .
awas kbʼan kʼax che jun nim winaq .
x in ch ʼaw apan ru kʼ le wana bʼ .
kʼax ri u pam ri ju ʼl .
tajin kewa ʼ ri imul .
lakaj lak uj tzalij la a ninaq ?
ru mal rech cheri mak aj man kʼota u kowi nem pi wi ʼ ri ix : ri ixma nix kʼota chi chu xe ʼ ri pixa bʼ, xane ix kʼo chu xe ʼ ri sipa nik .
nim raqan le che ʼ.
xin chapo .
are le tu ʼ rle loq ʼoma nel .
xaskat kʼoji ʼ chiupam rich ʼich ʼ.
si bʼalaj nim raqan ri kʼamal bʼe .
letz ʼi bʼa bʼal we chi n.
in xin to ʼw la .
xaje kʼu ri ʼ ri ixkamik ri ʼ manix kaxlan winaq tachik ; ri ix, ix rech ri ki tini mit ri e tyo x laj taq winaq , ix rech ri ra choch ri dyos .
xin tiko xlaj kʼal ichaj .
kaqa ri q q i bʼ chwe ʼ q .
si bʼalaj utz cheri wi ʼaj ri tuney .
we na jupu lik ta xeqajik . . .
x into ʼ taj cheri nu chak .
kʼo jun chikopu bʼi ʼ pu m .
poqon ri ik .
xoj bʼinik .
xu ch ʼek ro nojel le retamanik xpaqi ʼk kʼax kwʼi nik xu bʼanaj kun .
ke lu bʼik pari jude ʼa ek tzalij chi u bʼi jumul parigal ile ʼ a .
x ina xi bʼij pa bʼe .
je ʼ l kʼolem chi awa choch .
ro nojel ri ya ʼ tal il pa we q ʼataj , tz ʼaqat ki wach , mank tzaqta kanoq xuquje ʼ mank tas taj .
xuku naj le ya wa bʼ le aj q ʼij .
chi tata bʼej jas le kim bʼij .
ch ʼan al ri achi .
pa bʼoko ʼ kachakun wiri tax .
uj kʼopa u wuq q ʼij .
ki ʼ ri u kabʼ riaqa j.
kʼo ra chal al pa tz ʼo loj che ʼ ri pe ʼ l.
xki lo chik in kʼoxom aj .
ri u kisak ʼutz kya ʼik chi u xe ʼ ri tiko ʼ n.
aretaq chi ʼ kaq ʼan pu wi ʼ ri juku bʼ, ria chi che x kʼoji ʼ ri itzel uxla bʼal ru kʼ , ku tach rech ri are ʼ, arechk kʼoji ʼ ru kʼ ri are ʼ.
na kabʼan taj ta wu mal .
x na ʼ taj chke xe a tinik .
xin paj ri nu triko .
xe ʼok ri pok ʼ pari umexaripo ʼ x.
ka juluw ria q ʼa ʼl chi u xe ʼ ri tʼu ʼ y.
awech leja .
xuj bʼe pa tzu rik .
na bʼexa to pa nik .
ri u kabʼu bʼi ʼ ri nu mam are ya y .
uwaj xaq u ka kʼal taqanik (28).
ma tak ʼo jun kakanaj kanoq , qo nojel koj bʼek .
e nima ʼ q le al toma bʼ .
nim u wach ripo ʼ t.
kojo nik pari utzij wa ixim u lew .
jas xu kʼam bʼi letz ʼi ʼ xa wi lo ?
x inpe tik, tat .
ri bʼelaj u wach .
chi tata bʼej jas ri kim bʼij .
je ʼl ku na ʼ ria bʼix chiupam ri ququ lew .
kin bʼisoj u wach lew al .
xu tʼuyu bʼa ʼ.
nim ria we q e le ʼ nxa riqo .
x ine ʼ wa ʼoq .
chi ʼ ke warwi le akʼala bʼ .
ri nu mi ʼal xu taq loq jun taqo ʼm wuj chi we .
q ʼe ʼ lik, richaj pari bʼe .
la utza wach ? - utz malty ox , e kʼu riat ? – utz malty ox.
x in kos ru mal nu chak .
k bʼe ku kʼ ri e ʼ are ʼ ek tzalij parinas arete ke ʼu nimaj .
ri joj xu kʼam bʼik ri ak ʼ.
kʼo chi wachi ʼl cha nim .
ku bʼij chech na ʼl kabʼan cheri atz ʼi bʼ .
e . . . in kawaj katzjoj bʼilach we .
ma tax in yaj le ali .
jachin ru kʼkat bʼe wi ?
kʼosi bʼalaj eta ʼma bʼal pari maya bʼ no ʼji bʼal .
emanxo ri jupuq kej .
kas u mum ri kaq iq ʼ.
e kʼokaji bʼa kʼala bʼ pa le bʼe .
je ʼ jas ri u tat kka ʼyik .
xaqa tmolo nel tzij tal .
le nu tat ka loq ʼon chwe .
xaq tane kim bʼe i wu kʼ .
xreta ʼma juch ʼajik .
ru mal la ʼ x koj “ x al q ʼat ” che u bʼi ʼ ri komon .
are le u kemik pas xreta ʼmaj .
ri wa ti ʼt ku bʼan na ri u patan .
kʼak ʼ le po ʼ t.
reta ʼm u wach jachin x loq ʼow ri pas .
kench ʼa bʼej le akʼala bʼ .
ya ʼ tal chaq eqo nojel ri uj winaq utz ka qilqi bʼ .
x koti ʼ pa q ʼayes xoq ʼik .
ka winaq bʼe le je bʼ q ʼataj .
e kʼokaji bʼral ri i mul , jun saq, jun q ʼan , jun q ʼe q , jun q ʼeqoj , si bʼalaj ketz ʼa nik, kech ʼopi nik ri alaj taq imul .
k chol ol ri achacha l.
kete kik ri ikʼ.
xepe tik rechkewa ʼiw u kʼ .
tzatz ri uq ʼa nil ria kʼ.
xoj tzalij ikxi xe ʼ q aq ʼat uj ku kʼ le ita tina n.
ri yo ʼ x taqa kʼala bʼ ke ki kʼux ri atz ʼya q .
we achi we xusipaj jun po ʼt chwe x kamik .
k kowin ri kuna nel cheku na nik .
xji q ʼ pa ripo low .
xa ru mal si bʼalaj ra jawa xik le loq ʼalaj ja ʼ, le winaq xki bʼij : che we ik ʼ ri ʼ qo nojel kuj bʼe cheuti kik taq che ʼ.
ri u nanerier achal al ke pe u loq ru kʼ ri are ʼ, kʼate kʼu ri ʼ, man ke kowin taj keqi bʼ u koq ru kʼ , ru mal rech che e kʼosi bʼalaj winaq .
ru mal rech , che man kʼo taj unk kowin che u kojik juntiki bʼalil chik chu wach ri kojom chik che are ri jesusk ri sto .
te kʼu ri ʼ x utz ʼi bʼaj ri bʼ pari nimalaj tijo bʼal rech aj ku ʼ n.
ka juluw rich ʼu mil chaq ʼa bʼ .
kʼis bʼal kanoq , xoquje ʼ k kam ri ixoq .
le ala xokik .
kʼo p waq pa u wi ʼ ri mexa .
areka waj nakin ʼe taj .
ri ya wal ku koj ri ali chi u xe ʼ ri chak ach are u su ʼ t.
na kaqa kʼam tu ʼ bʼi kamik .
ri aj tij ku bʼij chike : ra jawa xik keqa chajij ri awaj , are u tiko ʼ n ri ajaw .
xin tij mukuni wir.
kʼax le u wi ʼ taq le nu q ʼa bʼ .
xin loq ʼ jun il bʼal wi bʼ .
wa ʼ we q ʼij , nim u bʼantajik .
ri u xe ʼal ri qatina mit man kasach taj .
xoj bʼinik .
ria chal al junam ki wach .
xin weta ʼmaj ri lik wi bʼ .
nim ri u na ʼoj waj tij .
mi q ʼin ri kʼul .
aj q ʼojom ri ate ʼ k.
che le sanik che ʼ kbʼan wiri q ʼojom .
kape le awel pa nawa lja ʼ.
ri me sonel tajin kchaku nik .
utz chaqe kaqa to ʼ q i bʼ, taq kʼo kʼax kʼoli l, kate we chi ʼ n ri ajaw paqa wi ʼ.
xa wi lo, x q ʼatan le ibʼoy .
xa tkowi nik xa bʼano .
ki ʼ ri kʼawe x.
kajil il ri bʼe .
le ali xel bʼik .
are ʼ x raj xin bʼano .
nim we a bʼaj .
je ʼ lik uti ʼjol al ri saq ko ʼ r.
no jinaq ri kej .
we katijan xuxman katuto ʼ ta chi uq ʼati xik le kʼakʼ ya bʼil corona virus ( 2019 - ncov).
na nim ta raqanwa ʼ we che ʼ.
utzalaj ajchak, ri we l.
¿jam pa ʼ kuj bʼe pa nimaq ʼij ?
ra jawa xik tane la ʼ kat chakun wu kʼ .
xu taq chi ʼj pa warampu lew .
man areta ri axwan xe lik .
ria wi x xu loq ʼ ra choch re nimal .
are ri ixoq xin si kʼin u loq .
ri ch ʼima kʼat ʼon na .
la xi bʼan le ichak ?
kʼi tina mite kʼopach ʼo ʼj .
kʼo jupuq chij chi u xe ʼ ri che ʼ.
ri u xaq ria bʼix are u wari kej .
ka winaq q ʼataj .
lak ixpe pa tijo bʼal ?
we kechajix taq le kʼ wa jachakin bʼij ; juna lik kʼo ja ʼ xuquje ʼ si bʼalaj saq lo loj .
xreta ʼmaj .
ri ala bʼom ri al itoma bʼ tajin kiki tijo jki bʼ rech su taq , are kakaj kiki bʼan nimaqa chija bʼ chupam ri kikʼas le mal , xuquje kʼo chik jupuq bʼixonel chupam ri komon .
la tz ʼu wach ri bʼe .
kʼak ʼ ri ach ʼich ʼ.
qo nojel uj , uj maya bʼ taq winaq .
nojel q ʼij riati ʼ x kuyu q ʼuj le taqa waj jela ʼ pa nik ʼaj ja ʼ, chirij ri juyu bʼ u bʼi ʼte na ʼ.
pa q ʼom chik ri si ʼ.
kin tzuku n chela .
kaki tij le kinaq ʼ, le ichaj , le u wa ʼ lik ru kʼlej .
xekan ajkan le ajchaki bʼ .
ke tikon ria chija bʼ .
si bʼalaj itzel u bʼantajik rich ʼil akan .
ri ate ʼ k xu mal tyo xij cheri rati ʼt , ru mal ri utzalaj no ʼji bʼal xu kʼut chech .
k kamul ixu chak ri abʼix .
la xin utzukuj le tijo xel ?
are ʼ kachakun ro nojel q ʼij .
le e kʼa ʼ na taq tz ʼi ʼ.
saq rij ri plamux .
jas xaq ʼi ʼoxa tijo .
jas ru kʼx kichap wi u tijik le rik il ?
we ka tat in ru kʼ kʼata nja ʼ man kuq ʼatej ta le kʼak ʼ ya bʼil corona virus .
la kat bʼin pa le uxlan bʼal ?
lawa ral kʼux ixwa ʼwi ?
are le nu tat kin loq ʼo nik .
tajink chakun ri ala .
kʼo ri ki ʼ kote mala wu kʼ .
xuta jachinka ʼek .
xa twa ʼik xin wi lo .
x tz aq ri ra choch ru mal ri ja bʼ .
pa le junik ʼ chik are nimaq ʼij .
e ke bʼäm ke bʼin pa u wi ʼ ri tem .
mem ria chi .
ri wi kancha li ʼ y ke l pa juyu bʼ ch wi tzi ri bʼal .
le rajil , lapaj axel aq ʼax wu ʼ bʼik ?
pari su ʼt pisom wiri lej .
koj pe tik kolqa kʼama ʼ.
tajin kat ch ʼo p in chi u wach ri taq ʼaj .
leq ʼ orxch ʼuq ik .
kʼax wa ʼ ima wu mal .
kin bʼison che lew al .
si bʼalaj kʼo kʼ ri awa tz ʼya q .
kamik xuj bʼe cheuti kik taq che ʼ pari juyu bʼ .
ki nu loq ʼoj le nu tat .
chaqi ʼj chik richaj .
xyi lix ha wayi .
na x na ʼ taj ta chke chi xe a tinik .
ru kʼ kʼuwa ʼ we ri ʼ, ri ixk kʼoji ʼ jun utzalaj i kʼas le mal ri ʼ ch kiwach ri winaq che man e kʼo taiw u kʼ , kʼate kʼu ri ʼ man kʼota jun winaq ri ʼ ra jawa xik chi wech .
e pe tina q pa bʼe le ra chala xik .
kakaj le a kʼala bʼ kewa ʼik .
xuj ch ʼay bʼik .
ri nu chak are q ʼaxel tzij .
kʼo nar uxla bʼ ri awaj .
tajin kel loq, ri q ʼij .
xu q ʼi ʼoxkam sax ri ra chal al choch .
ri nu mam are kʼo uq ʼi nomal .
x kʼu lma taj jumul , xu bʼan jun nimalaj ja bʼ, man x bʼeye taj tana xu kʼis le uyu q ʼ chike .
ama ʼ rin utz ʼi ʼ.
jewa ʼkat pe tik .
xin kosik ru mal xin chaku nik
i we ch chi jujun al, ri wa .
xuq ʼi ʼon axa tat in taj .
in ri q taj inaq pari kʼayi bʼal .
na weta ʼm taj .
kʼax le nuq ʼa bʼ .
utz le xu bʼij le achi .
ke matz ʼi bʼ .
kʼo ra chal al pa tz ʼo loj che ʼ ri pe ʼ l.
ro nojel wa ʼ we jastaq ri ʼ, xask sach wi u wach wa ʼ ; ru kʼ we ri ʼ, ri ix, ra jawa xik che kʼo jun tyo x la ji kʼas le mal ek kʼoji ʼ ri ich ʼawem ru kʼ ri dyos,
xmuq taj ri patz ʼan .
rich ʼich ʼ tzijom kanoq pari u kʼol bʼal .
man kʼo ta u cholaj pa taq ria wuj .
ja chike ik ʼle u nimaq ʼij le tina mit nawa lja ʼ ?
xepe tik xol kikʼama ʼ.
kachuq ʼ chutrija ʼ chiapam .
xin bʼiji wir chi xe bʼe pa armita .
are ʼ u xe ʼ ojer tzij wa ral kʼi che ʼu bʼi ʼ.
x kʼis ri nu si ʼ.
jawi xki bʼij wi chike ʼe wi ?
¡ xaje kʼu ri ʼ, jachin taq rie kʼopa ri jude ʼ a, chi cha nim che ʼa nimaj u bʼi pa taq ri juyu bʼ,
kʼa kʼ ria bʼ .
la kʼo jun na kakʼoxom aj taj ?
na utz ta le u tʼisom le al mariy .
man ya ʼ tal taj chia we katok pa ja.
je ʼ, xa tutzukuj .
are kel waj xaqi bʼ uq ʼij rix kʼojik .
ri xunkurk kʼoji ʼ pa taq ri triko .
xin sachik .
xu tʼuyu bʼa ʼ
na nutom ta le tzij …
wach ʼom ri kiwari no ʼ s.
e kʼojo bʼ ch ʼil wa kʼ.
ra jawi xik chi pa taq ri tijo bʼal , pa nik ʼaj u bʼixik chik
ri rajaw ru lew are ʼ tat kel .
we kʼu xokik, we kʼ na xok ta
we achi xusipaj jun pʼot ch we .
a tat u taqo ʼ n leq ʼatal tzij .
naq ʼanta u wach le qap ru t .
ri xa ʼ r kʼopa u wi ʼ ri q ʼaq ʼ kpo q ʼo wik.
ri roq ʼej ri alija chakpe juna kʼal .
kʼo jun alapa tijo bʼal .
säq u wi ʼ ri tata ʼ.
ri wi tzik ʼ tajink pe loq .
jawi x sachon wikan uya ʼik lep waq che.
utz we achi we xin kuna nik .
qo nojel kuj wa ʼ pa u wi ʼ ri mexa .
ri kaxla ʼ nik man poqo n taj .
in xin bʼe ru kʼ ri wachi ʼl .
si bʼalaj je ʼ l xki lo xe kitzoqopij ri kichi jchila ʼ.
kin bʼinik xin ʼek .
kʼax kʼolik , kacha ʼ.
kutij ixim ri ak ʼ.
ri al ix chel , xu q ʼi ʼo xa juna kʼ xsipa xche .
xqasi kʼij le ixoq chu tzakik su bʼ .
ma taxa bʼinsaj lech ʼich ʼ.
ripix tz ʼa ra lik ru mal rieqa ʼ n.
¿jam pa ʼ kel chi 3%
kʼo jun nu kʼotoj chi ʼaj .
tajin kewa ʼ kat ri ala bʼom .
xin loq ʼ le nu kʼak ʼapo ʼ t.
na utzakik tas u bʼ tajin ku ʼa no
xoj u taq chi ʼij xoj wa ʼik .
i wech ria bʼix .
saq rij richij .
aj sik cheri tina mit kel wiri tata ʼ.
- ¡ay! xa xin tzaqu loq , kʼax we waqan .
x kʼu lma taj pa jun komon chi ʼ u wach jun juyu bʼ, xu riqa jun q ʼij xki ri q ki bʼ juni mul ru kʼlekok .
jas xa taq chi ʼj le akʼal chu tijik ?
xin chapo su xu loq ʼo .
q ʼi nom ri achi .
ri kʼum k tijo w ru kʼ kabʼ .
tajin kejach ʼa nik .
tze bʼal u kemik lepasa wu mal .
areka yo ʼw le u chikopil le u bʼantajik try pa nosom ab ru cei .
we kat nima nik utz ke lik .
pero no ʼji mal pe tnaq loq, .
are le nu chak jun tz uq bʼal wi bʼ .
xku na x le ya wa bʼ ru mal le aj q ʼij .
ri u kʼu ʼ x tz ʼi bʼ paqa tzijela juj .
si bʼalaj je ʼ lik rieqa bʼal xu bʼan ri lu ʼ s .
si bʼalaj atkon .
emanxo ri jupuq kej .
na x na ʼ taj ta chke xe a tinik .
ri kʼamal bʼe xu bʼij chike, chi majaria nim .
jumuch ʼ ri nu juna bʼ .
q ʼip taj inaq ri raqan ri tem .
k chakun ru kʼ ri jos bʼal che ʼ ri aja nel .
xa taq chi ʼj le akʼal chu tijik kar.
oj kʼopa le ro ʼ ch le awel .
¿ la kat pe q u kʼ chwe ʼ q ?
le winaq pa le ch ʼich ʼe tʼuyu llo wi .
xkanaj kanoq chi u xe ʼ ri ja bʼ rich ʼa ʼ n.
nim ri ja.
we taxak u naj le a tat ma tax kam la ʼ.
na nu kʼamom tu ʼ la ri ʼ.
chqa nu kʼu ʼ riqa tzij .
kim bʼe pa le tina mit .
x in q ʼi ʼo na xin atin taj .
ra jawa xik kakʼaman chawe le u tijik le le j .
kʼis bʼal taqno ʼji bʼal .
