xineê¼ waê¼ oq.
xkibê¼ ankê¼ axche leuw os aqrum alm an utzt achikak ayik.
riqê¼ ut uê¼mm ankech t aleakê¼ al abê¼.
aren animt aleatzê¼ iê¼ ch uwach len utzê¼ iê¼.
xep etikx olkil aê¼.
â ¿ j awchiê¼ xataê¼ chexk amri um amrip oê¼x?
ekebê¼ kekê¼ ambê¼ ikp at uj.
xinl oqê¼ junj ap ariwok ajja.
ri axt uê¼bê¼ ,kê¼ oqul ajch ech.
j askar ajkaê¼ anch utzak ikle tiê¼ ij.
xutij lewa.
ximbê¼ alretz ij.
xp axribê¼ oê¼j.
wekaw ajkat int oê¼ oxaq xuwik abê¼ ijch iwe.
jas nukê¼ ukuchê¼ obê¼ o.
j askar ajkut ijo?
xexrux labê¼ ri rik il.
enitzê¼ aê¼ qlet aqim ul.
wet anein xinbê¼ anowik, arele ateê¼k xbê¼ anowik.
kintz alijp alen utin amit.
rin uchaqê¼ kê¼ op auroê¼ qê¼ at ojtij onikp arit ij obê¼ al.
xinxiê¼j wibê¼ xinchê¼ awik.
kê¼ ochw aroê¼ ch lep are.
chir aqank abê¼ inwi rit at aê¼.
xs ach onkan uyaê¼ ikle pw aqche ch oja.
xinqê¼ axchik ixoê¼l riwin aq.
ket ik onik.
ri ulewm anq ech taj, kech riq atiê¼t qam am.
xepel ewin aqx olkikê¼ am aê¼.
xuloqê¼ riw ujrum alri ali.
chew eqê¼ ijk amikkê¼ ojunn utzij onem chi rij len utin amit.
kej riê¼.
xkun an al aqch we.
kin usikê¼ ijlen un an.
ri imul xuchê¼ ijt aj,xkan ajp abê¼e, rum alrinim alkuj alujri imul, xutz aqri anim.
kubê¼ anri uxoqê¼ oê¼l riajtzê¼ aq.
ril asibê¼ alaj utzche kun abê¼ al.
kê¼ ikiw ach rieê¼ ajchak ibê¼ p arik om onty ox,kê¼ atekê¼ utxaj unchi ajaw xel;
xqat achix at ulik.
kaw ajchik at ê¼ ek.
chê¼ utiê¼nk ekan ajrixaj abê¼ ch ech.
kaqaxiê¼ jq ibê¼k aqach apo.
ekê¼ okebê¼ ukê¼ ajol let atxw an.
luê¼s ubê¼ iê¼ri rech am.
ajchi uwiê¼m iqê¼ injaê¼ ril uê¼.
xinyak anlen uchim pakê¼ aybê¼ al.
kê¼ atex rilo, xpe riun anche utzuk uxik, xkik otik, xus alabê¼ is ajrit aquxkin.
xkikê¼ utchi uwach ri ajtij xuqujeê¼ chik iwach rit aqnikê¼ ajkach il.
utzlen uqê¼ abê¼.
kul leal weê¼ lp aaust inch aqê¼ abê¼k amik.
ri ateê¼k xtz aql oqarech ikê¼ op a uwiê¼ riqê¼ aê¼m.
ajp atan riteê¼k.
xatqaj chi up amri il.
l akê¼ otz ijnak ikê¼ oxom ajt aj?
xsach onchke chixe atinik.
r onojel le ulewech al aq.
l axebê¼ ekê¼ ulaxeê¼k ij aqakê¼ ule uchiê¼ ja?
xaqkat chê¼ okn ajiwir.
kam ikkê¼ ochi rij ast aqawe.
arech iê¼k akê¼ is rijun abê¼ kê¼ oqê¼ inom.
p anaw aljaê¼ xin alexik.
n axint at ajwe are riakê¼ alk ixtz uquwik.
â ¡ rulew ris abê¼ ulone rulew rine ft ali, ubê¼ erip olow, rulew rij ord an,g al ileê¼ akech rijet aqam aqê¼!
r ax,r ax,r ax,kê¼ okê¼, kê¼ okê¼, kê¼ okê¼ ler uxlabê¼ let aqtik oê¼n.
achix atwil o.
p aqalr ajil lep ixk amik.
xojbê¼ inik.
p aj unjeê¼ ltij obê¼ alkutij ojribê¼ junakê¼ al,ubê¼ iê¼p oê¼ x,utzk urilokep atij obê¼ alr onojelt aqqê¼ ij.
xwaj chix at ê¼ et aj.
utzl aê¼le xubê¼ ijle achi.
wet aê¼ amj achink apet ik.
kinqê¼ ojom anik.
xinqê¼ iê¼ otakê¼ alik xin pet ik.
areê¼ ret aê¼m chek inop anik.
aret abê¼ aleq aqaj awch att oê¼w ik.
kawin aqwaq ibê¼ qê¼ at aj.
n aqajchik che riuw aqk ajbê¼ al aret aqchiê¼k sach uwach riqê¼ ij,kok riqê¼ equê¼ mch uwach ulew, chikê¼ ateê¼n aribê¼ elej ebê¼k ajbê¼ al.
j obê¼r aqan ritzê¼ alam xep oroxik.
sibê¼ alajk orij rim op.
arewaê¼.
jel aê¼p arit imin itch wik abyok rech xel ajuê¼, leqan anqat atkak itik ojeê¼l alajt aquwach ich aj.
kê¼ axn uqul.
xuê¼ lukê¼ am aê¼.
koj ulkitz ukuj.
arem ankê¼ axt aukun axikaret aqanin aqkaê¼ ilit ajwey abê¼ ilal xuqujeê¼m ojoê¼q akuyaê¼ lekê¼ axkê¼ olil chech lej olom aj.
riw elkê¼ op at ij onik.
kaw ajk inbê¼ ij.
rik otzê¼ iê¼j kqak ojchi up am rija.
qê¼ eqqê¼ ojrij riam aê¼k ej.
naxw ajt ajxin chê¼ awik.
ch pet abê¼ alel oqê¼ alajj abê¼.
xs ach onchk exatki sikê¼ ij.
eleqê¼ alchê¼ ichê¼.
jach inx awil ochi arex tij owrit iê¼j?
m atakabê¼ elen uxbê¼ alp aletin amit.
pim ruq, ri ali.
â ¿ kê¼ orim uqê¼ echi awech?
kqabê¼ ijm ankek owint aj.
kint ijna.
kê¼ ojun qat ê¼ uê¼yp aja!
kê¼ opujchi up am richê¼ aê¼k.
aret aqkink osikk inw arik.
xat waê¼ ikxin wil o
in xinchê¼ ayow le achi.
kon ojelri al axikkeê¼ etzê¼ anik.
jas rukê¼ xkit ijw ilek irik il?
anin aqilk atpet ik.
nar axt auwach lej uyubê¼.
ritzê¼ al amtzê¼ ibê¼ abê¼ alr axkk ayik.
wech atchak unik,kê¼ oawa.
m aê¼t amxat peche riwaê¼ im.
kam ulkin waê¼n a.
risik ilktij ow rukê¼ ik.
kimbê¼ eaqê¼ anrukê¼ le alt alin.
xojê¼ ekxeê¼ qil al arq asok.
xek iqê¼ il le ajchak ibê¼ xkiw okl eja.
m at anexw ajlekê¼ uhjnem rukê¼ le ateê¼k.
are xeê¼ op anchi uchiê¼ rij uyubê¼, xkil ochim anq astakê¼ oqê¼ ayes.
kê¼ atekê¼ ut, rijes usm ankk ojont achk ech rieê¼ areê¼, rum al rech chek onojel ret aê¼mk iw ach,
p aê¼tz rij ritzê¼ iê¼.
juwin aqwaq ibê¼ qê¼ at aj.
atel aqê¼ om.
xaqatj oê¼s.
riqê¼ atzu, areqê¼ alajri uqê¼ ijil.
ajchak weal a.
ubê¼ elej ukakê¼ alt aqanik( 29).
kebê¼ nubê¼ iê¼kê¼ olik.
lak atz alijl uê¼l aanin aq?
katz ukunl ach we.
lak ajlak ojbê¼ eê¼p alech om alch weê¼ q?
xinn abê¼ ejch utasik qakê¼ olibê¼ al.
lal xintoê¼ wik.
sibê¼ alaj anoê¼j ibê¼ al.
xojp etikx olqakê¼ am aê¼.
sibê¼ alaj jeê¼ lik riuw aê¼l ri ich aj.
kê¼ axwij rum alinp ach alik.
aret aqxukê¼ ulm ajwaê¼ xul riuch om anik xubê¼ ij:a reutzw aaqê¼ abê¼k inw alijik, arechaê¼ ch animk inop anp atij obê¼ al,m ajchik inkê¼ ulm aj.
ojajx ojol obê¼ paaw asqê¼ ij.
xins ach che leuw okikl etzij.
ejulaj ujriakê¼.
xut ajamp aê¼k ojê¼ ek.
qilik.
ri tij oxelm an aret animch uwach rir ajtij. ri utztij oxel qasje riê¼kê¼ olikj asrir ajtij.
in xatin chê¼ ayo.
noê¼j imch akw um al.
chê¼ urrij ochê¼.
ink inbê¼ ijnak ats acht aj.
ujm ayabê¼.
ri abê¼ ajy atz alik.
t ajinkep ixbê¼ axriakê¼ al abê¼.
ch omri aq.
xinw arik.
elem enk onojel riakê¼ al abê¼.
t ajink qê¼ an arik riwe reê¼ aj.
leukem iklep as utz( chawe).
xuyup ubê¼ auwach raê¼ chi, kach aê¼,.
ris at anaskokp ari jud as rikbê¼ ixisk ariê¼ otech rech, riareê¼ junchk ixoê¼l riek abê¼ lajuj.
chu chu rip ar.
kin qum ujrin ujochê¼.
chech punciã ³ nl umbar am aqê¼ elr ajaw axikch ech rilik leukê¼ exbê¼ emw ilen abê¼ erukê¼ leukabê¼ ukê¼ ut uneml eyabê¼ ilal.
qê¼ al ajch in akaw ajt ajkabê¼ ij.
kê¼ oqê¼ olchi rij risiê¼.
j awix ojê¼ ewich ul oqê¼ ik?
kê¼ oulochê¼ rit alin.
qê¼ anrij ri atiê¼tn ukej.
l axtz alijl aiwir?
xesikê¼ ixik,kê¼ atekê¼ uriê¼ xey ajik, xuqujeê¼ xet aqbê¼ iche usikê¼ iklem es.
l akixw arik?
arekê¼ ulep al om axxubê¼ ijche: - m amk atbê¼ isont aj,k insikê¼ ijnikê¼ ajwach iê¼lk erap apik.
aê¼ re etij oxel abê¼.
ri alajali siê¼l xubê¼ ijx qach app autz al rit yox.
xs ach onchk ejach inxe atinik.
jas xur ayij lean an xutij o?
xink osik.
r axr onojel riqê¼ ayes rum allej abê¼.
kin yawaê¼ wechê¼ ichê¼ pin emn autz.
n oê¼j im up achê¼ uxiklen uwiê¼.
n ajkê¼ owil ewoê¼ ch ch uwach letij obê¼ al.
riok ibê¼ alkê¼ ochi uwach ris aqja.
xenut aqchê¼ ijkek il leakê¼ al abê¼.
kê¼ ojunqê¼ oxowem ch iwe.
tza rich oê¼m.
wech ojbê¼ ep alen im aqê¼ ij,k eqil leajx ojol obê¼.
xojê¼ ekxeê¼ qil al arq asok.
ri ateê¼k xutaê¼ chech rin antoê¼n: -n anjas cheê¼ chim ank ajtal aqakê¼ atis ajrij oê¼q.
rip al sibê¼ alaj xuê¼y.
kink ojrij okbê¼ al ulew.
ink inbê¼ ijnak ats acht aj
atraj kun len un an.
kuqam ujujor onri ajtz ij.
l uê¼tzê¼ alam ubê¼ iê¼ ri achik elp anim cheê¼.
jeê¼ lik utiê¼j olal ris aqk oê¼r.
kê¼ ojun xaê¼rp aja.
xinl oqê¼ junkê¼ akê¼ p at an.
kê¼ axukem iklep as awum al.
anin aqukem iklep as awum al
richê¼ aê¼ns achin aqpat aqabê¼ ix.
r axt aqlek otzê¼ iê¼j.
mes omkan oqri up am ja.
man aret aralaxk osik.
rik omon xech pup rech uqê¼ abê¼ tin amit xoê¼l abê¼ ajrech qê¼ um ark aj.
l autzak ikkê¼ us ubê¼ taj inkuê¼ ano?
katel a!
na xutijt aj.
xarum alket aê¼mk onojel riwin aqkk iqum ujlej aê¼.
iwir xujtz alijl ap akê¼ aybê¼ al.
qet aê¼m che riq awakuj utoê¼o.
ri ajt ij,k yaj onchik ech riakê¼ al abê¼.
jas ubê¼ anom len uchê¼ utit at?
chweê¼ qk inbê¼ ep anim tin amit.
utzwek iwet aê¼m ajjas kubê¼ ij rich olbê¼ alqê¼ ij.
t ajink atjil owche uqê¼ oxomj olom aj.
xint ikqê¼ axchi uwach rij a.
kê¼ axlek ibê¼ elewin aq.
l oqê¼k atku nt ajche leyabê¼ il( covi d- 19).
rin uxibê¼ alk elp aqajbê¼ alqê¼ ij.
xril riaxw anch ixwaê¼ ri ala.
leal ixkun at ajik.
wet akap elej abê¼k amik.
xin wet aê¼m ajchin axatpet aj.
ri pw aqrech weqê¼ at ajriê¼k es axchech rit ojbê¼ alkê¼ ayin em.
kt ijri uwaê¼ lik rum alrik inim aqê¼ ij.
xuch ap ukun axik.
ch at anl oqali.
xin xuliê¼ qaj oq.
jeê¼ likk tij owrit aqik ox.
kê¼ atekê¼ urilet atxoê¼r xubê¼ ij,m ankaw ajt aj,m ankaw ajt aj.
kê¼ ojuntzê¼ iê¼p abê¼ e.
kam ulxinp eche atzuk uxik.
m ant ajint akinchak unik.
kin chak unik rechk atwaê¼ ik.
jas rukê¼ xaw il wich ixkiq upijw ilet iê¼j.
jas ubê¼ ixikâ €<unk>?
koqê¼ riakê¼ al.
kaw ajnakat ê¼ et aj.
xatqê¼ ajik.
wemn achal oqê¼ axiy al,nak imbê¼ et aaw ukê¼.
xop anlew ujaw ukê¼ rum alwech in.
arekê¼ utp alej uyubê¼ kkê¼ iyj oron, ch ilaê¼ xekikê¼ am awi rijaê¼ riwin aq.
koqê¼ riakê¼ al.
wekê¼ oar ajil chakê¼ am al oq.
are sibê¼ alajk aqleap oê¼t chuw ach len up oê¼t.
xinkê¼ ast ajp akabê¼ laj ujk ajbê¼ al.
kaq oyê¼ ejnak ixpet aj.
kok axim rich ij xajel aê¼m ank anim ajt abê¼ ik.
rik oknoj im xbê¼ ek, xuchê¼ ij oxop anp aukê¼ isbê¼ alil le anim.
xojkiê¼k otik aret aqxat ulik.
kaq itzê¼n ajri uxajabê¼ riakê¼ al.
rije susk waê¼k atp arinim rach och rid yos, chuxeê¼ rij unjache rach och ris alom on.
wet aqanik riê¼k ubê¼ ijchir ajaw axikk yaê¼ uqê¼ ij riwin aqxuqujeê¼ ktoê¼ anin aqil.
ri axuxaren ari ukunel rik in aqê¼.
aret aqwaê¼ ri uqê¼ ij olwet aqanik.
kê¼ ojunt abê¼ alp auwiê¼ rixk anul ubê¼ iê¼l ajujn oê¼j.
yuê¼l ubê¼ anom riuk olobê¼ rik ej.
xanim ajriakê¼ alchi uwach ri uch uch.
kkun anri achi.
kin waê¼ ik rech nak inyow ajt aj.
ajxik chê¼ ichê¼ ril uê¼s.
kw ajche ixk ixbê¼ anowik.
aê¼ re xetoê¼w alaq.
xojê¼ ekxeê¼ qil al arq asok.
x inl oqê¼ junchê¼ ichê¼, qajin aquw ach.
kutê¼ is rip ant alon.
ejanip aleaw alkê¼w alekê¼ olik?
utzukem iklep asch awe.
rim axareajqê¼ aniy aê¼.
m at abê¼ achi riqkê¼ axp alebê¼ e.
t ajink anim aj, rim eê¼s.
ixi xeê¼ laqê¼ om abê¼!
xsach anch we.
ekê¼ okê¼ icheê¼, chi uwach rij uyubê¼.
arewaê¼ ri nim alajpi xabê¼e arewaê¼ rin abê¼ e.
xret aê¼m ajch irukê¼ p akê¼k utijwi
jas utzak ikle s ubê¼ xuê¼ ano?
ajxoê¼y riwik an.
wet aneaê¼ re xetij owl erik il, arelek omon xet ij owik.
sibê¼ al ajanin aqkachê¼ awle areê¼ chin uwach in.
utzwek inchak uj.
m eê¼ slaê¼.
kê¼ okanw arechk aqat ijo.
xinsikê¼ ijla.
riakê¼ al xsach kan oqjel aê¼p at aqê¼ aj.
xesikê¼ ijla.
j awixk ibê¼ ijwi chik eê¼ ewi?
rum alche, m anixt ariê¼ rik ixchê¼ awik, arerir uxlabê¼ axel riit atriê¼ rikchê¼ awnaiw ukê¼ riix.
kê¼ akê¼ riw ach och.
sibê¼ alaj utzk inwil leatzê¼ yaq rech nah uala.
s aqp orkk ayrik ip oê¼t rin an.
xsach onrin uch akch we.
waê¼ im xuch apo.
riqê¼ aqê¼t ajinkaj ul uwik.
n ajil upam ri siw an.
ekê¼ oriq ach alalp achi uwiê¼l a.
jas xat aqch iê¼j leakê¼ alch utijik?
noê¼j im ukem iklep as awum al.
kê¼ ojunkuk ubê¼ iê¼t intin, waê¼ lel ajkukm amkaj eqit aj,kap aqik axulikp auwiê¼ uqê¼ abê¼t aqcheê¼, sibê¼ alajs akê¼ aj,keê¼ utole enim aê¼q, chê¼ utin, rachiê¼ l,aj sip anel sibê¼ al ajutzr anim aê¼.
riup ixabê¼ leqê¼ atbê¼ altzij kiyaê¼ ubê¼ ixik.
n axsach ont achke xeat inik.
xeqil lechik opp uwil eja.
xloê¼t ajriakê¼ al.
q onojelk ujwaê¼ p auwiê¼ rim exa.
xsik irlew aqan.
la xat waê¼ kê¼ ut?
nim ubê¼ aqê¼ rit ulul.
kin xikê¼ ikê¼ ikxin qê¼ axik.
lak atbê¼ ep aletin am it?
rip al sibê¼ alajs aqê¼ or.
kqê¼ oxown ujalom.
xinnaê¼ ochik atpet ik.
xl oqê¼ ulewiw ech ix.
xinchak unrukê¼ rin um am.
n axqabê¼ ant aj.
kkê¼ ojiê¼bê¼ aê¼ riu sip anikri ajaw xel jes usk rist orukê¼ riaw uxl abê¼ al!
kin chê¼ aw rukê¼ len un anp alechê¼ awebê¼ al.
sibê¼ alajqê¼ equê¼m rum alrim ayul.
areleb axulik.
xek osleix oqibê¼ p alebê¼ e.
kê¼ axril ikle akê¼ al ch awe.
xinqê¼ iê¼ oxin atinp aj oron.
sibê¼ alajnim let in am it.
kê¼ axukem iklep as awum al.
xins achik.
t ajink elukikê¼ elp ar aqan ritzê¼ iê¼.
xinwet aê¼m ajrilik wibê¼
riqê¼ uqê¼ arej unjeê¼l chik op.
kê¼ op ajat ij obê¼ alriwik aqê¼.
ris ach ibê¼ alm akr ajw axikch iqax oê¼l.
jeê¼,k imbê¼ ek.
jel aleê¼ rin up wiê¼.
xubê¼ ijche :- jas xabê¼ anot int in?
kabê¼ anj unt oqê¼ obê¼ ky akrin ujal.
kat ê¼ ekx int a.
jas leukê¼ exbê¼ em ribê¼ lej unrukê¼ lej unchik?
ajchi uwiê¼m iqê¼ injaê¼ ril uê¼.
ritij onel n ajkpe wi.
teê¼ kixch obê¼ ubê¼ iê¼ rin ut at.
rij aê¼k am iqê¼ ikchi uwach riqê¼ aqê¼.
ritê¼ uê¼yk p aqê¼ owik.
kinmes onn a.
n aqaj atkê¼ owich iwech.
xinbê¼ is onikt aqn axatpett aj.
we xkam riwin aq, ripw aqrecht ojbê¼ alm akajk yaê¼ chik ech rir al axik.
rin un anxbê¼ ep akê¼ aybê¼ al.
x ojukê¼ am ul oqrechk ojrilo
xkê¼ otoch inchik iwach chik inwaê¼ aw ukê¼.
n axkik ams ajt ajxkikê¼ ambê¼ ich oja.
kê¼ akê¼ riikê¼k amik.
ximbê¼ erukê¼ leajk uniwir.
rilik.
letzê¼ iê¼ xek osik.
xinkik ot aw um al.
riim ul xum ajri anim, xuy ak anlek ok.
kê¼ oojche riakê¼ al.
xujbê¼ ep ajunkê¼ ulanem.
utzwek war al aq.
kaqil ochin akoj ukê¼ amt aj.
xret aê¼m ajch irukê¼ p akê¼k utijwi.
sibê¼ alaj xinkê¼ aê¼n arik.
xink ochij rin uwa.
m ankatk owint ajkat chak unik, wem ankê¼ ot ari ajil abê¼ al.
we won onxubê¼ ijchik e: - kix into.
ri alanimk ril wi ri um am.
xkaê¼ ychi rij, xkaê¼ ych uwach, m akê¼ ot achij unk sil obê¼ ik, xoqê¼ik xuxeê¼j ribê¼ xchê¼ opinik xtz alijl oqxu riqt achik riubê¼ e.
kê¼ op us che riw a.
pin emnak abê¼ elew atz,k imbê¼ ewi inp akaê¼ yibê¼ al.
rin antoê¼n nim win aqchik, s aquwiê¼, ronojel aqê¼ abê¼ utz kunaê¼ okatê¼ uyiê¼p autem, kum iqê¼ is ajribê¼ cho riqê¼ ij,kê¼ oj unuwiê¼ um am ubê¼ iê¼ ateê¼k.
m anekê¼ it ajriq ulaê¼.
qê¼ al ajch in akaw ajt ajkabê¼ ij
xp aqabê¼ is axr ajil ron ojel rik em.
kê¼ op arij ulrik um atz.
r onojel qê¼ ijkin chê¼ ajlen uware.
s aqchik anle ichaj rechk atzako.
ch uxel eqach om alkaq atij wij unqam eqê¼ in.
ch awil aê¼.
ekê¼ ojobê¼ umiê¼ al, rin ut at.
jas rukê¼ xawil wi
j eê¼j asriwin aqrech riuw ach ulew, xoqujeê¼k epen ariê¼ rieê¼ areê¼ chee rech riuw ach ulew; jeê¼j asriwin aqrech rikaj, xoqujeê¼ke pen ariê¼ rieê¼ areê¼ erech rikaj.
xint ijo.
k tzê¼ ujuw rir ach och rip oê¼x.
xuqê¼ iê¼ oarel eukê¼ ulel xyaê¼ ow uwa.
ri awel xret aê¼m ajchir ajaw axikm ank uxejt aribê¼ che rit ukur.
jukê¼ ulajwin aqxeê¼ anim ajbê¼ ik.
jeê¼, xintz alijik.
xojp etikx olqakê¼ am aê¼.
m ajjach inxê¼ ek.
in ajtij ;att ij oxel.
s aquwiê¼ rit at aê¼.
wech rik em.
le roê¼ ch leat eê¼kkê¼ och wach leukê¼ aylen un an.
kbê¼ ep ari si riê¼ aep ari sil isiê¼ a,jawij eê¼k uyaw irik ich uqê¼ abê¼ rik om onty ox.
pix abê¼ :m an utzt ajkê¼ axkuj chê¼ awchik ijnikê¼ ajqach il.
xkun at ajleali( kum al riix oqibê¼ ).
rix ibê¼ ibê¼ alchikê¼ owip at aqriq akê¼ aslem alr onojel qê¼ ij.
nakujw art awar al.
on chekkê¼ ojiê¼ ri utzil chix oê¼l, arech junam riqak ojonik, jun amri iwech ixrukê¼ riwe chin.
p aoxqê¼ ijris aê¼nk bê¼ en arukê¼ ri ajkun.
kawin aqw uqubê¼.
j askaw ajkin tij o?
wet axatbê¼ ewukê¼ p aletin amit, xal oqê¼t alaê¼l eujast aqleakê¼ ajol.
kebê¼ ep awaê¼ im.
xin loqê¼ kê¼ iwa.
p aj unnimkê¼ acheê¼ laj,kê¼ ojunkê¼ waê¼ sibê¼ alajs aql oloj,ni muw ach.
kw ajkat ijj ubê¼ aê¼ wa.
ronoj elw inaqk ril nariuk ol onem rid yosâ » .
xkê¼ otoch inchik iw ach chik inwaê¼ awukê¼
kw ajnakat ê¼ et aj.
l axal oqê¼ jun alej?
ekê¼ oriel oqê¼ om anel.
riuk abê¼ ubê¼ iê¼ rin umam arey ay.
kinj opijri ijaê¼ rech t riko.
xnaê¼t ajchke xeat inik.
xateê¼ qilaê¼.
kakit ijal anx axriwin aq.
...k inbê¼ ijchi arewaê¼ sin xiê¼ an.
n axinn abê¼ ejt ach utasik qakê¼ olibê¼ al.
rum al rech chew eriin,k inchê¼ awrukê¼ ridy osp achê¼ abê¼ al,kchê¼ awnakê¼ uriê¼ riw uxlabê¼ alrukê¼ ridy os,kê¼ atekê¼ utm ankê¼ ot aup at anriê¼ ch rech rin uchom abê¼ al.
xepet ikxk ilo.
xutawek at ê¼ ek.
utzukem iklep asch awe.
rin uwakax xutij junqê¼ oqê¼ rum alriê¼xk amik.
rum alrikê¼ ix,m ankew aê¼t ajriw in aq.
xeê¼ ulik.
qê¼ eqrij riam aê¼ ch ij.
xr ajkaê¼ ele un an.
junam kij un abê¼.
n aqê¼ alajt ajwe kaê¼ ek.
ri wixn amchê¼ ajchê¼ ojri rach och.
war alm ankê¼ ot aj ajaw al.
n aiwirt axril lekê¼ am olbê¼ e.
xinp el oqtekê¼ uriê¼ xintz ukuj ron ojelrin ur ajil.
ri ajtik onelk utikr itzij.
kê¼ oekikê¼ ajol leach ij abê¼.
kutij qê¼ ayes riixp aê¼ ch.
p ariw aê¼bê¼ alekê¼ okawin aqachij abê¼.
sip ojin aqrin up am.
kayaê¼t ajik rukê¼ utiê¼ onem jun riu riq oml eyabê¼ ilam olot setsã © xuqujeê¼ arek ayaê¼t ajp at aqrij uyubê¼.
j achin ri achi?
rin um amxk amik aret aqkê¼ oj umuchê¼ laj ujujun abê¼.
kink owinikk inkê¼ ambê¼ ilepw aq.
kin wil ochi utzri ajiê¼.
xinqê¼ il riap oê¼ xchem ank achak unt aj.
kwaê¼ chi uwach let aqê¼ ajri am aê¼ akê¼.
riim ul xep oqê¼ ikp aj unikê¼.
xkê¼ iskan oqriq achak.
areri alixojil owkan oq.
sibê¼ alajchê¼ uê¼j ri am ax.
kê¼ on uwachiê¼.
inch ajinel kech leakê¼ al abê¼.
xek osletzê¼ iê¼.
kinbê¼ en akukê¼ rim ol aj.
r onojel aqê¼ abê¼k iny itzê¼ riw akax.
kar ap inik xutzuk ujchij unaw aj.
leukem iklep asanin aq(aw um al).
m ajur ajil leqê¼ abê¼ arel.
kê¼ axriê¼ rik achê¼ awik.
xojut aqch iê¼j leach ich ul oqê¼ ik ich aj.
sibê¼ alajkê¼ axrixkê¼ ulm axik.
xkil och inak inkê¼ oxom ajt aj.
xnaê¼t ajchke chixe atinik.
xkê¼ otoch inchik iwach ch ixoj alwoê¼ qak ukê¼.
junqê¼ uê¼qr ajilrik axlaê¼n wa.
xinwil ochi xeê¼ elik.
ekê¼ oix oqibê¼ p alekê¼ aybê¼ al.
m ankê¼ ot ajukê¼ isik rim ayabê¼ ajl abê¼ alil.
risinkkê¼ iyp at aqê¼ aj.
richê¼ im am ankkê¼ iyt ajp at aqê¼ aj.
rajaw axikkj ikik riw aqã ¤n.
kaw ajkin ê¼ ek.
ekê¼ ooxibê¼ akê¼.
xubê¼ ijch wej awiatkê¼ owi.
ch weê¼ qk ujbê¼ eê¼p am uquj.
p as aqkê¼ aj aê¼kbê¼ anwi ri uq.
xojki sikê¼ ij.
xin wil wibê¼.
ch aqê¼ chik riwa.
kimbê¼ enakap alew oê¼ ch.
kaw ajkin ê¼ ek.
richê¼ uê¼k tij rukê¼ lej.
p arik iqê¼ ijk amin aqibê¼ kbê¼ anqê¼ orikê¼ yaê¼ rech aj:n abê¼ erin ankutz ukujk anriaj,k ujachê¼ oê¼ xuquj ekukê¼ eto.
j ask ajbê¼ al ch anim?
utzuch om anikri ali.
p ariqê¼ ij oxlaj ujtij axkinkê¼ isk ebê¼ jun abê¼k inchak unwar al.
sibê¼ alajko, rikê¼ akê¼ chê¼ at.
j askar ajkubê¼ ijâ €<unk>?
richê¼ ichê¼k asil abê¼ ik.
p aojer qê¼ alp ul xaqxuw irinim win aqkekê¼ am owbê¼ e.
leukun axikleuk abê¼ ukê¼ utunik arerukê¼ eflo rnitin aonut unibê¼ axikl enif urtim oxchiê¼ le flo rnitin achech t.b.g.
areri achi xinchê¼ ay owik.
jun achi ubê¼ ikuê¼ xusip ajkebê¼ kê¼ aê¼m ulew rechk abê¼ anritij obê¼ al,k amik,kê¼ ochik ajtij rech rik omon xech pup.
xum alty oxijche ri ajtij ronojel lexukê¼ utchi uwach.
p aribê¼ exkir aqjun alajim uls aqrij, xkikê¼ ambê¼ ik.
xril lebê¼ aleala.
ja s kubê¼ ijch we?
le ukun at ajem arerukê¼ utzuk uxikle uchik opilp ajunus olikuxeê¼ lekikê¼ onlejaê¼ rech junnod o.
utzwen utzê¼ iê¼.
jeê¼,t ajink ach ap onik.
kin uloqê¼ ojlen ut at.
kaw ajk imbê¼ ep atin amit.
arelaê¼k inchak uj.
rinim aê¼qt aqwin aqkê¼ oket aê¼m abê¼ al.
wet axatbê¼ ewukê¼ p alet in amit, xal oqê¼t awaê¼ wej ast aq.
rikikê¼ as lem al.w aixim ulew xaj unch im aaret atin imit rim a
riukê¼ yabê¼ aln ajup am.
xatqaj chi up amri il.
nojimk atwaê¼ ik.
wekê¼ ojunkt uqaê¼ rik,â ¿ lam an xoqujeê¼t ajk int uqaê¼ rri in?
ojojwok olja.
aw askbê¼ ankê¼ axche junnim win aq.
xinchê¼ awap anrukê¼ lew an abê¼.
kê¼ axri upam rij uê¼l.
tajink ewaê¼ ri im ul.
lak ajlak ujtz alijl aanin aq?
rum al rech che rim akajm ankê¼ ot aukowin empi wiê¼ riix :ri ixm anixkê¼ otachi chuxeê¼ ri pix abê¼, xaneixkê¼ och uxeê¼ ri sip anik.
nim raqan lecheê¼.
xinch apo.
arelet uê¼ rlel oqê¼ om anel.
xask atkê¼ ojiê¼ chi upam richê¼ ichê¼.
sibê¼ alajn imr aqan rikê¼ am albê¼ e.
letzê¼ ibê¼ abê¼ al wech in.
in xintoê¼ wla.
xajekê¼ uriê¼ riixk amik riê¼m anixk axl anwin aqt achik; riix, ixrech rik itin imit riety oxlajt aqwin aq,ix rech ri rach och ridy os.
xintik oxlajkê¼ alich aj.
kaqa riq qibê¼ ch weê¼ q.
sibê¼ alaj utzche riwiê¼ aj rit uney.
wen ajup ulikt axeqaj ik...
xint oê¼t ajche rin uchak.
kê¼ ojunchik op ubê¼ iê¼p um.
p oqonri ik.
xojbê¼ inik.
xuchê¼ ekr onojel leret am anikxp aq iê¼kkê¼ axkwê¼ inik xubê¼ an ajkun.
kel ubê¼ ikp arij udeê¼ aektz alijchi ubê¼ ij um ulp arig al ileê¼ a.
xin axibê¼ ijp abê¼ e.
jeê¼ lkê¼ olem chi awach och.
r onojel riy aê¼t alilp aweqê¼ at aj,tzê¼ aqatkiw ach, m anktz aqtak anoq xuqujeê¼m ankt ast aj.
xukun ajley awabê¼ le ajqê¼ ij.
chit at abê¼ ejj aslek imbê¼ ij.
chê¼ an al ri achi.
p abê¼ okoê¼k achak unwi rit ax.
ujkê¼ op auw uqqê¼ ij.
kiê¼ riuk abê¼ ri aqaj.
kê¼ orach alalp atzê¼ oloj cheê¼ rip eê¼l.
xkil ochik inkê¼ oxom aj.
riuk isakê¼ utzk yaê¼ ikchi uxeê¼ ritik oê¼n.
aret aqchiê¼k aqê¼ anp uwiê¼ rij ukubê¼, riach ich exkê¼ ojiê¼ ri itzel uxlabê¼ al rukê¼, kut ach rech ri areê¼, arechkkê¼ ojiê¼ rukê¼ riareê¼.
nakabê¼ ant ajt aw um al.
xnaê¼t ajchke xeat inik.
xinp ajrin ut riko.
xeê¼ okrip okê¼ p ari umex arip oê¼x.
kaj uluwri aqê¼ aê¼l chi uxeê¼ rit ê¼ uê¼y.
awech leja.
xujbê¼ ep atz urik.
nabê¼ exat op anik.
riuk abê¼ ubê¼ iê¼ rin umam arey ay.
uwaj xaqukakê¼ alt aqanik( 28).
m at akê¼ ojunkak an ajkan oq,q onojelk ojbê¼ ek.
enim aê¼ qle alt om abê¼.
nim uwach rip oê¼t.
koj onikp ari utzij wai xim ulew.
jas xukê¼ ambê¼ iletzê¼ iê¼x awil o?
xinpet ik,t at.
ribê¼ elaj uwach.
chit at abê¼ ej jas rik imbê¼ ij.
jeê¼l kunaê¼ riabê¼ ixchi up am riq uqulew.
kinbê¼ isoj uwach lew al.
xutê¼ uyubê¼ aê¼.
nimri aweq eleê¼n xariqo.
xineê¼ waê¼ oq.
chiê¼k ewar wile akê¼ al abê¼.
rin umiê¼ al xut aql oqj unt aq oê¼mw ujch iwe.
qê¼ eê¼ lik, rich ajp aribê¼ e.
l autzaw ach? - utzm alty ox,ekê¼ uriat? â €<unk> utzm alty ox.
xink os rum al nuch ak.
kbê¼ ekukê¼ rieê¼ areê¼ ektz alijp arin as aret ekeê¼ unim aj.
rij ojxukê¼ ambê¼ ikri akê¼.
kê¼ ochiw achiê¼l ch anim.
kubê¼ ijche chn aê¼lk abê¼ anche ri atzê¼ ibê¼.
e... ink awajk atzj ojbê¼ il achwe.
mat axiny ajle ali.
jachin rukê¼k atbê¼ ewi?
kê¼ osibê¼ alajet aê¼m abê¼ alp arim ayabê¼ noê¼j ibê¼ al.
em anx orij up uqkej.
kas umum rik aq iqê¼.
ekê¼ okajibê¼ akê¼ alabê¼ p alebê¼ e.
jeê¼j as riut atkkaê¼ yik.
xaqatm oloneltz ijt al.
lenut atkal oqê¼ onch we.
xaqt anek imbê¼ eiw ukê¼.
xret aê¼m aj uchê¼ ajik.
rum allaê¼xk ojâ € œ xalqê¼ atâ € che ubê¼ iê¼ rik omon.
areleuk emikp as xret aê¼m aj.
riw atiê¼t kubê¼ ann ari up at an.
kê¼ akê¼ lep oê¼t.
ret aê¼m uwach jachin xloqê¼ owrip as.
kenchê¼ abê¼ ejle akê¼ al abê¼.
yaê¼t alch aqeq onojel riuj win aqutzk aqil qibê¼.
xk otiê¼p aqê¼ ayes xoqê¼ ik.
k awin aqbê¼ elej ebê¼ qê¼ at aj.
ekê¼ okaj ibê¼ r alri im ul,j uns aq,j unqê¼ an, junqê¼ eq, junqê¼ eqoj, sibê¼ alajk etzê¼ anik,k echê¼ opinik ri alajt aqim ul.
kch ololri ach ach al.
ketek ikri ikê¼.
xepetik rechk ewaê¼ iw ukê¼.
tz atzri uqê¼ anil riakê¼.
x ojtz alijik xixeê¼ qaqê¼ at ujkukê¼ le it atin an.
riyoê¼ xt aqakê¼ alabê¼k ekikê¼ uxri atzê¼ yaq.
weach iwe xusip aj junp oê¼t ch wexk amik.
kk owinrik un anel chek un anik.
xjiqê¼ p arip olow.
xarum al sibê¼ alajr ajaw axiklel oqê¼ alajjaê¼, lewin aqxkibê¼ ij:ch eweikê¼ riê¼q onojelk ujbê¼ eche utikikt aqcheê¼.
riun aneri erach alalkep eul oqrukê¼ riareê¼, kê¼ atekê¼ uriê¼,m ankek owint ajkeq ibê¼ uk oqrukê¼, rum al rech cheekê¼ osibê¼ alajwin aq.
rum al rech, chem ankê¼ ot ajunkk owin cheuk ojikj untik ibê¼ alil chik chuw ach rikoj omchik che are rijes uskri sto.
tekê¼ uriê¼ xutzê¼ ibê¼ ajribê¼ p arinim al ajtij obê¼ alrech ajkuê¼n.
kaj uluw richê¼ umil ch aqê¼ abê¼.
kê¼ isbê¼ alkan oq, xoqujeê¼kk amri ixoq.
leal axokik.
kê¼ opw aqp auwiê¼ rim exa.
arekaw ajnakin ê¼ et aj.
riy awalkuk ojri alichi uxeê¼ rich akacha reus uê¼t.
n akaqakê¼ amt uê¼bê¼ ik amik.
ri ajtij kubê¼ ijchik e:r ajaw axikk eqach ajijri awaj, areutik oê¼n riaj aw.
xintij muk uniwir.
kê¼ axle uwiê¼t aqlen uqê¼ abê¼.
xinl oqê¼ jun ilbê¼ alw ibê¼.
waê¼ weqê¼ ij,n im ubê¼ ant ajik.
riuxeê¼ al riq atin amit m ankas acht aj.
xojbê¼ inik.
riach alal jun amk iw ach.
xinwet aê¼m ajril ikw ibê¼.
nim ri unaê¼ojw ajt ij.
miqê¼ inrikê¼ ul.
ajqê¼ ojom riateê¼k.
ch eles anik cheê¼k bê¼ anwi riqê¼ oj om.
kap eleaw elp anaw aljaê¼.
rimes onelt ajinkch akunik.
utzch aqek aqat oê¼q ibê¼, t aqkê¼ okê¼ axkê¼ olil,k atew echiê¼n riaj awp aq awiê¼.
xawilo, xqê¼ at anleibê¼ oy.
xatk owinik xabê¼ ano.
kiê¼ rikê¼ awex.
kajil il ribê¼ e.
le alixelbê¼ ik.
areê¼ xraj xinbê¼ ano.
nim weabê¼ aj.
jeê¼ lik utiê¼j olal ris aqk oê¼r.
n ojin aqrik ej.
wek atijan xuxm ankat utoê¼t achi uqê¼ at ixiklekê¼ akê¼ yabê¼ ilc oron avi rus( 2019- nco v).
n animt ar aqanwaê¼ wech eê¼.
utz alaj ajchak, riw el.
â ¿ j amp aê¼k ujbê¼ ep anim aqê¼ ij?
r ajaw axikt anel aê¼k atchak unwukê¼.
xut aqchiê¼ jp awar amp ulew.
man aret ari axwan xelik.
ri awix xul oqê¼ rach ochre nim al.
are riix oqxin sikê¼ in ul oq.
richê¼ im akê¼ at ê¼ onn a.
l axibê¼ anlei chak?
kê¼ itin am itekê¼ op achê¼ oê¼j.
kê¼ ojup uqch ijchi uxeê¼ richeê¼.
riux aqri abê¼ ix areuw arikej.
kawin aqqê¼ at aj.
lak ixpep at ij obê¼ al?
we kech ajixt aqlekê¼ waj achak inbê¼ ij; jun alikkê¼ ojaê¼ xuqujeê¼ sibê¼ alajs aql oloj.
xret aê¼m aj.
ri alabê¼ omri alit om abê¼t ajinkik itij ojkibê¼ rech sut aq,arek akajkik ibê¼ annim aqachij abê¼ chup am rikikê¼ aslem al, xuqujekê¼ ochikj upuqbê¼ ix onelch up am rik omon.
latzê¼ uwach ribê¼ e.
kê¼ akê¼ ri achê¼ ichê¼.
qon ojel uj, ujm ayabê¼ t aqwin aq.
n ojelqê¼ ijri atiê¼ xkuyuqê¼ ujlet aqaw ajjel aê¼p anikê¼ ajjaê¼, chi rij rij uyubê¼ ubê¼ iê¼ ten aê¼.
paqê¼ om chik ris iê¼.
kintz ukunch el a.
kakit ijlek in aqê¼, leich aj,le uwaê¼ lik rukê¼ lej.
xekan ajkanle ajchak ibê¼.
ketik onri achij abê¼.
sibê¼ alaj itzel ubê¼ ant ajik richê¼ il akan.
ri ateê¼k xum alty oxijche rir atiê¼t, rum alri utzal ajnoê¼j ibê¼ alxukê¼ utche ch.
kkam uli xuch akri abê¼ ix.
l axin utzuk ujlet ij oxel?
areê¼k achak unron ojel qê¼ ij.
leekê¼ aê¼n at aqtzê¼ iê¼.
s aqrij rip lam ux.
jas xaqê¼ iê¼ oxat ijo.
jas rukê¼ xkich apwi utij ikle rik il?
wek at atin rukê¼kê¼ at anjaê¼m ank uqê¼ atejt alekê¼ akê¼ yabê¼ ilcoron avi rus.
lak atbê¼ inp aleux lanbê¼ al?
l awar alkê¼ uxixwaê¼ wi?
arel enut atkin loqê¼ onik.
tajink chak unri ala.
kê¼ orikiê¼k otem alaw ukê¼.
xut ajach inkaê¼ ek.
xatwaê¼ ikxin wil o.
xtz aqri rach och rum alrij abê¼.
p alej unikê¼ chik arenim aqê¼ ij.
ekebê¼ ã ¤ mk ebê¼ inp auwiê¼ rit em.
m em ri achi.
riwik anch aliê¼yk elp aj uyubê¼ chw itzi ribê¼ al.
ler ajil, lap ajaxel aqê¼ axwuê¼ bê¼ ik?
p aris uê¼t pisom wir ilej.
kojp etikk olqakê¼ am aê¼.
t ajinkat chê¼ opin chi uwach rit aqê¼ aj.
leqê¼ orxchê¼ uqik.
kê¼ axwaê¼ im aw um al.
kinbê¼ is onch elew al.
sibê¼ alajkê¼ okê¼ riaw atzê¼y aq.
k amik xujbê¼ eche utik ikt aqcheê¼ p arij uyubê¼.
kin uloqê¼ ojlen ut at.
ch aqiê¼j chik rich aj.
xyil ixhaw ayi.
n axnaê¼t ajt achke chixe atinik.
rukê¼ kê¼ uwaê¼ we riê¼, riixkkê¼ ojiê¼ jun utzal ajikê¼ aslem al riê¼ chkiw ach riwin aqchem anekê¼ otaiw ukê¼, kê¼ atekê¼ uriê¼m ankê¼ ot ajunwin aqriê¼ rajaw axikch iwech.
epe tin aqp abê¼ ele rach al axik.
kakaj leakê¼ al abê¼ kewaê¼ ik.
xujchê¼ aybê¼ ik.
rin uchak areqê¼ axeltzij.
kê¼ on aruxl abê¼ riaw aj.
t ajinkel loq, riqê¼ ij.
xuqê¼ iê¼ oxk ams axri rach al alch och.
rin umam arekê¼ ouqê¼ inom al.
xkê¼ ulm atajj umul, xubê¼ anj unnim alajj abê¼, m anxbê¼ eyet ajtan axukê¼ isle uyuqê¼ chike.
amaê¼ rin utzê¼ iê¼.
jewaê¼k atpet ik.
xink osik rum alxin chak unik
iwech chij ujun al, riwa.
xuqê¼ iê¼on axat atint aj.
in riqt ajin aqp arikê¼ ayibê¼ al.
nawet aê¼ mt aj.
kê¼ axlen uqê¼ abê¼.
utzle xubê¼ ijle achi.
kem atzê¼ ibê¼.
kê¼ orach alalp atzê¼ oloj cheê¼ rip eê¼l.
r onojel waê¼ wej ast aqriê¼, xasks achwi uwach waê¼; rukê¼ we riê¼, riix, rajaw axikchekê¼ ojunty oxlajikê¼ aslem alekkê¼ ojiê¼ riichê¼ awem rukê¼ rid yos,
xmuqt ajrip atzê¼ an.
richê¼ ichê¼ tzij omkan oqpa riukê¼ olbê¼ al.
m ankê¼ ot auch olajp at aqri aw uj.
jachik eikê¼ le unim aqê¼ ijle tin amitn awal jaê¼?
xep etikx olkikê¼ am aê¼.
kach uqê¼ chut rijaê¼ chi ap am.
xinbê¼ ijiwi rchi xebê¼ ep aarmit a.
areê¼ uxeê¼ ojer tzij war alkê¼ icheê¼ ubê¼ iê¼.
xkê¼ isrin usiê¼.
j awixk ibê¼ ijwi chik eê¼ ewi?
â ¡ xajekê¼ uriê¼, jach int aqriekê¼ op arij udeê¼a, chich anim cheê¼ anim aj ubê¼ ip at aqrij uyubê¼,
kê¼ akê¼ riabê¼.
l akê¼ ojunn akakê¼ oxom ajt aj?
n autzt aleutê¼ isom leal m ariy.
m anyaê¼t alt ajchi awek atokp aja.
jeê¼, xat utz ukuj.
arek elw ajxaq ibê¼ uqê¼ ij rixkê¼ ojik.
rixunk urkkê¼ ojiê¼p at aqrit riko.
xins achik.
xut ê¼ uyubê¼ aê¼
n an ut omt aletzijâ € <unk>
wachê¼ om rikiw arinoê¼s.
ekê¼ ojobê¼ chê¼ ilw akê¼.
r aj awixik chip at aqri tij obê¼ al,p anikê¼ ajubê¼ ixik chik
rir ajawr ulew areê¼t atk el.
wekê¼ uxokik, wekê¼n axokta
we achi xusip ajj unpê¼ otch we.
at at ut aqoê¼n leqê¼ at altzij.
n aqê¼ ant auwach leq apr ut.
rixaê¼ rkê¼ op auwiê¼ riqê¼ aqê¼k p oqê¼ owik.
rir oqê¼ ejri alij achakp ejun akê¼ al.
kê¼ ojun alap atij obê¼ al.
sã ¤ quwiê¼ rit at aê¼.
riw itzikê¼ t ajinkp el oq.
jawix sach onwik an uyaê¼ ikle pw aqche.
utzwe achiw exink un anik.
q onojelk ujwaê¼ p auwiê¼ rim exa.
rik axlaê¼ nikm anp oq ont aj.
in xinbê¼ erukê¼ riw achiê¼l.
sibê¼ alajj eê¼l xkil oxekitz oqopij rik ich ijch il aê¼.
kinbê¼ inik xinê¼ ek.
kê¼ axkê¼ olik, kach aê¼.
kutij ixim riakê¼.
ri alixch el, xuqê¼ iê¼ oxajun akê¼x sip axche.
xqa sikê¼ ijle ixoqch utzakik subê¼.
m at axabê¼ ins ajlechê¼ ichê¼.
rip ixtzê¼ ar alik rum alri eq aê¼n.
â ¿ j amp aê¼k el chi 3%
kê¼ ojunnukê¼ otoj chiê¼ aj.
t ajinkew aê¼k atri al abê¼ om.
xinl oqê¼ len ukê¼ akê¼ ap oê¼t.
n autz akikt as ubê¼ t ajin kuê¼ ano
xojut aqchiê¼ ijx ojwaê¼ ik.
iwech ri abê¼ ix.
s aqrij rich ij.
ajsik che ritin amitk elwi rit at aê¼.
-â ¡ay! x axintz aqul oq,kê¼ axwew aqan.
xkê¼ ulm at ajp ajunk om onchiê¼ uwach junj uyubê¼, xuriqaj unqê¼ ijxki riqk ibê¼ junim ul rukê¼ lekok.
jas xat aqch iê¼j leakê¼ alch utijik?
xinch apos uxuloqê¼ o.
qê¼ inom ri achi.
rikê¼ umk tij ow rukê¼k abê¼.
t ajinkej achê¼ anik.
tzebê¼ alukem iklep as awum al.
arek ayoê¼w leuchik opil leubê¼ ant ajikt ryp anosom ab rucei.
wek atnim anik utzk elik.
per onoê¼j im alpet n aql oq,.
arelen uchakj untz uqbê¼ alw ibê¼.
xkun axleyaw abê¼ rum al le ajqê¼ ij.
riukê¼ uê¼ xtzê¼ ibê¼ p aq atzij el ajuj.
sibê¼ alajjeê¼ likri eqabê¼ al xubê¼ anril uê¼s.
sibê¼ alajatk on.
em anx orij up uqkej.
n axnaê¼t ajt achke xeat inik.
rikê¼ am albê¼ exubê¼ ij chike, chim ajari anim.
jum uchê¼ rin ujun abê¼.
qê¼ ipt ajin aqrir aqan rit em.
kch akun rukê¼ rij osbê¼ alcheê¼ ri ajanel.
xat aqch iê¼j leakê¼ alch utijikk ar.
ojkê¼ op aleroê¼ ch leaw el.
â ¿ l ak atpe qukê¼ ch weê¼ q?
l ewin aqp alechê¼ ichê¼ etê¼ uy ull owi.
xkan ajkan oqchi uxeê¼ rij abê¼ richê¼ aê¼n.
nim rija.
wet axakun ajleat atm at axk aml aê¼.
nanukê¼ am omt uê¼l ariê¼.
chq anukê¼ uê¼ riq atzij.
kimbê¼ ep aletin amit.
xinqê¼ iê¼ on axin atint aj.
r ajaw axikkakê¼ am anch awele utij ikl elej.
kê¼ isbê¼ alt aqnoê¼ jibê¼ al.
xineê¼ waê¼ oq.
xkibê¼ ankê¼ axche leuw os aqrum alm an utzt achikak ayik.
riqê¼ ut uê¼mm ankech t aleakê¼ al abê¼.
aren animt aleatzê¼ iê¼ ch uwach len utzê¼ iê¼.
xep etikx olkil aê¼.
â ¿ j awchiê¼ xataê¼ chexk amri um amrip oê¼x?
ekebê¼ kekê¼ ambê¼ ikp at uj.
xinl oqê¼ junj ap ariwok ajja.
ri axt uê¼bê¼ ,kê¼ oqul ajch ech.
j askar ajkaê¼ anch utzak ikle tiê¼ ij.
xutij lewa.
ximbê¼ alretz ij.
xp axribê¼ oê¼j.
wekaw ajkat int oê¼ oxaq xuwik abê¼ ijch iwe.
jas nukê¼ ukuchê¼ obê¼ o.
j askar ajkut ijo?
xexrux labê¼ ri rik il.
enitzê¼ aê¼ qlet aqim ul.
wet anein xinbê¼ anowik, arele ateê¼k xbê¼ anowik.
kintz alijp alen utin amit.
rin uchaqê¼ kê¼ op auroê¼ qê¼ at ojtij onikp arit ij obê¼ al.
xinxiê¼j wibê¼ xinchê¼ awik.
kê¼ ochw aroê¼ ch lep are.
chir aqank abê¼ inwi rit at aê¼.
xs ach onkan uyaê¼ ikle pw aqche ch oja.
xinqê¼ axchik ixoê¼l riwin aq.
ket ik onik.
ri ulewm anq ech taj, kech riq atiê¼t qam am.
xepel ewin aqx olkikê¼ am aê¼.
xuloqê¼ riw ujrum alri ali.
chew eqê¼ ijk amikkê¼ ojunn utzij onem chi rij len utin amit.
kej riê¼.
xkun an al aqch we.
kin usikê¼ ijlen un an.
ri imul xuchê¼ ijt aj,xkan ajp abê¼e, rum alrinim alkuj alujri imul, xutz aqri anim.
kubê¼ anri uxoqê¼ oê¼l riajtzê¼ aq.
ril asibê¼ alaj utzche kun abê¼ al.
kê¼ ikiw ach rieê¼ ajchak ibê¼ p arik om onty ox,kê¼ atekê¼ utxaj unchi ajaw xel;
xqat achix at ulik.
kaw ajchik at ê¼ ek.
chê¼ utiê¼nk ekan ajrixaj abê¼ ch ech.
kaqaxiê¼ jq ibê¼k aqach apo.
ekê¼ okebê¼ ukê¼ ajol let atxw an.
luê¼s ubê¼ iê¼ri rech am.
ajchi uwiê¼m iqê¼ injaê¼ ril uê¼.
xinyak anlen uchim pakê¼ aybê¼ al.
kê¼ atex rilo, xpe riun anche utzuk uxik, xkik otik, xus alabê¼ is ajrit aquxkin.
xkikê¼ utchi uwach ri ajtij xuqujeê¼ chik iwach rit aqnikê¼ ajkach il.
utzlen uqê¼ abê¼.
kul leal weê¼ lp aaust inch aqê¼ abê¼k amik.
ri ateê¼k xtz aql oqarech ikê¼ op a uwiê¼ riqê¼ aê¼m.
ajp atan riteê¼k.
xatqaj chi up amri il.
l akê¼ otz ijnak ikê¼ oxom ajt aj?
xsach onchke chixe atinik.
r onojel le ulewech al aq.
l axebê¼ ekê¼ ulaxeê¼k ij aqakê¼ ule uchiê¼ ja?
xaqkat chê¼ okn ajiwir.
kam ikkê¼ ochi rij ast aqawe.
arech iê¼k akê¼ is rijun abê¼ kê¼ oqê¼ inom.
p anaw aljaê¼ xin alexik.
n axint at ajwe are riakê¼ alk ixtz uquwik.
â ¡ rulew ris abê¼ ulone rulew rine ft ali, ubê¼ erip olow, rulew rij ord an,g al ileê¼ akech rijet aqam aqê¼!
r ax,r ax,r ax,kê¼ okê¼, kê¼ okê¼, kê¼ okê¼ ler uxlabê¼ let aqtik oê¼n.
achix atwil o.
p aqalr ajil lep ixk amik.
xojbê¼ inik.
p aj unjeê¼ ltij obê¼ alkutij ojribê¼ junakê¼ al,ubê¼ iê¼p oê¼ x,utzk urilokep atij obê¼ alr onojelt aqqê¼ ij.
xwaj chix at ê¼ et aj.
utzl aê¼le xubê¼ ijle achi.
wet aê¼ amj achink apet ik.
kinqê¼ ojom anik.
xinqê¼ iê¼ otakê¼ alik xin pet ik.
areê¼ ret aê¼m chek inop anik.
aret abê¼ aleq aqaj awch att oê¼w ik.
kawin aqwaq ibê¼ qê¼ at aj.
n aqajchik che riuw aqk ajbê¼ al aret aqchiê¼k sach uwach riqê¼ ij,kok riqê¼ equê¼ mch uwach ulew, chikê¼ ateê¼n aribê¼ elej ebê¼k ajbê¼ al.
j obê¼r aqan ritzê¼ alam xep oroxik.
sibê¼ alajk orij rim op.
arewaê¼.
jel aê¼p arit imin itch wik abyok rech xel ajuê¼, leqan anqat atkak itik ojeê¼l alajt aquwach ich aj.
kê¼ axn uqul.
xuê¼ lukê¼ am aê¼.
koj ulkitz ukuj.
arem ankê¼ axt aukun axikaret aqanin aqkaê¼ ilit ajwey abê¼ ilal xuqujeê¼m ojoê¼q akuyaê¼ lekê¼ axkê¼ olil chech lej olom aj.
riw elkê¼ op at ij onik.
kaw ajk inbê¼ ij.
rik otzê¼ iê¼j kqak ojchi up am rija.
qê¼ eqqê¼ ojrij riam aê¼k ej.
naxw ajt ajxin chê¼ awik.
ch pet abê¼ alel oqê¼ alajj abê¼.
xs ach onchk exatki sikê¼ ij.
eleqê¼ alchê¼ ichê¼.
jach inx awil ochi arex tij owrit iê¼j?
m atakabê¼ elen uxbê¼ alp aletin amit.
pim ruq, ri ali.
â ¿ kê¼ orim uqê¼ echi awech?
kqabê¼ ijm ankek owint aj.
kint ijna.
kê¼ ojun qat ê¼ uê¼yp aja!
kê¼ opujchi up am richê¼ aê¼k.
aret aqkink osikk inw arik.
xat waê¼ ikxin wil o
in xinchê¼ ayow le achi.
kon ojelri al axikkeê¼ etzê¼ anik.
jas rukê¼ xkit ijw ilek irik il?
anin aqilk atpet ik.
nar axt auwach lej uyubê¼.
ritzê¼ al amtzê¼ ibê¼ abê¼ alr axkk ayik.
wech atchak unik,kê¼ oawa.
m aê¼t amxat peche riwaê¼ im.
kam ulkin waê¼n a.
risik ilktij ow rukê¼ ik.
kimbê¼ eaqê¼ anrukê¼ le alt alin.
xojê¼ ekxeê¼ qil al arq asok.
xek iqê¼ il le ajchak ibê¼ xkiw okl eja.
m at anexw ajlekê¼ uhjnem rukê¼ le ateê¼k.
are xeê¼ op anchi uchiê¼ rij uyubê¼, xkil ochim anq astakê¼ oqê¼ ayes.
kê¼ atekê¼ ut, rijes usm ankk ojont achk ech rieê¼ areê¼, rum al rech chek onojel ret aê¼mk iw ach,
p aê¼tz rij ritzê¼ iê¼.
juwin aqwaq ibê¼ qê¼ at aj.
atel aqê¼ om.
xaqatj oê¼s.
riqê¼ atzu, areqê¼ alajri uqê¼ ijil.
ajchak weal a.
ubê¼ elej ukakê¼ alt aqanik( 29).
kebê¼ nubê¼ iê¼kê¼ olik.
lak atz alijl uê¼l aanin aq?
katz ukunl ach we.
lak ajlak ojbê¼ eê¼p alech om alch weê¼ q?
xinn abê¼ ejch utasik qakê¼ olibê¼ al.
lal xintoê¼ wik.
sibê¼ alaj anoê¼j ibê¼ al.
xojp etikx olqakê¼ am aê¼.
sibê¼ alaj jeê¼ lik riuw aê¼l ri ich aj.
kê¼ axwij rum alinp ach alik.
aret aqxukê¼ ulm ajwaê¼ xul riuch om anik xubê¼ ij:a reutzw aaqê¼ abê¼k inw alijik, arechaê¼ ch animk inop anp atij obê¼ al,m ajchik inkê¼ ulm aj.
ojajx ojol obê¼ paaw asqê¼ ij.
xins ach che leuw okikl etzij.
ejulaj ujriakê¼.
xut ajamp aê¼k ojê¼ ek.
qilik.
ri tij oxelm an aret animch uwach rir ajtij. ri utztij oxel qasje riê¼kê¼ olikj asrir ajtij.
in xatin chê¼ ayo.
noê¼j imch akw um al.
chê¼ urrij ochê¼.
ink inbê¼ ijnak ats acht aj.
ujm ayabê¼.
ri abê¼ ajy atz alik.
t ajinkep ixbê¼ axriakê¼ al abê¼.
ch omri aq.
xinw arik.
elem enk onojel riakê¼ al abê¼.
t ajink qê¼ an arik riwe reê¼ aj.
leukem iklep as utz( chawe).
xuyup ubê¼ auwach raê¼ chi, kach aê¼,.
ris at anaskokp ari jud as rikbê¼ ixisk ariê¼ otech rech, riareê¼ junchk ixoê¼l riek abê¼ lajuj.
chu chu rip ar.
kin qum ujrin ujochê¼.
chech punciã ³ nl umbar am aqê¼ elr ajaw axikch ech rilik leukê¼ exbê¼ emw ilen abê¼ erukê¼ leukabê¼ ukê¼ ut uneml eyabê¼ ilal.
qê¼ al ajch in akaw ajt ajkabê¼ ij.
kê¼ oqê¼ olchi rij risiê¼.
j awix ojê¼ ewich ul oqê¼ ik?
kê¼ oulochê¼ rit alin.
qê¼ anrij ri atiê¼tn ukej.
l axtz alijl aiwir?
xesikê¼ ixik,kê¼ atekê¼ uriê¼ xey ajik, xuqujeê¼ xet aqbê¼ iche usikê¼ iklem es.
l akixw arik?
arekê¼ ulep al om axxubê¼ ijche: - m amk atbê¼ isont aj,k insikê¼ ijnikê¼ ajwach iê¼lk erap apik.
aê¼ re etij oxel abê¼.
ri alajali siê¼l xubê¼ ijx qach app autz al rit yox.
xs ach onchk ejach inxe atinik.
jas xur ayij lean an xutij o?
xink osik.
r axr onojel riqê¼ ayes rum allej abê¼.
kin yawaê¼ wechê¼ ichê¼ pin emn autz.
n oê¼j im up achê¼ uxiklen uwiê¼.
n ajkê¼ owil ewoê¼ ch ch uwach letij obê¼ al.
riok ibê¼ alkê¼ ochi uwach ris aqja.
xenut aqchê¼ ijkek il leakê¼ al abê¼.
kê¼ ojunqê¼ oxowem ch iwe.
tza rich oê¼m.
wech ojbê¼ ep alen im aqê¼ ij,k eqil leajx ojol obê¼.
xojê¼ ekxeê¼ qil al arq asok.
ri ateê¼k xutaê¼ chech rin antoê¼n: -n anjas cheê¼ chim ank ajtal aqakê¼ atis ajrij oê¼q.
rip al sibê¼ alaj xuê¼y.
kink ojrij okbê¼ al ulew.
ink inbê¼ ijnak ats acht aj
atraj kun len un an.
kuqam ujujor onri ajtz ij.
l uê¼tzê¼ alam ubê¼ iê¼ ri achik elp anim cheê¼.
jeê¼ lik utiê¼j olal ris aqk oê¼r.
kê¼ ojun xaê¼rp aja.
xinl oqê¼ junkê¼ akê¼ p at an.
kê¼ axukem iklep as awum al.
anin aqukem iklep as awum al
richê¼ aê¼ns achin aqpat aqabê¼ ix.
r axt aqlek otzê¼ iê¼j.
mes omkan oqri up am ja.
man aret aralaxk osik.
rik omon xech pup rech uqê¼ abê¼ tin amit xoê¼l abê¼ ajrech qê¼ um ark aj.
l autzak ikkê¼ us ubê¼ taj inkuê¼ ano?
katel a!
na xutijt aj.
xarum alket aê¼mk onojel riwin aqkk iqum ujlej aê¼.
iwir xujtz alijl ap akê¼ aybê¼ al.
qet aê¼m che riq awakuj utoê¼o.
ri ajt ij,k yaj onchik ech riakê¼ al abê¼.
jas ubê¼ anom len uchê¼ utit at?
chweê¼ qk inbê¼ ep anim tin amit.
utzwek iwet aê¼m ajjas kubê¼ ij rich olbê¼ alqê¼ ij.
t ajink atjil owche uqê¼ oxomj olom aj.
xint ikqê¼ axchi uwach rij a.
kê¼ axlek ibê¼ elewin aq.
l oqê¼k atku nt ajche leyabê¼ il( covi d- 19).
rin uxibê¼ alk elp aqajbê¼ alqê¼ ij.
xril riaxw anch ixwaê¼ ri ala.
leal ixkun at ajik.
wet akap elej abê¼k amik.
xin wet aê¼m ajchin axatpet aj.
ri pw aqrech weqê¼ at ajriê¼k es axchech rit ojbê¼ alkê¼ ayin em.
kt ijri uwaê¼ lik rum alrik inim aqê¼ ij.
xuch ap ukun axik.
ch at anl oqali.
xin xuliê¼ qaj oq.
jeê¼ likk tij owrit aqik ox.
kê¼ atekê¼ urilet atxoê¼r xubê¼ ij,m ankaw ajt aj,m ankaw ajt aj.
kê¼ ojuntzê¼ iê¼p abê¼ e.
kam ulxinp eche atzuk uxik.
m ant ajint akinchak unik.
kin chak unik rechk atwaê¼ ik.
jas rukê¼ xaw il wich ixkiq upijw ilet iê¼j.
jas ubê¼ ixikâ €<unk>?
koqê¼ riakê¼ al.
kaw ajnakat ê¼ et aj.
xatqê¼ ajik.
wemn achal oqê¼ axiy al,nak imbê¼ et aaw ukê¼.
xop anlew ujaw ukê¼ rum alwech in.
arekê¼ utp alej uyubê¼ kkê¼ iyj oron, ch ilaê¼ xekikê¼ am awi rijaê¼ riwin aq.
koqê¼ riakê¼ al.
wekê¼ oar ajil chakê¼ am al oq.
are sibê¼ alajk aqleap oê¼t chuw ach len up oê¼t.
xinkê¼ ast ajp akabê¼ laj ujk ajbê¼ al.
kaq oyê¼ ejnak ixpet aj.
kok axim rich ij xajel aê¼m ank anim ajt abê¼ ik.
rik oknoj im xbê¼ ek, xuchê¼ ij oxop anp aukê¼ isbê¼ alil le anim.
xojkiê¼k otik aret aqxat ulik.
kaq itzê¼n ajri uxajabê¼ riakê¼ al.
rije susk waê¼k atp arinim rach och rid yos, chuxeê¼ rij unjache rach och ris alom on.
wet aqanik riê¼k ubê¼ ijchir ajaw axikk yaê¼ uqê¼ ij riwin aqxuqujeê¼ ktoê¼ anin aqil.
ri axuxaren ari ukunel rik in aqê¼.
aret aqwaê¼ ri uqê¼ ij olwet aqanik.
kê¼ ojunt abê¼ alp auwiê¼ rixk anul ubê¼ iê¼l ajujn oê¼j.
yuê¼l ubê¼ anom riuk olobê¼ rik ej.
xanim ajriakê¼ alchi uwach ri uch uch.
kkun anri achi.
kin waê¼ ik rech nak inyow ajt aj.
ajxik chê¼ ichê¼ ril uê¼s.
kw ajche ixk ixbê¼ anowik.
aê¼ re xetoê¼w alaq.
xojê¼ ekxeê¼ qil al arq asok.
x inl oqê¼ junchê¼ ichê¼, qajin aquw ach.
kutê¼ is rip ant alon.
ejanip aleaw alkê¼w alekê¼ olik?
utzukem iklep asch awe.
rim axareajqê¼ aniy aê¼.
m at abê¼ achi riqkê¼ axp alebê¼ e.
t ajink anim aj, rim eê¼s.
ixi xeê¼ laqê¼ om abê¼!
xsach anch we.
ekê¼ okê¼ icheê¼, chi uwach rij uyubê¼.
arewaê¼ ri nim alajpi xabê¼e arewaê¼ rin abê¼ e.
xret aê¼m ajch irukê¼ p akê¼k utijwi
jas utzak ikle s ubê¼ xuê¼ ano?
ajxoê¼y riwik an.
wet aneaê¼ re xetij owl erik il, arelek omon xet ij owik.
sibê¼ al ajanin aqkachê¼ awle areê¼ chin uwach in.
utzwek inchak uj.
m eê¼ slaê¼.
kê¼ okanw arechk aqat ijo.
xinsikê¼ ijla.
riakê¼ al xsach kan oqjel aê¼p at aqê¼ aj.
xesikê¼ ijla.
j awixk ibê¼ ijwi chik eê¼ ewi?
rum alche, m anixt ariê¼ rik ixchê¼ awik, arerir uxlabê¼ axel riit atriê¼ rikchê¼ awnaiw ukê¼ riix.
kê¼ akê¼ riw ach och.
sibê¼ alaj utzk inwil leatzê¼ yaq rech nah uala.
s aqp orkk ayrik ip oê¼t rin an.
xsach onrin uch akch we.
waê¼ im xuch apo.
riqê¼ aqê¼t ajinkaj ul uwik.
n ajil upam ri siw an.
ekê¼ oriq ach alalp achi uwiê¼l a.
jas xat aqch iê¼j leakê¼ alch utijik?
noê¼j im ukem iklep as awum al.
kê¼ ojunkuk ubê¼ iê¼t intin, waê¼ lel ajkukm amkaj eqit aj,kap aqik axulikp auwiê¼ uqê¼ abê¼t aqcheê¼, sibê¼ alajs akê¼ aj,keê¼ utole enim aê¼q, chê¼ utin, rachiê¼ l,aj sip anel sibê¼ al ajutzr anim aê¼.
riup ixabê¼ leqê¼ atbê¼ altzij kiyaê¼ ubê¼ ixik.
n axsach ont achke xeat inik.
xeqil lechik opp uwil eja.
xloê¼t ajriakê¼ al.
q onojelk ujwaê¼ p auwiê¼ rim exa.
xsik irlew aqan.
la xat waê¼ kê¼ ut?
nim ubê¼ aqê¼ rit ulul.
kin xikê¼ ikê¼ ikxin qê¼ axik.
lak atbê¼ ep aletin am it?
rip al sibê¼ alajs aqê¼ or.
kqê¼ oxown ujalom.
xinnaê¼ ochik atpet ik.
xl oqê¼ ulewiw ech ix.
xinchak unrukê¼ rin um am.
n axqabê¼ ant aj.
kkê¼ ojiê¼bê¼ aê¼ riu sip anikri ajaw xel jes usk rist orukê¼ riaw uxl abê¼ al!
kin chê¼ aw rukê¼ len un anp alechê¼ awebê¼ al.
sibê¼ alajqê¼ equê¼m rum alrim ayul.
areleb axulik.
xek osleix oqibê¼ p alebê¼ e.
kê¼ axril ikle akê¼ al ch awe.
xinqê¼ iê¼ oxin atinp aj oron.
sibê¼ alajnim let in am it.
kê¼ axukem iklep as awum al.
xins achik.
t ajink elukikê¼ elp ar aqan ritzê¼ iê¼.
xinwet aê¼m ajrilik wibê¼
riqê¼ uqê¼ arej unjeê¼l chik op.
kê¼ op ajat ij obê¼ alriwik aqê¼.
ris ach ibê¼ alm akr ajw axikch iqax oê¼l.
jeê¼,k imbê¼ ek.
jel aleê¼ rin up wiê¼.
xubê¼ ijche :- jas xabê¼ anot int in?
kabê¼ anj unt oqê¼ obê¼ ky akrin ujal.
kat ê¼ ekx int a.
jas leukê¼ exbê¼ em ribê¼ lej unrukê¼ lej unchik?
ajchi uwiê¼m iqê¼ injaê¼ ril uê¼.
ritij onel n ajkpe wi.
teê¼ kixch obê¼ ubê¼ iê¼ rin ut at.
rij aê¼k am iqê¼ ikchi uwach riqê¼ aqê¼.
ritê¼ uê¼yk p aqê¼ owik.
kinmes onn a.
n aqaj atkê¼ owich iwech.
xinbê¼ is onikt aqn axatpett aj.
we xkam riwin aq, ripw aqrecht ojbê¼ alm akajk yaê¼ chik ech rir al axik.
rin un anxbê¼ ep akê¼ aybê¼ al.
x ojukê¼ am ul oqrechk ojrilo
xkê¼ otoch inchik iwach chik inwaê¼ aw ukê¼.
n axkik ams ajt ajxkikê¼ ambê¼ ich oja.
kê¼ akê¼ riikê¼k amik.
ximbê¼ erukê¼ leajk uniwir.
rilik.
letzê¼ iê¼ xek osik.
xinkik ot aw um al.
riim ul xum ajri anim, xuy ak anlek ok.
kê¼ oojche riakê¼ al.
xujbê¼ ep ajunkê¼ ulanem.
utzwek war al aq.
kaqil ochin akoj ukê¼ amt aj.
xret aê¼m ajch irukê¼ p akê¼k utijwi.
sibê¼ alaj xinkê¼ aê¼n arik.
xink ochij rin uwa.
m ankatk owint ajkat chak unik, wem ankê¼ ot ari ajil abê¼ al.
we won onxubê¼ ijchik e: - kix into.
ri alanimk ril wi ri um am.
xkaê¼ ychi rij, xkaê¼ ych uwach, m akê¼ ot achij unk sil obê¼ ik, xoqê¼ik xuxeê¼j ribê¼ xchê¼ opinik xtz alijl oqxu riqt achik riubê¼ e.
kê¼ op us che riw a.
pin emnak abê¼ elew atz,k imbê¼ ewi inp akaê¼ yibê¼ al.
rin antoê¼n nim win aqchik, s aquwiê¼, ronojel aqê¼ abê¼ utz kunaê¼ okatê¼ uyiê¼p autem, kum iqê¼ is ajribê¼ cho riqê¼ ij,kê¼ oj unuwiê¼ um am ubê¼ iê¼ ateê¼k.
m anekê¼ it ajriq ulaê¼.
qê¼ al ajch in akaw ajt ajkabê¼ ij
xp aqabê¼ is axr ajil ron ojel rik em.
kê¼ op arij ulrik um atz.
r onojel qê¼ ijkin chê¼ ajlen uware.
s aqchik anle ichaj rechk atzako.
ch uxel eqach om alkaq atij wij unqam eqê¼ in.
ch awil aê¼.
ekê¼ ojobê¼ umiê¼ al, rin ut at.
jas rukê¼ xawil wi
j eê¼j asriwin aqrech riuw ach ulew, xoqujeê¼k epen ariê¼ rieê¼ areê¼ chee rech riuw ach ulew; jeê¼j asriwin aqrech rikaj, xoqujeê¼ke pen ariê¼ rieê¼ areê¼ erech rikaj.
xint ijo.
k tzê¼ ujuw rir ach och rip oê¼x.
xuqê¼ iê¼ oarel eukê¼ ulel xyaê¼ ow uwa.
ri awel xret aê¼m ajchir ajaw axikm ank uxejt aribê¼ che rit ukur.
jukê¼ ulajwin aqxeê¼ anim ajbê¼ ik.
jeê¼, xintz alijik.
xojp etikx olqakê¼ am aê¼.
m ajjach inxê¼ ek.
in ajtij ;att ij oxel.
s aquwiê¼ rit at aê¼.
wech rik em.
le roê¼ ch leat eê¼kkê¼ och wach leukê¼ aylen un an.
kbê¼ ep ari si riê¼ aep ari sil isiê¼ a,jawij eê¼k uyaw irik ich uqê¼ abê¼ rik om onty ox.
pix abê¼ :m an utzt ajkê¼ axkuj chê¼ awchik ijnikê¼ ajqach il.
xkun at ajleali( kum al riix oqibê¼ ).
rix ibê¼ ibê¼ alchikê¼ owip at aqriq akê¼ aslem alr onojel qê¼ ij.
nakujw art awar al.
on chekkê¼ ojiê¼ ri utzil chix oê¼l, arech junam riqak ojonik, jun amri iwech ixrukê¼ riwe chin.
p aoxqê¼ ijris aê¼nk bê¼ en arukê¼ ri ajkun.
kawin aqw uqubê¼.
j askaw ajkin tij o?
wet axatbê¼ ewukê¼ p aletin amit, xal oqê¼t alaê¼l eujast aqleakê¼ ajol.
kebê¼ ep awaê¼ im.
xin loqê¼ kê¼ iwa.
p aj unnimkê¼ acheê¼ laj,kê¼ ojunkê¼ waê¼ sibê¼ alajs aql oloj,ni muw ach.
kw ajkat ijj ubê¼ aê¼ wa.
ronoj elw inaqk ril nariuk ol onem rid yosâ » .
xkê¼ otoch inchik iw ach chik inwaê¼ awukê¼
kw ajnakat ê¼ et aj.
l axal oqê¼ jun alej?
ekê¼ oriel oqê¼ om anel.
riuk abê¼ ubê¼ iê¼ rin umam arey ay.
kinj opijri ijaê¼ rech t riko.
xnaê¼t ajchke xeat inik.
xateê¼ qilaê¼.
kakit ijal anx axriwin aq.
...k inbê¼ ijchi arewaê¼ sin xiê¼ an.
n axinn abê¼ ejt ach utasik qakê¼ olibê¼ al.
rum al rech chew eriin,k inchê¼ awrukê¼ ridy osp achê¼ abê¼ al,kchê¼ awnakê¼ uriê¼ riw uxlabê¼ alrukê¼ ridy os,kê¼ atekê¼ utm ankê¼ ot aup at anriê¼ ch rech rin uchom abê¼ al.
xepet ikxk ilo.
xutawek at ê¼ ek.
utzukem iklep asch awe.
rin uwakax xutij junqê¼ oqê¼ rum alriê¼xk amik.
rum alrikê¼ ix,m ankew aê¼t ajriw in aq.
xeê¼ ulik.
qê¼ eqrij riam aê¼ ch ij.
xr ajkaê¼ ele un an.
junam kij un abê¼.
n aqê¼ alajt ajwe kaê¼ ek.
ri wixn amchê¼ ajchê¼ ojri rach och.
war alm ankê¼ ot aj ajaw al.
n aiwirt axril lekê¼ am olbê¼ e.
xinp el oqtekê¼ uriê¼ xintz ukuj ron ojelrin ur ajil.
ri ajtik onelk utikr itzij.
kê¼ oekikê¼ ajol leach ij abê¼.
kutij qê¼ ayes riixp aê¼ ch.
p ariw aê¼bê¼ alekê¼ okawin aqachij abê¼.
sip ojin aqrin up am.
kayaê¼t ajik rukê¼ utiê¼ onem jun riu riq oml eyabê¼ ilam olot setsã © xuqujeê¼ arek ayaê¼t ajp at aqrij uyubê¼.
j achin ri achi?
rin um amxk amik aret aqkê¼ oj umuchê¼ laj ujujun abê¼.
kink owinikk inkê¼ ambê¼ ilepw aq.
kin wil ochi utzri ajiê¼.
xinqê¼ il riap oê¼ xchem ank achak unt aj.
kwaê¼ chi uwach let aqê¼ ajri am aê¼ akê¼.
riim ul xep oqê¼ ikp aj unikê¼.
xkê¼ iskan oqriq achak.
areri alixojil owkan oq.
sibê¼ alajchê¼ uê¼j ri am ax.
kê¼ on uwachiê¼.
inch ajinel kech leakê¼ al abê¼.
xek osletzê¼ iê¼.
kinbê¼ en akukê¼ rim ol aj.
r onojel aqê¼ abê¼k iny itzê¼ riw akax.
kar ap inik xutzuk ujchij unaw aj.
leukem iklep asanin aq(aw um al).
m ajur ajil leqê¼ abê¼ arel.
kê¼ axriê¼ rik achê¼ awik.
xojut aqch iê¼j leach ich ul oqê¼ ik ich aj.
sibê¼ alajkê¼ axrixkê¼ ulm axik.
xkil och inak inkê¼ oxom ajt aj.
xnaê¼t ajchke chixe atinik.
xkê¼ otoch inchik iwach ch ixoj alwoê¼ qak ukê¼.
junqê¼ uê¼qr ajilrik axlaê¼n wa.
xinwil ochi xeê¼ elik.
ekê¼ oix oqibê¼ p alekê¼ aybê¼ al.
m ankê¼ ot ajukê¼ isik rim ayabê¼ ajl abê¼ alil.
risinkkê¼ iyp at aqê¼ aj.
richê¼ im am ankkê¼ iyt ajp at aqê¼ aj.
rajaw axikkj ikik riw aqã ¤n.
kaw ajkin ê¼ ek.
ekê¼ ooxibê¼ akê¼.
xubê¼ ijch wej awiatkê¼ owi.
ch weê¼ qk ujbê¼ eê¼p am uquj.
p as aqkê¼ aj aê¼kbê¼ anwi ri uq.
xojki sikê¼ ij.
xin wil wibê¼.
ch aqê¼ chik riwa.
kimbê¼ enakap alew oê¼ ch.
kaw ajkin ê¼ ek.
richê¼ uê¼k tij rukê¼ lej.
p arik iqê¼ ijk amin aqibê¼ kbê¼ anqê¼ orikê¼ yaê¼ rech aj:n abê¼ erin ankutz ukujk anriaj,k ujachê¼ oê¼ xuquj ekukê¼ eto.
j ask ajbê¼ al ch anim?
utzuch om anikri ali.
p ariqê¼ ij oxlaj ujtij axkinkê¼ isk ebê¼ jun abê¼k inchak unwar al.
sibê¼ alajko, rikê¼ akê¼ chê¼ at.
j askar ajkubê¼ ijâ €<unk>?
richê¼ ichê¼k asil abê¼ ik.
p aojer qê¼ alp ul xaqxuw irinim win aqkekê¼ am owbê¼ e.
leukun axikleuk abê¼ ukê¼ utunik arerukê¼ eflo rnitin aonut unibê¼ axikl enif urtim oxchiê¼ le flo rnitin achech t.b.g.
areri achi xinchê¼ ay owik.
jun achi ubê¼ ikuê¼ xusip ajkebê¼ kê¼ aê¼m ulew rechk abê¼ anritij obê¼ al,k amik,kê¼ ochik ajtij rech rik omon xech pup.
xum alty oxijche ri ajtij ronojel lexukê¼ utchi uwach.
p aribê¼ exkir aqjun alajim uls aqrij, xkikê¼ ambê¼ ik.
xril lebê¼ aleala.
ja s kubê¼ ijch we?
le ukun at ajem arerukê¼ utzuk uxikle uchik opilp ajunus olikuxeê¼ lekikê¼ onlejaê¼ rech junnod o.
utzwen utzê¼ iê¼.
jeê¼,t ajink ach ap onik.
kin uloqê¼ ojlen ut at.
kaw ajk imbê¼ ep atin amit.
arelaê¼k inchak uj.
rinim aê¼qt aqwin aqkê¼ oket aê¼m abê¼ al.
wet axatbê¼ ewukê¼ p alet in amit, xal oqê¼t awaê¼ wej ast aq.
rikikê¼ as lem al.w aixim ulew xaj unch im aaret atin imit rim a
riukê¼ yabê¼ aln ajup am.
xatqaj chi up amri il.
nojimk atwaê¼ ik.
wekê¼ ojunkt uqaê¼ rik,â ¿ lam an xoqujeê¼t ajk int uqaê¼ rri in?
ojojwok olja.
aw askbê¼ ankê¼ axche junnim win aq.
xinchê¼ awap anrukê¼ lew an abê¼.
kê¼ axri upam rij uê¼l.
tajink ewaê¼ ri im ul.
lak ajlak ujtz alijl aanin aq?
rum al rech che rim akajm ankê¼ ot aukowin empi wiê¼ riix :ri ixm anixkê¼ otachi chuxeê¼ ri pix abê¼, xaneixkê¼ och uxeê¼ ri sip anik.
nim raqan lecheê¼.
xinch apo.
arelet uê¼ rlel oqê¼ om anel.
xask atkê¼ ojiê¼ chi upam richê¼ ichê¼.
sibê¼ alajn imr aqan rikê¼ am albê¼ e.
letzê¼ ibê¼ abê¼ al wech in.
in xintoê¼ wla.
xajekê¼ uriê¼ riixk amik riê¼m anixk axl anwin aqt achik; riix, ixrech rik itin imit riety oxlajt aqwin aq,ix rech ri rach och ridy os.
xintik oxlajkê¼ alich aj.
kaqa riq qibê¼ ch weê¼ q.
sibê¼ alaj utzche riwiê¼ aj rit uney.
wen ajup ulikt axeqaj ik...
xint oê¼t ajche rin uchak.
kê¼ ojunchik op ubê¼ iê¼p um.
p oqonri ik.
xojbê¼ inik.
xuchê¼ ekr onojel leret am anikxp aq iê¼kkê¼ axkwê¼ inik xubê¼ an ajkun.
kel ubê¼ ikp arij udeê¼ aektz alijchi ubê¼ ij um ulp arig al ileê¼ a.
xin axibê¼ ijp abê¼ e.
jeê¼ lkê¼ olem chi awach och.
r onojel riy aê¼t alilp aweqê¼ at aj,tzê¼ aqatkiw ach, m anktz aqtak anoq xuqujeê¼m ankt ast aj.
xukun ajley awabê¼ le ajqê¼ ij.
chit at abê¼ ejj aslek imbê¼ ij.
chê¼ an al ri achi.
p abê¼ okoê¼k achak unwi rit ax.
ujkê¼ op auw uqqê¼ ij.
kiê¼ riuk abê¼ ri aqaj.
kê¼ orach alalp atzê¼ oloj cheê¼ rip eê¼l.
xkil ochik inkê¼ oxom aj.
riuk isakê¼ utzk yaê¼ ikchi uxeê¼ ritik oê¼n.
aret aqchiê¼k aqê¼ anp uwiê¼ rij ukubê¼, riach ich exkê¼ ojiê¼ ri itzel uxlabê¼ al rukê¼, kut ach rech ri areê¼, arechkkê¼ ojiê¼ rukê¼ riareê¼.
nakabê¼ ant ajt aw um al.
xnaê¼t ajchke xeat inik.
xinp ajrin ut riko.
xeê¼ okrip okê¼ p ari umex arip oê¼x.
kaj uluwri aqê¼ aê¼l chi uxeê¼ rit ê¼ uê¼y.
awech leja.
xujbê¼ ep atz urik.
nabê¼ exat op anik.
riuk abê¼ ubê¼ iê¼ rin umam arey ay.
uwaj xaqukakê¼ alt aqanik( 28).
m at akê¼ ojunkak an ajkan oq,q onojelk ojbê¼ ek.
enim aê¼ qle alt om abê¼.
nim uwach rip oê¼t.
koj onikp ari utzij wai xim ulew.
jas xukê¼ ambê¼ iletzê¼ iê¼x awil o?
xinpet ik,t at.
ribê¼ elaj uwach.
chit at abê¼ ej jas rik imbê¼ ij.
jeê¼l kunaê¼ riabê¼ ixchi up am riq uqulew.
kinbê¼ isoj uwach lew al.
xutê¼ uyubê¼ aê¼.
nimri aweq eleê¼n xariqo.
xineê¼ waê¼ oq.
chiê¼k ewar wile akê¼ al abê¼.
rin umiê¼ al xut aql oqj unt aq oê¼mw ujch iwe.
qê¼ eê¼ lik, rich ajp aribê¼ e.
l autzaw ach? - utzm alty ox,ekê¼ uriat? â €<unk> utzm alty ox.
xink os rum al nuch ak.
kbê¼ ekukê¼ rieê¼ areê¼ ektz alijp arin as aret ekeê¼ unim aj.
rij ojxukê¼ ambê¼ ikri akê¼.
kê¼ ochiw achiê¼l ch anim.
kubê¼ ijche chn aê¼lk abê¼ anche ri atzê¼ ibê¼.
e... ink awajk atzj ojbê¼ il achwe.
mat axiny ajle ali.
jachin rukê¼k atbê¼ ewi?
kê¼ osibê¼ alajet aê¼m abê¼ alp arim ayabê¼ noê¼j ibê¼ al.
em anx orij up uqkej.
kas umum rik aq iqê¼.
ekê¼ okajibê¼ akê¼ alabê¼ p alebê¼ e.
jeê¼j as riut atkkaê¼ yik.
xaqatm oloneltz ijt al.
lenut atkal oqê¼ onch we.
xaqt anek imbê¼ eiw ukê¼.
xret aê¼m aj uchê¼ ajik.
rum allaê¼xk ojâ € œ xalqê¼ atâ € che ubê¼ iê¼ rik omon.
areleuk emikp as xret aê¼m aj.
riw atiê¼t kubê¼ ann ari up at an.
kê¼ akê¼ lep oê¼t.
ret aê¼m uwach jachin xloqê¼ owrip as.
kenchê¼ abê¼ ejle akê¼ al abê¼.
yaê¼t alch aqeq onojel riuj win aqutzk aqil qibê¼.
xk otiê¼p aqê¼ ayes xoqê¼ ik.
k awin aqbê¼ elej ebê¼ qê¼ at aj.
ekê¼ okaj ibê¼ r alri im ul,j uns aq,j unqê¼ an, junqê¼ eq, junqê¼ eqoj, sibê¼ alajk etzê¼ anik,k echê¼ opinik ri alajt aqim ul.
kch ololri ach ach al.
ketek ikri ikê¼.
xepetik rechk ewaê¼ iw ukê¼.
tz atzri uqê¼ anil riakê¼.
x ojtz alijik xixeê¼ qaqê¼ at ujkukê¼ le it atin an.
riyoê¼ xt aqakê¼ alabê¼k ekikê¼ uxri atzê¼ yaq.
weach iwe xusip aj junp oê¼t ch wexk amik.
kk owinrik un anel chek un anik.
xjiqê¼ p arip olow.
xarum al sibê¼ alajr ajaw axiklel oqê¼ alajjaê¼, lewin aqxkibê¼ ij:ch eweikê¼ riê¼q onojelk ujbê¼ eche utikikt aqcheê¼.
riun aneri erach alalkep eul oqrukê¼ riareê¼, kê¼ atekê¼ uriê¼,m ankek owint ajkeq ibê¼ uk oqrukê¼, rum al rech cheekê¼ osibê¼ alajwin aq.
rum al rech, chem ankê¼ ot ajunkk owin cheuk ojikj untik ibê¼ alil chik chuw ach rikoj omchik che are rijes uskri sto.
tekê¼ uriê¼ xutzê¼ ibê¼ ajribê¼ p arinim al ajtij obê¼ alrech ajkuê¼n.
kaj uluw richê¼ umil ch aqê¼ abê¼.
kê¼ isbê¼ alkan oq, xoqujeê¼kk amri ixoq.
leal axokik.
kê¼ opw aqp auwiê¼ rim exa.
arekaw ajnakin ê¼ et aj.
riy awalkuk ojri alichi uxeê¼ rich akacha reus uê¼t.
n akaqakê¼ amt uê¼bê¼ ik amik.
ri ajtij kubê¼ ijchik e:r ajaw axikk eqach ajijri awaj, areutik oê¼n riaj aw.
xintij muk uniwir.
kê¼ axle uwiê¼t aqlen uqê¼ abê¼.
xinl oqê¼ jun ilbê¼ alw ibê¼.
waê¼ weqê¼ ij,n im ubê¼ ant ajik.
riuxeê¼ al riq atin amit m ankas acht aj.
xojbê¼ inik.
riach alal jun amk iw ach.
xinwet aê¼m ajril ikw ibê¼.
nim ri unaê¼ojw ajt ij.
miqê¼ inrikê¼ ul.
ajqê¼ ojom riateê¼k.
ch eles anik cheê¼k bê¼ anwi riqê¼ oj om.
kap eleaw elp anaw aljaê¼.
rimes onelt ajinkch akunik.
utzch aqek aqat oê¼q ibê¼, t aqkê¼ okê¼ axkê¼ olil,k atew echiê¼n riaj awp aq awiê¼.
xawilo, xqê¼ at anleibê¼ oy.
xatk owinik xabê¼ ano.
kiê¼ rikê¼ awex.
kajil il ribê¼ e.
le alixelbê¼ ik.
areê¼ xraj xinbê¼ ano.
nim weabê¼ aj.
jeê¼ lik utiê¼j olal ris aqk oê¼r.
n ojin aqrik ej.
wek atijan xuxm ankat utoê¼t achi uqê¼ at ixiklekê¼ akê¼ yabê¼ ilc oron avi rus( 2019- nco v).
n animt ar aqanwaê¼ wech eê¼.
utz alaj ajchak, riw el.
â ¿ j amp aê¼k ujbê¼ ep anim aqê¼ ij?
r ajaw axikt anel aê¼k atchak unwukê¼.
xut aqchiê¼ jp awar amp ulew.
man aret ari axwan xelik.
ri awix xul oqê¼ rach ochre nim al.
are riix oqxin sikê¼ in ul oq.
richê¼ im akê¼ at ê¼ onn a.
l axibê¼ anlei chak?
kê¼ itin am itekê¼ op achê¼ oê¼j.
kê¼ ojup uqch ijchi uxeê¼ richeê¼.
riux aqri abê¼ ix areuw arikej.
kawin aqqê¼ at aj.
lak ixpep at ij obê¼ al?
we kech ajixt aqlekê¼ waj achak inbê¼ ij; jun alikkê¼ ojaê¼ xuqujeê¼ sibê¼ alajs aql oloj.
xret aê¼m aj.
ri alabê¼ omri alit om abê¼t ajinkik itij ojkibê¼ rech sut aq,arek akajkik ibê¼ annim aqachij abê¼ chup am rikikê¼ aslem al, xuqujekê¼ ochikj upuqbê¼ ix onelch up am rik omon.
latzê¼ uwach ribê¼ e.
kê¼ akê¼ ri achê¼ ichê¼.
qon ojel uj, ujm ayabê¼ t aqwin aq.
n ojelqê¼ ijri atiê¼ xkuyuqê¼ ujlet aqaw ajjel aê¼p anikê¼ ajjaê¼, chi rij rij uyubê¼ ubê¼ iê¼ ten aê¼.
paqê¼ om chik ris iê¼.
kintz ukunch el a.
kakit ijlek in aqê¼, leich aj,le uwaê¼ lik rukê¼ lej.
xekan ajkanle ajchak ibê¼.
ketik onri achij abê¼.
sibê¼ alaj itzel ubê¼ ant ajik richê¼ il akan.
ri ateê¼k xum alty oxijche rir atiê¼t, rum alri utzal ajnoê¼j ibê¼ alxukê¼ utche ch.
kkam uli xuch akri abê¼ ix.
l axin utzuk ujlet ij oxel?
areê¼k achak unron ojel qê¼ ij.
leekê¼ aê¼n at aqtzê¼ iê¼.
s aqrij rip lam ux.
jas xaqê¼ iê¼ oxat ijo.
jas rukê¼ xkich apwi utij ikle rik il?
wek at atin rukê¼kê¼ at anjaê¼m ank uqê¼ atejt alekê¼ akê¼ yabê¼ ilcoron avi rus.
lak atbê¼ inp aleux lanbê¼ al?
l awar alkê¼ uxixwaê¼ wi?
arel enut atkin loqê¼ onik.
tajink chak unri ala.
kê¼ orikiê¼k otem alaw ukê¼.
xut ajach inkaê¼ ek.
xatwaê¼ ikxin wil o.
xtz aqri rach och rum alrij abê¼.
p alej unikê¼ chik arenim aqê¼ ij.
ekebê¼ ã ¤ mk ebê¼ inp auwiê¼ rit em.
m em ri achi.
riwik anch aliê¼yk elp aj uyubê¼ chw itzi ribê¼ al.
ler ajil, lap ajaxel aqê¼ axwuê¼ bê¼ ik?
p aris uê¼t pisom wir ilej.
kojp etikk olqakê¼ am aê¼.
t ajinkat chê¼ opin chi uwach rit aqê¼ aj.
leqê¼ orxchê¼ uqik.
kê¼ axwaê¼ im aw um al.
kinbê¼ is onch elew al.
sibê¼ alajkê¼ okê¼ riaw atzê¼y aq.
k amik xujbê¼ eche utik ikt aqcheê¼ p arij uyubê¼.
kin uloqê¼ ojlen ut at.
ch aqiê¼j chik rich aj.
xyil ixhaw ayi.
n axnaê¼t ajt achke chixe atinik.
rukê¼ kê¼ uwaê¼ we riê¼, riixkkê¼ ojiê¼ jun utzal ajikê¼ aslem al riê¼ chkiw ach riwin aqchem anekê¼ otaiw ukê¼, kê¼ atekê¼ uriê¼m ankê¼ ot ajunwin aqriê¼ rajaw axikch iwech.
epe tin aqp abê¼ ele rach al axik.
kakaj leakê¼ al abê¼ kewaê¼ ik.
xujchê¼ aybê¼ ik.
rin uchak areqê¼ axeltzij.
kê¼ on aruxl abê¼ riaw aj.
t ajinkel loq, riqê¼ ij.
xuqê¼ iê¼ oxk ams axri rach al alch och.
rin umam arekê¼ ouqê¼ inom al.
xkê¼ ulm atajj umul, xubê¼ anj unnim alajj abê¼, m anxbê¼ eyet ajtan axukê¼ isle uyuqê¼ chike.
amaê¼ rin utzê¼ iê¼.
jewaê¼k atpet ik.
xink osik rum alxin chak unik
iwech chij ujun al, riwa.
xuqê¼ iê¼on axat atint aj.
in riqt ajin aqp arikê¼ ayibê¼ al.
nawet aê¼ mt aj.
kê¼ axlen uqê¼ abê¼.
utzle xubê¼ ijle achi.
kem atzê¼ ibê¼.
kê¼ orach alalp atzê¼ oloj cheê¼ rip eê¼l.
r onojel waê¼ wej ast aqriê¼, xasks achwi uwach waê¼; rukê¼ we riê¼, riix, rajaw axikchekê¼ ojunty oxlajikê¼ aslem alekkê¼ ojiê¼ riichê¼ awem rukê¼ rid yos,
xmuqt ajrip atzê¼ an.
richê¼ ichê¼ tzij omkan oqpa riukê¼ olbê¼ al.
m ankê¼ ot auch olajp at aqri aw uj.
jachik eikê¼ le unim aqê¼ ijle tin amitn awal jaê¼?
xep etikx olkikê¼ am aê¼.
kach uqê¼ chut rijaê¼ chi ap am.
xinbê¼ ijiwi rchi xebê¼ ep aarmit a.
areê¼ uxeê¼ ojer tzij war alkê¼ icheê¼ ubê¼ iê¼.
xkê¼ isrin usiê¼.
j awixk ibê¼ ijwi chik eê¼ ewi?
â ¡ xajekê¼ uriê¼, jach int aqriekê¼ op arij udeê¼a, chich anim cheê¼ anim aj ubê¼ ip at aqrij uyubê¼,
kê¼ akê¼ riabê¼.
l akê¼ ojunn akakê¼ oxom ajt aj?
n autzt aleutê¼ isom leal m ariy.
m anyaê¼t alt ajchi awek atokp aja.
jeê¼, xat utz ukuj.
arek elw ajxaq ibê¼ uqê¼ ij rixkê¼ ojik.
rixunk urkkê¼ ojiê¼p at aqrit riko.
xins achik.
xut ê¼ uyubê¼ aê¼
n an ut omt aletzijâ € <unk>
wachê¼ om rikiw arinoê¼s.
ekê¼ ojobê¼ chê¼ ilw akê¼.
r aj awixik chip at aqri tij obê¼ al,p anikê¼ ajubê¼ ixik chik
rir ajawr ulew areê¼t atk el.
wekê¼ uxokik, wekê¼n axokta
we achi xusip ajj unpê¼ otch we.
at at ut aqoê¼n leqê¼ at altzij.
n aqê¼ ant auwach leq apr ut.
rixaê¼ rkê¼ op auwiê¼ riqê¼ aqê¼k p oqê¼ owik.
rir oqê¼ ejri alij achakp ejun akê¼ al.
kê¼ ojun alap atij obê¼ al.
sã ¤ quwiê¼ rit at aê¼.
riw itzikê¼ t ajinkp el oq.
jawix sach onwik an uyaê¼ ikle pw aqche.
utzwe achiw exink un anik.
q onojelk ujwaê¼ p auwiê¼ rim exa.
rik axlaê¼ nikm anp oq ont aj.
in xinbê¼ erukê¼ riw achiê¼l.
sibê¼ alajj eê¼l xkil oxekitz oqopij rik ich ijch il aê¼.
kinbê¼ inik xinê¼ ek.
kê¼ axkê¼ olik, kach aê¼.
kutij ixim riakê¼.
ri alixch el, xuqê¼ iê¼ oxajun akê¼x sip axche.
xqa sikê¼ ijle ixoqch utzakik subê¼.
m at axabê¼ ins ajlechê¼ ichê¼.
rip ixtzê¼ ar alik rum alri eq aê¼n.
â ¿ j amp aê¼k el chi 3%
kê¼ ojunnukê¼ otoj chiê¼ aj.
t ajinkew aê¼k atri al abê¼ om.
xinl oqê¼ len ukê¼ akê¼ ap oê¼t.
n autz akikt as ubê¼ t ajin kuê¼ ano
xojut aqchiê¼ ijx ojwaê¼ ik.
iwech ri abê¼ ix.
s aqrij rich ij.
ajsik che ritin amitk elwi rit at aê¼.
-â ¡ay! x axintz aqul oq,kê¼ axwew aqan.
xkê¼ ulm at ajp ajunk om onchiê¼ uwach junj uyubê¼, xuriqaj unqê¼ ijxki riqk ibê¼ junim ul rukê¼ lekok.
jas xat aqch iê¼j leakê¼ alch utijik?
xinch apos uxuloqê¼ o.
qê¼ inom ri achi.
rikê¼ umk tij ow rukê¼k abê¼.
t ajinkej achê¼ anik.
tzebê¼ alukem iklep as awum al.
arek ayoê¼w leuchik opil leubê¼ ant ajikt ryp anosom ab rucei.
wek atnim anik utzk elik.
per onoê¼j im alpet n aql oq,.
arelen uchakj untz uqbê¼ alw ibê¼.
xkun axleyaw abê¼ rum al le ajqê¼ ij.
riukê¼ uê¼ xtzê¼ ibê¼ p aq atzij el ajuj.
sibê¼ alajjeê¼ likri eqabê¼ al xubê¼ anril uê¼s.
sibê¼ alajatk on.
em anx orij up uqkej.
n axnaê¼t ajt achke xeat inik.
rikê¼ am albê¼ exubê¼ ij chike, chim ajari anim.
jum uchê¼ rin ujun abê¼.
qê¼ ipt ajin aqrir aqan rit em.
kch akun rukê¼ rij osbê¼ alcheê¼ ri ajanel.
xat aqch iê¼j leakê¼ alch utijikk ar.
ojkê¼ op aleroê¼ ch leaw el.
â ¿ l ak atpe qukê¼ ch weê¼ q?
l ewin aqp alechê¼ ichê¼ etê¼ uy ull owi.
xkan ajkan oqchi uxeê¼ rij abê¼ richê¼ aê¼n.
nim rija.
wet axakun ajleat atm at axk aml aê¼.
nanukê¼ am omt uê¼l ariê¼.
chq anukê¼ uê¼ riq atzij.
kimbê¼ ep aletin amit.
xinqê¼ iê¼ on axin atint aj.
r ajaw axikkakê¼ am anch awele utij ikl elej.
kê¼ isbê¼ alt aqnoê¼ jibê¼ al.
