xin e ʼ wa ʼ oq .
xki bʼan kʼax che leu wosaq ru mal man utz tachika kayik .
riq ʼutu ʼm man kech ta le akʼala bʼ .
are na nim ta leatz ʼi ʼ chu wach le n utz ʼi ʼ .
xe petik xolki la ʼ .
¿jaw chi ʼ xata ʼ che xkam ri umam ri po ʼ x ?
e ke bʼ ke kʼam bʼik pa tuj .
xin loq ʼ jun japa ri wokaj ja .
ria x tu ʼ bʼ , kʼo qulaj chech .
jas karaj kaʼan chutza kik leti ʼij .
xu tij le wa .
xim bʼal re tzij .
x paxri bʼo ʼj .
we kawaj ka tinto ʼo xaq xu wi kabʼij chi we .
jas nu kʼukuch ʼo bʼo .
jas karaj ku tijo ?
xe x ru x la bʼ ri rik il .
enitz ʼa ʼq le taqimul .
weta ne inxin bʼano w ik , are le ate ʼ k x bʼano w ik .
kin tzalij pa le nu tina mit .
ri nu chaq ʼ kʼopa u ro ʼ q ʼatoj tijo nik pari tijo bʼal .
xin xi ʼj wi bʼ xin ch ʼawik .
kʼo ch wa ro ʼch le pare .
chi raqan kabʼin wiri tata ʼ .
x sa chonkan u ya ʼik le p waq che choja .
xin q ʼax chik ixo ʼl ri winaq .
ketiko nik .
riu lew man q ech taj , kech ri qati ʼ t qamam .
xepe le winaq xol kikʼama ʼ .
xu loq ʼri wuj ru mal ri ali .
che we q ʼij kamik kʼo jun nu tzijo nem chirij le nu tina mit .
kej ri ʼ .
x kuna na laq ch we.
ki nu si kʼij le nu na n .
ri i mul xuch ʼij taj , xkan aj pa bʼe, ru mal ri nimal kujal uj ri i mul , x utzaq ria nim .
ku bʼan ri uxoq ʼo ʼl ri aj tz ʼaq .
ri la si bʼalaj utz cheku na bʼal .
kʼi ki wach rie ʼ ajchaki bʼ pari komonty ox , kʼate kʼut xa jun chi ajaw xel ;
xqata chixa tulik .
kawaj chi ka tʼek .
ch ʼuti ʼ n ke kanaj ri xa ja bʼ chech .
kaqa xi ʼj qi bʼ kaqa chapo .
e kʼo ke bʼ u kʼajol le tat xwan .
lu ʼ su bʼi ʼ ri recham .
aj chiu wi ʼ mi q ʼi nja ʼ ri lu ʼ .
xin ya kan le nu chi mpa kʼay bʼal .
kʼate x ri lo, x periunan cheu tzuku xik , xki kotik , xu sala bʼisaj ri taqu xki n .
xki kʼut chi u wach ri aj tij xuquje ʼ chiki wach ri taqnik ʼaj kach il .
utz le nu q ʼa bʼ .
ku l le al we ʼl pa austin chaq ʼa bʼ kamik .
ri ate ʼ k x tzaq loq are chi kʼopa u wi ʼ ri q ʼa ʼm .
aj pa tan ri te ʼ k .
xa tqaj chiupam ri il .
la kʼo tzij naki kʼoxo maj taj ?
x sach on chkech ixeatin ik .
ro nojel leu lew echalaq .
la xe bʼe kʼula xe ʼ kijaqa kʼu leu chi ʼ ja ?
xaq kat ch ʼok na jiwir .
kamik kʼo chiri jastaqa we .
are chi ʼ kakʼis ri juna bʼ kʼo q ʼi nom .
pa nawal ja ʼ xina le xik .
na xin tat aj we are ri akʼal kix tzuqu wi k .
¡ ru lew ri sa bʼ u lo ne ru lew ri neftali, u bʼ eripolo w , ru lew ri j ordan , gali le ʼ akech ri jetaq amaq ʼ !
rax , rax , rax , kʼo k ʼ, kʼo k ʼ, kʼo kʼle ru xla bʼ le taq tiko ʼ n .
achi xat wilo .
pa q al rajil le pix kamik .
xoj bʼi nik .
pa jun je ʼl tijo bʼal ku tijoj ri bʼ juna kʼal , u bʼi ʼ po ʼ x , utzku ri lok e pa tijo bʼal ro nojel taq q ʼij .
x waj chixa tʼe taj .
utz la ʼle xu bʼij le achi.
weta ʼam jachin ka petik .
kin q ʼo joma nik .
xin q ʼi ʼo tak ʼalik xin petik .
are ʼ reta ʼm che kinopan ik .
areta bʼal eqa qajaw cha t to ʼ wik .
kawinaq waqi bʼ q ʼa taj .
naqaj chik cheri u waq kaj bʼal aretaq chi ʼ k sach u wach riq ʼij , k ok ri q ʼ eq u ʼm chu wachu lew , chi kʼate ʼ nari bʼe leje bʼ kaj bʼal .
jo bʼ raqan ri tz ʼalam xe poro xik .
si bʼalaj korij ri mop .
arewa ʼ .
jela ʼ pari ti minit ch wi kaby ok rech xelaj u ʼ, leqanan qa tat kaki tikoje ʼl alaj taq u wachi chaj .
kʼax nuqul .
xu ʼ lu kʼama ʼ .
koj u lki tzukuj .
are man kʼax tauku na xik aretaq aninaq ka ʼ ilitaj we ya bʼil al xuquje ʼ mojo ʼ qakuya ʼle kʼax kʼol il chech le jolomaj .
ri we l kʼopa tijo nik .
kawaj kin bʼij .
ri kotz ʼi ʼj k qa koj chiupam ri ja .
q ʼe q q ʼoj rij ri ama ʼ kej .
na x waj taj xin ch ʼaw ik .
ch peta bʼal e loq ʼalaj ja bʼ .
x sach on chke xat kisi kʼij .
e leq ʼalch ʼich ʼ .
jachin xa wilo chi are x tijo w ri ti ʼj ?
ma taka bʼe le nu x bʼal pa le tina mit .
pim ru q , ri ali .
¿ kʼo ri muq ʼe chia wech ?
k qa bʼij man ke kowin taj .
kin tij na .
kʼo jun qat ʼu ʼ y pa ja!
kʼo puj chiupam rich ʼa ʼk .
aretaq kin ko sik kin warik .
xat wa ʼ ik xin wilo
in xin ch ʼayow lea chi .
ko nojel ri ala xik ke ʼ etz ʼa nik .
jas ru kʼ xki tij wi le kirik il ?
aninaq il kat petik .
nara xta u wach le juyu bʼ .
ri tz ʼalam tz ʼi bʼa bʼal rax k kayik .
we cha t chaku nik , kʼo awa .
ma ʼtam xat pe cheri wa ʼim .
kamul kin wa ʼ na.
ri sik il k tijo w ru kʼ ik .
kim bʼe aq ʼan ru kʼ le alta lin .
xoj ʼe k xe ʼ qilalarqa sok .
xe kiq ʼil le ajchaki bʼ xki wok leja .
ma tanex waj le kʼu hj nem ru kʼle ate ʼ k .
are xe ʼopan chiuchi ʼ ri juyu bʼ, x kilo chiman qasta kʼo q ʼayes .
kʼate kʼut , ri jesus man k kojon tach kech rie ʼ are ʼ , ru mal rech che ko nojel reta ʼm ki wach ,
pa ʼ tz rij ri tz ʼi ʼ .
ju winaq waqi bʼ q ʼa taj .
atel aq ʼom .
xa qat jo ʼ s.
ri q ʼa tzu, are q ʼalaj ri uq ʼij il .
aj chak we ala .
u bʼe leju ka kʼal taqanik (29) .
ke bʼ nu bʼi ʼ kʼo lik .
laka tzalij lu ʼ la aninaq ?
katzuku n la ch we.
lakaj lakoj bʼe ʼ pa le chomal ch we ʼ q ?
xin na bʼej chu tasik qa kʼoli bʼal .
la l xinto ʼ w ik .
si bʼ alaja no ʼji bʼal .
xoj petik xolqa kʼama ʼ .
si bʼalaj je ʼ lik ri u wa ʼl ri ichaj .
kʼax wij ru mal in pa cha lik .
aretaq xu kʼu lmaj wa ʼ xu l ri u choman ik xu bʼij : are utz wa aq ʼa bʼ kin wa lij ik , are cha ʼ cha nim ki nopan pa tijo bʼal , maj chikin kʼu lmaj .
ojaj xojo lo bʼ pa awasq ʼij .
xin sach che leu wokik letzij .
e julaj uj ri akʼ .
xuta jam pa ʼ koj ʼek .
q ilik .
ri tijo xel man areta nim chu wach ri raj tij . ri utz tijo xel qas jeri ʼ kʼoli k jas ri raj tij .
in xa tin ch ʼa yo .
no ʼjim chak wu mal .
ch ʼu r ri jo ch ʼ .
inkin bʼij na katsach taj .
uj maya bʼ .
ria bʼaj ya tzalik .
tajin kepix bʼax ri akʼala bʼ .
chom ri aq .
xin warik .
elemen ko nojel ri a kʼala bʼ .
tajink q ʼan arik ri we re ʼ aj .
leu kemik le pa sutz ( cha we ).
xuyu pu bʼa u wach ra ʼ chi , kacha ʼ, .
ri sa tan askok pari judas rik bʼixiska ri ʼotech rech , ri are ʼ jun ch kixo ʼl rie ka bʼlaj uj .
chu churipar .
ki nqumuj ri nu joch ʼ .
chech punción lumbar amaq ʼel rajawa xik chech ri lik leu kʼex bʼem wi le na bʼe ru kʼ leu ka bʼ u kʼutu nem leya bʼil al .
q ʼalaj china kawaj taj kabʼij .
kʼo q ʼol chirij ri si ʼ .
jawi xoj ʼewi chu loq ʼik ?
kʼo u loch ʼri talin .
q ʼan ri j ri ati ʼ t nukej .
la x tzalij la iwi r ?
xe si kʼi xik , kʼate kʼu ri ʼ xe ya jik , xuquje ʼ xetaq bʼi cheusi kʼik lemes .
lakix warik ?
are kʼu lepa loma x xu bʼij che: -mam kat bʼison taj , kin si kʼij nik ʼaj wachi ʼl kerapapik .
a ʼre e tijo xela bʼ .
ri alaja lisi ʼl xu bʼij x qa chap pa utzal ri tyo x .
x sach on chke jachin xe a tinik .
jas xu rayij le anan xu tijo ?
xinko sik .
rax ro nojel ri q ʼayes ru mal leja bʼ .
kin ya wa ʼ wech ʼich ʼpi nem na utz .
no ʼj im upach ʼu xik le nu wi ʼ .
naj kʼowi le wo ʼch chu wach le tijo bʼal .
rio kibʼal kʼo chiu wach ri saq ja .
xe nu taq ch ʼij ke kil le akʼala bʼ .
kʼo jun q ʼo xowem chi we .
tza ri cho ʼm .
we choj bʼe pa le nimaq ʼij , ke q il le aj xojolo bʼ .
xoj ʼe k xe ʼ qilalarqa sok .
ri ate ʼ k xuta ʼ chech ri na nto ʼn :- na n jas che ʼ chiman kajtala qa kʼa tisaj ri jo ʼ q .
rip al si bʼalaj xu ʼ y .
kin koj ri jo k bʼal u lew .
inkin bʼij na katsach taj
at raj kun le nu na n.
ku qamuj uj oron ri aj tzij .
lu ʼ tz ʼalam u bʼi ʼ ri achikel pa nim che ʼ .
je ʼ liku ti ʼ jo l al ri saq ko ʼ r.
kʼo jun xa ʼ r pa ja .
xin loq ʼ jun kʼakʼ pa tan .
kʼax u kemik le pa sa wu mal .
aninaq u kemik le pa sa wu mal
rich ʼa ʼ n sa chi naq pa taqa bʼix .
rax taq le kotz ʼi ʼj .
me som kanoq riupam ja .
man are tara la xko sik .
ri komon xech pu p rech uq ʼa bʼ tina mit xo ʼla bʼ aj rech q ʼu markaj .
la utza kik kʼusu bʼ tajin ku ʼ a no ?
kate la !
na xu tij taj .
xa ru mal keta ʼm ko nojel ri winaq k ki qumuj leja ʼ .
iwi rx uj tzalij lapa kʼay bʼal .
qeta ʼm cheri qawa kuju to ʼo .
ri aj tij , k ya jo n chikech ria kʼala bʼ .
jasu bʼanom le nuch ʼuti tat ?
ch we ʼ q kin bʼe pa nim tina mit .
utz we ki weta ʼmaj jasku bʼij ri chol bʼal q ʼij .
tajin katjilo w che uq ʼoxom jolomaj .
xin tik q ʼax chiu wach ri ja .
kʼax le ki bʼe le winaq .
loq ʼkat kun taj che leya bʼil (covid-19) .
ri nu xi bʼal kel paq aj bʼal q ʼij .
x ri l ri axwan chi x wa ʼ ri ala .
lea lix ku na tajik .
weta ka pe leja bʼ kamik .
xin weta ʼ maj china xat pe taj .
rip waq rech we q ʼataj ri ʼ kesax chech ri toj bʼal kʼayi nem .
k tij ri u wa ʼlik ru mal ri ki nimaq ʼij .
xu chapuku na xik .
cha tan loq ali .
xin xu li ʼ qaj oq .
je ʼ lik k tijo w ri taqik ox .
kʼate kʼu ri le tat xo ʼ rx u bʼij , man kawaj taj , man kawaj taj .
kʼo jun tz ʼi ʼ pa bʼe .
kamul xin pe che atzuku xik .
man tajin takin chaku nik .
kin chaku nik rech kat wa ʼik .
jas ru kʼ xa wil wi chi xki qupij wil eti ʼj .
jas u bʼixik … ?
koq ʼria kʼal .
kawaj nakat ʼe taj .
xat q ʼaj ik .
wem na cha loq ʼa xiya l, nakim bʼe ta a wu kʼ .
xopan le wuja wu kʼ ru mal wech in .
are kʼut pa le juyu bʼ k kʼiy joron, chila ʼ xe kikʼama wiri ja ʼ ri winaq .
koq ʼria kʼal .
we kʼo araj il chak ʼama loq .
are si bʼalaj kaq le apo ʼt chu wach le nu po ʼt .
xin kʼas taj pa ka bʼlaj uj kaj bʼal .
kaqoy ʼej nakix pe taj .
kokaxim ri chij xa jela ʼ man ka nimaj ta bʼ ik .
ri kok no jim x bʼek , xu ch ʼijo xopan pa u kʼis bʼal il le a nim .
xoj ki ʼ kotik aretaq xa tulik .
ka qitz ʼ naj ri uxa ja bʼ ri akʼal .
ri jesusk wa ʼkat pari nimra choch ri dyos, chu xe ʼ ri jun ja che ra choch ri sa lomon .
we taqanik ri ʼ ku bʼij chi rajawa xik k ya ʼ uq ʼij ri winaq xuquje ʼ k to ʼ aninaq il .
ria xu x are na ri uku nel ri ki na q ʼ .
aretaq wa ʼri uq ʼijol we taqanik .
kʼo jun ta bʼal pa u wi ʼ ri xkan ulu bʼi ʼlaj uj no ʼj .
yu ʼl u bʼanom ri u kolo bʼ rikej .
xa nimaj ri akʼal chiu wach ri u chuch .
k ku na n ria chi .
kin wa ʼik rech nakin yowaj taj .
aj xik ch ʼich ʼri lu ʼ s.
k waj che ixkix bʼano wik .
a ʼre xeto ʼ wala q .
xoj ʼe k xe ʼ qilalarqa sok .
xin loq ʼ jun ch ʼich ʼ, qaj inaqu wach .
ku tʼis rip antalon .
e jan ipa le awal kʼ wa le kʼolik ?
utzukem ik lepas cha we .
rimax are aj q ʼa ni ya ʼ .
mata bʼ achiri q kʼax pa le bʼe .
tajinka nimaj , rime ʼ s .
ixi xe ʼ laq ʼoma bʼ !
x sa cha n ch we.
e kʼo kʼi che ʼ , chiu wach ri juyu bʼ .
arewa ʼ ri nimalaj pixa bʼe arewa ʼ ri na bʼe .
x reta ʼ maj chiru kʼ pa kʼku tij wi
jas utza kik le su bʼ xu ʼ a no ?
aj xo ʼy ri wikan .
weta nea ʼre xe tijo w le ri kil , are le komon xe tijo w ik .
si bʼalaj aninaq kach ʼaw le are ʼ chi nu wach in .
utz wekin chakuj .
me ʼ sla ʼ .
kʼo kan wa rech kaqa tijo .
xin si kʼij la .
ria kʼal x sach kanoq jela ʼpa taq ʼaj .
xe si kʼij la .
jawi xki bʼij wi chike ʼ e wi ?
ru mal che , man ix tari ʼ ri kix ch ʼawik , are ri ru x la bʼa xel ri i tat ri ʼ rik ch ʼaw na i wu kʼ ri ix .
kʼakʼ ri wa choch .
si bʼalaj utzk in wil le atz ʼya q rech nahuala .
saq por k kay ri kipo ʼ trinan .
x sach on ri nu chak ch we.
wa ʼim xu chapo .
ri q ʼa q ʼ tajinka julu wi k .
naj il upam ri si wan .
e kʼo riqa chalal pa chiu wi ʼ la .
jas xa taq chi ʼj lea kʼal chu tijik ?
no ʼj im u kemik le pa sa wu mal .
kʼo jun ku ku bʼi ʼ tintin, wa ʼle laj ku kmam kaj e qitaj , kapaqi ka xu lik pa u wi ʼ uq ʼa bʼ taq che ʼ , si bʼalaj sak ʼaj , ke ʼ uto le e nima ʼ q , ch ʼu tin, rachi ʼl , aj si pa nel si bʼalaj utzra nima ʼ .
riu pixa bʼ leq ʼat bʼaltzij kiya ʼu bʼixik .
na x sa chonta chke xea tinik .
xeq il le chi kop pu wi leja .
x lo ʼ taj ri akʼal .
qo nojel kuj wa ʼpa u wi ʼ ri mexa .
x sik irle waqan .
la xat wa ʼ kʼut ?
nim u bʼa q ʼ ri tulu l .
kin xik ʼi kʼik xin q ʼa xik .
la kat bʼe pa le tina mit ?
rip al si bʼalaj saq ʼo r.
k q ʼoxo w nu jalom .
xin na ʼo chi kat petik .
x loq ʼu lewiwe chi x .
xin chakun ru kʼ ri numam .
na xqa bʼantaj .
k kʼoji ʼ bʼa ʼ ri u sipa nik ri ajaw xel jesusk ri sto ru kʼ ria wuxla bʼal !
kin ch ʼaw ru kʼ le nu na n pa lech ʼa we bʼal .
si bʼalaj q ʼe q u ʼm ru mal ri may ul .
are leba xu lik .
xe kos le ixoqi bʼ pa le bʼe .
kʼax ri lik le akʼal cha we .
xin q ʼi ʼ oxi na tin paj oron .
si bʼal aj nim le tina mit .
kʼax u kemik le pa sa wu mal .
xin sa chik .
tajinke lu kikʼel pa raqan ri tz ʼi ʼ .
xin weta ʼmaj ri lik wi bʼ
ri q ʼuq ʼ are jun je ʼl chi kop .
kʼopa ja tijo bʼal ri wi kaq ʼ .
ri sa chi bʼal mak raj wa xik chi qa xo ʼl .
je ʼ, kim bʼek .
jela le ʼ ri nu p wi ʼ .
xu bʼij che: -jas xa bʼan otintin ?
kabʼan juntoq ʼo bʼ kyak ri nuj al .
kat ʼe kxin ta.
jas leu kʼex bʼem ri bʼ le jun ru kʼ le jun chik ?
aj chiu wi ʼ mi q ʼi nja ʼ ri lu ʼ .
ri tijo nel naj kpe wi.
te ʼ kix cho bʼ u bʼi ʼ ri nu tat .
ri ja ʼ kamiq ʼik chiu wach ri q ʼaq ʼ .
ri tʼu ʼ yk paq ʼo w ik .
kin meson na .
na qajat kʼowi chi wech .
xin bʼiso nik taqna xat pet taj .
we xkam ri winaq , rip waq rech toj bʼal makaj kya ʼ chikech ri rala xik .
ri nuna n x bʼe pa kʼay bʼal .
xoj u kʼam u loq rech koj ri lo
x kʼoto chi n chiki wach chikin wa ʼ a wu kʼ .
na xki kamsaj taj xki kʼam bʼi choja .
kʼakʼ ri ikʼ kamik .
xim bʼe ru kʼle aj ku ni wir .
ril ik .
letz ʼi ʼ xeko sik .
xin ki ko ta wu mal .
ri i mul xumaj ria nim , xuya kan le kok .
kʼo oj cheri a kʼal .
x uj bʼe pa jun kʼula nem .
utz we k waralaq .
kaq ilo chi na koj u kʼam taj .
x reta ʼ maj chiru kʼ pa kʼku tij wi.
si bʼalaj x ink ʼa ʼ na rik .
xin kochij ri nu wa .
man kat kowin taj kat chakun ik , we man kʼota ri ajila bʼal .
we wo no n xu bʼij chike: -ki xinto .
ri ala nim k ri l wiri umam .
x ka ʼy chirij , x ka ʼy chu wach , ma kʼota chi jun k silo bʼik , xoq ʼik xu xe ʼj ri bʼ x ch ʼopi nik x tzalij loq xu riq tachik ri u bʼe.
kʼo p uscheri wa .
pi nem naka bʼe lewatz, kim bʼe wi in paka ʼyi bʼal .
ri na nto ʼ n nim winaq chik , saq u wi ʼ, ro nojel aq ʼa bʼ utzku na ʼo ka tʼuyi ʼ pa utem , ku mi q ʼisaj ri bʼ chori q ʼij , kʼo jun u wi ʼ umam u bʼi ʼate ʼ k .
man e kʼi taj ri q u la ʼ .
q ʼalaj china kawaj taj kabʼij
x paqa bʼi sax rajil ro nojel ri kem .
kʼo pari jul ri ku matz .
ro nojel q ʼij kin ch ʼaj le nu w are .
saq chikan lei chaj rech katzako .
chuxe leqa chomal kaqatij wi jun q ameq ʼin .
chawila ʼ .
e kʼo jo bʼ u mi ʼ al, ri nu tat .
jas ru kʼ xa wil wi
je ʼ jas ri winaq rech ri u wachu lew , xoquje ʼ ke pe nari ʼ rie ʼ are ʼ che e rech ri u wachu lew ; je ʼ jas ri winaq rech ri kaj , xoquje ʼ ke pe nari ʼ rie ʼ are ʼ e rech ri kaj .
xin tijo .
k tz ʼ uj u w ri ra choch ri po ʼ x.
xuq ʼi ʼo are leu kʼu lel xya ʼow u wa .
ri awel x reta ʼmaj chi rajawa xik man kux ej tari bʼ cheri tukur .
ju kʼu laj winaq xe ʼa nimaj bʼik .
je ʼ, xin tzalij ik .
xoj petik xolqa kʼama ʼ .
maj jachin x ʼek .
in aj tij ; at tijo xel .
saq u wi ʼ ri tata ʼ .
wech ri kem .
le ro ʼ ch le ate ʼ k kʼo ch wach leu kʼay lenunan .
k bʼe pari siri ʼa e pari silisi ʼ a, jawi je ʼ kuya wiri ki chuq ʼa bʼ ri komonty ox .
pixa bʼ : man utz taj kʼax kuj ch ʼaw chikij nik ʼaj qach il .
x kuna taj le ali ( ku mal ri ixoqi bʼ ) .
rixi bʼi bʼal chi kʼowi pa taq ri qa kʼas lemal ro nojel q ʼij .
nak uj wa rta waral .
on chek kʼoji ʼ ri utzil chixo ʼl , arech junam ri qa kojo nik , junam ri iwe chi x ru kʼ ri we chi n .
pa oxq ʼij ri sa ʼ n k bʼe naru kʼ ri aj kun .
kawinaq wuqu bʼ .
jas kawaj kin tijo ?
weta xat bʼe wu kʼ pa le tina mit , xa loq ʼtala ʼ leu jastaq le a kʼajol .
ke bʼe pa wa ʼim .
x in loq ʼ kʼi wa .
pa jun nim kʼa che ʼ laj , kʼo jun k ʼ wa ʼ si bʼalaj saq loloj, nim u wach .
k waj katij ju bʼa ʼ wa.
ro nojel winaq kril nari u kolo nem ri dyos » .
x kʼoto chi n chiki wach chikin wa ʼ a wu kʼ
k waj nakat ʼe taj .
la xa loq ʼ juna lej ?
e kʼo rie loq ʼoma nel .
riu ka bʼ u bʼi ʼ ri numam are ya y .
kin jopij ri i ja ʼ rech t ri ko .
x na ʼ taj chke xeati nik .
xate ʼ q ila ʼ .
kaki tij alan xa x ri winaq .
. . . ki n bʼij chi arewa ʼ sinxi ʼ an .
na xin na bʼej tach u tasik qa kʼoli bʼal .
ru mal rech cheweri in, kin ch ʼaw ru kʼ ri dyos pa ch ʼa bʼal , k ch ʼaw na kʼu ri ʼ ri w uxla bʼal ru kʼ ri dyos, kʼate kʼut man kʼota u pa tan ri ʼ ch rech ri nu choma bʼal .
xe petik xki lo .
xuta we katʼek .
utzukem ik lepas cha we .
ri nu wakax xu tij jun q ʼo q ʼ ru mal ri ʼ x kamik .
ru mal ri kʼix , man kewa ʼtaj ri winaq .
xe ʼu lik .
q ʼe q rij ri ama ʼ chij .
x raj ka ʼ e leu na n .
junam ki juna bʼ .
naq ʼalaj taj weka ʼek .
ri wi x nam ch ʼaj ch ʼoj ri ra choch .
waral man kʼotaj aj awal .
naiwi rtax ri lle kʼamol bʼe .
x in pe loq te kʼu ri ʼ xin tzukuj ro nojel ri nu rajil .
ri aj tiko nel kutik ri tzij .
kʼo e kikʼajol le achija bʼ .
ku tij q ʼayes ri ixpa ʼch .
pari wa ʼ bʼal e kʼo kawinaq achija bʼ .
sipo jinaq ri nu pam .
kaya ʼtajik ru kʼuti ʼo nem jun ri u riqom leya bʼil amol otsetsé xuquje ʼ are kaya ʼtaj pa taq ri juyu bʼ .
jachin ri a chi ?
ri numam x kamik aretaq kʼo jumuch ʼla jujujuna bʼ .
kin kowin ik kin kʼam bʼi lep waq .
kin wilo chi utz ria ji ʼ .
xin q ʼil ri apo ʼ x che man kachakun taj .
k wa ʼ chiu wach le taq ʼaj ri ama ʼ akʼ.
ri i mul xe poq ʼik pa jun ik ʼ .
x kʼis ka noq riqa chak .
are ria lixoji lo w ka noq .
si bʼalaj ch ʼu ʼj ri amax .
kʼo nu wachi ʼ .
in chaji nel kech lea kʼala bʼ .
xeko sle tz ʼi ʼ .
kin bʼe naku kʼ ri molaj .
ro nojel aq ʼa bʼ kin yi tz ʼri wakax .
karapi nik xu tzukuj chi juna waj .
leu kemik lepas aninaq ( a wu mal ).
maj u rajil leq ʼa bʼ are l.
kʼax ri ʼ ri kach ʼawik .
xoj u taq chi ʼj lea chi chu loq ʼi ki chaj .
si bʼalaj kʼax ri x kʼu lma xik .
x kilo chi nakin kʼoxo maj taj .
x na ʼ taj chkech ixeatin ik .
x kʼoto chi n chiki wach chi xoj al wo ʼ qaku kʼ .
jun q ʼu ʼ q rajil ri kaxla ʼ n wa .
xin wilo chi xe ʼel ik .
e kʼo ixoqi bʼ pa le kʼay bʼal .
man kʼotaj u kʼisik ri maya bʼ aj la bʼal il .
risin k kʼiy pa taq ʼaj .
rich ʼi ma man k kʼiy taj pa taq ʼaj .
rajawa xik k ji kik ri waqän .
kawaj kin ʼek .
e kʼo oxi bʼ akʼ.
xu bʼij ch we jawi at kʼo wi.
ch we ʼ q kuj bʼe ʼ pa muquj .
pa saq kʼaja ʼk bʼan wiri uq .
xoj ki si kʼij .
xin wil wi bʼ .
chaq ʼ chik ri wa .
kim bʼe nakapa le wo ʼch .
kawaj kin ʼek .
rich ʼu ʼ k tij ru kʼlej .
pari kiq ʼij kaminaq i bʼ k bʼan q ʼori kʼya ʼ rech aj : na bʼerinan ku tzukuj kan ri aj , kujach ʼo ʼ xuquje ku kʼeto .
jas kaj bʼal cha nim ?
utzu choma nik ri ali .
pari q ʼij oxlaj uj tija xkin kʼis ke bʼ juna bʼ kin chakun waral .
si bʼalaj ko , ri kʼakʼ ch ʼat .
jas karaj ku bʼij … ?
rich ʼich ʼ kasila bʼ ik .
pa ojer q ʼal pu l xaq xu wiri nim winaq ke kʼamow bʼe.
leu kuna xik leu ka bʼ u kʼutu nik are ru kʼ e flor ni tina on u tuni bʼaxik le nifurtimo x chi ʼ le flor ni tina chech t. b. g.
are ria chi xin ch ʼa yo wik .
juna chiu bʼi ku ʼ xu sipaj ke bʼ kʼa ʼm u lew rech kabʼan ri tijo bʼal , kamik , kʼo chikaj tij rech ri komon xech pu p .
xu malty oxij cheri aj tij ro nojel le xu kʼut chi u wach .
pari bʼe xki raq juna lajimul saq ri j, xki kʼam bʼik .
x ri lle bʼa le ala .
jas ku bʼij ch we ?
leu kuna tajem are ru kʼu tzuku xik leu chi kopil pa junu soli ku xe ʼ le kikʼo nleja ʼ rech jun nodo .
utz we n utz ʼi ʼ .
je ʼ, tajinka chapo nik .
ki nu loq ʼoj le nu tat .
kawaj kim bʼe pa tina mit .
are la ʼ kin chaku j .
ri nima ʼ q taq winaq kʼo keta ʼma bʼal .
weta xat bʼe wu kʼ pa le tina mit , xa loq ʼ tawa ʼwe jastaq .
ri kikʼas lemal . wa iximu lew xa jun chima areta tini mit ri ma
riu kʼ ya bʼal naj upam .
xa tqaj chiupam ri il .
nojim kat wa ʼik .
we kʼo jun k tuqa ʼ ri k , ¿ laman xoquje ʼ taj kin tuqa ʼr ri in ?
ojoj wokol ja .
awas k bʼan kʼax che jun nim winaq .
xin ch ʼaw apan ru kʼle wa na bʼ .
kʼax riupam ri ju ʼl .
tajinke wa ʼ ri imul .
lakaj lak uj tzalij la aninaq ?
ru mal rech cheri mak aj man kʼota u kowi nem pi wi ʼ ri ix : ri ixma nix kʼota chi chuxe ʼ ri pixa bʼ, xa ne ix kʼo chuxe ʼ ri sipa nik .
nim raqan le che ʼ .
xin chapo .
are le tu ʼ rle loq ʼoma nel .
xaskat kʼoji ʼ chiupam ri ch ʼich ʼ .
si bʼalaj nim raqan ri kʼamal bʼe .
le tz ʼi bʼa bʼal we chi n .
in xin to ʼw la .
xa je kʼu ri ʼ ri ix kamik ri ʼ man ixkax lan winaq tachik ; ri ix , ix rech ri ki tini mit rie tyo x laj taq winaq , ix rech ri ra choch ri dyos .
xin tiko x laj kʼali chaj .
kaqa riq qi bʼ chwe ʼ q .
si bʼalaj utz cheri wi ʼ aj ri tuney .
we na jupu lik taxe qaj ik . . .
x in to ʼ taj cheri nu chak .
kʼo jun chiko pu bʼi ʼ pum .
poqon ri ik .
xoj bʼi nik .
xu ch ʼe kro nojel le reta man ik x paqi ʼ k kʼax k wʼin ik xu bʼanaj kun .
ke lu bʼik pari jud e ʼa ek tzalij chiu bʼi jumul pari gali le ʼ a.
xina xi bʼij pa bʼe .
je ʼl kʼo lem chi awa choch .
ro nojel ri ya ʼtal il pa we q ʼataj , tz ʼaqat ki wach , man k tzaq taka noq xuquje ʼ man ktas taj .
xukunaj leya wa bʼ le aj q ʼij .
chi tata bʼej jas le kim bʼij .
ch ʼan al ri a chi .
pa bʼo ko ʼ kachakun wiri tax .
uj kʼopa u wuq q ʼij .
ki ʼ riu ka bʼ ria qaj .
kʼo ra chalal pa tz ʼoloj che ʼ ri pe ʼ l.
x kilo chikin kʼoxo maj .
riu kisak ʼ utzk ya ʼik chi uxe ʼ ri tiko ʼ n .
aretaq chi ʼ kaq ʼan pu wi ʼ ri juku bʼ, ria chi che x kʼoji ʼ ri itzel uxla bʼal ru kʼ , kutach rech ri are ʼ, arechk kʼoji ʼ ru kʼ ri are ʼ .
na kabʼantaj ta wu mal .
x na ʼ taj chke xeati nik .
xin paj ri nu t ri ko .
xe ʼ ok ri pok ʼ pari umexaripo ʼ x.
ka julu w ri aq ʼa ʼl chiu xe ʼ ri tʼu ʼ y .
a wech leja .
x uj bʼe pa tzu rik .
na bʼe xat opan ik .
riu ka bʼ u bʼi ʼ ri numam are ya y .
uwaj xaqu ka kʼal taqanik (28) .
ma tak ʼo jun kakanaj kanoq , qo nojel koj bʼek .
e nima ʼ q le al toma bʼ .
nim u wach ripo ʼt .
kojo nik pari utzij wa iximu lew .
jas xu kʼam bʼi le tz ʼi ʼ xa wilo ?
xin petik, tat .
ri bʼe laj u wach .
chi tata bʼej jas ri kim bʼij .
je ʼl kuna ʼ ria bʼ ix chiupam ri q uq u lew .
kin bʼiso ju wach lewal .
xu tʼuyu bʼa ʼ .
nim ria we q e le ʼ n xa riqo .
xin e ʼ wa ʼ oq .
chi ʼ kewa rwi le akʼala bʼ .
ri nu mi ʼ al xu taq loq jun taqo ʼm wuj chi we .
q ʼe ʼ lik , ri chaj pari bʼe .
la utz awach ? - utz malty ox , e kʼu riat ? – utz malty ox .
xin kos ru mal nu chak .
k bʼe ku kʼ rie ʼ are ʼ e k tzalij pari na sarete ke ʼ u nimaj .
ri joj xu kʼam bʼik ri akʼ .
kʼo chi wachi ʼ lcha nim .
ku bʼij chech na ʼl kabʼan cheri atz ʼi bʼ .
e. . . in kawaj katzjoj bʼil ach we.
mat a xin ya j le ali .
jachin ru kʼ kat bʼe wi ?
kʼo si bʼalaj eta ʼma bʼal pari maya bʼ no ʼji bʼal .
e man xori jupu q kej .
kas umum ri kaqi q ʼ.
e kʼo kaji bʼa kʼala bʼ pa le bʼe .
je ʼ jas ri u tat k ka ʼy ik .
xa qat molo nel tzij tal .
le nu tat ka loq ʼo nch we .
xaq tane kim bʼei wu kʼ .
x reta ʼma juch ʼaj ik .
ru mal la ʼ x koj “ xa lq ʼat ” cheu bʼi ʼ ri komon .
are leu kemik pas xreta ʼmaj .
ri wa ti ʼt ku bʼan nari u pa tan .
kʼakʼ le po ʼt .
reta ʼm u wach jachin x loq ʼo w ripas .
ke n ch ʼa bʼej le akʼala bʼ .
ya ʼtal chaq eqo nojel ri uj winaq utz kaq il qi bʼ .
x koti ʼ paq ʼayes xoq ʼik .
kawinaq bʼe le je bʼ q ʼa taj .
e kʼo kaji bʼral ri i mul , jun saq , jun q ʼan , jun q ʼe q , jun q ʼeqoj , si bʼalaj ketz ʼa nik , kech ʼopi nik ri alaj taq imul .
k cholol ria cha chal .
kete kik ri ikʼ .
xe petik rechke wa ʼiw u kʼ .
tz atz ri uq ʼa nil ri akʼ .
xoj tzalij ik xi xe ʼ qaq ʼat uj ku kʼ lei tatinan .
riyo ʼ x taqa kʼala bʼ ke ki kʼux ri atz ʼya q .
weachi we xu sipaj jun po ʼt ch we x kamik .
k kowin ri kuna nel cheku na nik .
x ji q ʼ pari polo w .
xa ru mal si bʼalaj rajawa xik le loq ʼalaj ja ʼ, le winaq xki bʼij : che we ikʼ ri ʼ qo nojel kuj bʼe cheutik ik taq che ʼ .
riuna ne rie ra chalal ke pe u loq ru kʼ ri are ʼ, kʼate kʼu ri ʼ, man ke kowin taj keq i bʼ u koq ru kʼ , ru mal rech che e kʼo si bʼalaj winaq .
ru mal rech , che man kʼota jun k kowin cheu kojik jun tiki bʼal il chik chu wach ri kojom chik che are ri jesusk ri sto .
te kʼu ri ʼ x utz ʼi bʼaj ri bʼ pari nimalaj tijo bʼal rech aj ku ʼ n .
ka julu w ri ch ʼu mil chaq ʼa bʼ .
kʼis bʼal kanoq , xoquje ʼ k kam ri ixoq .
le ala xokik .
kʼo p waq pa u wi ʼ ri mexa .
are kawaj nakin ʼetaj .
ri ya wal ku koj ri ali chiu xe ʼ ri chak ach are usu ʼ t.
na kaqa kʼam tu ʼ bʼi kamik .
ri aj tij ku bʼij chike: rajawa xik keqa chajij ri awaj , are u tiko ʼ n ri ajaw .
xin tij mukuni wi r .
kʼax leu wi ʼ taq le nuq ʼa bʼ .
xin loq ʼjunil bʼal wi bʼ .
wa ʼ we q ʼij , nim u bʼantajik .
riu xe ʼ al ri qa tina mit man kasach taj .
xoj bʼi nik .
ria chalal junam ki wach .
xin weta ʼ maj ri lik wi bʼ .
nim ri una ʼoj waj tij .
mi q ʼin ri kʼul .
aj q ʼojom ri ate ʼ k .
che le sa nik che ʼ k bʼan wiri q ʼojom .
ka pe le awel pa nawal ja ʼ .
ri me sonel tajink chaku nik .
utz chaq e kaqa to ʼqi bʼ, taq kʼo kʼax kʼol il , katew e chi ʼ n ri ajaw paqa wi ʼ .
xa wilo, x q ʼa tan le ibʼoy .
xat kowi nik xa bʼano .
ki ʼri kʼawex .
kajil il ri bʼe .
le ali xel bʼik .
are ʼ x raj xin bʼano .
nim we abʼaj .
je ʼ liku ti ʼ jo l al ri saq ko ʼ r.
noji naq ri ke j .
we katijan xu xman katuto ʼta chi uq ʼat ixik le kʼakʼ ya bʼil corona virus ( 2019- ncov).
na nim ta raqanwa ʼ we che ʼ .
utzalaj ajchak , ri we l.
¿jam pa ʼ kuj bʼe pa nimaq ʼij ?
rajawa xik tane la ʼkat chakun wu kʼ .
xutaq chi ʼj pa wa ram pu lew .
man are tari axwan xel ik .
ria wi x xu loq ʼra choch re nimal .
are ri ixoq xin si kʼin u loq .
rich ʼi mak ʼa tʼon na .
la xi bʼan lei chak ?
kʼi tina mit e kʼopa ch ʼo ʼj .
kʼo jupu q chij chiu xe ʼ ri che ʼ .
riu xaq ria bʼix are u wa rikej .
ka winaq q ʼa taj .
lak ixpe pa tijo bʼal ?
we kechaji x taq le kʼ wa jachakin bʼij ; juna lik kʼoja ʼ xuquje ʼ si bʼalaj saq lo loj .
xreta ʼ maj .
ri ala bʼom ria litoma bʼ tajin kiki tijoj ki bʼ rech su taq , are kakaj ki kibʼan nimaq achija bʼ chupam ri kikʼas lemal , xuquje kʼo chik jupuq bʼixo nel chupam ri komon .
la tz ʼu wach ri bʼe .
kʼakʼ riach ʼich ʼ .
qo nojel uj , uj maya bʼ taq winaq .
nojel q ʼij ri ati ʼ x kuyuq ʼuj le taqa waj jela ʼ pa nik ʼaj ja ʼ, chirij ri juyu bʼu bʼi ʼ te na ʼ .
pa q ʼom chik ri si ʼ .
kin tzuku n che la .
kaki tij le ki naq ʼ, lei chaj , leu wa ʼlik ru kʼlej .
xe kanaj kan le ajchaki bʼ .
ketikon ria chija bʼ .
si bʼalaj itzel u bʼantajik rich ʼi lakan .
ria te ʼ k xu malty oxij cheri rati ʼ t, ru mal ri utzalaj no ʼji bʼal xu kʼut chech .
k ka muli xu chak ri a bʼ ix .
la xin utzukuj le tijo xel ?
are ʼ kachakun ro nojel q ʼij .
lee kʼa ʼ na taq tz ʼi ʼ .
saq rij ri plam u x .
jas xaq ʼi ʼ oxa tijo .
jas ru kʼ xki chap wi u tijik le rik il ?
we katatin ru kʼ kʼa tanja ʼman kuq ʼatej ta le kʼakʼ ya bʼil corona virus .
la kat bʼin pa le uxlan bʼal ?
la waral kʼux ixwa ʼ wi ?
are le nu tat kin loq ʼo nik .
tajink chakun ri ala .
kʼo ri ki ʼ kotem ala wu kʼ .
xuta jachin ka ʼek .
xat wa ʼik xin wilo .
x tzaq ri ra choch ru mal ri ja bʼ .
pa le jun ik ʼ chik are nimaq ʼij .
e ke bʼäm kebʼin pa u wi ʼ ri tem .
memria chi .
ri wikan chali ʼ y kel pa juyu bʼ ch wi tziri bʼal .
le rajil , la pa ja xela q ʼax wu ʼ bʼik ?
pari su ʼt pisom wiri lej .
koj petik kol qa kʼama ʼ .
tajin kat ch ʼopin chiu wach ri taq ʼaj .
leq ʼ orx ch ʼuq ik .
kʼax wa ʼ ima wu mal .
kin bʼiso n che lewal .
si bʼalaj kʼokʼ ri awatz ʼya q .
kamik x uj bʼe cheutik ik taq che ʼ pari juyu bʼ .
ki nu loq ʼoj le nu tat .
chaq i ʼj chik ri chaj .
xyi lix ha wayi .
na x na ʼ taj tachke chi xe a tinik .
ru kʼ kʼu wa ʼ we ri ʼ, ri ixk kʼoji ʼ jun utzalaji kʼas lemal ri ʼ ch ki wach ri winaq che man e kʼota iw u kʼ , kʼate kʼu ri ʼ man kʼota jun winaq ri ʼ rajawa xik chi wech .
e petinaq pa bʼe le ra chala xik .
kakaj le akʼala bʼ kewa ʼik .
x uj ch ʼay bʼ ik .
ri nu chak are q ʼaxel tzij .
kʼo naru x la bʼ ri awaj .
tajinke lloq , ri q ʼij .
xu q ʼi ʼ oxkam sax ri ra chalal choch .
ri numam are kʼo uq ʼi nomal .
x kʼu lma taj jumul , xu bʼan jun nimalaj ja bʼ, man x bʼeye taj tana xu kʼis leuyuq ʼ chike .
ama ʼ ri n utz ʼi ʼ .
jewa ʼkat petik .
xin ko sik ru mal xin chaku nik
i wech chi jujunal, ri wa .
xu q ʼi ʼ on axata tin taj .
in ri q tajinaq pari kʼayi bʼal .
naweta ʼm taj .
kʼax le nuq ʼa bʼ .
utz le xu bʼij lea chi .
kematz ʼi bʼ .
kʼo ra chalal pa tz ʼoloj che ʼ ri pe ʼ l.
ro nojel wa ʼ we jastaq ri ʼ, xask sach wi u wach wa ʼ ; ru kʼ we ri ʼ, ri ix , rajawa xik che kʼo junty oxlaji kʼas lemal e k kʼoji ʼ ri ich ʼawem ru kʼ ri dyos,
x muq taj ri patz ʼan .
rich ʼich ʼ tzijom kanoq pari u kʼol bʼal .
man kʼota u cholaj pa taq ria wuj .
jachi ke ikʼ leu nimaq ʼij le tina mit nawal ja ʼ ?
xe petik x ol kikʼama ʼ .
ka chuq ʼ chutrija ʼ chi apam .
xin bʼi jiwir chi xe bʼe pa armita .
are ʼ u xe ʼ ojer tzij waral kʼi che ʼu bʼi ʼ .
x kʼis ri nu si ʼ .
jawi xki bʼij wi chike ʼ e wi ?
¡ xa je kʼu ri ʼ, jachin taq rie kʼopa ri ju de ʼ a, chi cha nim che ʼa nimaj u bʼi pa taq ri juyu bʼ,
kʼakʼ ria bʼ .
lak ʼo jun naka kʼoxo maj taj ?
na utz ta leu tʼisom lea lmariy .
man ya ʼtal taj chia we katok pa ja .
je ʼ, xatu tzukuj .
are kel waj xaqi bʼ uq ʼij ri x kʼojik .
ri xu n ku rk kʼoji ʼ pa taq ri t ri ko .
xin sa chik .
xu tʼuyu bʼa ʼ
na nutom ta le tzij …
wach ʼom ri ki wari no ʼs .
e kʼo jo bʼ ch ʼil wa kʼ .
rajawi xik chi pa taq ri tijo bʼal , pa nik ʼaj u bʼixik chik
ri rajaw ru lew are ʼ tat kel .
we kʼu xokik , we kʼ na xokta
we achi xu sipaj jun pʼo t chwe.
a tat u taqo ʼ n leq ʼatal tzij .
na q ʼanta u wach le qap ru t .
rixa ʼr kʼopa u wi ʼ ri q ʼaq ʼ k poq ʼo w ik .
ri ro q ʼej ri alija chak pe juna kʼal .
kʼo jun alapa tijo bʼal .
säq u wi ʼ ri tata ʼ .
ri wi tz ikʼ tajink pe loq .
jawi x sachon wika nu ya ʼik le p waq che .
utz we achi we xin kuna nik .
qo nojel kuj wa ʼpa u wi ʼ ri mexa .
ri kaxla ʼ nik man poqon taj .
in xin bʼe ru kʼ ri wachi ʼl .
si bʼalaj je ʼl x kilo xe ki tz oqopij ri kichij chila ʼ .
kin bʼinik xin ʼek .
kʼax kʼo lik , ka cha ʼ .
ku tij ixim ri akʼ .
ria lix che l, xu q ʼi ʼ oxa jun akʼ xsipa x che .
x qa si kʼij le ixoq chutza kik su bʼ .
ma taxa bʼinsaj lech ʼich ʼ .
ri pix tz ʼaral ik ru mal rieqa ʼ n .
¿jam pa ʼkel chi 3%
kʼo jun nu kʼotoj chi ʼ aj .
tajinke wa ʼkat ri ala bʼom .
xin loq ʼ le nu kʼa kʼapo ʼt .
na utza kik ta su bʼ tajin ku ʼ a no
xoj u taq chi ʼij xoj wa ʼik .
i wech ria bʼix.
saq rij ri chij .
aj sik cheri tina mit kel wiri tata ʼ .
- ¡a y! xa xin tzaqu loq , kʼax we waqan .
x kʼu lma taj pa jun komon chi ʼ u wach jun juyu bʼ, xu ri qa jun q ʼij xki riq ki bʼ junimul ru kʼlek ok .
jas xa taq chi ʼj lea kʼal chu tijik ?
xin chapo su xu loq ʼo .
q ʼi nom ri a chi .
ri kʼum k tijo w ru kʼ ka bʼ .
tajin kejach ʼa nik .
tz e bʼal u kemik le pa sa wu mal .
areka yo ʼw leu chikopil leu bʼantajik try pa nosoma brucei.
we kat nima nik utzkel ik .
pero no ʼji mal pet naq loq , .
are le nu chak jun tz uq bʼal wi bʼ .
x kuna x leya wa bʼ ru mal le aj q ʼij .
riu kʼu ʼ x tz ʼi bʼ pa qatzijelaj uj .
si bʼalaj je ʼ lik rieqa bʼal xu bʼan ri lu ʼ s.
si bʼ alaja tkon .
e man xori jupu q kej .
na x na ʼ taj ta chke xea tinik .
ri kʼamal bʼe xu bʼij chike, chima jaria nim .
jumuch ʼri nu juna bʼ .
q ʼi p taj inaq ri raqan ri tem .
k chakun ru kʼ ri jos bʼal che ʼ ri aja nel .
xa taq chi ʼj lea kʼal chu tijik kar .
oj kʼopa le ro ʼch le awel .
¿ lakat pequ kʼ chwe ʼ q ?
le winaq pa lech ʼich ʼe tʼuyu llo wi.
x kanaj kanoq chi uxe ʼ ri ja bʼ rich ʼa ʼ n .
nim ri ja .
weta xakun aj lea tat ma tax kam la ʼ .
na nu kʼamom tu ʼ la ri ʼ .
chqa nu kʼu ʼ ri qatzij .
kim bʼe pa le tina mit .
xin q ʼi ʼo na xina tin taj .
rajawa xik kakʼaman cha we leu tijik le lej .
kʼis bʼal taq no ʼji bʼal .
xin e ʼ wa ʼ oq .
xki bʼan kʼax che leu wosaq ru mal man utz tachika kayik .
riq ʼutu ʼm man kech ta le akʼala bʼ .
are na nim ta leatz ʼi ʼ chu wach le n utz ʼi ʼ .
xe petik xolki la ʼ .
¿jaw chi ʼ xata ʼ che xkam ri umam ri po ʼ x ?
e ke bʼ ke kʼam bʼik pa tuj .
xin loq ʼ jun japa ri wokaj ja .
ria x tu ʼ bʼ , kʼo qulaj chech .
jas karaj kaʼan chutza kik leti ʼij .
xu tij le wa .
xim bʼal re tzij .
x paxri bʼo ʼj .
we kawaj ka tinto ʼo xaq xu wi kabʼij chi we .
jas nu kʼukuch ʼo bʼo .
jas karaj ku tijo ?
xe x ru x la bʼ ri rik il .
enitz ʼa ʼq le taqimul .
weta ne inxin bʼano w ik , are le ate ʼ k x bʼano w ik .
kin tzalij pa le nu tina mit .
ri nu chaq ʼ kʼopa u ro ʼ q ʼatoj tijo nik pari tijo bʼal .
xin xi ʼj wi bʼ xin ch ʼawik .
kʼo ch wa ro ʼch le pare .
chi raqan kabʼin wiri tata ʼ .
x sa chonkan u ya ʼik le p waq che choja .
xin q ʼax chik ixo ʼl ri winaq .
ketiko nik .
riu lew man q ech taj , kech ri qati ʼ t qamam .
xepe le winaq xol kikʼama ʼ .
xu loq ʼri wuj ru mal ri ali .
che we q ʼij kamik kʼo jun nu tzijo nem chirij le nu tina mit .
kej ri ʼ .
x kuna na laq ch we.
ki nu si kʼij le nu na n .
ri i mul xuch ʼij taj , xkan aj pa bʼe, ru mal ri nimal kujal uj ri i mul , x utzaq ria nim .
ku bʼan ri uxoq ʼo ʼl ri aj tz ʼaq .
ri la si bʼalaj utz cheku na bʼal .
kʼi ki wach rie ʼ ajchaki bʼ pari komonty ox , kʼate kʼut xa jun chi ajaw xel ;
xqata chixa tulik .
kawaj chi ka tʼek .
ch ʼuti ʼ n ke kanaj ri xa ja bʼ chech .
kaqa xi ʼj qi bʼ kaqa chapo .
e kʼo ke bʼ u kʼajol le tat xwan .
lu ʼ su bʼi ʼ ri recham .
aj chiu wi ʼ mi q ʼi nja ʼ ri lu ʼ .
xin ya kan le nu chi mpa kʼay bʼal .
kʼate x ri lo, x periunan cheu tzuku xik , xki kotik , xu sala bʼisaj ri taqu xki n .
xki kʼut chi u wach ri aj tij xuquje ʼ chiki wach ri taqnik ʼaj kach il .
utz le nu q ʼa bʼ .
ku l le al we ʼl pa austin chaq ʼa bʼ kamik .
ri ate ʼ k x tzaq loq are chi kʼopa u wi ʼ ri q ʼa ʼm .
aj pa tan ri te ʼ k .
xa tqaj chiupam ri il .
la kʼo tzij naki kʼoxo maj taj ?
x sach on chkech ixeatin ik .
ro nojel leu lew echalaq .
la xe bʼe kʼula xe ʼ kijaqa kʼu leu chi ʼ ja ?
xaq kat ch ʼok na jiwir .
kamik kʼo chiri jastaqa we .
are chi ʼ kakʼis ri juna bʼ kʼo q ʼi nom .
pa nawal ja ʼ xina le xik .
na xin tat aj we are ri akʼal kix tzuqu wi k .
¡ ru lew ri sa bʼ u lo ne ru lew ri neftali, u bʼ eripolo w , ru lew ri j ordan , gali le ʼ akech ri jetaq amaq ʼ !
rax , rax , rax , kʼo k ʼ, kʼo k ʼ, kʼo kʼle ru xla bʼ le taq tiko ʼ n .
achi xat wilo .
pa q al rajil le pix kamik .
xoj bʼi nik .
pa jun je ʼl tijo bʼal ku tijoj ri bʼ juna kʼal , u bʼi ʼ po ʼ x , utzku ri lok e pa tijo bʼal ro nojel taq q ʼij .
x waj chixa tʼe taj .
utz la ʼle xu bʼij le achi.
weta ʼam jachin ka petik .
kin q ʼo joma nik .
xin q ʼi ʼo tak ʼalik xin petik .
are ʼ reta ʼm che kinopan ik .
areta bʼal eqa qajaw cha t to ʼ wik .
kawinaq waqi bʼ q ʼa taj .
naqaj chik cheri u waq kaj bʼal aretaq chi ʼ k sach u wach riq ʼij , k ok ri q ʼ eq u ʼm chu wachu lew , chi kʼate ʼ nari bʼe leje bʼ kaj bʼal .
jo bʼ raqan ri tz ʼalam xe poro xik .
si bʼalaj korij ri mop .
arewa ʼ .
jela ʼ pari ti minit ch wi kaby ok rech xelaj u ʼ, leqanan qa tat kaki tikoje ʼl alaj taq u wachi chaj .
kʼax nuqul .
xu ʼ lu kʼama ʼ .
koj u lki tzukuj .
are man kʼax tauku na xik aretaq aninaq ka ʼ ilitaj we ya bʼil al xuquje ʼ mojo ʼ qakuya ʼle kʼax kʼol il chech le jolomaj .
ri we l kʼopa tijo nik .
kawaj kin bʼij .
ri kotz ʼi ʼj k qa koj chiupam ri ja .
q ʼe q q ʼoj rij ri ama ʼ kej .
na x waj taj xin ch ʼaw ik .
ch peta bʼal e loq ʼalaj ja bʼ .
x sach on chke xat kisi kʼij .
e leq ʼalch ʼich ʼ .
jachin xa wilo chi are x tijo w ri ti ʼj ?
ma taka bʼe le nu x bʼal pa le tina mit .
pim ru q , ri ali .
¿ kʼo ri muq ʼe chia wech ?
k qa bʼij man ke kowin taj .
kin tij na .
kʼo jun qat ʼu ʼ y pa ja!
kʼo puj chiupam rich ʼa ʼk .
aretaq kin ko sik kin warik .
xat wa ʼ ik xin wilo
in xin ch ʼayow lea chi .
ko nojel ri ala xik ke ʼ etz ʼa nik .
jas ru kʼ xki tij wi le kirik il ?
aninaq il kat petik .
nara xta u wach le juyu bʼ .
ri tz ʼalam tz ʼi bʼa bʼal rax k kayik .
we cha t chaku nik , kʼo awa .
ma ʼtam xat pe cheri wa ʼim .
kamul kin wa ʼ na.
ri sik il k tijo w ru kʼ ik .
kim bʼe aq ʼan ru kʼ le alta lin .
xoj ʼe k xe ʼ qilalarqa sok .
xe kiq ʼil le ajchaki bʼ xki wok leja .
ma tanex waj le kʼu hj nem ru kʼle ate ʼ k .
are xe ʼopan chiuchi ʼ ri juyu bʼ, x kilo chiman qasta kʼo q ʼayes .
kʼate kʼut , ri jesus man k kojon tach kech rie ʼ are ʼ , ru mal rech che ko nojel reta ʼm ki wach ,
pa ʼ tz rij ri tz ʼi ʼ .
ju winaq waqi bʼ q ʼa taj .
atel aq ʼom .
xa qat jo ʼ s.
ri q ʼa tzu, are q ʼalaj ri uq ʼij il .
aj chak we ala .
u bʼe leju ka kʼal taqanik (29) .
ke bʼ nu bʼi ʼ kʼo lik .
laka tzalij lu ʼ la aninaq ?
katzuku n la ch we.
lakaj lakoj bʼe ʼ pa le chomal ch we ʼ q ?
xin na bʼej chu tasik qa kʼoli bʼal .
la l xinto ʼ w ik .
si bʼ alaja no ʼji bʼal .
xoj petik xolqa kʼama ʼ .
si bʼalaj je ʼ lik ri u wa ʼl ri ichaj .
kʼax wij ru mal in pa cha lik .
aretaq xu kʼu lmaj wa ʼ xu l ri u choman ik xu bʼij : are utz wa aq ʼa bʼ kin wa lij ik , are cha ʼ cha nim ki nopan pa tijo bʼal , maj chikin kʼu lmaj .
ojaj xojo lo bʼ pa awasq ʼij .
xin sach che leu wokik letzij .
e julaj uj ri akʼ .
xuta jam pa ʼ koj ʼek .
q ilik .
ri tijo xel man areta nim chu wach ri raj tij . ri utz tijo xel qas jeri ʼ kʼoli k jas ri raj tij .
in xa tin ch ʼa yo .
no ʼjim chak wu mal .
ch ʼu r ri jo ch ʼ .
inkin bʼij na katsach taj .
uj maya bʼ .
ria bʼaj ya tzalik .
tajin kepix bʼax ri akʼala bʼ .
chom ri aq .
xin warik .
elemen ko nojel ri a kʼala bʼ .
tajink q ʼan arik ri we re ʼ aj .
leu kemik le pa sutz ( cha we ).
xuyu pu bʼa u wach ra ʼ chi , kacha ʼ, .
ri sa tan askok pari judas rik bʼixiska ri ʼotech rech , ri are ʼ jun ch kixo ʼl rie ka bʼlaj uj .
chu churipar .
ki nqumuj ri nu joch ʼ .
chech punción lumbar amaq ʼel rajawa xik chech ri lik leu kʼex bʼem wi le na bʼe ru kʼ leu ka bʼ u kʼutu nem leya bʼil al .
q ʼalaj china kawaj taj kabʼij .
kʼo q ʼol chirij ri si ʼ .
jawi xoj ʼewi chu loq ʼik ?
kʼo u loch ʼri talin .
q ʼan ri j ri ati ʼ t nukej .
la x tzalij la iwi r ?
xe si kʼi xik , kʼate kʼu ri ʼ xe ya jik , xuquje ʼ xetaq bʼi cheusi kʼik lemes .
lakix warik ?
are kʼu lepa loma x xu bʼij che: -mam kat bʼison taj , kin si kʼij nik ʼaj wachi ʼl kerapapik .
a ʼre e tijo xela bʼ .
ri alaja lisi ʼl xu bʼij x qa chap pa utzal ri tyo x .
x sach on chke jachin xe a tinik .
jas xu rayij le anan xu tijo ?
xinko sik .
rax ro nojel ri q ʼayes ru mal leja bʼ .
kin ya wa ʼ wech ʼich ʼpi nem na utz .
no ʼj im upach ʼu xik le nu wi ʼ .
naj kʼowi le wo ʼch chu wach le tijo bʼal .
rio kibʼal kʼo chiu wach ri saq ja .
xe nu taq ch ʼij ke kil le akʼala bʼ .
kʼo jun q ʼo xowem chi we .
tza ri cho ʼm .
we choj bʼe pa le nimaq ʼij , ke q il le aj xojolo bʼ .
xoj ʼe k xe ʼ qilalarqa sok .
ri ate ʼ k xuta ʼ chech ri na nto ʼn :- na n jas che ʼ chiman kajtala qa kʼa tisaj ri jo ʼ q .
rip al si bʼalaj xu ʼ y .
kin koj ri jo k bʼal u lew .
inkin bʼij na katsach taj
at raj kun le nu na n.
ku qamuj uj oron ri aj tzij .
lu ʼ tz ʼalam u bʼi ʼ ri achikel pa nim che ʼ .
je ʼ liku ti ʼ jo l al ri saq ko ʼ r.
kʼo jun xa ʼ r pa ja .
xin loq ʼ jun kʼakʼ pa tan .
kʼax u kemik le pa sa wu mal .
aninaq u kemik le pa sa wu mal
rich ʼa ʼ n sa chi naq pa taqa bʼix .
rax taq le kotz ʼi ʼj .
me som kanoq riupam ja .
man are tara la xko sik .
ri komon xech pu p rech uq ʼa bʼ tina mit xo ʼla bʼ aj rech q ʼu markaj .
la utza kik kʼusu bʼ tajin ku ʼ a no ?
kate la !
na xu tij taj .
xa ru mal keta ʼm ko nojel ri winaq k ki qumuj leja ʼ .
iwi rx uj tzalij lapa kʼay bʼal .
qeta ʼm cheri qawa kuju to ʼo .
ri aj tij , k ya jo n chikech ria kʼala bʼ .
jasu bʼanom le nuch ʼuti tat ?
ch we ʼ q kin bʼe pa nim tina mit .
utz we ki weta ʼmaj jasku bʼij ri chol bʼal q ʼij .
tajin katjilo w che uq ʼoxom jolomaj .
xin tik q ʼax chiu wach ri ja .
kʼax le ki bʼe le winaq .
loq ʼkat kun taj che leya bʼil (covid-19) .
ri nu xi bʼal kel paq aj bʼal q ʼij .
x ri l ri axwan chi x wa ʼ ri ala .
lea lix ku na tajik .
weta ka pe leja bʼ kamik .
xin weta ʼ maj china xat pe taj .
rip waq rech we q ʼataj ri ʼ kesax chech ri toj bʼal kʼayi nem .
k tij ri u wa ʼlik ru mal ri ki nimaq ʼij .
xu chapuku na xik .
cha tan loq ali .
xin xu li ʼ qaj oq .
je ʼ lik k tijo w ri taqik ox .
kʼate kʼu ri le tat xo ʼ rx u bʼij , man kawaj taj , man kawaj taj .
kʼo jun tz ʼi ʼ pa bʼe .
kamul xin pe che atzuku xik .
man tajin takin chaku nik .
kin chaku nik rech kat wa ʼik .
jas ru kʼ xa wil wi chi xki qupij wil eti ʼj .
jas u bʼixik … ?
koq ʼria kʼal .
kawaj nakat ʼe taj .
xat q ʼaj ik .
wem na cha loq ʼa xiya l, nakim bʼe ta a wu kʼ .
xopan le wuja wu kʼ ru mal wech in .
are kʼut pa le juyu bʼ k kʼiy joron, chila ʼ xe kikʼama wiri ja ʼ ri winaq .
koq ʼria kʼal .
we kʼo araj il chak ʼama loq .
are si bʼalaj kaq le apo ʼt chu wach le nu po ʼt .
xin kʼas taj pa ka bʼlaj uj kaj bʼal .
kaqoy ʼej nakix pe taj .
kokaxim ri chij xa jela ʼ man ka nimaj ta bʼ ik .
ri kok no jim x bʼek , xu ch ʼijo xopan pa u kʼis bʼal il le a nim .
xoj ki ʼ kotik aretaq xa tulik .
ka qitz ʼ naj ri uxa ja bʼ ri akʼal .
ri jesusk wa ʼkat pari nimra choch ri dyos, chu xe ʼ ri jun ja che ra choch ri sa lomon .
we taqanik ri ʼ ku bʼij chi rajawa xik k ya ʼ uq ʼij ri winaq xuquje ʼ k to ʼ aninaq il .
ria xu x are na ri uku nel ri ki na q ʼ .
aretaq wa ʼri uq ʼijol we taqanik .
kʼo jun ta bʼal pa u wi ʼ ri xkan ulu bʼi ʼlaj uj no ʼj .
yu ʼl u bʼanom ri u kolo bʼ rikej .
xa nimaj ri akʼal chiu wach ri u chuch .
k ku na n ria chi .
kin wa ʼik rech nakin yowaj taj .
aj xik ch ʼich ʼri lu ʼ s.
k waj che ixkix bʼano wik .
a ʼre xeto ʼ wala q .
xoj ʼe k xe ʼ qilalarqa sok .
xin loq ʼ jun ch ʼich ʼ, qaj inaqu wach .
ku tʼis rip antalon .
e jan ipa le awal kʼ wa le kʼolik ?
utzukem ik lepas cha we .
rimax are aj q ʼa ni ya ʼ .
mata bʼ achiri q kʼax pa le bʼe .
tajinka nimaj , rime ʼ s .
ixi xe ʼ laq ʼoma bʼ !
x sa cha n ch we.
e kʼo kʼi che ʼ , chiu wach ri juyu bʼ .
arewa ʼ ri nimalaj pixa bʼe arewa ʼ ri na bʼe .
x reta ʼ maj chiru kʼ pa kʼku tij wi
jas utza kik le su bʼ xu ʼ a no ?
aj xo ʼy ri wikan .
weta nea ʼre xe tijo w le ri kil , are le komon xe tijo w ik .
si bʼalaj aninaq kach ʼaw le are ʼ chi nu wach in .
utz wekin chakuj .
me ʼ sla ʼ .
kʼo kan wa rech kaqa tijo .
xin si kʼij la .
ria kʼal x sach kanoq jela ʼpa taq ʼaj .
xe si kʼij la .
jawi xki bʼij wi chike ʼ e wi ?
ru mal che , man ix tari ʼ ri kix ch ʼawik , are ri ru x la bʼa xel ri i tat ri ʼ rik ch ʼaw na i wu kʼ ri ix .
kʼakʼ ri wa choch .
si bʼalaj utzk in wil le atz ʼya q rech nahuala .
saq por k kay ri kipo ʼ trinan .
x sach on ri nu chak ch we.
wa ʼim xu chapo .
ri q ʼa q ʼ tajinka julu wi k .
naj il upam ri si wan .
e kʼo riqa chalal pa chiu wi ʼ la .
jas xa taq chi ʼj lea kʼal chu tijik ?
no ʼj im u kemik le pa sa wu mal .
kʼo jun ku ku bʼi ʼ tintin, wa ʼle laj ku kmam kaj e qitaj , kapaqi ka xu lik pa u wi ʼ uq ʼa bʼ taq che ʼ , si bʼalaj sak ʼaj , ke ʼ uto le e nima ʼ q , ch ʼu tin, rachi ʼl , aj si pa nel si bʼalaj utzra nima ʼ .
riu pixa bʼ leq ʼat bʼaltzij kiya ʼu bʼixik .
na x sa chonta chke xea tinik .
xeq il le chi kop pu wi leja .
x lo ʼ taj ri akʼal .
qo nojel kuj wa ʼpa u wi ʼ ri mexa .
x sik irle waqan .
la xat wa ʼ kʼut ?
nim u bʼa q ʼ ri tulu l .
kin xik ʼi kʼik xin q ʼa xik .
la kat bʼe pa le tina mit ?
rip al si bʼalaj saq ʼo r.
k q ʼoxo w nu jalom .
xin na ʼo chi kat petik .
x loq ʼu lewiwe chi x .
xin chakun ru kʼ ri numam .
na xqa bʼantaj .
k kʼoji ʼ bʼa ʼ ri u sipa nik ri ajaw xel jesusk ri sto ru kʼ ria wuxla bʼal !
kin ch ʼaw ru kʼ le nu na n pa lech ʼa we bʼal .
si bʼalaj q ʼe q u ʼm ru mal ri may ul .
are leba xu lik .
xe kos le ixoqi bʼ pa le bʼe .
kʼax ri lik le akʼal cha we .
xin q ʼi ʼ oxi na tin paj oron .
si bʼal aj nim le tina mit .
kʼax u kemik le pa sa wu mal .
xin sa chik .
tajinke lu kikʼel pa raqan ri tz ʼi ʼ .
xin weta ʼmaj ri lik wi bʼ
ri q ʼuq ʼ are jun je ʼl chi kop .
kʼopa ja tijo bʼal ri wi kaq ʼ .
ri sa chi bʼal mak raj wa xik chi qa xo ʼl .
je ʼ, kim bʼek .
jela le ʼ ri nu p wi ʼ .
xu bʼij che: -jas xa bʼan otintin ?
kabʼan juntoq ʼo bʼ kyak ri nuj al .
kat ʼe kxin ta.
jas leu kʼex bʼem ri bʼ le jun ru kʼ le jun chik ?
aj chiu wi ʼ mi q ʼi nja ʼ ri lu ʼ .
ri tijo nel naj kpe wi.
te ʼ kix cho bʼ u bʼi ʼ ri nu tat .
ri ja ʼ kamiq ʼik chiu wach ri q ʼaq ʼ .
ri tʼu ʼ yk paq ʼo w ik .
kin meson na .
na qajat kʼowi chi wech .
xin bʼiso nik taqna xat pet taj .
we xkam ri winaq , rip waq rech toj bʼal makaj kya ʼ chikech ri rala xik .
ri nuna n x bʼe pa kʼay bʼal .
xoj u kʼam u loq rech koj ri lo
x kʼoto chi n chiki wach chikin wa ʼ a wu kʼ .
na xki kamsaj taj xki kʼam bʼi choja .
kʼakʼ ri ikʼ kamik .
xim bʼe ru kʼle aj ku ni wir .
ril ik .
letz ʼi ʼ xeko sik .
xin ki ko ta wu mal .
ri i mul xumaj ria nim , xuya kan le kok .
kʼo oj cheri a kʼal .
x uj bʼe pa jun kʼula nem .
utz we k waralaq .
kaq ilo chi na koj u kʼam taj .
x reta ʼ maj chiru kʼ pa kʼku tij wi.
si bʼalaj x ink ʼa ʼ na rik .
xin kochij ri nu wa .
man kat kowin taj kat chakun ik , we man kʼota ri ajila bʼal .
we wo no n xu bʼij chike: -ki xinto .
ri ala nim k ri l wiri umam .
x ka ʼy chirij , x ka ʼy chu wach , ma kʼota chi jun k silo bʼik , xoq ʼik xu xe ʼj ri bʼ x ch ʼopi nik x tzalij loq xu riq tachik ri u bʼe.
kʼo p uscheri wa .
pi nem naka bʼe lewatz, kim bʼe wi in paka ʼyi bʼal .
ri na nto ʼ n nim winaq chik , saq u wi ʼ, ro nojel aq ʼa bʼ utzku na ʼo ka tʼuyi ʼ pa utem , ku mi q ʼisaj ri bʼ chori q ʼij , kʼo jun u wi ʼ umam u bʼi ʼate ʼ k .
man e kʼi taj ri q u la ʼ .
q ʼalaj china kawaj taj kabʼij
x paqa bʼi sax rajil ro nojel ri kem .
kʼo pari jul ri ku matz .
ro nojel q ʼij kin ch ʼaj le nu w are .
saq chikan lei chaj rech katzako .
chuxe leqa chomal kaqatij wi jun q ameq ʼin .
chawila ʼ .
e kʼo jo bʼ u mi ʼ al, ri nu tat .
jas ru kʼ xa wil wi
je ʼ jas ri winaq rech ri u wachu lew , xoquje ʼ ke pe nari ʼ rie ʼ are ʼ che e rech ri u wachu lew ; je ʼ jas ri winaq rech ri kaj , xoquje ʼ ke pe nari ʼ rie ʼ are ʼ e rech ri kaj .
xin tijo .
k tz ʼ uj u w ri ra choch ri po ʼ x.
xuq ʼi ʼo are leu kʼu lel xya ʼow u wa .
ri awel x reta ʼmaj chi rajawa xik man kux ej tari bʼ cheri tukur .
ju kʼu laj winaq xe ʼa nimaj bʼik .
je ʼ, xin tzalij ik .
xoj petik xolqa kʼama ʼ .
maj jachin x ʼek .
in aj tij ; at tijo xel .
saq u wi ʼ ri tata ʼ .
wech ri kem .
le ro ʼ ch le ate ʼ k kʼo ch wach leu kʼay lenunan .
k bʼe pari siri ʼa e pari silisi ʼ a, jawi je ʼ kuya wiri ki chuq ʼa bʼ ri komonty ox .
pixa bʼ : man utz taj kʼax kuj ch ʼaw chikij nik ʼaj qach il .
x kuna taj le ali ( ku mal ri ixoqi bʼ ) .
rixi bʼi bʼal chi kʼowi pa taq ri qa kʼas lemal ro nojel q ʼij .
nak uj wa rta waral .
on chek kʼoji ʼ ri utzil chixo ʼl , arech junam ri qa kojo nik , junam ri iwe chi x ru kʼ ri we chi n .
pa oxq ʼij ri sa ʼ n k bʼe naru kʼ ri aj kun .
kawinaq wuqu bʼ .
jas kawaj kin tijo ?
weta xat bʼe wu kʼ pa le tina mit , xa loq ʼtala ʼ leu jastaq le a kʼajol .
ke bʼe pa wa ʼim .
x in loq ʼ kʼi wa .
pa jun nim kʼa che ʼ laj , kʼo jun k ʼ wa ʼ si bʼalaj saq loloj, nim u wach .
k waj katij ju bʼa ʼ wa.
ro nojel winaq kril nari u kolo nem ri dyos » .
x kʼoto chi n chiki wach chikin wa ʼ a wu kʼ
k waj nakat ʼe taj .
la xa loq ʼ juna lej ?
e kʼo rie loq ʼoma nel .
riu ka bʼ u bʼi ʼ ri numam are ya y .
kin jopij ri i ja ʼ rech t ri ko .
x na ʼ taj chke xeati nik .
xate ʼ q ila ʼ .
kaki tij alan xa x ri winaq .
. . . ki n bʼij chi arewa ʼ sinxi ʼ an .
na xin na bʼej tach u tasik qa kʼoli bʼal .
ru mal rech cheweri in, kin ch ʼaw ru kʼ ri dyos pa ch ʼa bʼal , k ch ʼaw na kʼu ri ʼ ri w uxla bʼal ru kʼ ri dyos, kʼate kʼut man kʼota u pa tan ri ʼ ch rech ri nu choma bʼal .
xe petik xki lo .
xuta we katʼek .
utzukem ik lepas cha we .
ri nu wakax xu tij jun q ʼo q ʼ ru mal ri ʼ x kamik .
ru mal ri kʼix , man kewa ʼtaj ri winaq .
xe ʼu lik .
q ʼe q rij ri ama ʼ chij .
x raj ka ʼ e leu na n .
junam ki juna bʼ .
naq ʼalaj taj weka ʼek .
ri wi x nam ch ʼaj ch ʼoj ri ra choch .
waral man kʼotaj aj awal .
naiwi rtax ri lle kʼamol bʼe .
x in pe loq te kʼu ri ʼ xin tzukuj ro nojel ri nu rajil .
ri aj tiko nel kutik ri tzij .
kʼo e kikʼajol le achija bʼ .
ku tij q ʼayes ri ixpa ʼch .
pari wa ʼ bʼal e kʼo kawinaq achija bʼ .
sipo jinaq ri nu pam .
kaya ʼtajik ru kʼuti ʼo nem jun ri u riqom leya bʼil amol otsetsé xuquje ʼ are kaya ʼtaj pa taq ri juyu bʼ .
jachin ri a chi ?
ri numam x kamik aretaq kʼo jumuch ʼla jujujuna bʼ .
kin kowin ik kin kʼam bʼi lep waq .
kin wilo chi utz ria ji ʼ .
xin q ʼil ri apo ʼ x che man kachakun taj .
k wa ʼ chiu wach le taq ʼaj ri ama ʼ akʼ.
ri i mul xe poq ʼik pa jun ik ʼ .
x kʼis ka noq riqa chak .
are ria lixoji lo w ka noq .
si bʼalaj ch ʼu ʼj ri amax .
kʼo nu wachi ʼ .
in chaji nel kech lea kʼala bʼ .
xeko sle tz ʼi ʼ .
kin bʼe naku kʼ ri molaj .
ro nojel aq ʼa bʼ kin yi tz ʼri wakax .
karapi nik xu tzukuj chi juna waj .
leu kemik lepas aninaq ( a wu mal ).
maj u rajil leq ʼa bʼ are l.
kʼax ri ʼ ri kach ʼawik .
xoj u taq chi ʼj lea chi chu loq ʼi ki chaj .
si bʼalaj kʼax ri x kʼu lma xik .
x kilo chi nakin kʼoxo maj taj .
x na ʼ taj chkech ixeatin ik .
x kʼoto chi n chiki wach chi xoj al wo ʼ qaku kʼ .
jun q ʼu ʼ q rajil ri kaxla ʼ n wa .
xin wilo chi xe ʼel ik .
e kʼo ixoqi bʼ pa le kʼay bʼal .
man kʼotaj u kʼisik ri maya bʼ aj la bʼal il .
risin k kʼiy pa taq ʼaj .
rich ʼi ma man k kʼiy taj pa taq ʼaj .
rajawa xik k ji kik ri waqän .
kawaj kin ʼek .
e kʼo oxi bʼ akʼ.
xu bʼij ch we jawi at kʼo wi.
ch we ʼ q kuj bʼe ʼ pa muquj .
pa saq kʼaja ʼk bʼan wiri uq .
xoj ki si kʼij .
xin wil wi bʼ .
chaq ʼ chik ri wa .
kim bʼe nakapa le wo ʼch .
kawaj kin ʼek .
rich ʼu ʼ k tij ru kʼlej .
pari kiq ʼij kaminaq i bʼ k bʼan q ʼori kʼya ʼ rech aj : na bʼerinan ku tzukuj kan ri aj , kujach ʼo ʼ xuquje ku kʼeto .
jas kaj bʼal cha nim ?
utzu choma nik ri ali .
pari q ʼij oxlaj uj tija xkin kʼis ke bʼ juna bʼ kin chakun waral .
si bʼalaj ko , ri kʼakʼ ch ʼat .
jas karaj ku bʼij … ?
rich ʼich ʼ kasila bʼ ik .
pa ojer q ʼal pu l xaq xu wiri nim winaq ke kʼamow bʼe.
leu kuna xik leu ka bʼ u kʼutu nik are ru kʼ e flor ni tina on u tuni bʼaxik le nifurtimo x chi ʼ le flor ni tina chech t. b. g.
are ria chi xin ch ʼa yo wik .
juna chiu bʼi ku ʼ xu sipaj ke bʼ kʼa ʼm u lew rech kabʼan ri tijo bʼal , kamik , kʼo chikaj tij rech ri komon xech pu p .
xu malty oxij cheri aj tij ro nojel le xu kʼut chi u wach .
pari bʼe xki raq juna lajimul saq ri j, xki kʼam bʼik .
x ri lle bʼa le ala .
jas ku bʼij ch we ?
leu kuna tajem are ru kʼu tzuku xik leu chi kopil pa junu soli ku xe ʼ le kikʼo nleja ʼ rech jun nodo .
utz we n utz ʼi ʼ .
je ʼ, tajinka chapo nik .
ki nu loq ʼoj le nu tat .
kawaj kim bʼe pa tina mit .
are la ʼ kin chaku j .
ri nima ʼ q taq winaq kʼo keta ʼma bʼal .
weta xat bʼe wu kʼ pa le tina mit , xa loq ʼ tawa ʼwe jastaq .
ri kikʼas lemal . wa iximu lew xa jun chima areta tini mit ri ma
riu kʼ ya bʼal naj upam .
xa tqaj chiupam ri il .
nojim kat wa ʼik .
we kʼo jun k tuqa ʼ ri k , ¿ laman xoquje ʼ taj kin tuqa ʼr ri in ?
ojoj wokol ja .
awas k bʼan kʼax che jun nim winaq .
xin ch ʼaw apan ru kʼle wa na bʼ .
kʼax riupam ri ju ʼl .
tajinke wa ʼ ri imul .
lakaj lak uj tzalij la aninaq ?
ru mal rech cheri mak aj man kʼota u kowi nem pi wi ʼ ri ix : ri ixma nix kʼota chi chuxe ʼ ri pixa bʼ, xa ne ix kʼo chuxe ʼ ri sipa nik .
nim raqan le che ʼ .
xin chapo .
are le tu ʼ rle loq ʼoma nel .
xaskat kʼoji ʼ chiupam ri ch ʼich ʼ .
si bʼalaj nim raqan ri kʼamal bʼe .
le tz ʼi bʼa bʼal we chi n .
in xin to ʼw la .
xa je kʼu ri ʼ ri ix kamik ri ʼ man ixkax lan winaq tachik ; ri ix , ix rech ri ki tini mit rie tyo x laj taq winaq , ix rech ri ra choch ri dyos .
xin tiko x laj kʼali chaj .
kaqa riq qi bʼ chwe ʼ q .
si bʼalaj utz cheri wi ʼ aj ri tuney .
we na jupu lik taxe qaj ik . . .
x in to ʼ taj cheri nu chak .
kʼo jun chiko pu bʼi ʼ pum .
poqon ri ik .
xoj bʼi nik .
xu ch ʼe kro nojel le reta man ik x paqi ʼ k kʼax k wʼin ik xu bʼanaj kun .
ke lu bʼik pari jud e ʼa ek tzalij chiu bʼi jumul pari gali le ʼ a.
xina xi bʼij pa bʼe .
je ʼl kʼo lem chi awa choch .
ro nojel ri ya ʼtal il pa we q ʼataj , tz ʼaqat ki wach , man k tzaq taka noq xuquje ʼ man ktas taj .
xukunaj leya wa bʼ le aj q ʼij .
chi tata bʼej jas le kim bʼij .
ch ʼan al ri a chi .
pa bʼo ko ʼ kachakun wiri tax .
uj kʼopa u wuq q ʼij .
ki ʼ riu ka bʼ ria qaj .
kʼo ra chalal pa tz ʼoloj che ʼ ri pe ʼ l.
x kilo chikin kʼoxo maj .
riu kisak ʼ utzk ya ʼik chi uxe ʼ ri tiko ʼ n .
aretaq chi ʼ kaq ʼan pu wi ʼ ri juku bʼ, ria chi che x kʼoji ʼ ri itzel uxla bʼal ru kʼ , kutach rech ri are ʼ, arechk kʼoji ʼ ru kʼ ri are ʼ .
na kabʼantaj ta wu mal .
x na ʼ taj chke xeati nik .
xin paj ri nu t ri ko .
xe ʼ ok ri pok ʼ pari umexaripo ʼ x.
ka julu w ri aq ʼa ʼl chiu xe ʼ ri tʼu ʼ y .
a wech leja .
x uj bʼe pa tzu rik .
na bʼe xat opan ik .
riu ka bʼ u bʼi ʼ ri numam are ya y .
uwaj xaqu ka kʼal taqanik (28) .
ma tak ʼo jun kakanaj kanoq , qo nojel koj bʼek .
e nima ʼ q le al toma bʼ .
nim u wach ripo ʼt .
kojo nik pari utzij wa iximu lew .
jas xu kʼam bʼi le tz ʼi ʼ xa wilo ?
xin petik, tat .
ri bʼe laj u wach .
chi tata bʼej jas ri kim bʼij .
je ʼl kuna ʼ ria bʼ ix chiupam ri q uq u lew .
kin bʼiso ju wach lewal .
xu tʼuyu bʼa ʼ .
nim ria we q e le ʼ n xa riqo .
xin e ʼ wa ʼ oq .
chi ʼ kewa rwi le akʼala bʼ .
ri nu mi ʼ al xu taq loq jun taqo ʼm wuj chi we .
q ʼe ʼ lik , ri chaj pari bʼe .
la utz awach ? - utz malty ox , e kʼu riat ? – utz malty ox .
xin kos ru mal nu chak .
k bʼe ku kʼ rie ʼ are ʼ e k tzalij pari na sarete ke ʼ u nimaj .
ri joj xu kʼam bʼik ri akʼ .
kʼo chi wachi ʼ lcha nim .
ku bʼij chech na ʼl kabʼan cheri atz ʼi bʼ .
e. . . in kawaj katzjoj bʼil ach we.
mat a xin ya j le ali .
jachin ru kʼ kat bʼe wi ?
kʼo si bʼalaj eta ʼma bʼal pari maya bʼ no ʼji bʼal .
e man xori jupu q kej .
kas umum ri kaqi q ʼ.
e kʼo kaji bʼa kʼala bʼ pa le bʼe .
je ʼ jas ri u tat k ka ʼy ik .
xa qat molo nel tzij tal .
le nu tat ka loq ʼo nch we .
xaq tane kim bʼei wu kʼ .
x reta ʼma juch ʼaj ik .
ru mal la ʼ x koj “ xa lq ʼat ” cheu bʼi ʼ ri komon .
are leu kemik pas xreta ʼmaj .
ri wa ti ʼt ku bʼan nari u pa tan .
kʼakʼ le po ʼt .
reta ʼm u wach jachin x loq ʼo w ripas .
ke n ch ʼa bʼej le akʼala bʼ .
ya ʼtal chaq eqo nojel ri uj winaq utz kaq il qi bʼ .
x koti ʼ paq ʼayes xoq ʼik .
kawinaq bʼe le je bʼ q ʼa taj .
e kʼo kaji bʼral ri i mul , jun saq , jun q ʼan , jun q ʼe q , jun q ʼeqoj , si bʼalaj ketz ʼa nik , kech ʼopi nik ri alaj taq imul .
k cholol ria cha chal .
kete kik ri ikʼ .
xe petik rechke wa ʼiw u kʼ .
tz atz ri uq ʼa nil ri akʼ .
xoj tzalij ik xi xe ʼ qaq ʼat uj ku kʼ lei tatinan .
riyo ʼ x taqa kʼala bʼ ke ki kʼux ri atz ʼya q .
weachi we xu sipaj jun po ʼt ch we x kamik .
k kowin ri kuna nel cheku na nik .
x ji q ʼ pari polo w .
xa ru mal si bʼalaj rajawa xik le loq ʼalaj ja ʼ, le winaq xki bʼij : che we ikʼ ri ʼ qo nojel kuj bʼe cheutik ik taq che ʼ .
riuna ne rie ra chalal ke pe u loq ru kʼ ri are ʼ, kʼate kʼu ri ʼ, man ke kowin taj keq i bʼ u koq ru kʼ , ru mal rech che e kʼo si bʼalaj winaq .
ru mal rech , che man kʼota jun k kowin cheu kojik jun tiki bʼal il chik chu wach ri kojom chik che are ri jesusk ri sto .
te kʼu ri ʼ x utz ʼi bʼaj ri bʼ pari nimalaj tijo bʼal rech aj ku ʼ n .
ka julu w ri ch ʼu mil chaq ʼa bʼ .
kʼis bʼal kanoq , xoquje ʼ k kam ri ixoq .
le ala xokik .
kʼo p waq pa u wi ʼ ri mexa .
are kawaj nakin ʼetaj .
ri ya wal ku koj ri ali chiu xe ʼ ri chak ach are usu ʼ t.
na kaqa kʼam tu ʼ bʼi kamik .
ri aj tij ku bʼij chike: rajawa xik keqa chajij ri awaj , are u tiko ʼ n ri ajaw .
xin tij mukuni wi r .
kʼax leu wi ʼ taq le nuq ʼa bʼ .
xin loq ʼjunil bʼal wi bʼ .
wa ʼ we q ʼij , nim u bʼantajik .
riu xe ʼ al ri qa tina mit man kasach taj .
xoj bʼi nik .
ria chalal junam ki wach .
xin weta ʼ maj ri lik wi bʼ .
nim ri una ʼoj waj tij .
mi q ʼin ri kʼul .
aj q ʼojom ri ate ʼ k .
che le sa nik che ʼ k bʼan wiri q ʼojom .
ka pe le awel pa nawal ja ʼ .
ri me sonel tajink chaku nik .
utz chaq e kaqa to ʼqi bʼ, taq kʼo kʼax kʼol il , katew e chi ʼ n ri ajaw paqa wi ʼ .
xa wilo, x q ʼa tan le ibʼoy .
xat kowi nik xa bʼano .
ki ʼri kʼawex .
kajil il ri bʼe .
le ali xel bʼik .
are ʼ x raj xin bʼano .
nim we abʼaj .
je ʼ liku ti ʼ jo l al ri saq ko ʼ r.
noji naq ri ke j .
we katijan xu xman katuto ʼta chi uq ʼat ixik le kʼakʼ ya bʼil corona virus ( 2019- ncov).
na nim ta raqanwa ʼ we che ʼ .
utzalaj ajchak , ri we l.
¿jam pa ʼ kuj bʼe pa nimaq ʼij ?
rajawa xik tane la ʼkat chakun wu kʼ .
xutaq chi ʼj pa wa ram pu lew .
man are tari axwan xel ik .
ria wi x xu loq ʼra choch re nimal .
are ri ixoq xin si kʼin u loq .
rich ʼi mak ʼa tʼon na .
la xi bʼan lei chak ?
kʼi tina mit e kʼopa ch ʼo ʼj .
kʼo jupu q chij chiu xe ʼ ri che ʼ .
riu xaq ria bʼix are u wa rikej .
ka winaq q ʼa taj .
lak ixpe pa tijo bʼal ?
we kechaji x taq le kʼ wa jachakin bʼij ; juna lik kʼoja ʼ xuquje ʼ si bʼalaj saq lo loj .
xreta ʼ maj .
ri ala bʼom ria litoma bʼ tajin kiki tijoj ki bʼ rech su taq , are kakaj ki kibʼan nimaq achija bʼ chupam ri kikʼas lemal , xuquje kʼo chik jupuq bʼixo nel chupam ri komon .
la tz ʼu wach ri bʼe .
kʼakʼ riach ʼich ʼ .
qo nojel uj , uj maya bʼ taq winaq .
nojel q ʼij ri ati ʼ x kuyuq ʼuj le taqa waj jela ʼ pa nik ʼaj ja ʼ, chirij ri juyu bʼu bʼi ʼ te na ʼ .
pa q ʼom chik ri si ʼ .
kin tzuku n che la .
kaki tij le ki naq ʼ, lei chaj , leu wa ʼlik ru kʼlej .
xe kanaj kan le ajchaki bʼ .
ketikon ria chija bʼ .
si bʼalaj itzel u bʼantajik rich ʼi lakan .
ria te ʼ k xu malty oxij cheri rati ʼ t, ru mal ri utzalaj no ʼji bʼal xu kʼut chech .
k ka muli xu chak ri a bʼ ix .
la xin utzukuj le tijo xel ?
are ʼ kachakun ro nojel q ʼij .
lee kʼa ʼ na taq tz ʼi ʼ .
saq rij ri plam u x .
jas xaq ʼi ʼ oxa tijo .
jas ru kʼ xki chap wi u tijik le rik il ?
we katatin ru kʼ kʼa tanja ʼman kuq ʼatej ta le kʼakʼ ya bʼil corona virus .
la kat bʼin pa le uxlan bʼal ?
la waral kʼux ixwa ʼ wi ?
are le nu tat kin loq ʼo nik .
tajink chakun ri ala .
kʼo ri ki ʼ kotem ala wu kʼ .
xuta jachin ka ʼek .
xat wa ʼik xin wilo .
x tzaq ri ra choch ru mal ri ja bʼ .
pa le jun ik ʼ chik are nimaq ʼij .
e ke bʼäm kebʼin pa u wi ʼ ri tem .
memria chi .
ri wikan chali ʼ y kel pa juyu bʼ ch wi tziri bʼal .
le rajil , la pa ja xela q ʼax wu ʼ bʼik ?
pari su ʼt pisom wiri lej .
koj petik kol qa kʼama ʼ .
tajin kat ch ʼopin chiu wach ri taq ʼaj .
leq ʼ orx ch ʼuq ik .
kʼax wa ʼ ima wu mal .
kin bʼiso n che lewal .
si bʼalaj kʼokʼ ri awatz ʼya q .
kamik x uj bʼe cheutik ik taq che ʼ pari juyu bʼ .
ki nu loq ʼoj le nu tat .
chaq i ʼj chik ri chaj .
xyi lix ha wayi .
na x na ʼ taj tachke chi xe a tinik .
ru kʼ kʼu wa ʼ we ri ʼ, ri ixk kʼoji ʼ jun utzalaji kʼas lemal ri ʼ ch ki wach ri winaq che man e kʼota iw u kʼ , kʼate kʼu ri ʼ man kʼota jun winaq ri ʼ rajawa xik chi wech .
e petinaq pa bʼe le ra chala xik .
kakaj le akʼala bʼ kewa ʼik .
x uj ch ʼay bʼ ik .
ri nu chak are q ʼaxel tzij .
kʼo naru x la bʼ ri awaj .
tajinke lloq , ri q ʼij .
xu q ʼi ʼ oxkam sax ri ra chalal choch .
ri numam are kʼo uq ʼi nomal .
x kʼu lma taj jumul , xu bʼan jun nimalaj ja bʼ, man x bʼeye taj tana xu kʼis leuyuq ʼ chike .
ama ʼ ri n utz ʼi ʼ .
jewa ʼkat petik .
xin ko sik ru mal xin chaku nik
i wech chi jujunal, ri wa .
xu q ʼi ʼ on axata tin taj .
in ri q tajinaq pari kʼayi bʼal .
naweta ʼm taj .
kʼax le nuq ʼa bʼ .
utz le xu bʼij lea chi .
kematz ʼi bʼ .
kʼo ra chalal pa tz ʼoloj che ʼ ri pe ʼ l.
ro nojel wa ʼ we jastaq ri ʼ, xask sach wi u wach wa ʼ ; ru kʼ we ri ʼ, ri ix , rajawa xik che kʼo junty oxlaji kʼas lemal e k kʼoji ʼ ri ich ʼawem ru kʼ ri dyos,
x muq taj ri patz ʼan .
rich ʼich ʼ tzijom kanoq pari u kʼol bʼal .
man kʼota u cholaj pa taq ria wuj .
jachi ke ikʼ leu nimaq ʼij le tina mit nawal ja ʼ ?
xe petik x ol kikʼama ʼ .
ka chuq ʼ chutrija ʼ chi apam .
xin bʼi jiwir chi xe bʼe pa armita .
are ʼ u xe ʼ ojer tzij waral kʼi che ʼu bʼi ʼ .
x kʼis ri nu si ʼ .
jawi xki bʼij wi chike ʼ e wi ?
¡ xa je kʼu ri ʼ, jachin taq rie kʼopa ri ju de ʼ a, chi cha nim che ʼa nimaj u bʼi pa taq ri juyu bʼ,
kʼakʼ ria bʼ .
lak ʼo jun naka kʼoxo maj taj ?
na utz ta leu tʼisom lea lmariy .
man ya ʼtal taj chia we katok pa ja .
je ʼ, xatu tzukuj .
are kel waj xaqi bʼ uq ʼij ri x kʼojik .
ri xu n ku rk kʼoji ʼ pa taq ri t ri ko .
xin sa chik .
xu tʼuyu bʼa ʼ
na nutom ta le tzij …
wach ʼom ri ki wari no ʼs .
e kʼo jo bʼ ch ʼil wa kʼ .
rajawi xik chi pa taq ri tijo bʼal , pa nik ʼaj u bʼixik chik
ri rajaw ru lew are ʼ tat kel .
we kʼu xokik , we kʼ na xokta
we achi xu sipaj jun pʼo t chwe.
a tat u taqo ʼ n leq ʼatal tzij .
na q ʼanta u wach le qap ru t .
rixa ʼr kʼopa u wi ʼ ri q ʼaq ʼ k poq ʼo w ik .
ri ro q ʼej ri alija chak pe juna kʼal .
kʼo jun alapa tijo bʼal .
säq u wi ʼ ri tata ʼ .
ri wi tz ikʼ tajink pe loq .
jawi x sachon wika nu ya ʼik le p waq che .
utz we achi we xin kuna nik .
qo nojel kuj wa ʼpa u wi ʼ ri mexa .
ri kaxla ʼ nik man poqon taj .
in xin bʼe ru kʼ ri wachi ʼl .
si bʼalaj je ʼl x kilo xe ki tz oqopij ri kichij chila ʼ .
kin bʼinik xin ʼek .
kʼax kʼo lik , ka cha ʼ .
ku tij ixim ri akʼ .
ria lix che l, xu q ʼi ʼ oxa jun akʼ xsipa x che .
x qa si kʼij le ixoq chutza kik su bʼ .
ma taxa bʼinsaj lech ʼich ʼ .
ri pix tz ʼaral ik ru mal rieqa ʼ n .
¿jam pa ʼkel chi 3%
kʼo jun nu kʼotoj chi ʼ aj .
tajinke wa ʼkat ri ala bʼom .
xin loq ʼ le nu kʼa kʼapo ʼt .
na utza kik ta su bʼ tajin ku ʼ a no
xoj u taq chi ʼij xoj wa ʼik .
i wech ria bʼix.
saq rij ri chij .
aj sik cheri tina mit kel wiri tata ʼ .
- ¡a y! xa xin tzaqu loq , kʼax we waqan .
x kʼu lma taj pa jun komon chi ʼ u wach jun juyu bʼ, xu ri qa jun q ʼij xki riq ki bʼ junimul ru kʼlek ok .
jas xa taq chi ʼj lea kʼal chu tijik ?
xin chapo su xu loq ʼo .
q ʼi nom ri a chi .
ri kʼum k tijo w ru kʼ ka bʼ .
tajin kejach ʼa nik .
tz e bʼal u kemik le pa sa wu mal .
areka yo ʼw leu chikopil leu bʼantajik try pa nosoma brucei.
we kat nima nik utzkel ik .
pero no ʼji mal pet naq loq , .
are le nu chak jun tz uq bʼal wi bʼ .
x kuna x leya wa bʼ ru mal le aj q ʼij .
riu kʼu ʼ x tz ʼi bʼ pa qatzijelaj uj .
si bʼalaj je ʼ lik rieqa bʼal xu bʼan ri lu ʼ s.
si bʼ alaja tkon .
e man xori jupu q kej .
na x na ʼ taj ta chke xea tinik .
ri kʼamal bʼe xu bʼij chike, chima jaria nim .
jumuch ʼri nu juna bʼ .
q ʼi p taj inaq ri raqan ri tem .
k chakun ru kʼ ri jos bʼal che ʼ ri aja nel .
xa taq chi ʼj lea kʼal chu tijik kar .
oj kʼopa le ro ʼch le awel .
¿ lakat pequ kʼ chwe ʼ q ?
le winaq pa lech ʼich ʼe tʼuyu llo wi.
x kanaj kanoq chi uxe ʼ ri ja bʼ rich ʼa ʼ n .
nim ri ja .
weta xakun aj lea tat ma tax kam la ʼ .
na nu kʼamom tu ʼ la ri ʼ .
chqa nu kʼu ʼ ri qatzij .
kim bʼe pa le tina mit .
xin q ʼi ʼo na xina tin taj .
rajawa xik kakʼaman cha we leu tijik le lej .
kʼis bʼal taq no ʼji bʼal .
