x in eʼ waʼ oq.
x kib ʼan kʼax chele uw osaq rumal man utz tachika kay ik.
ri qʼutuʼm man kech ta le akʼalab ʼ.
are na nim ta le atz ʼiʼ chuw ach le nu tz ʼiʼ.
x ep etik x ol kil aʼ.
¿ jaw ch iʼ x a taʼ che xkam ri u mam ri p oʼ x ?
e keb ʼ kekʼamb ʼik pa tuj.
x in loqʼ jun japa ri w okaj ja.
ria x tu ʼ b ʼ, kʼoqula j chech.
jas karaj kaʼan ch utz akik le tiʼi j.
x u ti j le wa.
x imb ʼal re tzi j.
x pa x ri b ʼoʼj.
we kawaj katin toʼo x aq x u wi kab ʼij chiwe.
jas nu kʼu ku ch ʼob ʼo.
jas karaj ku ti jo?
x e x ru x lab ʼ ri ri kil.
en itz ʼaʼq le taq im ul.
we tan e in x in b ʼanow ik, are le ateʼ k xb ʼanow ik.
kintzali j pale nu tinamit.
ri nu ch aqʼ kʼo pa u roʼ qʼatoj ti jon ik p ari ti job ʼal.
x in x iʼ j w ib ʼ x in ch ʼaw ik.
kʼo ch war oʼ ch le pare.
chi raqan kab ʼin wiri t at aʼ.
x sachon kanuy aʼik le p waq chech oja.
x in qʼaxchi kix oʼl ri winaq.
keti kon ik.
ri ulew man qech taj, kech ri qatiʼtqam am.
x epele winaq x ol kikʼam aʼ.
x u loqʼ ri w uj rumal ri ali.
chewe qʼij kamik kʼojun nu tzi jon em chiri j le nu tinamit.
kej riʼ .
x kunan alaq chwe.
ki nu sikʼi j le nu nan .
ri i mul x u ch ʼi j taj, xkanaj pab ʼe, rumal ri nim al ku jaluj ri i mul, x utzaq ria nim .
kub ʼan ri ux oq ʼoʼl ri aj tz ʼaq.
ri la sib ʼalaj utz che kunab ʼal.
kʼi kiw ach rieʼ aj chakib ʼ p ari komon ty ox, kʼate kʼut x a junchia jaw x el ;
x qata chix at ulik.
kawaj chik atʼek.
ch ʼutiʼn ke kanaj rix a jab ʼ chech.
kaqax iʼ j qib ʼ kaqach apo.
e kʼo keb ʼ ukʼaj ol le t at x wan.
lu ʼ sub ʼiʼ ri rech am.
aj chiuw iʼm iqʼin jaʼ ri lu ʼ .
x in y akan le nu ch impa kʼayb ʼal.
kʼate x ri lo , x pe riu nan che utzu kuxik , x kikotik , x u sal ab ʼisaj ri taqu xkin.
x kikʼut chiuw ach ri ajti j x u quj eʼ chikiw ach ri taq ni kʼaj kach il.
utz le nu qʼab ʼ.
kul le al weʼ l pa austin chaqʼab ʼ kamik.
ria teʼk x tzaq loq are chi kʼo pa uw iʼ ri qʼaʼm.
ajp atanrit eʼ k.
x at qaj chiup amri il.
la kʼo tzi j na kikʼoxomaj taj ?
x sachon ch kech ix e a tin ik.
rono jel le ulew ech alaq.
la xeb ʼe kʼula x eʼ kijaq akʼule uch iʼ ja?
x aq katch ʼok na j iwir .
kamik kʼo chiri jastaqaw e.
are ch iʼ kakʼisri junab ʼ kʼo qʼi nom.
pa nawal jaʼ x in alexik.
na x in t at aj we are ri akʼal kix tzu quw ik.
¡ r ulew ri sab ʼu lo ner ulew ri neftali, ub ʼe ri p olow, r ulew ri jordan, galil eʼ a kech ri je taqam aqʼ !
ra x, ra x, ra x, kʼo kʼ, kʼo kʼ, kʼo kʼ le ru x lab ʼ le taq ti koʼn .
achi x a t wilo.
paqal ra jil le p ix kamik.
xoj b ʼin ik.
pajun j eʼl ti job ʼal ku ti joj rib ʼ juna kʼal , ub ʼiʼ p oʼ x , utz kurilo kepa ti job ʼal rono jel taq qʼij.
x waj chixa tʼetaj.
utz laʼ le x ub ʼij le achi.
we taʼ am jachin kap etik.
kin qʼojoman ik.
x in qʼiʼot akʼalik x in p etik.
areʼ ret aʼm che kino p an ik.
are tab ʼal e qa qa jawch at toʼ wik.
kawinaq waq ib ʼ qʼataj.
na qaj chik cheri uwaq kaj b ʼal are taq ch iʼ ksachuw ach ri qʼij , ko k ri qʼequʼm chuw ach ulew, chi kʼateʼ narib ʼeleje b ʼ kaj b ʼal.
job ʼ raqan ri tz ʼalam x ep oroxik.
sib ʼalaj ko ri j ri mop.
are waʼ .
je laʼ p ari timinit ch wi kab y ok rech x elaju ʼ , le qanan qat at kakiti koj eʼ lalaj taq uw ach ich aj.
kʼax nu qul .
x u ʼ lu kʼam aʼ.
koj ul kitzu kuj .
are man kʼaxta u kun a xik are taqan inaq kaʼilit aj wey ab ʼil al x u quj eʼ moj oʼ qa kuy aʼ le kʼax kʼolil chech le jolomaj.
ri w el kʼo pa ti jon ik.
kawaj kinb ʼij.
ri kotz ʼiʼ j kqakoj chiup amrija.
qʼeq qʼoj ri j ri am aʼ kej .
na xwaj taj x in ch ʼaw ik.
ch p etab ʼal e lo qʼalaj jab ʼ.
x sachon ch ke xatkisikʼi j.
e le qʼal ch ʼi ch ʼ .
jachin x a wilo chi are x ti jow ri tiʼ j ?
mat akab ʼele nu xb ʼal pale tinamit.
p im ru q, ri ali.
¿ kʼo ri muqʼe chiawe ch ?
kqab ʼij man keko win taj.
kinti j na.
kʼojun qatʼuʼy paja!
kʼop uj chiup amri ch ʼaʼk.
are taq kinkosik kinwarik.
x at waʼ ik x in wilo
in x in ch ʼay ow le achi.
kono jel ri ala xik keʼetz ʼan ik.
jas ru kʼ xkiti j wile kiri kil ?
aninaq il katp etik.
na ra x ta uw ach le juyub ʼ.
ri tz ʼalam tz ʼib ʼab ʼal ra x kkay ik.
we chat chakun ik, kʼo awa.
m aʼ t am x a t pe cheri waʼim .
kamul kinwaʼ na.
ri sik il kti jow ru kʼik.
kimb ʼe aqʼan ru kʼ le al talin.
x ojʼe k x eʼ qil al arqas ok.
x e kiqʼil le aj chakib ʼ x kiw ok le ja.
mat anex waj le kʼuhj nem ru kʼ le ateʼk.
are x eʼop an chiuch iʼ ri juyub ʼ, xkilo chiman qas ta kʼo qʼayes.
kʼate kʼut, ri jesus man kkojon ta ch kech rieʼ areʼ, rumal rech che kono jel ret aʼm kiw ach,
paʼ tz ri j ri tz ʼiʼ.
j uwinaq waq ib ʼ qʼataj.
atel aqʼom.
x aqatj oʼs.
ri qʼatzu , are qʼalaj ri uqʼij il.
ajchak we ala.
ub ʼeleju ka kʼal taqanik (29) .
keb ʼ n ub ʼiʼ kʼolik.
la katzali j lu ʼ la aninaq ?
katzu kun lachwe.
la kaj la koj b ʼeʼ pale chomal ch w eʼq ?
x in nab ʼej ch u tasik qakʼolib ʼal.
la l x in toʼ w ik.
sib ʼalaj a noʼjib ʼal.
x ojp etik x ol qa kʼam aʼ.
sib ʼalaj j eʼ lik ri uw aʼ l ri i ch aj.
kʼaxwi j rumal in pa chalik.
are taq x u kʼulmaj waʼ x u l ri uchoman ik x ub ʼij : are utz wa aqʼab ʼ kinwali j ik, are ch aʼ cha nim kinop an pa ti job ʼal , maj chikin kʼulmaj.
oj ajxoj olob ʼ pa awas qʼij.
x in sach chele uw okik le tzi j.
ej ulajuj ri akʼ.
x u ta jamp aʼ kojʼek.
qilik .
ri ti jox el man areta nim chuw ach ri rajti j. ri utz ti jox el qas j eriʼ kʼolik jas ri rajti j.
in x a tin ch ʼay o.
noʼjim chak wu mal .
ch ʼu rri joch ʼ.
in kinb ʼij na kat sach taj.
uj mayab ʼ.
ri ab ʼaj y a tzalik.
ta jin kep ixb ʼax ri akʼalab ʼ.
chom ria q.
x inwar ik.
el em en kono jel ri akʼalab ʼ.
ta jin kqʼanarik ri wer eʼ aj.
le u kemik le pa su tz ( chawe ).
x u y u p u b ʼauw ach raʼ chi, kach aʼ, .
ri satanas ko kp ari jud as ri kb ʼix is kariʼote ch rech , ri areʼ junch kix oʼl rie kab ʼ lajuj.
chu chu ri pa r.
kinqumuj ri nu jo ch ʼ.
chech punción l umbar am aqʼel ra jawa xik chech ri lik le u kʼexb ʼem wile nab ʼe ru kʼ le ukab ʼu kʼutun em ley ab ʼil al.
qʼalaj china kawaj taj kab ʼij.
kʼoqʼol chiri j ri siʼ.
jawi xoj ʼew ichu loqʼik ?
kʼou lo ch ʼ ri talin.
qʼan ri j ri atiʼt nu kej.
la x tzali j la iwir ?
x e sikʼixik , kʼate kʼu riʼ x ey a jik , x u quj eʼ x etaq b ʼi cheu sikʼik le mes.
la kixwarik ?
are kʼule pa lomax x ub ʼij che: - mam katb ʼi son taj, kin sikʼi j ni kʼaj w ach iʼ l ke ra pap ik .
aʼ re e ti jox el ab ʼ.
ri alajali siʼ l x ub ʼij x qachap pa utz al ri ty ox.
x sachon ch ke jachin x e at in ik.
jas x u ray i j le a nan x u ti jo?
x in ko sik.
ra x rono jel ri qʼayes rumal le jab ʼ.
kiny a waʼ we ch ʼi ch ʼ pin em nautz.
noʼjim up ach ʼu x ik le nuw iʼ.
naj kʼo wilew oʼ ch chuw ach le ti job ʼal.
ri okib ʼal kʼo chiuw ach ri saq ja.
x e nu taq ch ʼi j ke kil le akʼalab ʼ.
kʼojun qʼoxow em chiwe.
tza ri ch oʼm .
we ch oj b ʼe pale nima qʼij , keq il le ajxoj olob ʼ.
x ojʼe k x eʼ qil al arqas ok.
ria teʼk x u taʼ chech ri nan toʼn: - nan jasch eʼ chiman kaj ta la qakʼati saj ri j oʼ q.
ri p al sib ʼalaj x u ʼ y .
kin koj ri j okb ʼal ulew.
in kinb ʼij na kat sach taj
atraj kun le nu nan .
kuqam u juj oron ri aj tzi j.
lu ʼ tz ʼalam ub ʼiʼ ria chikel pa nim ch eʼ.
j eʼ lik u tiʼ jol al ri saq koʼr.
kʼojun x aʼ r pa ja.
x in loqʼ jun kʼakʼp atan.
kʼax u kemik le pa saw u mal .
aninaq u kemik le pa sa w u mal
ri ch ʼaʼn sachinaq pataq ab ʼix.
ra x taq le kotz ʼiʼ j .
me som kanoq ri up amja.
man areta ra la x kosik.
ri komon x ech pup rech uqʼab ʼ tinamit x oʼl ab ʼaj rech qʼu markaj.
la utz akikkʼus ub ʼ ta jin ku ʼ ano?
kate la!
na x u ti j taj.
x a rumal ket aʼm kono jel ri winaq kkiqumuj le jaʼ.
iwir x u j tzali j la pa kʼayb ʼal.
qet aʼm cheriqaw akuj utoʼo.
ri ajti j, ky a jon chikech ri akʼalab ʼ.
jas ub ʼanom le nu ch ʼuti t at ?
ch w eʼq kinb ʼepa nim tinamit.
utz we kiw et aʼmaj jas kub ʼij ri cholb ʼal qʼij.
ta jin kat j ilow cheu qʼoxom j olomaj.
x in ti kqʼax chiuw ach ri ja.
kʼax le kib ʼe le winaq.
loqʼ katkun taj chele y ab ʼil ( covid -19 ).
ri nu x ib ʼal kel pa qaj b ʼal qʼij.
x ril ria x wan chix waʼ ri ala.
le ali xkunataj ik.
we ta kape le jab ʼ kamik.
x in we t aʼmaj china x a t pe taj.
ri p waq rech we qʼataj riʼ kesa x chech ri toj b ʼal kʼay in em.
kti j riu waʼlik rumal ri kinima qʼij.
x u chapu kuna xik.
chatan loqali.
x in x u liʼ qaj oq.
j eʼ lik kti jow ri taq ikox.
kʼate kʼu ri le t at x oʼr x ub ʼij, man kawaj taj, man kawaj taj.
kʼojun tz ʼiʼ pa b ʼe.
kamul x in p eche atzu kuxik .
man ta jin ta kinchakun ik.
kinchakun ik rech katwaʼik.
jas ru kʼ x a wil wichix kiqupi j wile t iʼj.
jas ub ʼixik … ?
koqʼ ri akʼal.
kawaj na katʼet aj.
x at qʼaj ik.
wem na cha loqʼax iy al, na kimb ʼe ta aw u kʼ.
x op an lew u jaw u kʼ rumal we ch in.
are kʼut pale juyub ʼ kkʼiyj oron, chilaʼ x e kikʼamaw iri j aʼ ri winaq.
koqʼ ri akʼal.
we kʼo a ra jil cha kʼam aloq.
are sib ʼalaj kaq le apoʼt chuw ach le nu poʼt .
x in kʼastaj pa kab ʼ lajuj kaj b ʼal.
kaqoy ʼej na kix pet aj.
ko ka xim ri chi j x a je laʼ man kanimaj tab ʼik.
ri ko knojim xb ʼe k, x u ch ʼi jox op an pa u kʼisb ʼalil le anim.
xoj kiʼkotik are taq x at ulik.
kaq itz ʼnaj ri ux a jab ʼ ri akʼal.
ri jesus kwaʼkatp ari nim rachoch ri dyos , ch ux eʼ ri jun jache rachoch ri sal omon.
we taqanik riʼ kub ʼij chi ra jawa xik ky aʼuqʼi j ri winaq x u quj eʼ ktoʼ aninaq il .
ria x u x are nari u kun el ri kinaqʼ.
are taq waʼ ri uqʼi jol we taqanik.
kʼojun tab ʼal pa uw iʼ rix kanul ub ʼiʼ lajuj noʼj.
y uʼ l ub ʼanom riu kolob ʼ rikej.
x a nim aj ri akʼal chiuw ach ri uch uch .
kkunanri achi.
kinw aʼik rech na kiny owaj taj.
ajxik ch ʼi ch ʼ ri lu ʼ s.
kwaj che ix kixb ʼanow ik.
aʼ re x e toʼwal aq.
x ojʼe k x eʼ qil al arqas ok.
x in loqʼ junch ʼi ch ʼ, qaj inaq uw ach.
kutʼis ri p an ta lon.
e jani pale awal kʼwale kʼolik?
utzu kemik le pa s chawe.
ri ma x are aj qʼan iy aʼ.
matab ʼachi riq kʼax pale b ʼe.
ta jin kanimaj, ri meʼs.
ix ix eʼ laqʼomab ʼ!
x sachan chwe.
e kʼo kʼi ch eʼ, chiuw ach ri juyub ʼ.
are waʼ ri nimalaj p ixab ʼe are waʼ ri nab ʼe.
x ret aʼmaj chi ru kʼ pa kʼkuti j wi
jas utz akik le su b ʼ x u ʼ a no?
aj x oʼ y ri wikan.
we t an e aʼre x eti jow le ri kil, arele komon x eti jow ik.
sib ʼalaj aninaq kach ʼaw le areʼ chi nuw achin.
utz we kinchakuj .
meʼs laʼ.
kʼo kanwarech kaqati jo.
x in sikʼi j la.
ria kʼal x sach kanoq je laʼ pataqʼaj.
x e sikʼi j la.
jawi xkib ʼij wi chikeʼe wi?
rumal che, man ix tariʼ ri kix ch ʼawik, are ri rux lab ʼax el ri it at riʼ ri kch ʼaw naiw u kʼ ri ix.
kʼakʼ ri w achoch.
sib ʼalaj utz kinwil le atz ʼyaq rech nahuala.
saq por kkayri kipoʼt ri nan.
x sachon ri nu chak ch we.
waʼim x u chapo.
ri qʼaqʼ ta jin kaj uluw ik.
na jil up amri siwan.
e kʼo ri qachalal pa chiuw iʼ la.
jas x a taq ch iʼ j le akʼal ch utijik?
noʼjim u kemik le pa saw u mal .
kʼojun ku kub ʼiʼ tin tin, waʼ le laj kukmam kaj e qitaj , kapa qika x u lik pa uw iʼ uqʼab ʼ taq ch eʼ, sib ʼalaj sa kʼaj , keʼuto lee nim aʼq , ch ʼutin, rach iʼ l , aj sipan el sib ʼalaj utz ra nim aʼ.
ri up ixab ʼ le qʼatb ʼaltzi j kiy aʼub ʼixik.
na x sachon ta ch kexe at in ik.
x eq il le chi kop p uw ileja.
x l oʼtaj ri akʼal.
qono jel kuj waʼ pa uw iʼ ri mex a.
x sikir lew aqan.
la x at waʼkʼut ?
nim ub ʼaqʼ rit ulul.
kin x ikʼi kʼi k x in qʼaxik.
la katb ʼe pale tinamit ?
ri pa l sib ʼalaj saq ʼo r.
kqʼoxow nu jal om.
x in naʼo chi kat p etik.
x loqʼ ulew iw ech ix.
x inchakun ru kʼri numam.
na x qab ʼantaj.
kkʼojiʼ b ʼaʼ ri u sipan ik ria jaw x el jesus k ri sto ru kʼ ri aw u x lab ʼal !
kinch ʼaw ru kʼ le nu nan pale ch ʼaw eb ʼal.
sib ʼalaj qʼequʼm rumal ri may ul .
are leba xulik.
xekos le ix oq ib ʼ pale b ʼe.
kʼaxri lik le akʼal chawe.
x in qʼiʼox in a tinp aj oron.
sib ʼalaj nim le tinamit.
kʼax u kemik le pa saw u mal .
x in sachik .
ta jin kel ukikʼel pa raqan ri tz ʼiʼ.
x in we t aʼmaj ri lik w ib ʼ
ri qʼuqʼ are jun j eʼ l chi kop.
kʼo pa jati job ʼal ri wikaqʼ .
ri sachib ʼal mak rajwa xik chi qa x oʼl .
j eʼ , kimb ʼek.
j elal eʼri nu p wiʼ.
x ub ʼij che: - jas x ab ʼano tintin?
kab ʼanjun toqʼob ʼ kyak ri nu jal.
katʼek x inta.
jas le u kʼexb ʼem rib ʼ le jun ru kʼ le junchik ?
aj chiuw iʼm iqʼin jaʼ ri lu ʼ .
ri ti jon el na j kpe wi.
teʼ kix cho b ʼ ub ʼiʼ ri nu t at.
ri j aʼ kamiqʼik chiuw ach ri qʼaqʼ .
ri tʼu ʼ y kp aq ʼow ik.
kinme son na.
na qaj at kʼo wichiwe ch .
x in b ʼi son ik taq na x a t p et taj.
we xkam ri winaq , ri p waq rech toj b ʼal makaj ky aʼ chikech ri ra la xik.
ri nu nan x b ʼepa kʼayb ʼal.
x oju kʼam uloq rech koj ri lo
x kʼoto chin chikiw ach chi kinwaʼ aw u kʼ.
na x kikamsaj taj x kikʼamb ʼi choja.
kʼa kʼri ikʼ kamik.
x imb ʼe ru kʼ le aj kun iwir.
ri lik .
le tz ʼiʼ xekosik.
x in kikotaw u m al.
ri i mul x u maj ria nim , x u y a kanlek ok.
kʼo oj cheri akʼal.
x u j b ʼepa jun kʼulan em.
utz wek war al aq.
kaqilo china koj ukʼam taj.
x ret aʼmaj chi ru kʼ pa kʼkuti j wi.
sib ʼalaj x in kʼaʼna rik.
x in ko chi j ri nu wa.
man katko win taj katchakun ik , we man kʼota ria jil ab ʼal.
wew onon x ub ʼij chike: - kix into.
ri ala nim kril wiri umam.
x kaʼy chiri j, x kaʼychuw ach, ma kʼotachi jun ksi lob ʼik , x oqʼik x u x eʼ j rib ʼ x ch ʼop in ik x tzali j loq x u riq tachik riub ʼe.
kʼop us cheriwa.
pin em nakab ʼe le watz , kimb ʼe wi in pa kaʼ y ib ʼal.
ri nan toʼn nim winaq chik, saq uw iʼ, rono jel aqʼab ʼ utz ku naʼo katʼ uy iʼ pa ut em, ku mi qʼisaj rib ʼ chori qʼij , kʼojun uw iʼ u mam ub ʼiʼ a teʼk .
man e kʼi taj riqulaʼ.
qʼalaj china kawaj taj kab ʼij
x paqab ʼi sa x ra jil rono jel ri kem.
kʼop ari jul ri kumatz .
rono jel qʼij kin ch ʼaj le nuw are.
saq chikan lei chaj rech katz ako.
ch ux el e qachomal kaqati j wijun qam eqʼin.
cha wilaʼ.
e kʼo job ʼu miʼ al, ri nu t at.
jas ru kʼ x a wilwi
j eʼjas ri winaq rech ri uw ach ulew, x oq uj eʼ kepe nariʼ rie ʼ areʼ chee rech ri uw ach ulew; j eʼjas ri winaq rech ri kaj, x oq uj eʼ kepe nariʼ rie ʼ areʼ e rech ri kaj.
x in ti jo.
ktz ʼuj uw ri rachoch ri poʼ x .
x u qʼiʼo are leu kʼulel xy aʼow u wa.
ri aw el x ret aʼmaj chi ra jawa xik man kux e j tarib ʼ cheri tukur .
j ukʼulaj winaq x eʼa nimaj b ʼik.
j eʼ, x in tzali j ik.
x ojp etik x ol qa kʼam aʼ.
maj jachin xʼek.
in ajti j ; atti jox el.
saq uw iʼ rit at aʼ.
we ch ri kem.
le roʼ ch le ateʼ kkʼoch w ach le ukʼay le nu nan .
kb ʼepa ri siriʼ aep ari silis iʼ a, jawi j eʼ kuy awiri kich uqʼab ʼ ri komon ty ox.
p ixab ʼ: man utz taj kʼax kujch ʼaw chiki j ni kʼaj qach il.
xkunataj le ali ( kumal ri ix oqib ʼ ).
rix ib ʼib ʼal chi kʼowi pataq ri qakʼas lemal rono jel qʼij.
nakuj war ta war al.
on che kkʼojiʼ ri utz il chix oʼl , are ch junam riqa kojon ik, junam ri iw ech ix ru kʼri we ch in.
pa ox qʼij ri saʼn kb ʼe na ru kʼri aj kun .
kawinaq w uqub ʼ.
jas kawaj kinti jo?
we ta x atb ʼew u kʼ pale tinamit, x a loqʼ t al aʼ le ujastaq lea kʼa jol.
keb ʼepa waʼ im.
x in loqʼ kʼiwa.
pajun nim kʼach eʼ laj , kʼojun kʼwaʼ sib ʼalaj saq loloj, nim uw ach.
kwaj kati j jub ʼaʼwa.
rono jel winaq kril nari u kolon em ri d yos ».
x kʼoto chin chikiw ach chi kinwaʼ aw u kʼ
kwaj na katʼet aj.
la x a loqʼ junalej ?
e kʼo rie loqʼoman el .
ri ukab ʼ ub ʼiʼ ri nu mam are y ay.
kinjopij ri i j aʼ rech triko.
x naʼtaj ch kexe at in ik.
x a t eʼ qilaʼ.
kakiti j alan x a x ri winaq.
. . . kinb ʼij chi are waʼ sinx iʼ an.
na x in nab ʼej tachu tasik qakʼolib ʼal.
rumal rech chewe ri in, kinch ʼaw ru kʼri d yos pach ʼab ʼal, kch ʼaw na kʼu riʼ ri w ux lab ʼal ru kʼri d yos , kʼate kʼut man kʼota up atan riʼ ch rech ri nu chomab ʼal.
x ep etik xkilo.
x u ta we katʼ e k.
utzu kemik le pa s chawe.
ri nu waka xx u ti j jun qʼoqʼ rumal riʼ x kamik.
rumal ri kʼix, man ke waʼ taj ri winaq.
x eʼu lik .
qʼeq ri j ri am aʼ chi j.
x raj kaʼ e leunan.
junam kijunab ʼ.
na qʼalaj taj wekaʼek.
ri wix nam ch ʼaj ch ʼoj ri rachoch.
war al man kʼot aj a jawal.
na iwir ta x ri l le kʼamolb ʼe.
x in pe loq te kʼu riʼ x in tzu kuj rono jel ri nu ra jil .
ri ajti kon el kutik ri tzi j.
kʼo e ki kʼaj ol le achi jab ʼ.
ku ti j qʼayes ri ix paʼch.
p ari waʼ b ʼal e kʼo kawinaq achi jab ʼ.
si poj inaq ri nu p am.
kay aʼtajik ru kʼutiʼ on em jun ri uriqom ley ab ʼilam olots etsé x u quj eʼ are kay aʼtaj pataq ri juyub ʼ.
jachin ri achi?
ri nu mam x kamik are taq kʼojumuch ʼ lajuj ujunab ʼ.
kinko win ik kin kʼamb ʼile p waq.
kinwilo chi utz ri aj iʼ.
x in qʼil ri apoʼ x che man kachakun taj.
kwaʼ chiuw ach le taq ʼaj ri am aʼakʼ.
ri i mul x ep oqʼik pajun ikʼ.
x kʼis kanoq ri qachak.
are ri ali xoj ilow kanoq.
sib ʼalaj ch ʼu ʼ j ri amax.
kʼon uw ach iʼ.
incha jin el kech le akʼalab ʼ.
xekos le tz ʼiʼ .
kinb ʼenak u kʼri molaj.
rono jel aqʼab ʼ kiny i tz ʼ ri w akax.
ka ra pin ik x utzu kuj chi j unawaj.
le u kemik le pa san inaq (aw u mal ).
majura jil le qʼab ʼ arel.
kʼaxriʼ ri kach ʼaw ik.
x oju taq ch iʼ j le achich u loqʼi kichaj.
sib ʼalaj kʼaxrix kʼulma xik.
xkilo china kin kʼoxomaj taj.
x naʼtaj ch kech ix e at in ik.
x kʼoto chin chikiw ach chi xoj al w oʼ qa ku kʼ.
jun qʼuʼq ra jil ri ka x laʼn wa.
x in wilo chix eʼ el ik.
e kʼo ix oq ib ʼ pale kʼay b ʼal.
man kʼotaj u kʼisik ri mayab ʼaj lab ʼalil.
ri sink kʼiy pataqʼaj.
ri ch ʼi ma man kkʼiy taj pataq ʼaj.
ra jawa xik kjikik ri waq än.
kawaj kinʼek.
e kʼo oxib ʼakʼ.
x ub ʼij ch we jawi at kʼo wi.
ch w eʼq kuj b ʼeʼpa mu quj .
pa saq kʼaj aʼ kb ʼan wiri uq.
xoj kisikʼi j.
x in wilw ib ʼ.
ch aqʼ chik ri wa.
kimb ʼe naka palew oʼ ch .
kawaj kinʼek.
ri ch ʼu ʼ kti j ru kʼ le j.
p ari kiqʼij kaminaq ib ʼ kb ʼan qʼori kʼy aʼ rech aj : nab ʼe ri nan kutzu kuj kan ri aj, kujach ʼoʼx u quj e ku kʼ e to.
jas kaj b ʼal cha nim ?
utzu choman ik ri ali.
p ari qʼi jox lajuj ti ja x kinkʼis keb ʼ junab ʼ kinchakun war al.
sib ʼalaj ko , ri kʼakʼ ch ʼat.
jas karaj kub ʼij … ?
ri ch ʼi ch ʼ kasil ab ʼik.
pa ojer qʼal pulx aq x u wiri nim winaq ke kʼamowb ʼe.
le ukunaxik le ukab ʼu kʼutun ik are ru kʼ e flor ni ti naon utun ib ʼaxik le nif urtimo x ch iʼ le flor ni ti nachech t. b. g.
are ri achi x in ch ʼay ow ik.
jun achi ub ʼi ku ʼx u sipaj keb ʼ kʼaʼm ulew rech kab ʼan ri ti job ʼal, kamik, kʼo chik ajti j rech ri komon x ech pup.
x u mal ty oxij cheri ajti j rono jel le x u kʼut chiuw ach.
p ari b ʼe xkiraq junala jim ul saq ri j, x kikʼamb ʼik.
x ril le b ʼal e ala.
jas kub ʼij ch we ?
le ukunataj em are ru kʼutzu kuxik le uchi kopil pajun u solik ux eʼ le kikʼon le jaʼ rech jun nod o.
utz we nu tz ʼiʼ.
j eʼ, ta jin kachap on ik.
ki nu loqʼoj le nu t at.
kawaj kimb ʼepa tinamit.
are laʼ kinchakuj .
ri nim aʼq taq winaq kʼo ket aʼmab ʼal.
we ta x atb ʼew u kʼ pale tinamit, x a loqʼ ta waʼ we jastaq.
ri kikʼas lemal. wa ixim ulew x a jun chi ma areta tinimit ri ma
riu kʼ y ab ʼal na j up am.
x at qaj chiup amri il.
nojim katwaʼik.
we kʼojun ktu qaʼrik, ¿ la man x oq uj eʼtaj kintu qaʼr ri in ?
ojoj w okol ja.
awas kb ʼan kʼax che jun nim winaq.
x in ch ʼawap an ru kʼ le wan ab ʼ.
kʼaxri up am ri ju ʼ l .
ta jin ke waʼ ri im ul.
la kaj la kuj tzali j la aninaq ?
rumal rech cheri makaj man kʼota uko win em p i wiʼri ix: ri ix man ix kʼotachi ch ux eʼrip ixab ʼ, xan e ix kʼo ch ux eʼ ri sipan ik.
nim raqan le ch eʼ.
x in ch apo.
are letu ʼ r le loqʼoman el .
x as katkʼojiʼ chiup amri ch ʼi ch ʼ.
sib ʼalaj nim raqan ri kʼam alb ʼe.
le tz ʼib ʼab ʼal we ch in.
in x in toʼw la.
x a je kʼu riʼ ri ix kamik riʼ man ix kax lan winaq tachik; ri ix, ix rech ri ki tinimit rie ty oxlaj taq winaq , ix rech ri rachoch ri d yos.
x in ti koxlaj kʼali ch aj.
kaqariq qib ʼ ch w eʼq.
sib ʼalaj utz cheri w iʼ aj ri tuney.
we naj up ulik ta x e qaj ik...
x in toʼtaj cheri nu chak.
kʼojun chiko pub ʼiʼ pum.
poqon ri ik.
xoj b ʼin ik.
x u ch ʼe k rono jel le ret aman ik x pa qiʼ kkʼaxk wʼin ik x ub ʼanaj kun .
kel ub ʼik p ari jud eʼa e ktzali j chi ub ʼi jumul p ari galil eʼ a.
x in ax ib ʼi j pa b ʼe.
j eʼ l kʼolem chi aw achoch.
rono jel riy aʼtalil pa we qʼataj , tz ʼaqat kiw ach, man ktzaq ta kanoq x u quj eʼ man k tastaj.
x u kunaj ley a wab ʼ le aj qʼij.
chi t at ab ʼej jas le kimb ʼij.
ch ʼanal ri achi.
pab ʼokoʼ kachakun wiri ta x.
uj kʼo pa uw uq qʼij.
kiʼri ukab ʼ ria qaj .
kʼo rachalal pa tz ʼoloj ch eʼ ri p eʼ l.
xkilo chi kin kʼoxomaj.
ri u kisa kʼu tz ky aʼik chiux eʼ ri ti koʼn .
are taq ch iʼ kaqʼanp uw iʼ ri jukub ʼ, ri achi che xkʼojiʼ ri itz el ux lab ʼal ru kʼ, kuta ch rech ri areʼ, are ch kkʼojiʼ ru kʼ ri areʼ.
na kab ʼantaj ta w umal.
x naʼtaj ch kexe at in ik.
x in paj ri nu triko.
x eʼok ri pokʼ pa riumex a ri poʼ x .
kaj uluw ria qʼaʼl chiux eʼ ri tʼu ʼ y.
a we ch lej a.
x u j b ʼepa tzu rik.
nab ʼex a t op an ik.
ri ukab ʼ ub ʼiʼ ri nu mam are y ay.
uwaj x aq ukakʼal taqanik (28).
ma ta kʼojun kakanaj kanoq, qono jel koj b ʼek.
e nim aʼq le al tomab ʼ.
nim uw ach ri poʼt.
kojon ik p ari utzi j wa ixim ulew.
jas x u kʼamb ʼil etz ʼiʼ x a wilo ?
x in p etik, t at.
rib ʼelaj uw ach.
chi t at ab ʼej jas ri kimb ʼij.
j eʼl ku naʼri ab ʼix chiup amri quq ulew.
kinb ʼi soj uw ach lewal.
x u tʼuy ub ʼaʼ.
nim ria we qe leʼn x a riqo.
x in eʼ waʼ oq.
ch iʼ ke war wile akʼalab ʼ.
ri nu miʼal x u taq loq jun taq oʼm w uj chiwe.
qʼeʼlik , ri chaj p ari b ʼe.
la utz aw ach ? -utzm al ty ox, e kʼu ri at ? – utz mal ty ox.
x in kos rumal nu chak.
kb ʼe ku kʼrieʼ areʼ e ktzali j p ari nas are te keʼu nimaj.
ri joj x u kʼamb ʼik ri akʼ.
kʼo chi w ach iʼ l ch anim.
kub ʼij chech naʼl kab ʼan cheri atz ʼib ʼ.
e. . . in kawajkatz joj b ʼil achwe.
ma ta x in y a j le ali.
jachin ru kʼ katb ʼe wi?
kʼo sib ʼalaj et aʼmab ʼal p ari mayab ʼ noʼjib ʼal.
e man x ori jupuq ke j.
kasu m um ri kaqiqʼ.
e kʼo kajib ʼ akʼalab ʼ pale b ʼe.
j eʼjas ri ut at kkaʼy ik.
x aqat molon el tzi j t al.
le nu t at kaloqʼon chwe.
x aq tan e kimb ʼe iw u kʼ.
x ret aʼmaj uch ʼaj ik.
rumal laʼ x koj“ x al qʼat ” che ub ʼiʼ ri komon.
are leu kemik pa s x ret aʼmaj.
ri watiʼ t kub ʼan nari up atan.
kʼa kʼ le poʼt.
ret aʼm uw ach jachin x loqʼow ri pa s.
kench ʼab ʼej le akʼalab ʼ.
y aʼtal cha qe qono jel ri uj winaq utz kaqil qib ʼ.
x kotiʼ pa qʼayes x oqʼik.
kawinaq b ʼeleje b ʼ qʼataj.
e kʼo kajib ʼ r al ri im ul, jun saq , jun qʼan, jun qʼeq, jun qʼeqoj , sib ʼalaj ketz ʼan ik , kech ʼop in ik ri alaj taq im ul.
kcholo l ria ch achal.
ketekik ri ikʼ.
x ep etik rech ke waʼ iw u kʼ.
tz atz ri uqʼanil ri akʼ.
xoj tzali j ik x ix eʼ qaqʼatuj ku kʼ le it atinan.
riy oʼx taq akʼalab ʼ ke kikʼuxri atz ʼyaq.
we a chiwex u sipaj jun poʼt chwex kamik.
kko win ri kunan el che kunan ik.
xji qʼ pa ri p olow.
x a rumal sib ʼalaj ra jawa xik le lo qʼalaj jaʼ , le winaq x kib ʼij : che we ikʼ riʼ qono jel kuj b ʼe che utikik taq ch eʼ.
ri unan e rie rachalal kepe u loq ru kʼri areʼ, kʼate kʼu riʼ, man keko win taj keq ib ʼ ukoq ru kʼ , rumal rech chee kʼo sib ʼalaj winaq.
rumal rech , che man kʼota jun kko win che ukojik jun ti kib ʼalil chik chuw ach ri kojom chik che are ri jesus kristo.
te kʼu riʼ x utz ʼib ʼaj rib ʼ p ari nimalaj ti job ʼal rech aj ku ʼ n.
kaj uluw ri ch ʼumil chaqʼab ʼ.
kʼisb ʼal kanoq, x oq uj eʼ kkamri ix oq.
le ala x okik.
kʼop waq pa uw iʼ ri mex a.
are kawaj na kinʼet aj.
riy a wal kukoj ri alichi ux eʼ richa kach are u su ʼ t.
na kaqa kʼam tu ʼb ʼi kamik.
ri ajti j kub ʼij chike: ra jawa xik ke qachaji j ria waj, are uti koʼn ria jaw .
x in ti j mu kun iwir .
kʼax le uw iʼ taq le nu qʼab ʼ.
x in loqʼ jun ilb ʼal wib ʼ.
waʼ we qʼij , nimub ʼantajik.
ri ux eʼal ri qatinamit man kasach taj.
xoj b ʼin ik.
ri achalal junam kiw ach.
x in we t aʼmaj ri lik w ib ʼ.
nim riu naʼoj wajti j.
m iqʼin ri kʼul.
aj qʼojom ria teʼk .
chele san ik ch eʼ kb ʼan wiri qʼojom.
kape le aw el p anawal jaʼ.
ri meson el ta jin kchakun ik.
utz cha qe kaqatoʼq ib ʼ, taq kʼo kʼax kʼolil , kate we ch iʼ n ria jawpa qawiʼ.
x a wilo, x qʼatan le ib ʼoy.
x a t ko win ik x ab ʼano.
kiʼri kʼa wex.
ka jil il ri b ʼe.
le alix el b ʼ ik.
areʼ x raj x in b ʼano.
nim we ab ʼaj.
j eʼ lik u tiʼ jol al ri saq koʼr.
noj inaq ri kej .
we kati jan x u x man katu toʼta chiuqʼati xik le kʼa kʼy ab ʼil corona virus ( 2019 -ncov ).
na nim ta raqan waʼ we ch eʼ.
utz alaj ajchak , ri w el.
¿ jamp aʼ kuj b ʼepa nima qʼij ?
ra jawa xik tan el aʼ katchakun w u kʼ.
x u taq ch iʼ j pa war am pulew.
man areta ria x wan x elik.
ria wix x u loqʼ rachoch re nim al.
are ri ix oq x in sikʼin uloq.
ri ch ʼi ma kʼatʼ on na.
laxib ʼan lei chak ?
kʼi tinamite kʼo pa ch ʼoʼj.
kʼo jupuq chi j chiux eʼ ri ch eʼ.
ri ux aq ri ab ʼix are uw arikej.
kawinaq qʼataj.
la kix pe pa ti job ʼal?
we kechajix taq le kʼwaj a cha kinb ʼij ; jun alik kʼo j aʼ x u quj eʼ sib ʼalaj saq lo lo j.
xret aʼmaj .
ri alab ʼom ri ali tomab ʼ ta jin kikiti joj kib ʼ rech su taq , are kakaj kikib ʼan nima qachi jab ʼ chup amri kikʼas lemal, x u quj e kʼo chik jupuq b ʼix on el chup amri komon.
latz ʼuw ach ri b ʼe.
kʼakʼ ria ch ʼi ch ʼ .
qono jel uj, uj mayab ʼ taq winaq.
no jel qʼij ria tiʼ x kuy u qʼuj le taqaw aj je laʼp ani kʼaj jaʼ , chiri j ri juyub ʼ ub ʼiʼ te naʼ.
pa qʼom chik risiʼ.
kintzu kun chela.
kakiti j le kinaqʼ , le ich aj, leu waʼlik ru kʼ le j.
x e kanaj kan le aj chakib ʼ.
keti kon ri achi jab ʼ.
sib ʼalaj itz el ub ʼantajik ri ch ʼi la kan.
ri ateʼk x u mal ty oxij cheri ra tiʼt, rumal ri utz alaj noʼjib ʼal x u kʼutche ch .
kkamulix u chak ri ab ʼix.
la x in utzu kuj leti jox el ?
areʼ kachakun rono jel qʼij.
lee kʼaʼnataq tz ʼiʼ.
saq ri j ri p lam ux.
jas x a qʼiʼox a ti jo.
jas ru kʼ x kichap wi utijik le ri kil ?
we kata tin ru kʼ kʼa tan jaʼ man kuqʼatej ta le kʼakʼy ab ʼil corona virus.
la katb ʼin pale ux lan b ʼal ?
la war al kʼux ix waʼ wi?
are le nu t at kin loqʼonik.
ta jin kchakun ri ala.
kʼo ri kiʼkotem al aw u kʼ .
x u ta jachin kaʼek.
x a t waʼik x in wilo.
x tzaq ri rachoch rumal ri jab ʼ.
pale jun ikʼ chik are nima qʼij.
e keb ʼäm keb ʼin pa uw iʼ ri tem.
mem ri achi.
ri wikan ch al iʼ y kel pajuyub ʼ ch wi tzi rib ʼal.
le ra jil , la pa jax el aqʼaxw u ʼ b ʼik ?
p ari su ʼ t p isom wirilej.
koj p etik ko l qa kʼam aʼ.
ta jin kat ch ʼopin chiuw ach ri ta qʼaj.
le qʼor x ch ʼu qik.
kʼaxwaʼi maw u mal .
kinb ʼi son che lewal.
sib ʼalaj kʼokʼ ria watz ʼyaq.
kamik x u j b ʼe che utikik taq ch eʼ p ari juyub ʼ.
ki nu loqʼoj le nu t at.
chaq iʼ j chik ri chaj.
xy il ix haw ay i.
na x naʼtaj ta ch kech ix e at in ik.
ru kʼ kʼu waʼ we riʼ, ri ix kkʼojiʼ jun utz alaj ikʼas lemal riʼ ch kiw ach ri winaq cheman e kʼo ta iw u kʼ , kʼate kʼu riʼ man kʼotajun winaq riʼ ra jawa xik chiwech.
e p etinaq pab ʼele rachalax ik.
kakaj le akʼalab ʼ kewaʼik.
x u jch ʼayb ʼik.
ri nu chak are qʼaxel tzi j.
kʼo na rux lab ʼ ria waj.
ta jin kel loq, ri qʼij.
x u qʼiʼox kamsa x ri rachalal choch.
ri nu mam are kʼo uqʼi nomal.
x kʼulmataj jumul , x ub ʼanjun nimalaj jab ʼ, man xb ʼeyetaj tana x u kʼis le uy uqʼ chike.
am aʼri nu tz ʼiʼ.
je waʼkatp etik.
x in kosik rumal x inchakun ik
iw ech chi j ujunal, ri wa.
x u qʼiʼo na x at at intaj.
inriq taj inaq p ari kʼay ib ʼal.
na we t aʼm taj.
kʼax le nu qʼab ʼ.
utz le x ub ʼij le achi.
kematz ʼib ʼ.
kʼo rachalal pa tz ʼoloj ch eʼ ri p eʼ l.
rono jel waʼ we jastaq riʼ, x as ksachwi uw ach waʼ ; ru kʼ weriʼ, ri ix, ra jawa xik che kʼojun ty oxlaj ikʼas lemal e kkʼojiʼ ri ich ʼaw em ru kʼ ridyos ,
x muq taj ri pa tz ʼan .
ri ch ʼi ch ʼ tzi jom kanoq p ari ukʼolb ʼal.
man kʼota ucholaj pataq ri aw uj.
ja chike ikʼ le unima qʼij le tinamit nawal jaʼ ?
x ep etik x ol kikʼam aʼ.
kach uqʼ ch ut ri j aʼ chi ap am.
x in b ʼij iwir chi xeb ʼepa armita.
areʼ ux eʼ ojer tzi j war al kʼi ch eʼ ub ʼiʼ.
x kʼisri nu siʼ.
jawi xkib ʼij wi chikeʼe wi?
¡ x a je kʼu riʼ, jachin taq rie kʼop ari jud eʼa, chi cha nim cheʼa nima jub ʼi pataq ri juyub ʼ,
kʼa kʼri ab ʼ.
la kʼojun naka kʼoxomaj taj ?
nautz ta le u tʼi som le almariy.
man y aʼtaltaj chiawe katok pa ja.
j eʼ, x at utzu kuj .
are kel waj x aq ib ʼ uqʼi j rix kʼojik.
rix u n ku r kkʼojiʼ pataq ri triko.
x in sachik .
x u tʼuy ub ʼaʼ
nan utom ta le tzi j …
w ach ʼom ri kiwari noʼs.
e kʼo job ʼ ch ʼi l w akʼ.
ra jawixik chi pataq ri ti job ʼal , p ani kʼaj ub ʼixik chik
ri ra jawr ulew areʼ t at kel.
we kʼu x okik, we kʼna x ok ta
we achi x u sipaj jun p ʼot ch we.
at at u taq oʼn le qʼataltzi j .
na qʼanta uw ach le qap ru t.
rix aʼ r kʼo pa uw iʼ ri qʼaqʼ kpoqʼow ik.
rir oqʼej ri ali jachak pejuna kʼal.
kʼojunala pa ti job ʼal.
säq uw iʼ ri t at aʼ.
ri witz ikʼ ta jin kpe loq.
jawi x sachon wikan uy aʼik le p waq che.
utz we achiwex in kunan ik.
qono jel kuj waʼ pa uw iʼ ri mex a.
ri ka x laʼn ik man poqon taj.
in x in b ʼe ru kʼri w ach iʼ l .
sib ʼalaj j eʼ l xkilo x e kitzoqopi j ri kichi j chilaʼ.
kinb ʼin ik x inʼek.
kʼax kʼolik, kach aʼ.
ku ti j ixim ria kʼ.
ri ali x chel, x u qʼiʼox ajuna kʼ x sipa x che.
x qasikʼi j le ix oq ch utz akiksu b ʼ.
ma ta x ab ʼin saj le ch ʼi ch ʼ.
ri p ix tz ʼar alik rumal rie qaʼ n.
¿ jamp aʼ kel chi 3%
kʼojun nu kʼotoj ch iʼ aj.
ta jin ke waʼkat ri alab ʼom.
x in loqʼ le nu kʼa kʼapoʼ t.
na utz akikta sub ʼ ta jin ku ʼ ano
x oju taq ch iʼ i j x oj waʼ ik.
iw ech riab ʼix.
saq ri j ri chi j.
aj sik cheri tinamit kel wiri t at aʼ.
- ¡ ay ! x a x in tzaq u loq, kʼax wew aqan.
x kʼulmataj pajun komon ch iʼ uw ach jun juyub ʼ, x u riqa jun qʼij x kiriq kib ʼjunim ul ru kʼ le ko k.
jas x a taq ch iʼ j le akʼal ch utijik?
x inchapo su x u loqʼo.
qʼi nom ri achi.
ri kʼum kti jow ru kʼ kab ʼ.
ta jin kejach ʼan ik.
tz eb ʼalu kemik le pa saw u mal .
are kay oʼw le uchi kopille ub ʼantajik try pa nosoma brucei.
we kat niman ik utz kelik.
pero noʼjimal petnaq loq , .
are len uchak juntzu qb ʼal wib ʼ.
xkunax ley a wab ʼ rumal leaj qʼij.
ri u kʼuʼx tz ʼib ʼ pa qatzi je lajuj.
sib ʼalaj j eʼ lik rie qab ʼal x ub ʼanri lu ʼ s.
sib ʼalaj atkon.
e man x ori jupuq ke j.
na x naʼtaj ta ch kexea tin ik.
ri kʼam alb ʼex ub ʼij chike, chi maj a ria nim .
jumuch ʼ ri n ujunab ʼ.
qʼip taj inaq ri raqan ri tem.
kchakun ru kʼri josb ʼal ch eʼ ria jan el.
x a taq ch iʼ j le akʼal ch utijik kar.
oj kʼo pale roʼ ch le aw el.
¿ la kat p eq u kʼ chweʼq ?
le winaq pale ch ʼi ch ʼe tʼuy ullowi.
x kanaj kanoq chiux eʼ ri jab ʼ ri ch ʼaʼ n.
nim ri ja.
we ta xakunaj le at atmata xkam laʼ.
nan u kʼamom tu ʼ la riʼ.
ch qa nu kʼuʼri qatzi j.
kimb ʼepale tinamit.
x in qʼiʼo na x in a tin taj.
ra jawa xik kakʼaman chawe le utijik le le j.
kʼisb ʼal taq noʼjib ʼal.
x in eʼ waʼ oq.
x kib ʼan kʼax chele uw osaq rumal man utz tachika kay ik.
ri qʼutuʼm man kech ta le akʼalab ʼ.
are na nim ta le atz ʼiʼ chuw ach le nu tz ʼiʼ.
x ep etik x ol kil aʼ.
¿ jaw ch iʼ x a taʼ che xkam ri u mam ri p oʼ x ?
e keb ʼ kekʼamb ʼik pa tuj.
x in loqʼ jun japa ri w okaj ja.
ria x tu ʼ b ʼ, kʼoqula j chech.
jas karaj kaʼan ch utz akik le tiʼi j.
x u ti j le wa.
x imb ʼal re tzi j.
x pa x ri b ʼoʼj.
we kawaj katin toʼo x aq x u wi kab ʼij chiwe.
jas nu kʼu ku ch ʼob ʼo.
jas karaj ku ti jo?
x e x ru x lab ʼ ri ri kil.
en itz ʼaʼq le taq im ul.
we tan e in x in b ʼanow ik, are le ateʼ k xb ʼanow ik.
kintzali j pale nu tinamit.
ri nu ch aqʼ kʼo pa u roʼ qʼatoj ti jon ik p ari ti job ʼal.
x in x iʼ j w ib ʼ x in ch ʼaw ik.
kʼo ch war oʼ ch le pare.
chi raqan kab ʼin wiri t at aʼ.
x sachon kanuy aʼik le p waq chech oja.
x in qʼaxchi kix oʼl ri winaq.
keti kon ik.
ri ulew man qech taj, kech ri qatiʼtqam am.
x epele winaq x ol kikʼam aʼ.
x u loqʼ ri w uj rumal ri ali.
chewe qʼij kamik kʼojun nu tzi jon em chiri j le nu tinamit.
kej riʼ .
x kunan alaq chwe.
ki nu sikʼi j le nu nan .
ri i mul x u ch ʼi j taj, xkanaj pab ʼe, rumal ri nim al ku jaluj ri i mul, x utzaq ria nim .
kub ʼan ri ux oq ʼoʼl ri aj tz ʼaq.
ri la sib ʼalaj utz che kunab ʼal.
kʼi kiw ach rieʼ aj chakib ʼ p ari komon ty ox, kʼate kʼut x a junchia jaw x el ;
x qata chix at ulik.
kawaj chik atʼek.
ch ʼutiʼn ke kanaj rix a jab ʼ chech.
kaqax iʼ j qib ʼ kaqach apo.
e kʼo keb ʼ ukʼaj ol le t at x wan.
lu ʼ sub ʼiʼ ri rech am.
aj chiuw iʼm iqʼin jaʼ ri lu ʼ .
x in y akan le nu ch impa kʼayb ʼal.
kʼate x ri lo , x pe riu nan che utzu kuxik , x kikotik , x u sal ab ʼisaj ri taqu xkin.
x kikʼut chiuw ach ri ajti j x u quj eʼ chikiw ach ri taq ni kʼaj kach il.
utz le nu qʼab ʼ.
kul le al weʼ l pa austin chaqʼab ʼ kamik.
ria teʼk x tzaq loq are chi kʼo pa uw iʼ ri qʼaʼm.
ajp atanrit eʼ k.
x at qaj chiup amri il.
la kʼo tzi j na kikʼoxomaj taj ?
x sachon ch kech ix e a tin ik.
rono jel le ulew ech alaq.
la xeb ʼe kʼula x eʼ kijaq akʼule uch iʼ ja?
x aq katch ʼok na j iwir .
kamik kʼo chiri jastaqaw e.
are ch iʼ kakʼisri junab ʼ kʼo qʼi nom.
pa nawal jaʼ x in alexik.
na x in t at aj we are ri akʼal kix tzu quw ik.
¡ r ulew ri sab ʼu lo ner ulew ri neftali, ub ʼe ri p olow, r ulew ri jordan, galil eʼ a kech ri je taqam aqʼ !
ra x, ra x, ra x, kʼo kʼ, kʼo kʼ, kʼo kʼ le ru x lab ʼ le taq ti koʼn .
achi x a t wilo.
paqal ra jil le p ix kamik.
xoj b ʼin ik.
pajun j eʼl ti job ʼal ku ti joj rib ʼ juna kʼal , ub ʼiʼ p oʼ x , utz kurilo kepa ti job ʼal rono jel taq qʼij.
x waj chixa tʼetaj.
utz laʼ le x ub ʼij le achi.
we taʼ am jachin kap etik.
kin qʼojoman ik.
x in qʼiʼot akʼalik x in p etik.
areʼ ret aʼm che kino p an ik.
are tab ʼal e qa qa jawch at toʼ wik.
kawinaq waq ib ʼ qʼataj.
na qaj chik cheri uwaq kaj b ʼal are taq ch iʼ ksachuw ach ri qʼij , ko k ri qʼequʼm chuw ach ulew, chi kʼateʼ narib ʼeleje b ʼ kaj b ʼal.
job ʼ raqan ri tz ʼalam x ep oroxik.
sib ʼalaj ko ri j ri mop.
are waʼ .
je laʼ p ari timinit ch wi kab y ok rech x elaju ʼ , le qanan qat at kakiti koj eʼ lalaj taq uw ach ich aj.
kʼax nu qul .
x u ʼ lu kʼam aʼ.
koj ul kitzu kuj .
are man kʼaxta u kun a xik are taqan inaq kaʼilit aj wey ab ʼil al x u quj eʼ moj oʼ qa kuy aʼ le kʼax kʼolil chech le jolomaj.
ri w el kʼo pa ti jon ik.
kawaj kinb ʼij.
ri kotz ʼiʼ j kqakoj chiup amrija.
qʼeq qʼoj ri j ri am aʼ kej .
na xwaj taj x in ch ʼaw ik.
ch p etab ʼal e lo qʼalaj jab ʼ.
x sachon ch ke xatkisikʼi j.
e le qʼal ch ʼi ch ʼ .
jachin x a wilo chi are x ti jow ri tiʼ j ?
mat akab ʼele nu xb ʼal pale tinamit.
p im ru q, ri ali.
¿ kʼo ri muqʼe chiawe ch ?
kqab ʼij man keko win taj.
kinti j na.
kʼojun qatʼuʼy paja!
kʼop uj chiup amri ch ʼaʼk.
are taq kinkosik kinwarik.
x at waʼ ik x in wilo
in x in ch ʼay ow le achi.
kono jel ri ala xik keʼetz ʼan ik.
jas ru kʼ xkiti j wile kiri kil ?
aninaq il katp etik.
na ra x ta uw ach le juyub ʼ.
ri tz ʼalam tz ʼib ʼab ʼal ra x kkay ik.
we chat chakun ik, kʼo awa.
m aʼ t am x a t pe cheri waʼim .
kamul kinwaʼ na.
ri sik il kti jow ru kʼik.
kimb ʼe aqʼan ru kʼ le al talin.
x ojʼe k x eʼ qil al arqas ok.
x e kiqʼil le aj chakib ʼ x kiw ok le ja.
mat anex waj le kʼuhj nem ru kʼ le ateʼk.
are x eʼop an chiuch iʼ ri juyub ʼ, xkilo chiman qas ta kʼo qʼayes.
kʼate kʼut, ri jesus man kkojon ta ch kech rieʼ areʼ, rumal rech che kono jel ret aʼm kiw ach,
paʼ tz ri j ri tz ʼiʼ.
j uwinaq waq ib ʼ qʼataj.
atel aqʼom.
x aqatj oʼs.
ri qʼatzu , are qʼalaj ri uqʼij il.
ajchak we ala.
ub ʼeleju ka kʼal taqanik (29) .
keb ʼ n ub ʼiʼ kʼolik.
la katzali j lu ʼ la aninaq ?
katzu kun lachwe.
la kaj la koj b ʼeʼ pale chomal ch w eʼq ?
x in nab ʼej ch u tasik qakʼolib ʼal.
la l x in toʼ w ik.
sib ʼalaj a noʼjib ʼal.
x ojp etik x ol qa kʼam aʼ.
sib ʼalaj j eʼ lik ri uw aʼ l ri i ch aj.
kʼaxwi j rumal in pa chalik.
are taq x u kʼulmaj waʼ x u l ri uchoman ik x ub ʼij : are utz wa aqʼab ʼ kinwali j ik, are ch aʼ cha nim kinop an pa ti job ʼal , maj chikin kʼulmaj.
oj ajxoj olob ʼ pa awas qʼij.
x in sach chele uw okik le tzi j.
ej ulajuj ri akʼ.
x u ta jamp aʼ kojʼek.
qilik .
ri ti jox el man areta nim chuw ach ri rajti j. ri utz ti jox el qas j eriʼ kʼolik jas ri rajti j.
in x a tin ch ʼay o.
noʼjim chak wu mal .
ch ʼu rri joch ʼ.
in kinb ʼij na kat sach taj.
uj mayab ʼ.
ri ab ʼaj y a tzalik.
ta jin kep ixb ʼax ri akʼalab ʼ.
chom ria q.
x inwar ik.
el em en kono jel ri akʼalab ʼ.
ta jin kqʼanarik ri wer eʼ aj.
le u kemik le pa su tz ( chawe ).
x u y u p u b ʼauw ach raʼ chi, kach aʼ, .
ri satanas ko kp ari jud as ri kb ʼix is kariʼote ch rech , ri areʼ junch kix oʼl rie kab ʼ lajuj.
chu chu ri pa r.
kinqumuj ri nu jo ch ʼ.
chech punción l umbar am aqʼel ra jawa xik chech ri lik le u kʼexb ʼem wile nab ʼe ru kʼ le ukab ʼu kʼutun em ley ab ʼil al.
qʼalaj china kawaj taj kab ʼij.
kʼoqʼol chiri j ri siʼ.
jawi xoj ʼew ichu loqʼik ?
kʼou lo ch ʼ ri talin.
qʼan ri j ri atiʼt nu kej.
la x tzali j la iwir ?
x e sikʼixik , kʼate kʼu riʼ x ey a jik , x u quj eʼ x etaq b ʼi cheu sikʼik le mes.
la kixwarik ?
are kʼule pa lomax x ub ʼij che: - mam katb ʼi son taj, kin sikʼi j ni kʼaj w ach iʼ l ke ra pap ik .
aʼ re e ti jox el ab ʼ.
ri alajali siʼ l x ub ʼij x qachap pa utz al ri ty ox.
x sachon ch ke jachin x e at in ik.
jas x u ray i j le a nan x u ti jo?
x in ko sik.
ra x rono jel ri qʼayes rumal le jab ʼ.
kiny a waʼ we ch ʼi ch ʼ pin em nautz.
noʼjim up ach ʼu x ik le nuw iʼ.
naj kʼo wilew oʼ ch chuw ach le ti job ʼal.
ri okib ʼal kʼo chiuw ach ri saq ja.
x e nu taq ch ʼi j ke kil le akʼalab ʼ.
kʼojun qʼoxow em chiwe.
tza ri ch oʼm .
we ch oj b ʼe pale nima qʼij , keq il le ajxoj olob ʼ.
x ojʼe k x eʼ qil al arqas ok.
ria teʼk x u taʼ chech ri nan toʼn: - nan jasch eʼ chiman kaj ta la qakʼati saj ri j oʼ q.
ri p al sib ʼalaj x u ʼ y .
kin koj ri j okb ʼal ulew.
in kinb ʼij na kat sach taj
atraj kun le nu nan .
kuqam u juj oron ri aj tzi j.
lu ʼ tz ʼalam ub ʼiʼ ria chikel pa nim ch eʼ.
j eʼ lik u tiʼ jol al ri saq koʼr.
kʼojun x aʼ r pa ja.
x in loqʼ jun kʼakʼp atan.
kʼax u kemik le pa saw u mal .
aninaq u kemik le pa sa w u mal
ri ch ʼaʼn sachinaq pataq ab ʼix.
ra x taq le kotz ʼiʼ j .
me som kanoq ri up amja.
man areta ra la x kosik.
ri komon x ech pup rech uqʼab ʼ tinamit x oʼl ab ʼaj rech qʼu markaj.
la utz akikkʼus ub ʼ ta jin ku ʼ ano?
kate la!
na x u ti j taj.
x a rumal ket aʼm kono jel ri winaq kkiqumuj le jaʼ.
iwir x u j tzali j la pa kʼayb ʼal.
qet aʼm cheriqaw akuj utoʼo.
ri ajti j, ky a jon chikech ri akʼalab ʼ.
jas ub ʼanom le nu ch ʼuti t at ?
ch w eʼq kinb ʼepa nim tinamit.
utz we kiw et aʼmaj jas kub ʼij ri cholb ʼal qʼij.
ta jin kat j ilow cheu qʼoxom j olomaj.
x in ti kqʼax chiuw ach ri ja.
kʼax le kib ʼe le winaq.
loqʼ katkun taj chele y ab ʼil ( covid -19 ).
ri nu x ib ʼal kel pa qaj b ʼal qʼij.
x ril ria x wan chix waʼ ri ala.
le ali xkunataj ik.
we ta kape le jab ʼ kamik.
x in we t aʼmaj china x a t pe taj.
ri p waq rech we qʼataj riʼ kesa x chech ri toj b ʼal kʼay in em.
kti j riu waʼlik rumal ri kinima qʼij.
x u chapu kuna xik.
chatan loqali.
x in x u liʼ qaj oq.
j eʼ lik kti jow ri taq ikox.
kʼate kʼu ri le t at x oʼr x ub ʼij, man kawaj taj, man kawaj taj.
kʼojun tz ʼiʼ pa b ʼe.
kamul x in p eche atzu kuxik .
man ta jin ta kinchakun ik.
kinchakun ik rech katwaʼik.
jas ru kʼ x a wil wichix kiqupi j wile t iʼj.
jas ub ʼixik … ?
koqʼ ri akʼal.
kawaj na katʼet aj.
x at qʼaj ik.
wem na cha loqʼax iy al, na kimb ʼe ta aw u kʼ.
x op an lew u jaw u kʼ rumal we ch in.
are kʼut pale juyub ʼ kkʼiyj oron, chilaʼ x e kikʼamaw iri j aʼ ri winaq.
koqʼ ri akʼal.
we kʼo a ra jil cha kʼam aloq.
are sib ʼalaj kaq le apoʼt chuw ach le nu poʼt .
x in kʼastaj pa kab ʼ lajuj kaj b ʼal.
kaqoy ʼej na kix pet aj.
ko ka xim ri chi j x a je laʼ man kanimaj tab ʼik.
ri ko knojim xb ʼe k, x u ch ʼi jox op an pa u kʼisb ʼalil le anim.
xoj kiʼkotik are taq x at ulik.
kaq itz ʼnaj ri ux a jab ʼ ri akʼal.
ri jesus kwaʼkatp ari nim rachoch ri dyos , ch ux eʼ ri jun jache rachoch ri sal omon.
we taqanik riʼ kub ʼij chi ra jawa xik ky aʼuqʼi j ri winaq x u quj eʼ ktoʼ aninaq il .
ria x u x are nari u kun el ri kinaqʼ.
are taq waʼ ri uqʼi jol we taqanik.
kʼojun tab ʼal pa uw iʼ rix kanul ub ʼiʼ lajuj noʼj.
y uʼ l ub ʼanom riu kolob ʼ rikej.
x a nim aj ri akʼal chiuw ach ri uch uch .
kkunanri achi.
kinw aʼik rech na kiny owaj taj.
ajxik ch ʼi ch ʼ ri lu ʼ s.
kwaj che ix kixb ʼanow ik.
aʼ re x e toʼwal aq.
x ojʼe k x eʼ qil al arqas ok.
x in loqʼ junch ʼi ch ʼ, qaj inaq uw ach.
kutʼis ri p an ta lon.
e jani pale awal kʼwale kʼolik?
utzu kemik le pa s chawe.
ri ma x are aj qʼan iy aʼ.
matab ʼachi riq kʼax pale b ʼe.
ta jin kanimaj, ri meʼs.
ix ix eʼ laqʼomab ʼ!
x sachan chwe.
e kʼo kʼi ch eʼ, chiuw ach ri juyub ʼ.
are waʼ ri nimalaj p ixab ʼe are waʼ ri nab ʼe.
x ret aʼmaj chi ru kʼ pa kʼkuti j wi
jas utz akik le su b ʼ x u ʼ a no?
aj x oʼ y ri wikan.
we t an e aʼre x eti jow le ri kil, arele komon x eti jow ik.
sib ʼalaj aninaq kach ʼaw le areʼ chi nuw achin.
utz we kinchakuj .
meʼs laʼ.
kʼo kanwarech kaqati jo.
x in sikʼi j la.
ria kʼal x sach kanoq je laʼ pataqʼaj.
x e sikʼi j la.
jawi xkib ʼij wi chikeʼe wi?
rumal che, man ix tariʼ ri kix ch ʼawik, are ri rux lab ʼax el ri it at riʼ ri kch ʼaw naiw u kʼ ri ix.
kʼakʼ ri w achoch.
sib ʼalaj utz kinwil le atz ʼyaq rech nahuala.
saq por kkayri kipoʼt ri nan.
x sachon ri nu chak ch we.
waʼim x u chapo.
ri qʼaqʼ ta jin kaj uluw ik.
na jil up amri siwan.
e kʼo ri qachalal pa chiuw iʼ la.
jas x a taq ch iʼ j le akʼal ch utijik?
noʼjim u kemik le pa saw u mal .
kʼojun ku kub ʼiʼ tin tin, waʼ le laj kukmam kaj e qitaj , kapa qika x u lik pa uw iʼ uqʼab ʼ taq ch eʼ, sib ʼalaj sa kʼaj , keʼuto lee nim aʼq , ch ʼutin, rach iʼ l , aj sipan el sib ʼalaj utz ra nim aʼ.
ri up ixab ʼ le qʼatb ʼaltzi j kiy aʼub ʼixik.
na x sachon ta ch kexe at in ik.
x eq il le chi kop p uw ileja.
x l oʼtaj ri akʼal.
qono jel kuj waʼ pa uw iʼ ri mex a.
x sikir lew aqan.
la x at waʼkʼut ?
nim ub ʼaqʼ rit ulul.
kin x ikʼi kʼi k x in qʼaxik.
la katb ʼe pale tinamit ?
ri pa l sib ʼalaj saq ʼo r.
kqʼoxow nu jal om.
x in naʼo chi kat p etik.
x loqʼ ulew iw ech ix.
x inchakun ru kʼri numam.
na x qab ʼantaj.
kkʼojiʼ b ʼaʼ ri u sipan ik ria jaw x el jesus k ri sto ru kʼ ri aw u x lab ʼal !
kinch ʼaw ru kʼ le nu nan pale ch ʼaw eb ʼal.
sib ʼalaj qʼequʼm rumal ri may ul .
are leba xulik.
xekos le ix oq ib ʼ pale b ʼe.
kʼaxri lik le akʼal chawe.
x in qʼiʼox in a tinp aj oron.
sib ʼalaj nim le tinamit.
kʼax u kemik le pa saw u mal .
x in sachik .
ta jin kel ukikʼel pa raqan ri tz ʼiʼ.
x in we t aʼmaj ri lik w ib ʼ
ri qʼuqʼ are jun j eʼ l chi kop.
kʼo pa jati job ʼal ri wikaqʼ .
ri sachib ʼal mak rajwa xik chi qa x oʼl .
j eʼ , kimb ʼek.
j elal eʼri nu p wiʼ.
x ub ʼij che: - jas x ab ʼano tintin?
kab ʼanjun toqʼob ʼ kyak ri nu jal.
katʼek x inta.
jas le u kʼexb ʼem rib ʼ le jun ru kʼ le junchik ?
aj chiuw iʼm iqʼin jaʼ ri lu ʼ .
ri ti jon el na j kpe wi.
teʼ kix cho b ʼ ub ʼiʼ ri nu t at.
ri j aʼ kamiqʼik chiuw ach ri qʼaqʼ .
ri tʼu ʼ y kp aq ʼow ik.
kinme son na.
na qaj at kʼo wichiwe ch .
x in b ʼi son ik taq na x a t p et taj.
we xkam ri winaq , ri p waq rech toj b ʼal makaj ky aʼ chikech ri ra la xik.
ri nu nan x b ʼepa kʼayb ʼal.
x oju kʼam uloq rech koj ri lo
x kʼoto chin chikiw ach chi kinwaʼ aw u kʼ.
na x kikamsaj taj x kikʼamb ʼi choja.
kʼa kʼri ikʼ kamik.
x imb ʼe ru kʼ le aj kun iwir.
ri lik .
le tz ʼiʼ xekosik.
x in kikotaw u m al.
ri i mul x u maj ria nim , x u y a kanlek ok.
kʼo oj cheri akʼal.
x u j b ʼepa jun kʼulan em.
utz wek war al aq.
kaqilo china koj ukʼam taj.
x ret aʼmaj chi ru kʼ pa kʼkuti j wi.
sib ʼalaj x in kʼaʼna rik.
x in ko chi j ri nu wa.
man katko win taj katchakun ik , we man kʼota ria jil ab ʼal.
wew onon x ub ʼij chike: - kix into.
ri ala nim kril wiri umam.
x kaʼy chiri j, x kaʼychuw ach, ma kʼotachi jun ksi lob ʼik , x oqʼik x u x eʼ j rib ʼ x ch ʼop in ik x tzali j loq x u riq tachik riub ʼe.
kʼop us cheriwa.
pin em nakab ʼe le watz , kimb ʼe wi in pa kaʼ y ib ʼal.
ri nan toʼn nim winaq chik, saq uw iʼ, rono jel aqʼab ʼ utz ku naʼo katʼ uy iʼ pa ut em, ku mi qʼisaj rib ʼ chori qʼij , kʼojun uw iʼ u mam ub ʼiʼ a teʼk .
man e kʼi taj riqulaʼ.
qʼalaj china kawaj taj kab ʼij
x paqab ʼi sa x ra jil rono jel ri kem.
kʼop ari jul ri kumatz .
rono jel qʼij kin ch ʼaj le nuw are.
saq chikan lei chaj rech katz ako.
ch ux el e qachomal kaqati j wijun qam eqʼin.
cha wilaʼ.
e kʼo job ʼu miʼ al, ri nu t at.
jas ru kʼ x a wilwi
j eʼjas ri winaq rech ri uw ach ulew, x oq uj eʼ kepe nariʼ rie ʼ areʼ chee rech ri uw ach ulew; j eʼjas ri winaq rech ri kaj, x oq uj eʼ kepe nariʼ rie ʼ areʼ e rech ri kaj.
x in ti jo.
ktz ʼuj uw ri rachoch ri poʼ x .
x u qʼiʼo are leu kʼulel xy aʼow u wa.
ri aw el x ret aʼmaj chi ra jawa xik man kux e j tarib ʼ cheri tukur .
j ukʼulaj winaq x eʼa nimaj b ʼik.
j eʼ, x in tzali j ik.
x ojp etik x ol qa kʼam aʼ.
maj jachin xʼek.
in ajti j ; atti jox el.
saq uw iʼ rit at aʼ.
we ch ri kem.
le roʼ ch le ateʼ kkʼoch w ach le ukʼay le nu nan .
kb ʼepa ri siriʼ aep ari silis iʼ a, jawi j eʼ kuy awiri kich uqʼab ʼ ri komon ty ox.
p ixab ʼ: man utz taj kʼax kujch ʼaw chiki j ni kʼaj qach il.
xkunataj le ali ( kumal ri ix oqib ʼ ).
rix ib ʼib ʼal chi kʼowi pataq ri qakʼas lemal rono jel qʼij.
nakuj war ta war al.
on che kkʼojiʼ ri utz il chix oʼl , are ch junam riqa kojon ik, junam ri iw ech ix ru kʼri we ch in.
pa ox qʼij ri saʼn kb ʼe na ru kʼri aj kun .
kawinaq w uqub ʼ.
jas kawaj kinti jo?
we ta x atb ʼew u kʼ pale tinamit, x a loqʼ t al aʼ le ujastaq lea kʼa jol.
keb ʼepa waʼ im.
x in loqʼ kʼiwa.
pajun nim kʼach eʼ laj , kʼojun kʼwaʼ sib ʼalaj saq loloj, nim uw ach.
kwaj kati j jub ʼaʼwa.
rono jel winaq kril nari u kolon em ri d yos ».
x kʼoto chin chikiw ach chi kinwaʼ aw u kʼ
kwaj na katʼet aj.
la x a loqʼ junalej ?
e kʼo rie loqʼoman el .
ri ukab ʼ ub ʼiʼ ri nu mam are y ay.
kinjopij ri i j aʼ rech triko.
x naʼtaj ch kexe at in ik.
x a t eʼ qilaʼ.
kakiti j alan x a x ri winaq.
. . . kinb ʼij chi are waʼ sinx iʼ an.
na x in nab ʼej tachu tasik qakʼolib ʼal.
rumal rech chewe ri in, kinch ʼaw ru kʼri d yos pach ʼab ʼal, kch ʼaw na kʼu riʼ ri w ux lab ʼal ru kʼri d yos , kʼate kʼut man kʼota up atan riʼ ch rech ri nu chomab ʼal.
x ep etik xkilo.
x u ta we katʼ e k.
utzu kemik le pa s chawe.
ri nu waka xx u ti j jun qʼoqʼ rumal riʼ x kamik.
rumal ri kʼix, man ke waʼ taj ri winaq.
x eʼu lik .
qʼeq ri j ri am aʼ chi j.
x raj kaʼ e leunan.
junam kijunab ʼ.
na qʼalaj taj wekaʼek.
ri wix nam ch ʼaj ch ʼoj ri rachoch.
war al man kʼot aj a jawal.
na iwir ta x ri l le kʼamolb ʼe.
x in pe loq te kʼu riʼ x in tzu kuj rono jel ri nu ra jil .
ri ajti kon el kutik ri tzi j.
kʼo e ki kʼaj ol le achi jab ʼ.
ku ti j qʼayes ri ix paʼch.
p ari waʼ b ʼal e kʼo kawinaq achi jab ʼ.
si poj inaq ri nu p am.
kay aʼtajik ru kʼutiʼ on em jun ri uriqom ley ab ʼilam olots etsé x u quj eʼ are kay aʼtaj pataq ri juyub ʼ.
jachin ri achi?
ri nu mam x kamik are taq kʼojumuch ʼ lajuj ujunab ʼ.
kinko win ik kin kʼamb ʼile p waq.
kinwilo chi utz ri aj iʼ.
x in qʼil ri apoʼ x che man kachakun taj.
kwaʼ chiuw ach le taq ʼaj ri am aʼakʼ.
ri i mul x ep oqʼik pajun ikʼ.
x kʼis kanoq ri qachak.
are ri ali xoj ilow kanoq.
sib ʼalaj ch ʼu ʼ j ri amax.
kʼon uw ach iʼ.
incha jin el kech le akʼalab ʼ.
xekos le tz ʼiʼ .
kinb ʼenak u kʼri molaj.
rono jel aqʼab ʼ kiny i tz ʼ ri w akax.
ka ra pin ik x utzu kuj chi j unawaj.
le u kemik le pa san inaq (aw u mal ).
majura jil le qʼab ʼ arel.
kʼaxriʼ ri kach ʼaw ik.
x oju taq ch iʼ j le achich u loqʼi kichaj.
sib ʼalaj kʼaxrix kʼulma xik.
xkilo china kin kʼoxomaj taj.
x naʼtaj ch kech ix e at in ik.
x kʼoto chin chikiw ach chi xoj al w oʼ qa ku kʼ.
jun qʼuʼq ra jil ri ka x laʼn wa.
x in wilo chix eʼ el ik.
e kʼo ix oq ib ʼ pale kʼay b ʼal.
man kʼotaj u kʼisik ri mayab ʼaj lab ʼalil.
ri sink kʼiy pataqʼaj.
ri ch ʼi ma man kkʼiy taj pataq ʼaj.
ra jawa xik kjikik ri waq än.
kawaj kinʼek.
e kʼo oxib ʼakʼ.
x ub ʼij ch we jawi at kʼo wi.
ch w eʼq kuj b ʼeʼpa mu quj .
pa saq kʼaj aʼ kb ʼan wiri uq.
xoj kisikʼi j.
x in wilw ib ʼ.
ch aqʼ chik ri wa.
kimb ʼe naka palew oʼ ch .
kawaj kinʼek.
ri ch ʼu ʼ kti j ru kʼ le j.
p ari kiqʼij kaminaq ib ʼ kb ʼan qʼori kʼy aʼ rech aj : nab ʼe ri nan kutzu kuj kan ri aj, kujach ʼoʼx u quj e ku kʼ e to.
jas kaj b ʼal cha nim ?
utzu choman ik ri ali.
p ari qʼi jox lajuj ti ja x kinkʼis keb ʼ junab ʼ kinchakun war al.
sib ʼalaj ko , ri kʼakʼ ch ʼat.
jas karaj kub ʼij … ?
ri ch ʼi ch ʼ kasil ab ʼik.
pa ojer qʼal pulx aq x u wiri nim winaq ke kʼamowb ʼe.
le ukunaxik le ukab ʼu kʼutun ik are ru kʼ e flor ni ti naon utun ib ʼaxik le nif urtimo x ch iʼ le flor ni ti nachech t. b. g.
are ri achi x in ch ʼay ow ik.
jun achi ub ʼi ku ʼx u sipaj keb ʼ kʼaʼm ulew rech kab ʼan ri ti job ʼal, kamik, kʼo chik ajti j rech ri komon x ech pup.
x u mal ty oxij cheri ajti j rono jel le x u kʼut chiuw ach.
p ari b ʼe xkiraq junala jim ul saq ri j, x kikʼamb ʼik.
x ril le b ʼal e ala.
jas kub ʼij ch we ?
le ukunataj em are ru kʼutzu kuxik le uchi kopil pajun u solik ux eʼ le kikʼon le jaʼ rech jun nod o.
utz we nu tz ʼiʼ.
j eʼ, ta jin kachap on ik.
ki nu loqʼoj le nu t at.
kawaj kimb ʼepa tinamit.
are laʼ kinchakuj .
ri nim aʼq taq winaq kʼo ket aʼmab ʼal.
we ta x atb ʼew u kʼ pale tinamit, x a loqʼ ta waʼ we jastaq.
ri kikʼas lemal. wa ixim ulew x a jun chi ma areta tinimit ri ma
riu kʼ y ab ʼal na j up am.
x at qaj chiup amri il.
nojim katwaʼik.
we kʼojun ktu qaʼrik, ¿ la man x oq uj eʼtaj kintu qaʼr ri in ?
ojoj w okol ja.
awas kb ʼan kʼax che jun nim winaq.
x in ch ʼawap an ru kʼ le wan ab ʼ.
kʼaxri up am ri ju ʼ l .
ta jin ke waʼ ri im ul.
la kaj la kuj tzali j la aninaq ?
rumal rech cheri makaj man kʼota uko win em p i wiʼri ix: ri ix man ix kʼotachi ch ux eʼrip ixab ʼ, xan e ix kʼo ch ux eʼ ri sipan ik.
nim raqan le ch eʼ.
x in ch apo.
are letu ʼ r le loqʼoman el .
x as katkʼojiʼ chiup amri ch ʼi ch ʼ.
sib ʼalaj nim raqan ri kʼam alb ʼe.
le tz ʼib ʼab ʼal we ch in.
in x in toʼw la.
x a je kʼu riʼ ri ix kamik riʼ man ix kax lan winaq tachik; ri ix, ix rech ri ki tinimit rie ty oxlaj taq winaq , ix rech ri rachoch ri d yos.
x in ti koxlaj kʼali ch aj.
kaqariq qib ʼ ch w eʼq.
sib ʼalaj utz cheri w iʼ aj ri tuney.
we naj up ulik ta x e qaj ik...
x in toʼtaj cheri nu chak.
kʼojun chiko pub ʼiʼ pum.
poqon ri ik.
xoj b ʼin ik.
x u ch ʼe k rono jel le ret aman ik x pa qiʼ kkʼaxk wʼin ik x ub ʼanaj kun .
kel ub ʼik p ari jud eʼa e ktzali j chi ub ʼi jumul p ari galil eʼ a.
x in ax ib ʼi j pa b ʼe.
j eʼ l kʼolem chi aw achoch.
rono jel riy aʼtalil pa we qʼataj , tz ʼaqat kiw ach, man ktzaq ta kanoq x u quj eʼ man k tastaj.
x u kunaj ley a wab ʼ le aj qʼij.
chi t at ab ʼej jas le kimb ʼij.
ch ʼanal ri achi.
pab ʼokoʼ kachakun wiri ta x.
uj kʼo pa uw uq qʼij.
kiʼri ukab ʼ ria qaj .
kʼo rachalal pa tz ʼoloj ch eʼ ri p eʼ l.
xkilo chi kin kʼoxomaj.
ri u kisa kʼu tz ky aʼik chiux eʼ ri ti koʼn .
are taq ch iʼ kaqʼanp uw iʼ ri jukub ʼ, ri achi che xkʼojiʼ ri itz el ux lab ʼal ru kʼ, kuta ch rech ri areʼ, are ch kkʼojiʼ ru kʼ ri areʼ.
na kab ʼantaj ta w umal.
x naʼtaj ch kexe at in ik.
x in paj ri nu triko.
x eʼok ri pokʼ pa riumex a ri poʼ x .
kaj uluw ria qʼaʼl chiux eʼ ri tʼu ʼ y.
a we ch lej a.
x u j b ʼepa tzu rik.
nab ʼex a t op an ik.
ri ukab ʼ ub ʼiʼ ri nu mam are y ay.
uwaj x aq ukakʼal taqanik (28).
ma ta kʼojun kakanaj kanoq, qono jel koj b ʼek.
e nim aʼq le al tomab ʼ.
nim uw ach ri poʼt.
kojon ik p ari utzi j wa ixim ulew.
jas x u kʼamb ʼil etz ʼiʼ x a wilo ?
x in p etik, t at.
rib ʼelaj uw ach.
chi t at ab ʼej jas ri kimb ʼij.
j eʼl ku naʼri ab ʼix chiup amri quq ulew.
kinb ʼi soj uw ach lewal.
x u tʼuy ub ʼaʼ.
nim ria we qe leʼn x a riqo.
x in eʼ waʼ oq.
ch iʼ ke war wile akʼalab ʼ.
ri nu miʼal x u taq loq jun taq oʼm w uj chiwe.
qʼeʼlik , ri chaj p ari b ʼe.
la utz aw ach ? -utzm al ty ox, e kʼu ri at ? – utz mal ty ox.
x in kos rumal nu chak.
kb ʼe ku kʼrieʼ areʼ e ktzali j p ari nas are te keʼu nimaj.
ri joj x u kʼamb ʼik ri akʼ.
kʼo chi w ach iʼ l ch anim.
kub ʼij chech naʼl kab ʼan cheri atz ʼib ʼ.
e. . . in kawajkatz joj b ʼil achwe.
ma ta x in y a j le ali.
jachin ru kʼ katb ʼe wi?
kʼo sib ʼalaj et aʼmab ʼal p ari mayab ʼ noʼjib ʼal.
e man x ori jupuq ke j.
kasu m um ri kaqiqʼ.
e kʼo kajib ʼ akʼalab ʼ pale b ʼe.
j eʼjas ri ut at kkaʼy ik.
x aqat molon el tzi j t al.
le nu t at kaloqʼon chwe.
x aq tan e kimb ʼe iw u kʼ.
x ret aʼmaj uch ʼaj ik.
rumal laʼ x koj“ x al qʼat ” che ub ʼiʼ ri komon.
are leu kemik pa s x ret aʼmaj.
ri watiʼ t kub ʼan nari up atan.
kʼa kʼ le poʼt.
ret aʼm uw ach jachin x loqʼow ri pa s.
kench ʼab ʼej le akʼalab ʼ.
y aʼtal cha qe qono jel ri uj winaq utz kaqil qib ʼ.
x kotiʼ pa qʼayes x oqʼik.
kawinaq b ʼeleje b ʼ qʼataj.
e kʼo kajib ʼ r al ri im ul, jun saq , jun qʼan, jun qʼeq, jun qʼeqoj , sib ʼalaj ketz ʼan ik , kech ʼop in ik ri alaj taq im ul.
kcholo l ria ch achal.
ketekik ri ikʼ.
x ep etik rech ke waʼ iw u kʼ.
tz atz ri uqʼanil ri akʼ.
xoj tzali j ik x ix eʼ qaqʼatuj ku kʼ le it atinan.
riy oʼx taq akʼalab ʼ ke kikʼuxri atz ʼyaq.
we a chiwex u sipaj jun poʼt chwex kamik.
kko win ri kunan el che kunan ik.
xji qʼ pa ri p olow.
x a rumal sib ʼalaj ra jawa xik le lo qʼalaj jaʼ , le winaq x kib ʼij : che we ikʼ riʼ qono jel kuj b ʼe che utikik taq ch eʼ.
ri unan e rie rachalal kepe u loq ru kʼri areʼ, kʼate kʼu riʼ, man keko win taj keq ib ʼ ukoq ru kʼ , rumal rech chee kʼo sib ʼalaj winaq.
rumal rech , che man kʼota jun kko win che ukojik jun ti kib ʼalil chik chuw ach ri kojom chik che are ri jesus kristo.
te kʼu riʼ x utz ʼib ʼaj rib ʼ p ari nimalaj ti job ʼal rech aj ku ʼ n.
kaj uluw ri ch ʼumil chaqʼab ʼ.
kʼisb ʼal kanoq, x oq uj eʼ kkamri ix oq.
le ala x okik.
kʼop waq pa uw iʼ ri mex a.
are kawaj na kinʼet aj.
riy a wal kukoj ri alichi ux eʼ richa kach are u su ʼ t.
na kaqa kʼam tu ʼb ʼi kamik.
ri ajti j kub ʼij chike: ra jawa xik ke qachaji j ria waj, are uti koʼn ria jaw .
x in ti j mu kun iwir .
kʼax le uw iʼ taq le nu qʼab ʼ.
x in loqʼ jun ilb ʼal wib ʼ.
waʼ we qʼij , nimub ʼantajik.
ri ux eʼal ri qatinamit man kasach taj.
xoj b ʼin ik.
ri achalal junam kiw ach.
x in we t aʼmaj ri lik w ib ʼ.
nim riu naʼoj wajti j.
m iqʼin ri kʼul.
aj qʼojom ria teʼk .
chele san ik ch eʼ kb ʼan wiri qʼojom.
kape le aw el p anawal jaʼ.
ri meson el ta jin kchakun ik.
utz cha qe kaqatoʼq ib ʼ, taq kʼo kʼax kʼolil , kate we ch iʼ n ria jawpa qawiʼ.
x a wilo, x qʼatan le ib ʼoy.
x a t ko win ik x ab ʼano.
kiʼri kʼa wex.
ka jil il ri b ʼe.
le alix el b ʼ ik.
areʼ x raj x in b ʼano.
nim we ab ʼaj.
j eʼ lik u tiʼ jol al ri saq koʼr.
noj inaq ri kej .
we kati jan x u x man katu toʼta chiuqʼati xik le kʼa kʼy ab ʼil corona virus ( 2019 -ncov ).
na nim ta raqan waʼ we ch eʼ.
utz alaj ajchak , ri w el.
¿ jamp aʼ kuj b ʼepa nima qʼij ?
ra jawa xik tan el aʼ katchakun w u kʼ.
x u taq ch iʼ j pa war am pulew.
man areta ria x wan x elik.
ria wix x u loqʼ rachoch re nim al.
are ri ix oq x in sikʼin uloq.
ri ch ʼi ma kʼatʼ on na.
laxib ʼan lei chak ?
kʼi tinamite kʼo pa ch ʼoʼj.
kʼo jupuq chi j chiux eʼ ri ch eʼ.
ri ux aq ri ab ʼix are uw arikej.
kawinaq qʼataj.
la kix pe pa ti job ʼal?
we kechajix taq le kʼwaj a cha kinb ʼij ; jun alik kʼo j aʼ x u quj eʼ sib ʼalaj saq lo lo j.
xret aʼmaj .
ri alab ʼom ri ali tomab ʼ ta jin kikiti joj kib ʼ rech su taq , are kakaj kikib ʼan nima qachi jab ʼ chup amri kikʼas lemal, x u quj e kʼo chik jupuq b ʼix on el chup amri komon.
latz ʼuw ach ri b ʼe.
kʼakʼ ria ch ʼi ch ʼ .
qono jel uj, uj mayab ʼ taq winaq.
no jel qʼij ria tiʼ x kuy u qʼuj le taqaw aj je laʼp ani kʼaj jaʼ , chiri j ri juyub ʼ ub ʼiʼ te naʼ.
pa qʼom chik risiʼ.
kintzu kun chela.
kakiti j le kinaqʼ , le ich aj, leu waʼlik ru kʼ le j.
x e kanaj kan le aj chakib ʼ.
keti kon ri achi jab ʼ.
sib ʼalaj itz el ub ʼantajik ri ch ʼi la kan.
ri ateʼk x u mal ty oxij cheri ra tiʼt, rumal ri utz alaj noʼjib ʼal x u kʼutche ch .
kkamulix u chak ri ab ʼix.
la x in utzu kuj leti jox el ?
areʼ kachakun rono jel qʼij.
lee kʼaʼnataq tz ʼiʼ.
saq ri j ri p lam ux.
jas x a qʼiʼox a ti jo.
jas ru kʼ x kichap wi utijik le ri kil ?
we kata tin ru kʼ kʼa tan jaʼ man kuqʼatej ta le kʼakʼy ab ʼil corona virus.
la katb ʼin pale ux lan b ʼal ?
la war al kʼux ix waʼ wi?
are le nu t at kin loqʼonik.
ta jin kchakun ri ala.
kʼo ri kiʼkotem al aw u kʼ .
x u ta jachin kaʼek.
x a t waʼik x in wilo.
x tzaq ri rachoch rumal ri jab ʼ.
pale jun ikʼ chik are nima qʼij.
e keb ʼäm keb ʼin pa uw iʼ ri tem.
mem ri achi.
ri wikan ch al iʼ y kel pajuyub ʼ ch wi tzi rib ʼal.
le ra jil , la pa jax el aqʼaxw u ʼ b ʼik ?
p ari su ʼ t p isom wirilej.
koj p etik ko l qa kʼam aʼ.
ta jin kat ch ʼopin chiuw ach ri ta qʼaj.
le qʼor x ch ʼu qik.
kʼaxwaʼi maw u mal .
kinb ʼi son che lewal.
sib ʼalaj kʼokʼ ria watz ʼyaq.
kamik x u j b ʼe che utikik taq ch eʼ p ari juyub ʼ.
ki nu loqʼoj le nu t at.
chaq iʼ j chik ri chaj.
xy il ix haw ay i.
na x naʼtaj ta ch kech ix e at in ik.
ru kʼ kʼu waʼ we riʼ, ri ix kkʼojiʼ jun utz alaj ikʼas lemal riʼ ch kiw ach ri winaq cheman e kʼo ta iw u kʼ , kʼate kʼu riʼ man kʼotajun winaq riʼ ra jawa xik chiwech.
e p etinaq pab ʼele rachalax ik.
kakaj le akʼalab ʼ kewaʼik.
x u jch ʼayb ʼik.
ri nu chak are qʼaxel tzi j.
kʼo na rux lab ʼ ria waj.
ta jin kel loq, ri qʼij.
x u qʼiʼox kamsa x ri rachalal choch.
ri nu mam are kʼo uqʼi nomal.
x kʼulmataj jumul , x ub ʼanjun nimalaj jab ʼ, man xb ʼeyetaj tana x u kʼis le uy uqʼ chike.
am aʼri nu tz ʼiʼ.
je waʼkatp etik.
x in kosik rumal x inchakun ik
iw ech chi j ujunal, ri wa.
x u qʼiʼo na x at at intaj.
inriq taj inaq p ari kʼay ib ʼal.
na we t aʼm taj.
kʼax le nu qʼab ʼ.
utz le x ub ʼij le achi.
kematz ʼib ʼ.
kʼo rachalal pa tz ʼoloj ch eʼ ri p eʼ l.
rono jel waʼ we jastaq riʼ, x as ksachwi uw ach waʼ ; ru kʼ weriʼ, ri ix, ra jawa xik che kʼojun ty oxlaj ikʼas lemal e kkʼojiʼ ri ich ʼaw em ru kʼ ridyos ,
x muq taj ri pa tz ʼan .
ri ch ʼi ch ʼ tzi jom kanoq p ari ukʼolb ʼal.
man kʼota ucholaj pataq ri aw uj.
ja chike ikʼ le unima qʼij le tinamit nawal jaʼ ?
x ep etik x ol kikʼam aʼ.
kach uqʼ ch ut ri j aʼ chi ap am.
x in b ʼij iwir chi xeb ʼepa armita.
areʼ ux eʼ ojer tzi j war al kʼi ch eʼ ub ʼiʼ.
x kʼisri nu siʼ.
jawi xkib ʼij wi chikeʼe wi?
¡ x a je kʼu riʼ, jachin taq rie kʼop ari jud eʼa, chi cha nim cheʼa nima jub ʼi pataq ri juyub ʼ,
kʼa kʼri ab ʼ.
la kʼojun naka kʼoxomaj taj ?
nautz ta le u tʼi som le almariy.
man y aʼtaltaj chiawe katok pa ja.
j eʼ, x at utzu kuj .
are kel waj x aq ib ʼ uqʼi j rix kʼojik.
rix u n ku r kkʼojiʼ pataq ri triko.
x in sachik .
x u tʼuy ub ʼaʼ
nan utom ta le tzi j …
w ach ʼom ri kiwari noʼs.
e kʼo job ʼ ch ʼi l w akʼ.
ra jawixik chi pataq ri ti job ʼal , p ani kʼaj ub ʼixik chik
ri ra jawr ulew areʼ t at kel.
we kʼu x okik, we kʼna x ok ta
we achi x u sipaj jun p ʼot ch we.
at at u taq oʼn le qʼataltzi j .
na qʼanta uw ach le qap ru t.
rix aʼ r kʼo pa uw iʼ ri qʼaqʼ kpoqʼow ik.
rir oqʼej ri ali jachak pejuna kʼal.
kʼojunala pa ti job ʼal.
säq uw iʼ ri t at aʼ.
ri witz ikʼ ta jin kpe loq.
jawi x sachon wikan uy aʼik le p waq che.
utz we achiwex in kunan ik.
qono jel kuj waʼ pa uw iʼ ri mex a.
ri ka x laʼn ik man poqon taj.
in x in b ʼe ru kʼri w ach iʼ l .
sib ʼalaj j eʼ l xkilo x e kitzoqopi j ri kichi j chilaʼ.
kinb ʼin ik x inʼek.
kʼax kʼolik, kach aʼ.
ku ti j ixim ria kʼ.
ri ali x chel, x u qʼiʼox ajuna kʼ x sipa x che.
x qasikʼi j le ix oq ch utz akiksu b ʼ.
ma ta x ab ʼin saj le ch ʼi ch ʼ.
ri p ix tz ʼar alik rumal rie qaʼ n.
¿ jamp aʼ kel chi 3%
kʼojun nu kʼotoj ch iʼ aj.
ta jin ke waʼkat ri alab ʼom.
x in loqʼ le nu kʼa kʼapoʼ t.
na utz akikta sub ʼ ta jin ku ʼ ano
x oju taq ch iʼ i j x oj waʼ ik.
iw ech riab ʼix.
saq ri j ri chi j.
aj sik cheri tinamit kel wiri t at aʼ.
- ¡ ay ! x a x in tzaq u loq, kʼax wew aqan.
x kʼulmataj pajun komon ch iʼ uw ach jun juyub ʼ, x u riqa jun qʼij x kiriq kib ʼjunim ul ru kʼ le ko k.
jas x a taq ch iʼ j le akʼal ch utijik?
x inchapo su x u loqʼo.
qʼi nom ri achi.
ri kʼum kti jow ru kʼ kab ʼ.
ta jin kejach ʼan ik.
tz eb ʼalu kemik le pa saw u mal .
are kay oʼw le uchi kopille ub ʼantajik try pa nosoma brucei.
we kat niman ik utz kelik.
pero noʼjimal petnaq loq , .
are len uchak juntzu qb ʼal wib ʼ.
xkunax ley a wab ʼ rumal leaj qʼij.
ri u kʼuʼx tz ʼib ʼ pa qatzi je lajuj.
sib ʼalaj j eʼ lik rie qab ʼal x ub ʼanri lu ʼ s.
sib ʼalaj atkon.
e man x ori jupuq ke j.
na x naʼtaj ta ch kexea tin ik.
ri kʼam alb ʼex ub ʼij chike, chi maj a ria nim .
jumuch ʼ ri n ujunab ʼ.
qʼip taj inaq ri raqan ri tem.
kchakun ru kʼri josb ʼal ch eʼ ria jan el.
x a taq ch iʼ j le akʼal ch utijik kar.
oj kʼo pale roʼ ch le aw el.
¿ la kat p eq u kʼ chweʼq ?
le winaq pale ch ʼi ch ʼe tʼuy ullowi.
x kanaj kanoq chiux eʼ ri jab ʼ ri ch ʼaʼ n.
nim ri ja.
we ta xakunaj le at atmata xkam laʼ.
nan u kʼamom tu ʼ la riʼ.
ch qa nu kʼuʼri qatzi j.
kimb ʼepale tinamit.
x in qʼiʼo na x in a tin taj.
ra jawa xik kakʼaman chawe le utijik le le j.
kʼisb ʼal taq noʼjib ʼal.
