xineʼwaʼ oq .
xkibʼ ankʼ ax cheleuwos aq rum al manutzta chi kakayik .
ri qʼutuʼm mankechta le akʼalabʼ .
are na nimta le atzʼ iʼ chuw achle nutzʼ iʼ .
xe petikx ol kilaʼ.
¿ja w chiʼxat aʼche xkamri umamrip oʼx ?
e kebʼ kekʼambʼik pat uj .
xinloqʼ junja pari wokaj ja .
ria xtuʼbʼ, kʼoqu laj chech.
jas karaj kaʼanch utzakik le tiʼ ij .
xutij le wa .
ximbʼ alretzij .
xpa xribʼ oʼj .
we kawajka tintoʼo xaqxuwi kabʼ ijchiwe .
jas nukʼu kuchʼobʼo .
jaska rajkut ijo ?
xe x rux labʼ ri rikil .
enitzʼ aʼq let aqimul .
wet ane in xinbʼ anowik, are leateʼk xbʼ anowik .
kintzalij pale nut inamit.
ri nu chaqʼ kʼopa uroʼqʼ atojt ijonik pari t ijobʼal .
xin xiʼjwibʼ xinchʼawi k .
kʼo ch waroʼch le pare .
chi raqan kabʼinwiri t ataʼ .
x sachon kanuyaʼik le pwaq chechoja .
xin qʼax chi kixoʼl riwin aq .
ket ikonik .
ri ulew manqecht aj , kechriqat iʼt qamam .
xe pelewin aqx ol kikʼ amaʼ.
xuloqʼ riwuj rum alri ali .
chewe qʼ ij kamik kʼojunnu tzijonem chirij le nut inamit.
kej riʼ.
x kun analaq chwe .
kinu sikʼijle nunan .
rii mul xuchʼ ij taj , xkanajpa bʼe , rum alri nimalkuj al uj rii mul , xutzaqri anim .
kubʼ anri uxoqʼoʼl riajtzʼaq .
ri la sibʼalaj utz che kunabʼal .
kʼi kiw achrieʼ ajchakibʼ pari komonty ox , kʼate kʼut xajunchi ajaw xel ;
xqata chi xa tulik .
kaw ajchikat ʼek .
chʼ utiʼnke kanaj rixajabʼ chech.
kaqaxiʼj qibʼ kaqachapo .
ekʼo kebʼu kʼajol le t atx wan .
luʼ subʼ iʼri recham .
aj chi uwiʼmi qʼ injaʼri luʼ .
xin yakanle nu chi mpakʼ aybʼal .
kʼatex rilo , x peri unan che utzuk uxik , xkikotik , xu salabʼ isaj rit aqux kin .
x kikʼutchi uw achriajt ij xuqujeʼ chikiw achrit aq nikʼajka chil .
utz len uqʼabʼ .
kul le al weʼl pa a ustincha qʼabʼ kamik .
riateʼk xtzaq loq are chi kʼo pauwiʼri qʼ aʼm .
ajpat anri teʼk .
xatqaj chiupamri il .
la kʼotzij na kikʼ oxomaj taj ?
xsachon chkechixe at inik .
r onojelle ulewe chalaq .
la xebʼe kʼu la xeʼ kijaqa kʼule uchiʼja ?
xaq kat chʼok najiwir .
kamik kʼo chi rijast aqawe .
are chiʼka kʼ isri junabʼkʼo qʼ inom .
panawal jaʼx inal exik .
na xinta taj we are riakʼ alki xtzuq uwik .
¡ rulew risabʼ ulone rulewr ineftali, ubʼe rip olow, rulewri jord an,g alileʼa kechri jet aq amaqʼ!
rax , rax, rax, kʼokʼ , kʼokʼ , kʼokʼ le rux labʼ le t aq t ikoʼn .
a chi xatwilo .
paqal rajille pix kamik .
xojbʼinik .
pa junjeʼl t ijobʼal kut ijojribʼ junakʼal , ubʼ iʼp oʼx, utz ku riloke pat ijobʼal r onojelt aq qʼ ij .
x waj chi xat ʼetaj .
utz laʼle xubʼ ij leachi .
wetaʼam jachinka petik .
kinqʼ ojomanik .
xin qʼ iʼo ta kʼ alikxin petik .
areʼretaʼm chekin opanik .
aretabʼal e qaqajawch att oʼwik .
kawin aq waqibʼ qʼataj .
na qajchik cheri uw aq kajbʼal aret aq chiʼk sachuw achri qʼ ij, kokri qʼ equʼm chuw achulew, chi kʼateʼna ribʼ elejebʼ kajbʼal .
jobʼ raqan ri tzʼalam xe poroxik .
sibʼalaj korijri mop .
arewaʼ.
jelaʼpa rit iminitch wikaby ok rechxe lajuʼ, le qananqat at kakitiko jeʼl alajt aq uw achichaj .
kʼaxnuq ul .
xuʼlukʼ amaʼ.
koj ul kitzuk uj .
are mankʼaxta u kunaxik aret aqanin aq kaʼilitaj we yabʼilal xuqujeʼ mojoʼqa kuyaʼle kʼ axkʼolil chechle jolom aj .
ri wel kʼo pat ijonik .
kawaj kinbʼ ij .
rikotzʼ iʼjk qakoj chiupamri ja .
qʼ eq qʼ ojrijri amaʼk ej .
na x wajtaj xin chʼawik .
ch petabʼal e loqʼ alajja bʼ .
x sachon chke xatki sikʼ ij .
eleqʼal chʼ ichʼ .
jachin xawilo chi arext ijowri t iʼj ?
mata kabʼ elenu xbʼ al palet inamit.
pimruq , ri ali .
¿ kʼorim uqʼe chiawech ?
k qabʼ ij manke kowintaj .
kint ijna .
kʼojun qat ʼuʼy paja !
kʼo puj chiupamri chʼaʼk .
aret aq kin kosikkin warik .
xatwaʼikx inwilo
inxinchʼ ayowle achi .
konojelri alaxik keʼetzʼ anik .
jasrukʼ xkitij wi le kiri kil ?
anin aqil kat petik .
nara xta uw achle juyubʼ .
ri tzʼalam tzʼibʼabʼ al rax k kayik .
wechat chak unik, kʼo awa .
maʼtam x atpe cheri waʼim.
kam ul kin waʼna .
ri si kil k t ijowrukʼ ik .
kimbʼe aqʼ anrukʼle alt alin .
x ojʼ ek xeʼq ilal arqas ok .
xekiqʼil le ajchakibʼ xkiwok le ja .
mat anex waj le kʼu hj nem rukʼle ateʼk .
are xeʼopan chi uchiʼri juyubʼ, xkilo chi man qastakʼ oqʼayes .
kʼate kʼut, rijesus mank kojonta chkechri eʼareʼ, rum alrech che konojel retaʼm kiw ach,
p aʼtz rijritzʼ iʼ .
juwin aq waqibʼ qʼataj .
at elaqʼom .
xaq atjoʼs .
ri qʼatzu , are qʼ alaj ri uqʼ ij il .
ajchak we ala .
ubʼ eleju kakʼ alt aqanik(29) .
kebʼnubʼ iʼ kʼolik .
la katzalij luʼ la anin aq ?
katzuk un la chwe .
la kaj la kojbʼ eʼpa lechom al chweʼq ?
xin nabʼejch utasik qakʼ olibʼal .
lal xintoʼwik .
sibʼalaja noʼjibʼal .
x oj petikx ol qakʼ amaʼ.
sibʼalaj jeʼl ikri uw aʼlri ichaj .
kʼax wij rum al inpa chalik .
aret aqxukʼ ul maj waʼxul ri uchomanik xubʼ ij:are utz wa aqʼabʼ kin walij ik , arechaʼ chanim kin opanpat ijobʼal , majchi kinkʼ ul maj .
ojaj xo jolobʼpa awasqʼ ij .
xinsach chele uwokik letzij .
e julajuj riakʼ .
xuta jampaʼ kojʼ ek .
qilik .
rit ijoxel manareta nim chuw achri rajt ij. ri utzt ijoxel qas jeriʼ kʼolik jasri rajt ij .
inxatin chʼayo .
noʼjimchak wum al .
chʼurri jochʼ .
in kinbʼ ij na k atsacht aj .
uj maya bʼ .
riabʼaj yatzalik .
t ajinke p ixbʼ axri akʼalabʼ .
chomri aq.
xin warik .
elemen konojelri akʼalabʼ .
t ajin kqʼana ri k ri wereʼaj .
le u kemik le pas utz( chawe ).
xuyup ubʼa uw achr aʼchi , kachaʼ, .
risata naskok pari judas rikbʼ ixiska riʼotech rech, riareʼ junch kixoʼl rie kabʼ lajuj .
chu churi par .
kinqu muj ri nu jochʼ .
chech punción lum bar amaqʼel rajaw axikche ch rilik le ukʼ exbʼemwi le nabʼe rukʼle ukabʼu kʼutunem le yabʼilal .
qʼ alaj china kawajtaj kabʼ ij .
kʼ oqʼol chirij risiʼ.
jawi x oj ʼe wi ch uloqʼik ?
kʼo u lo chʼ rit alin .
qʼ anrij riat iʼt nukej .
la xtzalij la iwir ?
xe sikʼixik , kʼate kʼuriʼxe yajik, xuqujeʼxet aqbʼiche u sikʼikle mes .
la kix warik ?
are kʼule pa lo max xubʼ ijche : - mamkatbʼ ison taj , kin sikʼ ij nikʼaj wachiʼl kerapapik .
aʼre e t ijoxelabʼ .
ri alaj ali siʼl xubʼ ij xqachappa utz al ri ty ox .
xsachon chke jachin xe at inik .
jas xu rayij lea nanxut ijo ?
xinkosik .
raxr onojelri qʼ ayes rum alle jabʼ .
kinya waʼwe chʼ ichʼ pinem na utz .
noʼjimu pa chʼuxik lenuwiʼ .
naj kʼowi lewoʼch chuw achle t ijobʼal .
ri okibʼ alkʼo chiuw achri saq ja .
xenut aqchʼ ij kekil le akʼalabʼ .
kʼo junqʼ oxowemchi we .
tza richoʼm .
we ch ojbʼe pale nimaqʼ ij, ke qil leaj xo jolobʼ .
x ojʼ ek xeʼq ilal arqas ok .
riateʼk xutaʼ chechri nant oʼn :- nan jascheʼ chi mankajt alaq akʼatisaj rijoʼq .
rip al sibʼalaj xuʼy .
kin kojrijok bʼal ulew.
in kinbʼ ij na kat sacht aj
atraj kunle nunan .
kuqamuj ujor on riajtzij .
luʼ tzʼalamubʼ iʼri achikel panim cheʼ.
jeʼl ik ut iʼjolalri saq koʼr .
kʼo junxaʼr pa ja .
xinloqʼ junkʼakʼ pat an .
kʼax ukemik le pa sa wum al .
anin aq u kemik le pasa wum al
ri chʼaʼn sachin aqpat aqabʼ ix .
raxt aqle kotzʼ iʼj .
mesom kanoqri upam ja .
manaretar alax kosik .
ri komon xechp uprech uqʼabʼt inamitx oʼlabʼ aj rech qʼu mar kaj .
la utzakik kʼ usubʼt ajin kuʼ ano ?
kate la !
na xut ij taj .
xarum al ketaʼm konojel riwin aq k kiqu muj lejaʼ.
iwirx uj tzalij la pakʼaybʼal .
qetaʼm che riqawak uj utoʼo .
riajt ij, k yajon chikechri akʼalabʼ .
jas ubʼ anom le nuchʼuti t at?
chweʼq kinbʼe pa nimt inamit.
utz we ki wetaʼmaj jaskubʼ ijri ch olbʼal qʼ ij .
t ajinkat jilowche uqʼ oxom jolomaj .
xint ik qʼax chiuw achrija .
kʼax le kibʼ elewin aq .
loqʼ kat kuntaj che le yabʼil (covid-19) .
ri nuxibʼ alkel paqajbʼ alqʼ ij .
x ril riax wan chix waʼri ala .
le alix kunat ajik .
weta ka pelejabʼ kamik .
xin wetaʼmaj chi na xatpet aj .
ri pwaq rechwe qʼataj riʼkesax chechri t ojbʼal kʼ ayinem .
k t ijri uw aʼlik rum alri kinimaqʼ ij .
xuchapuk unaxik .
chat anloq ali .
xinx uliʼqaj oq .
jeʼl ik k t ijowri t aqik ox .
kʼate kʼuri let atxoʼr xubʼ ij , mankawaj taj , mankawaj taj .
kʼo juntzʼ iʼpabʼe .
kamul xin pe cheatzuk uxik .
mantajint akin chak unik .
kin chak unik rechka twaʼik .
jasrukʼ xawilwi chix kiqupijwi let iʼj .
jasubʼ ixik… ?
koqʼri akʼal .
kawaj na kat ʼetaj .
xatqʼajik .
we m na cha loqʼ ax iyal , na kimbʼe ta awukʼ .
x opanle wuj aw ukʼ rum al wechin .
are kʼutpale juyubʼ k kʼiy jor on, chilaʼxe kikʼamawi rijaʼri win aq .
koqʼri akʼal .
we kʼo a rajilch akʼamaloq .
are sibʼalaj kaqle ap oʼtchuw achle nup oʼt .
xin kʼast ajpa kabʼ lajuj kajbʼal .
ka qoyʼ ej nakix petaj .
kok axim richij xajelaʼ mankanimaj tabʼik .
ri kok nojimxbʼ ek , xuchʼ ijox opanpaukʼ isbʼ alille anim .
x oj kiʼkotik aret aqxat ulik .
kaqitzʼnaj ri uxajabʼri akʼal .
rijesus k waʼkatpa ri nim rach ochridyos , chuxeʼri junjache rach ochri salomon .
we t aqanikriʼ kubʼ ij chi rajaw axikkyaʼ uqʼ ijriwin aq xuqujeʼk t oʼanin aqil .
ria xux are nari uk unel riki na qʼ .
aret aq waʼri uqʼ ijol wet aqanik .
kʼojun tabʼal pauwiʼri x kanul ubʼ iʼlajuj noʼj .
yuʼl ubʼ anomri u kolobʼri kej .
xanimaj ri akʼal chiuw achri uchuch.
k kunanri a chi .
kin waʼikrech na kinyowaj taj .
ajxikchʼ ichʼri luʼs .
k waj che ix kixbʼ anowik .
aʼre xetoʼwal aq.
x ojʼ ek xeʼq ilal arqas ok .
xinloqʼ junchʼ ichʼ, qajin aq uw ach.
kutʼ isrip antalon .
e janipale awal kʼwale kʼolik ?
utzuk emikle pas chawe .
ri max areaj qʼaniyaʼ .
matabʼ achiriq kʼax palebʼe .
t ajin kanimaj , rimeʼs .
ixi xeʼ laqʼomabʼ !
xsachan chwe .
ekʼokʼ icheʼ, chiuw achri juyubʼ .
arewaʼri nimalajp ixabʼ earewaʼri nabʼe .
xretaʼmaj chi rukʼpakʼ kut ijwi
jasu tzakik les ubʼ xuʼ ano ?
aj xoʼy ri wi kan .
wet ane aʼre xet ijowleri kil , are le komon xet ijowik .
sibʼalaj anin aq kachʼawle areʼ chinuw achin.
utz we kin chak uj .
meʼs laʼ.
kʼo kanwa rechka qatijo .
xinsikʼ ij la .
ri akʼal xsach kanoq jelaʼpat aqʼaj .
xe sikʼ ij la .
jawi xkibʼ ij wi chikeʼe wi ?
rum alche , manixta riʼri ki xchʼawik, are ri rux labʼaxel riit atriʼri k chʼawna iw ukʼri ix .
kʼakʼri w ach och .
sibʼalaj utz kinwil le atzʼyaq rechna hu ala .
saq por k kay ri kipoʼtri nan .
x sachon ri nuchak chwe .
waʼim xuchapo .
ri qʼ aqʼt ajinka juluwik .
najil upamri si wan .
ekʼo ri qachalalpa chi uwiʼla .
jas xat aq chiʼj le akʼalchu t ijik ?
noʼjimu kemik le pa sa wum al .
kʼojun kukubʼ iʼt intin, waʼle laj kuk mamkaj eqitaj , kapaqi kax ulik pauwiʼ uqʼabʼt aqcheʼ, sibʼalaj sakʼaj , keʼuto le e nimaʼq , chʼutin , rachiʼl , aj sipanel sibʼalaj utz ranimaʼ .
ri up ixabʼ le qʼatbʼ altzij kiyaʼubʼ ixik .
na x sachonta chke xeat inik .
xeqil le chi koppuwi le ja .
x loʼtaj ri akʼal .
qonojel kuj waʼpa uwiʼri mexa .
xsikirle waqan .
la xat waʼkʼut ?
nimubʼ aqʼ ritu lul .
kin xikʼ ikʼ ikxin qʼaxik .
la kat bʼe palet inamit?
rip al sibʼalajs aqʼor .
k qʼ oxownuj alom.
xinnaʼo chi kat petik .
x loqʼule wi we chix .
xinchak un rukʼri numam .
na xqabʼ antaj .
k kʼojiʼbʼ aʼri usipanik riajaw xel jesus k risto rukʼri awux labʼal !
kin chʼaw rukʼle nun an pale chʼawebʼ al .
sibʼalaj qʼ equʼm rum alri may ul .
are leb ax ulik .
xe kos le ixoqibʼ palebʼe .
kʼax rilik le akʼal chawe .
xin qʼ iʼ oxin atin pa jor on .
sibʼalaj nimlet inamit.
kʼax ukemik le pa sa wum al .
xin sachik .
t ajinke lukikʼ el paraqanri tzʼ iʼ.
xin wetaʼmaj rilik wibʼ
ri qʼ uqʼ are junjeʼl chikop.
kʼopaja t ijobʼalri wi kaqʼ .
ri sachibʼal mak rajw axik chi qaxoʼl .
jeʼ, kimbʼ ek .
je la leʼri nup wiʼ.
xubʼ ijche :- jas xabʼ ano tintin ?
kabʼ anjunt oqʼobʼ kyakri nu jal .
kat ʼekxinta .
jasleukʼ exbʼem ribʼ le jun rukʼle junchik ?
aj chi uwiʼmi qʼ injaʼri luʼ .
rit ijonel najk pewi .
teʼkixch obʼubʼ iʼri nut at.
rijaʼkami qʼ ik chiuw achri qʼ aqʼ .
rit ʼuʼy k pa qʼowik .
kin m esonna .
naqaj at kʼowi chiwech.
xinbʼ isonik t aq na xatpet taj .
we xkam riwin aq , ri pwaq recht ojbʼal makaj kyaʼ chikechri ralaxik .
ri nun an xbʼe pakʼ aybʼal .
x oj ukʼamuloq rech kojri lo
xkʼoto chin chikiw ach chi kinwaʼ awukʼ .
na xkikamsaj taj xkikʼambʼi cho ja .
kʼakʼri ikʼ kamik .
ximbʼe rukʼle ajk uniwir .
rilik .
le tzʼ iʼxe kosik .
xin kikota wum al .
ri i mul xu majri anim, xuya kanlekok .
kʼo ojcheri akʼal .
xujbʼe pajunkʼ ulanem .
utz we k war al aq .
kaqilo china koj ukʼam taj .
xretaʼmaj chi rukʼpa kʼkutij wi .
sibʼalaj xinkʼ aʼnarik .
xin kochijri nu wa .
mankat kowintaj kat chak unik , we mankʼota ri ajilabʼal .
we wonon xubʼ ijchike : -kixinto .
ri ala nimk ril wiri umam .
xkaʼy chirij , xkaʼy chuw ach, makʼotachi junk silobʼik , x oqʼ ik xuxeʼj ribʼ xchʼ opinik xtzalij loq xuriq t achikri ubʼe .
kʼo p uscheri wa .
pinem na kabʼ elewatz, kimbʼe wi in pa kaʼyibʼal .
ri nant oʼnnimwin aqchik, saquwiʼ, r onojelaqʼ abʼutz kunaʼo kat ʼuyiʼpa utem, kumi qʼ isajribʼ chori qʼ ij , kʼo junuwiʼu mam ubʼ iʼ ateʼk .
manekʼitaj riqu laʼ.
qʼ alaj china kawaj taj kabʼ ij
x paqabʼ isax rajil r onojelri kem .
kʼo pari julri kumatz .
r onojelqʼ ij kinchʼaj le nuw are .
saq chi kanle ichaj rech katzako .
chu xeleqachom al kaqatijwi jun qameqʼin .
chawilaʼ .
ekʼo jobʼum iʼ al, ri nut at.
jas rukʼx awil wi
jeʼjasri win aq rechri uw achulew, xoqujeʼke p ena riʼri eʼareʼche e rechri uw achulew; jeʼjasri win aq rechri kaj , xoqujeʼke p ena riʼri eʼareʼe rechri kaj .
xintijo .
k tzʼu juwri rach ochrip oʼx.
xuqʼ iʼo are le ukʼulel xyaʼowu wa .
riawel xretaʼmaj chi rajaw axik mankuxej ta ribʼ cheri t uk ur .
jukʼulaj win aqxeʼ anim ajbʼik .
jeʼ, xintzalij ik .
x oj petikx ol qakʼ amaʼ.
maj jachinxʼ ek .
in ajtij ; att ijoxel .
saquwiʼri t ataʼ .
wechri kem .
leroʼch leateʼk kʼo chw achle ukʼayle nun an .
k bʼe pari siriʼa e pari s ilis iʼ a, jawi jeʼ kuya wiri kichuqʼabʼ ri komonty ox .
p ixabʼ: manutzt aj kʼax kujchʼ awchikij nikʼaj qachil.
x kunataj le ali ( kum alri ixoqibʼ ).
rixibʼ ibʼal chi kʼowi pat aqri qakʼaslem al r onojelqʼ ij .
nakuj warta war al .
on chek kʼojiʼri utzil chixoʼl , arech junamri qakojonik , junam ri iwe chix rukʼri wechin .
pa oxqʼ ijri saʼnkbʼe narukʼri aj kun .
kawin aq wuqubʼ .
jaska wajkintijo ?
weta xat bʼe wukʼ pale t inamit, xa loqʼ ta laʼle u jast aqle akʼajol .
kebʼe pa waʼim.
xinloqʼ kʼiwa .
pajunnimkʼ acheʼlaj , kʼo junkʼ waʼ sibʼalaj saq loloj , nimuw ach.
k wajkatij jubʼ aʼwa .
r onojelwin aq k ril nari u kolonem ridyos ».
xkʼoto chin chikiw ach chi kin waʼ awukʼ
k wajna kat ʼetaj .
la xa loqʼ junalej ?
ekʼo rieloqʼ omanel .
ri ukabʼubʼ iʼri numa mar ey ay .
kinjo pijri ijaʼrecht riko .
xnaʼtaj chke xeat inik .
xateʼqilaʼ .
kakitij alanxax riwin aq .
... kinbʼ ij chi arewaʼs inxiʼ an .
naxin nabʼej ta chu tasik qakʼ olibʼal .
rum al rech cheweri in, kinchʼ awrukʼri dyos pa chʼabʼal , k chʼawna kʼuriʼri wux labʼal rukʼri dyos , kʼate kʼut mankʼota upat anriʼch rechri nu chomabʼal .
xe petik xkilo .
xuta we kat ʼ ek .
utzuk emikle pas chawe .
ri nu wakax xutij junqʼ oqʼ rum al riʼxkamik .
rum alrikʼ ix, man kewaʼtaj riwin aq .
xeʼ ulik .
qʼ eqrij ri amaʼchij .
xraj kaʼ ele unan .
junamki junabʼ .
naqʼalaj taj wekaʼ ek .
riwix nam chʼaj chʼoj ri rach och .
war al mankʼotaj ajawal .
na iwirta x ril lekʼam olbʼe .
xin pe loq te kʼuriʼ xintzuk uj r onojelri nu rajil .
riaj tikonel kutikri tzij .
kʼo e kikʼajol le achijabʼ.
k utij qʼ ayesri ix paʼch.
pari waʼbʼal ekʼo kawin aq achijabʼ .
sipojin aqri nupam .
kayaʼtaj ik rukʼut iʼonemjun riu riqomle yabʼila molotse tsé xuqujeʼ are kayaʼtaj pat aqri juyubʼ .
jachinri achi ?
ri nu mam xkamik aret aq kʼo jumuchʼ lajuju junabʼ .
kin kowinik kin kʼambʼile pwaq .
kinwilo chi utz riajiʼ.
xin qʼ il riap oʼx che man kachak un taj .
k waʼchi uw achle taqʼaj ri amaʼakʼ .
ri i mul xe poqʼ ikpa junikʼ .
xkʼ is kanoq riqachak .
are rialixoj ilow kanoq .
sibʼalaj chʼuʼj ri amax.
kʼonuw achiʼ.
in ch ajinel kechle akʼalabʼ .
xe kosletzʼ iʼ .
kinbʼe na kukʼrim olaj .
r onojel aqʼabʼ kinyi tzʼ ri wa kax .
kar apinik xutzuk uj chi junawaj .
le u kemik le pa sanin aq ( awum al ).
maju rajille qʼabʼarel .
kʼ axriʼri kachʼawik .
x oj ut aq chiʼj leachi chu loqʼi kichaj .
sibʼalajkʼ axri xkʼ ul maxik .
xkilo china kinkʼ oxomaj taj .
xnaʼtaj chkechixe at inik .
xkʼoto chin chikiw achchix oj alwoʼqa kukʼ .
junqʼ uʼq rajilri kax laʼnwa .
xinwi lo chi xeʼ elik .
ekʼo ixoqibʼ pale kʼaybʼal .
mankʼotaj ukʼ isikri maya bʼ aj labʼ alil .
ri sin k kʼ iypat aqʼaj .
richʼima mank kʼiy taj pat aqʼaj .
rajaw axikk jik ikri waqän .
kawajkinʼ ek .
ekʼo oxibʼ akʼ .
xubʼ ij chwe jawi atkʼo wi .
chweʼq kujbʼ eʼpa muquj .
pa saq kʼa jaʼkbʼ anwiri uq .
xojki sikʼ ij .
xinwil wibʼ .
chaqʼ chikri wa .
kimbʼe na ka pale w oʼch.
kawajkinʼ ek .
ri chʼuʼk t ij rukʼlej .
pari kiqʼ ij kamin aqibʼ kbʼan qʼori kʼyaʼ rechaj: nabʼe ri nan kutzuk uj kan riaj , kujachʼ oʼxuquje kukʼeto .
jas kajbʼalcha nim ?
utz uchomanik ri ali .
pari qʼ ijox lajuj t ijax kinkʼ iskebʼ junabʼ kin chak un war al .
sibʼalaj ko, ri kʼakʼ chʼat.
jaska rajkubʼ ij … ?
ri chʼ ichʼka silabʼik .
pa ojerqʼ al pul xaqxuwiri nimwin aqke kʼamowbʼe .
leu kunaxik le ukabʼu kʼutunik are rukʼe flor nitinaon ut unibʼ axikle nifur timo x chiʼle flor ni t inachecht .b.g .
are riachixin chʼayowik .
junachi ubʼ ik uʼx usipaj kebʼkʼ aʼm ulewrech kabʼ anri t ijobʼal , kamik, kʼo chikajt ijrechri komon xe chpup.
xum alty oxijche riajt ij r onojelle xukʼutchi uw ach.
pari bʼ exkiraq junalajim ul saqrij , xki kʼambʼik .
xril lebʼ al e ala .
jaskubʼ ijchwe ?
le uk un atajemare rukʼu tzuk uxik leuchi kopilpa junu solik uxeʼle kikʼonle jaʼ rechjunno do .
utz wenutzʼ iʼ .
jeʼ, t ajin kachaponik .
kin uloqʼoj le nut at.
kawaj kimbʼe pat inamit.
arelaʼ kin chak uj .
ri nimaʼqt aq win aq kʼo ketaʼmabʼ al .
weta xat bʼe wukʼ pale t inamit, xa loqʼ ta waʼwe jast aq .
ri kikʼaslem al . wa ixim ulewxa junchi ma aret at inimitri ma
ri ukʼ yabʼal na jupam .
xatqaj chiupamri il .
nojimka twaʼik .
we kʼojun kt uqaʼrik , ¿la man xoqujeʼt aj kint uqaʼr ri in ?
ojoj wok olja .
awaskbʼan kʼax che junnimwin aq .
xinchʼa wapan rukʼle w anabʼ.
kʼ axri upamri juʼl .
t ajin kewaʼri i mul .
la kaj lakuj tzalij la anin aq ?
rum al rech cheri makaj mankʼota ukowinem piwiʼri ix: ri ixm anix kʼotachi ch uxeʼ rip ixabʼ, xane ix kʼo chuxeʼri sipanik .
nim raqanle cheʼ.
xinchapo .
are le tuʼr le loqʼomanel .
xaskat kʼojiʼ chiupamri chʼ ichʼ .
sibʼalaj nim raqan rikʼam albʼe .
le tzʼibʼabʼ al wechin .
in xintoʼw la .
xaje kʼuriʼri ix kamik riʼmanix kax lanwin aq t achik; ri ix, ix rechri kit inimitri ety ox lajt aq win aq , ix rechri rach ochridyos .
xint ikox laj kʼ alichaj .
kaqariq qibʼ chweʼq .
sibʼalaj utz che riwiʼ ajri tuney .
we na jupulik ta xeqajik ...
xint oʼtaj cheri nuchak .
kʼo junchikop ubʼ iʼpum .
poqonri ik .
xojbʼinik .
xuchʼek r onojelle retamanik xpaqiʼk kʼax k wʼ inik xubʼ anaj kun .
kel ubʼ ikpari jud eʼa e k tzalij chi ubʼi jumul pari g alileʼa .
xinaxibʼ ij pabʼe .
jeʼl kʼolem chiaw ach och .
r onojelri yaʼtalil pawe qʼataj , tzʼaqatkiw ach, mank tz aqta kanoq xuqujeʼ manktast aj .
xu kunaj le yawabʼle ajqʼ ij .
chi t atabʼej jasle kimbʼ ij .
chʼan alri achi .
pabʼ ok oʼ kachak unwiri t ax.
uj kʼopa u wuq qʼ ij .
k iʼri ukabʼri aqaj .
kʼo rachalal pa tzʼoloj cheʼrip eʼl .
xkilochi kinkʼ oxomaj .
ri u ki sakʼutz kyaʼik chi uxeʼrit ikoʼn .
aret aq chiʼka qʼ an puwiʼri jukubʼ, riachi che xkʼojiʼri itzel ux labʼal rukʼ, kuta ch rechri areʼ, are chk kʼojiʼ rukʼri areʼ.
na kabʼ antaj ta wum al .
xnaʼtaj chke xeat inik .
xin pa j ri nut riko .
xeʼok ripokʼ pari umexarip oʼx.
ka juluwri aqʼaʼl chi uxeʼrit ʼuʼy .
awechle ja .
xujbʼe patzu rik .
nabʼe xatopanik .
ri ukabʼubʼ iʼri numa mar ey ay .
uw aj xaqu kakʼ alt aqanik(28) .
mata kʼojunka kanaj kanoq , qonojel kojbʼ ek .
e nimaʼq le alt omabʼ .
nimuw achrip oʼt .
kojonik pari utzij wa ixim ulew.
jas xukʼambʼi letzʼ iʼxa wi lo ?
xin petik, t at.
ribʼ elajuw ach.
chit atabʼej jasri kimbʼ ij .
jeʼl kunaʼri abʼix chiupam riquq ulew.
kinbʼ isoj uw achlewal .
xut ʼuyubʼ aʼ.
nim riawe qeleʼn xariqo .
xineʼwaʼ oq .
chiʼke warwi le akʼalabʼ .
rinum iʼ al xutaq loq junt aqoʼm wuj chiwe .
qʼ eʼlik, ri chajpa ribʼe .
la utz aw ach ? - utz m alty ox , e kʼuri at? – utz m alty ox .
xin kos rum al nu chak .
k bʼe kukʼri eʼareʼe k tz alij pari nas are te keʼunimaj .
ri joj xukʼambʼik riakʼ .
kʼo chiw achiʼl chanim.
kubʼ ij chechnaʼl kabʼ ancheri atzʼibʼ .
e... in kawajka tzj ojbʼila chwe .
mataxinyaj le ali .
jachin rukʼkat bʼe wi ?
kʼo sibʼalaj etaʼmabʼal pari maya bʼ noʼjibʼal .
e manxo rijupuq kej .
kas umumri kaqi qʼ .
ekʼo kajibʼ akʼalabʼ palebʼe .
jeʼjasri ut atk kaʼyik .
xaq atm olonel tzij tal .
le nut at kaloqʼon chwe .
xaqt ane kimbʼe iwukʼ .
xretaʼmaj uchʼajik .
rum al laʼxkoj “ xal qʼat” che ubʼ iʼri komon .
areleu kemikpas xretaʼmaj .
ri wat iʼt kubʼ annari upat an.
kʼakʼ le poʼt .
retaʼmuw achjachin x loqʼowri pas .
ke n chʼabʼej le akʼalabʼ .
yaʼtal chaqe qonojelri uj win aq utzkaqil qibʼ .
x kotiʼpa qʼ ayesxoqʼ ik .
kawin aqbʼ elejebʼ qʼataj .
ekʼo kajibʼr al ri i mul , jun saq , junqʼ an, junqʼ eq , junqʼ eqoj , sibʼalaj ketzʼ anik, kechʼ opinikri alajt aqimul .
k ch olol riachachal .
ket ekikri ikʼ .
xe petik rechkewaʼ iwukʼ .
tz a tzri uqʼ anil riakʼ .
x ojtz alijikxi xeʼqa qʼatuj kukʼ le i t atin an .
ri yoʼxtaq akʼalabʼ kekikʼux riatzʼyaq .
we a chiwe xusipaj junpoʼt chwe xkamik .
k kowinri kunanel che kunanik .
x ji qʼ parip olow.
xarum al sibʼalaj rajaw axik le loqʼ alaj jaʼ, lewin aqxkibʼ ij: chewe ikʼ riʼ qonojel kujbʼe che utikik t aqcheʼ.
ri unane ri e rachalal ke pe uloq rukʼ riareʼ, kʼate kʼuriʼ, manke kowintaj keqibʼu koq rukʼ, rum alrech che ekʼo sibʼalaj win aq .
rum alrech, che mankʼota junk kowinche ukojik junti kibʼ alil chik chuw achri kojomchik cheare rijesus k risto .
te kʼuriʼxu tzʼibʼaj ribʼ pari nimalajt ijobʼal rech ajkuʼn .
ka juluw richʼum ilcha qʼabʼ .
kʼ isbʼal kanoq , xoqujeʼk kamri ixoq .
le alax ok ik .
kʼo pwaq pauwiʼri mexa .
are kawaj na kinʼet aj .
ri yawal kukojri ali chi uxeʼ richa kachare usuʼt .
na kaqa kʼam t uʼbʼi kamik .
riajt ij kubʼ ijchike : rajaw axikke qachajij riawaj , are ut ikoʼn riajaw.
xint ij muk uniwir .
kʼax le uwiʼt aqlen uqʼabʼ .
xinloqʼ junilbʼ al wi bʼ .
waʼwe qʼ ij, nimubʼ antajik .
ri uxeʼ al riqat inamitman kasacht aj .
xojbʼinik .
ri achalal junamkiw ach.
xin wetaʼmaj rilik wibʼ .
nimri unaʼoj wajtij .
mi qʼ inrikʼ ul .
ajqʼ ojomri ateʼk .
che le sanik cheʼkbʼ anwiri qʼ ojom .
kap eleawel panawal jaʼ.
rim esonel t ajink chak unik .
utz chaqe kaqat oʼqibʼ, t aq kʼokʼ axkʼolil , ka tewechiʼn riajawpa qawiʼ.
xawilo , x qʼatanle ibʼ oy .
xatkowinik xabʼ ano .
kiʼri kʼawex .
kajil ilribʼe .
le alixelbʼ ik .
areʼxraj xinbʼ ano .
nimwe abʼ aj .
jeʼl ik ut iʼjolalri saq koʼr .
nojin aq rikej .
we kat ijan xux manka tutoʼta chiu qʼatixik le kʼakʼ yabʼilc or onavirus ( 2019 -ncov) .
na nimta raqan waʼwe cheʼ.
utz alaj ajchak, ri wel .
¿jampaʼ kujbʼe panimaqʼ ij ?
rajaw axik t ane laʼkat chak un wukʼ .
xutaq chiʼj pa war ampulew.
manareta riax wanxelik .
ri awix xuloqʼ rach ochre nim al .
are ri ixoqxin sikʼ in uloq .
richʼima kʼat ʼonna .
laxibʼ anle ichak ?
kʼit inamite kʼopa chʼoʼj .
kʼo jupuqchij chi uxeʼ richeʼ.
riu xaq riabʼix are uw arikej.
kawin aq qʼataj .
la kix pe pat ijobʼal ?
we kechajix t aqle kʼwa jachakinbʼ ij ; junalik kʼojaʼ xuqujeʼ sibʼalaj saq loloj .
xretaʼmaj .
ri alabʼom ri alitomabʼt ajinkikit ijojkibʼ rechs ut aq , are kakaj ki kibʼ annimaq achijabʼ chupamri kikʼaslem al , xuquje kʼo chik jupuqbʼ ixonel chupamri komon .
la tzʼuw achribʼe .
kʼakʼ riachʼ ichʼ .
qonojel uj , uj mayabʼt aq win aq .
nojel qʼ ijri atiʼx kuyuqʼuj let aqawaj jelaʼpa nikʼaj jaʼ, chirijri juyubʼ ubʼ iʼten aʼ.
pa qʼ omchik risiʼ.
kintzuk unche la .
kakitij le kinaqʼ, le ichaj , le uw aʼlik rukʼle j .
xe kanaj kanle ajchakibʼ .
ket ikonri achijabʼ.
sibʼalaj itzel ubʼ antajik richʼila kan .
riateʼk xum alty oxijcheri rat iʼt, rum alri utz alaj noʼjibʼal xukʼutche ch .
k kam ulix uchak riabʼix .
laxin utzuk uj let ijoxel ?
areʼkachak un r onojelqʼ ij .
le e kʼ aʼna t aqtzʼ iʼ.
saqrijrip la mux .
jas xaqʼ iʼ ox atijo .
jasrukʼ xkichapwi ut ijikle ri kil ?
we kat atin rukʼkʼat anjaʼmanku qʼatej ta le kʼakʼ yabʼil cor onavirus .
la kat bʼin pale ux lanbʼal ?
la war al kʼuxix waʼwi ?
are le nuta t kin loqʼonik .
tajink chak un ri ala .
kʼo ri kiʼkotem alaw ukʼ .
xuta jachin kaʼ ek .
xatwaʼikx inwilo .
xtzaqri rach och rum alri jabʼ .
pale junikʼchik are nimaqʼ ij .
e kebʼäm kebʼ inpauwiʼri te m .
memria chi .
ri wi kan chaliʼy kelpa juyubʼ chwi tziribʼal .
le rajil, la paja xelaqʼax wuʼbʼ ik ?
pari suʼtp isomwiri lej .
koj petik kol qakʼ amaʼ.
t ajin kat chʼopin chiuw achri taqʼaj .
le qʼ or xchʼuq ik .
kʼax waʼima wum al .
kinbʼ ison chelewal .
sibʼalaj kʼokʼ ri awatzʼyaq .
kamik xujbʼe che utikik t aqcheʼ pari juyubʼ .
kin uloqʼoj le nut at.
chaqiʼj chikrichaj .
xyilix haw ayi .
na xnaʼtaj ta chke chixe at inik .
rukʼkʼu waʼwe riʼ, ri ix k kʼojiʼ junutz alaj ikʼaslem alriʼ chkiw achriwin aqche manekʼota iwukʼ, kʼate kʼuriʼ mankʼota junwin aqriʼ rajaw axik chiwech.
e petin aqpabʼ ele rachalaxik .
kakaj le akʼalabʼ kewaʼik .
xuj chʼaybʼik .
ri nuchak are qʼaxel tzij .
kʼo narux labʼ riawaj .
t ajinkel loq, ri qʼ ij .
x uqʼ iʼo xkam saxri rachalal choch.
ri nu mamare kʼo uqʼ inom al .
xkʼ ul mataj jumul , xubʼ anjunnim alaj jabʼ, manxbʼ eyet aj ta na xukʼ isle uyuqʼ chike .
amaʼri nu tzʼ iʼ .
jewaʼkat petik .
xin kosik rum al xinchak unik
i wech chijujun al, ri wa .
xuqʼ iʼo na xat atin taj .
in riqt ajin aq parikʼ ayibʼal .
nawetaʼm taj .
kʼax le n uqʼabʼ .
utz le xubʼ ij leachi .
kematzʼibʼ .
kʼo rachalal pa tzʼoloj cheʼrip eʼl .
r onojel waʼwe jast aq riʼ, xask sachwi uw achwaʼ; rukʼweriʼ, ri ix, rajaw axikche kʼo junty ox laj ikʼaslem al ek kʼojiʼri ichʼawem rukʼri d yos,
x muq taj ri pa tzʼ an .
ri chʼ ichʼ tzijom kanoq pari ukʼolbʼal .
mankʼota uch olajpat aqri a wuj .
jachike ikʼ le u nimaqʼ ijlet inamitna wal jaʼ ?
xe petikx ol kikʼ amaʼ.
kachuqʼ chutrij aʼchiapam .
xinbʼ ij iwirchi xebʼe paarmita .
areʼuxeʼ ojertzij war al kʼ icheʼubʼ iʼ .
xkʼ isri nu siʼ .
jawi xkibʼ ij wi chikeʼe wi ?
¡xaje kʼuriʼ, jachint aqriekʼo pari jud eʼa , chi chanim cheʼa nimajubʼi pat aqri juyubʼ,
kʼakʼri abʼ .
la kʼojunna kakʼ oxomaj taj ?
na utz ta le ut ʼ isom le almariy .
manyaʼtal taj chiawe katokpa ja .
jeʼ, xatutzuk uj .
are kelwaj xaqibʼ uqʼ ijri xkʼojik .
rixun kur k kʼojiʼpat aqri t riko .
xin sachik .
xut ʼuyubʼ aʼ
nanuto mtale tzij …
wa chʼomri kiwari noʼs .
ekʼo jobʼ chʼ il wakʼ .
rajaw ixikchipat aqri t ijobʼal , panikʼaj ubʼ ixikchik
ri rajaw rulew areʼt atkel .
we kʼuxokik , wekʼ nax ok ta
we achi xu sipaj junpʼotch we .
atatut aqoʼn le qʼataltzij .
na qʼ anta uw achleqap rut .
ri xaʼr kʼo pauwiʼri qʼ aqʼk poqʼowik .
ri roqʼ ejri ali jachak pe junakʼal .
kʼojunala pat ijobʼal .
säq uwiʼri t ataʼ .
riwitzi kʼt ajink pe loq .
jawi xsachonwi kanuyaʼik le pwaq che .
utz we a chiwe xin kunanik .
qonojel kuj waʼpa uwiʼri mexa .
rikax laʼnik man poqon taj .
in xinbʼe rukʼri wachiʼl .
sibʼalaj jeʼl xkilo xekitzoq opijri kichij chilaʼ.
kinbʼ inikxinʼe k .
kʼ axkʼolik , kachaʼ.
kutij ixim riakʼ .
ri alixchel , xu qʼ iʼo xa jun akʼ xsipaxche .
xqasikʼ ij le ixoq chutzakik subʼ .
mata xabʼ insajlechʼ ichʼ .
rip ix tzʼar al ik rum alri eqaʼn .
¿jampaʼkel chi 3%
kʼojunnu kʼotoj chiʼaj .
t ajin kewaʼkatri alabʼom .
xin loqʼ le nukʼakʼap oʼt.
na utzakik tas ubʼt ajin kuʼ ano
x oj ut aq chiʼ ij xoj waʼ ik .
iw echriabʼix .
saqrijri chij .
ajsik cherit inamitkel wiri t ataʼ .
-¡ ay ! xaxin tz aq uloq , kʼax we waqan .
xkʼ ul matajpa junkomon chiʼuw achjun juyubʼ, xuriqa junqʼ ij xkiriq kibʼ junimul rukʼle kok .
jas xat aq chiʼj le akʼalchu t ijik ?
xinchap osuxuloqʼo .
qʼ inom riachi .
ri kʼum k t ijow rukʼkabʼ .
t ajin kejachʼ anik .
tzebʼal u kemik le pa sa wum al .
are kayoʼwle uchik opille ubʼ antajik t ry panosom abruc ei .
we kat nimanik utzkelik .
pero noʼjimal petnaq loq, .
are le nuchak juntzuq bʼal wi bʼ .
x kunax le yawabʼ rum alle ajqʼ ij .
ri ukʼ uʼx tzʼibʼ paqatzije lajuj .
sibʼalaj jeʼl ikrieqabʼ al xubʼ anri luʼs .
sibʼalaj atkon .
e manxo rijupuq kej .
na xnaʼtaj ta chke xeat inik .
rikʼam albʼe xubʼ ijchike , chi majari anim .
jumuchʼ ri nu junabʼ .
qʼip t ajin aqri raqan ri te m .
k chak un rukʼri josbʼal cheʼ riajanel .
xat aq chiʼj le akʼal chut ijikkar .
oj kʼopale roʼchle awel .
¿la katp equkʼ chweʼq ?
lewin aq palechʼ ichʼe t ʼuyullo wi .
xkanaj kanoq chi uxeʼ rijabʼ ri chʼaʼn .
nimrija .
weta xak unaj le atatmatax kam laʼ.
nanukʼamom t uʼla riʼ.
chqa nukʼ uʼri qatzij .
kimbʼe palet inamit.
xin qʼ iʼo naxin atin taj .
rajaw axikka kʼam an chawe le ut ijik le lej .
kʼ isbʼal t aq noʼjibʼal .
xineʼwaʼ oq .
xkibʼ ankʼ ax cheleuwos aq rum al manutzta chi kakayik .
ri qʼutuʼm mankechta le akʼalabʼ .
are na nimta le atzʼ iʼ chuw achle nutzʼ iʼ .
xe petikx ol kilaʼ.
¿ja w chiʼxat aʼche xkamri umamrip oʼx ?
e kebʼ kekʼambʼik pat uj .
xinloqʼ junja pari wokaj ja .
ria xtuʼbʼ, kʼoqu laj chech.
jas karaj kaʼanch utzakik le tiʼ ij .
xutij le wa .
ximbʼ alretzij .
xpa xribʼ oʼj .
we kawajka tintoʼo xaqxuwi kabʼ ijchiwe .
jas nukʼu kuchʼobʼo .
jaska rajkut ijo ?
xe x rux labʼ ri rikil .
enitzʼ aʼq let aqimul .
wet ane in xinbʼ anowik, are leateʼk xbʼ anowik .
kintzalij pale nut inamit.
ri nu chaqʼ kʼopa uroʼqʼ atojt ijonik pari t ijobʼal .
xin xiʼjwibʼ xinchʼawi k .
kʼo ch waroʼch le pare .
chi raqan kabʼinwiri t ataʼ .
x sachon kanuyaʼik le pwaq chechoja .
xin qʼax chi kixoʼl riwin aq .
ket ikonik .
ri ulew manqecht aj , kechriqat iʼt qamam .
xe pelewin aqx ol kikʼ amaʼ.
xuloqʼ riwuj rum alri ali .
chewe qʼ ij kamik kʼojunnu tzijonem chirij le nut inamit.
kej riʼ.
x kun analaq chwe .
kinu sikʼijle nunan .
rii mul xuchʼ ij taj , xkanajpa bʼe , rum alri nimalkuj al uj rii mul , xutzaqri anim .
kubʼ anri uxoqʼoʼl riajtzʼaq .
ri la sibʼalaj utz che kunabʼal .
kʼi kiw achrieʼ ajchakibʼ pari komonty ox , kʼate kʼut xajunchi ajaw xel ;
xqata chi xa tulik .
kaw ajchikat ʼek .
chʼ utiʼnke kanaj rixajabʼ chech.
kaqaxiʼj qibʼ kaqachapo .
ekʼo kebʼu kʼajol le t atx wan .
luʼ subʼ iʼri recham .
aj chi uwiʼmi qʼ injaʼri luʼ .
xin yakanle nu chi mpakʼ aybʼal .
kʼatex rilo , x peri unan che utzuk uxik , xkikotik , xu salabʼ isaj rit aqux kin .
x kikʼutchi uw achriajt ij xuqujeʼ chikiw achrit aq nikʼajka chil .
utz len uqʼabʼ .
kul le al weʼl pa a ustincha qʼabʼ kamik .
riateʼk xtzaq loq are chi kʼo pauwiʼri qʼ aʼm .
ajpat anri teʼk .
xatqaj chiupamri il .
la kʼotzij na kikʼ oxomaj taj ?
xsachon chkechixe at inik .
r onojelle ulewe chalaq .
la xebʼe kʼu la xeʼ kijaqa kʼule uchiʼja ?
xaq kat chʼok najiwir .
kamik kʼo chi rijast aqawe .
are chiʼka kʼ isri junabʼkʼo qʼ inom .
panawal jaʼx inal exik .
na xinta taj we are riakʼ alki xtzuq uwik .
¡ rulew risabʼ ulone rulewr ineftali, ubʼe rip olow, rulewri jord an,g alileʼa kechri jet aq amaqʼ!
rax , rax, rax, kʼokʼ , kʼokʼ , kʼokʼ le rux labʼ le t aq t ikoʼn .
a chi xatwilo .
paqal rajille pix kamik .
xojbʼinik .
pa junjeʼl t ijobʼal kut ijojribʼ junakʼal , ubʼ iʼp oʼx, utz ku riloke pat ijobʼal r onojelt aq qʼ ij .
x waj chi xat ʼetaj .
utz laʼle xubʼ ij leachi .
wetaʼam jachinka petik .
kinqʼ ojomanik .
xin qʼ iʼo ta kʼ alikxin petik .
areʼretaʼm chekin opanik .
aretabʼal e qaqajawch att oʼwik .
kawin aq waqibʼ qʼataj .
na qajchik cheri uw aq kajbʼal aret aq chiʼk sachuw achri qʼ ij, kokri qʼ equʼm chuw achulew, chi kʼateʼna ribʼ elejebʼ kajbʼal .
jobʼ raqan ri tzʼalam xe poroxik .
sibʼalaj korijri mop .
arewaʼ.
jelaʼpa rit iminitch wikaby ok rechxe lajuʼ, le qananqat at kakitiko jeʼl alajt aq uw achichaj .
kʼaxnuq ul .
xuʼlukʼ amaʼ.
koj ul kitzuk uj .
are mankʼaxta u kunaxik aret aqanin aq kaʼilitaj we yabʼilal xuqujeʼ mojoʼqa kuyaʼle kʼ axkʼolil chechle jolom aj .
ri wel kʼo pat ijonik .
kawaj kinbʼ ij .
rikotzʼ iʼjk qakoj chiupamri ja .
qʼ eq qʼ ojrijri amaʼk ej .
na x wajtaj xin chʼawik .
ch petabʼal e loqʼ alajja bʼ .
x sachon chke xatki sikʼ ij .
eleqʼal chʼ ichʼ .
jachin xawilo chi arext ijowri t iʼj ?
mata kabʼ elenu xbʼ al palet inamit.
pimruq , ri ali .
¿ kʼorim uqʼe chiawech ?
k qabʼ ij manke kowintaj .
kint ijna .
kʼojun qat ʼuʼy paja !
kʼo puj chiupamri chʼaʼk .
aret aq kin kosikkin warik .
xatwaʼikx inwilo
inxinchʼ ayowle achi .
konojelri alaxik keʼetzʼ anik .
jasrukʼ xkitij wi le kiri kil ?
anin aqil kat petik .
nara xta uw achle juyubʼ .
ri tzʼalam tzʼibʼabʼ al rax k kayik .
wechat chak unik, kʼo awa .
maʼtam x atpe cheri waʼim.
kam ul kin waʼna .
ri si kil k t ijowrukʼ ik .
kimbʼe aqʼ anrukʼle alt alin .
x ojʼ ek xeʼq ilal arqas ok .
xekiqʼil le ajchakibʼ xkiwok le ja .
mat anex waj le kʼu hj nem rukʼle ateʼk .
are xeʼopan chi uchiʼri juyubʼ, xkilo chi man qastakʼ oqʼayes .
kʼate kʼut, rijesus mank kojonta chkechri eʼareʼ, rum alrech che konojel retaʼm kiw ach,
p aʼtz rijritzʼ iʼ .
juwin aq waqibʼ qʼataj .
at elaqʼom .
xaq atjoʼs .
ri qʼatzu , are qʼ alaj ri uqʼ ij il .
ajchak we ala .
ubʼ eleju kakʼ alt aqanik(29) .
kebʼnubʼ iʼ kʼolik .
la katzalij luʼ la anin aq ?
katzuk un la chwe .
la kaj la kojbʼ eʼpa lechom al chweʼq ?
xin nabʼejch utasik qakʼ olibʼal .
lal xintoʼwik .
sibʼalaja noʼjibʼal .
x oj petikx ol qakʼ amaʼ.
sibʼalaj jeʼl ikri uw aʼlri ichaj .
kʼax wij rum al inpa chalik .
aret aqxukʼ ul maj waʼxul ri uchomanik xubʼ ij:are utz wa aqʼabʼ kin walij ik , arechaʼ chanim kin opanpat ijobʼal , majchi kinkʼ ul maj .
ojaj xo jolobʼpa awasqʼ ij .
xinsach chele uwokik letzij .
e julajuj riakʼ .
xuta jampaʼ kojʼ ek .
qilik .
rit ijoxel manareta nim chuw achri rajt ij. ri utzt ijoxel qas jeriʼ kʼolik jasri rajt ij .
inxatin chʼayo .
noʼjimchak wum al .
chʼurri jochʼ .
in kinbʼ ij na k atsacht aj .
uj maya bʼ .
riabʼaj yatzalik .
t ajinke p ixbʼ axri akʼalabʼ .
chomri aq.
xin warik .
elemen konojelri akʼalabʼ .
t ajin kqʼana ri k ri wereʼaj .
le u kemik le pas utz( chawe ).
xuyup ubʼa uw achr aʼchi , kachaʼ, .
risata naskok pari judas rikbʼ ixiska riʼotech rech, riareʼ junch kixoʼl rie kabʼ lajuj .
chu churi par .
kinqu muj ri nu jochʼ .
chech punción lum bar amaqʼel rajaw axikche ch rilik le ukʼ exbʼemwi le nabʼe rukʼle ukabʼu kʼutunem le yabʼilal .
qʼ alaj china kawajtaj kabʼ ij .
kʼ oqʼol chirij risiʼ.
jawi x oj ʼe wi ch uloqʼik ?
kʼo u lo chʼ rit alin .
qʼ anrij riat iʼt nukej .
la xtzalij la iwir ?
xe sikʼixik , kʼate kʼuriʼxe yajik, xuqujeʼxet aqbʼiche u sikʼikle mes .
la kix warik ?
are kʼule pa lo max xubʼ ijche : - mamkatbʼ ison taj , kin sikʼ ij nikʼaj wachiʼl kerapapik .
aʼre e t ijoxelabʼ .
ri alaj ali siʼl xubʼ ij xqachappa utz al ri ty ox .
xsachon chke jachin xe at inik .
jas xu rayij lea nanxut ijo ?
xinkosik .
raxr onojelri qʼ ayes rum alle jabʼ .
kinya waʼwe chʼ ichʼ pinem na utz .
noʼjimu pa chʼuxik lenuwiʼ .
naj kʼowi lewoʼch chuw achle t ijobʼal .
ri okibʼ alkʼo chiuw achri saq ja .
xenut aqchʼ ij kekil le akʼalabʼ .
kʼo junqʼ oxowemchi we .
tza richoʼm .
we ch ojbʼe pale nimaqʼ ij, ke qil leaj xo jolobʼ .
x ojʼ ek xeʼq ilal arqas ok .
riateʼk xutaʼ chechri nant oʼn :- nan jascheʼ chi mankajt alaq akʼatisaj rijoʼq .
rip al sibʼalaj xuʼy .
kin kojrijok bʼal ulew.
in kinbʼ ij na kat sacht aj
atraj kunle nunan .
kuqamuj ujor on riajtzij .
luʼ tzʼalamubʼ iʼri achikel panim cheʼ.
jeʼl ik ut iʼjolalri saq koʼr .
kʼo junxaʼr pa ja .
xinloqʼ junkʼakʼ pat an .
kʼax ukemik le pa sa wum al .
anin aq u kemik le pasa wum al
ri chʼaʼn sachin aqpat aqabʼ ix .
raxt aqle kotzʼ iʼj .
mesom kanoqri upam ja .
manaretar alax kosik .
ri komon xechp uprech uqʼabʼt inamitx oʼlabʼ aj rech qʼu mar kaj .
la utzakik kʼ usubʼt ajin kuʼ ano ?
kate la !
na xut ij taj .
xarum al ketaʼm konojel riwin aq k kiqu muj lejaʼ.
iwirx uj tzalij la pakʼaybʼal .
qetaʼm che riqawak uj utoʼo .
riajt ij, k yajon chikechri akʼalabʼ .
jas ubʼ anom le nuchʼuti t at?
chweʼq kinbʼe pa nimt inamit.
utz we ki wetaʼmaj jaskubʼ ijri ch olbʼal qʼ ij .
t ajinkat jilowche uqʼ oxom jolomaj .
xint ik qʼax chiuw achrija .
kʼax le kibʼ elewin aq .
loqʼ kat kuntaj che le yabʼil (covid-19) .
ri nuxibʼ alkel paqajbʼ alqʼ ij .
x ril riax wan chix waʼri ala .
le alix kunat ajik .
weta ka pelejabʼ kamik .
xin wetaʼmaj chi na xatpet aj .
ri pwaq rechwe qʼataj riʼkesax chechri t ojbʼal kʼ ayinem .
k t ijri uw aʼlik rum alri kinimaqʼ ij .
xuchapuk unaxik .
chat anloq ali .
xinx uliʼqaj oq .
jeʼl ik k t ijowri t aqik ox .
kʼate kʼuri let atxoʼr xubʼ ij , mankawaj taj , mankawaj taj .
kʼo juntzʼ iʼpabʼe .
kamul xin pe cheatzuk uxik .
mantajint akin chak unik .
kin chak unik rechka twaʼik .
jasrukʼ xawilwi chix kiqupijwi let iʼj .
jasubʼ ixik… ?
koqʼri akʼal .
kawaj na kat ʼetaj .
xatqʼajik .
we m na cha loqʼ ax iyal , na kimbʼe ta awukʼ .
x opanle wuj aw ukʼ rum al wechin .
are kʼutpale juyubʼ k kʼiy jor on, chilaʼxe kikʼamawi rijaʼri win aq .
koqʼri akʼal .
we kʼo a rajilch akʼamaloq .
are sibʼalaj kaqle ap oʼtchuw achle nup oʼt .
xin kʼast ajpa kabʼ lajuj kajbʼal .
ka qoyʼ ej nakix petaj .
kok axim richij xajelaʼ mankanimaj tabʼik .
ri kok nojimxbʼ ek , xuchʼ ijox opanpaukʼ isbʼ alille anim .
x oj kiʼkotik aret aqxat ulik .
kaqitzʼnaj ri uxajabʼri akʼal .
rijesus k waʼkatpa ri nim rach ochridyos , chuxeʼri junjache rach ochri salomon .
we t aqanikriʼ kubʼ ij chi rajaw axikkyaʼ uqʼ ijriwin aq xuqujeʼk t oʼanin aqil .
ria xux are nari uk unel riki na qʼ .
aret aq waʼri uqʼ ijol wet aqanik .
kʼojun tabʼal pauwiʼri x kanul ubʼ iʼlajuj noʼj .
yuʼl ubʼ anomri u kolobʼri kej .
xanimaj ri akʼal chiuw achri uchuch.
k kunanri a chi .
kin waʼikrech na kinyowaj taj .
ajxikchʼ ichʼri luʼs .
k waj che ix kixbʼ anowik .
aʼre xetoʼwal aq.
x ojʼ ek xeʼq ilal arqas ok .
xinloqʼ junchʼ ichʼ, qajin aq uw ach.
kutʼ isrip antalon .
e janipale awal kʼwale kʼolik ?
utzuk emikle pas chawe .
ri max areaj qʼaniyaʼ .
matabʼ achiriq kʼax palebʼe .
t ajin kanimaj , rimeʼs .
ixi xeʼ laqʼomabʼ !
xsachan chwe .
ekʼokʼ icheʼ, chiuw achri juyubʼ .
arewaʼri nimalajp ixabʼ earewaʼri nabʼe .
xretaʼmaj chi rukʼpakʼ kut ijwi
jasu tzakik les ubʼ xuʼ ano ?
aj xoʼy ri wi kan .
wet ane aʼre xet ijowleri kil , are le komon xet ijowik .
sibʼalaj anin aq kachʼawle areʼ chinuw achin.
utz we kin chak uj .
meʼs laʼ.
kʼo kanwa rechka qatijo .
xinsikʼ ij la .
ri akʼal xsach kanoq jelaʼpat aqʼaj .
xe sikʼ ij la .
jawi xkibʼ ij wi chikeʼe wi ?
rum alche , manixta riʼri ki xchʼawik, are ri rux labʼaxel riit atriʼri k chʼawna iw ukʼri ix .
kʼakʼri w ach och .
sibʼalaj utz kinwil le atzʼyaq rechna hu ala .
saq por k kay ri kipoʼtri nan .
x sachon ri nuchak chwe .
waʼim xuchapo .
ri qʼ aqʼt ajinka juluwik .
najil upamri si wan .
ekʼo ri qachalalpa chi uwiʼla .
jas xat aq chiʼj le akʼalchu t ijik ?
noʼjimu kemik le pa sa wum al .
kʼojun kukubʼ iʼt intin, waʼle laj kuk mamkaj eqitaj , kapaqi kax ulik pauwiʼ uqʼabʼt aqcheʼ, sibʼalaj sakʼaj , keʼuto le e nimaʼq , chʼutin , rachiʼl , aj sipanel sibʼalaj utz ranimaʼ .
ri up ixabʼ le qʼatbʼ altzij kiyaʼubʼ ixik .
na x sachonta chke xeat inik .
xeqil le chi koppuwi le ja .
x loʼtaj ri akʼal .
qonojel kuj waʼpa uwiʼri mexa .
xsikirle waqan .
la xat waʼkʼut ?
nimubʼ aqʼ ritu lul .
kin xikʼ ikʼ ikxin qʼaxik .
la kat bʼe palet inamit?
rip al sibʼalajs aqʼor .
k qʼ oxownuj alom.
xinnaʼo chi kat petik .
x loqʼule wi we chix .
xinchak un rukʼri numam .
na xqabʼ antaj .
k kʼojiʼbʼ aʼri usipanik riajaw xel jesus k risto rukʼri awux labʼal !
kin chʼaw rukʼle nun an pale chʼawebʼ al .
sibʼalaj qʼ equʼm rum alri may ul .
are leb ax ulik .
xe kos le ixoqibʼ palebʼe .
kʼax rilik le akʼal chawe .
xin qʼ iʼ oxin atin pa jor on .
sibʼalaj nimlet inamit.
kʼax ukemik le pa sa wum al .
xin sachik .
t ajinke lukikʼ el paraqanri tzʼ iʼ.
xin wetaʼmaj rilik wibʼ
ri qʼ uqʼ are junjeʼl chikop.
kʼopaja t ijobʼalri wi kaqʼ .
ri sachibʼal mak rajw axik chi qaxoʼl .
jeʼ, kimbʼ ek .
je la leʼri nup wiʼ.
xubʼ ijche :- jas xabʼ ano tintin ?
kabʼ anjunt oqʼobʼ kyakri nu jal .
kat ʼekxinta .
jasleukʼ exbʼem ribʼ le jun rukʼle junchik ?
aj chi uwiʼmi qʼ injaʼri luʼ .
rit ijonel najk pewi .
teʼkixch obʼubʼ iʼri nut at.
rijaʼkami qʼ ik chiuw achri qʼ aqʼ .
rit ʼuʼy k pa qʼowik .
kin m esonna .
naqaj at kʼowi chiwech.
xinbʼ isonik t aq na xatpet taj .
we xkam riwin aq , ri pwaq recht ojbʼal makaj kyaʼ chikechri ralaxik .
ri nun an xbʼe pakʼ aybʼal .
x oj ukʼamuloq rech kojri lo
xkʼoto chin chikiw ach chi kinwaʼ awukʼ .
na xkikamsaj taj xkikʼambʼi cho ja .
kʼakʼri ikʼ kamik .
ximbʼe rukʼle ajk uniwir .
rilik .
le tzʼ iʼxe kosik .
xin kikota wum al .
ri i mul xu majri anim, xuya kanlekok .
kʼo ojcheri akʼal .
xujbʼe pajunkʼ ulanem .
utz we k war al aq .
kaqilo china koj ukʼam taj .
xretaʼmaj chi rukʼpa kʼkutij wi .
sibʼalaj xinkʼ aʼnarik .
xin kochijri nu wa .
mankat kowintaj kat chak unik , we mankʼota ri ajilabʼal .
we wonon xubʼ ijchike : -kixinto .
ri ala nimk ril wiri umam .
xkaʼy chirij , xkaʼy chuw ach, makʼotachi junk silobʼik , x oqʼ ik xuxeʼj ribʼ xchʼ opinik xtzalij loq xuriq t achikri ubʼe .
kʼo p uscheri wa .
pinem na kabʼ elewatz, kimbʼe wi in pa kaʼyibʼal .
ri nant oʼnnimwin aqchik, saquwiʼ, r onojelaqʼ abʼutz kunaʼo kat ʼuyiʼpa utem, kumi qʼ isajribʼ chori qʼ ij , kʼo junuwiʼu mam ubʼ iʼ ateʼk .
manekʼitaj riqu laʼ.
qʼ alaj china kawaj taj kabʼ ij
x paqabʼ isax rajil r onojelri kem .
kʼo pari julri kumatz .
r onojelqʼ ij kinchʼaj le nuw are .
saq chi kanle ichaj rech katzako .
chu xeleqachom al kaqatijwi jun qameqʼin .
chawilaʼ .
ekʼo jobʼum iʼ al, ri nut at.
jas rukʼx awil wi
jeʼjasri win aq rechri uw achulew, xoqujeʼke p ena riʼri eʼareʼche e rechri uw achulew; jeʼjasri win aq rechri kaj , xoqujeʼke p ena riʼri eʼareʼe rechri kaj .
xintijo .
k tzʼu juwri rach ochrip oʼx.
xuqʼ iʼo are le ukʼulel xyaʼowu wa .
riawel xretaʼmaj chi rajaw axik mankuxej ta ribʼ cheri t uk ur .
jukʼulaj win aqxeʼ anim ajbʼik .
jeʼ, xintzalij ik .
x oj petikx ol qakʼ amaʼ.
maj jachinxʼ ek .
in ajtij ; att ijoxel .
saquwiʼri t ataʼ .
wechri kem .
leroʼch leateʼk kʼo chw achle ukʼayle nun an .
k bʼe pari siriʼa e pari s ilis iʼ a, jawi jeʼ kuya wiri kichuqʼabʼ ri komonty ox .
p ixabʼ: manutzt aj kʼax kujchʼ awchikij nikʼaj qachil.
x kunataj le ali ( kum alri ixoqibʼ ).
rixibʼ ibʼal chi kʼowi pat aqri qakʼaslem al r onojelqʼ ij .
nakuj warta war al .
on chek kʼojiʼri utzil chixoʼl , arech junamri qakojonik , junam ri iwe chix rukʼri wechin .
pa oxqʼ ijri saʼnkbʼe narukʼri aj kun .
kawin aq wuqubʼ .
jaska wajkintijo ?
weta xat bʼe wukʼ pale t inamit, xa loqʼ ta laʼle u jast aqle akʼajol .
kebʼe pa waʼim.
xinloqʼ kʼiwa .
pajunnimkʼ acheʼlaj , kʼo junkʼ waʼ sibʼalaj saq loloj , nimuw ach.
k wajkatij jubʼ aʼwa .
r onojelwin aq k ril nari u kolonem ridyos ».
xkʼoto chin chikiw ach chi kin waʼ awukʼ
k wajna kat ʼetaj .
la xa loqʼ junalej ?
ekʼo rieloqʼ omanel .
ri ukabʼubʼ iʼri numa mar ey ay .
kinjo pijri ijaʼrecht riko .
xnaʼtaj chke xeat inik .
xateʼqilaʼ .
kakitij alanxax riwin aq .
... kinbʼ ij chi arewaʼs inxiʼ an .
naxin nabʼej ta chu tasik qakʼ olibʼal .
rum al rech cheweri in, kinchʼ awrukʼri dyos pa chʼabʼal , k chʼawna kʼuriʼri wux labʼal rukʼri dyos , kʼate kʼut mankʼota upat anriʼch rechri nu chomabʼal .
xe petik xkilo .
xuta we kat ʼ ek .
utzuk emikle pas chawe .
ri nu wakax xutij junqʼ oqʼ rum al riʼxkamik .
rum alrikʼ ix, man kewaʼtaj riwin aq .
xeʼ ulik .
qʼ eqrij ri amaʼchij .
xraj kaʼ ele unan .
junamki junabʼ .
naqʼalaj taj wekaʼ ek .
riwix nam chʼaj chʼoj ri rach och .
war al mankʼotaj ajawal .
na iwirta x ril lekʼam olbʼe .
xin pe loq te kʼuriʼ xintzuk uj r onojelri nu rajil .
riaj tikonel kutikri tzij .
kʼo e kikʼajol le achijabʼ.
k utij qʼ ayesri ix paʼch.
pari waʼbʼal ekʼo kawin aq achijabʼ .
sipojin aqri nupam .
kayaʼtaj ik rukʼut iʼonemjun riu riqomle yabʼila molotse tsé xuqujeʼ are kayaʼtaj pat aqri juyubʼ .
jachinri achi ?
ri nu mam xkamik aret aq kʼo jumuchʼ lajuju junabʼ .
kin kowinik kin kʼambʼile pwaq .
kinwilo chi utz riajiʼ.
xin qʼ il riap oʼx che man kachak un taj .
k waʼchi uw achle taqʼaj ri amaʼakʼ .
ri i mul xe poqʼ ikpa junikʼ .
xkʼ is kanoq riqachak .
are rialixoj ilow kanoq .
sibʼalaj chʼuʼj ri amax.
kʼonuw achiʼ.
in ch ajinel kechle akʼalabʼ .
xe kosletzʼ iʼ .
kinbʼe na kukʼrim olaj .
r onojel aqʼabʼ kinyi tzʼ ri wa kax .
kar apinik xutzuk uj chi junawaj .
le u kemik le pa sanin aq ( awum al ).
maju rajille qʼabʼarel .
kʼ axriʼri kachʼawik .
x oj ut aq chiʼj leachi chu loqʼi kichaj .
sibʼalajkʼ axri xkʼ ul maxik .
xkilo china kinkʼ oxomaj taj .
xnaʼtaj chkechixe at inik .
xkʼoto chin chikiw achchix oj alwoʼqa kukʼ .
junqʼ uʼq rajilri kax laʼnwa .
xinwi lo chi xeʼ elik .
ekʼo ixoqibʼ pale kʼaybʼal .
mankʼotaj ukʼ isikri maya bʼ aj labʼ alil .
ri sin k kʼ iypat aqʼaj .
richʼima mank kʼiy taj pat aqʼaj .
rajaw axikk jik ikri waqän .
kawajkinʼ ek .
ekʼo oxibʼ akʼ .
xubʼ ij chwe jawi atkʼo wi .
chweʼq kujbʼ eʼpa muquj .
pa saq kʼa jaʼkbʼ anwiri uq .
xojki sikʼ ij .
xinwil wibʼ .
chaqʼ chikri wa .
kimbʼe na ka pale w oʼch.
kawajkinʼ ek .
ri chʼuʼk t ij rukʼlej .
pari kiqʼ ij kamin aqibʼ kbʼan qʼori kʼyaʼ rechaj: nabʼe ri nan kutzuk uj kan riaj , kujachʼ oʼxuquje kukʼeto .
jas kajbʼalcha nim ?
utz uchomanik ri ali .
pari qʼ ijox lajuj t ijax kinkʼ iskebʼ junabʼ kin chak un war al .
sibʼalaj ko, ri kʼakʼ chʼat.
jaska rajkubʼ ij … ?
ri chʼ ichʼka silabʼik .
pa ojerqʼ al pul xaqxuwiri nimwin aqke kʼamowbʼe .
leu kunaxik le ukabʼu kʼutunik are rukʼe flor nitinaon ut unibʼ axikle nifur timo x chiʼle flor ni t inachecht .b.g .
are riachixin chʼayowik .
junachi ubʼ ik uʼx usipaj kebʼkʼ aʼm ulewrech kabʼ anri t ijobʼal , kamik, kʼo chikajt ijrechri komon xe chpup.
xum alty oxijche riajt ij r onojelle xukʼutchi uw ach.
pari bʼ exkiraq junalajim ul saqrij , xki kʼambʼik .
xril lebʼ al e ala .
jaskubʼ ijchwe ?
le uk un atajemare rukʼu tzuk uxik leuchi kopilpa junu solik uxeʼle kikʼonle jaʼ rechjunno do .
utz wenutzʼ iʼ .
jeʼ, t ajin kachaponik .
kin uloqʼoj le nut at.
kawaj kimbʼe pat inamit.
arelaʼ kin chak uj .
ri nimaʼqt aq win aq kʼo ketaʼmabʼ al .
weta xat bʼe wukʼ pale t inamit, xa loqʼ ta waʼwe jast aq .
ri kikʼaslem al . wa ixim ulewxa junchi ma aret at inimitri ma
ri ukʼ yabʼal na jupam .
xatqaj chiupamri il .
nojimka twaʼik .
we kʼojun kt uqaʼrik , ¿la man xoqujeʼt aj kint uqaʼr ri in ?
ojoj wok olja .
awaskbʼan kʼax che junnimwin aq .
xinchʼa wapan rukʼle w anabʼ.
kʼ axri upamri juʼl .
t ajin kewaʼri i mul .
la kaj lakuj tzalij la anin aq ?
rum al rech cheri makaj mankʼota ukowinem piwiʼri ix: ri ixm anix kʼotachi ch uxeʼ rip ixabʼ, xane ix kʼo chuxeʼri sipanik .
nim raqanle cheʼ.
xinchapo .
are le tuʼr le loqʼomanel .
xaskat kʼojiʼ chiupamri chʼ ichʼ .
sibʼalaj nim raqan rikʼam albʼe .
le tzʼibʼabʼ al wechin .
in xintoʼw la .
xaje kʼuriʼri ix kamik riʼmanix kax lanwin aq t achik; ri ix, ix rechri kit inimitri ety ox lajt aq win aq , ix rechri rach ochridyos .
xint ikox laj kʼ alichaj .
kaqariq qibʼ chweʼq .
sibʼalaj utz che riwiʼ ajri tuney .
we na jupulik ta xeqajik ...
xint oʼtaj cheri nuchak .
kʼo junchikop ubʼ iʼpum .
poqonri ik .
xojbʼinik .
xuchʼek r onojelle retamanik xpaqiʼk kʼax k wʼ inik xubʼ anaj kun .
kel ubʼ ikpari jud eʼa e k tzalij chi ubʼi jumul pari g alileʼa .
xinaxibʼ ij pabʼe .
jeʼl kʼolem chiaw ach och .
r onojelri yaʼtalil pawe qʼataj , tzʼaqatkiw ach, mank tz aqta kanoq xuqujeʼ manktast aj .
xu kunaj le yawabʼle ajqʼ ij .
chi t atabʼej jasle kimbʼ ij .
chʼan alri achi .
pabʼ ok oʼ kachak unwiri t ax.
uj kʼopa u wuq qʼ ij .
k iʼri ukabʼri aqaj .
kʼo rachalal pa tzʼoloj cheʼrip eʼl .
xkilochi kinkʼ oxomaj .
ri u ki sakʼutz kyaʼik chi uxeʼrit ikoʼn .
aret aq chiʼka qʼ an puwiʼri jukubʼ, riachi che xkʼojiʼri itzel ux labʼal rukʼ, kuta ch rechri areʼ, are chk kʼojiʼ rukʼri areʼ.
na kabʼ antaj ta wum al .
xnaʼtaj chke xeat inik .
xin pa j ri nut riko .
xeʼok ripokʼ pari umexarip oʼx.
ka juluwri aqʼaʼl chi uxeʼrit ʼuʼy .
awechle ja .
xujbʼe patzu rik .
nabʼe xatopanik .
ri ukabʼubʼ iʼri numa mar ey ay .
uw aj xaqu kakʼ alt aqanik(28) .
mata kʼojunka kanaj kanoq , qonojel kojbʼ ek .
e nimaʼq le alt omabʼ .
nimuw achrip oʼt .
kojonik pari utzij wa ixim ulew.
jas xukʼambʼi letzʼ iʼxa wi lo ?
xin petik, t at.
ribʼ elajuw ach.
chit atabʼej jasri kimbʼ ij .
jeʼl kunaʼri abʼix chiupam riquq ulew.
kinbʼ isoj uw achlewal .
xut ʼuyubʼ aʼ.
nim riawe qeleʼn xariqo .
xineʼwaʼ oq .
chiʼke warwi le akʼalabʼ .
rinum iʼ al xutaq loq junt aqoʼm wuj chiwe .
qʼ eʼlik, ri chajpa ribʼe .
la utz aw ach ? - utz m alty ox , e kʼuri at? – utz m alty ox .
xin kos rum al nu chak .
k bʼe kukʼri eʼareʼe k tz alij pari nas are te keʼunimaj .
ri joj xukʼambʼik riakʼ .
kʼo chiw achiʼl chanim.
kubʼ ij chechnaʼl kabʼ ancheri atzʼibʼ .
e... in kawajka tzj ojbʼila chwe .
mataxinyaj le ali .
jachin rukʼkat bʼe wi ?
kʼo sibʼalaj etaʼmabʼal pari maya bʼ noʼjibʼal .
e manxo rijupuq kej .
kas umumri kaqi qʼ .
ekʼo kajibʼ akʼalabʼ palebʼe .
jeʼjasri ut atk kaʼyik .
xaq atm olonel tzij tal .
le nut at kaloqʼon chwe .
xaqt ane kimbʼe iwukʼ .
xretaʼmaj uchʼajik .
rum al laʼxkoj “ xal qʼat” che ubʼ iʼri komon .
areleu kemikpas xretaʼmaj .
ri wat iʼt kubʼ annari upat an.
kʼakʼ le poʼt .
retaʼmuw achjachin x loqʼowri pas .
ke n chʼabʼej le akʼalabʼ .
yaʼtal chaqe qonojelri uj win aq utzkaqil qibʼ .
x kotiʼpa qʼ ayesxoqʼ ik .
kawin aqbʼ elejebʼ qʼataj .
ekʼo kajibʼr al ri i mul , jun saq , junqʼ an, junqʼ eq , junqʼ eqoj , sibʼalaj ketzʼ anik, kechʼ opinikri alajt aqimul .
k ch olol riachachal .
ket ekikri ikʼ .
xe petik rechkewaʼ iwukʼ .
tz a tzri uqʼ anil riakʼ .
x ojtz alijikxi xeʼqa qʼatuj kukʼ le i t atin an .
ri yoʼxtaq akʼalabʼ kekikʼux riatzʼyaq .
we a chiwe xusipaj junpoʼt chwe xkamik .
k kowinri kunanel che kunanik .
x ji qʼ parip olow.
xarum al sibʼalaj rajaw axik le loqʼ alaj jaʼ, lewin aqxkibʼ ij: chewe ikʼ riʼ qonojel kujbʼe che utikik t aqcheʼ.
ri unane ri e rachalal ke pe uloq rukʼ riareʼ, kʼate kʼuriʼ, manke kowintaj keqibʼu koq rukʼ, rum alrech che ekʼo sibʼalaj win aq .
rum alrech, che mankʼota junk kowinche ukojik junti kibʼ alil chik chuw achri kojomchik cheare rijesus k risto .
te kʼuriʼxu tzʼibʼaj ribʼ pari nimalajt ijobʼal rech ajkuʼn .
ka juluw richʼum ilcha qʼabʼ .
kʼ isbʼal kanoq , xoqujeʼk kamri ixoq .
le alax ok ik .
kʼo pwaq pauwiʼri mexa .
are kawaj na kinʼet aj .
ri yawal kukojri ali chi uxeʼ richa kachare usuʼt .
na kaqa kʼam t uʼbʼi kamik .
riajt ij kubʼ ijchike : rajaw axikke qachajij riawaj , are ut ikoʼn riajaw.
xint ij muk uniwir .
kʼax le uwiʼt aqlen uqʼabʼ .
xinloqʼ junilbʼ al wi bʼ .
waʼwe qʼ ij, nimubʼ antajik .
ri uxeʼ al riqat inamitman kasacht aj .
xojbʼinik .
ri achalal junamkiw ach.
xin wetaʼmaj rilik wibʼ .
nimri unaʼoj wajtij .
mi qʼ inrikʼ ul .
ajqʼ ojomri ateʼk .
che le sanik cheʼkbʼ anwiri qʼ ojom .
kap eleawel panawal jaʼ.
rim esonel t ajink chak unik .
utz chaqe kaqat oʼqibʼ, t aq kʼokʼ axkʼolil , ka tewechiʼn riajawpa qawiʼ.
xawilo , x qʼatanle ibʼ oy .
xatkowinik xabʼ ano .
kiʼri kʼawex .
kajil ilribʼe .
le alixelbʼ ik .
areʼxraj xinbʼ ano .
nimwe abʼ aj .
jeʼl ik ut iʼjolalri saq koʼr .
nojin aq rikej .
we kat ijan xux manka tutoʼta chiu qʼatixik le kʼakʼ yabʼilc or onavirus ( 2019 -ncov) .
na nimta raqan waʼwe cheʼ.
utz alaj ajchak, ri wel .
¿jampaʼ kujbʼe panimaqʼ ij ?
rajaw axik t ane laʼkat chak un wukʼ .
xutaq chiʼj pa war ampulew.
manareta riax wanxelik .
ri awix xuloqʼ rach ochre nim al .
are ri ixoqxin sikʼ in uloq .
richʼima kʼat ʼonna .
laxibʼ anle ichak ?
kʼit inamite kʼopa chʼoʼj .
kʼo jupuqchij chi uxeʼ richeʼ.
riu xaq riabʼix are uw arikej.
kawin aq qʼataj .
la kix pe pat ijobʼal ?
we kechajix t aqle kʼwa jachakinbʼ ij ; junalik kʼojaʼ xuqujeʼ sibʼalaj saq loloj .
xretaʼmaj .
ri alabʼom ri alitomabʼt ajinkikit ijojkibʼ rechs ut aq , are kakaj ki kibʼ annimaq achijabʼ chupamri kikʼaslem al , xuquje kʼo chik jupuqbʼ ixonel chupamri komon .
la tzʼuw achribʼe .
kʼakʼ riachʼ ichʼ .
qonojel uj , uj mayabʼt aq win aq .
nojel qʼ ijri atiʼx kuyuqʼuj let aqawaj jelaʼpa nikʼaj jaʼ, chirijri juyubʼ ubʼ iʼten aʼ.
pa qʼ omchik risiʼ.
kintzuk unche la .
kakitij le kinaqʼ, le ichaj , le uw aʼlik rukʼle j .
xe kanaj kanle ajchakibʼ .
ket ikonri achijabʼ.
sibʼalaj itzel ubʼ antajik richʼila kan .
riateʼk xum alty oxijcheri rat iʼt, rum alri utz alaj noʼjibʼal xukʼutche ch .
k kam ulix uchak riabʼix .
laxin utzuk uj let ijoxel ?
areʼkachak un r onojelqʼ ij .
le e kʼ aʼna t aqtzʼ iʼ.
saqrijrip la mux .
jas xaqʼ iʼ ox atijo .
jasrukʼ xkichapwi ut ijikle ri kil ?
we kat atin rukʼkʼat anjaʼmanku qʼatej ta le kʼakʼ yabʼil cor onavirus .
la kat bʼin pale ux lanbʼal ?
la war al kʼuxix waʼwi ?
are le nuta t kin loqʼonik .
tajink chak un ri ala .
kʼo ri kiʼkotem alaw ukʼ .
xuta jachin kaʼ ek .
xatwaʼikx inwilo .
xtzaqri rach och rum alri jabʼ .
pale junikʼchik are nimaqʼ ij .
e kebʼäm kebʼ inpauwiʼri te m .
memria chi .
ri wi kan chaliʼy kelpa juyubʼ chwi tziribʼal .
le rajil, la paja xelaqʼax wuʼbʼ ik ?
pari suʼtp isomwiri lej .
koj petik kol qakʼ amaʼ.
t ajin kat chʼopin chiuw achri taqʼaj .
le qʼ or xchʼuq ik .
kʼax waʼima wum al .
kinbʼ ison chelewal .
sibʼalaj kʼokʼ ri awatzʼyaq .
kamik xujbʼe che utikik t aqcheʼ pari juyubʼ .
kin uloqʼoj le nut at.
chaqiʼj chikrichaj .
xyilix haw ayi .
na xnaʼtaj ta chke chixe at inik .
rukʼkʼu waʼwe riʼ, ri ix k kʼojiʼ junutz alaj ikʼaslem alriʼ chkiw achriwin aqche manekʼota iwukʼ, kʼate kʼuriʼ mankʼota junwin aqriʼ rajaw axik chiwech.
e petin aqpabʼ ele rachalaxik .
kakaj le akʼalabʼ kewaʼik .
xuj chʼaybʼik .
ri nuchak are qʼaxel tzij .
kʼo narux labʼ riawaj .
t ajinkel loq, ri qʼ ij .
x uqʼ iʼo xkam saxri rachalal choch.
ri nu mamare kʼo uqʼ inom al .
xkʼ ul mataj jumul , xubʼ anjunnim alaj jabʼ, manxbʼ eyet aj ta na xukʼ isle uyuqʼ chike .
amaʼri nu tzʼ iʼ .
jewaʼkat petik .
xin kosik rum al xinchak unik
i wech chijujun al, ri wa .
xuqʼ iʼo na xat atin taj .
in riqt ajin aq parikʼ ayibʼal .
nawetaʼm taj .
kʼax le n uqʼabʼ .
utz le xubʼ ij leachi .
kematzʼibʼ .
kʼo rachalal pa tzʼoloj cheʼrip eʼl .
r onojel waʼwe jast aq riʼ, xask sachwi uw achwaʼ; rukʼweriʼ, ri ix, rajaw axikche kʼo junty ox laj ikʼaslem al ek kʼojiʼri ichʼawem rukʼri d yos,
x muq taj ri pa tzʼ an .
ri chʼ ichʼ tzijom kanoq pari ukʼolbʼal .
mankʼota uch olajpat aqri a wuj .
jachike ikʼ le u nimaqʼ ijlet inamitna wal jaʼ ?
xe petikx ol kikʼ amaʼ.
kachuqʼ chutrij aʼchiapam .
xinbʼ ij iwirchi xebʼe paarmita .
areʼuxeʼ ojertzij war al kʼ icheʼubʼ iʼ .
xkʼ isri nu siʼ .
jawi xkibʼ ij wi chikeʼe wi ?
¡xaje kʼuriʼ, jachint aqriekʼo pari jud eʼa , chi chanim cheʼa nimajubʼi pat aqri juyubʼ,
kʼakʼri abʼ .
la kʼojunna kakʼ oxomaj taj ?
na utz ta le ut ʼ isom le almariy .
manyaʼtal taj chiawe katokpa ja .
jeʼ, xatutzuk uj .
are kelwaj xaqibʼ uqʼ ijri xkʼojik .
rixun kur k kʼojiʼpat aqri t riko .
xin sachik .
xut ʼuyubʼ aʼ
nanuto mtale tzij …
wa chʼomri kiwari noʼs .
ekʼo jobʼ chʼ il wakʼ .
rajaw ixikchipat aqri t ijobʼal , panikʼaj ubʼ ixikchik
ri rajaw rulew areʼt atkel .
we kʼuxokik , wekʼ nax ok ta
we achi xu sipaj junpʼotch we .
atatut aqoʼn le qʼataltzij .
na qʼ anta uw achleqap rut .
ri xaʼr kʼo pauwiʼri qʼ aqʼk poqʼowik .
ri roqʼ ejri ali jachak pe junakʼal .
kʼojunala pat ijobʼal .
säq uwiʼri t ataʼ .
riwitzi kʼt ajink pe loq .
jawi xsachonwi kanuyaʼik le pwaq che .
utz we a chiwe xin kunanik .
qonojel kuj waʼpa uwiʼri mexa .
rikax laʼnik man poqon taj .
in xinbʼe rukʼri wachiʼl .
sibʼalaj jeʼl xkilo xekitzoq opijri kichij chilaʼ.
kinbʼ inikxinʼe k .
kʼ axkʼolik , kachaʼ.
kutij ixim riakʼ .
ri alixchel , xu qʼ iʼo xa jun akʼ xsipaxche .
xqasikʼ ij le ixoq chutzakik subʼ .
mata xabʼ insajlechʼ ichʼ .
rip ix tzʼar al ik rum alri eqaʼn .
¿jampaʼkel chi 3%
kʼojunnu kʼotoj chiʼaj .
t ajin kewaʼkatri alabʼom .
xin loqʼ le nukʼakʼap oʼt.
na utzakik tas ubʼt ajin kuʼ ano
x oj ut aq chiʼ ij xoj waʼ ik .
iw echriabʼix .
saqrijri chij .
ajsik cherit inamitkel wiri t ataʼ .
-¡ ay ! xaxin tz aq uloq , kʼax we waqan .
xkʼ ul matajpa junkomon chiʼuw achjun juyubʼ, xuriqa junqʼ ij xkiriq kibʼ junimul rukʼle kok .
jas xat aq chiʼj le akʼalchu t ijik ?
xinchap osuxuloqʼo .
qʼ inom riachi .
ri kʼum k t ijow rukʼkabʼ .
t ajin kejachʼ anik .
tzebʼal u kemik le pa sa wum al .
are kayoʼwle uchik opille ubʼ antajik t ry panosom abruc ei .
we kat nimanik utzkelik .
pero noʼjimal petnaq loq, .
are le nuchak juntzuq bʼal wi bʼ .
x kunax le yawabʼ rum alle ajqʼ ij .
ri ukʼ uʼx tzʼibʼ paqatzije lajuj .
sibʼalaj jeʼl ikrieqabʼ al xubʼ anri luʼs .
sibʼalaj atkon .
e manxo rijupuq kej .
na xnaʼtaj ta chke xeat inik .
rikʼam albʼe xubʼ ijchike , chi majari anim .
jumuchʼ ri nu junabʼ .
qʼip t ajin aqri raqan ri te m .
k chak un rukʼri josbʼal cheʼ riajanel .
xat aq chiʼj le akʼal chut ijikkar .
oj kʼopale roʼchle awel .
¿la katp equkʼ chweʼq ?
lewin aq palechʼ ichʼe t ʼuyullo wi .
xkanaj kanoq chi uxeʼ rijabʼ ri chʼaʼn .
nimrija .
weta xak unaj le atatmatax kam laʼ.
nanukʼamom t uʼla riʼ.
chqa nukʼ uʼri qatzij .
kimbʼe palet inamit.
xin qʼ iʼo naxin atin taj .
rajaw axikka kʼam an chawe le ut ijik le lej .
kʼ isbʼal t aq noʼjibʼal .
