xineʼ waʼ oq .
xkibʼan kʼax che le uwosaq rumal man utz ta chi kakayik .
riqʼutuʼm man kech ta le a kʼalabʼ .
are na nim ta lea tzʼiʼ chuwach le nutzʼiʼ .
xepetik xol kilaʼ .
¿jawchiʼ xataʼ che xkam ri umam ri poʼx ?
e kebʼ kekʼambʼik pa tuj .
xin loqʼ jun ja pari wokaj ja .
ria xtuʼbʼ, kʼoqulaj chech .
jas karaj kaʼan ch utzakik le tiʼ ij .
xutij le wa .
ximbʼal re tzij .
xpa xribʼ oʼj .
we kawaj kat in toʼo xaq xuwi kabʼij chiwe .
jas nukʼu kuchʼobʼo .
jas karaj kutijo ?
xe xr uxlabʼ ririkil .
e nitzʼ aʼq le taq i mul .
we tanein xin bʼanow ik , are le at eʼk xbʼanow ik .
kin tzalij pale nu tinamit .
ri nuchaqʼ kʼo pa uroʼ qʼatoj tijonik pari tijobʼal .
xin xiʼj wibʼ xinchʼawik .
kʼo chwa roʼ ch le pare .
chi raqan kabʼin wiri tataʼ .
xsach on kan uyaʼik le pwaq che choja .
xinqʼax chikixoʼl riwinaq .
ketikonik .
ri ulew man qech taj , kech ri qa tiʼt qamam .
xepe lewinaq xol ki kʼamaʼ .
xuloqʼ ri wuj rumal riali .
che we qʼij kamik kʼojun nu tzijonem chirij le nu tinamit .
kej riʼ .
xkunan alaq chwe .
kin usikʼij le nunan .
rii mul xuchʼij taj , xkanaj pabʼe , rumal ri nimal kujal uj rii mul , xutzaq ria nim .
kubʼan ri uxoqʼ oʼl riaj tzʼaq .
rila sibʼalaj utz che kunabʼal .
kʼi kiwach ri eʼ ajchakibʼ pari komon tyox , kʼate kʼut xa jun chi ajawxel ;
xqatachixa tulik .
kawaj chika tʼe k .
chʼutiʼn kekanaj ri xa jabʼ chech .
kaqaxiʼj qibʼ kaqachapo .
ekʼo kebʼ ukʼajol le tat x wan .
luʼ su bʼiʼ ri rech am .
aj chiuwiʼ miqʼin jaʼ riluʼ .
xin yakan le nuchim pakʼaybʼal .
kʼate xrilo , xpe ri unan che utzukuxik , xkikotik ,xusal abʼisaj ri taqux kin .
xkikʼut chiuwach riaj tij xuqujeʼ chikiwach ritaq nikʼaj kachil .
utz le nuqʼabʼ .
kul le alweʼl paa us tin chaqʼabʼ kamik .
riat eʼk xtzaq loq arechi kʼo pauwiʼ riqʼaʼm .
aj patan riteʼ k.
xa tqaj chiupam riil .
la kʼo tzij na kikʼoxomaj taj ?
xsachon chkech ixe atinik .
ronojel le ulew e chalaq .
la xebʼe kʼulaxeʼ ki ja qa kʼu le uchiʼ ja ?
xaq kat chʼok naj iwir .
kamik kʼo chi ri jastaq awe .
arechiʼ kakʼis ri junabʼ kʼo qʼinom .
pa nawal jaʼ xinalexik .
na xintataj we are ri akʼal ki xtzuquwik .
¡rulew ri sabʼulo nerulew ri neftali, ubʼe ri polow , rulew ri jordan, g alileʼa kech rije taq amaqʼ !
rax , rax , rax , kʼokʼ , kʼokʼ , kʼokʼ le ruxlabʼ le taq tikoʼn .
a chixat wilo .
paqal rajil le p i xkamik .
xoj bʼinik .
pajun jeʼl tijobʼal kutijoj ribʼ juna kʼal , ubʼiʼ poʼx , utz kurilo kepa tijobʼal ronojel taq qʼij .
xwaj chixa tʼe taj .
utz laʼ le xubʼij le a chi .
wetaʼam jachin kapetik .
kin qʼojomanik .
xinqʼiʼo takʼalik xinpetik .
areʼ retaʼm che kin opanik .
aretabʼale qa qajaw chat toʼwik .
kawinaq waqibʼ qʼataj .
naqaj chik cheri uwaq kajbʼal aretaq chiʼk sach uwach ri qʼij , kok ri qʼequʼm chuwach ulew , chi kʼateʼ na ri bʼe le jebʼ kajbʼal .
jobʼ raqan ritzʼalam xeporoxik .
sibʼalaj korij ri mo p .
arewaʼ .
jelaʼ pari timinit chwi kab y ok rech xelajuʼ, le qa nan qatat kakitiko jeʼlalaj taq uwach ichaj .
kʼaxnuqul .
xuʼl ukʼamaʼ .
kojul kitzukuj .
are man kʼaxta ukunaxik aretaq aninaq kaʼilitaj we yabʼilal xuqujeʼ mojoʼ qa kuyaʼ le kʼax kʼolil chech le jolomaj .
ri wel kʼo pa tijonik .
kawaj kinbʼij .
ri kotzʼiʼj kqakoj chiupam rija .
qʼeqqʼoj rij ri amaʼ kej .
na xwaj taj xinchʼawik .
chpetabʼal e loqʼalaj jabʼ .
xsachon chke xa tki sikʼij .
e le qʼal chʼichʼ .
jachin xa wilo chi are xtijow ri tiʼj ?
ma takabʼe len uxbʼal pale tinamit .
p im ruq , ri ali .
¿ kʼo ri muqʼe chiawech ?
kqabʼij man kekowin taj .
kin tijna .
kʼojun qa tʼuʼy paja !
kʼo puj chiupam richʼaʼk .
aretaq kin kosik kin warik .
xat waʼ ik xin wilo
in xin chʼayow le a chi .
konojel rialaxik keʼ etzʼanik .
jas rukʼ xkitij wi le kirikil ?
aninaqil kat petik .
nar axta uwach le juyubʼ .
ritzʼalam tzʼibʼa bʼal rax kkayik .
we chat chakunik , kʼo awa .
maʼ tam xat pe cheri waʼim .
kamul kin waʼ na .
ri sikil ktijow rukʼ ik .
kimbʼe aqʼan rukʼ le altalin .
xoj ʼek xeʼ qil alar qas ok .
xekiqʼ il le ajchakibʼ xkiwok le ja .
ma tanex waj le kʼuhj nem rukʼ le at eʼk .
are xeʼopan chiuchiʼ ri juyubʼ , xkilo chiman qastakʼo qʼayes .
kʼate kʼut , rijesus man kkojon ta chkech ri eʼ areʼ , rumal rech che konojel retaʼm kiwach ,
paʼ tz rij ri tzʼiʼ .
juwinaq waqibʼ qʼataj .
at elaqʼom .
xaqat joʼs .
ri qʼatzu, are qʼalaj ri uqʼijil .
ajchak we ala .
ubʼe le ju kakʼal taqanik (29) .
kebʼn ubʼiʼ kʼolik .
la katzalij luʼ la aninaq ?
katzukun la chwe .
la kaj la koj bʼeʼ palechomal chweʼ q ?
xin nabʼej chuta si kqa kʼolibʼal .
lal xintoʼwik .
sibʼalaj a noʼjibʼal .
xoj petikxol qa kʼamaʼ .
sibʼalaj jeʼl ik riuwaʼl riichaj .
kʼax wij rumal in pacha lik .
aretaq xukʼul maj waʼ xul ri uchomanik xubʼij : are utz wa aqʼabʼ kin walijik , arechaʼ cha nim kinopan pa tijobʼal , maj chi kinkʼul maj .
oj aj xojolobʼ pa awas qʼij .
xin sach che le uwokik le tzij .
e julajuj riakʼ .
xuta jampaʼ koj ʼek .
qil ik .
ritijoxel man areta nim chuwach ri raj tij . ri utz tijoxel qas jeriʼ kʼolik jas riraj tij .
in xatin chʼayo .
noʼjim chak wumal .
chʼu r ri jochʼ .
in kinbʼij na kat sachtaj .
uj mayabʼ .
ri abʼaj ya tzalik .
tajin kepixbʼax ria kʼalabʼ .
chom ria q.
xin warik .
elemen konojel ria kʼalabʼ .
tajin kqʼana ri k ri wereʼ aj .
le ukemik le pa sutz ( chawe ) .
xuyu pubʼa uwach raʼ chi , kachaʼ, .
risatanas kok pari judas ri kbʼix is kariʼo te ch rech , riareʼ jun chkixoʼl rie kabʼ lajuj .
chuchu ri par .
kinqumuj ri nu jochʼ .
chech p unción lumbar amaqʼel rajawaxik chech rilik le ukʼex bʼem wi le nabʼe rukʼ le ukabʼ ukʼutunem le yabʼilal .
qʼalaj chi na kawaj taj kabʼij .
kʼoqʼol chirij risiʼ .
jawi xojʼewi ch uloqʼik ?
kʼo ulochʼ ri talin .
qʼan rij ria tiʼt nukej .
la xtzalij la iwir ?
xesikʼixik , kʼate kʼu riʼ xeyaj ik , xuqujeʼ xetaqbʼi che usikʼik le mes .
la kixwarik ?
are kʼu le palo max xubʼij che :- mam kat bʼison taj , kin sikʼij nikʼaj wachiʼl kerapapik .
aʼre e tijoxel abʼ .
rialaj alisiʼl xubʼij xqachap pautzal ri tyox .
xsachon chke jachin xe atinik .
jas xurayij lea nan xutijo ?
xin kosik .
rax ronojel riqʼayes rumal le jabʼ .
kinya waʼ we chʼichʼ pinem na utz .
noʼjim upachʼuxik le nuwiʼ .
naj kʼowi le woʼ ch chuwach le tijobʼal .
ri okibʼal kʼo chiuwach ri saq ja .
xenutaq chʼij kekil le a kʼalabʼ .
kʼojun qʼoxowem chiwe .
tzari choʼm .
we chojbʼe pale nimaqʼij , keqil le aj xo jolobʼ .
xoj ʼek xeʼ qil alar qas ok .
riateʼ k xutaʼ chech rinan toʼn : - nan jascheʼ chiman kajtal a qakʼatisaj ri joʼq .
ripal sibʼalaj xuʼy .
kin koj ri jokbʼal ulew .
in kinbʼij na kat sachtaj
at raj kun le nunan .
kuqamuj ujoron riaj tzij .
luʼ tzʼalam ubʼiʼ ria chikel pa nim cheʼ .
jeʼ li kutiʼ jolal ri saq koʼr .
kʼojun xaʼ r pa ja .
xin loqʼ jun kʼakʼ patan .
kʼax ukemik le pa sa wumal .
aninaq ukemik le pa sa wumal
ri chʼaʼn sachinaq pa taqa bʼix .
rax taqle kotzʼiʼj .
me som kanoq ri upam ja .
man areta ralax kosik .
ri komon xechpup rech uqʼabʼ tinamit xoʼl abʼ aj rech qʼu mar kaj .
la utzakik kʼusubʼ tajin kuʼano ?
katel a !
na xutij taj .
xa rumal ketaʼm konojel riwinaq kkiqumuj le jaʼ .
iwir xuj tzalij la pa kʼaybʼal .
qetaʼm cheri qawakuj utoʼo .
riaj tij , kyaj on chikech ria kʼalabʼ .
jas ubʼanom le nu chʼutitat ?
chweʼ q kinbʼe pa nim tinamit .
utz we kiwetaʼmaj jas kubʼij richolbʼal qʼij .
tajin kat jilow che uqʼoxom jolom aj .
xinti kqʼax chiuwach rija .
kʼax le kibʼe le winaq .
loqʼ katkun taj che le yabʼil (covid-19) .
ri n uxibʼal kel paqajbʼal qʼij .
xril riaxwan chix waʼ riala .
le alix kunatajik .
weta kape lej abʼ kamik .
xin wetaʼmaj chinaxat pe taj .
ri pwaq rech we qʼataj riʼ kesax chech ri tojbʼal kʼayinem .
ktij ri uwaʼlik rumal ri kinimaqʼij .
xuchapu kunaxik .
cha tan loq ali .
xin xuliʼ qaj oq .
jeʼl ik ktijow ri taq ik ox .
kʼate kʼu riletat xoʼr xubʼij , man kawaj taj , man kawaj taj .
kʼojun tzʼiʼ pabʼe .
kamul xinpe che a tzukuxik .
man tajin takin chakunik .
kin chakunik rech kat waʼ ik .
jas rukʼ xa wilwi chi xkiqupij wile tiʼj .
jas ubʼixik … ?
koqʼ ri akʼal .
kawaj na ka tʼe taj .
xat qʼajik .
wem na cha loqʼ axiyal , na kimbʼe ta awukʼ .
xopan le wuj awukʼ rumal we chin .
are kʼut pale juyubʼ kkʼiy joron, chilaʼ xekikʼama wi ri jaʼ riwinaq .
koqʼ ri akʼal .
we kʼo a rajil cha kʼamal oq .
are sibʼalaj kaq le apoʼ t chuwach le nup oʼt .
xin kʼastaj pakabʼ lajuj kajbʼal .
ka qoyʼej na kixpetaj .
kok axim ri chij xa jelaʼ man kanimaj ta bʼik .
ri kok nojim xbʼe k , xuchʼijo xopan pa ukʼisbʼal il le anim .
xoj kiʼkotik aretaq xa tulik .
kaqitzʼ naj riu xa jabʼ ri akʼal .
rijesus kwaʼ kat pari nim rachoch ridyos , chuxeʼ ri jun ja che rachoch ri salom on .
wetaqanik riʼ kubʼij chi rajawaxik kyaʼ uqʼij ri winaq xuqujeʼ ktoʼ aninaqil .
ria xux are na ri ukunel rikinaqʼ .
aretaq waʼ ri uqʼijol wetaqanik .
kʼojun tabʼal pauwiʼ ri xka nul ubʼiʼ lajuj noʼj .
yuʼl ubʼanom ri ukolobʼ rikej .
xanimaj riakʼal chiuwach ri uchuch .
kkunan ria chi .
kin waʼ ik rech na kin yowaj taj .
aj xik chʼichʼ riluʼs .
kwaj che ixkix bʼanow ik .
aʼre xetoʼw alaq .
xoj ʼek xeʼ qil alar qas ok .
xin loqʼ jun chʼichʼ ,qajinaq uwach .
ku tʼis ri p antalon .
e janipa le awal kʼwal e kʼolik ?
utz ukemik le pas chawe .
ri max are aj qʼaniyaʼ .
mata bʼa chi riq kʼax pale bʼe .
tajin kanimaj , ri meʼs .
ixi xeʼ laqʼomabʼ !
xsach an chwe .
e kʼo kʼi cheʼ , chiuwach ri juyubʼ .
arewaʼ rinimalaj pixabʼ e arewaʼ rinabʼe .
xretaʼmaj chi rukʼ pa kʼkutij wi
jas utzakik le su bʼxuʼan o ?
aj xoʼy ri wi kan .
we tane aʼre xetijow le ri kil , are le komon xetijow ik .
sibʼalaj aninaq kachʼaw le areʼ chi nuwach in .
utz we kinchakuj .
meʼs laʼ .
kʼo kan wa rech kaqatijo .
xin sikʼij la .
ri akʼal xsach kanoq jelaʼ pataqʼ aj .
xesikʼij la .
jawi xkibʼij wi chi keʼewi ?
rumal che , man ixta riʼ ri ki xchʼawik , are ri r uxlabʼaxel riitat riʼ ri kchʼaw na iwukʼ riix .
kʼakʼ riwachoch .
sibʼalaj utz kinwil le atzʼyaq rech na hu ala .
saq por kkay ri kipoʼ trinan .
xsach on ri nuchak chwe .
waʼim xuchapo .
ri qʼaqʼ tajin kajuluwik .
najil upam risiwan .
e kʼo ri qachalal pa chiuwiʼla .
jas xa taq chiʼj le akʼal chutijik ?
noʼjim ukemik le pasa wumal .
kʼojun kuku bʼiʼ tintin, waʼ le laj kukmam kaj e qitaj , kapaqik a xu lik pauwiʼ uqʼabʼ taq cheʼ , sibʼalaj sakʼaj , keʼuto le e nimaʼq , chʼutin , rachiʼl , aj sipanel sibʼalaj utz ranimaʼ .
ri upixabʼ le qʼatbʼal tzij kiyaʼ ubʼixik .
nax sachonta chkexe atinik .
xeqil le chik op puwi le ja .
xloʼ taj ri akʼal .
qonojel kuj waʼ pauwiʼ ri me xa .
xsik ir le waqan .
la xat waʼ kʼut ?
nim ubʼaqʼ ri tulul .
kin xikʼ ikʼik xinqʼaxik .
la katbʼe pale tinamit ?
ripal sibʼalaj saqʼ or .
kqʼoxow nujal om .
xin naʼo chi kat petik .
xloqʼ ulew iwechix .
xinchakun rukʼ rinumam .
na xqabʼan taj .
kkʼojiʼ bʼaʼ ri usipanik riajawxel jesus kristo rukʼ riaw uxlabʼal !
kin chʼaw rukʼ le nunan pale chʼawebʼal .
sibʼalaj qʼequʼm rumal ri mayul .
are le ba xulik .
xekos le ixoqibʼ palebʼe .
kʼax rilik le akʼal chawe .
xinqʼiʼo xinatin pajoron .
sibʼalaj nim le tinamit .
kʼax ukemik le pa sa wumal .
xin sachik .
tajin kel ukikʼel paraqan ri tzʼiʼ .
xin wetaʼmaj rilik wibʼ
ri qʼuqʼ are jun jeʼl chik op .
kʼo paja tijobʼal riwikaqʼ .
ri sachibʼal mak rajwaxik chi qa xoʼl .
jeʼ, kimbʼek .
jela leʼ ri nupwiʼ .
xubʼij che :- jas xa bʼanot intin ?
kabʼan jun toqʼobʼ kyak rinujal .
katʼekxin ta .
jas le ukʼex bʼem ribʼ le jun rukʼ le jun chik ?
aj chiuwiʼ miqʼin jaʼ riluʼ .
ri tijonel naj kpewi .
teʼ ki xchobʼ ubʼiʼ rinutat .
ri jaʼ kamiqʼik chiuwach ri qʼaqʼ .
ri tʼuʼy k paqʼowik .
kin meson na .
naqaj at kʼowi chiwech .
xin bʼisonik taq na xat p et taj .
we xkam riwinaq , ri pwaq rech tojbʼal makaj kyaʼ chikech ri ralaxik .
ri nunan xbʼe pakʼaybʼal .
xoj ukʼam uloq rech koj rilo
xkʼoto chi n chikiwach chi kin waʼ awukʼ .
na xkikamsaj taj xkikʼambʼi choja .
kʼakʼ ri ikʼ kamik .
ximbʼe rukʼ le aj kun iwir .
rilik .
le tzʼiʼ xekosik .
xin kikota wumal .
rii mul xumaj ria nim , xuya kanle kok .
kʼooj cheri akʼal .
xuj bʼe pajun kʼulanem .
utz we kwar alaq .
kaqilo chi na koj ukʼamtaj .
xretaʼmaj chi rukʼ pa kʼkutij wi .
sibʼalaj xinkʼaʼ na rik .
xin kochij rinuwa .
man katkowin taj kat chakunik , weman kʼota ri ajilabʼal .
we wonon xubʼij chike : -kixin to .
riala nim kril wiri umam .
xkaʼy chirij , xkaʼy chuwach , ma kʼota chi jun ksilobʼik ,xoqʼik xuxeʼj ribʼ xchʼopinik xtzalij loq xuriq tachik ri ubʼe .
kʼo pus che riwa .
pinem na kabʼ elewa tz , kimbʼe wi in pa kaʼyibʼal .
ri nan toʼn nim winaq chik , saq uwiʼ , ronojel aqʼabʼ utz kunaʼo katʼuyiʼ pa utem , ku miqʼisaj ribʼ cho ri qʼij , kʼojun uwiʼ umam ubʼiʼ at eʼk .
mane kʼitaj ri qulaʼ .
qʼalaj chi na kawaj taj kabʼij
xpaq abʼisax rajil ronojel ri kem .
kʼo pari jul ri kumatz .
ronojel qʼij kinchʼaj le nuware .
saq chikan le ichaj rech katzako .
chuxe le qachomal kaqatij wi jun qameqʼin .
chawilaʼ .
e kʼojobʼ umiʼal , rinutat .
jas rukʼ xawilwi
jeʼ jas riwinaq rech ri uwachulew , xoqujeʼ kepe na riʼ ri eʼ areʼ che e rech ri uwachulew ; jeʼ jas riwinaq rech ri kaj , xoqujeʼ kepe na riʼ ri eʼ areʼ e rech ri kaj .
xintijo .
ktzʼujuw ri rachoch rip oʼx .
xuqʼiʼo are le ukʼulel xyaʼow uwa .
riawel xretaʼmaj chi rajawaxik man kuxej ta ribʼ che rituk ur .
jukʼulaj winaq xeʼa nimaj bʼik .
jeʼ, xin tzalijik .
xoj petikxol qa kʼamaʼ .
maj jachin xʼek .
in aj tij ; at tijoxel .
saq uwiʼ ritataʼ .
wech rikem .
le roʼ ch le at eʼk kʼo chwach le ukʼay le nunan .
kbʼe pari si riʼ a e pari silisiʼa, jawijeʼ kuya wiri kichuqʼabʼ ri komon tyox .
pixabʼ : man utz taj kʼax kuj chʼaw chikij nikʼaj qachil .
xkunataj le ali (kumal ri ixoqibʼ ).
ri xibʼibʼal chi kʼowi pataq ri qa kʼas lemal ronojel qʼij .
na kuj warta waral .
on che kkʼojiʼ ri utzil chixoʼl , a rech junam ri qa kojonik , junam riiwechix rukʼ riwech in .
pa ox qʼij ri saʼn kbʼe na rukʼ riaj kun .
kawinaq wuqubʼ .
jas kawaj kin tijo ?
weta xatbʼe wukʼ pale tinamit , xa loqʼ ta laʼ le ujastaq le akʼajol .
kebʼe pa waʼim .
xin loqʼ kʼi wa .
pajun nim kʼa cheʼlaj , kʼojun kʼwaʼ sibʼalaj saq lo loj , nim uwach .
kwaj katij jubʼaʼ wa .
ronojel winaq kril na ri ukolonem ridyos ».
xkʼoto chi n chikiwach chi kin waʼ awukʼ
kwaj na ka tʼe taj .
la xa loqʼ junal ej ?
ekʼo ri e loqʼomanel .
riukabʼ ubʼiʼ rinuma mareyay .
kinjopij riijaʼ rech triko .
xnaʼtaj chkexe atinik .
xateʼ qilaʼ .
kakitij alan xa x riwinaq .
... kinbʼij chi arewaʼ sin xiʼ an .
na xin nabʼej ta chutasik qa kʼolibʼal .
rumal rech che we riin, kin chʼaw rukʼ ri dy os pa chʼabʼal , kchʼaw na kʼu riʼ riw uxlabʼal rukʼ ri dy os , kʼate kʼut man kʼota upatan riʼ ch rech rinu chomabʼal .
xepetik xkilo .
xuta we ka tʼe k .
utz ukemik le pas chawe .
ri nuwa kax xutij jun qʼoqʼ rumal riʼ xkamik .
rumal rikʼix , man kewaʼ taj riwinaq .
xeʼu lik .
qʼeqrij riamaʼ chij .
xraj kaʼel e unan .
junam ki junabʼ .
na qʼalaj taj we kaʼek .
ri wi xnam chʼajchʼoj ri rachoch .
waral man kʼotaj ajawal .
na iwirta xril le kʼamolbʼe .
xinpe loq te kʼu riʼ xintzukuj ronojel ri nurajil .
riaj tikonel kutik ri tzij .
kʼo e kikʼajol le a chijabʼ .
kutij qʼayes riix paʼ ch .
pari waʼ bʼal ekʼo kawinaqa chijabʼ .
sip oj inaq ri nupam .
kayaʼtajik rukʼ utiʼonem jun ri uriqom le yabʼilam olot set sé xuqujeʼ are kayaʼtaj pataq rijuyubʼ .
jachin ria chi ?
rinumam xkamik aretaq kʼo jumuchʼ lajuj ujunabʼ .
kin kowinik kinkʼambʼi le pwaq .
kin wilo chi utz ria jiʼ .
xin qʼil riapoʼx che man kachakun taj .
kwaʼ chiuwach le taqʼaj ria maʼ akʼ .
rii mul xepoqʼik pajun ikʼ .
xkʼis kanoq riqachak .
are riali xojilow kanoq .
sibʼalaj chʼuʼj riamax .
kʼo nuwachiʼ .
in chajinel kech le a kʼalabʼ .
xekos le tzʼiʼ .
kinbʼe na kukʼ ri molaj .
ronojel aqʼabʼ kinyitzʼ riwakax .
karapinik xutzukuj chi jun awaj .
le ukemik le pasaninaq ( awumal ).
maj urajil leqʼabʼ arel .
kʼax riʼ ri kachʼawik .
xojutaq chiʼj le achich uloqʼik ichaj .
sibʼalaj kʼax ri xkʼul maxik .
xkilo chinak in kʼoxomaj taj .
xnaʼtaj chkech ixe atinik .
xkʼoto chi n chikiwach chi xojal woʼ qa kukʼ .
jun qʼuʼq rajil ri kaxlaʼn wa .
xin wilo chi xeʼelik .
ekʼo ixoqibʼ pale kʼaybʼal .
man kʼotaj ukʼisik ri mayabʼ aj la bʼalil .
ri sin kkʼiy pa taqʼaj .
ri chʼi maman kkʼiy taj pataqʼ aj .
rajawaxik kjikik riwaqän .
kawaj kin ʼek .
ekʼo oxibʼ akʼ .
xubʼij chwe jawi at kʼowi .
chweʼ qkujbʼeʼ pamuquj .
pasaq kʼa jaʼ kbʼan wiri u q.
xoj kisikʼij .
xinwil wibʼ .
chaqʼ chik ri wa .
kimbʼe na ka pale woʼ ch .
kawaj kin ʼek .
ri chʼuʼk tij rukʼ lej .
pari kiqʼij kaminaqibʼ kbʼan qʼo rikʼyaʼ rech aj : nabʼe rinan kutzukuj kan riaj , kujachʼoʼ xuquje kukʼeto .
jas kajbʼal cha nim ?
utz uchomanik ri ali .
pari qʼij ox lajuj tijax kinkʼis kebʼ junabʼ kinchakun waral .
sibʼalaj ko , rikʼakʼ chʼat .
jas karaj kubʼij … ?
ri chʼichʼ kasila bʼik .
pa ojer qʼalpul xaq xuwi ri nim winaq ke kʼamowbʼe .
le ukunaxik le ukabʼ ukʼutunik are rukʼ eflor nitina on utunibʼax ik le nifur tim oxchiʼ le flor nitina chech t .b.g.
are ria chi xin chʼayowik .
junachi u bʼi kuʼx usipaj kebʼ kʼaʼm ulew rech kabʼan ri tijobʼal , kamik , kʼo chikaj tij rech ri komon xechpup .
xumal tyoxij che riaj tij ronojel le xukʼut chiuwach .
pari bʼe xkiraq jun alaji mul saq rij , xkikʼam bʼik .
xril lebʼal e ala .
jas kubʼij chwe ?
le u kunatajem are rukʼ utzukuxik le uchikopil pajun usolik uxeʼ le kikʼ on le jaʼ rech junnodo .
utz we nu tzʼiʼ .
jeʼ , tajin kachaponik .
kin uloqʼoj le nutat .
kawaj kimbʼe pa tinamit .
arelaʼ kinchakuj .
ri nimaʼq taq winaq kʼo ketaʼma bʼal .
weta xatbʼe wukʼ pale tinamit , xa loqʼ ta waʼ we jastaq .
rikikʼas lemal . wa ixi mulew xa jun chima are ta tinimit rima
riukʼ yabʼal na jupam .
xa tqaj chiupam riil .
nojim kat waʼ ik .
we kʼo jun ktuq aʼrik ,¿la man xoqujeʼ taj kin tuq aʼr riin ?
ojoj wokol ja .
awas kbʼan kʼax che jun nim winaq .
xin chʼaw apan rukʼ le wanabʼ .
kʼax ri upam ri juʼl .
tajin kewaʼ ri i mul .
lakaj la kuj tzalij la aninaq ?
rumal rech cheri makaj man kʼota ukowinem piwiʼ riix: riixmanix kʼota chichuxeʼ ripixabʼ ,xane ix kʼo chuxeʼ ri sipanik .
nim raqan le cheʼ .
xin chapo .
are le tuʼrle loqʼomanel .
xas kat kʼojiʼ chiupam ri chʼichʼ .
sibʼalaj nim raqan ri kʼamalbʼe .
le tzʼibʼa bʼal wechin .
in xintoʼw la .
xa je kʼu riʼ riixkamik riʼ man ix kaxlan winaq tachik ; riix ,ix rech ri ki tinimit ri etyoxlaj taq winaq , ix rech ri rachoch ridyos .
xin tikoxlaj kʼal ichaj .
kaqariq qibʼ chweʼ q.
sibʼalaj utz che ri wiʼ aj ri tuney .
we naj upulik ta xeqajik ...
xintoʼtaj cheri nuchak .
kʼo jun chiko pubʼiʼ pum .
poq on ri ik .
xoj bʼinik .
xu chʼe k ronojel le retamanik xpa qiʼ kkʼax kwʼinik xubʼan aj kun .
kel ubʼik pari judeʼa e ktzalij chiu bʼi jumul pari g alileʼa .
xi na xibʼij pabʼe .
jeʼl kʼolem chi awachoch .
ronojel riyaʼtalil pawe qʼataj , tzʼaqat kiwach , man ktzaq ta kanoq xuqujeʼ man ktas taj .
xukunaj le yawabʼ le aj qʼij .
chi tatabʼej jas le kimbʼij .
chʼa nal ri achi .
pabʼokoʼ kachakun wiri tax .
uj kʼo pauwuq qʼij .
kiʼ ri ukabʼ riaqaj .
kʼo rachalal pa tzʼoloj cheʼ ri peʼl .
xkilo chi kin kʼoxomaj .
ri ukisakʼ utz kyaʼik chiuxeʼ ri tikoʼn .
aretaq chiʼ kaqʼan puwiʼ ri jukubʼ , ria chi che xkʼojiʼ riitzel uxlabʼal rukʼ , kutach rech riareʼ, a rech kkʼojiʼ rukʼ riareʼ .
na kabʼantaj ta wumal .
xnaʼtaj chkexe atinik .
xinpaj ri nutriko .
xeʼok ri pokʼ pariu me xa rip oʼx .
ka juluw ria qʼaʼl chiuxeʼ ri tʼuʼy .
a wech le ja .
xuj bʼe pa tzurik .
nabʼe xa topanik .
riukabʼ ubʼiʼ rinuma mareyay .
uwaj xaqu kakʼal taqanik (28) .
ma ta kʼojun kakanaj kanoq , qonojel kojbʼek .
e nimaʼq le altomabʼ .
nim uwach rip oʼt .
kojonik pari utzij wa ixi mulew .
jas xukʼambʼi le tzʼiʼx awilo ?
xinpetik , tat .
ri bʼelaj uwach .
chi tatabʼej jas ri kimbʼij .
jeʼl kunaʼ ria bʼix chiupam ri ququlew .
kinbʼisoj uwach lewal .
xu tʼuy ubʼaʼ .
nim ria we qeleʼn xa ri qo .
xineʼ waʼ oq .
chiʼ kewar wi le a kʼalabʼ .
rinumiʼ al xutaq loq jun taqoʼm wuj chiwe .
qʼeʼl ik , ri chaj pari bʼe .
la utz awach ?- utz mal tyox , e kʼu ri at ? – utz mal tyox .
xin kos rumal nuchak .
kbʼe kukʼ ri eʼ areʼ e ktzalij pari nas are te keʼunimaj .
rij oj xukʼambʼik ria kʼ .
kʼo chi wachiʼl cha nim .
kubʼij chech naʼl kabʼan che ria tzʼibʼ .
e... in kawaj katzjoj bʼila chwe .
ma ta xinyaj le ali .
jachin rukʼ katbʼe wi ?
kʼo sibʼalaj etaʼmabʼal pari mayabʼ noʼjibʼal .
e man xo ri jupuq kej .
kasumum ri kaqiqʼ .
ekʼo kajibʼ a kʼalabʼ pale bʼe .
jeʼ jas riutat kkaʼyik .
xaqat molonel tzij tal .
le nutat kaloqʼon chwe .
xaqtane kimbʼe iwukʼ .
xretaʼmaj uchʼajik .
rumal laʼ xkoj“xal qʼat” che ubʼiʼ ri komon .
are le ukemik pas xretaʼmaj .
riwa tiʼt kubʼan na ri upatan .
kʼakʼ le p oʼt .
retaʼm uwach jachin xloqʼow ripas .
ken chʼabʼej le a kʼalabʼ .
yaʼtal chaqe qonojel riuj winaq utz kaqil qibʼ .
xkotiʼ paqʼayes xoqʼik .
kawinaq bʼe le jebʼ qʼataj .
ekʼo kajibʼ ral ri i mul, jun saq , jun qʼan , jun qʼeq , jun qʼeqoj , sibʼalaj ketzʼanik , kechʼopin ik rialaj taq i mul .
kchol ol riachachal .
ketekik ri ikʼ .
xepetik rech kewaʼ iwukʼ .
tza tz ri uqʼanil ri akʼ .
xoj tzalijik xi xeʼ qa qʼatuj kukʼ le itat inan .
riyoʼx taq a kʼalabʼ kekikʼux ria tzʼyaq .
wea chiwe xusipaj jun poʼt chwe xkamik .
kkowin ri kunanel che kunanik .
xjiqʼ pari polow .
xa rumal sibʼalaj rajawaxik le loqʼalaj jaʼ , le winaq xkibʼij : che we ikʼ riʼ qonojel kuj bʼe che utikik taq cheʼ .
ri u na neri e rachalal kepe uloq rukʼ riareʼ, kʼate kʼu riʼ, man kekowintaj ke qibʼ ukoq rukʼ , rumal rech che ekʼo sibʼalaj winaq .
rumal rech , che man kʼota jun kkowin che ukojik jun tik ibʼalil chik chuwach ri kojom chik che are rijesus kristo .
te kʼu riʼ xutzʼibʼaj ribʼ pari nimalaj tijobʼal rech aj kuʼn .
ka juluw richʼumil chaqʼabʼ .
kʼisbʼal kanoq , xoqujeʼ kkam ri ixoq .
le ala xokik .
kʼo pwaq pauwiʼ ri me xa .
are kawaj na kinʼetaj .
riyawal kukoj riali chiuxeʼ ri chakach are usuʼt .
na kaqa kʼamtuʼbʼi kamik .
riaj tij kubʼij chike : rajawaxik keqachajij riawaj , are utikoʼn riajaw .
xintij mukun iwir .
kʼax le uwiʼ taqle nuqʼabʼ .
xin loqʼ jun ilbʼal wibʼ .
waʼ we qʼij , nim ubʼantajik .
ri uxeʼal riqa tinamit man kasach taj .
xoj bʼinik .
riachalal junam kiwach .
xin wetaʼmaj rilik wibʼ .
nim riunaʼoj waj tij .
miqʼin ri kʼul .
aj qʼojom riateʼ k.
ch elesanik cheʼ kbʼan wiri qʼojom .
kape le awel panawal jaʼ.
ri mesonel tajin kchakunik .
utz chaqe kaqa toʼqibʼ , taq kʼo kʼax kʼolil , kate wechiʼn riajaw paqawiʼ .
xawilo , xqʼatan le ibʼ oy .
xat kowinik xabʼano .
kiʼ rikʼawex .
kajil il ri bʼe .
le alixel bʼik .
areʼ xraj xinbʼano .
nim we abʼ aj .
jeʼ li kutiʼ jolal ri saq koʼr .
nojinaq rikej .
we ka tijan xu xman kat utoʼta chi uqʼatixik le kʼakʼ yabʼil coronav irus (2019 -ncov) .
na nim ta raqan waʼ we cheʼ .
utzalaj ajchak , ri wel .
¿jampaʼ kuj bʼe panimaqʼij ?
rajawaxik tane laʼ kat chakun wukʼ .
xutaq chiʼj pa waram pulew .
man areta ri axwan xelik .
riawix xuloqʼ rachoch renimal .
are riixoq xin sikʼin uloq .
ri chʼi makʼa tʼon na .
la xibʼan le i chak ?
kʼi tinamit ekʼo pa chʼoʼj .
kʼo jupuq chij chiuxeʼ ri cheʼ .
ri uxaq ria bʼix are uwarik ej .
kawinaq qʼataj .
la kixpe pa tijobʼal ?
we kechajix taqle kʼwa jacha kinbʼij ; jun alik kʼo jaʼ xuqujeʼ sibʼalaj saq lo loj .
xretaʼmaj .
rialabʼom ri alitomabʼ tajin kikitijoj kibʼ rech su taq , are kakaj ki kibʼan nima qa chijabʼ chupam ri kikʼas lemal , xuquje kʼo chik jupuq bʼixonel chupam ri komon .
la tzʼ uwach ri bʼe .
kʼakʼ ria chʼichʼ .
qonojel uj , uj may abʼ taq winaq .
nojel qʼij ria tiʼx kuyuqʼ uj le taq awaj jelaʼ panikʼaj jaʼ , chirij ri juyubʼ ubʼiʼ te naʼ .
pa qʼom chik risiʼ.
kintzukun che la .
kakitij le kinaqʼ , le ichaj , le uwaʼlik rukʼ lej .
xekanaj kan le ajchakibʼ .
ketikon ria chijabʼ .
sibʼalaj itzel ubʼantajik richʼila kan .
riateʼk xumal tyoxij che ri ra tiʼt , rumal ri utzalaj noʼjibʼal xukʼut chech .
k kamulix uchak ria bʼix .
la xin utzukuj le tijoxel ?
areʼ kachakun ronojel qʼij .
le ekʼaʼ na taq tzʼiʼ .
saq rij ripla mux .
jas xa qʼiʼoxa tijo .
jas rukʼ xkichapwi utijik le ri kil ?
we katat in rukʼ kʼa tanjaʼ man kuqʼatej ta le kʼakʼ yabʼil coronav irus .
la kat bʼin pale uxlanbʼal ?
la waral kʼux ix waʼ wi ?
are le nutat kin loqʼonik .
tajin kchakun riala .
kʼo ri kiʼkotemal awukʼ .
xuta jachin kaʼek .
xat waʼ ik xin wilo .
xtzaq ri rachoch rumal rijabʼ .
pale jun ikʼ chik are nimaqʼij .
e kebʼäm kebʼin pauwiʼ ri tem .
mem riachi .
ri wi kan cha liʼy kel pajuyubʼ chwi tziribʼal .
le rajil , la paja xelaqʼax wuʼ bʼik ?
pari suʼt pisom wiri lej .
kojpetik kol qa kʼamaʼ .
tajin kat chʼopin chiuwach ritaqʼaj .
leqʼorx chʼuqik .
kʼax waʼ im awumal .
kinbʼison che lewal .
sibʼalaj kʼokʼ ria wa tzʼyaq .
kamik xuj bʼe che utikik taq cheʼ pari juyubʼ .
kin uloqʼoj le nutat .
cha qiʼj chik richaj .
xyil ix ha wayi .
na xnaʼtaj ta chkech ixe atinik .
rukʼ kʼu waʼ we riʼ, riix kkʼojiʼ jun utzalaj i kʼas lemal riʼ chkiwach ri winaq che mane kʼota iwukʼ , kʼate kʼu riʼ man kʼota jun winaq riʼ rajawaxik chiwech .
epetinaq pa bʼe le rachalaxik .
kakaj le a kʼalabʼ kewaʼik .
xuj chʼay bʼik .
ri nuchak are qʼaxel tzij .
kʼo nar uxlabʼ riawaj .
tajin kelloq , ri qʼij .
xuqʼiʼo xkamsax ri rachalal choch .
rinumam are kʼo uqʼinomal .
xkʼul mataj jumul , xubʼan jun nimalaj jabʼ , man xbʼeyetaj tana xukʼis le uyuqʼ chike .
amaʼ rinutzʼiʼ .
jewaʼ kat petik .
xin kosik rumal xin chakunik
iwech chi jujunal , riwa .
xuqʼiʼo na xa tat in taj .
inriq tajinaq pari kʼayibʼal .
na wetaʼm taj .
kʼax le nuqʼabʼ .
utz le xubʼij le achi .
kema tzʼibʼ .
kʼo rachalal pa tzʼoloj cheʼ ri peʼl .
ronojel waʼ we jastaq riʼ, xas ksach wi uwach waʼ ; rukʼ weriʼ, riix , rajawaxik che kʼojun tyox la jikʼas lemal e kkʼojiʼ rii chʼawem rukʼ ridyos ,
xmuqtaj ri patzʼan .
ri chʼichʼ tzijom kanoq pari ukʼolbʼal .
man kʼota ucholaj pataq ria wuj .
ja chike ikʼ le unimaqʼij le tinamit nawal jaʼ ?
xepetik xol ki kʼamaʼ .
kachuqʼ chut rijaʼ chi apam .
xinbʼij iwir chi xebʼe pa ar mita .
areʼ uxeʼ ojer tzij waral kʼi cheʼ ubʼiʼ .
xkʼis ri nusiʼ .
jawi xkibʼij wi chi keʼewi ?
¡ xa je kʼu riʼ, jachin taq rie kʼo pari judeʼa , chicha nim cheʼa nima jubʼi pataq rijuyubʼ ,
kʼakʼ ri abʼ .
la kʼojun na ka kʼoxomaj taj ?
na utz ta le utʼisom le almariy .
man yaʼtal taj chiawe katok paja .
jeʼ, xa tu tzukuj .
are kel waj xaqibʼ uqʼij ri xkʼojik .
rixun kurk kʼojiʼ pataq ri triko .
xin sachik .
xu tʼuy ubʼaʼ
nan utom tale tzij …
wachʼom ri kiwari noʼs .
ekʼo jobʼ chʼil wakʼ .
rajawixik chi pataq ri tijobʼal , panikʼaj ubʼixik chik
ri rajaw rulew areʼ tat kel .
we kʼu xokik , we kʼ na xok ta
wea chi xusipaj jun p ʼot chwe .
atat utaqoʼn le qʼatal tzij .
na qʼanta uwach le qa p rut .
ri xaʼr kʼo pauwiʼ ri qʼaqʼ kpoqʼowik .
ri roqʼej rialija chakpe jun akʼal .
kʼojun ala pa tijobʼal .
säq uwiʼ ritataʼ .
ri wi tzikʼ tajin kpe loq .
jawi xsach on wi kan uyaʼik le pwaq che .
utz wea chiwe xin kunanik .
qonojel kuj waʼ pauwiʼ ri me xa .
ri ka xlaʼnik man poq on taj .
in xinbʼe rukʼ riwachiʼl .
sibʼalaj jeʼl xkilo xe ki tzoqopij ri kichij chilaʼ .
kinbʼinik xin ʼek .
kʼax kʼolik , kachaʼ .
kutij ixim ria kʼ .
rialix chel , x uqʼiʼo xa junakʼ xsipax che .
xqasikʼij le ixoq chutzak ik subʼ .
ma ta xa bʼinsaj le chʼichʼ .
ripix tzʼa ralik rumal ri eqaʼn .
¿jampaʼ kel chi 3%
kʼojun nu kʼotoj chiʼaj .
tajin kewaʼ kat rialabʼom .
xin loqʼ le nukʼ akʼapoʼ t .
na utzakik ta subʼ tajin kuʼano
xojutaq chiʼij xojwaʼik .
iwech ri abʼ ix .
saq rij richij .
ajsik che ri tinamit kel wiri tataʼ .
-¡ay ! xa xintzaq uloq , kʼax we waqan .
xkʼul mataj pajun komon chiʼ uwach jun juyubʼ ,xu ri qa jun qʼij xkiriq kibʼ jun i mul rukʼ le kok .
jas xa taq chiʼj le akʼal chutijik ?
xinchapo su xuloqʼo .
qʼinom ria chi .
ri kʼum ktijow rukʼ kabʼ .
tajin keja chʼanik .
tz e bʼal ukemik le pas awumal .
are ka yoʼw le uchikopil le ubʼantajik try p anos omab ruc e i.
we kat nimanik utz kelik .
p ero noʼjimal petnaq loq , .
are le nuchak jun tzuqbʼal wibʼ .
xkunax le yawabʼ rumal le aj qʼij .
ri ukʼuʼx tzʼibʼ paqa tzij e lajuj .
sibʼalaj jeʼl ik rie qa bʼal xubʼan riluʼs .
sibʼalaj at kon .
e man xo ri jupuq kej .
na xnaʼtaj ta chkexe atinik .
ri kʼamalbʼe xubʼij chike , chi maja ria nim .
jumuchʼ ri nujunabʼ .
qʼip tajinaq ri raqan ri tem .
kchakun rukʼ ri josbʼal cheʼ riajanel .
xa taq chiʼj le akʼal chutijik kar .
oj kʼo pale roʼ ch le awel .
¿la kat pequkʼ chweʼ q ?
le winaq pale chʼichʼ e tʼuyul lo wi .
xkanaj kanoq chiuxeʼ rijabʼ ri chʼaʼn .
nim rija .
weta xa kunaj le atat mata xkam laʼ .
na nukʼamom tuʼla riʼ.
chqa nukʼuʼ ri qa tzij .
kimbʼe pale tinamit .
xinqʼiʼo na xinatin taj .
rajawaxik kakʼaman chawe le utijik le lej .
kʼisbʼal taq noʼjibʼal .
xineʼ waʼ oq .
xkibʼan kʼax che le uwosaq rumal man utz ta chi kakayik .
riqʼutuʼm man kech ta le a kʼalabʼ .
are na nim ta lea tzʼiʼ chuwach le nutzʼiʼ .
xepetik xol kilaʼ .
¿jawchiʼ xataʼ che xkam ri umam ri poʼx ?
e kebʼ kekʼambʼik pa tuj .
xin loqʼ jun ja pari wokaj ja .
ria xtuʼbʼ, kʼoqulaj chech .
jas karaj kaʼan ch utzakik le tiʼ ij .
xutij le wa .
ximbʼal re tzij .
xpa xribʼ oʼj .
we kawaj kat in toʼo xaq xuwi kabʼij chiwe .
jas nukʼu kuchʼobʼo .
jas karaj kutijo ?
xe xr uxlabʼ ririkil .
e nitzʼ aʼq le taq i mul .
we tanein xin bʼanow ik , are le at eʼk xbʼanow ik .
kin tzalij pale nu tinamit .
ri nuchaqʼ kʼo pa uroʼ qʼatoj tijonik pari tijobʼal .
xin xiʼj wibʼ xinchʼawik .
kʼo chwa roʼ ch le pare .
chi raqan kabʼin wiri tataʼ .
xsach on kan uyaʼik le pwaq che choja .
xinqʼax chikixoʼl riwinaq .
ketikonik .
ri ulew man qech taj , kech ri qa tiʼt qamam .
xepe lewinaq xol ki kʼamaʼ .
xuloqʼ ri wuj rumal riali .
che we qʼij kamik kʼojun nu tzijonem chirij le nu tinamit .
kej riʼ .
xkunan alaq chwe .
kin usikʼij le nunan .
rii mul xuchʼij taj , xkanaj pabʼe , rumal ri nimal kujal uj rii mul , xutzaq ria nim .
kubʼan ri uxoqʼ oʼl riaj tzʼaq .
rila sibʼalaj utz che kunabʼal .
kʼi kiwach ri eʼ ajchakibʼ pari komon tyox , kʼate kʼut xa jun chi ajawxel ;
xqatachixa tulik .
kawaj chika tʼe k .
chʼutiʼn kekanaj ri xa jabʼ chech .
kaqaxiʼj qibʼ kaqachapo .
ekʼo kebʼ ukʼajol le tat x wan .
luʼ su bʼiʼ ri rech am .
aj chiuwiʼ miqʼin jaʼ riluʼ .
xin yakan le nuchim pakʼaybʼal .
kʼate xrilo , xpe ri unan che utzukuxik , xkikotik ,xusal abʼisaj ri taqux kin .
xkikʼut chiuwach riaj tij xuqujeʼ chikiwach ritaq nikʼaj kachil .
utz le nuqʼabʼ .
kul le alweʼl paa us tin chaqʼabʼ kamik .
riat eʼk xtzaq loq arechi kʼo pauwiʼ riqʼaʼm .
aj patan riteʼ k.
xa tqaj chiupam riil .
la kʼo tzij na kikʼoxomaj taj ?
xsachon chkech ixe atinik .
ronojel le ulew e chalaq .
la xebʼe kʼulaxeʼ ki ja qa kʼu le uchiʼ ja ?
xaq kat chʼok naj iwir .
kamik kʼo chi ri jastaq awe .
arechiʼ kakʼis ri junabʼ kʼo qʼinom .
pa nawal jaʼ xinalexik .
na xintataj we are ri akʼal ki xtzuquwik .
¡rulew ri sabʼulo nerulew ri neftali, ubʼe ri polow , rulew ri jordan, g alileʼa kech rije taq amaqʼ !
rax , rax , rax , kʼokʼ , kʼokʼ , kʼokʼ le ruxlabʼ le taq tikoʼn .
a chixat wilo .
paqal rajil le p i xkamik .
xoj bʼinik .
pajun jeʼl tijobʼal kutijoj ribʼ juna kʼal , ubʼiʼ poʼx , utz kurilo kepa tijobʼal ronojel taq qʼij .
xwaj chixa tʼe taj .
utz laʼ le xubʼij le a chi .
wetaʼam jachin kapetik .
kin qʼojomanik .
xinqʼiʼo takʼalik xinpetik .
areʼ retaʼm che kin opanik .
aretabʼale qa qajaw chat toʼwik .
kawinaq waqibʼ qʼataj .
naqaj chik cheri uwaq kajbʼal aretaq chiʼk sach uwach ri qʼij , kok ri qʼequʼm chuwach ulew , chi kʼateʼ na ri bʼe le jebʼ kajbʼal .
jobʼ raqan ritzʼalam xeporoxik .
sibʼalaj korij ri mo p .
arewaʼ .
jelaʼ pari timinit chwi kab y ok rech xelajuʼ, le qa nan qatat kakitiko jeʼlalaj taq uwach ichaj .
kʼaxnuqul .
xuʼl ukʼamaʼ .
kojul kitzukuj .
are man kʼaxta ukunaxik aretaq aninaq kaʼilitaj we yabʼilal xuqujeʼ mojoʼ qa kuyaʼ le kʼax kʼolil chech le jolomaj .
ri wel kʼo pa tijonik .
kawaj kinbʼij .
ri kotzʼiʼj kqakoj chiupam rija .
qʼeqqʼoj rij ri amaʼ kej .
na xwaj taj xinchʼawik .
chpetabʼal e loqʼalaj jabʼ .
xsachon chke xa tki sikʼij .
e le qʼal chʼichʼ .
jachin xa wilo chi are xtijow ri tiʼj ?
ma takabʼe len uxbʼal pale tinamit .
p im ruq , ri ali .
¿ kʼo ri muqʼe chiawech ?
kqabʼij man kekowin taj .
kin tijna .
kʼojun qa tʼuʼy paja !
kʼo puj chiupam richʼaʼk .
aretaq kin kosik kin warik .
xat waʼ ik xin wilo
in xin chʼayow le a chi .
konojel rialaxik keʼ etzʼanik .
jas rukʼ xkitij wi le kirikil ?
aninaqil kat petik .
nar axta uwach le juyubʼ .
ritzʼalam tzʼibʼa bʼal rax kkayik .
we chat chakunik , kʼo awa .
maʼ tam xat pe cheri waʼim .
kamul kin waʼ na .
ri sikil ktijow rukʼ ik .
kimbʼe aqʼan rukʼ le altalin .
xoj ʼek xeʼ qil alar qas ok .
xekiqʼ il le ajchakibʼ xkiwok le ja .
ma tanex waj le kʼuhj nem rukʼ le at eʼk .
are xeʼopan chiuchiʼ ri juyubʼ , xkilo chiman qastakʼo qʼayes .
kʼate kʼut , rijesus man kkojon ta chkech ri eʼ areʼ , rumal rech che konojel retaʼm kiwach ,
paʼ tz rij ri tzʼiʼ .
juwinaq waqibʼ qʼataj .
at elaqʼom .
xaqat joʼs .
ri qʼatzu, are qʼalaj ri uqʼijil .
ajchak we ala .
ubʼe le ju kakʼal taqanik (29) .
kebʼn ubʼiʼ kʼolik .
la katzalij luʼ la aninaq ?
katzukun la chwe .
la kaj la koj bʼeʼ palechomal chweʼ q ?
xin nabʼej chuta si kqa kʼolibʼal .
lal xintoʼwik .
sibʼalaj a noʼjibʼal .
xoj petikxol qa kʼamaʼ .
sibʼalaj jeʼl ik riuwaʼl riichaj .
kʼax wij rumal in pacha lik .
aretaq xukʼul maj waʼ xul ri uchomanik xubʼij : are utz wa aqʼabʼ kin walijik , arechaʼ cha nim kinopan pa tijobʼal , maj chi kinkʼul maj .
oj aj xojolobʼ pa awas qʼij .
xin sach che le uwokik le tzij .
e julajuj riakʼ .
xuta jampaʼ koj ʼek .
qil ik .
ritijoxel man areta nim chuwach ri raj tij . ri utz tijoxel qas jeriʼ kʼolik jas riraj tij .
in xatin chʼayo .
noʼjim chak wumal .
chʼu r ri jochʼ .
in kinbʼij na kat sachtaj .
uj mayabʼ .
ri abʼaj ya tzalik .
tajin kepixbʼax ria kʼalabʼ .
chom ria q.
xin warik .
elemen konojel ria kʼalabʼ .
tajin kqʼana ri k ri wereʼ aj .
le ukemik le pa sutz ( chawe ) .
xuyu pubʼa uwach raʼ chi , kachaʼ, .
risatanas kok pari judas ri kbʼix is kariʼo te ch rech , riareʼ jun chkixoʼl rie kabʼ lajuj .
chuchu ri par .
kinqumuj ri nu jochʼ .
chech p unción lumbar amaqʼel rajawaxik chech rilik le ukʼex bʼem wi le nabʼe rukʼ le ukabʼ ukʼutunem le yabʼilal .
qʼalaj chi na kawaj taj kabʼij .
kʼoqʼol chirij risiʼ .
jawi xojʼewi ch uloqʼik ?
kʼo ulochʼ ri talin .
qʼan rij ria tiʼt nukej .
la xtzalij la iwir ?
xesikʼixik , kʼate kʼu riʼ xeyaj ik , xuqujeʼ xetaqbʼi che usikʼik le mes .
la kixwarik ?
are kʼu le palo max xubʼij che :- mam kat bʼison taj , kin sikʼij nikʼaj wachiʼl kerapapik .
aʼre e tijoxel abʼ .
rialaj alisiʼl xubʼij xqachap pautzal ri tyox .
xsachon chke jachin xe atinik .
jas xurayij lea nan xutijo ?
xin kosik .
rax ronojel riqʼayes rumal le jabʼ .
kinya waʼ we chʼichʼ pinem na utz .
noʼjim upachʼuxik le nuwiʼ .
naj kʼowi le woʼ ch chuwach le tijobʼal .
ri okibʼal kʼo chiuwach ri saq ja .
xenutaq chʼij kekil le a kʼalabʼ .
kʼojun qʼoxowem chiwe .
tzari choʼm .
we chojbʼe pale nimaqʼij , keqil le aj xo jolobʼ .
xoj ʼek xeʼ qil alar qas ok .
riateʼ k xutaʼ chech rinan toʼn : - nan jascheʼ chiman kajtal a qakʼatisaj ri joʼq .
ripal sibʼalaj xuʼy .
kin koj ri jokbʼal ulew .
in kinbʼij na kat sachtaj
at raj kun le nunan .
kuqamuj ujoron riaj tzij .
luʼ tzʼalam ubʼiʼ ria chikel pa nim cheʼ .
jeʼ li kutiʼ jolal ri saq koʼr .
kʼojun xaʼ r pa ja .
xin loqʼ jun kʼakʼ patan .
kʼax ukemik le pa sa wumal .
aninaq ukemik le pa sa wumal
ri chʼaʼn sachinaq pa taqa bʼix .
rax taqle kotzʼiʼj .
me som kanoq ri upam ja .
man areta ralax kosik .
ri komon xechpup rech uqʼabʼ tinamit xoʼl abʼ aj rech qʼu mar kaj .
la utzakik kʼusubʼ tajin kuʼano ?
katel a !
na xutij taj .
xa rumal ketaʼm konojel riwinaq kkiqumuj le jaʼ .
iwir xuj tzalij la pa kʼaybʼal .
qetaʼm cheri qawakuj utoʼo .
riaj tij , kyaj on chikech ria kʼalabʼ .
jas ubʼanom le nu chʼutitat ?
chweʼ q kinbʼe pa nim tinamit .
utz we kiwetaʼmaj jas kubʼij richolbʼal qʼij .
tajin kat jilow che uqʼoxom jolom aj .
xinti kqʼax chiuwach rija .
kʼax le kibʼe le winaq .
loqʼ katkun taj che le yabʼil (covid-19) .
ri n uxibʼal kel paqajbʼal qʼij .
xril riaxwan chix waʼ riala .
le alix kunatajik .
weta kape lej abʼ kamik .
xin wetaʼmaj chinaxat pe taj .
ri pwaq rech we qʼataj riʼ kesax chech ri tojbʼal kʼayinem .
ktij ri uwaʼlik rumal ri kinimaqʼij .
xuchapu kunaxik .
cha tan loq ali .
xin xuliʼ qaj oq .
jeʼl ik ktijow ri taq ik ox .
kʼate kʼu riletat xoʼr xubʼij , man kawaj taj , man kawaj taj .
kʼojun tzʼiʼ pabʼe .
kamul xinpe che a tzukuxik .
man tajin takin chakunik .
kin chakunik rech kat waʼ ik .
jas rukʼ xa wilwi chi xkiqupij wile tiʼj .
jas ubʼixik … ?
koqʼ ri akʼal .
kawaj na ka tʼe taj .
xat qʼajik .
wem na cha loqʼ axiyal , na kimbʼe ta awukʼ .
xopan le wuj awukʼ rumal we chin .
are kʼut pale juyubʼ kkʼiy joron, chilaʼ xekikʼama wi ri jaʼ riwinaq .
koqʼ ri akʼal .
we kʼo a rajil cha kʼamal oq .
are sibʼalaj kaq le apoʼ t chuwach le nup oʼt .
xin kʼastaj pakabʼ lajuj kajbʼal .
ka qoyʼej na kixpetaj .
kok axim ri chij xa jelaʼ man kanimaj ta bʼik .
ri kok nojim xbʼe k , xuchʼijo xopan pa ukʼisbʼal il le anim .
xoj kiʼkotik aretaq xa tulik .
kaqitzʼ naj riu xa jabʼ ri akʼal .
rijesus kwaʼ kat pari nim rachoch ridyos , chuxeʼ ri jun ja che rachoch ri salom on .
wetaqanik riʼ kubʼij chi rajawaxik kyaʼ uqʼij ri winaq xuqujeʼ ktoʼ aninaqil .
ria xux are na ri ukunel rikinaqʼ .
aretaq waʼ ri uqʼijol wetaqanik .
kʼojun tabʼal pauwiʼ ri xka nul ubʼiʼ lajuj noʼj .
yuʼl ubʼanom ri ukolobʼ rikej .
xanimaj riakʼal chiuwach ri uchuch .
kkunan ria chi .
kin waʼ ik rech na kin yowaj taj .
aj xik chʼichʼ riluʼs .
kwaj che ixkix bʼanow ik .
aʼre xetoʼw alaq .
xoj ʼek xeʼ qil alar qas ok .
xin loqʼ jun chʼichʼ ,qajinaq uwach .
ku tʼis ri p antalon .
e janipa le awal kʼwal e kʼolik ?
utz ukemik le pas chawe .
ri max are aj qʼaniyaʼ .
mata bʼa chi riq kʼax pale bʼe .
tajin kanimaj , ri meʼs .
ixi xeʼ laqʼomabʼ !
xsach an chwe .
e kʼo kʼi cheʼ , chiuwach ri juyubʼ .
arewaʼ rinimalaj pixabʼ e arewaʼ rinabʼe .
xretaʼmaj chi rukʼ pa kʼkutij wi
jas utzakik le su bʼxuʼan o ?
aj xoʼy ri wi kan .
we tane aʼre xetijow le ri kil , are le komon xetijow ik .
sibʼalaj aninaq kachʼaw le areʼ chi nuwach in .
utz we kinchakuj .
meʼs laʼ .
kʼo kan wa rech kaqatijo .
xin sikʼij la .
ri akʼal xsach kanoq jelaʼ pataqʼ aj .
xesikʼij la .
jawi xkibʼij wi chi keʼewi ?
rumal che , man ixta riʼ ri ki xchʼawik , are ri r uxlabʼaxel riitat riʼ ri kchʼaw na iwukʼ riix .
kʼakʼ riwachoch .
sibʼalaj utz kinwil le atzʼyaq rech na hu ala .
saq por kkay ri kipoʼ trinan .
xsach on ri nuchak chwe .
waʼim xuchapo .
ri qʼaqʼ tajin kajuluwik .
najil upam risiwan .
e kʼo ri qachalal pa chiuwiʼla .
jas xa taq chiʼj le akʼal chutijik ?
noʼjim ukemik le pasa wumal .
kʼojun kuku bʼiʼ tintin, waʼ le laj kukmam kaj e qitaj , kapaqik a xu lik pauwiʼ uqʼabʼ taq cheʼ , sibʼalaj sakʼaj , keʼuto le e nimaʼq , chʼutin , rachiʼl , aj sipanel sibʼalaj utz ranimaʼ .
ri upixabʼ le qʼatbʼal tzij kiyaʼ ubʼixik .
nax sachonta chkexe atinik .
xeqil le chik op puwi le ja .
xloʼ taj ri akʼal .
qonojel kuj waʼ pauwiʼ ri me xa .
xsik ir le waqan .
la xat waʼ kʼut ?
nim ubʼaqʼ ri tulul .
kin xikʼ ikʼik xinqʼaxik .
la katbʼe pale tinamit ?
ripal sibʼalaj saqʼ or .
kqʼoxow nujal om .
xin naʼo chi kat petik .
xloqʼ ulew iwechix .
xinchakun rukʼ rinumam .
na xqabʼan taj .
kkʼojiʼ bʼaʼ ri usipanik riajawxel jesus kristo rukʼ riaw uxlabʼal !
kin chʼaw rukʼ le nunan pale chʼawebʼal .
sibʼalaj qʼequʼm rumal ri mayul .
are le ba xulik .
xekos le ixoqibʼ palebʼe .
kʼax rilik le akʼal chawe .
xinqʼiʼo xinatin pajoron .
sibʼalaj nim le tinamit .
kʼax ukemik le pa sa wumal .
xin sachik .
tajin kel ukikʼel paraqan ri tzʼiʼ .
xin wetaʼmaj rilik wibʼ
ri qʼuqʼ are jun jeʼl chik op .
kʼo paja tijobʼal riwikaqʼ .
ri sachibʼal mak rajwaxik chi qa xoʼl .
jeʼ, kimbʼek .
jela leʼ ri nupwiʼ .
xubʼij che :- jas xa bʼanot intin ?
kabʼan jun toqʼobʼ kyak rinujal .
katʼekxin ta .
jas le ukʼex bʼem ribʼ le jun rukʼ le jun chik ?
aj chiuwiʼ miqʼin jaʼ riluʼ .
ri tijonel naj kpewi .
teʼ ki xchobʼ ubʼiʼ rinutat .
ri jaʼ kamiqʼik chiuwach ri qʼaqʼ .
ri tʼuʼy k paqʼowik .
kin meson na .
naqaj at kʼowi chiwech .
xin bʼisonik taq na xat p et taj .
we xkam riwinaq , ri pwaq rech tojbʼal makaj kyaʼ chikech ri ralaxik .
ri nunan xbʼe pakʼaybʼal .
xoj ukʼam uloq rech koj rilo
xkʼoto chi n chikiwach chi kin waʼ awukʼ .
na xkikamsaj taj xkikʼambʼi choja .
kʼakʼ ri ikʼ kamik .
ximbʼe rukʼ le aj kun iwir .
rilik .
le tzʼiʼ xekosik .
xin kikota wumal .
rii mul xumaj ria nim , xuya kanle kok .
kʼooj cheri akʼal .
xuj bʼe pajun kʼulanem .
utz we kwar alaq .
kaqilo chi na koj ukʼamtaj .
xretaʼmaj chi rukʼ pa kʼkutij wi .
sibʼalaj xinkʼaʼ na rik .
xin kochij rinuwa .
man katkowin taj kat chakunik , weman kʼota ri ajilabʼal .
we wonon xubʼij chike : -kixin to .
riala nim kril wiri umam .
xkaʼy chirij , xkaʼy chuwach , ma kʼota chi jun ksilobʼik ,xoqʼik xuxeʼj ribʼ xchʼopinik xtzalij loq xuriq tachik ri ubʼe .
kʼo pus che riwa .
pinem na kabʼ elewa tz , kimbʼe wi in pa kaʼyibʼal .
ri nan toʼn nim winaq chik , saq uwiʼ , ronojel aqʼabʼ utz kunaʼo katʼuyiʼ pa utem , ku miqʼisaj ribʼ cho ri qʼij , kʼojun uwiʼ umam ubʼiʼ at eʼk .
mane kʼitaj ri qulaʼ .
qʼalaj chi na kawaj taj kabʼij
xpaq abʼisax rajil ronojel ri kem .
kʼo pari jul ri kumatz .
ronojel qʼij kinchʼaj le nuware .
saq chikan le ichaj rech katzako .
chuxe le qachomal kaqatij wi jun qameqʼin .
chawilaʼ .
e kʼojobʼ umiʼal , rinutat .
jas rukʼ xawilwi
jeʼ jas riwinaq rech ri uwachulew , xoqujeʼ kepe na riʼ ri eʼ areʼ che e rech ri uwachulew ; jeʼ jas riwinaq rech ri kaj , xoqujeʼ kepe na riʼ ri eʼ areʼ e rech ri kaj .
xintijo .
ktzʼujuw ri rachoch rip oʼx .
xuqʼiʼo are le ukʼulel xyaʼow uwa .
riawel xretaʼmaj chi rajawaxik man kuxej ta ribʼ che rituk ur .
jukʼulaj winaq xeʼa nimaj bʼik .
jeʼ, xin tzalijik .
xoj petikxol qa kʼamaʼ .
maj jachin xʼek .
in aj tij ; at tijoxel .
saq uwiʼ ritataʼ .
wech rikem .
le roʼ ch le at eʼk kʼo chwach le ukʼay le nunan .
kbʼe pari si riʼ a e pari silisiʼa, jawijeʼ kuya wiri kichuqʼabʼ ri komon tyox .
pixabʼ : man utz taj kʼax kuj chʼaw chikij nikʼaj qachil .
xkunataj le ali (kumal ri ixoqibʼ ).
ri xibʼibʼal chi kʼowi pataq ri qa kʼas lemal ronojel qʼij .
na kuj warta waral .
on che kkʼojiʼ ri utzil chixoʼl , a rech junam ri qa kojonik , junam riiwechix rukʼ riwech in .
pa ox qʼij ri saʼn kbʼe na rukʼ riaj kun .
kawinaq wuqubʼ .
jas kawaj kin tijo ?
weta xatbʼe wukʼ pale tinamit , xa loqʼ ta laʼ le ujastaq le akʼajol .
kebʼe pa waʼim .
xin loqʼ kʼi wa .
pajun nim kʼa cheʼlaj , kʼojun kʼwaʼ sibʼalaj saq lo loj , nim uwach .
kwaj katij jubʼaʼ wa .
ronojel winaq kril na ri ukolonem ridyos ».
xkʼoto chi n chikiwach chi kin waʼ awukʼ
kwaj na ka tʼe taj .
la xa loqʼ junal ej ?
ekʼo ri e loqʼomanel .
riukabʼ ubʼiʼ rinuma mareyay .
kinjopij riijaʼ rech triko .
xnaʼtaj chkexe atinik .
xateʼ qilaʼ .
kakitij alan xa x riwinaq .
... kinbʼij chi arewaʼ sin xiʼ an .
na xin nabʼej ta chutasik qa kʼolibʼal .
rumal rech che we riin, kin chʼaw rukʼ ri dy os pa chʼabʼal , kchʼaw na kʼu riʼ riw uxlabʼal rukʼ ri dy os , kʼate kʼut man kʼota upatan riʼ ch rech rinu chomabʼal .
xepetik xkilo .
xuta we ka tʼe k .
utz ukemik le pas chawe .
ri nuwa kax xutij jun qʼoqʼ rumal riʼ xkamik .
rumal rikʼix , man kewaʼ taj riwinaq .
xeʼu lik .
qʼeqrij riamaʼ chij .
xraj kaʼel e unan .
junam ki junabʼ .
na qʼalaj taj we kaʼek .
ri wi xnam chʼajchʼoj ri rachoch .
waral man kʼotaj ajawal .
na iwirta xril le kʼamolbʼe .
xinpe loq te kʼu riʼ xintzukuj ronojel ri nurajil .
riaj tikonel kutik ri tzij .
kʼo e kikʼajol le a chijabʼ .
kutij qʼayes riix paʼ ch .
pari waʼ bʼal ekʼo kawinaqa chijabʼ .
sip oj inaq ri nupam .
kayaʼtajik rukʼ utiʼonem jun ri uriqom le yabʼilam olot set sé xuqujeʼ are kayaʼtaj pataq rijuyubʼ .
jachin ria chi ?
rinumam xkamik aretaq kʼo jumuchʼ lajuj ujunabʼ .
kin kowinik kinkʼambʼi le pwaq .
kin wilo chi utz ria jiʼ .
xin qʼil riapoʼx che man kachakun taj .
kwaʼ chiuwach le taqʼaj ria maʼ akʼ .
rii mul xepoqʼik pajun ikʼ .
xkʼis kanoq riqachak .
are riali xojilow kanoq .
sibʼalaj chʼuʼj riamax .
kʼo nuwachiʼ .
in chajinel kech le a kʼalabʼ .
xekos le tzʼiʼ .
kinbʼe na kukʼ ri molaj .
ronojel aqʼabʼ kinyitzʼ riwakax .
karapinik xutzukuj chi jun awaj .
le ukemik le pasaninaq ( awumal ).
maj urajil leqʼabʼ arel .
kʼax riʼ ri kachʼawik .
xojutaq chiʼj le achich uloqʼik ichaj .
sibʼalaj kʼax ri xkʼul maxik .
xkilo chinak in kʼoxomaj taj .
xnaʼtaj chkech ixe atinik .
xkʼoto chi n chikiwach chi xojal woʼ qa kukʼ .
jun qʼuʼq rajil ri kaxlaʼn wa .
xin wilo chi xeʼelik .
ekʼo ixoqibʼ pale kʼaybʼal .
man kʼotaj ukʼisik ri mayabʼ aj la bʼalil .
ri sin kkʼiy pa taqʼaj .
ri chʼi maman kkʼiy taj pataqʼ aj .
rajawaxik kjikik riwaqän .
kawaj kin ʼek .
ekʼo oxibʼ akʼ .
xubʼij chwe jawi at kʼowi .
chweʼ qkujbʼeʼ pamuquj .
pasaq kʼa jaʼ kbʼan wiri u q.
xoj kisikʼij .
xinwil wibʼ .
chaqʼ chik ri wa .
kimbʼe na ka pale woʼ ch .
kawaj kin ʼek .
ri chʼuʼk tij rukʼ lej .
pari kiqʼij kaminaqibʼ kbʼan qʼo rikʼyaʼ rech aj : nabʼe rinan kutzukuj kan riaj , kujachʼoʼ xuquje kukʼeto .
jas kajbʼal cha nim ?
utz uchomanik ri ali .
pari qʼij ox lajuj tijax kinkʼis kebʼ junabʼ kinchakun waral .
sibʼalaj ko , rikʼakʼ chʼat .
jas karaj kubʼij … ?
ri chʼichʼ kasila bʼik .
pa ojer qʼalpul xaq xuwi ri nim winaq ke kʼamowbʼe .
le ukunaxik le ukabʼ ukʼutunik are rukʼ eflor nitina on utunibʼax ik le nifur tim oxchiʼ le flor nitina chech t .b.g.
are ria chi xin chʼayowik .
junachi u bʼi kuʼx usipaj kebʼ kʼaʼm ulew rech kabʼan ri tijobʼal , kamik , kʼo chikaj tij rech ri komon xechpup .
xumal tyoxij che riaj tij ronojel le xukʼut chiuwach .
pari bʼe xkiraq jun alaji mul saq rij , xkikʼam bʼik .
xril lebʼal e ala .
jas kubʼij chwe ?
le u kunatajem are rukʼ utzukuxik le uchikopil pajun usolik uxeʼ le kikʼ on le jaʼ rech junnodo .
utz we nu tzʼiʼ .
jeʼ , tajin kachaponik .
kin uloqʼoj le nutat .
kawaj kimbʼe pa tinamit .
arelaʼ kinchakuj .
ri nimaʼq taq winaq kʼo ketaʼma bʼal .
weta xatbʼe wukʼ pale tinamit , xa loqʼ ta waʼ we jastaq .
rikikʼas lemal . wa ixi mulew xa jun chima are ta tinimit rima
riukʼ yabʼal na jupam .
xa tqaj chiupam riil .
nojim kat waʼ ik .
we kʼo jun ktuq aʼrik ,¿la man xoqujeʼ taj kin tuq aʼr riin ?
ojoj wokol ja .
awas kbʼan kʼax che jun nim winaq .
xin chʼaw apan rukʼ le wanabʼ .
kʼax ri upam ri juʼl .
tajin kewaʼ ri i mul .
lakaj la kuj tzalij la aninaq ?
rumal rech cheri makaj man kʼota ukowinem piwiʼ riix: riixmanix kʼota chichuxeʼ ripixabʼ ,xane ix kʼo chuxeʼ ri sipanik .
nim raqan le cheʼ .
xin chapo .
are le tuʼrle loqʼomanel .
xas kat kʼojiʼ chiupam ri chʼichʼ .
sibʼalaj nim raqan ri kʼamalbʼe .
le tzʼibʼa bʼal wechin .
in xintoʼw la .
xa je kʼu riʼ riixkamik riʼ man ix kaxlan winaq tachik ; riix ,ix rech ri ki tinimit ri etyoxlaj taq winaq , ix rech ri rachoch ridyos .
xin tikoxlaj kʼal ichaj .
kaqariq qibʼ chweʼ q.
sibʼalaj utz che ri wiʼ aj ri tuney .
we naj upulik ta xeqajik ...
xintoʼtaj cheri nuchak .
kʼo jun chiko pubʼiʼ pum .
poq on ri ik .
xoj bʼinik .
xu chʼe k ronojel le retamanik xpa qiʼ kkʼax kwʼinik xubʼan aj kun .
kel ubʼik pari judeʼa e ktzalij chiu bʼi jumul pari g alileʼa .
xi na xibʼij pabʼe .
jeʼl kʼolem chi awachoch .
ronojel riyaʼtalil pawe qʼataj , tzʼaqat kiwach , man ktzaq ta kanoq xuqujeʼ man ktas taj .
xukunaj le yawabʼ le aj qʼij .
chi tatabʼej jas le kimbʼij .
chʼa nal ri achi .
pabʼokoʼ kachakun wiri tax .
uj kʼo pauwuq qʼij .
kiʼ ri ukabʼ riaqaj .
kʼo rachalal pa tzʼoloj cheʼ ri peʼl .
xkilo chi kin kʼoxomaj .
ri ukisakʼ utz kyaʼik chiuxeʼ ri tikoʼn .
aretaq chiʼ kaqʼan puwiʼ ri jukubʼ , ria chi che xkʼojiʼ riitzel uxlabʼal rukʼ , kutach rech riareʼ, a rech kkʼojiʼ rukʼ riareʼ .
na kabʼantaj ta wumal .
xnaʼtaj chkexe atinik .
xinpaj ri nutriko .
xeʼok ri pokʼ pariu me xa rip oʼx .
ka juluw ria qʼaʼl chiuxeʼ ri tʼuʼy .
a wech le ja .
xuj bʼe pa tzurik .
nabʼe xa topanik .
riukabʼ ubʼiʼ rinuma mareyay .
uwaj xaqu kakʼal taqanik (28) .
ma ta kʼojun kakanaj kanoq , qonojel kojbʼek .
e nimaʼq le altomabʼ .
nim uwach rip oʼt .
kojonik pari utzij wa ixi mulew .
jas xukʼambʼi le tzʼiʼx awilo ?
xinpetik , tat .
ri bʼelaj uwach .
chi tatabʼej jas ri kimbʼij .
jeʼl kunaʼ ria bʼix chiupam ri ququlew .
kinbʼisoj uwach lewal .
xu tʼuy ubʼaʼ .
nim ria we qeleʼn xa ri qo .
xineʼ waʼ oq .
chiʼ kewar wi le a kʼalabʼ .
rinumiʼ al xutaq loq jun taqoʼm wuj chiwe .
qʼeʼl ik , ri chaj pari bʼe .
la utz awach ?- utz mal tyox , e kʼu ri at ? – utz mal tyox .
xin kos rumal nuchak .
kbʼe kukʼ ri eʼ areʼ e ktzalij pari nas are te keʼunimaj .
rij oj xukʼambʼik ria kʼ .
kʼo chi wachiʼl cha nim .
kubʼij chech naʼl kabʼan che ria tzʼibʼ .
e... in kawaj katzjoj bʼila chwe .
ma ta xinyaj le ali .
jachin rukʼ katbʼe wi ?
kʼo sibʼalaj etaʼmabʼal pari mayabʼ noʼjibʼal .
e man xo ri jupuq kej .
kasumum ri kaqiqʼ .
ekʼo kajibʼ a kʼalabʼ pale bʼe .
jeʼ jas riutat kkaʼyik .
xaqat molonel tzij tal .
le nutat kaloqʼon chwe .
xaqtane kimbʼe iwukʼ .
xretaʼmaj uchʼajik .
rumal laʼ xkoj“xal qʼat” che ubʼiʼ ri komon .
are le ukemik pas xretaʼmaj .
riwa tiʼt kubʼan na ri upatan .
kʼakʼ le p oʼt .
retaʼm uwach jachin xloqʼow ripas .
ken chʼabʼej le a kʼalabʼ .
yaʼtal chaqe qonojel riuj winaq utz kaqil qibʼ .
xkotiʼ paqʼayes xoqʼik .
kawinaq bʼe le jebʼ qʼataj .
ekʼo kajibʼ ral ri i mul, jun saq , jun qʼan , jun qʼeq , jun qʼeqoj , sibʼalaj ketzʼanik , kechʼopin ik rialaj taq i mul .
kchol ol riachachal .
ketekik ri ikʼ .
xepetik rech kewaʼ iwukʼ .
tza tz ri uqʼanil ri akʼ .
xoj tzalijik xi xeʼ qa qʼatuj kukʼ le itat inan .
riyoʼx taq a kʼalabʼ kekikʼux ria tzʼyaq .
wea chiwe xusipaj jun poʼt chwe xkamik .
kkowin ri kunanel che kunanik .
xjiqʼ pari polow .
xa rumal sibʼalaj rajawaxik le loqʼalaj jaʼ , le winaq xkibʼij : che we ikʼ riʼ qonojel kuj bʼe che utikik taq cheʼ .
ri u na neri e rachalal kepe uloq rukʼ riareʼ, kʼate kʼu riʼ, man kekowintaj ke qibʼ ukoq rukʼ , rumal rech che ekʼo sibʼalaj winaq .
rumal rech , che man kʼota jun kkowin che ukojik jun tik ibʼalil chik chuwach ri kojom chik che are rijesus kristo .
te kʼu riʼ xutzʼibʼaj ribʼ pari nimalaj tijobʼal rech aj kuʼn .
ka juluw richʼumil chaqʼabʼ .
kʼisbʼal kanoq , xoqujeʼ kkam ri ixoq .
le ala xokik .
kʼo pwaq pauwiʼ ri me xa .
are kawaj na kinʼetaj .
riyawal kukoj riali chiuxeʼ ri chakach are usuʼt .
na kaqa kʼamtuʼbʼi kamik .
riaj tij kubʼij chike : rajawaxik keqachajij riawaj , are utikoʼn riajaw .
xintij mukun iwir .
kʼax le uwiʼ taqle nuqʼabʼ .
xin loqʼ jun ilbʼal wibʼ .
waʼ we qʼij , nim ubʼantajik .
ri uxeʼal riqa tinamit man kasach taj .
xoj bʼinik .
riachalal junam kiwach .
xin wetaʼmaj rilik wibʼ .
nim riunaʼoj waj tij .
miqʼin ri kʼul .
aj qʼojom riateʼ k.
ch elesanik cheʼ kbʼan wiri qʼojom .
kape le awel panawal jaʼ.
ri mesonel tajin kchakunik .
utz chaqe kaqa toʼqibʼ , taq kʼo kʼax kʼolil , kate wechiʼn riajaw paqawiʼ .
xawilo , xqʼatan le ibʼ oy .
xat kowinik xabʼano .
kiʼ rikʼawex .
kajil il ri bʼe .
le alixel bʼik .
areʼ xraj xinbʼano .
nim we abʼ aj .
jeʼ li kutiʼ jolal ri saq koʼr .
nojinaq rikej .
we ka tijan xu xman kat utoʼta chi uqʼatixik le kʼakʼ yabʼil coronav irus (2019 -ncov) .
na nim ta raqan waʼ we cheʼ .
utzalaj ajchak , ri wel .
¿jampaʼ kuj bʼe panimaqʼij ?
rajawaxik tane laʼ kat chakun wukʼ .
xutaq chiʼj pa waram pulew .
man areta ri axwan xelik .
riawix xuloqʼ rachoch renimal .
are riixoq xin sikʼin uloq .
ri chʼi makʼa tʼon na .
la xibʼan le i chak ?
kʼi tinamit ekʼo pa chʼoʼj .
kʼo jupuq chij chiuxeʼ ri cheʼ .
ri uxaq ria bʼix are uwarik ej .
kawinaq qʼataj .
la kixpe pa tijobʼal ?
we kechajix taqle kʼwa jacha kinbʼij ; jun alik kʼo jaʼ xuqujeʼ sibʼalaj saq lo loj .
xretaʼmaj .
rialabʼom ri alitomabʼ tajin kikitijoj kibʼ rech su taq , are kakaj ki kibʼan nima qa chijabʼ chupam ri kikʼas lemal , xuquje kʼo chik jupuq bʼixonel chupam ri komon .
la tzʼ uwach ri bʼe .
kʼakʼ ria chʼichʼ .
qonojel uj , uj may abʼ taq winaq .
nojel qʼij ria tiʼx kuyuqʼ uj le taq awaj jelaʼ panikʼaj jaʼ , chirij ri juyubʼ ubʼiʼ te naʼ .
pa qʼom chik risiʼ.
kintzukun che la .
kakitij le kinaqʼ , le ichaj , le uwaʼlik rukʼ lej .
xekanaj kan le ajchakibʼ .
ketikon ria chijabʼ .
sibʼalaj itzel ubʼantajik richʼila kan .
riateʼk xumal tyoxij che ri ra tiʼt , rumal ri utzalaj noʼjibʼal xukʼut chech .
k kamulix uchak ria bʼix .
la xin utzukuj le tijoxel ?
areʼ kachakun ronojel qʼij .
le ekʼaʼ na taq tzʼiʼ .
saq rij ripla mux .
jas xa qʼiʼoxa tijo .
jas rukʼ xkichapwi utijik le ri kil ?
we katat in rukʼ kʼa tanjaʼ man kuqʼatej ta le kʼakʼ yabʼil coronav irus .
la kat bʼin pale uxlanbʼal ?
la waral kʼux ix waʼ wi ?
are le nutat kin loqʼonik .
tajin kchakun riala .
kʼo ri kiʼkotemal awukʼ .
xuta jachin kaʼek .
xat waʼ ik xin wilo .
xtzaq ri rachoch rumal rijabʼ .
pale jun ikʼ chik are nimaqʼij .
e kebʼäm kebʼin pauwiʼ ri tem .
mem riachi .
ri wi kan cha liʼy kel pajuyubʼ chwi tziribʼal .
le rajil , la paja xelaqʼax wuʼ bʼik ?
pari suʼt pisom wiri lej .
kojpetik kol qa kʼamaʼ .
tajin kat chʼopin chiuwach ritaqʼaj .
leqʼorx chʼuqik .
kʼax waʼ im awumal .
kinbʼison che lewal .
sibʼalaj kʼokʼ ria wa tzʼyaq .
kamik xuj bʼe che utikik taq cheʼ pari juyubʼ .
kin uloqʼoj le nutat .
cha qiʼj chik richaj .
xyil ix ha wayi .
na xnaʼtaj ta chkech ixe atinik .
rukʼ kʼu waʼ we riʼ, riix kkʼojiʼ jun utzalaj i kʼas lemal riʼ chkiwach ri winaq che mane kʼota iwukʼ , kʼate kʼu riʼ man kʼota jun winaq riʼ rajawaxik chiwech .
epetinaq pa bʼe le rachalaxik .
kakaj le a kʼalabʼ kewaʼik .
xuj chʼay bʼik .
ri nuchak are qʼaxel tzij .
kʼo nar uxlabʼ riawaj .
tajin kelloq , ri qʼij .
xuqʼiʼo xkamsax ri rachalal choch .
rinumam are kʼo uqʼinomal .
xkʼul mataj jumul , xubʼan jun nimalaj jabʼ , man xbʼeyetaj tana xukʼis le uyuqʼ chike .
amaʼ rinutzʼiʼ .
jewaʼ kat petik .
xin kosik rumal xin chakunik
iwech chi jujunal , riwa .
xuqʼiʼo na xa tat in taj .
inriq tajinaq pari kʼayibʼal .
na wetaʼm taj .
kʼax le nuqʼabʼ .
utz le xubʼij le achi .
kema tzʼibʼ .
kʼo rachalal pa tzʼoloj cheʼ ri peʼl .
ronojel waʼ we jastaq riʼ, xas ksach wi uwach waʼ ; rukʼ weriʼ, riix , rajawaxik che kʼojun tyox la jikʼas lemal e kkʼojiʼ rii chʼawem rukʼ ridyos ,
xmuqtaj ri patzʼan .
ri chʼichʼ tzijom kanoq pari ukʼolbʼal .
man kʼota ucholaj pataq ria wuj .
ja chike ikʼ le unimaqʼij le tinamit nawal jaʼ ?
xepetik xol ki kʼamaʼ .
kachuqʼ chut rijaʼ chi apam .
xinbʼij iwir chi xebʼe pa ar mita .
areʼ uxeʼ ojer tzij waral kʼi cheʼ ubʼiʼ .
xkʼis ri nusiʼ .
jawi xkibʼij wi chi keʼewi ?
¡ xa je kʼu riʼ, jachin taq rie kʼo pari judeʼa , chicha nim cheʼa nima jubʼi pataq rijuyubʼ ,
kʼakʼ ri abʼ .
la kʼojun na ka kʼoxomaj taj ?
na utz ta le utʼisom le almariy .
man yaʼtal taj chiawe katok paja .
jeʼ, xa tu tzukuj .
are kel waj xaqibʼ uqʼij ri xkʼojik .
rixun kurk kʼojiʼ pataq ri triko .
xin sachik .
xu tʼuy ubʼaʼ
nan utom tale tzij …
wachʼom ri kiwari noʼs .
ekʼo jobʼ chʼil wakʼ .
rajawixik chi pataq ri tijobʼal , panikʼaj ubʼixik chik
ri rajaw rulew areʼ tat kel .
we kʼu xokik , we kʼ na xok ta
wea chi xusipaj jun p ʼot chwe .
atat utaqoʼn le qʼatal tzij .
na qʼanta uwach le qa p rut .
ri xaʼr kʼo pauwiʼ ri qʼaqʼ kpoqʼowik .
ri roqʼej rialija chakpe jun akʼal .
kʼojun ala pa tijobʼal .
säq uwiʼ ritataʼ .
ri wi tzikʼ tajin kpe loq .
jawi xsach on wi kan uyaʼik le pwaq che .
utz wea chiwe xin kunanik .
qonojel kuj waʼ pauwiʼ ri me xa .
ri ka xlaʼnik man poq on taj .
in xinbʼe rukʼ riwachiʼl .
sibʼalaj jeʼl xkilo xe ki tzoqopij ri kichij chilaʼ .
kinbʼinik xin ʼek .
kʼax kʼolik , kachaʼ .
kutij ixim ria kʼ .
rialix chel , x uqʼiʼo xa junakʼ xsipax che .
xqasikʼij le ixoq chutzak ik subʼ .
ma ta xa bʼinsaj le chʼichʼ .
ripix tzʼa ralik rumal ri eqaʼn .
¿jampaʼ kel chi 3%
kʼojun nu kʼotoj chiʼaj .
tajin kewaʼ kat rialabʼom .
xin loqʼ le nukʼ akʼapoʼ t .
na utzakik ta subʼ tajin kuʼano
xojutaq chiʼij xojwaʼik .
iwech ri abʼ ix .
saq rij richij .
ajsik che ri tinamit kel wiri tataʼ .
-¡ay ! xa xintzaq uloq , kʼax we waqan .
xkʼul mataj pajun komon chiʼ uwach jun juyubʼ ,xu ri qa jun qʼij xkiriq kibʼ jun i mul rukʼ le kok .
jas xa taq chiʼj le akʼal chutijik ?
xinchapo su xuloqʼo .
qʼinom ria chi .
ri kʼum ktijow rukʼ kabʼ .
tajin keja chʼanik .
tz e bʼal ukemik le pas awumal .
are ka yoʼw le uchikopil le ubʼantajik try p anos omab ruc e i.
we kat nimanik utz kelik .
p ero noʼjimal petnaq loq , .
are le nuchak jun tzuqbʼal wibʼ .
xkunax le yawabʼ rumal le aj qʼij .
ri ukʼuʼx tzʼibʼ paqa tzij e lajuj .
sibʼalaj jeʼl ik rie qa bʼal xubʼan riluʼs .
sibʼalaj at kon .
e man xo ri jupuq kej .
na xnaʼtaj ta chkexe atinik .
ri kʼamalbʼe xubʼij chike , chi maja ria nim .
jumuchʼ ri nujunabʼ .
qʼip tajinaq ri raqan ri tem .
kchakun rukʼ ri josbʼal cheʼ riajanel .
xa taq chiʼj le akʼal chutijik kar .
oj kʼo pale roʼ ch le awel .
¿la kat pequkʼ chweʼ q ?
le winaq pale chʼichʼ e tʼuyul lo wi .
xkanaj kanoq chiuxeʼ rijabʼ ri chʼaʼn .
nim rija .
weta xa kunaj le atat mata xkam laʼ .
na nukʼamom tuʼla riʼ.
chqa nukʼuʼ ri qa tzij .
kimbʼe pale tinamit .
xinqʼiʼo na xinatin taj .
rajawaxik kakʼaman chawe le utijik le lej .
kʼisbʼal taq noʼjibʼal .
