xin e Íº wa Íº o q.
xki b Íºan k Íºax che le uwo saq rumal man ut z ta chik ak ay ik .
ri q Íº ut u Íº m man ke ch ta le ak Íºal ab Íº .
are na nim ta le at z Íº i Íº ch uwach le nut z Íº i Íº .
xe pe ti k x ol ki la Íº.
‚ø ja w chi Íº xa ta Íº che xkam ri u mam ri po Íºx ?
e ke b Íº k e k Íºam b Íº ik pa tu j.
xin loq Íº jun japa ri wo ka j ja .
ri ax tu Íº b Íº, k Íº o q ul aj che ch .
jas ka ra j ka Íºan chu t za kik le ti Íº i j .
xutij le wa.
xim b Íºal re t zi j .
xpax ri b Íº o Íºj.
we ka waj ka tin to Íº o xaq xuwi ka b Íº i j chi we .
jas nuk Íº uk uch Íº ob Íº o .
jas ka ra j ku tijo ?
xe x ru xlab Íº ri rik il .
e nit z Íºa Íº q le taq imul .
we tan e in xin b Íºan ow ik , are le ate Íº k xb Íºan ow ik.
kin t z al ij pa le nu tinam it .
ri nuchaq Íº k Íº o pa uro Íº q Íºat oj tijon ik pa ri tijob Íºal .
xin xi Íºj wi b Íº xin ch Íº aw ik.
k Íº o ch wa ro Íº ch le p are.
chi raq an kab Íº in wi ri tata Íº .
xsach on kan uya Íº ik le p waq che cho ja .
xin q Íºax chik ix o Íº l ri wi naq.
k et ik on ik.
ri ulew man qe ch taj , kech ri q ati Íº t qa mam .
xe pe le wi naq x ol kik Íºama Íº.
xuloq Íº ri wu j rumal ri ali .
che we q Íº i j kam ik k Íº o jun nut zi j on em chi rij le nu tinam it .
k ej ri Íº.
xkunan ala q ch we .
kin usik Íº i j le nunan .
ri imul xuch Íº i j taj , xka naj pa b Íºe , rumal ri nimal ku jal uj ri imul , xut zaq ri anim.
ku b Íºan ri ux oq Íº o Íº l ri aj t z Íºa q.
ri la si b Íºal aj ut z che kuna b Íºal .
k Íº i ki wach ri e Íº aj chaki b Íº pa ri ko mon t y ox , k Íºate k Íº ut xa jun chi aj awx el ;
xqata chi xa tu lik .
ka waj chi ka t Íº e k .
ch Íº uti Íºn ke ka naj ri xa jab Íº che ch .
ka qaxi Íºj q ib Íº ka qa chapo .
e k Íº o ke b Íº uk Íº aj ol le tat x wan .
l u Íº sub Íº i Íº ri rech am.
aj chi uwi Íºm i q Íº in ja Íº ri lu Íº.
xin ya kan le nuchi mpak Íºay b Íºal .
k Íºate xril o , xpe ri unan che ut z ukux ik , xki ko tik , xu salab Íº isa j ri taq uxkin .
xki k Íº ut chi uwach ri aj tij xuqu je Íº chi k iwach ri taq nik Íºaj kachil .
ut z le nuq Íºab Íº.
k ul le al we Íºl pa austin cha q Íºab Íº kam ik .
ri ate Íº k xt zaq loq are chik Íº o pa uwi Íº ri q Íºa Íºm.
aj patan ri t e Íº k.
xa t qa j chi upam ri il.
la k Íº o t zi j na kik Íº ox omaj ta j ?
xsach on ch ke chi xe atinik .
ro no j el le ulew e cha la q.
la xe b Íºe k Íº ula xe Íº ki jaq ak Íº ule uchi Íº ja ?
xaq ka t ch Íº o k naj iwir .
kam ik k Íº o chi ri jas taq a we.
are chi Íº ka k Íº is ri juna b Íº k Íº o q Íº in om .
pa nawal ja Íº xin alex ik.
na xin tata j we are ri ak Íºal ki xt z uq uw ik.
‚° r ulew ri sab Íºulo ner ulew ri ne f t ali , ub Íºe ri po low , r ulew ri jord an , gal ile Íºa kech ri je taq amaq Íº !
ra x, ra x, ra x, k Íº o k Íº, k Íº o k Íº, k Íº o k Íºler uxlab Íº le taq tiko Íºn .
achi xa t wi lo .
pa q al ra j il le pi xkam ik .
xo j b Íº inik .
pa jun je Íºl tijob Íºal ku tijoj ri b Íº jun ak Íºal , ub Íº i Íº po Íºx , ut z k uril o ke pa tijob Íºal ro no j el taq q Íº i j .
x waj chi xa t Íº e taj.
ut z la Íº le xub Íº i j le achi .
weta Íºam jachin ka pe tik .
kin q Íº oj oman ik .
xin q Íº i Íº o tak Íºal ik xin pe tik .
are Íº reta Íºm che ki no pan ik .
are tab Íºal e qa qa j aw cha t to Íºw ik.
ka wi naq waq ib Íº q Íºataj.
na qa j chik che ri uwaq kaj b Íºal are taq chi Íº k sach uwach ri q Íº i j , ko k riq Íº e qu Íºm ch uwach ulew , chik Íºate Íº na ri b Íºeleje b Íº kaj b Íºal .
job Íº raq an ri t z Íºa lam xe por ox ik.
si b Íºal aj ko rij ri mop .
are wa Íº.
je la Íº pa ri timin it ch wi ka byo k rech xe laj u Íº , le qa nan qa tat kaki tiko je Íºl al aj taq uwach ichaj .
k Íºax nu q ul .
xu Íº l uk Íºama Íº.
ko j ul kit z uku j .
are man k Íºax ta ukunax ik are taq ani naq ka Íº i litaj we yab Íº il al xuqu je Íº mo jo Íº qa ku ya Íº le k Íºax k Íº ol il che ch le jo lomaj.
ri wel k Íº o pa tijon ik.
ka waj kin b Íº i j .
ri kot z Íº i Íºj k qa ko j chi upam ri ja .
q Íº e q q Íº oj rij ri ama Íº ke j .
naxwaj taj xin ch Íº aw ik.
ch petab Íºal e loq Íºal aj jab Íº .
xsach on ch ke xa t ki sik Íº i j .
e le q Íºal ch Íº ich Íº .
jachin xa wi lo chi are xtij ow ri ti Íºj ?
ma tak ab Íºe le nuxb Íºal pa le tinam it .
pim ru q , ri ali .
‚ø k Íº o ri muq Íºe chi awech ?
k qa b Íº i j man ke ko win taj.
kin tij na.
k Íº o jun qa t Íº u Íºy pa ja !
k Íº o p uj chi upam ri ch Íºa Íºk.
are taq kin ko sik kin war ik.
xa t wa Íº ik xin wil o
in xin ch Íº ay ow le achi .
ko no j el ri alax ik ke Íº et z Íºan ik .
jas ruk Íº xki tij wi le ki rik il ?
ani naq il kat pe tik .
nara xta uwach le juy ub Íº .
ri t z Íºa lam t z Íº ib Íºab Íºal ra x k kay ik .
wecha t chakun ik , k Íº o awa.
ma Íº tam xa t pe che ri wa Íº im .
ka mul kin wa Íº na.
ri sikil k tij ow ruk Íº ik .
ki m b Íºe aq Íºan ruk Íº le altal in.
xo j Íº e k xe Íº qil ala r qa so k.
xe kiq Íº il le aj chaki b Íº xki wo k leja.
ma t an e xwaj le k Íº u hj nem ruk Íº le at e Íº k.
are xe Íº o pan chi uchi Íº ri juy ub Íº , xki lo chi man qa s tak Íº o q Íºay es .
k Íºate k Íº ut , ri jesus man k ko jon ta ch kech ri e Íº are Íº , rumal rech che ko no j el reta Íºm ki wach ,
pa Íº t z ri j rit z Íº i Íº .
juwi naq waq ib Íº q Íºataj.
a te la q Íº om .
xaq at jo Íº s .
ri q Íºat z u, are q Íºal aj ri uq Íº i j il.
aj chak we ala.
ub Íºelej uka k Íºal taq an ik ( 29 ).
ke b Íºn ub Íº i Íºk Íº ol ik.
la kat z al ij lu Íº la ani naq ?
kat z ukun la ch we .
la ka j la ko j b Íºe Íº pa le chomal ch we Íºq ?
xin nab Íºej chu ta sik qa k Íº ol ib Íºal .
l al xinto Íºw ik.
si b Íºal aja no Íº j ib Íºal .
xo j pe tik x ol qa k Íºama Íº.
si b Íºal aj je Íº lik ri u wa Íº l ri ichaj.
k Íºax wi j rumal in pa cha lik .
are taq xuk Íº ulmaj wa Íº xul ri uchoman ik xub Íº i j : are ut z wa aq Íºab Íº kin wal ij ik , are cha Íºcha nim ki no pan pa tijob Íºal , maj chi kin k Íº ulmaj.
oj aj xo j o lob Íº pa awasq Íº i j .
xin sach che le uwo k ik le t zi j .
e jul aj u j ri ak Íº.
xuta jam pa Íº ko j Íº e k .
q il ik .
ri tijox el man are tan im ch uwach ri ra j tij. ri ut z tij ox el qa s je ri Íº k Íº ol ik jas ri ra j tij .
in xatin ch Íº ay o.
no Íº j im chak wumal.
ch Íº ur ri joch Íº.
inkin b Íº i j na ka t sach taj.
uj may ab Íº.
ri ab Íº aj ya t z al ik .
tajin ke pi xb Íºax ri ak Íºal ab Íº .
ch om ri a q.
xin war ik.
e le men ko no j el ri ak Íºal ab Íº .
tajin k q Íºan a ri k ri wer e Íºaj.
le ukem ik le pa sut z ( cha we ).
xuy up ub Íºa uwach ra Íº chi , ka cha Íº, .
ri satan asko k pa ri judas ri k b Íº ix iska ri Íº otech rech , ri are Íº jun ch ki xo Íº l ri e ka b Íº la j u j.
ch uchu ripar.
kinqum u j ri nu jo ch Íº.
che ch punc i„≥n lumbar amaq Íº el ra j awax ik che ch ri lik le uk Íºex b Íºem wi le nab Íºe ruk Íº le uka b Íº uk Íº ut un em le ya b Íº il al .
q Íºal aj chi na ka waj taj kab Íº i j .
k Íº o q Íº ol chi rij ri si Íº .
ja wi xo j Íº e wi ch uloq Íº ik ?
k Íº ouloch Íº ri tal in.
q Íºan rij ri ati Íº t nu ke j .
la xt z al i j la iwir ?
xe sik Íº ix ik , k Íºate k Íº uri Íº xe ya jik , xuqu je Íº xe taq b Íº i che usik Íº ik le mes .
la k ix war ik ?
are k Íº u le pa lomax xub Íº i j che : - mam ka t b Íº i son taj , kin sik Íº i j nik Íºaj wachi Íºl ke ra pa p ik .
a Íºre e tijox el ab Íº.
ri alaja li si Íºlx ub Íº i j xqa chap pa ut z al ri ty ox .
xsach on ch ke jachin xe atinik .
jas xu ray ij le a na n xutijo ?
xin ko sik .
ra x ro no j el ri q Íºay es rumal lej ab Íº .
kin ya wa Íº we ch Íº ich Íº p in em na ut z .
no Íº j im upach Íº uxik le nu wi Íº.
naj k Íº o wi le wo Íº ch ch uwach le tijob Íºal .
ri o ki b Íºal k Íº o chi uwach ri saq ja .
xe nu taq ch Íº i j ke kil le ak Íºal ab Íº .
k Íº o jun q Íº ox ow em chi we .
t zari cho Íºm .
we choj b Íºe pa le nimaq Íº i j , ke qil le aj xo j o lob Íº.
xo j Íº e k xe Íº qil ala r qa so k.
ri at e Íº k xuta Íº che ch rinan to Íºn : - nan jas che Íº chi man ka j ta la qa k Íºat isa j ri jo Íº q.
ripal si b Íºal aj xu Íºy .
kin k oj ri jok b Íºal ulew.
inkin b Íº i j na ka t sach taj
atra j kun le nunan.
ku qa muj u j or on ri aj t zi j .
l u Íºt z Íºa lam ub Íº i Íº ri achi kel pa nim che Íº .
je Íº lik uti Íºj ol al ri saq ko Íºr .
k Íº o jun xa Íº rpaja.
xin loq Íº jun k Íºak Íº patan .
k Íºax ukem ik le pa saw umal .
ani naq ukem ik le pa saw umal
ri ch Íºa Íºn sachi naq pa taq ab Íº ix .
ra xtaq le kot z Íº i Íºj .
mesom kan oq ri upam ja .
man are tar ala xko sik .
ri ko mon xe ch pup rech uq Íºab Íº tinam it xo Íº lab Íº aj rech q Íº umar ka j .
la ut z a kik k Íº usu b Íº tajin ku Íº an o ?
katela !
na xutij taj.
xa rumal k e ta Íºm ko no j el ri wi naq k kiqumuj le ja Íº.
iwir xuj t z al ij la pa k Íºay b Íºal .
qeta Íºm che ri qa wak ujuto Íº o .
ri aj tij, k yaj on chik e ch ri ak Íºal ab Íº .
jas ub Íºan om le nu ch Íº uti tat ?
ch we Íºq kin b Íºe pa nim tinam it .
ut z we ki weta Íºmaj jas ku b Íº i j ri chol b Íºal q Íº i j .
tajin ka tji low che uq Íº ox om jo lom aj .
xin tik q Íºax chi uwach ri ja .
k Íºax le ki b Íº e le wi naq.
loq Íº ka t kun taj che le ya b Íº il ( c ovid- 19 ).
ri nux ib Íºal kel pa qa j b Íºal q Íº i j .
xril ri axwan chi x wa Íº ri ala .
le ali xkunata j ik .
weta ka pe le jab Íº kam ik .
xin weta Íºmaj chi na xa t pe ta j .
rip waq rech we q Íºataj ri Íº kesa x che ch ri t oj b Íºal k Íºay in em .
k tij ri uwa Íº lik rumal ri ki nimaq Íº i j .
xuchap ukunax ik .
chatan loq ali .
xin x uli Íº qa jo q.
je Íº lik k tij ow ri taq ik ox .
k Íºate k Íº uri le tat xo Íº r xub Íº i j , man ka waj taj , man k awaj taj.
k Íº o jun t z Íº i Íº pa b Íºe .
ka mul xin pe che at z ukux ik.
man tajin tak in chakun ik.
kin chakun ik rech ka t wa Íº ik.
jas ruk Íº xa wil wi chi xki q up ij wi le ti Íºj .
jas ub Íº ix ik ‚Ä¶?
ko q Íº ri ak Íºal.
ka waj na ka t Íº e taj.
xatq Íº aj ik .
w em na cha loq Íºaxiy al , na ki mb Íºe ta awuk Íº.
xo pan le wu j a wu k Íº rumal wech in.
are k Íº ut pa le juy ub Íº k k Íº iy jor on , chi la Íº xe kik Íºam aw i ri ja Íº ri wi naq.
ko q Íº ri ak Íºal.
we k Íº o a ra j il chak Íºam aloq .
are si b Íºal aj ka q le apo Íº t ch uwach le nupo Íºt.
xin k Íºas taj pa ka b Íº la j u j ka j b Íºal .
ka q oy Íºej na ki xpe taj.
ko ka xim ri chij xa je la Íº man ka nimaj ta b Íº ik.
ri ko k no j im xb Íºe k , xuch Íº i j ox o pan pa uk Íº is b Íºal il le anim .
xo jki Íº ko tik are taq xa tul ik.
ka q it z Íº naj ri u xa jab Íº ri ak Íºal.
ri jesus k wa Íº kat pa ri nim rachoch ridyos , ch uxe Íº ri jun ja che rachoch risalo mon .
we taq an ik ri Íº ku b Íº i j chi ra j awax ik k ya Íº uq Íº i j ri wi naq xuqu je Íº k to Íº ani naq il .
ri ax uxare na ri ukun el ri ki naq Íº.
are taq wa Íº ri uq Íº i j ol we taq an ik .
k Íº o jun tab Íºal pa uwi Íº ri xkan ul ub Íº i Íº la j u j no Íºj.
y u Íºl ub Íºan om ri uko lob Íº ri ke j .
xa nimaj ri ak Íºal chi uwach ri uchuch.
k kunan ri achi .
kin wa Íº ik rech na kin y ow aj taj.
aj xik ch Íº ich Íº ri lu Íºs .
k waj che ixki xb Íºan ow ik .
a Íº re xe to Íºw alaq.
xo j Íº e k xe Íº qil ala r qa so k.
xin loq Íº jun ch Íº ich Íº , qa ji naq uwach.
k ut Íº is ripan ta lon .
e ja nipa le awal k Íº wal e k Íº ol ik ?
ut z ukem ik le p as cha we .
ri max are aj q Íºan i ya Íº.
matab Íºa chi ri q k Íºax pa le b Íºe .
tajin ka nimaj , ri me Íºs .
ix i xe Íº la q Íº omab Íº !
xsach an ch we .
e k Íº o k Íº i che Íº , chi uwach ri juy ub Íº .
are wa Íº ri nimal aj pi xab Íº e are wa Íº ri nab Íºe .
xreta Íºmaj chi ruk Íº pa k Íº k utij wi
jas ut z a kik le sub Íº xu Íºan o ?
aj xo Íºy ri wi kan.
we tan e a Íº re xe t ij ow le rik il , are le ko mon xe tij ow ik.
si b Íºal aj ani naq ka ch Íº aw le are Íº chi nu wach in.
ut z we kin chakuj .
me Íºs la Íº .
k Íº o kan wa rech ka qa tijo .
xin sik Íº i j la .
ri ak Íºal xsach kan oq je la Íº pa taq Íºa j .
xe sik Íº i j la .
ja wi xki b Íº i j wi chik e Íº e wi ?
rumal che , man ixta ri Íº ri ki xch Íº aw ik , are rir uxlab Íºaxel ri it a t ri Íº ri k ch Íº aw na iwuk Íº ri ix.
k Íºak Íº riwachoch .
si b Íºal aj ut z kin wil le at z Íº y aq rech na hua la .
saq por k kay ri ki po Íº trinan.
xsach on ri nuchak ch we.
wa Íº im xu chapo .
ri q Íº aq Íº tajin ka juluw ik.
naj il upam ri si wan .
e k Íº o ri qa chal al pa chi uwi Íºla.
jas xataq chi Íºj le ak Íºal chu tij ik ?
no Íº j im ukem ik le pa saw umal .
k Íº o jun k uku b Íº i Íº tintin , wa Íº le la j k uk mam ka j e q itaj , ka pa qika xu lik pa uwi Íº uq Íºab Íº taq che Íº , si b Íºal aj sak Íºaj , ke Íº uto le e nima Íºq , ch Íº utin , rachi Íºl , aj si pan el si b Íºal aj ut z ra nima Íº.
ri u pi xab Íº le q Íºat b Íºal t zi j ki ya Íº ub Íº ix ik .
na xsach on ta ch ke xe atinik .
xe qil le chik op p uw ileja.
x lo Íº ta j ri ak Íºal.
qo no j el ku j wa Íº pa uwi Íº ri mexa.
xsik ir le waq an.
la xa t wa Íº k Íº ut ?
nim u b Íºaq Íº ri t ulul .
kin xik Íº ik Íº ik xin q Íºax ik.
la kat b Íºe pa le tinam it ?
ripal si b Íºal aj saq Íº or .
k q Íº ox ow nu j a lom .
xin na Íº o chi ka t pe tik .
xloq Íº ulew iw e ch ix.
xin chakun ruk Íº ri nu mam .
na xqa b Íºan taj.
k k Íº oj i Íº b Íº a Íº ri usi pan ik ri aj awx el jesus kristo ruk Íº ri aw uxlab Íºal !
kin ch Íº aw ruk Íº le nunan pa le ch Íº aw eb Íºal .
si b Íºal aj q Íº e qu Íºm rumal ri may ul .
are le ba xulik .
xe kos le ix oq ib Íº pa le b Íºe .
k Íºax ri lik le ak Íºal cha we .
xin q Íº i Íº o xin atin pa jor on .
si b Íºal aj nim le tinam it .
k Íºax ukem ik le pa saw umal .
xin sach ik.
tajin k el u kik Íº el pa raq an ri t z Íº i Íº .
xin weta Íºmaj ri lik w ib Íº
ri q Íº uq Íº are jun je Íºl chik op .
k Íº o pa ja tijob Íºal ri wi kaq Íº .
ri sach ib Íºal mak ra j wax ik chi qa xo Íº l .
je Íº , k im b Íºe k .
je la le Íº ri nup wi Íº.
xub Íº i j che : - jas xab Íºan otin tin ?
ka b Íºan jun toq Íº ob Íº k ya k ri nuja l.
ka t Íº e k xin ta .
jas le uk Íºex b Íºem ri b Íº le jun ruk Íº le jun chik ?
aj chi uwi Íºm i q Íº in ja Íº ri lu Íº.
ri tijon el naj k pe wi .
te Íº k ix chob Íº ub Íº i Íº ri nu tat .
ri ja Íº ka miq Íº ik chi uwach ri q Íº aq Íº .
ri t Íº u Íº y k pa q Íº ow ik.
kin meson na .
naq aj at k Íº o wi chi we ch .
xin b Íº i son ik taq na xa t pe t taj.
we xkam ri wi naq , rip waq rech t oj b Íºal makaj k ya Íº chik e ch ri rala x ik .
ri nunan xb Íºe pa k Íºay b Íºal .
xo j uk Íºam uloq rech ko j ri lo
xk Íº o to chin chik iwach chi kin wa Íº aw uk Íº.
na xki kam sa j ta j xki k Íºam b Íº i cho ja.
k Íºak Íº ri ik Íº kam ik .
xim b Íºe ruk Íº le aj kun iwir .
ri lik .
le t z Íº i Íº xe kos ik .
xinki ko ta wumal .
ri imul xumaj ri a nim , xuya kan le ko k .
k Íº o oj che ri ak Íºal.
xuj b Íºe pa jun k Íº ulan em .
ut z we k war alaq.
ka qil o chi na ko j uk Íºam ta j .
xreta Íºmaj chi ruk Íº pa k Íº k utij wi .
si b Íºal aj xin k Íºa Íºn arik.
xin ko chij ri nuwa.
man ka t ko win taj kat chakun ik , we man k Íº o ta ri aj il ab Íºal .
we wo non xub Íº i j chi k e :-ki xin to .
ri ala nim k ril wi ri umam.
xka Íºy chi rij , xka Íºy ch uwach , mak Íº o ta chi jun k sil ob Íº ik , x oq Íº ik xu xe Íºj ri b Íº xch Íº op in ik xt z al ij loq xuriq ta chik ri ub Íºe .
k Íº o pus che ri wa .
p in em na ka b Íºe le wat z , ki m b Íºe wi in pa ka Íºy ib Íºal .
rinan to Íºn nim wi naq chik , saq uwi Íº , ro no j el aq Íºab Íº ut z kuna Íº o ka t Íº uy i Íº pa ut em , ku mi q Íº isa j ri b Íº cho ri q Íº i j , k Íº o jun uwi Íº umam ub Íº i Íº ate Íº k.
man e k Íº i ta j ri q ula Íº.
q Íºal aj chi na ka waj taj kab Íº i j
xpaq ab Íº isa x ra j il ro no j el ri kem.
k Íº o pa ri jul ri ku mat z.
ro no j el q Íº i j kin ch Íº aj le nu w are .
saq chi kan le ichaj rech ka t z ak o.
ch uxe le qa chomal ka qa tij wi jun qa me q Íº in.
cha wi la Íº .
e k Íº o job Íº umi Íº al , ri nu tat .
jas ruk Íº xa wil wi
je Íº jas ri wi naq rech ri uwach ulew , xoqu je Íº ke pe na ri Íº ri e Íº are Íº che e rech ri uwach ulew ; je Íº jas ri wi naq rech ri ka j , xoqu je Íº ke pe na ri Íº ri e Íº are Íº e rech ri ka j .
xin tijo .
k t z Íº uj uw ri rachoch ri po Íºx .
xuq Íº i Íº o are le uk Íº ulel xya Íº ow uwa .
ri aw el xreta Íºmaj chi ra j awax ik man k uxej ta ri b Íº che ri tuk ur .
juk Íº ula j wi naq xe Íºa nimaj b Íº i k .
je Íº , xint z al i j ik.
xo j pe tik x ol qa k Íºama Íº.
maj jachin x Íº e k .
in aj tij ; at tijox el .
saq uwi Íº ri tata Íº.
we ch ri kem.
le ro Íº ch le at e Íº k k Íº o ch wach le uk Íºay le nunan.
k b Íºe pa ri si ri Íº ae pa ri sil isi Íºa , ja wi je Íº kuya wi ri kichuq Íºab Íº ri ko mon t y ox .
pi xab Íº : man ut z taj k Íºax k ujch Íº aw chik ij nik Íºaj qa ch il .
xkunata j le ali ( kumal ri ix oq ib Íº ).
ri xib Íº ib Íºal chik Íº o wi pa taq ri qa k Íºas lemal ro no j el q Íº i j .
na ku j war ta war al .
on che k k Íº oj i Íº ri ut z il ch ixo Íº l , are ch junam ri qa ko jon ik , junam ri iw e ch ix ruk Íº ri we ch in.
pa oxq Íº i j ri sa Íºn k b Íºe na ruk Íº ri aj kun .
ka wi naq wuq ub Íº.
jas ka waj kin tijo ?
weta xa t b Íºew uk Íº pa le tinam it , xa loq Íº ta la Íº le u jas taq le ak Íºaj o l.
ke b Íºe pa wa Íº im .
xin loq Íº k Íº i wa .
pa junnim k Íºache Íº la j , k Íº o jun k Íº wa Íº si b Íºal aj saq lo lo j , nim uwach.
k waj ka tij jub Íº a Íº wa .
ro no j el wi naq k ril na ri uk ol on em rid y o s ‚<unk>.
xk Íº o to chin chik iwach chi kin wa Íº aw uk Íº
k waj na ka t Íº e taj.
la xa loq Íº jun alej ?
e k Íº o ri e loq Íº oman el .
ri uka b Íº ub Íº i Íº ri nu mam arey ay .
kin jo pij ri ija Íº rech triko.
x na Íº ta j ch ke xe atinik .
xa te Íº qila Íº.
kaki tij al an xa x ri wi naq.
... kin b Íº i j chi are wa Íº sin xi Íº an .
na xin na b Íºej ta chu ta sik qa k Íº ol ib Íºal .
rumal rech che we ri in, kin ch Íº aw ruk Íº ri d y os pa ch Íºab Íºal , k ch Íº aw na k Íº uri Íº ri wu xlab Íºal ruk Íº ri d y os , k Íºate k Íº ut man k Íº o ta upatan ri Íº ch rech ri nu chomab Íºal .
xe pe ti k xkil o .
xuta we ka t Íº e k .
ut z ukem ik le p as cha we .
ri nuwak ax xu tij jun q Íº oq Íº rumal ri Íº xkam ik .
rumal rik Íº ix , man ke wa Íº taj ri wi naq.
xe Íºul ik .
q Íº e q rij ri ama Íº chi j.
xra j ka Íº el e unan .
junam ki juna b Íº .
naq Íºal aj ta j we ka Íº e k .
ri wix nam ch Íºaj ch Íº oj ri rachoch.
war al man k Íº o ta j aj awal .
na iwir ta xril le k Íºam ol b Íºe .
xin pe loq te k Íº uri Íº xint z uku j ro no j el ri nu ra j il .
ri aj tik on el k ut ik ri t zi j .
k Íº o e kik Íºaj ol le achi jab Íº .
ku tij q Íºay es ri ix pa Íº ch .
pa ri wa Íº b Íºal e k Íº o ka wi naq achi jab Íº .
sipoj i naq ri nupam .
ka ya Íº ta j ik ruk Íº uti Íº on em jun ri uriq om le ya b Íº ilamo lot s ets„© xuqu je Íº are ka ya Íº ta j pa taq ri juy ub Íº.
jachin ri achi ?
ri nu mam xkam ik are taq k Íº o jumu ch Íº la j u j u juna b Íº.
kin ko win ik kin k Íºam b Íº i le p waq .
kin wil o chi ut z ri aji Íº.
xin q Íº il ri apo Íºx che man ka chakun taj.
k wa Íº chi uwach le taq Íºa j ri ama Íºa k Íº.
ri imul xe poq Íº ik pa jun ik Íº .
xk Íº is kan oq ri qa chak .
are ri ali xo ji low kan oq .
si b Íºal aj ch Íº u Íº j ri amax.
k Íº o nu wachi Íº.
in chaj inel kech le ak Íºal ab Íº .
xe ko s let z Íº i Íº .
kin b Íºe na kuk Íº ri mol aj .
ro no j el aq Íº ab Íº kin y it z Íº ri wa ka x .
ka rapin ik xut z uku j chi jun awaj .
le ukem ik le pasan i naq ( awumal ).
majur a j il le q Íºab Íº ar el .
k Íºax ri Íº ri ka ch Íº aw ik.
xo j u taq chi Íºj le achi ch uloq Íº ik icha j.
si b Íºal aj k Íºax ri xk Íº ulmax ik .
xki lo chi nak in k Íº ox omaj taj.
x na Íº ta j ch ke chi xe atinik .
xk Íº o to chin chik iwach chi x ojal wo Íº qa kuk Íº.
jun q Íº u Íº q ra j il ri ka xla Íºn wa .
xin wil o chi xe Íº e lik .
e k Íº o ix oq ib Íº pa le k Íºay b Íºal .
man k Íº o ta j uk Íº is ik ri may ab Íº aj la b Íºal il .
ri sin k k Íº iy pa taq Íºa j .
ri ch Íº i maman k k Íº iy taj pa taq Íºa j .
ra j awax ik k jik ik ri waq „§n .
ka waj kin Íº e k .
e k Íº o ox ib Íº ak Íº .
xub Íº i j ch we ja wi at k Íº o wi .
ch we Íºq k uj b Íºe Íº pa muq u j.
pa saq k Íºaja Íº k b Íºan wi ri uq.
xo j ki sik Íº i j .
xin wil wi b Íº .
cha q Íº chik ri wa .
ki m b Íºe nak apa le wo Íº ch .
ka waj kin Íº e k .
rich Íº u Íº k tij ruk Íº lej .
pa ri kiq Íº i j kam i naq ib Íº k b Íºan q Íº o ri k Íº ya Íº rech aj : nab Íºe rinan kut z uku j kan ri aj , ku jach Íº o Íº xuqu je k uk Íºe to.
jas ka j b Íºal cha nim ?
ut z uchoman ik ri ali .
pa ri q Íº i j ox la j u j tija xkin k Íº is ke b Íº juna b Íº kin chakun war al .
si b Íºal aj k o, ri k Íºak Íº ch Íºat.
jas ka ra j ku b Íº i j ‚Ä¶?
ri ch Íº ich Íº ka si lab Íº ik.
pa ojer q Íºal pul xaq xuwi ri nim wi naq ke k Íºam ow b Íºe .
le ukunax ik le uka b Íº uk Íº ut un ik are ruk Íº e flor n i tina on ut un ib Íº ax ik le nif ur timox chi Íº le florni tina che ch t . b. g.
are ri achi xin ch Íº ay ow ik .
jun achi ub Íº ik u Íº xu si paj ke b Íº k Íºa Íºm ulew rech ka b Íºan ri tijob Íºal , kam ik , k Íº o chik aj tij rech ri ko mon xe ch pup.
xumal t y ox ij che ri aj tij ro no j el le xuk Íº ut chi uwach.
pa ri b Íºe xki raq jun ala jimul saq rij , xki k Íºam b Íº ik .
xril le b Íºal e ala .
jas ku b Íº i j ch we ?
le uk unata j em are ruk Íº ut z ukux ik le uchi ko pil pa jun usol ik uxe Íº le kik Íº on le ja Íº rech jun no do .
ut z we nut z Íº i Íº .
je Íº , tajin ka chap on ik.
kin uloq Íº oj le nu tat .
ka waj kim b Íºe pa tinam it .
are la Íº kin chakuj .
ri nima Íºq taq wi naq k Íº o ke ta Íºmab Íºal .
weta xa t b Íºew uk Íº pa le tinam it , xa loq Íº ta wa Íº we jas taq .
ri kik Íºas lemal . wa ix imulew xa jun chi ma are ta tinim it ri ma
ri uk Íº yab Íºal naj upam .
xa t qa j chi upam ri il.
no jim ka t wa Íº ik.
we k Íº o jun k tu qa Íº ri k , ‚ø la man xoqu je Íº taj kin tu qa Íº r ri in ?
oj oj wo k ol ja .
awas k b Íºan k Íºax che junnim wi naq.
xin ch Íº aw apan ruk Íº le wa na b Íº .
k Íºax ri upam ri ju Íºl .
tajin ke wa Íº ri imul .
la ka j la ku j t z al ij la ani naq ?
rumal rech che ri makaj man k Íº o ta uko win em pi wi Íº ri ix : ri ix man ix k Íº o ta chi ch uxe Íº ri pi xab Íº , xane ix k Íº o ch uxe Íº ri si pan ik .
nim raq an le che Íº .
xin chapo .
are le t u Íº r le loq Íº oman el .
xas ka t k Íº oj i Íº chi upam ri ch Íº ich Íº .
si b Íºal aj nim raq an ri k Íºamal b Íºe .
le t z Íº ib Íºab Íºal we ch in.
in xinto Íºw la .
xa je k Íº uri Íº ri ixkam ik ri Íº man ixka xlan wi naq ta chik ; ri ix, ix rech ri ki tinim it ri e t y ox la j taq wi naq , ix rech ri rachoch ri d y os.
xin tik ox la j k Íºal ichaj.
ka qa riq q ib Íº ch we Íºq.
si b Íºal aj ut z che ri wi Íº aj ri tun ey .
wena jupul ik ta xe qa j ik ...
xinto Íº taj che ri nuchak .
k Íº o jun chik op ub Íº i Íº pum .
poq on ri ik .
xo j b Íº inik .
xuch Íº e k ro no j el le reta man ik xpaqi Íºk k Íºax k wÍº in ik xub Íºan aj kun .
k el ub Íº i k pa ri jude Íº a e k t z al ij chi ub Íº i jumul pa ri gal ile Íºa.
xi naxib Íº i j pa b Íºe .
je Íºl k Íº ol em chi awachoch.
ro no j el ri ya Íº tal il pa we q Íºataj , t z Íºa qat ki wach , man k t zaq ta kan oq xuqu je Íº man k ta s taj.
xu kunaj le ya w ab Íº le aj q Íº i j .
chi tat ab Íºej jas le kim b Íº i j .
ch Íº an al ri achi .
pab Íºo ko Íº ka chakun wi ri tax.
uj k Íº o pa uwuq q Íº i j .
ki Íº ri uka b Íº ri a qa j.
k Íº o rachal al pa t z Íº o loj che Íº ri pe Íº l.
xki lo chi kin k Íº ox omaj .
ri uki sak Íº ut z k ya Íº ik chi uxe Íº ri tiko Íºn .
are taq chi Íº ka q Íºan pu wi Íº ri juku b Íº , ri achi che xk Íº oj i Íº ri it z el uxlab Íºal ruk Íº , k uta ch rech ri are Íº , are ch k k Íº oj i Íº ruk Íº ri are Íº.
na ka b Íºan ta j ta wumal .
x na Íº ta j ch ke xe atinik .
xin paj ri nu triko.
xe Íº o k ri po k Íº pa ri umexa ri po Íºx .
ka juluw ri aq Íºa Íºl chi uxe Íº ri t Íº u Íºy .
aw e ch leja.
xuj b Íºe pa t z urik.
nab Íºe xato pan ik .
ri uka b Íº ub Íº i Íº ri nu mam arey ay .
uwaj xaq uka k Íºal taq an ik ( 28 ).
mata k Íº o jun k aka naj kan oq , qo no j el ko j b Íºe k .
e nima Íºq le alt omab Íº .
nim uwach ri po Íº t .
ko jon ik pa ri ut zi j wa ix imulew.
jas xuk Íºam b Íº i let z Íº i Íºxa wi lo ?
xin pe tik , tat .
ri b Íºe laj uwach .
chi tatab Íºej jas ri kim b Íº i j .
je Íºl kuna Íº ri ab Íº ix chi upam ri ququlew.
kin b Íº i so j uwach le wal .
xut Íº uy ub Íºa Íº.
nim ri aw e q e le Íºn xa ri q o .
xin e Íº wa Íº o q.
chi Íº ke war wi le ak Íºal ab Íº .
ri nu mi Íºal xutaq loq jun taq o Íºm wu j chi we .
q Íº e Íºl ik , ri chaj pa ri b Íº e .
la ut z awach ? - ut z mal t y ox , e k Íº uri at ? ‚Äì ut z mal t y ox .
xin ko s rumal nuchak .
k b Íºe kuk Íº ri e Íº are Íº e k t z al ij pa rinas are te ke Íº unimaj.
ri jo j xuk Íºam b Íº ik ri ak Íº.
k Íº o chi wachi Íºl cha nim .
k ub Íº i j che ch na Íºl ka b Íºan che ri at z Íº ib Íº .
e ... in ka waj kat zj oj b Íº i la ch we .
mata xin ya j le ali .
jachin ruk Íº kat b Íºe wi ?
k Íº o si b Íºal aj eta Íºmab Íºal pa ri may ab Íº no Íº j ib Íºal .
e man xo ri jup uq ke j .
ka s um um ri ka qiq Íº .
e k Íº o ka j ib Íº ak Íºal ab Íº pa le b Íºe .
je Íº jas ri u tat k ka Íºy ik.
xaq at mol on el t zi j tal .
le nu tat ka loq Íº on ch we.
xaq tan e ki mb Íºe iwuk Íº.
xreta Íºmaj uch Íº aj ik.
rumal la Íº xko j ‚Äú x al q Íºat ‚Äù che ub Íº i Íº ri ko mon .
are le ukem ik pas xreta Íºmaj.
ri wa ti Íº t ku b Íºan na ri upatan.
k Íºak Íº le po Íºt.
reta Íºm uwach jachin xloq Íº ow ripas.
ken ch Íº ab Íºej le ak Íºal ab Íº .
ya Íº tal cha qe qo no j el ri uj wi naq ut z ka qil q ib Íº .
xkoti Íº pa q Íºay es xo q Íº ik .
ka wi naq b Íºeleje b Íº q Íºataj.
e k Íº o ka j ib Íº ral ri i mul , jun saq , jun q Íºan , jun q Íº e q , jun q Íº e q o j , si b Íºal aj ke t z Íºan ik , kech Íº op in ik ri alaj taq imul .
k chol ol ri achachal.
k et e kik ri ik Íº.
xe pe ti k rech ke wa Íº iwuk Íº.
t z at z ri uq Íºan il ri ak Íº.
xo j t z al ij ik xi xe Íº qa q Íºat u j kuk Íº le i tat inan .
ri yo Íºx taq ak Íºal ab Íº ke kik Íºux ri at z Íº y aq .
we achi we xusi paj jun p o Íº t ch we xkam ik .
k ko win ri kunan el che kunan ik .
xji q Íº pa ri po low.
xa rumal si b Íºal aj ra j awax ik le loq Íºal aj ja Íº , le wi naq xki b Íº i j : che we ik Íº ri Íº qo no j el k uj b Íºe che utik ik taq che Íº .
ri unan eri e rachal al ke pe uloq ruk Íº ri are Íº , k Íºate k Íº uri Íº, man ke ko win ta j ke qi b Íº uko q ruk Íº , rumal rech che e k Íº o si b Íºal aj wi naq.
rumal rech , che man k Íº o ta jun k ko win che uko j ik junti ki b Íºal il chik ch uwach ri ko jom chik che are ri jesus kristo.
te k Íº uri Íº xut z Íº ib Íºaj ri b Íº pa ri nimal aj tijob Íºal rech aj ku Íºn .
ka juluw ri ch Íº umil cha q Íºab Íº .
k Íº is b Íºal kan oq , xoqu je Íº k kam ri ix oq .
le alaxo kik .
k Íº o p waq pa uwi Íº ri mexa.
are ka waj na kin Íº e taj.
ri ya wal k uko j ri ali chi uxe Íº ri chaka ch are usu Íºt.
na ka qa k Íºam t u Íº b Íº i kam ik .
ri aj tij ku b Íº i j chik e : ra j awax ik ke qa chaj ij ri awaj , are u tiko Íºn ri aj aw .
xin ti j mukuni wir .
k Íºax le uwi Íº taq le nuq Íºab Íº.
xin loq Íº jun il b Íºal w ib Íº .
wa Íº we q Íº i j , nim ub Íºan ta j ik .
ri uxe Íºal ri qa tinam it man ka sach taj.
xo j b Íº inik .
ri achal al junam ki wach .
xin weta Íºmaj ri lik w ib Íº.
nim ri una Íº oj waj tij .
mi q Íº in ri k Íº ul.
aj q Íº oj om ri ate Íº k.
che le san ik che Íº k b Íºan wi ri q Íº oj om .
ka pe le awel p anawal ja Íº.
ri meson el tajin k chakun ik.
ut z cha qe ka qa to Íºq ib Íº , taq k Íº o k Íºax k Íº ol il , ka tewe chi Íºn ri aj aw pa qa wi Íº .
xa wi lo , xq Íºatan le ib Íºoy .
xatko win ik xab Íºan o .
ki Íº ri k Íºawex .
ka j il il ri b Íºe .
le alix el b Íº i k .
are Íº xra j xin b Íºan o .
nim we ab Íº aj.
je Íº lik uti Íºj ol al ri saq ko Íºr .
noji naq ri ke j .
we ka tijan xux man ka tuto Íº ta chi uq Íºatix ik le k Íºak Íº yab Íº il cor o nav irus ( 2019 - n co v) .
na nim ta raq an wa Íº we che Íº.
ut z al aj aj chak , ri wel .
‚ø jam pa Íº k uj b Íºe pa nimaq Íº i j ?
ra j awax ik tan e la Íº kat chakun wu k Íº.
xutaq chi Íºj pa war am p ulew.
man are ta ri axwan xe lik .
ri aw ix xuloq Íº rachoch renimal.
are ri ix oq x in sik Íº in uloq.
rich Íº i mak Íºat Íº on na .
la xib Íºan le ichak ?
k Íº i tinam it e k Íº o pa ch Íº o Íºj .
k Íº o jup uq chij chi uxe Íº ri che Íº.
ri uxaq ri ab Íº ix are u war ik ej .
ka wi naq q Íºataj.
la ki xpe pa tijob Íºal ?
we ke chaj ix taq le k Íº wa jacha kin b Íº i j ; jun alik k Íº o ja Íº xuqu je Íº si b Íºal aj saq lo lo j .
xreta Íºmaj.
ri alab Íº om ri alit omab Íº tajin ki ki tijoj ki b Íº rech su taq , are ka kaj ki ki b Íºan nimaq achi jab Íº chupam ri kik Íºas lemal , xuqu je k Íº o chik jup uq b Íº ix on el chupam ri ko mon .
la t z Íº uwach ri b Íºe.
k Íºak Íº ri ach Íº ich Íº .
q o no j el uj , uj may ab Íº taq wi naq.
no j el q Íº i j ri ati Íº xk uy uq Íº uj le taq aw aj je la Íº pa nik Íºaj ja Íº, chi rij ri juy ub Íº ub Íº i Íº tena Íº.
pa q Íº om chik ri si Íº .
kin t z ukun che la.
kaki tij le ki naq Íº , le ichaj , le u wa Íº l ik ruk Íº lej .
xe ka naj kan le aj chaki b Íº .
k et ik on ri achi jab Íº .
si b Íºal aj it z el ub Íºan ta j ik ri ch Íº i la kan .
ri at e Íº k xumal t y ox ij che ri rati Íº t , rumal ri ut z al aj no Íº j ib Íºal xuk Íº ut che ch .
k ka mulix uchak ri ab Íº ix.
la xin ut z uku j le tijox el ?
are Íº ka chakun ro no j el q Íº i j .
le e k Íºa Íº na taq t z Íº i Íº .
saq rij ri plam u x.
jas xaq Íº i Íºo xatijo .
jas ruk Íº xkichap wi utij ik le ri k il ?
we ka tat in ruk Íº k Íºat an ja Íº man k uq Íºatej ta le k Íºak Íº ya b Íº il cor o nav irus .
la kat b Íº in pa le uxlan b Íºal ?
la war al k Íºux ix wa Íº wi ?
are le nu tat kin loq Íº on ik.
tajin k chakun ri ala .
k Íº o ri ki Íº ko temal aw uk Íº.
xuta jachin ka Íº e k.
xa t wa Íº ik xin wil o .
xt zaq ri rachoch rumal ri jab Íº .
pa le jun ik Íº chik are nimaq Íº i j .
e ke b Íº„§m ke b Íº in pa uwi Íº ri tem.
me m ri achi .
ri wi kan cha li Íºy k el pa juy ub Íº ch wi t zi r ib Íºal .
le ra j il , la pa ja xel aq Íºax wu Íº b Íº ik ?
pa ri su Íºt p is om wi ri le j.
ko j pe tik k ol q ak Íºama Íº.
tajin ka t ch Íº op in chi uwach ritaq Íºa j .
le q Íº or xch Íº uq ik .
k Íºax wa Íº imaw u mal .
kin b Íº i son che le wal .
si b Íºal aj k Íº o k Íº ri awat z Íº y aq .
kam ik xuj b Íºe che utik ik taq che Íº pa ri juy ub Íº .
kin uloq Íº oj le nu tat .
cha qi Íºj chik ri chaj.
xyi li xha way i.
nax na Íº ta j ta ch ke chi xe atinik .
ruk Íº k Íº uwa Íº we ri Íº, ri ixk k Íº oj i Íº jun ut z al aj ik Íºas lemal ri Íº ch ki wach ri wi naq che man e k Íº o ta iwuk Íº , k Íºate k Íº uri Íº man k Íº o ta jun wi naq ri Íº ra j awax ik chi we ch .
e pe ti naq pa b Íºele rachal ax ik.
ka kaj le ak Íºal ab Íº ke wa Íº ik.
xujch Íº ay b Íº ik .
ri nuchak are q Íºaxel t zi j .
k Íº o na ru xlab Íº ri awaj.
tajin k el loq , ri q Íº i j .
xuq Íº i Íºo xkam sa x ri rachal al cho ch .
ri nu mam are k Íº o uq Íº in omal .
xk Íº ulmata j jumul , xub Íºan junnimal aj jab Íº , man xb Íºey eta j ta na xuk Íº is le u yuq Íº chik e .
ama Íº ri nut z Íº i Íº .
je wa Íº kat pe ti k .
xin ko sik rumal xin chakun ik
iw e ch chi jujunal , ri wa .
xuq Íº i Íº o na xa t atin taj.
in ri q ta ji naq pa ri k Íºay ib Íºal .
naweta Íºm taj.
k Íºax le nuq Íºab Íº.
ut z le xub Íº i j le achi .
kemat z Íº ib Íº .
k Íº o rachal al pa t z Íº o loj che Íº ri pe Íº l.
ro no j el wa Íº we jas taq ri Íº , xa s k sach wi uwach wa Íº ; ruk Íº we ri Íº , ri ix, ra j awax ik che k Íº o jun t y ox la j ik Íºas lemal e k k Íº oj i Íº ri ich Íº aw em ruk Íº ri d y os ,
xmuq ta j ri pat z Íºan.
ri ch Íº ich Íº t zi j om kan oq pa ri uk Íº ol b Íºal .
man k Íº o ta uchol aj pa taq ri aw u j .
jachik e ik Íº le unimaq Íº i j le tinam it nawal ja Íº ?
xe pe tik x ol kik Íºama Íº.
ka chuq Íº ch ut ri ja Íº chi apam .
xin b Íº i j iwir chi xe b Íº e pa armita.
are Íº uxe Íº ojert zi j war al k Íº i che Íº ub Íº i Íº .
xk Íº is ri nu si Íº .
ja wi xki b Íº i j wi chik e Íº e wi ?
‚° xa je k Íº uri Íº, jachin taq ri e k Íº o pa ri jude Íº a, chi cha nim che Íºa nimaj ub Íº i pa taq ri juy ub Íº ,
k Íºak Íº ri ab Íº.
la k Íº o jun na ka k Íº ox omaj ta j ?
na ut z ta le ut Íº is om le almari y .
man ya Íº tal ta j chi aw e ka to k pa ja .
je Íº , xa t ut z uk uj.
are k el waj xaq ib Íº uq Íº i j ri xk Íº oj i k .
ri xunku rk k Íº oj i Íº pa taq ri triko.
xin sach ik.
xut Íº uy ub Íºa Íº
na nu tom tal et zi j ‚Ä¶
wa ch Íº om ri ki w a ri no Íºs .
e k Íº o job Íº ch Íº il wak Íº.
ra j awix ik chi pa taq ri tijob Íºal , pa nik Íºaj ub Íº ix ik chik
ri ra j aw r ulew are Íº tat kel .
we k Íºux o k ik , we k Íºnax o k ta
we achi xusi paj jun p Íº o t ch we.
a tat utaq o Íºn le q Íºatal t zi j .
naq Íºan ta uwach le q ap rut .
ri xa Íº r k Íº o pa uwi Íº ri q Íº aq Íº k poq Íº ow ik.
ri roq Íºej ri ali jacha k pe jun ak Íºal.
k Íº o jun ala pa tijob Íºal .
s„§q uwi Íº ri tata Íº.
ri wit z ik Íºtajin k pe loq .
ja wi xsach on wi kan uya Íº ik le p waq che.
ut z we achi we xin kunan ik .
qo no j el ku j wa Íº pa uwi Íº ri mexa.
ri ka xla Íºn ik man poq on taj.
in xin b Íºe ruk Íº ri wachi Íºl .
si b Íºal aj je Íºl xki lo xe ki t zo qopi j ri ki chij chi la Íº.
kin b Íº in ik xin Íº e k .
k Íºax k Íº ol ik , ka cha Íº.
ku tij ix im ri ak Íº.
ri ali xchel , xuq Íº i Íº o xa jun ak Íº xsi pax che .
xqa sik Íº i j le ix oq chu t za k ik sub Íº.
mata xab Íº insa j le ch Íº ich Íº .
ri pi xt z Íºa ral ik rumal ri e qa Íºn .
‚ø jam pa Íº kel chi 3%
k Íº o jun nuk Íº o t oj chi Íºaj.
tajin ke wa Íº kat ri alab Íº om .
xin loq Íº le nuk Íºak Íº ap o Íºt.
na ut za kik ta sub Íº tajin ku Íº an o
xo j utaq chi Íº i j x oj wa Íº ik.
iw e ch ri ab Íº ix .
saq rij ri chij .
aj sik che ri tinam it k el wi ri tata Íº.
- ‚° ay ! xa xin t zaq uloq , k Íºax we waq an .
xk Íº ulmata j pa jun ko mon chi Íº uwach jun juy ub Íº , xu riq ajun q Íº i j xki riq ki b Íº jun imul ruk Íº le ko k .
jas xataq chi Íºj le ak Íºal chu tij ik ?
xin chapos uxuloq Íº o.
q Íº in om ri achi .
ri k Íº um k tij ow ruk Íº ka b Íº.
tajin ke jach Íºan ik.
t z eb Íºal ukem ik le pa sawumal .
are ka yo Íºw le uchi ko pil le ub Íºan ta j ik try pa no s o mabrucei.
we ka t niman ik ut z ke lik .
pero no Íº j imal pe t naq loq , .
are le nuchak jun t z uq b Íºal wi b Íº.
xk unax ley aw ab Íº rumal le aj q Íº i j .
ri uk Íº u Íº x t z Íº ib Íº pa qa t zi j e laj u j.
si b Íºal aj je Íºl ik ri e qa b Íºal xub Íºan ri lu Íºs.
si b Íºal aj at ko n.
e man xo ri jup uq ke j .
nax na Íº ta j ta ch ke xe atinik .
ri k Íºamal b Íºe xub Íº i j chik e , chi maja ri a nim .
jumu ch Íº ri nu juna b Íº .
q Íº ip taji naq ri raq anritem .
k chakun ruk Íº ri josb Íºal che Íº ri aj an el .
xa taq chi Íºj le ak Íºal chu tij ik kar .
oj k Íº o pa le ro Íº ch le awel .
‚ø la kat pe q uk Íº ch we Íºq ?
le wi naq pa le ch Íº ich Íº et Íº uy ul lo wi .
xka naj kan oq chi uxe Íº ri jab Íº ri ch Íºa Íºn .
nim ri ja.
weta xa ku na j le at at ma t ax kam la Íº.
na nuk Íºam om t u Íº la ri Íº.
ch qa nuk Íº u Íº ri qa t zi j .
ki m b Íºe pa le tinam it .
xin q Íº i Íº on a xin atin taj.
ra j awax ik ka k Íºaman cha we le utij ik le le j.
k Íº is b Íºal taq no Íº j ib Íºal .
xin e Íº wa Íº o q.
xki b Íºan k Íºax che le uwo saq rumal man ut z ta chik ak ay ik .
ri q Íº ut u Íº m man ke ch ta le ak Íºal ab Íº .
are na nim ta le at z Íº i Íº ch uwach le nut z Íº i Íº .
xe pe ti k x ol ki la Íº.
‚ø ja w chi Íº xa ta Íº che xkam ri u mam ri po Íºx ?
e ke b Íº k e k Íºam b Íº ik pa tu j.
xin loq Íº jun japa ri wo ka j ja .
ri ax tu Íº b Íº, k Íº o q ul aj che ch .
jas ka ra j ka Íºan chu t za kik le ti Íº i j .
xutij le wa.
xim b Íºal re t zi j .
xpax ri b Íº o Íºj.
we ka waj ka tin to Íº o xaq xuwi ka b Íº i j chi we .
jas nuk Íº uk uch Íº ob Íº o .
jas ka ra j ku tijo ?
xe x ru xlab Íº ri rik il .
e nit z Íºa Íº q le taq imul .
we tan e in xin b Íºan ow ik , are le ate Íº k xb Íºan ow ik.
kin t z al ij pa le nu tinam it .
ri nuchaq Íº k Íº o pa uro Íº q Íºat oj tijon ik pa ri tijob Íºal .
xin xi Íºj wi b Íº xin ch Íº aw ik.
k Íº o ch wa ro Íº ch le p are.
chi raq an kab Íº in wi ri tata Íº .
xsach on kan uya Íº ik le p waq che cho ja .
xin q Íºax chik ix o Íº l ri wi naq.
k et ik on ik.
ri ulew man qe ch taj , kech ri q ati Íº t qa mam .
xe pe le wi naq x ol kik Íºama Íº.
xuloq Íº ri wu j rumal ri ali .
che we q Íº i j kam ik k Íº o jun nut zi j on em chi rij le nu tinam it .
k ej ri Íº.
xkunan ala q ch we .
kin usik Íº i j le nunan .
ri imul xuch Íº i j taj , xka naj pa b Íºe , rumal ri nimal ku jal uj ri imul , xut zaq ri anim.
ku b Íºan ri ux oq Íº o Íº l ri aj t z Íºa q.
ri la si b Íºal aj ut z che kuna b Íºal .
k Íº i ki wach ri e Íº aj chaki b Íº pa ri ko mon t y ox , k Íºate k Íº ut xa jun chi aj awx el ;
xqata chi xa tu lik .
ka waj chi ka t Íº e k .
ch Íº uti Íºn ke ka naj ri xa jab Íº che ch .
ka qaxi Íºj q ib Íº ka qa chapo .
e k Íº o ke b Íº uk Íº aj ol le tat x wan .
l u Íº sub Íº i Íº ri rech am.
aj chi uwi Íºm i q Íº in ja Íº ri lu Íº.
xin ya kan le nuchi mpak Íºay b Íºal .
k Íºate xril o , xpe ri unan che ut z ukux ik , xki ko tik , xu salab Íº isa j ri taq uxkin .
xki k Íº ut chi uwach ri aj tij xuqu je Íº chi k iwach ri taq nik Íºaj kachil .
ut z le nuq Íºab Íº.
k ul le al we Íºl pa austin cha q Íºab Íº kam ik .
ri ate Íº k xt zaq loq are chik Íº o pa uwi Íº ri q Íºa Íºm.
aj patan ri t e Íº k.
xa t qa j chi upam ri il.
la k Íº o t zi j na kik Íº ox omaj ta j ?
xsach on ch ke chi xe atinik .
ro no j el le ulew e cha la q.
la xe b Íºe k Íº ula xe Íº ki jaq ak Íº ule uchi Íº ja ?
xaq ka t ch Íº o k naj iwir .
kam ik k Íº o chi ri jas taq a we.
are chi Íº ka k Íº is ri juna b Íº k Íº o q Íº in om .
pa nawal ja Íº xin alex ik.
na xin tata j we are ri ak Íºal ki xt z uq uw ik.
‚° r ulew ri sab Íºulo ner ulew ri ne f t ali , ub Íºe ri po low , r ulew ri jord an , gal ile Íºa kech ri je taq amaq Íº !
ra x, ra x, ra x, k Íº o k Íº, k Íº o k Íº, k Íº o k Íºler uxlab Íº le taq tiko Íºn .
achi xa t wi lo .
pa q al ra j il le pi xkam ik .
xo j b Íº inik .
pa jun je Íºl tijob Íºal ku tijoj ri b Íº jun ak Íºal , ub Íº i Íº po Íºx , ut z k uril o ke pa tijob Íºal ro no j el taq q Íº i j .
x waj chi xa t Íº e taj.
ut z la Íº le xub Íº i j le achi .
weta Íºam jachin ka pe tik .
kin q Íº oj oman ik .
xin q Íº i Íº o tak Íºal ik xin pe tik .
are Íº reta Íºm che ki no pan ik .
are tab Íºal e qa qa j aw cha t to Íºw ik.
ka wi naq waq ib Íº q Íºataj.
na qa j chik che ri uwaq kaj b Íºal are taq chi Íº k sach uwach ri q Íº i j , ko k riq Íº e qu Íºm ch uwach ulew , chik Íºate Íº na ri b Íºeleje b Íº kaj b Íºal .
job Íº raq an ri t z Íºa lam xe por ox ik.
si b Íºal aj ko rij ri mop .
are wa Íº.
je la Íº pa ri timin it ch wi ka byo k rech xe laj u Íº , le qa nan qa tat kaki tiko je Íºl al aj taq uwach ichaj .
k Íºax nu q ul .
xu Íº l uk Íºama Íº.
ko j ul kit z uku j .
are man k Íºax ta ukunax ik are taq ani naq ka Íº i litaj we yab Íº il al xuqu je Íº mo jo Íº qa ku ya Íº le k Íºax k Íº ol il che ch le jo lomaj.
ri wel k Íº o pa tijon ik.
ka waj kin b Íº i j .
ri kot z Íº i Íºj k qa ko j chi upam ri ja .
q Íº e q q Íº oj rij ri ama Íº ke j .
naxwaj taj xin ch Íº aw ik.
ch petab Íºal e loq Íºal aj jab Íº .
xsach on ch ke xa t ki sik Íº i j .
e le q Íºal ch Íº ich Íº .
jachin xa wi lo chi are xtij ow ri ti Íºj ?
ma tak ab Íºe le nuxb Íºal pa le tinam it .
pim ru q , ri ali .
‚ø k Íº o ri muq Íºe chi awech ?
k qa b Íº i j man ke ko win taj.
kin tij na.
k Íº o jun qa t Íº u Íºy pa ja !
k Íº o p uj chi upam ri ch Íºa Íºk.
are taq kin ko sik kin war ik.
xa t wa Íº ik xin wil o
in xin ch Íº ay ow le achi .
ko no j el ri alax ik ke Íº et z Íºan ik .
jas ruk Íº xki tij wi le ki rik il ?
ani naq il kat pe tik .
nara xta uwach le juy ub Íº .
ri t z Íºa lam t z Íº ib Íºab Íºal ra x k kay ik .
wecha t chakun ik , k Íº o awa.
ma Íº tam xa t pe che ri wa Íº im .
ka mul kin wa Íº na.
ri sikil k tij ow ruk Íº ik .
ki m b Íºe aq Íºan ruk Íº le altal in.
xo j Íº e k xe Íº qil ala r qa so k.
xe kiq Íº il le aj chaki b Íº xki wo k leja.
ma t an e xwaj le k Íº u hj nem ruk Íº le at e Íº k.
are xe Íº o pan chi uchi Íº ri juy ub Íº , xki lo chi man qa s tak Íº o q Íºay es .
k Íºate k Íº ut , ri jesus man k ko jon ta ch kech ri e Íº are Íº , rumal rech che ko no j el reta Íºm ki wach ,
pa Íº t z ri j rit z Íº i Íº .
juwi naq waq ib Íº q Íºataj.
a te la q Íº om .
xaq at jo Íº s .
ri q Íºat z u, are q Íºal aj ri uq Íº i j il.
aj chak we ala.
ub Íºelej uka k Íºal taq an ik ( 29 ).
ke b Íºn ub Íº i Íºk Íº ol ik.
la kat z al ij lu Íº la ani naq ?
kat z ukun la ch we .
la ka j la ko j b Íºe Íº pa le chomal ch we Íºq ?
xin nab Íºej chu ta sik qa k Íº ol ib Íºal .
l al xinto Íºw ik.
si b Íºal aja no Íº j ib Íºal .
xo j pe tik x ol qa k Íºama Íº.
si b Íºal aj je Íº lik ri u wa Íº l ri ichaj.
k Íºax wi j rumal in pa cha lik .
are taq xuk Íº ulmaj wa Íº xul ri uchoman ik xub Íº i j : are ut z wa aq Íºab Íº kin wal ij ik , are cha Íºcha nim ki no pan pa tijob Íºal , maj chi kin k Íº ulmaj.
oj aj xo j o lob Íº pa awasq Íº i j .
xin sach che le uwo k ik le t zi j .
e jul aj u j ri ak Íº.
xuta jam pa Íº ko j Íº e k .
q il ik .
ri tijox el man are tan im ch uwach ri ra j tij. ri ut z tij ox el qa s je ri Íº k Íº ol ik jas ri ra j tij .
in xatin ch Íº ay o.
no Íº j im chak wumal.
ch Íº ur ri joch Íº.
inkin b Íº i j na ka t sach taj.
uj may ab Íº.
ri ab Íº aj ya t z al ik .
tajin ke pi xb Íºax ri ak Íºal ab Íº .
ch om ri a q.
xin war ik.
e le men ko no j el ri ak Íºal ab Íº .
tajin k q Íºan a ri k ri wer e Íºaj.
le ukem ik le pa sut z ( cha we ).
xuy up ub Íºa uwach ra Íº chi , ka cha Íº, .
ri satan asko k pa ri judas ri k b Íº ix iska ri Íº otech rech , ri are Íº jun ch ki xo Íº l ri e ka b Íº la j u j.
ch uchu ripar.
kinqum u j ri nu jo ch Íº.
che ch punc i„≥n lumbar amaq Íº el ra j awax ik che ch ri lik le uk Íºex b Íºem wi le nab Íºe ruk Íº le uka b Íº uk Íº ut un em le ya b Íº il al .
q Íºal aj chi na ka waj taj kab Íº i j .
k Íº o q Íº ol chi rij ri si Íº .
ja wi xo j Íº e wi ch uloq Íº ik ?
k Íº ouloch Íº ri tal in.
q Íºan rij ri ati Íº t nu ke j .
la xt z al i j la iwir ?
xe sik Íº ix ik , k Íºate k Íº uri Íº xe ya jik , xuqu je Íº xe taq b Íº i che usik Íº ik le mes .
la k ix war ik ?
are k Íº u le pa lomax xub Íº i j che : - mam ka t b Íº i son taj , kin sik Íº i j nik Íºaj wachi Íºl ke ra pa p ik .
a Íºre e tijox el ab Íº.
ri alaja li si Íºlx ub Íº i j xqa chap pa ut z al ri ty ox .
xsach on ch ke jachin xe atinik .
jas xu ray ij le a na n xutijo ?
xin ko sik .
ra x ro no j el ri q Íºay es rumal lej ab Íº .
kin ya wa Íº we ch Íº ich Íº p in em na ut z .
no Íº j im upach Íº uxik le nu wi Íº.
naj k Íº o wi le wo Íº ch ch uwach le tijob Íºal .
ri o ki b Íºal k Íº o chi uwach ri saq ja .
xe nu taq ch Íº i j ke kil le ak Íºal ab Íº .
k Íº o jun q Íº ox ow em chi we .
t zari cho Íºm .
we choj b Íºe pa le nimaq Íº i j , ke qil le aj xo j o lob Íº.
xo j Íº e k xe Íº qil ala r qa so k.
ri at e Íº k xuta Íº che ch rinan to Íºn : - nan jas che Íº chi man ka j ta la qa k Íºat isa j ri jo Íº q.
ripal si b Íºal aj xu Íºy .
kin k oj ri jok b Íºal ulew.
inkin b Íº i j na ka t sach taj
atra j kun le nunan.
ku qa muj u j or on ri aj t zi j .
l u Íºt z Íºa lam ub Íº i Íº ri achi kel pa nim che Íº .
je Íº lik uti Íºj ol al ri saq ko Íºr .
k Íº o jun xa Íº rpaja.
xin loq Íº jun k Íºak Íº patan .
k Íºax ukem ik le pa saw umal .
ani naq ukem ik le pa saw umal
ri ch Íºa Íºn sachi naq pa taq ab Íº ix .
ra xtaq le kot z Íº i Íºj .
mesom kan oq ri upam ja .
man are tar ala xko sik .
ri ko mon xe ch pup rech uq Íºab Íº tinam it xo Íº lab Íº aj rech q Íº umar ka j .
la ut z a kik k Íº usu b Íº tajin ku Íº an o ?
katela !
na xutij taj.
xa rumal k e ta Íºm ko no j el ri wi naq k kiqumuj le ja Íº.
iwir xuj t z al ij la pa k Íºay b Íºal .
qeta Íºm che ri qa wak ujuto Íº o .
ri aj tij, k yaj on chik e ch ri ak Íºal ab Íº .
jas ub Íºan om le nu ch Íº uti tat ?
ch we Íºq kin b Íºe pa nim tinam it .
ut z we ki weta Íºmaj jas ku b Íº i j ri chol b Íºal q Íº i j .
tajin ka tji low che uq Íº ox om jo lom aj .
xin tik q Íºax chi uwach ri ja .
k Íºax le ki b Íº e le wi naq.
loq Íº ka t kun taj che le ya b Íº il ( c ovid- 19 ).
ri nux ib Íºal kel pa qa j b Íºal q Íº i j .
xril ri axwan chi x wa Íº ri ala .
le ali xkunata j ik .
weta ka pe le jab Íº kam ik .
xin weta Íºmaj chi na xa t pe ta j .
rip waq rech we q Íºataj ri Íº kesa x che ch ri t oj b Íºal k Íºay in em .
k tij ri uwa Íº lik rumal ri ki nimaq Íº i j .
xuchap ukunax ik .
chatan loq ali .
xin x uli Íº qa jo q.
je Íº lik k tij ow ri taq ik ox .
k Íºate k Íº uri le tat xo Íº r xub Íº i j , man ka waj taj , man k awaj taj.
k Íº o jun t z Íº i Íº pa b Íºe .
ka mul xin pe che at z ukux ik.
man tajin tak in chakun ik.
kin chakun ik rech ka t wa Íº ik.
jas ruk Íº xa wil wi chi xki q up ij wi le ti Íºj .
jas ub Íº ix ik ‚Ä¶?
ko q Íº ri ak Íºal.
ka waj na ka t Íº e taj.
xatq Íº aj ik .
w em na cha loq Íºaxiy al , na ki mb Íºe ta awuk Íº.
xo pan le wu j a wu k Íº rumal wech in.
are k Íº ut pa le juy ub Íº k k Íº iy jor on , chi la Íº xe kik Íºam aw i ri ja Íº ri wi naq.
ko q Íº ri ak Íºal.
we k Íº o a ra j il chak Íºam aloq .
are si b Íºal aj ka q le apo Íº t ch uwach le nupo Íºt.
xin k Íºas taj pa ka b Íº la j u j ka j b Íºal .
ka q oy Íºej na ki xpe taj.
ko ka xim ri chij xa je la Íº man ka nimaj ta b Íº ik.
ri ko k no j im xb Íºe k , xuch Íº i j ox o pan pa uk Íº is b Íºal il le anim .
xo jki Íº ko tik are taq xa tul ik.
ka q it z Íº naj ri u xa jab Íº ri ak Íºal.
ri jesus k wa Íº kat pa ri nim rachoch ridyos , ch uxe Íº ri jun ja che rachoch risalo mon .
we taq an ik ri Íº ku b Íº i j chi ra j awax ik k ya Íº uq Íº i j ri wi naq xuqu je Íº k to Íº ani naq il .
ri ax uxare na ri ukun el ri ki naq Íº.
are taq wa Íº ri uq Íº i j ol we taq an ik .
k Íº o jun tab Íºal pa uwi Íº ri xkan ul ub Íº i Íº la j u j no Íºj.
y u Íºl ub Íºan om ri uko lob Íº ri ke j .
xa nimaj ri ak Íºal chi uwach ri uchuch.
k kunan ri achi .
kin wa Íº ik rech na kin y ow aj taj.
aj xik ch Íº ich Íº ri lu Íºs .
k waj che ixki xb Íºan ow ik .
a Íº re xe to Íºw alaq.
xo j Íº e k xe Íº qil ala r qa so k.
xin loq Íº jun ch Íº ich Íº , qa ji naq uwach.
k ut Íº is ripan ta lon .
e ja nipa le awal k Íº wal e k Íº ol ik ?
ut z ukem ik le p as cha we .
ri max are aj q Íºan i ya Íº.
matab Íºa chi ri q k Íºax pa le b Íºe .
tajin ka nimaj , ri me Íºs .
ix i xe Íº la q Íº omab Íº !
xsach an ch we .
e k Íº o k Íº i che Íº , chi uwach ri juy ub Íº .
are wa Íº ri nimal aj pi xab Íº e are wa Íº ri nab Íºe .
xreta Íºmaj chi ruk Íº pa k Íº k utij wi
jas ut z a kik le sub Íº xu Íºan o ?
aj xo Íºy ri wi kan.
we tan e a Íº re xe t ij ow le rik il , are le ko mon xe tij ow ik.
si b Íºal aj ani naq ka ch Íº aw le are Íº chi nu wach in.
ut z we kin chakuj .
me Íºs la Íº .
k Íº o kan wa rech ka qa tijo .
xin sik Íº i j la .
ri ak Íºal xsach kan oq je la Íº pa taq Íºa j .
xe sik Íº i j la .
ja wi xki b Íº i j wi chik e Íº e wi ?
rumal che , man ixta ri Íº ri ki xch Íº aw ik , are rir uxlab Íºaxel ri it a t ri Íº ri k ch Íº aw na iwuk Íº ri ix.
k Íºak Íº riwachoch .
si b Íºal aj ut z kin wil le at z Íº y aq rech na hua la .
saq por k kay ri ki po Íº trinan.
xsach on ri nuchak ch we.
wa Íº im xu chapo .
ri q Íº aq Íº tajin ka juluw ik.
naj il upam ri si wan .
e k Íº o ri qa chal al pa chi uwi Íºla.
jas xataq chi Íºj le ak Íºal chu tij ik ?
no Íº j im ukem ik le pa saw umal .
k Íº o jun k uku b Íº i Íº tintin , wa Íº le la j k uk mam ka j e q itaj , ka pa qika xu lik pa uwi Íº uq Íºab Íº taq che Íº , si b Íºal aj sak Íºaj , ke Íº uto le e nima Íºq , ch Íº utin , rachi Íºl , aj si pan el si b Íºal aj ut z ra nima Íº.
ri u pi xab Íº le q Íºat b Íºal t zi j ki ya Íº ub Íº ix ik .
na xsach on ta ch ke xe atinik .
xe qil le chik op p uw ileja.
x lo Íº ta j ri ak Íºal.
qo no j el ku j wa Íº pa uwi Íº ri mexa.
xsik ir le waq an.
la xa t wa Íº k Íº ut ?
nim u b Íºaq Íº ri t ulul .
kin xik Íº ik Íº ik xin q Íºax ik.
la kat b Íºe pa le tinam it ?
ripal si b Íºal aj saq Íº or .
k q Íº ox ow nu j a lom .
xin na Íº o chi ka t pe tik .
xloq Íº ulew iw e ch ix.
xin chakun ruk Íº ri nu mam .
na xqa b Íºan taj.
k k Íº oj i Íº b Íº a Íº ri usi pan ik ri aj awx el jesus kristo ruk Íº ri aw uxlab Íºal !
kin ch Íº aw ruk Íº le nunan pa le ch Íº aw eb Íºal .
si b Íºal aj q Íº e qu Íºm rumal ri may ul .
are le ba xulik .
xe kos le ix oq ib Íº pa le b Íºe .
k Íºax ri lik le ak Íºal cha we .
xin q Íº i Íº o xin atin pa jor on .
si b Íºal aj nim le tinam it .
k Íºax ukem ik le pa saw umal .
xin sach ik.
tajin k el u kik Íº el pa raq an ri t z Íº i Íº .
xin weta Íºmaj ri lik w ib Íº
ri q Íº uq Íº are jun je Íºl chik op .
k Íº o pa ja tijob Íºal ri wi kaq Íº .
ri sach ib Íºal mak ra j wax ik chi qa xo Íº l .
je Íº , k im b Íºe k .
je la le Íº ri nup wi Íº.
xub Íº i j che : - jas xab Íºan otin tin ?
ka b Íºan jun toq Íº ob Íº k ya k ri nuja l.
ka t Íº e k xin ta .
jas le uk Íºex b Íºem ri b Íº le jun ruk Íº le jun chik ?
aj chi uwi Íºm i q Íº in ja Íº ri lu Íº.
ri tijon el naj k pe wi .
te Íº k ix chob Íº ub Íº i Íº ri nu tat .
ri ja Íº ka miq Íº ik chi uwach ri q Íº aq Íº .
ri t Íº u Íº y k pa q Íº ow ik.
kin meson na .
naq aj at k Íº o wi chi we ch .
xin b Íº i son ik taq na xa t pe t taj.
we xkam ri wi naq , rip waq rech t oj b Íºal makaj k ya Íº chik e ch ri rala x ik .
ri nunan xb Íºe pa k Íºay b Íºal .
xo j uk Íºam uloq rech ko j ri lo
xk Íº o to chin chik iwach chi kin wa Íº aw uk Íº.
na xki kam sa j ta j xki k Íºam b Íº i cho ja.
k Íºak Íº ri ik Íº kam ik .
xim b Íºe ruk Íº le aj kun iwir .
ri lik .
le t z Íº i Íº xe kos ik .
xinki ko ta wumal .
ri imul xumaj ri a nim , xuya kan le ko k .
k Íº o oj che ri ak Íºal.
xuj b Íºe pa jun k Íº ulan em .
ut z we k war alaq.
ka qil o chi na ko j uk Íºam ta j .
xreta Íºmaj chi ruk Íº pa k Íº k utij wi .
si b Íºal aj xin k Íºa Íºn arik.
xin ko chij ri nuwa.
man ka t ko win taj kat chakun ik , we man k Íº o ta ri aj il ab Íºal .
we wo non xub Íº i j chi k e :-ki xin to .
ri ala nim k ril wi ri umam.
xka Íºy chi rij , xka Íºy ch uwach , mak Íº o ta chi jun k sil ob Íº ik , x oq Íº ik xu xe Íºj ri b Íº xch Íº op in ik xt z al ij loq xuriq ta chik ri ub Íºe .
k Íº o pus che ri wa .
p in em na ka b Íºe le wat z , ki m b Íºe wi in pa ka Íºy ib Íºal .
rinan to Íºn nim wi naq chik , saq uwi Íº , ro no j el aq Íºab Íº ut z kuna Íº o ka t Íº uy i Íº pa ut em , ku mi q Íº isa j ri b Íº cho ri q Íº i j , k Íº o jun uwi Íº umam ub Íº i Íº ate Íº k.
man e k Íº i ta j ri q ula Íº.
q Íºal aj chi na ka waj taj kab Íº i j
xpaq ab Íº isa x ra j il ro no j el ri kem.
k Íº o pa ri jul ri ku mat z.
ro no j el q Íº i j kin ch Íº aj le nu w are .
saq chi kan le ichaj rech ka t z ak o.
ch uxe le qa chomal ka qa tij wi jun qa me q Íº in.
cha wi la Íº .
e k Íº o job Íº umi Íº al , ri nu tat .
jas ruk Íº xa wil wi
je Íº jas ri wi naq rech ri uwach ulew , xoqu je Íº ke pe na ri Íº ri e Íº are Íº che e rech ri uwach ulew ; je Íº jas ri wi naq rech ri ka j , xoqu je Íº ke pe na ri Íº ri e Íº are Íº e rech ri ka j .
xin tijo .
k t z Íº uj uw ri rachoch ri po Íºx .
xuq Íº i Íº o are le uk Íº ulel xya Íº ow uwa .
ri aw el xreta Íºmaj chi ra j awax ik man k uxej ta ri b Íº che ri tuk ur .
juk Íº ula j wi naq xe Íºa nimaj b Íº i k .
je Íº , xint z al i j ik.
xo j pe tik x ol qa k Íºama Íº.
maj jachin x Íº e k .
in aj tij ; at tijox el .
saq uwi Íº ri tata Íº.
we ch ri kem.
le ro Íº ch le at e Íº k k Íº o ch wach le uk Íºay le nunan.
k b Íºe pa ri si ri Íº ae pa ri sil isi Íºa , ja wi je Íº kuya wi ri kichuq Íºab Íº ri ko mon t y ox .
pi xab Íº : man ut z taj k Íºax k ujch Íº aw chik ij nik Íºaj qa ch il .
xkunata j le ali ( kumal ri ix oq ib Íº ).
ri xib Íº ib Íºal chik Íº o wi pa taq ri qa k Íºas lemal ro no j el q Íº i j .
na ku j war ta war al .
on che k k Íº oj i Íº ri ut z il ch ixo Íº l , are ch junam ri qa ko jon ik , junam ri iw e ch ix ruk Íº ri we ch in.
pa oxq Íº i j ri sa Íºn k b Íºe na ruk Íº ri aj kun .
ka wi naq wuq ub Íº.
jas ka waj kin tijo ?
weta xa t b Íºew uk Íº pa le tinam it , xa loq Íº ta la Íº le u jas taq le ak Íºaj o l.
ke b Íºe pa wa Íº im .
xin loq Íº k Íº i wa .
pa junnim k Íºache Íº la j , k Íº o jun k Íº wa Íº si b Íºal aj saq lo lo j , nim uwach.
k waj ka tij jub Íº a Íº wa .
ro no j el wi naq k ril na ri uk ol on em rid y o s ‚<unk>.
xk Íº o to chin chik iwach chi kin wa Íº aw uk Íº
k waj na ka t Íº e taj.
la xa loq Íº jun alej ?
e k Íº o ri e loq Íº oman el .
ri uka b Íº ub Íº i Íº ri nu mam arey ay .
kin jo pij ri ija Íº rech triko.
x na Íº ta j ch ke xe atinik .
xa te Íº qila Íº.
kaki tij al an xa x ri wi naq.
... kin b Íº i j chi are wa Íº sin xi Íº an .
na xin na b Íºej ta chu ta sik qa k Íº ol ib Íºal .
rumal rech che we ri in, kin ch Íº aw ruk Íº ri d y os pa ch Íºab Íºal , k ch Íº aw na k Íº uri Íº ri wu xlab Íºal ruk Íº ri d y os , k Íºate k Íº ut man k Íº o ta upatan ri Íº ch rech ri nu chomab Íºal .
xe pe ti k xkil o .
xuta we ka t Íº e k .
ut z ukem ik le p as cha we .
ri nuwak ax xu tij jun q Íº oq Íº rumal ri Íº xkam ik .
rumal rik Íº ix , man ke wa Íº taj ri wi naq.
xe Íºul ik .
q Íº e q rij ri ama Íº chi j.
xra j ka Íº el e unan .
junam ki juna b Íº .
naq Íºal aj ta j we ka Íº e k .
ri wix nam ch Íºaj ch Íº oj ri rachoch.
war al man k Íº o ta j aj awal .
na iwir ta xril le k Íºam ol b Íºe .
xin pe loq te k Íº uri Íº xint z uku j ro no j el ri nu ra j il .
ri aj tik on el k ut ik ri t zi j .
k Íº o e kik Íºaj ol le achi jab Íº .
ku tij q Íºay es ri ix pa Íº ch .
pa ri wa Íº b Íºal e k Íº o ka wi naq achi jab Íº .
sipoj i naq ri nupam .
ka ya Íº ta j ik ruk Íº uti Íº on em jun ri uriq om le ya b Íº ilamo lot s ets„© xuqu je Íº are ka ya Íº ta j pa taq ri juy ub Íº.
jachin ri achi ?
ri nu mam xkam ik are taq k Íº o jumu ch Íº la j u j u juna b Íº.
kin ko win ik kin k Íºam b Íº i le p waq .
kin wil o chi ut z ri aji Íº.
xin q Íº il ri apo Íºx che man ka chakun taj.
k wa Íº chi uwach le taq Íºa j ri ama Íºa k Íº.
ri imul xe poq Íº ik pa jun ik Íº .
xk Íº is kan oq ri qa chak .
are ri ali xo ji low kan oq .
si b Íºal aj ch Íº u Íº j ri amax.
k Íº o nu wachi Íº.
in chaj inel kech le ak Íºal ab Íº .
xe ko s let z Íº i Íº .
kin b Íºe na kuk Íº ri mol aj .
ro no j el aq Íº ab Íº kin y it z Íº ri wa ka x .
ka rapin ik xut z uku j chi jun awaj .
le ukem ik le pasan i naq ( awumal ).
majur a j il le q Íºab Íº ar el .
k Íºax ri Íº ri ka ch Íº aw ik.
xo j u taq chi Íºj le achi ch uloq Íº ik icha j.
si b Íºal aj k Íºax ri xk Íº ulmax ik .
xki lo chi nak in k Íº ox omaj taj.
x na Íº ta j ch ke chi xe atinik .
xk Íº o to chin chik iwach chi x ojal wo Íº qa kuk Íº.
jun q Íº u Íº q ra j il ri ka xla Íºn wa .
xin wil o chi xe Íº e lik .
e k Íº o ix oq ib Íº pa le k Íºay b Íºal .
man k Íº o ta j uk Íº is ik ri may ab Íº aj la b Íºal il .
ri sin k k Íº iy pa taq Íºa j .
ri ch Íº i maman k k Íº iy taj pa taq Íºa j .
ra j awax ik k jik ik ri waq „§n .
ka waj kin Íº e k .
e k Íº o ox ib Íº ak Íº .
xub Íº i j ch we ja wi at k Íº o wi .
ch we Íºq k uj b Íºe Íº pa muq u j.
pa saq k Íºaja Íº k b Íºan wi ri uq.
xo j ki sik Íº i j .
xin wil wi b Íº .
cha q Íº chik ri wa .
ki m b Íºe nak apa le wo Íº ch .
ka waj kin Íº e k .
rich Íº u Íº k tij ruk Íº lej .
pa ri kiq Íº i j kam i naq ib Íº k b Íºan q Íº o ri k Íº ya Íº rech aj : nab Íºe rinan kut z uku j kan ri aj , ku jach Íº o Íº xuqu je k uk Íºe to.
jas ka j b Íºal cha nim ?
ut z uchoman ik ri ali .
pa ri q Íº i j ox la j u j tija xkin k Íº is ke b Íº juna b Íº kin chakun war al .
si b Íºal aj k o, ri k Íºak Íº ch Íºat.
jas ka ra j ku b Íº i j ‚Ä¶?
ri ch Íº ich Íº ka si lab Íº ik.
pa ojer q Íºal pul xaq xuwi ri nim wi naq ke k Íºam ow b Íºe .
le ukunax ik le uka b Íº uk Íº ut un ik are ruk Íº e flor n i tina on ut un ib Íº ax ik le nif ur timox chi Íº le florni tina che ch t . b. g.
are ri achi xin ch Íº ay ow ik .
jun achi ub Íº ik u Íº xu si paj ke b Íº k Íºa Íºm ulew rech ka b Íºan ri tijob Íºal , kam ik , k Íº o chik aj tij rech ri ko mon xe ch pup.
xumal t y ox ij che ri aj tij ro no j el le xuk Íº ut chi uwach.
pa ri b Íºe xki raq jun ala jimul saq rij , xki k Íºam b Íº ik .
xril le b Íºal e ala .
jas ku b Íº i j ch we ?
le uk unata j em are ruk Íº ut z ukux ik le uchi ko pil pa jun usol ik uxe Íº le kik Íº on le ja Íº rech jun no do .
ut z we nut z Íº i Íº .
je Íº , tajin ka chap on ik.
kin uloq Íº oj le nu tat .
ka waj kim b Íºe pa tinam it .
are la Íº kin chakuj .
ri nima Íºq taq wi naq k Íº o ke ta Íºmab Íºal .
weta xa t b Íºew uk Íº pa le tinam it , xa loq Íº ta wa Íº we jas taq .
ri kik Íºas lemal . wa ix imulew xa jun chi ma are ta tinim it ri ma
ri uk Íº yab Íºal naj upam .
xa t qa j chi upam ri il.
no jim ka t wa Íº ik.
we k Íº o jun k tu qa Íº ri k , ‚ø la man xoqu je Íº taj kin tu qa Íº r ri in ?
oj oj wo k ol ja .
awas k b Íºan k Íºax che junnim wi naq.
xin ch Íº aw apan ruk Íº le wa na b Íº .
k Íºax ri upam ri ju Íºl .
tajin ke wa Íº ri imul .
la ka j la ku j t z al ij la ani naq ?
rumal rech che ri makaj man k Íº o ta uko win em pi wi Íº ri ix : ri ix man ix k Íº o ta chi ch uxe Íº ri pi xab Íº , xane ix k Íº o ch uxe Íº ri si pan ik .
nim raq an le che Íº .
xin chapo .
are le t u Íº r le loq Íº oman el .
xas ka t k Íº oj i Íº chi upam ri ch Íº ich Íº .
si b Íºal aj nim raq an ri k Íºamal b Íºe .
le t z Íº ib Íºab Íºal we ch in.
in xinto Íºw la .
xa je k Íº uri Íº ri ixkam ik ri Íº man ixka xlan wi naq ta chik ; ri ix, ix rech ri ki tinim it ri e t y ox la j taq wi naq , ix rech ri rachoch ri d y os.
xin tik ox la j k Íºal ichaj.
ka qa riq q ib Íº ch we Íºq.
si b Íºal aj ut z che ri wi Íº aj ri tun ey .
wena jupul ik ta xe qa j ik ...
xinto Íº taj che ri nuchak .
k Íº o jun chik op ub Íº i Íº pum .
poq on ri ik .
xo j b Íº inik .
xuch Íº e k ro no j el le reta man ik xpaqi Íºk k Íºax k wÍº in ik xub Íºan aj kun .
k el ub Íº i k pa ri jude Íº a e k t z al ij chi ub Íº i jumul pa ri gal ile Íºa.
xi naxib Íº i j pa b Íºe .
je Íºl k Íº ol em chi awachoch.
ro no j el ri ya Íº tal il pa we q Íºataj , t z Íºa qat ki wach , man k t zaq ta kan oq xuqu je Íº man k ta s taj.
xu kunaj le ya w ab Íº le aj q Íº i j .
chi tat ab Íºej jas le kim b Íº i j .
ch Íº an al ri achi .
pab Íºo ko Íº ka chakun wi ri tax.
uj k Íº o pa uwuq q Íº i j .
ki Íº ri uka b Íº ri a qa j.
k Íº o rachal al pa t z Íº o loj che Íº ri pe Íº l.
xki lo chi kin k Íº ox omaj .
ri uki sak Íº ut z k ya Íº ik chi uxe Íº ri tiko Íºn .
are taq chi Íº ka q Íºan pu wi Íº ri juku b Íº , ri achi che xk Íº oj i Íº ri it z el uxlab Íºal ruk Íº , k uta ch rech ri are Íº , are ch k k Íº oj i Íº ruk Íº ri are Íº.
na ka b Íºan ta j ta wumal .
x na Íº ta j ch ke xe atinik .
xin paj ri nu triko.
xe Íº o k ri po k Íº pa ri umexa ri po Íºx .
ka juluw ri aq Íºa Íºl chi uxe Íº ri t Íº u Íºy .
aw e ch leja.
xuj b Íºe pa t z urik.
nab Íºe xato pan ik .
ri uka b Íº ub Íº i Íº ri nu mam arey ay .
uwaj xaq uka k Íºal taq an ik ( 28 ).
mata k Íº o jun k aka naj kan oq , qo no j el ko j b Íºe k .
e nima Íºq le alt omab Íº .
nim uwach ri po Íº t .
ko jon ik pa ri ut zi j wa ix imulew.
jas xuk Íºam b Íº i let z Íº i Íºxa wi lo ?
xin pe tik , tat .
ri b Íºe laj uwach .
chi tatab Íºej jas ri kim b Íº i j .
je Íºl kuna Íº ri ab Íº ix chi upam ri ququlew.
kin b Íº i so j uwach le wal .
xut Íº uy ub Íºa Íº.
nim ri aw e q e le Íºn xa ri q o .
xin e Íº wa Íº o q.
chi Íº ke war wi le ak Íºal ab Íº .
ri nu mi Íºal xutaq loq jun taq o Íºm wu j chi we .
q Íº e Íºl ik , ri chaj pa ri b Íº e .
la ut z awach ? - ut z mal t y ox , e k Íº uri at ? ‚Äì ut z mal t y ox .
xin ko s rumal nuchak .
k b Íºe kuk Íº ri e Íº are Íº e k t z al ij pa rinas are te ke Íº unimaj.
ri jo j xuk Íºam b Íº ik ri ak Íº.
k Íº o chi wachi Íºl cha nim .
k ub Íº i j che ch na Íºl ka b Íºan che ri at z Íº ib Íº .
e ... in ka waj kat zj oj b Íº i la ch we .
mata xin ya j le ali .
jachin ruk Íº kat b Íºe wi ?
k Íº o si b Íºal aj eta Íºmab Íºal pa ri may ab Íº no Íº j ib Íºal .
e man xo ri jup uq ke j .
ka s um um ri ka qiq Íº .
e k Íº o ka j ib Íº ak Íºal ab Íº pa le b Íºe .
je Íº jas ri u tat k ka Íºy ik.
xaq at mol on el t zi j tal .
le nu tat ka loq Íº on ch we.
xaq tan e ki mb Íºe iwuk Íº.
xreta Íºmaj uch Íº aj ik.
rumal la Íº xko j ‚Äú x al q Íºat ‚Äù che ub Íº i Íº ri ko mon .
are le ukem ik pas xreta Íºmaj.
ri wa ti Íº t ku b Íºan na ri upatan.
k Íºak Íº le po Íºt.
reta Íºm uwach jachin xloq Íº ow ripas.
ken ch Íº ab Íºej le ak Íºal ab Íº .
ya Íº tal cha qe qo no j el ri uj wi naq ut z ka qil q ib Íº .
xkoti Íº pa q Íºay es xo q Íº ik .
ka wi naq b Íºeleje b Íº q Íºataj.
e k Íº o ka j ib Íº ral ri i mul , jun saq , jun q Íºan , jun q Íº e q , jun q Íº e q o j , si b Íºal aj ke t z Íºan ik , kech Íº op in ik ri alaj taq imul .
k chol ol ri achachal.
k et e kik ri ik Íº.
xe pe ti k rech ke wa Íº iwuk Íº.
t z at z ri uq Íºan il ri ak Íº.
xo j t z al ij ik xi xe Íº qa q Íºat u j kuk Íº le i tat inan .
ri yo Íºx taq ak Íºal ab Íº ke kik Íºux ri at z Íº y aq .
we achi we xusi paj jun p o Íº t ch we xkam ik .
k ko win ri kunan el che kunan ik .
xji q Íº pa ri po low.
xa rumal si b Íºal aj ra j awax ik le loq Íºal aj ja Íº , le wi naq xki b Íº i j : che we ik Íº ri Íº qo no j el k uj b Íºe che utik ik taq che Íº .
ri unan eri e rachal al ke pe uloq ruk Íº ri are Íº , k Íºate k Íº uri Íº, man ke ko win ta j ke qi b Íº uko q ruk Íº , rumal rech che e k Íº o si b Íºal aj wi naq.
rumal rech , che man k Íº o ta jun k ko win che uko j ik junti ki b Íºal il chik ch uwach ri ko jom chik che are ri jesus kristo.
te k Íº uri Íº xut z Íº ib Íºaj ri b Íº pa ri nimal aj tijob Íºal rech aj ku Íºn .
ka juluw ri ch Íº umil cha q Íºab Íº .
k Íº is b Íºal kan oq , xoqu je Íº k kam ri ix oq .
le alaxo kik .
k Íº o p waq pa uwi Íº ri mexa.
are ka waj na kin Íº e taj.
ri ya wal k uko j ri ali chi uxe Íº ri chaka ch are usu Íºt.
na ka qa k Íºam t u Íº b Íº i kam ik .
ri aj tij ku b Íº i j chik e : ra j awax ik ke qa chaj ij ri awaj , are u tiko Íºn ri aj aw .
xin ti j mukuni wir .
k Íºax le uwi Íº taq le nuq Íºab Íº.
xin loq Íº jun il b Íºal w ib Íº .
wa Íº we q Íº i j , nim ub Íºan ta j ik .
ri uxe Íºal ri qa tinam it man ka sach taj.
xo j b Íº inik .
ri achal al junam ki wach .
xin weta Íºmaj ri lik w ib Íº.
nim ri una Íº oj waj tij .
mi q Íº in ri k Íº ul.
aj q Íº oj om ri ate Íº k.
che le san ik che Íº k b Íºan wi ri q Íº oj om .
ka pe le awel p anawal ja Íº.
ri meson el tajin k chakun ik.
ut z cha qe ka qa to Íºq ib Íº , taq k Íº o k Íºax k Íº ol il , ka tewe chi Íºn ri aj aw pa qa wi Íº .
xa wi lo , xq Íºatan le ib Íºoy .
xatko win ik xab Íºan o .
ki Íº ri k Íºawex .
ka j il il ri b Íºe .
le alix el b Íº i k .
are Íº xra j xin b Íºan o .
nim we ab Íº aj.
je Íº lik uti Íºj ol al ri saq ko Íºr .
noji naq ri ke j .
we ka tijan xux man ka tuto Íº ta chi uq Íºatix ik le k Íºak Íº yab Íº il cor o nav irus ( 2019 - n co v) .
na nim ta raq an wa Íº we che Íº.
ut z al aj aj chak , ri wel .
‚ø jam pa Íº k uj b Íºe pa nimaq Íº i j ?
ra j awax ik tan e la Íº kat chakun wu k Íº.
xutaq chi Íºj pa war am p ulew.
man are ta ri axwan xe lik .
ri aw ix xuloq Íº rachoch renimal.
are ri ix oq x in sik Íº in uloq.
rich Íº i mak Íºat Íº on na .
la xib Íºan le ichak ?
k Íº i tinam it e k Íº o pa ch Íº o Íºj .
k Íº o jup uq chij chi uxe Íº ri che Íº.
ri uxaq ri ab Íº ix are u war ik ej .
ka wi naq q Íºataj.
la ki xpe pa tijob Íºal ?
we ke chaj ix taq le k Íº wa jacha kin b Íº i j ; jun alik k Íº o ja Íº xuqu je Íº si b Íºal aj saq lo lo j .
xreta Íºmaj.
ri alab Íº om ri alit omab Íº tajin ki ki tijoj ki b Íº rech su taq , are ka kaj ki ki b Íºan nimaq achi jab Íº chupam ri kik Íºas lemal , xuqu je k Íº o chik jup uq b Íº ix on el chupam ri ko mon .
la t z Íº uwach ri b Íºe.
k Íºak Íº ri ach Íº ich Íº .
q o no j el uj , uj may ab Íº taq wi naq.
no j el q Íº i j ri ati Íº xk uy uq Íº uj le taq aw aj je la Íº pa nik Íºaj ja Íº, chi rij ri juy ub Íº ub Íº i Íº tena Íº.
pa q Íº om chik ri si Íº .
kin t z ukun che la.
kaki tij le ki naq Íº , le ichaj , le u wa Íº l ik ruk Íº lej .
xe ka naj kan le aj chaki b Íº .
k et ik on ri achi jab Íº .
si b Íºal aj it z el ub Íºan ta j ik ri ch Íº i la kan .
ri at e Íº k xumal t y ox ij che ri rati Íº t , rumal ri ut z al aj no Íº j ib Íºal xuk Íº ut che ch .
k ka mulix uchak ri ab Íº ix.
la xin ut z uku j le tijox el ?
are Íº ka chakun ro no j el q Íº i j .
le e k Íºa Íº na taq t z Íº i Íº .
saq rij ri plam u x.
jas xaq Íº i Íºo xatijo .
jas ruk Íº xkichap wi utij ik le ri k il ?
we ka tat in ruk Íº k Íºat an ja Íº man k uq Íºatej ta le k Íºak Íº ya b Íº il cor o nav irus .
la kat b Íº in pa le uxlan b Íºal ?
la war al k Íºux ix wa Íº wi ?
are le nu tat kin loq Íº on ik.
tajin k chakun ri ala .
k Íº o ri ki Íº ko temal aw uk Íº.
xuta jachin ka Íº e k.
xa t wa Íº ik xin wil o .
xt zaq ri rachoch rumal ri jab Íº .
pa le jun ik Íº chik are nimaq Íº i j .
e ke b Íº„§m ke b Íº in pa uwi Íº ri tem.
me m ri achi .
ri wi kan cha li Íºy k el pa juy ub Íº ch wi t zi r ib Íºal .
le ra j il , la pa ja xel aq Íºax wu Íº b Íº ik ?
pa ri su Íºt p is om wi ri le j.
ko j pe tik k ol q ak Íºama Íº.
tajin ka t ch Íº op in chi uwach ritaq Íºa j .
le q Íº or xch Íº uq ik .
k Íºax wa Íº imaw u mal .
kin b Íº i son che le wal .
si b Íºal aj k Íº o k Íº ri awat z Íº y aq .
kam ik xuj b Íºe che utik ik taq che Íº pa ri juy ub Íº .
kin uloq Íº oj le nu tat .
cha qi Íºj chik ri chaj.
xyi li xha way i.
nax na Íº ta j ta ch ke chi xe atinik .
ruk Íº k Íº uwa Íº we ri Íº, ri ixk k Íº oj i Íº jun ut z al aj ik Íºas lemal ri Íº ch ki wach ri wi naq che man e k Íº o ta iwuk Íº , k Íºate k Íº uri Íº man k Íº o ta jun wi naq ri Íº ra j awax ik chi we ch .
e pe ti naq pa b Íºele rachal ax ik.
ka kaj le ak Íºal ab Íº ke wa Íº ik.
xujch Íº ay b Íº ik .
ri nuchak are q Íºaxel t zi j .
k Íº o na ru xlab Íº ri awaj.
tajin k el loq , ri q Íº i j .
xuq Íº i Íºo xkam sa x ri rachal al cho ch .
ri nu mam are k Íº o uq Íº in omal .
xk Íº ulmata j jumul , xub Íºan junnimal aj jab Íº , man xb Íºey eta j ta na xuk Íº is le u yuq Íº chik e .
ama Íº ri nut z Íº i Íº .
je wa Íº kat pe ti k .
xin ko sik rumal xin chakun ik
iw e ch chi jujunal , ri wa .
xuq Íº i Íº o na xa t atin taj.
in ri q ta ji naq pa ri k Íºay ib Íºal .
naweta Íºm taj.
k Íºax le nuq Íºab Íº.
ut z le xub Íº i j le achi .
kemat z Íº ib Íº .
k Íº o rachal al pa t z Íº o loj che Íº ri pe Íº l.
ro no j el wa Íº we jas taq ri Íº , xa s k sach wi uwach wa Íº ; ruk Íº we ri Íº , ri ix, ra j awax ik che k Íº o jun t y ox la j ik Íºas lemal e k k Íº oj i Íº ri ich Íº aw em ruk Íº ri d y os ,
xmuq ta j ri pat z Íºan.
ri ch Íº ich Íº t zi j om kan oq pa ri uk Íº ol b Íºal .
man k Íº o ta uchol aj pa taq ri aw u j .
jachik e ik Íº le unimaq Íº i j le tinam it nawal ja Íº ?
xe pe tik x ol kik Íºama Íº.
ka chuq Íº ch ut ri ja Íº chi apam .
xin b Íº i j iwir chi xe b Íº e pa armita.
are Íº uxe Íº ojert zi j war al k Íº i che Íº ub Íº i Íº .
xk Íº is ri nu si Íº .
ja wi xki b Íº i j wi chik e Íº e wi ?
‚° xa je k Íº uri Íº, jachin taq ri e k Íº o pa ri jude Íº a, chi cha nim che Íºa nimaj ub Íº i pa taq ri juy ub Íº ,
k Íºak Íº ri ab Íº.
la k Íº o jun na ka k Íº ox omaj ta j ?
na ut z ta le ut Íº is om le almari y .
man ya Íº tal ta j chi aw e ka to k pa ja .
je Íº , xa t ut z uk uj.
are k el waj xaq ib Íº uq Íº i j ri xk Íº oj i k .
ri xunku rk k Íº oj i Íº pa taq ri triko.
xin sach ik.
xut Íº uy ub Íºa Íº
na nu tom tal et zi j ‚Ä¶
wa ch Íº om ri ki w a ri no Íºs .
e k Íº o job Íº ch Íº il wak Íº.
ra j awix ik chi pa taq ri tijob Íºal , pa nik Íºaj ub Íº ix ik chik
ri ra j aw r ulew are Íº tat kel .
we k Íºux o k ik , we k Íºnax o k ta
we achi xusi paj jun p Íº o t ch we.
a tat utaq o Íºn le q Íºatal t zi j .
naq Íºan ta uwach le q ap rut .
ri xa Íº r k Íº o pa uwi Íº ri q Íº aq Íº k poq Íº ow ik.
ri roq Íºej ri ali jacha k pe jun ak Íºal.
k Íº o jun ala pa tijob Íºal .
s„§q uwi Íº ri tata Íº.
ri wit z ik Íºtajin k pe loq .
ja wi xsach on wi kan uya Íº ik le p waq che.
ut z we achi we xin kunan ik .
qo no j el ku j wa Íº pa uwi Íº ri mexa.
ri ka xla Íºn ik man poq on taj.
in xin b Íºe ruk Íº ri wachi Íºl .
si b Íºal aj je Íºl xki lo xe ki t zo qopi j ri ki chij chi la Íº.
kin b Íº in ik xin Íº e k .
k Íºax k Íº ol ik , ka cha Íº.
ku tij ix im ri ak Íº.
ri ali xchel , xuq Íº i Íº o xa jun ak Íº xsi pax che .
xqa sik Íº i j le ix oq chu t za k ik sub Íº.
mata xab Íº insa j le ch Íº ich Íº .
ri pi xt z Íºa ral ik rumal ri e qa Íºn .
‚ø jam pa Íº kel chi 3%
k Íº o jun nuk Íº o t oj chi Íºaj.
tajin ke wa Íº kat ri alab Íº om .
xin loq Íº le nuk Íºak Íº ap o Íºt.
na ut za kik ta sub Íº tajin ku Íº an o
xo j utaq chi Íº i j x oj wa Íº ik.
iw e ch ri ab Íº ix .
saq rij ri chij .
aj sik che ri tinam it k el wi ri tata Íº.
- ‚° ay ! xa xin t zaq uloq , k Íºax we waq an .
xk Íº ulmata j pa jun ko mon chi Íº uwach jun juy ub Íº , xu riq ajun q Íº i j xki riq ki b Íº jun imul ruk Íº le ko k .
jas xataq chi Íºj le ak Íºal chu tij ik ?
xin chapos uxuloq Íº o.
q Íº in om ri achi .
ri k Íº um k tij ow ruk Íº ka b Íº.
tajin ke jach Íºan ik.
t z eb Íºal ukem ik le pa sawumal .
are ka yo Íºw le uchi ko pil le ub Íºan ta j ik try pa no s o mabrucei.
we ka t niman ik ut z ke lik .
pero no Íº j imal pe t naq loq , .
are le nuchak jun t z uq b Íºal wi b Íº.
xk unax ley aw ab Íº rumal le aj q Íº i j .
ri uk Íº u Íº x t z Íº ib Íº pa qa t zi j e laj u j.
si b Íºal aj je Íºl ik ri e qa b Íºal xub Íºan ri lu Íºs.
si b Íºal aj at ko n.
e man xo ri jup uq ke j .
nax na Íº ta j ta ch ke xe atinik .
ri k Íºamal b Íºe xub Íº i j chik e , chi maja ri a nim .
jumu ch Íº ri nu juna b Íº .
q Íº ip taji naq ri raq anritem .
k chakun ruk Íº ri josb Íºal che Íº ri aj an el .
xa taq chi Íºj le ak Íºal chu tij ik kar .
oj k Íº o pa le ro Íº ch le awel .
‚ø la kat pe q uk Íº ch we Íºq ?
le wi naq pa le ch Íº ich Íº et Íº uy ul lo wi .
xka naj kan oq chi uxe Íº ri jab Íº ri ch Íºa Íºn .
nim ri ja.
weta xa ku na j le at at ma t ax kam la Íº.
na nuk Íºam om t u Íº la ri Íº.
ch qa nuk Íº u Íº ri qa t zi j .
ki m b Íºe pa le tinam it .
xin q Íº i Íº on a xin atin taj.
ra j awax ik ka k Íºaman cha we le utij ik le le j.
k Íº is b Íºal taq no Íº j ib Íºal .
