xineê¼ waê¼ oq.
xkibê¼ an kê¼ ax che leuwosaq rumal man utz ta chika kayik.
riqê¼ut uê¼m man kech tal eakê¼ alabê¼.
are na nim tal eatzê¼ iê¼ chuwach le nutzê¼ iê¼.
xe petik xol kilaê¼.
â¿jaw chiê¼ xataê¼ che xkam riumam ripoê¼x ?
e kebê¼ kekê¼ ambê¼ ik patuj.
xin loqê¼ jun japa riwokaj ja.
riax tuê¼ bê¼ , kê¼oq ulaj chech.
jas karaj kaê¼ an chutz akik letiê¼ ij.
xutij lewa.
ximbê¼ alretzij.
xpa x ribê¼ oê¼j.
we kawaj katin toê¼o xaq xuwi kabê¼ ij chiwe.
jas nukê¼ ukuchê¼ obê¼o.
jas karajkutij o ?
xe xru xlabê¼ ri rikil.
enitzê¼ aê¼q letaqim ul.
we tane in xinbê¼ anowik , are le ateê¼k xbê¼ anowik.
kintz alij palenu tinamit.
rinuchaqê¼ kê¼o pa uroê¼ qê¼ atojtij onik paritij obê¼ al.
xin xiê¼j wi bê¼ xin chê¼ awik.
kê¼o chwa roê¼ch le pare.
chiraq an kabê¼ in wi ritataê¼.
xsach on kanuyaê¼ ik le pwaq checho ja.
xin qê¼ ax chikixoê¼l riwinaq.
ketik onik.
ri ulew man qech taj , kech riqat iê¼t qamam.
xe pe lewinaq xol kikê¼ amaê¼.
xuloqê¼ riwuj rumal riali.
chewe qê¼ ij kamik kê¼o jun nutzij onem chirij le nu tinamit.
kej riê¼.
xkuna na laq chwe.
kin usikê¼ ij len unan.
rii mul xuchê¼ ij taj ,xkanaj pabê¼ e, rumal rinimal kujal uj riim ul , xutzaq rianim.
kubê¼ an riuxoqê¼ oê¼l riajtzê¼ aq.
rila sibê¼ alaj utz che kunabê¼ al.
kê¼i kiwach rieê¼ ajchak ibê¼ parikomon tyox , kê¼ate kê¼ut xa jun chiajaw xel ;
xqata chixat ulik.
kawaj chik atê¼ek.
chê¼ut iê¼n ke kanaj rixaj abê¼ chech.
kaqaxiê¼j qibê¼ kaqach apo.
ekê¼o kebê¼ ukê¼ ajol letatx wan.
luê¼ subê¼ iê¼ri rech am.
aj chi uwiê¼mi qê¼ in jaê¼ril uê¼.
xinya kan le nuchim pakê¼ aybê¼ al.
kê¼ atex rilo ,x peri unan cheutzuk uxik , xkikotik , xu salabê¼ isaj ritaq uxkin.
xkikê¼ut chiuwach riajtij xuqujeê¼ chikiwach ritaq nikê¼aj kachil.
utz lenuqê¼ abê¼.
kul le al weê¼lpa austin chaqê¼ abê¼ kamik.
riateê¼k xtzaq loq are chi kê¼o pauwiê¼ riqê¼ aê¼m.
ajpatan riteê¼k.
xatqaj chiupam riil.
la kê¼o tzij na kikê¼ oxomaj taj ?
xsach on chkech ixeat inik.
ronojel leu lewech alaq.
la xebê¼ e kê¼ula xeê¼ kijaqa kê¼u leu chiê¼ja ?
xaq kat chê¼ ok naj iwir.
kamik kê¼o chi rijastaq awe.
are chiê¼ kakê¼is rijunabê¼ kê¼o qê¼ inom.
pa na waljaê¼ xin alexik.
na xin tataj we are riakê¼ al kixtzuq uwik.
â ¡ rulew risab ê¼u lone rulew rinef tali ,ubê¼ eri polow , rulew rijord an, galileê¼a kech rije taq amaqê¼ !
rax ,rax ,rax , kê¼o kê¼ , kê¼o kê¼ , kê¼o kê¼ le rux labê¼ letaq tik oê¼n.
achixatwi lo.
paqal rajil le pixkamik.
xojbê¼ inik.
pajun jeê¼ltij obê¼ al kutij oj ribê¼ juna kê¼ al , ubê¼ iê¼p oê¼x , utz kurilo kepatij obê¼ al ronojel taq qê¼ ij.
xwaj chi xatê¼ etaj.
utz laê¼ le xubê¼ ijleachi.
wetaê¼ am jachin kapetik.
kinqê¼ ojom anik.
xinqê¼ iê¼o takê¼ alik xin petik.
areê¼ retaê¼m chekinop anik.
aretabê¼ al eqa qajaw chattoê¼ wik.
kawinaq waq ibê¼ qê¼ataj.
naq ajchik che riuwaq kajbê¼ al aretaq chiê¼k sach uwach riqê¼ ij , kok riqê¼ eq uê¼m chuwach ulew , chi kê¼ateê¼ na ribê¼ elejebê¼ kajbê¼ al.
jobê¼ raqan ritzê¼ alam xe poroxik.
sibê¼ alaj korij rimop.
arewaê¼.
jelaê¼ pa ritiminit chwi kaby ok rech xelajuê¼ , le qanan qatat kakitiko jeê¼lalaj taq uwachich aj.
kê¼ ax nuqul.
xuê¼l ukê¼ amaê¼.
kojul kitzukuj.
are man kê¼ axta ukunaxik aretaq aninaq kaê¼ il itaj we yabê¼ ilal xuqujeê¼ mo joê¼ qa kuyaê¼ lekê¼ ax kê¼olil chech le jolomaj.
riwel kê¼o patij onik.
kawaj kinbê¼ ij.
rikotzê¼ iê¼j kqakoj chiupam rija.
qê¼ eq qê¼ ojrij riamaê¼ kej.
na xwaj taj xinchê¼ awik.
chpetabê¼ al eloqê¼ alaj jabê¼.
xsachonch ke xatki sikê¼ ij.
eleqê¼ al chê¼ ichê¼.
jachin xawi lo chi arextij ow ritiê¼j ?
mata kabê¼ elen uxbê¼ al pale tinamit.
pimruq ,riali.
â¿ kê¼orim uqê¼ echiawech ?
kqabê¼ ij man kekowin taj.
kin tij na.
kê¼ojun qatê¼ uê¼y paja !
kê¼op uj chiupam richê¼ aê¼k.
aretaq kinkosik kinw arik.
xat waê¼ ik xinwi lo
in xin chê¼ ayow lea chi.
konojel rialaxik keê¼ etzê¼ anik.
jas rukê¼ xkitij wi lekirik il ?
aninaqil kat petik.
nar axta uwach le juyubê¼.
ritzê¼ alam tzê¼ ibê¼ abê¼ alraxk kayik.
we chat chak unik , kê¼o awa.
maê¼tam xat pe cheriwaê¼ im.
kamul kinwaê¼ na.
risikil ktij ow rukê¼ ik.
kimbê¼ eaqê¼ an rukê¼le al talin.
xoj ê¼ ekxeê¼q ilal arqasok.
xekiqê¼ il leajchak ibê¼ xkiwok le ja.
matane xwaj lekê¼ uhj nem rukê¼le ateê¼k.
are xeê¼opan chi uchiê¼ri juyubê¼ , xkilo chiman qasta kê¼o qê¼ayes.
kê¼ate kê¼ut , rijesus man kkoj onta chkech rieê¼ areê¼, rumal rech che konojel retaê¼m kiwach ,
paê¼ tzrij ritzê¼ iê¼.
juwinaq waq ibê¼ qê¼ataj.
atelaqê¼ om.
xaqat joê¼s.
riqê¼ atzu , are qê¼ alaj riuqê¼ ijil.
ajchak we ala.
ubê¼ eleju kakê¼ al taq anik (29).
kebê¼ nubê¼ iê¼ kê¼olik.
lakatz alij luê¼la aninaq ?
katzuk unlachwe.
la kajla kojbê¼ eê¼ palechomal chweê¼q ?
xin nabê¼ ej chutasi kqa kê¼olibê¼ al.
lal xin toê¼ wik.
sibê¼ al aja noê¼j ibê¼ al.
xoj petik xol qakê¼ amaê¼.
sibê¼ alaj jeê¼lik riuwaê¼l rii chaj.
kê¼ ax wij rumal in pa chalik.
aretaq xukê¼ul maj waê¼xul ri uchomanik xubê¼ ij : are utz waa qê¼ abê¼ kin walij ik , are chaê¼ chanim kinopan patij obê¼ al , maj chi kinkê¼ul maj.
oj ajxo jolobê¼ paawasqê¼ ij.
xin sach che leuwokik letzij.
eju lajuj riakê¼.
xutaj am paê¼kojê¼ ek.
qilik.
ritij oxel man aretanim chuwach ri rajtij. riutz tij oxel qas jeriê¼ kê¼olik jas ri rajtij.
in xat in chê¼ayo.
noê¼j im chak wumal.
chê¼ur rijo chê¼.
in kinbê¼ ij na katsach taj.
uj ma yabê¼.
riabê¼ aj yatz alik.
tajin kepixbê¼ ax riakê¼ alabê¼.
chom riaq.
xin warik.
elem en konojel riakê¼ alabê¼.
tajin kqê¼a na rikri we reê¼ aj.
le ukemik le pa sutz (chawe).
xuyup ubê¼ a uwach raê¼chi , kachaê¼,.
risatanas kok pari jud as rikbê¼ ixis kariê¼o tech rech , riareê¼ junch kixoê¼l riekabê¼ lajuj.
chu chu ripar.
kinqumuj rinujo chê¼.
chech punci ã ³n lumba ramaqê¼ el rajaw axik chech rilik leukê¼ ex bê¼ em wi lenabê¼ e rukê¼ leukabê¼ ukê¼ut unem leyabê¼ ilal.
qê¼ alaj chi na kawaj tajkabê¼ ij.
kê¼oqê¼ ol chirij risiê¼.
jaw ixoj ê¼ ewich uloqê¼ ik ?
kê¼o ulo chê¼ri talin.
qê¼ an rij riatiê¼t nukej.
la xtzalij la iwir ?
xe sikê¼ ixik , kê¼ate kê¼uriê¼ xe yajik , xuqujeê¼ xetaq bê¼i cheusikê¼ ik lemes.
lakix wa rik ?
are kê¼ulep alom ax xubê¼ ijche : -mam katbê¼ ison taj , kinsikê¼ ij nikê¼aj wachiê¼l kera pa pik.
aê¼re etij oxelabê¼.
rialaj ali siê¼l xubê¼ ij xqachap pa utz al rityox.
xsach on chke jachin xeat inik.
jas xu rayij lea nan xutij o ?
xinkosik.
rax ronojel riqê¼ ay es rumal lejabê¼.
kinya waê¼ wechê¼ ichê¼p inem na utz.
noê¼j im upachê¼ uxik lenuwiê¼.
naj kê¼owi lewoê¼ch chuwach letij obê¼ al.
riokibê¼ al kê¼o chiuwach risaq ja.
xenutaq chê¼ ij ke kil leakê¼ alabê¼.
kê¼ojun qê¼ oxowem chiwe.
tza richoê¼m.
we chojbê¼ epale nimaqê¼ ij , keq il leajxoj olobê¼.
xoj ê¼ ekxeê¼q ilal arqasok.
riateê¼k xutaê¼ chech ri nan toê¼n : - nan jascheê¼ chiman kaj talaqa kê¼at isaj rijoê¼q.
rip al sibê¼ alaj xuê¼y.
kinkoj rijo kbê¼ al ulew.
in kinbê¼ ij na katsach taj
atrajkun lenunan.
kuqam ujuj or on riajtzij.
luê¼ tzê¼ alam ubê¼ iê¼ria chike lpanim cheê¼.
jeê¼likut iê¼jolal risaq koê¼r.
kê¼ojun xaê¼r paja.
xin loqê¼ jun kê¼akê¼ patan.
kê¼ ax ukemik le pa sawumal.
aninaq ukemik le pasawumal
richê¼ aê¼n sachinaq pataq abê¼ ix.
ra xtaq lekotzê¼ iê¼j.
mesom kanoq riupam ja.
man areta ral axkosik.
rikomon xechpup rech uqê¼ abê¼ tinamit xoê¼labê¼ aj rechqê¼ umar kaj.
lautzak ik kê¼us ubê¼ tajinkuê¼ ano ?
katela!
nax utij taj.
xa rumal ketaê¼m konojel riwinaq kkiqumuj le jaê¼.
iwir xuj tz alij lapakê¼ aybê¼ al.
qetaê¼m cheriqawa kuj utoê¼o.
riajtij , kyaj on chikech riakê¼ alabê¼.
jas ubê¼ anom len uchê¼uti tat?
chweê¼q kinbê¼ epanim tinamit.
utz weki wetaê¼m aj jas kubê¼ ij richolbê¼ alqê¼ ij.
tajin katji low cheuqê¼ oxom jolom aj.
xin tik qê¼ ax chiuwach rija.
kê¼ ax le kibê¼ e lewinaq.
loqê¼ kat kuntaj cheleyabê¼ il (covid- 19).
rinux ibê¼ al kel paqajbê¼ alqê¼ ij.
x ril riaxw an chix waê¼ riala.
lealix kun atajik.
wetak apele jabê¼ kamik.
xin wetaê¼m aj chi na xat pe taj.
ripwaq rech we qê¼ ataj riê¼ kesax chech ritojbê¼ alkê¼ ay inem.
ktij riuwaê¼lik rumalri kinimaqê¼ ij.
xuchapuk unaxik.
chatan loq ali.
xin xuliê¼q ajoq.
jeê¼lik ktij ow ritaq ikox.
kê¼ate kê¼uri letat xoê¼r xubê¼ ij , man kawajtaj , man kawajtaj.
kê¼ojun tzê¼ iê¼pa bê¼ e.
kamul xin pe cheatzuk uxik.
man tajin takin chak unik.
kinchak unik rech katwaê¼ ik.
jas rukê¼ xawil wi chi xkiqup ij wi letiê¼j.
jas ubê¼ ixik â €¦ ?
koqê¼ riakê¼ al.
kawaj na katê¼ etaj.
xatqê¼ ajik.
we mna cha loqê¼ ax iyal , na kimbê¼ eta awukê¼.
xopan lewujaw ukê¼ rumal wechin.
are kê¼ut pale juyubê¼ kkê¼iy joron , chilaê¼ xe kikê¼ amawi rijaê¼ riwinaq.
koqê¼ riakê¼ al.
we kê¼o arajil cha kê¼ amaloq.
are sibê¼ alaj kaq leapoê¼t chuwach len upoê¼t.
xin kê¼astaj pa kabê¼ lajuj kajbê¼ al.
kaqoyê¼ ej na kix pe taj.
kok axim ri chij xa jelaê¼ man kanimajta bê¼ ik.
rikok noj im xbê¼ ek , xuchê¼ ij ox opan paukê¼ isbê¼ alil le anim.
xoj kiê¼kotik aretaq xat ulik.
kaqitzê¼ naj riux ajabê¼ riakê¼ al.
rijesus kwaê¼kat pa rinim rachoch ridyos , chuxeê¼ rijun ja che rachoch risal omon.
wetaq anik riê¼ kubê¼ ij chi rajaw axik kyaê¼ uqê¼ ij riwinaq xuqujeê¼ ktoê¼ an inaqil.
riax ux are na riukunel ri kinaqê¼.
aretaq waê¼ riuqê¼ ij ol wetaq anik.
kê¼o juntabê¼ al pauwiê¼ rix kanul ubê¼ iê¼ lajuj noê¼j.
yuê¼l ubê¼ anom riukolobê¼ rikej.
xanim aj riakê¼ al chiuwach riuchuch.
kkun an ria chi.
kinwaê¼ ik rech na kinyo wajtaj.
ajxik chê¼ ichê¼ ril uê¼s.
kwaj cheix kixbê¼ anowik.
aê¼re xetoê¼w alaq.
xoj ê¼ ekxeê¼q ilal arqasok.
xin loqê¼ junchê¼ ichê¼ , qajinaq uwach.
kutê¼is ripanta lon.
ejan ipale awalkê¼ wa lekê¼olik ?
utz ukemik lepas chawe.
rimax are aj qê¼a niyaê¼.
matabê¼ achiriq kê¼ ax palebê¼ e.
tajin kanimaj , rimeê¼s.
ix ixeê¼la qê¼ omabê¼ !
xsach an chwe.
ekê¼o kê¼ icheê¼, chiuwach rijuyubê¼ .
arewaê¼ rinim alaj pixabê¼ earewaê¼ rinabê¼e.
x retaê¼m aj chi rukê¼ pakê¼ kutij wi
jas utz akik lesubê¼ xuê¼ ano ?
ajxoê¼y riwik an.
we tane aê¼re xetij ow lerikil , are lekomon xetij owik.
sibê¼ alaj aninaq kachê¼ aw leareê¼ chinuwach in.
utz wekinchak uj.
me ê¼s laê¼.
kê¼o kan wa rechkaqat ijo.
xinsikê¼ ij la.
riakê¼ al xsach kanoq jelaê¼ pataqê¼ aj.
xesikê¼ ij la.
jawi xkibê¼ ij wi chikeê¼ ewi ?
rumal che , man ixta riê¼ rikix chê¼ awik , are ri ruxlabê¼ axel riitat riê¼ rik chê¼ awna iw ukê¼ riix.
kê¼ akê¼ri wachoch.
sibê¼ alaj utz kinwil leatzê¼ yaq rech na huala.
saq por kkay rikipoê¼t rin an.
xsach on rinuchak chwe.
waê¼ im xuchapo.
riqê¼ aqê¼ tajin kajul uwik.
najil upam risiw an.
ekê¼o riqach alal pa chi uwiê¼la.
jas xa taq chiê¼j leakê¼ al chutij ik ?
noê¼j im ukemik le pa sawumal.
kê¼o jun kukubê¼ iê¼tintin, waê¼ le laj kukmam kaj eqitaj , kapaqi kax ulik pauwiê¼ uqê¼ abê¼ taq cheê¼, sibê¼ alaj sakê¼ aj , keê¼uto le enimaê¼q , chê¼ut in , rachiê¼l ,aj sip anel sibê¼ alaj utz ranimaê¼.
riu pixabê¼ leqê¼ atbê¼ altzij kiyaê¼ ubê¼ ixik.
nax sachonta chke xeat inik.
xeqil le chikop puwi leja.
xloê¼taj riakê¼ al.
qonojel kuj waê¼ pauwiê¼ rimexa.
xsik irlewaq an.
laxat waê¼ kê¼ut ?
nim ubê¼ aqê¼ ritul ul.
kin xikê¼ikê¼ ik xinqê¼ axik.
lakatbê¼ epale tinamit?
rip al sibê¼ alaj saqê¼ or.
kqê¼ oxownu jalom.
xin naê¼o chikat petik.
xloqê¼ ulewi we chix.
xinchak un rukê¼ri numam.
na xqabê¼ antaj.
kkê¼ojiê¼ bê¼ aê¼ri usipanik riajaw xel jesus kristo rukê¼ riaw ux labê¼ al!
kin chê¼aw rukê¼ le nu nan pale chê¼ awebê¼ al.
sibê¼ alaj qê¼ eq uê¼m rumalri may ul.
are lebax ulik.
xekosle ixoq ibê¼ palebê¼ e.
kê¼ ax rilik leakê¼ al chawe.
xinqê¼ iê¼ oxi nat in pajo ron.
sibê¼ alaj nim le tinamit.
kê¼ ax ukemik le pa sawumal.
x insachik.
tajin ke lukikê¼ el paraqan ritzê¼ iê¼.
xin wetaê¼m aj rilik wi bê¼
riqê¼ uqê¼ are jun jeê¼l chikop.
kê¼o pa jatij obê¼ al riwi kaqê¼.
risach ibê¼ al mak rajw axik chi qaxoê¼l.
jeê¼ ,kimbê¼ ek.
jelaleê¼ rin upwiê¼.
xubê¼ ij che : - jas xabê¼ anot in tin ?
kabê¼ an jun toqê¼ obê¼ kyakri nujal.
katê¼ ekxinta.
jas leukê¼ exbê¼ em ribê¼ le jun rukê¼ lejunchik ?
aj chi uwiê¼mi qê¼ in jaê¼ril uê¼.
ritij onel naj kpewi.
teê¼ kix chobê¼ ubê¼ iê¼ri nutat.
rijaê¼ kamiqê¼ ik chiuwach riqê¼ aqê¼.
ritê¼ uê¼y kpaqê¼ owik.
kinme sonna.
na qajat kê¼owi chiwech.
xinbê¼ isonik taq na xat pet taj.
wexkam riwinaq , ripwaq rech tojbê¼ al makaj kyaê¼ chikech ri ralaxik.
rinu nan xbê¼ epakê¼ aybê¼ al.
xoj ukê¼am uloq rech koj rilo
x kê¼oto chin chikiwach chikin waê¼ aw ukê¼.
na xkikam sajtaj xkikê¼ ambê¼ ichoja.
kê¼akê¼ riikê¼ kamik.
xim bê¼ e rukê¼ le aj kuniwir.
rilik.
letzê¼ iê¼ xekosik.
xin kikota wumal.
rii mul xumaj rianim , xuya kan lekok.
kê¼ooj che riakê¼ al.
xujbê¼ epajun kê¼ul anem.
utz wek wa ralaq.
kaqilo chi na koj ukê¼am taj.
x retaê¼m aj chi rukê¼ pakê¼ kutij wi.
sibê¼ alaj xin kê¼ aê¼ na rik.
xin ko chij rinuwa.
man katkowin tajkat chak unik , weman kê¼ota riajilabê¼ al.
we w onon xubê¼ ij chike : - kixinto.
riala nim krilwi riumam.
xkaê¼y chirij ,xkaê¼y chuwach , ma kê¼ota chi jun ksilobê¼ ik , xoqê¼ ik xuxeê¼j ribê¼ x chê¼opinik xtz alij loq xuriqta chik riubê¼ e.
kê¼op uscheri wa.
pinem na kabê¼ ele watz , kimbê¼ ewi in pa kaê¼yibê¼ al.
ri nan toê¼n nim winaq chik , saquwiê¼ , ronojel aqê¼ abê¼ utz kunaê¼o ka tê¼uyiê¼ pautem , kumiqê¼ isaj ribê¼ choriqê¼ ij , kê¼o junuwiê¼ umam ubê¼ iê¼ ateê¼k.
man ekê¼itaj riqulaê¼.
qê¼ alaj chi na kawaj tajkabê¼ ij
x paqabê¼ isax rajil ronojel rikem.
kê¼o parijul rikumatz.
ronojel qê¼ ij kin chê¼aj lenuw are.
saq chi kan leichaj rechkatz ako.
chuxele qachomal kaqatij wi jun qam eqê¼ in.
chawilaê¼.
ekê¼oj obê¼ umiê¼ al ,rinutat.
jas rukê¼ xawil wi
jeê¼ jas riwinaq rechri uwach ulew , xoqujeê¼ kepe na riê¼ rieê¼ areê¼ che erechri uwach ulew ; jeê¼ jas riwinaq rech rikaj , xoqujeê¼ kepe na riê¼ rieê¼ areê¼ erech rikaj.
x intijo.
ktzê¼ujuw ri rachoch ri poê¼x.
xuqê¼ iê¼o are leukê¼ul el xyaê¼ow uwa.
riawel x retaê¼m aj chi rajaw axik man kuxejta ribê¼ che ritukur.
ju kê¼ulaj winaq xeê¼a nimajbê¼ ik.
jeê¼ ,xin tz alij ik.
xoj petik xol qakê¼ amaê¼.
maj jachin xê¼ ek.
inajtij ; attij oxel.
saq uwiê¼ri tataê¼.
wech rikem.
le roê¼ch le ateê¼k kê¼o chwach leukê¼ ay len unan.
kbê¼ epa risi riê¼a epari sili siê¼a, jawi jeê¼kuya wi ri kichuqê¼ abê¼ rikomon tyox.
pixabê¼ : man utz taj kê¼ ax kujchê¼ aw chikij nikê¼aj qachil.
xkuna taj le ali( kumalri ixoq ibê¼).
rixibê¼ ibê¼ al chi kê¼owi pataq riqakê¼ aslemal ronojel qê¼ ij.
nakuj war ta war al.
on che kkê¼ojiê¼ riutzil chixoê¼l ,arech junam riqakoj onik , junam ri iwech ix rukê¼ri wechin.
paoxqê¼ ij risaê¼n kbê¼ ena rukê¼ri aj kun.
kawinaq wuq ubê¼.
jas kawaj kintij o ?
weta xatbê¼ ew ukê¼ pale tinamit , xa loqê¼ tal aê¼ leu jastaq leakê¼ ajol.
kebê¼ epawaê¼ im.
xinloqê¼ kê¼iwa.
pajunnim kê¼ acheê¼laj , kê¼o jun kê¼ waê¼ sibê¼ alaj saq loloj , nim uwach.
kwaj katij jubê¼ aê¼wa.
ronojel winaq kril na ri ukolonem ridyos â».
x kê¼oto chin chikiwach chikinwaê¼ aw ukê¼
kwaj na katê¼ etaj.
laxa loqê¼ junal ej ?
ekê¼ori eloqê¼ omanel.
riukabê¼ ubê¼ iê¼ri numam are yay.
kin jopij riijaê¼ recht riko.
x naê¼taj chke xeat inik.
xateê¼ qilaê¼.
kakitij alan xax riwinaq.
... kinbê¼ ij chi arewaê¼ sin xiê¼ an.
na xin nabê¼ ejtach utasik qa kê¼olibê¼ al.
rumal rech chewe riin , kin chê¼ aw rukê¼ ridyos pa chê¼ abê¼ al,k chê¼ awna kê¼uriê¼ riwux labê¼ al rukê¼ri dyos ,kê¼ate kê¼ut man kê¼ota upatan riê¼ch rechrinu chomabê¼ al.
xepetik xkilo.
xuta wekatê¼ ek.
utz ukemik lepas chawe.
rinuwakax xutij jun qê¼ oqê¼ rumal riê¼x kamik.
rumal rikê¼ ix , man kewaê¼taj riwinaq.
xeê¼ ulik.
qê¼ eq rij riamaê¼ chij.
xrajkaê¼ e leunan.
junam ki junabê¼.
na qê¼ alaj taj wekaê¼ ek.
riwix nam chê¼aj chê¼oj ri rachoch.
waral man kê¼otaj ajaw al.
nai wi rtax ril lekê¼ amolbê¼ e.
xin pe loq te kê¼uriê¼ xin tzukuj ronojel rinu rajil.
riajtik onel kutik ritzij.
kê¼o ekikê¼ ajol le achij abê¼.
kutij qê¼ ay es riix paê¼ch.
pari waê¼ bê¼ al ekê¼o kawinaq achij abê¼.
si pojinaq rinupam.
kayaê¼ tajik rukê¼utiê¼ onem jun riuriqom leyabê¼ ila molot setsã © xuqujeê¼ are kayaê¼taj pataq rijuyubê¼ .
jachin ria chi ?
rinumam xkamik aretaq kê¼o jumuchê¼ lajuj ujunabê¼.
kinkowinik kinkê¼ ambê¼ il epwaq.
kinwi lo chiutz riaj iê¼.
xinqê¼ il riapoê¼x che man kachak un taj.
kwaê¼ chiuwach letaqê¼ aj riamaê¼ akê¼.
rii mul xe poqê¼ ik pajun ikê¼.
xkê¼is kanoq riqachak.
are rialix oj ilow kanoq.
sibê¼ alaj chê¼ uê¼j riamax.
kê¼on uwachiê¼.
in chaj inel kech leakê¼ alabê¼.
xekos letzê¼ iê¼.
kinbê¼ ena kukê¼ri molaj.
ronojel aqê¼ abê¼ kinyi tzê¼ riw akax.
karapinik xutzukuj chijunaw aj.
le ukemik le pasaninaq (awumal).
maju rajil leqê¼ abê¼ arel.
kê¼ ax riê¼ rikachê¼ awik.
xoj utaq chiê¼j le achich uloqê¼ ikichaj.
sibê¼ alaj kê¼ ax rixkê¼ul maxik.
xkilo china kinkê¼o xomajtaj.
x naê¼taj chkech ixeat inik.
x kê¼oto chin chikiwach chixoj al woê¼qa kukê¼.
jun qê¼ uê¼q rajil rikax laê¼n wa.
xinwi lo chixeê¼ elik.
ekê¼o ixoq ibê¼ palekê¼ aybê¼ al.
man kê¼otaj ukê¼isik rimay abê¼ ajlabê¼ alil.
risin kkê¼iy pataqê¼ aj.
richê¼ im aman kkê¼iy taj pataqê¼ aj.
rajaw axik kjikik riwaq ã ¤n.
kawaj kin ê¼ ek.
ekê¼o oxibê¼ akê¼.
xubê¼ ij chwe jawi at kê¼owi.
chweê¼q kujbê¼ eê¼pam uquj.
pasaq kê¼a jaê¼ kbê¼ anwi riuq.
xojki sikê¼ ij.
xin wil wi bê¼.
chaqê¼ chikriwa.
kimbê¼ ena kapalew oê¼ch.
kawaj kin ê¼ ek.
ri chê¼ uê¼ktij rukê¼ lej.
parikiqê¼ ij kaminaq ibê¼ kbê¼ an qê¼o rikê¼ yaê¼ rech aj : nabê¼ eri nan kutzukuj kan riaj , kujachê¼ oê¼xuquje kukê¼ eto.
jas kajbê¼ al chanim ?
utz uchomanik riali.
pariqê¼ ij ox lajuj tij ax kinkê¼is kebê¼ junabê¼ kinchak un war al.
sibê¼ alaj ko , rikê¼akê¼ chê¼at.
jas karaj kubê¼ ijâ €¦ ?
richê¼ ichê¼ kasilabê¼ ik.
pa ojer qê¼ al pul xaq xuwi rinim winaq kekê¼ amowbê¼ e.
leuk unaxik leukabê¼ ukê¼utunik are rukê¼ eflor nitina on utunibê¼ axik lenifur timox chiê¼le flornitina chech t.b.g.
are ria chi xin chê¼ ayowik.
juna chiubê¼ ik uê¼ xusipaj kebê¼ kê¼ aê¼m ulew rech kabê¼ an ritij obê¼ al , kamik , kê¼o chik ajtij rech rikomon xechpup.
xumal tyoxij che riajtij ronojel le xukê¼ut chiuwach.
pa ribê¼ exkiraq jun alaj im ulsaq rij , xkikê¼ ambê¼ ik.
xril lebê¼ al e ala.
jas kubê¼ ij chwe ?
leu kun atajem are rukê¼utzuk uxik leu chiko pil pajun usolik uxeê¼ lekikê¼ on le jaê¼ rech jun nodo.
utz wenutzê¼ iê¼.
jeê¼ , tajin kachap onik.
kin uloqê¼ oj lenutat.
kawaj kimbê¼ epa tinamit.
arelaê¼ kinchak uj.
rinimaê¼q taq winaq kê¼o ketaê¼m abê¼ al.
weta xatbê¼ ew ukê¼ pale tinamit , xa loqê¼ ta waê¼ we jastaq.
rikikê¼ aslemal. wa iximulew xa jun chima are tatinimit rima
riukê¼ yabê¼ al naj upam.
xatqaj chiupam riil.
nojim kat waê¼ ik.
we kê¼o jun ktuq aê¼rik , â¿la man xoqujeê¼ tajkin tuq aê¼r riin ?
oj ojw okolja.
awas kbê¼ ankê¼ ax che junnim winaq.
xin chê¼aw apan rukê¼le wa nabê¼.
kê¼ ax riupam rijuê¼l.
tajin kewaê¼ri im ul.
lakaj lakuj tz alij la aninaq ?
rumal rech cheri makaj man kê¼ota ukowinem piwiê¼ riix : riix man ix kê¼ota chich uxeê¼ri pixabê¼ ,xane ix kê¼o chuxeê¼ri sipanik.
nim raqan lecheê¼.
xinchapo.
are letuê¼r le loqê¼ omanel.
xas kat kê¼ojiê¼ chiupam richê¼ ichê¼.
sibê¼ alaj nim raqan rikê¼ amalbê¼ e.
letzê¼ ibê¼ abê¼ al wechin.
in xintoê¼ wla.
xa je kê¼uriê¼ riix kamik riê¼ man ix kax lan winaq tachik ; riix , ix rech riki tinimit rietyox laj taq winaq , ix rechri rachoch ridyos.
xinti kox laj kê¼ali chaj.
kaqariq qibê¼ chweê¼q.
sibê¼ alaj utz che riwiê¼ aj rituney.
we na jupulikta xeqaj ik...
xin toê¼ taj che rinuchak.
kê¼ojun chikop ubê¼ iê¼pum.
poqon riik.
xojbê¼ inik.
xuchê¼ ek ronojel le retam anik x paqiê¼k kê¼ ax kwê¼ inik xubê¼ anaj kun.
kel ubê¼ ik pari jud eê¼ aektz alij chiubê¼ i jumulpari galileê¼ a.
xin axibê¼ ij pa bê¼ e.
jeê¼l kê¼ol em chi awachoch.
ronojel ri yaê¼talil paweqê¼ ataj , tzê¼ aqat kiwach ,man ktz aqta kanoq xuqujeê¼ man ktastaj.
xukunaj leyaw abê¼ leajqê¼ ij.
chitat abê¼ ej jas lekimbê¼ ij.
chê¼ an al ria chi.
pabê¼ okoê¼ kachak unwi ritax.
uj kê¼o pauwuq qê¼ ij.
kiê¼riu kabê¼ riaqaj.
kê¼o rach alal pa tzê¼ oloj cheê¼ri peê¼l.
xkilo chi kinkê¼ oxomaj.
riu kisakê¼ utz kyaê¼ ik chi uxeê¼ri ti koê¼n.
aretaq chiê¼ kaqê¼ an puwiê¼ri jukubê¼ , ria chi che xkê¼ojiê¼ riitzel ux labê¼ al rukê¼ , kutach rech riareê¼, arech kkê¼ojiê¼ rukê¼ri areê¼.
na kabê¼ antajta wumal.
x naê¼taj chke xeat inik.
xin paj rinut riko.
xeê¼ok ripokê¼ pari ume xarip oê¼x.
kajuluw ria qê¼ aê¼l chi uxeê¼ri tê¼uê¼y.
awech le ja.
xujbê¼ epa tzurik.
nabê¼ e xatop anik.
riukabê¼ ubê¼ iê¼ri numam are yay.
uwaj xaqu kakê¼ al taq anik (28).
mata kê¼o jun kak anaj kanoq , qonojel kojbê¼ ek.
enimaê¼q le altom abê¼.
nim uwach ri poê¼t.
koj onik pariutzij wa iximulew.
jas xukê¼ ambê¼ il etzê¼ iê¼x awil o ?
xin petik , tat.
ribê¼ elaj uwach.
chitata bê¼ ej jas rikimbê¼ ij.
jeê¼l kunaê¼ riabê¼ ix chiupam riquq ulew.
kinbê¼ isoj uwach le wal.
xutê¼uy ubê¼ aê¼.
nim ria we qeleê¼n xa riqo.
xineê¼ waê¼ oq.
chiê¼ ke war wi leakê¼ alabê¼.
rinumiê¼ al xutaq loq jun taq oê¼m wuj chiwe.
qê¼ eê¼lik , richajpa ribê¼e.
lautz awach ?-utz maltyox ,ekê¼u riat ? â €“ utz mal tyox.
xin kos rumal nuchak.
kbê¼ e kukê¼ri eê¼ areê¼ ektz alij parinas are tekeê¼ unimaj.
rijoj xukê¼ ambê¼ ik riakê¼.
kê¼o chi wachiê¼l chanim.
kubê¼ ij chech naê¼l kabê¼ an che riatzê¼ ibê¼.
e... in kawaj katzj ojbê¼ il ach we.
mataxin yaj le ali.
jachin rukê¼ katbê¼ ewi ?
kê¼o sibê¼ alaj etaê¼m abê¼ al pari mayabê¼ noê¼j ibê¼ al.
e man xo rijupuq kej.
kasum um rikaq iqê¼.
ekê¼o kajibê¼ akê¼ alabê¼ palebê¼ e.
jeê¼ jas riutat kkaê¼y ik.
xaqat molon eltzij tal.
le nutat kaloqê¼ on chwe.
xaq tane kimbê¼ e iwukê¼.
x retaê¼ma juchê¼ ajik.
rumal laê¼ xkoj â €œ xal qê¼at â € che ubê¼ iê¼ rikomon.
are le ukemik pasx retaê¼m aj.
riwa tiê¼t kubê¼ an na riupatan.
kê¼akê¼ lepoê¼t.
retaê¼m uwach jachin xloqê¼ ow ripas.
kenchê¼ abê¼ ej leakê¼ alabê¼.
yaê¼tal chaqe qonojel riuj winaq utz kaq il qibê¼.
xkot iê¼paqê¼ ayes xoqê¼ ik.
kawinaq bê¼ elejebê¼ qê¼ataj.
ekê¼o kajibê¼ ral rii mul , jun saq , jun qê¼ an , jun qê¼ eq , jun qê¼ eqoj , sibê¼ alaj ketzê¼ anik , kechê¼ opinik rialaj taqimul.
kcholol riachach al.
ketekik riikê¼.
xe petik rech kewaê¼ iw ukê¼.
tz atz riuqê¼ an il riakê¼.
xojtz alij ik xi xeê¼qa qê¼at uj kukê¼ le itatinan.
riyoê¼x taqakê¼ alabê¼ kekikê¼ux riatzê¼ yaq.
wea chiwe xusipaj jun poê¼t chwe xkamik.
kkowin rikun anel che kun anik.
xji qê¼ pari polow.
xa rumal sibê¼ alaj rajaw axik leloqê¼ alaj jaê¼ , lewinaq xkibê¼ ij : che weikê¼ riê¼ qonojel kujbê¼ e cheutikik taq cheê¼.
riun ane rierach alal kepe uloq rukê¼ riareê¼, kê¼ate kê¼uriê¼ ,man kekowin taj keqibê¼ ukoq rukê¼ , rumal rech che ekê¼o sibê¼ alaj winaq.
rumal rech , che man kê¼ota jun kkowin che ukojik juntik ibê¼ alil chik chuwach rikojom chik che are rijesus kristo.
te kê¼uriê¼ xutzê¼ ibê¼ aj ribê¼ parinimal ajtij obê¼ alrechajk uê¼n.
kajuluw richê¼ umil chaqê¼ abê¼.
kê¼ isbê¼ al kanoq , xoqujeê¼k kam riixoq.
lealaxok ik.
kê¼o pwaq pauwiê¼ rimexa.
are kawaj na kin ê¼ etaj.
riyawal kukoj riali chiuxeê¼ri cha kach are usuê¼t.
na kaqakê¼ am tuê¼ bê¼ ik amik.
riajtij kubê¼ ij chike : rajaw axik ke qachaj ij riawaj , are uti koê¼n riajaw.
xin tij mukun iwir.
kê¼ ax leuwiê¼ taq lenuqê¼ abê¼.
xin loqê¼ jun il bê¼ al wi bê¼.
waê¼ we qê¼ ij , nim ubê¼ antajik.
riuxeê¼ al riqa tinamit man kasach taj.
xojbê¼ inik.
riach alal junam kiwach.
xin wetaê¼m aj rilik wi bê¼.
nim riu naê¼oj wajtij.
miqê¼ in rikê¼ul.
ajqê¼ ojom riateê¼k.
che le sanik cheê¼ kbê¼ anwi riqê¼ ojom.
kape le awel pa na waljaê¼.
rimeson eltajink chak unik.
utz chaqe kaqatoê¼q ibê¼ , taq kê¼o kê¼ ax kê¼olil , kate we chiê¼n riajaw paqawiê¼.
xawi lo , x qê¼atan le ibê¼ oy.
xat kowinik xabê¼ ano.
kiê¼rikê¼ awex.
kajil il ribê¼e.
lealixel bê¼ ik.
areê¼x raj xinbê¼ ano.
nim we abê¼ aj.
jeê¼likut iê¼jolal risaq koê¼r.
nojinaq rikej.
wekatij an xux man katutoê¼ ta chiuqê¼ atixikle kê¼akê¼ yabê¼ il cor ona virus (2019- ncov).
na nim ta raqan waê¼ we cheê¼.
utz alaj ajchak , riwel.
â¿jam paê¼ kujbê¼ epanimaqê¼ ij ?
rajaw axik tane laê¼kat chak unwukê¼.
xutaq chiê¼j pa waram pulew.
man areta riaxw anxelik.
riawix xuloqê¼ rachochre nimal.
are riixoq xinsikê¼ in uloq.
richê¼ im akê¼ atê¼onna.
laxibê¼ anleichak ?
kê¼i tinamit ekê¼o pachê¼ oê¼j.
kê¼o jupuq chij chi uxeê¼ri cheê¼.
riu xaq riabê¼ ix are uwa rikej.
kawinaq qê¼ataj.
lak ix pe patij obê¼ al ?
we kechaj ix taq lekê¼ wa jacha kinbê¼ ij ; jun alik kê¼o jaê¼ xuqujeê¼ sibê¼ alajsaq loloj.
xretaê¼m aj.
rialabê¼ om rialitom abê¼ tajin kikitij oj kibê¼ rech sutaq ,are kakaj kikibê¼ an nimaqa chijabê¼ chupam rikikê¼ aslemal , xuquje kê¼o chik jupuqbê¼ ixonel chupam rikomon.
latzê¼ uwach ribê¼e.
kê¼akê¼ riachê¼ ichê¼.
qonojel uj , uj may abê¼ taq winaq.
nojel qê¼ ij ria tiê¼ xkuy uqê¼ uj letaqaw aj jelaê¼ pa nikê¼aj jaê¼ , chirij rijuyubê¼ ubê¼ iê¼te naê¼.
paqê¼ om chikri siê¼.
kintzuk un chela.
kakitij le kinaqê¼ , leichaj , leuwaê¼lik rukê¼ lej.
xe kanaj kan leajchak ibê¼.
ketik on ria chijabê¼.
sibê¼ alaj itzel ubê¼ antajik richê¼ il akan.
riateê¼k xumalty oxij cheri ratiê¼t , rumal riutz alaj noê¼j ibê¼ al xukê¼ut chech.
kkam ulix uchak riabê¼ ix.
la xinutzukuj letij oxel ?
areê¼ kachak un ronojel qê¼ ij.
le ekê¼ aê¼ na taq tzê¼ iê¼.
saqrij riplamux.
jas xa qê¼ iê¼o xat ijo.
jas rukê¼ xkichapwi utij iklerikil ?
we katatin rukê¼kê¼ atan jaê¼ man kuqê¼ atej tal ekê¼a kê¼ yabê¼ il cor ona virus.
la katbê¼ in paleux lan bê¼ al ?
lawa ralkê¼ uxix waê¼ wi ?
are le nutatkin loqê¼ onik.
tajin kchak un riala.
kê¼ori kiê¼kotem alaw ukê¼.
xuta jachinkaê¼ ek.
xat waê¼ ik xinwi lo.
xtzaq ri rachoch rumal rijabê¼.
pale junikê¼ chik are nimaqê¼ ij.
ekebê¼ ã ¤m kebê¼ in pauwiê¼ ritem.
memri achi.
riwi kan chaliê¼y kel pajuyubê¼ chwi tzi ribê¼ al.
lerajil ,lapaj axelaqê¼ ax wuê¼ bê¼ ik ?
pa risuê¼t p isom wi rilej.
koj petik kolqakê¼ amaê¼.
tajin kat chê¼opin chiuwach ritaqê¼ aj.
leqê¼ or xchê¼ uqik.
kê¼ ax waê¼ im awumal.
kinbê¼ ison che lewal.
sibê¼ alaj kê¼okê¼ riawatzê¼ yaq.
kamik xujbê¼ e cheutikik taq cheê¼pa rijuyubê¼ .
kin uloqê¼ oj lenutat.
chaqiê¼j chik richaj.
xyilix hawayi.
nax naê¼taj ta chke chixe atinik.
rukê¼ kê¼uwaê¼ we riê¼, riix kkê¼ojiê¼ junutz alaj ikê¼ aslemal riê¼ch kiwach riwinaq cheman ekê¼ota iw ukê¼ , kê¼ate kê¼uriê¼ man kê¼ota jun winaq riê¼ rajaw axik chiwech.
e petinaq pa bê¼ ele rach alaxik.
kakaj leakê¼ alabê¼ kewaê¼ ik.
xuj chê¼ aybê¼ ik.
rinuchak are qê¼ axel tzij.
kê¼o naru xlabê¼ riawaj.
tajin kel loq , riqê¼ ij.
xuqê¼ iê¼o xkam sax ri rach alal choch.
rinumam are kê¼o uqê¼ inomal.
xkê¼ul mataj jumul ,xubê¼ an junnim alaj jabê¼ , man xbê¼ ey etajta na xukê¼is leuyuqê¼ chike.
amaê¼ rinutzê¼ iê¼.
jewaê¼kat petik.
xin kosik rumal xinchak unik
iwech chijujunal , riwa.
xuqê¼ iê¼o na xatat in taj.
in riq tajinaq parikê¼ ayibê¼ al.
nawetaê¼m taj.
kê¼ ax lenuqê¼ abê¼.
utz le xubê¼ ijleachi.
kematzê¼ ibê¼.
kê¼o rach alal pa tzê¼ oloj cheê¼ri peê¼l.
ronojel waê¼ we jastaq riê¼, xas ksach wi uwach waê¼; rukê¼ we riê¼, riix , rajaw axik che kê¼o jun tyox laj ikê¼ aslemal e kkê¼ojiê¼ riichê¼ awem rukê¼ ridyos ,
xmuqtaj ripatzê¼ an.
richê¼ ichê¼ tzij om kanoq pariukê¼ olbê¼ al.
man kê¼ota ucholaj pataq riawuj.
ja chike ikê¼ le unimaqê¼ ij le tinamit na wal jaê¼ ?
xe petik xol kikê¼ amaê¼.
kachuqê¼ chutri jaê¼ chiapam.
xinbê¼ ij iw ir chi xebê¼ epa armita.
areê¼ uxeê¼oj ertzij wa ralkê¼ icheê¼ ubê¼ iê¼.
xkê¼is rinusiê¼.
jawi xkibê¼ ij wi chikeê¼ ewi ?
â ¡ xa je kê¼uriê¼ , jachintaq riekê¼o pari jud eê¼ a, chi chanim cheê¼ anima jubê¼ ipataq rijuyubê¼ ,
kê¼akê¼ riabê¼.
la kê¼ojun na kakê¼ oxomaj taj ?
na utz tal eutê¼ isom le al mariy.
man yaê¼tal taj chiawe katok paja.
jeê¼ ,xat utzukuj.
are kelwaj xaq ibê¼ uqê¼ ij rixkê¼oj ik.
rixun kur kkê¼ojiê¼ pataq ritriko.
x insachik.
xutê¼uy ubê¼ aê¼
nan utom tal etzij â €¦
wa chê¼om rikiwari noê¼s.
ekê¼ojo bê¼ chê¼ il wakê¼.
rajaw ixik chi pataq ritij obê¼ al ,pa nikê¼aj ubê¼ ixik chik
rirajaw rulew are ê¼tatkel.
wekê¼ uxokik , wekê¼ na xokta
we achi xusipaj jun pê¼ot chwe.
atat utaq oê¼n leqê¼ ataltzij.
na qê¼ anta uwach leqaprut.
rixaê¼r kê¼o pauwiê¼ riqê¼ aqê¼k poqê¼o wik.
riroqê¼ ej riali jachak pe junakê¼ al.
kê¼ojun alapatij obê¼ al.
sã ¤quwiê¼ ritataê¼.
riwitzi kê¼ tajink pe loq.
jawi xsach onwi kanuyaê¼ ik le pwaq che.
utz wea chiwexin kun anik.
qonojel kuj waê¼ pauwiê¼ rimexa.
rikax laê¼nik man poqontaj.
in xinbê¼ e rukê¼ri wachiê¼l.
sibê¼ alaj jeê¼l xkilo xekitzoq op ij rikichij chilaê¼.
kinbê¼ inik xin ê¼ ek.
kê¼ ax kê¼olik ,kachaê¼.
kutij ixim riakê¼.
rialix chel , xuqê¼ iê¼o xa jun akê¼ xsipax che.
xqasikê¼ ij le ixoq chutz akik subê¼.
mat ax abê¼ insaj lechê¼ ichê¼.
ripix tzê¼ ar alik rumal rieqaê¼n.
â¿jam paê¼kel chi 3%
kê¼ojun nu kê¼otoj chiê¼aj.
tajin kewaê¼kat rialabê¼ om.
xin loqê¼ lenukê¼ akê¼ apoê¼t.
na utz akikta subê¼ tajinkuê¼ ano
xoj utaq chiê¼ ij xoj waê¼ ik.
iwech riabê¼ ix.
saqrij ri chij.
ajsik che ritinamit kel wi ritataê¼.
-â ¡ ay! xa xintzaq uloq ,kê¼ ax we waq an.
xkê¼ul mataj pajun komon chiê¼ uwach jun juyubê¼ , xuriqa jun qê¼ ij xkiriq kibê¼ junimul rukê¼ lekok.
jas xa taq chiê¼j leakê¼ al chutij ik ?
xin chapo sux uloqê¼ o.
qê¼ inom ria chi.
rikê¼um ktij ow rukê¼ kabê¼.
tajin kejachê¼ anik.
tze bê¼ al ukemik le pa sawumal.
are kayoê¼w le uchiko pil leubê¼ antajik try pa no somab rucei.
wekatnim anik utz kelik.
pero noê¼j imal petnaq loq,.
are lenuchak jun tzuq bê¼ al wi bê¼.
xkun ax leyaw abê¼ rumal leajqê¼ ij.
riukê¼ uê¼x tzê¼ ibê¼ paqatzij e lajuj.
sibê¼ alaj jeê¼lik rieqabê¼ al xubê¼ an ril uê¼s.
sibê¼ alaj atkon.
e man xo rijupuq kej.
nax naê¼taj tach kexeat inik.
rikê¼ amalbê¼ ex ubê¼ ij chike , chimaja rianim.
jumuchê¼ rinu junabê¼.
qê¼ iptajinaq ri raqan ritem.
kchak un rukê¼ rijosbê¼ al cheê¼ riaj anel.
xa taq chiê¼j leakê¼ al chutij ik kar.
oj kê¼o pale roê¼ch le awel.
â¿lakat peq ukê¼ chweê¼q ?
lewinaq palechê¼ ichê¼ e tê¼uyul lowi.
xka naj kanoq chi uxeê¼ri jabê¼ richê¼ aê¼n.
nim rija.
weta xak unaj le atat mat ax kamlaê¼.
na nukê¼ amom tuê¼ la riê¼.
chqa nukê¼ uê¼ riqatzij.
kimbê¼ epale tinamit.
xinqê¼ iê¼o na xinat in taj.
rajaw axik kakê¼a man chawe leutij iklelej.
kê¼ isbê¼ al taq noê¼j ibê¼ al.
xineê¼ waê¼ oq.
xkibê¼ an kê¼ ax che leuwosaq rumal man utz ta chika kayik.
riqê¼ut uê¼m man kech tal eakê¼ alabê¼.
are na nim tal eatzê¼ iê¼ chuwach le nutzê¼ iê¼.
xe petik xol kilaê¼.
â¿jaw chiê¼ xataê¼ che xkam riumam ripoê¼x ?
e kebê¼ kekê¼ ambê¼ ik patuj.
xin loqê¼ jun japa riwokaj ja.
riax tuê¼ bê¼ , kê¼oq ulaj chech.
jas karaj kaê¼ an chutz akik letiê¼ ij.
xutij lewa.
ximbê¼ alretzij.
xpa x ribê¼ oê¼j.
we kawaj katin toê¼o xaq xuwi kabê¼ ij chiwe.
jas nukê¼ ukuchê¼ obê¼o.
jas karajkutij o ?
xe xru xlabê¼ ri rikil.
enitzê¼ aê¼q letaqim ul.
we tane in xinbê¼ anowik , are le ateê¼k xbê¼ anowik.
kintz alij palenu tinamit.
rinuchaqê¼ kê¼o pa uroê¼ qê¼ atojtij onik paritij obê¼ al.
xin xiê¼j wi bê¼ xin chê¼ awik.
kê¼o chwa roê¼ch le pare.
chiraq an kabê¼ in wi ritataê¼.
xsach on kanuyaê¼ ik le pwaq checho ja.
xin qê¼ ax chikixoê¼l riwinaq.
ketik onik.
ri ulew man qech taj , kech riqat iê¼t qamam.
xe pe lewinaq xol kikê¼ amaê¼.
xuloqê¼ riwuj rumal riali.
chewe qê¼ ij kamik kê¼o jun nutzij onem chirij le nu tinamit.
kej riê¼.
xkuna na laq chwe.
kin usikê¼ ij len unan.
rii mul xuchê¼ ij taj ,xkanaj pabê¼ e, rumal rinimal kujal uj riim ul , xutzaq rianim.
kubê¼ an riuxoqê¼ oê¼l riajtzê¼ aq.
rila sibê¼ alaj utz che kunabê¼ al.
kê¼i kiwach rieê¼ ajchak ibê¼ parikomon tyox , kê¼ate kê¼ut xa jun chiajaw xel ;
xqata chixat ulik.
kawaj chik atê¼ek.
chê¼ut iê¼n ke kanaj rixaj abê¼ chech.
kaqaxiê¼j qibê¼ kaqach apo.
ekê¼o kebê¼ ukê¼ ajol letatx wan.
luê¼ subê¼ iê¼ri rech am.
aj chi uwiê¼mi qê¼ in jaê¼ril uê¼.
xinya kan le nuchim pakê¼ aybê¼ al.
kê¼ atex rilo ,x peri unan cheutzuk uxik , xkikotik , xu salabê¼ isaj ritaq uxkin.
xkikê¼ut chiuwach riajtij xuqujeê¼ chikiwach ritaq nikê¼aj kachil.
utz lenuqê¼ abê¼.
kul le al weê¼lpa austin chaqê¼ abê¼ kamik.
riateê¼k xtzaq loq are chi kê¼o pauwiê¼ riqê¼ aê¼m.
ajpatan riteê¼k.
xatqaj chiupam riil.
la kê¼o tzij na kikê¼ oxomaj taj ?
xsach on chkech ixeat inik.
ronojel leu lewech alaq.
la xebê¼ e kê¼ula xeê¼ kijaqa kê¼u leu chiê¼ja ?
xaq kat chê¼ ok naj iwir.
kamik kê¼o chi rijastaq awe.
are chiê¼ kakê¼is rijunabê¼ kê¼o qê¼ inom.
pa na waljaê¼ xin alexik.
na xin tataj we are riakê¼ al kixtzuq uwik.
â ¡ rulew risab ê¼u lone rulew rinef tali ,ubê¼ eri polow , rulew rijord an, galileê¼a kech rije taq amaqê¼ !
rax ,rax ,rax , kê¼o kê¼ , kê¼o kê¼ , kê¼o kê¼ le rux labê¼ letaq tik oê¼n.
achixatwi lo.
paqal rajil le pixkamik.
xojbê¼ inik.
pajun jeê¼ltij obê¼ al kutij oj ribê¼ juna kê¼ al , ubê¼ iê¼p oê¼x , utz kurilo kepatij obê¼ al ronojel taq qê¼ ij.
xwaj chi xatê¼ etaj.
utz laê¼ le xubê¼ ijleachi.
wetaê¼ am jachin kapetik.
kinqê¼ ojom anik.
xinqê¼ iê¼o takê¼ alik xin petik.
areê¼ retaê¼m chekinop anik.
aretabê¼ al eqa qajaw chattoê¼ wik.
kawinaq waq ibê¼ qê¼ataj.
naq ajchik che riuwaq kajbê¼ al aretaq chiê¼k sach uwach riqê¼ ij , kok riqê¼ eq uê¼m chuwach ulew , chi kê¼ateê¼ na ribê¼ elejebê¼ kajbê¼ al.
jobê¼ raqan ritzê¼ alam xe poroxik.
sibê¼ alaj korij rimop.
arewaê¼.
jelaê¼ pa ritiminit chwi kaby ok rech xelajuê¼ , le qanan qatat kakitiko jeê¼lalaj taq uwachich aj.
kê¼ ax nuqul.
xuê¼l ukê¼ amaê¼.
kojul kitzukuj.
are man kê¼ axta ukunaxik aretaq aninaq kaê¼ il itaj we yabê¼ ilal xuqujeê¼ mo joê¼ qa kuyaê¼ lekê¼ ax kê¼olil chech le jolomaj.
riwel kê¼o patij onik.
kawaj kinbê¼ ij.
rikotzê¼ iê¼j kqakoj chiupam rija.
qê¼ eq qê¼ ojrij riamaê¼ kej.
na xwaj taj xinchê¼ awik.
chpetabê¼ al eloqê¼ alaj jabê¼.
xsachonch ke xatki sikê¼ ij.
eleqê¼ al chê¼ ichê¼.
jachin xawi lo chi arextij ow ritiê¼j ?
mata kabê¼ elen uxbê¼ al pale tinamit.
pimruq ,riali.
â¿ kê¼orim uqê¼ echiawech ?
kqabê¼ ij man kekowin taj.
kin tij na.
kê¼ojun qatê¼ uê¼y paja !
kê¼op uj chiupam richê¼ aê¼k.
aretaq kinkosik kinw arik.
xat waê¼ ik xinwi lo
in xin chê¼ ayow lea chi.
konojel rialaxik keê¼ etzê¼ anik.
jas rukê¼ xkitij wi lekirik il ?
aninaqil kat petik.
nar axta uwach le juyubê¼.
ritzê¼ alam tzê¼ ibê¼ abê¼ alraxk kayik.
we chat chak unik , kê¼o awa.
maê¼tam xat pe cheriwaê¼ im.
kamul kinwaê¼ na.
risikil ktij ow rukê¼ ik.
kimbê¼ eaqê¼ an rukê¼le al talin.
xoj ê¼ ekxeê¼q ilal arqasok.
xekiqê¼ il leajchak ibê¼ xkiwok le ja.
matane xwaj lekê¼ uhj nem rukê¼le ateê¼k.
are xeê¼opan chi uchiê¼ri juyubê¼ , xkilo chiman qasta kê¼o qê¼ayes.
kê¼ate kê¼ut , rijesus man kkoj onta chkech rieê¼ areê¼, rumal rech che konojel retaê¼m kiwach ,
paê¼ tzrij ritzê¼ iê¼.
juwinaq waq ibê¼ qê¼ataj.
atelaqê¼ om.
xaqat joê¼s.
riqê¼ atzu , are qê¼ alaj riuqê¼ ijil.
ajchak we ala.
ubê¼ eleju kakê¼ al taq anik (29).
kebê¼ nubê¼ iê¼ kê¼olik.
lakatz alij luê¼la aninaq ?
katzuk unlachwe.
la kajla kojbê¼ eê¼ palechomal chweê¼q ?
xin nabê¼ ej chutasi kqa kê¼olibê¼ al.
lal xin toê¼ wik.
sibê¼ al aja noê¼j ibê¼ al.
xoj petik xol qakê¼ amaê¼.
sibê¼ alaj jeê¼lik riuwaê¼l rii chaj.
kê¼ ax wij rumal in pa chalik.
aretaq xukê¼ul maj waê¼xul ri uchomanik xubê¼ ij : are utz waa qê¼ abê¼ kin walij ik , are chaê¼ chanim kinopan patij obê¼ al , maj chi kinkê¼ul maj.
oj ajxo jolobê¼ paawasqê¼ ij.
xin sach che leuwokik letzij.
eju lajuj riakê¼.
xutaj am paê¼kojê¼ ek.
qilik.
ritij oxel man aretanim chuwach ri rajtij. riutz tij oxel qas jeriê¼ kê¼olik jas ri rajtij.
in xat in chê¼ayo.
noê¼j im chak wumal.
chê¼ur rijo chê¼.
in kinbê¼ ij na katsach taj.
uj ma yabê¼.
riabê¼ aj yatz alik.
tajin kepixbê¼ ax riakê¼ alabê¼.
chom riaq.
xin warik.
elem en konojel riakê¼ alabê¼.
tajin kqê¼a na rikri we reê¼ aj.
le ukemik le pa sutz (chawe).
xuyup ubê¼ a uwach raê¼chi , kachaê¼,.
risatanas kok pari jud as rikbê¼ ixis kariê¼o tech rech , riareê¼ junch kixoê¼l riekabê¼ lajuj.
chu chu ripar.
kinqumuj rinujo chê¼.
chech punci ã ³n lumba ramaqê¼ el rajaw axik chech rilik leukê¼ ex bê¼ em wi lenabê¼ e rukê¼ leukabê¼ ukê¼ut unem leyabê¼ ilal.
qê¼ alaj chi na kawaj tajkabê¼ ij.
kê¼oqê¼ ol chirij risiê¼.
jaw ixoj ê¼ ewich uloqê¼ ik ?
kê¼o ulo chê¼ri talin.
qê¼ an rij riatiê¼t nukej.
la xtzalij la iwir ?
xe sikê¼ ixik , kê¼ate kê¼uriê¼ xe yajik , xuqujeê¼ xetaq bê¼i cheusikê¼ ik lemes.
lakix wa rik ?
are kê¼ulep alom ax xubê¼ ijche : -mam katbê¼ ison taj , kinsikê¼ ij nikê¼aj wachiê¼l kera pa pik.
aê¼re etij oxelabê¼.
rialaj ali siê¼l xubê¼ ij xqachap pa utz al rityox.
xsach on chke jachin xeat inik.
jas xu rayij lea nan xutij o ?
xinkosik.
rax ronojel riqê¼ ay es rumal lejabê¼.
kinya waê¼ wechê¼ ichê¼p inem na utz.
noê¼j im upachê¼ uxik lenuwiê¼.
naj kê¼owi lewoê¼ch chuwach letij obê¼ al.
riokibê¼ al kê¼o chiuwach risaq ja.
xenutaq chê¼ ij ke kil leakê¼ alabê¼.
kê¼ojun qê¼ oxowem chiwe.
tza richoê¼m.
we chojbê¼ epale nimaqê¼ ij , keq il leajxoj olobê¼.
xoj ê¼ ekxeê¼q ilal arqasok.
riateê¼k xutaê¼ chech ri nan toê¼n : - nan jascheê¼ chiman kaj talaqa kê¼at isaj rijoê¼q.
rip al sibê¼ alaj xuê¼y.
kinkoj rijo kbê¼ al ulew.
in kinbê¼ ij na katsach taj
atrajkun lenunan.
kuqam ujuj or on riajtzij.
luê¼ tzê¼ alam ubê¼ iê¼ria chike lpanim cheê¼.
jeê¼likut iê¼jolal risaq koê¼r.
kê¼ojun xaê¼r paja.
xin loqê¼ jun kê¼akê¼ patan.
kê¼ ax ukemik le pa sawumal.
aninaq ukemik le pasawumal
richê¼ aê¼n sachinaq pataq abê¼ ix.
ra xtaq lekotzê¼ iê¼j.
mesom kanoq riupam ja.
man areta ral axkosik.
rikomon xechpup rech uqê¼ abê¼ tinamit xoê¼labê¼ aj rechqê¼ umar kaj.
lautzak ik kê¼us ubê¼ tajinkuê¼ ano ?
katela!
nax utij taj.
xa rumal ketaê¼m konojel riwinaq kkiqumuj le jaê¼.
iwir xuj tz alij lapakê¼ aybê¼ al.
qetaê¼m cheriqawa kuj utoê¼o.
riajtij , kyaj on chikech riakê¼ alabê¼.
jas ubê¼ anom len uchê¼uti tat?
chweê¼q kinbê¼ epanim tinamit.
utz weki wetaê¼m aj jas kubê¼ ij richolbê¼ alqê¼ ij.
tajin katji low cheuqê¼ oxom jolom aj.
xin tik qê¼ ax chiuwach rija.
kê¼ ax le kibê¼ e lewinaq.
loqê¼ kat kuntaj cheleyabê¼ il (covid- 19).
rinux ibê¼ al kel paqajbê¼ alqê¼ ij.
x ril riaxw an chix waê¼ riala.
lealix kun atajik.
wetak apele jabê¼ kamik.
xin wetaê¼m aj chi na xat pe taj.
ripwaq rech we qê¼ ataj riê¼ kesax chech ritojbê¼ alkê¼ ay inem.
ktij riuwaê¼lik rumalri kinimaqê¼ ij.
xuchapuk unaxik.
chatan loq ali.
xin xuliê¼q ajoq.
jeê¼lik ktij ow ritaq ikox.
kê¼ate kê¼uri letat xoê¼r xubê¼ ij , man kawajtaj , man kawajtaj.
kê¼ojun tzê¼ iê¼pa bê¼ e.
kamul xin pe cheatzuk uxik.
man tajin takin chak unik.
kinchak unik rech katwaê¼ ik.
jas rukê¼ xawil wi chi xkiqup ij wi letiê¼j.
jas ubê¼ ixik â €¦ ?
koqê¼ riakê¼ al.
kawaj na katê¼ etaj.
xatqê¼ ajik.
we mna cha loqê¼ ax iyal , na kimbê¼ eta awukê¼.
xopan lewujaw ukê¼ rumal wechin.
are kê¼ut pale juyubê¼ kkê¼iy joron , chilaê¼ xe kikê¼ amawi rijaê¼ riwinaq.
koqê¼ riakê¼ al.
we kê¼o arajil cha kê¼ amaloq.
are sibê¼ alaj kaq leapoê¼t chuwach len upoê¼t.
xin kê¼astaj pa kabê¼ lajuj kajbê¼ al.
kaqoyê¼ ej na kix pe taj.
kok axim ri chij xa jelaê¼ man kanimajta bê¼ ik.
rikok noj im xbê¼ ek , xuchê¼ ij ox opan paukê¼ isbê¼ alil le anim.
xoj kiê¼kotik aretaq xat ulik.
kaqitzê¼ naj riux ajabê¼ riakê¼ al.
rijesus kwaê¼kat pa rinim rachoch ridyos , chuxeê¼ rijun ja che rachoch risal omon.
wetaq anik riê¼ kubê¼ ij chi rajaw axik kyaê¼ uqê¼ ij riwinaq xuqujeê¼ ktoê¼ an inaqil.
riax ux are na riukunel ri kinaqê¼.
aretaq waê¼ riuqê¼ ij ol wetaq anik.
kê¼o juntabê¼ al pauwiê¼ rix kanul ubê¼ iê¼ lajuj noê¼j.
yuê¼l ubê¼ anom riukolobê¼ rikej.
xanim aj riakê¼ al chiuwach riuchuch.
kkun an ria chi.
kinwaê¼ ik rech na kinyo wajtaj.
ajxik chê¼ ichê¼ ril uê¼s.
kwaj cheix kixbê¼ anowik.
aê¼re xetoê¼w alaq.
xoj ê¼ ekxeê¼q ilal arqasok.
xin loqê¼ junchê¼ ichê¼ , qajinaq uwach.
kutê¼is ripanta lon.
ejan ipale awalkê¼ wa lekê¼olik ?
utz ukemik lepas chawe.
rimax are aj qê¼a niyaê¼.
matabê¼ achiriq kê¼ ax palebê¼ e.
tajin kanimaj , rimeê¼s.
ix ixeê¼la qê¼ omabê¼ !
xsach an chwe.
ekê¼o kê¼ icheê¼, chiuwach rijuyubê¼ .
arewaê¼ rinim alaj pixabê¼ earewaê¼ rinabê¼e.
x retaê¼m aj chi rukê¼ pakê¼ kutij wi
jas utz akik lesubê¼ xuê¼ ano ?
ajxoê¼y riwik an.
we tane aê¼re xetij ow lerikil , are lekomon xetij owik.
sibê¼ alaj aninaq kachê¼ aw leareê¼ chinuwach in.
utz wekinchak uj.
me ê¼s laê¼.
kê¼o kan wa rechkaqat ijo.
xinsikê¼ ij la.
riakê¼ al xsach kanoq jelaê¼ pataqê¼ aj.
xesikê¼ ij la.
jawi xkibê¼ ij wi chikeê¼ ewi ?
rumal che , man ixta riê¼ rikix chê¼ awik , are ri ruxlabê¼ axel riitat riê¼ rik chê¼ awna iw ukê¼ riix.
kê¼ akê¼ri wachoch.
sibê¼ alaj utz kinwil leatzê¼ yaq rech na huala.
saq por kkay rikipoê¼t rin an.
xsach on rinuchak chwe.
waê¼ im xuchapo.
riqê¼ aqê¼ tajin kajul uwik.
najil upam risiw an.
ekê¼o riqach alal pa chi uwiê¼la.
jas xa taq chiê¼j leakê¼ al chutij ik ?
noê¼j im ukemik le pa sawumal.
kê¼o jun kukubê¼ iê¼tintin, waê¼ le laj kukmam kaj eqitaj , kapaqi kax ulik pauwiê¼ uqê¼ abê¼ taq cheê¼, sibê¼ alaj sakê¼ aj , keê¼uto le enimaê¼q , chê¼ut in , rachiê¼l ,aj sip anel sibê¼ alaj utz ranimaê¼.
riu pixabê¼ leqê¼ atbê¼ altzij kiyaê¼ ubê¼ ixik.
nax sachonta chke xeat inik.
xeqil le chikop puwi leja.
xloê¼taj riakê¼ al.
qonojel kuj waê¼ pauwiê¼ rimexa.
xsik irlewaq an.
laxat waê¼ kê¼ut ?
nim ubê¼ aqê¼ ritul ul.
kin xikê¼ikê¼ ik xinqê¼ axik.
lakatbê¼ epale tinamit?
rip al sibê¼ alaj saqê¼ or.
kqê¼ oxownu jalom.
xin naê¼o chikat petik.
xloqê¼ ulewi we chix.
xinchak un rukê¼ri numam.
na xqabê¼ antaj.
kkê¼ojiê¼ bê¼ aê¼ri usipanik riajaw xel jesus kristo rukê¼ riaw ux labê¼ al!
kin chê¼aw rukê¼ le nu nan pale chê¼ awebê¼ al.
sibê¼ alaj qê¼ eq uê¼m rumalri may ul.
are lebax ulik.
xekosle ixoq ibê¼ palebê¼ e.
kê¼ ax rilik leakê¼ al chawe.
xinqê¼ iê¼ oxi nat in pajo ron.
sibê¼ alaj nim le tinamit.
kê¼ ax ukemik le pa sawumal.
x insachik.
tajin ke lukikê¼ el paraqan ritzê¼ iê¼.
xin wetaê¼m aj rilik wi bê¼
riqê¼ uqê¼ are jun jeê¼l chikop.
kê¼o pa jatij obê¼ al riwi kaqê¼.
risach ibê¼ al mak rajw axik chi qaxoê¼l.
jeê¼ ,kimbê¼ ek.
jelaleê¼ rin upwiê¼.
xubê¼ ij che : - jas xabê¼ anot in tin ?
kabê¼ an jun toqê¼ obê¼ kyakri nujal.
katê¼ ekxinta.
jas leukê¼ exbê¼ em ribê¼ le jun rukê¼ lejunchik ?
aj chi uwiê¼mi qê¼ in jaê¼ril uê¼.
ritij onel naj kpewi.
teê¼ kix chobê¼ ubê¼ iê¼ri nutat.
rijaê¼ kamiqê¼ ik chiuwach riqê¼ aqê¼.
ritê¼ uê¼y kpaqê¼ owik.
kinme sonna.
na qajat kê¼owi chiwech.
xinbê¼ isonik taq na xat pet taj.
wexkam riwinaq , ripwaq rech tojbê¼ al makaj kyaê¼ chikech ri ralaxik.
rinu nan xbê¼ epakê¼ aybê¼ al.
xoj ukê¼am uloq rech koj rilo
x kê¼oto chin chikiwach chikin waê¼ aw ukê¼.
na xkikam sajtaj xkikê¼ ambê¼ ichoja.
kê¼akê¼ riikê¼ kamik.
xim bê¼ e rukê¼ le aj kuniwir.
rilik.
letzê¼ iê¼ xekosik.
xin kikota wumal.
rii mul xumaj rianim , xuya kan lekok.
kê¼ooj che riakê¼ al.
xujbê¼ epajun kê¼ul anem.
utz wek wa ralaq.
kaqilo chi na koj ukê¼am taj.
x retaê¼m aj chi rukê¼ pakê¼ kutij wi.
sibê¼ alaj xin kê¼ aê¼ na rik.
xin ko chij rinuwa.
man katkowin tajkat chak unik , weman kê¼ota riajilabê¼ al.
we w onon xubê¼ ij chike : - kixinto.
riala nim krilwi riumam.
xkaê¼y chirij ,xkaê¼y chuwach , ma kê¼ota chi jun ksilobê¼ ik , xoqê¼ ik xuxeê¼j ribê¼ x chê¼opinik xtz alij loq xuriqta chik riubê¼ e.
kê¼op uscheri wa.
pinem na kabê¼ ele watz , kimbê¼ ewi in pa kaê¼yibê¼ al.
ri nan toê¼n nim winaq chik , saquwiê¼ , ronojel aqê¼ abê¼ utz kunaê¼o ka tê¼uyiê¼ pautem , kumiqê¼ isaj ribê¼ choriqê¼ ij , kê¼o junuwiê¼ umam ubê¼ iê¼ ateê¼k.
man ekê¼itaj riqulaê¼.
qê¼ alaj chi na kawaj tajkabê¼ ij
x paqabê¼ isax rajil ronojel rikem.
kê¼o parijul rikumatz.
ronojel qê¼ ij kin chê¼aj lenuw are.
saq chi kan leichaj rechkatz ako.
chuxele qachomal kaqatij wi jun qam eqê¼ in.
chawilaê¼.
ekê¼oj obê¼ umiê¼ al ,rinutat.
jas rukê¼ xawil wi
jeê¼ jas riwinaq rechri uwach ulew , xoqujeê¼ kepe na riê¼ rieê¼ areê¼ che erechri uwach ulew ; jeê¼ jas riwinaq rech rikaj , xoqujeê¼ kepe na riê¼ rieê¼ areê¼ erech rikaj.
x intijo.
ktzê¼ujuw ri rachoch ri poê¼x.
xuqê¼ iê¼o are leukê¼ul el xyaê¼ow uwa.
riawel x retaê¼m aj chi rajaw axik man kuxejta ribê¼ che ritukur.
ju kê¼ulaj winaq xeê¼a nimajbê¼ ik.
jeê¼ ,xin tz alij ik.
xoj petik xol qakê¼ amaê¼.
maj jachin xê¼ ek.
inajtij ; attij oxel.
saq uwiê¼ri tataê¼.
wech rikem.
le roê¼ch le ateê¼k kê¼o chwach leukê¼ ay len unan.
kbê¼ epa risi riê¼a epari sili siê¼a, jawi jeê¼kuya wi ri kichuqê¼ abê¼ rikomon tyox.
pixabê¼ : man utz taj kê¼ ax kujchê¼ aw chikij nikê¼aj qachil.
xkuna taj le ali( kumalri ixoq ibê¼).
rixibê¼ ibê¼ al chi kê¼owi pataq riqakê¼ aslemal ronojel qê¼ ij.
nakuj war ta war al.
on che kkê¼ojiê¼ riutzil chixoê¼l ,arech junam riqakoj onik , junam ri iwech ix rukê¼ri wechin.
paoxqê¼ ij risaê¼n kbê¼ ena rukê¼ri aj kun.
kawinaq wuq ubê¼.
jas kawaj kintij o ?
weta xatbê¼ ew ukê¼ pale tinamit , xa loqê¼ tal aê¼ leu jastaq leakê¼ ajol.
kebê¼ epawaê¼ im.
xinloqê¼ kê¼iwa.
pajunnim kê¼ acheê¼laj , kê¼o jun kê¼ waê¼ sibê¼ alaj saq loloj , nim uwach.
kwaj katij jubê¼ aê¼wa.
ronojel winaq kril na ri ukolonem ridyos â».
x kê¼oto chin chikiwach chikinwaê¼ aw ukê¼
kwaj na katê¼ etaj.
laxa loqê¼ junal ej ?
ekê¼ori eloqê¼ omanel.
riukabê¼ ubê¼ iê¼ri numam are yay.
kin jopij riijaê¼ recht riko.
x naê¼taj chke xeat inik.
xateê¼ qilaê¼.
kakitij alan xax riwinaq.
... kinbê¼ ij chi arewaê¼ sin xiê¼ an.
na xin nabê¼ ejtach utasik qa kê¼olibê¼ al.
rumal rech chewe riin , kin chê¼ aw rukê¼ ridyos pa chê¼ abê¼ al,k chê¼ awna kê¼uriê¼ riwux labê¼ al rukê¼ri dyos ,kê¼ate kê¼ut man kê¼ota upatan riê¼ch rechrinu chomabê¼ al.
xepetik xkilo.
xuta wekatê¼ ek.
utz ukemik lepas chawe.
rinuwakax xutij jun qê¼ oqê¼ rumal riê¼x kamik.
rumal rikê¼ ix , man kewaê¼taj riwinaq.
xeê¼ ulik.
qê¼ eq rij riamaê¼ chij.
xrajkaê¼ e leunan.
junam ki junabê¼.
na qê¼ alaj taj wekaê¼ ek.
riwix nam chê¼aj chê¼oj ri rachoch.
waral man kê¼otaj ajaw al.
nai wi rtax ril lekê¼ amolbê¼ e.
xin pe loq te kê¼uriê¼ xin tzukuj ronojel rinu rajil.
riajtik onel kutik ritzij.
kê¼o ekikê¼ ajol le achij abê¼.
kutij qê¼ ay es riix paê¼ch.
pari waê¼ bê¼ al ekê¼o kawinaq achij abê¼.
si pojinaq rinupam.
kayaê¼ tajik rukê¼utiê¼ onem jun riuriqom leyabê¼ ila molot setsã © xuqujeê¼ are kayaê¼taj pataq rijuyubê¼ .
jachin ria chi ?
rinumam xkamik aretaq kê¼o jumuchê¼ lajuj ujunabê¼.
kinkowinik kinkê¼ ambê¼ il epwaq.
kinwi lo chiutz riaj iê¼.
xinqê¼ il riapoê¼x che man kachak un taj.
kwaê¼ chiuwach letaqê¼ aj riamaê¼ akê¼.
rii mul xe poqê¼ ik pajun ikê¼.
xkê¼is kanoq riqachak.
are rialix oj ilow kanoq.
sibê¼ alaj chê¼ uê¼j riamax.
kê¼on uwachiê¼.
in chaj inel kech leakê¼ alabê¼.
xekos letzê¼ iê¼.
kinbê¼ ena kukê¼ri molaj.
ronojel aqê¼ abê¼ kinyi tzê¼ riw akax.
karapinik xutzukuj chijunaw aj.
le ukemik le pasaninaq (awumal).
maju rajil leqê¼ abê¼ arel.
kê¼ ax riê¼ rikachê¼ awik.
xoj utaq chiê¼j le achich uloqê¼ ikichaj.
sibê¼ alaj kê¼ ax rixkê¼ul maxik.
xkilo china kinkê¼o xomajtaj.
x naê¼taj chkech ixeat inik.
x kê¼oto chin chikiwach chixoj al woê¼qa kukê¼.
jun qê¼ uê¼q rajil rikax laê¼n wa.
xinwi lo chixeê¼ elik.
ekê¼o ixoq ibê¼ palekê¼ aybê¼ al.
man kê¼otaj ukê¼isik rimay abê¼ ajlabê¼ alil.
risin kkê¼iy pataqê¼ aj.
richê¼ im aman kkê¼iy taj pataqê¼ aj.
rajaw axik kjikik riwaq ã ¤n.
kawaj kin ê¼ ek.
ekê¼o oxibê¼ akê¼.
xubê¼ ij chwe jawi at kê¼owi.
chweê¼q kujbê¼ eê¼pam uquj.
pasaq kê¼a jaê¼ kbê¼ anwi riuq.
xojki sikê¼ ij.
xin wil wi bê¼.
chaqê¼ chikriwa.
kimbê¼ ena kapalew oê¼ch.
kawaj kin ê¼ ek.
ri chê¼ uê¼ktij rukê¼ lej.
parikiqê¼ ij kaminaq ibê¼ kbê¼ an qê¼o rikê¼ yaê¼ rech aj : nabê¼ eri nan kutzukuj kan riaj , kujachê¼ oê¼xuquje kukê¼ eto.
jas kajbê¼ al chanim ?
utz uchomanik riali.
pariqê¼ ij ox lajuj tij ax kinkê¼is kebê¼ junabê¼ kinchak un war al.
sibê¼ alaj ko , rikê¼akê¼ chê¼at.
jas karaj kubê¼ ijâ €¦ ?
richê¼ ichê¼ kasilabê¼ ik.
pa ojer qê¼ al pul xaq xuwi rinim winaq kekê¼ amowbê¼ e.
leuk unaxik leukabê¼ ukê¼utunik are rukê¼ eflor nitina on utunibê¼ axik lenifur timox chiê¼le flornitina chech t.b.g.
are ria chi xin chê¼ ayowik.
juna chiubê¼ ik uê¼ xusipaj kebê¼ kê¼ aê¼m ulew rech kabê¼ an ritij obê¼ al , kamik , kê¼o chik ajtij rech rikomon xechpup.
xumal tyoxij che riajtij ronojel le xukê¼ut chiuwach.
pa ribê¼ exkiraq jun alaj im ulsaq rij , xkikê¼ ambê¼ ik.
xril lebê¼ al e ala.
jas kubê¼ ij chwe ?
leu kun atajem are rukê¼utzuk uxik leu chiko pil pajun usolik uxeê¼ lekikê¼ on le jaê¼ rech jun nodo.
utz wenutzê¼ iê¼.
jeê¼ , tajin kachap onik.
kin uloqê¼ oj lenutat.
kawaj kimbê¼ epa tinamit.
arelaê¼ kinchak uj.
rinimaê¼q taq winaq kê¼o ketaê¼m abê¼ al.
weta xatbê¼ ew ukê¼ pale tinamit , xa loqê¼ ta waê¼ we jastaq.
rikikê¼ aslemal. wa iximulew xa jun chima are tatinimit rima
riukê¼ yabê¼ al naj upam.
xatqaj chiupam riil.
nojim kat waê¼ ik.
we kê¼o jun ktuq aê¼rik , â¿la man xoqujeê¼ tajkin tuq aê¼r riin ?
oj ojw okolja.
awas kbê¼ ankê¼ ax che junnim winaq.
xin chê¼aw apan rukê¼le wa nabê¼.
kê¼ ax riupam rijuê¼l.
tajin kewaê¼ri im ul.
lakaj lakuj tz alij la aninaq ?
rumal rech cheri makaj man kê¼ota ukowinem piwiê¼ riix : riix man ix kê¼ota chich uxeê¼ri pixabê¼ ,xane ix kê¼o chuxeê¼ri sipanik.
nim raqan lecheê¼.
xinchapo.
are letuê¼r le loqê¼ omanel.
xas kat kê¼ojiê¼ chiupam richê¼ ichê¼.
sibê¼ alaj nim raqan rikê¼ amalbê¼ e.
letzê¼ ibê¼ abê¼ al wechin.
in xintoê¼ wla.
xa je kê¼uriê¼ riix kamik riê¼ man ix kax lan winaq tachik ; riix , ix rech riki tinimit rietyox laj taq winaq , ix rechri rachoch ridyos.
xinti kox laj kê¼ali chaj.
kaqariq qibê¼ chweê¼q.
sibê¼ alaj utz che riwiê¼ aj rituney.
we na jupulikta xeqaj ik...
xin toê¼ taj che rinuchak.
kê¼ojun chikop ubê¼ iê¼pum.
poqon riik.
xojbê¼ inik.
xuchê¼ ek ronojel le retam anik x paqiê¼k kê¼ ax kwê¼ inik xubê¼ anaj kun.
kel ubê¼ ik pari jud eê¼ aektz alij chiubê¼ i jumulpari galileê¼ a.
xin axibê¼ ij pa bê¼ e.
jeê¼l kê¼ol em chi awachoch.
ronojel ri yaê¼talil paweqê¼ ataj , tzê¼ aqat kiwach ,man ktz aqta kanoq xuqujeê¼ man ktastaj.
xukunaj leyaw abê¼ leajqê¼ ij.
chitat abê¼ ej jas lekimbê¼ ij.
chê¼ an al ria chi.
pabê¼ okoê¼ kachak unwi ritax.
uj kê¼o pauwuq qê¼ ij.
kiê¼riu kabê¼ riaqaj.
kê¼o rach alal pa tzê¼ oloj cheê¼ri peê¼l.
xkilo chi kinkê¼ oxomaj.
riu kisakê¼ utz kyaê¼ ik chi uxeê¼ri ti koê¼n.
aretaq chiê¼ kaqê¼ an puwiê¼ri jukubê¼ , ria chi che xkê¼ojiê¼ riitzel ux labê¼ al rukê¼ , kutach rech riareê¼, arech kkê¼ojiê¼ rukê¼ri areê¼.
na kabê¼ antajta wumal.
x naê¼taj chke xeat inik.
xin paj rinut riko.
xeê¼ok ripokê¼ pari ume xarip oê¼x.
kajuluw ria qê¼ aê¼l chi uxeê¼ri tê¼uê¼y.
awech le ja.
xujbê¼ epa tzurik.
nabê¼ e xatop anik.
riukabê¼ ubê¼ iê¼ri numam are yay.
uwaj xaqu kakê¼ al taq anik (28).
mata kê¼o jun kak anaj kanoq , qonojel kojbê¼ ek.
enimaê¼q le altom abê¼.
nim uwach ri poê¼t.
koj onik pariutzij wa iximulew.
jas xukê¼ ambê¼ il etzê¼ iê¼x awil o ?
xin petik , tat.
ribê¼ elaj uwach.
chitata bê¼ ej jas rikimbê¼ ij.
jeê¼l kunaê¼ riabê¼ ix chiupam riquq ulew.
kinbê¼ isoj uwach le wal.
xutê¼uy ubê¼ aê¼.
nim ria we qeleê¼n xa riqo.
xineê¼ waê¼ oq.
chiê¼ ke war wi leakê¼ alabê¼.
rinumiê¼ al xutaq loq jun taq oê¼m wuj chiwe.
qê¼ eê¼lik , richajpa ribê¼e.
lautz awach ?-utz maltyox ,ekê¼u riat ? â €“ utz mal tyox.
xin kos rumal nuchak.
kbê¼ e kukê¼ri eê¼ areê¼ ektz alij parinas are tekeê¼ unimaj.
rijoj xukê¼ ambê¼ ik riakê¼.
kê¼o chi wachiê¼l chanim.
kubê¼ ij chech naê¼l kabê¼ an che riatzê¼ ibê¼.
e... in kawaj katzj ojbê¼ il ach we.
mataxin yaj le ali.
jachin rukê¼ katbê¼ ewi ?
kê¼o sibê¼ alaj etaê¼m abê¼ al pari mayabê¼ noê¼j ibê¼ al.
e man xo rijupuq kej.
kasum um rikaq iqê¼.
ekê¼o kajibê¼ akê¼ alabê¼ palebê¼ e.
jeê¼ jas riutat kkaê¼y ik.
xaqat molon eltzij tal.
le nutat kaloqê¼ on chwe.
xaq tane kimbê¼ e iwukê¼.
x retaê¼ma juchê¼ ajik.
rumal laê¼ xkoj â €œ xal qê¼at â € che ubê¼ iê¼ rikomon.
are le ukemik pasx retaê¼m aj.
riwa tiê¼t kubê¼ an na riupatan.
kê¼akê¼ lepoê¼t.
retaê¼m uwach jachin xloqê¼ ow ripas.
kenchê¼ abê¼ ej leakê¼ alabê¼.
yaê¼tal chaqe qonojel riuj winaq utz kaq il qibê¼.
xkot iê¼paqê¼ ayes xoqê¼ ik.
kawinaq bê¼ elejebê¼ qê¼ataj.
ekê¼o kajibê¼ ral rii mul , jun saq , jun qê¼ an , jun qê¼ eq , jun qê¼ eqoj , sibê¼ alaj ketzê¼ anik , kechê¼ opinik rialaj taqimul.
kcholol riachach al.
ketekik riikê¼.
xe petik rech kewaê¼ iw ukê¼.
tz atz riuqê¼ an il riakê¼.
xojtz alij ik xi xeê¼qa qê¼at uj kukê¼ le itatinan.
riyoê¼x taqakê¼ alabê¼ kekikê¼ux riatzê¼ yaq.
wea chiwe xusipaj jun poê¼t chwe xkamik.
kkowin rikun anel che kun anik.
xji qê¼ pari polow.
xa rumal sibê¼ alaj rajaw axik leloqê¼ alaj jaê¼ , lewinaq xkibê¼ ij : che weikê¼ riê¼ qonojel kujbê¼ e cheutikik taq cheê¼.
riun ane rierach alal kepe uloq rukê¼ riareê¼, kê¼ate kê¼uriê¼ ,man kekowin taj keqibê¼ ukoq rukê¼ , rumal rech che ekê¼o sibê¼ alaj winaq.
rumal rech , che man kê¼ota jun kkowin che ukojik juntik ibê¼ alil chik chuwach rikojom chik che are rijesus kristo.
te kê¼uriê¼ xutzê¼ ibê¼ aj ribê¼ parinimal ajtij obê¼ alrechajk uê¼n.
kajuluw richê¼ umil chaqê¼ abê¼.
kê¼ isbê¼ al kanoq , xoqujeê¼k kam riixoq.
lealaxok ik.
kê¼o pwaq pauwiê¼ rimexa.
are kawaj na kin ê¼ etaj.
riyawal kukoj riali chiuxeê¼ri cha kach are usuê¼t.
na kaqakê¼ am tuê¼ bê¼ ik amik.
riajtij kubê¼ ij chike : rajaw axik ke qachaj ij riawaj , are uti koê¼n riajaw.
xin tij mukun iwir.
kê¼ ax leuwiê¼ taq lenuqê¼ abê¼.
xin loqê¼ jun il bê¼ al wi bê¼.
waê¼ we qê¼ ij , nim ubê¼ antajik.
riuxeê¼ al riqa tinamit man kasach taj.
xojbê¼ inik.
riach alal junam kiwach.
xin wetaê¼m aj rilik wi bê¼.
nim riu naê¼oj wajtij.
miqê¼ in rikê¼ul.
ajqê¼ ojom riateê¼k.
che le sanik cheê¼ kbê¼ anwi riqê¼ ojom.
kape le awel pa na waljaê¼.
rimeson eltajink chak unik.
utz chaqe kaqatoê¼q ibê¼ , taq kê¼o kê¼ ax kê¼olil , kate we chiê¼n riajaw paqawiê¼.
xawi lo , x qê¼atan le ibê¼ oy.
xat kowinik xabê¼ ano.
kiê¼rikê¼ awex.
kajil il ribê¼e.
lealixel bê¼ ik.
areê¼x raj xinbê¼ ano.
nim we abê¼ aj.
jeê¼likut iê¼jolal risaq koê¼r.
nojinaq rikej.
wekatij an xux man katutoê¼ ta chiuqê¼ atixikle kê¼akê¼ yabê¼ il cor ona virus (2019- ncov).
na nim ta raqan waê¼ we cheê¼.
utz alaj ajchak , riwel.
â¿jam paê¼ kujbê¼ epanimaqê¼ ij ?
rajaw axik tane laê¼kat chak unwukê¼.
xutaq chiê¼j pa waram pulew.
man areta riaxw anxelik.
riawix xuloqê¼ rachochre nimal.
are riixoq xinsikê¼ in uloq.
richê¼ im akê¼ atê¼onna.
laxibê¼ anleichak ?
kê¼i tinamit ekê¼o pachê¼ oê¼j.
kê¼o jupuq chij chi uxeê¼ri cheê¼.
riu xaq riabê¼ ix are uwa rikej.
kawinaq qê¼ataj.
lak ix pe patij obê¼ al ?
we kechaj ix taq lekê¼ wa jacha kinbê¼ ij ; jun alik kê¼o jaê¼ xuqujeê¼ sibê¼ alajsaq loloj.
xretaê¼m aj.
rialabê¼ om rialitom abê¼ tajin kikitij oj kibê¼ rech sutaq ,are kakaj kikibê¼ an nimaqa chijabê¼ chupam rikikê¼ aslemal , xuquje kê¼o chik jupuqbê¼ ixonel chupam rikomon.
latzê¼ uwach ribê¼e.
kê¼akê¼ riachê¼ ichê¼.
qonojel uj , uj may abê¼ taq winaq.
nojel qê¼ ij ria tiê¼ xkuy uqê¼ uj letaqaw aj jelaê¼ pa nikê¼aj jaê¼ , chirij rijuyubê¼ ubê¼ iê¼te naê¼.
paqê¼ om chikri siê¼.
kintzuk un chela.
kakitij le kinaqê¼ , leichaj , leuwaê¼lik rukê¼ lej.
xe kanaj kan leajchak ibê¼.
ketik on ria chijabê¼.
sibê¼ alaj itzel ubê¼ antajik richê¼ il akan.
riateê¼k xumalty oxij cheri ratiê¼t , rumal riutz alaj noê¼j ibê¼ al xukê¼ut chech.
kkam ulix uchak riabê¼ ix.
la xinutzukuj letij oxel ?
areê¼ kachak un ronojel qê¼ ij.
le ekê¼ aê¼ na taq tzê¼ iê¼.
saqrij riplamux.
jas xa qê¼ iê¼o xat ijo.
jas rukê¼ xkichapwi utij iklerikil ?
we katatin rukê¼kê¼ atan jaê¼ man kuqê¼ atej tal ekê¼a kê¼ yabê¼ il cor ona virus.
la katbê¼ in paleux lan bê¼ al ?
lawa ralkê¼ uxix waê¼ wi ?
are le nutatkin loqê¼ onik.
tajin kchak un riala.
kê¼ori kiê¼kotem alaw ukê¼.
xuta jachinkaê¼ ek.
xat waê¼ ik xinwi lo.
xtzaq ri rachoch rumal rijabê¼.
pale junikê¼ chik are nimaqê¼ ij.
ekebê¼ ã ¤m kebê¼ in pauwiê¼ ritem.
memri achi.
riwi kan chaliê¼y kel pajuyubê¼ chwi tzi ribê¼ al.
lerajil ,lapaj axelaqê¼ ax wuê¼ bê¼ ik ?
pa risuê¼t p isom wi rilej.
koj petik kolqakê¼ amaê¼.
tajin kat chê¼opin chiuwach ritaqê¼ aj.
leqê¼ or xchê¼ uqik.
kê¼ ax waê¼ im awumal.
kinbê¼ ison che lewal.
sibê¼ alaj kê¼okê¼ riawatzê¼ yaq.
kamik xujbê¼ e cheutikik taq cheê¼pa rijuyubê¼ .
kin uloqê¼ oj lenutat.
chaqiê¼j chik richaj.
xyilix hawayi.
nax naê¼taj ta chke chixe atinik.
rukê¼ kê¼uwaê¼ we riê¼, riix kkê¼ojiê¼ junutz alaj ikê¼ aslemal riê¼ch kiwach riwinaq cheman ekê¼ota iw ukê¼ , kê¼ate kê¼uriê¼ man kê¼ota jun winaq riê¼ rajaw axik chiwech.
e petinaq pa bê¼ ele rach alaxik.
kakaj leakê¼ alabê¼ kewaê¼ ik.
xuj chê¼ aybê¼ ik.
rinuchak are qê¼ axel tzij.
kê¼o naru xlabê¼ riawaj.
tajin kel loq , riqê¼ ij.
xuqê¼ iê¼o xkam sax ri rach alal choch.
rinumam are kê¼o uqê¼ inomal.
xkê¼ul mataj jumul ,xubê¼ an junnim alaj jabê¼ , man xbê¼ ey etajta na xukê¼is leuyuqê¼ chike.
amaê¼ rinutzê¼ iê¼.
jewaê¼kat petik.
xin kosik rumal xinchak unik
iwech chijujunal , riwa.
xuqê¼ iê¼o na xatat in taj.
in riq tajinaq parikê¼ ayibê¼ al.
nawetaê¼m taj.
kê¼ ax lenuqê¼ abê¼.
utz le xubê¼ ijleachi.
kematzê¼ ibê¼.
kê¼o rach alal pa tzê¼ oloj cheê¼ri peê¼l.
ronojel waê¼ we jastaq riê¼, xas ksach wi uwach waê¼; rukê¼ we riê¼, riix , rajaw axik che kê¼o jun tyox laj ikê¼ aslemal e kkê¼ojiê¼ riichê¼ awem rukê¼ ridyos ,
xmuqtaj ripatzê¼ an.
richê¼ ichê¼ tzij om kanoq pariukê¼ olbê¼ al.
man kê¼ota ucholaj pataq riawuj.
ja chike ikê¼ le unimaqê¼ ij le tinamit na wal jaê¼ ?
xe petik xol kikê¼ amaê¼.
kachuqê¼ chutri jaê¼ chiapam.
xinbê¼ ij iw ir chi xebê¼ epa armita.
areê¼ uxeê¼oj ertzij wa ralkê¼ icheê¼ ubê¼ iê¼.
xkê¼is rinusiê¼.
jawi xkibê¼ ij wi chikeê¼ ewi ?
â ¡ xa je kê¼uriê¼ , jachintaq riekê¼o pari jud eê¼ a, chi chanim cheê¼ anima jubê¼ ipataq rijuyubê¼ ,
kê¼akê¼ riabê¼.
la kê¼ojun na kakê¼ oxomaj taj ?
na utz tal eutê¼ isom le al mariy.
man yaê¼tal taj chiawe katok paja.
jeê¼ ,xat utzukuj.
are kelwaj xaq ibê¼ uqê¼ ij rixkê¼oj ik.
rixun kur kkê¼ojiê¼ pataq ritriko.
x insachik.
xutê¼uy ubê¼ aê¼
nan utom tal etzij â €¦
wa chê¼om rikiwari noê¼s.
ekê¼ojo bê¼ chê¼ il wakê¼.
rajaw ixik chi pataq ritij obê¼ al ,pa nikê¼aj ubê¼ ixik chik
rirajaw rulew are ê¼tatkel.
wekê¼ uxokik , wekê¼ na xokta
we achi xusipaj jun pê¼ot chwe.
atat utaq oê¼n leqê¼ ataltzij.
na qê¼ anta uwach leqaprut.
rixaê¼r kê¼o pauwiê¼ riqê¼ aqê¼k poqê¼o wik.
riroqê¼ ej riali jachak pe junakê¼ al.
kê¼ojun alapatij obê¼ al.
sã ¤quwiê¼ ritataê¼.
riwitzi kê¼ tajink pe loq.
jawi xsach onwi kanuyaê¼ ik le pwaq che.
utz wea chiwexin kun anik.
qonojel kuj waê¼ pauwiê¼ rimexa.
rikax laê¼nik man poqontaj.
in xinbê¼ e rukê¼ri wachiê¼l.
sibê¼ alaj jeê¼l xkilo xekitzoq op ij rikichij chilaê¼.
kinbê¼ inik xin ê¼ ek.
kê¼ ax kê¼olik ,kachaê¼.
kutij ixim riakê¼.
rialix chel , xuqê¼ iê¼o xa jun akê¼ xsipax che.
xqasikê¼ ij le ixoq chutz akik subê¼.
mat ax abê¼ insaj lechê¼ ichê¼.
ripix tzê¼ ar alik rumal rieqaê¼n.
â¿jam paê¼kel chi 3%
kê¼ojun nu kê¼otoj chiê¼aj.
tajin kewaê¼kat rialabê¼ om.
xin loqê¼ lenukê¼ akê¼ apoê¼t.
na utz akikta subê¼ tajinkuê¼ ano
xoj utaq chiê¼ ij xoj waê¼ ik.
iwech riabê¼ ix.
saqrij ri chij.
ajsik che ritinamit kel wi ritataê¼.
-â ¡ ay! xa xintzaq uloq ,kê¼ ax we waq an.
xkê¼ul mataj pajun komon chiê¼ uwach jun juyubê¼ , xuriqa jun qê¼ ij xkiriq kibê¼ junimul rukê¼ lekok.
jas xa taq chiê¼j leakê¼ al chutij ik ?
xin chapo sux uloqê¼ o.
qê¼ inom ria chi.
rikê¼um ktij ow rukê¼ kabê¼.
tajin kejachê¼ anik.
tze bê¼ al ukemik le pa sawumal.
are kayoê¼w le uchiko pil leubê¼ antajik try pa no somab rucei.
wekatnim anik utz kelik.
pero noê¼j imal petnaq loq,.
are lenuchak jun tzuq bê¼ al wi bê¼.
xkun ax leyaw abê¼ rumal leajqê¼ ij.
riukê¼ uê¼x tzê¼ ibê¼ paqatzij e lajuj.
sibê¼ alaj jeê¼lik rieqabê¼ al xubê¼ an ril uê¼s.
sibê¼ alaj atkon.
e man xo rijupuq kej.
nax naê¼taj tach kexeat inik.
rikê¼ amalbê¼ ex ubê¼ ij chike , chimaja rianim.
jumuchê¼ rinu junabê¼.
qê¼ iptajinaq ri raqan ritem.
kchak un rukê¼ rijosbê¼ al cheê¼ riaj anel.
xa taq chiê¼j leakê¼ al chutij ik kar.
oj kê¼o pale roê¼ch le awel.
â¿lakat peq ukê¼ chweê¼q ?
lewinaq palechê¼ ichê¼ e tê¼uyul lowi.
xka naj kanoq chi uxeê¼ri jabê¼ richê¼ aê¼n.
nim rija.
weta xak unaj le atat mat ax kamlaê¼.
na nukê¼ amom tuê¼ la riê¼.
chqa nukê¼ uê¼ riqatzij.
kimbê¼ epale tinamit.
xinqê¼ iê¼o na xinat in taj.
rajaw axik kakê¼a man chawe leutij iklelej.
kê¼ isbê¼ al taq noê¼j ibê¼ al.
