x ine ʼ wa ʼ oq .
x kibʼan kʼaxche leu wo saq r umal man utz tachi kakayik .
riq ʼut u ʼm man kech ta le akʼala bʼ .
are na nim tal eatz ʼi ʼ chu wach le nu tz ʼi ʼ .
xep etik xol kila ʼ .
¿jawchi ʼ xata ʼ chex kam ri u mamripo ʼx ?
e kebʼ kekʼam bʼik p at uj .
x in loq ʼ junja pari w okaj ja .
ria x tu ʼbʼ , kʼo qulaj chech .
jas karaj kaʼan chu tzakik le ti ʼij .
xu tij lewa.
x im bʼal re tzij .
x pa x ri bʼo ʼj .
we kawaj katin to ʼo xaqxu wi kabʼij chiwe.
jas nu kʼu kuch ʼobʼo .
jas karaj ku tijo ?
xex r uxla bʼ ri rik il .
en itz ʼa ʼ q le taq imul .
we tane in x in bʼanow ik , are le ate ʼ k x bʼanowik .
kin tzalij pa le nu tin amit .
ri nu chaq ʼ kʼopa u ro ʼ q ʼatoj tijonik pari tijobʼal .
x in x i ʼj wi bʼ x in ch ʼawik .
kʼo ch wa ro ʼch le p are .
chi raqan kabʼin wiri tata ʼ .
xsach on kanu ya ʼik le p waq chechoja .
x in q ʼax chi kixo ʼl ri win aq .
ketikonik .
ri u lew man qech taj , kech ri qati ʼt q amam .
xepe le win aqx ol kikʼama ʼ .
xu loq ʼri w uj r umal ri ali.
chewe q ʼij kamik kʼo jun nu tzijonem chirij le nu tin amit .
kej ri ʼ .
x kunan alaq ch we .
kin u sikʼij le nunan.
ri i mul xu ch ʼij taj , x kanaj pa bʼe, r umal ri nimal kuja luj ri i mul , xu tzaqri anim .
kubʼan ri u xoq ʼo ʼl ri ajtz ʼaq .
ri la sibʼalaj utz che kuna bʼal .
kʼi kiwach rie ʼ ajchakibʼ pari komonty ox , kʼate kʼut xa jun chi ajaw xel ;
x qata chix atu lik .
kawaj chi kat ʼek .
ch ʼuti ʼn kekanaj ri xa ja bʼ chech .
kaqa xi ʼj qibʼ kaqachapo .
e kʼokebʼu kʼajol le tat xwan .
lu ʼ su bʼi ʼ ri rech am .
aj chi u wi ʼ mi q ʼinja ʼri lu ʼ .
x in ya kan le nu chi mpa kʼay bʼal .
kʼatex ri lo, xpe riunan che utzukuxik , x kikotik , xu sala bʼisaj ri taqux kin .
x kikʼut chi u wach ri ajtij xuquje ʼ chi kiwach ri taqni kʼaj kach il .
utz le nu q ʼabʼ .
kul le al we ʼl pa a ustin chaq ʼabʼ kamik .
ri ate ʼ k x tzaq loq arechi kʼopa u wi ʼ riq ʼa ʼm .
aj patan ri te ʼ k .
xatqaj chiupam ri il .
la kʼo tzij na kikʼoxomaj taj ?
x sachon chkechi xe atin ik .
ro nojel leu lewech alaq .
la xebʼe kʼulaxe ʼ kijaqa kʼule uchi ʼ ja ?
xaq kat ch ʼok naj iwir .
kamik kʼo chiri jas taq a we .
arechi ʼ kakʼis ri juna bʼ kʼo q ʼinom .
pa nawal ja ʼ x in alex ik .
na xin tataj we are ri akʼal kix tzuqu wik .
¡ ru lewri sabʼul on eru lew r ineftali, u bʼeri polo w , ru lewri jo rdan, galile ʼ a kech ri je taq amaq ʼ !
rax , rax , rax , kʼo k ʼ, kʼokʼ , kʼokʼ le r uxla bʼ le taq tiko ʼn .
ach ix at wilo .
paqal rajil le p ix kamik .
xoj bʼinik .
pa junje ʼl tijobʼal ku tijoj ri bʼ jun akʼal , u bʼi ʼpo ʼx , utz ku ri lok e pa tijobʼal ro nojel taq q ʼij .
x waj chix at ʼetaj .
utz la ʼle xu bʼij le achi .
weta ʼam jachin kap etik .
kin q ʼojoman ik .
x in q ʼi ʼ o takʼalik x in p etik .
are ʼ reta ʼm che kinopan ik .
aretabʼal eqa q ajawch at to ʼwik .
kawin aq waqibʼ q ʼataj .
na qaj chik cheri u waq kaj bʼal aretaq chi ʼ k sach u wach riq ʼij , kok riq ʼeq u ʼm chu wachu lew, chi kʼate ʼ nari bʼelejebʼ kaj bʼal .
jobʼ raqan ri tz ʼalam xe poroxik .
sibʼalaj ko ri j ri mop.
arewa ʼ .
jela ʼ pari ti minit ch wi kaby ok rech xelaju ʼ, le qana nqatat kakitikoj e ʼ lalaj taqu wach ichaj .
kʼax nuqul .
xu ʼl u kʼama ʼ .
koj u l kitzukuj .
are man kʼax ta u kunaxik aretaq anin aqka ʼilitaj we ya bʼil al xuquje ʼ mojo ʼ qa kuya ʼle kʼax kʼol il chech le jolomaj .
ri wel kʼopa tijonik .
kawaj kin bʼij .
ri kotz ʼi ʼj k qa koj chiupam ri ja .
q ʼeq q ʼoj ri j ri ama ʼkej .
na x waj taj x in ch ʼawik .
ch peta bʼal e loq ʼalaj ja bʼ .
x sachon chke x at kisikʼij .
e leq ʼal ch ʼich ʼ .
jachin xa wi lochi arex tijow ri ti ʼj ?
mata kabʼe le nu x bʼal pa le tin amit .
pim ru q , ri ali.
¿ kʼori m uq ʼechi awech ?
k qabʼij man kekowin taj .
kin tij na.
kʼo jun q atʼu ʼ y pa ja !
kʼop uj chiupam ri ch ʼa ʼ k .
aretaq kin kosik kin warik .
xatwa ʼik x in wilo
in x in ch ʼayow le achi .
konojel ri ala xik keʼetz ʼanik .
jas ru kʼ x kitij wi le kirik il ?
anin aqil kat p etik .
na rax ta u wach le juyu bʼ .
ri tz ʼalam tz ʼibʼabʼal rax k kayik .
we ch at chakunik , kʼo awa.
ma ʼtam x at pe cheri wa ʼim .
kamul kin wa ʼ na.
ri sikil k tijow ru kʼik .
kimbʼeaq ʼan ru kʼ le alta lin .
x oj ʼek xe ʼ qila larqas ok .
xe kiq ʼil le ajchakibʼ x kiwok le ja .
ma tane x waj le kʼu hj nem ru kʼ le ate ʼ k .
are xe ʼopan chiuchi ʼ ri juyu bʼ , x kilo chiman qas tak ʼoq ʼayes .
kʼate kʼut , ri jesus man k kojon tach kech rie ʼ are ʼ, r umal rech che konojel reta ʼm kiwach ,
pa ʼ tz ri j ri tz ʼi ʼ .
juwin aq waqibʼ q ʼataj .
a te laq ʼom .
xaq atjo ʼ s .
riq ʼatzu, are q ʼalaj ri uq ʼij il .
ajchak we ala.
u bʼeleju kakʼal taqanik (29) .
kebʼ nu bʼi ʼ kʼolik .
la katzalij lu ʼla anin aq ?
katzukun la chwe .
la kaj la koj bʼe ʼ pa le chomal chwe ʼ q ?
x in na bʼej chutasik qa kʼolibʼal .
lal x in to ʼ w ik .
sibʼalaj a no ʼjibʼal .
xoj p etik xol q akʼama ʼ .
sibʼalaj je ʼ lik ri u wa ʼl ri ichaj .
kʼax wij r umal in pacha lik .
aretaq xu kʼulmaj wa ʼ xu l ri u chomanik xu bʼij : are utz wa aq ʼabʼ kin walij ik, are cha ʼ chanim kin opan pa tijobʼal , maj chikin kʼulmaj .
ojaj xojo lo bʼ pa awasq ʼij .
x in sach che leu wokik le tzij .
e julajuj ri ak ʼ .
xuta jampa ʼ koj ʼek .
qilik .
ri tijoxel man areta nim chu wach ri rajtij . ri utz tijoxel qas jeri ʼ kʼolik jas ri rajtij .
in xa tin ch ʼayo .
no ʼjim chak w umal .
ch ʼur ri jo ch ʼ .
inkin bʼij na kat sach taj .
uj maya bʼ .
ri abʼaj ya tzalik .
tajin kepix bʼax ri akʼala bʼ .
chom ri aq .
x in warik .
e le men konojel ri akʼala bʼ .
tajin k q ʼa narik ri we re ʼaj .
leu kemik le pas utz ( chawe ).
xuyu pubʼa u wach ra ʼ chi, kacha ʼ, .
ri satanas kok pari judas ri kbʼix is kari ʼo tech rech , ri are ʼ junch kixo ʼl rie kabʼ lajuj .
chu chu ri par.
kin qumuj ri nu joch ʼ .
chech punción lumbar amaq ʼel rajawa xik chech ri lik leu kʼex bʼem wi lena bʼe ru kʼ leu kabʼ u kʼutunem leya bʼil al .
q ʼalaj china kawaj taj kabʼij .
kʼo q ʼol chirij ri si ʼ .
jawi xoj ʼewich u loq ʼik ?
kʼou loch ʼri tal in .
q ʼan ri j ri ati ʼt nu kej .
la x tzalij la iwir ?
xe sikʼixik , kʼate kʼu ri ʼ xeyaj ik, xuquje ʼ xe taqbʼiche u sikʼikle mes .
la kix warik ?
are kʼu lepa lo maxxu bʼij che :-mam kat bʼison taj , kin sikʼij ni kʼaj wachi ʼl kerapa p ik .
a ʼ ree tijoxela bʼ .
ri alaj alis i ʼl xu bʼij x qachappa utzal ri ty ox .
x sachon chke jachin xe atin ik .
jas xu rayij le anan xu tijo ?
x in kosik .
rax ro nojel riq ʼayes r umal leja bʼ .
kinya wa ʼwech ʼich ʼ pinem na utz .
no ʼj imu pach ʼuxik le nu wi ʼ .
naj kʼowi le wo ʼch ch u wach le tijobʼal .
ri okibʼal kʼochi u wach ri saq ja .
xe nu taqch ʼij ke kil le akʼala bʼ .
kʼo jun q ʼoxowem chiwe.
tzari cho ʼm .
we choj bʼepa le nimaq ʼij , keqil le ajxo jo lobʼ .
x oj ʼek xe ʼ qila larqas ok .
ri ate ʼ k xuta ʼ chech rinanto ʼn :- nan jas che ʼ chiman kajtalaq akʼatisaj ri jo ʼq .
rip al sibʼalaj xu ʼ y .
kin koj ri jokbʼal u lew .
inkin bʼij na kat sach taj
at raj kun le nunan.
ku qamu ju joron ri aj tzij .
lu ʼ tz ʼalam u bʼi ʼ ri achi kel pa nim che ʼ .
je ʼ lik uti ʼjol al ri saq koʼ r .
kʼo jun xa ʼr pa ja .
x in loq ʼjun kʼakʼ p atan .
kʼax u kemik le p asaw umal .
anin aqu kemik le p asaw umal
rich ʼa ʼn sachin aq pa taqa bʼ ix .
rax taqle kotz ʼi ʼj .
mesom kanoq ri upam ja.
man areta ralax kosik .
ri komon xe chpuprech uq ʼabʼ tin amit xo ʼlabʼaj rech q ʼu markaj .
la u tzakik kʼu su bʼ tajin kuʼano ?
katela !
na xu tij taj .
xar umal keta ʼm konojel ri win aq k kiqu muj le ja ʼ .
iwir xuj tzalij lapa kʼay bʼal .
qeta ʼm cheri qawaku ju to ʼo .
ri ajtij , kya jon chikech ri akʼala bʼ .
jas u bʼanom le nu ch ʼuti tat ?
chwe ʼ q kin bʼepa nim tin amit .
utz we kiweta ʼmaj jas kubʼij ri chol bʼal q ʼij .
tajin kat ji low che uq ʼoxom jolom aj .
x intik q ʼax chi u wach rij a.
kʼax le kibʼe le win aq .
loq ʼ kat kun taj che le ya bʼil (covid- 19).
ri nu xibʼal kelpa qaj bʼal q ʼij .
x ril ri axwan chix wa ʼ ri ala.
le alix kuna taj ik .
weta kap elejabʼ kamik .
x in weta ʼmaj china xatpe taj .
rip waqrech we q ʼataj ri ʼ kesax chech ri toj bʼal kʼayin em .
k tij ri u wa ʼlik r umal ri kinimaq ʼij .
xu chapu kunaxik .
chatan loq ali.
x in xu li ʼ qaj oq .
je ʼ lik k tijo w ri taqikox .
kʼate kʼu ri le tat xo ʼ r xu bʼij , man kawaj taj , man kawaj taj .
kʼo jun tz ʼi ʼ pa bʼe .
kamul x inpe che atzukuxik .
man tajin tak in chakunik .
kin chakunik rech kat wa ʼik .
jas ru kʼ x awil wichi x kiqupij wi le ti ʼj .
jas u bʼixik … ?
koq ʼri akʼal .
kawaj na kat ʼetaj .
xatq ʼaj ik .
we m na cha loq ʼaxiyal , na kim bʼe taaw u kʼ .
xopan lew uj awu kʼ r umal wech in .
are kʼut pa le juyu bʼ k kʼiy joron, chila ʼ xe kikʼam awiri ja ʼri win aq .
koq ʼri akʼal .
we kʼoa rajil cha kʼama loq .
are sibʼalaj kaq leapo ʼt chu wach le nu po ʼt .
x in kʼas taj paka bʼ lajuj kaj bʼal .
kaqoy ʼej na kix p etaj .
kokax im ri chi j xa jela ʼman kanimaj ta bʼik .
ri kok nojim x bʼek , xu ch ʼijo xopanpa u kʼisbʼal il lea nim .
x oj kiʼkotik aretaq xatulik .
kaqitz ʼ naj ri u xa ja bʼri akʼal .
ri jesusk wa ʼkat pari nim rachoch ridy os, chu xe ʼ ri jun jache rachoch ri salom on .
we taqanik ri ʼ kubʼij chi rajawa xik kya ʼuq ʼij ri win aq xuquje ʼ k to ʼanin aqil .
ria xu x are nari u kun el rik in aq ʼ .
aretaq wa ʼ ri uq ʼijol we taqanik .
kʼo jun ta bʼal pa u wi ʼ rix kanul u bʼi ʼ lajuj no ʼj .
yu ʼl u bʼanom ri u kolo bʼri kej .
xa nimaj ri akʼal chiu wach ri u chu ch .
k kunan ri achi.
kin wa ʼik rech na kin yowaj taj .
aj xik ch ʼich ʼri lu ʼ s .
k waj che ix kix bʼanow ik .
a ʼ rex eto ʼwalaq .
x oj ʼek xe ʼ qila larqas ok .
x in loq ʼ junch ʼich ʼ, qajin aqu wach .
ku tʼis ri panta lon .
e janipa le awal kʼwa le kʼolik ?
utzukem ik le pas chawe.
ri max are aj q ʼan iya ʼ .
matabʼa chiriq kʼaxpa le bʼe .
tajin kanimaj , ri me ʼ s .
ix ixe ʼ laq ʼomabʼ !
xsachan chwe.
e kʼokʼiche ʼ, chi u wach ri juyu bʼ .
arewa ʼri nimalaj p ixa bʼe arewa ʼri na bʼe .
x reta ʼmaj chiru kʼ p akʼ ku tij wi
jas u tzakik le su bʼ xu ʼ a no ?
ajxo ʼ y ri wi kan .
we tanea ʼ rex etijow le ri kil , are le komon xe tijowik .
sibʼalaj anin aq kach ʼaw le are ʼ chi nu wach in .
utz we kin chakuj .
me ʼ sla ʼ .
kʼokan wa rech kaqatijo .
x in sikʼij la.
ri akʼal xsach kanoq jela ʼpa taq ʼaj .
xe sikʼij la.
jawix kibʼij wichike ʼe wi?
r umal che, man ix ta ri ʼ ri kixch ʼawik, are ri ruxla bʼa xel ri i tat ri ʼ rik ch ʼaw na iw u kʼri ix .
kʼakʼ ri wachoch .
sibʼalaj utz kin wil le atz ʼyaq rech nahuala.
saq por k kay ri kip o ʼ trinan .
x sachon ri nu chak chwe.
wa ʼim xu chapo .
riq ʼaq ʼ tajin kajulu wik .
najil upam ri siwan .
e kʼo riq achal al pachi u wi ʼ la.
jas xa taq chi ʼj le akʼal chu tijik ?
no ʼ jimu kemik le p asaw umal .
kʼo jun ku ku bʼi ʼ tin tin , wa ʼ le laj kukmam kaj eqitaj , kapaqi kaxulik pa u wi ʼ uq ʼabʼ taq che ʼ , sibʼalaj sakʼaj , keʼuto lee nima ʼq , ch ʼutin, rachi ʼl , aj sipanel sibʼalaj utz ranima ʼ .
ri u p ixa bʼ leq ʼatbʼal tzij kiya ʼu bʼixik .
na xsach on tachke xe atin ik .
xeq il le chi kopp uwi le ja .
x lo ʼ taj ri akʼal .
qo nojel kuj wa ʼpa u wi ʼ ri me xa .
xsik ir le waqan .
la x at wa ʼ kʼut ?
nim u bʼaq ʼri tulul .
kin x ikʼik ʼik x in q ʼaxik .
la kat bʼepa le tin amit ?
rip al sibʼalaj saq ʼo r .
k q ʼoxow nu jalom .
x in na ʼochi kat p etik .
x loq ʼu lewiwech ix .
x inchakun ru kʼri numam .
na x qabʼan taj .
k kʼoji ʼ bʼa ʼri u sipanik ri ajaw xel jesusk ri sto ru kʼri aw uxla bʼal !
kin ch ʼaw ru kʼ le nunanpa lech ʼawebʼal .
sibʼalaj q ʼeq u ʼm r umal ri mayul .
are leba xu lik .
xekos le ix oqibʼ pa le bʼe .
kʼax ri lik le akʼal chawe.
x in q ʼi ʼ ox ina tin pa joron .
sibʼalaj nim le tin amit .
kʼax u kemik le p asaw umal .
x in sachik .
tajin kel u kikʼel pa raqan ri tz ʼi ʼ .
x inweta ʼmaj ri lik wi bʼ
riq ʼuq ʼ are jun je ʼl chiko p.
kʼopa ja tijobʼal ri wi kaq ʼ .
ri sachibʼal makraj wa xik chi qaxo ʼl .
je ʼ, kim bʼek .
jela le ʼ ri nu p wi ʼ .
xu bʼij che: - jas x abʼano tin tin ?
kabʼanjun toq ʼobʼ kyakri nuj al .
kat ʼek x in ta.
jas leu kʼex bʼem ri bʼ le jun ru kʼ le jun chik ?
aj chi u wi ʼ mi q ʼinja ʼri lu ʼ .
ri tijonel naj k p ewi.
te ʼ kix cho bʼ u bʼi ʼ ri nu tat .
ri ja ʼ kamiq ʼik chi u wach riq ʼaq ʼ .
ri tʼu ʼ y k paq ʼowik .
kin meson na.
naq aj at kʼowichi wech .
x in bʼisonik taqna xatp et taj .
we x kam ri win aq, rip waqrech toj bʼal makaj kya ʼchikech ri rala xik .
ri nunan x bʼepa kʼay bʼal .
xoj u kʼamu loq rech koj ri lo
x kʼoto chin chikiwach chikin wa ʼaw u kʼ .
na x kikamsaj taj x kikʼam bʼi choja.
kʼakʼ ri ikʼ kamik .
x im bʼe ru kʼ leaj kun iwir .
ri lik .
le tz ʼi ʼ xeko sik .
x inkiko ta w umal .
ri imul xu maj ri anim , xu yakan le kok .
kʼo ojcheri akʼal .
xujbʼepa jun kʼulanem .
utz we k waral aq .
kaqilo china koju kʼam taj .
x reta ʼmaj chiru kʼ p akʼ ku tij wi.
sibʼalaj x in kʼa ʼna rik .
x in k ochi j ri nuwa.
man kat kowin taj kat chakunik , we man kʼota ri ajilabʼal .
we w onon xu bʼij chike: - k ix in to .
ri alanim k ril wiri umam .
x kaʼy chirij , x kaʼych u wach , ma kʼota chi jun k silo bʼik , x oq ʼik xu xe ʼj ri bʼ x ch ʼopin ik x tzalij loq xu riq tachik ri u bʼe .
kʼo pus cheri wa .
pinem naka bʼe le wa tz , kim bʼewi in pa kaʼyibʼal .
rinanto ʼn nim win aqchik , saqu wi ʼ, ro nojel aq ʼabʼ utz kuna ʼoka tʼuyi ʼ pa u tem , ku miq ʼisaj ri bʼ chori q ʼij , kʼo jun u wi ʼ u mamu bʼi ʼ ate ʼ k .
mane kʼitaj ri qula ʼ .
q ʼalaj china kawaj taj kabʼij
x paqabʼisax rajil ro nojel rikem .
kʼo pari jul ri kumatz .
ro nojel q ʼij kin ch ʼaj le nu w are .
saq chi kan le ichaj rech katzako .
chuxel eqa chomal kaqatij wi jun q am eq ʼin .
chawila ʼ .
e kʼo jobʼu mi ʼ al, ri nu tat .
jas ru kʼ x awil wi
je ʼ jas ri win aqrech ri u wachu lew, xoquje ʼ kepena ri ʼ rie ʼ are ʼ chee rech ri u wachu lew; je ʼ jas ri win aqrech ri kaj , xoquje ʼ kepena ri ʼ rie ʼ are ʼ e rech ri kaj .
x in tijo .
k tzʼuju w ri rachoch rip o ʼx .
xuq ʼi ʼ o are leu kʼulel x ya ʼow uwa .
ri awel x reta ʼmaj chi rajawa xik manku xej tari bʼ cheri tukur .
ju kʼulaj win aqxe ʼ a nimaj bʼik .
je ʼ, x in tzalij ik .
xoj p etik xol q akʼama ʼ .
maj jachin x ʼe k .
in ajtij ; at tijoxel .
saqu wi ʼ ri tata ʼ .
we ch rik em .
le ro ʼch lea te ʼ k kʼoch wach leu kʼay le nunan.
k bʼepa ri siri ʼ a e parisilisi ʼ a, jawi je ʼ kuya wiri kichuq ʼabʼ ri komonty ox .
p ixa bʼ : man utz taj kʼax kujch ʼaw chikij ni kʼaj qachi l .
x kuna taj le ali( kumal ri ix oqibʼ ).
rix ibʼibʼal chi kʼowip ataq riq akʼas lemal ro nojel q ʼij .
na kuj war ta waral .
on chek kʼoji ʼ ri utzil chi xo ʼl , are ch junam riqa kojonik, junam ri iwech ix ru kʼri wech in .
pa ox q ʼij risa ʼn kbʼe naru kʼri aj kun .
kawin aq w uqu bʼ .
jas kawaj kin tijo ?
weta x at bʼe w u kʼ pa le tin amit , xa loq ʼ tala ʼ leu jas taqle akʼajol .
kebʼepa wa ʼim .
x in loq ʼ kʼi wa.
pa jun nim kʼache ʼlaj , kʼo jun kʼwa ʼ sibʼalaj saq loloj , nimu wach .
k waj katij jubʼa ʼ wa.
ro nojel win aq k ril nari u kolon em ri dy os » .
x kʼoto chin chikiwach chikin wa ʼaw u kʼ
k waj na kat ʼetaj .
la xa loq ʼ juna lej ?
ekʼori e loq ʼoman el .
ri u kabʼ u bʼi ʼ ri numam are ya y .
kin jopij ri ija ʼ rech triko .
x na ʼtaj chkexe atin ik .
xa te ʼ qila ʼ .
kakitij alan xa x ri win aq .
. . . kin bʼij chi arewa ʼ sin x i ʼan .
na xin na bʼej ta chutasik qa kʼolibʼal .
r umal rech chewe ri in, kin ch ʼaw ru kʼri dy os pach ʼabʼal , kch ʼaw na kʼu ri ʼ ri w uxla bʼal ru kʼri dy os , kʼate kʼut man kʼota u p atan ri ʼ ch rech ri nu chomabʼal .
xepe tik x kilo .
xuta we kat ʼek .
utzukem ik le pas chawe.
ri nuwa kax xu tij jun q ʼoq ʼ r umal ri ʼ x kamik .
r umal ri kʼix , man kewa ʼtaj ri win aq .
xe ʼu lik .
q ʼeq ri j ri ama ʼ chi j .
x raj kaʼele una n.
junam kijuna bʼ .
n aq ʼalaj taj we ka ʼek .
ri wix nam ch ʼajch ʼoj ri rachoch .
waral man kʼotaj ajawa l .
na iwir ta xril le kʼamol bʼe .
x inpe loq te kʼu ri ʼ x in tzukuj ro nojel ri nu rajil .
ri aj tikonel kutik ri tzij .
kʼo e kikʼajol le achija bʼ .
kutij q ʼayes ri ix pa ʼch .
pari wa ʼbʼal e kʼo kawin aq achija bʼ .
sipoj in aqri nu p am .
kaya ʼtajik ru kʼuti ʼonem jun ri u riqom leya bʼil amolot setsé xuquje ʼ are kaya ʼtaj p ataqri juyu bʼ .
jachin ri achi ?
ri numam x kamik aretaq kʼo jum u ch ʼ lajujujuna bʼ .
kin kowin ik kin kʼam bʼi le p waq .
kin wilo chi utz ri aj i ʼ .
x in q ʼil ri apo ʼx che man kachakun taj .
k wa ʼ chi u wach le taq ʼaj ri ama ʼakʼ .
ri imul xep oq ʼik pa jun ikʼ .
x kʼis kanoq ri qachak .
are ri alix oj ilow kanoq .
sibʼalaj ch ʼu ʼj ri amax .
kʼo nu wachi ʼ .
in chajinel kech le akʼala bʼ .
xekos letz ʼi ʼ .
kin bʼe na ku kʼri molaj .
ro nojel aq ʼabʼ kinyi tz ʼri wa kax .
karapin ik xu tzukuj chi jun awaj .
leu kemik le pa san in aq ( a w umal ).
maju rajil le q ʼabʼ are l .
kʼax ri ʼ ri kach ʼawik .
x oj u taqchi ʼj le achi chu loq ʼik ichaj .
sibʼalaj kʼax ri x kʼulmaxik .
x kilo china kin kʼox omaj taj .
x na ʼtaj chkechi xe atin ik .
x kʼoto chin chi kiwach chi xoj al wo ʼ qaku kʼ .
jun q ʼ u ʼq rajil ri kaxla ʼn wa.
x in wilo chi xe ʼ elik .
e kʼo ix oqibʼ pa le kʼay bʼal .
man kʼotaj u kʼisik ri maya bʼaj la bʼal il .
ri sin k kʼiy pa taq ʼaj .
rich ʼi ma man k kʼiy taj pa taq ʼaj .
rajawa xik k jikik ri waqän .
kawaj kin ʼek .
e kʼo oxibʼ akʼ.
xu bʼij chwe jawi at kʼo wi.
chwe ʼ q kuj bʼe ʼpa muquj .
pa saq kʼaj a ʼ kbʼan wiri uq .
x oj kisikʼij .
x in wil wibʼ .
chaq ʼ chik ri wa.
kim bʼenak apa le wo ʼch .
kawaj kin ʼek .
rich ʼu ʼ k tij ru kʼlej .
pari kiq ʼij kamin aqibʼ kbʼan q ʼori kʼya ʼ rech aj : na bʼe rinan kutzukuj kan ri aj , kujach ʼo ʼ xuquje ku kʼeto .
jas kaj bʼal chanim ?
utzu chomanik ri ali.
pa riq ʼij oxlajuj tijax kin kʼis kebʼ junabʼ kin chakun waral .
sibʼalaj ko , ri kʼakʼ ch ʼat .
jas karaj kubʼij … ?
rich ʼich ʼ kasila bʼik .
pa ojerq ʼal p ul xaqxu wiri nim win aq kekʼamow bʼe .
leu kunaxik leu kabʼ u kʼutunik are ru kʼ e flor nitina on u tuni bʼaxik le ni furtimo x chi ʼ le flor nitina chech t. b . g.
areri achi x in ch ʼayowik .
jun achi u bʼi ku ʼx u sipaj kebʼ kʼa ʼm u lew rech kabʼan ri tijobʼal , kamik , kʼo chik ajtij rech ri komon xech pu p.
xu malty oxij cheri ajtij ro nojel le xu kʼut chiu wach .
pari bʼex kiraq junala jimul saq ri j , x kikʼam bʼik .
x ril lebʼale ala.
jas ku bʼij chwe ?
leu kuna taj em are ru kʼ utzukuxik leu chikopil pa jun u solik u xe ʼ le kikʼo nleja ʼ rech jun nodo .
utz wen utz ʼi ʼ .
je ʼ, tajin kachapon ik .
kin u loq ʼoj le nu tat .
kawajkim bʼepa tin amit .
are la ʼ kin chakuj .
ri nima ʼq taqwin aq kʼo keta ʼmabʼal .
weta x at bʼew u kʼ pa le tin amit , xa loq ʼ tawa ʼwe jas taq .
ri kikʼas lemal . wa ix imu lew xa jun chi ma areta ti nimit ri ma
riu kʼya bʼal naj upam .
xatqaj chiupam ri il .
nojim kat wa ʼik .
we kʼo jun ktu qa ʼ rik , ¿ la man xoquje ʼ taj kintu qa ʼr ri in ?
o joj w okol ja.
awas kbʼan kʼaxche jun nim win aq .
x in ch ʼawapan ru kʼ lewa na bʼ .
kʼax ri upam ri ju ʼl .
tajin kewa ʼri imul .
la kaj la kuj tzalij la anin aq ?
r umal rech cheri makaj man kʼota u kowin em p iwi ʼ ri ix : ri ix man ix kʼot achi chuxe ʼ rip ixa bʼ, xane ix kʼo chuxe ʼ ri sipanik .
nim raqan leche ʼ .
x inchapo .
are letu ʼ r le loq ʼoman el .
xas kat kʼoji ʼ chiupam rich ʼich ʼ .
sibʼalaj nim raqan ri kʼamal bʼe .
le tz ʼibʼabʼal wech in .
in x in to ʼ w la.
xa je kʼu ri ʼ ri ix kamik ri ʼ man ix kaxlan win aq tachik ; ri ix , ix rech ri kiti nimit ri ety oxlaj taqwin aq, ix rech ri rachoch ridy os .
x in tikoxlaj kʼal ichaj .
kaqariq qibʼ chwe ʼ q .
sibʼalaj utz cheri wi ʼaj ri tuney .
we na jupulik ta xe qajik . . .
x in to ʼtaj cheri nu chak .
kʼo jun chi kop u bʼi ʼ p um .
poqon ri ik .
xoj bʼinik .
xu ch ʼek ro nojel le re tamanik xpaqi ʼ k kʼax k wʼin ik xu bʼanaj kun .
kel u bʼik pari jude ʼ a e k tzalij chiu bʼi jumul pari galile ʼ a.
x ina x ibʼij pa bʼe .
je ʼl kʼolem chi awachoch .
ro nojel ri ya ʼtal il pa we q ʼataj , tz ʼaqat kiwach , mank tzaqta kanoq xuquje ʼ man ktas taj .
xu kunaj le ya wa bʼ le aj q ʼij .
chi tata bʼej jas le kim bʼij .
ch ʼan al ri achi.
pa bʼo koʼ kachakun wiri tax .
uj kʼopa u wuq q ʼij .
ki ʼ ri u kabʼ ri aq aj .
kʼo rachal al pa tz ʼoloj che ʼ rip e ʼl .
x kilo chik in kʼox omaj .
ri u kisakʼu tz kya ʼik chi u xe ʼ ri tiko ʼn .
aretaq chi ʼ kaq ʼan p uwi ʼ ri juku bʼ , ri achi chex kʼoji ʼ ri itzel uxla bʼal ru kʼ , ku tach rech ri are ʼ , arechk kʼoji ʼ ru kʼri are ʼ .
na kabʼantaj ta w umal .
x na ʼtaj chkexe atin ik .
x in p aj ri nu triko .
xe ʼ ok ri p ok ʼ pari u me xa ripo ʼx .
kajulu w ri aq ʼa ʼl chi u xe ʼri tʼu ʼ y .
awech leja .
x uj bʼepa tzu rik .
na bʼex at opan ik .
ri u kabʼ u bʼi ʼ ri numam are ya y .
uwaj xaqu kakʼal taqanik (28) .
mata kʼo jun kakanaj kanoq , q onojel koj bʼe k .
e nima ʼq le altoma bʼ .
nimu wach ri po ʼt .
kojonik pari u tzij wa ix imu lew .
jas xu kʼambʼil etz ʼi ʼ x awilo ?
x in p etik, tat .
ri bʼelaj u wach .
chi tata bʼej jas ri kim bʼij .
je ʼ l kuna ʼ ri abʼix chiupam ri ququ lew .
kin bʼisoj u wach lew al .
xu tʼuyu bʼa ʼ .
nim ri awe qele ʼn xa riqo .
x ine ʼ wa ʼ oq .
chi ʼ kewa rwi le akʼala bʼ .
ri nu mi ʼal xu taqloq jun taqo ʼm w uj chiwe.
q ʼe ʼ lik , ri chaj pari bʼe .
la utz awach ? - utz malty ox , e kʼu ri at ? – utz malty ox .
x in kos r umal nu chak .
kbʼe ku kʼ rie ʼ are ʼ e k tzalij p arinas are te keʼu nimaj .
ri joj xu kʼam bʼik ri akʼ .
kʼo chiwachi ʼl chanim .
kubʼij chech na ʼl kabʼan cheri atz ʼibʼ .
e . . . in kawaj katzjoj bʼi lach we .
matax in ya j le ali.
jachin ru kʼ kat bʼe wi?
kʼo sibʼalaj eta ʼmabʼal pari maya bʼ no ʼjibʼal .
e man xo ri jupuq kej .
kasumum ri kaqiq ʼ .
e kʼokajibʼ akʼala bʼpa le bʼe .
je ʼ jas ri u tat k kaʼyik .
xaq at molon el tzij tal .
le nu tat kaloq ʼonch we .
xaqtane kim bʼe iwu kʼ .
x reta ʼmaju ch ʼajik .
r umal la ʼ x koj “ xal q ʼat ” cheu bʼi ʼ ri komon .
are leu kemik pas x reta ʼmaj .
ri wa ti ʼt kubʼan nari up atan .
kʼakʼ le po ʼt .
reta ʼm u wach jachin x loq ʼow ri pas .
kench ʼabʼej le akʼala bʼ .
ya ʼtal chaqe q onojel ri uj win aq utz kaqil qibʼ .
x koti ʼpaq ʼayes x oq ʼik .
kawin aq bʼelejebʼ q ʼataj .
e kʼokajibʼ ral ri imul , jun saq , jun q ʼa n, jun q ʼeq , jun q ʼeq oj , sibʼalaj ketz ʼanik , kech ʼopin ik ri alaj taq imul .
kcholol ri ach achal .
ketekik ri ikʼ .
xep etik rech kewa ʼ iwu kʼ .
tz atz ri uq ʼan il ri akʼ.
xoj tzalij ik x ixe ʼ qaq ʼat uj ku kʼ lei tatinan .
ri yo ʼx taq akʼala bʼ kekikʼux ri atz ʼyaq .
we achiwe xu sipaj jun po ʼt chwex kamik .
k kowin ri kunan el che kunan ik .
x ji q ʼ pari polo w .
xar umal sibʼalaj rajawa xik le loq ʼalaj ja ʼ, le win aqx kibʼij : chewe ikʼ ri ʼ q onojel kuj bʼe cheu tikik taqche ʼ .
ri u na ne rie rachal al kepeu loq ru kʼri are ʼ, kʼate kʼu ri ʼ, man kekowin taj keq ibʼ u koq ru kʼ , r umal rech chee kʼo sibʼalaj win aq .
r umal rech , che man kʼota jun k kowin cheu kojik jun tikibʼal il chik chu wach ri kojom chik che areri jesus kris to .
te kʼu ri ʼ xu tz ʼibʼaj ri bʼ pari nimalaj tijobʼal rech aj ku ʼ n.
kajulu w rich ʼum il chaq ʼabʼ .
kʼis bʼal kanoq , xoquje ʼ k kam ri ix oq .
le a la x okik .
kʼop waqpa u wi ʼrimex a.
are kawaj na kin ʼetaj .
ri ya wal ku koj ri alichi u xe ʼ ri cha kach are u su ʼt .
na kaqakʼamtu ʼbʼi kamik .
ri ajtij kubʼij chike: rajawa xik keqachajij ri awaj , are u tiko ʼn ri ajaw .
x intij mukuni wir .
kʼax leu wi ʼ taqle nu q ʼabʼ .
x in loq ʼjun il bʼal wi bʼ .
wa ʼwe q ʼij , nimu bʼantajik .
riu xe ʼal ri qatin amit man kasach taj .
xoj bʼinik .
ri achal al junam kiwach .
x in weta ʼmaj ri lik wi bʼ .
nim riuna ʼoj w ajtij .
mi q ʼin ri kʼul .
aj q ʼojom ri ate ʼ k .
che le san ik che ʼ kbʼan wiri q ʼojom .
kap e le awel pa nawalja ʼ .
ri meso nel tajin kchakun ik .
utz chaqe kaqato ʼqibʼ , taq kʼokʼax kʼol il , kate we chi ʼn ri ajawpa qawi ʼ .
xa wilo , x q ʼatan le ibʼo y .
xa t kowin ik x abʼano .
ki ʼri kʼawex .
kajil il ri bʼe .
le al ixel bʼik .
are ʼ x raj x in bʼano .
nim we abʼaj .
je ʼ lik uti ʼjol al ri saq koʼ r .
nojin aqri kej .
we katijan xu x mankatu to ʼta chi uq ʼatixik le kʼakʼ ya bʼil corona virus ( 2019 - ncov) .
na nim ta raqan wa ʼwe che ʼ .
utzalaj ajchak , ri wel .
¿jam pa ʼ kuj bʼepa nimaq ʼij ?
rajawa xik tane la ʼkat chakun wu kʼ .
xu taqchi ʼj p awa ram pu lew .
man aretaria xwan xe lik .
ri awix xu loq ʼ rachoch renimal .
are ri ix oq x in sikʼin u loq .
rich ʼimak ʼat ʼon na.
la x ibʼan lei chak ?
kʼi tin amite kʼopach ʼo ʼj .
kʼo jupuq chi j chi u xe ʼri che ʼ .
ri u xaqri abʼix areu wari kej .
kawin aq q ʼataj .
la kix p epa tijobʼal ?
we kechajix taqle kʼwaj achakin bʼij ; juna lik kʼo ja ʼ xuquje ʼ sibʼalaj saq loloj .
x reta ʼmaj .
ri ala bʼom ri alitoma bʼ tajin kikitijoj kibʼ rech su taq , arekakaj kikibʼan nimaq achija bʼ chupam ri kikʼas lemal, xuquje kʼo chik jupuq bʼixonel chupam ri komon .
la tz ʼ u wach ri bʼe .
kʼakʼ ri ach ʼich ʼ .
q onojel uj , uj maya bʼ taqwin aq .
nojel q ʼij ri ati ʼ xkuyuq ʼuj le taqaw aj jela ʼ pani kʼaj ja ʼ, chirij ri juyu bʼ u bʼi ʼ te na ʼ .
paq ʼom chik ri si ʼ .
kin tzukun che la.
kakitij le kin aq ʼ, le ichaj , leu wa ʼ lik ru kʼlej .
xe kanaj kan le ajchakibʼ .
ketik on ri achija bʼ .
sibʼalaj itzel u bʼantajik rich ʼ il akan .
ri ate ʼ k xu malty oxij cheri rati ʼt , r umal ri utzalaj no ʼjibʼal xu kʼut chech .
k kamulixu chak ri abʼix .
la xin utzukuj le tijoxel ?
are ʼ kachakun ro nojel q ʼij .
lee kʼa ʼ na taq tz ʼi ʼ .
saq ri j ri plam ux .
jas xaq ʼi ʼ oxa tijo .
jas ru kʼ x kichap wi u tijik le ri kil ?
we kat atin ru kʼ kʼatan ja ʼman ku q ʼatej ta le kʼakʼ ya bʼil corona virus .
la kat bʼinpa le uxlan bʼal ?
la waral kʼux ix wa ʼ wi?
are le nu tat kin loq ʼonik .
tajin kchakun ri ala.
kʼo ri kiʼkotemal awu kʼ .
xuta jachin ka ʼ e k .
x at wa ʼik x in wilo .
x tzaqri rachoch r umal ri ja bʼ .
pa le jun ikʼchik are nimaq ʼij .
ekebʼäm kebʼinpa u wi ʼ ri tem .
mem ri achi.
ri wik anchali ʼ y kel pa juyu bʼ ch wi tz iri bʼal .
le rajil , la pa ja xela q ʼax wu ʼbʼik ?
pari su ʼt pisom wiri lej .
koj p etik kol q akʼama ʼ .
tajin kat ch ʼopin chi u wach ri taq ʼaj .
leq ʼo r xch ʼuqik .
kʼax wa ʼ ima w umal .
kin bʼison che lew al .
sibʼalaj kʼokʼri awatz ʼyaq .
kamik xuj bʼe cheu tikik taqche ʼ pari juyu bʼ .
kin u loq ʼoj le nu tat .
chaqi ʼj chik ri chaj .
x yil ix haway i.
na x na ʼtaj tachke chi xe atin ik .
ru kʼ kʼu wa ʼwe ri ʼ, ri ix k kʼoji ʼ jun utzalaji kʼas lemal ri ʼ ch kiwach ri win aqche mane kʼotaiw u kʼ , kʼate kʼu ri ʼ man kʼota jun win aqri ʼ rajawa xik chiwech .
e p etin aqpa bʼe le rachala xik .
kakaj le akʼala bʼ kewa ʼik .
x uj ch ʼay bʼik .
ri nu chak are q ʼaxel tzij .
kʼo nar uxla bʼri awaj .
tajin kel loq , riq ʼij .
xu q ʼi ʼ ox kamsax ri rachal al choch .
ri numam are kʼo uq ʼinomal .
x kʼu lmataj jumul , xu bʼanjun nimalaj ja bʼ, man x bʼeyetaj tana xu kʼis leuyu q ʼ chike .
ama ʼri nutz ʼi ʼ .
jewa ʼkatp etik .
x in kosik r umal x in chakunik
iwech chi jujunal , ri wa.
xuq ʼi ʼ on ax atatintaj .
in riq tajin aq pari kʼayibʼal .
na weta ʼm taj .
kʼax le nu q ʼabʼ .
utz le xu bʼij le achi .
kematz ʼibʼ .
kʼo rachal al pa tz ʼoloj che ʼ rip e ʼl .
ro nojel wa ʼwe jas taqri ʼ, xas k sach wi u wach wa ʼ ; ru kʼ weri ʼ, ri ix , rajawa xik che kʼo junty oxlaji kʼas lemal e k kʼoji ʼ ri ich ʼawem ru kʼri dy os,
x muq taj ri patz ʼan .
rich ʼich ʼ tzijom kanoq pari u kʼol bʼal .
man kʼota u cholaj pa taqri aw uj .
jachike ikʼ leu nimaq ʼij le tin amit nawal ja ʼ ?
xep etik xol kikʼama ʼ .
kachuq ʼ chu tri ja ʼ chi apam .
x in bʼij iwir chi xe bʼepa armita.
are ʼ u xe ʼ ojer tzij waral kʼiche ʼu bʼi ʼ .
x kʼis ri nu si ʼ .
jawix kibʼij wichike ʼe wi?
¡ xa je kʼu ri ʼ, jachin taq rie kʼo pari jude ʼ a, chi chanim che ʼ anima ju bʼipa taqri juyu bʼ,
kʼakʼ ri abʼ .
la kʼo jun na kakʼoxomaj taj ?
nau tz ta leu tʼi som le almariy .
man ya ʼtal taj chi awekat okpa ja .
je ʼ, xa tutzukuj .
are kel waj xaqibʼ uq ʼij rix kʼojik .
rix un ku r k kʼoji ʼpa taqri triko .
x in sachik .
xu tʼuyu bʼa ʼ
na n utom ta le tzij …
wach ʼom ri kiwari no ʼs .
e kʼo jobʼ ch ʼil wa kʼ.
rajawixik chip ataqri tijobʼal , pani kʼaj u bʼixik chik
ri rajaw ru lew are ʼ tat kel .
we kʼu xokik , we kʼnax okta
we achi xu sipaj jun pʼo t chwe.
at at u taqo ʼn leq ʼatal tzij .
n aq ʼanta u wach le qap ru t .
ri xa ʼr kʼopa u wi ʼ riq ʼaq ʼ k p oq ʼowik .
ri ro q ʼej ri alija chakp e jun akʼal .
kʼo junalapa tijobʼal .
säq u wi ʼ ri tata ʼ .
riwi tz ikʼ tajinkpe loq .
jawi xsach on wi kanu ya ʼik le p waq che .
utz we achiwe x in kunan ik .
qo nojel kuj wa ʼpa u wi ʼ ri me xa .
ri kaxla ʼn ik man poqon taj .
in x in bʼe ru kʼri wachi ʼl .
sibʼalaj je ʼl x kilo xe kitz oqopij ri kichi j chila ʼ .
kin bʼinik x in ʼek .
kʼax kʼolik , kacha ʼ .
kutij ix im ri akʼ.
ri alix ch el , xu q ʼi ʼ oxa jun ak ʼ xsipax che .
x qasikʼij le ix oq chu tzakik su bʼ .
mata xa bʼinsaj lech ʼich ʼ .
rip ix tz ʼaralik r umal ri eqa ʼn .
¿jam pa ʼ kel chi 3%
kʼo jun nu kʼo toj chi ʼaj .
tajin kewa ʼ kat ri ala bʼom .
x in loq ʼ le nu kʼakʼ ap o ʼt .
na u tzakik ta su bʼ tajin kuʼano
x oj u taqchi ʼij xoj wa ʼik .
iwech ri abʼix .
saq ri j ri chi j .
aj sik cheri tin amit kel wiri tata ʼ .
- ¡ ay ! xa xin tzaqu loq , kʼax we waqan .
x kʼu lmataj pa jun komon chi ʼ u wach jun juyu bʼ , xu ri qa jun q ʼij x kiriq kibʼ junimul ru kʼ le kok .
jas xa taq chi ʼj le akʼal chu tijik ?
x inchapo suxu loq ʼo .
q ʼinom ri achi.
ri kʼum k tijow ru kʼ kabʼ .
tajin kejach ʼanik .
tz ebʼal u kemik le p asaw umal .
are kayo ʼw leu chikopil leu bʼantajik t ry panos omabr uc e i.
we kat niman ik utz kelik .
pero no ʼjimal p etn aq loq , .
are le nu chak jun tz uq bʼalwibʼ .
x kunax le ya wa bʼ r umal le aj q ʼij .
ri u kʼu ʼx tz ʼibʼ pa qatzij e lajuj .
sibʼalaj je ʼ lik rieqa bʼal xu bʼan ri lu ʼ s .
sibʼalaj at kon .
e man xo ri jupuq kej .
na x na ʼtaj tachke xe atin ik .
ri kʼamal bʼe xu bʼij chike, chi maja ri anim .
jumuch ʼri nu junabʼ .
q ʼip tajin aqri raqan ri tem .
kchakun ru kʼ ri jos bʼal che ʼ ri ajan el .
xa taqchi ʼj le akʼal chu tijik kar .
oj kʼopa le ro ʼch le awel .
¿ la kat pequ kʼ chwe ʼ q ?
le win aqpa lech ʼich ʼe tʼuyu l lo wi.
x kanaj kanoq chi u xe ʼ ri ja bʼ rich ʼa ʼn .
nim ri j a.
weta xa kunaj le at at matax kam la ʼ .
na nu kʼamom tu ʼ la ri ʼ .
chqa nu kʼu ʼri qatzij .
kim bʼepa le tin amit .
x in q ʼi ʼ on axin atin taj .
rajawa xik kakʼaman chawe leu tijik le le j .
kʼis bʼal taqno ʼjibʼal .
x ine ʼ wa ʼ oq .
x kibʼan kʼaxche leu wo saq r umal man utz tachi kakayik .
riq ʼut u ʼm man kech ta le akʼala bʼ .
are na nim tal eatz ʼi ʼ chu wach le nu tz ʼi ʼ .
xep etik xol kila ʼ .
¿jawchi ʼ xata ʼ chex kam ri u mamripo ʼx ?
e kebʼ kekʼam bʼik p at uj .
x in loq ʼ junja pari w okaj ja .
ria x tu ʼbʼ , kʼo qulaj chech .
jas karaj kaʼan chu tzakik le ti ʼij .
xu tij lewa.
x im bʼal re tzij .
x pa x ri bʼo ʼj .
we kawaj katin to ʼo xaqxu wi kabʼij chiwe.
jas nu kʼu kuch ʼobʼo .
jas karaj ku tijo ?
xex r uxla bʼ ri rik il .
en itz ʼa ʼ q le taq imul .
we tane in x in bʼanow ik , are le ate ʼ k x bʼanowik .
kin tzalij pa le nu tin amit .
ri nu chaq ʼ kʼopa u ro ʼ q ʼatoj tijonik pari tijobʼal .
x in x i ʼj wi bʼ x in ch ʼawik .
kʼo ch wa ro ʼch le p are .
chi raqan kabʼin wiri tata ʼ .
xsach on kanu ya ʼik le p waq chechoja .
x in q ʼax chi kixo ʼl ri win aq .
ketikonik .
ri u lew man qech taj , kech ri qati ʼt q amam .
xepe le win aqx ol kikʼama ʼ .
xu loq ʼri w uj r umal ri ali.
chewe q ʼij kamik kʼo jun nu tzijonem chirij le nu tin amit .
kej ri ʼ .
x kunan alaq ch we .
kin u sikʼij le nunan.
ri i mul xu ch ʼij taj , x kanaj pa bʼe, r umal ri nimal kuja luj ri i mul , xu tzaqri anim .
kubʼan ri u xoq ʼo ʼl ri ajtz ʼaq .
ri la sibʼalaj utz che kuna bʼal .
kʼi kiwach rie ʼ ajchakibʼ pari komonty ox , kʼate kʼut xa jun chi ajaw xel ;
x qata chix atu lik .
kawaj chi kat ʼek .
ch ʼuti ʼn kekanaj ri xa ja bʼ chech .
kaqa xi ʼj qibʼ kaqachapo .
e kʼokebʼu kʼajol le tat xwan .
lu ʼ su bʼi ʼ ri rech am .
aj chi u wi ʼ mi q ʼinja ʼri lu ʼ .
x in ya kan le nu chi mpa kʼay bʼal .
kʼatex ri lo, xpe riunan che utzukuxik , x kikotik , xu sala bʼisaj ri taqux kin .
x kikʼut chi u wach ri ajtij xuquje ʼ chi kiwach ri taqni kʼaj kach il .
utz le nu q ʼabʼ .
kul le al we ʼl pa a ustin chaq ʼabʼ kamik .
ri ate ʼ k x tzaq loq arechi kʼopa u wi ʼ riq ʼa ʼm .
aj patan ri te ʼ k .
xatqaj chiupam ri il .
la kʼo tzij na kikʼoxomaj taj ?
x sachon chkechi xe atin ik .
ro nojel leu lewech alaq .
la xebʼe kʼulaxe ʼ kijaqa kʼule uchi ʼ ja ?
xaq kat ch ʼok naj iwir .
kamik kʼo chiri jas taq a we .
arechi ʼ kakʼis ri juna bʼ kʼo q ʼinom .
pa nawal ja ʼ x in alex ik .
na xin tataj we are ri akʼal kix tzuqu wik .
¡ ru lewri sabʼul on eru lew r ineftali, u bʼeri polo w , ru lewri jo rdan, galile ʼ a kech ri je taq amaq ʼ !
rax , rax , rax , kʼo k ʼ, kʼokʼ , kʼokʼ le r uxla bʼ le taq tiko ʼn .
ach ix at wilo .
paqal rajil le p ix kamik .
xoj bʼinik .
pa junje ʼl tijobʼal ku tijoj ri bʼ jun akʼal , u bʼi ʼpo ʼx , utz ku ri lok e pa tijobʼal ro nojel taq q ʼij .
x waj chix at ʼetaj .
utz la ʼle xu bʼij le achi .
weta ʼam jachin kap etik .
kin q ʼojoman ik .
x in q ʼi ʼ o takʼalik x in p etik .
are ʼ reta ʼm che kinopan ik .
aretabʼal eqa q ajawch at to ʼwik .
kawin aq waqibʼ q ʼataj .
na qaj chik cheri u waq kaj bʼal aretaq chi ʼ k sach u wach riq ʼij , kok riq ʼeq u ʼm chu wachu lew, chi kʼate ʼ nari bʼelejebʼ kaj bʼal .
jobʼ raqan ri tz ʼalam xe poroxik .
sibʼalaj ko ri j ri mop.
arewa ʼ .
jela ʼ pari ti minit ch wi kaby ok rech xelaju ʼ, le qana nqatat kakitikoj e ʼ lalaj taqu wach ichaj .
kʼax nuqul .
xu ʼl u kʼama ʼ .
koj u l kitzukuj .
are man kʼax ta u kunaxik aretaq anin aqka ʼilitaj we ya bʼil al xuquje ʼ mojo ʼ qa kuya ʼle kʼax kʼol il chech le jolomaj .
ri wel kʼopa tijonik .
kawaj kin bʼij .
ri kotz ʼi ʼj k qa koj chiupam ri ja .
q ʼeq q ʼoj ri j ri ama ʼkej .
na x waj taj x in ch ʼawik .
ch peta bʼal e loq ʼalaj ja bʼ .
x sachon chke x at kisikʼij .
e leq ʼal ch ʼich ʼ .
jachin xa wi lochi arex tijow ri ti ʼj ?
mata kabʼe le nu x bʼal pa le tin amit .
pim ru q , ri ali.
¿ kʼori m uq ʼechi awech ?
k qabʼij man kekowin taj .
kin tij na.
kʼo jun q atʼu ʼ y pa ja !
kʼop uj chiupam ri ch ʼa ʼ k .
aretaq kin kosik kin warik .
xatwa ʼik x in wilo
in x in ch ʼayow le achi .
konojel ri ala xik keʼetz ʼanik .
jas ru kʼ x kitij wi le kirik il ?
anin aqil kat p etik .
na rax ta u wach le juyu bʼ .
ri tz ʼalam tz ʼibʼabʼal rax k kayik .
we ch at chakunik , kʼo awa.
ma ʼtam x at pe cheri wa ʼim .
kamul kin wa ʼ na.
ri sikil k tijow ru kʼik .
kimbʼeaq ʼan ru kʼ le alta lin .
x oj ʼek xe ʼ qila larqas ok .
xe kiq ʼil le ajchakibʼ x kiwok le ja .
ma tane x waj le kʼu hj nem ru kʼ le ate ʼ k .
are xe ʼopan chiuchi ʼ ri juyu bʼ , x kilo chiman qas tak ʼoq ʼayes .
kʼate kʼut , ri jesus man k kojon tach kech rie ʼ are ʼ, r umal rech che konojel reta ʼm kiwach ,
pa ʼ tz ri j ri tz ʼi ʼ .
juwin aq waqibʼ q ʼataj .
a te laq ʼom .
xaq atjo ʼ s .
riq ʼatzu, are q ʼalaj ri uq ʼij il .
ajchak we ala.
u bʼeleju kakʼal taqanik (29) .
kebʼ nu bʼi ʼ kʼolik .
la katzalij lu ʼla anin aq ?
katzukun la chwe .
la kaj la koj bʼe ʼ pa le chomal chwe ʼ q ?
x in na bʼej chutasik qa kʼolibʼal .
lal x in to ʼ w ik .
sibʼalaj a no ʼjibʼal .
xoj p etik xol q akʼama ʼ .
sibʼalaj je ʼ lik ri u wa ʼl ri ichaj .
kʼax wij r umal in pacha lik .
aretaq xu kʼulmaj wa ʼ xu l ri u chomanik xu bʼij : are utz wa aq ʼabʼ kin walij ik, are cha ʼ chanim kin opan pa tijobʼal , maj chikin kʼulmaj .
ojaj xojo lo bʼ pa awasq ʼij .
x in sach che leu wokik le tzij .
e julajuj ri ak ʼ .
xuta jampa ʼ koj ʼek .
qilik .
ri tijoxel man areta nim chu wach ri rajtij . ri utz tijoxel qas jeri ʼ kʼolik jas ri rajtij .
in xa tin ch ʼayo .
no ʼjim chak w umal .
ch ʼur ri jo ch ʼ .
inkin bʼij na kat sach taj .
uj maya bʼ .
ri abʼaj ya tzalik .
tajin kepix bʼax ri akʼala bʼ .
chom ri aq .
x in warik .
e le men konojel ri akʼala bʼ .
tajin k q ʼa narik ri we re ʼaj .
leu kemik le pas utz ( chawe ).
xuyu pubʼa u wach ra ʼ chi, kacha ʼ, .
ri satanas kok pari judas ri kbʼix is kari ʼo tech rech , ri are ʼ junch kixo ʼl rie kabʼ lajuj .
chu chu ri par.
kin qumuj ri nu joch ʼ .
chech punción lumbar amaq ʼel rajawa xik chech ri lik leu kʼex bʼem wi lena bʼe ru kʼ leu kabʼ u kʼutunem leya bʼil al .
q ʼalaj china kawaj taj kabʼij .
kʼo q ʼol chirij ri si ʼ .
jawi xoj ʼewich u loq ʼik ?
kʼou loch ʼri tal in .
q ʼan ri j ri ati ʼt nu kej .
la x tzalij la iwir ?
xe sikʼixik , kʼate kʼu ri ʼ xeyaj ik, xuquje ʼ xe taqbʼiche u sikʼikle mes .
la kix warik ?
are kʼu lepa lo maxxu bʼij che :-mam kat bʼison taj , kin sikʼij ni kʼaj wachi ʼl kerapa p ik .
a ʼ ree tijoxela bʼ .
ri alaj alis i ʼl xu bʼij x qachappa utzal ri ty ox .
x sachon chke jachin xe atin ik .
jas xu rayij le anan xu tijo ?
x in kosik .
rax ro nojel riq ʼayes r umal leja bʼ .
kinya wa ʼwech ʼich ʼ pinem na utz .
no ʼj imu pach ʼuxik le nu wi ʼ .
naj kʼowi le wo ʼch ch u wach le tijobʼal .
ri okibʼal kʼochi u wach ri saq ja .
xe nu taqch ʼij ke kil le akʼala bʼ .
kʼo jun q ʼoxowem chiwe.
tzari cho ʼm .
we choj bʼepa le nimaq ʼij , keqil le ajxo jo lobʼ .
x oj ʼek xe ʼ qila larqas ok .
ri ate ʼ k xuta ʼ chech rinanto ʼn :- nan jas che ʼ chiman kajtalaq akʼatisaj ri jo ʼq .
rip al sibʼalaj xu ʼ y .
kin koj ri jokbʼal u lew .
inkin bʼij na kat sach taj
at raj kun le nunan.
ku qamu ju joron ri aj tzij .
lu ʼ tz ʼalam u bʼi ʼ ri achi kel pa nim che ʼ .
je ʼ lik uti ʼjol al ri saq koʼ r .
kʼo jun xa ʼr pa ja .
x in loq ʼjun kʼakʼ p atan .
kʼax u kemik le p asaw umal .
anin aqu kemik le p asaw umal
rich ʼa ʼn sachin aq pa taqa bʼ ix .
rax taqle kotz ʼi ʼj .
mesom kanoq ri upam ja.
man areta ralax kosik .
ri komon xe chpuprech uq ʼabʼ tin amit xo ʼlabʼaj rech q ʼu markaj .
la u tzakik kʼu su bʼ tajin kuʼano ?
katela !
na xu tij taj .
xar umal keta ʼm konojel ri win aq k kiqu muj le ja ʼ .
iwir xuj tzalij lapa kʼay bʼal .
qeta ʼm cheri qawaku ju to ʼo .
ri ajtij , kya jon chikech ri akʼala bʼ .
jas u bʼanom le nu ch ʼuti tat ?
chwe ʼ q kin bʼepa nim tin amit .
utz we kiweta ʼmaj jas kubʼij ri chol bʼal q ʼij .
tajin kat ji low che uq ʼoxom jolom aj .
x intik q ʼax chi u wach rij a.
kʼax le kibʼe le win aq .
loq ʼ kat kun taj che le ya bʼil (covid- 19).
ri nu xibʼal kelpa qaj bʼal q ʼij .
x ril ri axwan chix wa ʼ ri ala.
le alix kuna taj ik .
weta kap elejabʼ kamik .
x in weta ʼmaj china xatpe taj .
rip waqrech we q ʼataj ri ʼ kesax chech ri toj bʼal kʼayin em .
k tij ri u wa ʼlik r umal ri kinimaq ʼij .
xu chapu kunaxik .
chatan loq ali.
x in xu li ʼ qaj oq .
je ʼ lik k tijo w ri taqikox .
kʼate kʼu ri le tat xo ʼ r xu bʼij , man kawaj taj , man kawaj taj .
kʼo jun tz ʼi ʼ pa bʼe .
kamul x inpe che atzukuxik .
man tajin tak in chakunik .
kin chakunik rech kat wa ʼik .
jas ru kʼ x awil wichi x kiqupij wi le ti ʼj .
jas u bʼixik … ?
koq ʼri akʼal .
kawaj na kat ʼetaj .
xatq ʼaj ik .
we m na cha loq ʼaxiyal , na kim bʼe taaw u kʼ .
xopan lew uj awu kʼ r umal wech in .
are kʼut pa le juyu bʼ k kʼiy joron, chila ʼ xe kikʼam awiri ja ʼri win aq .
koq ʼri akʼal .
we kʼoa rajil cha kʼama loq .
are sibʼalaj kaq leapo ʼt chu wach le nu po ʼt .
x in kʼas taj paka bʼ lajuj kaj bʼal .
kaqoy ʼej na kix p etaj .
kokax im ri chi j xa jela ʼman kanimaj ta bʼik .
ri kok nojim x bʼek , xu ch ʼijo xopanpa u kʼisbʼal il lea nim .
x oj kiʼkotik aretaq xatulik .
kaqitz ʼ naj ri u xa ja bʼri akʼal .
ri jesusk wa ʼkat pari nim rachoch ridy os, chu xe ʼ ri jun jache rachoch ri salom on .
we taqanik ri ʼ kubʼij chi rajawa xik kya ʼuq ʼij ri win aq xuquje ʼ k to ʼanin aqil .
ria xu x are nari u kun el rik in aq ʼ .
aretaq wa ʼ ri uq ʼijol we taqanik .
kʼo jun ta bʼal pa u wi ʼ rix kanul u bʼi ʼ lajuj no ʼj .
yu ʼl u bʼanom ri u kolo bʼri kej .
xa nimaj ri akʼal chiu wach ri u chu ch .
k kunan ri achi.
kin wa ʼik rech na kin yowaj taj .
aj xik ch ʼich ʼri lu ʼ s .
k waj che ix kix bʼanow ik .
a ʼ rex eto ʼwalaq .
x oj ʼek xe ʼ qila larqas ok .
x in loq ʼ junch ʼich ʼ, qajin aqu wach .
ku tʼis ri panta lon .
e janipa le awal kʼwa le kʼolik ?
utzukem ik le pas chawe.
ri max are aj q ʼan iya ʼ .
matabʼa chiriq kʼaxpa le bʼe .
tajin kanimaj , ri me ʼ s .
ix ixe ʼ laq ʼomabʼ !
xsachan chwe.
e kʼokʼiche ʼ, chi u wach ri juyu bʼ .
arewa ʼri nimalaj p ixa bʼe arewa ʼri na bʼe .
x reta ʼmaj chiru kʼ p akʼ ku tij wi
jas u tzakik le su bʼ xu ʼ a no ?
ajxo ʼ y ri wi kan .
we tanea ʼ rex etijow le ri kil , are le komon xe tijowik .
sibʼalaj anin aq kach ʼaw le are ʼ chi nu wach in .
utz we kin chakuj .
me ʼ sla ʼ .
kʼokan wa rech kaqatijo .
x in sikʼij la.
ri akʼal xsach kanoq jela ʼpa taq ʼaj .
xe sikʼij la.
jawix kibʼij wichike ʼe wi?
r umal che, man ix ta ri ʼ ri kixch ʼawik, are ri ruxla bʼa xel ri i tat ri ʼ rik ch ʼaw na iw u kʼri ix .
kʼakʼ ri wachoch .
sibʼalaj utz kin wil le atz ʼyaq rech nahuala.
saq por k kay ri kip o ʼ trinan .
x sachon ri nu chak chwe.
wa ʼim xu chapo .
riq ʼaq ʼ tajin kajulu wik .
najil upam ri siwan .
e kʼo riq achal al pachi u wi ʼ la.
jas xa taq chi ʼj le akʼal chu tijik ?
no ʼ jimu kemik le p asaw umal .
kʼo jun ku ku bʼi ʼ tin tin , wa ʼ le laj kukmam kaj eqitaj , kapaqi kaxulik pa u wi ʼ uq ʼabʼ taq che ʼ , sibʼalaj sakʼaj , keʼuto lee nima ʼq , ch ʼutin, rachi ʼl , aj sipanel sibʼalaj utz ranima ʼ .
ri u p ixa bʼ leq ʼatbʼal tzij kiya ʼu bʼixik .
na xsach on tachke xe atin ik .
xeq il le chi kopp uwi le ja .
x lo ʼ taj ri akʼal .
qo nojel kuj wa ʼpa u wi ʼ ri me xa .
xsik ir le waqan .
la x at wa ʼ kʼut ?
nim u bʼaq ʼri tulul .
kin x ikʼik ʼik x in q ʼaxik .
la kat bʼepa le tin amit ?
rip al sibʼalaj saq ʼo r .
k q ʼoxow nu jalom .
x in na ʼochi kat p etik .
x loq ʼu lewiwech ix .
x inchakun ru kʼri numam .
na x qabʼan taj .
k kʼoji ʼ bʼa ʼri u sipanik ri ajaw xel jesusk ri sto ru kʼri aw uxla bʼal !
kin ch ʼaw ru kʼ le nunanpa lech ʼawebʼal .
sibʼalaj q ʼeq u ʼm r umal ri mayul .
are leba xu lik .
xekos le ix oqibʼ pa le bʼe .
kʼax ri lik le akʼal chawe.
x in q ʼi ʼ ox ina tin pa joron .
sibʼalaj nim le tin amit .
kʼax u kemik le p asaw umal .
x in sachik .
tajin kel u kikʼel pa raqan ri tz ʼi ʼ .
x inweta ʼmaj ri lik wi bʼ
riq ʼuq ʼ are jun je ʼl chiko p.
kʼopa ja tijobʼal ri wi kaq ʼ .
ri sachibʼal makraj wa xik chi qaxo ʼl .
je ʼ, kim bʼek .
jela le ʼ ri nu p wi ʼ .
xu bʼij che: - jas x abʼano tin tin ?
kabʼanjun toq ʼobʼ kyakri nuj al .
kat ʼek x in ta.
jas leu kʼex bʼem ri bʼ le jun ru kʼ le jun chik ?
aj chi u wi ʼ mi q ʼinja ʼri lu ʼ .
ri tijonel naj k p ewi.
te ʼ kix cho bʼ u bʼi ʼ ri nu tat .
ri ja ʼ kamiq ʼik chi u wach riq ʼaq ʼ .
ri tʼu ʼ y k paq ʼowik .
kin meson na.
naq aj at kʼowichi wech .
x in bʼisonik taqna xatp et taj .
we x kam ri win aq, rip waqrech toj bʼal makaj kya ʼchikech ri rala xik .
ri nunan x bʼepa kʼay bʼal .
xoj u kʼamu loq rech koj ri lo
x kʼoto chin chikiwach chikin wa ʼaw u kʼ .
na x kikamsaj taj x kikʼam bʼi choja.
kʼakʼ ri ikʼ kamik .
x im bʼe ru kʼ leaj kun iwir .
ri lik .
le tz ʼi ʼ xeko sik .
x inkiko ta w umal .
ri imul xu maj ri anim , xu yakan le kok .
kʼo ojcheri akʼal .
xujbʼepa jun kʼulanem .
utz we k waral aq .
kaqilo china koju kʼam taj .
x reta ʼmaj chiru kʼ p akʼ ku tij wi.
sibʼalaj x in kʼa ʼna rik .
x in k ochi j ri nuwa.
man kat kowin taj kat chakunik , we man kʼota ri ajilabʼal .
we w onon xu bʼij chike: - k ix in to .
ri alanim k ril wiri umam .
x kaʼy chirij , x kaʼych u wach , ma kʼota chi jun k silo bʼik , x oq ʼik xu xe ʼj ri bʼ x ch ʼopin ik x tzalij loq xu riq tachik ri u bʼe .
kʼo pus cheri wa .
pinem naka bʼe le wa tz , kim bʼewi in pa kaʼyibʼal .
rinanto ʼn nim win aqchik , saqu wi ʼ, ro nojel aq ʼabʼ utz kuna ʼoka tʼuyi ʼ pa u tem , ku miq ʼisaj ri bʼ chori q ʼij , kʼo jun u wi ʼ u mamu bʼi ʼ ate ʼ k .
mane kʼitaj ri qula ʼ .
q ʼalaj china kawaj taj kabʼij
x paqabʼisax rajil ro nojel rikem .
kʼo pari jul ri kumatz .
ro nojel q ʼij kin ch ʼaj le nu w are .
saq chi kan le ichaj rech katzako .
chuxel eqa chomal kaqatij wi jun q am eq ʼin .
chawila ʼ .
e kʼo jobʼu mi ʼ al, ri nu tat .
jas ru kʼ x awil wi
je ʼ jas ri win aqrech ri u wachu lew, xoquje ʼ kepena ri ʼ rie ʼ are ʼ chee rech ri u wachu lew; je ʼ jas ri win aqrech ri kaj , xoquje ʼ kepena ri ʼ rie ʼ are ʼ e rech ri kaj .
x in tijo .
k tzʼuju w ri rachoch rip o ʼx .
xuq ʼi ʼ o are leu kʼulel x ya ʼow uwa .
ri awel x reta ʼmaj chi rajawa xik manku xej tari bʼ cheri tukur .
ju kʼulaj win aqxe ʼ a nimaj bʼik .
je ʼ, x in tzalij ik .
xoj p etik xol q akʼama ʼ .
maj jachin x ʼe k .
in ajtij ; at tijoxel .
saqu wi ʼ ri tata ʼ .
we ch rik em .
le ro ʼch lea te ʼ k kʼoch wach leu kʼay le nunan.
k bʼepa ri siri ʼ a e parisilisi ʼ a, jawi je ʼ kuya wiri kichuq ʼabʼ ri komonty ox .
p ixa bʼ : man utz taj kʼax kujch ʼaw chikij ni kʼaj qachi l .
x kuna taj le ali( kumal ri ix oqibʼ ).
rix ibʼibʼal chi kʼowip ataq riq akʼas lemal ro nojel q ʼij .
na kuj war ta waral .
on chek kʼoji ʼ ri utzil chi xo ʼl , are ch junam riqa kojonik, junam ri iwech ix ru kʼri wech in .
pa ox q ʼij risa ʼn kbʼe naru kʼri aj kun .
kawin aq w uqu bʼ .
jas kawaj kin tijo ?
weta x at bʼe w u kʼ pa le tin amit , xa loq ʼ tala ʼ leu jas taqle akʼajol .
kebʼepa wa ʼim .
x in loq ʼ kʼi wa.
pa jun nim kʼache ʼlaj , kʼo jun kʼwa ʼ sibʼalaj saq loloj , nimu wach .
k waj katij jubʼa ʼ wa.
ro nojel win aq k ril nari u kolon em ri dy os » .
x kʼoto chin chikiwach chikin wa ʼaw u kʼ
k waj na kat ʼetaj .
la xa loq ʼ juna lej ?
ekʼori e loq ʼoman el .
ri u kabʼ u bʼi ʼ ri numam are ya y .
kin jopij ri ija ʼ rech triko .
x na ʼtaj chkexe atin ik .
xa te ʼ qila ʼ .
kakitij alan xa x ri win aq .
. . . kin bʼij chi arewa ʼ sin x i ʼan .
na xin na bʼej ta chutasik qa kʼolibʼal .
r umal rech chewe ri in, kin ch ʼaw ru kʼri dy os pach ʼabʼal , kch ʼaw na kʼu ri ʼ ri w uxla bʼal ru kʼri dy os , kʼate kʼut man kʼota u p atan ri ʼ ch rech ri nu chomabʼal .
xepe tik x kilo .
xuta we kat ʼek .
utzukem ik le pas chawe.
ri nuwa kax xu tij jun q ʼoq ʼ r umal ri ʼ x kamik .
r umal ri kʼix , man kewa ʼtaj ri win aq .
xe ʼu lik .
q ʼeq ri j ri ama ʼ chi j .
x raj kaʼele una n.
junam kijuna bʼ .
n aq ʼalaj taj we ka ʼek .
ri wix nam ch ʼajch ʼoj ri rachoch .
waral man kʼotaj ajawa l .
na iwir ta xril le kʼamol bʼe .
x inpe loq te kʼu ri ʼ x in tzukuj ro nojel ri nu rajil .
ri aj tikonel kutik ri tzij .
kʼo e kikʼajol le achija bʼ .
kutij q ʼayes ri ix pa ʼch .
pari wa ʼbʼal e kʼo kawin aq achija bʼ .
sipoj in aqri nu p am .
kaya ʼtajik ru kʼuti ʼonem jun ri u riqom leya bʼil amolot setsé xuquje ʼ are kaya ʼtaj p ataqri juyu bʼ .
jachin ri achi ?
ri numam x kamik aretaq kʼo jum u ch ʼ lajujujuna bʼ .
kin kowin ik kin kʼam bʼi le p waq .
kin wilo chi utz ri aj i ʼ .
x in q ʼil ri apo ʼx che man kachakun taj .
k wa ʼ chi u wach le taq ʼaj ri ama ʼakʼ .
ri imul xep oq ʼik pa jun ikʼ .
x kʼis kanoq ri qachak .
are ri alix oj ilow kanoq .
sibʼalaj ch ʼu ʼj ri amax .
kʼo nu wachi ʼ .
in chajinel kech le akʼala bʼ .
xekos letz ʼi ʼ .
kin bʼe na ku kʼri molaj .
ro nojel aq ʼabʼ kinyi tz ʼri wa kax .
karapin ik xu tzukuj chi jun awaj .
leu kemik le pa san in aq ( a w umal ).
maju rajil le q ʼabʼ are l .
kʼax ri ʼ ri kach ʼawik .
x oj u taqchi ʼj le achi chu loq ʼik ichaj .
sibʼalaj kʼax ri x kʼulmaxik .
x kilo china kin kʼox omaj taj .
x na ʼtaj chkechi xe atin ik .
x kʼoto chin chi kiwach chi xoj al wo ʼ qaku kʼ .
jun q ʼ u ʼq rajil ri kaxla ʼn wa.
x in wilo chi xe ʼ elik .
e kʼo ix oqibʼ pa le kʼay bʼal .
man kʼotaj u kʼisik ri maya bʼaj la bʼal il .
ri sin k kʼiy pa taq ʼaj .
rich ʼi ma man k kʼiy taj pa taq ʼaj .
rajawa xik k jikik ri waqän .
kawaj kin ʼek .
e kʼo oxibʼ akʼ.
xu bʼij chwe jawi at kʼo wi.
chwe ʼ q kuj bʼe ʼpa muquj .
pa saq kʼaj a ʼ kbʼan wiri uq .
x oj kisikʼij .
x in wil wibʼ .
chaq ʼ chik ri wa.
kim bʼenak apa le wo ʼch .
kawaj kin ʼek .
rich ʼu ʼ k tij ru kʼlej .
pari kiq ʼij kamin aqibʼ kbʼan q ʼori kʼya ʼ rech aj : na bʼe rinan kutzukuj kan ri aj , kujach ʼo ʼ xuquje ku kʼeto .
jas kaj bʼal chanim ?
utzu chomanik ri ali.
pa riq ʼij oxlajuj tijax kin kʼis kebʼ junabʼ kin chakun waral .
sibʼalaj ko , ri kʼakʼ ch ʼat .
jas karaj kubʼij … ?
rich ʼich ʼ kasila bʼik .
pa ojerq ʼal p ul xaqxu wiri nim win aq kekʼamow bʼe .
leu kunaxik leu kabʼ u kʼutunik are ru kʼ e flor nitina on u tuni bʼaxik le ni furtimo x chi ʼ le flor nitina chech t. b . g.
areri achi x in ch ʼayowik .
jun achi u bʼi ku ʼx u sipaj kebʼ kʼa ʼm u lew rech kabʼan ri tijobʼal , kamik , kʼo chik ajtij rech ri komon xech pu p.
xu malty oxij cheri ajtij ro nojel le xu kʼut chiu wach .
pari bʼex kiraq junala jimul saq ri j , x kikʼam bʼik .
x ril lebʼale ala.
jas ku bʼij chwe ?
leu kuna taj em are ru kʼ utzukuxik leu chikopil pa jun u solik u xe ʼ le kikʼo nleja ʼ rech jun nodo .
utz wen utz ʼi ʼ .
je ʼ, tajin kachapon ik .
kin u loq ʼoj le nu tat .
kawajkim bʼepa tin amit .
are la ʼ kin chakuj .
ri nima ʼq taqwin aq kʼo keta ʼmabʼal .
weta x at bʼew u kʼ pa le tin amit , xa loq ʼ tawa ʼwe jas taq .
ri kikʼas lemal . wa ix imu lew xa jun chi ma areta ti nimit ri ma
riu kʼya bʼal naj upam .
xatqaj chiupam ri il .
nojim kat wa ʼik .
we kʼo jun ktu qa ʼ rik , ¿ la man xoquje ʼ taj kintu qa ʼr ri in ?
o joj w okol ja.
awas kbʼan kʼaxche jun nim win aq .
x in ch ʼawapan ru kʼ lewa na bʼ .
kʼax ri upam ri ju ʼl .
tajin kewa ʼri imul .
la kaj la kuj tzalij la anin aq ?
r umal rech cheri makaj man kʼota u kowin em p iwi ʼ ri ix : ri ix man ix kʼot achi chuxe ʼ rip ixa bʼ, xane ix kʼo chuxe ʼ ri sipanik .
nim raqan leche ʼ .
x inchapo .
are letu ʼ r le loq ʼoman el .
xas kat kʼoji ʼ chiupam rich ʼich ʼ .
sibʼalaj nim raqan ri kʼamal bʼe .
le tz ʼibʼabʼal wech in .
in x in to ʼ w la.
xa je kʼu ri ʼ ri ix kamik ri ʼ man ix kaxlan win aq tachik ; ri ix , ix rech ri kiti nimit ri ety oxlaj taqwin aq, ix rech ri rachoch ridy os .
x in tikoxlaj kʼal ichaj .
kaqariq qibʼ chwe ʼ q .
sibʼalaj utz cheri wi ʼaj ri tuney .
we na jupulik ta xe qajik . . .
x in to ʼtaj cheri nu chak .
kʼo jun chi kop u bʼi ʼ p um .
poqon ri ik .
xoj bʼinik .
xu ch ʼek ro nojel le re tamanik xpaqi ʼ k kʼax k wʼin ik xu bʼanaj kun .
kel u bʼik pari jude ʼ a e k tzalij chiu bʼi jumul pari galile ʼ a.
x ina x ibʼij pa bʼe .
je ʼl kʼolem chi awachoch .
ro nojel ri ya ʼtal il pa we q ʼataj , tz ʼaqat kiwach , mank tzaqta kanoq xuquje ʼ man ktas taj .
xu kunaj le ya wa bʼ le aj q ʼij .
chi tata bʼej jas le kim bʼij .
ch ʼan al ri achi.
pa bʼo koʼ kachakun wiri tax .
uj kʼopa u wuq q ʼij .
ki ʼ ri u kabʼ ri aq aj .
kʼo rachal al pa tz ʼoloj che ʼ rip e ʼl .
x kilo chik in kʼox omaj .
ri u kisakʼu tz kya ʼik chi u xe ʼ ri tiko ʼn .
aretaq chi ʼ kaq ʼan p uwi ʼ ri juku bʼ , ri achi chex kʼoji ʼ ri itzel uxla bʼal ru kʼ , ku tach rech ri are ʼ , arechk kʼoji ʼ ru kʼri are ʼ .
na kabʼantaj ta w umal .
x na ʼtaj chkexe atin ik .
x in p aj ri nu triko .
xe ʼ ok ri p ok ʼ pari u me xa ripo ʼx .
kajulu w ri aq ʼa ʼl chi u xe ʼri tʼu ʼ y .
awech leja .
x uj bʼepa tzu rik .
na bʼex at opan ik .
ri u kabʼ u bʼi ʼ ri numam are ya y .
uwaj xaqu kakʼal taqanik (28) .
mata kʼo jun kakanaj kanoq , q onojel koj bʼe k .
e nima ʼq le altoma bʼ .
nimu wach ri po ʼt .
kojonik pari u tzij wa ix imu lew .
jas xu kʼambʼil etz ʼi ʼ x awilo ?
x in p etik, tat .
ri bʼelaj u wach .
chi tata bʼej jas ri kim bʼij .
je ʼ l kuna ʼ ri abʼix chiupam ri ququ lew .
kin bʼisoj u wach lew al .
xu tʼuyu bʼa ʼ .
nim ri awe qele ʼn xa riqo .
x ine ʼ wa ʼ oq .
chi ʼ kewa rwi le akʼala bʼ .
ri nu mi ʼal xu taqloq jun taqo ʼm w uj chiwe.
q ʼe ʼ lik , ri chaj pari bʼe .
la utz awach ? - utz malty ox , e kʼu ri at ? – utz malty ox .
x in kos r umal nu chak .
kbʼe ku kʼ rie ʼ are ʼ e k tzalij p arinas are te keʼu nimaj .
ri joj xu kʼam bʼik ri akʼ .
kʼo chiwachi ʼl chanim .
kubʼij chech na ʼl kabʼan cheri atz ʼibʼ .
e . . . in kawaj katzjoj bʼi lach we .
matax in ya j le ali.
jachin ru kʼ kat bʼe wi?
kʼo sibʼalaj eta ʼmabʼal pari maya bʼ no ʼjibʼal .
e man xo ri jupuq kej .
kasumum ri kaqiq ʼ .
e kʼokajibʼ akʼala bʼpa le bʼe .
je ʼ jas ri u tat k kaʼyik .
xaq at molon el tzij tal .
le nu tat kaloq ʼonch we .
xaqtane kim bʼe iwu kʼ .
x reta ʼmaju ch ʼajik .
r umal la ʼ x koj “ xal q ʼat ” cheu bʼi ʼ ri komon .
are leu kemik pas x reta ʼmaj .
ri wa ti ʼt kubʼan nari up atan .
kʼakʼ le po ʼt .
reta ʼm u wach jachin x loq ʼow ri pas .
kench ʼabʼej le akʼala bʼ .
ya ʼtal chaqe q onojel ri uj win aq utz kaqil qibʼ .
x koti ʼpaq ʼayes x oq ʼik .
kawin aq bʼelejebʼ q ʼataj .
e kʼokajibʼ ral ri imul , jun saq , jun q ʼa n, jun q ʼeq , jun q ʼeq oj , sibʼalaj ketz ʼanik , kech ʼopin ik ri alaj taq imul .
kcholol ri ach achal .
ketekik ri ikʼ .
xep etik rech kewa ʼ iwu kʼ .
tz atz ri uq ʼan il ri akʼ.
xoj tzalij ik x ixe ʼ qaq ʼat uj ku kʼ lei tatinan .
ri yo ʼx taq akʼala bʼ kekikʼux ri atz ʼyaq .
we achiwe xu sipaj jun po ʼt chwex kamik .
k kowin ri kunan el che kunan ik .
x ji q ʼ pari polo w .
xar umal sibʼalaj rajawa xik le loq ʼalaj ja ʼ, le win aqx kibʼij : chewe ikʼ ri ʼ q onojel kuj bʼe cheu tikik taqche ʼ .
ri u na ne rie rachal al kepeu loq ru kʼri are ʼ, kʼate kʼu ri ʼ, man kekowin taj keq ibʼ u koq ru kʼ , r umal rech chee kʼo sibʼalaj win aq .
r umal rech , che man kʼota jun k kowin cheu kojik jun tikibʼal il chik chu wach ri kojom chik che areri jesus kris to .
te kʼu ri ʼ xu tz ʼibʼaj ri bʼ pari nimalaj tijobʼal rech aj ku ʼ n.
kajulu w rich ʼum il chaq ʼabʼ .
kʼis bʼal kanoq , xoquje ʼ k kam ri ix oq .
le a la x okik .
kʼop waqpa u wi ʼrimex a.
are kawaj na kin ʼetaj .
ri ya wal ku koj ri alichi u xe ʼ ri cha kach are u su ʼt .
na kaqakʼamtu ʼbʼi kamik .
ri ajtij kubʼij chike: rajawa xik keqachajij ri awaj , are u tiko ʼn ri ajaw .
x intij mukuni wir .
kʼax leu wi ʼ taqle nu q ʼabʼ .
x in loq ʼjun il bʼal wi bʼ .
wa ʼwe q ʼij , nimu bʼantajik .
riu xe ʼal ri qatin amit man kasach taj .
xoj bʼinik .
ri achal al junam kiwach .
x in weta ʼmaj ri lik wi bʼ .
nim riuna ʼoj w ajtij .
mi q ʼin ri kʼul .
aj q ʼojom ri ate ʼ k .
che le san ik che ʼ kbʼan wiri q ʼojom .
kap e le awel pa nawalja ʼ .
ri meso nel tajin kchakun ik .
utz chaqe kaqato ʼqibʼ , taq kʼokʼax kʼol il , kate we chi ʼn ri ajawpa qawi ʼ .
xa wilo , x q ʼatan le ibʼo y .
xa t kowin ik x abʼano .
ki ʼri kʼawex .
kajil il ri bʼe .
le al ixel bʼik .
are ʼ x raj x in bʼano .
nim we abʼaj .
je ʼ lik uti ʼjol al ri saq koʼ r .
nojin aqri kej .
we katijan xu x mankatu to ʼta chi uq ʼatixik le kʼakʼ ya bʼil corona virus ( 2019 - ncov) .
na nim ta raqan wa ʼwe che ʼ .
utzalaj ajchak , ri wel .
¿jam pa ʼ kuj bʼepa nimaq ʼij ?
rajawa xik tane la ʼkat chakun wu kʼ .
xu taqchi ʼj p awa ram pu lew .
man aretaria xwan xe lik .
ri awix xu loq ʼ rachoch renimal .
are ri ix oq x in sikʼin u loq .
rich ʼimak ʼat ʼon na.
la x ibʼan lei chak ?
kʼi tin amite kʼopach ʼo ʼj .
kʼo jupuq chi j chi u xe ʼri che ʼ .
ri u xaqri abʼix areu wari kej .
kawin aq q ʼataj .
la kix p epa tijobʼal ?
we kechajix taqle kʼwaj achakin bʼij ; juna lik kʼo ja ʼ xuquje ʼ sibʼalaj saq loloj .
x reta ʼmaj .
ri ala bʼom ri alitoma bʼ tajin kikitijoj kibʼ rech su taq , arekakaj kikibʼan nimaq achija bʼ chupam ri kikʼas lemal, xuquje kʼo chik jupuq bʼixonel chupam ri komon .
la tz ʼ u wach ri bʼe .
kʼakʼ ri ach ʼich ʼ .
q onojel uj , uj maya bʼ taqwin aq .
nojel q ʼij ri ati ʼ xkuyuq ʼuj le taqaw aj jela ʼ pani kʼaj ja ʼ, chirij ri juyu bʼ u bʼi ʼ te na ʼ .
paq ʼom chik ri si ʼ .
kin tzukun che la.
kakitij le kin aq ʼ, le ichaj , leu wa ʼ lik ru kʼlej .
xe kanaj kan le ajchakibʼ .
ketik on ri achija bʼ .
sibʼalaj itzel u bʼantajik rich ʼ il akan .
ri ate ʼ k xu malty oxij cheri rati ʼt , r umal ri utzalaj no ʼjibʼal xu kʼut chech .
k kamulixu chak ri abʼix .
la xin utzukuj le tijoxel ?
are ʼ kachakun ro nojel q ʼij .
lee kʼa ʼ na taq tz ʼi ʼ .
saq ri j ri plam ux .
jas xaq ʼi ʼ oxa tijo .
jas ru kʼ x kichap wi u tijik le ri kil ?
we kat atin ru kʼ kʼatan ja ʼman ku q ʼatej ta le kʼakʼ ya bʼil corona virus .
la kat bʼinpa le uxlan bʼal ?
la waral kʼux ix wa ʼ wi?
are le nu tat kin loq ʼonik .
tajin kchakun ri ala.
kʼo ri kiʼkotemal awu kʼ .
xuta jachin ka ʼ e k .
x at wa ʼik x in wilo .
x tzaqri rachoch r umal ri ja bʼ .
pa le jun ikʼchik are nimaq ʼij .
ekebʼäm kebʼinpa u wi ʼ ri tem .
mem ri achi.
ri wik anchali ʼ y kel pa juyu bʼ ch wi tz iri bʼal .
le rajil , la pa ja xela q ʼax wu ʼbʼik ?
pari su ʼt pisom wiri lej .
koj p etik kol q akʼama ʼ .
tajin kat ch ʼopin chi u wach ri taq ʼaj .
leq ʼo r xch ʼuqik .
kʼax wa ʼ ima w umal .
kin bʼison che lew al .
sibʼalaj kʼokʼri awatz ʼyaq .
kamik xuj bʼe cheu tikik taqche ʼ pari juyu bʼ .
kin u loq ʼoj le nu tat .
chaqi ʼj chik ri chaj .
x yil ix haway i.
na x na ʼtaj tachke chi xe atin ik .
ru kʼ kʼu wa ʼwe ri ʼ, ri ix k kʼoji ʼ jun utzalaji kʼas lemal ri ʼ ch kiwach ri win aqche mane kʼotaiw u kʼ , kʼate kʼu ri ʼ man kʼota jun win aqri ʼ rajawa xik chiwech .
e p etin aqpa bʼe le rachala xik .
kakaj le akʼala bʼ kewa ʼik .
x uj ch ʼay bʼik .
ri nu chak are q ʼaxel tzij .
kʼo nar uxla bʼri awaj .
tajin kel loq , riq ʼij .
xu q ʼi ʼ ox kamsax ri rachal al choch .
ri numam are kʼo uq ʼinomal .
x kʼu lmataj jumul , xu bʼanjun nimalaj ja bʼ, man x bʼeyetaj tana xu kʼis leuyu q ʼ chike .
ama ʼri nutz ʼi ʼ .
jewa ʼkatp etik .
x in kosik r umal x in chakunik
iwech chi jujunal , ri wa.
xuq ʼi ʼ on ax atatintaj .
in riq tajin aq pari kʼayibʼal .
na weta ʼm taj .
kʼax le nu q ʼabʼ .
utz le xu bʼij le achi .
kematz ʼibʼ .
kʼo rachal al pa tz ʼoloj che ʼ rip e ʼl .
ro nojel wa ʼwe jas taqri ʼ, xas k sach wi u wach wa ʼ ; ru kʼ weri ʼ, ri ix , rajawa xik che kʼo junty oxlaji kʼas lemal e k kʼoji ʼ ri ich ʼawem ru kʼri dy os,
x muq taj ri patz ʼan .
rich ʼich ʼ tzijom kanoq pari u kʼol bʼal .
man kʼota u cholaj pa taqri aw uj .
jachike ikʼ leu nimaq ʼij le tin amit nawal ja ʼ ?
xep etik xol kikʼama ʼ .
kachuq ʼ chu tri ja ʼ chi apam .
x in bʼij iwir chi xe bʼepa armita.
are ʼ u xe ʼ ojer tzij waral kʼiche ʼu bʼi ʼ .
x kʼis ri nu si ʼ .
jawix kibʼij wichike ʼe wi?
¡ xa je kʼu ri ʼ, jachin taq rie kʼo pari jude ʼ a, chi chanim che ʼ anima ju bʼipa taqri juyu bʼ,
kʼakʼ ri abʼ .
la kʼo jun na kakʼoxomaj taj ?
nau tz ta leu tʼi som le almariy .
man ya ʼtal taj chi awekat okpa ja .
je ʼ, xa tutzukuj .
are kel waj xaqibʼ uq ʼij rix kʼojik .
rix un ku r k kʼoji ʼpa taqri triko .
x in sachik .
xu tʼuyu bʼa ʼ
na n utom ta le tzij …
wach ʼom ri kiwari no ʼs .
e kʼo jobʼ ch ʼil wa kʼ.
rajawixik chip ataqri tijobʼal , pani kʼaj u bʼixik chik
ri rajaw ru lew are ʼ tat kel .
we kʼu xokik , we kʼnax okta
we achi xu sipaj jun pʼo t chwe.
at at u taqo ʼn leq ʼatal tzij .
n aq ʼanta u wach le qap ru t .
ri xa ʼr kʼopa u wi ʼ riq ʼaq ʼ k p oq ʼowik .
ri ro q ʼej ri alija chakp e jun akʼal .
kʼo junalapa tijobʼal .
säq u wi ʼ ri tata ʼ .
riwi tz ikʼ tajinkpe loq .
jawi xsach on wi kanu ya ʼik le p waq che .
utz we achiwe x in kunan ik .
qo nojel kuj wa ʼpa u wi ʼ ri me xa .
ri kaxla ʼn ik man poqon taj .
in x in bʼe ru kʼri wachi ʼl .
sibʼalaj je ʼl x kilo xe kitz oqopij ri kichi j chila ʼ .
kin bʼinik x in ʼek .
kʼax kʼolik , kacha ʼ .
kutij ix im ri akʼ.
ri alix ch el , xu q ʼi ʼ oxa jun ak ʼ xsipax che .
x qasikʼij le ix oq chu tzakik su bʼ .
mata xa bʼinsaj lech ʼich ʼ .
rip ix tz ʼaralik r umal ri eqa ʼn .
¿jam pa ʼ kel chi 3%
kʼo jun nu kʼo toj chi ʼaj .
tajin kewa ʼ kat ri ala bʼom .
x in loq ʼ le nu kʼakʼ ap o ʼt .
na u tzakik ta su bʼ tajin kuʼano
x oj u taqchi ʼij xoj wa ʼik .
iwech ri abʼix .
saq ri j ri chi j .
aj sik cheri tin amit kel wiri tata ʼ .
- ¡ ay ! xa xin tzaqu loq , kʼax we waqan .
x kʼu lmataj pa jun komon chi ʼ u wach jun juyu bʼ , xu ri qa jun q ʼij x kiriq kibʼ junimul ru kʼ le kok .
jas xa taq chi ʼj le akʼal chu tijik ?
x inchapo suxu loq ʼo .
q ʼinom ri achi.
ri kʼum k tijow ru kʼ kabʼ .
tajin kejach ʼanik .
tz ebʼal u kemik le p asaw umal .
are kayo ʼw leu chikopil leu bʼantajik t ry panos omabr uc e i.
we kat niman ik utz kelik .
pero no ʼjimal p etn aq loq , .
are le nu chak jun tz uq bʼalwibʼ .
x kunax le ya wa bʼ r umal le aj q ʼij .
ri u kʼu ʼx tz ʼibʼ pa qatzij e lajuj .
sibʼalaj je ʼ lik rieqa bʼal xu bʼan ri lu ʼ s .
sibʼalaj at kon .
e man xo ri jupuq kej .
na x na ʼtaj tachke xe atin ik .
ri kʼamal bʼe xu bʼij chike, chi maja ri anim .
jumuch ʼri nu junabʼ .
q ʼip tajin aqri raqan ri tem .
kchakun ru kʼ ri jos bʼal che ʼ ri ajan el .
xa taqchi ʼj le akʼal chu tijik kar .
oj kʼopa le ro ʼch le awel .
¿ la kat pequ kʼ chwe ʼ q ?
le win aqpa lech ʼich ʼe tʼuyu l lo wi.
x kanaj kanoq chi u xe ʼ ri ja bʼ rich ʼa ʼn .
nim ri j a.
weta xa kunaj le at at matax kam la ʼ .
na nu kʼamom tu ʼ la ri ʼ .
chqa nu kʼu ʼri qatzij .
kim bʼepa le tin amit .
x in q ʼi ʼ on axin atin taj .
rajawa xik kakʼaman chawe leu tijik le le j .
kʼis bʼal taqno ʼjibʼal .
