xine ʼ wa ʼo q .
xkibʼan kʼaxche leu wo saq r umal man utz tachi kakay ik .
ri q ʼutu ʼm man kech ta le akʼala bʼ .
are na nim tal ea tz ʼi ʼ chu wach le nutz ʼi ʼ .
xe p etik x ol kila ʼ .
¿jawchi ʼ xata ʼ che xkam ri u mam ripo ʼx ?
e kebʼ kekʼam bʼik p atuj .
x in loq ʼjun japa ri w okaj ja.
ri a xtu ʼbʼ , kʼo qulaj chech .
jas karaj ka ʼan chu tzakik le ti ʼij .
xutij lew a.
x im bʼal re tzij .
xpax ribʼo ʼj .
we kawaj katin to ʼo xaqxu wi kabʼij chiwe.
jas nukʼu kuch ʼobʼo .
jas karajku tijo ?
xe x r u xla bʼ ri rik il .
e nitz ʼa ʼq le taqimul .
we tane in xin bʼano wik , are le ate ʼ k xbʼano wik .
kin tzalij pa le nu tin amit .
ri nu chaq ʼ kʼo pauro ʼq ʼatoj tijonik pari tijo bʼal .
x in xi ʼj wibʼ xinch ʼawik .
kʼo ch wa ro ʼch lepare .
chi raqan kabʼin wiri tata ʼ .
xsach on kanu ya ʼik le p waq che choja .
xinq ʼax chikixo ʼl ri win aq .
ke tikonik .
ri u lew man qech taj , kech ri qati ʼt q am am .
xepe le win aq x ol kikʼama ʼ .
xu loq ʼ ri wuj r umal ri ali .
chewe q ʼij kamik kʼo jun nu tzijonem chirij le nu tin amit .
kej ri ʼ .
xkunan ala q chwe.
kin u sikʼij le nunan .
ri i mul xu ch ʼij taj , xkanaj pa bʼe, r umal ri nimalku jaluj ri i mul , xutz aqri a nim .
kubʼanri u xoq ʼo ʼl ri aj tz ʼaq .
ri la sibʼalaj utzche kuna bʼal .
kʼi kiwach rie ʼ ajchaki bʼ pari komonty ox , kʼate kʼutxa junchi a jaw xel ;
xqat achi xa tulik .
kawaj chi kat ʼe k .
ch ʼuti ʼ n kekanaj ri xa ja bʼ chech .
kaqa xi ʼj q ibʼ kaqachapo .
e kʼo kebʼ ukʼa jol le tat xwan .
lu ʼ subʼi ʼ ri rech am .
aj chi u wi ʼm iq ʼinja ʼri l u ʼ .
xinya kan le nuchi mp akʼay bʼal .
kʼatex ri lo, xpe ri unan che utzukux ik , x kikotik , xu sala bʼisaj ri taqux kin .
xkikʼut chi u wach ri ajtij xuquje ʼ chikiwach ri taq nikʼaj kach il .
utz le nu q ʼabʼ .
kul le al we ʼl pa austin chaq ʼabʼ kamik .
ri ate ʼ k xtz aq loq arechi kʼopa u wi ʼ ri q ʼa ʼm .
ajp atan ri te ʼ k .
xatqaj chiupam ri il .
la kʼo tzij na kik ʼoxomaj taj ?
x sachon chkechixe atin ik .
ro nojel leu lew echa laq .
la xe bʼe k ʼula xe ʼkijaqa kʼu leu chi ʼ ja ?
xaqkat ch ʼok najiwi r .
kamik kʼo chiri jast aqawe .
arechi ʼ kakʼis ri juna bʼ kʼoq ʼinom .
pa nawal ja ʼ xina lex ik .
na xintat aj we are ri akʼal ki xtzuqu wi k .
¡ r u lew ri sabʼu lone r u lew ri nef tal i, u bʼeri polo w , r u lew ri jordan, galile ʼ a kech ri je taqam aq ʼ !
rax , ra x , ra x , kʼokʼ , kʼokʼ , kʼo k ʼle ru xla bʼ le taq tiko ʼn .
achi xat wilo .
paqal rajil le p ix kamik .
xoj bʼin ik .
pa jun je ʼl tijo bʼal ku tijoj ri bʼ jun akʼal , u bʼi ʼ p o ʼx , utz ku rilo ke pa tijo bʼal ro nojel taq q ʼij .
x waj chixa tʼet aj .
utz la ʼ le xubʼij le achi .
weta ʼ am jachin kap etik .
kin q ʼojoman ik .
xinq ʼi ʼ o takʼalik xinp etik .
are ʼ reta ʼm che kin opan ik .
areta bʼal eqa qa jaw ch atto ʼwik .
kawin aq waqibʼ q ʼat aj .
na qaj chik cheri u waq kaj bʼal are taq chi ʼ ksach u wach ri q ʼij , kok riq ʼequ ʼm chu wachu lew , chi kʼate ʼ nari bʼeleje bʼ kaj bʼal .
jobʼ raqan ri tz ʼalam xeporox ik .
sibʼalaj ko ri j ri mop.
are wa ʼ .
jela ʼ pari ti minit chwik ab yok rech xe laju ʼ , le qana nqa tat kakiti koje ʼ lalaj taqu wach ichaj .
kʼax nuqul .
xu ʼ l u kʼama ʼ .
ko jul kitzukuj .
are man kʼaxta u kunax ik are taqanin aqka ʼ ilit aj we ya bʼ ilal xuquje ʼ mojo ʼ qakuya ʼle kʼaxkʼol il chech le jolomaj .
ri w el kʼopa tijonik .
kawaj kin bʼij .
ri kotz ʼi ʼj k qakoj chiupam ri ja .
q ʼeq q ʼoj ri j ri a ma ʼkej .
na x waj taj xinch ʼawik .
ch peta bʼal e loq ʼalaj ja bʼ .
xsach on chke xat kisikʼij .
e leq ʼal ch ʼich ʼ .
jachin xa wilo chi are xtijo w ri ti ʼj ?
mata kabʼe le nu x bʼal pa letin amit .
pim r u q , ri ali .
¿ kʼo ri muq ʼechi awech ?
k qabʼij mankeko win taj .
kintij na.
kʼo jun qat ʼu ʼ y paja !
kʼop u j chiupam ri ch ʼa ʼk .
are taqkinko sik kin wari k .
xat wa ʼ ik xin wilo
in xinch ʼayow le achi .
konojel ri alax ik ke ʼ e tz ʼan ik .
jas rukʼ xkitij wile kirik il ?
anin aqil kat p etik .
na ra xta u wach le juyu bʼ .
ri tz ʼalam tz ʼibʼabʼal rax kkayik .
we cha t chakunik , kʼo awa.
ma ʼtam xat pecheri wa ʼ im .
kamul kin wa ʼ na.
ri sik il k tijo w rukʼ ik .
kim bʼe aq ʼan rukʼ le alt al in .
xoj ʼ ek xe ʼ q ilal ar qas ok .
xe kiq ʼil le ajchaki bʼ xkiwok le ja .
mat anex waj le kʼu hj nem rukʼ le ate ʼ k .
are xe ʼopan chiuchi ʼ ri juyu bʼ , xkilo chiman qas tak ʼoq ʼayes .
kʼate kʼut , ri jesus mank kojon tachkech rie ʼ are ʼ , r umal rech che konojel reta ʼm kiwach ,
pa ʼ tz rij ri tz ʼi ʼ .
juwin aq waqibʼ q ʼat aj .
atel aq ʼom .
xaqat jo ʼ s .
ri q ʼatzu, are q ʼalaj ri u q ʼij il .
ajchak we ala .
u bʼelej u kakʼal taqanik (29) .
kebʼ nu bʼi ʼ kʼolik .
laka tzalij l u ʼ la anin aq ?
katzukun la chwe.
lakaj la koj bʼe ʼ pa lechomal chwe ʼ q ?
x in na bʼej chu ta sik qakʼoli bʼal .
lal xinto ʼw ik .
sibʼalaj a no ʼjibʼal .
xoj p etik x ol q akʼama ʼ .
sibʼalaj je ʼlik ri u wa ʼl ri ichaj .
kʼax wij r umal in pachal ik .
are taqxu kʼulmaj wa ʼxu l ri u choman ik xubʼij : are utz wa aq ʼabʼ kin walij ik , arecha ʼ chanim kin opan pa tijo bʼal , maj chi kinkʼulmaj .
oj aj xojolo bʼ pa awasq ʼij .
x in sach che leu w okik le tzij .
e julajuj ri akʼ .
xuta jampa ʼ koj ʼe k .
qi lik .
ri tijoxel man aret anim chu wach ri rajtij . ri utz tijoxel qas jeri ʼ kʼolik jas ri rajtij .
in xa tin ch ʼayo .
no ʼjim chak w umal .
ch ʼu r ri jo ch ʼ .
inkin bʼij naka tsach taj .
uj maya bʼ .
ri abʼaj ya tzalik .
tajin kepixbʼax ri akʼala bʼ .
chom ria q .
x in wa rik .
elemen konojel ri akʼala bʼ .
tajink q ʼa nar ik ri we re ʼ aj .
leu kemik lepas utz ( chawe ).
xuyu p u bʼa u wach ra ʼ chi, kacha ʼ , .
ri satanas kok pari judas ri k bʼix is ka ri ʼo tech rech , ri are ʼ junch kixo ʼl rie ka bʼ lajuj .
chu chu ri pa r .
kin qumuj ri nu jo ch ʼ .
chech punción lumbar am aq ʼel ra jaw axik chech ri lik leu kʼex bʼem wi lena bʼe rukʼ leuka bʼ u kʼutunem le ya bʼ ilal .
q ʼalaj china kawaj taj kabʼij .
kʼoq ʼol chirij ri si ʼ .
jawi xoj ʼewi chu loq ʼik ?
kʼou loch ʼri t al in .
q ʼan ri j ri ati ʼt nuke j .
la xtzalij la iwir ?
xesikʼix ik , kʼate kʼu ri ʼ xeyajik , xuquje ʼ xetaq bʼi cheu sikʼik le mes .
lak ix war ik ?
are kʼule pa lomax xubʼij che: - mam kat bʼison taj , kin sikʼij nikʼaj wachi ʼl kerapapik .
a ʼ ree tijoxela bʼ .
ri alajali si ʼl xubʼij x qa chappa utz al ri ty ox .
x sachon chke jachin xe atin ik .
jas xu rayij leanan xu tijo ?
xinko sik .
rax ro nojel ri q ʼayes r umal leja bʼ .
kinya wa ʼ wech ʼich ʼ pinem na utz .
no ʼjimu pach ʼux ik le nu wi ʼ .
naj kʼo wile wo ʼch ch u wach letijo bʼal .
ri okibʼal kʼochi u wach ri saq ja.
xe nu taq ch ʼij ke kil le akʼala bʼ .
kʼo junq ʼox owem chiwe.
tz aricho ʼm .
we choj bʼepa le nimaq ʼij , keq il le aj xojolo bʼ .
xoj ʼ ek xe ʼ q ilal ar qas ok .
ri ate ʼ k xuta ʼchech r inanto ʼn :- nan jas che ʼ chi mankaj tal aq akʼatisaj ri jo ʼ q .
ri p al sibʼalaj xu ʼ y .
kin koj ri jokbʼal u lew .
inkin bʼij naka tsach taj
at rajku nle nunan .
kuqamuj u joron ri aj tzij .
lu ʼ tz ʼalam u bʼi ʼ ri achikel pa nim che ʼ .
je ʼ lik uti ʼ jol al ri saq ko ʼr .
kʼo jun xa ʼr paja.
x in loq ʼjun kʼakʼ p atan .
kʼax u kemik le pa sawumal .
anin aqu kemik le pa sawumal
rich ʼa ʼn sachin aq pataqa bʼix .
rax taq le kotz ʼi ʼj .
mesom kanoq ri u pam ja.
man areta r alax kosik .
ri komon xech pu p rech uq ʼabʼ tin amit xo ʼl abʼaj rech q ʼu markaj .
la utz akik kʼu subʼ tajinku ʼano ?
katela !
na xutij taj .
xar umal keta ʼm konojel ri win aq k kiqumuj leja ʼ .
iwir xuj tzalij la pa kʼay bʼal .
q eta ʼm cheri qawakuj u to ʼo .
ri ajtij , kya jon chikech ri akʼala bʼ .
jas u bʼanom le nuch ʼuti tat ?
chwe ʼ q kin bʼepa nim tin amit .
utz we kiweta ʼmaj jas kubʼij ri chol bʼal q ʼij .
tajinkatj ilo w che uq ʼoxom jolom aj .
xin tik q ʼax chiu wach ri ja .
kʼax le kibʼe le win aq .
loq ʼ kat kun taj che leya bʼil (covid- 19).
ri nu xibʼal kel paqaj bʼal q ʼij .
xril ria x wan chix wa ʼ ri ala .
le alix kunat ajik .
weta kape leja bʼ kamik .
x inweta ʼmaj china x at pe taj .
ri p waqrech we q ʼat aj ri ʼ kesax chech ri toj bʼal kʼayin em .
ktij ri u wa ʼlik r umal ri kinimaq ʼij .
xu chapu kunax ik .
ch atan loq ali .
x in xu l i ʼ q aj oq .
je ʼ lik k tijo w ri taqik ox .
kʼate kʼu ri le tat xo ʼr xubʼij , man kawaj taj , man kawaj taj .
kʼo jun tz ʼi ʼ pa bʼe.
kamul xin p eche atzukux ik .
man tajin takin chakunik .
kin chakunik rech kat wa ʼik .
jas rukʼ xa wil wichi xkiqu pij wile ti ʼj .
jasu bʼix ik … ?
koq ʼ ri akʼal .
kawaj na kat ʼe taj .
xat q ʼajik .
we m na cha loq ʼaxiyal , na kim bʼe taaw ukʼ .
x opan le wuj awuk ʼ r umal wechin.
are kʼutpa le juyu bʼ k kʼiy joron, chila ʼ xe kikʼam awiri ja ʼ ri win aq .
koq ʼ ri akʼal .
we kʼo arajil cha kʼamal oq .
are sibʼalaj kaq le apo ʼt chu wach le nupo ʼt .
xinkʼas taj p aka bʼ lajuj kaj bʼal .
kaqoy ʼej na kixp et aj .
ko kaxim ri chi j xa jela ʼman kanimaj ta bʼ ik .
ri kok nojim xbʼe k , xuch ʼijox opan pa u kʼis bʼal il lea nim .
xoj ki ʼ kotik are taqxa tulik .
kaq itz ʼ naj ri u xa ja bʼ ri akʼal .
ri jesusk wa ʼ kat pari nim rachoch ri dyos , chuxe ʼ ri junja che rachoch ri salomon .
we taqanik ri ʼ kubʼij chi ra jaw axik kya ʼu q ʼij ri win aq xuquje ʼ kto ʼanin aqil .
ri a xux are nari ukunel ri kin aq ʼ .
are taqwa ʼ ri u q ʼijol we taqanik .
kʼo jun ta bʼal pa u wi ʼ ri xkanulu bʼi ʼ lajuj no ʼj .
yu ʼl u bʼanom ri u kolo bʼ ri kej .
xa nimaj ri akʼal chi u wach ri u chuch .
k kunan ri achi.
kin wa ʼik rech na kinyo w aj taj .
aj x ik ch ʼich ʼri l u ʼ s .
k waj che ix kix bʼano wik .
aʼre xeto ʼ wala q .
xoj ʼ ek xe ʼ q ilal ar qas ok .
xin loq ʼ junch ʼich ʼ , q ajin aqu wach .
kut ʼis r ipantal on .
e janipa le awal k ʼwa le kʼolik ?
utz u kemik lepas chawe.
ri max are aj q ʼani ya ʼ .
mata bʼ achiri q kʼaxpa le bʼe.
tajin kanimaj , ri me ʼ s .
i xi xe ʼ la q ʼoma bʼ !
x sachan chwe.
e kʼo kʼiche ʼ , chi u wach ri juyu bʼ .
are wa ʼ ri nimalaj p ixa bʼe are wa ʼri na bʼe.
xreta ʼmaj chi rukʼ p ak ʼ kutij wi
jas utz ak ik le subʼ xu ʼano ?
aj xo ʼ y ri wi kan .
we tane a ʼ re xetijo w le rik il , are le komon xetijo wik .
sibʼalaj anin aqkach ʼaw le are ʼ chi nu wachin .
utz we kinchakuj .
me ʼ s la ʼ .
kʼokan wa rech kaqatijo .
x in sikʼij la .
ri akʼal xsach kanoq jela ʼp ataq ʼaj .
xesikʼij la .
jawi xkibʼij wichike ʼ e wi ?
r umal che, man ix tari ʼ ri kixch ʼawik , are ri r u xla bʼ axel ri i tat ri ʼ ri kch ʼaw na iw ukʼ ri ix .
kʼakʼ ri wachoch .
sibʼalaj utz kin wil le atz ʼ yaq rech na huala.
saq por k kay ri kipo ʼt ri na n.
xsach on ri nu chak chwe.
wa ʼim xu chapo .
ri q ʼaq ʼ tajinka julu wi k .
naj il u pam ri siwan .
e kʼo ri qachal al pa chi u wi ʼ la.
jas x at aq chi ʼj le akʼal chu tijik ?
no ʼjim u kemik le pa sawumal .
kʼo jun kuku bʼi ʼ tin tin , wa ʼ le laj kukmam kaj eq it aj , kapaqi kaxulik pa u wi ʼ uq ʼabʼ taq che ʼ , sibʼalaj sakʼaj , ke ʼ uto le e nima ʼq , ch ʼutin , rachi ʼl , aj sipanel sibʼalaj utz ra nima ʼ .
ri u p ixa bʼ leq ʼatbʼal tzij kiya ʼu bʼix ik .
na xsach on tachke xe atin ik .
xeqille chiko p p u wi leja .
x lo ʼ taj ri akʼal .
qo nojel kuj wa ʼpa u wi ʼ ri me xa .
xsikirle wa qa n.
la xa t wa ʼkʼut ?
nimu bʼaq ʼri tulul .
kin x ikʼ ikʼ ik xinq ʼax ik .
la kat bʼepa letin amit ?
ri pa l sibʼalaj saq ʼo r .
k q ʼox ow nu jalom .
xinna ʼ o chi kat p etik .
x loq ʼ u lew iwech ix .
xinchakun rukʼ ri nu mam .
na x qabʼant aj .
k kʼoji ʼbʼa ʼ ri u sipanik ria jaw xel jesusk ri sto rukʼ ri awu xla bʼal !
kin ch ʼaw rukʼ le nunan pa le ch ʼawebʼal .
sibʼalaj q ʼequ ʼm r umal ri mayul .
are le ba xulik .
xeko s le ix oqibʼ pa le bʼe.
kʼax ri lik le akʼal chawe.
xinq ʼi ʼ oxin atin pa joron .
sibʼalaj nim le tin amit .
kʼax u kemik le pa sawumal .
x in sachik .
tajinke l u kikʼel pa raqan ri tz ʼi ʼ .
x inweta ʼ maj ri lik wibʼ
ri q ʼuq ʼ are jun je ʼl chiko p.
kʼo pajatijo bʼal ri wi kaq ʼ .
ri sachi bʼal mak rajw axik chiqa xo ʼl .
je ʼ , kim bʼek .
jela le ʼ ri nu p wi ʼ .
xubʼij che: - jas xabʼano tin tin ?
kabʼan juntoq ʼobʼ kya k ri nu jal .
kat ʼe k xinta .
jas leu kʼex bʼem ri bʼ le jun rukʼ le junchik ?
aj chi u wi ʼm iq ʼinja ʼri l u ʼ .
ri tijonel najk pe wi.
te ʼ k ix cho bʼ u bʼi ʼ ri nu tat .
ri ja ʼ kamiq ʼik chi u wach ri q ʼaq ʼ .
ri t ʼu ʼ y k paq ʼo wik .
kin meson na .
na qaj at kʼowi chiwech .
x in bʼisonik taq na xa t p et taj .
we xkam ri win aq , ri p waqrech toj bʼal makaj kya ʼchikech ri r alax ik .
ri nunan x bʼepa kʼay bʼal .
xoj u kʼamu loq rech koj ri lo
x kʼoto chin chikiwach chi kin wa ʼaw ukʼ .
na xkikamsaj taj xkikʼam bʼi choja .
kʼakʼ ri ikʼ kamik .
x im bʼe rukʼ leaj kun iwir.
ri lik .
le tz ʼi ʼ xeko sik .
x in kikota wu mal .
ri i mul xu maj ria nim , xuya kan le kok .
kʼo oj cheri akʼal .
xuj bʼepa jun kʼu lanem .
utz we k waral aq .
kaqilo china koj u kʼam taj .
xreta ʼmaj chi rukʼ pa kʼkutij wi.
sibʼalaj xinkʼa ʼ nari k .
xinko chij ri nu wa .
mankatko win taj kat chakunik , we man kʼota ri ajila bʼal .
we w onon xubʼij chike: - k ix into .
ri ala nim k ri l wiri u mam .
x ka ʼy chirij , xka ʼy chu wach , ma kʼot achi jun ksilo bʼik , xoq ʼik xu xe ʼ j ri bʼ xch ʼopin ik xtzalij loq xu ri q tachik ri u bʼe.
kʼo pus cheri w a.
pinem na ka bʼe le wa tz , kim bʼewi in pa ka ʼ y ibʼal .
r inanto ʼn nim win aq chik , saqu wi ʼ , ro nojel aq ʼabʼ utz kuna ʼo kat ʼuyi ʼ pautem , ku mi q ʼisaj ri bʼ chori q ʼij , kʼo junu wi ʼ u mam u bʼi ʼ ate ʼ k .
mane kʼit aj ri qula ʼ .
q ʼalaj china kawaj taj kabʼij
xpaqa bʼisax rajil ro nojel ri kem .
kʼopa ri jul ri kumatz .
ro nojel q ʼij kin ch ʼaj le nu w are .
saq chikan le ichaj rech katzako .
chu xe le qachomal kaqatij wi jun qame q ʼin .
chawila ʼ .
e kʼojo bʼumi ʼ al , ri nu tat .
jas rukʼ xa wil wi
je ʼ jas ri win aqrech ri u wachu lew , xoquje ʼ kepenari ʼ rie ʼ are ʼ chee rech ri u wachu lew ; je ʼ jas ri win aqrech ri kaj , xoquje ʼ kepenari ʼ rie ʼ are ʼ e rech ri kaj .
x in tijo .
k tz ʼuj u w ri rachoch ripo ʼx .
xuq ʼi ʼ o are leu kʼu lel xya ʼo w uwa .
ri awel xreta ʼmaj chi ra jaw axik man ku xej tari bʼ cheri tuku r .
jukʼulaj win aqxe ʼ a nimaj bʼik .
je ʼ , xin tzalij ik .
xoj p etik x ol q akʼama ʼ .
maj jachin x ʼe k .
in ajtij ; at tijoxel .
saquwi ʼ ri tata ʼ .
we ch ri kem .
le ro ʼ ch le ate ʼ k kʼoch wach leu kʼay le nunan .
k bʼepa ri siri ʼ a e pari silisi ʼ a, jawi je ʼ kuya wiri kichuq ʼabʼ ri komonty ox .
p ixa bʼ : man utz taj kʼaxkujch ʼaw chikij nikʼaj qach il .
xkunat aj le ali ( kumal ri ix oqibʼ ).
rix ibʼibʼal chi kʼowi p ataqri qakʼas lemal ro nojel q ʼij .
na kuj war ta waral .
on chek kʼoji ʼ ri utzil chixo ʼl , are ch junam ri qa kojonik , junam ri iwech ix rukʼ ri wechin .
pa oxq ʼij ri sa ʼn kbʼena rukʼ ri aj kun .
kawin aq wuqu bʼ .
jas kawaj kintijo ?
weta xat bʼew ukʼ pa letin amit , xa loq ʼ tala ʼ leu jast aq le akʼajol .
kebʼe p awa ʼim .
x in loq ʼ kʼi w a.
pa jun nim kʼache ʼ laj , kʼo jun k ʼwa ʼ sibʼalaj saq loloj , nimu wach .
k waj katij jubʼa ʼw a.
ro nojel win aq k ri l nari u kolon em ri dy os » .
x kʼoto chin chikiwach chi kin wa ʼaw ukʼ
k waj na kat ʼe taj .
la xa loq ʼ juna lej ?
e kʼo ri e loq ʼoman el .
ri uka bʼ u bʼi ʼ ri nu mam are ya y .
kin jopij ri i ja ʼ rech t ri ko .
x na ʼ taj chke xe atin ik .
xate ʼ q ila ʼ .
kakitij al anxax ri win aq .
. . . kin bʼij chi are wa ʼ sin xi ʼ an.
na xin na bʼej tach u tasik qa kʼoli bʼal .
r umal rech chewe ri in, kinch ʼaw rukʼ ri dyos pa ch ʼabʼal , k ch ʼaw na kʼu ri ʼ ri wu xla bʼal rukʼ ri dyos , kʼate kʼut man kʼota u p atan ri ʼ ch rech ri nu choma bʼal .
xepe tik xkilo .
xutawekat ʼek .
utz u kemik lepas chawe.
ri nu wa kax xutij junq ʼoq ʼ r umal ri ʼ x kamik .
r umal ri kʼix , manke wa ʼtaj ri win aq .
xe ʼ u lik .
q ʼeq rij ria ma ʼ chij .
xraj ka ʼel e unan .
junam ki juna bʼ .
naq ʼalaj taj we ka ʼ ek .
ri w ix nam ch ʼajch ʼoj ri rachoch .
waral man kʼot aj a jaw al .
na iwi rta xrille kʼamol bʼe.
xin pe loq te kʼu ri ʼ x intzukuj ro nojel ri nu rajil .
ri aj tikonel kutik ri tzij .
kʼo e kik ʼajol le achija bʼ .
kutij q ʼayes ri ixpa ʼ ch .
pari wa ʼbʼal e kʼo kawin aq achija bʼ .
si p ojin aqri nu pam .
kaya ʼt ajik rukʼ uti ʼ onem jun ri u riqom leya bʼil am olots etsé xuquje ʼ are kaya ʼtaj p ataqri juyu bʼ .
jachin ri achi ?
ri nu mam x kamik aret aq kʼo jumu ch ʼ lajuj u juna bʼ .
kinko win ik kinkʼam bʼi le p waq .
kin wilo chi utz ri aj i ʼ .
xinq ʼil riapo ʼx che man kachakun taj .
k wa ʼ chi u wach le taq ʼaj ria ma ʼ akʼ .
ri imu lxep oq ʼik pa jun ik ʼ .
xkʼis kanoq ri qachak .
are ri alix oj ilo w kanoq .
sibʼalaj ch ʼu ʼj ri a max .
kʼo nu wachi ʼ .
inchajin el kech le akʼala bʼ .
xeko s letz ʼi ʼ .
kin bʼena kukʼ ri molaj .
ro nojel aq ʼabʼ kin yitz ʼri w akax .
ka rapin ik xu tzukuj chi jun awaj .
leu kemik lepas anin aq ( a w umal ) .
maju rajil leq ʼabʼ arel .
kʼax ri ʼ ri kach ʼawik .
xoj u taq chi ʼj le achi chu loq ʼ ikichaj .
sibʼalaj kʼax ri xkʼulmax ik .
xkilo china kink ʼoxomaj taj .
x na ʼ taj chkechi xe atin ik .
x kʼoto chin chikiwach chi xoj al wo ʼ qakukʼ .
junq ʼ u ʼ q rajil ri kaxla ʼn wa.
x in wilo chixe ʼ e lik .
e kʼoix oqibʼ pa le kʼay bʼal .
man kʼot aj u kʼisik ri maya bʼ aj la bʼal il .
risin k kʼiy p ataq ʼaj .
ri ch ʼim a mankkʼiy taj p ataq ʼaj .
ra jaw axik k jikik ri waqän .
kawaj kinʼe k .
e kʼo oxibʼ akʼ .
xubʼij chwe jawi at kʼo wi.
chwe ʼ q kuj bʼe ʼ pa muquj .
pa saq kʼaja ʼ kbʼan wiri u q .
xoj kisikʼij .
x in wil wibʼ .
chaq ʼ chik ri wa .
kim bʼena kapa le wo ʼch .
kawaj kinʼe k .
ri ch ʼu ʼ k tij rukʼ lej .
pari kiq ʼij kamin aqibʼ kbʼan q ʼo ri kʼya ʼ rech aj : na bʼe rinan kutzukuj kan ri aj , kujach ʼo ʼ xuquje kukʼ eto .
jas kaj bʼal chanim ?
utz u choman ik ri ali .
pariq ʼijox lajuj tijax kin kʼis kebʼ juna bʼ kinchakun waral .
sibʼalaj ko , ri kʼakʼ ch ʼat .
jas karaj kubʼij … ?
ri ch ʼich ʼ kasila bʼik .
pa ojerq ʼalpu l xaqxu wiri nim win aq kekʼamo w bʼe.
leu kunax ik leuka bʼ u kʼutunik are rukʼ e flor nitina on u tunibʼax ik le nifur tim oxchi ʼ le flor nitina chech t . b. g.
are ri achi xinch ʼayo wik .
jun achi u bʼik u ʼxu sipaj kebʼ kʼa ʼm u lew rech kabʼanri tijo bʼal , kamik , kʼo chik ajtij rech ri komon xech pu p .
xu malty oxij cheri ajtij ro nojel le xu kʼut chi u wach .
pari bʼ e xkiraq junala jimul saq rij , xkikʼam bʼik .
xrille bʼal e ala .
jas kubʼij chwe ?
leu kunat ajem are rukʼ utzukux ik leu chikopil pa junu solik u xe ʼ lekik ʼonleja ʼ rech jun nodo .
utz wen utz ʼi ʼ .
je ʼ , tajin kachapon ik .
kin u loq ʼoj le nu tat .
kawaj kim bʼep atin amit .
are la ʼ kinchakuj .
ri nima ʼq taqwin aq kʼoketa ʼma bʼal .
weta x at bʼew ukʼ pa letin amit , xa loq ʼ tawa ʼwe jast aq .
ri kikʼas lemal . wa ix imu lew xa junchima are ta ti nimit ri ma
ri u kʼya bʼal naju pam .
xatqaj chiupam ri il .
nojim kat wa ʼik .
we kʼo jun k tu qa ʼri k , ¿ la man xoquje ʼ taj kin t uq a ʼr ri in ?
ojoj w okol ja.
awas kbʼan kʼaxche jun nim win aq .
xinch ʼaw apan rukʼ le wa na bʼ .
kʼax ri u pam ri ju ʼl .
tajinke wa ʼri i mul .
lakaj la kuj tzalij la anin aq ?
r umal rech cheri makaj mankʼo tauko winem p iwi ʼ ri ix : ri ix man ix kʼot achich u xe ʼ ri p ixa bʼ , xane ix kʼo chu xe ʼ ri sipanik .
nim raqan leche ʼ .
x inchapo .
are le tu ʼ r le loq ʼoman el .
xas kat kʼoji ʼ chiupam ri ch ʼich ʼ .
sibʼalaj nim raqan ri kʼamal bʼe.
le tz ʼibʼabʼal wechin .
in xinto ʼw la .
xaje kʼu ri ʼ ri ix kamik ri ʼ man ix kaxlan win aq tachik ; ri ix , ix rech ri kiti nimit ri ety oxlaj taqwin aq , ix rech ri rachoch ri dyos .
x in tiko xlaj kʼal ichaj .
kaqariq q ibʼ chwe ʼ q .
sibʼalaj utzcheri wi ʼ aj ri tuney .
we na jupulik ta xeqajik . . .
xinto ʼ taj cheri nu chak .
kʼo junchiko pu bʼi ʼ pum .
p oqon ri ik .
xoj bʼin ik .
xuch ʼe kro nojel le reta man ik xpaqi ʼ k kʼaxkwʼin ik xubʼanaj kun .
kel u bʼik pari jude ʼa e k tzalij chi u bʼi jumul pari galile ʼ a.
xinax ibʼij pa bʼe.
je ʼ l kʼolem chi awachoch .
ro nojel ri ya ʼtal il pa we q ʼat aj , tz ʼaqat kiwach , mank tz aq takan oq xuquje ʼ mank tast aj .
xukunaj leya wa bʼ le aj q ʼij .
chi tata bʼej jas le kim bʼij .
ch ʼan al ri achi.
pa bʼ oko ʼ kachakun wiri tax .
uj kʼopa u wuq q ʼij .
ki ʼ ri uka bʼ ri a qaj .
kʼo rachal al pa tz ʼoloj che ʼri pe ʼl .
xkilo chi kink ʼoxomaj .
ri u kisakʼ utzk ya ʼik chi u xe ʼ ri tiko ʼn .
are taq chi ʼ kaq ʼanpu wi ʼ ri juku bʼ , ri achiche xkʼoji ʼ ri itzel u xla bʼal rukʼ , kuta ch rech ri are ʼ , are chk kʼoji ʼ rukʼ ri are ʼ .
na kabʼant aj ta w umal .
x na ʼ taj chke xe atin ik .
xinpaj ri nu triko .
xe ʼ ok ri p ok ʼ pari u me xa ripo ʼx .
kajulu w ri aq ʼa ʼl chi u xe ʼri tʼu ʼ y .
awech leja .
xuj bʼepa tzur ik .
na bʼe xa to panik .
ri uka bʼ u bʼi ʼ ri nu mam are ya y .
uwaj xaqu kakʼal taqanik (28) .
mata kʼo jun kakanaj kanoq , qo nojel koj bʼe k .
e nima ʼ q le al toma bʼ .
nimu wach ripo ʼt .
kojonik pari utzij wa ix imu lew .
jas xukʼam bʼi letz ʼi ʼ xa wilo ?
xinp etik, tat .
ri bʼelaj u wach .
chi tata bʼej jas ri kim bʼij .
je ʼ l kuna ʼ ria bʼix chiupam ri ququ lew .
kin bʼisoj u wach lew al .
x ut ʼuyu bʼa ʼ .
nim r ia w eqele ʼn xa riqo .
xine ʼ wa ʼo q .
chi ʼ ke war wile akʼala bʼ .
ri nu mi ʼ al xutaq loq jun taqo ʼm wuj chiwe.
q ʼe ʼ lik , rich ajpa ri bʼe .
la utz awach ? - utz malty ox , e kʼu ri at ? – utz malty ox .
x in kos r umal nu chak .
k bʼe kukʼ rie ʼ are ʼ ek tzalij pari nas are teke ʼu nimaj .
ri joj xukʼam bʼik ri akʼ .
kʼochi wachi ʼl chanim .
kubʼij chech na ʼl kabʼan cheri atz ʼibʼ .
e. . . in kawaj katzjoj bʼi la chwe.
mata xinya j le ali .
jachin rukʼ kat bʼewi ?
kʼo sibʼalaj eta ʼma bʼal pari maya bʼ no ʼjibʼal .
e man xo ri jupuq kej .
kasumum ri kaqiq ʼ .
e kʼokaji bʼ akʼala bʼ pa le bʼe.
je ʼ jas ri u tat k ka ʼ yik .
xaqat molon el tzij tal .
le nu tat kaloq ʼon chwe.
xaqtane kim bʼei w ukʼ .
xreta ʼ maju ch ʼajik .
r umalla ʼ xkoj “ xalq ʼat ” cheu bʼi ʼ ri komon .
are le u kemik pas xreta ʼmaj .
ri wa ti ʼt kubʼan nari u p atan .
kʼakʼ le p o ʼt .
reta ʼm u wach jachin x loq ʼo w ri pas .
kench ʼabʼej le akʼala bʼ .
ya ʼtal chaqe q onojel ri uj win aq utz kaqilqi bʼ .
x koti ʼ p aq ʼayes x oq ʼik .
kawin aq bʼeleje bʼ q ʼat aj .
e kʼokaji bʼ r al ri i mul , jun saq , junq ʼan , junq ʼeq , junq ʼeq oj , sibʼalaj ketz ʼanik , kech ʼopin ik ri alajt aqimul .
k cholol ria chachal .
kete kik ri ikʼ .
xe p etik rechke wa ʼiw ukʼ .
tz atz ri u q ʼan il ri akʼ .
xoj tzalij ik xi xe ʼ qaq ʼatuj kukʼ le i tat inan .
ri yo ʼ xtaq akʼala bʼ ke kikʼux ri atz ʼya q .
we achi we xu sipaj jun po ʼt chwe xkamik .
k ko win ri kunan el che kunan ik .
xjiq ʼ pari polo w .
xar umal sibʼalaj ra jaw axik le loq ʼalaj ja ʼ, le win aqxkibʼij : chewe ikʼ ri ʼ qo nojel kuj bʼe cheu tikik taq che ʼ .
ri unaner ie rachal al kepe u loq rukʼ ri are ʼ , kʼate kʼu ri ʼ , mankeko win taj keq ibʼ u koq rukʼ , r umal rech chee kʼo sibʼalaj win aq .
r umal rech , che man kʼota jun k ko win cheu kojik jun tikibʼal il chik chu wach ri kojom chik che are ri jesusk ri sto .
te kʼu ri ʼ x utz ʼibʼaj ri bʼ pari nimalaj tijo bʼal rech aj ku ʼ n.
kajulu w ri ch ʼu mil chaq ʼabʼ .
kʼis bʼal kanoq , xoquje ʼ k kam ri ix oq .
le alax okik .
kʼop waq pa u wi ʼ ri me xa .
are kawaj na kin ʼe taj .
riya wal kukoj ri ali chi u xe ʼ ri cha kach are usu ʼt .
na kaqakʼam tu ʼ bʼi kamik .
ri ajtij kubʼij chike: ra jaw axik keqa chajij ri awaj , are u tiko ʼn ri a jaw .
xin tij mukuni wir .
kʼax leu wi ʼ taq le nu q ʼabʼ .
x in loq ʼjun il bʼal wi bʼ .
wa ʼwe q ʼij , nimu bʼant ajik .
ri u xe ʼ al ri qatin amit man kasach taj .
xoj bʼin ik .
ri achal al junam kiwach .
x inweta ʼ maj ri lik wibʼ .
nim ri una ʼoj w ajtij .
mi q ʼin ri kʼul .
aj q ʼojom ri a te ʼ k .
chelesan ik che ʼ kbʼan wiri q ʼojom .
kape le awel pa nawal ja ʼ .
ri meson el tajink chakunik .
utz chaqe kaqato ʼq ibʼ , taq kʼo kʼaxkʼol il , kate we chi ʼn ria jaw paqawi ʼ .
xa wilo , xq ʼatan le ibʼo y .
xat ko win ik xabʼano .
ki ʼ ri kʼawex .
kajil il ri bʼe.
le alix el bʼik .
are ʼ xraj xinbʼano .
nim we abʼaj .
je ʼ lik uti ʼ jol al ri saq ko ʼr .
nojin aqri kej .
we katijan xu x mankat uto ʼt achi u q ʼat ix ik le kʼakʼ ya bʼil corona virus ( 2019 - ncov).
na nim ta raqan wa ʼwe che ʼ .
utzalaj ajchak , ri we l .
¿jam pa ʼ kuj bʼepa nimaq ʼij ?
ra jaw axik tane la ʼkatchakun wukʼ .
xutaq chi ʼj p awaram pu lew .
man are tar iaxwan xel ik .
ri awi x xu loq ʼ rachoch re nim al .
are ri ix oq xin sikʼin u loq .
ri ch ʼim akʼat ʼon na .
la xibʼanle ichak ?
kʼi tin amite kʼopa ch ʼo ʼj .
kʼo jupuq chi j chi u xe ʼ ri che ʼ .
ri u xaq ria bʼix are u wari kej .
kawin aq q ʼat aj .
la ki xpe p atijo bʼal ?
we kechajix taq le k ʼwa jacha kin bʼij ; junalik kʼo ja ʼ xuquje ʼ sibʼalaj saq loloj .
xreta ʼmaj .
ri ala bʼom ri al itoma bʼ tajinki kitijoj kibʼ rech sut aq , are kakaj kikibʼan nim aq achija bʼ chupam ri kikʼas lemal , xuquje kʼo chik jupuq bʼixonel chupam ri komon .
la tz ʼu wach ri bʼe .
kʼakʼ ri ach ʼich ʼ .
qo nojel u j , uj maya bʼ taqwin aq .
nojel q ʼij ria ti ʼ xkuyuq ʼuj le taqaw aj jela ʼpa nikʼaj ja ʼ, chirij ri juyu bʼ u bʼi ʼ te na ʼ .
pa q ʼom chik ri si ʼ .
kin tzukun che la .
kakitij le kin aq ʼ , le ichaj , leu wa ʼlik rukʼ lej .
xekanaj kan le ajchaki bʼ .
ketik on ri achija bʼ .
sibʼalaj itzel u bʼant ajik ri ch ʼi lakan .
ri ate ʼ k xu malty oxij cheri ra ti ʼt , r umal ri utzalaj no ʼjibʼal xu kʼut chech .
kkamulix u chak ri a bʼix .
la xinu tzukuj le tijoxel ?
are ʼ kachakun ro nojel q ʼij .
lee kʼa ʼ na taq tz ʼi ʼ .
saqri j ri plamux .
jas xaq ʼi ʼ ox atijo .
jas rukʼ xkichap wi u tijik le ri kil ?
we kata tin rukʼ kʼatanja ʼmanku q ʼatej ta le kʼakʼ ya bʼil corona virus .
la kat bʼin pa leu xlan bʼal ?
la waral kʼu xix wa ʼ wi ?
are le nu tat kin loq ʼonik .
tajin kchakun ri ala .
kʼo ri kiʼkotemal awukʼ .
xuta jachin ka ʼ ek .
xat wa ʼik xin wilo .
xtz aqri rachoch r umal ri ja bʼ .
pa le jun ikʼ chik are nimaq ʼij .
e ke bʼä m kebʼin pa u wi ʼ ri tem .
me m ri achi.
ri wik anchali ʼ y kel pa juyu bʼ ch wi tziri bʼal .
le rajil , lapaj axel aq ʼax wu ʼ bʼik ?
pari su ʼ t pisom wiri lej .
koj p etik kol q akʼama ʼ .
tajin kat ch ʼo pinchi u wach ri taq ʼaj .
le q ʼo r xch ʼuq ik .
kʼax wa ʼi mawu mal .
kin bʼison che lew al .
sibʼalaj kʼokʼ ria wa tz ʼya q .
kamik xuj bʼe cheu tikik taq che ʼ pari juyu bʼ .
kin u loq ʼoj le nu tat .
chaqi ʼj chik ri chaj .
x yi lix ha wayi .
na x na ʼ taj tachkechi xe atin ik .
rukʼ kʼu wa ʼ we ri ʼ , ri ix k kʼoji ʼ jun utzalaj ikʼas lemal ri ʼ ch kiwach ri win aq che mane kʼo taiw ukʼ , kʼate kʼu ri ʼ man kʼota jun win aqri ʼ ra jaw axik chiwech .
e p etin aqpa bʼe le rachala x ik .
kakaj le akʼala bʼ ke wa ʼik .
xujch ʼay bʼik .
ri nu chak are q ʼaxel tzij .
kʼo nar u xla bʼ ri awaj .
tajin kel loq , riq ʼij .
xu q ʼi ʼ ox kamsax ri rachal al choch .
ri nu mam are kʼou q ʼinomal .
xkʼulmat aj jumul , xubʼanjun nimalaj ja bʼ , man xbʼeyet aj tana xu kʼis leuy uq ʼ chike.
ama ʼri nutz ʼi ʼ .
je wa ʼ kat p etik .
xin kosik r umal x inchakunik
iwech chi jujunal , ri wa .
xuq ʼi ʼona xata tin taj .
in riq tajin aq pari kʼayibʼal .
naweta ʼm taj .
kʼax le nu q ʼabʼ .
utz le xubʼij le achi .
kematz ʼibʼ .
kʼo rachal al pa tz ʼoloj che ʼri pe ʼl .
ro nojel wa ʼ we jast aqri ʼ , xas ksach wi u wach wa ʼ ; rukʼ we ri ʼ , ri ix , ra jaw axik che kʼo junty oxlaj ikʼas lemal ek kʼoji ʼ ri i ch ʼawem rukʼ ri dyos,
x muq taj ri patz ʼan .
ri ch ʼich ʼ tzijom kanoq pari u kʼol bʼal .
man kʼota u cholaj p ataqri a wuj .
jachike ikʼ leu nimaq ʼij le tin amit nawalja ʼ ?
xe p etik x ol kikʼama ʼ .
kachuq ʼ chu t ri ja ʼ chiapam .
x in bʼij iwir chixe bʼepa armita .
are ʼ u xe ʼ ojertzij waral kʼiche ʼu bʼi ʼ .
xkʼis ri nu si ʼ .
jawi xkibʼij wichike ʼ e wi ?
¡ xaje kʼu ri ʼ , jachin taq rie kʼo pari jude ʼ a, chi chanim che ʼa nima jubʼi p ataqri juyu bʼ ,
kʼakʼ ri a bʼ .
la kʼo jun naka k ʼoxomaj taj ?
nautz ta leu t ʼisom le almariy .
man ya ʼtal taj chi a we katok paja .
je ʼ , xat u tzukuj .
are kel waj xaqibʼ uq ʼij ri xkʼojik .
ri xunku r k kʼoji ʼ p ataqri triko .
x in sachik .
x ut ʼuyu bʼa ʼ
na nutom tal e tzij …
wach ʼom ri kiwari no ʼs .
e kʼojo bʼ ch ʼil w akʼ .
ra jaw ix ik chip ataqri tijo bʼal , pa nikʼaj u bʼix ik chik
ri ra jaw r u lew are ʼ tat kel .
we kʼu xo kik , we kʼnax ok ta
we achi xu sipaj jun pʼot chwe.
atat u taqo ʼn leq ʼat al tzij .
na q ʼan tau wach le qaprut .
ri xa ʼr kʼopa u wi ʼ ri q ʼaq ʼ k p oq ʼo wik .
ri roq ʼej ri alija chak pe jun akʼal .
kʼo junalap atijo bʼal .
säq u wi ʼ ri tata ʼ .
ri wi tz ikʼ tajinkpe loq .
jawi xsach on wikan u ya ʼik le p waq che.
utz we a chiwe xinkunan ik .
qo nojel kuj wa ʼpa u wi ʼ ri me xa .
ri kaxla ʼn ik man p oq on taj .
in xin bʼe rukʼ ri wachi ʼl .
sibʼalaj je ʼl xkilo xe kitz oqopij ri kichi j chila ʼ .
kin bʼin ik xinʼ ek .
kʼaxkʼol ik , kacha ʼ .
ku tijix im ri akʼ .
ri alix che l , xu q ʼi ʼ o xa jun akʼ xsipax che.
xqa sikʼij le ix oq ch utz akiksubʼ .
mata xa bʼinsaj lech ʼich ʼ .
ri p ixtz ʼar alik r umal ri eqa ʼn .
¿jam pa ʼ kel chi 3%
kʼo jun nu kʼotoj chi ʼ aj .
tajinke wa ʼkat ri ala bʼom .
xin loq ʼ le nukʼa kʼapo ʼt .
na utz akik tasu bʼ tajinku ʼano
xoj u taq chi ʼij x oj wa ʼ ik .
iwech ria bʼix .
saq rij ri chij .
aj sik cheri tin amit kel wiri tata ʼ .
- ¡ ay ! xa xin tz aqu loq , kʼax we waqan .
xkʼulmat ajpa jun komon chi ʼ u wach jun juyu bʼ , xu ri qa junq ʼij xkiriq kibʼ junimul rukʼ le kok .
jas x at aq chi ʼj le akʼal chu tijik ?
x inchapo suxu loq ʼo .
q ʼinom ri achi.
ri kʼum k tijo w rukʼ ka bʼ .
tajin kejach ʼan ik .
tz ebʼal u kemik le pa sawumal .
are kayo ʼw le u chikopil leu bʼant ajik t ry pa nosom abr ucei.
we kat nimanik utz kelik .
perono ʼjimal p et naq loq , .
are le nu chak jun tz uq bʼal wibʼ .
xkunax leya wa bʼ r umal le aj q ʼij .
ri u kʼu ʼx tz ʼibʼ paqa tzij e lajuj .
sibʼalaj je ʼlik rieqa bʼal xubʼanri lu ʼ s .
sibʼalaj atko n.
e man xo ri jupuq kej .
na x na ʼ taj tachke xe atin ik .
ri kʼamal bʼe xubʼij chike, chi maja ri a nim .
jumu ch ʼ ri nu juna bʼ .
q ʼi p tajin aqri raqan ri tem .
kchakun rukʼ ri jos bʼal che ʼ ri a jan el .
xataq chi ʼj le akʼal chu tijik ka r .
oj kʼopa le ro ʼch le awel .
¿ lakat pequ kʼch we ʼ q ?
le win aqpa le ch ʼich ʼe t ʼuyu l lo wi.
xkanaj kanoq chi u xe ʼ ri ja bʼ ri ch ʼa ʼ n.
nim rij a.
weta xakunaj le atat mat axkam la ʼ .
na nu kʼamom tu ʼ la ri ʼ .
chqa nukʼu ʼ ri qa tzij .
kim bʼepa letin amit .
xinq ʼi ʼ o na xin atin taj .
ra jaw axik kakʼaman chawe leu tijik le lej .
kʼis bʼal taq no ʼjibʼal .
xine ʼ wa ʼo q .
xkibʼan kʼaxche leu wo saq r umal man utz tachi kakay ik .
ri q ʼutu ʼm man kech ta le akʼala bʼ .
are na nim tal ea tz ʼi ʼ chu wach le nutz ʼi ʼ .
xe p etik x ol kila ʼ .
¿jawchi ʼ xata ʼ che xkam ri u mam ripo ʼx ?
e kebʼ kekʼam bʼik p atuj .
x in loq ʼjun japa ri w okaj ja.
ri a xtu ʼbʼ , kʼo qulaj chech .
jas karaj ka ʼan chu tzakik le ti ʼij .
xutij lew a.
x im bʼal re tzij .
xpax ribʼo ʼj .
we kawaj katin to ʼo xaqxu wi kabʼij chiwe.
jas nukʼu kuch ʼobʼo .
jas karajku tijo ?
xe x r u xla bʼ ri rik il .
e nitz ʼa ʼq le taqimul .
we tane in xin bʼano wik , are le ate ʼ k xbʼano wik .
kin tzalij pa le nu tin amit .
ri nu chaq ʼ kʼo pauro ʼq ʼatoj tijonik pari tijo bʼal .
x in xi ʼj wibʼ xinch ʼawik .
kʼo ch wa ro ʼch lepare .
chi raqan kabʼin wiri tata ʼ .
xsach on kanu ya ʼik le p waq che choja .
xinq ʼax chikixo ʼl ri win aq .
ke tikonik .
ri u lew man qech taj , kech ri qati ʼt q am am .
xepe le win aq x ol kikʼama ʼ .
xu loq ʼ ri wuj r umal ri ali .
chewe q ʼij kamik kʼo jun nu tzijonem chirij le nu tin amit .
kej ri ʼ .
xkunan ala q chwe.
kin u sikʼij le nunan .
ri i mul xu ch ʼij taj , xkanaj pa bʼe, r umal ri nimalku jaluj ri i mul , xutz aqri a nim .
kubʼanri u xoq ʼo ʼl ri aj tz ʼaq .
ri la sibʼalaj utzche kuna bʼal .
kʼi kiwach rie ʼ ajchaki bʼ pari komonty ox , kʼate kʼutxa junchi a jaw xel ;
xqat achi xa tulik .
kawaj chi kat ʼe k .
ch ʼuti ʼ n kekanaj ri xa ja bʼ chech .
kaqa xi ʼj q ibʼ kaqachapo .
e kʼo kebʼ ukʼa jol le tat xwan .
lu ʼ subʼi ʼ ri rech am .
aj chi u wi ʼm iq ʼinja ʼri l u ʼ .
xinya kan le nuchi mp akʼay bʼal .
kʼatex ri lo, xpe ri unan che utzukux ik , x kikotik , xu sala bʼisaj ri taqux kin .
xkikʼut chi u wach ri ajtij xuquje ʼ chikiwach ri taq nikʼaj kach il .
utz le nu q ʼabʼ .
kul le al we ʼl pa austin chaq ʼabʼ kamik .
ri ate ʼ k xtz aq loq arechi kʼopa u wi ʼ ri q ʼa ʼm .
ajp atan ri te ʼ k .
xatqaj chiupam ri il .
la kʼo tzij na kik ʼoxomaj taj ?
x sachon chkechixe atin ik .
ro nojel leu lew echa laq .
la xe bʼe k ʼula xe ʼkijaqa kʼu leu chi ʼ ja ?
xaqkat ch ʼok najiwi r .
kamik kʼo chiri jast aqawe .
arechi ʼ kakʼis ri juna bʼ kʼoq ʼinom .
pa nawal ja ʼ xina lex ik .
na xintat aj we are ri akʼal ki xtzuqu wi k .
¡ r u lew ri sabʼu lone r u lew ri nef tal i, u bʼeri polo w , r u lew ri jordan, galile ʼ a kech ri je taqam aq ʼ !
rax , ra x , ra x , kʼokʼ , kʼokʼ , kʼo k ʼle ru xla bʼ le taq tiko ʼn .
achi xat wilo .
paqal rajil le p ix kamik .
xoj bʼin ik .
pa jun je ʼl tijo bʼal ku tijoj ri bʼ jun akʼal , u bʼi ʼ p o ʼx , utz ku rilo ke pa tijo bʼal ro nojel taq q ʼij .
x waj chixa tʼet aj .
utz la ʼ le xubʼij le achi .
weta ʼ am jachin kap etik .
kin q ʼojoman ik .
xinq ʼi ʼ o takʼalik xinp etik .
are ʼ reta ʼm che kin opan ik .
areta bʼal eqa qa jaw ch atto ʼwik .
kawin aq waqibʼ q ʼat aj .
na qaj chik cheri u waq kaj bʼal are taq chi ʼ ksach u wach ri q ʼij , kok riq ʼequ ʼm chu wachu lew , chi kʼate ʼ nari bʼeleje bʼ kaj bʼal .
jobʼ raqan ri tz ʼalam xeporox ik .
sibʼalaj ko ri j ri mop.
are wa ʼ .
jela ʼ pari ti minit chwik ab yok rech xe laju ʼ , le qana nqa tat kakiti koje ʼ lalaj taqu wach ichaj .
kʼax nuqul .
xu ʼ l u kʼama ʼ .
ko jul kitzukuj .
are man kʼaxta u kunax ik are taqanin aqka ʼ ilit aj we ya bʼ ilal xuquje ʼ mojo ʼ qakuya ʼle kʼaxkʼol il chech le jolomaj .
ri w el kʼopa tijonik .
kawaj kin bʼij .
ri kotz ʼi ʼj k qakoj chiupam ri ja .
q ʼeq q ʼoj ri j ri a ma ʼkej .
na x waj taj xinch ʼawik .
ch peta bʼal e loq ʼalaj ja bʼ .
xsach on chke xat kisikʼij .
e leq ʼal ch ʼich ʼ .
jachin xa wilo chi are xtijo w ri ti ʼj ?
mata kabʼe le nu x bʼal pa letin amit .
pim r u q , ri ali .
¿ kʼo ri muq ʼechi awech ?
k qabʼij mankeko win taj .
kintij na.
kʼo jun qat ʼu ʼ y paja !
kʼop u j chiupam ri ch ʼa ʼk .
are taqkinko sik kin wari k .
xat wa ʼ ik xin wilo
in xinch ʼayow le achi .
konojel ri alax ik ke ʼ e tz ʼan ik .
jas rukʼ xkitij wile kirik il ?
anin aqil kat p etik .
na ra xta u wach le juyu bʼ .
ri tz ʼalam tz ʼibʼabʼal rax kkayik .
we cha t chakunik , kʼo awa.
ma ʼtam xat pecheri wa ʼ im .
kamul kin wa ʼ na.
ri sik il k tijo w rukʼ ik .
kim bʼe aq ʼan rukʼ le alt al in .
xoj ʼ ek xe ʼ q ilal ar qas ok .
xe kiq ʼil le ajchaki bʼ xkiwok le ja .
mat anex waj le kʼu hj nem rukʼ le ate ʼ k .
are xe ʼopan chiuchi ʼ ri juyu bʼ , xkilo chiman qas tak ʼoq ʼayes .
kʼate kʼut , ri jesus mank kojon tachkech rie ʼ are ʼ , r umal rech che konojel reta ʼm kiwach ,
pa ʼ tz rij ri tz ʼi ʼ .
juwin aq waqibʼ q ʼat aj .
atel aq ʼom .
xaqat jo ʼ s .
ri q ʼatzu, are q ʼalaj ri u q ʼij il .
ajchak we ala .
u bʼelej u kakʼal taqanik (29) .
kebʼ nu bʼi ʼ kʼolik .
laka tzalij l u ʼ la anin aq ?
katzukun la chwe.
lakaj la koj bʼe ʼ pa lechomal chwe ʼ q ?
x in na bʼej chu ta sik qakʼoli bʼal .
lal xinto ʼw ik .
sibʼalaj a no ʼjibʼal .
xoj p etik x ol q akʼama ʼ .
sibʼalaj je ʼlik ri u wa ʼl ri ichaj .
kʼax wij r umal in pachal ik .
are taqxu kʼulmaj wa ʼxu l ri u choman ik xubʼij : are utz wa aq ʼabʼ kin walij ik , arecha ʼ chanim kin opan pa tijo bʼal , maj chi kinkʼulmaj .
oj aj xojolo bʼ pa awasq ʼij .
x in sach che leu w okik le tzij .
e julajuj ri akʼ .
xuta jampa ʼ koj ʼe k .
qi lik .
ri tijoxel man aret anim chu wach ri rajtij . ri utz tijoxel qas jeri ʼ kʼolik jas ri rajtij .
in xa tin ch ʼayo .
no ʼjim chak w umal .
ch ʼu r ri jo ch ʼ .
inkin bʼij naka tsach taj .
uj maya bʼ .
ri abʼaj ya tzalik .
tajin kepixbʼax ri akʼala bʼ .
chom ria q .
x in wa rik .
elemen konojel ri akʼala bʼ .
tajink q ʼa nar ik ri we re ʼ aj .
leu kemik lepas utz ( chawe ).
xuyu p u bʼa u wach ra ʼ chi, kacha ʼ , .
ri satanas kok pari judas ri k bʼix is ka ri ʼo tech rech , ri are ʼ junch kixo ʼl rie ka bʼ lajuj .
chu chu ri pa r .
kin qumuj ri nu jo ch ʼ .
chech punción lumbar am aq ʼel ra jaw axik chech ri lik leu kʼex bʼem wi lena bʼe rukʼ leuka bʼ u kʼutunem le ya bʼ ilal .
q ʼalaj china kawaj taj kabʼij .
kʼoq ʼol chirij ri si ʼ .
jawi xoj ʼewi chu loq ʼik ?
kʼou loch ʼri t al in .
q ʼan ri j ri ati ʼt nuke j .
la xtzalij la iwir ?
xesikʼix ik , kʼate kʼu ri ʼ xeyajik , xuquje ʼ xetaq bʼi cheu sikʼik le mes .
lak ix war ik ?
are kʼule pa lomax xubʼij che: - mam kat bʼison taj , kin sikʼij nikʼaj wachi ʼl kerapapik .
a ʼ ree tijoxela bʼ .
ri alajali si ʼl xubʼij x qa chappa utz al ri ty ox .
x sachon chke jachin xe atin ik .
jas xu rayij leanan xu tijo ?
xinko sik .
rax ro nojel ri q ʼayes r umal leja bʼ .
kinya wa ʼ wech ʼich ʼ pinem na utz .
no ʼjimu pach ʼux ik le nu wi ʼ .
naj kʼo wile wo ʼch ch u wach letijo bʼal .
ri okibʼal kʼochi u wach ri saq ja.
xe nu taq ch ʼij ke kil le akʼala bʼ .
kʼo junq ʼox owem chiwe.
tz aricho ʼm .
we choj bʼepa le nimaq ʼij , keq il le aj xojolo bʼ .
xoj ʼ ek xe ʼ q ilal ar qas ok .
ri ate ʼ k xuta ʼchech r inanto ʼn :- nan jas che ʼ chi mankaj tal aq akʼatisaj ri jo ʼ q .
ri p al sibʼalaj xu ʼ y .
kin koj ri jokbʼal u lew .
inkin bʼij naka tsach taj
at rajku nle nunan .
kuqamuj u joron ri aj tzij .
lu ʼ tz ʼalam u bʼi ʼ ri achikel pa nim che ʼ .
je ʼ lik uti ʼ jol al ri saq ko ʼr .
kʼo jun xa ʼr paja.
x in loq ʼjun kʼakʼ p atan .
kʼax u kemik le pa sawumal .
anin aqu kemik le pa sawumal
rich ʼa ʼn sachin aq pataqa bʼix .
rax taq le kotz ʼi ʼj .
mesom kanoq ri u pam ja.
man areta r alax kosik .
ri komon xech pu p rech uq ʼabʼ tin amit xo ʼl abʼaj rech q ʼu markaj .
la utz akik kʼu subʼ tajinku ʼano ?
katela !
na xutij taj .
xar umal keta ʼm konojel ri win aq k kiqumuj leja ʼ .
iwir xuj tzalij la pa kʼay bʼal .
q eta ʼm cheri qawakuj u to ʼo .
ri ajtij , kya jon chikech ri akʼala bʼ .
jas u bʼanom le nuch ʼuti tat ?
chwe ʼ q kin bʼepa nim tin amit .
utz we kiweta ʼmaj jas kubʼij ri chol bʼal q ʼij .
tajinkatj ilo w che uq ʼoxom jolom aj .
xin tik q ʼax chiu wach ri ja .
kʼax le kibʼe le win aq .
loq ʼ kat kun taj che leya bʼil (covid- 19).
ri nu xibʼal kel paqaj bʼal q ʼij .
xril ria x wan chix wa ʼ ri ala .
le alix kunat ajik .
weta kape leja bʼ kamik .
x inweta ʼmaj china x at pe taj .
ri p waqrech we q ʼat aj ri ʼ kesax chech ri toj bʼal kʼayin em .
ktij ri u wa ʼlik r umal ri kinimaq ʼij .
xu chapu kunax ik .
ch atan loq ali .
x in xu l i ʼ q aj oq .
je ʼ lik k tijo w ri taqik ox .
kʼate kʼu ri le tat xo ʼr xubʼij , man kawaj taj , man kawaj taj .
kʼo jun tz ʼi ʼ pa bʼe.
kamul xin p eche atzukux ik .
man tajin takin chakunik .
kin chakunik rech kat wa ʼik .
jas rukʼ xa wil wichi xkiqu pij wile ti ʼj .
jasu bʼix ik … ?
koq ʼ ri akʼal .
kawaj na kat ʼe taj .
xat q ʼajik .
we m na cha loq ʼaxiyal , na kim bʼe taaw ukʼ .
x opan le wuj awuk ʼ r umal wechin.
are kʼutpa le juyu bʼ k kʼiy joron, chila ʼ xe kikʼam awiri ja ʼ ri win aq .
koq ʼ ri akʼal .
we kʼo arajil cha kʼamal oq .
are sibʼalaj kaq le apo ʼt chu wach le nupo ʼt .
xinkʼas taj p aka bʼ lajuj kaj bʼal .
kaqoy ʼej na kixp et aj .
ko kaxim ri chi j xa jela ʼman kanimaj ta bʼ ik .
ri kok nojim xbʼe k , xuch ʼijox opan pa u kʼis bʼal il lea nim .
xoj ki ʼ kotik are taqxa tulik .
kaq itz ʼ naj ri u xa ja bʼ ri akʼal .
ri jesusk wa ʼ kat pari nim rachoch ri dyos , chuxe ʼ ri junja che rachoch ri salomon .
we taqanik ri ʼ kubʼij chi ra jaw axik kya ʼu q ʼij ri win aq xuquje ʼ kto ʼanin aqil .
ri a xux are nari ukunel ri kin aq ʼ .
are taqwa ʼ ri u q ʼijol we taqanik .
kʼo jun ta bʼal pa u wi ʼ ri xkanulu bʼi ʼ lajuj no ʼj .
yu ʼl u bʼanom ri u kolo bʼ ri kej .
xa nimaj ri akʼal chi u wach ri u chuch .
k kunan ri achi.
kin wa ʼik rech na kinyo w aj taj .
aj x ik ch ʼich ʼri l u ʼ s .
k waj che ix kix bʼano wik .
aʼre xeto ʼ wala q .
xoj ʼ ek xe ʼ q ilal ar qas ok .
xin loq ʼ junch ʼich ʼ , q ajin aqu wach .
kut ʼis r ipantal on .
e janipa le awal k ʼwa le kʼolik ?
utz u kemik lepas chawe.
ri max are aj q ʼani ya ʼ .
mata bʼ achiri q kʼaxpa le bʼe.
tajin kanimaj , ri me ʼ s .
i xi xe ʼ la q ʼoma bʼ !
x sachan chwe.
e kʼo kʼiche ʼ , chi u wach ri juyu bʼ .
are wa ʼ ri nimalaj p ixa bʼe are wa ʼri na bʼe.
xreta ʼmaj chi rukʼ p ak ʼ kutij wi
jas utz ak ik le subʼ xu ʼano ?
aj xo ʼ y ri wi kan .
we tane a ʼ re xetijo w le rik il , are le komon xetijo wik .
sibʼalaj anin aqkach ʼaw le are ʼ chi nu wachin .
utz we kinchakuj .
me ʼ s la ʼ .
kʼokan wa rech kaqatijo .
x in sikʼij la .
ri akʼal xsach kanoq jela ʼp ataq ʼaj .
xesikʼij la .
jawi xkibʼij wichike ʼ e wi ?
r umal che, man ix tari ʼ ri kixch ʼawik , are ri r u xla bʼ axel ri i tat ri ʼ ri kch ʼaw na iw ukʼ ri ix .
kʼakʼ ri wachoch .
sibʼalaj utz kin wil le atz ʼ yaq rech na huala.
saq por k kay ri kipo ʼt ri na n.
xsach on ri nu chak chwe.
wa ʼim xu chapo .
ri q ʼaq ʼ tajinka julu wi k .
naj il u pam ri siwan .
e kʼo ri qachal al pa chi u wi ʼ la.
jas x at aq chi ʼj le akʼal chu tijik ?
no ʼjim u kemik le pa sawumal .
kʼo jun kuku bʼi ʼ tin tin , wa ʼ le laj kukmam kaj eq it aj , kapaqi kaxulik pa u wi ʼ uq ʼabʼ taq che ʼ , sibʼalaj sakʼaj , ke ʼ uto le e nima ʼq , ch ʼutin , rachi ʼl , aj sipanel sibʼalaj utz ra nima ʼ .
ri u p ixa bʼ leq ʼatbʼal tzij kiya ʼu bʼix ik .
na xsach on tachke xe atin ik .
xeqille chiko p p u wi leja .
x lo ʼ taj ri akʼal .
qo nojel kuj wa ʼpa u wi ʼ ri me xa .
xsikirle wa qa n.
la xa t wa ʼkʼut ?
nimu bʼaq ʼri tulul .
kin x ikʼ ikʼ ik xinq ʼax ik .
la kat bʼepa letin amit ?
ri pa l sibʼalaj saq ʼo r .
k q ʼox ow nu jalom .
xinna ʼ o chi kat p etik .
x loq ʼ u lew iwech ix .
xinchakun rukʼ ri nu mam .
na x qabʼant aj .
k kʼoji ʼbʼa ʼ ri u sipanik ria jaw xel jesusk ri sto rukʼ ri awu xla bʼal !
kin ch ʼaw rukʼ le nunan pa le ch ʼawebʼal .
sibʼalaj q ʼequ ʼm r umal ri mayul .
are le ba xulik .
xeko s le ix oqibʼ pa le bʼe.
kʼax ri lik le akʼal chawe.
xinq ʼi ʼ oxin atin pa joron .
sibʼalaj nim le tin amit .
kʼax u kemik le pa sawumal .
x in sachik .
tajinke l u kikʼel pa raqan ri tz ʼi ʼ .
x inweta ʼ maj ri lik wibʼ
ri q ʼuq ʼ are jun je ʼl chiko p.
kʼo pajatijo bʼal ri wi kaq ʼ .
ri sachi bʼal mak rajw axik chiqa xo ʼl .
je ʼ , kim bʼek .
jela le ʼ ri nu p wi ʼ .
xubʼij che: - jas xabʼano tin tin ?
kabʼan juntoq ʼobʼ kya k ri nu jal .
kat ʼe k xinta .
jas leu kʼex bʼem ri bʼ le jun rukʼ le junchik ?
aj chi u wi ʼm iq ʼinja ʼri l u ʼ .
ri tijonel najk pe wi.
te ʼ k ix cho bʼ u bʼi ʼ ri nu tat .
ri ja ʼ kamiq ʼik chi u wach ri q ʼaq ʼ .
ri t ʼu ʼ y k paq ʼo wik .
kin meson na .
na qaj at kʼowi chiwech .
x in bʼisonik taq na xa t p et taj .
we xkam ri win aq , ri p waqrech toj bʼal makaj kya ʼchikech ri r alax ik .
ri nunan x bʼepa kʼay bʼal .
xoj u kʼamu loq rech koj ri lo
x kʼoto chin chikiwach chi kin wa ʼaw ukʼ .
na xkikamsaj taj xkikʼam bʼi choja .
kʼakʼ ri ikʼ kamik .
x im bʼe rukʼ leaj kun iwir.
ri lik .
le tz ʼi ʼ xeko sik .
x in kikota wu mal .
ri i mul xu maj ria nim , xuya kan le kok .
kʼo oj cheri akʼal .
xuj bʼepa jun kʼu lanem .
utz we k waral aq .
kaqilo china koj u kʼam taj .
xreta ʼmaj chi rukʼ pa kʼkutij wi.
sibʼalaj xinkʼa ʼ nari k .
xinko chij ri nu wa .
mankatko win taj kat chakunik , we man kʼota ri ajila bʼal .
we w onon xubʼij chike: - k ix into .
ri ala nim k ri l wiri u mam .
x ka ʼy chirij , xka ʼy chu wach , ma kʼot achi jun ksilo bʼik , xoq ʼik xu xe ʼ j ri bʼ xch ʼopin ik xtzalij loq xu ri q tachik ri u bʼe.
kʼo pus cheri w a.
pinem na ka bʼe le wa tz , kim bʼewi in pa ka ʼ y ibʼal .
r inanto ʼn nim win aq chik , saqu wi ʼ , ro nojel aq ʼabʼ utz kuna ʼo kat ʼuyi ʼ pautem , ku mi q ʼisaj ri bʼ chori q ʼij , kʼo junu wi ʼ u mam u bʼi ʼ ate ʼ k .
mane kʼit aj ri qula ʼ .
q ʼalaj china kawaj taj kabʼij
xpaqa bʼisax rajil ro nojel ri kem .
kʼopa ri jul ri kumatz .
ro nojel q ʼij kin ch ʼaj le nu w are .
saq chikan le ichaj rech katzako .
chu xe le qachomal kaqatij wi jun qame q ʼin .
chawila ʼ .
e kʼojo bʼumi ʼ al , ri nu tat .
jas rukʼ xa wil wi
je ʼ jas ri win aqrech ri u wachu lew , xoquje ʼ kepenari ʼ rie ʼ are ʼ chee rech ri u wachu lew ; je ʼ jas ri win aqrech ri kaj , xoquje ʼ kepenari ʼ rie ʼ are ʼ e rech ri kaj .
x in tijo .
k tz ʼuj u w ri rachoch ripo ʼx .
xuq ʼi ʼ o are leu kʼu lel xya ʼo w uwa .
ri awel xreta ʼmaj chi ra jaw axik man ku xej tari bʼ cheri tuku r .
jukʼulaj win aqxe ʼ a nimaj bʼik .
je ʼ , xin tzalij ik .
xoj p etik x ol q akʼama ʼ .
maj jachin x ʼe k .
in ajtij ; at tijoxel .
saquwi ʼ ri tata ʼ .
we ch ri kem .
le ro ʼ ch le ate ʼ k kʼoch wach leu kʼay le nunan .
k bʼepa ri siri ʼ a e pari silisi ʼ a, jawi je ʼ kuya wiri kichuq ʼabʼ ri komonty ox .
p ixa bʼ : man utz taj kʼaxkujch ʼaw chikij nikʼaj qach il .
xkunat aj le ali ( kumal ri ix oqibʼ ).
rix ibʼibʼal chi kʼowi p ataqri qakʼas lemal ro nojel q ʼij .
na kuj war ta waral .
on chek kʼoji ʼ ri utzil chixo ʼl , are ch junam ri qa kojonik , junam ri iwech ix rukʼ ri wechin .
pa oxq ʼij ri sa ʼn kbʼena rukʼ ri aj kun .
kawin aq wuqu bʼ .
jas kawaj kintijo ?
weta xat bʼew ukʼ pa letin amit , xa loq ʼ tala ʼ leu jast aq le akʼajol .
kebʼe p awa ʼim .
x in loq ʼ kʼi w a.
pa jun nim kʼache ʼ laj , kʼo jun k ʼwa ʼ sibʼalaj saq loloj , nimu wach .
k waj katij jubʼa ʼw a.
ro nojel win aq k ri l nari u kolon em ri dy os » .
x kʼoto chin chikiwach chi kin wa ʼaw ukʼ
k waj na kat ʼe taj .
la xa loq ʼ juna lej ?
e kʼo ri e loq ʼoman el .
ri uka bʼ u bʼi ʼ ri nu mam are ya y .
kin jopij ri i ja ʼ rech t ri ko .
x na ʼ taj chke xe atin ik .
xate ʼ q ila ʼ .
kakitij al anxax ri win aq .
. . . kin bʼij chi are wa ʼ sin xi ʼ an.
na xin na bʼej tach u tasik qa kʼoli bʼal .
r umal rech chewe ri in, kinch ʼaw rukʼ ri dyos pa ch ʼabʼal , k ch ʼaw na kʼu ri ʼ ri wu xla bʼal rukʼ ri dyos , kʼate kʼut man kʼota u p atan ri ʼ ch rech ri nu choma bʼal .
xepe tik xkilo .
xutawekat ʼek .
utz u kemik lepas chawe.
ri nu wa kax xutij junq ʼoq ʼ r umal ri ʼ x kamik .
r umal ri kʼix , manke wa ʼtaj ri win aq .
xe ʼ u lik .
q ʼeq rij ria ma ʼ chij .
xraj ka ʼel e unan .
junam ki juna bʼ .
naq ʼalaj taj we ka ʼ ek .
ri w ix nam ch ʼajch ʼoj ri rachoch .
waral man kʼot aj a jaw al .
na iwi rta xrille kʼamol bʼe.
xin pe loq te kʼu ri ʼ x intzukuj ro nojel ri nu rajil .
ri aj tikonel kutik ri tzij .
kʼo e kik ʼajol le achija bʼ .
kutij q ʼayes ri ixpa ʼ ch .
pari wa ʼbʼal e kʼo kawin aq achija bʼ .
si p ojin aqri nu pam .
kaya ʼt ajik rukʼ uti ʼ onem jun ri u riqom leya bʼil am olots etsé xuquje ʼ are kaya ʼtaj p ataqri juyu bʼ .
jachin ri achi ?
ri nu mam x kamik aret aq kʼo jumu ch ʼ lajuj u juna bʼ .
kinko win ik kinkʼam bʼi le p waq .
kin wilo chi utz ri aj i ʼ .
xinq ʼil riapo ʼx che man kachakun taj .
k wa ʼ chi u wach le taq ʼaj ria ma ʼ akʼ .
ri imu lxep oq ʼik pa jun ik ʼ .
xkʼis kanoq ri qachak .
are ri alix oj ilo w kanoq .
sibʼalaj ch ʼu ʼj ri a max .
kʼo nu wachi ʼ .
inchajin el kech le akʼala bʼ .
xeko s letz ʼi ʼ .
kin bʼena kukʼ ri molaj .
ro nojel aq ʼabʼ kin yitz ʼri w akax .
ka rapin ik xu tzukuj chi jun awaj .
leu kemik lepas anin aq ( a w umal ) .
maju rajil leq ʼabʼ arel .
kʼax ri ʼ ri kach ʼawik .
xoj u taq chi ʼj le achi chu loq ʼ ikichaj .
sibʼalaj kʼax ri xkʼulmax ik .
xkilo china kink ʼoxomaj taj .
x na ʼ taj chkechi xe atin ik .
x kʼoto chin chikiwach chi xoj al wo ʼ qakukʼ .
junq ʼ u ʼ q rajil ri kaxla ʼn wa.
x in wilo chixe ʼ e lik .
e kʼoix oqibʼ pa le kʼay bʼal .
man kʼot aj u kʼisik ri maya bʼ aj la bʼal il .
risin k kʼiy p ataq ʼaj .
ri ch ʼim a mankkʼiy taj p ataq ʼaj .
ra jaw axik k jikik ri waqän .
kawaj kinʼe k .
e kʼo oxibʼ akʼ .
xubʼij chwe jawi at kʼo wi.
chwe ʼ q kuj bʼe ʼ pa muquj .
pa saq kʼaja ʼ kbʼan wiri u q .
xoj kisikʼij .
x in wil wibʼ .
chaq ʼ chik ri wa .
kim bʼena kapa le wo ʼch .
kawaj kinʼe k .
ri ch ʼu ʼ k tij rukʼ lej .
pari kiq ʼij kamin aqibʼ kbʼan q ʼo ri kʼya ʼ rech aj : na bʼe rinan kutzukuj kan ri aj , kujach ʼo ʼ xuquje kukʼ eto .
jas kaj bʼal chanim ?
utz u choman ik ri ali .
pariq ʼijox lajuj tijax kin kʼis kebʼ juna bʼ kinchakun waral .
sibʼalaj ko , ri kʼakʼ ch ʼat .
jas karaj kubʼij … ?
ri ch ʼich ʼ kasila bʼik .
pa ojerq ʼalpu l xaqxu wiri nim win aq kekʼamo w bʼe.
leu kunax ik leuka bʼ u kʼutunik are rukʼ e flor nitina on u tunibʼax ik le nifur tim oxchi ʼ le flor nitina chech t . b. g.
are ri achi xinch ʼayo wik .
jun achi u bʼik u ʼxu sipaj kebʼ kʼa ʼm u lew rech kabʼanri tijo bʼal , kamik , kʼo chik ajtij rech ri komon xech pu p .
xu malty oxij cheri ajtij ro nojel le xu kʼut chi u wach .
pari bʼ e xkiraq junala jimul saq rij , xkikʼam bʼik .
xrille bʼal e ala .
jas kubʼij chwe ?
leu kunat ajem are rukʼ utzukux ik leu chikopil pa junu solik u xe ʼ lekik ʼonleja ʼ rech jun nodo .
utz wen utz ʼi ʼ .
je ʼ , tajin kachapon ik .
kin u loq ʼoj le nu tat .
kawaj kim bʼep atin amit .
are la ʼ kinchakuj .
ri nima ʼq taqwin aq kʼoketa ʼma bʼal .
weta x at bʼew ukʼ pa letin amit , xa loq ʼ tawa ʼwe jast aq .
ri kikʼas lemal . wa ix imu lew xa junchima are ta ti nimit ri ma
ri u kʼya bʼal naju pam .
xatqaj chiupam ri il .
nojim kat wa ʼik .
we kʼo jun k tu qa ʼri k , ¿ la man xoquje ʼ taj kin t uq a ʼr ri in ?
ojoj w okol ja.
awas kbʼan kʼaxche jun nim win aq .
xinch ʼaw apan rukʼ le wa na bʼ .
kʼax ri u pam ri ju ʼl .
tajinke wa ʼri i mul .
lakaj la kuj tzalij la anin aq ?
r umal rech cheri makaj mankʼo tauko winem p iwi ʼ ri ix : ri ix man ix kʼot achich u xe ʼ ri p ixa bʼ , xane ix kʼo chu xe ʼ ri sipanik .
nim raqan leche ʼ .
x inchapo .
are le tu ʼ r le loq ʼoman el .
xas kat kʼoji ʼ chiupam ri ch ʼich ʼ .
sibʼalaj nim raqan ri kʼamal bʼe.
le tz ʼibʼabʼal wechin .
in xinto ʼw la .
xaje kʼu ri ʼ ri ix kamik ri ʼ man ix kaxlan win aq tachik ; ri ix , ix rech ri kiti nimit ri ety oxlaj taqwin aq , ix rech ri rachoch ri dyos .
x in tiko xlaj kʼal ichaj .
kaqariq q ibʼ chwe ʼ q .
sibʼalaj utzcheri wi ʼ aj ri tuney .
we na jupulik ta xeqajik . . .
xinto ʼ taj cheri nu chak .
kʼo junchiko pu bʼi ʼ pum .
p oqon ri ik .
xoj bʼin ik .
xuch ʼe kro nojel le reta man ik xpaqi ʼ k kʼaxkwʼin ik xubʼanaj kun .
kel u bʼik pari jude ʼa e k tzalij chi u bʼi jumul pari galile ʼ a.
xinax ibʼij pa bʼe.
je ʼ l kʼolem chi awachoch .
ro nojel ri ya ʼtal il pa we q ʼat aj , tz ʼaqat kiwach , mank tz aq takan oq xuquje ʼ mank tast aj .
xukunaj leya wa bʼ le aj q ʼij .
chi tata bʼej jas le kim bʼij .
ch ʼan al ri achi.
pa bʼ oko ʼ kachakun wiri tax .
uj kʼopa u wuq q ʼij .
ki ʼ ri uka bʼ ri a qaj .
kʼo rachal al pa tz ʼoloj che ʼri pe ʼl .
xkilo chi kink ʼoxomaj .
ri u kisakʼ utzk ya ʼik chi u xe ʼ ri tiko ʼn .
are taq chi ʼ kaq ʼanpu wi ʼ ri juku bʼ , ri achiche xkʼoji ʼ ri itzel u xla bʼal rukʼ , kuta ch rech ri are ʼ , are chk kʼoji ʼ rukʼ ri are ʼ .
na kabʼant aj ta w umal .
x na ʼ taj chke xe atin ik .
xinpaj ri nu triko .
xe ʼ ok ri p ok ʼ pari u me xa ripo ʼx .
kajulu w ri aq ʼa ʼl chi u xe ʼri tʼu ʼ y .
awech leja .
xuj bʼepa tzur ik .
na bʼe xa to panik .
ri uka bʼ u bʼi ʼ ri nu mam are ya y .
uwaj xaqu kakʼal taqanik (28) .
mata kʼo jun kakanaj kanoq , qo nojel koj bʼe k .
e nima ʼ q le al toma bʼ .
nimu wach ripo ʼt .
kojonik pari utzij wa ix imu lew .
jas xukʼam bʼi letz ʼi ʼ xa wilo ?
xinp etik, tat .
ri bʼelaj u wach .
chi tata bʼej jas ri kim bʼij .
je ʼ l kuna ʼ ria bʼix chiupam ri ququ lew .
kin bʼisoj u wach lew al .
x ut ʼuyu bʼa ʼ .
nim r ia w eqele ʼn xa riqo .
xine ʼ wa ʼo q .
chi ʼ ke war wile akʼala bʼ .
ri nu mi ʼ al xutaq loq jun taqo ʼm wuj chiwe.
q ʼe ʼ lik , rich ajpa ri bʼe .
la utz awach ? - utz malty ox , e kʼu ri at ? – utz malty ox .
x in kos r umal nu chak .
k bʼe kukʼ rie ʼ are ʼ ek tzalij pari nas are teke ʼu nimaj .
ri joj xukʼam bʼik ri akʼ .
kʼochi wachi ʼl chanim .
kubʼij chech na ʼl kabʼan cheri atz ʼibʼ .
e. . . in kawaj katzjoj bʼi la chwe.
mata xinya j le ali .
jachin rukʼ kat bʼewi ?
kʼo sibʼalaj eta ʼma bʼal pari maya bʼ no ʼjibʼal .
e man xo ri jupuq kej .
kasumum ri kaqiq ʼ .
e kʼokaji bʼ akʼala bʼ pa le bʼe.
je ʼ jas ri u tat k ka ʼ yik .
xaqat molon el tzij tal .
le nu tat kaloq ʼon chwe.
xaqtane kim bʼei w ukʼ .
xreta ʼ maju ch ʼajik .
r umalla ʼ xkoj “ xalq ʼat ” cheu bʼi ʼ ri komon .
are le u kemik pas xreta ʼmaj .
ri wa ti ʼt kubʼan nari u p atan .
kʼakʼ le p o ʼt .
reta ʼm u wach jachin x loq ʼo w ri pas .
kench ʼabʼej le akʼala bʼ .
ya ʼtal chaqe q onojel ri uj win aq utz kaqilqi bʼ .
x koti ʼ p aq ʼayes x oq ʼik .
kawin aq bʼeleje bʼ q ʼat aj .
e kʼokaji bʼ r al ri i mul , jun saq , junq ʼan , junq ʼeq , junq ʼeq oj , sibʼalaj ketz ʼanik , kech ʼopin ik ri alajt aqimul .
k cholol ria chachal .
kete kik ri ikʼ .
xe p etik rechke wa ʼiw ukʼ .
tz atz ri u q ʼan il ri akʼ .
xoj tzalij ik xi xe ʼ qaq ʼatuj kukʼ le i tat inan .
ri yo ʼ xtaq akʼala bʼ ke kikʼux ri atz ʼya q .
we achi we xu sipaj jun po ʼt chwe xkamik .
k ko win ri kunan el che kunan ik .
xjiq ʼ pari polo w .
xar umal sibʼalaj ra jaw axik le loq ʼalaj ja ʼ, le win aqxkibʼij : chewe ikʼ ri ʼ qo nojel kuj bʼe cheu tikik taq che ʼ .
ri unaner ie rachal al kepe u loq rukʼ ri are ʼ , kʼate kʼu ri ʼ , mankeko win taj keq ibʼ u koq rukʼ , r umal rech chee kʼo sibʼalaj win aq .
r umal rech , che man kʼota jun k ko win cheu kojik jun tikibʼal il chik chu wach ri kojom chik che are ri jesusk ri sto .
te kʼu ri ʼ x utz ʼibʼaj ri bʼ pari nimalaj tijo bʼal rech aj ku ʼ n.
kajulu w ri ch ʼu mil chaq ʼabʼ .
kʼis bʼal kanoq , xoquje ʼ k kam ri ix oq .
le alax okik .
kʼop waq pa u wi ʼ ri me xa .
are kawaj na kin ʼe taj .
riya wal kukoj ri ali chi u xe ʼ ri cha kach are usu ʼt .
na kaqakʼam tu ʼ bʼi kamik .
ri ajtij kubʼij chike: ra jaw axik keqa chajij ri awaj , are u tiko ʼn ri a jaw .
xin tij mukuni wir .
kʼax leu wi ʼ taq le nu q ʼabʼ .
x in loq ʼjun il bʼal wi bʼ .
wa ʼwe q ʼij , nimu bʼant ajik .
ri u xe ʼ al ri qatin amit man kasach taj .
xoj bʼin ik .
ri achal al junam kiwach .
x inweta ʼ maj ri lik wibʼ .
nim ri una ʼoj w ajtij .
mi q ʼin ri kʼul .
aj q ʼojom ri a te ʼ k .
chelesan ik che ʼ kbʼan wiri q ʼojom .
kape le awel pa nawal ja ʼ .
ri meson el tajink chakunik .
utz chaqe kaqato ʼq ibʼ , taq kʼo kʼaxkʼol il , kate we chi ʼn ria jaw paqawi ʼ .
xa wilo , xq ʼatan le ibʼo y .
xat ko win ik xabʼano .
ki ʼ ri kʼawex .
kajil il ri bʼe.
le alix el bʼik .
are ʼ xraj xinbʼano .
nim we abʼaj .
je ʼ lik uti ʼ jol al ri saq ko ʼr .
nojin aqri kej .
we katijan xu x mankat uto ʼt achi u q ʼat ix ik le kʼakʼ ya bʼil corona virus ( 2019 - ncov).
na nim ta raqan wa ʼwe che ʼ .
utzalaj ajchak , ri we l .
¿jam pa ʼ kuj bʼepa nimaq ʼij ?
ra jaw axik tane la ʼkatchakun wukʼ .
xutaq chi ʼj p awaram pu lew .
man are tar iaxwan xel ik .
ri awi x xu loq ʼ rachoch re nim al .
are ri ix oq xin sikʼin u loq .
ri ch ʼim akʼat ʼon na .
la xibʼanle ichak ?
kʼi tin amite kʼopa ch ʼo ʼj .
kʼo jupuq chi j chi u xe ʼ ri che ʼ .
ri u xaq ria bʼix are u wari kej .
kawin aq q ʼat aj .
la ki xpe p atijo bʼal ?
we kechajix taq le k ʼwa jacha kin bʼij ; junalik kʼo ja ʼ xuquje ʼ sibʼalaj saq loloj .
xreta ʼmaj .
ri ala bʼom ri al itoma bʼ tajinki kitijoj kibʼ rech sut aq , are kakaj kikibʼan nim aq achija bʼ chupam ri kikʼas lemal , xuquje kʼo chik jupuq bʼixonel chupam ri komon .
la tz ʼu wach ri bʼe .
kʼakʼ ri ach ʼich ʼ .
qo nojel u j , uj maya bʼ taqwin aq .
nojel q ʼij ria ti ʼ xkuyuq ʼuj le taqaw aj jela ʼpa nikʼaj ja ʼ, chirij ri juyu bʼ u bʼi ʼ te na ʼ .
pa q ʼom chik ri si ʼ .
kin tzukun che la .
kakitij le kin aq ʼ , le ichaj , leu wa ʼlik rukʼ lej .
xekanaj kan le ajchaki bʼ .
ketik on ri achija bʼ .
sibʼalaj itzel u bʼant ajik ri ch ʼi lakan .
ri ate ʼ k xu malty oxij cheri ra ti ʼt , r umal ri utzalaj no ʼjibʼal xu kʼut chech .
kkamulix u chak ri a bʼix .
la xinu tzukuj le tijoxel ?
are ʼ kachakun ro nojel q ʼij .
lee kʼa ʼ na taq tz ʼi ʼ .
saqri j ri plamux .
jas xaq ʼi ʼ ox atijo .
jas rukʼ xkichap wi u tijik le ri kil ?
we kata tin rukʼ kʼatanja ʼmanku q ʼatej ta le kʼakʼ ya bʼil corona virus .
la kat bʼin pa leu xlan bʼal ?
la waral kʼu xix wa ʼ wi ?
are le nu tat kin loq ʼonik .
tajin kchakun ri ala .
kʼo ri kiʼkotemal awukʼ .
xuta jachin ka ʼ ek .
xat wa ʼik xin wilo .
xtz aqri rachoch r umal ri ja bʼ .
pa le jun ikʼ chik are nimaq ʼij .
e ke bʼä m kebʼin pa u wi ʼ ri tem .
me m ri achi.
ri wik anchali ʼ y kel pa juyu bʼ ch wi tziri bʼal .
le rajil , lapaj axel aq ʼax wu ʼ bʼik ?
pari su ʼ t pisom wiri lej .
koj p etik kol q akʼama ʼ .
tajin kat ch ʼo pinchi u wach ri taq ʼaj .
le q ʼo r xch ʼuq ik .
kʼax wa ʼi mawu mal .
kin bʼison che lew al .
sibʼalaj kʼokʼ ria wa tz ʼya q .
kamik xuj bʼe cheu tikik taq che ʼ pari juyu bʼ .
kin u loq ʼoj le nu tat .
chaqi ʼj chik ri chaj .
x yi lix ha wayi .
na x na ʼ taj tachkechi xe atin ik .
rukʼ kʼu wa ʼ we ri ʼ , ri ix k kʼoji ʼ jun utzalaj ikʼas lemal ri ʼ ch kiwach ri win aq che mane kʼo taiw ukʼ , kʼate kʼu ri ʼ man kʼota jun win aqri ʼ ra jaw axik chiwech .
e p etin aqpa bʼe le rachala x ik .
kakaj le akʼala bʼ ke wa ʼik .
xujch ʼay bʼik .
ri nu chak are q ʼaxel tzij .
kʼo nar u xla bʼ ri awaj .
tajin kel loq , riq ʼij .
xu q ʼi ʼ ox kamsax ri rachal al choch .
ri nu mam are kʼou q ʼinomal .
xkʼulmat aj jumul , xubʼanjun nimalaj ja bʼ , man xbʼeyet aj tana xu kʼis leuy uq ʼ chike.
ama ʼri nutz ʼi ʼ .
je wa ʼ kat p etik .
xin kosik r umal x inchakunik
iwech chi jujunal , ri wa .
xuq ʼi ʼona xata tin taj .
in riq tajin aq pari kʼayibʼal .
naweta ʼm taj .
kʼax le nu q ʼabʼ .
utz le xubʼij le achi .
kematz ʼibʼ .
kʼo rachal al pa tz ʼoloj che ʼri pe ʼl .
ro nojel wa ʼ we jast aqri ʼ , xas ksach wi u wach wa ʼ ; rukʼ we ri ʼ , ri ix , ra jaw axik che kʼo junty oxlaj ikʼas lemal ek kʼoji ʼ ri i ch ʼawem rukʼ ri dyos,
x muq taj ri patz ʼan .
ri ch ʼich ʼ tzijom kanoq pari u kʼol bʼal .
man kʼota u cholaj p ataqri a wuj .
jachike ikʼ leu nimaq ʼij le tin amit nawalja ʼ ?
xe p etik x ol kikʼama ʼ .
kachuq ʼ chu t ri ja ʼ chiapam .
x in bʼij iwir chixe bʼepa armita .
are ʼ u xe ʼ ojertzij waral kʼiche ʼu bʼi ʼ .
xkʼis ri nu si ʼ .
jawi xkibʼij wichike ʼ e wi ?
¡ xaje kʼu ri ʼ , jachin taq rie kʼo pari jude ʼ a, chi chanim che ʼa nima jubʼi p ataqri juyu bʼ ,
kʼakʼ ri a bʼ .
la kʼo jun naka k ʼoxomaj taj ?
nautz ta leu t ʼisom le almariy .
man ya ʼtal taj chi a we katok paja .
je ʼ , xat u tzukuj .
are kel waj xaqibʼ uq ʼij ri xkʼojik .
ri xunku r k kʼoji ʼ p ataqri triko .
x in sachik .
x ut ʼuyu bʼa ʼ
na nutom tal e tzij …
wach ʼom ri kiwari no ʼs .
e kʼojo bʼ ch ʼil w akʼ .
ra jaw ix ik chip ataqri tijo bʼal , pa nikʼaj u bʼix ik chik
ri ra jaw r u lew are ʼ tat kel .
we kʼu xo kik , we kʼnax ok ta
we achi xu sipaj jun pʼot chwe.
atat u taqo ʼn leq ʼat al tzij .
na q ʼan tau wach le qaprut .
ri xa ʼr kʼopa u wi ʼ ri q ʼaq ʼ k p oq ʼo wik .
ri roq ʼej ri alija chak pe jun akʼal .
kʼo junalap atijo bʼal .
säq u wi ʼ ri tata ʼ .
ri wi tz ikʼ tajinkpe loq .
jawi xsach on wikan u ya ʼik le p waq che.
utz we a chiwe xinkunan ik .
qo nojel kuj wa ʼpa u wi ʼ ri me xa .
ri kaxla ʼn ik man p oq on taj .
in xin bʼe rukʼ ri wachi ʼl .
sibʼalaj je ʼl xkilo xe kitz oqopij ri kichi j chila ʼ .
kin bʼin ik xinʼ ek .
kʼaxkʼol ik , kacha ʼ .
ku tijix im ri akʼ .
ri alix che l , xu q ʼi ʼ o xa jun akʼ xsipax che.
xqa sikʼij le ix oq ch utz akiksubʼ .
mata xa bʼinsaj lech ʼich ʼ .
ri p ixtz ʼar alik r umal ri eqa ʼn .
¿jam pa ʼ kel chi 3%
kʼo jun nu kʼotoj chi ʼ aj .
tajinke wa ʼkat ri ala bʼom .
xin loq ʼ le nukʼa kʼapo ʼt .
na utz akik tasu bʼ tajinku ʼano
xoj u taq chi ʼij x oj wa ʼ ik .
iwech ria bʼix .
saq rij ri chij .
aj sik cheri tin amit kel wiri tata ʼ .
- ¡ ay ! xa xin tz aqu loq , kʼax we waqan .
xkʼulmat ajpa jun komon chi ʼ u wach jun juyu bʼ , xu ri qa junq ʼij xkiriq kibʼ junimul rukʼ le kok .
jas x at aq chi ʼj le akʼal chu tijik ?
x inchapo suxu loq ʼo .
q ʼinom ri achi.
ri kʼum k tijo w rukʼ ka bʼ .
tajin kejach ʼan ik .
tz ebʼal u kemik le pa sawumal .
are kayo ʼw le u chikopil leu bʼant ajik t ry pa nosom abr ucei.
we kat nimanik utz kelik .
perono ʼjimal p et naq loq , .
are le nu chak jun tz uq bʼal wibʼ .
xkunax leya wa bʼ r umal le aj q ʼij .
ri u kʼu ʼx tz ʼibʼ paqa tzij e lajuj .
sibʼalaj je ʼlik rieqa bʼal xubʼanri lu ʼ s .
sibʼalaj atko n.
e man xo ri jupuq kej .
na x na ʼ taj tachke xe atin ik .
ri kʼamal bʼe xubʼij chike, chi maja ri a nim .
jumu ch ʼ ri nu juna bʼ .
q ʼi p tajin aqri raqan ri tem .
kchakun rukʼ ri jos bʼal che ʼ ri a jan el .
xataq chi ʼj le akʼal chu tijik ka r .
oj kʼopa le ro ʼch le awel .
¿ lakat pequ kʼch we ʼ q ?
le win aqpa le ch ʼich ʼe t ʼuyu l lo wi.
xkanaj kanoq chi u xe ʼ ri ja bʼ ri ch ʼa ʼ n.
nim rij a.
weta xakunaj le atat mat axkam la ʼ .
na nu kʼamom tu ʼ la ri ʼ .
chqa nukʼu ʼ ri qa tzij .
kim bʼepa letin amit .
xinq ʼi ʼ o na xin atin taj .
ra jaw axik kakʼaman chawe leu tijik le lej .
kʼis bʼal taq no ʼjibʼal .
