xin e ʼ wa ʼ oq .
x kibʼan kʼaxche le u wosaq r umal man utz ta chi kakayik .
riq ʼutu ʼm man kech ta le akʼala bʼ .
are na nim ta leatz ʼi ʼ chu wach len utz ʼi ʼ .
xe p etik xol kila ʼ .
¿jawchi ʼ xata ʼ chex kam ri u mam ri po ʼx ?
e kebʼ kekʼam bʼik p atuj .
x in loq ʼ junja pari wokaj ja .
riax tu ʼbʼ , kʼo qulaj chech .
jas karaj kaʼan chu tzakik leti ʼij .
xu tij lew a.
x im bʼal re tzij .
x pa x ri bʼo ʼj .
we kawaj k atin to ʼox aq xu wi kabʼij chiwe.
jas nu kʼu ku ch ʼobʼo .
jas karajku tijo ?
xe x r uxla bʼ ri rik il .
e nitz ʼa ʼ q le taq imu l .
we tane inxin bʼanow ik , are leate ʼ k x bʼanow ik .
kin tzalij pa le nutin amit .
ri nu chaq ʼ kʼopa u ro ʼq ʼatoj tijonik pari tijo bʼal .
x in xi ʼj wibʼ xin ch ʼaw ik .
kʼoch wa ro ʼch le p are .
chi raqan kabʼin wiri tata ʼ .
xsach on kanu ya ʼik le p waq chechoja .
xinq ʼaxchi kixo ʼl ri win aq .
ke tikonik .
ri u lew man q ech taj , kech ri qati ʼt qamam .
xepe le win aq xol kikʼama ʼ .
xu loq ʼri wuj r umal ri al i.
chewe q ʼij kamik kʼo jun nu tzijonem chirij le nutin amit .
kej ri ʼ .
x kuna na laq chwe.
ki nu sikʼij le nu na n .
ri i mul xu ch ʼij taj, x kanaj pa bʼe, r umal ri nimal ku jaluj ri imul, xutzaq ria nim .
ku bʼan ri u xoq ʼo ʼl ri aj tz ʼaq .
ri la sibʼalaj utz che kuna bʼal .
kʼi kiwach rie ʼ ajchaki bʼ pari komonty ox , kʼate kʼut xa jun chi ajaw xel ;
xqata chixa tulik .
kawaj chi kat ʼe k .
ch ʼuti ʼn kekanaj ri xa ja bʼ chech .
kaqa xi ʼj q ibʼ kaqachapo .
e kʼo kebʼ u kʼ ajol le tatx wan .
lu ʼ su bʼi ʼ ri rech am .
aj chi u wi ʼ mi q ʼin ja ʼ r il u ʼ .
xin ya kan le nu chimpa kʼay bʼal .
kʼatex ri lo , xpe ri unan cheu tzukuxik , x kikotik , xu sala bʼisaj ri taqux kin .
x kikʼut chi u wach ri ajtij xuquje ʼ chi kiwach ri taq nik ʼaj kachil .
utz lenu q ʼabʼ .
ku l le alwe ʼl pa a ustin chaq ʼabʼ kamik .
riate ʼ k x tzaq loq arechi kʼopa u wi ʼ ri q ʼa ʼm .
aj p atan ri te ʼ k .
xatqaj chiupam ri il .
la kʼo tzij na kik ʼox omaj taj ?
x sachon chkechi xe atin ik .
ro nojel le u lew echal aq .
la xe bʼe kʼula xe ʼ kijaq akʼule uchi ʼ ja ?
xaq kat ch ʼok naj iwir .
kamik kʼo chiri jastaq a we .
arechi ʼ kakʼis ri juna bʼ kʼoq ʼinom .
pa nawal ja ʼ xin alexik .
na xintataj we areri akʼal kix tzuqu wi k .
¡ ru lew ri sabʼu lo ner u lew ri n eftali, u bʼeri polow , ru lew ri jordan, g alile ʼ a kech ri je taqam aq ʼ !
rax , rax , rax , kʼokʼ , kʼokʼ , kʼokʼle r uxla bʼ le taq tiko ʼn .
achix at wilo .
paqal rajil le p ix kamik .
x oj bʼinik .
pa junje ʼl tijo bʼal ku tijoj ri bʼ jun akʼal , u bʼi ʼpo ʼx , utz ku ri lok epa tijo bʼal ro nojel taq q ʼij .
x waj chix at ʼetaj .
utz la ʼ le xu bʼij le achi.
weta ʼam jachin kap etik .
kinq ʼojomanik .
xinq ʼiʼo takʼalik xin p etik .
are ʼ reta ʼm che kin opan ik .
areta bʼal eqa qajaw chat to ʼwik .
kawin aq waqibʼ q ʼataj .
naqaj chik cheri u waq kaj bʼal aretaq chi ʼ ksach u wach riq ʼij, kok riq ʼeq u ʼm chu wachu lew , chi kʼate ʼ nari bʼeleje bʼ kaj bʼal .
jo bʼ raqan ri tz ʼalam xepo rox ik .
sibʼalaj ko ri j ri mop.
arewa ʼ .
jela ʼ pari ti minit ch wi ka b y ok rech xelaj u ʼ, le qana nq atat kakitikoj e ʼl alaj taqu wach ichaj .
kʼax nuqul .
xu ʼl u kʼama ʼ .
ko jul kitzukuj .
are man kʼax ta u kunaxik aretaq anin aq ka ʼilitaj we ya bʼil al xuquje ʼmojo ʼqaku ya ʼ le kʼax kʼol il chech le jolomaj .
ri wel kʼopa tijonik .
kawaj kin bʼij .
ri kotz ʼi ʼj k qakoj chiupam ri ja .
q ʼeq q ʼoj ri j ri ama ʼ kej .
na x waj taj xin ch ʼaw ik .
ch peta bʼal e loq ʼalaj ja bʼ .
x sachon chke xat ki sikʼij .
e leq ʼal ch ʼich ʼ .
jachin xa wilo chi arex tijo w ri ti ʼj ?
mata kabʼe le nu xbʼal pa le tin amit .
p im ru q , ri ali .
¿ kʼo ri muq ʼe chi awech ?
k qabʼij man kekowin taj .
kintij na.
kʼo jun qa tʼu ʼ y paja !
kʼo puj chiupam rich ʼa ʼk .
aretaq kin kosik kin warik .
xat wa ʼik xin wilo
inxinch ʼayow le achi.
ko nojel ri ala xikke ʼ etz ʼanik .
jas ru kʼ x kitij wile kirikil ?
anin aqil kat p etik .
narax ta u wach le juyu bʼ .
ri tz ʼalam tz ʼibʼa bʼal raxkkayik .
we chat chakunik , kʼo awa.
ma ʼ tam x at pe cheri wa ʼim .
kamul kinwa ʼ na.
ri sikil k tijo w ru kʼ ik .
kim bʼe aq ʼan ru kʼ le alta lin .
x oj ʼe k xe ʼ qil al arqas ok .
xe kiq ʼil le ajchaki bʼ x kiwoklej a.
matane x waj le kʼu hj nem ru kʼ leate ʼ k .
arexe ʼopan chiuchi ʼ ri juyu bʼ , x kilo chi man qas tak ʼoq ʼayes .
kʼate kʼut , ri jesus mank kojon ta chkech rie ʼ are ʼ , r umal rech cheko nojel reta ʼm kiwach ,
pa ʼ tzrij ri tz ʼi ʼ .
juwin aq waqibʼ q ʼataj .
atel aq ʼom .
xaqat jo ʼs .
ri q ʼatzu, are q ʼalaj ri uq ʼij il .
ajchak we ala .
u bʼelej u kakʼal taqanik (29).
kebʼ nu bʼi ʼ kʼolik .
la katzalij lu ʼ la anin aq ?
katzukun la chwe.
la kaj la koj bʼe ʼ pa le chomal ch we ʼq ?
xin na bʼej chu ta sik qa kʼoli bʼal .
la l xin to ʼ wik .
sibʼalaj a no ʼji bʼal .
x oj p etik xol q akʼama ʼ .
sibʼalaj je ʼ lik ri u wa ʼl ri ichaj .
kʼax wi j r umal in pa cha lik .
aretaq xu kʼulmaj wa ʼ xu l ri u chomanik xu bʼij : are utz wa aq ʼabʼ kin walij ik , are cha ʼ chanim kin opan pa tijo bʼal , maj chikin kʼulmaj .
ojaj xo jolo bʼ pa awasq ʼij .
x in sach che le u wokik le tzij .
e julajuj ri akʼ .
xutaj am pa ʼ koj ʼe k .
qil ik .
ri tijo xel man areta nim chu wach ri rajtij . ri utz tijoxel qas jeri ʼ kʼolik jas ri rajtij .
inx atin ch ʼayo .
no ʼjim chak wumal .
ch ʼu r ri jo ch ʼ .
inkin bʼij na kat sach taj .
uj maya bʼ .
ri abʼaj ya tzalik .
tajin kepix bʼax ri akʼala bʼ .
chom ri aq .
xin wa rik .
e lemen ko nojel ri akʼala bʼ .
tajink q ʼa na rik ri we re ʼaj .
le u kemik lepas utz ( chawe ).
xuyu p u bʼ au wach ra ʼ chi, kacha ʼ, .
ri satanas kok pari judas ri k bʼix is ka ri ʼo tech rech , ri are ʼ junch kixo ʼl rie kabʼ lajuj .
chu chu ri par.
kin qumuj ri nu joch ʼ .
che chpunción lumbar amaq ʼel rajawa xik chech ri lik le u kʼex bʼem wi lena bʼe ru kʼ le u kabʼu kʼutunem le ya bʼil al .
q ʼalaj china kawaj taj kabʼij .
kʼo q ʼol chirij ri si ʼ .
jawix oj ʼewi chu loq ʼik ?
kʼo u loch ʼri tal in .
q ʼan rij ri ati ʼtnukej .
la x tzalij la iwir ?
xe sikʼixik , kʼate kʼu ri ʼ xe ya jik, xuquje ʼ xetaq bʼi cheu sikʼik le mes .
la kix warik ?
are kʼu le pa lo maxxu bʼij che: - mam kat bʼison taj , kin sikʼij nik ʼaj wachi ʼl kerapa p ik .
a ʼ re e tijoxela bʼ .
ri alajali si ʼl xu bʼij x qa chappa utzal ri ty ox .
x sachon chke jachin xe atin ik .
jas xu rayij le anan xu tijo ?
xinko sik .
rax ro nojel riq ʼayes r umal leja bʼ .
kin yawa ʼwe ch ʼich ʼ pinem na utz .
no ʼjimu pach ʼux ik le nu wi ʼ .
naj kʼo wile wo ʼ ch chu wach le tijo bʼal .
ri okibʼal kʼo chi u wach ri saq ja .
xe nu taq ch ʼij ke kil le akʼala bʼ .
kʼo jun q ʼox ow em chiwe.
tzari cho ʼm .
we choj bʼepa le nimaq ʼij, keqil le aj xo jolo bʼ .
x oj ʼe k xe ʼ qil al arqas ok .
riate ʼ k xuta ʼ chech rinan to ʼn :- na n jas che ʼ chi mankaj ta laq akʼat isaj ri jo ʼq .
ri p al sibʼalaj xu ʼy .
kin koj ri jokbʼal u lew .
inkin bʼij na kat sach taj
at raj kun le nu na n .
ku qamujuj oron ri aj tzij .
lu ʼ tz ʼalam u bʼi ʼ ri achikel pa nim che ʼ .
je ʼ lik uti ʼ jol al ri saq ko ʼr .
kʼo junxa ʼr paja .
xin loq ʼ jun kʼakʼ p atan .
kʼax u kemik le pasa wumal .
anin aq u kemik le pasa wumal
rich ʼa ʼn sachin aq p ataq abʼix .
rax taq le kotz ʼi ʼj .
mesom kanoq ri u p am ja .
man areta r alax kosik .
ri komon xe ch pu p rech uq ʼabʼ tin amit xo ʼl abʼaj rech q ʼu markaj .
la u tzakik kʼu su bʼ tajinku ʼ ano ?
katela !
na xu tij taj .
xar umal keta ʼm ko nojel ri win aq k kiq u muj leja ʼ .
iwir xuj tzalij la pa kʼay bʼal .
qeta ʼm cheri qawa ku ju to ʼo .
ri ajtij, k yaj on chikech ri akʼala bʼ .
jasu bʼanom le nu ch ʼuti tat ?
chwe ʼ q kin bʼe pa nim tin amit .
utz we kiweta ʼmaj jasku bʼij ri chol bʼal q ʼij .
tajin katji low che uq ʼoxom jolom aj .
x in tik q ʼaxchi u wach rij a.
kʼax le kibʼe le win aq .
loq ʼ katkun taj che le ya bʼil (covid- 19).
ri nu xibʼal kel paq aj bʼal q ʼij .
x r il ri axwan chix wa ʼ ri ala .
le alix kuna tajik .
weta kape leja bʼ kamik .
x inweta ʼmaj china xatpe taj .
ri p waqrech weq ʼataj ri ʼ kesax chech ri toj bʼal kʼayinem .
k tij ri u wa ʼlik r umal ri kinimaq ʼij .
xu chapu kunaxik .
chatan loq ali .
xin xu li ʼ q aj oq .
je ʼ lik k tijo w ri taqik ox .
kʼate kʼu ri le tat xo ʼr xu bʼij , man kawajtaj , man kawajtaj .
kʼo jun tz ʼi ʼ pa bʼe .
kamul xin p eche atzukuxik .
man tajin takin chakunik .
kin chakunik rechkat wa ʼik .
jas r u kʼ x awil wichi xkiqupij wile ti ʼj .
jasu bʼixik … ?
ko q ʼri akʼal .
kawaj na kat ʼe taj .
xat q ʼajik .
w em nacha loq ʼaxiyal , na kim bʼe ta awu kʼ .
x opan le wuj awu kʼ r umal we chin .
are kʼut pa le juyu bʼ k kʼiy joron, chila ʼ xeki kʼamawiri ja ʼri win aq .
ko q ʼri akʼal .
we kʼo a rajil cha kʼamal oq .
are sibʼalaj kaq le apo ʼt chu wach le nu po ʼt .
xin kʼastaj paka bʼ lajuj kaj bʼal .
kaqoy ʼej naki xpe taj .
ko kax im ri chi j xa jela ʼman kanimaj ta bʼ ik .
ri kok no jim x bʼek , xu ch ʼij ox opan pa u kʼis bʼal il lea nim .
x oj ki ʼ kotik aretaq xa tulik .
kaq itz ʼ naj ri u xa ja bʼ ri akʼal .
ri jesusk wa ʼkat pari nim rachoch ri dyos, chuxe ʼ ri jun jache rachoch ri salomon .
we taqanik ri ʼ ku bʼij chi rajawa xikk ya ʼ uq ʼij ri win aq xuquje ʼ k to ʼanin aqil .
ri a xu x are nari ukunel ri kin aq ʼ .
aretaq wa ʼ ri uq ʼijol we taqanik .
kʼo jun ta bʼal pa u wi ʼ rix kanul u bʼi ʼ lajuj no ʼj .
yu ʼl u bʼanom ri u kolo bʼ ri kej .
xa nimaj ri akʼal chi u wach ri u chu ch .
k kunan ri achi .
kin wa ʼik rech na kin yowaj taj .
aj xik ch ʼich ʼri l u ʼ s .
k waj che ix kix bʼanow ik .
a ʼ re xeto ʼwal aq .
x oj ʼe k xe ʼ qil al arqas ok .
xin loq ʼ junch ʼich ʼ, qajin aq u wach .
ku tʼis ri pantalon .
e janipa le awal kʼwa le kʼolik ?
utz u kemik lepas chawe.
rimax are aj q ʼani ya ʼ .
mata bʼ achiri q kʼax pa le bʼe .
tajin kanimaj , ri me ʼ s .
ix ixe ʼ laq ʼoma bʼ !
x sachan chwe.
e kʼo kʼiche ʼ, chi u wach ri juyu bʼ .
arewa ʼ ri nimalaj p ixa bʼe arewa ʼ ri na bʼe .
x reta ʼmaj chi ruk ʼp akʼ kutij wi
jasu tzakik le su bʼ xu ʼ ano ?
aj xo ʼ y ri wikan .
we tane a ʼ re xe tijo w le ri kil , are le komon xe tijo wik .
sibʼalaj anin aq kach ʼaw le are ʼ chi nu wachin .
utz we kinchakuj .
me ʼ s la ʼ .
kʼo kan wa rech kaqatijo .
xin sikʼij la.
ri akʼal x sach kanoq jela ʼp ataq ʼaj .
xe sikʼij la.
jawix kibʼij wichike ʼe wi?
r umal che, manix tari ʼ ri kixch ʼawik , areri r uxla bʼa xel ri i tat ri ʼ rik ch ʼaw na iwu kʼ ri ix .
kʼakʼ ri wachoch .
sibʼalaj utz kin wil le atz ʼyaq rech na huala .
saq por k kay ri kipo ʼt ri na n.
x sachon ri nu chak chwe.
wa ʼim xu chapo .
ri q ʼaq ʼ tajinka juluwik .
najil u p am ri si wa n .
e kʼo ri qachal al pa chiu wi ʼ la.
jas x ataq chi ʼj le akʼal chu tijik ?
no ʼjimu kemik le pasa wumal .
kʼo jun ku ku bʼi ʼ tin tin , wa ʼ lelaj ku kmam kaj e qitaj , ka paqika xu lik pa u wi ʼ uq ʼabʼ taq che ʼ , sibʼalaj sakʼaj , ke ʼ u to lee nima ʼ q , ch ʼutin , rachi ʼl , aj sipanel sibʼalaj utzra nima ʼ .
ri u p ixa bʼ leq ʼat bʼal tzij kiya ʼu bʼixik .
na xsach on ta chke xe atin ik .
xeqil le chi koppu wi leja .
x lo ʼtaj ri akʼal .
qo nojel kuj wa ʼpa u wi ʼ ri me xa .
x sikir le waq an.
la x at wa ʼ kʼut ?
nim u bʼaq ʼri tulul .
kin x ik ʼikʼ ik xinq ʼaxik .
lak at bʼe pa le tin amit ?
ri p al sibʼalaj saq ʼo r .
k q ʼox ow nu jalom .
x in na ʼ ochi kat p etik .
x loq ʼu lew iwe chix .
x in chakun ru kʼ ri numam .
na x qabʼantaj .
k kʼoji ʼbʼa ʼ ri u sipanik ri ajaw xel jesusk r istor u kʼ ri awuxla bʼal !
kin ch ʼaw ru kʼ lenunan pa le ch ʼawe bʼal .
sibʼalaj q ʼeq u ʼm r umal ri mayul .
are lebax u lik .
xe ko s le ix oqi bʼ pa le bʼe .
kʼax ri lik le akʼal chawe.
x in q ʼi ʼ oxi na tin pa joron .
sibʼalaj nim le tin amit .
kʼax u kemik le pasa wumal .
xin sachik .
tajin kelu kikʼel pa raqan ri tz ʼi ʼ .
x inweta ʼmaj ri lik wibʼ
ri q ʼuq ʼ are jun je ʼl chi ko p.
kʼopa ja tijo bʼal ri wi kaq ʼ .
ri sachi bʼal mak raj wa xik chi qa xo ʼl .
je ʼ, kim bʼe k .
jela le ʼ ri nu p wi ʼ .
xu bʼij che: - jas x abʼano tin tin ?
kabʼan juntoq ʼobʼ k yak ri nu jal .
kat ʼe k xin ta .
jasle u kʼex bʼem ri bʼ le jun ru kʼ le jun chik ?
aj chi u wi ʼ mi q ʼin ja ʼ r il u ʼ .
ri tijonel naj k p ewi.
te ʼ k ix cho bʼ u bʼi ʼ ri nu tat .
ri ja ʼ kamiq ʼik chi u wach riq ʼaq ʼ .
ri tʼu ʼ y k paq ʼowik .
kin mes on na.
naqaj at kʼowichi wech .
x in bʼisonik taqna x atpet taj .
wex kam ri win aq , ri p waqrech toj bʼal makaj k ya ʼ chikech ri r ala xik .
ri nu na n x bʼe pa kʼay bʼal .
x oj u kʼamu loq rech koj ri lo
x kʼoto chinchi kiwach chi kinwa ʼ awu kʼ .
na x kikamsaj taj x kikʼam bʼi choja .
kʼakʼ ri ikʼ kamik .
x im bʼer u kʼ le ajkun iwir .
ri lik .
le tz ʼi ʼ xe kosik .
xin kikota wumal .
ri i mul xu maj ri a nim , xu ya kan le kok .
kʼo oj cheri akʼal .
xu jbʼepa jun kʼula nem .
utz we k waral aq .
kaqilo china koju kʼam taj .
x reta ʼmaj chi ruk ʼp akʼ kutij wi.
sibʼalaj xin kʼa ʼna rik .
xinko chi j ri nuwa .
man katkowin taj kat chakunik , we man kʼota ri ajila bʼal .
we won on xu bʼij chike :- ki xin to .
ri ala nim k r il wiri u mam .
x ka ʼy chirij , x ka ʼy chu wach , ma kʼota chi jun k silo bʼik , x oq ʼik xu xe ʼj ri bʼ x ch ʼopin ikx tzalij loq xu riqta chik ri u bʼe .
kʼo pus cheri wa .
pinem naka bʼe le wa tz , kim bʼewi in paka ʼ yi bʼal .
ri nanto ʼn nim win aq chik , saq u wi ʼ, ro nojel aq ʼabʼ utz kuna ʼo ka tʼuyi ʼ pa utem , ku mi q ʼisaj ri bʼ chori q ʼij, kʼo junu wi ʼ umam u bʼi ʼ ate ʼ k .
mane kʼitaj ri qula ʼ .
q ʼalaj china kawaj taj kabʼij
x paqa bʼisax rajil ro nojel ri kem .
kʼo pari jul ri kumatz .
ro nojel q ʼij kin ch ʼaj le nu w are .
saq chi kan le ichaj rech katzako .
chuxe leq achomal kaqatij wi junq ame q ʼin .
ch awila ʼ .
e kʼojo bʼ u mi ʼ al, ri nu tat .
jas ru kʼ x awil wi
je ʼ jas ri win aq rech ri u wachu lew , xoquje ʼ kepena ri ʼ rie ʼ are ʼ chee rech ri u wachu lew ; je ʼ jas ri win aq rech ri kaj , xoquje ʼ kepena ri ʼ rie ʼ are ʼ e rech ri kaj .
xin tijo .
k tz ʼujuw ri rachoch ripo ʼx .
xuq ʼi ʼo are le u kʼu lel x ya ʼo wu wa .
ri awel x reta ʼmaj chi rajawa xik manku xej tari bʼ cheri tuku r .
ju kʼulaj win aq xe ʼa nimaj bʼik .
je ʼ, xin tzalij ik .
x oj p etik xol q akʼama ʼ .
maj jachin x ʼe k .
in ajtij ; at tijo xel .
saqu wi ʼ ri tata ʼ .
we ch ri kem .
le ro ʼ ch leate ʼ k kʼoch wach le u kʼay lenu na n .
k bʼe pari siri ʼa e pari silisi ʼ a, jawi je ʼ ku ya wiri kichuq ʼabʼ ri komonty ox .
p ixa bʼ : man utz taj kʼax kujch ʼaw chikij nik ʼaj qach il .
x kun ataj le ali ( kumal ri ix oqi bʼ ).
rix ibʼi bʼal chi kʼowi p ataq riq akʼaslemal ro nojel q ʼij .
na kuj warta waral .
on chek kʼoji ʼ ri utzil chi xo ʼl , arech junam ri qa kojonik , junam ri iwe chix r u kʼ ri we chin .
pa ox q ʼij ri sa ʼn k bʼe na ru kʼ ri ajkun .
kawin aq wuqu bʼ .
jas kawaj kin tijo ?
we taxat bʼew u kʼ pa le tin amit , xa loq ʼ tala ʼ le u jastaq le akʼajol .
kebʼe p awa ʼim .
xin loq ʼkʼi wa.
pa jun nim kʼache ʼlaj , kʼo jun kʼwa ʼ sibʼalaj saq loloj , nimu wach .
k waj katijju bʼa ʼ wa.
ro nojel win aq k ri l nari u kolonem ri dyos » .
x kʼoto chinchi kiwach chi kinwa ʼ awu kʼ
k waj na kat ʼe taj .
la xa loq ʼ junalej ?
e kʼo rie loq ʼomanel .
ri u kabʼu bʼi ʼ ri numam arey ay .
kin jopij ri ija ʼ rech triko .
x na ʼ taj chke xe atin ik .
xa te ʼ qila ʼ .
kakitij ala n xa x ri win aq .
. . . kin bʼij chi arewa ʼ sinxi ʼ an.
na xin na bʼej ta chu ta sik qa kʼoli bʼal .
r umal rech chewe ri in, kin ch ʼaw ru kʼ ri dyos pa ch ʼabʼal , k ch ʼaw nakʼu ri ʼ ri w uxla bʼal ru kʼ ri dyos, kʼate kʼut man kʼota u p atan ri ʼ ch rech ri nu choma bʼal .
xe p etik x kilo .
xuta we kat ʼe k .
utz u kemik lepas chawe.
ri nu wa kax xu tij jun q ʼoq ʼ r umal ri ʼ x kamik .
r umal ri kʼix , man kewa ʼtaj ri win aq .
xe ʼu lik .
q ʼeq rij ri ama ʼ chi j .
x raj ka ʼ el eunan .
junam kijuna bʼ .
n aq ʼalaj taj we ka ʼ e k .
ri wix nam ch ʼaj ch ʼoj ri rachoch .
waral man kʼotaj ajawa l .
na iwir ta x r il le kʼamol bʼe .
x in pe loq te kʼu ri ʼ xin tzukuj ro nojel ri nu rajil .
ri aj tiko nel kutik ri tzij .
kʼo e kik ʼajol le achija bʼ .
kutij q ʼayes ri ix pa ʼch .
pari wa ʼ bʼa le kʼo kawin aq achija bʼ .
sipoj in aq ri nu p am .
kaya ʼtajik ru kʼuti ʼonem jun ri u riqom le ya bʼilam olot setsé xuquje ʼ are kaya ʼtaj p ataq ri juyu bʼ .
jachin ri achi ?
ri numam x kamik aretaq kʼo jumu ch ʼlaju jujuna bʼ .
kin kowinik kin kʼam bʼi le p waq .
kin wilo chi utz ri aji ʼ .
xinq ʼil ri apo ʼx che man kachakun taj .
k wa ʼ chi u wach le taq ʼaj ri ama ʼakʼ .
ri i mul xe poq ʼik pa jun ikʼ .
x kʼis kanoq ri qachak .
areri alix oj ilow kanoq .
sibʼalaj ch ʼu ʼj ri amax .
kʼo nu wachi ʼ .
in chajinel kech le akʼala bʼ .
xeko s letz ʼi ʼ .
kin bʼe na ku kʼ ri molaj .
ro nojel aq ʼabʼ kinyi tz ʼri wa kax .
karapin ik xu tzukuj chi jun awaj .
le u kemik le pa san in aq ( a wumal ).
maju rajil le q ʼabʼ are l .
kʼax ri ʼ ri kach ʼawik .
x oj u taq chi ʼj le achi chu loq ʼik ichaj .
sibʼalaj kʼax rix kʼulmaxik .
x kilo china kin kʼoxo majtaj .
x na ʼ taj chkechi xe atin ik .
x kʼoto chin chi kiwach chi xoj al wo ʼqaku kʼ .
jun q ʼu ʼ q rajil ri kaxla ʼn wa.
xin wilo chi xe ʼ elik .
e kʼo ix oqi bʼ pa le kʼay bʼal .
man kʼotaj u kʼisik ri maya bʼaj la bʼal il .
ri sink kʼiy p ataq ʼaj .
rich ʼim a mank kʼiy taj p ataq ʼaj .
rajawa xikk jikik ri waqän .
kawaj kin ʼe k .
e kʼo oxi bʼakʼ .
xu bʼij chwe jawi at kʼo wi.
chwe ʼ q kuj bʼe ʼ pa muquj .
pa saq kʼa ja ʼk bʼan wiri uq .
x oj kisikʼij .
xin wil wibʼ .
chaq ʼ chik ri wa.
kim bʼen akapa le wo ʼ ch .
kawaj kin ʼe k .
rich ʼu ʼ k tij ru kʼlej .
pari kiq ʼij kamin aq ibʼ k bʼan q ʼo ri kʼya ʼ rech aj : na bʼe rinan kutzukuj kan ri aj , ku jach ʼo ʼ xuquje ku kʼe to .
jas kaj bʼal chanim ?
utz u chomanik ri ali .
pari q ʼijox lajuj tijax kin kʼis kebʼjuna bʼ kinchakun waral .
sibʼalaj ko , ri kʼakʼ ch ʼat .
jas karajku bʼij … ?
rich ʼich ʼ kasila bʼik .
pa ojerq ʼal pu l xaq xu wiri nim win aq ke kʼamow bʼe .
le u kunaxik le u kabʼu kʼutunik are ru kʼ e flor nitina on utuni bʼaxik lenifur timox chi ʼ le flor nitina chech t. b . g.
areri achi x in ch ʼayowik .
jun achi u bʼi ku ʼx u sipaj kebʼ kʼa ʼm u lew rech kabʼan ri tijo bʼal , kamik , kʼo chi kajtij rech ri komon xe chpup.
xu malty oxij cheri ajtij ro nojel le xu kʼut chi u wach .
pari bʼex kiraq junala jimul saq ri j, x kikʼam bʼik .
x r il le bʼal e ala .
jasku bʼij chwe ?
le u kuna taj em are ru kʼu tzukuxik le u chikopil pa junu solik u xe ʼ le kik ʼon le ja ʼ rech jun no do .
utz we n utz ʼi ʼ .
je ʼ, tajin kachapo nik .
ki nu loq ʼoj lenu tat .
kawaj kim bʼe p atin amit .
arela ʼ kinchakuj .
ri nima ʼq taq win aq kʼo keta ʼma bʼal .
we taxat bʼew u kʼ pa le tin amit , xa loq ʼ tawa ʼwe jastaq .
ri ki kʼaslemal . wa ix imu lew xa jun chi ma areta ti nimit ri ma
ri u kʼ ya bʼal na jupam .
xatqaj chiupam ri il .
nojim kat wa ʼik .
we kʼo jun k tuq a ʼrik , ¿ la man xoquje ʼ taj kint uq a ʼr ri in ?
ojoj wokol ja .
awas k bʼan kʼaxche jun nim win aq .
xin ch ʼaw apan ru kʼ le wa na bʼ .
kʼax ri u p am ri ju ʼl .
tajin kewa ʼ ri i mul .
la kaj la kuj tzalij la anin aq ?
r umal rech cheri makaj man kʼota u kowinem p iwi ʼ ri ix : ri ix man ix kʼot achi chuxe ʼ ri p ixa bʼ, xane ix kʼo chuxe ʼ ri sipanik .
nim raqan le che ʼ .
xin chapo .
are le tu ʼ r le loq ʼomanel .
xa skat kʼoji ʼ chiupam rich ʼich ʼ .
sibʼalaj nim raqan ri kʼamal bʼe .
le tz ʼibʼa bʼal we chin .
inxin to ʼw la .
xa je kʼu ri ʼ ri ix kamik ri ʼ man ix kaxlan win aqta chik ; ri ix , ix rech ri kitin imit rie ty oxlaj taq win aq , ix rech ri rachoch ri dyos .
xin tiko xlaj kʼal ichaj .
kaqariq q ibʼ ch we ʼ q .
sibʼalaj utz cheri wi ʼaj ri tuney .
we naju p ulik ta xe qajik . . .
x in to ʼ taj cheri nu chak .
kʼo jun chi kopu bʼi ʼ p um .
poq on ri ik .
x oj bʼinik .
xu ch ʼe kro nojel le reta man ikx paqi ʼ k kʼax kwʼi nik xu bʼan ajkun .
kel u bʼik pari jude ʼ a e k tzalij chi u bʼi jumul pari g alile ʼ a.
xina xibʼij pa bʼe .
je ʼl kʼo lem chi awachoch .
ro nojel ri ya ʼtal il pa weq ʼataj , tz ʼaqat kiwach , mank tzaq ta kanoq xuquje ʼ mank tas taj .
xu kunaj le yawa bʼ le aj q ʼij .
chi tata bʼej jasle kim bʼij .
ch ʼan al ri achi .
pa bʼo ko ʼ kachakun wiri ta x .
uj kʼopa u wuq q ʼij .
ki ʼ ri u kabʼ ri aqaj .
kʼo rachal al pa tz ʼoloj che ʼ ri pe ʼl .
x kilo chikin kʼox omaj .
ri u kisakʼ utz k ya ʼik chi u xe ʼ ri tiko ʼn .
aretaq chi ʼ kaq ʼan pu wi ʼ ri juku bʼ , ri achi chex kʼoji ʼ ri itzel uxla bʼal ru kʼ , ku tach rech ri are ʼ, arechk kʼoji ʼ ru kʼ ri are ʼ .
na kabʼantaj ta wumal .
x na ʼ taj chke xe atin ik .
xin paj ri nu triko .
xe ʼ ok ri p ok ʼpa ri u me xa ripo ʼx .
kajuluw ri aq ʼa ʼl chi u xe ʼ ri tʼu ʼy .
awech leja .
xuj bʼepa tz u rik .
na bʼex at opan ik .
ri u kabʼu bʼi ʼ ri numam arey ay .
uwaj xaqu kakʼal taqanik (28) .
mata kʼo jun kakanaj kanoq , qo nojel koj bʼe k .
e nima ʼ q le altoma bʼ .
nim u wach ripo ʼt .
kojonik pari utzij wa ix imu lew .
jas xu kʼam bʼi letz ʼi ʼ xa wilo ?
xin p etik , tat .
ri bʼelaj u wach .
chi tata bʼej jas ri kim bʼij .
je ʼl kuna ʼ ri abʼix chiupam ri ququ lew .
kin bʼisoj u wach le wal .
xu tʼuyu bʼa ʼ .
nim ri aw eqele ʼn xa riqo .
xin e ʼ wa ʼ oq .
chi ʼ kewa r wile akʼala bʼ .
ri nu mi ʼ al xu taq loq jun taqo ʼm wuj chiwe.
q ʼe ʼ lik , rich aj pari bʼe .
la utz awach ? - utz malty ox , e kʼu ri at ? – utz malty ox .
x in kos r umal nu chak .
k bʼe ku kʼ rie ʼ are ʼ e k tzalij pari na sarete ke ʼu nimaj .
ri joj xu kʼam bʼik ri akʼ .
kʼochi wachi ʼl chanim .
ku bʼij chech na ʼl kabʼan cheri atz ʼibʼ .
e . . . ink awaj katzjoj bʼi la chwe.
ma taxin yaj le ali .
jachin ru kʼ kat bʼe wi?
kʼo sibʼalaj eta ʼma bʼal pari maya bʼ no ʼji bʼal .
e manxo ri ju p uq kej .
kasu mum ri kaq iq ʼ .
e kʼokaji bʼ akʼala bʼ pa le bʼe .
je ʼ jas ri u tat k ka ʼ yik .
xaqat molon el tzij tal .
le nu tat kaloq ʼon chwe.
xaqtane kim bʼe iwu kʼ .
x reta ʼmaju ch ʼa jik .
r umal la ʼ x koj “ xal q ʼat ” cheu bʼi ʼ ri komon .
are le u kemik pas x reta ʼmaj .
ri wa ti ʼt ku bʼan nari u p atan .
kʼakʼ lepo ʼt .
reta ʼm u wach jachin x loq ʼow ri pas .
kench ʼabʼej le akʼala bʼ .
ya ʼtal chaqe qo nojel ri uj win aq utz kaqil q ibʼ .
x koti ʼ p aq ʼayes x oq ʼik .
kawin aq bʼeleje bʼ q ʼataj .
e kʼokaji bʼ r al ri imul, jun saq , junq ʼan , junq ʼeq , junq ʼeq oj , sibʼalaj ketz ʼanik , kech ʼopi nik ri alaj taq imu l .
k cholo l ri achachal .
kete kik ri ikʼ .
xe p etik rech kewa ʼ iwu kʼ .
tz atz ri uq ʼan il ri akʼ .
x oj tzalij ik xi xe ʼ q aq ʼat uj ku kʼ le ita tin an.
riyo ʼx taq akʼala bʼ ke kikʼux ri atz ʼyaq .
we achiwe xu sipaj jun po ʼt chwex kamik .
k kowin ri kuna nel che kunanik .
x ji q ʼ pari polow .
xar umal sibʼalaj rajawa xik le loq ʼalaj ja ʼ, le win aq x kibʼij : chewe ikʼ ri ʼ qo nojel kuj bʼe cheu tikik taq che ʼ .
ri u na ne rie rachal al kepe u loq ru kʼ ri are ʼ , kʼate kʼu ri ʼ, man kekowin taj keq ibʼ u koq ru kʼ , r umal rech chee kʼo sibʼalaj win aq .
r umal rech , che man kʼota jun k kowin cheu kojik jun tiki bʼal il chik chu wach ri kojom chik che areri jesusk ri sto .
te kʼu ri ʼ x utz ʼibʼaj ri bʼ pari nimalaj tijo bʼal rech aj ku ʼn .
kajuluw rich ʼu mil chaq ʼabʼ .
kʼis bʼal kanoq , xoquje ʼ k kam ri ix oq .
lea la x okik .
kʼop waq pa u wi ʼ ri me xa .
are kawaj na kin ʼe taj .
ri yawal ku koj ri alichi u xe ʼ ri cha kach are u su ʼt .
na kaqakʼam tu ʼbʼi kamik .
ri ajtij ku bʼij chike : rajawa xikke qachajij ri awaj , are u tiko ʼn ri ajaw .
x intij mukun iwir .
kʼax le u wi ʼ taq le nu q ʼabʼ .
xin loq ʼ jun il bʼal wi bʼ .
wa ʼweq ʼij, nimu bʼantajik .
ri u xe ʼ al ri qatin amit man kasach taj .
x oj bʼinik .
ri achal al junam kiwach .
xinweta ʼmaj ri lik wibʼ .
nim ri u na ʼoj waj tij .
mi q ʼin ri kʼul .
aj q ʼojom riate ʼ k .
che le san ik che ʼ k bʼan wiri q ʼojom .
kap e le awel pa nawal ja ʼ .
ri meso nel tajin kchakunik .
utz chaqe kaqato ʼ q ibʼ , taq kʼokʼax kʼol il , katew e chi ʼn ri ajaw p aqawi ʼ .
xa wilo, x q ʼatan le ibʼo y .
xat kowin ikx abʼano .
ki ʼri kʼawex .
kaj il il ri bʼe .
le alixel bʼik .
are ʼ x raj xin bʼano .
nim we abʼaj .
je ʼ lik uti ʼ jol al ri saq ko ʼr .
nojin aq ri kej .
we katijan xu x man katuto ʼt achi uq ʼat ix ik le kʼakʼ ya bʼil corona virus ( 2019 - ncov) .
na nim ta raqan wa ʼwe che ʼ .
utzalaj ajchak , ri wel .
¿jam pa ʼ kuj bʼepa nimaq ʼij ?
rajawa xik ta nela ʼkat chakun wu kʼ .
xutaq chi ʼj pa war am p u lew .
man areta riax wa n xe lik .
ri awix xu loq ʼ rachoch re nim al .
areri ix oq xin sikʼin u loq .
rich ʼim akʼat ʼon na.
la x ibʼan le ichak ?
kʼi tin amite kʼopa ch ʼo ʼj .
kʼo ju p uq chi j chi u xe ʼ ri che ʼ .
ri u xaq ri abʼix are u wari kej .
kawin aq q ʼataj .
la ki xpe pa tijo bʼal ?
we kechajix taq le kʼwa jacha kin bʼij ; jun alik kʼo ja ʼ xuquje ʼ sibʼalaj saq loloj .
x reta ʼmaj .
ri ala bʼom ri alitoma bʼ tajin kikitijoj kibʼ rech su taq , arekakaj kikibʼan nimaq achija bʼ chupam ri ki kʼaslemal , xuquje kʼo chik jup uq bʼixonel chupam ri komon .
la tz ʼu wach ri bʼe .
kʼakʼ ri ach ʼich ʼ .
qo nojel uj , uj maya bʼ taq win aq .
nojel q ʼij ri ati ʼ xkuyu q ʼuj le taqaw aj jela ʼpa nik ʼaj ja ʼ, chirij ri juyu bʼ u bʼi ʼ te na ʼ .
pa q ʼom chik ri si ʼ .
kintzukun chela .
kakitij le kin aq ʼ, le ichaj , le u wa ʼlik ru kʼ le j .
xe kanaj kan le ajchaki bʼ .
ketik on ri achija bʼ .
sibʼalaj itzel u bʼantajik rich ʼila kan .
ri ate ʼ k xu malty oxij cheri ra ti ʼt , r umal ri utzalaj no ʼjibʼal xu kʼut chech .
k kamulix u chak ri abʼix .
laxin utzukuj le tijo xel ?
are ʼ kachakun ro nojel q ʼij .
lee kʼa ʼ na taq tz ʼi ʼ .
saq rij ri plamux .
jas x aq ʼi ʼ ox atijo .
jas r u kʼ x kichap wi u tijik le ri kil ?
we kata tin ru kʼ kʼatan ja ʼmanku q ʼatej ta le kʼakʼ ya bʼil corona virus .
la kat bʼin pa le uxlan bʼal ?
la waral kʼux ix wa ʼ wi?
are lenu tat kin loq ʼonik .
tajin kchakun ri ala .
kʼo ri ki ʼ kotemal awu kʼ .
xuta jachin ka ʼ ek .
xat wa ʼik xin wilo .
x tzaq ri rachoch r umal ri ja bʼ .
pa le jun ikʼ chik are nimaq ʼij .
e kebʼäm kebʼin pa u wi ʼ ri tem .
mem ri achi .
ri wi kanchali ʼ y kel pa juyu bʼ chwi tziri bʼal .
le rajil , la paja xel aq ʼax wu ʼ bʼik ?
pari su ʼt pisom wiri lej .
kojp etik kol qa kʼama ʼ .
tajin kat ch ʼopin chiu wach ri taq ʼaj .
le q ʼo rx ch ʼuqik .
kʼax wa ʼ ima wumal .
kin bʼison che le wal .
sibʼalaj kʼokʼ ri awa tz ʼyaq .
kamik xuj bʼe cheu tikik taq che ʼ pari juyu bʼ .
ki nu loq ʼoj lenu tat .
chaqi ʼj chik ri chaj .
x yil ix h awayi .
na x na ʼ taj ta chkechi xe atin ik .
r u kʼ kʼu wa ʼwe ri ʼ, ri ix k kʼoji ʼ jun utzalaji kʼaslemal ri ʼ ch kiwach ri win aq che mane kʼota iwu kʼ , kʼate kʼu ri ʼ man kʼota junwin aq ri ʼ rajawa xik chiwech .
e p etin aq pa bʼe le rachala xik .
kakaj le akʼala bʼ kewa ʼik .
xuj ch ʼay bʼik .
ri nu chak are q ʼaxel tzij .
kʼo nar uxla bʼ ri awaj .
tajin kel loq , ri q ʼij .
x uq ʼi ʼ ox kamsax ri rachal al choch .
ri numam are kʼo uq ʼinomal .
x kʼu lmataj jumul , xu bʼanjun nimalaj ja bʼ, manx bʼey e tajtana xu kʼisleu yuq ʼ chike .
ama ʼ ri n utz ʼi ʼ .
jewa ʼkat p etik .
xinko sik r umal x in chakunik
iwe ch chi jujunal , ri wa .
x uq ʼi ʼ on axat atin taj .
in riq tajin aq pari kʼayibʼal .
n aweta ʼm taj .
kʼax le nu q ʼabʼ .
utz le xu bʼij le achi.
kematz ʼibʼ .
kʼo rachal al pa tz ʼoloj che ʼ ri pe ʼl .
ro nojel wa ʼwe jastaq ri ʼ, xas ksach wi u wach wa ʼ ; ru kʼ weri ʼ, ri ix , rajawa xik che kʼo jun ty oxlaji kʼaslemal e k kʼoji ʼ ri ich ʼaw em ru kʼ ri dyos,
x muq taj ri p atz ʼan .
rich ʼich ʼ tzijom kanoq pari u kʼol bʼal .
man kʼota u cholaj p ataq ri a wuj .
jachike ikʼ le u nimaq ʼij le tin amit nawal ja ʼ ?
xe p etik xol kikʼama ʼ .
kachuq ʼ chu tri ja ʼ chiapam .
x in bʼij iwir chi xe bʼe pa armita .
are ʼ u xe ʼ ojer tzij waral kʼiche ʼu bʼi ʼ .
x kʼis ri nu si ʼ .
jawix kibʼij wichike ʼe wi?
¡xa je kʼu ri ʼ, jachin taq rie kʼo pari jude ʼ a, chi chanim che ʼa nima ju bʼi p ataq ri juyu bʼ,
kʼakʼ ri a bʼ .
la kʼo jun na kakʼox omaj taj ?
nau tz ta le u tʼisom le almariy .
man ya ʼtal taj chi awekatok paja.
je ʼ, xa tutzukuj .
are kel waj xaq ibʼ uq ʼij rix kʼojik .
ri xunku rk kʼoji ʼ p ataq ri triko .
xin sachik .
xu tʼuyu bʼa ʼ
na nu tom ta le tzij …
wach ʼom ri kiwa ri no ʼs .
e kʼojo bʼ ch ʼ il wakʼ .
rajawi xikchi p ataq ri tijo bʼal , pa nik ʼaj u bʼixik chik
ri rajaw r u lew are ʼ tat kel .
we kʼu xokik , we kʼnax okta
we achi xu sipaj jun p ʼot chwe.
atat u taqo ʼn leq ʼatal tzij .
na q ʼanta u wach leq aprut .
ri xa ʼ r kʼopa u wi ʼ riq ʼaq ʼ k poq ʼowik .
ri roq ʼej ri alija chakpe jun akʼal .
kʼo junala pa tijo bʼal .
säqu wi ʼ ri tata ʼ .
ri witz ikʼ tajinkpe loq .
jawix sachon wi kanu ya ʼik le p waq che .
utz we achiwe xin kunanik .
qo nojel kuj wa ʼpa u wi ʼ ri me xa .
ri kaxla ʼ nik man poq on taj .
inxin bʼe ru kʼ ri wachi ʼl .
sibʼalaj je ʼl x kilo xeki tzoqopij ri kichi j chila ʼ .
kin bʼi nik xin ʼe k .
kʼax kʼolik , kacha ʼ .
kutij ix im ri akʼ .
ri alix ch el , xu q ʼi ʼ oxa jun akʼ xsipa x che .
x qa sikʼij le ix oq chu tzakik su bʼ .
mata xa bʼinsaj lech ʼich ʼ .
ri p ix tz ʼaralik r umal ri eqa ʼn .
¿jam pa ʼ kel chi 3%
kʼo jun nu kʼo toj chi ʼaj .
tajin kewa ʼkat ri ala bʼom .
xin loq ʼ le nu kʼa kʼapo ʼt .
na u tzakik ta su bʼ tajinku ʼ ano
x oj u taq chi ʼij x oj wa ʼik .
iwe ch ri abʼix .
saq rij ri chi j .
aj sik cheri tin amit kel wiri tata ʼ .
- ¡ ay ! xa xin tzaqu loq , kʼax we waq an.
x kʼu lmataj pa jun komon chi ʼ u wach jun juyu bʼ , xu ri qa junq ʼij x kiriq kibʼ junimul ru kʼ le kok .
jas x ataq chi ʼj le akʼal chu tijik ?
x in chapo suxu loq ʼo .
q ʼinom ri achi .
ri kʼum k tijo w ru kʼ kabʼ .
tajin kejach ʼanik .
tz ebʼal u kemik le pasa wumal .
are kayo ʼw leu chikopil le u bʼantajik t ry pano som abr uce i.
we kat nima nik utz kelik .
pero no ʼjimal p etn aq loq , .
are lenu chak jun tz uq bʼal wi bʼ .
x kunax le yawa bʼ r umal le aj q ʼij .
ri u kʼu ʼx tz ʼibʼ paqa tzij e lajuj .
sibʼalaj je ʼ lik rieqa bʼal xu bʼan ri l u ʼ s .
sibʼalaj at kon .
e manxo ri ju p uq kej .
na x na ʼ taj ta chke xe atin ik .
ri kʼamal bʼe xu bʼij chike, chi maja ri a nim .
jumu ch ʼri nu juna bʼ .
q ʼi p tajin aq ri raqan ri tem .
kchakun ru kʼ ri jos bʼal che ʼ ri ajan el .
xataq chi ʼj le akʼal chu tijik kar .
oj kʼopa le ro ʼch le awel .
¿ la kat p eq u kʼ chwe ʼq ?
le win aq pa le ch ʼich ʼe tʼuyu l lo wi.
x kanaj kanoq chi u xe ʼ ri ja bʼ rich ʼa ʼn .
nim ri j a.
weta xa kunaj le atat matax kam la ʼ .
na nu kʼamom tuʼla ri ʼ .
chqa nu kʼu ʼ ri qatzij .
kim bʼepa le tin amit .
x in q ʼi ʼ on axin atin taj .
rajawa xikka kʼaman chawe le u tijik le lej .
kʼis bʼal taq no ʼji bʼal .
xin e ʼ wa ʼ oq .
x kibʼan kʼaxche le u wosaq r umal man utz ta chi kakayik .
riq ʼutu ʼm man kech ta le akʼala bʼ .
are na nim ta leatz ʼi ʼ chu wach len utz ʼi ʼ .
xe p etik xol kila ʼ .
¿jawchi ʼ xata ʼ chex kam ri u mam ri po ʼx ?
e kebʼ kekʼam bʼik p atuj .
x in loq ʼ junja pari wokaj ja .
riax tu ʼbʼ , kʼo qulaj chech .
jas karaj kaʼan chu tzakik leti ʼij .
xu tij lew a.
x im bʼal re tzij .
x pa x ri bʼo ʼj .
we kawaj k atin to ʼox aq xu wi kabʼij chiwe.
jas nu kʼu ku ch ʼobʼo .
jas karajku tijo ?
xe x r uxla bʼ ri rik il .
e nitz ʼa ʼ q le taq imu l .
we tane inxin bʼanow ik , are leate ʼ k x bʼanow ik .
kin tzalij pa le nutin amit .
ri nu chaq ʼ kʼopa u ro ʼq ʼatoj tijonik pari tijo bʼal .
x in xi ʼj wibʼ xin ch ʼaw ik .
kʼoch wa ro ʼch le p are .
chi raqan kabʼin wiri tata ʼ .
xsach on kanu ya ʼik le p waq chechoja .
xinq ʼaxchi kixo ʼl ri win aq .
ke tikonik .
ri u lew man q ech taj , kech ri qati ʼt qamam .
xepe le win aq xol kikʼama ʼ .
xu loq ʼri wuj r umal ri al i.
chewe q ʼij kamik kʼo jun nu tzijonem chirij le nutin amit .
kej ri ʼ .
x kuna na laq chwe.
ki nu sikʼij le nu na n .
ri i mul xu ch ʼij taj, x kanaj pa bʼe, r umal ri nimal ku jaluj ri imul, xutzaq ria nim .
ku bʼan ri u xoq ʼo ʼl ri aj tz ʼaq .
ri la sibʼalaj utz che kuna bʼal .
kʼi kiwach rie ʼ ajchaki bʼ pari komonty ox , kʼate kʼut xa jun chi ajaw xel ;
xqata chixa tulik .
kawaj chi kat ʼe k .
ch ʼuti ʼn kekanaj ri xa ja bʼ chech .
kaqa xi ʼj q ibʼ kaqachapo .
e kʼo kebʼ u kʼ ajol le tatx wan .
lu ʼ su bʼi ʼ ri rech am .
aj chi u wi ʼ mi q ʼin ja ʼ r il u ʼ .
xin ya kan le nu chimpa kʼay bʼal .
kʼatex ri lo , xpe ri unan cheu tzukuxik , x kikotik , xu sala bʼisaj ri taqux kin .
x kikʼut chi u wach ri ajtij xuquje ʼ chi kiwach ri taq nik ʼaj kachil .
utz lenu q ʼabʼ .
ku l le alwe ʼl pa a ustin chaq ʼabʼ kamik .
riate ʼ k x tzaq loq arechi kʼopa u wi ʼ ri q ʼa ʼm .
aj p atan ri te ʼ k .
xatqaj chiupam ri il .
la kʼo tzij na kik ʼox omaj taj ?
x sachon chkechi xe atin ik .
ro nojel le u lew echal aq .
la xe bʼe kʼula xe ʼ kijaq akʼule uchi ʼ ja ?
xaq kat ch ʼok naj iwir .
kamik kʼo chiri jastaq a we .
arechi ʼ kakʼis ri juna bʼ kʼoq ʼinom .
pa nawal ja ʼ xin alexik .
na xintataj we areri akʼal kix tzuqu wi k .
¡ ru lew ri sabʼu lo ner u lew ri n eftali, u bʼeri polow , ru lew ri jordan, g alile ʼ a kech ri je taqam aq ʼ !
rax , rax , rax , kʼokʼ , kʼokʼ , kʼokʼle r uxla bʼ le taq tiko ʼn .
achix at wilo .
paqal rajil le p ix kamik .
x oj bʼinik .
pa junje ʼl tijo bʼal ku tijoj ri bʼ jun akʼal , u bʼi ʼpo ʼx , utz ku ri lok epa tijo bʼal ro nojel taq q ʼij .
x waj chix at ʼetaj .
utz la ʼ le xu bʼij le achi.
weta ʼam jachin kap etik .
kinq ʼojomanik .
xinq ʼiʼo takʼalik xin p etik .
are ʼ reta ʼm che kin opan ik .
areta bʼal eqa qajaw chat to ʼwik .
kawin aq waqibʼ q ʼataj .
naqaj chik cheri u waq kaj bʼal aretaq chi ʼ ksach u wach riq ʼij, kok riq ʼeq u ʼm chu wachu lew , chi kʼate ʼ nari bʼeleje bʼ kaj bʼal .
jo bʼ raqan ri tz ʼalam xepo rox ik .
sibʼalaj ko ri j ri mop.
arewa ʼ .
jela ʼ pari ti minit ch wi ka b y ok rech xelaj u ʼ, le qana nq atat kakitikoj e ʼl alaj taqu wach ichaj .
kʼax nuqul .
xu ʼl u kʼama ʼ .
ko jul kitzukuj .
are man kʼax ta u kunaxik aretaq anin aq ka ʼilitaj we ya bʼil al xuquje ʼmojo ʼqaku ya ʼ le kʼax kʼol il chech le jolomaj .
ri wel kʼopa tijonik .
kawaj kin bʼij .
ri kotz ʼi ʼj k qakoj chiupam ri ja .
q ʼeq q ʼoj ri j ri ama ʼ kej .
na x waj taj xin ch ʼaw ik .
ch peta bʼal e loq ʼalaj ja bʼ .
x sachon chke xat ki sikʼij .
e leq ʼal ch ʼich ʼ .
jachin xa wilo chi arex tijo w ri ti ʼj ?
mata kabʼe le nu xbʼal pa le tin amit .
p im ru q , ri ali .
¿ kʼo ri muq ʼe chi awech ?
k qabʼij man kekowin taj .
kintij na.
kʼo jun qa tʼu ʼ y paja !
kʼo puj chiupam rich ʼa ʼk .
aretaq kin kosik kin warik .
xat wa ʼik xin wilo
inxinch ʼayow le achi.
ko nojel ri ala xikke ʼ etz ʼanik .
jas ru kʼ x kitij wile kirikil ?
anin aqil kat p etik .
narax ta u wach le juyu bʼ .
ri tz ʼalam tz ʼibʼa bʼal raxkkayik .
we chat chakunik , kʼo awa.
ma ʼ tam x at pe cheri wa ʼim .
kamul kinwa ʼ na.
ri sikil k tijo w ru kʼ ik .
kim bʼe aq ʼan ru kʼ le alta lin .
x oj ʼe k xe ʼ qil al arqas ok .
xe kiq ʼil le ajchaki bʼ x kiwoklej a.
matane x waj le kʼu hj nem ru kʼ leate ʼ k .
arexe ʼopan chiuchi ʼ ri juyu bʼ , x kilo chi man qas tak ʼoq ʼayes .
kʼate kʼut , ri jesus mank kojon ta chkech rie ʼ are ʼ , r umal rech cheko nojel reta ʼm kiwach ,
pa ʼ tzrij ri tz ʼi ʼ .
juwin aq waqibʼ q ʼataj .
atel aq ʼom .
xaqat jo ʼs .
ri q ʼatzu, are q ʼalaj ri uq ʼij il .
ajchak we ala .
u bʼelej u kakʼal taqanik (29).
kebʼ nu bʼi ʼ kʼolik .
la katzalij lu ʼ la anin aq ?
katzukun la chwe.
la kaj la koj bʼe ʼ pa le chomal ch we ʼq ?
xin na bʼej chu ta sik qa kʼoli bʼal .
la l xin to ʼ wik .
sibʼalaj a no ʼji bʼal .
x oj p etik xol q akʼama ʼ .
sibʼalaj je ʼ lik ri u wa ʼl ri ichaj .
kʼax wi j r umal in pa cha lik .
aretaq xu kʼulmaj wa ʼ xu l ri u chomanik xu bʼij : are utz wa aq ʼabʼ kin walij ik , are cha ʼ chanim kin opan pa tijo bʼal , maj chikin kʼulmaj .
ojaj xo jolo bʼ pa awasq ʼij .
x in sach che le u wokik le tzij .
e julajuj ri akʼ .
xutaj am pa ʼ koj ʼe k .
qil ik .
ri tijo xel man areta nim chu wach ri rajtij . ri utz tijoxel qas jeri ʼ kʼolik jas ri rajtij .
inx atin ch ʼayo .
no ʼjim chak wumal .
ch ʼu r ri jo ch ʼ .
inkin bʼij na kat sach taj .
uj maya bʼ .
ri abʼaj ya tzalik .
tajin kepix bʼax ri akʼala bʼ .
chom ri aq .
xin wa rik .
e lemen ko nojel ri akʼala bʼ .
tajink q ʼa na rik ri we re ʼaj .
le u kemik lepas utz ( chawe ).
xuyu p u bʼ au wach ra ʼ chi, kacha ʼ, .
ri satanas kok pari judas ri k bʼix is ka ri ʼo tech rech , ri are ʼ junch kixo ʼl rie kabʼ lajuj .
chu chu ri par.
kin qumuj ri nu joch ʼ .
che chpunción lumbar amaq ʼel rajawa xik chech ri lik le u kʼex bʼem wi lena bʼe ru kʼ le u kabʼu kʼutunem le ya bʼil al .
q ʼalaj china kawaj taj kabʼij .
kʼo q ʼol chirij ri si ʼ .
jawix oj ʼewi chu loq ʼik ?
kʼo u loch ʼri tal in .
q ʼan rij ri ati ʼtnukej .
la x tzalij la iwir ?
xe sikʼixik , kʼate kʼu ri ʼ xe ya jik, xuquje ʼ xetaq bʼi cheu sikʼik le mes .
la kix warik ?
are kʼu le pa lo maxxu bʼij che: - mam kat bʼison taj , kin sikʼij nik ʼaj wachi ʼl kerapa p ik .
a ʼ re e tijoxela bʼ .
ri alajali si ʼl xu bʼij x qa chappa utzal ri ty ox .
x sachon chke jachin xe atin ik .
jas xu rayij le anan xu tijo ?
xinko sik .
rax ro nojel riq ʼayes r umal leja bʼ .
kin yawa ʼwe ch ʼich ʼ pinem na utz .
no ʼjimu pach ʼux ik le nu wi ʼ .
naj kʼo wile wo ʼ ch chu wach le tijo bʼal .
ri okibʼal kʼo chi u wach ri saq ja .
xe nu taq ch ʼij ke kil le akʼala bʼ .
kʼo jun q ʼox ow em chiwe.
tzari cho ʼm .
we choj bʼepa le nimaq ʼij, keqil le aj xo jolo bʼ .
x oj ʼe k xe ʼ qil al arqas ok .
riate ʼ k xuta ʼ chech rinan to ʼn :- na n jas che ʼ chi mankaj ta laq akʼat isaj ri jo ʼq .
ri p al sibʼalaj xu ʼy .
kin koj ri jokbʼal u lew .
inkin bʼij na kat sach taj
at raj kun le nu na n .
ku qamujuj oron ri aj tzij .
lu ʼ tz ʼalam u bʼi ʼ ri achikel pa nim che ʼ .
je ʼ lik uti ʼ jol al ri saq ko ʼr .
kʼo junxa ʼr paja .
xin loq ʼ jun kʼakʼ p atan .
kʼax u kemik le pasa wumal .
anin aq u kemik le pasa wumal
rich ʼa ʼn sachin aq p ataq abʼix .
rax taq le kotz ʼi ʼj .
mesom kanoq ri u p am ja .
man areta r alax kosik .
ri komon xe ch pu p rech uq ʼabʼ tin amit xo ʼl abʼaj rech q ʼu markaj .
la u tzakik kʼu su bʼ tajinku ʼ ano ?
katela !
na xu tij taj .
xar umal keta ʼm ko nojel ri win aq k kiq u muj leja ʼ .
iwir xuj tzalij la pa kʼay bʼal .
qeta ʼm cheri qawa ku ju to ʼo .
ri ajtij, k yaj on chikech ri akʼala bʼ .
jasu bʼanom le nu ch ʼuti tat ?
chwe ʼ q kin bʼe pa nim tin amit .
utz we kiweta ʼmaj jasku bʼij ri chol bʼal q ʼij .
tajin katji low che uq ʼoxom jolom aj .
x in tik q ʼaxchi u wach rij a.
kʼax le kibʼe le win aq .
loq ʼ katkun taj che le ya bʼil (covid- 19).
ri nu xibʼal kel paq aj bʼal q ʼij .
x r il ri axwan chix wa ʼ ri ala .
le alix kuna tajik .
weta kape leja bʼ kamik .
x inweta ʼmaj china xatpe taj .
ri p waqrech weq ʼataj ri ʼ kesax chech ri toj bʼal kʼayinem .
k tij ri u wa ʼlik r umal ri kinimaq ʼij .
xu chapu kunaxik .
chatan loq ali .
xin xu li ʼ q aj oq .
je ʼ lik k tijo w ri taqik ox .
kʼate kʼu ri le tat xo ʼr xu bʼij , man kawajtaj , man kawajtaj .
kʼo jun tz ʼi ʼ pa bʼe .
kamul xin p eche atzukuxik .
man tajin takin chakunik .
kin chakunik rechkat wa ʼik .
jas r u kʼ x awil wichi xkiqupij wile ti ʼj .
jasu bʼixik … ?
ko q ʼri akʼal .
kawaj na kat ʼe taj .
xat q ʼajik .
w em nacha loq ʼaxiyal , na kim bʼe ta awu kʼ .
x opan le wuj awu kʼ r umal we chin .
are kʼut pa le juyu bʼ k kʼiy joron, chila ʼ xeki kʼamawiri ja ʼri win aq .
ko q ʼri akʼal .
we kʼo a rajil cha kʼamal oq .
are sibʼalaj kaq le apo ʼt chu wach le nu po ʼt .
xin kʼastaj paka bʼ lajuj kaj bʼal .
kaqoy ʼej naki xpe taj .
ko kax im ri chi j xa jela ʼman kanimaj ta bʼ ik .
ri kok no jim x bʼek , xu ch ʼij ox opan pa u kʼis bʼal il lea nim .
x oj ki ʼ kotik aretaq xa tulik .
kaq itz ʼ naj ri u xa ja bʼ ri akʼal .
ri jesusk wa ʼkat pari nim rachoch ri dyos, chuxe ʼ ri jun jache rachoch ri salomon .
we taqanik ri ʼ ku bʼij chi rajawa xikk ya ʼ uq ʼij ri win aq xuquje ʼ k to ʼanin aqil .
ri a xu x are nari ukunel ri kin aq ʼ .
aretaq wa ʼ ri uq ʼijol we taqanik .
kʼo jun ta bʼal pa u wi ʼ rix kanul u bʼi ʼ lajuj no ʼj .
yu ʼl u bʼanom ri u kolo bʼ ri kej .
xa nimaj ri akʼal chi u wach ri u chu ch .
k kunan ri achi .
kin wa ʼik rech na kin yowaj taj .
aj xik ch ʼich ʼri l u ʼ s .
k waj che ix kix bʼanow ik .
a ʼ re xeto ʼwal aq .
x oj ʼe k xe ʼ qil al arqas ok .
xin loq ʼ junch ʼich ʼ, qajin aq u wach .
ku tʼis ri pantalon .
e janipa le awal kʼwa le kʼolik ?
utz u kemik lepas chawe.
rimax are aj q ʼani ya ʼ .
mata bʼ achiri q kʼax pa le bʼe .
tajin kanimaj , ri me ʼ s .
ix ixe ʼ laq ʼoma bʼ !
x sachan chwe.
e kʼo kʼiche ʼ, chi u wach ri juyu bʼ .
arewa ʼ ri nimalaj p ixa bʼe arewa ʼ ri na bʼe .
x reta ʼmaj chi ruk ʼp akʼ kutij wi
jasu tzakik le su bʼ xu ʼ ano ?
aj xo ʼ y ri wikan .
we tane a ʼ re xe tijo w le ri kil , are le komon xe tijo wik .
sibʼalaj anin aq kach ʼaw le are ʼ chi nu wachin .
utz we kinchakuj .
me ʼ s la ʼ .
kʼo kan wa rech kaqatijo .
xin sikʼij la.
ri akʼal x sach kanoq jela ʼp ataq ʼaj .
xe sikʼij la.
jawix kibʼij wichike ʼe wi?
r umal che, manix tari ʼ ri kixch ʼawik , areri r uxla bʼa xel ri i tat ri ʼ rik ch ʼaw na iwu kʼ ri ix .
kʼakʼ ri wachoch .
sibʼalaj utz kin wil le atz ʼyaq rech na huala .
saq por k kay ri kipo ʼt ri na n.
x sachon ri nu chak chwe.
wa ʼim xu chapo .
ri q ʼaq ʼ tajinka juluwik .
najil u p am ri si wa n .
e kʼo ri qachal al pa chiu wi ʼ la.
jas x ataq chi ʼj le akʼal chu tijik ?
no ʼjimu kemik le pasa wumal .
kʼo jun ku ku bʼi ʼ tin tin , wa ʼ lelaj ku kmam kaj e qitaj , ka paqika xu lik pa u wi ʼ uq ʼabʼ taq che ʼ , sibʼalaj sakʼaj , ke ʼ u to lee nima ʼ q , ch ʼutin , rachi ʼl , aj sipanel sibʼalaj utzra nima ʼ .
ri u p ixa bʼ leq ʼat bʼal tzij kiya ʼu bʼixik .
na xsach on ta chke xe atin ik .
xeqil le chi koppu wi leja .
x lo ʼtaj ri akʼal .
qo nojel kuj wa ʼpa u wi ʼ ri me xa .
x sikir le waq an.
la x at wa ʼ kʼut ?
nim u bʼaq ʼri tulul .
kin x ik ʼikʼ ik xinq ʼaxik .
lak at bʼe pa le tin amit ?
ri p al sibʼalaj saq ʼo r .
k q ʼox ow nu jalom .
x in na ʼ ochi kat p etik .
x loq ʼu lew iwe chix .
x in chakun ru kʼ ri numam .
na x qabʼantaj .
k kʼoji ʼbʼa ʼ ri u sipanik ri ajaw xel jesusk r istor u kʼ ri awuxla bʼal !
kin ch ʼaw ru kʼ lenunan pa le ch ʼawe bʼal .
sibʼalaj q ʼeq u ʼm r umal ri mayul .
are lebax u lik .
xe ko s le ix oqi bʼ pa le bʼe .
kʼax ri lik le akʼal chawe.
x in q ʼi ʼ oxi na tin pa joron .
sibʼalaj nim le tin amit .
kʼax u kemik le pasa wumal .
xin sachik .
tajin kelu kikʼel pa raqan ri tz ʼi ʼ .
x inweta ʼmaj ri lik wibʼ
ri q ʼuq ʼ are jun je ʼl chi ko p.
kʼopa ja tijo bʼal ri wi kaq ʼ .
ri sachi bʼal mak raj wa xik chi qa xo ʼl .
je ʼ, kim bʼe k .
jela le ʼ ri nu p wi ʼ .
xu bʼij che: - jas x abʼano tin tin ?
kabʼan juntoq ʼobʼ k yak ri nu jal .
kat ʼe k xin ta .
jasle u kʼex bʼem ri bʼ le jun ru kʼ le jun chik ?
aj chi u wi ʼ mi q ʼin ja ʼ r il u ʼ .
ri tijonel naj k p ewi.
te ʼ k ix cho bʼ u bʼi ʼ ri nu tat .
ri ja ʼ kamiq ʼik chi u wach riq ʼaq ʼ .
ri tʼu ʼ y k paq ʼowik .
kin mes on na.
naqaj at kʼowichi wech .
x in bʼisonik taqna x atpet taj .
wex kam ri win aq , ri p waqrech toj bʼal makaj k ya ʼ chikech ri r ala xik .
ri nu na n x bʼe pa kʼay bʼal .
x oj u kʼamu loq rech koj ri lo
x kʼoto chinchi kiwach chi kinwa ʼ awu kʼ .
na x kikamsaj taj x kikʼam bʼi choja .
kʼakʼ ri ikʼ kamik .
x im bʼer u kʼ le ajkun iwir .
ri lik .
le tz ʼi ʼ xe kosik .
xin kikota wumal .
ri i mul xu maj ri a nim , xu ya kan le kok .
kʼo oj cheri akʼal .
xu jbʼepa jun kʼula nem .
utz we k waral aq .
kaqilo china koju kʼam taj .
x reta ʼmaj chi ruk ʼp akʼ kutij wi.
sibʼalaj xin kʼa ʼna rik .
xinko chi j ri nuwa .
man katkowin taj kat chakunik , we man kʼota ri ajila bʼal .
we won on xu bʼij chike :- ki xin to .
ri ala nim k r il wiri u mam .
x ka ʼy chirij , x ka ʼy chu wach , ma kʼota chi jun k silo bʼik , x oq ʼik xu xe ʼj ri bʼ x ch ʼopin ikx tzalij loq xu riqta chik ri u bʼe .
kʼo pus cheri wa .
pinem naka bʼe le wa tz , kim bʼewi in paka ʼ yi bʼal .
ri nanto ʼn nim win aq chik , saq u wi ʼ, ro nojel aq ʼabʼ utz kuna ʼo ka tʼuyi ʼ pa utem , ku mi q ʼisaj ri bʼ chori q ʼij, kʼo junu wi ʼ umam u bʼi ʼ ate ʼ k .
mane kʼitaj ri qula ʼ .
q ʼalaj china kawaj taj kabʼij
x paqa bʼisax rajil ro nojel ri kem .
kʼo pari jul ri kumatz .
ro nojel q ʼij kin ch ʼaj le nu w are .
saq chi kan le ichaj rech katzako .
chuxe leq achomal kaqatij wi junq ame q ʼin .
ch awila ʼ .
e kʼojo bʼ u mi ʼ al, ri nu tat .
jas ru kʼ x awil wi
je ʼ jas ri win aq rech ri u wachu lew , xoquje ʼ kepena ri ʼ rie ʼ are ʼ chee rech ri u wachu lew ; je ʼ jas ri win aq rech ri kaj , xoquje ʼ kepena ri ʼ rie ʼ are ʼ e rech ri kaj .
xin tijo .
k tz ʼujuw ri rachoch ripo ʼx .
xuq ʼi ʼo are le u kʼu lel x ya ʼo wu wa .
ri awel x reta ʼmaj chi rajawa xik manku xej tari bʼ cheri tuku r .
ju kʼulaj win aq xe ʼa nimaj bʼik .
je ʼ, xin tzalij ik .
x oj p etik xol q akʼama ʼ .
maj jachin x ʼe k .
in ajtij ; at tijo xel .
saqu wi ʼ ri tata ʼ .
we ch ri kem .
le ro ʼ ch leate ʼ k kʼoch wach le u kʼay lenu na n .
k bʼe pari siri ʼa e pari silisi ʼ a, jawi je ʼ ku ya wiri kichuq ʼabʼ ri komonty ox .
p ixa bʼ : man utz taj kʼax kujch ʼaw chikij nik ʼaj qach il .
x kun ataj le ali ( kumal ri ix oqi bʼ ).
rix ibʼi bʼal chi kʼowi p ataq riq akʼaslemal ro nojel q ʼij .
na kuj warta waral .
on chek kʼoji ʼ ri utzil chi xo ʼl , arech junam ri qa kojonik , junam ri iwe chix r u kʼ ri we chin .
pa ox q ʼij ri sa ʼn k bʼe na ru kʼ ri ajkun .
kawin aq wuqu bʼ .
jas kawaj kin tijo ?
we taxat bʼew u kʼ pa le tin amit , xa loq ʼ tala ʼ le u jastaq le akʼajol .
kebʼe p awa ʼim .
xin loq ʼkʼi wa.
pa jun nim kʼache ʼlaj , kʼo jun kʼwa ʼ sibʼalaj saq loloj , nimu wach .
k waj katijju bʼa ʼ wa.
ro nojel win aq k ri l nari u kolonem ri dyos » .
x kʼoto chinchi kiwach chi kinwa ʼ awu kʼ
k waj na kat ʼe taj .
la xa loq ʼ junalej ?
e kʼo rie loq ʼomanel .
ri u kabʼu bʼi ʼ ri numam arey ay .
kin jopij ri ija ʼ rech triko .
x na ʼ taj chke xe atin ik .
xa te ʼ qila ʼ .
kakitij ala n xa x ri win aq .
. . . kin bʼij chi arewa ʼ sinxi ʼ an.
na xin na bʼej ta chu ta sik qa kʼoli bʼal .
r umal rech chewe ri in, kin ch ʼaw ru kʼ ri dyos pa ch ʼabʼal , k ch ʼaw nakʼu ri ʼ ri w uxla bʼal ru kʼ ri dyos, kʼate kʼut man kʼota u p atan ri ʼ ch rech ri nu choma bʼal .
xe p etik x kilo .
xuta we kat ʼe k .
utz u kemik lepas chawe.
ri nu wa kax xu tij jun q ʼoq ʼ r umal ri ʼ x kamik .
r umal ri kʼix , man kewa ʼtaj ri win aq .
xe ʼu lik .
q ʼeq rij ri ama ʼ chi j .
x raj ka ʼ el eunan .
junam kijuna bʼ .
n aq ʼalaj taj we ka ʼ e k .
ri wix nam ch ʼaj ch ʼoj ri rachoch .
waral man kʼotaj ajawa l .
na iwir ta x r il le kʼamol bʼe .
x in pe loq te kʼu ri ʼ xin tzukuj ro nojel ri nu rajil .
ri aj tiko nel kutik ri tzij .
kʼo e kik ʼajol le achija bʼ .
kutij q ʼayes ri ix pa ʼch .
pari wa ʼ bʼa le kʼo kawin aq achija bʼ .
sipoj in aq ri nu p am .
kaya ʼtajik ru kʼuti ʼonem jun ri u riqom le ya bʼilam olot setsé xuquje ʼ are kaya ʼtaj p ataq ri juyu bʼ .
jachin ri achi ?
ri numam x kamik aretaq kʼo jumu ch ʼlaju jujuna bʼ .
kin kowinik kin kʼam bʼi le p waq .
kin wilo chi utz ri aji ʼ .
xinq ʼil ri apo ʼx che man kachakun taj .
k wa ʼ chi u wach le taq ʼaj ri ama ʼakʼ .
ri i mul xe poq ʼik pa jun ikʼ .
x kʼis kanoq ri qachak .
areri alix oj ilow kanoq .
sibʼalaj ch ʼu ʼj ri amax .
kʼo nu wachi ʼ .
in chajinel kech le akʼala bʼ .
xeko s letz ʼi ʼ .
kin bʼe na ku kʼ ri molaj .
ro nojel aq ʼabʼ kinyi tz ʼri wa kax .
karapin ik xu tzukuj chi jun awaj .
le u kemik le pa san in aq ( a wumal ).
maju rajil le q ʼabʼ are l .
kʼax ri ʼ ri kach ʼawik .
x oj u taq chi ʼj le achi chu loq ʼik ichaj .
sibʼalaj kʼax rix kʼulmaxik .
x kilo china kin kʼoxo majtaj .
x na ʼ taj chkechi xe atin ik .
x kʼoto chin chi kiwach chi xoj al wo ʼqaku kʼ .
jun q ʼu ʼ q rajil ri kaxla ʼn wa.
xin wilo chi xe ʼ elik .
e kʼo ix oqi bʼ pa le kʼay bʼal .
man kʼotaj u kʼisik ri maya bʼaj la bʼal il .
ri sink kʼiy p ataq ʼaj .
rich ʼim a mank kʼiy taj p ataq ʼaj .
rajawa xikk jikik ri waqän .
kawaj kin ʼe k .
e kʼo oxi bʼakʼ .
xu bʼij chwe jawi at kʼo wi.
chwe ʼ q kuj bʼe ʼ pa muquj .
pa saq kʼa ja ʼk bʼan wiri uq .
x oj kisikʼij .
xin wil wibʼ .
chaq ʼ chik ri wa.
kim bʼen akapa le wo ʼ ch .
kawaj kin ʼe k .
rich ʼu ʼ k tij ru kʼlej .
pari kiq ʼij kamin aq ibʼ k bʼan q ʼo ri kʼya ʼ rech aj : na bʼe rinan kutzukuj kan ri aj , ku jach ʼo ʼ xuquje ku kʼe to .
jas kaj bʼal chanim ?
utz u chomanik ri ali .
pari q ʼijox lajuj tijax kin kʼis kebʼjuna bʼ kinchakun waral .
sibʼalaj ko , ri kʼakʼ ch ʼat .
jas karajku bʼij … ?
rich ʼich ʼ kasila bʼik .
pa ojerq ʼal pu l xaq xu wiri nim win aq ke kʼamow bʼe .
le u kunaxik le u kabʼu kʼutunik are ru kʼ e flor nitina on utuni bʼaxik lenifur timox chi ʼ le flor nitina chech t. b . g.
areri achi x in ch ʼayowik .
jun achi u bʼi ku ʼx u sipaj kebʼ kʼa ʼm u lew rech kabʼan ri tijo bʼal , kamik , kʼo chi kajtij rech ri komon xe chpup.
xu malty oxij cheri ajtij ro nojel le xu kʼut chi u wach .
pari bʼex kiraq junala jimul saq ri j, x kikʼam bʼik .
x r il le bʼal e ala .
jasku bʼij chwe ?
le u kuna taj em are ru kʼu tzukuxik le u chikopil pa junu solik u xe ʼ le kik ʼon le ja ʼ rech jun no do .
utz we n utz ʼi ʼ .
je ʼ, tajin kachapo nik .
ki nu loq ʼoj lenu tat .
kawaj kim bʼe p atin amit .
arela ʼ kinchakuj .
ri nima ʼq taq win aq kʼo keta ʼma bʼal .
we taxat bʼew u kʼ pa le tin amit , xa loq ʼ tawa ʼwe jastaq .
ri ki kʼaslemal . wa ix imu lew xa jun chi ma areta ti nimit ri ma
ri u kʼ ya bʼal na jupam .
xatqaj chiupam ri il .
nojim kat wa ʼik .
we kʼo jun k tuq a ʼrik , ¿ la man xoquje ʼ taj kint uq a ʼr ri in ?
ojoj wokol ja .
awas k bʼan kʼaxche jun nim win aq .
xin ch ʼaw apan ru kʼ le wa na bʼ .
kʼax ri u p am ri ju ʼl .
tajin kewa ʼ ri i mul .
la kaj la kuj tzalij la anin aq ?
r umal rech cheri makaj man kʼota u kowinem p iwi ʼ ri ix : ri ix man ix kʼot achi chuxe ʼ ri p ixa bʼ, xane ix kʼo chuxe ʼ ri sipanik .
nim raqan le che ʼ .
xin chapo .
are le tu ʼ r le loq ʼomanel .
xa skat kʼoji ʼ chiupam rich ʼich ʼ .
sibʼalaj nim raqan ri kʼamal bʼe .
le tz ʼibʼa bʼal we chin .
inxin to ʼw la .
xa je kʼu ri ʼ ri ix kamik ri ʼ man ix kaxlan win aqta chik ; ri ix , ix rech ri kitin imit rie ty oxlaj taq win aq , ix rech ri rachoch ri dyos .
xin tiko xlaj kʼal ichaj .
kaqariq q ibʼ ch we ʼ q .
sibʼalaj utz cheri wi ʼaj ri tuney .
we naju p ulik ta xe qajik . . .
x in to ʼ taj cheri nu chak .
kʼo jun chi kopu bʼi ʼ p um .
poq on ri ik .
x oj bʼinik .
xu ch ʼe kro nojel le reta man ikx paqi ʼ k kʼax kwʼi nik xu bʼan ajkun .
kel u bʼik pari jude ʼ a e k tzalij chi u bʼi jumul pari g alile ʼ a.
xina xibʼij pa bʼe .
je ʼl kʼo lem chi awachoch .
ro nojel ri ya ʼtal il pa weq ʼataj , tz ʼaqat kiwach , mank tzaq ta kanoq xuquje ʼ mank tas taj .
xu kunaj le yawa bʼ le aj q ʼij .
chi tata bʼej jasle kim bʼij .
ch ʼan al ri achi .
pa bʼo ko ʼ kachakun wiri ta x .
uj kʼopa u wuq q ʼij .
ki ʼ ri u kabʼ ri aqaj .
kʼo rachal al pa tz ʼoloj che ʼ ri pe ʼl .
x kilo chikin kʼox omaj .
ri u kisakʼ utz k ya ʼik chi u xe ʼ ri tiko ʼn .
aretaq chi ʼ kaq ʼan pu wi ʼ ri juku bʼ , ri achi chex kʼoji ʼ ri itzel uxla bʼal ru kʼ , ku tach rech ri are ʼ, arechk kʼoji ʼ ru kʼ ri are ʼ .
na kabʼantaj ta wumal .
x na ʼ taj chke xe atin ik .
xin paj ri nu triko .
xe ʼ ok ri p ok ʼpa ri u me xa ripo ʼx .
kajuluw ri aq ʼa ʼl chi u xe ʼ ri tʼu ʼy .
awech leja .
xuj bʼepa tz u rik .
na bʼex at opan ik .
ri u kabʼu bʼi ʼ ri numam arey ay .
uwaj xaqu kakʼal taqanik (28) .
mata kʼo jun kakanaj kanoq , qo nojel koj bʼe k .
e nima ʼ q le altoma bʼ .
nim u wach ripo ʼt .
kojonik pari utzij wa ix imu lew .
jas xu kʼam bʼi letz ʼi ʼ xa wilo ?
xin p etik , tat .
ri bʼelaj u wach .
chi tata bʼej jas ri kim bʼij .
je ʼl kuna ʼ ri abʼix chiupam ri ququ lew .
kin bʼisoj u wach le wal .
xu tʼuyu bʼa ʼ .
nim ri aw eqele ʼn xa riqo .
xin e ʼ wa ʼ oq .
chi ʼ kewa r wile akʼala bʼ .
ri nu mi ʼ al xu taq loq jun taqo ʼm wuj chiwe.
q ʼe ʼ lik , rich aj pari bʼe .
la utz awach ? - utz malty ox , e kʼu ri at ? – utz malty ox .
x in kos r umal nu chak .
k bʼe ku kʼ rie ʼ are ʼ e k tzalij pari na sarete ke ʼu nimaj .
ri joj xu kʼam bʼik ri akʼ .
kʼochi wachi ʼl chanim .
ku bʼij chech na ʼl kabʼan cheri atz ʼibʼ .
e . . . ink awaj katzjoj bʼi la chwe.
ma taxin yaj le ali .
jachin ru kʼ kat bʼe wi?
kʼo sibʼalaj eta ʼma bʼal pari maya bʼ no ʼji bʼal .
e manxo ri ju p uq kej .
kasu mum ri kaq iq ʼ .
e kʼokaji bʼ akʼala bʼ pa le bʼe .
je ʼ jas ri u tat k ka ʼ yik .
xaqat molon el tzij tal .
le nu tat kaloq ʼon chwe.
xaqtane kim bʼe iwu kʼ .
x reta ʼmaju ch ʼa jik .
r umal la ʼ x koj “ xal q ʼat ” cheu bʼi ʼ ri komon .
are le u kemik pas x reta ʼmaj .
ri wa ti ʼt ku bʼan nari u p atan .
kʼakʼ lepo ʼt .
reta ʼm u wach jachin x loq ʼow ri pas .
kench ʼabʼej le akʼala bʼ .
ya ʼtal chaqe qo nojel ri uj win aq utz kaqil q ibʼ .
x koti ʼ p aq ʼayes x oq ʼik .
kawin aq bʼeleje bʼ q ʼataj .
e kʼokaji bʼ r al ri imul, jun saq , junq ʼan , junq ʼeq , junq ʼeq oj , sibʼalaj ketz ʼanik , kech ʼopi nik ri alaj taq imu l .
k cholo l ri achachal .
kete kik ri ikʼ .
xe p etik rech kewa ʼ iwu kʼ .
tz atz ri uq ʼan il ri akʼ .
x oj tzalij ik xi xe ʼ q aq ʼat uj ku kʼ le ita tin an.
riyo ʼx taq akʼala bʼ ke kikʼux ri atz ʼyaq .
we achiwe xu sipaj jun po ʼt chwex kamik .
k kowin ri kuna nel che kunanik .
x ji q ʼ pari polow .
xar umal sibʼalaj rajawa xik le loq ʼalaj ja ʼ, le win aq x kibʼij : chewe ikʼ ri ʼ qo nojel kuj bʼe cheu tikik taq che ʼ .
ri u na ne rie rachal al kepe u loq ru kʼ ri are ʼ , kʼate kʼu ri ʼ, man kekowin taj keq ibʼ u koq ru kʼ , r umal rech chee kʼo sibʼalaj win aq .
r umal rech , che man kʼota jun k kowin cheu kojik jun tiki bʼal il chik chu wach ri kojom chik che areri jesusk ri sto .
te kʼu ri ʼ x utz ʼibʼaj ri bʼ pari nimalaj tijo bʼal rech aj ku ʼn .
kajuluw rich ʼu mil chaq ʼabʼ .
kʼis bʼal kanoq , xoquje ʼ k kam ri ix oq .
lea la x okik .
kʼop waq pa u wi ʼ ri me xa .
are kawaj na kin ʼe taj .
ri yawal ku koj ri alichi u xe ʼ ri cha kach are u su ʼt .
na kaqakʼam tu ʼbʼi kamik .
ri ajtij ku bʼij chike : rajawa xikke qachajij ri awaj , are u tiko ʼn ri ajaw .
x intij mukun iwir .
kʼax le u wi ʼ taq le nu q ʼabʼ .
xin loq ʼ jun il bʼal wi bʼ .
wa ʼweq ʼij, nimu bʼantajik .
ri u xe ʼ al ri qatin amit man kasach taj .
x oj bʼinik .
ri achal al junam kiwach .
xinweta ʼmaj ri lik wibʼ .
nim ri u na ʼoj waj tij .
mi q ʼin ri kʼul .
aj q ʼojom riate ʼ k .
che le san ik che ʼ k bʼan wiri q ʼojom .
kap e le awel pa nawal ja ʼ .
ri meso nel tajin kchakunik .
utz chaqe kaqato ʼ q ibʼ , taq kʼokʼax kʼol il , katew e chi ʼn ri ajaw p aqawi ʼ .
xa wilo, x q ʼatan le ibʼo y .
xat kowin ikx abʼano .
ki ʼri kʼawex .
kaj il il ri bʼe .
le alixel bʼik .
are ʼ x raj xin bʼano .
nim we abʼaj .
je ʼ lik uti ʼ jol al ri saq ko ʼr .
nojin aq ri kej .
we katijan xu x man katuto ʼt achi uq ʼat ix ik le kʼakʼ ya bʼil corona virus ( 2019 - ncov) .
na nim ta raqan wa ʼwe che ʼ .
utzalaj ajchak , ri wel .
¿jam pa ʼ kuj bʼepa nimaq ʼij ?
rajawa xik ta nela ʼkat chakun wu kʼ .
xutaq chi ʼj pa war am p u lew .
man areta riax wa n xe lik .
ri awix xu loq ʼ rachoch re nim al .
areri ix oq xin sikʼin u loq .
rich ʼim akʼat ʼon na.
la x ibʼan le ichak ?
kʼi tin amite kʼopa ch ʼo ʼj .
kʼo ju p uq chi j chi u xe ʼ ri che ʼ .
ri u xaq ri abʼix are u wari kej .
kawin aq q ʼataj .
la ki xpe pa tijo bʼal ?
we kechajix taq le kʼwa jacha kin bʼij ; jun alik kʼo ja ʼ xuquje ʼ sibʼalaj saq loloj .
x reta ʼmaj .
ri ala bʼom ri alitoma bʼ tajin kikitijoj kibʼ rech su taq , arekakaj kikibʼan nimaq achija bʼ chupam ri ki kʼaslemal , xuquje kʼo chik jup uq bʼixonel chupam ri komon .
la tz ʼu wach ri bʼe .
kʼakʼ ri ach ʼich ʼ .
qo nojel uj , uj maya bʼ taq win aq .
nojel q ʼij ri ati ʼ xkuyu q ʼuj le taqaw aj jela ʼpa nik ʼaj ja ʼ, chirij ri juyu bʼ u bʼi ʼ te na ʼ .
pa q ʼom chik ri si ʼ .
kintzukun chela .
kakitij le kin aq ʼ, le ichaj , le u wa ʼlik ru kʼ le j .
xe kanaj kan le ajchaki bʼ .
ketik on ri achija bʼ .
sibʼalaj itzel u bʼantajik rich ʼila kan .
ri ate ʼ k xu malty oxij cheri ra ti ʼt , r umal ri utzalaj no ʼjibʼal xu kʼut chech .
k kamulix u chak ri abʼix .
laxin utzukuj le tijo xel ?
are ʼ kachakun ro nojel q ʼij .
lee kʼa ʼ na taq tz ʼi ʼ .
saq rij ri plamux .
jas x aq ʼi ʼ ox atijo .
jas r u kʼ x kichap wi u tijik le ri kil ?
we kata tin ru kʼ kʼatan ja ʼmanku q ʼatej ta le kʼakʼ ya bʼil corona virus .
la kat bʼin pa le uxlan bʼal ?
la waral kʼux ix wa ʼ wi?
are lenu tat kin loq ʼonik .
tajin kchakun ri ala .
kʼo ri ki ʼ kotemal awu kʼ .
xuta jachin ka ʼ ek .
xat wa ʼik xin wilo .
x tzaq ri rachoch r umal ri ja bʼ .
pa le jun ikʼ chik are nimaq ʼij .
e kebʼäm kebʼin pa u wi ʼ ri tem .
mem ri achi .
ri wi kanchali ʼ y kel pa juyu bʼ chwi tziri bʼal .
le rajil , la paja xel aq ʼax wu ʼ bʼik ?
pari su ʼt pisom wiri lej .
kojp etik kol qa kʼama ʼ .
tajin kat ch ʼopin chiu wach ri taq ʼaj .
le q ʼo rx ch ʼuqik .
kʼax wa ʼ ima wumal .
kin bʼison che le wal .
sibʼalaj kʼokʼ ri awa tz ʼyaq .
kamik xuj bʼe cheu tikik taq che ʼ pari juyu bʼ .
ki nu loq ʼoj lenu tat .
chaqi ʼj chik ri chaj .
x yil ix h awayi .
na x na ʼ taj ta chkechi xe atin ik .
r u kʼ kʼu wa ʼwe ri ʼ, ri ix k kʼoji ʼ jun utzalaji kʼaslemal ri ʼ ch kiwach ri win aq che mane kʼota iwu kʼ , kʼate kʼu ri ʼ man kʼota junwin aq ri ʼ rajawa xik chiwech .
e p etin aq pa bʼe le rachala xik .
kakaj le akʼala bʼ kewa ʼik .
xuj ch ʼay bʼik .
ri nu chak are q ʼaxel tzij .
kʼo nar uxla bʼ ri awaj .
tajin kel loq , ri q ʼij .
x uq ʼi ʼ ox kamsax ri rachal al choch .
ri numam are kʼo uq ʼinomal .
x kʼu lmataj jumul , xu bʼanjun nimalaj ja bʼ, manx bʼey e tajtana xu kʼisleu yuq ʼ chike .
ama ʼ ri n utz ʼi ʼ .
jewa ʼkat p etik .
xinko sik r umal x in chakunik
iwe ch chi jujunal , ri wa .
x uq ʼi ʼ on axat atin taj .
in riq tajin aq pari kʼayibʼal .
n aweta ʼm taj .
kʼax le nu q ʼabʼ .
utz le xu bʼij le achi.
kematz ʼibʼ .
kʼo rachal al pa tz ʼoloj che ʼ ri pe ʼl .
ro nojel wa ʼwe jastaq ri ʼ, xas ksach wi u wach wa ʼ ; ru kʼ weri ʼ, ri ix , rajawa xik che kʼo jun ty oxlaji kʼaslemal e k kʼoji ʼ ri ich ʼaw em ru kʼ ri dyos,
x muq taj ri p atz ʼan .
rich ʼich ʼ tzijom kanoq pari u kʼol bʼal .
man kʼota u cholaj p ataq ri a wuj .
jachike ikʼ le u nimaq ʼij le tin amit nawal ja ʼ ?
xe p etik xol kikʼama ʼ .
kachuq ʼ chu tri ja ʼ chiapam .
x in bʼij iwir chi xe bʼe pa armita .
are ʼ u xe ʼ ojer tzij waral kʼiche ʼu bʼi ʼ .
x kʼis ri nu si ʼ .
jawix kibʼij wichike ʼe wi?
¡xa je kʼu ri ʼ, jachin taq rie kʼo pari jude ʼ a, chi chanim che ʼa nima ju bʼi p ataq ri juyu bʼ,
kʼakʼ ri a bʼ .
la kʼo jun na kakʼox omaj taj ?
nau tz ta le u tʼisom le almariy .
man ya ʼtal taj chi awekatok paja.
je ʼ, xa tutzukuj .
are kel waj xaq ibʼ uq ʼij rix kʼojik .
ri xunku rk kʼoji ʼ p ataq ri triko .
xin sachik .
xu tʼuyu bʼa ʼ
na nu tom ta le tzij …
wach ʼom ri kiwa ri no ʼs .
e kʼojo bʼ ch ʼ il wakʼ .
rajawi xikchi p ataq ri tijo bʼal , pa nik ʼaj u bʼixik chik
ri rajaw r u lew are ʼ tat kel .
we kʼu xokik , we kʼnax okta
we achi xu sipaj jun p ʼot chwe.
atat u taqo ʼn leq ʼatal tzij .
na q ʼanta u wach leq aprut .
ri xa ʼ r kʼopa u wi ʼ riq ʼaq ʼ k poq ʼowik .
ri roq ʼej ri alija chakpe jun akʼal .
kʼo junala pa tijo bʼal .
säqu wi ʼ ri tata ʼ .
ri witz ikʼ tajinkpe loq .
jawix sachon wi kanu ya ʼik le p waq che .
utz we achiwe xin kunanik .
qo nojel kuj wa ʼpa u wi ʼ ri me xa .
ri kaxla ʼ nik man poq on taj .
inxin bʼe ru kʼ ri wachi ʼl .
sibʼalaj je ʼl x kilo xeki tzoqopij ri kichi j chila ʼ .
kin bʼi nik xin ʼe k .
kʼax kʼolik , kacha ʼ .
kutij ix im ri akʼ .
ri alix ch el , xu q ʼi ʼ oxa jun akʼ xsipa x che .
x qa sikʼij le ix oq chu tzakik su bʼ .
mata xa bʼinsaj lech ʼich ʼ .
ri p ix tz ʼaralik r umal ri eqa ʼn .
¿jam pa ʼ kel chi 3%
kʼo jun nu kʼo toj chi ʼaj .
tajin kewa ʼkat ri ala bʼom .
xin loq ʼ le nu kʼa kʼapo ʼt .
na u tzakik ta su bʼ tajinku ʼ ano
x oj u taq chi ʼij x oj wa ʼik .
iwe ch ri abʼix .
saq rij ri chi j .
aj sik cheri tin amit kel wiri tata ʼ .
- ¡ ay ! xa xin tzaqu loq , kʼax we waq an.
x kʼu lmataj pa jun komon chi ʼ u wach jun juyu bʼ , xu ri qa junq ʼij x kiriq kibʼ junimul ru kʼ le kok .
jas x ataq chi ʼj le akʼal chu tijik ?
x in chapo suxu loq ʼo .
q ʼinom ri achi .
ri kʼum k tijo w ru kʼ kabʼ .
tajin kejach ʼanik .
tz ebʼal u kemik le pasa wumal .
are kayo ʼw leu chikopil le u bʼantajik t ry pano som abr uce i.
we kat nima nik utz kelik .
pero no ʼjimal p etn aq loq , .
are lenu chak jun tz uq bʼal wi bʼ .
x kunax le yawa bʼ r umal le aj q ʼij .
ri u kʼu ʼx tz ʼibʼ paqa tzij e lajuj .
sibʼalaj je ʼ lik rieqa bʼal xu bʼan ri l u ʼ s .
sibʼalaj at kon .
e manxo ri ju p uq kej .
na x na ʼ taj ta chke xe atin ik .
ri kʼamal bʼe xu bʼij chike, chi maja ri a nim .
jumu ch ʼri nu juna bʼ .
q ʼi p tajin aq ri raqan ri tem .
kchakun ru kʼ ri jos bʼal che ʼ ri ajan el .
xataq chi ʼj le akʼal chu tijik kar .
oj kʼopa le ro ʼch le awel .
¿ la kat p eq u kʼ chwe ʼq ?
le win aq pa le ch ʼich ʼe tʼuyu l lo wi.
x kanaj kanoq chi u xe ʼ ri ja bʼ rich ʼa ʼn .
nim ri j a.
weta xa kunaj le atat matax kam la ʼ .
na nu kʼamom tuʼla ri ʼ .
chqa nu kʼu ʼ ri qatzij .
kim bʼepa le tin amit .
x in q ʼi ʼ on axin atin taj .
rajawa xikka kʼaman chawe le u tijik le lej .
kʼis bʼal taq no ʼji bʼal .
