x in eʼ waʼ oq.
xkib ʼan kʼaxchele uw osaq rumal man utz ta chi kakayik.
ri qʼutuʼm man kech ta le akʼalab ʼ.
are na nim ta le atz ʼiʼ ch uwach le nu tz ʼiʼ.
x e p etik x ol kilaʼ.
¿ jaw ch iʼ x at aʼ chex kam ri umam ri p oʼ x ?
e keb ʼ kekʼamb ʼik patuj.
x in loqʼjun ja p ari w okaj ja.
ri a x tu ʼ b ʼ, kʼoqulaj chech.
jas karaj kaʼan ch utzakik le tiʼi j.
x utij lewa.
xim b ʼal re tzij.
x pa x ri b ʼoʼj.
we kawaj katin toʼo x aq x u wikab ʼij chiwe.
jas nu kʼu ku ch ʼob ʼo.
jas karaj kutijo?
x e x rux lab ʼ ri ri kil.
e nitz ʼaʼq le taqim ul.
we t ane in x in b ʼanow ik, are le at eʼ kx b ʼanow ik.
kintzali j pale nu tinamit.
ri nu ch aqʼ kʼopa u roʼ qʼatoj tijon ik p ari tijob ʼal.
x in x iʼ j wib ʼ x in ch ʼaw ik.
kʼo ch waroʼ ch le pare.
chi raqan kab ʼin wiri ta taʼ.
x sachon kanuy aʼik le p waq che choja.
x in qʼax chikix oʼl ri winaq.
ketikon ik.
ri ulew man qe ch taj, kech ri qatiʼt qamam.
x epe le winaq x ol kikʼam aʼ.
x u loqʼ ri w uj rumal ri ali.
chewe qʼij kamik kʼojun nu tzijon em chiri j le nu tinamit.
kej riʼ .
x kunan alaq ch we.
ki nu sikʼij le nu nan .
ri i mul x u ch ʼij taj, x kanaj pab ʼe, rumal ri nimal ku jaluj ri i mul, x utzaq ri anim.
kub ʼanri ux oq ʼoʼl ri aj tz ʼaq.
ri la sib ʼalaj utz che kunab ʼal.
kʼi kiwach ri eʼ ajchakib ʼ p ari komon ty ox, kʼate kʼutx a junchi a jawx el ;
x qata chixa tulik.
kawaj chi katʼek.
ch ʼutiʼn kekanaj rix a jab ʼ chech.
kaqax iʼ j qib ʼ kaqach apo.
e kʼo keb ʼ ukʼaj ol le t at x wan.
lu ʼ sub ʼiʼ ri recham.
ajchi uwiʼm iqʼin jaʼ ri l uʼ.
x in y akan le nu chim pa kʼayb ʼal.
kʼatex ri lo, x pe riu nan cheutzu kuxik , x kikotik , x u salab ʼisaj ri taqux kin .
x kikʼut chiuwach ri aj tij x u quj eʼ chikiwach ri t aq nikʼaj kach il.
utz le nu qʼab ʼ.
ku l le al weʼ l pa austin ch aqʼab ʼ kamik.
ri a teʼk x tzaq loq are chi kʼopa uwiʼ ri qʼaʼm.
aj p atanri teʼk.
x atqaj chiup am ri il.
la kʼo tzij na kikʼoxomaj taj ?
x sachon ch kech ixe a tinik.
rono jel le ulew ech alaq.
la xeb ʼe kʼulax eʼkija qa kʼule uch iʼ ja?
x aq katch ʼoknaj iwir .
kamik kʼo chiri jastaq a we.
are ch iʼ kakʼis ri junab ʼ kʼo qʼinom.
pa nawal jaʼ x in alexik.
na x in t ataj we are ri akʼal kixtzuq uw ik.
¡ r ulew ri sab ʼu lo ner ulew ri neftali, ub ʼe ri polow, r ulew ri jord an, g alil eʼ a kech ri je taqam aqʼ !
ra x, ra x, ra x, kʼokʼ, kʼokʼ, kʼokʼ le rux lab ʼ le taq tik oʼn.
achi x at wilo.
pa qal ra jil le p ix kamik.
xoj b ʼin ik.
pajun j eʼl tijob ʼal ku tijoj rib ʼ jun akʼal, ub ʼiʼp oʼx, utz kurilo ke pa tijob ʼal rono jel taq qʼij.
x waj chixa t ʼe taj.
utz laʼ lex ub ʼij le achi.
we taʼam jachin kap etik.
kin qʼojoman ik.
x in qʼiʼot akʼalik x inp etik.
areʼ re taʼm chekin opan ik.
are tab ʼal e qa qajaw chattoʼ wik.
kawinaq waqib ʼ qʼataj.
na qaj chik cheri uwaq kaj b ʼal are taq ch iʼ ksach uwach ri qʼij , ko k ri qʼeq uʼm ch uwach ulew, chi kʼateʼ nari b ʼeleje b ʼ kaj b ʼal.
job ʼ raqan ri tz ʼalam x ep oroxik.
sib ʼalaj ko ri j ri mop.
are waʼ.
j e laʼ p ari timinit ch wi kabyok rech xelaju ʼ , le qanan qatat kakitikoj eʼ lalaj taq uwach ichaj.
kʼax nu qul .
x u ʼ lu kʼam aʼ.
koj ul kitzu kuj .
are man kʼaxta ukunaxik are taqan inaq kaʼilitaj we y ab ʼil al x u quj eʼm oj oʼqakuy aʼ le kʼaxkʼolil chech le jolom aj.
ri w el kʼop atijon ik.
kawaj kinb ʼij.
ri kotz ʼiʼj kqakoj chiup am ri ja.
qʼeq qʼoj ri j ri am aʼ kej.
na x waj taj x in ch ʼaw ik.
ch pe tab ʼal e loqʼalaj jab ʼ.
x sachon ch ke x at kisikʼij.
e le qʼalch ʼi ch ʼ.
jachin x a wilo chi are x tijow ri tiʼ j ?
mat akab ʼele nu xb ʼal pale tinamit.
p im ru q, ri ali.
¿ kʼo ri muqʼ e chi a we ch ?
kqab ʼij man keko win taj.
kintij na.
kʼojun qatʼuʼy pa ja !
kʼop uj chiup am ri ch ʼaʼk.
are taq kinkosik kin warik.
x at waʼik x in wilo
in x in ch ʼayow le achi.
kono jel ri ala xik keʼetz ʼan ik.
jas ru kʼ xkitij wile kirik il ?
aninaq il katp etik.
na ra x ta uwach le juyub ʼ.
ri tz ʼalam tz ʼib ʼab ʼal ra x kkayik.
we ch atchakun ik, kʼo awa.
maʼ t am x at p echeri waʼim.
kamul kinwaʼ na.
ri sik il ktijow ru kʼik.
kimb ʼe aqʼan ru kʼ le altalin.
xoj ʼe kx eʼq il al arqas ok.
x ekiqʼil le ajchakib ʼ x kiw ok le ja.
mat ane x waj le kʼuhj nem ru kʼ le ateʼk.
are x eʼopan chi uch iʼ ri juyub ʼ, x kilo chiman qast akʼo qʼayes.
kʼate kʼut, ri jesus man kkojon ta ch kech ri eʼ areʼ, rumal rech che kono jel re taʼm kiwach,
paʼ tz ri j ri tz ʼiʼ.
juwinaq waqib ʼ qʼataj.
a te laqʼom.
x aqat joʼs.
ri qʼatzu, are qʼalaj ri uqʼij il.
ajchak we ala.
ub ʼeleju kakʼal taqanik (29).
keb ʼ nub ʼiʼ kʼolik.
la katzali j lu ʼ la aninaq ?
katzu kun la chwe.
la kaj la koj b ʼeʼpale chomal ch weʼq?
x in nab ʼej chu ta sikq akʼolib ʼal.
la l x in toʼwik.
sib ʼalaj a noʼjib ʼal.
xoj p etik x ol qakʼam aʼ.
sib ʼalaj j eʼ lik ri u waʼ l ri ichaj.
kʼax wi j rumal in pach alik.
are taq x u kʼulmaj waʼ x u l ri uchoman ik x ub ʼij : are utzwa aqʼab ʼ kin walij ik , are ch aʼ cha nim kin opan pa tijob ʼal, maj chikin kʼulmaj.
ojaj xoj olob ʼ pa awas qʼij.
x in sach chele uw okik le tzij.
e julajuj ri akʼ.
x u ta jamp aʼ koj ʼek.
q ilik .
ri tijox el man are ta nim ch uwach ri raj tij. ri utz tijox el qas j eriʼ kʼolik jas ri raj tij.
in x a tin ch ʼayo.
noʼjim chak wumal.
ch ʼur ri joch ʼ.
in kinb ʼij nakat sach taj.
uj mayab ʼ.
riab ʼaj y a tzalik.
ta jin kep ixb ʼaxri akʼalab ʼ.
chom ri a q.
x in warik.
e le men kono jel ri akʼalab ʼ.
ta jin kqʼana rik ri wer eʼaj.
le u kemik le pa s utz (chawe).
x uy u pub ʼa uwach raʼ chi, kach aʼ, .
ri satanas kokp ari jud as ri kb ʼixis kariʼote ch rech, ri areʼ junch kix oʼl rie kab ʼ lajuj.
ch uchu ri p ar.
kinqumuj ri n ujoch ʼ.
chech punción lumbar am aqʼel rajawa xik chech ri lik leu kʼex b ʼem wile nab ʼe ru kʼ le ukab ʼ u kʼutun em ley ab ʼil al.
qʼalaj china kawaj taj kab ʼij.
kʼoqʼol chiri j ri siʼ.
jawi xoj ʼe wichu loqʼik ?
kʼou lo ch ʼ ri t alin.
qʼan ri j ria tiʼt nu kej.
la x tzali j la iwir ?
x e sikʼixik , kʼate kʼu riʼ xeyaj ik , x u quj eʼ x e taq b ʼi cheu sikʼik le mes.
la kixwarik?
are kʼule pa lomaxx ub ʼij che: - mam katb ʼison taj, kin sikʼij nikʼaj wach iʼl ke ra pa p ik .
aʼre e tijox elab ʼ.
ri alajali siʼ l x ub ʼij x qachap pa utz al ri ty ox.
x sachon ch ke jachin x e a tinik.
jas x u ray ij le a nan x u tijo?
x in kosik.
ra x rono jel ri qʼayes rumalle jab ʼ.
kiny a waʼ we ch ʼich ʼ pinem nautz.
noʼjim upach ʼuxik le nuw iʼ.
naj kʼowi lew oʼ ch ch uwach le tijob ʼal.
ri okib ʼal kʼo chiuwach ri saq ja.
x e nu taq ch ʼijke kil le akʼalab ʼ.
kʼojun qʼoxowem chiwe.
tza ri ch oʼm .
we ch oj b ʼepale nima qʼij , keq il le aj x oj olob ʼ.
xoj ʼe kx eʼq il al arqas ok.
ri at eʼ kx u taʼ chech ri nan toʼn : - nan jasch eʼ chiman kaj ta la qakʼat isaj ri j oʼq.
ri p al sib ʼalaj x u ʼ y.
kinkoj ri j okb ʼal ulew.
in kinb ʼij nakat sach taj
atraj kun le nu nan .
kuqam u juj oron ri aj tzij.
lu ʼ tz ʼalam ub ʼiʼ ri achi kel pa nim ch eʼ.
j eʼ lik u tiʼ jol al ri saq koʼ r.
kʼojun x aʼ rpaja.
x in loqʼ jun kʼakʼ p atan.
kʼax u kemik le pa saw umal.
aninaq u kemik le pa saw umal
ri ch ʼaʼn sach inaq pataq ab ʼix.
ra x taq le kotz ʼiʼj.
me som kanoq ri up amja.
man are ta ra la x kosik.
ri komon x e chpup rech uqʼab ʼ tinamit x oʼl ab ʼaj rech qʼumar kaj .
la utzakik kʼu su b ʼ ta jin ku ʼ ano?
katel a!
na x u tijtaj.
x a rumal ke taʼm kono jel ri winaq kkiqumuj le jaʼ.
iwir x u j tzali j la pa kʼayb ʼal.
qe taʼm cheri qa wakuj utoʼo.
ri aj tij, ky a jon chikech ri akʼalab ʼ.
jas ub ʼanom le nuch ʼutit at ?
ch weʼq kinb ʼepa nim tinamit.
utz we kiw e taʼmaj jas kub ʼij ri cholb ʼal qʼij.
ta jin kat j ilow che uqʼoxomjo lomaj.
x in ti kqʼax chiuwach ri ja.
kʼax le kib ʼele winaq.
loqʼ katkun taj che ley ab ʼil ( covid -19 ).
ri nu x ib ʼal kel pa qaj b ʼal qʼij.
x ril ri a x wanchix waʼ ri ala.
le alix kunataj ik.
we ta kape le jab ʼ kamik.
x in we taʼmaj china x a t pe t aj.
ri p waq rech we qʼataj riʼ kesax chech ri toj b ʼal kʼayin em.
ktij ri u waʼ lik rumal ri kinim aqʼij.
x u chapu kunaxik.
chatan loqali.
x in x u liʼ qaj oq.
j eʼ lik ktijow ri t aqik ox.
kʼate kʼu ri letat x oʼr x ub ʼij, man kawaj taj, man kawaj taj.
kʼo juntz ʼiʼp ab ʼe.
kamul x inp eche atzu kuxik.
manta jin ta kinchakun ik.
kin chakun ik rech katwaʼik.
jas ru kʼ x a wil wichix kiqupij wile tiʼj.
jas ub ʼixik … ?
koqʼ ri akʼal.
kawaj na katʼetaj.
x atqʼaj ik.
w em na cha loqʼax iy al, na kimb ʼe ta aw u kʼ.
x opan lew ujaw u kʼ rumal we chin.
are kʼut pale juyub ʼ kkʼiyj oron, chilaʼ xekikʼam a wiri j aʼ ri winaq.
koqʼ ri akʼal.
we kʼo ara jil cha kʼamaloq.
are sib ʼalaj kaq le ap oʼt ch uwach le nup oʼt.
x in kʼastaj pa kab ʼ lajuj kaj b ʼal.
kaqoy ʼej na kixpet aj .
koka xim ri chi j x a jel aʼ man kanimaj tab ʼik.
ri koknojim xb ʼek , x u ch ʼi jox opan pa u kʼisb ʼalil le anim.
xoj kiʼkotik are taq x at ulik.
kaq itz ʼ naj ri ux a jab ʼ ri akʼal.
ri jesus kwaʼkatp ari nim rachoch ri dyos, ch ux eʼ ri jun jache rachoch ri salomon.
we taqanik riʼ kub ʼij chi rajawa xik ky aʼ uqʼij ri winaq x u quj eʼ ktoʼ aninaq il .
ri a x u x are nari u kun el ri kin aqʼ.
are taq waʼ ri uqʼij ol we taqanik.
kʼojun tab ʼal pa uwiʼ rix kanul ub ʼiʼ lajuj noʼj.
y uʼlub ʼanom ri ukolob ʼ rikej.
x a nimaj ri akʼal chiuwach ri uch uch.
kkunan ri achi.
kinw aʼik rech na kiny owaj taj.
ajxik ch ʼi ch ʼ ri lu ʼ s.
kwaj cheix kixb ʼanow ik.
aʼre x e toʼwa laq.
xoj ʼe kx eʼq il al arqas ok.
x in loqʼ junch ʼich ʼ, qaj inaq uwach.
ku tʼis ri p anta lon.
e janipa le awal kʼwale kʼolik?
utzu kemik le pas chawe.
rimax are aj qʼan iy aʼ.
matab ʼachi riq kʼaxpale b ʼe.
ta jin kanimaj, ri meʼs.
ix ix eʼ laqʼomab ʼ!
x sachan chwe.
e kʼo kʼi ch eʼ, chiuwach ri juyub ʼ.
are waʼ ri nimalaj p ixab ʼe are waʼ ri nab ʼe.
x re taʼmaj chi ru kʼ p akʼ kutij wi
jas utzakik le sub ʼ x u ʼ a no?
aj x oʼy ri wikan.
we t ane aʼ rex etijow le ri kil, are le komon x etijow ik.
sib ʼalaj aninaq kach ʼaw le areʼ chi nu wachin.
utz we kinchakuj .
meʼs laʼ.
kʼokan warech kaqatijo.
x in sikʼij la.
ri akʼal x sach kanoq je laʼ pataq ʼaj.
x e sikʼij la.
jawi xkib ʼij wi chikeʼe wi?
rumal che, man ix tariʼ ri kixch ʼawik , are ri rux lab ʼa xel ri i t at riʼ ri kch ʼaw nai w u kʼ ri ix.
kʼakʼ ri wachoch.
sib ʼalaj utz kinwil le atz ʼyaq rech nahuala.
saq por kkayri kip oʼtrinan.
x sachon ri nu chak ch we.
w aʼim x u chapo.
ri qʼaqʼ ta jin ka juluw ik.
na jil up am risiwan.
e kʼo ri qachalal pa chiuw iʼ la.
jas x a taq ch iʼj le akʼal ch utij ik?
noʼjim u kemik le pa saw umal.
kʼojun ku kub ʼiʼt in tin, waʼ le laj kukmam kaj e qitaj , kap aqika xulik pa uwiʼ uqʼab ʼ taq ch eʼ, sib ʼalaj sakʼaj , keʼuto lee nim aʼq , ch ʼutin, rach iʼl , aj sipan el sib ʼalaj utz ra nim aʼ.
ri up ixab ʼ le qʼatb ʼaltzij kiy aʼub ʼixik.
na x sachon ta ch ke x e a tinik.
x eq il le chikop p uw ileja.
x loʼ taj ri akʼal.
qono jel kuj waʼ pa uwiʼ ri mex a.
x sikir le waqan .
la x at waʼkʼut ?
nimub ʼaqʼ ri t ulul.
kin x ik ʼikʼik x in qʼaxik.
la katb ʼepale tinamit ?
ri p al sib ʼalaj saq ʼor .
kqʼoxow nu jal om.
x in naʼo chi kat p etik.
x loqʼulew iw ech ix.
x inchakun ru kʼ ri num am.
na x qab ʼantaj.
kkʼojiʼ b ʼaʼ riu sipan ik ri a jawx el jesus kristor u kʼ ri aw ux lab ʼal !
kinch ʼaw ru kʼ le nu nan pale ch ʼaw eb ʼal.
sib ʼalaj qʼequʼm rumal ri may ul.
are leba x u lik.
xeko s le ixoqib ʼ pale b ʼe.
kʼaxri lik le akʼal chawe.
x in qʼiʼox in a tinp aj oron.
sib ʼalaj nim le tinamit.
kʼax u kemik le pa saw umal.
x in sachik.
ta jin kel u kikʼel pa raqan ri tz ʼiʼ.
x in we taʼmaj ri lik wib ʼ
ri qʼuqʼ are jun j eʼ l chikop.
kʼopa jatijob ʼal ri wikaqʼ.
ri sachib ʼal mak rajwaxik chi qa x oʼl .
j eʼ , kimb ʼek.
j elal eʼri nup wiʼ.
x ub ʼij che:- jas x ab ʼan otint in ?
kab ʼanjun toqʼob ʼ kyak ri nu jal.
katʼek x inta.
jas leu kʼex b ʼem rib ʼ le jun ru kʼ le junchik ?
ajchi uwiʼm iqʼin jaʼ ri l uʼ.
ri tijon el naj kpe wi.
teʼ kixcho b ʼ ub ʼiʼ ri nut at.
ri j aʼkamiqʼik chiuwach ri qʼaqʼ.
ri tʼuʼy kpa qʼow ik.
kinme son na.
na qaj at kʼowi chiwech.
x in b ʼison ik taq na x a t pe t taj.
we x kam ri winaq , ri p waq rech toj b ʼal makaj ky aʼ chikech ri ra la xik.
ri nu nan x b ʼepa kʼayb ʼal.
xoj u kʼam uloq rech koj ri lo
x kʼoto chin chikiwach chikin waʼaw u kʼ.
na x kikamsaj taj x kikʼamb ʼichoja.
kʼakʼ ri ikʼ kamik.
xim b ʼe ru kʼ le ajkun iwir .
ri lik.
letz ʼiʼ xekosik.
x in kikota wumal.
ri i mul x u maj ria nim , x uy akanle ko k.
kʼooj cheri akʼal.
x u j b ʼe pajun kʼulan em.
utz we kwar alaq.
kaqilo china koj u kʼam taj.
x re taʼmaj chi ru kʼ pa kʼkutij wi.
sib ʼalaj x in kʼaʼn arik.
x in ko chi j ri nu wa.
man katko win taj katchakun ik , we man kʼota ri a jil ab ʼal.
wew on on x ub ʼij chike: - kix into.
ri ala nim kril wiri um am.
x kaʼy chiri j, x kaʼych uwach, ma kʼota chijun ksilob ʼik , x oqʼik x u x eʼ j rib ʼ x ch ʼopin ik x tzali j loq x u riq tachik ri ub ʼe.
kʼop us cheriwa.
pinem nakab ʼele watz, kimb ʼe wi in pakaʼy ib ʼal.
ri nan toʼn nim winaq chik , saq uwiʼ, rono jel aqʼab ʼ utz kunaʼo ka tʼuy iʼ pa utem , ku mi qʼisaj rib ʼ chori qʼij , kʼojun uwiʼum am ub ʼiʼa teʼk.
man e kʼit aj riqu laʼ.
qʼalaj china kawaj taj kab ʼij
x pa qab ʼisax ra jil rono jel ri kem.
kʼop ari jul ri kumatz.
rono jel qʼij kinch ʼaj le nuw are.
saq chi kan le ichaj rech katzako.
ch ux ele qachomal kaqatij wijun qam eqʼin.
cha wilaʼ.
e kʼo job ʼu miʼal, ri nut at.
jas ru kʼ xawil wi
j eʼjas ri winaq rech ri uwach ulew, x oquj eʼ kepe nariʼ ri eʼ areʼ chee rech ri uwach ulew; j eʼjas ri winaq rech ri kaj , x oq uj eʼ kepe nariʼ ri eʼ areʼ e rech rikaj.
x in tijo.
ktz ʼuj uw ri rachoch ri p oʼx.
x u qʼiʼo are le ukʼulel xy aʼow u wa.
ri a we l x re taʼmaj chi rajawa xik man kuxej ta rib ʼ cheri tu kur .
j ukʼulaj winaq x eʼa nimaj b ʼik.
j eʼ , x in tzali j ik.
xoj p etik x ol qakʼam aʼ.
maj jachin xʼek.
in aj tij; at tijox el.
saq u wiʼri tataʼ.
we ch ri kem.
le roʼ ch le at eʼ k kʼo chwach leu kʼay le nu nan .
kb ʼepa ri siriʼ a e p ari si lisiʼa, jawi j eʼ kuy a wiri kich uqʼab ʼ ri komon ty ox.
p ixab ʼ : man utz taj kʼaxkuj ch ʼaw chikij nikʼaj qa chil.
x kunataj le ali ( kumal ri ixoqib ʼ ).
rix ib ʼ ib ʼal chi kʼowi pataq ri qa kʼas lemal rono jel qʼij.
nakuj war ta waral.
on che kkʼojiʼ ri utz il chix oʼl , are ch junam ri qa kojon ik , junam ri iwe chix ru kʼri we chin.
pa ox qʼij ri s aʼn kb ʼe na ru kʼri ajkun .
kawinaq w uqub ʼ.
jas kawaj kintijo ?
we ta x atb ʼew u kʼ pale tinamit, x a loqʼ t al aʼ leu jastaq le akʼa jol.
keb ʼepa waʼ im.
x in loqʼ kʼiwa.
pajun nim kʼach eʼlaj , kʼojun kʼwaʼ sib ʼalaj saq loloj , nim uwach.
kwaj katij jub ʼaʼwa.
rono jel winaq kril nari ukolon em ri dyos » .
x kʼoto chin chikiwach chikin waʼaw u kʼ
kwaj na katʼetaj.
la x a loqʼ junalej ?
e kʼo ri e loqʼoman el .
ri ukab ʼ ub ʼiʼ ri num am are y a y.
kin j opi j ri ij aʼ rech triko.
x naʼtaj ch ke x e a tinik.
x at eʼ qilaʼ.
kakitij alan x a x ri winaq.
. . . kinb ʼij chi are waʼ sinx iʼ an.
na x in nab ʼej tachu tasikq akʼolib ʼal.
rumal rech chewe ri in, kinch ʼaw ru kʼri dyos pach ʼab ʼal, kch ʼawna kʼu riʼ ri w ux lab ʼal ru kʼri dyos , kʼate kʼut man kʼota up atanriʼ ch rech ri nu chomab ʼal.
x e p etik x kilo.
x u ta we katʼek.
utzu kemik le pas chawe.
ri nu wakax x utijjun qʼoqʼ rumal riʼ x kamik.
rumal ri kʼix, man ke waʼ taj ri winaq.
x eʼ u lik.
qʼeq ri j ri am aʼ chij.
x rajkaʼe leunan.
junam kijunab ʼ.
na qʼalaj taj wekaʼek.
ri wix nam ch ʼajch ʼoj ri rachoch.
waral man kʼotaj a jawal.
na iwir ta x ril le kʼamolb ʼe.
x in pe loq te kʼu riʼ x in tzu kuj rono jel ri nura jil.
ri ajtikon el kutik ri tzij.
kʼo e kikʼaj ol le achi jab ʼ.
ku tij qʼayes ri ix paʼch.
p ari waʼ b ʼal e kʼo kawinaq achi jab ʼ.
si poj inaq ri nu p am.
kay aʼtajik ru kʼutiʼ on em jun ri u riqom le y ab ʼila molot setsé x u quj eʼ arekay aʼtaj pataqri juyub ʼ.
jachin ri achi?
ri numam x kamik are taq kʼojumuch ʼ lajuj ujunab ʼ.
kinko win ik kinkʼamb ʼil e p waq.
kin wilo chi utz ri aj iʼ.
x in qʼil ria p oʼ x cheman kachakun taj.
kwaʼ chiuwach le taqʼaj ri am aʼ akʼ.
ri i mul x e poqʼ ik pajun ikʼ.
x kʼis kanoq ri qachak.
are ri alixoj ilow kanoq.
sib ʼalaj ch ʼu ʼ j ria max.
kʼon uwach iʼ.
in cha jin el kech le akʼalab ʼ.
xekosl etz ʼiʼ.
kinb ʼe na ku kʼri molaj.
rono jel aqʼab ʼ kinyitz ʼ ri wakax.
kar apin ik x u tzu kuj chi junawaj.
le u kemik le pa san inaq ( a wumal ).
majura jil le qʼab ʼ arel.
kʼaxriʼ ri kach ʼaw ik.
xoj u taq ch iʼj le achi chu loqʼik ichaj.
sib ʼalaj kʼaxrix kʼulma xik.
x kilo china kin kʼoxomaj taj.
x naʼtaj ch kech ixe a tinik.
x kʼoto chin chikiwach chixo jalw oʼ qa ku kʼ.
jun qʼuʼ qra jil ri kax laʼn wa.
x in wilo chix eʼe lik.
e kʼo ixoqib ʼ pale kʼayb ʼal.
man kʼotaj u kʼisik ri mayab ʼaj lab ʼalil.
ri sink kʼiy pataq ʼaj.
ri ch ʼi ma man kkʼiy taj pataq ʼaj.
rajawa xik kjikik ri waqän .
kawaj kinʼek.
e kʼo oxib ʼakʼ.
x ub ʼij ch we jawi at kʼowi.
ch weʼq kuj b ʼeʼpa mu quj .
pa saq kʼaj aʼ kb ʼan wiri uq.
xoj kisikʼij .
x in wil wib ʼ.
ch aqʼ chikriwa.
kimb ʼe naka palew oʼ ch.
kawaj kinʼek.
ri ch ʼuʼ ktij ru kʼ le j.
p ari kiqʼij kaminaq ib ʼ kb ʼan qʼori kʼy aʼ rech aj : nab ʼe ri nan kutzu kuj kan ri aj , ku jach ʼoʼx u quj e ku kʼ eto.
jas kaj b ʼal cha nim ?
utzuchoman ik ri ali.
p ari qʼij oxlajuj tijax kinkʼis keb ʼjunab ʼ kin chakun waral.
sib ʼalaj ko , ri kʼakʼ ch ʼat.
jas karaj kub ʼij … ?
ri ch ʼi ch ʼ kasil ab ʼik.
pa ojer qʼalp ul x aq x u wiri nim winaq ke kʼamowb ʼe.
leu kunaxik le ukab ʼu kʼutun ik are ru kʼ e flor nitina on utun ib ʼaxik le nif urtimo x ch iʼ le flor niti nachech t. b. g.
are ri achi x in ch ʼayow ik.
junachi ub ʼiku ʼ x u sipaj keb ʼ kʼaʼm ulew rech kab ʼanri tijob ʼal, kamik , kʼo chikaj tij rech ri komon x echpup.
x u mal ty oxij cheri aj tij rono jel le x u kʼut chi uwach.
p ari b ʼex kiraq junala jimul saq ri j, x kikʼamb ʼik.
x ril le b ʼal e ala.
jas kub ʼij ch we ?
le ukunataj em are ru kʼutzu kuxik le uchik opil pajun u solik ux eʼ le kikʼon le jaʼ rech jun nodo.
utz we nu tz ʼiʼ.
j eʼ, taj in kachapon ik.
ki nu loqʼoj le nut at.
kawaj kimb ʼepa tinamit.
are laʼ kinchakuj .
ri nim aʼq taq winaq kʼo ke taʼmab ʼal.
we ta x atb ʼew u kʼ pale tinamit, x a loqʼ ta waʼ we jastaq.
ri kikʼas lemal. wa ixim ulewx a junchima are ta tinimitri ma
riu kʼy ab ʼal na jupam.
x atqaj chiup am ri il.
nojim katwaʼik.
we kʼojun ktu qaʼ rik, ¿ la man x oq uj eʼ taj kintu qaʼ r ri in ?
ojoj w okol ja.
awas kb ʼan kʼaxche jun nim winaq.
x in ch ʼaw apan ru kʼ le wa nab ʼ.
kʼaxri up am ri ju ʼ l.
ta jin ke waʼ ri i mul.
la kaj lak uj tzali j la aninaq ?
rumal rech cheri makaj man kʼota uko win em p iwiʼ ri ix: ri ix manix kʼot achi ch ux eʼ ri p ixab ʼ, x a ne ixkʼo ch ux eʼri sipan ik.
nim raqan le ch eʼ.
x inchap o.
are letu ʼ r le loqʼoman el.
x a s katkʼojiʼ chiup am ri ch ʼi ch ʼ.
sib ʼalaj nim raqan ri kʼamalb ʼe.
letz ʼib ʼab ʼal we chin.
in x in toʼw la.
x aj e kʼu riʼ ri ix kamik riʼ manix kax lan winaq tachik ; ri ix, ix rech ri ki tinimit rie ty oxlaj taq winaq , ix rech ri rachoch ri dyos.
x in ti koxlaj kʼalichaj .
kaqariq qib ʼ ch weʼq.
sib ʼalaj utz cheri w iʼ aj ri tuney.
we naj up u lik ta x eqaj ik...
x in toʼtaj cheri nu chak.
kʼojun chikop ub ʼiʼp um.
poqon ri ik.
xoj b ʼin ik.
x uch ʼek rono jel le re taman ik x pa qiʼk kʼax kwʼinik x ub ʼan ajkun .
kel ub ʼik p ari jud eʼae ktzali j chi ub ʼi jumul p ari gali leʼa.
x ina x ib ʼij pa b ʼe.
j eʼ l kʼolem chi a wachoch.
rono jel riy aʼtalil pa we qʼataj , tz ʼaqat kiwach, man ktzaq ta kanoq x u quj eʼ mank tastaj.
x u kunaj le yawab ʼ le aj qʼij.
chi tatab ʼej jas le kimb ʼij.
ch ʼan al ri achi.
pa b ʼo koʼka chakun wiri ta x.
uj kʼopa uw uq qʼij.
kiʼ ri ukab ʼ ri a qaj.
kʼo rachalal pa tz ʼoloj ch eʼ ri p eʼ l.
x kilo chikin kʼoxomaj.
ri u kisa kʼu tz ky aʼik chiux eʼ ri tikoʼn.
are taq ch iʼ kaqʼan pu wiʼri jukub ʼ, ri achi chex kʼojiʼ ri itz el ux lab ʼal ru kʼ , kuta ch rech ri areʼ, are ch kkʼojiʼ ru kʼ ri areʼ.
nakab ʼantaj ta wumal.
x naʼtaj ch ke x e a tinik.
x inp aj ri nu triko.
x eʼok ri p okʼ pa riumex a ri p oʼx.
ka juluw ri a qʼaʼl chiux eʼ ri tʼuʼy.
awe ch le ja.
x uj b ʼepa tzu rik.
nab ʼex at opan ik.
ri ukab ʼ ub ʼiʼ ri num am are y a y.
uw aj x aq u kakʼal taqanik (28).
ma ta kʼojun kakanaj kanoq, qono jel koj b ʼek.
e nim aʼq le al tomab ʼ.
nim uwach ri p oʼt.
kojon ik p ari utzij wa ixim ulew.
jas x u kʼamb ʼil etz ʼiʼ x a wilo ?
x inp etik, t at.
rib ʼelaj uwach.
chi t at ab ʼej jas ri kimb ʼij.
j eʼ l kunaʼ riab ʼixchi up am riq uqulew.
kinb ʼisoj uwach lewal.
x u tʼuy ub ʼaʼ.
nim ria we qe leʼn x a riqo.
x in eʼ waʼ oq.
ch iʼke war wile akʼalab ʼ.
ri nu miʼal x u taq loq jun taq oʼm w uj chiwe.
qʼeʼl ik, ri chajp ari b ʼe.
la utz awach ? - utz mal ty ox, e kʼu ri at ? – utz mal ty ox.
x in kos rumal nu chak.
kb ʼe ku kʼrieʼ areʼ e ktzali j p ari nas are te keʼu nimaj.
ri joj x u kʼamb ʼik ri akʼ.
kʼo chi wach iʼl cha nim .
kub ʼij chech naʼl kab ʼan cheri atz ʼib ʼ.
e. . . in kawaj katz joj b ʼil ach we.
matax in y aj le ali.
jachin ru kʼ katb ʼe wi?
kʼo sib ʼalaj e taʼmab ʼal p ari mayab ʼ noʼjib ʼal.
e man x ori jupuq ke j.
kasu mum ri kaqiqʼ.
e kʼokaj ib ʼ akʼalab ʼ pale b ʼe.
j eʼjas ri u t at kkaʼy ik.
x aqa t molon el tzij t al.
le nu t at ka loqʼon chwe.
x aq t ane kimb ʼe iw u kʼ.
x re taʼmaj uch ʼaj ik.
rumal laʼ x koj“ xal qʼat” che ub ʼiʼ ri komon.
are leu kemik pa s x re taʼmaj.
ri wa tiʼt kub ʼan nari up atan.
kʼakʼ le p oʼt.
re taʼm uwach jachin x loqʼow ri pas.
kench ʼab ʼej le akʼalab ʼ.
y aʼtal cha qe qono jel ri uj winaq utz kaqil qib ʼ.
x kotiʼ pa qʼayesx oqʼik .
kawinaq b ʼeleje b ʼ qʼataj.
e kʼokaj ib ʼ ral rii mul, jun saq , jun qʼan, jun qʼeq , jun qʼeqoj , sib ʼalaj ketz ʼan ik , kech ʼopin ik ri alaj taqim ul.
kcholol ri a ch achal.
ketekik ri ikʼ.
x e p etik rech ke waʼ iw u kʼ.
tz atz ri uqʼanil ri akʼ.
xoj tzali j ik x ix eʼ qaqʼatuj ku kʼ le itatinan.
riy oʼx taq akʼalab ʼ ke kikʼuxri atz ʼyaq.
we a chiwex u sipaj jun p oʼt ch we x kamik.
kko win ri kunan el che kunan ik.
x j iqʼ p ari polow.
x a rumal sib ʼalaj rajawa xik le loqʼalaj jaʼ, le winaq xkib ʼij : chewe ikʼ riʼ qono jel kuj b ʼe che utikik taq ch eʼ.
ri una nerie rachalal kepe uloq ru kʼri areʼ, kʼate kʼu riʼ, man keko win taj keqib ʼu koq ru kʼ , rumal rech chee kʼo sib ʼalaj winaq.
rumal rech , che man kʼota jun kko win cheu kojikjun tikib ʼalil chik ch uwach ri kojom chik che are ri jesus kristo.
te kʼu riʼ x utz ʼib ʼaj rib ʼ p ari nimalaj tijob ʼal rech aj ku ʼ n .
ka juluw ri ch ʼumil ch aqʼab ʼ.
kʼisb ʼal kanoq, x oquj eʼ kkamri ixoq.
le alax okik.
kʼop waq pa uwiʼ rimexa.
are kawaj na kinʼetaj.
ri yawal kukoj ri alichi ux eʼ richakach are u su ʼ t.
na kaqakʼam tuʼb ʼi kamik.
ri aj tij kub ʼij chike: rajawa xik ke qachajij ria waj, are utikoʼn ri a jaw.
x in tij mu kun iwir .
kʼax le uwiʼ taq le nu qʼab ʼ.
x in loqʼjun ilb ʼalwib ʼ.
waʼ we qʼij , nimub ʼantaj ik.
ri ux eʼal ri qatinamit man kasach taj.
xoj b ʼin ik.
ri achalal junam kiwach.
x in we taʼmaj ri lik wib ʼ.
nim riu naʼoj waj tij.
miqʼin ri kʼul.
aj qʼojom ria teʼk.
chele san ik ch eʼ kb ʼan wiri qʼojom.
kape le aw el pa nawal jaʼ.
ri meson el ta jin kchakun ik.
utz cha qe kaqatoʼq ib ʼ, taq kʼo kʼaxkʼolil , kate we ch iʼn ri a jaw pa qawiʼ.
x a wilo, x qʼatan le ib ʼ oy.
x at ko win ik x ab ʼano.
kiʼ ri kʼawex.
kaj ilil ri b ʼe.
le alix elb ʼ ik.
areʼ x rajx in b ʼano.
nim we ab ʼaj.
j eʼ lik u tiʼ jol al ri saq koʼ r.
noj inaq ri ke j.
we katijan x u x man katu toʼt achi uqʼatixik le kʼakʼ y ab ʼil corona virus (2019 - ncov ).
na nim ta raqan waʼ we ch eʼ.
utz alaj ajchak , ri w el.
¿ jamp aʼ kuj b ʼepa nima qʼij ?
rajawa xik t ane laʼ katchakun w u kʼ.
x u taq ch iʼj pa waram p ulew.
man are ta ria x wanxelik.
ria wix x u loqʼ rachoch re nimal.
are ri ixoq x in sikʼin uloq.
ri ch ʼi ma kʼatʼo nna.
laxib ʼan lei chak ?
kʼi tinamite kʼopa ch ʼoʼj.
kʼo jupuq chi j chiux eʼ ri ch eʼ.
ri ux aq riab ʼix are uwarikej.
kawinaq qʼataj.
la kix pe pa tijob ʼal ?
we kechajix taq le kʼwaj a cha kinb ʼij ; junalik kʼo jaʼ x u quj eʼ sib ʼalaj saq loloj.
x re taʼmaj .
ri alab ʼom ri al itomab ʼ ta jin kikitijoj kib ʼ rech su taq , are kakaj kikib ʼan nima qachi jab ʼ chup am ri kikʼas lemal, x u quj e kʼo chik jupuq b ʼixon el chup am ri komon.
latz ʼ uwach ri b ʼe.
kʼakʼ ria ch ʼi ch ʼ.
qono jel uj,uj may ab ʼ taq winaq.
no jel qʼij ria tiʼ x kuy u qʼuj le taqaw aj jel aʼpa nikʼaj jaʼ, chiri j ri juyub ʼ ub ʼiʼ te naʼ .
pa qʼom chik risiʼ.
kintzu kun chela.
kakitij le kinaqʼ, le ichaj , le uwaʼ lik ru kʼ le j.
xekanaj kan le ajchakib ʼ.
ketikon ri achi jab ʼ.
sib ʼalaj itz el ub ʼantaj ik ri ch ʼi la kan.
ri a teʼk x u mal ty oxij cheri ra tiʼt, rumal ri utz alaj noʼjib ʼal x u kʼut chech.
kkamulix u chak ri a b ʼix.
la x in utzu kuj le tijox el ?
areʼ kachakun rono jel qʼij.
le e kʼaʼnataq tz ʼiʼ.
saqri j ri p lam ux.
jas x a qʼiʼox a tijo.
jas ru kʼ x kichapwi utijik le ri kil ?
we kata tin ru kʼ kʼatan jaʼ man kuqʼatej ta le kʼakʼ y ab ʼil corona virus.
la katb ʼin pale ux lan b ʼal ?
la waral kʼux ixwaʼ wi?
are le nu t at kin loqʼon ik.
ta jin kchakun ri ala.
kʼo ri kiʼkotemal aw u kʼ.
x u ta jachin kaʼek.
x at waʼik x in wilo.
x tzaq ri rachoch rumal ri jab ʼ.
pale jun ikʼ chik are nima qʼij.
e keb ʼäm keb ʼin pa uwiʼ ri tem.
mem ri achi.
ri wikan cha liʼ y kel pa juyub ʼ ch wi tzi rib ʼal.
le ra jil, la pa ja xel a qʼaxw u ʼb ʼik?
p ari su ʼ t p isom wirilej.
koj p etik ko l qakʼam aʼ.
ta jin katch ʼopin chiuwach ri ta qʼaj.
le qʼorx ch ʼuqik.
kʼaxwaʼi maw umal.
kinb ʼison che lewal.
sib ʼalaj kʼo kʼri a watz ʼyaq.
kamik x u j b ʼe che utikik taq ch eʼ p ari juyub ʼ.
ki nu loqʼoj le nut at.
ch aqiʼj chik ri chaj.
xy il ix hawayi.
na x naʼtaj ta ch kech ixe a tinik.
ru kʼ kʼu waʼ weriʼ, ri ix kkʼojiʼjun utz alaj ikʼas lemal riʼ ch kiwach ri winaq che mane kʼota iw u kʼ , kʼate kʼu riʼ man kʼota jun winaq riʼ rajawa xik chiwech.
e p etinaq pab ʼele rachalax ik.
kakaj le akʼalab ʼ ke waʼik.
x u jch ʼayb ʼik.
ri nu chak are qʼaxel tzij.
kʼonar ux lab ʼ ri a waj.
ta jin kel loq, ri qʼij.
x u qʼiʼox kamsaxri rachalal choch.
ri num am are kʼo uqʼinomal .
x kʼul mataj jumul , x ub ʼanjun nimalaj jab ʼ, man xb ʼeyetaj tanax u kʼis le uy uqʼ chike.
am aʼri nu tz ʼiʼ.
j e waʼkatp etik.
x in kosik rumal x inchakun ik
iwe ch chi j ujunal, ri wa.
x u qʼiʼo na x at at intaj.
in riq taj inaq p ari kʼayib ʼal.
nawe taʼm taj.
kʼax le nu qʼab ʼ.
utz lex ub ʼij le achi.
kematz ʼib ʼ.
kʼo rachalal pa tz ʼoloj ch eʼ ri p eʼ l.
rono jel waʼ we jastaq riʼ, xas ksach wi uwach waʼ ; ru kʼ weriʼ, ri ix, rajawa xik che kʼojun ty oxlaji kʼas lemal e kkʼojiʼ ri ich ʼaw em ru kʼri dyos,
x muq taj ri pa tz ʼan .
ri ch ʼi ch ʼ tzijom kanoq p ari u kʼolb ʼal.
man kʼota ucholaj pataq ri a w uj.
jachik e ikʼ le unima qʼij le tinamit nawal jaʼ ?
x e p etik x ol kikʼam aʼ.
kach uqʼ ch utrij aʼ chi a p am.
x in b ʼij iwir chi xeb ʼepa armita.
areʼ ux eʼ ojer tzij waral kʼi ch eʼ ub ʼiʼ.
x kʼis ri nu siʼ.
jawi xkib ʼij wi chikeʼe wi?
¡ xaj e kʼu riʼ, jachin taq rie kʼop ari jud eʼa, chi cha nim ch eʼ a nim aj ub ʼi pataqri juyub ʼ,
kʼakʼ riab ʼ.
la kʼojun naka kʼoxomaj taj ?
nautz ta leut ʼisom le almariy.
man y aʼtaltaj chi a we katok pa ja.
j eʼ, x at utzu kuj.
are kel waj x aqib ʼ uqʼij rix kʼojik.
rix u n kur kkʼojiʼ pataq ri triko.
x in sachik.
x u tʼuy ub ʼaʼ
nan utom ta le tzij …
wach ʼom ri kiwari noʼs.
e kʼo job ʼ ch ʼilwakʼ.
rajawixik chi pataq ri tijob ʼal, pa nikʼaj ub ʼixik chik
ri rajawr ulew areʼ t at kel.
we kʼux okik , we kʼ na xok ta
we achi x u sipaj jun pʼo t ch we.
at at utaq oʼn le qʼataltzij .
naq ʼanta uwach le qap rut.
rix aʼ r kʼo pa uwiʼ ri qʼaqʼ kpoqʼ owik.
ri ro qʼej ri ali jachakp ejun akʼal.
kʼo junala pa tijob ʼal.
säq u wiʼri ta taʼ.
ri witz ikʼ ta jin kpe loq.
jawix sach on wikan uy aʼik le p waq che.
utz we achiwex in kunan ik.
qono jel kuj waʼ pa uwiʼ ri mex a.
ri kax laʼnik man poqon taj.
in x in b ʼe ru kʼri wach iʼl .
sib ʼalaj j eʼ l x kilo x e kitzoqopi j ri kich ij chilaʼ.
kinb ʼin ik x inʼek.
kʼax kʼolik, kach aʼ.
kutij ixim ri akʼ.
ri alix chel, x u qʼiʼox a jun akʼ x sipax che.
x qa sikʼij le ixoq ch utzakik sub ʼ.
matax ab ʼin saj le ch ʼich ʼ.
ri p ix tz ʼar alik rumal rie qaʼn .
¿ jamp aʼ kel chi 3%
kʼojun nu kʼotoj ch iʼaj.
ta jin ke waʼkat ri alab ʼom.
x in loqʼ le nu kʼakʼ apoʼt.
nautz akikta sub ʼ ta jin ku ʼ a no
x oju taq ch iʼi j x oj waʼik.
iwe ch ri a b ʼix.
saq ri j ri chij.
aj sik cheri tinamit kel wiri t at aʼ.
- ¡ ay ! x a x in tzaqu loq, kʼax we waqan.
x kʼul mataj pajun komon ch iʼ uwach jun juyub ʼ, x u riqa jun qʼij x kiriq kib ʼ junimul ru kʼ le ko k.
jas x a taq ch iʼj le akʼal ch utij ik?
x inchap osux u loqʼo.
qʼinom ri achi.
ri kʼum ktijow ru kʼ kab ʼ.
ta jin kejach ʼan ik.
tz eb ʼal u kemik le pasa wumal.
arekay oʼw leu chi kopille ub ʼantaj ik trypanos oma bruce i.
we kat niman ik utz kelik.
pero noʼjimal petnaq loq,.
are len uchak juntzuqb ʼal wib ʼ.
x kunax le yawab ʼ rumal le aj qʼij.
ri ukʼuʼx tz ʼib ʼ pa qatzij e lajuj.
sib ʼalaj j eʼ lik rie qab ʼal x ub ʼanri lu ʼ s.
sib ʼalaj at kon.
e man x ori jupuq ke j.
na x naʼtaj ta ch ke x e a tinik.
ri kʼamalb ʼex ub ʼij chike, chi maj a ri a nim .
jumuch ʼ ri nujunab ʼ.
qʼiptaj inaq ri raqan ri tem.
kchakun ru kʼri josb ʼal ch eʼ ri a jan el .
x a taq ch iʼj le akʼal ch utijik kar.
oj kʼo pale roʼ ch le awel.
¿ la kat pequ kʼ ch weʼq ?
le winaq pale ch ʼi ch ʼe tʼuy ul lo wi.
x kanaj kanoq chiux eʼ ri jab ʼ ri ch ʼaʼn.
nim ri ja.
we ta x a kunaj le at at matax kam laʼ.
nan u kʼamom tu ʼ la riʼ.
ch qa nu kʼuʼri qatzij.
kimb ʼepale tinamit.
x in qʼiʼona x in atintaj.
rajawa xik kakʼaman cha we le utijik le le j.
kʼisb ʼal taq noʼjib ʼal.
x in eʼ waʼ oq.
xkib ʼan kʼaxchele uw osaq rumal man utz ta chi kakayik.
ri qʼutuʼm man kech ta le akʼalab ʼ.
are na nim ta le atz ʼiʼ ch uwach le nu tz ʼiʼ.
x e p etik x ol kilaʼ.
¿ jaw ch iʼ x at aʼ chex kam ri umam ri p oʼ x ?
e keb ʼ kekʼamb ʼik patuj.
x in loqʼjun ja p ari w okaj ja.
ri a x tu ʼ b ʼ, kʼoqulaj chech.
jas karaj kaʼan ch utzakik le tiʼi j.
x utij lewa.
xim b ʼal re tzij.
x pa x ri b ʼoʼj.
we kawaj katin toʼo x aq x u wikab ʼij chiwe.
jas nu kʼu ku ch ʼob ʼo.
jas karaj kutijo?
x e x rux lab ʼ ri ri kil.
e nitz ʼaʼq le taqim ul.
we t ane in x in b ʼanow ik, are le at eʼ kx b ʼanow ik.
kintzali j pale nu tinamit.
ri nu ch aqʼ kʼopa u roʼ qʼatoj tijon ik p ari tijob ʼal.
x in x iʼ j wib ʼ x in ch ʼaw ik.
kʼo ch waroʼ ch le pare.
chi raqan kab ʼin wiri ta taʼ.
x sachon kanuy aʼik le p waq che choja.
x in qʼax chikix oʼl ri winaq.
ketikon ik.
ri ulew man qe ch taj, kech ri qatiʼt qamam.
x epe le winaq x ol kikʼam aʼ.
x u loqʼ ri w uj rumal ri ali.
chewe qʼij kamik kʼojun nu tzijon em chiri j le nu tinamit.
kej riʼ .
x kunan alaq ch we.
ki nu sikʼij le nu nan .
ri i mul x u ch ʼij taj, x kanaj pab ʼe, rumal ri nimal ku jaluj ri i mul, x utzaq ri anim.
kub ʼanri ux oq ʼoʼl ri aj tz ʼaq.
ri la sib ʼalaj utz che kunab ʼal.
kʼi kiwach ri eʼ ajchakib ʼ p ari komon ty ox, kʼate kʼutx a junchi a jawx el ;
x qata chixa tulik.
kawaj chi katʼek.
ch ʼutiʼn kekanaj rix a jab ʼ chech.
kaqax iʼ j qib ʼ kaqach apo.
e kʼo keb ʼ ukʼaj ol le t at x wan.
lu ʼ sub ʼiʼ ri recham.
ajchi uwiʼm iqʼin jaʼ ri l uʼ.
x in y akan le nu chim pa kʼayb ʼal.
kʼatex ri lo, x pe riu nan cheutzu kuxik , x kikotik , x u salab ʼisaj ri taqux kin .
x kikʼut chiuwach ri aj tij x u quj eʼ chikiwach ri t aq nikʼaj kach il.
utz le nu qʼab ʼ.
ku l le al weʼ l pa austin ch aqʼab ʼ kamik.
ri a teʼk x tzaq loq are chi kʼopa uwiʼ ri qʼaʼm.
aj p atanri teʼk.
x atqaj chiup am ri il.
la kʼo tzij na kikʼoxomaj taj ?
x sachon ch kech ixe a tinik.
rono jel le ulew ech alaq.
la xeb ʼe kʼulax eʼkija qa kʼule uch iʼ ja?
x aq katch ʼoknaj iwir .
kamik kʼo chiri jastaq a we.
are ch iʼ kakʼis ri junab ʼ kʼo qʼinom.
pa nawal jaʼ x in alexik.
na x in t ataj we are ri akʼal kixtzuq uw ik.
¡ r ulew ri sab ʼu lo ner ulew ri neftali, ub ʼe ri polow, r ulew ri jord an, g alil eʼ a kech ri je taqam aqʼ !
ra x, ra x, ra x, kʼokʼ, kʼokʼ, kʼokʼ le rux lab ʼ le taq tik oʼn.
achi x at wilo.
pa qal ra jil le p ix kamik.
xoj b ʼin ik.
pajun j eʼl tijob ʼal ku tijoj rib ʼ jun akʼal, ub ʼiʼp oʼx, utz kurilo ke pa tijob ʼal rono jel taq qʼij.
x waj chixa t ʼe taj.
utz laʼ lex ub ʼij le achi.
we taʼam jachin kap etik.
kin qʼojoman ik.
x in qʼiʼot akʼalik x inp etik.
areʼ re taʼm chekin opan ik.
are tab ʼal e qa qajaw chattoʼ wik.
kawinaq waqib ʼ qʼataj.
na qaj chik cheri uwaq kaj b ʼal are taq ch iʼ ksach uwach ri qʼij , ko k ri qʼeq uʼm ch uwach ulew, chi kʼateʼ nari b ʼeleje b ʼ kaj b ʼal.
job ʼ raqan ri tz ʼalam x ep oroxik.
sib ʼalaj ko ri j ri mop.
are waʼ.
j e laʼ p ari timinit ch wi kabyok rech xelaju ʼ , le qanan qatat kakitikoj eʼ lalaj taq uwach ichaj.
kʼax nu qul .
x u ʼ lu kʼam aʼ.
koj ul kitzu kuj .
are man kʼaxta ukunaxik are taqan inaq kaʼilitaj we y ab ʼil al x u quj eʼm oj oʼqakuy aʼ le kʼaxkʼolil chech le jolom aj.
ri w el kʼop atijon ik.
kawaj kinb ʼij.
ri kotz ʼiʼj kqakoj chiup am ri ja.
qʼeq qʼoj ri j ri am aʼ kej.
na x waj taj x in ch ʼaw ik.
ch pe tab ʼal e loqʼalaj jab ʼ.
x sachon ch ke x at kisikʼij.
e le qʼalch ʼi ch ʼ.
jachin x a wilo chi are x tijow ri tiʼ j ?
mat akab ʼele nu xb ʼal pale tinamit.
p im ru q, ri ali.
¿ kʼo ri muqʼ e chi a we ch ?
kqab ʼij man keko win taj.
kintij na.
kʼojun qatʼuʼy pa ja !
kʼop uj chiup am ri ch ʼaʼk.
are taq kinkosik kin warik.
x at waʼik x in wilo
in x in ch ʼayow le achi.
kono jel ri ala xik keʼetz ʼan ik.
jas ru kʼ xkitij wile kirik il ?
aninaq il katp etik.
na ra x ta uwach le juyub ʼ.
ri tz ʼalam tz ʼib ʼab ʼal ra x kkayik.
we ch atchakun ik, kʼo awa.
maʼ t am x at p echeri waʼim.
kamul kinwaʼ na.
ri sik il ktijow ru kʼik.
kimb ʼe aqʼan ru kʼ le altalin.
xoj ʼe kx eʼq il al arqas ok.
x ekiqʼil le ajchakib ʼ x kiw ok le ja.
mat ane x waj le kʼuhj nem ru kʼ le ateʼk.
are x eʼopan chi uch iʼ ri juyub ʼ, x kilo chiman qast akʼo qʼayes.
kʼate kʼut, ri jesus man kkojon ta ch kech ri eʼ areʼ, rumal rech che kono jel re taʼm kiwach,
paʼ tz ri j ri tz ʼiʼ.
juwinaq waqib ʼ qʼataj.
a te laqʼom.
x aqat joʼs.
ri qʼatzu, are qʼalaj ri uqʼij il.
ajchak we ala.
ub ʼeleju kakʼal taqanik (29).
keb ʼ nub ʼiʼ kʼolik.
la katzali j lu ʼ la aninaq ?
katzu kun la chwe.
la kaj la koj b ʼeʼpale chomal ch weʼq?
x in nab ʼej chu ta sikq akʼolib ʼal.
la l x in toʼwik.
sib ʼalaj a noʼjib ʼal.
xoj p etik x ol qakʼam aʼ.
sib ʼalaj j eʼ lik ri u waʼ l ri ichaj.
kʼax wi j rumal in pach alik.
are taq x u kʼulmaj waʼ x u l ri uchoman ik x ub ʼij : are utzwa aqʼab ʼ kin walij ik , are ch aʼ cha nim kin opan pa tijob ʼal, maj chikin kʼulmaj.
ojaj xoj olob ʼ pa awas qʼij.
x in sach chele uw okik le tzij.
e julajuj ri akʼ.
x u ta jamp aʼ koj ʼek.
q ilik .
ri tijox el man are ta nim ch uwach ri raj tij. ri utz tijox el qas j eriʼ kʼolik jas ri raj tij.
in x a tin ch ʼayo.
noʼjim chak wumal.
ch ʼur ri joch ʼ.
in kinb ʼij nakat sach taj.
uj mayab ʼ.
riab ʼaj y a tzalik.
ta jin kep ixb ʼaxri akʼalab ʼ.
chom ri a q.
x in warik.
e le men kono jel ri akʼalab ʼ.
ta jin kqʼana rik ri wer eʼaj.
le u kemik le pa s utz (chawe).
x uy u pub ʼa uwach raʼ chi, kach aʼ, .
ri satanas kokp ari jud as ri kb ʼixis kariʼote ch rech, ri areʼ junch kix oʼl rie kab ʼ lajuj.
ch uchu ri p ar.
kinqumuj ri n ujoch ʼ.
chech punción lumbar am aqʼel rajawa xik chech ri lik leu kʼex b ʼem wile nab ʼe ru kʼ le ukab ʼ u kʼutun em ley ab ʼil al.
qʼalaj china kawaj taj kab ʼij.
kʼoqʼol chiri j ri siʼ.
jawi xoj ʼe wichu loqʼik ?
kʼou lo ch ʼ ri t alin.
qʼan ri j ria tiʼt nu kej.
la x tzali j la iwir ?
x e sikʼixik , kʼate kʼu riʼ xeyaj ik , x u quj eʼ x e taq b ʼi cheu sikʼik le mes.
la kixwarik?
are kʼule pa lomaxx ub ʼij che: - mam katb ʼison taj, kin sikʼij nikʼaj wach iʼl ke ra pa p ik .
aʼre e tijox elab ʼ.
ri alajali siʼ l x ub ʼij x qachap pa utz al ri ty ox.
x sachon ch ke jachin x e a tinik.
jas x u ray ij le a nan x u tijo?
x in kosik.
ra x rono jel ri qʼayes rumalle jab ʼ.
kiny a waʼ we ch ʼich ʼ pinem nautz.
noʼjim upach ʼuxik le nuw iʼ.
naj kʼowi lew oʼ ch ch uwach le tijob ʼal.
ri okib ʼal kʼo chiuwach ri saq ja.
x e nu taq ch ʼijke kil le akʼalab ʼ.
kʼojun qʼoxowem chiwe.
tza ri ch oʼm .
we ch oj b ʼepale nima qʼij , keq il le aj x oj olob ʼ.
xoj ʼe kx eʼq il al arqas ok.
ri at eʼ kx u taʼ chech ri nan toʼn : - nan jasch eʼ chiman kaj ta la qakʼat isaj ri j oʼq.
ri p al sib ʼalaj x u ʼ y.
kinkoj ri j okb ʼal ulew.
in kinb ʼij nakat sach taj
atraj kun le nu nan .
kuqam u juj oron ri aj tzij.
lu ʼ tz ʼalam ub ʼiʼ ri achi kel pa nim ch eʼ.
j eʼ lik u tiʼ jol al ri saq koʼ r.
kʼojun x aʼ rpaja.
x in loqʼ jun kʼakʼ p atan.
kʼax u kemik le pa saw umal.
aninaq u kemik le pa saw umal
ri ch ʼaʼn sach inaq pataq ab ʼix.
ra x taq le kotz ʼiʼj.
me som kanoq ri up amja.
man are ta ra la x kosik.
ri komon x e chpup rech uqʼab ʼ tinamit x oʼl ab ʼaj rech qʼumar kaj .
la utzakik kʼu su b ʼ ta jin ku ʼ ano?
katel a!
na x u tijtaj.
x a rumal ke taʼm kono jel ri winaq kkiqumuj le jaʼ.
iwir x u j tzali j la pa kʼayb ʼal.
qe taʼm cheri qa wakuj utoʼo.
ri aj tij, ky a jon chikech ri akʼalab ʼ.
jas ub ʼanom le nuch ʼutit at ?
ch weʼq kinb ʼepa nim tinamit.
utz we kiw e taʼmaj jas kub ʼij ri cholb ʼal qʼij.
ta jin kat j ilow che uqʼoxomjo lomaj.
x in ti kqʼax chiuwach ri ja.
kʼax le kib ʼele winaq.
loqʼ katkun taj che ley ab ʼil ( covid -19 ).
ri nu x ib ʼal kel pa qaj b ʼal qʼij.
x ril ri a x wanchix waʼ ri ala.
le alix kunataj ik.
we ta kape le jab ʼ kamik.
x in we taʼmaj china x a t pe t aj.
ri p waq rech we qʼataj riʼ kesax chech ri toj b ʼal kʼayin em.
ktij ri u waʼ lik rumal ri kinim aqʼij.
x u chapu kunaxik.
chatan loqali.
x in x u liʼ qaj oq.
j eʼ lik ktijow ri t aqik ox.
kʼate kʼu ri letat x oʼr x ub ʼij, man kawaj taj, man kawaj taj.
kʼo juntz ʼiʼp ab ʼe.
kamul x inp eche atzu kuxik.
manta jin ta kinchakun ik.
kin chakun ik rech katwaʼik.
jas ru kʼ x a wil wichix kiqupij wile tiʼj.
jas ub ʼixik … ?
koqʼ ri akʼal.
kawaj na katʼetaj.
x atqʼaj ik.
w em na cha loqʼax iy al, na kimb ʼe ta aw u kʼ.
x opan lew ujaw u kʼ rumal we chin.
are kʼut pale juyub ʼ kkʼiyj oron, chilaʼ xekikʼam a wiri j aʼ ri winaq.
koqʼ ri akʼal.
we kʼo ara jil cha kʼamaloq.
are sib ʼalaj kaq le ap oʼt ch uwach le nup oʼt.
x in kʼastaj pa kab ʼ lajuj kaj b ʼal.
kaqoy ʼej na kixpet aj .
koka xim ri chi j x a jel aʼ man kanimaj tab ʼik.
ri koknojim xb ʼek , x u ch ʼi jox opan pa u kʼisb ʼalil le anim.
xoj kiʼkotik are taq x at ulik.
kaq itz ʼ naj ri ux a jab ʼ ri akʼal.
ri jesus kwaʼkatp ari nim rachoch ri dyos, ch ux eʼ ri jun jache rachoch ri salomon.
we taqanik riʼ kub ʼij chi rajawa xik ky aʼ uqʼij ri winaq x u quj eʼ ktoʼ aninaq il .
ri a x u x are nari u kun el ri kin aqʼ.
are taq waʼ ri uqʼij ol we taqanik.
kʼojun tab ʼal pa uwiʼ rix kanul ub ʼiʼ lajuj noʼj.
y uʼlub ʼanom ri ukolob ʼ rikej.
x a nimaj ri akʼal chiuwach ri uch uch.
kkunan ri achi.
kinw aʼik rech na kiny owaj taj.
ajxik ch ʼi ch ʼ ri lu ʼ s.
kwaj cheix kixb ʼanow ik.
aʼre x e toʼwa laq.
xoj ʼe kx eʼq il al arqas ok.
x in loqʼ junch ʼich ʼ, qaj inaq uwach.
ku tʼis ri p anta lon.
e janipa le awal kʼwale kʼolik?
utzu kemik le pas chawe.
rimax are aj qʼan iy aʼ.
matab ʼachi riq kʼaxpale b ʼe.
ta jin kanimaj, ri meʼs.
ix ix eʼ laqʼomab ʼ!
x sachan chwe.
e kʼo kʼi ch eʼ, chiuwach ri juyub ʼ.
are waʼ ri nimalaj p ixab ʼe are waʼ ri nab ʼe.
x re taʼmaj chi ru kʼ p akʼ kutij wi
jas utzakik le sub ʼ x u ʼ a no?
aj x oʼy ri wikan.
we t ane aʼ rex etijow le ri kil, are le komon x etijow ik.
sib ʼalaj aninaq kach ʼaw le areʼ chi nu wachin.
utz we kinchakuj .
meʼs laʼ.
kʼokan warech kaqatijo.
x in sikʼij la.
ri akʼal x sach kanoq je laʼ pataq ʼaj.
x e sikʼij la.
jawi xkib ʼij wi chikeʼe wi?
rumal che, man ix tariʼ ri kixch ʼawik , are ri rux lab ʼa xel ri i t at riʼ ri kch ʼaw nai w u kʼ ri ix.
kʼakʼ ri wachoch.
sib ʼalaj utz kinwil le atz ʼyaq rech nahuala.
saq por kkayri kip oʼtrinan.
x sachon ri nu chak ch we.
w aʼim x u chapo.
ri qʼaqʼ ta jin ka juluw ik.
na jil up am risiwan.
e kʼo ri qachalal pa chiuw iʼ la.
jas x a taq ch iʼj le akʼal ch utij ik?
noʼjim u kemik le pa saw umal.
kʼojun ku kub ʼiʼt in tin, waʼ le laj kukmam kaj e qitaj , kap aqika xulik pa uwiʼ uqʼab ʼ taq ch eʼ, sib ʼalaj sakʼaj , keʼuto lee nim aʼq , ch ʼutin, rach iʼl , aj sipan el sib ʼalaj utz ra nim aʼ.
ri up ixab ʼ le qʼatb ʼaltzij kiy aʼub ʼixik.
na x sachon ta ch ke x e a tinik.
x eq il le chikop p uw ileja.
x loʼ taj ri akʼal.
qono jel kuj waʼ pa uwiʼ ri mex a.
x sikir le waqan .
la x at waʼkʼut ?
nimub ʼaqʼ ri t ulul.
kin x ik ʼikʼik x in qʼaxik.
la katb ʼepale tinamit ?
ri p al sib ʼalaj saq ʼor .
kqʼoxow nu jal om.
x in naʼo chi kat p etik.
x loqʼulew iw ech ix.
x inchakun ru kʼ ri num am.
na x qab ʼantaj.
kkʼojiʼ b ʼaʼ riu sipan ik ri a jawx el jesus kristor u kʼ ri aw ux lab ʼal !
kinch ʼaw ru kʼ le nu nan pale ch ʼaw eb ʼal.
sib ʼalaj qʼequʼm rumal ri may ul.
are leba x u lik.
xeko s le ixoqib ʼ pale b ʼe.
kʼaxri lik le akʼal chawe.
x in qʼiʼox in a tinp aj oron.
sib ʼalaj nim le tinamit.
kʼax u kemik le pa saw umal.
x in sachik.
ta jin kel u kikʼel pa raqan ri tz ʼiʼ.
x in we taʼmaj ri lik wib ʼ
ri qʼuqʼ are jun j eʼ l chikop.
kʼopa jatijob ʼal ri wikaqʼ.
ri sachib ʼal mak rajwaxik chi qa x oʼl .
j eʼ , kimb ʼek.
j elal eʼri nup wiʼ.
x ub ʼij che:- jas x ab ʼan otint in ?
kab ʼanjun toqʼob ʼ kyak ri nu jal.
katʼek x inta.
jas leu kʼex b ʼem rib ʼ le jun ru kʼ le junchik ?
ajchi uwiʼm iqʼin jaʼ ri l uʼ.
ri tijon el naj kpe wi.
teʼ kixcho b ʼ ub ʼiʼ ri nut at.
ri j aʼkamiqʼik chiuwach ri qʼaqʼ.
ri tʼuʼy kpa qʼow ik.
kinme son na.
na qaj at kʼowi chiwech.
x in b ʼison ik taq na x a t pe t taj.
we x kam ri winaq , ri p waq rech toj b ʼal makaj ky aʼ chikech ri ra la xik.
ri nu nan x b ʼepa kʼayb ʼal.
xoj u kʼam uloq rech koj ri lo
x kʼoto chin chikiwach chikin waʼaw u kʼ.
na x kikamsaj taj x kikʼamb ʼichoja.
kʼakʼ ri ikʼ kamik.
xim b ʼe ru kʼ le ajkun iwir .
ri lik.
letz ʼiʼ xekosik.
x in kikota wumal.
ri i mul x u maj ria nim , x uy akanle ko k.
kʼooj cheri akʼal.
x u j b ʼe pajun kʼulan em.
utz we kwar alaq.
kaqilo china koj u kʼam taj.
x re taʼmaj chi ru kʼ pa kʼkutij wi.
sib ʼalaj x in kʼaʼn arik.
x in ko chi j ri nu wa.
man katko win taj katchakun ik , we man kʼota ri a jil ab ʼal.
wew on on x ub ʼij chike: - kix into.
ri ala nim kril wiri um am.
x kaʼy chiri j, x kaʼych uwach, ma kʼota chijun ksilob ʼik , x oqʼik x u x eʼ j rib ʼ x ch ʼopin ik x tzali j loq x u riq tachik ri ub ʼe.
kʼop us cheriwa.
pinem nakab ʼele watz, kimb ʼe wi in pakaʼy ib ʼal.
ri nan toʼn nim winaq chik , saq uwiʼ, rono jel aqʼab ʼ utz kunaʼo ka tʼuy iʼ pa utem , ku mi qʼisaj rib ʼ chori qʼij , kʼojun uwiʼum am ub ʼiʼa teʼk.
man e kʼit aj riqu laʼ.
qʼalaj china kawaj taj kab ʼij
x pa qab ʼisax ra jil rono jel ri kem.
kʼop ari jul ri kumatz.
rono jel qʼij kinch ʼaj le nuw are.
saq chi kan le ichaj rech katzako.
ch ux ele qachomal kaqatij wijun qam eqʼin.
cha wilaʼ.
e kʼo job ʼu miʼal, ri nut at.
jas ru kʼ xawil wi
j eʼjas ri winaq rech ri uwach ulew, x oquj eʼ kepe nariʼ ri eʼ areʼ chee rech ri uwach ulew; j eʼjas ri winaq rech ri kaj , x oq uj eʼ kepe nariʼ ri eʼ areʼ e rech rikaj.
x in tijo.
ktz ʼuj uw ri rachoch ri p oʼx.
x u qʼiʼo are le ukʼulel xy aʼow u wa.
ri a we l x re taʼmaj chi rajawa xik man kuxej ta rib ʼ cheri tu kur .
j ukʼulaj winaq x eʼa nimaj b ʼik.
j eʼ , x in tzali j ik.
xoj p etik x ol qakʼam aʼ.
maj jachin xʼek.
in aj tij; at tijox el.
saq u wiʼri tataʼ.
we ch ri kem.
le roʼ ch le at eʼ k kʼo chwach leu kʼay le nu nan .
kb ʼepa ri siriʼ a e p ari si lisiʼa, jawi j eʼ kuy a wiri kich uqʼab ʼ ri komon ty ox.
p ixab ʼ : man utz taj kʼaxkuj ch ʼaw chikij nikʼaj qa chil.
x kunataj le ali ( kumal ri ixoqib ʼ ).
rix ib ʼ ib ʼal chi kʼowi pataq ri qa kʼas lemal rono jel qʼij.
nakuj war ta waral.
on che kkʼojiʼ ri utz il chix oʼl , are ch junam ri qa kojon ik , junam ri iwe chix ru kʼri we chin.
pa ox qʼij ri s aʼn kb ʼe na ru kʼri ajkun .
kawinaq w uqub ʼ.
jas kawaj kintijo ?
we ta x atb ʼew u kʼ pale tinamit, x a loqʼ t al aʼ leu jastaq le akʼa jol.
keb ʼepa waʼ im.
x in loqʼ kʼiwa.
pajun nim kʼach eʼlaj , kʼojun kʼwaʼ sib ʼalaj saq loloj , nim uwach.
kwaj katij jub ʼaʼwa.
rono jel winaq kril nari ukolon em ri dyos » .
x kʼoto chin chikiwach chikin waʼaw u kʼ
kwaj na katʼetaj.
la x a loqʼ junalej ?
e kʼo ri e loqʼoman el .
ri ukab ʼ ub ʼiʼ ri num am are y a y.
kin j opi j ri ij aʼ rech triko.
x naʼtaj ch ke x e a tinik.
x at eʼ qilaʼ.
kakitij alan x a x ri winaq.
. . . kinb ʼij chi are waʼ sinx iʼ an.
na x in nab ʼej tachu tasikq akʼolib ʼal.
rumal rech chewe ri in, kinch ʼaw ru kʼri dyos pach ʼab ʼal, kch ʼawna kʼu riʼ ri w ux lab ʼal ru kʼri dyos , kʼate kʼut man kʼota up atanriʼ ch rech ri nu chomab ʼal.
x e p etik x kilo.
x u ta we katʼek.
utzu kemik le pas chawe.
ri nu wakax x utijjun qʼoqʼ rumal riʼ x kamik.
rumal ri kʼix, man ke waʼ taj ri winaq.
x eʼ u lik.
qʼeq ri j ri am aʼ chij.
x rajkaʼe leunan.
junam kijunab ʼ.
na qʼalaj taj wekaʼek.
ri wix nam ch ʼajch ʼoj ri rachoch.
waral man kʼotaj a jawal.
na iwir ta x ril le kʼamolb ʼe.
x in pe loq te kʼu riʼ x in tzu kuj rono jel ri nura jil.
ri ajtikon el kutik ri tzij.
kʼo e kikʼaj ol le achi jab ʼ.
ku tij qʼayes ri ix paʼch.
p ari waʼ b ʼal e kʼo kawinaq achi jab ʼ.
si poj inaq ri nu p am.
kay aʼtajik ru kʼutiʼ on em jun ri u riqom le y ab ʼila molot setsé x u quj eʼ arekay aʼtaj pataqri juyub ʼ.
jachin ri achi?
ri numam x kamik are taq kʼojumuch ʼ lajuj ujunab ʼ.
kinko win ik kinkʼamb ʼil e p waq.
kin wilo chi utz ri aj iʼ.
x in qʼil ria p oʼ x cheman kachakun taj.
kwaʼ chiuwach le taqʼaj ri am aʼ akʼ.
ri i mul x e poqʼ ik pajun ikʼ.
x kʼis kanoq ri qachak.
are ri alixoj ilow kanoq.
sib ʼalaj ch ʼu ʼ j ria max.
kʼon uwach iʼ.
in cha jin el kech le akʼalab ʼ.
xekosl etz ʼiʼ.
kinb ʼe na ku kʼri molaj.
rono jel aqʼab ʼ kinyitz ʼ ri wakax.
kar apin ik x u tzu kuj chi junawaj.
le u kemik le pa san inaq ( a wumal ).
majura jil le qʼab ʼ arel.
kʼaxriʼ ri kach ʼaw ik.
xoj u taq ch iʼj le achi chu loqʼik ichaj.
sib ʼalaj kʼaxrix kʼulma xik.
x kilo china kin kʼoxomaj taj.
x naʼtaj ch kech ixe a tinik.
x kʼoto chin chikiwach chixo jalw oʼ qa ku kʼ.
jun qʼuʼ qra jil ri kax laʼn wa.
x in wilo chix eʼe lik.
e kʼo ixoqib ʼ pale kʼayb ʼal.
man kʼotaj u kʼisik ri mayab ʼaj lab ʼalil.
ri sink kʼiy pataq ʼaj.
ri ch ʼi ma man kkʼiy taj pataq ʼaj.
rajawa xik kjikik ri waqän .
kawaj kinʼek.
e kʼo oxib ʼakʼ.
x ub ʼij ch we jawi at kʼowi.
ch weʼq kuj b ʼeʼpa mu quj .
pa saq kʼaj aʼ kb ʼan wiri uq.
xoj kisikʼij .
x in wil wib ʼ.
ch aqʼ chikriwa.
kimb ʼe naka palew oʼ ch.
kawaj kinʼek.
ri ch ʼuʼ ktij ru kʼ le j.
p ari kiqʼij kaminaq ib ʼ kb ʼan qʼori kʼy aʼ rech aj : nab ʼe ri nan kutzu kuj kan ri aj , ku jach ʼoʼx u quj e ku kʼ eto.
jas kaj b ʼal cha nim ?
utzuchoman ik ri ali.
p ari qʼij oxlajuj tijax kinkʼis keb ʼjunab ʼ kin chakun waral.
sib ʼalaj ko , ri kʼakʼ ch ʼat.
jas karaj kub ʼij … ?
ri ch ʼi ch ʼ kasil ab ʼik.
pa ojer qʼalp ul x aq x u wiri nim winaq ke kʼamowb ʼe.
leu kunaxik le ukab ʼu kʼutun ik are ru kʼ e flor nitina on utun ib ʼaxik le nif urtimo x ch iʼ le flor niti nachech t. b. g.
are ri achi x in ch ʼayow ik.
junachi ub ʼiku ʼ x u sipaj keb ʼ kʼaʼm ulew rech kab ʼanri tijob ʼal, kamik , kʼo chikaj tij rech ri komon x echpup.
x u mal ty oxij cheri aj tij rono jel le x u kʼut chi uwach.
p ari b ʼex kiraq junala jimul saq ri j, x kikʼamb ʼik.
x ril le b ʼal e ala.
jas kub ʼij ch we ?
le ukunataj em are ru kʼutzu kuxik le uchik opil pajun u solik ux eʼ le kikʼon le jaʼ rech jun nodo.
utz we nu tz ʼiʼ.
j eʼ, taj in kachapon ik.
ki nu loqʼoj le nut at.
kawaj kimb ʼepa tinamit.
are laʼ kinchakuj .
ri nim aʼq taq winaq kʼo ke taʼmab ʼal.
we ta x atb ʼew u kʼ pale tinamit, x a loqʼ ta waʼ we jastaq.
ri kikʼas lemal. wa ixim ulewx a junchima are ta tinimitri ma
riu kʼy ab ʼal na jupam.
x atqaj chiup am ri il.
nojim katwaʼik.
we kʼojun ktu qaʼ rik, ¿ la man x oq uj eʼ taj kintu qaʼ r ri in ?
ojoj w okol ja.
awas kb ʼan kʼaxche jun nim winaq.
x in ch ʼaw apan ru kʼ le wa nab ʼ.
kʼaxri up am ri ju ʼ l.
ta jin ke waʼ ri i mul.
la kaj lak uj tzali j la aninaq ?
rumal rech cheri makaj man kʼota uko win em p iwiʼ ri ix: ri ix manix kʼot achi ch ux eʼ ri p ixab ʼ, x a ne ixkʼo ch ux eʼri sipan ik.
nim raqan le ch eʼ.
x inchap o.
are letu ʼ r le loqʼoman el.
x a s katkʼojiʼ chiup am ri ch ʼi ch ʼ.
sib ʼalaj nim raqan ri kʼamalb ʼe.
letz ʼib ʼab ʼal we chin.
in x in toʼw la.
x aj e kʼu riʼ ri ix kamik riʼ manix kax lan winaq tachik ; ri ix, ix rech ri ki tinimit rie ty oxlaj taq winaq , ix rech ri rachoch ri dyos.
x in ti koxlaj kʼalichaj .
kaqariq qib ʼ ch weʼq.
sib ʼalaj utz cheri w iʼ aj ri tuney.
we naj up u lik ta x eqaj ik...
x in toʼtaj cheri nu chak.
kʼojun chikop ub ʼiʼp um.
poqon ri ik.
xoj b ʼin ik.
x uch ʼek rono jel le re taman ik x pa qiʼk kʼax kwʼinik x ub ʼan ajkun .
kel ub ʼik p ari jud eʼae ktzali j chi ub ʼi jumul p ari gali leʼa.
x ina x ib ʼij pa b ʼe.
j eʼ l kʼolem chi a wachoch.
rono jel riy aʼtalil pa we qʼataj , tz ʼaqat kiwach, man ktzaq ta kanoq x u quj eʼ mank tastaj.
x u kunaj le yawab ʼ le aj qʼij.
chi tatab ʼej jas le kimb ʼij.
ch ʼan al ri achi.
pa b ʼo koʼka chakun wiri ta x.
uj kʼopa uw uq qʼij.
kiʼ ri ukab ʼ ri a qaj.
kʼo rachalal pa tz ʼoloj ch eʼ ri p eʼ l.
x kilo chikin kʼoxomaj.
ri u kisa kʼu tz ky aʼik chiux eʼ ri tikoʼn.
are taq ch iʼ kaqʼan pu wiʼri jukub ʼ, ri achi chex kʼojiʼ ri itz el ux lab ʼal ru kʼ , kuta ch rech ri areʼ, are ch kkʼojiʼ ru kʼ ri areʼ.
nakab ʼantaj ta wumal.
x naʼtaj ch ke x e a tinik.
x inp aj ri nu triko.
x eʼok ri p okʼ pa riumex a ri p oʼx.
ka juluw ri a qʼaʼl chiux eʼ ri tʼuʼy.
awe ch le ja.
x uj b ʼepa tzu rik.
nab ʼex at opan ik.
ri ukab ʼ ub ʼiʼ ri num am are y a y.
uw aj x aq u kakʼal taqanik (28).
ma ta kʼojun kakanaj kanoq, qono jel koj b ʼek.
e nim aʼq le al tomab ʼ.
nim uwach ri p oʼt.
kojon ik p ari utzij wa ixim ulew.
jas x u kʼamb ʼil etz ʼiʼ x a wilo ?
x inp etik, t at.
rib ʼelaj uwach.
chi t at ab ʼej jas ri kimb ʼij.
j eʼ l kunaʼ riab ʼixchi up am riq uqulew.
kinb ʼisoj uwach lewal.
x u tʼuy ub ʼaʼ.
nim ria we qe leʼn x a riqo.
x in eʼ waʼ oq.
ch iʼke war wile akʼalab ʼ.
ri nu miʼal x u taq loq jun taq oʼm w uj chiwe.
qʼeʼl ik, ri chajp ari b ʼe.
la utz awach ? - utz mal ty ox, e kʼu ri at ? – utz mal ty ox.
x in kos rumal nu chak.
kb ʼe ku kʼrieʼ areʼ e ktzali j p ari nas are te keʼu nimaj.
ri joj x u kʼamb ʼik ri akʼ.
kʼo chi wach iʼl cha nim .
kub ʼij chech naʼl kab ʼan cheri atz ʼib ʼ.
e. . . in kawaj katz joj b ʼil ach we.
matax in y aj le ali.
jachin ru kʼ katb ʼe wi?
kʼo sib ʼalaj e taʼmab ʼal p ari mayab ʼ noʼjib ʼal.
e man x ori jupuq ke j.
kasu mum ri kaqiqʼ.
e kʼokaj ib ʼ akʼalab ʼ pale b ʼe.
j eʼjas ri u t at kkaʼy ik.
x aqa t molon el tzij t al.
le nu t at ka loqʼon chwe.
x aq t ane kimb ʼe iw u kʼ.
x re taʼmaj uch ʼaj ik.
rumal laʼ x koj“ xal qʼat” che ub ʼiʼ ri komon.
are leu kemik pa s x re taʼmaj.
ri wa tiʼt kub ʼan nari up atan.
kʼakʼ le p oʼt.
re taʼm uwach jachin x loqʼow ri pas.
kench ʼab ʼej le akʼalab ʼ.
y aʼtal cha qe qono jel ri uj winaq utz kaqil qib ʼ.
x kotiʼ pa qʼayesx oqʼik .
kawinaq b ʼeleje b ʼ qʼataj.
e kʼokaj ib ʼ ral rii mul, jun saq , jun qʼan, jun qʼeq , jun qʼeqoj , sib ʼalaj ketz ʼan ik , kech ʼopin ik ri alaj taqim ul.
kcholol ri a ch achal.
ketekik ri ikʼ.
x e p etik rech ke waʼ iw u kʼ.
tz atz ri uqʼanil ri akʼ.
xoj tzali j ik x ix eʼ qaqʼatuj ku kʼ le itatinan.
riy oʼx taq akʼalab ʼ ke kikʼuxri atz ʼyaq.
we a chiwex u sipaj jun p oʼt ch we x kamik.
kko win ri kunan el che kunan ik.
x j iqʼ p ari polow.
x a rumal sib ʼalaj rajawa xik le loqʼalaj jaʼ, le winaq xkib ʼij : chewe ikʼ riʼ qono jel kuj b ʼe che utikik taq ch eʼ.
ri una nerie rachalal kepe uloq ru kʼri areʼ, kʼate kʼu riʼ, man keko win taj keqib ʼu koq ru kʼ , rumal rech chee kʼo sib ʼalaj winaq.
rumal rech , che man kʼota jun kko win cheu kojikjun tikib ʼalil chik ch uwach ri kojom chik che are ri jesus kristo.
te kʼu riʼ x utz ʼib ʼaj rib ʼ p ari nimalaj tijob ʼal rech aj ku ʼ n .
ka juluw ri ch ʼumil ch aqʼab ʼ.
kʼisb ʼal kanoq, x oquj eʼ kkamri ixoq.
le alax okik.
kʼop waq pa uwiʼ rimexa.
are kawaj na kinʼetaj.
ri yawal kukoj ri alichi ux eʼ richakach are u su ʼ t.
na kaqakʼam tuʼb ʼi kamik.
ri aj tij kub ʼij chike: rajawa xik ke qachajij ria waj, are utikoʼn ri a jaw.
x in tij mu kun iwir .
kʼax le uwiʼ taq le nu qʼab ʼ.
x in loqʼjun ilb ʼalwib ʼ.
waʼ we qʼij , nimub ʼantaj ik.
ri ux eʼal ri qatinamit man kasach taj.
xoj b ʼin ik.
ri achalal junam kiwach.
x in we taʼmaj ri lik wib ʼ.
nim riu naʼoj waj tij.
miqʼin ri kʼul.
aj qʼojom ria teʼk.
chele san ik ch eʼ kb ʼan wiri qʼojom.
kape le aw el pa nawal jaʼ.
ri meson el ta jin kchakun ik.
utz cha qe kaqatoʼq ib ʼ, taq kʼo kʼaxkʼolil , kate we ch iʼn ri a jaw pa qawiʼ.
x a wilo, x qʼatan le ib ʼ oy.
x at ko win ik x ab ʼano.
kiʼ ri kʼawex.
kaj ilil ri b ʼe.
le alix elb ʼ ik.
areʼ x rajx in b ʼano.
nim we ab ʼaj.
j eʼ lik u tiʼ jol al ri saq koʼ r.
noj inaq ri ke j.
we katijan x u x man katu toʼt achi uqʼatixik le kʼakʼ y ab ʼil corona virus (2019 - ncov ).
na nim ta raqan waʼ we ch eʼ.
utz alaj ajchak , ri w el.
¿ jamp aʼ kuj b ʼepa nima qʼij ?
rajawa xik t ane laʼ katchakun w u kʼ.
x u taq ch iʼj pa waram p ulew.
man are ta ria x wanxelik.
ria wix x u loqʼ rachoch re nimal.
are ri ixoq x in sikʼin uloq.
ri ch ʼi ma kʼatʼo nna.
laxib ʼan lei chak ?
kʼi tinamite kʼopa ch ʼoʼj.
kʼo jupuq chi j chiux eʼ ri ch eʼ.
ri ux aq riab ʼix are uwarikej.
kawinaq qʼataj.
la kix pe pa tijob ʼal ?
we kechajix taq le kʼwaj a cha kinb ʼij ; junalik kʼo jaʼ x u quj eʼ sib ʼalaj saq loloj.
x re taʼmaj .
ri alab ʼom ri al itomab ʼ ta jin kikitijoj kib ʼ rech su taq , are kakaj kikib ʼan nima qachi jab ʼ chup am ri kikʼas lemal, x u quj e kʼo chik jupuq b ʼixon el chup am ri komon.
latz ʼ uwach ri b ʼe.
kʼakʼ ria ch ʼi ch ʼ.
qono jel uj,uj may ab ʼ taq winaq.
no jel qʼij ria tiʼ x kuy u qʼuj le taqaw aj jel aʼpa nikʼaj jaʼ, chiri j ri juyub ʼ ub ʼiʼ te naʼ .
pa qʼom chik risiʼ.
kintzu kun chela.
kakitij le kinaqʼ, le ichaj , le uwaʼ lik ru kʼ le j.
xekanaj kan le ajchakib ʼ.
ketikon ri achi jab ʼ.
sib ʼalaj itz el ub ʼantaj ik ri ch ʼi la kan.
ri a teʼk x u mal ty oxij cheri ra tiʼt, rumal ri utz alaj noʼjib ʼal x u kʼut chech.
kkamulix u chak ri a b ʼix.
la x in utzu kuj le tijox el ?
areʼ kachakun rono jel qʼij.
le e kʼaʼnataq tz ʼiʼ.
saqri j ri p lam ux.
jas x a qʼiʼox a tijo.
jas ru kʼ x kichapwi utijik le ri kil ?
we kata tin ru kʼ kʼatan jaʼ man kuqʼatej ta le kʼakʼ y ab ʼil corona virus.
la katb ʼin pale ux lan b ʼal ?
la waral kʼux ixwaʼ wi?
are le nu t at kin loqʼon ik.
ta jin kchakun ri ala.
kʼo ri kiʼkotemal aw u kʼ.
x u ta jachin kaʼek.
x at waʼik x in wilo.
x tzaq ri rachoch rumal ri jab ʼ.
pale jun ikʼ chik are nima qʼij.
e keb ʼäm keb ʼin pa uwiʼ ri tem.
mem ri achi.
ri wikan cha liʼ y kel pa juyub ʼ ch wi tzi rib ʼal.
le ra jil, la pa ja xel a qʼaxw u ʼb ʼik?
p ari su ʼ t p isom wirilej.
koj p etik ko l qakʼam aʼ.
ta jin katch ʼopin chiuwach ri ta qʼaj.
le qʼorx ch ʼuqik.
kʼaxwaʼi maw umal.
kinb ʼison che lewal.
sib ʼalaj kʼo kʼri a watz ʼyaq.
kamik x u j b ʼe che utikik taq ch eʼ p ari juyub ʼ.
ki nu loqʼoj le nut at.
ch aqiʼj chik ri chaj.
xy il ix hawayi.
na x naʼtaj ta ch kech ixe a tinik.
ru kʼ kʼu waʼ weriʼ, ri ix kkʼojiʼjun utz alaj ikʼas lemal riʼ ch kiwach ri winaq che mane kʼota iw u kʼ , kʼate kʼu riʼ man kʼota jun winaq riʼ rajawa xik chiwech.
e p etinaq pab ʼele rachalax ik.
kakaj le akʼalab ʼ ke waʼik.
x u jch ʼayb ʼik.
ri nu chak are qʼaxel tzij.
kʼonar ux lab ʼ ri a waj.
ta jin kel loq, ri qʼij.
x u qʼiʼox kamsaxri rachalal choch.
ri num am are kʼo uqʼinomal .
x kʼul mataj jumul , x ub ʼanjun nimalaj jab ʼ, man xb ʼeyetaj tanax u kʼis le uy uqʼ chike.
am aʼri nu tz ʼiʼ.
j e waʼkatp etik.
x in kosik rumal x inchakun ik
iwe ch chi j ujunal, ri wa.
x u qʼiʼo na x at at intaj.
in riq taj inaq p ari kʼayib ʼal.
nawe taʼm taj.
kʼax le nu qʼab ʼ.
utz lex ub ʼij le achi.
kematz ʼib ʼ.
kʼo rachalal pa tz ʼoloj ch eʼ ri p eʼ l.
rono jel waʼ we jastaq riʼ, xas ksach wi uwach waʼ ; ru kʼ weriʼ, ri ix, rajawa xik che kʼojun ty oxlaji kʼas lemal e kkʼojiʼ ri ich ʼaw em ru kʼri dyos,
x muq taj ri pa tz ʼan .
ri ch ʼi ch ʼ tzijom kanoq p ari u kʼolb ʼal.
man kʼota ucholaj pataq ri a w uj.
jachik e ikʼ le unima qʼij le tinamit nawal jaʼ ?
x e p etik x ol kikʼam aʼ.
kach uqʼ ch utrij aʼ chi a p am.
x in b ʼij iwir chi xeb ʼepa armita.
areʼ ux eʼ ojer tzij waral kʼi ch eʼ ub ʼiʼ.
x kʼis ri nu siʼ.
jawi xkib ʼij wi chikeʼe wi?
¡ xaj e kʼu riʼ, jachin taq rie kʼop ari jud eʼa, chi cha nim ch eʼ a nim aj ub ʼi pataqri juyub ʼ,
kʼakʼ riab ʼ.
la kʼojun naka kʼoxomaj taj ?
nautz ta leut ʼisom le almariy.
man y aʼtaltaj chi a we katok pa ja.
j eʼ, x at utzu kuj.
are kel waj x aqib ʼ uqʼij rix kʼojik.
rix u n kur kkʼojiʼ pataq ri triko.
x in sachik.
x u tʼuy ub ʼaʼ
nan utom ta le tzij …
wach ʼom ri kiwari noʼs.
e kʼo job ʼ ch ʼilwakʼ.
rajawixik chi pataq ri tijob ʼal, pa nikʼaj ub ʼixik chik
ri rajawr ulew areʼ t at kel.
we kʼux okik , we kʼ na xok ta
we achi x u sipaj jun pʼo t ch we.
at at utaq oʼn le qʼataltzij .
naq ʼanta uwach le qap rut.
rix aʼ r kʼo pa uwiʼ ri qʼaqʼ kpoqʼ owik.
ri ro qʼej ri ali jachakp ejun akʼal.
kʼo junala pa tijob ʼal.
säq u wiʼri ta taʼ.
ri witz ikʼ ta jin kpe loq.
jawix sach on wikan uy aʼik le p waq che.
utz we achiwex in kunan ik.
qono jel kuj waʼ pa uwiʼ ri mex a.
ri kax laʼnik man poqon taj.
in x in b ʼe ru kʼri wach iʼl .
sib ʼalaj j eʼ l x kilo x e kitzoqopi j ri kich ij chilaʼ.
kinb ʼin ik x inʼek.
kʼax kʼolik, kach aʼ.
kutij ixim ri akʼ.
ri alix chel, x u qʼiʼox a jun akʼ x sipax che.
x qa sikʼij le ixoq ch utzakik sub ʼ.
matax ab ʼin saj le ch ʼich ʼ.
ri p ix tz ʼar alik rumal rie qaʼn .
¿ jamp aʼ kel chi 3%
kʼojun nu kʼotoj ch iʼaj.
ta jin ke waʼkat ri alab ʼom.
x in loqʼ le nu kʼakʼ apoʼt.
nautz akikta sub ʼ ta jin ku ʼ a no
x oju taq ch iʼi j x oj waʼik.
iwe ch ri a b ʼix.
saq ri j ri chij.
aj sik cheri tinamit kel wiri t at aʼ.
- ¡ ay ! x a x in tzaqu loq, kʼax we waqan.
x kʼul mataj pajun komon ch iʼ uwach jun juyub ʼ, x u riqa jun qʼij x kiriq kib ʼ junimul ru kʼ le ko k.
jas x a taq ch iʼj le akʼal ch utij ik?
x inchap osux u loqʼo.
qʼinom ri achi.
ri kʼum ktijow ru kʼ kab ʼ.
ta jin kejach ʼan ik.
tz eb ʼal u kemik le pasa wumal.
arekay oʼw leu chi kopille ub ʼantaj ik trypanos oma bruce i.
we kat niman ik utz kelik.
pero noʼjimal petnaq loq,.
are len uchak juntzuqb ʼal wib ʼ.
x kunax le yawab ʼ rumal le aj qʼij.
ri ukʼuʼx tz ʼib ʼ pa qatzij e lajuj.
sib ʼalaj j eʼ lik rie qab ʼal x ub ʼanri lu ʼ s.
sib ʼalaj at kon.
e man x ori jupuq ke j.
na x naʼtaj ta ch ke x e a tinik.
ri kʼamalb ʼex ub ʼij chike, chi maj a ri a nim .
jumuch ʼ ri nujunab ʼ.
qʼiptaj inaq ri raqan ri tem.
kchakun ru kʼri josb ʼal ch eʼ ri a jan el .
x a taq ch iʼj le akʼal ch utijik kar.
oj kʼo pale roʼ ch le awel.
¿ la kat pequ kʼ ch weʼq ?
le winaq pale ch ʼi ch ʼe tʼuy ul lo wi.
x kanaj kanoq chiux eʼ ri jab ʼ ri ch ʼaʼn.
nim ri ja.
we ta x a kunaj le at at matax kam laʼ.
nan u kʼamom tu ʼ la riʼ.
ch qa nu kʼuʼri qatzij.
kimb ʼepale tinamit.
x in qʼiʼona x in atintaj.
rajawa xik kakʼaman cha we le utijik le le j.
kʼisb ʼal taq noʼjib ʼal.
