xi ne ʼ waʼoq.
xkib ʼan kʼa x che le uw o saq rumal man utz tachik akay ik.
ri qʼutu ʼm man kech talea kʼalab ʼ.
are nanim talea tz ʼiʼ ch uwach len utz ʼiʼ.
xe pet ik xol kilaʼ.
¿jaw chiʼ xa taʼ chex kam ri u mam ri po ʼ x ?
e keb ʼ ke kʼam b ʼik patuj.
x in loq ʼ jun japa ri w oka j ja.
ria xtu ʼ b ʼ, kʼo qulaj chech.
jas ka raj kaʼan chu tzak ik leti ʼij.
xu tij lewa.
ximb ʼal retzi j.
x pa x ri b ʼo ʼ j.
we kawa j kat in toʼo x aqx uwi kab ʼij chiwe.
jas nu kʼu ku chʼob ʼ o.
jas ka ra j ku tijo?
xe x ru x lab ʼ ri rikil.
e nitz ʼ aʼ qletaqi mul.
we tane in x in b ʼanow ik, are le ate ʼ k xb ʼanow ik.
kin tzali j palen u tinamit.
rinuch aqʼ kʼo pa uro ʼ qʼatoj tijo nik pa ri tijob ʼal.
x in xiʼ j wib ʼ x in chʼ awik.
kʼo chwaro ʼ ch lepare.
chi raqan kab ʼin wiri ta taʼ.
x sa chonk anu yaʼik lep waq chechoja.
x in qʼax chiki xo ʼ l ri winaq.
keti konik.
ri u lew man qech taj, kech ri qatiʼ tqam am.
xe pele winaq xol ki kʼam aʼ.
xu loq ʼ ri w uj rumal riali.
che we qʼij kamik kʼo jun nutzi jo nem chirij le nu tinamit.
kej riʼ.
x kuna nalaq chwe.
kin usi kʼi j le nunan.
ri imul xu chʼi j taj , x kanaj pa b ʼe , rumal ri nimal kuja luj ri imul, xu tzaq ria nim.
kub ʼan riu xo qʼo ʼ l ria j tz ʼaq.
ri la sib ʼalaj utz che kunab ʼal.
kʼiki wach rie ʼa j chakib ʼ pa ri komon tyo x, kʼate kʼut xa jun chiaj aw xel;
x qat achixatu lik.
kawaj chik atʼek.
chʼu tiʼ n kekanaj ri xaj ab ʼ chech.
kaqa xiʼ j qib ʼ kaqa chapo.
e kʼo keb ʼ u kʼa jol letat x wan.
lu ʼ sub ʼiʼ ri re cham.
aj chi u wiʼ mi qʼin jaʼ ri lu ʼ.
x inyak an len u chimpa kʼa yb ʼal.
kʼate x ri lo , x p eri u nanche utzu ku xik, xki kotik, xu salab ʼi saj ri taq u xkin.
xki kʼut chi uwach ri aj tij xu qujeʼ chiki wach ri taqni kʼaj kachil.
utz len u qʼab ʼ.
ku l le alwe ʼ l pa austin chaqʼab ʼ kamik.
ria te ʼ k x tzaq loq are chi kʼo pa u wiʼ ri qʼaʼ m.
aj patan ri teʼk.
x at qaj chiu pam ri il.
la kʼo tzi j naki kʼo xo maj taj ?
x sa chon ch ke chi xeat inik.
rono jel leu lewe chalaq.
la xeb ʼe kʼula xe ʼ kij aqa kʼu leu chiʼ ja?
x aqkat chʼok na jiwi r.
kamik kʼo chiri jas taqawe.
are chiʼ ka kʼi s ri junab ʼ kʼo qʼi nom.
pana waljaʼ x inale xik.
na x in tataj we are ria kʼal ki x tzu quwik.
¡ ru lew ri sab ʼ u lone ru lew ri nef tali, ub ʼ eri polow , ru lew ri jordan, galile ʼa kech ri je taqam aqʼ !
ra x, ra x, ra x , kʼo kʼ, kʼo kʼ, kʼo kʼ le ru x lab ʼ le taqtiko ʼ n.
a chi xat wi lo.
p aqal raj il lepi xkamik.
xoj b ʼi nik.
pa jun je ʼ l tijob ʼal ku tijoj ri b ʼ jun akʼal , ub ʼiʼ po ʼ x, utz kuri lo kepa tijob ʼal rono jel taq qʼij.
xwa j chi x atʼe taj.
utz laʼ le x ub ʼij lea chi.
we taʼ am jachin kapetik.
kin qʼo jom anik.
x in qʼi ʼot akʼal ik xin pet ik.
are ʼ re taʼm cheki nop anik.
are tab ʼaleq aqa jaw chat to ʼ wik.
ka winaq waqib ʼ qʼataj.
naq aj chik cheri uwaq kaj b ʼal are taq chiʼ ksa ch uwach ri qʼij, kok ri qʼe quʼ m ch uwach u lew, chi kʼate ʼ nari b ʼe le jeb ʼ kaj b ʼal .
job ʼ raqan ri tz ʼalam xeporo xik.
sib ʼalaj ko ri j ri mop.
are waʼ.
jel aʼ pa ri ti minit chwi kab yok rech xe laj u ʼ, le qananqa tat kaki tikoje ʼ la laj taq uwachi chaj.
kʼa xnu qul.
xu ʼ lu kʼam aʼ.
koj ul ki tzu ku j.
are man kʼa x ta u kuna xik are taqani naq kaʼil i taj weyab ʼilal xu qujeʼ mojo ʼ qa ku yaʼ le kʼa x kʼol il chech lejo lom aj.
ri wel kʼo patijo nik.
kawaj ki nb ʼi j.
ri ko tz ʼiʼ j kqa koj chiu pa mrija.
qʼeq qʼoj ri j ri am aʼ ke j.
na xwa j taj x in chʼawik.
ch pe tab ʼale lo qʼalaj jab ʼ.
x sa chon ch kexat kisi kʼi j.
e le qʼal chʼi chʼ.
jachin xawi lo chi are x tijow ri tiʼ j?
mata kab ʼe len u xb ʼal pale tinamit.
p im ruq, riali.
¿ kʼo rim uqʼe chia we ch ?
kqab ʼij man keko win taj.
ki nti j na.
kʼo jun qatʼu ʼ y paja!
kʼo p uj chi u pam ri chʼaʼk.
are taq ki n kosik ki n warik.
xat waʼ ik xin wi lo
inx in chʼa yow leachi.
kono jel ria la xik keʼ etz ʼanik.
jas ru kʼ x ki tij wile kiri kil ?
aninaq il kat pe tik.
naraxta uwach le juy ub ʼ.
ri tz ʼalam tz ʼib ʼab ʼal ra xkkayik.
wech at chakunik, kʼo awa.
m aʼ tam xat pe cheri waʼim.
kamul kin waʼ na.
ri sik ilk tijow ru kʼik.
kimb ʼe aqʼan ru kʼ leal talin.
xoj ʼe k xe ʼ qilalarqas ok.
xeki qʼil le aj chakib ʼ xki w ok leja.
mat anex waj le kʼu hj nem ru kʼ lea teʼk.
are xe ʼo pan chiu chiʼ ri j uy ub ʼ, xki lo chiman qas ta kʼo qʼayes.
kʼate kʼut , ri jesus man k ko jon tach kech rie ʼ are ʼ , rumal rech che kono jel re taʼm ki wach,
pa ʼ tz ri j ri tz ʼiʼ.
ju winaq waq ib ʼ qʼataj.
atela qʼom.
xa qat joʼs.
ri qʼatzu, are qʼalaj riu qʼij il.
aj chak we ala.
ub ʼe lej uka kʼal taqanik (29).
keb ʼ nub ʼiʼ kʼo lik.
l aka tzali j lu ʼ laani naq?
katzu kun la chwe.
la kaj la koj b ʼe ʼ pale chomal chwe ʼ q?
x in nab ʼe j chuta sik qa kʼo lib ʼal.
la lxin to ʼ wik.
sib ʼalaj ano ʼ jib ʼal.
x oj pet ik xol qa kʼam aʼ.
sib ʼalaj je ʼ lik ri u waʼ l rii chaj.
kʼa xwi j rumal in pa chalik.
are taq xu kʼul maj waʼ xu l ri u chomanik xub ʼij : are utz waa qʼab ʼ ki nwali j ik, are chaʼ cha nim kino pan pa tijob ʼal , maj chik in kʼul maj.
oja j xo jo lob ʼ pa awas qʼij.
x insa ch che leu w okikle tzi j.
e jul aj uj riakʼ.
xu taj am pa ʼ koj ʼek.
qil ik.
ri tijo xel man are ta nim ch uwach ri raj tij. ri utz tijo xel qas je riʼ kʼo lik jas ri raj tij.
in xatin chʼayo.
no ʼ jim chak w umal.
chʼu rrijo chʼ.
ink inb ʼij na katsach taj.
uj ma yab ʼ.
ria b ʼaj yatzalik.
taj in kepi xb ʼax ria kʼalab ʼ.
chom ri aq.
xi n wa rik.
elemen kono jel ria kʼalab ʼ.
taj ink qʼanarik ri we re ʼ aj.
le u kem ik le pa s utz (chawe).
xuy u p ub ʼa uwach raʼ chi, ka chaʼ,.
ri satanas kok pa ri juda srik b ʼi x iska riʼ o tech rech , ri are ʼ jun chki xo ʼ l rie kab ʼ laj u j.
chu churipar.
kinqum uj ri nu jo chʼ.
chech punción l umbar am aqʼ el ra jawa xik chech ri lik leu kʼ e xb ʼem wi le nab ʼe ru kʼ le ukab ʼ u kʼutu nem ley ab ʼil al.
qʼalaj chinakawaj taj kab ʼi j.
kʼo qʼol chirij risiʼ.
jawi xo jʼe wi chu loq ʼik?
kʼo u lo chʼ ri talin.
qʼan ri j ria tiʼ tnu ke j.
la x tzali j lai wir?
xe si kʼi xik , kʼate kʼu riʼ xeya j ik, xu qujeʼ xe taq b ʼi cheusi kʼik lemes.
la ki x warik?
are kʼu lepa loma x x ub ʼij che :- mam katb ʼi son taj, kin si kʼi j ni kʼaj wa chiʼ l kera pa p ik.
aʼ re e tijo xe lab ʼ.
ri alaj al i siʼ l x ub ʼij x qachap pa utzal ri tyox.
x sa chon ch ke jachin xe atinik.
jas x uray ij le anan xu tijo?
xi n ko sik.
ra x rono jel ri qʼay es rumal lej ab ʼ.
kin ya waʼ we chʼi chʼpi nem nautz.
no ʼ jimu pa chʼu xik len uwiʼ.
naj kʼo wilew o ʼ chch uwach le tijob ʼal.
rio kib ʼal kʼo chi uwach ri saqja.
xe nutaq chʼi j ke kil lea kʼalab ʼ.
kʼo jun qʼoxo we m chiwe.
tza ri choʼ m.
we choj b ʼe pale nim aqʼij, ke qil le aj xo jo lob ʼ.
xoj ʼe k xe ʼ qilalarqas ok.
ria te ʼ k xu taʼ chech ri nanto ʼ n:- nan jas cheʼ chiman kaj talaqa kʼati saj ri jo ʼ q.
ri pa lsib ʼalaj xu ʼ y.
kin koj ri j ok b ʼal u lew.
ink inb ʼij na katsach taj
atra j kun le nunan.
kuqam uj uj oron ria j tzi j.
lu ʼ tz ʼalam ub ʼiʼ ria chik el pa nim cheʼ.
je ʼ lik u tiʼ jol al ri saq ko ʼ r.
kʼo jun xaʼ rpaja.
x in loq ʼ jun kʼa kʼ patan.
kʼa xu kem ik le pa saw umal.
aninaq u kem ik le pa sa w umal
ri chʼaʼ nsa chi naq pataq ab ʼix.
ra x taq leko tz ʼiʼ j.
mesom kanoq riu p amja.
man are ta rala xko sik.
ri komon xe chpu p rech u qʼab ʼ tinamit xo ʼ lab ʼaj rech qʼumar ka j.
la utzak ik kʼu sub ʼtaj in kuʼa no?
katel a!
na xu tij taj.
xa rumal ketaʼ m kono jel ri winaqk kiqum uj lej aʼ.
i wir x uj tzali j la pa kʼay b ʼal.
qe taʼm cheri qaw aku ju toʼo.
ria j tij, kya jon chik ech ria kʼalab ʼ.
jas ub ʼanom len u chʼuti tat?
chwe ʼ q kinb ʼepa nim tinamit.
utz we ki we taʼ maj jas kub ʼij ri chol b ʼal qʼij.
taj in kat jil ow cheu qʼo xom jo lom aj.
x intik qʼax chi uwach rija.
kʼa x le kib ʼ ele winaq.
loq ʼ kat kuntaj che ley ab ʼil ( covid - 19 ).
ri nu xib ʼal kel pa qaj b ʼal qʼij.
x ri l ria x wan chix waʼ ri ala.
leal ix kunataj ik.
wetaka pele jab ʼ kamik.
x in we taʼ maj chi naxat pe taj.
ri p waq rech we qʼataj riʼ kesa x chech ri toj b ʼal kʼay i nem.
kti j ri u waʼ lik rumal ri ki nim aqʼij.
xu chapu kuna xik.
chatan loq ali.
x in xu liʼ qajoq.
je ʼ lik k tijow ri taqik ox.
kʼate kʼu ri letat xo ʼ r xub ʼij, man kawa j taj , man kawa j taj.
kʼo juntz ʼiʼ pa b ʼ e.
kamul x in pe cheatzuku xik.
man taj in tak in chaku nik.
kinchaku nik rech kat waʼik.
jas ru kʼ xa wil wi chix kiqupi j wileti ʼ j.
jas ub ʼi xik … ?
koq ʼ ria kʼa l.
kawaj nakat ʼe taj.
xat qʼaj ik.
wem nach alo qʼaxi yal, na kimb ʼetaa w ukʼ.
x o pan lew ujaw u kʼ rumal we chin.
are kʼut pale juy ub ʼ k kʼi y jo ron, chil aʼ xe ki kʼama wiri j aʼ ri winaq.
koq ʼ ria kʼa l.
we kʼo ara j il chak ʼama loq.
are sib ʼalaj kaq lea poʼt ch uwach le nu po ʼ t.
x in kʼas taj pa kab ʼ laj uj kaj b ʼal.
kaqo yʼej naki x pe taj.
koka xim richi j xa jel aʼ man ka nima j tab ʼik.
ri kokno jim xb ʼe k, xu chʼi joxo pan pa u kʼi sb ʼal ille anim.
x oj kiʼ kotik are taq xa tu lik.
kaqi tz ʼ na j ri ux aj ab ʼ ria kʼal.
ri jesusk waʼ kat pa ri nim rachoch rid yos, chu xe ʼ ri jun jache rachoch ri sa lomon.
we taqanik riʼ kub ʼij chira jawa xik kyaʼu qʼij ri winaq xu qujeʼ kto ʼan inaqil.
ria x ux are nari u ku nel ri kinaqʼ.
are taq waʼ ri uqʼi jol we taqanik.
kʼo juntab ʼal pa u wiʼ ri x ka nul ub ʼiʼ laj uj no ʼ j.
yuʼ lub ʼanom riu kolob ʼ ri ke j.
x anim aj ri akʼal chi uwach riu chu ch.
k kunan ria chi.
kin waʼik rech nak in yo wa j taj.
aj xik chʼi chʼ rilu ʼ s.
kwa j chei xki xb ʼanow ik.
aʼre xe to ʼ walaq.
xoj ʼe k xe ʼ qilalarqas ok.
x in loq ʼ jun chʼi chʼ, qaj inaq uwach.
kutʼi sripanta lon.
e jani pale awal kʼ wale kʼo lik ?
u tzu kem ik le pas chawe.
ri max are aj qʼani yaʼ.
mata b ʼachi riq kʼa x pale b ʼe.
taj in ka nima j , ri meʼs.
i xi xeʼ la qʼom ab ʼ !
x sa chan chwe.
e kʼo kʼi cheʼ, chi uwach ri juy ub ʼ.
are waʼ ri nimalaj pi xab ʼe are waʼ ri nab ʼe.
x re taʼ maj chi ru kʼ pa kʼ kutij wi
jas utz ak ik le sub ʼ xu ʼano?
aj xo ʼ y ri wikan.
we tane aʼ re xe tijo w le ri kil, are le komon xe tijow ik.
sib ʼalaj aninaqka chʼaw le are ʼ chin uwachin.
utz we kinchaku j.
m eʼ sl aʼ.
kʼo kanwa rech kaqa tijo.
xi n sik ʼij la.
ria kʼal x sa ch ka noq jel aʼ pataqʼaj.
xe sik ʼij la.
jawi xkib ʼij wi chikeʼ e wi?
rumal che, man ix ta riʼ ri ki x chʼa wik, are ri ru x lab ʼa xel rii tat riʼ rik chʼaw nai w u kʼ ri ix.
kʼa kʼri wa choch.
sib ʼalaj utz ki n wil lea tz ʼyaq rech na huala.
saq por kkayri kipo ʼ trinan.
x sa chon ri n uchak chwe.
waʼim xu chapo.
ri qʼaqʼ taj in kaj u luw ik.
naj il u pam ri siwan.
e kʼo riqachal al pa chiu wiʼ la.
jas xa taq chiʼ j le akʼal chu tij ik?
no ʼ jimu kem ik le pa saw umal.
kʼo jun ku kub ʼiʼ tintin, waʼ le laj kuk mam ka je qitaj, kapaqika xu lik pa u wiʼ u qʼab ʼ taq cheʼ, sib ʼalaj sa kʼaj , ke ʼutol ee nim aʼ q, chʼu tin, ra chiʼ l, aj sipa nel sib ʼalaj utz ra nim aʼ.
ri u pi xab ʼ le qʼatb ʼal tzi j ki yaʼub ʼi xik.
na x sa chon tach ke xe atinik.
xe qil le chik opp uw ileja.
x lo ʼ taj riak ʼal.
qono jel ku j waʼ pa u wiʼ ri mexa.
x sik ir lewaqan.
laxat waʼ kʼut ?
nim ub ʼaqʼ ri tulul.
kin xik ʼi kʼik x in qʼa xik.
la katb ʼe pale tinamit ?
ri pa lsib ʼalaj sa qʼo r.
k qʼo xow nu ja lom.
x in naʼo chik at pe tik.
x loq ʼ u lewi we chix.
x in chakun ru kʼ ri numam.
na x qab ʼan taj.
k kʼo j iʼ b ʼaʼ ri usipa nik ria jaw xel jesus k ri sto ru kʼ ria w ux lab ʼal !
kin chʼaw ru kʼ len u nan pale chʼa web ʼal .
sib ʼalaj qʼe quʼ m rumal rimay ul.
are leba xu lik.
xekos lei xo qib ʼ pale b ʼe.
kʼa x ri lik le akʼal chawe.
x inqʼi ʼ oxi natinpa jo ron.
sib ʼalaj nim le tinamit.
kʼa xu kem ik le pa saw umal.
xi n sa chik.
taj in kelu kikʼel pa raqan ri tz ʼiʼ.
x in we taʼ maj ri lik wib ʼ
ri qʼu qʼ are jun jeʼl chikop.
kʼo paja tijob ʼal ri wikaqʼ.
ri sa chib ʼal mak raj wa xik chi qax o ʼ l.
je ʼ, kimb ʼe k.
je la le ʼ ri nup wiʼ.
x ub ʼij che :- jas xab ʼano tintin?
kab ʼan jun to qʼob ʼ kyak rin uj al.
kat ʼek xin ta.
jas leu kʼe xb ʼem rib ʼ le jun ru kʼ le jun chik?
aj chi u wiʼ mi qʼin jaʼ ri lu ʼ.
ri tijo nel naj k pe wi.
te ʼ kix chob ʼ ub ʼiʼ ri nutat.
ri j aʼ kami qʼik chi uwach ri qʼaqʼ.
rit ʼ u ʼy k pa qʼowik.
kin me son na.
naq aj at kʼo wichi we ch.
x in b ʼi son ik taqna xat pet taj.
we x kam ri winaq, ri p waq rech to j b ʼal ma kaj k yaʼ chi kech ri rala xik.
ri nun an xb ʼe pa kʼay b ʼal.
xoj u kʼamu loq rech koj ri lo
x kʼo to chin chiki wach chik in waʼaw ukʼ.
na xki kamsaj taj xki kʼam b ʼi choja.
kʼa kʼri ikʼ kamik.
x imb ʼe ru kʼ le aj kuni wir.
ri lik.
letz ʼiʼ xekosik.
x in ki ko taw umal.
ri imul xu maj ria nim , x uy akan lek ok.
kʼo oj cheriak ʼal.
x uj b ʼe pa jun kʼul anem.
utz we kwa ral aq.
ka qilo chinak oju kʼam taj.
x re taʼ maj chi ru kʼ pa kʼkutij wi.
sib ʼalaj x in kʼa ʼ narik.
x in kochi j ri nuwa.
man kat ko win taj kat chakunik, we man kʼo taria j ilab ʼal.
wew onon x ub ʼij chik e :-ki x into.
ria la nim k ri l wi riumam.
x kaʼ y chirij, x kaʼ y ch uwach, ma kʼo tachi jun ksi lob ʼik, x o qʼik xu xe ʼ j ri b ʼ x chʼop inik x tzali j loq xu riq tachik riub ʼe .
kʼop us cheri wa.
p i nem nakab ʼe lewa tz, kimb ʼe wi in pa kaʼ y ib ʼal.
rinanto ʼ n nim winaq chik, saq u wiʼ, rono jela qʼab ʼ utz kunaʼ oka tʼ uy iʼ pa u tem, kumi qʼi saj ri b ʼ chori qʼij, kʼo jun u wiʼ u mam ub ʼiʼa te ʼ k.
mane kʼi taj riqul aʼ.
qʼalaj chinakawaj taj kab ʼij
x pa qab ʼi sax raj il rono jel ri kem.
kʼo pa ri jul ri kuma tz.
rono jel qʼij ki n chʼaj len uw are.
saq chik an lei chaj rech katza ko.
chu xeleqa chomal kaqatij wi jun qam eq ʼin.
chawi laʼ.
e kʼo job ʼum iʼ al, ri nutat.
jas ru kʼ xa wil wi
je ʼ jas ri winaq rech ri uwach u lew, x o qujeʼ kepe na riʼ rie ʼ are ʼ chee rech ri uwach u lew ; je ʼ jas ri winaq rech ri kaj , x o qujeʼ kepe na riʼ rie ʼ are ʼ e rech ri kaj.
xi n tijo.
k tz ʼ uj uw ri rachoch ri po ʼ x.
xu qʼiʼo are leu kʼul el x yaʼow uwa.
ria wel x re taʼ maj chi ra jawa xik man kux ej tari b ʼ cheritu ku r.
ju kʼulaj winaq xe ʼa nima j b ʼik.
je ʼ, x in tzali j ik.
x oj pet ik xol qa kʼam aʼ.
maj jach in x ʼek.
ina j tij ; attijo xel.
sa quwiʼrita taʼ.
we ch ri kem.
lero ʼ ch le ate ʼ k kʼo chwach leu kʼay len unan.
kb ʼe pa ri si riʼa e pa ri sil is iʼ a, jawi je ʼ kuya wiri kichu qʼab ʼ ri komon tyo x.
pi xab ʼ : man utz taj kʼa x kuj chʼaw chiki j ni kʼaj qa chil.
x kunataj le ali( kumal rii xo qib ʼ ).
ri xib ʼib ʼal chi kʼo wi pataq riqa kʼa slemal rono jel qʼij.
nak uj w art awa ral.
on chek kʼo j iʼ ri utzil chi xo ʼ l, arech junam riqa koj onik, junam rii we chix ru kʼ ri we chin.
pa o x qʼij ri saʼ n kb ʼenaru kʼ ri aj kun.
ka winaq w u qub ʼ.
jas kawa j ki nti jo?
weta xa tb ʼe w u kʼ pale tinamit , xa lo qʼtal aʼ leujas taq lea kʼa jol.
keb ʼe pa waʼim.
x in loq ʼ kʼi wa.
pa jun nim kʼa cheʼ laj , kʼo jun kʼ waʼ sib ʼalaj saq lo loj , nim uwach.
kwaj katij jub ʼaʼ wa.
rono jel winaqk ri l nari u kolo nem rid yos ».
x kʼo to chin chiki wach chik in waʼaw u kʼ
kwaj nakat ʼe taj.
la xa loq ʼ jun alej ?
e kʼo rie lo qʼo manel.
ri ukab ʼ ub ʼiʼ ri num amare ya y.
kinjo pi j rii jaʼ rech triko.
x naʼ taj ch ke xe atinik.
xa te ʼ qil aʼ.
kaki tija la n xa x ri winaq.
. . . kinb ʼij chi are waʼ sinx iʼan.
na x in nab ʼe j ta chuta sik qa kʼo lib ʼal.
rumal rech chew eri in, ki n chʼa w ru kʼ rid yos pa chʼab ʼal , k chʼaw na kʼu riʼ ri w ux lab ʼal ru kʼ rid yos, kʼate kʼut man kʼo ta u patan riʼ ch rech ri n u choma b ʼal .
xe pet ik xki lo.
xu taweka tʼek.
u tzu kem ik le pas chawe.
ri nuw akax x utij jun qʼo qʼ rumal riʼ x kamik.
rumal ri kʼi x , man ke waʼ taj ri winaq.
xe ʼu lik.
qʼe qrij riam aʼ chij.
x raj kaʼ eleunan.
junam ki junab ʼ.
na qʼalaj taj wekaʼek.
ri wix nam chʼaj chʼo j ri rachoch.
waral man kʼo taj aj awal.
nai wir ta x ril le kʼamol b ʼe.
x in pe loq te kʼu riʼ x in tzu kuj rono jel ri nura jil.
ria j ti ko nel ku tik ri tzi j.
kʼo e ki kʼa jol lea chi jab ʼ.
kutij qʼayes rii x paʼch.
pa ri waʼ b ʼale kʼo ka winaq achi j ab ʼ.
sipo j ina q ri nup am.
ka yaʼtaj ik ru kʼu tiʼo nem jun riu ri qom le yab ʼi la molot set séxu qujeʼ are ka yaʼtaj pataq ri juy ub ʼ.
ja chi n ria chi?
ri num am x kamik are taq kʼo jum u chʼ laj uj u junab ʼ.
kinko winik ki n kʼam b ʼilep waq.
kin wi lo chi utz ria jiʼ.
x in qʼil ria po ʼ x che man kachakun taj.
k waʼ chi uwach le taqʼaj ri am aʼ akʼ.
ri imul xepo qʼik pa jun ikʼ.
x kʼi skanoq riqa chak.
are ria lix oj ilo wka noq.
sib ʼalaj chʼu ʼ j ri amax.
kʼo nuwa chiʼ.
inchaj inel kech lea kʼalab ʼ.
xeko sle tz ʼiʼ.
kinb ʼenaku kʼ ri molaj.
rono jela qʼab ʼ ki nyitz ʼ riwakax.
kara p inik x utzu kuj chi jun awaj.
le u kem ik le pa sa ninaq (aw umal ).
maj ura jil le qʼab ʼ arel.
kʼa x riʼ rika chʼ awik.
x oju taq chiʼ j le achich u lo qʼiki chaj.
sib ʼalaj kʼa x ri x kʼul ma xik.
xki lo chinak in kʼo xo maj taj.
x naʼ taj ch kechi xe atinik.
x kʼo to chin chiki wach chi xo jal w o ʼ qaku kʼ.
jun qʼu ʼ qraj il ri ka x la ʼ nwa.
x inwilo chi xe ʼelik.
e kʼoi xo qib ʼ pale kʼay b ʼal.
man kʼo taju kʼi sik rima yab ʼaj lab ʼal il.
ri sink kʼi y pa taqʼaj.
ri chʼi mam ank kʼi y taj pataqʼaj.
ra jawa xik kj ik ik ri waqän.
kawaj ki nʼek.
e kʼo o xib ʼ akʼ.
x ub ʼij chwe jawiat kʼo wi.
chwe ʼ qkuj b ʼe ʼ pam uquj.
pa saq kʼaj aʼ kb ʼan wiriuq.
xoj ki sik ʼij.
xi n w il wib ʼ.
ch aqʼ chik ri wa.
kimb ʼe naka palew o ʼ ch.
kawaj ki nʼek.
ri chʼu ʼ ktij ru kʼ le j.
pa ri ki qʼij kaminaq ib ʼ kb ʼan qʼo ri kʼ yaʼ rech aj : nab ʼ eri nan ku tzu kuj ka n ria j , kuja chʼo ʼ xu quje ku kʼe to.
jas kaj b ʼal cha nim?
u tzu chomanik ria li.
pa riqʼi jox laj uj tija xki n kʼi s keb ʼ junab ʼ ki n chakun wa ral.
sib ʼalaj ko , ri kʼa kʼ chʼat.
jas karaj kub ʼij … ?
ri chʼi chʼ kas ilab ʼik.
pa oje rqʼal pul x aqxu wiri nim winaq ke kʼamow b ʼe.
le u kuna xik le ukab ʼ u kʼut unik are ru kʼ e flor nitinao nutu nib ʼaxik le ni furtimo x chiʼ le flor ni tina chech t.b. g.
are ria chi xi n chʼa yowik.
jun achi ub ʼi ku ʼ x usipa j keb ʼ kʼaʼ mu lew rech kab ʼan ri tijob ʼal , kamik , kʼo chik aj tij rech ri komon xe chpup.
xu malt yoxi j cheri aj tij rono jel le xu kʼut chi uwach.
pa rib ʼe xki raq jun alaj i mulsaq ri j , xki kʼam b ʼik.
x ril le b ʼaleala.
jas kub ʼij chwe ?
le u kunataj em are ru kʼu tzu ku xik le uchi kop il pa jun u solik u xe ʼ le kikʼon le jaʼ rech jun no do.
utz we nutz ʼiʼ.
je ʼ , taj in kachapo nik.
kin u lo qʼoj len utat.
kawaj kimb ʼe pa tinamit.
are laʼ kinchaku j.
ri nim aʼq taq winaq kʼo ketaʼ mab ʼal.
weta xa tb ʼe w u kʼ pale tinamit , xa loq ʼ ta waʼ we jas taq.
ri ki kʼa slemal. wai ximu lew xa jun chima are ta tinimit rima
ri u kʼ yab ʼal na jupam.
x at qaj chiu pam ri il.
noj im kat waʼik.
we kʼo junk tu qaʼ rik, ¿la man xo qujeʼ taj ki ntu qaʼ rri in ?
ojo j w okolja.
awas kb ʼan kʼa x che jun nim winaq.
x in chʼawa pan ru kʼ lew anab ʼ.
kʼa xriu pa mriju ʼ l.
taj in ke waʼ ri imul.
la kaj lak uj tzali j la aninaq?
rumal rech cherima kaj man kʼo tauko wi nem pi wiʼ ri ix : ri ix man ix kʼo tachi chu xe ʼ ri pi xab ʼ, x aneix kʼo chu xe ʼ ri sipanik.
nim raqan le cheʼ.
xi n chapo.
are letu ʼ r le loq ʼom anel.
x as kat kʼo jiʼ chiu pam ri chʼi chʼ.
sib ʼalaj nim raqan ri kʼamal b ʼe.
le tzʼib ʼab ʼal we chin.
in x in to ʼ w la.
xa je kʼu riʼ ri ix kamik riʼ man ix ka x la n winaq tachik; ri ix , ix rech ri ki tinimit rie tyo x laj taq winaq , ix rech ri rachoch rid yos.
x intiko x la j kʼali chaj.
kaqari q qib ʼ chwe ʼ q.
sib ʼalaj utz cheri wiʼaj ri tuney.
we naju pu likta xe qaj ik...
x into ʼ taj cherinu chak.
kʼo jun chikop ub ʼiʼp um.
poqon riik.
xoj b ʼi nik.
xu chʼek rono jel le retam anik x pa qiʼ k kʼa xk wʼ inik xub ʼanaj kun.
kel ub ʼik pa rijude ʼa ek tzali j chi ub ʼi ju mul pa ri galile ʼa.
x ina xib ʼij pab ʼe.
je ʼ l kʼo lem chi awachoch.
rono jel ri yaʼtal il pa we qʼataj , tz ʼaqat ki wach, man k tzaq tak anoq xu qujeʼ man ktas taj.
xu kunaj leya wab ʼ leaj qʼij.
chita tab ʼe j jas le kimb ʼi j.
chʼan al ria chi.
pab ʼo koʼ kachaku nwirita x.
uj kʼo pa uw uq qʼij.
kiʼ ri ukab ʼ riaqaj.
kʼo rachal al pa tz ʼoloj cheʼ ri pe ʼ l.
xki lo chik in kʼo xom aj.
ri u ki sa kʼu tz kyaʼik chi u xe ʼ ri ti koʼ n.
are taq chiʼ ka qʼan pu wiʼ ri ju kub ʼ, ria chi chex kʼo j iʼ ri itzel ux lab ʼal ru kʼ, ku tach rech ri are ʼ , are chk kʼo j iʼ ru kʼ ri are ʼ.
na kab ʼantaj taw umal.
x naʼ taj ch ke xe atinik.
x in pa j ri nutriko.
xe ʼ ok ri po kʼ pa riu mex ari po ʼ x.
ka jul uw ria qʼaʼ l chi u xe ʼ ri tʼu ʼ y.
awe ch le ja.
x uj b ʼe pa tzu rik.
nab ʼexatop anik.
ri ukab ʼ ub ʼiʼ ri num amare ya y.
uwaj x aquka kʼal taqanik (28).
mata kʼo jun ka kanaj ka noq , qono jel koj b ʼek.
e nim aʼ qleal tom ab ʼ.
nim uwach ri poʼt.
kojo nik pa ri utzi j wai ximu lew.
jas xu kʼam b ʼi letz ʼiʼ xawi lo ?
xi n pet ik, tat.
ri b ʼe laj uwach.
chita tab ʼe j jas ri kimb ʼi j.
je ʼ l ku naʼ ri ab ʼix chiu pam riququ lew.
kinb ʼiso j uwach lew al.
xu tʼ uy ub ʼaʼ.
nim ria we qele ʼ n x ari qo.
xi ne ʼ waʼoq.
chiʼ ke warwilea kʼalab ʼ.
ri num iʼ al xu taq loq jun taq o ʼ m w uj chiwe.
qʼe ʼ lik, ri chaj pa ri b ʼe.
la utz awach? - utz mal tyo x , e kʼu ri at ? – utz mal tyox.
x in kos rumal nu chak.
kb ʼe ku kʼ rie ʼ are ʼ ek tzali j pa rinas are te keʼ u nimaj.
ri joj xu kʼam b ʼik riakʼ.
kʼo chi wa chiʼ l cha nim.
kub ʼij chech naʼ l kab ʼan cheria tz ʼib ʼ.
e. . . in kawa j katz jo j b ʼil achwe.
mata xi n yaj leali.
jachin ru kʼ katb ʼe wi?
kʼo sib ʼalaj e taʼ mab ʼal pa rima yab ʼno ʼ jib ʼal .
e man xo ri ju p uqke j.
ka sum um ri ka qiqʼ.
e kʼo kaj ib ʼa kʼalab ʼ pale b ʼe.
je ʼ jas riu tatk kaʼ y ik.
x aqat molo nel tzi j tal.
le nut at ka loq ʼon chwe.
xaq tane kimb ʼei w ukʼ.
x re taʼ maj u chʼaj ik.
rumal la ʼ x koj “ x al qʼat ” che ub ʼiʼ ri komon.
are leu kem ik pa sxret aʼ maj .
ri wa tiʼt kub ʼan nari upatan.
kʼak ʼ lepo ʼ t.
re taʼm uwach jachin x lo qʼow ri pas.
ken chʼab ʼe j lea kʼalab ʼ.
yaʼtal chaqe qono jel ri uj winaq utz ka qil qib ʼ.
x kotiʼ pa qʼayesxo qʼik.
ka winaq b ʼe le jeb ʼ qʼataj.
e kʼo kaj ib ʼ ral rii mul, jun saq, jun qʼan , jun qʼeq, jun qʼe qoj , sib ʼalaj ketz ʼanik, ke chʼop inik ri alaj taqi mul.
k chol ol ria chachal.
kete kik ri ik ʼ.
xe pet ik rech ke waʼiw ukʼ.
tza tz ri u qʼanil riakʼ.
x oj tzali j ik x ix e ʼ qa qʼat uj ku kʼ leita tinan.
ri yoʼ x taqa kʼalab ʼ ke kikʼux ria tz ʼyaq.
we achi wex usipa j jun poʼt chwe xkamik.
k ko win ri kun anel che kuna nik.
x ji qʼ pa ri polow.
xa rumal sib ʼalaj ra jawa xik le lo qʼalaj jaʼ , le winaq xkib ʼij : che we ikʼ riʼ qono jel kuj b ʼe che utik ik taq cheʼ.
ri u nan erie rachalal kepe u loq ru kʼ ri are ʼ , kʼate kʼu riʼ, man ke ko win taj ke qib ʼ u koq ru kʼ, rumal rech chee kʼo sib ʼalaj winaq.
rumal rech , che man kʼo ta junk ko win cheu koj ik junti kib ʼal il chik ch uwach ri kojom chik che are ri jesusk ri sto.
te kʼu riʼ xu tz ʼib ʼaj ri b ʼ pa ri nimalaj tijob ʼal rech aj ku ʼ n.
ka jul uw ri chʼu mil cha qʼab ʼ.
kʼi sb ʼal ka noq , x o qujeʼ k kam rii xoq.
le alax okik.
kʼop waq pa u wiʼ ri mexa.
are kawa j naki nʼe taj.
riya wal ku koj ria li chiu xe ʼ ri chakachare usu ʼ t.
na kaqa kʼam tu ʼ b ʼi kamik.
ria j tij kub ʼij chik e : ra jawa xik keqa chaj i j ria waj, are uti koʼ n ria jaw.
x intij mu kuniwi r.
kʼa x leu wiʼ taq len u qʼab ʼ.
x in loq ʼ jun il b ʼal wib ʼ.
waʼ we qʼij, nim ub ʼantaj ik.
ri u xe ʼal riqa tinamit man kasach taj.
xoj b ʼi nik.
ria chalal junam ki wach.
x in we taʼ maj ri lik wib ʼ.
nim ri u naʼoj wa j tij.
miq ʼin ri kʼu l.
aj qʼo jom ria teʼk.
che les anik cheʼ kb ʼan wiri qʼo jom.
ka pelea wel pana waljaʼ.
ri meso nel taj ink chakunik.
utz chaqe kaqa to ʼ qib ʼ, taq kʼo kʼa x kʼo lil, kate we chiʼ n ria jaw paqa wiʼ.
xawi lo , x qʼat an leib ʼoy.
x at ko w inik xab ʼano.
kiʼ ri kʼa we x.
kaj il il ri b ʼ e.
lea li xel b ʼ ik.
are ʼ x raj xin b ʼano.
nim we ab ʼaj.
je ʼ lik u tiʼ jol al ri saq ko ʼ r.
noj ina q ri ke j.
we katij an xu x man kat uto ʼ tachi u qʼati xik le kʼa kʼyab ʼil coro navirus ( 2019 -n cov).
nanim ta raqan waʼ we cheʼ.
utz alaj aj chak, ri wel.
¿jam pa ʼ ku j b ʼe pa nima qʼij ?
ra jawa xik tanel aʼ kat chakun wu kʼ.
xu taq chiʼ j pa waram pu lew.
mana retaria xwan xelik.
ria wi xxu loq ʼ rachoch re nimal.
are ri ix oq x in sik ʼinu loq.
ri chʼima kʼat ʼon na.
la xib ʼan lei chak?
kʼi tinamite kʼo pa chʼo ʼ j.
kʼo jup uq chij chiu xe ʼ ri cheʼ.
ri ux aq ri ab ʼix are uw ari ke j.
ka winaq qʼataj.
la ki x pe pa tijob ʼal ?
we kechaj ix taq le kʼwa jachakin b ʼij; jun alik kʼo jaʼ xu qujeʼ sib ʼalaj saq lo loj.
x re taʼ maj.
ri alab ʼom ria li tom ab ʼ taj in kiki tijoj kib ʼ rech su taq, are ka kaj kikib ʼan nim aqa chij ab ʼ chu pam ri ki kʼa slemal, xu quje kʼo chik jup uq b ʼi xo nel chu pam ri komon.
la tz ʼ uwachrib ʼe.
kʼa kʼ ria chʼi chʼ.
qono jel u j, uj may ab ʼ taq winaq.
no jel qʼij ria tiʼ x kuy u qʼuj le taqawaj jel aʼ pa ni kʼaj jaʼ , chirij ri j uy ub ʼ ub ʼiʼ te naʼ.
pa qʼom chik risiʼ.
kin tzu ku n chela.
kaki tij le kinaqʼ, le ichaj , leu waʼ lik ru kʼ lej.
xekana j kan le aj chakib ʼ.
keti kon ria chi jab ʼ.
sib ʼalaj itzel ub ʼantaj ik ri chʼi lak an.
ria teʼk xu malt yoxi j cheri ra tiʼt , rumal ri utz alaj no ʼ jib ʼal xu kʼut che ch.
k kamul ix uchak ri ab ʼi x.
la xin utz uk uj letijo xel?
are ʼ kachakun rono jel qʼij.
lee kʼaʼ na taq tz ʼiʼ.
saq ri j ri plam ux.
jas x aqʼi ʼo x atijo.
jas ru kʼ x kichap wi utij ik ler ikil ?
we kata tinru kʼ kʼatan jaʼ man ku qʼate j tale kʼa kʼyab ʼil coro navirus.
la katb ʼin pale ux lanb ʼal ?
la waral kʼu xix waʼ wi?
are len u tatk in loq ʼonik.
taj ink chakun ri ala.
kʼo ri kiʼ kotemala w u kʼ.
xu ta jachin kaʼ ek.
xat waʼ ik x inwilo.
x tzaq ri rachoch rumal ri jab ʼ.
pale jun ikʼ chik are nim aqʼij.
e keb ʼäm keb ʼin pa u wiʼ ri tem.
mem ria chi.
ri wikan chal iʼ y kel pa j uy ub ʼ ch witzi rib ʼal.
le raj il, lapaja xela qʼax wuʼ b ʼik ?
pa ri su ʼt pi som wirilej.
koj pet ik kolqa kʼam aʼ.
taj in kat chʼop in chi uwach ri taqʼa j.
le qʼor x chʼu qik.
kʼa x waʼimaw umal.
kinb ʼi son che lew al.
sib ʼalaj kʼo kʼ ria watzʼyaq.
kamik x uj b ʼe cheu tik ik taq cheʼ pa ri juy ub ʼ.
kin u lo qʼoj len utat.
chaqiʼ j chik ri chaj.
xy il ix haway i.
na x naʼ taj tach ke chi xeat inik.
ru kʼ kʼu waʼ we riʼ, ri ixk kʼo j iʼ jun utz alaj i kʼa slemal riʼ ch ki wach ri winaq che mane kʼo taiw u kʼ, kʼate kʼu riʼ man kʼo ta jun winaq riʼ ra jawa xik chi we ch.
e petinaq pa b ʼe le rachala xik.
ka kaj lea kʼalab ʼ ke waʼik.
x uj chʼay b ʼik.
ri nu chak are qʼaxel tzi j.
kʼo nar ux lab ʼ ria waj.
taj in kel loq, riqʼi j.
xu qʼiʼo x kamsa x ri rachal al choch.
ri num amare kʼo uqʼi nomal.
x kʼul mataj ju mul, xub ʼan jun nimalaj jab ʼ, man xb ʼe yetaj tana xu kʼi sle uy u qʼ chike.
am aʼ ri nutz ʼiʼ.
je waʼkat pe tik.
x in kosik rumal x in chaku nik
i wech chi j u junal, ri wa.
xu qʼiʼo nax atatin taj.
in ri qtaj inaq pa ri kʼay ib ʼal.
na we taʼm taj.
kʼa x len u qʼab ʼ.
utz le xub ʼij leachi.
kem atz ʼib ʼ.
kʼo rachal al pa tz ʼoloj cheʼ ri pe ʼ l.
rono jel waʼ we jas taq riʼ, x as ksa ch wi uwach waʼ; ru kʼ we riʼ, ri ix, ra jawa xik che kʼo jun tyo x laj i kʼa slemale k kʼo j iʼ rii chʼaw em ru kʼ rid yos,
x muq taj ri pa tz ʼan.
ri chʼi chʼ tzi jom kanoq pa riu kʼol b ʼal.
man kʼo tau cholaj pataqria w u j.
ja chik e ikʼ leu nima qʼij le tinamit nawal jaʼ ?
xe pet ik xol ki kʼam aʼ.
kachu qʼ chu trij aʼ chiapam.
x in b ʼij i wir chi xeb ʼepa armita.
are ʼux e ʼo je r tzi j waral kʼi cheʼ ub ʼiʼ.
x kʼi srinu siʼ.
jawi xkib ʼij wi chikeʼ e wi?
¡ xa je kʼu riʼ, jachin taq rie kʼopa rijude ʼ a, chicha nim cheʼa nima jub ʼi pataq ri juy ub ʼ,
kʼak ʼ ria b ʼ.
la kʼo jun naka kʼo xo maj taj ?
na utz tale utʼi som le alma riy.
man yaʼtal taj chia we katok paja.
je ʼ, xatu tzu ku j.
are kel wa j xa qib ʼ u qʼij ri x kʼo j ik.
ri x unk urk kʼo jiʼ pataq ri triko.
xi n sa chik.
xu tʼ uy ub ʼaʼ
na nutom tale tzi j …
wa chʼom ri kiwa ri no ʼ s.
e kʼo job ʼ chʼ il wakʼ.
ra jawi xik chi pataq ri tijob ʼal , pani kʼaj ub ʼi xik chik
ri ra jaw ru lew are ʼ tatkel.
we kʼux ok ik, we kʼna xok ta
we achi x usipa j jun pʼot chwe.
atat utaq o ʼ n le qʼatal tzi j.
naq ʼanta uwach leqap rut.
ri x aʼ r kʼo pa u wiʼ ri qʼaqʼ kpo qʼowik.
ri ro qʼe j ria li jachak pe junak ʼal.
kʼo jun alap atijob ʼal .
sä quwiʼrita taʼ.
ri witz ikʼ taj ink pe loq.
jaw ix sa chon wikan u yaʼik lep waq che.
utz we achi we xin kuna nik.
qono jel ku j waʼ pa u wiʼ ri mexa.
ri kax la ʼ nik man po qon taj.
in x in b ʼeru kʼ ri wachiʼ l.
sib ʼalaj je ʼ l xki lo xeki tzoq opi j ri kichij chilaʼ.
kinb ʼinik xi nʼek.
kʼa x kʼo lik, kachaʼ.
ku tiji xim riakʼ.
ria li x chel, xu qʼiʼo xa jun akʼ x sipa x che.
x qasi kʼi j le ix oq chu tzak iksub ʼ.
mata xab ʼinsa j le chʼi chʼ.
ri pi x tz ʼara lik rumal rie qaʼ n.
¿ja mp aʼ kel chi 3%
kʼo jun nu kʼo toj chiʼaj.
taj in ke waʼ katri alab ʼom.
x in loq ʼ len u kʼakʼapo ʼ t.
na utz ak ikta sub ʼ taj in kuʼa no
x oj utaq chiʼ ij xoj waʼik.
i wech ria b ʼi x.
saq ri j ri chij.
aj sik cheri tinamit kel wirit ataʼ.
- ¡ ay ! x ax in tzaqu loq , kʼa x wewaqan.
x kʼul mataj pa jun komon chiʼ uwach jun juy ub ʼ, xu riqa jun qʼij xki riq kib ʼjuni mul ru kʼ lekok.
jas xa taq chiʼ j le akʼal chu tij ik?
x inchap osu xu lo qʼo.
qʼi nom ria chi.
ri kʼum k tijow ru kʼ kab ʼ.
taj in ke ja chʼanik.
tze b ʼal u kem ik le pa saw umal.
are ka yoʼ w le uchikop il le ub ʼantaj ikt ry panos oma brucei.
wekat nim anik utz ke lik.
pero noʼ j im al pet naq loq, .
are len uchak jun tzu qb ʼal wib ʼ.
x kunax leya wab ʼ rumal leaj qʼij.
ri u kʼu ʼ x tz ʼib ʼ paqa tzi jel aju j.
sib ʼalaj je ʼ lik rie qab ʼal x ub ʼan rilu ʼ s.
sib ʼalaj atkon.
e man xo ri ju p uqke j.
na x naʼ taj tach ke xe atinik.
ri kʼamal b ʼexu b ʼij chik e , chimaj aria nim.
jum u chʼri nu junab ʼ.
qʼiptaj inaq ri raqan ri tem.
k chakun ru kʼ ri josb ʼal cheʼ ria j anel.
xa taq chiʼ j le akʼal ch utij ik ka r.
oj kʼo pale ro ʼ ch lea wel.
¿lakat pe qukʼ chweʼ q?
le winaq pale chʼi chʼet ʼ uy ul lo wi.
x kanaj kanoq chi u xe ʼ ri j ab ʼ ri chʼaʼn.
nim ri ja.
weta xa kunaj le atat mat axkam laʼ.
nan u kʼam om tuʼ la riʼ.
ch qan u kʼu ʼ riqa tzi j.
kimb ʼe pale tinamit.
x in qʼi ʼon ax inatin taj.
ra jawa xik ka kʼaman cha we le utij ik le lej.
kʼi sb ʼal taq no ʼ jib ʼal .
xi ne ʼ waʼoq.
xkib ʼan kʼa x che le uw o saq rumal man utz tachik akay ik.
ri qʼutu ʼm man kech talea kʼalab ʼ.
are nanim talea tz ʼiʼ ch uwach len utz ʼiʼ.
xe pet ik xol kilaʼ.
¿jaw chiʼ xa taʼ chex kam ri u mam ri po ʼ x ?
e keb ʼ ke kʼam b ʼik patuj.
x in loq ʼ jun japa ri w oka j ja.
ria xtu ʼ b ʼ, kʼo qulaj chech.
jas ka raj kaʼan chu tzak ik leti ʼij.
xu tij lewa.
ximb ʼal retzi j.
x pa x ri b ʼo ʼ j.
we kawa j kat in toʼo x aqx uwi kab ʼij chiwe.
jas nu kʼu ku chʼob ʼ o.
jas ka ra j ku tijo?
xe x ru x lab ʼ ri rikil.
e nitz ʼ aʼ qletaqi mul.
we tane in x in b ʼanow ik, are le ate ʼ k xb ʼanow ik.
kin tzali j palen u tinamit.
rinuch aqʼ kʼo pa uro ʼ qʼatoj tijo nik pa ri tijob ʼal.
x in xiʼ j wib ʼ x in chʼ awik.
kʼo chwaro ʼ ch lepare.
chi raqan kab ʼin wiri ta taʼ.
x sa chonk anu yaʼik lep waq chechoja.
x in qʼax chiki xo ʼ l ri winaq.
keti konik.
ri u lew man qech taj, kech ri qatiʼ tqam am.
xe pele winaq xol ki kʼam aʼ.
xu loq ʼ ri w uj rumal riali.
che we qʼij kamik kʼo jun nutzi jo nem chirij le nu tinamit.
kej riʼ.
x kuna nalaq chwe.
kin usi kʼi j le nunan.
ri imul xu chʼi j taj , x kanaj pa b ʼe , rumal ri nimal kuja luj ri imul, xu tzaq ria nim.
kub ʼan riu xo qʼo ʼ l ria j tz ʼaq.
ri la sib ʼalaj utz che kunab ʼal.
kʼiki wach rie ʼa j chakib ʼ pa ri komon tyo x, kʼate kʼut xa jun chiaj aw xel;
x qat achixatu lik.
kawaj chik atʼek.
chʼu tiʼ n kekanaj ri xaj ab ʼ chech.
kaqa xiʼ j qib ʼ kaqa chapo.
e kʼo keb ʼ u kʼa jol letat x wan.
lu ʼ sub ʼiʼ ri re cham.
aj chi u wiʼ mi qʼin jaʼ ri lu ʼ.
x inyak an len u chimpa kʼa yb ʼal.
kʼate x ri lo , x p eri u nanche utzu ku xik, xki kotik, xu salab ʼi saj ri taq u xkin.
xki kʼut chi uwach ri aj tij xu qujeʼ chiki wach ri taqni kʼaj kachil.
utz len u qʼab ʼ.
ku l le alwe ʼ l pa austin chaqʼab ʼ kamik.
ria te ʼ k x tzaq loq are chi kʼo pa u wiʼ ri qʼaʼ m.
aj patan ri teʼk.
x at qaj chiu pam ri il.
la kʼo tzi j naki kʼo xo maj taj ?
x sa chon ch ke chi xeat inik.
rono jel leu lewe chalaq.
la xeb ʼe kʼula xe ʼ kij aqa kʼu leu chiʼ ja?
x aqkat chʼok na jiwi r.
kamik kʼo chiri jas taqawe.
are chiʼ ka kʼi s ri junab ʼ kʼo qʼi nom.
pana waljaʼ x inale xik.
na x in tataj we are ria kʼal ki x tzu quwik.
¡ ru lew ri sab ʼ u lone ru lew ri nef tali, ub ʼ eri polow , ru lew ri jordan, galile ʼa kech ri je taqam aqʼ !
ra x, ra x, ra x , kʼo kʼ, kʼo kʼ, kʼo kʼ le ru x lab ʼ le taqtiko ʼ n.
a chi xat wi lo.
p aqal raj il lepi xkamik.
xoj b ʼi nik.
pa jun je ʼ l tijob ʼal ku tijoj ri b ʼ jun akʼal , ub ʼiʼ po ʼ x, utz kuri lo kepa tijob ʼal rono jel taq qʼij.
xwa j chi x atʼe taj.
utz laʼ le x ub ʼij lea chi.
we taʼ am jachin kapetik.
kin qʼo jom anik.
x in qʼi ʼot akʼal ik xin pet ik.
are ʼ re taʼm cheki nop anik.
are tab ʼaleq aqa jaw chat to ʼ wik.
ka winaq waqib ʼ qʼataj.
naq aj chik cheri uwaq kaj b ʼal are taq chiʼ ksa ch uwach ri qʼij, kok ri qʼe quʼ m ch uwach u lew, chi kʼate ʼ nari b ʼe le jeb ʼ kaj b ʼal .
job ʼ raqan ri tz ʼalam xeporo xik.
sib ʼalaj ko ri j ri mop.
are waʼ.
jel aʼ pa ri ti minit chwi kab yok rech xe laj u ʼ, le qananqa tat kaki tikoje ʼ la laj taq uwachi chaj.
kʼa xnu qul.
xu ʼ lu kʼam aʼ.
koj ul ki tzu ku j.
are man kʼa x ta u kuna xik are taqani naq kaʼil i taj weyab ʼilal xu qujeʼ mojo ʼ qa ku yaʼ le kʼa x kʼol il chech lejo lom aj.
ri wel kʼo patijo nik.
kawaj ki nb ʼi j.
ri ko tz ʼiʼ j kqa koj chiu pa mrija.
qʼeq qʼoj ri j ri am aʼ ke j.
na xwa j taj x in chʼawik.
ch pe tab ʼale lo qʼalaj jab ʼ.
x sa chon ch kexat kisi kʼi j.
e le qʼal chʼi chʼ.
jachin xawi lo chi are x tijow ri tiʼ j?
mata kab ʼe len u xb ʼal pale tinamit.
p im ruq, riali.
¿ kʼo rim uqʼe chia we ch ?
kqab ʼij man keko win taj.
ki nti j na.
kʼo jun qatʼu ʼ y paja!
kʼo p uj chi u pam ri chʼaʼk.
are taq ki n kosik ki n warik.
xat waʼ ik xin wi lo
inx in chʼa yow leachi.
kono jel ria la xik keʼ etz ʼanik.
jas ru kʼ x ki tij wile kiri kil ?
aninaq il kat pe tik.
naraxta uwach le juy ub ʼ.
ri tz ʼalam tz ʼib ʼab ʼal ra xkkayik.
wech at chakunik, kʼo awa.
m aʼ tam xat pe cheri waʼim.
kamul kin waʼ na.
ri sik ilk tijow ru kʼik.
kimb ʼe aqʼan ru kʼ leal talin.
xoj ʼe k xe ʼ qilalarqas ok.
xeki qʼil le aj chakib ʼ xki w ok leja.
mat anex waj le kʼu hj nem ru kʼ lea teʼk.
are xe ʼo pan chiu chiʼ ri j uy ub ʼ, xki lo chiman qas ta kʼo qʼayes.
kʼate kʼut , ri jesus man k ko jon tach kech rie ʼ are ʼ , rumal rech che kono jel re taʼm ki wach,
pa ʼ tz ri j ri tz ʼiʼ.
ju winaq waq ib ʼ qʼataj.
atela qʼom.
xa qat joʼs.
ri qʼatzu, are qʼalaj riu qʼij il.
aj chak we ala.
ub ʼe lej uka kʼal taqanik (29).
keb ʼ nub ʼiʼ kʼo lik.
l aka tzali j lu ʼ laani naq?
katzu kun la chwe.
la kaj la koj b ʼe ʼ pale chomal chwe ʼ q?
x in nab ʼe j chuta sik qa kʼo lib ʼal.
la lxin to ʼ wik.
sib ʼalaj ano ʼ jib ʼal.
x oj pet ik xol qa kʼam aʼ.
sib ʼalaj je ʼ lik ri u waʼ l rii chaj.
kʼa xwi j rumal in pa chalik.
are taq xu kʼul maj waʼ xu l ri u chomanik xub ʼij : are utz waa qʼab ʼ ki nwali j ik, are chaʼ cha nim kino pan pa tijob ʼal , maj chik in kʼul maj.
oja j xo jo lob ʼ pa awas qʼij.
x insa ch che leu w okikle tzi j.
e jul aj uj riakʼ.
xu taj am pa ʼ koj ʼek.
qil ik.
ri tijo xel man are ta nim ch uwach ri raj tij. ri utz tijo xel qas je riʼ kʼo lik jas ri raj tij.
in xatin chʼayo.
no ʼ jim chak w umal.
chʼu rrijo chʼ.
ink inb ʼij na katsach taj.
uj ma yab ʼ.
ria b ʼaj yatzalik.
taj in kepi xb ʼax ria kʼalab ʼ.
chom ri aq.
xi n wa rik.
elemen kono jel ria kʼalab ʼ.
taj ink qʼanarik ri we re ʼ aj.
le u kem ik le pa s utz (chawe).
xuy u p ub ʼa uwach raʼ chi, ka chaʼ,.
ri satanas kok pa ri juda srik b ʼi x iska riʼ o tech rech , ri are ʼ jun chki xo ʼ l rie kab ʼ laj u j.
chu churipar.
kinqum uj ri nu jo chʼ.
chech punción l umbar am aqʼ el ra jawa xik chech ri lik leu kʼ e xb ʼem wi le nab ʼe ru kʼ le ukab ʼ u kʼutu nem ley ab ʼil al.
qʼalaj chinakawaj taj kab ʼi j.
kʼo qʼol chirij risiʼ.
jawi xo jʼe wi chu loq ʼik?
kʼo u lo chʼ ri talin.
qʼan ri j ria tiʼ tnu ke j.
la x tzali j lai wir?
xe si kʼi xik , kʼate kʼu riʼ xeya j ik, xu qujeʼ xe taq b ʼi cheusi kʼik lemes.
la ki x warik?
are kʼu lepa loma x x ub ʼij che :- mam katb ʼi son taj, kin si kʼi j ni kʼaj wa chiʼ l kera pa p ik.
aʼ re e tijo xe lab ʼ.
ri alaj al i siʼ l x ub ʼij x qachap pa utzal ri tyox.
x sa chon ch ke jachin xe atinik.
jas x uray ij le anan xu tijo?
xi n ko sik.
ra x rono jel ri qʼay es rumal lej ab ʼ.
kin ya waʼ we chʼi chʼpi nem nautz.
no ʼ jimu pa chʼu xik len uwiʼ.
naj kʼo wilew o ʼ chch uwach le tijob ʼal.
rio kib ʼal kʼo chi uwach ri saqja.
xe nutaq chʼi j ke kil lea kʼalab ʼ.
kʼo jun qʼoxo we m chiwe.
tza ri choʼ m.
we choj b ʼe pale nim aqʼij, ke qil le aj xo jo lob ʼ.
xoj ʼe k xe ʼ qilalarqas ok.
ria te ʼ k xu taʼ chech ri nanto ʼ n:- nan jas cheʼ chiman kaj talaqa kʼati saj ri jo ʼ q.
ri pa lsib ʼalaj xu ʼ y.
kin koj ri j ok b ʼal u lew.
ink inb ʼij na katsach taj
atra j kun le nunan.
kuqam uj uj oron ria j tzi j.
lu ʼ tz ʼalam ub ʼiʼ ria chik el pa nim cheʼ.
je ʼ lik u tiʼ jol al ri saq ko ʼ r.
kʼo jun xaʼ rpaja.
x in loq ʼ jun kʼa kʼ patan.
kʼa xu kem ik le pa saw umal.
aninaq u kem ik le pa sa w umal
ri chʼaʼ nsa chi naq pataq ab ʼix.
ra x taq leko tz ʼiʼ j.
mesom kanoq riu p amja.
man are ta rala xko sik.
ri komon xe chpu p rech u qʼab ʼ tinamit xo ʼ lab ʼaj rech qʼumar ka j.
la utzak ik kʼu sub ʼtaj in kuʼa no?
katel a!
na xu tij taj.
xa rumal ketaʼ m kono jel ri winaqk kiqum uj lej aʼ.
i wir x uj tzali j la pa kʼay b ʼal.
qe taʼm cheri qaw aku ju toʼo.
ria j tij, kya jon chik ech ria kʼalab ʼ.
jas ub ʼanom len u chʼuti tat?
chwe ʼ q kinb ʼepa nim tinamit.
utz we ki we taʼ maj jas kub ʼij ri chol b ʼal qʼij.
taj in kat jil ow cheu qʼo xom jo lom aj.
x intik qʼax chi uwach rija.
kʼa x le kib ʼ ele winaq.
loq ʼ kat kuntaj che ley ab ʼil ( covid - 19 ).
ri nu xib ʼal kel pa qaj b ʼal qʼij.
x ri l ria x wan chix waʼ ri ala.
leal ix kunataj ik.
wetaka pele jab ʼ kamik.
x in we taʼ maj chi naxat pe taj.
ri p waq rech we qʼataj riʼ kesa x chech ri toj b ʼal kʼay i nem.
kti j ri u waʼ lik rumal ri ki nim aqʼij.
xu chapu kuna xik.
chatan loq ali.
x in xu liʼ qajoq.
je ʼ lik k tijow ri taqik ox.
kʼate kʼu ri letat xo ʼ r xub ʼij, man kawa j taj , man kawa j taj.
kʼo juntz ʼiʼ pa b ʼ e.
kamul x in pe cheatzuku xik.
man taj in tak in chaku nik.
kinchaku nik rech kat waʼik.
jas ru kʼ xa wil wi chix kiqupi j wileti ʼ j.
jas ub ʼi xik … ?
koq ʼ ria kʼa l.
kawaj nakat ʼe taj.
xat qʼaj ik.
wem nach alo qʼaxi yal, na kimb ʼetaa w ukʼ.
x o pan lew ujaw u kʼ rumal we chin.
are kʼut pale juy ub ʼ k kʼi y jo ron, chil aʼ xe ki kʼama wiri j aʼ ri winaq.
koq ʼ ria kʼa l.
we kʼo ara j il chak ʼama loq.
are sib ʼalaj kaq lea poʼt ch uwach le nu po ʼ t.
x in kʼas taj pa kab ʼ laj uj kaj b ʼal.
kaqo yʼej naki x pe taj.
koka xim richi j xa jel aʼ man ka nima j tab ʼik.
ri kokno jim xb ʼe k, xu chʼi joxo pan pa u kʼi sb ʼal ille anim.
x oj kiʼ kotik are taq xa tu lik.
kaqi tz ʼ na j ri ux aj ab ʼ ria kʼal.
ri jesusk waʼ kat pa ri nim rachoch rid yos, chu xe ʼ ri jun jache rachoch ri sa lomon.
we taqanik riʼ kub ʼij chira jawa xik kyaʼu qʼij ri winaq xu qujeʼ kto ʼan inaqil.
ria x ux are nari u ku nel ri kinaqʼ.
are taq waʼ ri uqʼi jol we taqanik.
kʼo juntab ʼal pa u wiʼ ri x ka nul ub ʼiʼ laj uj no ʼ j.
yuʼ lub ʼanom riu kolob ʼ ri ke j.
x anim aj ri akʼal chi uwach riu chu ch.
k kunan ria chi.
kin waʼik rech nak in yo wa j taj.
aj xik chʼi chʼ rilu ʼ s.
kwa j chei xki xb ʼanow ik.
aʼre xe to ʼ walaq.
xoj ʼe k xe ʼ qilalarqas ok.
x in loq ʼ jun chʼi chʼ, qaj inaq uwach.
kutʼi sripanta lon.
e jani pale awal kʼ wale kʼo lik ?
u tzu kem ik le pas chawe.
ri max are aj qʼani yaʼ.
mata b ʼachi riq kʼa x pale b ʼe.
taj in ka nima j , ri meʼs.
i xi xeʼ la qʼom ab ʼ !
x sa chan chwe.
e kʼo kʼi cheʼ, chi uwach ri juy ub ʼ.
are waʼ ri nimalaj pi xab ʼe are waʼ ri nab ʼe.
x re taʼ maj chi ru kʼ pa kʼ kutij wi
jas utz ak ik le sub ʼ xu ʼano?
aj xo ʼ y ri wikan.
we tane aʼ re xe tijo w le ri kil, are le komon xe tijow ik.
sib ʼalaj aninaqka chʼaw le are ʼ chin uwachin.
utz we kinchaku j.
m eʼ sl aʼ.
kʼo kanwa rech kaqa tijo.
xi n sik ʼij la.
ria kʼal x sa ch ka noq jel aʼ pataqʼaj.
xe sik ʼij la.
jawi xkib ʼij wi chikeʼ e wi?
rumal che, man ix ta riʼ ri ki x chʼa wik, are ri ru x lab ʼa xel rii tat riʼ rik chʼaw nai w u kʼ ri ix.
kʼa kʼri wa choch.
sib ʼalaj utz ki n wil lea tz ʼyaq rech na huala.
saq por kkayri kipo ʼ trinan.
x sa chon ri n uchak chwe.
waʼim xu chapo.
ri qʼaqʼ taj in kaj u luw ik.
naj il u pam ri siwan.
e kʼo riqachal al pa chiu wiʼ la.
jas xa taq chiʼ j le akʼal chu tij ik?
no ʼ jimu kem ik le pa saw umal.
kʼo jun ku kub ʼiʼ tintin, waʼ le laj kuk mam ka je qitaj, kapaqika xu lik pa u wiʼ u qʼab ʼ taq cheʼ, sib ʼalaj sa kʼaj , ke ʼutol ee nim aʼ q, chʼu tin, ra chiʼ l, aj sipa nel sib ʼalaj utz ra nim aʼ.
ri u pi xab ʼ le qʼatb ʼal tzi j ki yaʼub ʼi xik.
na x sa chon tach ke xe atinik.
xe qil le chik opp uw ileja.
x lo ʼ taj riak ʼal.
qono jel ku j waʼ pa u wiʼ ri mexa.
x sik ir lewaqan.
laxat waʼ kʼut ?
nim ub ʼaqʼ ri tulul.
kin xik ʼi kʼik x in qʼa xik.
la katb ʼe pale tinamit ?
ri pa lsib ʼalaj sa qʼo r.
k qʼo xow nu ja lom.
x in naʼo chik at pe tik.
x loq ʼ u lewi we chix.
x in chakun ru kʼ ri numam.
na x qab ʼan taj.
k kʼo j iʼ b ʼaʼ ri usipa nik ria jaw xel jesus k ri sto ru kʼ ria w ux lab ʼal !
kin chʼaw ru kʼ len u nan pale chʼa web ʼal .
sib ʼalaj qʼe quʼ m rumal rimay ul.
are leba xu lik.
xekos lei xo qib ʼ pale b ʼe.
kʼa x ri lik le akʼal chawe.
x inqʼi ʼ oxi natinpa jo ron.
sib ʼalaj nim le tinamit.
kʼa xu kem ik le pa saw umal.
xi n sa chik.
taj in kelu kikʼel pa raqan ri tz ʼiʼ.
x in we taʼ maj ri lik wib ʼ
ri qʼu qʼ are jun jeʼl chikop.
kʼo paja tijob ʼal ri wikaqʼ.
ri sa chib ʼal mak raj wa xik chi qax o ʼ l.
je ʼ, kimb ʼe k.
je la le ʼ ri nup wiʼ.
x ub ʼij che :- jas xab ʼano tintin?
kab ʼan jun to qʼob ʼ kyak rin uj al.
kat ʼek xin ta.
jas leu kʼe xb ʼem rib ʼ le jun ru kʼ le jun chik?
aj chi u wiʼ mi qʼin jaʼ ri lu ʼ.
ri tijo nel naj k pe wi.
te ʼ kix chob ʼ ub ʼiʼ ri nutat.
ri j aʼ kami qʼik chi uwach ri qʼaqʼ.
rit ʼ u ʼy k pa qʼowik.
kin me son na.
naq aj at kʼo wichi we ch.
x in b ʼi son ik taqna xat pet taj.
we x kam ri winaq, ri p waq rech to j b ʼal ma kaj k yaʼ chi kech ri rala xik.
ri nun an xb ʼe pa kʼay b ʼal.
xoj u kʼamu loq rech koj ri lo
x kʼo to chin chiki wach chik in waʼaw ukʼ.
na xki kamsaj taj xki kʼam b ʼi choja.
kʼa kʼri ikʼ kamik.
x imb ʼe ru kʼ le aj kuni wir.
ri lik.
letz ʼiʼ xekosik.
x in ki ko taw umal.
ri imul xu maj ria nim , x uy akan lek ok.
kʼo oj cheriak ʼal.
x uj b ʼe pa jun kʼul anem.
utz we kwa ral aq.
ka qilo chinak oju kʼam taj.
x re taʼ maj chi ru kʼ pa kʼkutij wi.
sib ʼalaj x in kʼa ʼ narik.
x in kochi j ri nuwa.
man kat ko win taj kat chakunik, we man kʼo taria j ilab ʼal.
wew onon x ub ʼij chik e :-ki x into.
ria la nim k ri l wi riumam.
x kaʼ y chirij, x kaʼ y ch uwach, ma kʼo tachi jun ksi lob ʼik, x o qʼik xu xe ʼ j ri b ʼ x chʼop inik x tzali j loq xu riq tachik riub ʼe .
kʼop us cheri wa.
p i nem nakab ʼe lewa tz, kimb ʼe wi in pa kaʼ y ib ʼal.
rinanto ʼ n nim winaq chik, saq u wiʼ, rono jela qʼab ʼ utz kunaʼ oka tʼ uy iʼ pa u tem, kumi qʼi saj ri b ʼ chori qʼij, kʼo jun u wiʼ u mam ub ʼiʼa te ʼ k.
mane kʼi taj riqul aʼ.
qʼalaj chinakawaj taj kab ʼij
x pa qab ʼi sax raj il rono jel ri kem.
kʼo pa ri jul ri kuma tz.
rono jel qʼij ki n chʼaj len uw are.
saq chik an lei chaj rech katza ko.
chu xeleqa chomal kaqatij wi jun qam eq ʼin.
chawi laʼ.
e kʼo job ʼum iʼ al, ri nutat.
jas ru kʼ xa wil wi
je ʼ jas ri winaq rech ri uwach u lew, x o qujeʼ kepe na riʼ rie ʼ are ʼ chee rech ri uwach u lew ; je ʼ jas ri winaq rech ri kaj , x o qujeʼ kepe na riʼ rie ʼ are ʼ e rech ri kaj.
xi n tijo.
k tz ʼ uj uw ri rachoch ri po ʼ x.
xu qʼiʼo are leu kʼul el x yaʼow uwa.
ria wel x re taʼ maj chi ra jawa xik man kux ej tari b ʼ cheritu ku r.
ju kʼulaj winaq xe ʼa nima j b ʼik.
je ʼ, x in tzali j ik.
x oj pet ik xol qa kʼam aʼ.
maj jach in x ʼek.
ina j tij ; attijo xel.
sa quwiʼrita taʼ.
we ch ri kem.
lero ʼ ch le ate ʼ k kʼo chwach leu kʼay len unan.
kb ʼe pa ri si riʼa e pa ri sil is iʼ a, jawi je ʼ kuya wiri kichu qʼab ʼ ri komon tyo x.
pi xab ʼ : man utz taj kʼa x kuj chʼaw chiki j ni kʼaj qa chil.
x kunataj le ali( kumal rii xo qib ʼ ).
ri xib ʼib ʼal chi kʼo wi pataq riqa kʼa slemal rono jel qʼij.
nak uj w art awa ral.
on chek kʼo j iʼ ri utzil chi xo ʼ l, arech junam riqa koj onik, junam rii we chix ru kʼ ri we chin.
pa o x qʼij ri saʼ n kb ʼenaru kʼ ri aj kun.
ka winaq w u qub ʼ.
jas kawa j ki nti jo?
weta xa tb ʼe w u kʼ pale tinamit , xa lo qʼtal aʼ leujas taq lea kʼa jol.
keb ʼe pa waʼim.
x in loq ʼ kʼi wa.
pa jun nim kʼa cheʼ laj , kʼo jun kʼ waʼ sib ʼalaj saq lo loj , nim uwach.
kwaj katij jub ʼaʼ wa.
rono jel winaqk ri l nari u kolo nem rid yos ».
x kʼo to chin chiki wach chik in waʼaw u kʼ
kwaj nakat ʼe taj.
la xa loq ʼ jun alej ?
e kʼo rie lo qʼo manel.
ri ukab ʼ ub ʼiʼ ri num amare ya y.
kinjo pi j rii jaʼ rech triko.
x naʼ taj ch ke xe atinik.
xa te ʼ qil aʼ.
kaki tija la n xa x ri winaq.
. . . kinb ʼij chi are waʼ sinx iʼan.
na x in nab ʼe j ta chuta sik qa kʼo lib ʼal.
rumal rech chew eri in, ki n chʼa w ru kʼ rid yos pa chʼab ʼal , k chʼaw na kʼu riʼ ri w ux lab ʼal ru kʼ rid yos, kʼate kʼut man kʼo ta u patan riʼ ch rech ri n u choma b ʼal .
xe pet ik xki lo.
xu taweka tʼek.
u tzu kem ik le pas chawe.
ri nuw akax x utij jun qʼo qʼ rumal riʼ x kamik.
rumal ri kʼi x , man ke waʼ taj ri winaq.
xe ʼu lik.
qʼe qrij riam aʼ chij.
x raj kaʼ eleunan.
junam ki junab ʼ.
na qʼalaj taj wekaʼek.
ri wix nam chʼaj chʼo j ri rachoch.
waral man kʼo taj aj awal.
nai wir ta x ril le kʼamol b ʼe.
x in pe loq te kʼu riʼ x in tzu kuj rono jel ri nura jil.
ria j ti ko nel ku tik ri tzi j.
kʼo e ki kʼa jol lea chi jab ʼ.
kutij qʼayes rii x paʼch.
pa ri waʼ b ʼale kʼo ka winaq achi j ab ʼ.
sipo j ina q ri nup am.
ka yaʼtaj ik ru kʼu tiʼo nem jun riu ri qom le yab ʼi la molot set séxu qujeʼ are ka yaʼtaj pataq ri juy ub ʼ.
ja chi n ria chi?
ri num am x kamik are taq kʼo jum u chʼ laj uj u junab ʼ.
kinko winik ki n kʼam b ʼilep waq.
kin wi lo chi utz ria jiʼ.
x in qʼil ria po ʼ x che man kachakun taj.
k waʼ chi uwach le taqʼaj ri am aʼ akʼ.
ri imul xepo qʼik pa jun ikʼ.
x kʼi skanoq riqa chak.
are ria lix oj ilo wka noq.
sib ʼalaj chʼu ʼ j ri amax.
kʼo nuwa chiʼ.
inchaj inel kech lea kʼalab ʼ.
xeko sle tz ʼiʼ.
kinb ʼenaku kʼ ri molaj.
rono jela qʼab ʼ ki nyitz ʼ riwakax.
kara p inik x utzu kuj chi jun awaj.
le u kem ik le pa sa ninaq (aw umal ).
maj ura jil le qʼab ʼ arel.
kʼa x riʼ rika chʼ awik.
x oju taq chiʼ j le achich u lo qʼiki chaj.
sib ʼalaj kʼa x ri x kʼul ma xik.
xki lo chinak in kʼo xo maj taj.
x naʼ taj ch kechi xe atinik.
x kʼo to chin chiki wach chi xo jal w o ʼ qaku kʼ.
jun qʼu ʼ qraj il ri ka x la ʼ nwa.
x inwilo chi xe ʼelik.
e kʼoi xo qib ʼ pale kʼay b ʼal.
man kʼo taju kʼi sik rima yab ʼaj lab ʼal il.
ri sink kʼi y pa taqʼaj.
ri chʼi mam ank kʼi y taj pataqʼaj.
ra jawa xik kj ik ik ri waqän.
kawaj ki nʼek.
e kʼo o xib ʼ akʼ.
x ub ʼij chwe jawiat kʼo wi.
chwe ʼ qkuj b ʼe ʼ pam uquj.
pa saq kʼaj aʼ kb ʼan wiriuq.
xoj ki sik ʼij.
xi n w il wib ʼ.
ch aqʼ chik ri wa.
kimb ʼe naka palew o ʼ ch.
kawaj ki nʼek.
ri chʼu ʼ ktij ru kʼ le j.
pa ri ki qʼij kaminaq ib ʼ kb ʼan qʼo ri kʼ yaʼ rech aj : nab ʼ eri nan ku tzu kuj ka n ria j , kuja chʼo ʼ xu quje ku kʼe to.
jas kaj b ʼal cha nim?
u tzu chomanik ria li.
pa riqʼi jox laj uj tija xki n kʼi s keb ʼ junab ʼ ki n chakun wa ral.
sib ʼalaj ko , ri kʼa kʼ chʼat.
jas karaj kub ʼij … ?
ri chʼi chʼ kas ilab ʼik.
pa oje rqʼal pul x aqxu wiri nim winaq ke kʼamow b ʼe.
le u kuna xik le ukab ʼ u kʼut unik are ru kʼ e flor nitinao nutu nib ʼaxik le ni furtimo x chiʼ le flor ni tina chech t.b. g.
are ria chi xi n chʼa yowik.
jun achi ub ʼi ku ʼ x usipa j keb ʼ kʼaʼ mu lew rech kab ʼan ri tijob ʼal , kamik , kʼo chik aj tij rech ri komon xe chpup.
xu malt yoxi j cheri aj tij rono jel le xu kʼut chi uwach.
pa rib ʼe xki raq jun alaj i mulsaq ri j , xki kʼam b ʼik.
x ril le b ʼaleala.
jas kub ʼij chwe ?
le u kunataj em are ru kʼu tzu ku xik le uchi kop il pa jun u solik u xe ʼ le kikʼon le jaʼ rech jun no do.
utz we nutz ʼiʼ.
je ʼ , taj in kachapo nik.
kin u lo qʼoj len utat.
kawaj kimb ʼe pa tinamit.
are laʼ kinchaku j.
ri nim aʼq taq winaq kʼo ketaʼ mab ʼal.
weta xa tb ʼe w u kʼ pale tinamit , xa loq ʼ ta waʼ we jas taq.
ri ki kʼa slemal. wai ximu lew xa jun chima are ta tinimit rima
ri u kʼ yab ʼal na jupam.
x at qaj chiu pam ri il.
noj im kat waʼik.
we kʼo junk tu qaʼ rik, ¿la man xo qujeʼ taj ki ntu qaʼ rri in ?
ojo j w okolja.
awas kb ʼan kʼa x che jun nim winaq.
x in chʼawa pan ru kʼ lew anab ʼ.
kʼa xriu pa mriju ʼ l.
taj in ke waʼ ri imul.
la kaj lak uj tzali j la aninaq?
rumal rech cherima kaj man kʼo tauko wi nem pi wiʼ ri ix : ri ix man ix kʼo tachi chu xe ʼ ri pi xab ʼ, x aneix kʼo chu xe ʼ ri sipanik.
nim raqan le cheʼ.
xi n chapo.
are letu ʼ r le loq ʼom anel.
x as kat kʼo jiʼ chiu pam ri chʼi chʼ.
sib ʼalaj nim raqan ri kʼamal b ʼe.
le tzʼib ʼab ʼal we chin.
in x in to ʼ w la.
xa je kʼu riʼ ri ix kamik riʼ man ix ka x la n winaq tachik; ri ix , ix rech ri ki tinimit rie tyo x laj taq winaq , ix rech ri rachoch rid yos.
x intiko x la j kʼali chaj.
kaqari q qib ʼ chwe ʼ q.
sib ʼalaj utz cheri wiʼaj ri tuney.
we naju pu likta xe qaj ik...
x into ʼ taj cherinu chak.
kʼo jun chikop ub ʼiʼp um.
poqon riik.
xoj b ʼi nik.
xu chʼek rono jel le retam anik x pa qiʼ k kʼa xk wʼ inik xub ʼanaj kun.
kel ub ʼik pa rijude ʼa ek tzali j chi ub ʼi ju mul pa ri galile ʼa.
x ina xib ʼij pab ʼe.
je ʼ l kʼo lem chi awachoch.
rono jel ri yaʼtal il pa we qʼataj , tz ʼaqat ki wach, man k tzaq tak anoq xu qujeʼ man ktas taj.
xu kunaj leya wab ʼ leaj qʼij.
chita tab ʼe j jas le kimb ʼi j.
chʼan al ria chi.
pab ʼo koʼ kachaku nwirita x.
uj kʼo pa uw uq qʼij.
kiʼ ri ukab ʼ riaqaj.
kʼo rachal al pa tz ʼoloj cheʼ ri pe ʼ l.
xki lo chik in kʼo xom aj.
ri u ki sa kʼu tz kyaʼik chi u xe ʼ ri ti koʼ n.
are taq chiʼ ka qʼan pu wiʼ ri ju kub ʼ, ria chi chex kʼo j iʼ ri itzel ux lab ʼal ru kʼ, ku tach rech ri are ʼ , are chk kʼo j iʼ ru kʼ ri are ʼ.
na kab ʼantaj taw umal.
x naʼ taj ch ke xe atinik.
x in pa j ri nutriko.
xe ʼ ok ri po kʼ pa riu mex ari po ʼ x.
ka jul uw ria qʼaʼ l chi u xe ʼ ri tʼu ʼ y.
awe ch le ja.
x uj b ʼe pa tzu rik.
nab ʼexatop anik.
ri ukab ʼ ub ʼiʼ ri num amare ya y.
uwaj x aquka kʼal taqanik (28).
mata kʼo jun ka kanaj ka noq , qono jel koj b ʼek.
e nim aʼ qleal tom ab ʼ.
nim uwach ri poʼt.
kojo nik pa ri utzi j wai ximu lew.
jas xu kʼam b ʼi letz ʼiʼ xawi lo ?
xi n pet ik, tat.
ri b ʼe laj uwach.
chita tab ʼe j jas ri kimb ʼi j.
je ʼ l ku naʼ ri ab ʼix chiu pam riququ lew.
kinb ʼiso j uwach lew al.
xu tʼ uy ub ʼaʼ.
nim ria we qele ʼ n x ari qo.
xi ne ʼ waʼoq.
chiʼ ke warwilea kʼalab ʼ.
ri num iʼ al xu taq loq jun taq o ʼ m w uj chiwe.
qʼe ʼ lik, ri chaj pa ri b ʼe.
la utz awach? - utz mal tyo x , e kʼu ri at ? – utz mal tyox.
x in kos rumal nu chak.
kb ʼe ku kʼ rie ʼ are ʼ ek tzali j pa rinas are te keʼ u nimaj.
ri joj xu kʼam b ʼik riakʼ.
kʼo chi wa chiʼ l cha nim.
kub ʼij chech naʼ l kab ʼan cheria tz ʼib ʼ.
e. . . in kawa j katz jo j b ʼil achwe.
mata xi n yaj leali.
jachin ru kʼ katb ʼe wi?
kʼo sib ʼalaj e taʼ mab ʼal pa rima yab ʼno ʼ jib ʼal .
e man xo ri ju p uqke j.
ka sum um ri ka qiqʼ.
e kʼo kaj ib ʼa kʼalab ʼ pale b ʼe.
je ʼ jas riu tatk kaʼ y ik.
x aqat molo nel tzi j tal.
le nut at ka loq ʼon chwe.
xaq tane kimb ʼei w ukʼ.
x re taʼ maj u chʼaj ik.
rumal la ʼ x koj “ x al qʼat ” che ub ʼiʼ ri komon.
are leu kem ik pa sxret aʼ maj .
ri wa tiʼt kub ʼan nari upatan.
kʼak ʼ lepo ʼ t.
re taʼm uwach jachin x lo qʼow ri pas.
ken chʼab ʼe j lea kʼalab ʼ.
yaʼtal chaqe qono jel ri uj winaq utz ka qil qib ʼ.
x kotiʼ pa qʼayesxo qʼik.
ka winaq b ʼe le jeb ʼ qʼataj.
e kʼo kaj ib ʼ ral rii mul, jun saq, jun qʼan , jun qʼeq, jun qʼe qoj , sib ʼalaj ketz ʼanik, ke chʼop inik ri alaj taqi mul.
k chol ol ria chachal.
kete kik ri ik ʼ.
xe pet ik rech ke waʼiw ukʼ.
tza tz ri u qʼanil riakʼ.
x oj tzali j ik x ix e ʼ qa qʼat uj ku kʼ leita tinan.
ri yoʼ x taqa kʼalab ʼ ke kikʼux ria tz ʼyaq.
we achi wex usipa j jun poʼt chwe xkamik.
k ko win ri kun anel che kuna nik.
x ji qʼ pa ri polow.
xa rumal sib ʼalaj ra jawa xik le lo qʼalaj jaʼ , le winaq xkib ʼij : che we ikʼ riʼ qono jel kuj b ʼe che utik ik taq cheʼ.
ri u nan erie rachalal kepe u loq ru kʼ ri are ʼ , kʼate kʼu riʼ, man ke ko win taj ke qib ʼ u koq ru kʼ, rumal rech chee kʼo sib ʼalaj winaq.
rumal rech , che man kʼo ta junk ko win cheu koj ik junti kib ʼal il chik ch uwach ri kojom chik che are ri jesusk ri sto.
te kʼu riʼ xu tz ʼib ʼaj ri b ʼ pa ri nimalaj tijob ʼal rech aj ku ʼ n.
ka jul uw ri chʼu mil cha qʼab ʼ.
kʼi sb ʼal ka noq , x o qujeʼ k kam rii xoq.
le alax okik.
kʼop waq pa u wiʼ ri mexa.
are kawa j naki nʼe taj.
riya wal ku koj ria li chiu xe ʼ ri chakachare usu ʼ t.
na kaqa kʼam tu ʼ b ʼi kamik.
ria j tij kub ʼij chik e : ra jawa xik keqa chaj i j ria waj, are uti koʼ n ria jaw.
x intij mu kuniwi r.
kʼa x leu wiʼ taq len u qʼab ʼ.
x in loq ʼ jun il b ʼal wib ʼ.
waʼ we qʼij, nim ub ʼantaj ik.
ri u xe ʼal riqa tinamit man kasach taj.
xoj b ʼi nik.
ria chalal junam ki wach.
x in we taʼ maj ri lik wib ʼ.
nim ri u naʼoj wa j tij.
miq ʼin ri kʼu l.
aj qʼo jom ria teʼk.
che les anik cheʼ kb ʼan wiri qʼo jom.
ka pelea wel pana waljaʼ.
ri meso nel taj ink chakunik.
utz chaqe kaqa to ʼ qib ʼ, taq kʼo kʼa x kʼo lil, kate we chiʼ n ria jaw paqa wiʼ.
xawi lo , x qʼat an leib ʼoy.
x at ko w inik xab ʼano.
kiʼ ri kʼa we x.
kaj il il ri b ʼ e.
lea li xel b ʼ ik.
are ʼ x raj xin b ʼano.
nim we ab ʼaj.
je ʼ lik u tiʼ jol al ri saq ko ʼ r.
noj ina q ri ke j.
we katij an xu x man kat uto ʼ tachi u qʼati xik le kʼa kʼyab ʼil coro navirus ( 2019 -n cov).
nanim ta raqan waʼ we cheʼ.
utz alaj aj chak, ri wel.
¿jam pa ʼ ku j b ʼe pa nima qʼij ?
ra jawa xik tanel aʼ kat chakun wu kʼ.
xu taq chiʼ j pa waram pu lew.
mana retaria xwan xelik.
ria wi xxu loq ʼ rachoch re nimal.
are ri ix oq x in sik ʼinu loq.
ri chʼima kʼat ʼon na.
la xib ʼan lei chak?
kʼi tinamite kʼo pa chʼo ʼ j.
kʼo jup uq chij chiu xe ʼ ri cheʼ.
ri ux aq ri ab ʼix are uw ari ke j.
ka winaq qʼataj.
la ki x pe pa tijob ʼal ?
we kechaj ix taq le kʼwa jachakin b ʼij; jun alik kʼo jaʼ xu qujeʼ sib ʼalaj saq lo loj.
x re taʼ maj.
ri alab ʼom ria li tom ab ʼ taj in kiki tijoj kib ʼ rech su taq, are ka kaj kikib ʼan nim aqa chij ab ʼ chu pam ri ki kʼa slemal, xu quje kʼo chik jup uq b ʼi xo nel chu pam ri komon.
la tz ʼ uwachrib ʼe.
kʼa kʼ ria chʼi chʼ.
qono jel u j, uj may ab ʼ taq winaq.
no jel qʼij ria tiʼ x kuy u qʼuj le taqawaj jel aʼ pa ni kʼaj jaʼ , chirij ri j uy ub ʼ ub ʼiʼ te naʼ.
pa qʼom chik risiʼ.
kin tzu ku n chela.
kaki tij le kinaqʼ, le ichaj , leu waʼ lik ru kʼ lej.
xekana j kan le aj chakib ʼ.
keti kon ria chi jab ʼ.
sib ʼalaj itzel ub ʼantaj ik ri chʼi lak an.
ria teʼk xu malt yoxi j cheri ra tiʼt , rumal ri utz alaj no ʼ jib ʼal xu kʼut che ch.
k kamul ix uchak ri ab ʼi x.
la xin utz uk uj letijo xel?
are ʼ kachakun rono jel qʼij.
lee kʼaʼ na taq tz ʼiʼ.
saq ri j ri plam ux.
jas x aqʼi ʼo x atijo.
jas ru kʼ x kichap wi utij ik ler ikil ?
we kata tinru kʼ kʼatan jaʼ man ku qʼate j tale kʼa kʼyab ʼil coro navirus.
la katb ʼin pale ux lanb ʼal ?
la waral kʼu xix waʼ wi?
are len u tatk in loq ʼonik.
taj ink chakun ri ala.
kʼo ri kiʼ kotemala w u kʼ.
xu ta jachin kaʼ ek.
xat waʼ ik x inwilo.
x tzaq ri rachoch rumal ri jab ʼ.
pale jun ikʼ chik are nim aqʼij.
e keb ʼäm keb ʼin pa u wiʼ ri tem.
mem ria chi.
ri wikan chal iʼ y kel pa j uy ub ʼ ch witzi rib ʼal.
le raj il, lapaja xela qʼax wuʼ b ʼik ?
pa ri su ʼt pi som wirilej.
koj pet ik kolqa kʼam aʼ.
taj in kat chʼop in chi uwach ri taqʼa j.
le qʼor x chʼu qik.
kʼa x waʼimaw umal.
kinb ʼi son che lew al.
sib ʼalaj kʼo kʼ ria watzʼyaq.
kamik x uj b ʼe cheu tik ik taq cheʼ pa ri juy ub ʼ.
kin u lo qʼoj len utat.
chaqiʼ j chik ri chaj.
xy il ix haway i.
na x naʼ taj tach ke chi xeat inik.
ru kʼ kʼu waʼ we riʼ, ri ixk kʼo j iʼ jun utz alaj i kʼa slemal riʼ ch ki wach ri winaq che mane kʼo taiw u kʼ, kʼate kʼu riʼ man kʼo ta jun winaq riʼ ra jawa xik chi we ch.
e petinaq pa b ʼe le rachala xik.
ka kaj lea kʼalab ʼ ke waʼik.
x uj chʼay b ʼik.
ri nu chak are qʼaxel tzi j.
kʼo nar ux lab ʼ ria waj.
taj in kel loq, riqʼi j.
xu qʼiʼo x kamsa x ri rachal al choch.
ri num amare kʼo uqʼi nomal.
x kʼul mataj ju mul, xub ʼan jun nimalaj jab ʼ, man xb ʼe yetaj tana xu kʼi sle uy u qʼ chike.
am aʼ ri nutz ʼiʼ.
je waʼkat pe tik.
x in kosik rumal x in chaku nik
i wech chi j u junal, ri wa.
xu qʼiʼo nax atatin taj.
in ri qtaj inaq pa ri kʼay ib ʼal.
na we taʼm taj.
kʼa x len u qʼab ʼ.
utz le xub ʼij leachi.
kem atz ʼib ʼ.
kʼo rachal al pa tz ʼoloj cheʼ ri pe ʼ l.
rono jel waʼ we jas taq riʼ, x as ksa ch wi uwach waʼ; ru kʼ we riʼ, ri ix, ra jawa xik che kʼo jun tyo x laj i kʼa slemale k kʼo j iʼ rii chʼaw em ru kʼ rid yos,
x muq taj ri pa tz ʼan.
ri chʼi chʼ tzi jom kanoq pa riu kʼol b ʼal.
man kʼo tau cholaj pataqria w u j.
ja chik e ikʼ leu nima qʼij le tinamit nawal jaʼ ?
xe pet ik xol ki kʼam aʼ.
kachu qʼ chu trij aʼ chiapam.
x in b ʼij i wir chi xeb ʼepa armita.
are ʼux e ʼo je r tzi j waral kʼi cheʼ ub ʼiʼ.
x kʼi srinu siʼ.
jawi xkib ʼij wi chikeʼ e wi?
¡ xa je kʼu riʼ, jachin taq rie kʼopa rijude ʼ a, chicha nim cheʼa nima jub ʼi pataq ri juy ub ʼ,
kʼak ʼ ria b ʼ.
la kʼo jun naka kʼo xo maj taj ?
na utz tale utʼi som le alma riy.
man yaʼtal taj chia we katok paja.
je ʼ, xatu tzu ku j.
are kel wa j xa qib ʼ u qʼij ri x kʼo j ik.
ri x unk urk kʼo jiʼ pataq ri triko.
xi n sa chik.
xu tʼ uy ub ʼaʼ
na nutom tale tzi j …
wa chʼom ri kiwa ri no ʼ s.
e kʼo job ʼ chʼ il wakʼ.
ra jawi xik chi pataq ri tijob ʼal , pani kʼaj ub ʼi xik chik
ri ra jaw ru lew are ʼ tatkel.
we kʼux ok ik, we kʼna xok ta
we achi x usipa j jun pʼot chwe.
atat utaq o ʼ n le qʼatal tzi j.
naq ʼanta uwach leqap rut.
ri x aʼ r kʼo pa u wiʼ ri qʼaqʼ kpo qʼowik.
ri ro qʼe j ria li jachak pe junak ʼal.
kʼo jun alap atijob ʼal .
sä quwiʼrita taʼ.
ri witz ikʼ taj ink pe loq.
jaw ix sa chon wikan u yaʼik lep waq che.
utz we achi we xin kuna nik.
qono jel ku j waʼ pa u wiʼ ri mexa.
ri kax la ʼ nik man po qon taj.
in x in b ʼeru kʼ ri wachiʼ l.
sib ʼalaj je ʼ l xki lo xeki tzoq opi j ri kichij chilaʼ.
kinb ʼinik xi nʼek.
kʼa x kʼo lik, kachaʼ.
ku tiji xim riakʼ.
ria li x chel, xu qʼiʼo xa jun akʼ x sipa x che.
x qasi kʼi j le ix oq chu tzak iksub ʼ.
mata xab ʼinsa j le chʼi chʼ.
ri pi x tz ʼara lik rumal rie qaʼ n.
¿ja mp aʼ kel chi 3%
kʼo jun nu kʼo toj chiʼaj.
taj in ke waʼ katri alab ʼom.
x in loq ʼ len u kʼakʼapo ʼ t.
na utz ak ikta sub ʼ taj in kuʼa no
x oj utaq chiʼ ij xoj waʼik.
i wech ria b ʼi x.
saq ri j ri chij.
aj sik cheri tinamit kel wirit ataʼ.
- ¡ ay ! x ax in tzaqu loq , kʼa x wewaqan.
x kʼul mataj pa jun komon chiʼ uwach jun juy ub ʼ, xu riqa jun qʼij xki riq kib ʼjuni mul ru kʼ lekok.
jas xa taq chiʼ j le akʼal chu tij ik?
x inchap osu xu lo qʼo.
qʼi nom ria chi.
ri kʼum k tijow ru kʼ kab ʼ.
taj in ke ja chʼanik.
tze b ʼal u kem ik le pa saw umal.
are ka yoʼ w le uchikop il le ub ʼantaj ikt ry panos oma brucei.
wekat nim anik utz ke lik.
pero noʼ j im al pet naq loq, .
are len uchak jun tzu qb ʼal wib ʼ.
x kunax leya wab ʼ rumal leaj qʼij.
ri u kʼu ʼ x tz ʼib ʼ paqa tzi jel aju j.
sib ʼalaj je ʼ lik rie qab ʼal x ub ʼan rilu ʼ s.
sib ʼalaj atkon.
e man xo ri ju p uqke j.
na x naʼ taj tach ke xe atinik.
ri kʼamal b ʼexu b ʼij chik e , chimaj aria nim.
jum u chʼri nu junab ʼ.
qʼiptaj inaq ri raqan ri tem.
k chakun ru kʼ ri josb ʼal cheʼ ria j anel.
xa taq chiʼ j le akʼal ch utij ik ka r.
oj kʼo pale ro ʼ ch lea wel.
¿lakat pe qukʼ chweʼ q?
le winaq pale chʼi chʼet ʼ uy ul lo wi.
x kanaj kanoq chi u xe ʼ ri j ab ʼ ri chʼaʼn.
nim ri ja.
weta xa kunaj le atat mat axkam laʼ.
nan u kʼam om tuʼ la riʼ.
ch qan u kʼu ʼ riqa tzi j.
kimb ʼe pale tinamit.
x in qʼi ʼon ax inatin taj.
ra jawa xik ka kʼaman cha we le utij ik le lej.
kʼi sb ʼal taq no ʼ jib ʼal .
