xin e ʼ wa ʼoq .
x kibʼan kʼax che leu wosaq ru mal man utz tachik akayik .
ri q ʼutu ʼm man kech ta le akʼala bʼ .
are na nim ta leatz ʼi ʼ chu wach lenutz ʼi ʼ .
xe petik xolki la ʼ .
¿jawchi ʼ xata ʼ che x kam riu mam ri po ʼx ?
e kebʼ kekʼam bʼik pa tuj .
xin loq ʼ jun japa ri wokaj ja .
ri axtu ʼ bʼ, kʼo qulaj chech .
jas karaj ka ʼ an ch utza kik leti ʼij .
xutij lewa.
xim bʼal re tzij .
xpax ri bʼo ʼj .
we kawajka tinto ʼo xaq xu wi kabʼij chi we .
jas nu kʼu kuch ʼo bʼo .
jas karaj ku tijo ?
xe x ru x la bʼ ri rik il .
e ni tz ʼa ʼ q le taqimul .
weta ne inxin bʼanow ik , are le ate ʼ k x bʼanow ik .
kin tzalij pa le nu tina mit .
ri nu chaq ʼ kʼopa u ro ʼ q ʼatoj tijo nik pari tijo bʼal .
xin xi ʼj wi bʼ xin ch ʼaw ik .
kʼo ch waro ʼch lep are .
chi raqan kabʼin wiri tata ʼ .
x sachon kan u ya ʼik le p waq che choja .
xin q ʼax chi kixo ʼl ri winaq .
ketiko nik .
riu lew man q ech taj , kech riqati ʼ t qamam .
xepe le winaq xol kikʼama ʼ .
xu loq ʼ ri wuj ru mal ri ali .
che we q ʼij kamik kʼo jun nu tzijo nem chi rij le nu tina mit .
kej ri ʼ .
x kuna na laq ch we .
kin u si kʼij lenunan .
ri i mul xuch ʼij taj , xkan aj pa bʼe, ru mal ri nimalkuj al uj ri i mul , xu tz aq ria nim .
ku bʼan ri uxoq ʼo ʼl ri aj tz ʼaq .
ri la si bʼalaj utz cheku na bʼal .
kʼi kiwach rie ʼ ajchaki bʼ pari komonty ox , kʼate kʼut xa jun chi ajaw xel ;
x qata chixa tulik .
kawaj chi kat ʼek .
ch ʼuti ʼ n kekan aj ri xa ja bʼ chech .
kaqa xi ʼj qi bʼ kaqa chapo .
e kʼo kebʼ u kʼ ajol le tat x wan .
lu ʼ su bʼi ʼri recham .
aj chiu wi ʼ mi q ʼinja ʼ ri lu ʼ .
xin ya kan le nu chimpa kʼay bʼal .
kʼate x rilo, x pe riunan cheu tzukuxik , x kikotik , xu sala bʼisaj ritaqu x kin .
xki kʼut chiu wach ri aj tij xuquje ʼ chikiwach ri taqnik ʼaj kachil .
utz le nu q ʼa bʼ .
ku l le al we ʼl pa austin chaq ʼa bʼ kamik .
riate ʼ k x tzaq loq are chi kʼopa u wi ʼ ri q ʼa ʼm .
aj pa tan ri te ʼk .
xat qaj chiupam ri il .
la kʼo tzij naki kʼoxoma jtaj ?
x sachon chkechi xe a tinik .
ro nojel leu lewech alaq .
la xe bʼe kʼula xe ʼ ki jaqa kʼu leu chi ʼ ja ?
xaq kat ch ʼok na ji wir .
kamik kʼochiri jastaqa we .
are chi ʼ kakʼis ri juna bʼ kʼo q ʼinom .
pa nawal ja ʼ xina le xik .
na xin tat aj we are ri akʼal kix tzuqu wi k .
¡ ru lew ri sa bʼ ulo ne ru lew ri neftali, u bʼeri polow , ru lew ri jordan, gali le ʼ a kech rij etaq amaq ʼ !
rax , rax , rax , kʼok ʼ, kʼok ʼ, kʼo kʼle rux la bʼ le taq tiko ʼ n .
a chixa t wilo .
paqal rajil le pix kamik .
xoj bʼinik .
pa jun je ʼl tijo bʼal ku tijoj ri bʼ juna kʼal , u bʼi ʼ po ʼ x , utz ku ri lok e pa tijo bʼal ro nojel taq q ʼij .
x waj chixa tʼe taj .
utz la ʼle xu bʼij le achi.
weta ʼam jachin ka petik .
kin q ʼojoma nik .
xin q ʼi ʼo tak ʼalik xin petik .
are ʼ reta ʼm che kinopa nik .
areta bʼal eqa qajaw cha t to ʼwik .
kawinaq waqi bʼ q ʼa taj .
naqaj chik cheri u waq kaj bʼal aretaq chi ʼ k sach u wach riq ʼij , kok ri q ʼe q u ʼm chu wachu lew , chi kʼate ʼ nari bʼe leje bʼ kaj bʼal .
jo bʼ raqan ri tz ʼalam xe poro xik .
si bʼalaj ko rij ri mop .
arewa ʼ .
jela ʼ pari timini t ch wi kab yok rech xelaj u ʼ, leqa nan qa tat kakitikoj e ʼl alaj taq u wachi chaj .
kʼax nuqul .
xu ʼl ukʼama ʼ .
ko jul kitzukuj .
are man kʼax taukuna xik aretaq aninaq ka ʼilitaj we ya bʼil al xuquje ʼ mojo ʼ qakuya ʼle kʼax kʼol il chech le jolom aj .
ri wel kʼopa tijo nik .
kawaj kin bʼij .
ri kotz ʼi ʼj k qa koj chiupam ri ja .
q ʼe q q ʼoj rij ri ama ʼkej .
na x waj taj xin ch ʼaw ik .
ch peta bʼal e loq ʼalaj ja bʼ .
x sachon ch kexat kisi kʼij .
e leq ʼalch ʼich ʼ .
jachin xa wilo chi are x tijo w ri ti ʼj ?
mata kabʼe le nu x bʼal pa le tina mit .
pim ru q , ri al i.
¿ kʼo rim uq ʼe chi awech ?
k qa bʼij man kekowin taj .
kin tij na .
kʼo jun qa tʼu ʼ y pa ja!
kʼo puj chiupam rich ʼa ʼk .
aretaq kin kosik kin warik .
xat wa ʼik xin wilo
in xin ch ʼayow le achi.
konojel ri ala xikke ʼ etz ʼan ik .
jas ru kʼ xki tij wi le kirik il ?
aninaq il kat petik .
nara xta u wach le juyu bʼ .
ri tz ʼalam tz ʼi bʼa bʼal rax k kayik .
we cha t chakunik , kʼo awa.
ma ʼtam xat pe cheri wa ʼim .
kamul kin wa ʼna .
ri si kil k tijow ru kʼik .
kim bʼe aq ʼan ru kʼ le al talin .
xoj ʼek xe ʼ q il ala rqas ok .
xe kiq ʼil le ajchaki bʼ x kiwok le ja .
ma tane x waj le kʼu hj nem ru kʼle ate ʼ k .
are xe ʼopan chiuchi ʼ ri juyu bʼ, x kilo chi man qas tak ʼo q ʼayes .
kʼate kʼut , ri jesus man k kojon tach kech rie ʼ are ʼ , ru mal rech che konojel reta ʼm kiwach ,
pa ʼ tz rij ri tz ʼi ʼ .
ju winaq waqi bʼ q ʼa taj .
atel aq ʼom .
xaq at jo ʼ s.
ri q ʼa tzu, are q ʼalaj ri uq ʼij il .
aj chak we ala .
u bʼe leju ka kʼal taqanik (29).
kebʼ nu bʼi ʼ kʼolik .
la katzalij lu ʼla aninaq ?
katzukun lach we.
la kaj lakoj bʼe ʼ pa le chomal ch we ʼ q ?
xin na bʼej chu tasik qa kʼoli bʼal .
la lxinto ʼ wik .
si bʼ alaja no ʼji bʼal .
xoj peti kxol q akʼama ʼ .
si bʼalaj je ʼl ik riu wa ʼl ri i chaj .
kʼax wij ru mal in pa cha lik .
aretaq xu kʼu lmaj wa ʼ xu l riu choma nik xu bʼij : are utz wa aq ʼa bʼ kin walij ik , are cha ʼ cha nim kinopan pa tijo bʼal , maj chikin kʼu lmaj .
oj aj xojolo bʼ pa awasq ʼij .
xin sach che leu wokik letzij .
e julaj uj ri akʼ .
xuta jampa ʼ koj ʼek .
qilik .
ri tijo xel man areta nim chu wach ri raj tij . ri utz tijo xel qas jeri ʼ kʼolik jas ri raj tij .
in xa tin ch ʼayo .
no ʼjim chak wu mal .
ch ʼu r rij och ʼ .
in kin bʼij na katsach taj .
uj maya bʼ .
ria bʼaj ya tzalik .
tajin kepix bʼax ri akʼala bʼ .
chomri aq .
xin warik .
elemen konojel ri akʼala bʼ .
tajin k q ʼa na rik ri we re ʼ aj .
leu kemik lepas utz ( cha we ).
xuyu pu bʼa u wach ra ʼ chi , kacha ʼ, .
ri sa tanas kok pari judas ri kbʼix iska ri ʼo tech rech , ri are ʼ jun ch kixo ʼl rie kabʼla juj .
chu chu ripar .
kin qumuj ri nu joch ʼ .
chech punción lumbar amaq ʼel rajawa xik chech ri lik leu kʼex bʼem wi le na bʼe ru kʼ leu kabʼ u kʼutu nem leya bʼil al .
q ʼalaj chi na kawaj taj kabʼij .
kʼo q ʼol chi rij risi ʼ .
jawi xoj ʼe wi chu loq ʼik ?
kʼo u loch ʼri talin .
q ʼan rij riati ʼtnukej .
la x tzalij la i wir?
xe si kʼixik , kʼate kʼu ri ʼ xe ya jik , xuquje ʼ xetaq bʼi cheu si kʼik le mes .
lakix warik ?
are kʼu lepa loma x xu bʼij che: -mam kat bʼiso ntaj , kin si kʼij nik ʼaj wachi ʼl kerapa pik .
a ʼree tijo xela bʼ .
ri alaj ali si ʼl xu bʼij x qachap pa utzal ri tyo x .
x sachon chke jachin xe a tinik .
jas xu rayij lea nan xu tijo ?
xin kosik .
rax ro nojel ri q ʼayes ru mal leja bʼ .
kin ya wa ʼ wech ʼich ʼ pinem na utz .
no ʼji mu pa ch ʼuxik le nu wi ʼ .
naj kʼowi le wo ʼch chu wach le tijo bʼal .
rio kibʼal kʼo chiu wach ri saq ja .
xe nu taq ch ʼij kekil le akʼala bʼ .
kʼo jun q ʼoxow em chi we .
tza ri cho ʼm .
we choj bʼe pa le nimaq ʼij , keq il le aj xojolo bʼ .
xoj ʼek xe ʼ q il ala rqas ok .
riate ʼ k xuta ʼ chech ri na nto ʼn :- nan jas che ʼ chiman kaj tal aqakʼa tisaj ri jo ʼ q .
rip al si bʼalaj xu ʼ y .
kin koj rij ok bʼal u lew .
in kin bʼij na katsach taj
a traj kun lenunan .
ku qamuj u joron ri aj tzij .
lu ʼ tz ʼalam u bʼi ʼ ri achikel pa nim che ʼ .
je ʼ lik uti ʼjol al ri saq ko ʼ r.
kʼo jun xa ʼ r pa ja .
xin loq ʼ jun kʼakʼ pa tan .
kʼax ukemik le pa sa wu mal .
aninaq u kemik lepasa wu mal
rich ʼa ʼn sachinaq pataqa bʼix .
rax taq le kotz ʼi ʼj .
mes om kanoq riupam ja .
man areta rala x kosik .
ri komon xech pu p rech uq ʼa bʼ tina mit xo ʼla bʼaj rech q ʼu markaj .
la utza kik kʼusu bʼ tajin ku ʼ ano ?
kate la !
na xu tij taj .
xa ru mal keta ʼm konojel ri winaq k kiqumuj le ja ʼ .
i wir xuj tzalij la pa kʼay bʼal .
q eta ʼm che riqawakuj uto ʼo .
ri aj tij , kyaj on chikech ri akʼala bʼ .
jas u bʼanom le nu ch ʼuti tat ?
ch we ʼ q kin bʼe pa nim tina mit .
utz we ki weta ʼmaj jas ku bʼij ri chol bʼal q ʼij .
tajin kat ji low che uq ʼoxom jolom aj .
xintik q ʼax chiu wach ri ja .
kʼax le ki bʼe le winaq .
loq ʼkat kun taj che leya bʼil (covid- 19).
ri nu xi bʼal kel paq aj bʼal q ʼij .
x ril ri axwan chi x wa ʼ ri ala .
lea lix kuna tajik .
weta kape leja bʼ kamik .
xin weta ʼ maj chi na x at petaj .
rip waq rech we q ʼa taj ri ʼ kesax chech ri toj bʼal kʼayi nem .
k tij riu wa ʼlik ru mal ri ki nimaq ʼij .
xuchap ukuna xik .
cha tan loq al i.
xin xu li ʼqa jo q .
je ʼ lik k tijo w ri taqik ox .
kʼate kʼu ri le tat xo ʼr xu bʼij , man kawaj taj , man kawaj taj .
kʼo jun tz ʼi ʼ pa bʼe .
kamul xin pe che atzukuxik .
man tajin takin chakun ik .
kin chakunik rech kat wa ʼik .
jas ru kʼ xa wil wi chi xkiqu pij wil eti ʼj .
jas u bʼixik … ?
koq ʼ ri akʼal .
kawaj naka tʼe taj .
xat q ʼaj ik .
wem na cha loq ʼaxi ya l, nakim bʼe ta a wu kʼ .
xopan le wuja wu kʼ ru mal we chin .
are kʼut pa le juyu bʼ k kʼiy joron, chila ʼ xe kikʼama wiri ja ʼ ri winaq .
koq ʼ ri akʼal .
we kʼo arajil cha kʼama loq .
are si bʼalaj kaq le apo ʼt chu wach le nu po ʼt .
xin kʼas taj pa kabʼ la juj kaj bʼal .
kaqoy ʼej nakix petaj .
ko kaxim ri chij xa jela ʼ man kanima jta bʼik .
ri koknojim x bʼek , xu ch ʼijo xopan pa u kʼis bʼal il lea nim .
xoj ki ʼ kotik aretaq x atulik .
kaq itz ʼ naj ri uxa ja bʼ ri akʼal .
ri jesusk wa ʼkat pari nim rachoch ri dyos, chu xe ʼ ri jun jache rachoch risa lomon .
we taqanik ri ʼ ku bʼij chi rajawa xik kya ʼuq ʼij ri winaq xuquje ʼ k to ʼ aninaq il .
ria xu x are nari uku nel ri kinaq ʼ .
aretaq wa ʼri uq ʼijol we taqanik .
kʼo jun ta bʼal pa u wi ʼ rix kan ulu bʼi ʼ la juj no ʼj .
yu ʼ lu bʼanom riu kolo bʼ rikej .
xa nimaj ri akʼal chiu wach riu chuch .
k ku nan ri achi.
kin wa ʼik rech na kin yowaj taj .
aj xik ch ʼich ʼri lu ʼ s.
k waj che ix kix bʼanow ik .
a ʼre xeto ʼ wala q .
xoj ʼek xe ʼ q il ala rqas ok .
xin loq ʼ jun ch ʼich ʼ, qaj inaqu wach .
ku tʼis ripan talon .
e janipa le awal kʼ wa le kʼolik ?
utzu kemik lepas cha we .
rimax are aj q ʼa ni ya ʼ .
mata bʼ achiri q kʼax pa le bʼe .
tajin kanima j, ri me ʼs .
ix i xe ʼ laq ʼoma bʼ !
xsachan ch we .
e kʼo kʼi che ʼ, chiu wach ri juyu bʼ .
arewa ʼri nimalaj pixa bʼe arewa ʼ ri na bʼe .
x reta ʼmaj chi ru kʼ pa kʼku tij wi
jas utza kik le su bʼ xu ʼ ano ?
aj xo ʼy ri wika n.
wetanea ʼre xe tijo w le ri kil , are le komon xe tijo wik .
si bʼalaj aninaq kach ʼaw le are ʼ chi nu wach in .
utz we kin chakuj .
me ʼ sla ʼ .
kʼo kan wa rech kaqa tijo .
xin si kʼij la .
ri akʼal x sach kanoq jela ʼpa taq ʼaj .
xe si kʼij la .
jawi x kibʼij wi chike ʼ e wi?
ru mal che, man ix tari ʼ ri kixch ʼaw ik, are ri ruxla bʼ axel ri i tat ri ʼ rik ch ʼaw nai wu kʼ ri ix .
kʼakʼ ri wachoch .
si bʼalaj utz kin wil le atz ʼya q rech nahuala .
saq por k kay ri kipo ʼ trina n.
x sachon ri nu chak ch we .
wa ʼim xuchapo .
riq ʼaq ʼ tajinka julu wi k .
na ji lupam risi wan .
e kʼo ri qachal al pa chiu wi ʼ la .
jas xa taq chi ʼj le akʼal chu tijik ?
no ʼji mu kemik le pasa wu mal .
kʼo jun ku ku bʼi ʼt intin, wa ʼle laj ku kmam kaj e qitaj , kapaqikax ulik pa u wi ʼ uq ʼa bʼ taq che ʼ , si bʼalaj sak ʼaj , ke ʼ uto lee nima ʼq , ch ʼuti n, rachi ʼl , aj si pa nel si bʼalaj utzra nima ʼ .
riu pixa bʼ leq ʼat bʼaltzij kiya ʼu bʼixik .
na x sachon tachke xea tin ik .
xeq il le chi kop pu wi leja .
x lo ʼ taj ri akʼal .
qo nojel kuj wa ʼpa u wi ʼ ri mexa .
x si kir le waq an .
la xat wa ʼkʼut ?
nim u bʼaq ʼ ri tulu l .
kin xik ʼ ikʼ ik xin q ʼa xik .
la kat bʼe pa le tina mit ?
rip al si bʼalaj saq ʼo r.
k q ʼoxow nu jalom .
xin na ʼo chi kat petik .
x loq ʼu lewiwech ix .
xin chakun ru kʼ ri nu mam .
na xqa bʼan taj .
k kʼoji ʼ bʼa ʼ riu sipa nik ri ajaw xel jesusk risto ru kʼ ri aw uxla bʼal !
kin ch ʼaw ru kʼ lenunan pa lech ʼawe bʼal .
si bʼalaj q ʼe q u ʼm ru mal ri mayu l .
are leba xu lik .
xe kos le ixoqi bʼ pa le bʼe .
kʼax ri lik lea kʼalcha we .
x in q ʼi ʼ oxi na tin pa joron .
si bʼalaj nim le tina mit .
kʼax ukemik le pa sa wu mal .
xin sachik .
tajin kel u kikʼel paraqan ri tz ʼi ʼ .
xin weta ʼmaj ri lik wi bʼ
ri q ʼuq ʼ arejun je ʼl chikop .
kʼopa ja tijo bʼal ri wikaq ʼ .
ri sachi bʼal mak raj wa xik chi q axo ʼl .
je ʼ, kim bʼek .
jela le ʼri nu p wi ʼ .
xu bʼij che: - jas xa bʼ anotintin ?
kabʼan jun toq ʼo bʼ kyak ri nuj al .
kat ʼek xin ta.
jas leu kʼex bʼem ri bʼ le jun ru kʼ le jun chik ?
aj chiu wi ʼ mi q ʼinja ʼ ri lu ʼ .
ri tijo nel naj kpe wi.
te ʼ kix cho bʼ u bʼi ʼ ri nu tat .
ri ja ʼ kamiq ʼik chiu wach riq ʼaq ʼ .
ri tʼu ʼ yk paq ʼow ik .
kin mes on na.
naqajat kʼowi chi wech .
xin bʼiso nik taq na x at pet taj .
we x kam ri winaq , rip waq rech toj bʼal makaj kya ʼ chikech ri rala xik .
ri nu nan x bʼe pa kʼay bʼal .
xoj u kʼam u loq rech koj ri lo
x kʼoto chi n chikiwach chikin wa ʼa wu kʼ .
na x kikamsaj taj x kikʼam bʼi choja .
kʼakʼ ri ikʼ kamik .
xim bʼe ru kʼ le aj ku ni wir .
ri lik .
letz ʼi ʼ xeko sik .
xin kiko ta wu mal .
ri i mul xu maj ria nim , xuya kan le kok .
kʼo oj cheri akʼal .
xuj bʼe pa jun kʼula nem .
utz we k waral aq .
kaq ilo chi na koj u kʼam taj .
x reta ʼmaj chi ru kʼ pa kʼku tij wi.
si bʼalaj xin kʼa ʼna rik .
xin kochij ri nu wa .
man kat kowin taj kat chakunik , we man kʼota ri ajila bʼal .
we wo no n xu bʼij chike :- kixinto .
ri ala nim k ril wiri u mam .
x ka ʼy chi rij , x ka ʼy chu wach , mak ʼo tachi jun k silo bʼik , xoq ʼik xu xe ʼj ri bʼ xch ʼopi nik x tzalij loq xu ri q tachik ri u bʼe .
kʼo pus che riwa .
pinem na kabʼe lewatz, kim bʼe wi in paka ʼyi bʼal .
ri na nto ʼn nim winaq chik , saqu wi ʼ, ro nojel aq ʼa bʼ utz kuna ʼo ka tʼuyi ʼ pa utem , ku mi q ʼisaj ri bʼ chori q ʼij , kʼo jun u wi ʼ umam u bʼi ʼate ʼ k .
man e kʼi taj ri qula ʼ .
q ʼalaj chi nakawaj taj kabʼij
x paqa bʼisax rajil ro nojel ri kem .
kʼo pari jul ri ku matz .
ro nojel q ʼij kin ch ʼaj le nu ware .
saq chi kan le i chaj rech katzako .
chu xe leq achomal kaqatij wi jun q ameq ʼin .
cha wila ʼ .
e kʼojo bʼ u mi ʼ al, ri nu tat .
jas ru kʼ xawil wi
je ʼ jas ri winaq rech riu wachu lew , xoquje ʼ kepena ri ʼ rie ʼ are ʼ che e rech riu wachu lew ; je ʼ jas ri winaq rech ri kaj , xoquje ʼ kepena ri ʼ rie ʼ are ʼ e rech ri kaj .
xin tijo .
k tz ʼuj u w ri rachoch ri po ʼ x.
xuq ʼi ʼo are leu kʼu lel x ya ʼow u wa .
ri awel x reta ʼmaj chi rajawa xik man kux ej tari bʼ cheri tukur .
ju kʼulaj winaq xe ʼa nimaj bʼik .
je ʼ, xin tzalij ik .
xoj peti kxol q akʼama ʼ .
maj jachin x ʼek .
in aj tij ; at tijo xel .
saqu wi ʼ ri tata ʼ .
wech ri kem .
le ro ʼ ch le ate ʼ k kʼo ch wach leu kʼay le nu nan .
k bʼe pari siri ʼa e pa risilisi ʼ a, jawi je ʼ kuya wiri kichuq ʼa bʼ ri komonty ox .
pixa bʼ : man utz taj kʼax kuj ch ʼaw chikij nik ʼaj q ach il .
x kuna taj le ali ( ku mal ri ixoqi bʼ ) .
ri xi bʼi bʼal chi kʼowi pa taq riqa kʼas lemal ro nojel q ʼij .
na kuj wa rta waral .
on chek kʼoji ʼ ri utz il chixo ʼl , arech junam ri qa kojo nik , junam ri iwe chi x ru kʼ ri we chin .
pa ox q ʼij ri sa ʼn k bʼe na ru kʼ ri aj kun .
kawinaq wuqu bʼ .
jas kawaj kin tijo ?
we taxat bʼe wu kʼ pa le tina mit , xa loq ʼtala ʼle u jastaq le akʼajol .
kebʼe pa wa ʼim .
xin loq ʼ kʼi wa.
pa jun nim kʼa che ʼlaj , kʼo jun kʼ wa ʼ si bʼalaj saq lo loj , nim u wach .
k waj katij ju bʼa ʼ wa.
ro nojel winaq k ril nari u kolo nem ri dyos» .
x kʼoto chi n chikiwach chikin wa ʼa wu kʼ
k waj naka tʼe taj .
la xa loq ʼ juna lej ?
e kʼo rie loq ʼoma nel .
riu kabʼ u bʼi ʼ ri nu mam are ya y .
kin jopij ri i ja ʼ rech triko .
x na ʼ taj chke xe a tinik .
xate ʼ q ila ʼ .
kakitij alan xax ri winaq .
. . . kin bʼij chi arewa ʼs in xi ʼ an.
na xin na bʼej tach u tasik qa kʼoli bʼal .
ru mal rech cheweri in, kin ch ʼaw ru kʼ ri dyos pa ch ʼa bʼal , k ch ʼaw na kʼu ri ʼ ri wuxla bʼal ru kʼ ri dyos, kʼate kʼut man kʼota u pa tan ri ʼ ch rech ri nu choma bʼal .
xe petik xkilo .
xuta we ka tʼek .
utzu kemik lepas cha we .
ri nu wa kax xu tij jun q ʼo q ʼ ru mal ri ʼ x kamik .
ru mal ri kʼix , man kewa ʼtaj ri winaq .
xe ʼu lik .
q ʼe q rij ri ama ʼchij .
x raj ka ʼe leu na n.
junam ki juna bʼ .
naq ʼalaj taj weka ʼek .
ri wi x nam ch ʼajch ʼoj ri rachoch .
waral man kʼotaj ajawa l.
nai wirta x ril le kʼamol bʼe .
xin pe loq te kʼu ri ʼ xin tzukuj ro nojel ri nu rajil .
ri aj tiko nel kutik ri tzij .
kʼo e kikʼajol le achija bʼ .
ku tij q ʼayes ri ixpa ʼch .
pari wa ʼbʼal e kʼo kawinaq achija bʼ .
si poj inaq ri nupam .
kaya ʼtajik ru kʼuti ʼo nem jun riu riqom leya bʼil amolot setsé xuquje ʼ are kaya ʼtaj pa taq ri juyu bʼ .
jachin ri achi ?
ri nu mam x kamik aretaq kʼo jumuch ʼla juju juna bʼ .
kin kowinik kin kʼam bʼi lep waq .
kin wilo chi utz ri aji ʼ .
xin q ʼil riapo ʼ x cheman kachakun taj .
k wa ʼ chiu wach le taq ʼaj ri ama ʼ akʼ .
ri i mul xe poq ʼik pa jun ikʼ .
x kʼis kanoq riqa chak .
are ri ali xoj ilow kanoq .
si bʼalaj ch ʼu ʼj ri amax .
kʼo nu wachi ʼ .
in chaji nel kech le akʼala bʼ .
xe kos letz ʼi ʼ .
kin bʼe naku kʼ ri molaj .
ro nojel aq ʼa bʼ kin yi tz ʼri wakax .
karapi nik xu tzukuj chi jun awaj .
leu kemik lepas aninaq ( a wu mal ).
maj u rajil leq ʼa bʼarel .
kʼax ri ʼ rikach ʼaw ik .
xoj u taq chi ʼj le achichu loq ʼi kichaj .
si bʼalaj kʼax rix kʼu lma xik .
x kilo chinakin kʼoxoma jtaj .
x na ʼ taj chkechi xe a tinik .
x kʼoto chi n chikiwach chi xoj al wo ʼ qaku kʼ .
jun q ʼu ʼ q rajil ri kaxla ʼn wa.
xin wilo chi xe ʼe lik .
e kʼo ixoqi bʼ pa le kʼay bʼal .
man kʼotaj u kʼisik ri maya bʼ aj la bʼal il .
ri s in k kʼiypa taq ʼaj .
rich ʼima man k kʼiy taj pa taq ʼaj .
rajawa xik k ji kik ri waqän .
kawaj kin ʼek .
e kʼo oxi bʼakʼ .
xu bʼij ch we jawi at kʼo wi.
ch we ʼ q kuj bʼe ʼ pa muquj .
pasaq kʼa ja ʼ kbʼan wiri uq .
xoj kisi kʼij .
xin wil wi bʼ .
chaq ʼchik ri wa.
kim bʼe nakapa le wo ʼch .
kawaj kin ʼek .
ri ch ʼu ʼ k tij ru kʼlej .
pari kiq ʼij kaminaq i bʼ kbʼan q ʼo ri kʼya ʼ rech aj : na bʼ eri nan kutzukuj kan ri aj , kujach ʼo ʼ xuquje ku kʼeto .
jas kaj bʼal cha nim ?
utzu choma nik ri al i.
pari q ʼij oxla juj tija x kin kʼis kebʼ juna bʼ kin chakun waral .
si bʼalaj ko , ri kʼakʼ ch ʼat .
jas karaj ku bʼij … ?
rich ʼich ʼ kasila bʼik .
pa ojer q ʼal pu l xaq xu wiri nim winaq ke kʼamow bʼe .
leu kuna xik leu kabʼ u kʼutu nik are ru kʼ e florni tina on utuni bʼaxik le ni furtimo x chi ʼ le flor ni tina chech t. b. g.
are ri achi xin ch ʼayow ik .
juna chiu bʼi ku ʼ xu sipaj kebʼ kʼa ʼm u lew rech kabʼan ri tijo bʼal , kamik , kʼochik aj tij rech ri komon xech pu p .
xu malty oxij cheri aj tij ro nojel le xu kʼut chiu wach .
pari bʼe xkiraq jun alaji mul saq rij , x kikʼam bʼik .
x ril le bʼa le ala .
jas ku bʼij ch we ?
leu kuna tajem are ru kʼ utzukuxik leu chikopil pa jun u soli ku xe ʼ le kikʼonleja ʼ rech jun nodo .
utz we nu tz ʼi ʼ .
je ʼ, tajin kachapon ik .
kin u loq ʼoj le nu tat .
kawaj kim bʼe pa tina mit .
are la ʼ kinchakuj .
ri nima ʼq taq winaq kʼo keta ʼma bʼal .
we taxat bʼe wu kʼ pa le tina mit , xa loq ʼ tawa ʼwe jastaq .
ri kikʼas lemal . wa iximu lew xa jun chi ma areta tini mit ri ma
riu kʼ ya bʼal naj upam .
xat qaj chiupam ri il .
noji mkat wa ʼik .
we kʼo jun k tuqa ʼ rik , ¿ la man xoquje ʼ taj kin tuqa ʼr ri in ?
ojoj wokol ja.
awas kbʼan kʼax che jun nim winaq .
xin ch ʼaw apan ru kʼle wa na bʼ .
kʼax riupam ri ju ʼl .
tajin kewa ʼ ri imul .
la kaj lakuj tzalij la aninaq ?
ru mal rech cheri makaj man kʼota u kowinem pi wi ʼ ri ix : ri ixma nix kʼot achichu xe ʼ ri pixa bʼ, xa ne ix kʼochuxe ʼ risipa nik .
nim raqan le che ʼ .
xin chapo .
are letu ʼ r le loq ʼoma nel .
xa skat kʼoji ʼ chiupam ri ch ʼich ʼ.
si bʼalaj nim raqan ri kʼamal bʼe .
le tz ʼi bʼa bʼal we chi n .
in xin to ʼ wla .
xa je kʼu ri ʼ ri ix kamik ri ʼ man ix kaxlan winaq tachik ; ri ix , ix rech riki tini mit riety oxlaj taq winaq , ix rech ri rachoch ri dyos .
xin tiko x laj kʼali chaj .
kaqa riq qi bʼ ch we ʼ q .
si bʼalaj utz cheri wi ʼ aj ri tuney .
we na jupulik ta xeqaj ik . . .
xin to ʼ taj cheri nu chak .
kʼo jun chikopu bʼi ʼ pu m .
poqon ri ik .
xoj bʼinik .
xu ch ʼe kro nojel le reta man ik x paq i ʼ k kʼax k wʼin ik xu bʼanaj kun .
kel u bʼik pari jud e ʼa ek tzalij chiu bʼi jumul pari gali le ʼ a.
xina xi bʼij pa bʼe .
je ʼl kʼolem chi awachoch .
ro nojel ri ya ʼtal il pa we q ʼa taj , tz ʼaqat kiwach , man k tzaq takanoq xuquje ʼ man ktas taj .
xukunaj leya wa bʼ le aj q ʼij .
chi tat abʼej jas le kim bʼij .
ch ʼa nal ri achi.
pa bʼo ko ʼ kachakun wirita x.
uj kʼopa u wuq q ʼij .
ki ʼ riu kabʼ ri aq aj .
kʼo rachal al patz ʼoloj che ʼ ri pe ʼl .
x kilo chi kin kʼoxom aj .
riu kisak ʼ utzk ya ʼik chiu xe ʼ ri tiko ʼn .
aretaq chi ʼ kaq ʼan pu wi ʼ ri juku bʼ, ria chi che x kʼoji ʼ ri itzel uxla bʼal ru kʼ , kutach rech ri are ʼ , arech k kʼoji ʼ ru kʼ ri are ʼ .
na kabʼantaj ta wu mal .
x na ʼ taj chke xe a tinik .
xin paj ri nu triko .
xe ʼ ok ri pok ʼ pari u mexa ripo ʼ x.
kaj ulu w ri aq ʼa ʼl chiu xe ʼ ri tʼu ʼ y .
awech leja .
xuj bʼe patzu rik .
na bʼe xa to pa nik .
riu kabʼ u bʼi ʼ ri nu mam are ya y .
uwaj xaq uka kʼal taqanik (28) .
mata kʼo jun kakan aj kanoq , qo nojel koj bʼek .
e nima ʼ q le al toma bʼ .
nim u wach ripo ʼt .
kojo nik pari utzij wa iximu lew .
jas xu kʼam bʼi le tz ʼi ʼ x awilo ?
xin petik, tat .
ri bʼelaj u wach .
chi tat abʼej jas ri kim bʼij .
je ʼl kuna ʼ ria bʼ ix chiupam ri q uq u lew .
kin bʼiso ju wach lewal .
xu tʼuyu bʼa ʼ .
nim ri aweq e le ʼ n xa riqo .
xin e ʼ wa ʼoq .
chi ʼ kewa rwi le akʼala bʼ .
ri nu mi ʼ al xutaq loq jun taqo ʼm wuj chi we .
q ʼe ʼ lik , ri chaj pari bʼe .
la utz awach ? - utz malty ox , e kʼu riat ? – utz malty ox .
xin kos ru mal nu chak .
k bʼe ku kʼ rie ʼ are ʼ e k tzalij pari na sarete ke ʼ u nimaj .
ri joj xu kʼam bʼik ri akʼ .
kʼochi wachi ʼl cha nim .
ku bʼij chech na ʼl kabʼan cheri atz ʼi bʼ .
e . . . in kawaj katzjoj bʼil ach we .
mataxin ya j lea li .
jachin ru kʼ kat bʼe wi?
kʼo si bʼalaj eta ʼma bʼal pari maya bʼ no ʼji bʼal .
e man xori jupu q kej .
kas umum ri kaq iq ʼ .
e kʼo kaji bʼ akʼala bʼ pa le bʼe .
je ʼ jas riu tat k ka ʼyik .
xaqat molo nel tzij tal .
le nu tat kaloq ʼo nch we .
xaq tane kimbʼei wu kʼ .
x reta ʼma juch ʼaj ik .
ru mal la ʼ x koj “ x al q ʼat ” cheu bʼi ʼ ri komon .
are leu kemik pas x reta ʼmaj .
ri wa ti ʼt ku bʼan nari u pa tan .
kʼakʼ le po ʼt .
reta ʼm u wach jachin x loq ʼow ri pas .
ken ch ʼa bʼej le akʼala bʼ .
ya ʼtal chaq eqo nojel ri uj winaq utzkaq il q i bʼ .
x koti ʼ paq ʼayes xoq ʼik .
kawinaq bʼe leje bʼ q ʼa taj .
e kʼo kaji bʼ ral ri i mul , jun saq , jun q ʼan , jun q ʼe q , jun q ʼ eqoj , si bʼalaj ketz ʼa nik , kech ʼopin ik ri alaj taqimul .
k cholol ri achachal .
kete kik ri ikʼ .
xe petik rech kewa ʼiw u kʼ .
tza tz riuq ʼan il ri akʼ .
xoj tzalij ik xi xe ʼ q aq ʼatuj ku kʼ le i tatinan .
ri yo ʼ x taq akʼala bʼ kekikʼu x ri atz ʼyaq .
we achi we xu sipaj jun po ʼt ch wex kamik .
k kowin ri kuna nel che kuna nik .
x ji q ʼ pari polow .
xa ru mal si bʼalaj rajawa xik le loq ʼalaj ja ʼ, le winaq x kibʼij : che we ikʼ ri ʼ qo nojel kuj bʼe cheutik ik taq che ʼ .
riuna ne rie rachal al kepe u loq ru kʼ ri are ʼ, kʼate kʼu ri ʼ, man ke kowin taj keq i bʼ u koq ru kʼ , ru mal rech che e kʼo si bʼalaj winaq .
ru mal rech , cheman kʼota jun k kowin cheu kojik junti kibʼal il chik chu wach ri kojom chik che are ri jesusk risto .
te kʼu ri ʼ x utz ʼi bʼaj ri bʼ pari nimalaj tijo bʼal rech aj ku ʼ n.
kaj ulu w ri ch ʼu mil chaq ʼa bʼ .
kʼis bʼal kanoq , xoquje ʼ k kam ri ixoq .
lea la xok ik .
kʼo p waq pa u wi ʼ ri mexa .
are kawaj nakin ʼetaj .
ri ya wal ku koj ri ali chiu xe ʼ ri chak achare u su ʼt .
nakaqa kʼam tu ʼ bʼi kamik .
ri aj tij ku bʼij chike : rajawa xik keqachajij ri awaj , are u tiko ʼn ri ajaw .
xintij mukuni wir .
kʼax leu wi ʼ taq le nuq ʼa bʼ .
xin loq ʼ jun il bʼal wi bʼ .
wa ʼwe q ʼij , nim u bʼantajik .
riu xe ʼ al ri qatina mit man kasach taj .
xoj bʼinik .
ri achal al junam kiwach .
xin weta ʼ maj ri lik wi bʼ .
nim riuna ʼoj waj tij .
mi q ʼin ri kʼul .
aj q ʼojom ri ate ʼ k .
che le sa nik che ʼ kbʼan wiri q ʼojom .
kape le awel pa nawal ja ʼ .
rimeso nel tajin kchakunik .
utz chaq e kaqato ʼqi bʼ, taq kʼo kʼax kʼol il , kate we chi ʼ n ri ajaw paqa wi ʼ .
xa wilo, x q ʼa tan le ibʼoy .
xat kowinik xa bʼano .
ki ʼri kʼawex .
kaj il il ri bʼe .
le ali xel bʼik .
are ʼ x raj xin bʼano .
nim we abʼaj .
je ʼ lik uti ʼjol al ri saq ko ʼ r.
no jinaq rikej .
we katijan xu x man katuto ʼta chi uq ʼat ixik le kʼakʼ ya bʼil corona virus ( 2019- nc ov).
na nim ta raqanwa ʼwe che ʼ .
utzalaj ajchak , ri wel .
¿jam pa ʼ kuj bʼe pa nimaq ʼij ?
rajawa xik ta nela ʼkat chakun wu kʼ .
xutaq chi ʼj pa waram pu lew .
man aretari axwan xel ik .
ria wi x xu loq ʼ rachoch re nimal .
are ri ixoq xin si kʼinu loq .
rich ʼi mak ʼa tʼo n na .
la xi bʼan le ichak ?
kʼi tina mit e kʼopa ch ʼo ʼj .
kʼo ju puq chij chiu xe ʼ ri che ʼ .
riu xaq ria bʼ ix are u wa rikej .
kawinaq q ʼa taj .
la kix pe pa tijo bʼal ?
we kechaji x taq le kʼ wa jachakin bʼij ; jun alik kʼo ja ʼ xuquje ʼ si bʼalaj saq lo loj .
xreta ʼ maj .
ri ala bʼom ri alitoma bʼ tajin kiki tijoj kibʼ rech su taq , are kakaj ki kibʼan nimaq achija bʼ chupam ri kikʼas lemal , xuquje kʼochik jupuq bʼixo nel chupam ri komon .
la tz ʼu wach ri bʼe .
kʼakʼ riach ʼich ʼ .
qo nojel uj , uj maya bʼ taq winaq .
nojel q ʼij ri ati ʼ x kuyuq ʼuj le taqa waj jela ʼpa nik ʼaj ja ʼ, chi rij ri juyu bʼ u bʼi ʼ te na ʼ .
paq ʼom chik risi ʼ .
kin tzukun che la .
kakitij le kinaq ʼ, lei chaj , leu wa ʼlik ru kʼlej .
xe kanaj kan le ajchaki bʼ .
ketikon ri achija bʼ .
si bʼalaj itzel u bʼantajik rich ʼi lakan .
ria te ʼ k xu malty oxij cheri rati ʼ t, ru mal ri utzalaj no ʼji bʼal xu kʼut chech .
k kamul ix u chak ri a bʼix .
la xin utzukuj le tijo xel ?
are ʼ kachakun ro nojel q ʼij .
lee kʼa ʼna taq tz ʼi ʼ .
saq rij ri plam u x .
jas xaq ʼi ʼ ox atijo .
jas ru kʼ xkichap wi u tijik le rik il ?
we katatin ru kʼ kʼatan ja ʼman kuq ʼatej ta le kʼakʼ ya bʼil corona virus .
la kat bʼin pa le uxlan bʼal ?
la waral kʼux ix wa ʼwi ?
are le nu tat kin loq ʼo nik .
tajink chakun ri ala .
kʼo ri ki ʼ kotemal a wu kʼ .
xuta jachin ka ʼek .
xat wa ʼik xin wilo .
x tzaq ri rachoch ru mal ri ja bʼ .
pa le jun ikʼ chik are nimaq ʼij .
e kebʼäm kebʼin pa u wi ʼ ri tem .
mem ria chi.
ri wi kanchali ʼ y kel pa juyu bʼ ch wi tziri bʼal .
le rajil , la paja xe laq ʼax wu ʼ bʼik ?
pari su ʼt pisom wiri lej .
koj petik kol q akʼama ʼ .
tajin kat ch ʼopin chiu wach ri taq ʼaj .
leq ʼo rxch ʼuq ik .
kʼax wa ʼi ma wu mal .
kin bʼison che lewal .
si bʼalaj kʼok ʼri awatz ʼyaq .
kamik xuj bʼe cheutik ik taq che ʼ pari juyu bʼ .
kin u loq ʼoj le nu tat .
chaq i ʼj chik ri chaj .
xyi lix ha wayi .
na x na ʼ taj tachke chi xe a tinik .
ru kʼ kʼu wa ʼwe ri ʼ, ri ixk kʼoji ʼ jun utzalaj i kʼas lemal ri ʼ ch kiwach ri winaq cheman e kʼota iw u kʼ , kʼate kʼu ri ʼ man kʼota jun winaq ri ʼ rajawa xik chi wech .
e petinaq pa bʼe le rachala xik .
kakaj le akʼala bʼ kewa ʼik .
xuj ch ʼay bʼik .
ri nu chak are q ʼaxel tzij .
kʼo naruxla bʼ ri awaj .
tajin kel loq , riq ʼij .
xuq ʼi ʼ ox kamsax ri rachal al choch .
ri nu mam are kʼo uq ʼi nomal .
x kʼu lma taj jumul , xu bʼan jun nimalaj ja bʼ, man x bʼeyetaj tana xu kʼis le uyuq ʼ chike .
ama ʼri nu tz ʼi ʼ .
jewa ʼkat petik .
xin kosik ru mal xin chakun ik
i wech chi jujun al , ri wa .
xuq ʼi ʼ on axata tin taj .
in ri q tajinaq pari kʼayi bʼal .
naweta ʼm taj .
kʼax le nuq ʼa bʼ .
utz le xu bʼij le achi.
kematz ʼi bʼ .
kʼo rachal al patz ʼoloj che ʼ ri pe ʼl .
ro nojel wa ʼwe jastaq ri ʼ, xask sach wi u wach wa ʼ ; ru kʼ we ri ʼ, ri ix , rajawa xik che kʼo junty oxlaj i kʼas lemal e k kʼoji ʼ ri ich ʼawem ru kʼ ri dyos,
x muq taj ri patz ʼan .
rich ʼich ʼ tzijom kanoq pari u kʼol bʼal .
man kʼota u cholaj pa taq ri a wuj .
jachi ke ikʼ leu nimaq ʼij le tina mit nawal ja ʼ ?
xe petik x olki kʼama ʼ .
kachuq ʼ chu t ri ja ʼ chiapam .
xin bʼi ji wir chi xe bʼe pa armita .
are ʼ u xe ʼ ojer tzij waral kʼi che ʼ u bʼi ʼ .
x kʼis ri nu si ʼ .
jawi x kibʼij wi chike ʼ e wi?
¡ xa je kʼu ri ʼ, jachin taq rie kʼopa rij u de ʼ a, chi cha nim che ʼ a nima ju bʼi pataq ri juyu bʼ,
kʼakʼ ria bʼ .
la kʼo jun naka kʼoxoma jtaj ?
na utz ta leu tʼisom le al mariy .
man ya ʼtal taj chi awekatok paja .
je ʼ, xatu tzukuj .
are kel waj xaqi bʼ uq ʼij rix kʼojik .
ri xu n ku r k kʼoji ʼ pa taq ri triko .
xin sachik .
xu tʼuyu bʼa ʼ
na nutom ta letzij …
wach ʼom ri ki wari no ʼs .
e kʼojo bʼ ch ʼil wa kʼ .
rajawi xik chi pa taq ri tijo bʼal , pa nik ʼaj u bʼixik chik
ri rajaw ru lew are ʼ tat kel .
we kʼuxo kik , we kʼ na xokta
we achi xu sipaj jun p ʼot chwe .
a tat u taqo ʼn leq ʼatal tzij .
naq ʼan tau wach leqa prut .
ri xa ʼr kʼopa u wi ʼ ri q ʼaq ʼ k poq ʼow ik .
ri ro q ʼej ri alija chakpe juna kʼal .
kʼo jun alapa tijo bʼal .
säq u wi ʼ ri tata ʼ .
ri wi tz ikʼ taj inkpe loq .
jawi x sachon wi kan u ya ʼik le p waq che .
utz we achi we xin kuna nik .
qo nojel kuj wa ʼpa u wi ʼ ri mexa .
ri kaxla ʼ nik man poqo n taj .
in xin bʼe ru kʼ ri wachi ʼl .
si bʼalaj je ʼl x kilo xe kitz oqopij ri kichij chila ʼ .
kin bʼinik xin ʼek .
kʼax kʼol ik, kacha ʼ .
ku tij ixim ri akʼ .
ria lix chel , xu q ʼi ʼo xa jun akʼ xsipa x che .
x qa si kʼij le ixoq ch utza kik su bʼ .
mata xa bʼinsaj lech ʼich ʼ .
ri pix tz ʼaral ik ru mal rieqa ʼn .
¿jam pa ʼkel chi 3%
kʼo jun nu kʼotoj chi ʼ aj .
tajin kewa ʼkat ri ala bʼom .
xin loq ʼ le nu kʼa kʼapo ʼt .
na utza kik tasu bʼ tajin ku ʼ ano
xoj u taq chi ʼij xoj wa ʼik .
i wech ria bʼix .
saq rij ri chij .
aj sik cheri tina mit kel wiri tata ʼ .
- ¡ay! xa xin tzaqu loq , kʼax we waq an .
x kʼu lma taj pa jun komon chi ʼ u wach jun juyu bʼ, xu ri qa jun q ʼij xki riq ki bʼ junimul ru kʼle kok .
jas xa taq chi ʼj le akʼal chu tijik ?
xin chapos uxuloq ʼo .
q ʼinom ri achi .
ri kʼum k tijow ru kʼkabʼ .
tajin kejach ʼan ik .
tz e bʼal u kemik le pasa wu mal .
are kayo ʼw leu chikopil leu bʼantajik try pano somab ru cei .
we kat nima nik utzkel ik .
perono ʼjimal pet naq loq , .
are le nu chak jun tz uq bʼal wi bʼ .
x kuna x leya wa bʼ ru mal le aj q ʼij .
riu kʼu ʼ x tz ʼi bʼ pa qatzijela juj .
si bʼalaj je ʼ lik rieqa bʼal xu bʼan ri lu ʼ s.
si bʼal ajatko n.
e man xori jupu q kej .
na x na ʼ taj tachke xe a tinik .
ri kʼamal bʼe xu bʼij chike, chi maja ri a nim .
jumuch ʼri nu juna bʼ .
q ʼi p tajinaq ri raqan ri tem .
k chakun ru kʼ ri jos bʼal che ʼ ri aja nel .
xa taq chi ʼj le akʼal chu tijik kar .
oj kʼopa le ro ʼch le awel .
¿ la kat peq u kʼ ch we ʼ q ?
le winaq pa lech ʼich ʼe tʼuyu l lo wi.
x kan aj kanoq chiu xe ʼ ri ja bʼ ri ch ʼa ʼn .
nim ri ja .
weta xakun aj lea tat matax kam la ʼ .
na nu kʼamom tu ʼla ri ʼ .
chqa nu kʼu ʼ ri qatzij .
kim bʼe pa le tina mit .
xin q ʼi ʼo na xina tin taj .
rajawa xik kakʼaman cha we leu tijik lelej .
kʼis bʼal taq no ʼji bʼal .
xin e ʼ wa ʼoq .
x kibʼan kʼax che leu wosaq ru mal man utz tachik akayik .
ri q ʼutu ʼm man kech ta le akʼala bʼ .
are na nim ta leatz ʼi ʼ chu wach lenutz ʼi ʼ .
xe petik xolki la ʼ .
¿jawchi ʼ xata ʼ che x kam riu mam ri po ʼx ?
e kebʼ kekʼam bʼik pa tuj .
xin loq ʼ jun japa ri wokaj ja .
ri axtu ʼ bʼ, kʼo qulaj chech .
jas karaj ka ʼ an ch utza kik leti ʼij .
xutij lewa.
xim bʼal re tzij .
xpax ri bʼo ʼj .
we kawajka tinto ʼo xaq xu wi kabʼij chi we .
jas nu kʼu kuch ʼo bʼo .
jas karaj ku tijo ?
xe x ru x la bʼ ri rik il .
e ni tz ʼa ʼ q le taqimul .
weta ne inxin bʼanow ik , are le ate ʼ k x bʼanow ik .
kin tzalij pa le nu tina mit .
ri nu chaq ʼ kʼopa u ro ʼ q ʼatoj tijo nik pari tijo bʼal .
xin xi ʼj wi bʼ xin ch ʼaw ik .
kʼo ch waro ʼch lep are .
chi raqan kabʼin wiri tata ʼ .
x sachon kan u ya ʼik le p waq che choja .
xin q ʼax chi kixo ʼl ri winaq .
ketiko nik .
riu lew man q ech taj , kech riqati ʼ t qamam .
xepe le winaq xol kikʼama ʼ .
xu loq ʼ ri wuj ru mal ri ali .
che we q ʼij kamik kʼo jun nu tzijo nem chi rij le nu tina mit .
kej ri ʼ .
x kuna na laq ch we .
kin u si kʼij lenunan .
ri i mul xuch ʼij taj , xkan aj pa bʼe, ru mal ri nimalkuj al uj ri i mul , xu tz aq ria nim .
ku bʼan ri uxoq ʼo ʼl ri aj tz ʼaq .
ri la si bʼalaj utz cheku na bʼal .
kʼi kiwach rie ʼ ajchaki bʼ pari komonty ox , kʼate kʼut xa jun chi ajaw xel ;
x qata chixa tulik .
kawaj chi kat ʼek .
ch ʼuti ʼ n kekan aj ri xa ja bʼ chech .
kaqa xi ʼj qi bʼ kaqa chapo .
e kʼo kebʼ u kʼ ajol le tat x wan .
lu ʼ su bʼi ʼri recham .
aj chiu wi ʼ mi q ʼinja ʼ ri lu ʼ .
xin ya kan le nu chimpa kʼay bʼal .
kʼate x rilo, x pe riunan cheu tzukuxik , x kikotik , xu sala bʼisaj ritaqu x kin .
xki kʼut chiu wach ri aj tij xuquje ʼ chikiwach ri taqnik ʼaj kachil .
utz le nu q ʼa bʼ .
ku l le al we ʼl pa austin chaq ʼa bʼ kamik .
riate ʼ k x tzaq loq are chi kʼopa u wi ʼ ri q ʼa ʼm .
aj pa tan ri te ʼk .
xat qaj chiupam ri il .
la kʼo tzij naki kʼoxoma jtaj ?
x sachon chkechi xe a tinik .
ro nojel leu lewech alaq .
la xe bʼe kʼula xe ʼ ki jaqa kʼu leu chi ʼ ja ?
xaq kat ch ʼok na ji wir .
kamik kʼochiri jastaqa we .
are chi ʼ kakʼis ri juna bʼ kʼo q ʼinom .
pa nawal ja ʼ xina le xik .
na xin tat aj we are ri akʼal kix tzuqu wi k .
¡ ru lew ri sa bʼ ulo ne ru lew ri neftali, u bʼeri polow , ru lew ri jordan, gali le ʼ a kech rij etaq amaq ʼ !
rax , rax , rax , kʼok ʼ, kʼok ʼ, kʼo kʼle rux la bʼ le taq tiko ʼ n .
a chixa t wilo .
paqal rajil le pix kamik .
xoj bʼinik .
pa jun je ʼl tijo bʼal ku tijoj ri bʼ juna kʼal , u bʼi ʼ po ʼ x , utz ku ri lok e pa tijo bʼal ro nojel taq q ʼij .
x waj chixa tʼe taj .
utz la ʼle xu bʼij le achi.
weta ʼam jachin ka petik .
kin q ʼojoma nik .
xin q ʼi ʼo tak ʼalik xin petik .
are ʼ reta ʼm che kinopa nik .
areta bʼal eqa qajaw cha t to ʼwik .
kawinaq waqi bʼ q ʼa taj .
naqaj chik cheri u waq kaj bʼal aretaq chi ʼ k sach u wach riq ʼij , kok ri q ʼe q u ʼm chu wachu lew , chi kʼate ʼ nari bʼe leje bʼ kaj bʼal .
jo bʼ raqan ri tz ʼalam xe poro xik .
si bʼalaj ko rij ri mop .
arewa ʼ .
jela ʼ pari timini t ch wi kab yok rech xelaj u ʼ, leqa nan qa tat kakitikoj e ʼl alaj taq u wachi chaj .
kʼax nuqul .
xu ʼl ukʼama ʼ .
ko jul kitzukuj .
are man kʼax taukuna xik aretaq aninaq ka ʼilitaj we ya bʼil al xuquje ʼ mojo ʼ qakuya ʼle kʼax kʼol il chech le jolom aj .
ri wel kʼopa tijo nik .
kawaj kin bʼij .
ri kotz ʼi ʼj k qa koj chiupam ri ja .
q ʼe q q ʼoj rij ri ama ʼkej .
na x waj taj xin ch ʼaw ik .
ch peta bʼal e loq ʼalaj ja bʼ .
x sachon ch kexat kisi kʼij .
e leq ʼalch ʼich ʼ .
jachin xa wilo chi are x tijo w ri ti ʼj ?
mata kabʼe le nu x bʼal pa le tina mit .
pim ru q , ri al i.
¿ kʼo rim uq ʼe chi awech ?
k qa bʼij man kekowin taj .
kin tij na .
kʼo jun qa tʼu ʼ y pa ja!
kʼo puj chiupam rich ʼa ʼk .
aretaq kin kosik kin warik .
xat wa ʼik xin wilo
in xin ch ʼayow le achi.
konojel ri ala xikke ʼ etz ʼan ik .
jas ru kʼ xki tij wi le kirik il ?
aninaq il kat petik .
nara xta u wach le juyu bʼ .
ri tz ʼalam tz ʼi bʼa bʼal rax k kayik .
we cha t chakunik , kʼo awa.
ma ʼtam xat pe cheri wa ʼim .
kamul kin wa ʼna .
ri si kil k tijow ru kʼik .
kim bʼe aq ʼan ru kʼ le al talin .
xoj ʼek xe ʼ q il ala rqas ok .
xe kiq ʼil le ajchaki bʼ x kiwok le ja .
ma tane x waj le kʼu hj nem ru kʼle ate ʼ k .
are xe ʼopan chiuchi ʼ ri juyu bʼ, x kilo chi man qas tak ʼo q ʼayes .
kʼate kʼut , ri jesus man k kojon tach kech rie ʼ are ʼ , ru mal rech che konojel reta ʼm kiwach ,
pa ʼ tz rij ri tz ʼi ʼ .
ju winaq waqi bʼ q ʼa taj .
atel aq ʼom .
xaq at jo ʼ s.
ri q ʼa tzu, are q ʼalaj ri uq ʼij il .
aj chak we ala .
u bʼe leju ka kʼal taqanik (29).
kebʼ nu bʼi ʼ kʼolik .
la katzalij lu ʼla aninaq ?
katzukun lach we.
la kaj lakoj bʼe ʼ pa le chomal ch we ʼ q ?
xin na bʼej chu tasik qa kʼoli bʼal .
la lxinto ʼ wik .
si bʼ alaja no ʼji bʼal .
xoj peti kxol q akʼama ʼ .
si bʼalaj je ʼl ik riu wa ʼl ri i chaj .
kʼax wij ru mal in pa cha lik .
aretaq xu kʼu lmaj wa ʼ xu l riu choma nik xu bʼij : are utz wa aq ʼa bʼ kin walij ik , are cha ʼ cha nim kinopan pa tijo bʼal , maj chikin kʼu lmaj .
oj aj xojolo bʼ pa awasq ʼij .
xin sach che leu wokik letzij .
e julaj uj ri akʼ .
xuta jampa ʼ koj ʼek .
qilik .
ri tijo xel man areta nim chu wach ri raj tij . ri utz tijo xel qas jeri ʼ kʼolik jas ri raj tij .
in xa tin ch ʼayo .
no ʼjim chak wu mal .
ch ʼu r rij och ʼ .
in kin bʼij na katsach taj .
uj maya bʼ .
ria bʼaj ya tzalik .
tajin kepix bʼax ri akʼala bʼ .
chomri aq .
xin warik .
elemen konojel ri akʼala bʼ .
tajin k q ʼa na rik ri we re ʼ aj .
leu kemik lepas utz ( cha we ).
xuyu pu bʼa u wach ra ʼ chi , kacha ʼ, .
ri sa tanas kok pari judas ri kbʼix iska ri ʼo tech rech , ri are ʼ jun ch kixo ʼl rie kabʼla juj .
chu chu ripar .
kin qumuj ri nu joch ʼ .
chech punción lumbar amaq ʼel rajawa xik chech ri lik leu kʼex bʼem wi le na bʼe ru kʼ leu kabʼ u kʼutu nem leya bʼil al .
q ʼalaj chi na kawaj taj kabʼij .
kʼo q ʼol chi rij risi ʼ .
jawi xoj ʼe wi chu loq ʼik ?
kʼo u loch ʼri talin .
q ʼan rij riati ʼtnukej .
la x tzalij la i wir?
xe si kʼixik , kʼate kʼu ri ʼ xe ya jik , xuquje ʼ xetaq bʼi cheu si kʼik le mes .
lakix warik ?
are kʼu lepa loma x xu bʼij che: -mam kat bʼiso ntaj , kin si kʼij nik ʼaj wachi ʼl kerapa pik .
a ʼree tijo xela bʼ .
ri alaj ali si ʼl xu bʼij x qachap pa utzal ri tyo x .
x sachon chke jachin xe a tinik .
jas xu rayij lea nan xu tijo ?
xin kosik .
rax ro nojel ri q ʼayes ru mal leja bʼ .
kin ya wa ʼ wech ʼich ʼ pinem na utz .
no ʼji mu pa ch ʼuxik le nu wi ʼ .
naj kʼowi le wo ʼch chu wach le tijo bʼal .
rio kibʼal kʼo chiu wach ri saq ja .
xe nu taq ch ʼij kekil le akʼala bʼ .
kʼo jun q ʼoxow em chi we .
tza ri cho ʼm .
we choj bʼe pa le nimaq ʼij , keq il le aj xojolo bʼ .
xoj ʼek xe ʼ q il ala rqas ok .
riate ʼ k xuta ʼ chech ri na nto ʼn :- nan jas che ʼ chiman kaj tal aqakʼa tisaj ri jo ʼ q .
rip al si bʼalaj xu ʼ y .
kin koj rij ok bʼal u lew .
in kin bʼij na katsach taj
a traj kun lenunan .
ku qamuj u joron ri aj tzij .
lu ʼ tz ʼalam u bʼi ʼ ri achikel pa nim che ʼ .
je ʼ lik uti ʼjol al ri saq ko ʼ r.
kʼo jun xa ʼ r pa ja .
xin loq ʼ jun kʼakʼ pa tan .
kʼax ukemik le pa sa wu mal .
aninaq u kemik lepasa wu mal
rich ʼa ʼn sachinaq pataqa bʼix .
rax taq le kotz ʼi ʼj .
mes om kanoq riupam ja .
man areta rala x kosik .
ri komon xech pu p rech uq ʼa bʼ tina mit xo ʼla bʼaj rech q ʼu markaj .
la utza kik kʼusu bʼ tajin ku ʼ ano ?
kate la !
na xu tij taj .
xa ru mal keta ʼm konojel ri winaq k kiqumuj le ja ʼ .
i wir xuj tzalij la pa kʼay bʼal .
q eta ʼm che riqawakuj uto ʼo .
ri aj tij , kyaj on chikech ri akʼala bʼ .
jas u bʼanom le nu ch ʼuti tat ?
ch we ʼ q kin bʼe pa nim tina mit .
utz we ki weta ʼmaj jas ku bʼij ri chol bʼal q ʼij .
tajin kat ji low che uq ʼoxom jolom aj .
xintik q ʼax chiu wach ri ja .
kʼax le ki bʼe le winaq .
loq ʼkat kun taj che leya bʼil (covid- 19).
ri nu xi bʼal kel paq aj bʼal q ʼij .
x ril ri axwan chi x wa ʼ ri ala .
lea lix kuna tajik .
weta kape leja bʼ kamik .
xin weta ʼ maj chi na x at petaj .
rip waq rech we q ʼa taj ri ʼ kesax chech ri toj bʼal kʼayi nem .
k tij riu wa ʼlik ru mal ri ki nimaq ʼij .
xuchap ukuna xik .
cha tan loq al i.
xin xu li ʼqa jo q .
je ʼ lik k tijo w ri taqik ox .
kʼate kʼu ri le tat xo ʼr xu bʼij , man kawaj taj , man kawaj taj .
kʼo jun tz ʼi ʼ pa bʼe .
kamul xin pe che atzukuxik .
man tajin takin chakun ik .
kin chakunik rech kat wa ʼik .
jas ru kʼ xa wil wi chi xkiqu pij wil eti ʼj .
jas u bʼixik … ?
koq ʼ ri akʼal .
kawaj naka tʼe taj .
xat q ʼaj ik .
wem na cha loq ʼaxi ya l, nakim bʼe ta a wu kʼ .
xopan le wuja wu kʼ ru mal we chin .
are kʼut pa le juyu bʼ k kʼiy joron, chila ʼ xe kikʼama wiri ja ʼ ri winaq .
koq ʼ ri akʼal .
we kʼo arajil cha kʼama loq .
are si bʼalaj kaq le apo ʼt chu wach le nu po ʼt .
xin kʼas taj pa kabʼ la juj kaj bʼal .
kaqoy ʼej nakix petaj .
ko kaxim ri chij xa jela ʼ man kanima jta bʼik .
ri koknojim x bʼek , xu ch ʼijo xopan pa u kʼis bʼal il lea nim .
xoj ki ʼ kotik aretaq x atulik .
kaq itz ʼ naj ri uxa ja bʼ ri akʼal .
ri jesusk wa ʼkat pari nim rachoch ri dyos, chu xe ʼ ri jun jache rachoch risa lomon .
we taqanik ri ʼ ku bʼij chi rajawa xik kya ʼuq ʼij ri winaq xuquje ʼ k to ʼ aninaq il .
ria xu x are nari uku nel ri kinaq ʼ .
aretaq wa ʼri uq ʼijol we taqanik .
kʼo jun ta bʼal pa u wi ʼ rix kan ulu bʼi ʼ la juj no ʼj .
yu ʼ lu bʼanom riu kolo bʼ rikej .
xa nimaj ri akʼal chiu wach riu chuch .
k ku nan ri achi.
kin wa ʼik rech na kin yowaj taj .
aj xik ch ʼich ʼri lu ʼ s.
k waj che ix kix bʼanow ik .
a ʼre xeto ʼ wala q .
xoj ʼek xe ʼ q il ala rqas ok .
xin loq ʼ jun ch ʼich ʼ, qaj inaqu wach .
ku tʼis ripan talon .
e janipa le awal kʼ wa le kʼolik ?
utzu kemik lepas cha we .
rimax are aj q ʼa ni ya ʼ .
mata bʼ achiri q kʼax pa le bʼe .
tajin kanima j, ri me ʼs .
ix i xe ʼ laq ʼoma bʼ !
xsachan ch we .
e kʼo kʼi che ʼ, chiu wach ri juyu bʼ .
arewa ʼri nimalaj pixa bʼe arewa ʼ ri na bʼe .
x reta ʼmaj chi ru kʼ pa kʼku tij wi
jas utza kik le su bʼ xu ʼ ano ?
aj xo ʼy ri wika n.
wetanea ʼre xe tijo w le ri kil , are le komon xe tijo wik .
si bʼalaj aninaq kach ʼaw le are ʼ chi nu wach in .
utz we kin chakuj .
me ʼ sla ʼ .
kʼo kan wa rech kaqa tijo .
xin si kʼij la .
ri akʼal x sach kanoq jela ʼpa taq ʼaj .
xe si kʼij la .
jawi x kibʼij wi chike ʼ e wi?
ru mal che, man ix tari ʼ ri kixch ʼaw ik, are ri ruxla bʼ axel ri i tat ri ʼ rik ch ʼaw nai wu kʼ ri ix .
kʼakʼ ri wachoch .
si bʼalaj utz kin wil le atz ʼya q rech nahuala .
saq por k kay ri kipo ʼ trina n.
x sachon ri nu chak ch we .
wa ʼim xuchapo .
riq ʼaq ʼ tajinka julu wi k .
na ji lupam risi wan .
e kʼo ri qachal al pa chiu wi ʼ la .
jas xa taq chi ʼj le akʼal chu tijik ?
no ʼji mu kemik le pasa wu mal .
kʼo jun ku ku bʼi ʼt intin, wa ʼle laj ku kmam kaj e qitaj , kapaqikax ulik pa u wi ʼ uq ʼa bʼ taq che ʼ , si bʼalaj sak ʼaj , ke ʼ uto lee nima ʼq , ch ʼuti n, rachi ʼl , aj si pa nel si bʼalaj utzra nima ʼ .
riu pixa bʼ leq ʼat bʼaltzij kiya ʼu bʼixik .
na x sachon tachke xea tin ik .
xeq il le chi kop pu wi leja .
x lo ʼ taj ri akʼal .
qo nojel kuj wa ʼpa u wi ʼ ri mexa .
x si kir le waq an .
la xat wa ʼkʼut ?
nim u bʼaq ʼ ri tulu l .
kin xik ʼ ikʼ ik xin q ʼa xik .
la kat bʼe pa le tina mit ?
rip al si bʼalaj saq ʼo r.
k q ʼoxow nu jalom .
xin na ʼo chi kat petik .
x loq ʼu lewiwech ix .
xin chakun ru kʼ ri nu mam .
na xqa bʼan taj .
k kʼoji ʼ bʼa ʼ riu sipa nik ri ajaw xel jesusk risto ru kʼ ri aw uxla bʼal !
kin ch ʼaw ru kʼ lenunan pa lech ʼawe bʼal .
si bʼalaj q ʼe q u ʼm ru mal ri mayu l .
are leba xu lik .
xe kos le ixoqi bʼ pa le bʼe .
kʼax ri lik lea kʼalcha we .
x in q ʼi ʼ oxi na tin pa joron .
si bʼalaj nim le tina mit .
kʼax ukemik le pa sa wu mal .
xin sachik .
tajin kel u kikʼel paraqan ri tz ʼi ʼ .
xin weta ʼmaj ri lik wi bʼ
ri q ʼuq ʼ arejun je ʼl chikop .
kʼopa ja tijo bʼal ri wikaq ʼ .
ri sachi bʼal mak raj wa xik chi q axo ʼl .
je ʼ, kim bʼek .
jela le ʼri nu p wi ʼ .
xu bʼij che: - jas xa bʼ anotintin ?
kabʼan jun toq ʼo bʼ kyak ri nuj al .
kat ʼek xin ta.
jas leu kʼex bʼem ri bʼ le jun ru kʼ le jun chik ?
aj chiu wi ʼ mi q ʼinja ʼ ri lu ʼ .
ri tijo nel naj kpe wi.
te ʼ kix cho bʼ u bʼi ʼ ri nu tat .
ri ja ʼ kamiq ʼik chiu wach riq ʼaq ʼ .
ri tʼu ʼ yk paq ʼow ik .
kin mes on na.
naqajat kʼowi chi wech .
xin bʼiso nik taq na x at pet taj .
we x kam ri winaq , rip waq rech toj bʼal makaj kya ʼ chikech ri rala xik .
ri nu nan x bʼe pa kʼay bʼal .
xoj u kʼam u loq rech koj ri lo
x kʼoto chi n chikiwach chikin wa ʼa wu kʼ .
na x kikamsaj taj x kikʼam bʼi choja .
kʼakʼ ri ikʼ kamik .
xim bʼe ru kʼ le aj ku ni wir .
ri lik .
letz ʼi ʼ xeko sik .
xin kiko ta wu mal .
ri i mul xu maj ria nim , xuya kan le kok .
kʼo oj cheri akʼal .
xuj bʼe pa jun kʼula nem .
utz we k waral aq .
kaq ilo chi na koj u kʼam taj .
x reta ʼmaj chi ru kʼ pa kʼku tij wi.
si bʼalaj xin kʼa ʼna rik .
xin kochij ri nu wa .
man kat kowin taj kat chakunik , we man kʼota ri ajila bʼal .
we wo no n xu bʼij chike :- kixinto .
ri ala nim k ril wiri u mam .
x ka ʼy chi rij , x ka ʼy chu wach , mak ʼo tachi jun k silo bʼik , xoq ʼik xu xe ʼj ri bʼ xch ʼopi nik x tzalij loq xu ri q tachik ri u bʼe .
kʼo pus che riwa .
pinem na kabʼe lewatz, kim bʼe wi in paka ʼyi bʼal .
ri na nto ʼn nim winaq chik , saqu wi ʼ, ro nojel aq ʼa bʼ utz kuna ʼo ka tʼuyi ʼ pa utem , ku mi q ʼisaj ri bʼ chori q ʼij , kʼo jun u wi ʼ umam u bʼi ʼate ʼ k .
man e kʼi taj ri qula ʼ .
q ʼalaj chi nakawaj taj kabʼij
x paqa bʼisax rajil ro nojel ri kem .
kʼo pari jul ri ku matz .
ro nojel q ʼij kin ch ʼaj le nu ware .
saq chi kan le i chaj rech katzako .
chu xe leq achomal kaqatij wi jun q ameq ʼin .
cha wila ʼ .
e kʼojo bʼ u mi ʼ al, ri nu tat .
jas ru kʼ xawil wi
je ʼ jas ri winaq rech riu wachu lew , xoquje ʼ kepena ri ʼ rie ʼ are ʼ che e rech riu wachu lew ; je ʼ jas ri winaq rech ri kaj , xoquje ʼ kepena ri ʼ rie ʼ are ʼ e rech ri kaj .
xin tijo .
k tz ʼuj u w ri rachoch ri po ʼ x.
xuq ʼi ʼo are leu kʼu lel x ya ʼow u wa .
ri awel x reta ʼmaj chi rajawa xik man kux ej tari bʼ cheri tukur .
ju kʼulaj winaq xe ʼa nimaj bʼik .
je ʼ, xin tzalij ik .
xoj peti kxol q akʼama ʼ .
maj jachin x ʼek .
in aj tij ; at tijo xel .
saqu wi ʼ ri tata ʼ .
wech ri kem .
le ro ʼ ch le ate ʼ k kʼo ch wach leu kʼay le nu nan .
k bʼe pari siri ʼa e pa risilisi ʼ a, jawi je ʼ kuya wiri kichuq ʼa bʼ ri komonty ox .
pixa bʼ : man utz taj kʼax kuj ch ʼaw chikij nik ʼaj q ach il .
x kuna taj le ali ( ku mal ri ixoqi bʼ ) .
ri xi bʼi bʼal chi kʼowi pa taq riqa kʼas lemal ro nojel q ʼij .
na kuj wa rta waral .
on chek kʼoji ʼ ri utz il chixo ʼl , arech junam ri qa kojo nik , junam ri iwe chi x ru kʼ ri we chin .
pa ox q ʼij ri sa ʼn k bʼe na ru kʼ ri aj kun .
kawinaq wuqu bʼ .
jas kawaj kin tijo ?
we taxat bʼe wu kʼ pa le tina mit , xa loq ʼtala ʼle u jastaq le akʼajol .
kebʼe pa wa ʼim .
xin loq ʼ kʼi wa.
pa jun nim kʼa che ʼlaj , kʼo jun kʼ wa ʼ si bʼalaj saq lo loj , nim u wach .
k waj katij ju bʼa ʼ wa.
ro nojel winaq k ril nari u kolo nem ri dyos» .
x kʼoto chi n chikiwach chikin wa ʼa wu kʼ
k waj naka tʼe taj .
la xa loq ʼ juna lej ?
e kʼo rie loq ʼoma nel .
riu kabʼ u bʼi ʼ ri nu mam are ya y .
kin jopij ri i ja ʼ rech triko .
x na ʼ taj chke xe a tinik .
xate ʼ q ila ʼ .
kakitij alan xax ri winaq .
. . . kin bʼij chi arewa ʼs in xi ʼ an.
na xin na bʼej tach u tasik qa kʼoli bʼal .
ru mal rech cheweri in, kin ch ʼaw ru kʼ ri dyos pa ch ʼa bʼal , k ch ʼaw na kʼu ri ʼ ri wuxla bʼal ru kʼ ri dyos, kʼate kʼut man kʼota u pa tan ri ʼ ch rech ri nu choma bʼal .
xe petik xkilo .
xuta we ka tʼek .
utzu kemik lepas cha we .
ri nu wa kax xu tij jun q ʼo q ʼ ru mal ri ʼ x kamik .
ru mal ri kʼix , man kewa ʼtaj ri winaq .
xe ʼu lik .
q ʼe q rij ri ama ʼchij .
x raj ka ʼe leu na n.
junam ki juna bʼ .
naq ʼalaj taj weka ʼek .
ri wi x nam ch ʼajch ʼoj ri rachoch .
waral man kʼotaj ajawa l.
nai wirta x ril le kʼamol bʼe .
xin pe loq te kʼu ri ʼ xin tzukuj ro nojel ri nu rajil .
ri aj tiko nel kutik ri tzij .
kʼo e kikʼajol le achija bʼ .
ku tij q ʼayes ri ixpa ʼch .
pari wa ʼbʼal e kʼo kawinaq achija bʼ .
si poj inaq ri nupam .
kaya ʼtajik ru kʼuti ʼo nem jun riu riqom leya bʼil amolot setsé xuquje ʼ are kaya ʼtaj pa taq ri juyu bʼ .
jachin ri achi ?
ri nu mam x kamik aretaq kʼo jumuch ʼla juju juna bʼ .
kin kowinik kin kʼam bʼi lep waq .
kin wilo chi utz ri aji ʼ .
xin q ʼil riapo ʼ x cheman kachakun taj .
k wa ʼ chiu wach le taq ʼaj ri ama ʼ akʼ .
ri i mul xe poq ʼik pa jun ikʼ .
x kʼis kanoq riqa chak .
are ri ali xoj ilow kanoq .
si bʼalaj ch ʼu ʼj ri amax .
kʼo nu wachi ʼ .
in chaji nel kech le akʼala bʼ .
xe kos letz ʼi ʼ .
kin bʼe naku kʼ ri molaj .
ro nojel aq ʼa bʼ kin yi tz ʼri wakax .
karapi nik xu tzukuj chi jun awaj .
leu kemik lepas aninaq ( a wu mal ).
maj u rajil leq ʼa bʼarel .
kʼax ri ʼ rikach ʼaw ik .
xoj u taq chi ʼj le achichu loq ʼi kichaj .
si bʼalaj kʼax rix kʼu lma xik .
x kilo chinakin kʼoxoma jtaj .
x na ʼ taj chkechi xe a tinik .
x kʼoto chi n chikiwach chi xoj al wo ʼ qaku kʼ .
jun q ʼu ʼ q rajil ri kaxla ʼn wa.
xin wilo chi xe ʼe lik .
e kʼo ixoqi bʼ pa le kʼay bʼal .
man kʼotaj u kʼisik ri maya bʼ aj la bʼal il .
ri s in k kʼiypa taq ʼaj .
rich ʼima man k kʼiy taj pa taq ʼaj .
rajawa xik k ji kik ri waqän .
kawaj kin ʼek .
e kʼo oxi bʼakʼ .
xu bʼij ch we jawi at kʼo wi.
ch we ʼ q kuj bʼe ʼ pa muquj .
pasaq kʼa ja ʼ kbʼan wiri uq .
xoj kisi kʼij .
xin wil wi bʼ .
chaq ʼchik ri wa.
kim bʼe nakapa le wo ʼch .
kawaj kin ʼek .
ri ch ʼu ʼ k tij ru kʼlej .
pari kiq ʼij kaminaq i bʼ kbʼan q ʼo ri kʼya ʼ rech aj : na bʼ eri nan kutzukuj kan ri aj , kujach ʼo ʼ xuquje ku kʼeto .
jas kaj bʼal cha nim ?
utzu choma nik ri al i.
pari q ʼij oxla juj tija x kin kʼis kebʼ juna bʼ kin chakun waral .
si bʼalaj ko , ri kʼakʼ ch ʼat .
jas karaj ku bʼij … ?
rich ʼich ʼ kasila bʼik .
pa ojer q ʼal pu l xaq xu wiri nim winaq ke kʼamow bʼe .
leu kuna xik leu kabʼ u kʼutu nik are ru kʼ e florni tina on utuni bʼaxik le ni furtimo x chi ʼ le flor ni tina chech t. b. g.
are ri achi xin ch ʼayow ik .
juna chiu bʼi ku ʼ xu sipaj kebʼ kʼa ʼm u lew rech kabʼan ri tijo bʼal , kamik , kʼochik aj tij rech ri komon xech pu p .
xu malty oxij cheri aj tij ro nojel le xu kʼut chiu wach .
pari bʼe xkiraq jun alaji mul saq rij , x kikʼam bʼik .
x ril le bʼa le ala .
jas ku bʼij ch we ?
leu kuna tajem are ru kʼ utzukuxik leu chikopil pa jun u soli ku xe ʼ le kikʼonleja ʼ rech jun nodo .
utz we nu tz ʼi ʼ .
je ʼ, tajin kachapon ik .
kin u loq ʼoj le nu tat .
kawaj kim bʼe pa tina mit .
are la ʼ kinchakuj .
ri nima ʼq taq winaq kʼo keta ʼma bʼal .
we taxat bʼe wu kʼ pa le tina mit , xa loq ʼ tawa ʼwe jastaq .
ri kikʼas lemal . wa iximu lew xa jun chi ma areta tini mit ri ma
riu kʼ ya bʼal naj upam .
xat qaj chiupam ri il .
noji mkat wa ʼik .
we kʼo jun k tuqa ʼ rik , ¿ la man xoquje ʼ taj kin tuqa ʼr ri in ?
ojoj wokol ja.
awas kbʼan kʼax che jun nim winaq .
xin ch ʼaw apan ru kʼle wa na bʼ .
kʼax riupam ri ju ʼl .
tajin kewa ʼ ri imul .
la kaj lakuj tzalij la aninaq ?
ru mal rech cheri makaj man kʼota u kowinem pi wi ʼ ri ix : ri ixma nix kʼot achichu xe ʼ ri pixa bʼ, xa ne ix kʼochuxe ʼ risipa nik .
nim raqan le che ʼ .
xin chapo .
are letu ʼ r le loq ʼoma nel .
xa skat kʼoji ʼ chiupam ri ch ʼich ʼ.
si bʼalaj nim raqan ri kʼamal bʼe .
le tz ʼi bʼa bʼal we chi n .
in xin to ʼ wla .
xa je kʼu ri ʼ ri ix kamik ri ʼ man ix kaxlan winaq tachik ; ri ix , ix rech riki tini mit riety oxlaj taq winaq , ix rech ri rachoch ri dyos .
xin tiko x laj kʼali chaj .
kaqa riq qi bʼ ch we ʼ q .
si bʼalaj utz cheri wi ʼ aj ri tuney .
we na jupulik ta xeqaj ik . . .
xin to ʼ taj cheri nu chak .
kʼo jun chikopu bʼi ʼ pu m .
poqon ri ik .
xoj bʼinik .
xu ch ʼe kro nojel le reta man ik x paq i ʼ k kʼax k wʼin ik xu bʼanaj kun .
kel u bʼik pari jud e ʼa ek tzalij chiu bʼi jumul pari gali le ʼ a.
xina xi bʼij pa bʼe .
je ʼl kʼolem chi awachoch .
ro nojel ri ya ʼtal il pa we q ʼa taj , tz ʼaqat kiwach , man k tzaq takanoq xuquje ʼ man ktas taj .
xukunaj leya wa bʼ le aj q ʼij .
chi tat abʼej jas le kim bʼij .
ch ʼa nal ri achi.
pa bʼo ko ʼ kachakun wirita x.
uj kʼopa u wuq q ʼij .
ki ʼ riu kabʼ ri aq aj .
kʼo rachal al patz ʼoloj che ʼ ri pe ʼl .
x kilo chi kin kʼoxom aj .
riu kisak ʼ utzk ya ʼik chiu xe ʼ ri tiko ʼn .
aretaq chi ʼ kaq ʼan pu wi ʼ ri juku bʼ, ria chi che x kʼoji ʼ ri itzel uxla bʼal ru kʼ , kutach rech ri are ʼ , arech k kʼoji ʼ ru kʼ ri are ʼ .
na kabʼantaj ta wu mal .
x na ʼ taj chke xe a tinik .
xin paj ri nu triko .
xe ʼ ok ri pok ʼ pari u mexa ripo ʼ x.
kaj ulu w ri aq ʼa ʼl chiu xe ʼ ri tʼu ʼ y .
awech leja .
xuj bʼe patzu rik .
na bʼe xa to pa nik .
riu kabʼ u bʼi ʼ ri nu mam are ya y .
uwaj xaq uka kʼal taqanik (28) .
mata kʼo jun kakan aj kanoq , qo nojel koj bʼek .
e nima ʼ q le al toma bʼ .
nim u wach ripo ʼt .
kojo nik pari utzij wa iximu lew .
jas xu kʼam bʼi le tz ʼi ʼ x awilo ?
xin petik, tat .
ri bʼelaj u wach .
chi tat abʼej jas ri kim bʼij .
je ʼl kuna ʼ ria bʼ ix chiupam ri q uq u lew .
kin bʼiso ju wach lewal .
xu tʼuyu bʼa ʼ .
nim ri aweq e le ʼ n xa riqo .
xin e ʼ wa ʼoq .
chi ʼ kewa rwi le akʼala bʼ .
ri nu mi ʼ al xutaq loq jun taqo ʼm wuj chi we .
q ʼe ʼ lik , ri chaj pari bʼe .
la utz awach ? - utz malty ox , e kʼu riat ? – utz malty ox .
xin kos ru mal nu chak .
k bʼe ku kʼ rie ʼ are ʼ e k tzalij pari na sarete ke ʼ u nimaj .
ri joj xu kʼam bʼik ri akʼ .
kʼochi wachi ʼl cha nim .
ku bʼij chech na ʼl kabʼan cheri atz ʼi bʼ .
e . . . in kawaj katzjoj bʼil ach we .
mataxin ya j lea li .
jachin ru kʼ kat bʼe wi?
kʼo si bʼalaj eta ʼma bʼal pari maya bʼ no ʼji bʼal .
e man xori jupu q kej .
kas umum ri kaq iq ʼ .
e kʼo kaji bʼ akʼala bʼ pa le bʼe .
je ʼ jas riu tat k ka ʼyik .
xaqat molo nel tzij tal .
le nu tat kaloq ʼo nch we .
xaq tane kimbʼei wu kʼ .
x reta ʼma juch ʼaj ik .
ru mal la ʼ x koj “ x al q ʼat ” cheu bʼi ʼ ri komon .
are leu kemik pas x reta ʼmaj .
ri wa ti ʼt ku bʼan nari u pa tan .
kʼakʼ le po ʼt .
reta ʼm u wach jachin x loq ʼow ri pas .
ken ch ʼa bʼej le akʼala bʼ .
ya ʼtal chaq eqo nojel ri uj winaq utzkaq il q i bʼ .
x koti ʼ paq ʼayes xoq ʼik .
kawinaq bʼe leje bʼ q ʼa taj .
e kʼo kaji bʼ ral ri i mul , jun saq , jun q ʼan , jun q ʼe q , jun q ʼ eqoj , si bʼalaj ketz ʼa nik , kech ʼopin ik ri alaj taqimul .
k cholol ri achachal .
kete kik ri ikʼ .
xe petik rech kewa ʼiw u kʼ .
tza tz riuq ʼan il ri akʼ .
xoj tzalij ik xi xe ʼ q aq ʼatuj ku kʼ le i tatinan .
ri yo ʼ x taq akʼala bʼ kekikʼu x ri atz ʼyaq .
we achi we xu sipaj jun po ʼt ch wex kamik .
k kowin ri kuna nel che kuna nik .
x ji q ʼ pari polow .
xa ru mal si bʼalaj rajawa xik le loq ʼalaj ja ʼ, le winaq x kibʼij : che we ikʼ ri ʼ qo nojel kuj bʼe cheutik ik taq che ʼ .
riuna ne rie rachal al kepe u loq ru kʼ ri are ʼ, kʼate kʼu ri ʼ, man ke kowin taj keq i bʼ u koq ru kʼ , ru mal rech che e kʼo si bʼalaj winaq .
ru mal rech , cheman kʼota jun k kowin cheu kojik junti kibʼal il chik chu wach ri kojom chik che are ri jesusk risto .
te kʼu ri ʼ x utz ʼi bʼaj ri bʼ pari nimalaj tijo bʼal rech aj ku ʼ n.
kaj ulu w ri ch ʼu mil chaq ʼa bʼ .
kʼis bʼal kanoq , xoquje ʼ k kam ri ixoq .
lea la xok ik .
kʼo p waq pa u wi ʼ ri mexa .
are kawaj nakin ʼetaj .
ri ya wal ku koj ri ali chiu xe ʼ ri chak achare u su ʼt .
nakaqa kʼam tu ʼ bʼi kamik .
ri aj tij ku bʼij chike : rajawa xik keqachajij ri awaj , are u tiko ʼn ri ajaw .
xintij mukuni wir .
kʼax leu wi ʼ taq le nuq ʼa bʼ .
xin loq ʼ jun il bʼal wi bʼ .
wa ʼwe q ʼij , nim u bʼantajik .
riu xe ʼ al ri qatina mit man kasach taj .
xoj bʼinik .
ri achal al junam kiwach .
xin weta ʼ maj ri lik wi bʼ .
nim riuna ʼoj waj tij .
mi q ʼin ri kʼul .
aj q ʼojom ri ate ʼ k .
che le sa nik che ʼ kbʼan wiri q ʼojom .
kape le awel pa nawal ja ʼ .
rimeso nel tajin kchakunik .
utz chaq e kaqato ʼqi bʼ, taq kʼo kʼax kʼol il , kate we chi ʼ n ri ajaw paqa wi ʼ .
xa wilo, x q ʼa tan le ibʼoy .
xat kowinik xa bʼano .
ki ʼri kʼawex .
kaj il il ri bʼe .
le ali xel bʼik .
are ʼ x raj xin bʼano .
nim we abʼaj .
je ʼ lik uti ʼjol al ri saq ko ʼ r.
no jinaq rikej .
we katijan xu x man katuto ʼta chi uq ʼat ixik le kʼakʼ ya bʼil corona virus ( 2019- nc ov).
na nim ta raqanwa ʼwe che ʼ .
utzalaj ajchak , ri wel .
¿jam pa ʼ kuj bʼe pa nimaq ʼij ?
rajawa xik ta nela ʼkat chakun wu kʼ .
xutaq chi ʼj pa waram pu lew .
man aretari axwan xel ik .
ria wi x xu loq ʼ rachoch re nimal .
are ri ixoq xin si kʼinu loq .
rich ʼi mak ʼa tʼo n na .
la xi bʼan le ichak ?
kʼi tina mit e kʼopa ch ʼo ʼj .
kʼo ju puq chij chiu xe ʼ ri che ʼ .
riu xaq ria bʼ ix are u wa rikej .
kawinaq q ʼa taj .
la kix pe pa tijo bʼal ?
we kechaji x taq le kʼ wa jachakin bʼij ; jun alik kʼo ja ʼ xuquje ʼ si bʼalaj saq lo loj .
xreta ʼ maj .
ri ala bʼom ri alitoma bʼ tajin kiki tijoj kibʼ rech su taq , are kakaj ki kibʼan nimaq achija bʼ chupam ri kikʼas lemal , xuquje kʼochik jupuq bʼixo nel chupam ri komon .
la tz ʼu wach ri bʼe .
kʼakʼ riach ʼich ʼ .
qo nojel uj , uj maya bʼ taq winaq .
nojel q ʼij ri ati ʼ x kuyuq ʼuj le taqa waj jela ʼpa nik ʼaj ja ʼ, chi rij ri juyu bʼ u bʼi ʼ te na ʼ .
paq ʼom chik risi ʼ .
kin tzukun che la .
kakitij le kinaq ʼ, lei chaj , leu wa ʼlik ru kʼlej .
xe kanaj kan le ajchaki bʼ .
ketikon ri achija bʼ .
si bʼalaj itzel u bʼantajik rich ʼi lakan .
ria te ʼ k xu malty oxij cheri rati ʼ t, ru mal ri utzalaj no ʼji bʼal xu kʼut chech .
k kamul ix u chak ri a bʼix .
la xin utzukuj le tijo xel ?
are ʼ kachakun ro nojel q ʼij .
lee kʼa ʼna taq tz ʼi ʼ .
saq rij ri plam u x .
jas xaq ʼi ʼ ox atijo .
jas ru kʼ xkichap wi u tijik le rik il ?
we katatin ru kʼ kʼatan ja ʼman kuq ʼatej ta le kʼakʼ ya bʼil corona virus .
la kat bʼin pa le uxlan bʼal ?
la waral kʼux ix wa ʼwi ?
are le nu tat kin loq ʼo nik .
tajink chakun ri ala .
kʼo ri ki ʼ kotemal a wu kʼ .
xuta jachin ka ʼek .
xat wa ʼik xin wilo .
x tzaq ri rachoch ru mal ri ja bʼ .
pa le jun ikʼ chik are nimaq ʼij .
e kebʼäm kebʼin pa u wi ʼ ri tem .
mem ria chi.
ri wi kanchali ʼ y kel pa juyu bʼ ch wi tziri bʼal .
le rajil , la paja xe laq ʼax wu ʼ bʼik ?
pari su ʼt pisom wiri lej .
koj petik kol q akʼama ʼ .
tajin kat ch ʼopin chiu wach ri taq ʼaj .
leq ʼo rxch ʼuq ik .
kʼax wa ʼi ma wu mal .
kin bʼison che lewal .
si bʼalaj kʼok ʼri awatz ʼyaq .
kamik xuj bʼe cheutik ik taq che ʼ pari juyu bʼ .
kin u loq ʼoj le nu tat .
chaq i ʼj chik ri chaj .
xyi lix ha wayi .
na x na ʼ taj tachke chi xe a tinik .
ru kʼ kʼu wa ʼwe ri ʼ, ri ixk kʼoji ʼ jun utzalaj i kʼas lemal ri ʼ ch kiwach ri winaq cheman e kʼota iw u kʼ , kʼate kʼu ri ʼ man kʼota jun winaq ri ʼ rajawa xik chi wech .
e petinaq pa bʼe le rachala xik .
kakaj le akʼala bʼ kewa ʼik .
xuj ch ʼay bʼik .
ri nu chak are q ʼaxel tzij .
kʼo naruxla bʼ ri awaj .
tajin kel loq , riq ʼij .
xuq ʼi ʼ ox kamsax ri rachal al choch .
ri nu mam are kʼo uq ʼi nomal .
x kʼu lma taj jumul , xu bʼan jun nimalaj ja bʼ, man x bʼeyetaj tana xu kʼis le uyuq ʼ chike .
ama ʼri nu tz ʼi ʼ .
jewa ʼkat petik .
xin kosik ru mal xin chakun ik
i wech chi jujun al , ri wa .
xuq ʼi ʼ on axata tin taj .
in ri q tajinaq pari kʼayi bʼal .
naweta ʼm taj .
kʼax le nuq ʼa bʼ .
utz le xu bʼij le achi.
kematz ʼi bʼ .
kʼo rachal al patz ʼoloj che ʼ ri pe ʼl .
ro nojel wa ʼwe jastaq ri ʼ, xask sach wi u wach wa ʼ ; ru kʼ we ri ʼ, ri ix , rajawa xik che kʼo junty oxlaj i kʼas lemal e k kʼoji ʼ ri ich ʼawem ru kʼ ri dyos,
x muq taj ri patz ʼan .
rich ʼich ʼ tzijom kanoq pari u kʼol bʼal .
man kʼota u cholaj pa taq ri a wuj .
jachi ke ikʼ leu nimaq ʼij le tina mit nawal ja ʼ ?
xe petik x olki kʼama ʼ .
kachuq ʼ chu t ri ja ʼ chiapam .
xin bʼi ji wir chi xe bʼe pa armita .
are ʼ u xe ʼ ojer tzij waral kʼi che ʼ u bʼi ʼ .
x kʼis ri nu si ʼ .
jawi x kibʼij wi chike ʼ e wi?
¡ xa je kʼu ri ʼ, jachin taq rie kʼopa rij u de ʼ a, chi cha nim che ʼ a nima ju bʼi pataq ri juyu bʼ,
kʼakʼ ria bʼ .
la kʼo jun naka kʼoxoma jtaj ?
na utz ta leu tʼisom le al mariy .
man ya ʼtal taj chi awekatok paja .
je ʼ, xatu tzukuj .
are kel waj xaqi bʼ uq ʼij rix kʼojik .
ri xu n ku r k kʼoji ʼ pa taq ri triko .
xin sachik .
xu tʼuyu bʼa ʼ
na nutom ta letzij …
wach ʼom ri ki wari no ʼs .
e kʼojo bʼ ch ʼil wa kʼ .
rajawi xik chi pa taq ri tijo bʼal , pa nik ʼaj u bʼixik chik
ri rajaw ru lew are ʼ tat kel .
we kʼuxo kik , we kʼ na xokta
we achi xu sipaj jun p ʼot chwe .
a tat u taqo ʼn leq ʼatal tzij .
naq ʼan tau wach leqa prut .
ri xa ʼr kʼopa u wi ʼ ri q ʼaq ʼ k poq ʼow ik .
ri ro q ʼej ri alija chakpe juna kʼal .
kʼo jun alapa tijo bʼal .
säq u wi ʼ ri tata ʼ .
ri wi tz ikʼ taj inkpe loq .
jawi x sachon wi kan u ya ʼik le p waq che .
utz we achi we xin kuna nik .
qo nojel kuj wa ʼpa u wi ʼ ri mexa .
ri kaxla ʼ nik man poqo n taj .
in xin bʼe ru kʼ ri wachi ʼl .
si bʼalaj je ʼl x kilo xe kitz oqopij ri kichij chila ʼ .
kin bʼinik xin ʼek .
kʼax kʼol ik, kacha ʼ .
ku tij ixim ri akʼ .
ria lix chel , xu q ʼi ʼo xa jun akʼ xsipa x che .
x qa si kʼij le ixoq ch utza kik su bʼ .
mata xa bʼinsaj lech ʼich ʼ .
ri pix tz ʼaral ik ru mal rieqa ʼn .
¿jam pa ʼkel chi 3%
kʼo jun nu kʼotoj chi ʼ aj .
tajin kewa ʼkat ri ala bʼom .
xin loq ʼ le nu kʼa kʼapo ʼt .
na utza kik tasu bʼ tajin ku ʼ ano
xoj u taq chi ʼij xoj wa ʼik .
i wech ria bʼix .
saq rij ri chij .
aj sik cheri tina mit kel wiri tata ʼ .
- ¡ay! xa xin tzaqu loq , kʼax we waq an .
x kʼu lma taj pa jun komon chi ʼ u wach jun juyu bʼ, xu ri qa jun q ʼij xki riq ki bʼ junimul ru kʼle kok .
jas xa taq chi ʼj le akʼal chu tijik ?
xin chapos uxuloq ʼo .
q ʼinom ri achi .
ri kʼum k tijow ru kʼkabʼ .
tajin kejach ʼan ik .
tz e bʼal u kemik le pasa wu mal .
are kayo ʼw leu chikopil leu bʼantajik try pano somab ru cei .
we kat nima nik utzkel ik .
perono ʼjimal pet naq loq , .
are le nu chak jun tz uq bʼal wi bʼ .
x kuna x leya wa bʼ ru mal le aj q ʼij .
riu kʼu ʼ x tz ʼi bʼ pa qatzijela juj .
si bʼalaj je ʼ lik rieqa bʼal xu bʼan ri lu ʼ s.
si bʼal ajatko n.
e man xori jupu q kej .
na x na ʼ taj tachke xe a tinik .
ri kʼamal bʼe xu bʼij chike, chi maja ri a nim .
jumuch ʼri nu juna bʼ .
q ʼi p tajinaq ri raqan ri tem .
k chakun ru kʼ ri jos bʼal che ʼ ri aja nel .
xa taq chi ʼj le akʼal chu tijik kar .
oj kʼopa le ro ʼch le awel .
¿ la kat peq u kʼ ch we ʼ q ?
le winaq pa lech ʼich ʼe tʼuyu l lo wi.
x kan aj kanoq chiu xe ʼ ri ja bʼ ri ch ʼa ʼn .
nim ri ja .
weta xakun aj lea tat matax kam la ʼ .
na nu kʼamom tu ʼla ri ʼ .
chqa nu kʼu ʼ ri qatzij .
kim bʼe pa le tina mit .
xin q ʼi ʼo na xina tin taj .
rajawa xik kakʼaman cha we leu tijik lelej .
kʼis bʼal taq no ʼji bʼal .
