xi ne ʼ wa ʼoq.
xkib ʼan kʼax che le u w osaq rumal man u tz tachika kayik.
ri qʼutu ʼm man kech tale akʼalab ʼ.
are na nim talea tz ʼiʼ chu wach le nu tz ʼiʼ.
xe petik xol kila ʼ.
¿jaw chiʼ xa ta ʼ che x kam riu mam ri po ʼ x ?
e keb ʼ ke kʼam b ʼik pa tuj.
x in loq ʼ jun japa ri w okaj ja.
ria xtu ʼ b ʼ, kʼo qulaj chech.
jas ka raj ka ʼan chu tz ak ikleti ʼij.
xu tij lewa.
x imb ʼal retzi j.
x pa x ri b ʼo ʼ j.
we kawaj kat into ʼo xaq xu wi kab ʼij chiwe.
jas nu kʼu ku chʼo b ʼo.
jaska raj ku tijo?
xe x ru x lab ʼ ri rik il.
e ni tz ʼa ʼ qle taq imul.
we tane in x in b ʼanow ik, are le ate ʼ k xb ʼanow ik.
ki n tz alij palen u tinamit.
ri nu chaqʼ kʼopa uro ʼ qʼatoj tijonik pa ri tijob ʼal .
x in x iʼ j wib ʼ xin chʼa wik.
kʼo chwaro ʼ chle pare.
chi raqan kab ʼin wiri tata ʼ.
xsa chon kanuya ʼiklep waq chechoja.
x in qʼax chiki xo ʼ l ri winaq.
ketiko nik.
ri ulew man qech taj , kech ri qatiʼ tqamam.
xe pe le winaq xol ki kʼama ʼ.
xu lo qʼri w uj rumal ri ali.
chewe qʼij kamik kʼo jun nu tzi jo nem chirij le nu tinamit.
kej ri ʼ.
x kuna nalaq chwe.
kinu si kʼij le nu na n.
ri i mul xu chʼi j taj , x kan aj pa b ʼe , rumal ri nimal ku jal uj rii mul , xu tzaq ria nim.
kub ʼan riu xoq ʼo ʼ l ri aj tz ʼaq.
ri la sib ʼalaj u tz che kunab ʼal .
kʼi ki wach rie ʼ aj chak ib ʼ pa ri komon tyox , kʼate kʼut xa jun chi ajaw xel;
xqat achi xatu lik.
ka waj chik at ʼ ek.
chʼu ti ʼ n ke kanaj ri xaj ab ʼ chech.
kaqa xiʼ j qib ʼ kaqa chapo.
e kʼo keb ʼ u kʼaj ol le tat x wa n.
lu ʼ sub ʼiʼ rire cha m.
aj chiu wiʼ mi qʼinja ʼ ri lu ʼ.
x in ya kan le nu chimpa kʼay b ʼal.
kʼatex ri lo , x pe ri unan che u tzu ku xik, x kikotik, xu sal ab ʼi saj ri taq u xkin.
xki kʼut chiu wach ri aj tij xu quje ʼ chiki wach ri taqni kʼaj ka chil.
u tz le nu qʼab ʼ.
kulle alwe ʼ l pa austin cha qʼab ʼ kamik.
ri ate ʼ k x tzaq loq are chi kʼopa u wiʼ riqʼa ʼm.
aj patan rite ʼk.
xat qaj chiu pam ri il.
la kʼo tzi j na kikʼoxo maj taj ?
xsa chonch kechi xe atinik.
rono jel le ulewe chalaq.
la xeb ʼe kʼula xe ʼ ki jaqa kʼu leu chiʼ ja?
xaq kat chʼok na ji wir.
kamik kʼo chiri jas taqawe.
are chiʼ kakʼis ri jun ab ʼ kʼo qʼinom.
pan awal ja ʼ x inale xik.
na xin ta taj we are ria kʼal ki x tzu qu wik.
¡ rulew ri sab ʼu loner ulew ri n eftali, ub ʼe ri polow, rulew ri jord an, gal ile ʼ a kech ri je taqam aqʼ !
rax , rax , rax , kʼo kʼ, kʼo kʼ, kʼo kʼ le ru x lab ʼ le taq tiko ʼ n.
achi xat wi lo.
paqal raj il lep ix kamik.
xoj b ʼi nik.
pa jun je ʼ l tijob ʼal ku tijoj ri b ʼ jun akʼal , ub ʼiʼ po ʼ x , u tz kuri lo kepa tijob ʼal rono jel taq qʼij.
x wa j chix at ʼe taj.
u tz la ʼ le xub ʼij le achi.
we ta ʼ am jachin ka petik.
kin qʼojom anik.
x in qʼiʼota kʼalik xin petik.
are ʼ reta ʼm che kino panik.
are tab ʼale qaqajaw chat to ʼ wik.
ka winaq waq ib ʼ qʼataj.
naq aj chik cheri u waq kaj b ʼal are taq chiʼ ksa chu wach ri qʼij , kok riqʼe qu ʼm chu wach ulew, chi kʼate ʼ na ri b ʼe leje b ʼ kaj b ʼal .
job ʼ raqan ri tz ʼal am xe poro xik.
sib ʼalaj kori j ri mop.
are wa ʼ.
je la ʼ pa ri timinit chwi kab yok rech xel aj u ʼ, le qananqa tat kaki tikoje ʼ l alaj taq u wach i chaj.
kʼax nuq ul.
xu ʼ lu kʼama ʼ.
ko jul ki tzu kuj.
are man kʼax ta u kuna xik are taq aninaq ka ʼ il i taj we ya b ʼilal xu quje ʼ mojo ʼ qa kuya ʼ le kʼax kʼol il chech lejo lom aj.
ri wel kʼopa tijonik.
ka wa j kinb ʼi j.
ri kotz ʼiʼ j kqa koj chiu pam rija.
qʼeq qʼoj ri j ria ma ʼ kej.
na x wa j taj x in chʼa wik.
ch petab ʼal elo qʼalaj jab ʼ.
xsa chonch kexat kisi kʼi j.
e le qʼal chʼich ʼ.
jachin xa wi lo chi are x tijo w ri ti ʼ j ?
ma tak ab ʼe le nu xb ʼal pale tinamit.
p im ruq, ri ali.
¿ kʼo ri mu qʼe chia wech ?
kqab ʼij man keko win taj.
kintij na.
kʼo jun qat ʼu ʼy paja!
kʼop uj chiu pam ri chʼa ʼk.
are taq kinko sik kinwa rik.
xat wa ʼik xin wi lo
in xin chʼa yo wle achi.
kono jel ri ala xik ke ʼ etz ʼanik.
jas ru kʼ xki tij wile ki rik il ?
aninaq il kat petik.
na rax ta u wach le juy ub ʼ.
ri tz ʼal am tz ʼib ʼab ʼal raxk kay ik.
we chat chakunik, kʼo awa.
ma ʼ tam xat pe cheri wa ʼim.
kamul kinwa ʼ na.
ri si kilk tijo w ru kʼik.
kimb ʼe a qʼan ru kʼ le altalin.
xo jʼe k xe ʼ qilalarqas ok.
xe ki qʼil le aj chak ib ʼ xki w ok leja.
ma tane x wa j le kʼuh jnem ru kʼ le ate ʼ k.
are xe ʼo pan chiu chiʼ ri juy ub ʼ, xki lo chi man qas tak ʼo qʼayes.
kʼate kʼut , ri jesus man k kojon ta chkech rie ʼ are ʼ, rumal rech che kono jel reta ʼm ki wach,
pa ʼ tz ri j ri tz ʼiʼ.
ju winaq waq ib ʼ qʼataj.
a te laqʼom.
xaq at jo ʼ s.
ri qʼatzu, are qʼalaj riu qʼij il.
aj chak we ala.
ub ʼe le juk akʼal taqanik (29).
keb ʼ nub ʼiʼ kʼolik.
la ka tz alij lu ʼ la aninaq ?
ka tzu kun la chwe.
la kaj la koj b ʼe ʼ pale chomal chwe ʼ q?
x in nab ʼej chu ta sik qa kʼolib ʼal .
lal xin to ʼ wik.
sib ʼalaj ano ʼ j ib ʼal .
xo j petik xolqa kʼama ʼ.
sib ʼal aj je ʼ lik riu wa ʼ l rii cha j.
kʼax wi j rumal in pa cha lik.
are taq xu kʼul maj wa ʼ xu l riu chomanik xub ʼij : are u tz waa qʼab ʼ kinwali j ik, are cha ʼ cha nim kino pan pa tijob ʼal , maj chik in kʼul maj.
ojaj xo jolob ʼ pa awas qʼij.
x in sachche leu w okikle tzi j.
e jul aj uj riak ʼ.
xu ta jampa ʼ kojʼek.
qil ik.
ri tijo xel man are ta nim chu wach ri raj tij. ri u tz tijo xel qas je riʼ kʼolik jas ri raj tij.
in xa tinch ʼayo.
no ʼ j im chak w umal.
chʼur ri joch ʼ.
in kinb ʼij na katsach taj.
uj may ab ʼ.
ria b ʼaj ya tzalik.
taj in kep ixb ʼax ria kʼalab ʼ.
chom riaq.
xin wa rik.
e lemen kono jel ria kʼalab ʼ.
taj in kqʼana rik ri we re ʼ aj.
le u kemik le pa su tz (chawe).
xu yu p ub ʼa u wach ra ʼ chi, kacha ʼ, .
ri satanas kok pa ri judas rik b ʼixiska riʼ otech rech , ri are ʼ jun ch ki xo ʼ l rie kab ʼ laj uj.
chu chu ri pa r.
kinqum uj ri nu joch ʼ.
chech punción lumbar am aqʼel rajawa xik chech ri lik le u kʼe xb ʼem wi len ab ʼe ru kʼ le ukab ʼ u kʼutu nem ley ab ʼ ilal.
qʼalaj chinak awaj taj kab ʼij.
kʼoq ʼol chirij risiʼ.
jawi xo jʼe wi chu lo qʼik ?
kʼo u lo chʼri talin.
qʼan ri j ri atiʼt nu ke j.
lax tz alij la iwir ?
xe si kʼi xik, kʼate kʼu riʼ xe ya jik, xu quje ʼ xe taqb ʼi che u si kʼiklem es.
la kixwa rik?
are kʼul e pa loma x xub ʼij che :- mam katb ʼi son taj , kinsi kʼij ni kʼaj wa chiʼ l ke rap apik.
a ʼ re e tijo xel ab ʼ.
ri alajalisi ʼ l xub ʼij xqa chap pa u tz al ri tyox.
xsa chon chke jachin xe atinik.
jas xu ray ij le anan xu tijo ?
x inko sik.
rax rono jel ri qʼayes rumal leja b ʼ.
kinya wa ʼ we chʼich ʼ p inem na u tz.
no ʼ jim u pa chʼu xik le nu wiʼ.
n aj kʼo wilew o ʼ ch chu wach le tijob ʼal .
ri ok ib ʼal kʼo chiu wach ri saq ja.
xe nu taq chʼij ke kille a kʼalab ʼ.
kʼo jun qʼoxo we m chiwe.
tzaricho ʼ m.
we choj b ʼe pale nim aqʼij , keq il le ajxo jolob ʼ.
xo jʼe k xe ʼ qilalarqas ok.
ri ate ʼ k xu ta ʼ chech ri n anto ʼ n :- nan jas che ʼ chi man kaj talaq akʼati saj ri jo ʼ q.
ri p al sib ʼalaj xu ʼ y.
kinko j ri j okb ʼal ulew.
in kinb ʼij na katsach taj
at raj kun le nu na n.
kuqam uj uj oron ri aj tzi j.
lu ʼ tz ʼal am ub ʼiʼ ria chikel pa nim che ʼ.
je ʼ lik u ti ʼ jol al ri saq ko ʼ r.
kʼo jun xa ʼ r paja.
x in loq ʼ jun kʼakʼ patan.
kʼax u kemik le pa saw umal.
aninaq u kemik le pasaw umal
ri chʼa ʼ n sachinaq pataq ab ʼix.
rax taqle ko tz ʼiʼ j.
mesom kanoq riu pam ja.
man are tar alax ko sik.
ri komon xech pu p rech u qʼab ʼ tinamit xo ʼ lab ʼaj rech qʼumar ka j.
la u tz ak ik kʼusub ʼ taj in ku ʼa no?
kate la !
na xu tij taj.
xa rumal keta ʼm kono jel ri winaq kkiqumuj leja ʼ.
i wir xu j tz alij la pa kʼay b ʼal .
qeta ʼm che riqawak uj uto ʼo.
ri aj tij, kya jon chikech ria kʼalab ʼ.
jasub ʼanom le nu chʼu ti tat ?
chwe ʼ q kinb ʼepa nim tinamit.
u tz we ki w eta ʼmaj jas kub ʼij ri chol b ʼal qʼij.
taj in kat ji lo w che u qʼoxo mjolom aj.
x in tik qʼax chiu wach ri ja.
kʼax le kib ʼe le winaq.
loq ʼ kat kuntaj che ley ab ʼil ( covid -19).
ri nu xib ʼal kelpa qaj b ʼal qʼij.
x ri l ri ax wan chix wa ʼ ri ala.
le alix kuna taj ik.
we tak apele jab ʼ kamik.
x in we ta ʼ maj chin axat petaj.
ri p waq rech we qʼataj riʼ kesax chech ri toj b ʼal kʼay inem.
k tij riu wa ʼ lik rumal riki nima qʼij.
xu chapu kuna xik.
chatan loq ali.
x in xu li ʼ qajoq.
je ʼ lik ktijo w ri taq ikox.
kʼate kʼu ri le tatxo ʼ r xub ʼij , man ka waj taj , man kaw aj taj.
kʼo jun tz ʼiʼ pa b ʼe.
kamul x in pe chea tzu ku xik.
man taj in tak in chakunik.
kin chakunik rech kat wa ʼik.
jas ru kʼxawi l wichi xkiq u pi j wileti ʼ j.
jas ub ʼixik … ?
koqʼ ria kʼal.
ka waj na kat ʼe taj.
xat qʼaj ik.
we m na cha lo qʼaxi ya l, na kimb ʼeta aw u kʼ.
xo pan lew ujaw u kʼ rumal we chin.
are kʼut pale juy ub ʼ k kʼiy jo ron, chila ʼ xe ki kʼam awirija ʼ ri winaq.
koqʼ ria kʼal.
we kʼo araj il cha kʼam aloq.
are sib ʼalaj kaqleapo ʼt chu wach le nupo ʼ t.
x in kʼas taj pa kab ʼ laj uj kaj b ʼal .
kaqoy ʼej na kix petaj.
ko ka xim ri chij xa jela ʼman ka nimaj tab ʼik.
ri kokno jim xb ʼek, xu chʼi joxo pan pa u kʼisb ʼal il lea nim.
xo j kiʼkotik are taq xatu lik.
kaq itz ʼnaj riu xa jab ʼ ri akʼal.
ri jesusk wa ʼ kat pa ri nim ra choch ri dyos, chu xe ʼ ri jun jache ra choch risa lomon.
we taqanik riʼ kub ʼij chi rajawa xik kya ʼu qʼij ri winaq xu quje ʼ kto ʼaninaq il.
ria xu x are na riu kunel riki naq ʼ.
are taq wa ʼ riu qʼi jol we taqanik.
kʼo jun tab ʼal pa u wiʼ ri x kanul ub ʼiʼ laj uj no ʼ j.
yu ʼ l ub ʼanom riu kolob ʼ rikej.
xa nima j ri akʼal chiu wach riu chu ch.
kkuna n ri achi.
kin wa ʼik rech na kinyow aj taj.
aj xik chʼich ʼ ri lu ʼ s.
kwaj che ixki xb ʼanow ik.
a ʼ re xe to ʼwalaq.
xo jʼe k xe ʼ qilalarqas ok.
x in loq ʼ jun chʼich ʼ, qaj inaq u wach.
ku tʼis ri panta lon.
e jani pale awal kʼwale kʼolik ?
u tzu kemik le pas cha we.
rimax are aj qʼa ni ya ʼ.
matab ʼ achi riq kʼax pale b ʼe.
taj in ka nima j, ri me ʼ s.
ixi xe ʼ la qʼomab ʼ !
xsa cha n chwe.
e kʼo kʼi che ʼ, chiu wach ri juy ub ʼ.
are wa ʼ ri nim alaj pi xab ʼe are wa ʼ ri nab ʼe.
x reta ʼ maj chiru kʼpa kʼkutij wi
jas u tz ak ik le sub ʼ xu ʼa no?
aj xo ʼy ri wikan.
we tane a ʼ re xe tijo w le rik il, are le komon xe tijowik.
sib ʼalaj aninaq ka chʼa w le are ʼ chin u wachin.
u tz we kinchak uj.
me ʼ sla ʼ.
kʼo kan wa rech kaqa tijo.
xin si kʼij la.
ria kʼal x sach kanoq je la ʼ pataq ʼaj.
xe si kʼij la.
jawi xkib ʼij wi chike ʼe wi?
rumal che, man ix ta riʼ ri kix chʼa w ik, are ri ru x lab ʼa xel rii tat riʼ rik chʼa w na iw u kʼri ix.
kʼakʼ ri wa choch.
sib ʼalaj u tz kin wille atz ʼyaq rech na huala.
saq pork kay ri kipo ʼ trinan.
x sacho n ri nu chak chwe.
wa ʼim xu chapo.
ri qʼaqʼtaj in ka jul u wik.
na ji lu pam ri si wan.
e kʼo riqa chalal pa chiu wiʼ la.
jas xa taq chiʼ j le akʼal chu tijik?
no ʼ jim u kemik le pa saw umal.
kʼo jun ku kub ʼiʼ tintin, wa ʼ le laj ku kmam kajeqitaj , ka paq ika xu lik pa u wiʼ u qʼab ʼ taq che ʼ, sib ʼal ajsa kʼaj , ke ʼuto lee nima ʼ q, chʼutin, ra chiʼ l, aj sipa nel sib ʼalaj u tz ra nima ʼ.
ri u pi xab ʼ le qʼatb ʼal tzi j kiya ʼub ʼixik.
na xsachon ta chke xe atinik.
xeq il le chiko p pu wileja.
x lo ʼtaj ria kʼal.
qono jel ku j wa ʼ pa u wiʼrime xa.
xsi kir lewaqan.
lax at wa ʼ kʼut ?
nim ub ʼaqʼ ri tu lul.
kin xi kʼi kʼik xin qʼaxik.
la katb ʼe pale tinamit ?
ri p al sib ʼalaj saqʼor.
k qʼoxo w nu j alom.
xin na ʼo chik at petik.
x loq ʼ ulew iwe chix.
x in chakun ru kʼri nu mam.
na xqab ʼan taj.
kkʼo ji ʼ b ʼa ʼ ri u sipanik ri ajaw xel jesusk risto ru kʼ ria w ux lab ʼal !
kin chʼa w ru kʼ le nu na n pale chʼa we b ʼal .
sib ʼal aj qʼeq u ʼm rumal rimay ul.
are leba xu lik.
xe kos le ixoq ib ʼ pale b ʼe.
kʼax ri lik le akʼal chawe.
x in qʼiʼ oxi natin pajo ron.
sib ʼalaj nim le tinamit.
kʼax u kemik le pa saw umal.
xin sa chik.
taj in kelu kikʼel pa raqan ri tz ʼiʼ.
x in we ta ʼ maj ri lik wib ʼ
ri qʼuqʼ are jun je ʼ l chikop.
kʼopa ja tijob ʼal ri wika qʼ.
ri sachib ʼal mak raj wa xik chiqa xo ʼ l.
je ʼ, kimb ʼek.
je la le ʼ ri nu p wiʼ.
xub ʼij che :- jas xab ʼano tintin ?
kab ʼan jun to qʼob ʼ kyak ri n uj al.
kat ʼek xin ta.
jas leu kʼe xb ʼem ri b ʼ le jun ru kʼ le jun chik ?
aj chiu wiʼ mi qʼinja ʼ ri lu ʼ.
ri tijo nel na j kpe wi.
te ʼ kix chob ʼ ub ʼiʼ ri nu tat.
ri ja ʼ kami qʼik chiu wach ri qʼaqʼ.
rit ʼu ʼ yk pa qʼowik.
kinmeson na.
naq aj at kʼo wichiwe ch.
x in b ʼiso nik taqna xat pet taj.
we x kam ri winaq, ri p waq rech toj b ʼal ma kaj kya ʼ chikech ri rala xik.
rin u na n xb ʼepa kʼayb ʼal .
xo ju kʼam uloq rech koj ri lo
x kʼoto chin chiki wach chik in wa ʼ aw u kʼ.
na xki kamsaj taj xki kʼamb ʼi choja.
kʼakʼ ri ikʼ kamik.
x imb ʼe ru kʼ le aj kuniwir.
ri lik.
letz ʼiʼ xeko sik.
x in kiko taw umal.
ri imul xu maj ria nim , xuya kan lekok.
kʼo oj cheri akʼal.
xu j b ʼepa jun kʼula nem.
u tz wek wa ral aq.
kaqilo china koj u kʼam taj.
x reta ʼ maj chiru kʼpa kʼkutij wi.
sib ʼalaj x in kʼa ʼ narik.
x in ko chi j ri nu wa.
man katko win taj kat chakunik , we man kʼota ri aj ilab ʼal .
we w onon xub ʼij chike: -kix into.
ria la nim k ri l wiri umam.
x ka ʼy chirij, x ka ʼy chu wach, ma kʼo tachi jun ksi lo b ʼik, xo qʼik xu xe ʼ j ri b ʼ x chʼo pinik x tz alij loq xu riq ta chik riub ʼe .
kʼo p us cheri wa.
p inem na kab ʼe le wa tz, kimb ʼe wi in paka ʼy ib ʼal.
ri n anto ʼ n nim winaq chik, saq u wiʼ, rono jel aqʼab ʼu tz kuna ʼokat ʼuy iʼ pa u tem, kum iqʼi saj ri b ʼ chori qʼij , kʼo jun u wiʼ u mam ub ʼiʼ ate ʼ k.
man e kʼi taj riqula ʼ.
qʼalaj chinak awaj taj kab ʼij
x pa qab ʼisax raj il rono jel rikem.
kʼopa ri jul ri ku matz.
rono jel qʼij kin chʼaj le nu ware.
saq chikan le i chaj rech katz ako.
chu xel e qa chomal kaqatij wi jun qam e qʼin.
cha wila ʼ.
e kʼo job ʼum iʼal, ri nu tat.
jas ru kʼxa wil wi
je ʼ jas ri winaq rech ri u wach ulew, xo quje ʼ kepena riʼ rie ʼ are ʼ che e rech ri u wach ulew; je ʼ jas ri winaq rech ri kaj , xo quje ʼ ke pe na riʼ rie ʼ are ʼ e rech ri kaj.
xin tijo.
k tz ʼu juw ri ra choch ri po ʼ x.
xu qʼiʼo are le u kʼul el xya ʼow uwa.
ria wel x reta ʼmaj chi rajawa xik man ku xej ta ri b ʼ cheritu ku r.
ju kʼul aj winaq xe ʼa nimaj b ʼik.
je ʼ, x in tzali jik.
xo j petik xolqa kʼama ʼ.
maj jachin x ʼek.
in aj tij; attijo xel.
saq u wiʼri tata ʼ.
wech ri kem.
le ro ʼ ch le ate ʼ k kʼo chwach le u kʼay len unan.
kb ʼepa risi riʼ a e pa risi li siʼa, jawi je ʼ kuya wiri kichu qʼab ʼ ri komon tyox.
pi xab ʼ: man u tz taj kʼax kuj chʼa w chiki j ni kʼaj qachil.
x kuna taj le ali( kumal ri ixoq ib ʼ ).
ri xib ʼi b ʼal chik ʼo wi pataq riqa kʼas lemal rono jel qʼij.
nak uj war ta wa ral.
on chek kʼo ji ʼ ri u tz il chi xo ʼ l, are ch jun am riqa kojonik, jun am ri iwe chix ru kʼri we chin.
pa ox qʼij risa ʼ n kb ʼenar u kʼri aj kun.
ka winaq wuq ub ʼ.
jaska wa j kin tijo?
we tax at b ʼew u kʼ pale tinamit, xa lo qʼtala ʼ le u jas taqle akʼa jol.
keb ʼepa wa ʼim.
xin loq ʼ kʼiwa.
pa jun nim kʼache ʼ laj , kʼo jun kʼwa ʼ sib ʼalaj saq lo loj , nim u wach.
kwaj katij jub ʼa ʼ wa.
rono jel winaqk ri l na riu kolo nem ri dyos ».
x kʼoto chin chiki wach chik in wa ʼ aw u kʼ
kwaj na kat ʼe taj.
la xa loq ʼ jun alej ?
e kʼo rie lo qʼomanel.
ri u kab ʼ ub ʼiʼ ri nu mam are ya y.
kinjo pi j riija ʼ rech triko.
xna ʼ taj chke xe atinik.
xa te ʼ qila ʼ.
kaki tij alan xa x ri winaq.
. . . kinb ʼij chi are wa ʼ sinx iʼ an.
na xin nab ʼej ta chu ta sik qa kʼolib ʼal .
rumal rech chewe ri in , kin chʼa w ru kʼri dyos pa chʼab ʼal, k chʼa w na kʼu riʼ ri w ux lab ʼal ru kʼri dyos, kʼate kʼut man kʼota u patan riʼ ch rech ri n u chomab ʼal .
xe petik xkilo.
xu ta we kat ʼ ek.
u tzu kemik le pas cha we.
ri nu wakax xu tij jun qʼo qʼ rumal riʼ x kamik.
rumal ri kʼix , man ke wa ʼtaj ri winaq.
xe ʼu lik.
qʼe qrij ria ma ʼ chi j.
x raj ka ʼele unan.
jun am ki jun ab ʼ.
na qʼalaj taj we ka ʼek.
ri wix nam chʼaj chʼo j ri ra choch.
wa ral man kʼotaj aj awal.
na i wir tax ri l le kʼamol b ʼe.
x in pe loq te kʼu riʼ x in tzu kuj rono jel ri nu raj il.
ri aj tiko nel kutik ri tzi j.
kʼo e ki kʼaj ol le achi jab ʼ.
kutij qʼayes ri ix pa ʼ ch.
pa ri wa ʼb ʼal e kʼoka winaqachi jab ʼ.
sipo j inaq ri nu pam.
kaya ʼtaj ik ru kʼuti ʼo nem jun riu riqom le ya b ʼilam olotset séxu quje ʼ are kaya ʼtaj pataq ri juy ub ʼ.
jachin ri achi ?
ri nu mam x kamik are taq kʼo ju much ʼ laj uj u jun ab ʼ.
kinko winik ki n kʼamb ʼilep waq.
kin wi lo chiu tz ria jiʼ.
x in qʼil ria po ʼ x che man kachakun taj.
kwa ʼ chiu wach le taq ʼaj ri am aʼ akʼ.
ri i mul xe po qʼik pa jun ikʼ.
x kʼis kanoq riqa chak.
are ri alixo ji low ka noq.
sib ʼalaj chʼu ʼ j ri amax.
kʼo nu wach iʼ.
in chaj inel kech lea kʼalab ʼ.
xe kos le tz ʼiʼ.
kinb ʼenak u kʼri mol aj.
rono jel aqʼab ʼ ki ny i tz ʼ ri w akax.
kara pinik xu tzu kuj chi jun awaj.
le u kemik le pa saninaq ( awumal ).
maj u raj il le qʼab ʼ arel.
kʼax riʼ ri kachʼaw ik.
xo ju taq chiʼ j le achi chu lo qʼi kicha j.
sib ʼalaj kʼax ri x kʼul ma xik.
xki lo chinak in kʼoxo maj taj.
x na ʼ taj chke chi xe atinik.
x kʼoto chin chiki wach chi xo jal w o ʼ qa ku kʼ.
jun qʼu ʼ qraj il ri kax la ʼ n wa.
x in wi lo chixe ʼelik.
e kʼo ixoq ib ʼ pale kʼay b ʼal.
man kʼotaj u kʼisik rimay ab ʼaj lab ʼal il.
ri sink kʼiy pataq ʼaj.
ri chʼima mank kʼiy taj pataq ʼaj.
rajawa xik kjikik ri waqän.
kawaj kin ʼek.
e kʼo oxi b ʼak ʼ.
xub ʼij chwe jawi at kʼo wi.
chwe ʼ qkuj b ʼe ʼ pam u quj.
pa saq kʼaja ʼ kb ʼan wiri uq.
xo j ki si kʼi j.
xin wil wib ʼ.
chaqʼ chik ri wa.
kimb ʼenak apalew o ʼ ch.
kawaj kin ʼek.
ri chʼu ʼ ktij ru kʼ le j.
pa riki qʼij kaminaq ib ʼ kb ʼan qʼo ri kʼya ʼ rech aj : n ab ʼe ri nan ku tzu kuj kan ri aj , ku jach ʼo ʼ xu quje ku kʼe to.
jas kaj b ʼal cha nim ?
u tzu chomanik ri ali.
pa riqʼi jox laj uj tija xki n kʼis keb ʼ jun ab ʼ kinchakun wa ral.
sib ʼalaj ko, ri kʼakʼ chʼat.
jas ka raj kub ʼij … ?
ri chʼich ʼ kas ilab ʼik.
pa ojer qʼalp ul xaq xu wiri nim winaq ke kʼamow b ʼe.
le u kuna xik le ukab ʼ u kʼutunik are ru kʼ e flor nitina on utun ib ʼa xik le ni furtimo x chiʼ le flor nitina chech t.b.g.
are ri achi xin chʼa yo wik.
jun achiub ʼik u ʼ xu sipaj keb ʼ kʼa ʼm ulew rech kab ʼan ri tijob ʼal , kamik, kʼo chi kaj tij rech ri komon xe chpup.
xumal tyoxij cheri aj tij rono jel le xu kʼut chi u wach.
pa ri b ʼe xki raq jun alaj im ulsaq ri j, xki kʼam b ʼik.
xri lle b ʼale ala.
jas kub ʼij chwe ?
le u kuna tajem are ru kʼu tzu ku xik le u chiko pil pa jun u solik u xe ʼ le ki kʼon leja ʼ rech jun nodo.
u tz we nu tz ʼiʼ.
je ʼ, taj in ka chaponik.
ki n u loq ʼoj le nu tat.
kawa j kimb ʼepa tinamit.
are la ʼ kinchak uj.
ri nima ʼ q taq winaq kʼo keta ʼmab ʼal .
we tax at b ʼew u kʼ pale tinamit, xa loq ʼ ta wa ʼ we jas taq.
riki kʼas lemal. wa ixim ulew xa jun chima are ta tinimit ri ma
ri u kʼyab ʼal na ju pam.
xat qaj chiu pam ri il.
no j im kat wa ʼik.
we kʼo jun ktuqa ʼ rik, ¿ la man xo quje ʼ taj kin tuqa ʼ r ri in ?
ojoj w okol ja.
awas kb ʼan kʼax che jun nim winaq.
x in chʼa wa pan ru kʼ le wa nab ʼ.
kʼax riu pam ri ju ʼ l.
taj in ke wa ʼ ri imul.
la kaj la kuj tz alij la aninaq ?
rumal rech cherima kaj man kʼota u ko winempi wiʼri ix : ri ix man ix kʼot achichu xe ʼ ri pi xab ʼ, x ane ix kʼo chu xe ʼ ri sipanik.
nim raqan le che ʼ.
x inchap o.
are le tu ʼ r le lo qʼomanel.
xas kat kʼo ji ʼ chiu pam ri chʼich ʼ.
sib ʼalaj nim raqan ri kʼamal b ʼe.
le tz ʼib ʼab ʼal we chin.
inxi n to ʼw la.
xa je kʼu riʼ ri ix kamik riʼ man ix kax lan winaq ta chik; ri ix, ix rech ri ki tinimit rie tyox laj taq winaq, ix rech ri ra choch ri dyos.
x in tiko x laj kʼal i chaj.
kaqa riq qib ʼ chwe ʼ q.
sib ʼal aj u tz cheri wiʼ aj ri tuney.
we na jupulik ta xeq aj ik...
x in to ʼ taj cheri nu chak.
kʼo jun chiko pub ʼiʼ pum.
poqon riik.
xoj b ʼi nik.
xu chʼek rono jel le reta manik x pa qiʼk kʼax k wʼinik xub ʼan aj kun.
kel ub ʼik pa rijude ʼa ek tz alij chiub ʼij u mul pa rigal ile ʼa.
x in axib ʼij pab ʼe.
je ʼ l kʼo lem chia wa choch.
rono jel ri ya ʼtal il pa we qʼataj , tz ʼaqat ki wach, man k tzaq ta kanoq xu quje ʼ man ktas taj.
xu kunaj le ya wa b ʼ leaj qʼij.
chi tatab ʼej jas le kimb ʼi j.
chʼanal ri achi.
pa b ʼoko ʼ kachakun wiritax.
uj kʼopa u wuq qʼij.
ki ʼ riu kab ʼ ri aqaj.
kʼo rachalal pa tz ʼoloj che ʼ ri pe ʼ l.
xki lo chik in kʼoxo maj.
ri u kisa kʼu tz kya ʼik chiu xe ʼ ri tiko ʼ n.
are taq chiʼ ka qʼan pu wiʼ ri j u kub ʼ, ri achi che x kʼo ji ʼ ri itzel ux lab ʼal ru kʼ, ku tach rech ri are ʼ, are chk kʼo ji ʼ ru kʼri are ʼ.
na kab ʼantaj taw umal.
xna ʼ taj chke xe atinik.
xin pa j ri nu triko.
xe ʼok ri po kʼpa riumexa ri po ʼ x.
kaj uluw riaqʼa ʼ l chiu xe ʼ rit ʼu ʼ y.
awech leja.
x uj b ʼepa tzu rik.
nab ʼe xato panik.
ri u kab ʼ ub ʼiʼ ri nu mam are ya y.
u waj xaq u kakʼal taqanik (28).
mata kʼo jun kakan aj kanoq, qono jel koj b ʼek.
e nima ʼ qle al tomab ʼ.
nim u wach ri po ʼt.
kojonik pa riu tzi j wa ixim ulew.
jas xu kʼamb ʼil etz ʼiʼ xa wi lo ?
xin petik, tat.
ri b ʼe laj u wach.
chi tatab ʼej jas ri kimb ʼi j.
je ʼ l kuna ʼ ria b ʼix chiu pam riquq ulew.
kinb ʼiso ju wach lewal.
xu t ʼuy ub ʼa ʼ.
nim ria we qele ʼ n xa riqo.
xi ne ʼ wa ʼoq.
chiʼ ke war wile akʼalab ʼ.
ri num iʼal xu taq loq jun taqo ʼ m w uj chiwe.
qʼe ʼ lik, ri chaj pa ri b ʼe.
la u tz awach? -u tz mal tyox , e kʼu ri at ? – u tz mal tyox.
x inkos rumal nu chak.
kb ʼeku kʼ rie ʼ are ʼ e k tz alij pa rinas are te ke ʼu nimaj.
ri joj xu kʼam b ʼik ria kʼ.
kʼo chi wa chiʼ l cha nim.
kub ʼij chech na ʼ l kab ʼan che ria tz ʼib ʼ.
e. . . in kawaj katz joj b ʼila chwe.
mata xin ya jleal i.
jachin ru kʼkatb ʼe wi?
kʼo sib ʼal aje ta ʼmab ʼal pa rimay ab ʼ no ʼ ji b ʼal .
e man xo ri j u puq ke j.
kasum um ri kaq iqʼ.
e kʼo kaj ib ʼa kʼalab ʼ pale b ʼe.
je ʼ jas riu tatk ka ʼy ik.
xaq at molonel tzi j tal.
le nu tatka loq ʼon chwe.
xaq tane kimb ʼei w u kʼ.
x reta ʼ maj u chʼa jik.
rumal la ʼ x koj “ xal qʼat ” che ub ʼiʼ ri komon.
are le u kemik pa sx reta ʼmaj.
ri wa tiʼt kub ʼan na riu patan.
kʼakʼlepo ʼ t.
reta ʼm u wach jachin x lo qʼow ri pas.
ken chʼab ʼej le akʼalab ʼ.
ya ʼtal chaqe qono jel ri uj winaq u tz kaq il qib ʼ.
x koti ʼ pa qʼayesxo qʼik.
ka winaq b ʼe leje b ʼ qʼataj.
e kʼo kaj ib ʼ ral rii mul, jun saq, jun qʼan, jun qʼeq, jun qʼe qoj , sib ʼalaj ketz ʼanik, ke chʼo pinik ri alaj taq im ul.
k chol ol ria cha chal.
ketek ik ri ikʼ.
xe petik rech ke wa ʼiw u kʼ.
tzatz riu qʼanil riakʼ.
xo j tz alij ik xi xe ʼ qa qʼat uj ku kʼ le i tatinan.
ri yo ʼ x taqa kʼalab ʼ ke ki kʼux ria tz ʼyaq.
we achiwe xu sipaj jun po ʼ t chwe x kamik.
kko winri kuna nel che kuna nik.
x ji qʼ pa ri polow.
xa rumal sib ʼalaj rajawa xik le lo qʼalaj ja ʼ, le winaq xkib ʼij : che we ikʼ riʼ qono jel ku j b ʼe che u tik ik taq che ʼ.
ri u na ne rie rachalal ke pe u loq ru kʼri are ʼ, kʼate kʼu riʼ, man keko win taj keq ib ʼ u koq ru kʼ, rumal rech che e kʼo sib ʼalaj winaq.
rumal rech , che man kʼota jun kko win che u koj ik jun ti kib ʼal il chik chu wach ri kojom chik che are ri jesusk risto.
te kʼu riʼ xu tz ʼib ʼaj ri b ʼ pa ri nim alaj tijob ʼal rech aj ku ʼ n.
kaj uluw ri chʼu mil cha qʼab ʼ .
kʼisb ʼal kanoq, xo quje ʼ k kam ri ixoq.
le ala xok ik.
kʼo p waq pa u wiʼrime xa.
are kawaj na kinʼe taj.
ri ya wal ku koj ri ali chiu xe ʼ ri chak ach are usu ʼ t.
na kaqa kʼam tu ʼ b ʼi kamik.
ri aj tij kub ʼij chike: rajawa xik ke qacha ji j ri awaj , are u tiko ʼ n ri ajaw.
xin tijm u kuni wir.
kʼax le u wiʼ taqle nu qʼab ʼ.
x in loq ʼ jun ilb ʼal wib ʼ.
wa ʼ we qʼij , nim ub ʼantaj ik.
ri u xe ʼal riqa tinamit man kasach taj.
xoj b ʼi nik.
ria chalal jun am ki wach.
x in we ta ʼ maj ri lik wib ʼ.
nim riu na ʼoj wa j tij.
miq ʼin ri kʼul.
aj qʼojom ria te ʼk.
che le sa nik che ʼ kb ʼan wiri qʼojom.
ka pe le awel pa nawal ja ʼ.
ri meso nel taj ink chakunik.
u tz chaqe kaqa to ʼ q ib ʼ, taq kʼo kʼax kʼol il, kate we chiʼ n ri ajaw paqa wiʼ.
xawi lo, x qʼatan le ib ʼo y.
xat ko winik xab ʼano.
kiʼ ri kʼawe x.
kaj il il ri b ʼe.
le ali xel b ʼik.
are ʼ x raj xin b ʼano.
nim we ab ʼ aj.
je ʼ lik u ti ʼ jol al ri saq ko ʼ r.
no j inaq rikej.
we ka tijan xu x man kat uto ʼ ta chiu qʼati xik le kʼakʼy ab ʼil corona virus ( 2019 -ncov).
na nim ta raqan wa ʼ we che ʼ.
u tz alaj aj chak, ri wel.
¿ jampa ʼ kuj b ʼepa nima qʼij ?
rajawa xik tane la ʼ kat chakun w u kʼ.
xu taq chiʼ j pa war am pulew.
man are taria x wan xel ik.
ria wix xu loq ʼ ra choch re nimal.
are ri ixoq xin si kʼi nu loq.
ri chʼima kʼat ʼon na.
la xib ʼan lei chak ?
kʼi tinamit e kʼopa chʼo ʼ j.
kʼo ju puq chi j chiu xe ʼ ri che ʼ.
ri u xaq ria b ʼix are uwa rikej.
ka winaq qʼataj.
la ki x pe pa tijob ʼal ?
we kech aj ix taqle kʼwa jacha kinb ʼij ; jun alik kʼo ja ʼ xu quje ʼ sib ʼalaj saq loloj.
x reta ʼ maj.
ri alab ʼom ri al itom ab ʼ taj in kiki tijoj kib ʼ rech su taq, are kakaj kikib ʼan nim aq achi jab ʼ chu pam ri ki kʼas lemal, xu quje kʼo chik ju puq b ʼixo nel chu pam ri komon.
la tz ʼu wach ri b ʼe.
kʼakʼ ria chʼich ʼ.
qono jel uj , u jmay ab ʼ taq winaq.
no jel qʼij ri at iʼ x ku yu qʼuj le taqaw aj je la ʼ pa ni kʼaj ja ʼ, chirij ri juy ub ʼ ub ʼiʼ te na ʼ.
pa qʼom chik risiʼ.
ki n tzu ku nche la.
kaki tij le kin aqʼ, le i chaj , le u wa ʼ lik ru kʼ lej.
xe kanaj kan le aj chak ib ʼ.
ketikon ri achi jab ʼ.
sib ʼalaj itzel ub ʼantaj ik ri chʼi la kan.
ri ate ʼ k xu mal tyoxij cheri ra tiʼt , rumal riu tz alaj no ʼ j ib ʼal xu kʼut chech.
k kamuli xu chak ria b ʼix.
la xin u tzu kuj le tijo xel ?
are ʼ kachakun rono jel qʼij.
lee kʼa ʼ na taq tz ʼiʼ.
saq ri j ri plam ux.
jas xa qʼiʼo xa tijo.
jas ru kʼ x kichap wi u tijik le rik il ?
we ka tatin ru kʼ kʼatanja ʼman ku qʼatej tale kʼakʼ ya b ʼil corona virus.
la katb ʼin pale ux lan b ʼal ?
la war al kʼu xix wa ʼ wi?
are le nu tatk in loq ʼo nik.
taj ink chakun ri ala.
kʼo ri kiʼkotem alaw u kʼ.
xu ta jachin ka ʼek.
xat wa ʼik xin wi lo.
x tzaq ri ra choch rumal ri jab ʼ.
pale jun ikʼ chik are nima qʼij.
e keb ʼäm keb ʼin pa u wiʼritem.
mem ri achi.
ri w ikan cha li ʼ y kelpa juy ub ʼ ch wi tzi ri b ʼal .
le raj il, la paja xel aqʼaxw u ʼ b ʼik ?
pa ri su ʼt pi som wiri lej.
koj petik kolqa kʼama ʼ.
taj in kat chʼo pinchi u wach ri taqʼaj.
le qʼo r x chʼu qik.
kʼax wa ʼim aw umal.
kinb ʼi sonche lewal.
sib ʼalaj kʼo kʼri awatz ʼyaq.
kamik xu j b ʼe che u tik ik taq che ʼ pa ri juy ub ʼ.
ki n u loq ʼoj le nu tat.
cha qiʼ j chik ri chaj.
xy il ix ha way i.
na x na ʼ taj ta chkech ixe atinik.
ru kʼ kʼuwa ʼ we riʼ, ri ixk kʼo ji ʼ jun u tz alaj ikʼas lemal riʼ ch ki wach ri winaq che man e kʼotai w u kʼ, kʼate kʼu riʼ man kʼota jun winaq riʼ rajawa xik chiwe ch.
e petinaq pa b ʼe le rachala xik.
ka kaj le a kʼalab ʼ ke wa ʼik.
xu j ch ʼayb ʼik .
ri nu chak are qʼaxel tzi j.
kʼo na ru x lab ʼ ri awaj.
taj in kel loq, ri qʼij.
xu qʼiʼo x kamsax ri rachalal choch.
ri num am are kʼo u qʼinomal.
x kʼul mataj ju mul, xub ʼan jun nim alaj jab ʼ, man xb ʼeye taj tana xu kʼis le uy uqʼ chike.
ama ʼ ri nu tz ʼiʼ.
je wa ʼ kat petik.
x in kosik rumal x in chakunik
i wech chi j u jun al, ri wa.
xu qʼiʼon axatatin taj.
in riq taj inaq pa ri kʼay ib ʼal .
na we ta ʼm taj.
kʼax le nu qʼab ʼ.
u tz le xub ʼij le achi.
kema tz ʼib ʼ.
kʼo rachalal pa tz ʼoloj che ʼ ri pe ʼ l.
rono jel wa ʼ we jas taq riʼ, xas ksach wi u wach wa ʼ; ru kʼ we riʼ, ri ix, rajawa xik che kʼo jun tyox la ji kʼas lemal e k kʼo ji ʼ rii chʼa we m ru kʼri dyos,
x muq taj ri pa tz ʼan.
ri chʼich ʼ tzi jom kanoq pa riu kʼol b ʼal .
man kʼota u cholaj pataq ria w uj.
ja chike ikʼ le u nima qʼij le tinamit na wal ja ʼ ?
xe petik xol ki kʼama ʼ.
kachu qʼchu trija ʼ chia pam.
x in b ʼij i wir chi xeb ʼepa armita.
are ʼ u xe ʼ ojer tzi j wa ral kʼiche ʼub ʼiʼ.
x kʼis ri nu si ʼ.
jawi xkib ʼij wi chike ʼe wi?
¡ xa je kʼu riʼ, jachin taq rie kʼopa rijude ʼ a, chicha nim che ʼa nima jub ʼi pataq ri juy ub ʼ,
kʼakʼ ria b ʼ.
la kʼo jun na kakʼoxo maj taj ?
na u tz tale u tʼi som le alma riy.
man ya ʼtal taj chia we katok paja.
je ʼ, xa tu tzu ku j.
are kel wa j xaq ib ʼ u qʼij ri x kʼoj ik.
ri xu nku rk kʼo ji ʼ pataq ri triko.
xin sa chik.
xu t ʼuy ub ʼa ʼ
na nu tom tale tzi j …
wach ʼom riki wa ri no ʼ s.
e kʼo job ʼ chʼi l wa kʼ.
rajawi xik chi pataq ri tijob ʼal , pa ni kʼaj ub ʼixik chik
ri rajawr ulew are ʼ tatkel.
we kʼu xokik, we kʼna xok ta
we achi xu sipaj jun p ʼot chwe.
a tat u taqo ʼ n le qʼatal tzi j.
na qʼanta u wach leqap ru t.
ri xa ʼ r kʼopa u wiʼ ri qʼaqʼ kpo qʼowik.
ri ro qʼej ri alija chakpe jun akʼal.
kʼo jun alapa tijob ʼal .
säq u wiʼri tata ʼ.
ri wi tzi kʼtaj inkpeloq.
jawi x sacho n wi kanuya ʼiklep waq che.
u tz we achiwe xin kuna nik.
qono jel ku j wa ʼ pa u wiʼrime xa.
ri kax la ʼ nik man po qontaj.
in x in b ʼe ru kʼri wa chiʼ l.
sib ʼalaj je ʼ l xki lo xe ki tzoqopi j ri kichij chila ʼ.
kinb ʼinik x in ʼek.
kʼax kʼolik, kacha ʼ.
kutiji xim riakʼ.
ri alix chel, xu qʼiʼo xa jun akʼxsi pa x che.
x qasi kʼij le ixoq chu tzak ik sub ʼ.
mata xab ʼinsaj le chʼich ʼ.
ri pi x tz ʼar alik rumal rie qaʼ n.
¿jampa ʼ kel chi 3%
kʼo jun nu kʼotoj chiʼaj.
taj in ke wa ʼ kat ri alab ʼo m.
x in loq ʼ le nu kʼakʼapo ʼ t.
na u tz ak ik ta sub ʼ taj in ku ʼa no
xo ju taq chiʼ i jxoj wa ʼik.
iwech ri ab ʼix.
saqrij ri chi j.
aj sik cheri tinamit kel wiri tata ʼ.
- ¡ ay ! xa xin tzaq u loq, kʼax we waqan .
x kʼul mataj pa jun komon chiʼ u wach jun juy ub ʼ, xu riqa jun qʼij xki riq kib ʼ juni mul ru kʼ lekok.
jas xa taq chiʼ j le akʼal chu tijik?
xi nchapo su xu lo qʼo.
qʼinom ri achi.
ri kʼum ktijo w ru kʼ kab ʼ.
taj in keja chʼanik.
tzeb ʼal u kemik le pa sa w umal.
are kayo ʼ w le u chiko pil le ub ʼantaj ik try pa no soma brucei.
we kat nima nik u tz kelik.
p erono ʼ jimal petnaq loq,.
are le nu chak jun tzu qb ʼal wib ʼ.
x kunax le ya wab ʼ rumal leaj qʼij.
ri u kʼu ʼ x tz ʼib ʼ paqa tzi jel aj uj.
sib ʼalaj je ʼ lik rie qab ʼal xub ʼan ri lu ʼ s.
sib ʼalaj at kon.
e man xo ri j u puq ke j.
na xna ʼtaj ta chke xe atinik.
ri kʼamal b ʼe xub ʼij chike, chi maja ria nim.
ju much ʼ ri nu jun ab ʼ.
qʼip taj inaq ri raqa n ri tem.
kchakun ru kʼri josb ʼal che ʼ ri aj anel.
xa taq chiʼ j le akʼal chu tijik ka r.
oj kʼopale ro ʼ chle awel.
¿ la katpequ kʼchwe ʼ q?
le winaq pale chʼich ʼet ʼuy ul lo wi.
x kan aj kanoq chiu xe ʼ ri jab ʼ ri chʼa ʼ n.
nim ri ja.
we ta xa kunaj le atat matax kamla ʼ.
na nu kʼamom tu ʼ la riʼ.
ch qa nu kʼu ʼ riqa tzi j.
kimb ʼe pale tinamit.
x in qʼiʼo na xin atintaj.
rajawa xik kakʼaman chawe le u tij iklelej.
kʼisb ʼal taq no ʼ j ib ʼal .
xi ne ʼ wa ʼoq.
xkib ʼan kʼax che le u w osaq rumal man u tz tachika kayik.
ri qʼutu ʼm man kech tale akʼalab ʼ.
are na nim talea tz ʼiʼ chu wach le nu tz ʼiʼ.
xe petik xol kila ʼ.
¿jaw chiʼ xa ta ʼ che x kam riu mam ri po ʼ x ?
e keb ʼ ke kʼam b ʼik pa tuj.
x in loq ʼ jun japa ri w okaj ja.
ria xtu ʼ b ʼ, kʼo qulaj chech.
jas ka raj ka ʼan chu tz ak ikleti ʼij.
xu tij lewa.
x imb ʼal retzi j.
x pa x ri b ʼo ʼ j.
we kawaj kat into ʼo xaq xu wi kab ʼij chiwe.
jas nu kʼu ku chʼo b ʼo.
jaska raj ku tijo?
xe x ru x lab ʼ ri rik il.
e ni tz ʼa ʼ qle taq imul.
we tane in x in b ʼanow ik, are le ate ʼ k xb ʼanow ik.
ki n tz alij palen u tinamit.
ri nu chaqʼ kʼopa uro ʼ qʼatoj tijonik pa ri tijob ʼal .
x in x iʼ j wib ʼ xin chʼa wik.
kʼo chwaro ʼ chle pare.
chi raqan kab ʼin wiri tata ʼ.
xsa chon kanuya ʼiklep waq chechoja.
x in qʼax chiki xo ʼ l ri winaq.
ketiko nik.
ri ulew man qech taj , kech ri qatiʼ tqamam.
xe pe le winaq xol ki kʼama ʼ.
xu lo qʼri w uj rumal ri ali.
chewe qʼij kamik kʼo jun nu tzi jo nem chirij le nu tinamit.
kej ri ʼ.
x kuna nalaq chwe.
kinu si kʼij le nu na n.
ri i mul xu chʼi j taj , x kan aj pa b ʼe , rumal ri nimal ku jal uj rii mul , xu tzaq ria nim.
kub ʼan riu xoq ʼo ʼ l ri aj tz ʼaq.
ri la sib ʼalaj u tz che kunab ʼal .
kʼi ki wach rie ʼ aj chak ib ʼ pa ri komon tyox , kʼate kʼut xa jun chi ajaw xel;
xqat achi xatu lik.
ka waj chik at ʼ ek.
chʼu ti ʼ n ke kanaj ri xaj ab ʼ chech.
kaqa xiʼ j qib ʼ kaqa chapo.
e kʼo keb ʼ u kʼaj ol le tat x wa n.
lu ʼ sub ʼiʼ rire cha m.
aj chiu wiʼ mi qʼinja ʼ ri lu ʼ.
x in ya kan le nu chimpa kʼay b ʼal.
kʼatex ri lo , x pe ri unan che u tzu ku xik, x kikotik, xu sal ab ʼi saj ri taq u xkin.
xki kʼut chiu wach ri aj tij xu quje ʼ chiki wach ri taqni kʼaj ka chil.
u tz le nu qʼab ʼ.
kulle alwe ʼ l pa austin cha qʼab ʼ kamik.
ri ate ʼ k x tzaq loq are chi kʼopa u wiʼ riqʼa ʼm.
aj patan rite ʼk.
xat qaj chiu pam ri il.
la kʼo tzi j na kikʼoxo maj taj ?
xsa chonch kechi xe atinik.
rono jel le ulewe chalaq.
la xeb ʼe kʼula xe ʼ ki jaqa kʼu leu chiʼ ja?
xaq kat chʼok na ji wir.
kamik kʼo chiri jas taqawe.
are chiʼ kakʼis ri jun ab ʼ kʼo qʼinom.
pan awal ja ʼ x inale xik.
na xin ta taj we are ria kʼal ki x tzu qu wik.
¡ rulew ri sab ʼu loner ulew ri n eftali, ub ʼe ri polow, rulew ri jord an, gal ile ʼ a kech ri je taqam aqʼ !
rax , rax , rax , kʼo kʼ, kʼo kʼ, kʼo kʼ le ru x lab ʼ le taq tiko ʼ n.
achi xat wi lo.
paqal raj il lep ix kamik.
xoj b ʼi nik.
pa jun je ʼ l tijob ʼal ku tijoj ri b ʼ jun akʼal , ub ʼiʼ po ʼ x , u tz kuri lo kepa tijob ʼal rono jel taq qʼij.
x wa j chix at ʼe taj.
u tz la ʼ le xub ʼij le achi.
we ta ʼ am jachin ka petik.
kin qʼojom anik.
x in qʼiʼota kʼalik xin petik.
are ʼ reta ʼm che kino panik.
are tab ʼale qaqajaw chat to ʼ wik.
ka winaq waq ib ʼ qʼataj.
naq aj chik cheri u waq kaj b ʼal are taq chiʼ ksa chu wach ri qʼij , kok riqʼe qu ʼm chu wach ulew, chi kʼate ʼ na ri b ʼe leje b ʼ kaj b ʼal .
job ʼ raqan ri tz ʼal am xe poro xik.
sib ʼalaj kori j ri mop.
are wa ʼ.
je la ʼ pa ri timinit chwi kab yok rech xel aj u ʼ, le qananqa tat kaki tikoje ʼ l alaj taq u wach i chaj.
kʼax nuq ul.
xu ʼ lu kʼama ʼ.
ko jul ki tzu kuj.
are man kʼax ta u kuna xik are taq aninaq ka ʼ il i taj we ya b ʼilal xu quje ʼ mojo ʼ qa kuya ʼ le kʼax kʼol il chech lejo lom aj.
ri wel kʼopa tijonik.
ka wa j kinb ʼi j.
ri kotz ʼiʼ j kqa koj chiu pam rija.
qʼeq qʼoj ri j ria ma ʼ kej.
na x wa j taj x in chʼa wik.
ch petab ʼal elo qʼalaj jab ʼ.
xsa chonch kexat kisi kʼi j.
e le qʼal chʼich ʼ.
jachin xa wi lo chi are x tijo w ri ti ʼ j ?
ma tak ab ʼe le nu xb ʼal pale tinamit.
p im ruq, ri ali.
¿ kʼo ri mu qʼe chia wech ?
kqab ʼij man keko win taj.
kintij na.
kʼo jun qat ʼu ʼy paja!
kʼop uj chiu pam ri chʼa ʼk.
are taq kinko sik kinwa rik.
xat wa ʼik xin wi lo
in xin chʼa yo wle achi.
kono jel ri ala xik ke ʼ etz ʼanik.
jas ru kʼ xki tij wile ki rik il ?
aninaq il kat petik.
na rax ta u wach le juy ub ʼ.
ri tz ʼal am tz ʼib ʼab ʼal raxk kay ik.
we chat chakunik, kʼo awa.
ma ʼ tam xat pe cheri wa ʼim.
kamul kinwa ʼ na.
ri si kilk tijo w ru kʼik.
kimb ʼe a qʼan ru kʼ le altalin.
xo jʼe k xe ʼ qilalarqas ok.
xe ki qʼil le aj chak ib ʼ xki w ok leja.
ma tane x wa j le kʼuh jnem ru kʼ le ate ʼ k.
are xe ʼo pan chiu chiʼ ri juy ub ʼ, xki lo chi man qas tak ʼo qʼayes.
kʼate kʼut , ri jesus man k kojon ta chkech rie ʼ are ʼ, rumal rech che kono jel reta ʼm ki wach,
pa ʼ tz ri j ri tz ʼiʼ.
ju winaq waq ib ʼ qʼataj.
a te laqʼom.
xaq at jo ʼ s.
ri qʼatzu, are qʼalaj riu qʼij il.
aj chak we ala.
ub ʼe le juk akʼal taqanik (29).
keb ʼ nub ʼiʼ kʼolik.
la ka tz alij lu ʼ la aninaq ?
ka tzu kun la chwe.
la kaj la koj b ʼe ʼ pale chomal chwe ʼ q?
x in nab ʼej chu ta sik qa kʼolib ʼal .
lal xin to ʼ wik.
sib ʼalaj ano ʼ j ib ʼal .
xo j petik xolqa kʼama ʼ.
sib ʼal aj je ʼ lik riu wa ʼ l rii cha j.
kʼax wi j rumal in pa cha lik.
are taq xu kʼul maj wa ʼ xu l riu chomanik xub ʼij : are u tz waa qʼab ʼ kinwali j ik, are cha ʼ cha nim kino pan pa tijob ʼal , maj chik in kʼul maj.
ojaj xo jolob ʼ pa awas qʼij.
x in sachche leu w okikle tzi j.
e jul aj uj riak ʼ.
xu ta jampa ʼ kojʼek.
qil ik.
ri tijo xel man are ta nim chu wach ri raj tij. ri u tz tijo xel qas je riʼ kʼolik jas ri raj tij.
in xa tinch ʼayo.
no ʼ j im chak w umal.
chʼur ri joch ʼ.
in kinb ʼij na katsach taj.
uj may ab ʼ.
ria b ʼaj ya tzalik.
taj in kep ixb ʼax ria kʼalab ʼ.
chom riaq.
xin wa rik.
e lemen kono jel ria kʼalab ʼ.
taj in kqʼana rik ri we re ʼ aj.
le u kemik le pa su tz (chawe).
xu yu p ub ʼa u wach ra ʼ chi, kacha ʼ, .
ri satanas kok pa ri judas rik b ʼixiska riʼ otech rech , ri are ʼ jun ch ki xo ʼ l rie kab ʼ laj uj.
chu chu ri pa r.
kinqum uj ri nu joch ʼ.
chech punción lumbar am aqʼel rajawa xik chech ri lik le u kʼe xb ʼem wi len ab ʼe ru kʼ le ukab ʼ u kʼutu nem ley ab ʼ ilal.
qʼalaj chinak awaj taj kab ʼij.
kʼoq ʼol chirij risiʼ.
jawi xo jʼe wi chu lo qʼik ?
kʼo u lo chʼri talin.
qʼan ri j ri atiʼt nu ke j.
lax tz alij la iwir ?
xe si kʼi xik, kʼate kʼu riʼ xe ya jik, xu quje ʼ xe taqb ʼi che u si kʼiklem es.
la kixwa rik?
are kʼul e pa loma x xub ʼij che :- mam katb ʼi son taj , kinsi kʼij ni kʼaj wa chiʼ l ke rap apik.
a ʼ re e tijo xel ab ʼ.
ri alajalisi ʼ l xub ʼij xqa chap pa u tz al ri tyox.
xsa chon chke jachin xe atinik.
jas xu ray ij le anan xu tijo ?
x inko sik.
rax rono jel ri qʼayes rumal leja b ʼ.
kinya wa ʼ we chʼich ʼ p inem na u tz.
no ʼ jim u pa chʼu xik le nu wiʼ.
n aj kʼo wilew o ʼ ch chu wach le tijob ʼal .
ri ok ib ʼal kʼo chiu wach ri saq ja.
xe nu taq chʼij ke kille a kʼalab ʼ.
kʼo jun qʼoxo we m chiwe.
tzaricho ʼ m.
we choj b ʼe pale nim aqʼij , keq il le ajxo jolob ʼ.
xo jʼe k xe ʼ qilalarqas ok.
ri ate ʼ k xu ta ʼ chech ri n anto ʼ n :- nan jas che ʼ chi man kaj talaq akʼati saj ri jo ʼ q.
ri p al sib ʼalaj xu ʼ y.
kinko j ri j okb ʼal ulew.
in kinb ʼij na katsach taj
at raj kun le nu na n.
kuqam uj uj oron ri aj tzi j.
lu ʼ tz ʼal am ub ʼiʼ ria chikel pa nim che ʼ.
je ʼ lik u ti ʼ jol al ri saq ko ʼ r.
kʼo jun xa ʼ r paja.
x in loq ʼ jun kʼakʼ patan.
kʼax u kemik le pa saw umal.
aninaq u kemik le pasaw umal
ri chʼa ʼ n sachinaq pataq ab ʼix.
rax taqle ko tz ʼiʼ j.
mesom kanoq riu pam ja.
man are tar alax ko sik.
ri komon xech pu p rech u qʼab ʼ tinamit xo ʼ lab ʼaj rech qʼumar ka j.
la u tz ak ik kʼusub ʼ taj in ku ʼa no?
kate la !
na xu tij taj.
xa rumal keta ʼm kono jel ri winaq kkiqumuj leja ʼ.
i wir xu j tz alij la pa kʼay b ʼal .
qeta ʼm che riqawak uj uto ʼo.
ri aj tij, kya jon chikech ria kʼalab ʼ.
jasub ʼanom le nu chʼu ti tat ?
chwe ʼ q kinb ʼepa nim tinamit.
u tz we ki w eta ʼmaj jas kub ʼij ri chol b ʼal qʼij.
taj in kat ji lo w che u qʼoxo mjolom aj.
x in tik qʼax chiu wach ri ja.
kʼax le kib ʼe le winaq.
loq ʼ kat kuntaj che ley ab ʼil ( covid -19).
ri nu xib ʼal kelpa qaj b ʼal qʼij.
x ri l ri ax wan chix wa ʼ ri ala.
le alix kuna taj ik.
we tak apele jab ʼ kamik.
x in we ta ʼ maj chin axat petaj.
ri p waq rech we qʼataj riʼ kesax chech ri toj b ʼal kʼay inem.
k tij riu wa ʼ lik rumal riki nima qʼij.
xu chapu kuna xik.
chatan loq ali.
x in xu li ʼ qajoq.
je ʼ lik ktijo w ri taq ikox.
kʼate kʼu ri le tatxo ʼ r xub ʼij , man ka waj taj , man kaw aj taj.
kʼo jun tz ʼiʼ pa b ʼe.
kamul x in pe chea tzu ku xik.
man taj in tak in chakunik.
kin chakunik rech kat wa ʼik.
jas ru kʼxawi l wichi xkiq u pi j wileti ʼ j.
jas ub ʼixik … ?
koqʼ ria kʼal.
ka waj na kat ʼe taj.
xat qʼaj ik.
we m na cha lo qʼaxi ya l, na kimb ʼeta aw u kʼ.
xo pan lew ujaw u kʼ rumal we chin.
are kʼut pale juy ub ʼ k kʼiy jo ron, chila ʼ xe ki kʼam awirija ʼ ri winaq.
koqʼ ria kʼal.
we kʼo araj il cha kʼam aloq.
are sib ʼalaj kaqleapo ʼt chu wach le nupo ʼ t.
x in kʼas taj pa kab ʼ laj uj kaj b ʼal .
kaqoy ʼej na kix petaj.
ko ka xim ri chij xa jela ʼman ka nimaj tab ʼik.
ri kokno jim xb ʼek, xu chʼi joxo pan pa u kʼisb ʼal il lea nim.
xo j kiʼkotik are taq xatu lik.
kaq itz ʼnaj riu xa jab ʼ ri akʼal.
ri jesusk wa ʼ kat pa ri nim ra choch ri dyos, chu xe ʼ ri jun jache ra choch risa lomon.
we taqanik riʼ kub ʼij chi rajawa xik kya ʼu qʼij ri winaq xu quje ʼ kto ʼaninaq il.
ria xu x are na riu kunel riki naq ʼ.
are taq wa ʼ riu qʼi jol we taqanik.
kʼo jun tab ʼal pa u wiʼ ri x kanul ub ʼiʼ laj uj no ʼ j.
yu ʼ l ub ʼanom riu kolob ʼ rikej.
xa nima j ri akʼal chiu wach riu chu ch.
kkuna n ri achi.
kin wa ʼik rech na kinyow aj taj.
aj xik chʼich ʼ ri lu ʼ s.
kwaj che ixki xb ʼanow ik.
a ʼ re xe to ʼwalaq.
xo jʼe k xe ʼ qilalarqas ok.
x in loq ʼ jun chʼich ʼ, qaj inaq u wach.
ku tʼis ri panta lon.
e jani pale awal kʼwale kʼolik ?
u tzu kemik le pas cha we.
rimax are aj qʼa ni ya ʼ.
matab ʼ achi riq kʼax pale b ʼe.
taj in ka nima j, ri me ʼ s.
ixi xe ʼ la qʼomab ʼ !
xsa cha n chwe.
e kʼo kʼi che ʼ, chiu wach ri juy ub ʼ.
are wa ʼ ri nim alaj pi xab ʼe are wa ʼ ri nab ʼe.
x reta ʼ maj chiru kʼpa kʼkutij wi
jas u tz ak ik le sub ʼ xu ʼa no?
aj xo ʼy ri wikan.
we tane a ʼ re xe tijo w le rik il, are le komon xe tijowik.
sib ʼalaj aninaq ka chʼa w le are ʼ chin u wachin.
u tz we kinchak uj.
me ʼ sla ʼ.
kʼo kan wa rech kaqa tijo.
xin si kʼij la.
ria kʼal x sach kanoq je la ʼ pataq ʼaj.
xe si kʼij la.
jawi xkib ʼij wi chike ʼe wi?
rumal che, man ix ta riʼ ri kix chʼa w ik, are ri ru x lab ʼa xel rii tat riʼ rik chʼa w na iw u kʼri ix.
kʼakʼ ri wa choch.
sib ʼalaj u tz kin wille atz ʼyaq rech na huala.
saq pork kay ri kipo ʼ trinan.
x sacho n ri nu chak chwe.
wa ʼim xu chapo.
ri qʼaqʼtaj in ka jul u wik.
na ji lu pam ri si wan.
e kʼo riqa chalal pa chiu wiʼ la.
jas xa taq chiʼ j le akʼal chu tijik?
no ʼ jim u kemik le pa saw umal.
kʼo jun ku kub ʼiʼ tintin, wa ʼ le laj ku kmam kajeqitaj , ka paq ika xu lik pa u wiʼ u qʼab ʼ taq che ʼ, sib ʼal ajsa kʼaj , ke ʼuto lee nima ʼ q, chʼutin, ra chiʼ l, aj sipa nel sib ʼalaj u tz ra nima ʼ.
ri u pi xab ʼ le qʼatb ʼal tzi j kiya ʼub ʼixik.
na xsachon ta chke xe atinik.
xeq il le chiko p pu wileja.
x lo ʼtaj ria kʼal.
qono jel ku j wa ʼ pa u wiʼrime xa.
xsi kir lewaqan.
lax at wa ʼ kʼut ?
nim ub ʼaqʼ ri tu lul.
kin xi kʼi kʼik xin qʼaxik.
la katb ʼe pale tinamit ?
ri p al sib ʼalaj saqʼor.
k qʼoxo w nu j alom.
xin na ʼo chik at petik.
x loq ʼ ulew iwe chix.
x in chakun ru kʼri nu mam.
na xqab ʼan taj.
kkʼo ji ʼ b ʼa ʼ ri u sipanik ri ajaw xel jesusk risto ru kʼ ria w ux lab ʼal !
kin chʼa w ru kʼ le nu na n pale chʼa we b ʼal .
sib ʼal aj qʼeq u ʼm rumal rimay ul.
are leba xu lik.
xe kos le ixoq ib ʼ pale b ʼe.
kʼax ri lik le akʼal chawe.
x in qʼiʼ oxi natin pajo ron.
sib ʼalaj nim le tinamit.
kʼax u kemik le pa saw umal.
xin sa chik.
taj in kelu kikʼel pa raqan ri tz ʼiʼ.
x in we ta ʼ maj ri lik wib ʼ
ri qʼuqʼ are jun je ʼ l chikop.
kʼopa ja tijob ʼal ri wika qʼ.
ri sachib ʼal mak raj wa xik chiqa xo ʼ l.
je ʼ, kimb ʼek.
je la le ʼ ri nu p wiʼ.
xub ʼij che :- jas xab ʼano tintin ?
kab ʼan jun to qʼob ʼ kyak ri n uj al.
kat ʼek xin ta.
jas leu kʼe xb ʼem ri b ʼ le jun ru kʼ le jun chik ?
aj chiu wiʼ mi qʼinja ʼ ri lu ʼ.
ri tijo nel na j kpe wi.
te ʼ kix chob ʼ ub ʼiʼ ri nu tat.
ri ja ʼ kami qʼik chiu wach ri qʼaqʼ.
rit ʼu ʼ yk pa qʼowik.
kinmeson na.
naq aj at kʼo wichiwe ch.
x in b ʼiso nik taqna xat pet taj.
we x kam ri winaq, ri p waq rech toj b ʼal ma kaj kya ʼ chikech ri rala xik.
rin u na n xb ʼepa kʼayb ʼal .
xo ju kʼam uloq rech koj ri lo
x kʼoto chin chiki wach chik in wa ʼ aw u kʼ.
na xki kamsaj taj xki kʼamb ʼi choja.
kʼakʼ ri ikʼ kamik.
x imb ʼe ru kʼ le aj kuniwir.
ri lik.
letz ʼiʼ xeko sik.
x in kiko taw umal.
ri imul xu maj ria nim , xuya kan lekok.
kʼo oj cheri akʼal.
xu j b ʼepa jun kʼula nem.
u tz wek wa ral aq.
kaqilo china koj u kʼam taj.
x reta ʼ maj chiru kʼpa kʼkutij wi.
sib ʼalaj x in kʼa ʼ narik.
x in ko chi j ri nu wa.
man katko win taj kat chakunik , we man kʼota ri aj ilab ʼal .
we w onon xub ʼij chike: -kix into.
ria la nim k ri l wiri umam.
x ka ʼy chirij, x ka ʼy chu wach, ma kʼo tachi jun ksi lo b ʼik, xo qʼik xu xe ʼ j ri b ʼ x chʼo pinik x tz alij loq xu riq ta chik riub ʼe .
kʼo p us cheri wa.
p inem na kab ʼe le wa tz, kimb ʼe wi in paka ʼy ib ʼal.
ri n anto ʼ n nim winaq chik, saq u wiʼ, rono jel aqʼab ʼu tz kuna ʼokat ʼuy iʼ pa u tem, kum iqʼi saj ri b ʼ chori qʼij , kʼo jun u wiʼ u mam ub ʼiʼ ate ʼ k.
man e kʼi taj riqula ʼ.
qʼalaj chinak awaj taj kab ʼij
x pa qab ʼisax raj il rono jel rikem.
kʼopa ri jul ri ku matz.
rono jel qʼij kin chʼaj le nu ware.
saq chikan le i chaj rech katz ako.
chu xel e qa chomal kaqatij wi jun qam e qʼin.
cha wila ʼ.
e kʼo job ʼum iʼal, ri nu tat.
jas ru kʼxa wil wi
je ʼ jas ri winaq rech ri u wach ulew, xo quje ʼ kepena riʼ rie ʼ are ʼ che e rech ri u wach ulew; je ʼ jas ri winaq rech ri kaj , xo quje ʼ ke pe na riʼ rie ʼ are ʼ e rech ri kaj.
xin tijo.
k tz ʼu juw ri ra choch ri po ʼ x.
xu qʼiʼo are le u kʼul el xya ʼow uwa.
ria wel x reta ʼmaj chi rajawa xik man ku xej ta ri b ʼ cheritu ku r.
ju kʼul aj winaq xe ʼa nimaj b ʼik.
je ʼ, x in tzali jik.
xo j petik xolqa kʼama ʼ.
maj jachin x ʼek.
in aj tij; attijo xel.
saq u wiʼri tata ʼ.
wech ri kem.
le ro ʼ ch le ate ʼ k kʼo chwach le u kʼay len unan.
kb ʼepa risi riʼ a e pa risi li siʼa, jawi je ʼ kuya wiri kichu qʼab ʼ ri komon tyox.
pi xab ʼ: man u tz taj kʼax kuj chʼa w chiki j ni kʼaj qachil.
x kuna taj le ali( kumal ri ixoq ib ʼ ).
ri xib ʼi b ʼal chik ʼo wi pataq riqa kʼas lemal rono jel qʼij.
nak uj war ta wa ral.
on chek kʼo ji ʼ ri u tz il chi xo ʼ l, are ch jun am riqa kojonik, jun am ri iwe chix ru kʼri we chin.
pa ox qʼij risa ʼ n kb ʼenar u kʼri aj kun.
ka winaq wuq ub ʼ.
jaska wa j kin tijo?
we tax at b ʼew u kʼ pale tinamit, xa lo qʼtala ʼ le u jas taqle akʼa jol.
keb ʼepa wa ʼim.
xin loq ʼ kʼiwa.
pa jun nim kʼache ʼ laj , kʼo jun kʼwa ʼ sib ʼalaj saq lo loj , nim u wach.
kwaj katij jub ʼa ʼ wa.
rono jel winaqk ri l na riu kolo nem ri dyos ».
x kʼoto chin chiki wach chik in wa ʼ aw u kʼ
kwaj na kat ʼe taj.
la xa loq ʼ jun alej ?
e kʼo rie lo qʼomanel.
ri u kab ʼ ub ʼiʼ ri nu mam are ya y.
kinjo pi j riija ʼ rech triko.
xna ʼ taj chke xe atinik.
xa te ʼ qila ʼ.
kaki tij alan xa x ri winaq.
. . . kinb ʼij chi are wa ʼ sinx iʼ an.
na xin nab ʼej ta chu ta sik qa kʼolib ʼal .
rumal rech chewe ri in , kin chʼa w ru kʼri dyos pa chʼab ʼal, k chʼa w na kʼu riʼ ri w ux lab ʼal ru kʼri dyos, kʼate kʼut man kʼota u patan riʼ ch rech ri n u chomab ʼal .
xe petik xkilo.
xu ta we kat ʼ ek.
u tzu kemik le pas cha we.
ri nu wakax xu tij jun qʼo qʼ rumal riʼ x kamik.
rumal ri kʼix , man ke wa ʼtaj ri winaq.
xe ʼu lik.
qʼe qrij ria ma ʼ chi j.
x raj ka ʼele unan.
jun am ki jun ab ʼ.
na qʼalaj taj we ka ʼek.
ri wix nam chʼaj chʼo j ri ra choch.
wa ral man kʼotaj aj awal.
na i wir tax ri l le kʼamol b ʼe.
x in pe loq te kʼu riʼ x in tzu kuj rono jel ri nu raj il.
ri aj tiko nel kutik ri tzi j.
kʼo e ki kʼaj ol le achi jab ʼ.
kutij qʼayes ri ix pa ʼ ch.
pa ri wa ʼb ʼal e kʼoka winaqachi jab ʼ.
sipo j inaq ri nu pam.
kaya ʼtaj ik ru kʼuti ʼo nem jun riu riqom le ya b ʼilam olotset séxu quje ʼ are kaya ʼtaj pataq ri juy ub ʼ.
jachin ri achi ?
ri nu mam x kamik are taq kʼo ju much ʼ laj uj u jun ab ʼ.
kinko winik ki n kʼamb ʼilep waq.
kin wi lo chiu tz ria jiʼ.
x in qʼil ria po ʼ x che man kachakun taj.
kwa ʼ chiu wach le taq ʼaj ri am aʼ akʼ.
ri i mul xe po qʼik pa jun ikʼ.
x kʼis kanoq riqa chak.
are ri alixo ji low ka noq.
sib ʼalaj chʼu ʼ j ri amax.
kʼo nu wach iʼ.
in chaj inel kech lea kʼalab ʼ.
xe kos le tz ʼiʼ.
kinb ʼenak u kʼri mol aj.
rono jel aqʼab ʼ ki ny i tz ʼ ri w akax.
kara pinik xu tzu kuj chi jun awaj.
le u kemik le pa saninaq ( awumal ).
maj u raj il le qʼab ʼ arel.
kʼax riʼ ri kachʼaw ik.
xo ju taq chiʼ j le achi chu lo qʼi kicha j.
sib ʼalaj kʼax ri x kʼul ma xik.
xki lo chinak in kʼoxo maj taj.
x na ʼ taj chke chi xe atinik.
x kʼoto chin chiki wach chi xo jal w o ʼ qa ku kʼ.
jun qʼu ʼ qraj il ri kax la ʼ n wa.
x in wi lo chixe ʼelik.
e kʼo ixoq ib ʼ pale kʼay b ʼal.
man kʼotaj u kʼisik rimay ab ʼaj lab ʼal il.
ri sink kʼiy pataq ʼaj.
ri chʼima mank kʼiy taj pataq ʼaj.
rajawa xik kjikik ri waqän.
kawaj kin ʼek.
e kʼo oxi b ʼak ʼ.
xub ʼij chwe jawi at kʼo wi.
chwe ʼ qkuj b ʼe ʼ pam u quj.
pa saq kʼaja ʼ kb ʼan wiri uq.
xo j ki si kʼi j.
xin wil wib ʼ.
chaqʼ chik ri wa.
kimb ʼenak apalew o ʼ ch.
kawaj kin ʼek.
ri chʼu ʼ ktij ru kʼ le j.
pa riki qʼij kaminaq ib ʼ kb ʼan qʼo ri kʼya ʼ rech aj : n ab ʼe ri nan ku tzu kuj kan ri aj , ku jach ʼo ʼ xu quje ku kʼe to.
jas kaj b ʼal cha nim ?
u tzu chomanik ri ali.
pa riqʼi jox laj uj tija xki n kʼis keb ʼ jun ab ʼ kinchakun wa ral.
sib ʼalaj ko, ri kʼakʼ chʼat.
jas ka raj kub ʼij … ?
ri chʼich ʼ kas ilab ʼik.
pa ojer qʼalp ul xaq xu wiri nim winaq ke kʼamow b ʼe.
le u kuna xik le ukab ʼ u kʼutunik are ru kʼ e flor nitina on utun ib ʼa xik le ni furtimo x chiʼ le flor nitina chech t.b.g.
are ri achi xin chʼa yo wik.
jun achiub ʼik u ʼ xu sipaj keb ʼ kʼa ʼm ulew rech kab ʼan ri tijob ʼal , kamik, kʼo chi kaj tij rech ri komon xe chpup.
xumal tyoxij cheri aj tij rono jel le xu kʼut chi u wach.
pa ri b ʼe xki raq jun alaj im ulsaq ri j, xki kʼam b ʼik.
xri lle b ʼale ala.
jas kub ʼij chwe ?
le u kuna tajem are ru kʼu tzu ku xik le u chiko pil pa jun u solik u xe ʼ le ki kʼon leja ʼ rech jun nodo.
u tz we nu tz ʼiʼ.
je ʼ, taj in ka chaponik.
ki n u loq ʼoj le nu tat.
kawa j kimb ʼepa tinamit.
are la ʼ kinchak uj.
ri nima ʼ q taq winaq kʼo keta ʼmab ʼal .
we tax at b ʼew u kʼ pale tinamit, xa loq ʼ ta wa ʼ we jas taq.
riki kʼas lemal. wa ixim ulew xa jun chima are ta tinimit ri ma
ri u kʼyab ʼal na ju pam.
xat qaj chiu pam ri il.
no j im kat wa ʼik.
we kʼo jun ktuqa ʼ rik, ¿ la man xo quje ʼ taj kin tuqa ʼ r ri in ?
ojoj w okol ja.
awas kb ʼan kʼax che jun nim winaq.
x in chʼa wa pan ru kʼ le wa nab ʼ.
kʼax riu pam ri ju ʼ l.
taj in ke wa ʼ ri imul.
la kaj la kuj tz alij la aninaq ?
rumal rech cherima kaj man kʼota u ko winempi wiʼri ix : ri ix man ix kʼot achichu xe ʼ ri pi xab ʼ, x ane ix kʼo chu xe ʼ ri sipanik.
nim raqan le che ʼ.
x inchap o.
are le tu ʼ r le lo qʼomanel.
xas kat kʼo ji ʼ chiu pam ri chʼich ʼ.
sib ʼalaj nim raqan ri kʼamal b ʼe.
le tz ʼib ʼab ʼal we chin.
inxi n to ʼw la.
xa je kʼu riʼ ri ix kamik riʼ man ix kax lan winaq ta chik; ri ix, ix rech ri ki tinimit rie tyox laj taq winaq, ix rech ri ra choch ri dyos.
x in tiko x laj kʼal i chaj.
kaqa riq qib ʼ chwe ʼ q.
sib ʼal aj u tz cheri wiʼ aj ri tuney.
we na jupulik ta xeq aj ik...
x in to ʼ taj cheri nu chak.
kʼo jun chiko pub ʼiʼ pum.
poqon riik.
xoj b ʼi nik.
xu chʼek rono jel le reta manik x pa qiʼk kʼax k wʼinik xub ʼan aj kun.
kel ub ʼik pa rijude ʼa ek tz alij chiub ʼij u mul pa rigal ile ʼa.
x in axib ʼij pab ʼe.
je ʼ l kʼo lem chia wa choch.
rono jel ri ya ʼtal il pa we qʼataj , tz ʼaqat ki wach, man k tzaq ta kanoq xu quje ʼ man ktas taj.
xu kunaj le ya wa b ʼ leaj qʼij.
chi tatab ʼej jas le kimb ʼi j.
chʼanal ri achi.
pa b ʼoko ʼ kachakun wiritax.
uj kʼopa u wuq qʼij.
ki ʼ riu kab ʼ ri aqaj.
kʼo rachalal pa tz ʼoloj che ʼ ri pe ʼ l.
xki lo chik in kʼoxo maj.
ri u kisa kʼu tz kya ʼik chiu xe ʼ ri tiko ʼ n.
are taq chiʼ ka qʼan pu wiʼ ri j u kub ʼ, ri achi che x kʼo ji ʼ ri itzel ux lab ʼal ru kʼ, ku tach rech ri are ʼ, are chk kʼo ji ʼ ru kʼri are ʼ.
na kab ʼantaj taw umal.
xna ʼ taj chke xe atinik.
xin pa j ri nu triko.
xe ʼok ri po kʼpa riumexa ri po ʼ x.
kaj uluw riaqʼa ʼ l chiu xe ʼ rit ʼu ʼ y.
awech leja.
x uj b ʼepa tzu rik.
nab ʼe xato panik.
ri u kab ʼ ub ʼiʼ ri nu mam are ya y.
u waj xaq u kakʼal taqanik (28).
mata kʼo jun kakan aj kanoq, qono jel koj b ʼek.
e nima ʼ qle al tomab ʼ.
nim u wach ri po ʼt.
kojonik pa riu tzi j wa ixim ulew.
jas xu kʼamb ʼil etz ʼiʼ xa wi lo ?
xin petik, tat.
ri b ʼe laj u wach.
chi tatab ʼej jas ri kimb ʼi j.
je ʼ l kuna ʼ ria b ʼix chiu pam riquq ulew.
kinb ʼiso ju wach lewal.
xu t ʼuy ub ʼa ʼ.
nim ria we qele ʼ n xa riqo.
xi ne ʼ wa ʼoq.
chiʼ ke war wile akʼalab ʼ.
ri num iʼal xu taq loq jun taqo ʼ m w uj chiwe.
qʼe ʼ lik, ri chaj pa ri b ʼe.
la u tz awach? -u tz mal tyox , e kʼu ri at ? – u tz mal tyox.
x inkos rumal nu chak.
kb ʼeku kʼ rie ʼ are ʼ e k tz alij pa rinas are te ke ʼu nimaj.
ri joj xu kʼam b ʼik ria kʼ.
kʼo chi wa chiʼ l cha nim.
kub ʼij chech na ʼ l kab ʼan che ria tz ʼib ʼ.
e. . . in kawaj katz joj b ʼila chwe.
mata xin ya jleal i.
jachin ru kʼkatb ʼe wi?
kʼo sib ʼal aje ta ʼmab ʼal pa rimay ab ʼ no ʼ ji b ʼal .
e man xo ri j u puq ke j.
kasum um ri kaq iqʼ.
e kʼo kaj ib ʼa kʼalab ʼ pale b ʼe.
je ʼ jas riu tatk ka ʼy ik.
xaq at molonel tzi j tal.
le nu tatka loq ʼon chwe.
xaq tane kimb ʼei w u kʼ.
x reta ʼ maj u chʼa jik.
rumal la ʼ x koj “ xal qʼat ” che ub ʼiʼ ri komon.
are le u kemik pa sx reta ʼmaj.
ri wa tiʼt kub ʼan na riu patan.
kʼakʼlepo ʼ t.
reta ʼm u wach jachin x lo qʼow ri pas.
ken chʼab ʼej le akʼalab ʼ.
ya ʼtal chaqe qono jel ri uj winaq u tz kaq il qib ʼ.
x koti ʼ pa qʼayesxo qʼik.
ka winaq b ʼe leje b ʼ qʼataj.
e kʼo kaj ib ʼ ral rii mul, jun saq, jun qʼan, jun qʼeq, jun qʼe qoj , sib ʼalaj ketz ʼanik, ke chʼo pinik ri alaj taq im ul.
k chol ol ria cha chal.
ketek ik ri ikʼ.
xe petik rech ke wa ʼiw u kʼ.
tzatz riu qʼanil riakʼ.
xo j tz alij ik xi xe ʼ qa qʼat uj ku kʼ le i tatinan.
ri yo ʼ x taqa kʼalab ʼ ke ki kʼux ria tz ʼyaq.
we achiwe xu sipaj jun po ʼ t chwe x kamik.
kko winri kuna nel che kuna nik.
x ji qʼ pa ri polow.
xa rumal sib ʼalaj rajawa xik le lo qʼalaj ja ʼ, le winaq xkib ʼij : che we ikʼ riʼ qono jel ku j b ʼe che u tik ik taq che ʼ.
ri u na ne rie rachalal ke pe u loq ru kʼri are ʼ, kʼate kʼu riʼ, man keko win taj keq ib ʼ u koq ru kʼ, rumal rech che e kʼo sib ʼalaj winaq.
rumal rech , che man kʼota jun kko win che u koj ik jun ti kib ʼal il chik chu wach ri kojom chik che are ri jesusk risto.
te kʼu riʼ xu tz ʼib ʼaj ri b ʼ pa ri nim alaj tijob ʼal rech aj ku ʼ n.
kaj uluw ri chʼu mil cha qʼab ʼ .
kʼisb ʼal kanoq, xo quje ʼ k kam ri ixoq.
le ala xok ik.
kʼo p waq pa u wiʼrime xa.
are kawaj na kinʼe taj.
ri ya wal ku koj ri ali chiu xe ʼ ri chak ach are usu ʼ t.
na kaqa kʼam tu ʼ b ʼi kamik.
ri aj tij kub ʼij chike: rajawa xik ke qacha ji j ri awaj , are u tiko ʼ n ri ajaw.
xin tijm u kuni wir.
kʼax le u wiʼ taqle nu qʼab ʼ.
x in loq ʼ jun ilb ʼal wib ʼ.
wa ʼ we qʼij , nim ub ʼantaj ik.
ri u xe ʼal riqa tinamit man kasach taj.
xoj b ʼi nik.
ria chalal jun am ki wach.
x in we ta ʼ maj ri lik wib ʼ.
nim riu na ʼoj wa j tij.
miq ʼin ri kʼul.
aj qʼojom ria te ʼk.
che le sa nik che ʼ kb ʼan wiri qʼojom.
ka pe le awel pa nawal ja ʼ.
ri meso nel taj ink chakunik.
u tz chaqe kaqa to ʼ q ib ʼ, taq kʼo kʼax kʼol il, kate we chiʼ n ri ajaw paqa wiʼ.
xawi lo, x qʼatan le ib ʼo y.
xat ko winik xab ʼano.
kiʼ ri kʼawe x.
kaj il il ri b ʼe.
le ali xel b ʼik.
are ʼ x raj xin b ʼano.
nim we ab ʼ aj.
je ʼ lik u ti ʼ jol al ri saq ko ʼ r.
no j inaq rikej.
we ka tijan xu x man kat uto ʼ ta chiu qʼati xik le kʼakʼy ab ʼil corona virus ( 2019 -ncov).
na nim ta raqan wa ʼ we che ʼ.
u tz alaj aj chak, ri wel.
¿ jampa ʼ kuj b ʼepa nima qʼij ?
rajawa xik tane la ʼ kat chakun w u kʼ.
xu taq chiʼ j pa war am pulew.
man are taria x wan xel ik.
ria wix xu loq ʼ ra choch re nimal.
are ri ixoq xin si kʼi nu loq.
ri chʼima kʼat ʼon na.
la xib ʼan lei chak ?
kʼi tinamit e kʼopa chʼo ʼ j.
kʼo ju puq chi j chiu xe ʼ ri che ʼ.
ri u xaq ria b ʼix are uwa rikej.
ka winaq qʼataj.
la ki x pe pa tijob ʼal ?
we kech aj ix taqle kʼwa jacha kinb ʼij ; jun alik kʼo ja ʼ xu quje ʼ sib ʼalaj saq loloj.
x reta ʼ maj.
ri alab ʼom ri al itom ab ʼ taj in kiki tijoj kib ʼ rech su taq, are kakaj kikib ʼan nim aq achi jab ʼ chu pam ri ki kʼas lemal, xu quje kʼo chik ju puq b ʼixo nel chu pam ri komon.
la tz ʼu wach ri b ʼe.
kʼakʼ ria chʼich ʼ.
qono jel uj , u jmay ab ʼ taq winaq.
no jel qʼij ri at iʼ x ku yu qʼuj le taqaw aj je la ʼ pa ni kʼaj ja ʼ, chirij ri juy ub ʼ ub ʼiʼ te na ʼ.
pa qʼom chik risiʼ.
ki n tzu ku nche la.
kaki tij le kin aqʼ, le i chaj , le u wa ʼ lik ru kʼ lej.
xe kanaj kan le aj chak ib ʼ.
ketikon ri achi jab ʼ.
sib ʼalaj itzel ub ʼantaj ik ri chʼi la kan.
ri ate ʼ k xu mal tyoxij cheri ra tiʼt , rumal riu tz alaj no ʼ j ib ʼal xu kʼut chech.
k kamuli xu chak ria b ʼix.
la xin u tzu kuj le tijo xel ?
are ʼ kachakun rono jel qʼij.
lee kʼa ʼ na taq tz ʼiʼ.
saq ri j ri plam ux.
jas xa qʼiʼo xa tijo.
jas ru kʼ x kichap wi u tijik le rik il ?
we ka tatin ru kʼ kʼatanja ʼman ku qʼatej tale kʼakʼ ya b ʼil corona virus.
la katb ʼin pale ux lan b ʼal ?
la war al kʼu xix wa ʼ wi?
are le nu tatk in loq ʼo nik.
taj ink chakun ri ala.
kʼo ri kiʼkotem alaw u kʼ.
xu ta jachin ka ʼek.
xat wa ʼik xin wi lo.
x tzaq ri ra choch rumal ri jab ʼ.
pale jun ikʼ chik are nima qʼij.
e keb ʼäm keb ʼin pa u wiʼritem.
mem ri achi.
ri w ikan cha li ʼ y kelpa juy ub ʼ ch wi tzi ri b ʼal .
le raj il, la paja xel aqʼaxw u ʼ b ʼik ?
pa ri su ʼt pi som wiri lej.
koj petik kolqa kʼama ʼ.
taj in kat chʼo pinchi u wach ri taqʼaj.
le qʼo r x chʼu qik.
kʼax wa ʼim aw umal.
kinb ʼi sonche lewal.
sib ʼalaj kʼo kʼri awatz ʼyaq.
kamik xu j b ʼe che u tik ik taq che ʼ pa ri juy ub ʼ.
ki n u loq ʼoj le nu tat.
cha qiʼ j chik ri chaj.
xy il ix ha way i.
na x na ʼ taj ta chkech ixe atinik.
ru kʼ kʼuwa ʼ we riʼ, ri ixk kʼo ji ʼ jun u tz alaj ikʼas lemal riʼ ch ki wach ri winaq che man e kʼotai w u kʼ, kʼate kʼu riʼ man kʼota jun winaq riʼ rajawa xik chiwe ch.
e petinaq pa b ʼe le rachala xik.
ka kaj le a kʼalab ʼ ke wa ʼik.
xu j ch ʼayb ʼik .
ri nu chak are qʼaxel tzi j.
kʼo na ru x lab ʼ ri awaj.
taj in kel loq, ri qʼij.
xu qʼiʼo x kamsax ri rachalal choch.
ri num am are kʼo u qʼinomal.
x kʼul mataj ju mul, xub ʼan jun nim alaj jab ʼ, man xb ʼeye taj tana xu kʼis le uy uqʼ chike.
ama ʼ ri nu tz ʼiʼ.
je wa ʼ kat petik.
x in kosik rumal x in chakunik
i wech chi j u jun al, ri wa.
xu qʼiʼon axatatin taj.
in riq taj inaq pa ri kʼay ib ʼal .
na we ta ʼm taj.
kʼax le nu qʼab ʼ.
u tz le xub ʼij le achi.
kema tz ʼib ʼ.
kʼo rachalal pa tz ʼoloj che ʼ ri pe ʼ l.
rono jel wa ʼ we jas taq riʼ, xas ksach wi u wach wa ʼ; ru kʼ we riʼ, ri ix, rajawa xik che kʼo jun tyox la ji kʼas lemal e k kʼo ji ʼ rii chʼa we m ru kʼri dyos,
x muq taj ri pa tz ʼan.
ri chʼich ʼ tzi jom kanoq pa riu kʼol b ʼal .
man kʼota u cholaj pataq ria w uj.
ja chike ikʼ le u nima qʼij le tinamit na wal ja ʼ ?
xe petik xol ki kʼama ʼ.
kachu qʼchu trija ʼ chia pam.
x in b ʼij i wir chi xeb ʼepa armita.
are ʼ u xe ʼ ojer tzi j wa ral kʼiche ʼub ʼiʼ.
x kʼis ri nu si ʼ.
jawi xkib ʼij wi chike ʼe wi?
¡ xa je kʼu riʼ, jachin taq rie kʼopa rijude ʼ a, chicha nim che ʼa nima jub ʼi pataq ri juy ub ʼ,
kʼakʼ ria b ʼ.
la kʼo jun na kakʼoxo maj taj ?
na u tz tale u tʼi som le alma riy.
man ya ʼtal taj chia we katok paja.
je ʼ, xa tu tzu ku j.
are kel wa j xaq ib ʼ u qʼij ri x kʼoj ik.
ri xu nku rk kʼo ji ʼ pataq ri triko.
xin sa chik.
xu t ʼuy ub ʼa ʼ
na nu tom tale tzi j …
wach ʼom riki wa ri no ʼ s.
e kʼo job ʼ chʼi l wa kʼ.
rajawi xik chi pataq ri tijob ʼal , pa ni kʼaj ub ʼixik chik
ri rajawr ulew are ʼ tatkel.
we kʼu xokik, we kʼna xok ta
we achi xu sipaj jun p ʼot chwe.
a tat u taqo ʼ n le qʼatal tzi j.
na qʼanta u wach leqap ru t.
ri xa ʼ r kʼopa u wiʼ ri qʼaqʼ kpo qʼowik.
ri ro qʼej ri alija chakpe jun akʼal.
kʼo jun alapa tijob ʼal .
säq u wiʼri tata ʼ.
ri wi tzi kʼtaj inkpeloq.
jawi x sacho n wi kanuya ʼiklep waq che.
u tz we achiwe xin kuna nik.
qono jel ku j wa ʼ pa u wiʼrime xa.
ri kax la ʼ nik man po qontaj.
in x in b ʼe ru kʼri wa chiʼ l.
sib ʼalaj je ʼ l xki lo xe ki tzoqopi j ri kichij chila ʼ.
kinb ʼinik x in ʼek.
kʼax kʼolik, kacha ʼ.
kutiji xim riakʼ.
ri alix chel, xu qʼiʼo xa jun akʼxsi pa x che.
x qasi kʼij le ixoq chu tzak ik sub ʼ.
mata xab ʼinsaj le chʼich ʼ.
ri pi x tz ʼar alik rumal rie qaʼ n.
¿jampa ʼ kel chi 3%
kʼo jun nu kʼotoj chiʼaj.
taj in ke wa ʼ kat ri alab ʼo m.
x in loq ʼ le nu kʼakʼapo ʼ t.
na u tz ak ik ta sub ʼ taj in ku ʼa no
xo ju taq chiʼ i jxoj wa ʼik.
iwech ri ab ʼix.
saqrij ri chi j.
aj sik cheri tinamit kel wiri tata ʼ.
- ¡ ay ! xa xin tzaq u loq, kʼax we waqan .
x kʼul mataj pa jun komon chiʼ u wach jun juy ub ʼ, xu riqa jun qʼij xki riq kib ʼ juni mul ru kʼ lekok.
jas xa taq chiʼ j le akʼal chu tijik?
xi nchapo su xu lo qʼo.
qʼinom ri achi.
ri kʼum ktijo w ru kʼ kab ʼ.
taj in keja chʼanik.
tzeb ʼal u kemik le pa sa w umal.
are kayo ʼ w le u chiko pil le ub ʼantaj ik try pa no soma brucei.
we kat nima nik u tz kelik.
p erono ʼ jimal petnaq loq,.
are le nu chak jun tzu qb ʼal wib ʼ.
x kunax le ya wab ʼ rumal leaj qʼij.
ri u kʼu ʼ x tz ʼib ʼ paqa tzi jel aj uj.
sib ʼalaj je ʼ lik rie qab ʼal xub ʼan ri lu ʼ s.
sib ʼalaj at kon.
e man xo ri j u puq ke j.
na xna ʼtaj ta chke xe atinik.
ri kʼamal b ʼe xub ʼij chike, chi maja ria nim.
ju much ʼ ri nu jun ab ʼ.
qʼip taj inaq ri raqa n ri tem.
kchakun ru kʼri josb ʼal che ʼ ri aj anel.
xa taq chiʼ j le akʼal chu tijik ka r.
oj kʼopale ro ʼ chle awel.
¿ la katpequ kʼchwe ʼ q?
le winaq pale chʼich ʼet ʼuy ul lo wi.
x kan aj kanoq chiu xe ʼ ri jab ʼ ri chʼa ʼ n.
nim ri ja.
we ta xa kunaj le atat matax kamla ʼ.
na nu kʼamom tu ʼ la riʼ.
ch qa nu kʼu ʼ riqa tzi j.
kimb ʼe pale tinamit.
x in qʼiʼo na xin atintaj.
rajawa xik kakʼaman chawe le u tij iklelej.
kʼisb ʼal taq no ʼ j ib ʼal .
