xine ʼ wa ʼo q .
xki bʼan kʼax cheleu wosaq ru mal man utz ta chika kayik .
ri q ʼutu ʼm man kech ta lea kʼala bʼ .
are na nim ta leatz ʼi ʼ chu wach le nutz ʼi ʼ.
xepe tik xol kila ʼ.
¿jaw chi ʼ xa ta ʼ chex kam ri u mam ri po ʼ x ?
e ke bʼ ke kʼam bʼik pa tuj .
x in loq ʼ jun ja pari wokaj ja .
ri axt u ʼ bʼ, kʼo q ulaj chech .
jaska raj ka ʼan ch utza kik leti ʼij .
xutij lewa .
xim bʼal re tzij .
xpa x ri bʼo ʼ j.
we kawaj ka tinto ʼo xaq xu wika bʼij chi we .
jas nu kʼu kuch ʼo bʼo .
jas karaj ku tijo ?
xex ru xla bʼ ri rik il .
enitz ʼa ʼ q le taqi mul .
we tane inxin bʼano wik, are le ate ʼ kx bʼano wik.
kin tzalij pa le nu tina mit .
ri nuchaq ʼ kʼo pa u ro ʼ q ʼatoj tijo nik pari tijo bʼal .
x in xi ʼ jwi bʼ xin ch ʼa wik.
kʼochwa ro ʼ ch le pare.
chi raqan ka bʼin wiri tata ʼ.
x sa chonka nuya ʼik lep waq che choja .
x in q ʼax chiki xo ʼ l ri winaq .
ketiko nik .
ri u lew man q ech taj , kech ri qati ʼtqamam .
xepe le winaq xol ki kʼama ʼ.
xu loq ʼ ri wuj ru mal ri ali .
che we q ʼij kamik kʼo jun nutzijo nem chirij le nu tina mit .
kej ri ʼ.
x ku na na laq chwe.
ki nusi kʼij le nu na n.
ri imul xuch ʼij taj , xkanaj pa bʼe, ru mal ri nimal kujal uj ri imul , xutzaq ria nim .
ku bʼan ri u xoq ʼo ʼ l ri aj tz ʼaq .
ri la si bʼalaj utz cheku na bʼal .
kʼiki wach rie ʼ ajchaki bʼ pa ri komon tyo x, kʼate kʼut xajun chi aj aw xel ;
xqata chixa tulik .
kawaj chikat ʼe k.
ch ʼuti ʼ nkekan aj ri xaj a bʼ chech .
kaqa xi ʼ jqi bʼ kaqa chapo .
e kʼo ke bʼ u kʼajol le tat xwan.
lu ʼ su bʼi ʼ ri recham .
aj chiu wi ʼ miq ʼi nja ʼ ri lu ʼ .
x in yakan le nu chi mpa kʼay bʼal .
kʼatex ri lo, xperiunan cheu tzuku xik, xki ko tik, xu sala bʼisaj ri taq u xki n.
xki kʼut chiu wach ri aj tij xuquje ʼ chiki wach ri taq nik ʼaj kachi l.
utz le nu q ʼa bʼ .
kul le alwe ʼ l pa aus tinchaq ʼa bʼ kamik .
ri ate ʼ kx tza q loq are chi kʼo pa u wi ʼ ri q ʼa ʼm.
aj patan ri te ʼk.
xatqaj chiupam ri il .
lak ʼo tzij na kikʼoxo maj taj ?
xsachon chke chi xeati nik .
ro nojel le u le we chala q .
la xe bʼe kʼula xe ʼ kijaqa kʼu leu chi ʼ ja ?
xaq kat ch ʼok naji wir.
kamik kʼo chirij as taqawe .
are chi ʼ ka kʼis ri juna bʼ kʼo q ʼi nom .
pana wal ja ʼ xina le xik .
na xin tataj we are ria kʼal kix tzuqu wik .
¡ ru lew ri sa bʼ u lone ru lew ri ne ftali, u bʼ eripolo w, ru lew ri jordan, galile ʼa kech ri je taq amaq ʼ!
rax, rax, rax, kʼo kʼ, kʼo kʼ, kʼo kʼ le ru x la bʼ le taq tiko ʼ n.
a chi xatwi lo .
pa qal rajil lepi x kamik .
xoj bʼinik .
pa jun je ʼ l tijo bʼal ku tijoj ri bʼ juna kʼal, u bʼi ʼ po ʼ x , utz ku ri loke pa tijo bʼal ro nojel taq q ʼij .
x waj chixat ʼe taj .
utz la ʼ le xu bʼij lea chi.
weta ʼam jachin kape tik .
kinq ʼo joma nik .
xin q ʼi ʼota kʼalik xinpe tik .
are ʼ reta ʼ mchekino pa nik .
areta bʼal eqa qaj awcha t to ʼwik .
ka winaq waqi bʼ q ʼataj .
naqaj chik cheri u waq kaj bʼal aretaq chi ʼ ksach u wach ri q ʼij , kok ri q ʼe q u ʼ mchu wach u lew , chi kʼate ʼ na ri bʼe le je bʼ kaj bʼal .
jo bʼ raqan ri tz ʼalam xeporo xik .
si bʼalaj korij ri mop .
arewa ʼ .
je la ʼ pari ti minit ch wi kabyok rech xelaj u ʼ, leq ana nqa tat kaki tikoje ʼ la laj taq u wachi chaj.
kʼax nuqul .
xu ʼ lu kʼama ʼ.
kojul ki tzukuj .
areman kʼax ta uku na xik are taqaninaq ka ʼil itaj we ya bʼil al xuquje ʼmojo ʼ qa kuya ʼ le kʼax kʼolil chech le jolom aj .
ri we l kʼo pa tijo nik .
kawajkin bʼij .
ri kotz ʼi ʼ jkqa koj chiupam ri ja .
q ʼe q q ʼoj rij ri ama ʼkej .
na x waj taj x inch ʼa wik.
chpeta bʼale loq ʼalaj ja bʼ .
x sa chon chkexat kisi kʼij .
e leq ʼal ch ʼich ʼ.
jachin xa wi lo chi are x tijo w ri ti ʼj ?
ma taka bʼe le nu x bʼal pa le tina mit .
pim ru q, riali.
¿ kʼo ri muq ʼe chia wech ?
kqa bʼij man ke ko win taj .
kintij na .
kʼo jun qat ʼu ʼ y paja !
kʼo p uj chiupam ri ch ʼa ʼ k.
aretaq ki nkosik ki nwa rik .
xatwa ʼik xin wilo
inxin chʼa yow lea chi .
konojel ri ala xik ke ʼetz ʼa nik .
jas ru kʼ xki tij wi le ki ri kil ?
aninaq ilkat pe tik .
na raxta u wach le juyu bʼ .
ri tz ʼalam tz ʼi bʼa bʼal raxk kayik .
we cha t chaku nik, kʼo awa .
ma ʼ tam xatpe cheri wa ʼim .
kamul ki nwa ʼ na .
ri sikil k tijo w ru kʼik .
kim bʼe aq ʼan ru kʼ le al tali n.
xoj ʼek xe ʼ q ilal arqas ok .
xe kiq ʼil le ajchaki bʼ xki wokle ja .
ma tane x waj le kʼuhj nem ru kʼle ate ʼ k.
are xe ʼopan chiu chi ʼ ri juyu bʼ, xki lo chiman qas ta kʼo q ʼayes .
kʼate kʼut , ri jesus man k kojon tach kech rie ʼ are ʼ, ru mal rech chekonojel reta ʼm ki wach,
pa ʼ tz rij ri tz ʼi ʼ.
ju winaq waqi bʼ q ʼataj .
ate la q ʼom .
xa qat jo ʼ s.
ri q ʼatzu, are q ʼalaj ri uq ʼi jil .
ajchak we ala .
u bʼe le juka kʼal taqanik (29).
ke bʼ nu bʼi ʼ kʼolik .
laka tzalij lu ʼ la aninaq ?
katzukun la chwe.
lakaj la koj bʼe ʼ pa le chomal chwe ʼ q ?
x in na bʼe jchuta sik qa kʼoli bʼal .
lal x into ʼ wik.
si bʼalaj ano ʼji bʼal .
xojpe tik xolqa kʼama ʼ.
si bʼalaj je ʼ lik ri u wa ʼl ri ichaj.
kʼax wij ru mal in pa chalik .
aretaq xu kʼul maj wa ʼ xul ri u choma nik xu bʼij : are utz wa aq ʼa bʼ kin wali jik, arecha ʼ cha nim kinopan pa tijo bʼal, maj chikin kʼul maj .
ojaj xojolo bʼ pa awasq ʼij .
x insach che le u wokik le tzij .
e julaj uj ri ak ʼ.
xutaj ampa ʼkoj ʼek.
q ilik .
ri tijo xel man areta nim chu wach ri raj tij. ri utz tijo xel qas jeri ʼ kʼolik jas ri raj tij .
in xa tinch ʼa yo .
no ʼ jim chak wu mal .
chʼur ri joch ʼ.
inkin bʼij naka tsach taj .
ujma ya bʼ .
ria bʼaj ya tzalik .
tajin kepix bʼax ria kʼala bʼ .
chom ria q .
x inwa rik .
e le men konojel ria kʼala bʼ .
tajink q ʼan arik ri were ʼaj .
le u kemik le pas utz( chawe ).
xuyup u bʼa u wach ra ʼ chi, kacha ʼ, .
ri satanas kok pari judas ri kbʼi xiska ri ʼo tech rech , ri are ʼ jun ch kixo ʼ l rie kabʼla juj .
chuchuri par.
kinqumuj ri nu joch ʼ.
chech punción lumba ramaq ʼel raj awa xik chech ri lik le u kʼex bʼem wi le na bʼe ru kʼ le uka bʼ u kʼutu nem leya bʼilal .
q ʼalaj chinak awaj taj ka bʼij .
kʼo q ʼol chirij ri si ʼ.
jawi xoj ʼe wich u loq ʼik ?
kʼo u loch ʼritali n.
q ʼan rij ria ti ʼt nuke j.
lax tzalij la i wir ?
xe si kʼi xik, kʼate kʼu ri ʼ xe ya jik, xuquje ʼ xe taq bʼi cheusi kʼik le mes .
lak ixwarik ?
are kʼu le pa lom ax xu bʼij che: -mam kat bʼison taj , kin si kʼij nik ʼaj wachi ʼ l ke rapa pik .
a ʼree tijo xe la bʼ .
ri alaj al isi ʼl xu bʼij xqachap pa utzal ri tyo x.
x sa chonchke jachin xeati nik .
jas xurayij lea na nxutijo ?
xinko sik.
rax ro nojel ri q ʼayes ru mal le ja bʼ .
kin ya wa ʼ wech ʼich ʼpi nem na utz .
no ʼ ji mupach ʼu xik le nu wi ʼ.
naj kʼo wi le wo ʼ ch chu wach le tijo bʼal .
ri oki bʼal kʼo chiu wach ri saq ja .
xe nu taq ch ʼij ke kil lea kʼala bʼ .
kʼo jun q ʼo xowem chi we .
tzaricho ʼ m.
we choj bʼe pa le nimaq ʼij , ke qil le aj xojolo bʼ .
xoj ʼek xe ʼ q ilal arqas ok .
ri ate ʼ kxuta ʼ chech ri na nto ʼ n :- na njas che ʼ chiman kaj tal aqa kʼa tisaj ri jo ʼ q .
ri pal si bʼalaj xu ʼ y.
kinkoj ri jok bʼal u lew .
inkin bʼij naka tsach taj
a traj kun le nu na n.
ku qam uj u joron ri aj tzij .
lu ʼ tz ʼalam u bʼi ʼ ria chike l pa nim che ʼ.
je ʼ lik uti ʼ jolal ri saq ko ʼ r.
kʼo jun xa ʼ r pa ja .
x in loq ʼjun kʼa kʼ patan.
kʼax u kemik le pasa wu mal .
ani naq u kemik le pasa wu mal
ri ch ʼa ʼ nsa chi naq pataqa bʼix.
rax taq leko tz ʼi ʼ j.
me som kanoq ri u pamja .
manaretar alax kosik .
ri komon xechpup rech uq ʼa bʼ tina mit xo ʼ la bʼaj rech q ʼu markaj .
lautza kik kʼus u bʼ tajin ku ʼ ano ?
kate la !
na xutij taj .
xa ru mal keta ʼm konojel ri winaq kki q u muj le ja ʼ.
iw ir xuj tzalij la pa kʼay bʼal .
qeta ʼm cheri qawa kujuto ʼo .
ri aj tij, kyajon chikech ria kʼala bʼ .
jas u bʼanom le nuch ʼuti tat ?
chwe ʼ q kin bʼe pa nim tina mit .
utz we ki weta ʼmaj jas ku bʼij ri chol bʼal q ʼij .
tajinka tji low cheu q ʼo xom jolom aj .
x intik q ʼax chiu wach ri ja .
kʼax le ki bʼe le winaq .
loq ʼkat kuntaj cheleya bʼil (covid-19) .
ri n uxi bʼal kel paqaj bʼal q ʼij .
x ri l ri axwan chi x wa ʼ ri ala .
le al ix kuna tajik .
we takape le ja bʼ kamik .
x inweta ʼ majchin axat petaj.
rip waq rech we q ʼataj ri ʼ ke sax chech ri toj bʼal kʼayi nem .
ktij ri u wa ʼ lik ru mal ri ki nimaq ʼij .
xuchapuku na xik .
chatan loqa li .
xin x uli ʼ qaj oq .
je ʼlik ktijo w ri taqik ox.
kʼate kʼu ri le tat xo ʼ rx u bʼij , man kawaj taj , man kawaj taj .
kʼo jun tz ʼi ʼ pa bʼe.
kamul x inpe chea tzuku xik .
man tajin takin chaku nik .
kin chaku nik rechka twa ʼik .
jas ru kʼ xa wil wi chi xki qupij wi le ti ʼ j.
jas u bʼi xik … ?
koq ʼ ria kʼal .
kawaj nakat ʼe taj .
xat q ʼajik .
wem na cha loq ʼaxi ya l, na kim bʼeta awu kʼ .
xopan lew uja wu kʼ ru mal we chi n.
are kʼut pa le juyu bʼ k kʼiy joron , chila ʼ xe ki kʼama wiri ja ʼ ri winaq .
koq ʼ ria kʼal .
we kʼo arajil chak ʼama loq .
are si bʼalaj kaq lea po ʼt chu wach le nupo ʼ t.
x in kʼastaj pa ka bʼ laj ujkaj bʼal .
kaqoy ʼ ej nak ixpe taj .
ko ka xim ri chij xajela ʼ manka nimaj ta bʼik .
ri ko knojim x bʼek, xuch ʼijo xopan pa u kʼis bʼalil lea nim .
xoj ki ʼ kotik aretaq xatulik .
kaqi tz ʼ naj ri u xaja bʼ ri akʼal .
ri jesusk wa ʼkat pari nim ra choch ri dyos, chu xe ʼ ri jun jachera choch ri salomon .
we taqanik ri ʼ ku bʼij chiraj awa xik kya ʼuq ʼij ri winaq xuquje ʼ kto ʼ aninaq il .
ri ax ux are na ri uku nel ri kinaq ʼ.
aretaq wa ʼ ri uq ʼij ol we taqanik .
kʼo junta bʼal pa u wi ʼ ri xka nulu bʼi ʼ la juj no ʼ j.
yu ʼ lu bʼanom ri u kolo bʼrikej .
xa nimaj ria kʼal chiu wach ri u chuch .
k ku na n ria chi .
ki nwa ʼik rech nakin yowaj taj .
aj xik ch ʼich ʼri lu ʼ s.
k waj chei xki x bʼano wik.
a ʼ re xeto ʼ wa laq .
xoj ʼek xe ʼ q ilal arqas ok .
x in loq ʼjun ch ʼich ʼ, qaj inaq u wach .
ku tʼis ripan tal on .
ej ani pa le awal kʼ wa le kʼolik ?
utz u kemik lepas chawe.
ri max are aj q ʼani ya ʼ.
mat abʼa chiri q kʼax pa le bʼe.
tajinka nima j, ri me ʼ s.
ixi xe ʼ laq ʼoma bʼ !
x sa chanchwe.
e kʼo kʼi che ʼ, chiu wach ri juyu bʼ .
arewa ʼ ri nimalaj pixa bʼe arewa ʼ ri na bʼe.
x reta ʼmaj chiru kʼ pa kʼ kutij wi
jas u tzak ik le su bʼ xu ʼano ?
aj xo ʼ y ri wikan .
we tane a ʼ re xe tijo w le ri kil , are le komon xe tijo wik.
si bʼalaj ani naq kach ʼaw le are ʼ chinu wachi n.
utz wekin chaku j.
meʼs la ʼ.
kʼok anwa rechka q atijo .
xinsi kʼij la .
ria kʼal x sach kanoq jela ʼ pataq ʼaj .
xesi kʼij la .
jawi xki bʼij wi chike ʼe wi ?
ru mal che, manix tari ʼ ri kix ch ʼa wik, are ri ru x la bʼa xel ri i tat ri ʼ rik ch ʼaw na iw u kʼ ri ix .
kʼa kʼ ri wachoch .
si bʼalaj utz ki nwil lea tz ʼya q rech na huala .
saq pork kay ri kipo ʼt ri na n.
x sa chon ri nuchak chwe.
wa ʼim xuchapo .
ri q ʼaq ʼ tajin ka juluwik .
najil u pam ri siwan .
e kʼo riqa chalalpa chiu wi ʼla .
jas xa taq chi ʼj lea kʼal chu tijik ?
no ʼ jim u kemik le pasa wu mal .
kʼo jun ku ku bʼi ʼt intin, wa ʼ le laj ku kmam kaje qitaj , ka paqika xulik pa u wi ʼ u q ʼa bʼ taq che ʼ, si bʼalaj sa kʼaj, ke ʼuto lee nima ʼ q , ch ʼut in, ra chi ʼl, aj sipa nel si bʼalaj utz ra nima ʼ.
ri upixa bʼ leq ʼat bʼaltzij ki ya ʼu bʼi xik .
na x sa chonta chke xeati nik .
xeqil lechikop pu wile ja .
x lo ʼ taj ria kʼal .
qo nojel kuj wa ʼ pa u wi ʼ ri mexa .
xsi kir le waqan .
laxat wa ʼ kʼut ?
nim u bʼa q ʼri tulul .
kin xik ʼi kʼik xin q ʼa xik .
lak at bʼe pa le tina mit ?
ri pal si bʼalaj saq ʼo r.
k q ʼo xow nu jalom .
xin na ʼo chikat pe tik .
x loq ʼu lewi we chi x.
x in chakun ru kʼ ri nu mam .
na x qa bʼantaj.
k kʼoji ʼ bʼa ʼ ri u sipa nik ri aj aw xel jesusk ri sto ru kʼ ria wux la bʼal !
kin ch ʼaw ru kʼ le nunan pa lech ʼa we bʼal .
si bʼalaj q ʼe q u ʼm ru mal ri mayul .
are leba xulik .
xekos lei xoqi bʼ pa le bʼe.
kʼax ri lik lea kʼal chawe.
xin q ʼi ʼ oxi na tinpa joron .
si bʼalaj nim le tina mit .
kʼax u kemik le pasa wu mal .
xin sachik.
tajin ke lu ki kʼel pa raqan ri tz ʼi ʼ.
x inweta ʼmaj ri lik wi bʼ
ri q ʼuq ʼare jun je ʼl chikop.
kʼo paja tijo bʼal ri wikaq ʼ.
ri sa chi bʼal mak raj wa xik chiqa xo ʼ l.
je ʼ, kim bʼek.
je la le ʼ ri nup wi ʼ.
xu bʼij che :-jas xa bʼano tintin ?
kabʼan jun to q ʼo bʼ kyak ri nuj al .
kat ʼe kxi nta .
jas le u kʼex bʼem ri bʼ le jun ru kʼ le jun chik ?
aj chiu wi ʼ miq ʼi nja ʼ ri lu ʼ .
ri tijo nel najk pe wi.
te ʼ kix cho bʼ u bʼi ʼ ri nu tat .
ri ja ʼ kamiq ʼik chiu wach ri q ʼaq ʼ.
ri tʼu ʼ yk pa q ʼo wik.
kinmes on na .
naqaj at kʼo wichi we ch.
x in bʼiso nik taq naxat pet taj .
we x kam ri winaq , rip waq rech toj bʼal makaj kya ʼ chikech ri rala xik .
ri nunan x bʼe pa kʼay bʼal .
xoj u kʼam u loq rechkoj ri lo
x kʼo to chi n chiki wach chikin wa ʼa wu kʼ .
na xki kamsaj taj xki kʼam bʼi choja .
kʼa kʼ ri ik ʼ kamik .
xim bʼe ru kʼ leaj kuni wir.
ri lik .
letz ʼi ʼ xeko sik .
xin kiko tawu mal .
ri i mul xumaj ria nim, xuyakan le kok.
kʼo oj cheria kʼal .
xuj bʼe pa jun kʼula nem .
utz we k waralaq .
kaqi lo chi na koju kʼam taj .
x reta ʼmaj chiru kʼ pa kʼ kutij wi .
si bʼalaj xin kʼa ʼ na rik .
x in kochij ri nu wa .
man katko win taj kat chaku nik, we man kʼo tari ajila bʼal .
we wonon xu bʼij chike :-kix into .
ri ala nim kril wiri u mam .
xka ʼ y chirij , xka ʼ ych u wach , ma kʼo tachi jun k silo bʼik, xoq ʼik xu xe ʼj ri bʼ x ch ʼopi nik x tzalij loq xu ri q tachik ri u bʼe .
kʼo pus cheri wa .
pi nem naka bʼe lew atz, kim bʼe wi in pa ka ʼ yi bʼal .
ri na nto ʼ n nim winaq chik, saq u wi ʼ, ro nojel aq ʼa bʼ utz ku na ʼo ka tʼuyi ʼ pa utem, ku miq ʼisaj ri bʼ chori q ʼij , kʼo jun u wi ʼ u mam u bʼi ʼate ʼ k.
mane kʼi taj ri qula ʼ.
q ʼalaj chinak awaj tajka bʼij
x paqa bʼisax rajil ro nojel ri kem .
kʼo pari jul ri ku matz .
ro nojel q ʼij kin ch ʼaj le nuware.
saq chikan le ich aj rechka tzako.
chu xe le qa chomal kaqatij wi jun qa meq ʼin .
chawi la ʼ.
e kʼojo bʼ u mi ʼ al, ri nu tat .
jas ru kʼ xa wil wi
je ʼ jas ri winaq rech ri u wach u lew , xoquje ʼ kepena ri ʼ rie ʼ are ʼ cheerech ri u wach u lew ; je ʼ jas ri winaq rech ri kaj, xoquje ʼ kepena ri ʼ rie ʼ are ʼ erech ri kaj .
x intijo .
k tz ʼuju w ri ra choch ripo ʼ x.
xuq ʼi ʼo are le u kʼu lel xya ʼo wu wa .
ri awel xreta ʼmaj chiraj awa xik man ku xej tari bʼ cheri tukur .
ju kʼulaj winaq xe ʼa nimaj bʼik .
je ʼ, xin tzalijik .
xojpe tik xolqa kʼama ʼ.
maj jachin x ʼe k.
inaj tij ; at tijo xel .
saq u wi ʼ ri tata ʼ.
wech ri kem .
le ro ʼ ch le ate ʼk kʼo ch wach le u kʼay le nu na n.
kbʼe pari si ri ʼa e pari sili si ʼ a, ja wije ʼ kuya wiri ki chuq ʼa bʼ ri komon tyo x.
pixa bʼ: man utz taj kʼax kuj ch ʼaw chikij nik ʼaj qa chi l.
x kuna taj lea li( ku mal ri i xoqi bʼ ).
ri xi bʼi bʼal chi kʼo wi pataq riqa kʼas le mal ro nojel q ʼij .
nak uj war ta waral .
on chek kʼoji ʼ ri utzil chixo ʼ l, arech junam riqa kojo nik, junam ri i we chi x ru kʼ ri we chi n.
pa oxq ʼij ri sa ʼ nk bʼe na ru kʼ ri aj kun .
ka winaq wuq u bʼ .
jas kawajki ntijo ?
we taxat bʼe wu kʼ pa le tina mit , xa loq ʼ tala ʼ le u jas taq lea kʼajol .
ke bʼe pa wa ʼim .
xinloq ʼ kʼi wa .
pa jun nim kʼa che ʼ laj, kʼo jun kʼ wa ʼ si bʼalaj saq loloj, nim u wach .
kwajkatij ju bʼa ʼ wa .
ro nojel winaq kril na ri u kolo nem ri dyos » .
x kʼo to chi n chiki wach chik in wa ʼa wu kʼ
kwaj nakat ʼe taj .
laxa loq ʼjun alej ?
e kʼo rie loq ʼoma nel .
ri uka bʼ u bʼi ʼ ri numam are ya y.
kin jopij ri i ja ʼ rech tri ko .
x na ʼ taj chkexe atinik .
xate ʼ q ila ʼ.
kaki tij alan x ax ri winaq .
. . . kin bʼij chi arewa ʼ sinxi ʼan .
na xin na bʼej tach u tasik qa kʼoli bʼal .
ru mal rech cheweri in, kin ch ʼaw ru kʼ ri dyos pach ʼa bʼal, k ch ʼaw na kʼu ri ʼ ri wux la bʼal ru kʼ ri dyos, kʼate kʼut man kʼo ta u patan ri ʼ ch rech ri nu choma bʼal .
xepe tik xki lo .
xuta weka tʼek .
utz u kemik lepas chawe.
ri nu wakax xutij jun q ʼo q ʼ ru mal ri ʼx kamik .
ru mal ri kʼix , man ke wa ʼ taj ri winaq .
xe ʼu lik .
q ʼe q rij ri ama ʼ chij.
x raj ka ʼe le u na n.
junam ki juna bʼ .
naq ʼalaj taj weka ʼe k.
ri wi x nam ch ʼaj ch ʼoj ri ra choch .
waral man kʼo taj aj awal .
na i wir tax ri l le kʼamol bʼe.
x inpe loq te kʼu ri ʼ x in tzukuj ro nojel ri nura jil .
ri aj tiko nel ku tik ri tzij .
kʼo e kikʼajol lea chija bʼ .
kutij q ʼayes ri ixpa ʼ ch.
pari wa ʼ bʼale kʼo ka winaqa chija bʼ .
sipo jinaq ri nupa m.
ka ya ʼ tajik ru kʼuti ʼo nem jun ri u ri q om leya bʼila molot setsé xuquje ʼ areka ya ʼ taj pataq ri juyu bʼ .
jachin ria chi ?
ri numam x kamik aretaq kʼo jumuch ʼla juju juna bʼ .
kin ko winik kin kʼam bʼi lep waq .
kin wi lo chi utz ri aji ʼ.
x in q ʼil ria po ʼ x cheman kachakun taj .
kwa ʼ chiu wach le taq ʼaj ri ama ʼak ʼ.
ri i mul xep oq ʼik pa junik ʼ.
x kʼis kanoq riqa chak.
are ri ali xoji low kanoq .
si bʼalaj ch ʼu ʼj ri amax .
kʼo nu wachi ʼ.
inchaji nel kech lea kʼala bʼ .
xeko sletz ʼi ʼ.
kin bʼe na ku kʼ ri molaj .
ro nojel aq ʼa bʼ kin yi tz ʼri waka x.
karapi nik xu tzukuj chi jun awaj .
leu kemik le pasan inaq ( a wu mal ).
maj u rajil leq ʼa bʼarel .
kʼax ri ʼ ri kach ʼa wik.
xoj u taq chi ʼj lea chi chu loq ʼi kichaj .
si bʼalaj kʼax ri x kʼul maxik.
xki lo chi nakin kʼoxo maj taj .
x na ʼ taj chke chi xeati nik .
x kʼo to chi n chiki wach chi xoj al wo ʼqa ku kʼ .
jun q ʼu ʼ q rajil ri kax la ʼ nwa.
xin wi lo chi xe ʼe lik .
e kʼoi xoqi bʼ pa le kʼay bʼal .
man kʼo taj u kʼisik ri maya bʼaj la bʼalil .
ri sink kʼi y pataq ʼaj .
ri ch ʼima mank kʼiy taj pataq ʼaj .
raj awa xik kjikik ri waqän .
kawajkin ʼe k.
e kʼo oxi bʼak ʼ.
xu bʼij chwe ja wi at kʼo wi.
chwe ʼ q kuj bʼe ʼ pa muquj .
pa saq kʼaja ʼk bʼan wiri uq .
xoj kisi kʼij .
xin wil wi bʼ .
chaq ʼchik ri wa .
kim bʼen akapa le wo ʼ ch.
kawajkin ʼe k.
rich ʼu ʼ ktij ru kʼlej .
pari kiq ʼij kaminaqi bʼ k bʼan q ʼo ri kʼya ʼ rech aj : na bʼerinan ku tzukuj kan ri aj, kujach ʼo ʼ xuquje ku kʼeto .
jas kaj bʼal cha nim ?
utz u chomanik ri ali .
pari q ʼijo xlaj uj tij axkin kʼis ke bʼ juna bʼ kin chakun waral .
si bʼalaj ko , ri kʼak ʼ ch ʼat .
jas ka raj ku bʼij … ?
rich ʼich ʼ kasila bʼik .
pa ojer q ʼal pul xaq xu wiri nim winaq ke kʼamow bʼe.
le uku na xik le uka bʼ u kʼutu nik are ru kʼe flor ni tina on utuni bʼa xik le nifurtimo x chi ʼ le flor ni tina chech t. b. g.
are ria chi xin ch ʼa yowik .
juna chiu bʼi ku ʼ xusipaj ke bʼ kʼa ʼm u lew rechka bʼan ri tijo bʼal, kamik, kʼo chikaj tij rech ri komon xechpup.
xu mal tyo xij cheri ajtij ro nojel le xu kʼut chiu wach .
pari bʼe xki raq jun alaji mul saq ri j, xki kʼam bʼik .
xril le bʼale ala .
jas ku bʼij chwe ?
le uku na tajem are ru kʼu tzuku xik le u chikopil pa jun u soli ku xe ʼ le ki kʼonleja ʼ rech jun no do .
utz we nutz ʼi ʼ.
je ʼ, tajin kachapo nik .
kin u loq ʼoj le nu tat .
kawaj kim bʼe patina mit .
are la ʼkin chakuj .
ri nima ʼ q taq winaq kʼoketa ʼma bʼal .
we taxat bʼe wu kʼ pa le tina mit , xa loq ʼ tawa ʼ we jas taq .
ri kikʼas le mal . wa ixim u lew xajun chima areta tini mit ri ma
ri u kʼ ya bʼal na jupam .
xatqaj chiupam ri il .
noji mkat wa ʼik .
we kʼo jun ktuqa ʼ ri k, ¿ la man xoquje ʼ taj ki ntuqa ʼ r ri in ?
ojoj wokolja .
awas kbʼan kʼax che jun nim winaq .
x inch ʼa wapan ru kʼle wana bʼ .
kʼax ri u pam ri ju ʼ l.
tajin kewa ʼ ri imul .
lakaj lak uj tzalij la aninaq ?
ru mal rech cheri makaj man kʼo tauko wi nem pi wi ʼ ri ix : ri ix manix kʼo tachi chuxe ʼ ri pixa bʼ, xane ix kʼo chu xe ʼ ri sipa nik .
nim raqan le che ʼ.
x inchapo .
are let u ʼ rle loq ʼo manel .
xaskat kʼoji ʼ chiupam ri ch ʼich ʼ.
si bʼalaj nim raqan ri kʼamal bʼe.
letz ʼi bʼa bʼal we chi n.
in xin to ʼw la .
xaje kʼu ri ʼ ri ix kamik ri ʼ mani xka xlan winaq tachik ; ri ix, ix rech ri ki tini mit ri et yo xlaj taq winaq , ix rech ri ra choch ri dyos .
xin tiko xlaj kʼali chaj.
kaqa ri q qi bʼ chwe ʼ q .
si bʼalaj utz cheri wi ʼaj ri tuney .
we na jupulik taxe q ajik . . .
x into ʼ taj cheri nu chak.
kʼo jun chikopu bʼi ʼ pu m .
poqon ri ik.
xoj bʼinik .
xuch ʼek ro nojel le reta ma nik xpaqi ʼ k kʼax kwʼi nik xu bʼanaj kun .
ke lu bʼik pari jude ʼ a ek tzalij chiu bʼij u mul pari galile ʼa .
xina xi bʼij pa bʼe.
je ʼl kʼo lem chi awa choch .
ro nojel ri ya ʼ tal il pa we q ʼataj , tz ʼaqat ki wach , mank tza q tak anoq xuquje ʼ mank tas taj .
xuku naj le ya wa bʼ le aj q ʼij .
chi tata bʼej jas le kim bʼij .
chʼanal ria chi .
pa bʼoko ʼ kachakun wiri tax.
uj kʼo pa u wuq q ʼij .
ki ʼ ri uka bʼ riaqaj .
kʼo ra chalalpa tz ʼo loj che ʼripe ʼl .
xki lo chikin kʼo xomaj .
ri u kisa kʼutz kya ʼik chiu xe ʼ ri tiko ʼ n.
aretaq chi ʼkaq ʼan pu wi ʼ ri juku bʼ, ria chi chex kʼoji ʼ ri itzel ux la bʼal ru kʼ, ku tach rech ri are ʼ, arechk kʼoji ʼ ru kʼ ri are ʼ.
na kabʼan taj ta wu mal .
x na ʼ taj chkexe atinik .
xinpaj ri nut ri ko .
xe ʼ ok ri po kʼ pari u mexaripo ʼ x.
ka juluw ri aq ʼa ʼ l chiu xe ʼ ri tʼu ʼ y.
a wech le ja .
xuj bʼe patzurik .
na bʼexa to pa nik .
ri uka bʼ u bʼi ʼ ri numam are ya y.
uwaj xaq uka kʼal taqanik (28).
ma tak ʼo jun kakanaj kanoq , qo nojel koj bʼe k.
e nima ʼ q lea ltoma bʼ .
nim u wach ripo ʼ t.
kojo nik pari utzij wa ixim u lew .
jas xu kʼam bʼi letz ʼi ʼ xa wilo ?
xinpe tik, tat .
ri bʼelaj u wach .
chi tata bʼej jas ri kim bʼij .
je ʼ l kuna ʼ ria bʼix chiupam ri ququ lew .
kin bʼisoj u wach le wal .
xu tʼuyu bʼa ʼ.
nim ria we qe le ʼ nxa riqo .
xine ʼ wa ʼo q .
chi ʼ ke warwi lea kʼala bʼ .
ri numi ʼal xu taq loq jun taqo ʼm wuj chi we .
q ʼe ʼlik, ri chajpa ri bʼe.
lautza wach ? - utz mal tyo x , e kʼu ria t? – utz malty ox .
xin kos ru mal nu chak.
kbʼe ku kʼ rie ʼ are ʼ ek tzalij parinas arete ke ʼu nimaj .
ri joj xu kʼam bʼik ria kʼ.
kʼo chi wachi ʼl chanim .
ku bʼij chech na ʼ l kabʼan cheri atz ʼi bʼ .
e. . . in kawajka tzjoj bʼila chwe.
mat axin yaj le ali .
jachin ru kʼkat bʼe wi ?
kʼosi bʼalaj eta ʼ ma bʼal pa ri maya bʼ no ʼji bʼal .
eman xori jupu q ke j.
kas u mum ri kaqi q ʼ.
e kʼokaji bʼa kʼala bʼ pa le bʼe.
je ʼ jas ri u tat kka ʼ yik .
xaqat molo nel tzij tal .
le nu tat ka loq ʼon chwe.
xaq tane kim bʼei wu kʼ .
xreta ʼ majuch ʼajik .
ru mal la ʼ xkoj “ xal q ʼat ” cheu bʼi ʼ ri komon .
are le u kemik pas x reta ʼmaj .
ri wa ti ʼt ku bʼan na ri u patan .
kʼa kʼle po ʼ t.
reta ʼm u wach jachin x loq ʼow ri pas .
kench ʼa bʼej lea kʼala bʼ .
ya ʼ tal chaq eqo nojel ri uj winaq utz ka qilqi bʼ .
xkoti ʼ paq ʼayes xoq ʼik .
ka winaq bʼe leje bʼ q ʼataj .
e kʼokaji bʼral ri imul , jun saq, jun q ʼan, jun q ʼe q , jun q ʼe qoj , si bʼalaj ketz ʼa nik, kech ʼopi nik ri alaj taq imul .
k cholol ria cha chal.
kete kik ri ikʼ.
xepe tik rechkewa ʼi wu kʼ .
tzatz ri uq ʼa nil ri akʼ.
xoj tzalij ik xi xe ʼ qaq ʼat uj ku kʼ le ita tina n.
ri yo ʼ x taqa kʼala bʼ ke ki kʼux ri atz ʼya q .
we achi we xusipaj jun po ʼt chwe x kamik .
kko win ri ku na nel cheku na nik .
xjiq ʼ paripo low .
xa ru mal si bʼalaj raj awa xik le loq ʼalaj ja ʼ, le winaq xki bʼij : chewei kʼ ri ʼ q onojel kuj bʼe cheu tikik taq che ʼ.
ri u na ne rie ra chalal kepe u loq ru kʼ ri are ʼ, kʼate kʼu ri ʼ, man ke ko win taj keqi bʼ u ko q ru kʼ, ru mal rech chee kʼosi bʼalaj winaq .
ru mal rech , che man kʼo tajun kko win cheu kojik junti ki bʼalil chikchu wach ri kojom chik che are ri jesusk risto .
te kʼu ri ʼ xutz ʼi bʼaj ri bʼ pari nimalaj tijo bʼal rech aj ku ʼ n.
kajul u wrich ʼu mil chaq ʼa bʼ .
kʼis bʼal kanoq , xoquje ʼk kam ri ixoq .
lea la xokik .
kʼo p waq pa u wi ʼ ri mexa.
areka waj nakin ʼe taj .
ri ya wal ku koj ri ali chiu xe ʼ ri cha kachareu su ʼ t.
nakaqa kʼam tu ʼ bʼi kamik .
ri ajtij ku bʼij chike : raj awa xik keqa chajij ri awaj , are u tiko ʼ n ri aj aw .
xintij mukuni wir.
kʼax leu wi ʼ taq le nuq ʼa bʼ .
xin loq ʼjun il bʼal wi bʼ .
wa ʼ we q ʼij , nim u bʼantajik .
ri u xe ʼal riqa tina mit man kasach taj .
xoj bʼinik .
ria chalal junam ki wach .
x inweta ʼmaj ri lik wi bʼ .
nim ri u na ʼoj waj tij .
mi q ʼin ri kʼul .
aj q ʼo jom ri ate ʼk.
chelesa nik che ʼk bʼan wiri q ʼo jom .
kape le awel pana wal ja ʼ.
ri me sonel tajink chaku nik .
utz chaqe kaqa to ʼ q i bʼ, taq kʼo kʼax kʼoli l, kate we chi ʼ n ri aj awpaqa wi ʼ.
xa wi lo, x q ʼatan le ibʼoy.
xa tko winik xa bʼano .
ki ʼ ri kʼawe x.
kajil il ri bʼe.
le ali xel bʼik .
are ʼ x raj xin bʼano .
nim we abʼaj .
je ʼ lik uti ʼ jolal ri saq ko ʼ r.
noj inaq ri ke j.
we katijan xux man katuto ʼ ta chiuq ʼati xik le kʼa kʼya bʼil coro na virus ( 2019- ncov).
na nim ta raqan wa ʼwe che ʼ.
utzalaj ajchak, ri we l.
¿jam pa ʼ kuj bʼe pa nimaq ʼij ?
raj awa xik tane la ʼkat chakun wu kʼ .
xu taq chi ʼj pa warampu lew .
manareta ri axwan xe lik .
ria wi x xu loq ʼra choch re nimal .
are ri i xoq xin sik ʼin u loq .
ri chʼima kʼat ʼon na .
lax i bʼan le ichak ?
kʼi tina mite kʼopach ʼo ʼ j.
kʼo jupuq chij chiu xe ʼ ri che ʼ.
ri u xaq ria bʼix are u wari ke j.
ka winaq q ʼataj.
lak ixpe patijo bʼal ?
we ke chaji x taq le kʼ wa jachakin bʼij ; juna lik kʼo ja ʼ xuquje ʼ si bʼalaj saq loloj .
xreta ʼmaj .
ri ala bʼom ri al ito ma bʼ tajin kiki tijoj ki bʼ rech su taq , areka kajkiki bʼan nimaqa chija bʼ chupam ri kikʼas le mal, xuquje kʼo chik jupuq bʼixo nel chupam ri komon .
latz ʼu wach ri bʼe.
kʼa kʼ ria ch ʼich ʼ.
qo nojel uj , uj maya bʼ taq winaq .
nojel q ʼij ri ati ʼ x kuyu q ʼuj le taq awaj jela ʼ pa nik ʼaj ja ʼ, chirij ri juyu bʼ u bʼi ʼte na ʼ.
paq ʼom chik ri si ʼ.
kin tzukun chela .
kaki tij le kinaq ʼ, le ich aj, le u wa ʼ lik ru kʼlej .
xekan ajkan le ajchaki bʼ .
ke tikon ria chi ja bʼ .
si bʼalaj itzel u bʼantajik ri ch ʼil akan .
ri ate ʼ kxu mal tyo xij cheri rati ʼ t, ru mal ri utzalaj no ʼ ji bʼal xu kʼut chech .
k kamul i xuchak ria bʼi x.
la xin u tzukuj le tijo xel ?
are ʼ kachakun ro nojel q ʼij .
le e kʼa ʼ na taq tz ʼi ʼ.
saq rij ri plam ux .
jas xaq ʼi ʼox atijo .
jas ru kʼ x kichap wi u tijik le ri kil ?
we ka tat in ru kʼ kʼatanja ʼ man kuq ʼatej ta le kʼa kʼ ya bʼil corona virus .
lak at bʼin pa le u xlan bʼal ?
lawa ral kʼuxi x wa ʼwi ?
are le nu tat kin loq ʼo nik .
tajink chakun ri ala .
kʼo ri ki ʼ kote mala wu kʼ .
xutaj achinka ʼ ek .
xatwa ʼik xin wilo .
x tza q ri ra choch ru mal ri ja bʼ .
pa le junik ʼ chik are nimaq ʼij .
e ke bʼäm ke bʼin pa u wi ʼ ri tem .
mem ria chi .
ri wikan chali ʼ yke l pa juyu bʼ ch wi tziri bʼal .
le rajil , lapaj axe laq ʼax wu ʼ bʼik ?
pari su ʼt pisom wiri lej .
kojpe tik kolqa kʼama ʼ.
tajin kat ch ʼopin chiu wach ri taq ʼaj .
leq ʼorx chʼuq ik .
kʼax wa ʼima wu mal .
kin bʼison che le wal .
si bʼalaj kʼo kʼ ri awa tz ʼya q .
kamik xuj bʼe cheuti kik taq che ʼ pari juyu bʼ .
kin u loq ʼoj le nu tat .
chaqi ʼ jchik ri chaj.
x y ili xhawa yi .
na x na ʼ taj tachke chi xe atinik .
ru kʼ kʼuwa ʼ weri ʼ, ri ixk kʼoji ʼ jun utzalaj i kʼas le mal ri ʼ ch ki wach ri winaq chemane kʼo taiw u kʼ, kʼate kʼu ri ʼ man kʼo tajun winaq ri ʼ raj awa xik chi wech .
epe tina q pa bʼe le ra chala xik .
kakaj lea kʼala bʼ ke wa ʼik .
xuj ch ʼay bʼik .
ri nuchak are q ʼa xel tzij .
kʼo na ru x la bʼ ri awaj .
tajin ke lloq, ri q ʼij .
xuq ʼi ʼo xkam sax ri ra chalal choch .
ri numam are kʼo uq ʼi nomal .
x kʼul ma taj ju mul , xu bʼan jun nimalaj ja bʼ, man x bʼeye taj tana xu kʼis le uyuq ʼ chike.
ama ʼ ri nutz ʼi ʼ.
jewa ʼkat pe tik .
xinko sik ru mal xin chaku nik
i wech chi jujun al, ri wa .
xuq ʼi ʼo na xatat in taj .
in ri q tajin aq pari kʼayi bʼal .
na weta ʼm taj .
kʼax le nuq ʼa bʼ .
utz le xu bʼij lea chi.
ke matz ʼi bʼ .
kʼo ra chalalpa tz ʼo loj che ʼripe ʼl .
ro nojel wa ʼ we jas taq ri ʼ, xask sach wi u wach wa ʼ ; ru kʼ weri ʼ, ri ix, raj awa xik che kʼo jun tyo xlaji kʼas le mal ek kʼoji ʼ ri ich ʼa wem ru kʼ ri dyos,
xm uq taj ri pa tz ʼan .
rich ʼich ʼ tzijom kanoq pari u kʼol bʼal .
man kʼo ta u cholaj pataq ria wuj .
ja chike ik ʼle u nimaq ʼij le tina mit na wal ja ʼ ?
xepe tik xol ki kʼama ʼ.
ka chuq ʼchut ri ja ʼ chiapam .
x in bʼiji wir chi xe bʼe pa armita .
are ʼ u xe ʼojer tzij waral kʼi che ʼu bʼi ʼ.
x kʼis ri nusi ʼ.
jawi xki bʼij wi chike ʼe wi ?
¡ xaje kʼu ri ʼ, jachin taq rie kʼo pari jude ʼa, chi cha nim che ʼa nimaj u bʼi pataq ri juyu bʼ,
kʼa kʼ ria bʼ .
lak ʼo jun naka kʼoxo maj taj ?
na utz tal eut ʼis om le al mari y.
man ya ʼ tal taj chia we katok paja .
je ʼ, xa tutzukuj .
are kel waj xaqi bʼ u q ʼij ri x kʼojik .
ri xunkurk kʼoji ʼ pataq ri t ri ko .
xin sachik.
xu tʼuyu bʼa ʼ
na nutom tal e tzij …
wach ʼom ri kiwari no ʼ s.
e kʼojo bʼ ch ʼil wa kʼ.
raja wi xik chi pataq ri tijo bʼal, pa nik ʼaj u bʼi xik chik
ri raj awru lew are ʼ tatkel .
we kʼu xokik, we kʼ na xok ta
we achi xusipaj jun p ʼot chwe.
a tat u taqo ʼ n leq ʼatal tzij .
naq ʼanta u wach leqap rut .
ri xa ʼ r kʼo pa u wi ʼ ri q ʼaq ʼ kpo q ʼo wik.
ri ro q ʼej ri ali jachak pe juna kʼal .
kʼo jun alapa tijo bʼal .
säq u wi ʼ ri tata ʼ.
ri wi tzik ʼ tajinkpe loq .
ja wixsa chon wikan uya ʼik lep waq che.
utz we achi we xin kuna nik .
qo nojel kuj wa ʼ pa u wi ʼ ri mexa .
ri kax la ʼ nik man poqon taj .
inxin bʼe ru kʼ ri wachi ʼl .
si bʼalaj je ʼ l xki lo xe kitzoqopij ri kichij chila ʼ.
kin bʼinik x in ʼe k.
kʼax kʼolik, kacha ʼ.
ku tiji xim ri ak ʼ.
ri al ix chel, xuq ʼi ʼo xajuna kʼ xsipa x che.
xqasi kʼij le i xoq chu tzakik su bʼ .
ma taxa bʼinsaj lech ʼich ʼ.
rip ix tz ʼara lik ru mal rieqa ʼ n.
¿jam pa ʼ kel chi 3%
kʼo jun nu kʼo toj chi ʼaj .
tajin ke wa ʼkat ri ala bʼom .
x in loq ʼ le nuk ʼa kʼapo ʼ t.
na utza kik tas u bʼ tajin ku ʼ ano
xoj u taq chi ʼij xoj wa ʼik .
i wech ria bʼi x.
saq rij ri chij.
aj sik cheri tina mit kel wiri tata ʼ.
- ¡a y! x axin tzaqu loq ,kʼax we waqan .
x kʼul ma taj pa jun komon chi ʼ u wach jun juyu bʼ, xuriqa jun q ʼij xki ri q ki bʼ juni mul ru kʼlek ok .
jas xa taq chi ʼj lea kʼal chu tijik ?
xin chapo suxuloq ʼo .
q ʼi nom ria chi .
ri kʼum ktijo w ru kʼ ka bʼ .
tajin kejach ʼa nik .
tze bʼal u kemik le pasa wu mal .
areka yo ʼ w leu chikopil le u bʼantajik try pa nosom ab ru cei .
we kat nima nik utz ke lik .
perono ʼji mal pet naq loq, .
are le nuchak jun tz uq bʼal wi bʼ .
xku na x ley awa bʼ ru mal le aj q ʼij .
ri u kʼu ʼ x tz ʼi bʼ pa qatzijelaj uj .
si bʼalaj je ʼ lik rieqa bʼal xu bʼan ri lu ʼ s.
si bʼalaj atkon .
eman xori jupu q ke j.
na x na ʼ taj tachke xe atinik .
ri kʼamal bʼe xu bʼij chike, chi maj a ria nim .
jum uch ʼri nu juna bʼ .
q ʼip taj inaq ri raqan ri tem .
kchakun ru kʼ ri jos bʼal che ʼ ri aja nel .
xa taq chi ʼj lea kʼal chu tijik ka r.
oj kʼo pa le ro ʼ ch le awel .
¿ lak at pe q u kʼ chwe ʼ q ?
le winaq pa lech ʼich ʼe tʼuyu llo wi.
xkanaj kanoq chiu xe ʼ ri ja bʼ ri ch ʼa ʼ n.
nim ri ja .
we taxak u naj lea tat ma tax kam la ʼ.
na nu kʼam om tu ʼla ri ʼ.
chqanu kʼu ʼ ri qatzij .
kim bʼe pa le tina mit .
x in q ʼi ʼo na xina tin taj .
raj awa xik ka kʼaman chawe le u tijik le lej .
kʼis bʼal taq no ʼji bʼal .
xine ʼ wa ʼo q .
xki bʼan kʼax cheleu wosaq ru mal man utz ta chika kayik .
ri q ʼutu ʼm man kech ta lea kʼala bʼ .
are na nim ta leatz ʼi ʼ chu wach le nutz ʼi ʼ.
xepe tik xol kila ʼ.
¿jaw chi ʼ xa ta ʼ chex kam ri u mam ri po ʼ x ?
e ke bʼ ke kʼam bʼik pa tuj .
x in loq ʼ jun ja pari wokaj ja .
ri axt u ʼ bʼ, kʼo q ulaj chech .
jaska raj ka ʼan ch utza kik leti ʼij .
xutij lewa .
xim bʼal re tzij .
xpa x ri bʼo ʼ j.
we kawaj ka tinto ʼo xaq xu wika bʼij chi we .
jas nu kʼu kuch ʼo bʼo .
jas karaj ku tijo ?
xex ru xla bʼ ri rik il .
enitz ʼa ʼ q le taqi mul .
we tane inxin bʼano wik, are le ate ʼ kx bʼano wik.
kin tzalij pa le nu tina mit .
ri nuchaq ʼ kʼo pa u ro ʼ q ʼatoj tijo nik pari tijo bʼal .
x in xi ʼ jwi bʼ xin ch ʼa wik.
kʼochwa ro ʼ ch le pare.
chi raqan ka bʼin wiri tata ʼ.
x sa chonka nuya ʼik lep waq che choja .
x in q ʼax chiki xo ʼ l ri winaq .
ketiko nik .
ri u lew man q ech taj , kech ri qati ʼtqamam .
xepe le winaq xol ki kʼama ʼ.
xu loq ʼ ri wuj ru mal ri ali .
che we q ʼij kamik kʼo jun nutzijo nem chirij le nu tina mit .
kej ri ʼ.
x ku na na laq chwe.
ki nusi kʼij le nu na n.
ri imul xuch ʼij taj , xkanaj pa bʼe, ru mal ri nimal kujal uj ri imul , xutzaq ria nim .
ku bʼan ri u xoq ʼo ʼ l ri aj tz ʼaq .
ri la si bʼalaj utz cheku na bʼal .
kʼiki wach rie ʼ ajchaki bʼ pa ri komon tyo x, kʼate kʼut xajun chi aj aw xel ;
xqata chixa tulik .
kawaj chikat ʼe k.
ch ʼuti ʼ nkekan aj ri xaj a bʼ chech .
kaqa xi ʼ jqi bʼ kaqa chapo .
e kʼo ke bʼ u kʼajol le tat xwan.
lu ʼ su bʼi ʼ ri recham .
aj chiu wi ʼ miq ʼi nja ʼ ri lu ʼ .
x in yakan le nu chi mpa kʼay bʼal .
kʼatex ri lo, xperiunan cheu tzuku xik, xki ko tik, xu sala bʼisaj ri taq u xki n.
xki kʼut chiu wach ri aj tij xuquje ʼ chiki wach ri taq nik ʼaj kachi l.
utz le nu q ʼa bʼ .
kul le alwe ʼ l pa aus tinchaq ʼa bʼ kamik .
ri ate ʼ kx tza q loq are chi kʼo pa u wi ʼ ri q ʼa ʼm.
aj patan ri te ʼk.
xatqaj chiupam ri il .
lak ʼo tzij na kikʼoxo maj taj ?
xsachon chke chi xeati nik .
ro nojel le u le we chala q .
la xe bʼe kʼula xe ʼ kijaqa kʼu leu chi ʼ ja ?
xaq kat ch ʼok naji wir.
kamik kʼo chirij as taqawe .
are chi ʼ ka kʼis ri juna bʼ kʼo q ʼi nom .
pana wal ja ʼ xina le xik .
na xin tataj we are ria kʼal kix tzuqu wik .
¡ ru lew ri sa bʼ u lone ru lew ri ne ftali, u bʼ eripolo w, ru lew ri jordan, galile ʼa kech ri je taq amaq ʼ!
rax, rax, rax, kʼo kʼ, kʼo kʼ, kʼo kʼ le ru x la bʼ le taq tiko ʼ n.
a chi xatwi lo .
pa qal rajil lepi x kamik .
xoj bʼinik .
pa jun je ʼ l tijo bʼal ku tijoj ri bʼ juna kʼal, u bʼi ʼ po ʼ x , utz ku ri loke pa tijo bʼal ro nojel taq q ʼij .
x waj chixat ʼe taj .
utz la ʼ le xu bʼij lea chi.
weta ʼam jachin kape tik .
kinq ʼo joma nik .
xin q ʼi ʼota kʼalik xinpe tik .
are ʼ reta ʼ mchekino pa nik .
areta bʼal eqa qaj awcha t to ʼwik .
ka winaq waqi bʼ q ʼataj .
naqaj chik cheri u waq kaj bʼal aretaq chi ʼ ksach u wach ri q ʼij , kok ri q ʼe q u ʼ mchu wach u lew , chi kʼate ʼ na ri bʼe le je bʼ kaj bʼal .
jo bʼ raqan ri tz ʼalam xeporo xik .
si bʼalaj korij ri mop .
arewa ʼ .
je la ʼ pari ti minit ch wi kabyok rech xelaj u ʼ, leq ana nqa tat kaki tikoje ʼ la laj taq u wachi chaj.
kʼax nuqul .
xu ʼ lu kʼama ʼ.
kojul ki tzukuj .
areman kʼax ta uku na xik are taqaninaq ka ʼil itaj we ya bʼil al xuquje ʼmojo ʼ qa kuya ʼ le kʼax kʼolil chech le jolom aj .
ri we l kʼo pa tijo nik .
kawajkin bʼij .
ri kotz ʼi ʼ jkqa koj chiupam ri ja .
q ʼe q q ʼoj rij ri ama ʼkej .
na x waj taj x inch ʼa wik.
chpeta bʼale loq ʼalaj ja bʼ .
x sa chon chkexat kisi kʼij .
e leq ʼal ch ʼich ʼ.
jachin xa wi lo chi are x tijo w ri ti ʼj ?
ma taka bʼe le nu x bʼal pa le tina mit .
pim ru q, riali.
¿ kʼo ri muq ʼe chia wech ?
kqa bʼij man ke ko win taj .
kintij na .
kʼo jun qat ʼu ʼ y paja !
kʼo p uj chiupam ri ch ʼa ʼ k.
aretaq ki nkosik ki nwa rik .
xatwa ʼik xin wilo
inxin chʼa yow lea chi .
konojel ri ala xik ke ʼetz ʼa nik .
jas ru kʼ xki tij wi le ki ri kil ?
aninaq ilkat pe tik .
na raxta u wach le juyu bʼ .
ri tz ʼalam tz ʼi bʼa bʼal raxk kayik .
we cha t chaku nik, kʼo awa .
ma ʼ tam xatpe cheri wa ʼim .
kamul ki nwa ʼ na .
ri sikil k tijo w ru kʼik .
kim bʼe aq ʼan ru kʼ le al tali n.
xoj ʼek xe ʼ q ilal arqas ok .
xe kiq ʼil le ajchaki bʼ xki wokle ja .
ma tane x waj le kʼuhj nem ru kʼle ate ʼ k.
are xe ʼopan chiu chi ʼ ri juyu bʼ, xki lo chiman qas ta kʼo q ʼayes .
kʼate kʼut , ri jesus man k kojon tach kech rie ʼ are ʼ, ru mal rech chekonojel reta ʼm ki wach,
pa ʼ tz rij ri tz ʼi ʼ.
ju winaq waqi bʼ q ʼataj .
ate la q ʼom .
xa qat jo ʼ s.
ri q ʼatzu, are q ʼalaj ri uq ʼi jil .
ajchak we ala .
u bʼe le juka kʼal taqanik (29).
ke bʼ nu bʼi ʼ kʼolik .
laka tzalij lu ʼ la aninaq ?
katzukun la chwe.
lakaj la koj bʼe ʼ pa le chomal chwe ʼ q ?
x in na bʼe jchuta sik qa kʼoli bʼal .
lal x into ʼ wik.
si bʼalaj ano ʼji bʼal .
xojpe tik xolqa kʼama ʼ.
si bʼalaj je ʼ lik ri u wa ʼl ri ichaj.
kʼax wij ru mal in pa chalik .
aretaq xu kʼul maj wa ʼ xul ri u choma nik xu bʼij : are utz wa aq ʼa bʼ kin wali jik, arecha ʼ cha nim kinopan pa tijo bʼal, maj chikin kʼul maj .
ojaj xojolo bʼ pa awasq ʼij .
x insach che le u wokik le tzij .
e julaj uj ri ak ʼ.
xutaj ampa ʼkoj ʼek.
q ilik .
ri tijo xel man areta nim chu wach ri raj tij. ri utz tijo xel qas jeri ʼ kʼolik jas ri raj tij .
in xa tinch ʼa yo .
no ʼ jim chak wu mal .
chʼur ri joch ʼ.
inkin bʼij naka tsach taj .
ujma ya bʼ .
ria bʼaj ya tzalik .
tajin kepix bʼax ria kʼala bʼ .
chom ria q .
x inwa rik .
e le men konojel ria kʼala bʼ .
tajink q ʼan arik ri were ʼaj .
le u kemik le pas utz( chawe ).
xuyup u bʼa u wach ra ʼ chi, kacha ʼ, .
ri satanas kok pari judas ri kbʼi xiska ri ʼo tech rech , ri are ʼ jun ch kixo ʼ l rie kabʼla juj .
chuchuri par.
kinqumuj ri nu joch ʼ.
chech punción lumba ramaq ʼel raj awa xik chech ri lik le u kʼex bʼem wi le na bʼe ru kʼ le uka bʼ u kʼutu nem leya bʼilal .
q ʼalaj chinak awaj taj ka bʼij .
kʼo q ʼol chirij ri si ʼ.
jawi xoj ʼe wich u loq ʼik ?
kʼo u loch ʼritali n.
q ʼan rij ria ti ʼt nuke j.
lax tzalij la i wir ?
xe si kʼi xik, kʼate kʼu ri ʼ xe ya jik, xuquje ʼ xe taq bʼi cheusi kʼik le mes .
lak ixwarik ?
are kʼu le pa lom ax xu bʼij che: -mam kat bʼison taj , kin si kʼij nik ʼaj wachi ʼ l ke rapa pik .
a ʼree tijo xe la bʼ .
ri alaj al isi ʼl xu bʼij xqachap pa utzal ri tyo x.
x sa chonchke jachin xeati nik .
jas xurayij lea na nxutijo ?
xinko sik.
rax ro nojel ri q ʼayes ru mal le ja bʼ .
kin ya wa ʼ wech ʼich ʼpi nem na utz .
no ʼ ji mupach ʼu xik le nu wi ʼ.
naj kʼo wi le wo ʼ ch chu wach le tijo bʼal .
ri oki bʼal kʼo chiu wach ri saq ja .
xe nu taq ch ʼij ke kil lea kʼala bʼ .
kʼo jun q ʼo xowem chi we .
tzaricho ʼ m.
we choj bʼe pa le nimaq ʼij , ke qil le aj xojolo bʼ .
xoj ʼek xe ʼ q ilal arqas ok .
ri ate ʼ kxuta ʼ chech ri na nto ʼ n :- na njas che ʼ chiman kaj tal aqa kʼa tisaj ri jo ʼ q .
ri pal si bʼalaj xu ʼ y.
kinkoj ri jok bʼal u lew .
inkin bʼij naka tsach taj
a traj kun le nu na n.
ku qam uj u joron ri aj tzij .
lu ʼ tz ʼalam u bʼi ʼ ria chike l pa nim che ʼ.
je ʼ lik uti ʼ jolal ri saq ko ʼ r.
kʼo jun xa ʼ r pa ja .
x in loq ʼjun kʼa kʼ patan.
kʼax u kemik le pasa wu mal .
ani naq u kemik le pasa wu mal
ri ch ʼa ʼ nsa chi naq pataqa bʼix.
rax taq leko tz ʼi ʼ j.
me som kanoq ri u pamja .
manaretar alax kosik .
ri komon xechpup rech uq ʼa bʼ tina mit xo ʼ la bʼaj rech q ʼu markaj .
lautza kik kʼus u bʼ tajin ku ʼ ano ?
kate la !
na xutij taj .
xa ru mal keta ʼm konojel ri winaq kki q u muj le ja ʼ.
iw ir xuj tzalij la pa kʼay bʼal .
qeta ʼm cheri qawa kujuto ʼo .
ri aj tij, kyajon chikech ria kʼala bʼ .
jas u bʼanom le nuch ʼuti tat ?
chwe ʼ q kin bʼe pa nim tina mit .
utz we ki weta ʼmaj jas ku bʼij ri chol bʼal q ʼij .
tajinka tji low cheu q ʼo xom jolom aj .
x intik q ʼax chiu wach ri ja .
kʼax le ki bʼe le winaq .
loq ʼkat kuntaj cheleya bʼil (covid-19) .
ri n uxi bʼal kel paqaj bʼal q ʼij .
x ri l ri axwan chi x wa ʼ ri ala .
le al ix kuna tajik .
we takape le ja bʼ kamik .
x inweta ʼ majchin axat petaj.
rip waq rech we q ʼataj ri ʼ ke sax chech ri toj bʼal kʼayi nem .
ktij ri u wa ʼ lik ru mal ri ki nimaq ʼij .
xuchapuku na xik .
chatan loqa li .
xin x uli ʼ qaj oq .
je ʼlik ktijo w ri taqik ox.
kʼate kʼu ri le tat xo ʼ rx u bʼij , man kawaj taj , man kawaj taj .
kʼo jun tz ʼi ʼ pa bʼe.
kamul x inpe chea tzuku xik .
man tajin takin chaku nik .
kin chaku nik rechka twa ʼik .
jas ru kʼ xa wil wi chi xki qupij wi le ti ʼ j.
jas u bʼi xik … ?
koq ʼ ria kʼal .
kawaj nakat ʼe taj .
xat q ʼajik .
wem na cha loq ʼaxi ya l, na kim bʼeta awu kʼ .
xopan lew uja wu kʼ ru mal we chi n.
are kʼut pa le juyu bʼ k kʼiy joron , chila ʼ xe ki kʼama wiri ja ʼ ri winaq .
koq ʼ ria kʼal .
we kʼo arajil chak ʼama loq .
are si bʼalaj kaq lea po ʼt chu wach le nupo ʼ t.
x in kʼastaj pa ka bʼ laj ujkaj bʼal .
kaqoy ʼ ej nak ixpe taj .
ko ka xim ri chij xajela ʼ manka nimaj ta bʼik .
ri ko knojim x bʼek, xuch ʼijo xopan pa u kʼis bʼalil lea nim .
xoj ki ʼ kotik aretaq xatulik .
kaqi tz ʼ naj ri u xaja bʼ ri akʼal .
ri jesusk wa ʼkat pari nim ra choch ri dyos, chu xe ʼ ri jun jachera choch ri salomon .
we taqanik ri ʼ ku bʼij chiraj awa xik kya ʼuq ʼij ri winaq xuquje ʼ kto ʼ aninaq il .
ri ax ux are na ri uku nel ri kinaq ʼ.
aretaq wa ʼ ri uq ʼij ol we taqanik .
kʼo junta bʼal pa u wi ʼ ri xka nulu bʼi ʼ la juj no ʼ j.
yu ʼ lu bʼanom ri u kolo bʼrikej .
xa nimaj ria kʼal chiu wach ri u chuch .
k ku na n ria chi .
ki nwa ʼik rech nakin yowaj taj .
aj xik ch ʼich ʼri lu ʼ s.
k waj chei xki x bʼano wik.
a ʼ re xeto ʼ wa laq .
xoj ʼek xe ʼ q ilal arqas ok .
x in loq ʼjun ch ʼich ʼ, qaj inaq u wach .
ku tʼis ripan tal on .
ej ani pa le awal kʼ wa le kʼolik ?
utz u kemik lepas chawe.
ri max are aj q ʼani ya ʼ.
mat abʼa chiri q kʼax pa le bʼe.
tajinka nima j, ri me ʼ s.
ixi xe ʼ laq ʼoma bʼ !
x sa chanchwe.
e kʼo kʼi che ʼ, chiu wach ri juyu bʼ .
arewa ʼ ri nimalaj pixa bʼe arewa ʼ ri na bʼe.
x reta ʼmaj chiru kʼ pa kʼ kutij wi
jas u tzak ik le su bʼ xu ʼano ?
aj xo ʼ y ri wikan .
we tane a ʼ re xe tijo w le ri kil , are le komon xe tijo wik.
si bʼalaj ani naq kach ʼaw le are ʼ chinu wachi n.
utz wekin chaku j.
meʼs la ʼ.
kʼok anwa rechka q atijo .
xinsi kʼij la .
ria kʼal x sach kanoq jela ʼ pataq ʼaj .
xesi kʼij la .
jawi xki bʼij wi chike ʼe wi ?
ru mal che, manix tari ʼ ri kix ch ʼa wik, are ri ru x la bʼa xel ri i tat ri ʼ rik ch ʼaw na iw u kʼ ri ix .
kʼa kʼ ri wachoch .
si bʼalaj utz ki nwil lea tz ʼya q rech na huala .
saq pork kay ri kipo ʼt ri na n.
x sa chon ri nuchak chwe.
wa ʼim xuchapo .
ri q ʼaq ʼ tajin ka juluwik .
najil u pam ri siwan .
e kʼo riqa chalalpa chiu wi ʼla .
jas xa taq chi ʼj lea kʼal chu tijik ?
no ʼ jim u kemik le pasa wu mal .
kʼo jun ku ku bʼi ʼt intin, wa ʼ le laj ku kmam kaje qitaj , ka paqika xulik pa u wi ʼ u q ʼa bʼ taq che ʼ, si bʼalaj sa kʼaj, ke ʼuto lee nima ʼ q , ch ʼut in, ra chi ʼl, aj sipa nel si bʼalaj utz ra nima ʼ.
ri upixa bʼ leq ʼat bʼaltzij ki ya ʼu bʼi xik .
na x sa chonta chke xeati nik .
xeqil lechikop pu wile ja .
x lo ʼ taj ria kʼal .
qo nojel kuj wa ʼ pa u wi ʼ ri mexa .
xsi kir le waqan .
laxat wa ʼ kʼut ?
nim u bʼa q ʼri tulul .
kin xik ʼi kʼik xin q ʼa xik .
lak at bʼe pa le tina mit ?
ri pal si bʼalaj saq ʼo r.
k q ʼo xow nu jalom .
xin na ʼo chikat pe tik .
x loq ʼu lewi we chi x.
x in chakun ru kʼ ri nu mam .
na x qa bʼantaj.
k kʼoji ʼ bʼa ʼ ri u sipa nik ri aj aw xel jesusk ri sto ru kʼ ria wux la bʼal !
kin ch ʼaw ru kʼ le nunan pa lech ʼa we bʼal .
si bʼalaj q ʼe q u ʼm ru mal ri mayul .
are leba xulik .
xekos lei xoqi bʼ pa le bʼe.
kʼax ri lik lea kʼal chawe.
xin q ʼi ʼ oxi na tinpa joron .
si bʼalaj nim le tina mit .
kʼax u kemik le pasa wu mal .
xin sachik.
tajin ke lu ki kʼel pa raqan ri tz ʼi ʼ.
x inweta ʼmaj ri lik wi bʼ
ri q ʼuq ʼare jun je ʼl chikop.
kʼo paja tijo bʼal ri wikaq ʼ.
ri sa chi bʼal mak raj wa xik chiqa xo ʼ l.
je ʼ, kim bʼek.
je la le ʼ ri nup wi ʼ.
xu bʼij che :-jas xa bʼano tintin ?
kabʼan jun to q ʼo bʼ kyak ri nuj al .
kat ʼe kxi nta .
jas le u kʼex bʼem ri bʼ le jun ru kʼ le jun chik ?
aj chiu wi ʼ miq ʼi nja ʼ ri lu ʼ .
ri tijo nel najk pe wi.
te ʼ kix cho bʼ u bʼi ʼ ri nu tat .
ri ja ʼ kamiq ʼik chiu wach ri q ʼaq ʼ.
ri tʼu ʼ yk pa q ʼo wik.
kinmes on na .
naqaj at kʼo wichi we ch.
x in bʼiso nik taq naxat pet taj .
we x kam ri winaq , rip waq rech toj bʼal makaj kya ʼ chikech ri rala xik .
ri nunan x bʼe pa kʼay bʼal .
xoj u kʼam u loq rechkoj ri lo
x kʼo to chi n chiki wach chikin wa ʼa wu kʼ .
na xki kamsaj taj xki kʼam bʼi choja .
kʼa kʼ ri ik ʼ kamik .
xim bʼe ru kʼ leaj kuni wir.
ri lik .
letz ʼi ʼ xeko sik .
xin kiko tawu mal .
ri i mul xumaj ria nim, xuyakan le kok.
kʼo oj cheria kʼal .
xuj bʼe pa jun kʼula nem .
utz we k waralaq .
kaqi lo chi na koju kʼam taj .
x reta ʼmaj chiru kʼ pa kʼ kutij wi .
si bʼalaj xin kʼa ʼ na rik .
x in kochij ri nu wa .
man katko win taj kat chaku nik, we man kʼo tari ajila bʼal .
we wonon xu bʼij chike :-kix into .
ri ala nim kril wiri u mam .
xka ʼ y chirij , xka ʼ ych u wach , ma kʼo tachi jun k silo bʼik, xoq ʼik xu xe ʼj ri bʼ x ch ʼopi nik x tzalij loq xu ri q tachik ri u bʼe .
kʼo pus cheri wa .
pi nem naka bʼe lew atz, kim bʼe wi in pa ka ʼ yi bʼal .
ri na nto ʼ n nim winaq chik, saq u wi ʼ, ro nojel aq ʼa bʼ utz ku na ʼo ka tʼuyi ʼ pa utem, ku miq ʼisaj ri bʼ chori q ʼij , kʼo jun u wi ʼ u mam u bʼi ʼate ʼ k.
mane kʼi taj ri qula ʼ.
q ʼalaj chinak awaj tajka bʼij
x paqa bʼisax rajil ro nojel ri kem .
kʼo pari jul ri ku matz .
ro nojel q ʼij kin ch ʼaj le nuware.
saq chikan le ich aj rechka tzako.
chu xe le qa chomal kaqatij wi jun qa meq ʼin .
chawi la ʼ.
e kʼojo bʼ u mi ʼ al, ri nu tat .
jas ru kʼ xa wil wi
je ʼ jas ri winaq rech ri u wach u lew , xoquje ʼ kepena ri ʼ rie ʼ are ʼ cheerech ri u wach u lew ; je ʼ jas ri winaq rech ri kaj, xoquje ʼ kepena ri ʼ rie ʼ are ʼ erech ri kaj .
x intijo .
k tz ʼuju w ri ra choch ripo ʼ x.
xuq ʼi ʼo are le u kʼu lel xya ʼo wu wa .
ri awel xreta ʼmaj chiraj awa xik man ku xej tari bʼ cheri tukur .
ju kʼulaj winaq xe ʼa nimaj bʼik .
je ʼ, xin tzalijik .
xojpe tik xolqa kʼama ʼ.
maj jachin x ʼe k.
inaj tij ; at tijo xel .
saq u wi ʼ ri tata ʼ.
wech ri kem .
le ro ʼ ch le ate ʼk kʼo ch wach le u kʼay le nu na n.
kbʼe pari si ri ʼa e pari sili si ʼ a, ja wije ʼ kuya wiri ki chuq ʼa bʼ ri komon tyo x.
pixa bʼ: man utz taj kʼax kuj ch ʼaw chikij nik ʼaj qa chi l.
x kuna taj lea li( ku mal ri i xoqi bʼ ).
ri xi bʼi bʼal chi kʼo wi pataq riqa kʼas le mal ro nojel q ʼij .
nak uj war ta waral .
on chek kʼoji ʼ ri utzil chixo ʼ l, arech junam riqa kojo nik, junam ri i we chi x ru kʼ ri we chi n.
pa oxq ʼij ri sa ʼ nk bʼe na ru kʼ ri aj kun .
ka winaq wuq u bʼ .
jas kawajki ntijo ?
we taxat bʼe wu kʼ pa le tina mit , xa loq ʼ tala ʼ le u jas taq lea kʼajol .
ke bʼe pa wa ʼim .
xinloq ʼ kʼi wa .
pa jun nim kʼa che ʼ laj, kʼo jun kʼ wa ʼ si bʼalaj saq loloj, nim u wach .
kwajkatij ju bʼa ʼ wa .
ro nojel winaq kril na ri u kolo nem ri dyos » .
x kʼo to chi n chiki wach chik in wa ʼa wu kʼ
kwaj nakat ʼe taj .
laxa loq ʼjun alej ?
e kʼo rie loq ʼoma nel .
ri uka bʼ u bʼi ʼ ri numam are ya y.
kin jopij ri i ja ʼ rech tri ko .
x na ʼ taj chkexe atinik .
xate ʼ q ila ʼ.
kaki tij alan x ax ri winaq .
. . . kin bʼij chi arewa ʼ sinxi ʼan .
na xin na bʼej tach u tasik qa kʼoli bʼal .
ru mal rech cheweri in, kin ch ʼaw ru kʼ ri dyos pach ʼa bʼal, k ch ʼaw na kʼu ri ʼ ri wux la bʼal ru kʼ ri dyos, kʼate kʼut man kʼo ta u patan ri ʼ ch rech ri nu choma bʼal .
xepe tik xki lo .
xuta weka tʼek .
utz u kemik lepas chawe.
ri nu wakax xutij jun q ʼo q ʼ ru mal ri ʼx kamik .
ru mal ri kʼix , man ke wa ʼ taj ri winaq .
xe ʼu lik .
q ʼe q rij ri ama ʼ chij.
x raj ka ʼe le u na n.
junam ki juna bʼ .
naq ʼalaj taj weka ʼe k.
ri wi x nam ch ʼaj ch ʼoj ri ra choch .
waral man kʼo taj aj awal .
na i wir tax ri l le kʼamol bʼe.
x inpe loq te kʼu ri ʼ x in tzukuj ro nojel ri nura jil .
ri aj tiko nel ku tik ri tzij .
kʼo e kikʼajol lea chija bʼ .
kutij q ʼayes ri ixpa ʼ ch.
pari wa ʼ bʼale kʼo ka winaqa chija bʼ .
sipo jinaq ri nupa m.
ka ya ʼ tajik ru kʼuti ʼo nem jun ri u ri q om leya bʼila molot setsé xuquje ʼ areka ya ʼ taj pataq ri juyu bʼ .
jachin ria chi ?
ri numam x kamik aretaq kʼo jumuch ʼla juju juna bʼ .
kin ko winik kin kʼam bʼi lep waq .
kin wi lo chi utz ri aji ʼ.
x in q ʼil ria po ʼ x cheman kachakun taj .
kwa ʼ chiu wach le taq ʼaj ri ama ʼak ʼ.
ri i mul xep oq ʼik pa junik ʼ.
x kʼis kanoq riqa chak.
are ri ali xoji low kanoq .
si bʼalaj ch ʼu ʼj ri amax .
kʼo nu wachi ʼ.
inchaji nel kech lea kʼala bʼ .
xeko sletz ʼi ʼ.
kin bʼe na ku kʼ ri molaj .
ro nojel aq ʼa bʼ kin yi tz ʼri waka x.
karapi nik xu tzukuj chi jun awaj .
leu kemik le pasan inaq ( a wu mal ).
maj u rajil leq ʼa bʼarel .
kʼax ri ʼ ri kach ʼa wik.
xoj u taq chi ʼj lea chi chu loq ʼi kichaj .
si bʼalaj kʼax ri x kʼul maxik.
xki lo chi nakin kʼoxo maj taj .
x na ʼ taj chke chi xeati nik .
x kʼo to chi n chiki wach chi xoj al wo ʼqa ku kʼ .
jun q ʼu ʼ q rajil ri kax la ʼ nwa.
xin wi lo chi xe ʼe lik .
e kʼoi xoqi bʼ pa le kʼay bʼal .
man kʼo taj u kʼisik ri maya bʼaj la bʼalil .
ri sink kʼi y pataq ʼaj .
ri ch ʼima mank kʼiy taj pataq ʼaj .
raj awa xik kjikik ri waqän .
kawajkin ʼe k.
e kʼo oxi bʼak ʼ.
xu bʼij chwe ja wi at kʼo wi.
chwe ʼ q kuj bʼe ʼ pa muquj .
pa saq kʼaja ʼk bʼan wiri uq .
xoj kisi kʼij .
xin wil wi bʼ .
chaq ʼchik ri wa .
kim bʼen akapa le wo ʼ ch.
kawajkin ʼe k.
rich ʼu ʼ ktij ru kʼlej .
pari kiq ʼij kaminaqi bʼ k bʼan q ʼo ri kʼya ʼ rech aj : na bʼerinan ku tzukuj kan ri aj, kujach ʼo ʼ xuquje ku kʼeto .
jas kaj bʼal cha nim ?
utz u chomanik ri ali .
pari q ʼijo xlaj uj tij axkin kʼis ke bʼ juna bʼ kin chakun waral .
si bʼalaj ko , ri kʼak ʼ ch ʼat .
jas ka raj ku bʼij … ?
rich ʼich ʼ kasila bʼik .
pa ojer q ʼal pul xaq xu wiri nim winaq ke kʼamow bʼe.
le uku na xik le uka bʼ u kʼutu nik are ru kʼe flor ni tina on utuni bʼa xik le nifurtimo x chi ʼ le flor ni tina chech t. b. g.
are ria chi xin ch ʼa yowik .
juna chiu bʼi ku ʼ xusipaj ke bʼ kʼa ʼm u lew rechka bʼan ri tijo bʼal, kamik, kʼo chikaj tij rech ri komon xechpup.
xu mal tyo xij cheri ajtij ro nojel le xu kʼut chiu wach .
pari bʼe xki raq jun alaji mul saq ri j, xki kʼam bʼik .
xril le bʼale ala .
jas ku bʼij chwe ?
le uku na tajem are ru kʼu tzuku xik le u chikopil pa jun u soli ku xe ʼ le ki kʼonleja ʼ rech jun no do .
utz we nutz ʼi ʼ.
je ʼ, tajin kachapo nik .
kin u loq ʼoj le nu tat .
kawaj kim bʼe patina mit .
are la ʼkin chakuj .
ri nima ʼ q taq winaq kʼoketa ʼma bʼal .
we taxat bʼe wu kʼ pa le tina mit , xa loq ʼ tawa ʼ we jas taq .
ri kikʼas le mal . wa ixim u lew xajun chima areta tini mit ri ma
ri u kʼ ya bʼal na jupam .
xatqaj chiupam ri il .
noji mkat wa ʼik .
we kʼo jun ktuqa ʼ ri k, ¿ la man xoquje ʼ taj ki ntuqa ʼ r ri in ?
ojoj wokolja .
awas kbʼan kʼax che jun nim winaq .
x inch ʼa wapan ru kʼle wana bʼ .
kʼax ri u pam ri ju ʼ l.
tajin kewa ʼ ri imul .
lakaj lak uj tzalij la aninaq ?
ru mal rech cheri makaj man kʼo tauko wi nem pi wi ʼ ri ix : ri ix manix kʼo tachi chuxe ʼ ri pixa bʼ, xane ix kʼo chu xe ʼ ri sipa nik .
nim raqan le che ʼ.
x inchapo .
are let u ʼ rle loq ʼo manel .
xaskat kʼoji ʼ chiupam ri ch ʼich ʼ.
si bʼalaj nim raqan ri kʼamal bʼe.
letz ʼi bʼa bʼal we chi n.
in xin to ʼw la .
xaje kʼu ri ʼ ri ix kamik ri ʼ mani xka xlan winaq tachik ; ri ix, ix rech ri ki tini mit ri et yo xlaj taq winaq , ix rech ri ra choch ri dyos .
xin tiko xlaj kʼali chaj.
kaqa ri q qi bʼ chwe ʼ q .
si bʼalaj utz cheri wi ʼaj ri tuney .
we na jupulik taxe q ajik . . .
x into ʼ taj cheri nu chak.
kʼo jun chikopu bʼi ʼ pu m .
poqon ri ik.
xoj bʼinik .
xuch ʼek ro nojel le reta ma nik xpaqi ʼ k kʼax kwʼi nik xu bʼanaj kun .
ke lu bʼik pari jude ʼ a ek tzalij chiu bʼij u mul pari galile ʼa .
xina xi bʼij pa bʼe.
je ʼl kʼo lem chi awa choch .
ro nojel ri ya ʼ tal il pa we q ʼataj , tz ʼaqat ki wach , mank tza q tak anoq xuquje ʼ mank tas taj .
xuku naj le ya wa bʼ le aj q ʼij .
chi tata bʼej jas le kim bʼij .
chʼanal ria chi .
pa bʼoko ʼ kachakun wiri tax.
uj kʼo pa u wuq q ʼij .
ki ʼ ri uka bʼ riaqaj .
kʼo ra chalalpa tz ʼo loj che ʼripe ʼl .
xki lo chikin kʼo xomaj .
ri u kisa kʼutz kya ʼik chiu xe ʼ ri tiko ʼ n.
aretaq chi ʼkaq ʼan pu wi ʼ ri juku bʼ, ria chi chex kʼoji ʼ ri itzel ux la bʼal ru kʼ, ku tach rech ri are ʼ, arechk kʼoji ʼ ru kʼ ri are ʼ.
na kabʼan taj ta wu mal .
x na ʼ taj chkexe atinik .
xinpaj ri nut ri ko .
xe ʼ ok ri po kʼ pari u mexaripo ʼ x.
ka juluw ri aq ʼa ʼ l chiu xe ʼ ri tʼu ʼ y.
a wech le ja .
xuj bʼe patzurik .
na bʼexa to pa nik .
ri uka bʼ u bʼi ʼ ri numam are ya y.
uwaj xaq uka kʼal taqanik (28).
ma tak ʼo jun kakanaj kanoq , qo nojel koj bʼe k.
e nima ʼ q lea ltoma bʼ .
nim u wach ripo ʼ t.
kojo nik pari utzij wa ixim u lew .
jas xu kʼam bʼi letz ʼi ʼ xa wilo ?
xinpe tik, tat .
ri bʼelaj u wach .
chi tata bʼej jas ri kim bʼij .
je ʼ l kuna ʼ ria bʼix chiupam ri ququ lew .
kin bʼisoj u wach le wal .
xu tʼuyu bʼa ʼ.
nim ria we qe le ʼ nxa riqo .
xine ʼ wa ʼo q .
chi ʼ ke warwi lea kʼala bʼ .
ri numi ʼal xu taq loq jun taqo ʼm wuj chi we .
q ʼe ʼlik, ri chajpa ri bʼe.
lautza wach ? - utz mal tyo x , e kʼu ria t? – utz malty ox .
xin kos ru mal nu chak.
kbʼe ku kʼ rie ʼ are ʼ ek tzalij parinas arete ke ʼu nimaj .
ri joj xu kʼam bʼik ria kʼ.
kʼo chi wachi ʼl chanim .
ku bʼij chech na ʼ l kabʼan cheri atz ʼi bʼ .
e. . . in kawajka tzjoj bʼila chwe.
mat axin yaj le ali .
jachin ru kʼkat bʼe wi ?
kʼosi bʼalaj eta ʼ ma bʼal pa ri maya bʼ no ʼji bʼal .
eman xori jupu q ke j.
kas u mum ri kaqi q ʼ.
e kʼokaji bʼa kʼala bʼ pa le bʼe.
je ʼ jas ri u tat kka ʼ yik .
xaqat molo nel tzij tal .
le nu tat ka loq ʼon chwe.
xaq tane kim bʼei wu kʼ .
xreta ʼ majuch ʼajik .
ru mal la ʼ xkoj “ xal q ʼat ” cheu bʼi ʼ ri komon .
are le u kemik pas x reta ʼmaj .
ri wa ti ʼt ku bʼan na ri u patan .
kʼa kʼle po ʼ t.
reta ʼm u wach jachin x loq ʼow ri pas .
kench ʼa bʼej lea kʼala bʼ .
ya ʼ tal chaq eqo nojel ri uj winaq utz ka qilqi bʼ .
xkoti ʼ paq ʼayes xoq ʼik .
ka winaq bʼe leje bʼ q ʼataj .
e kʼokaji bʼral ri imul , jun saq, jun q ʼan, jun q ʼe q , jun q ʼe qoj , si bʼalaj ketz ʼa nik, kech ʼopi nik ri alaj taq imul .
k cholol ria cha chal.
kete kik ri ikʼ.
xepe tik rechkewa ʼi wu kʼ .
tzatz ri uq ʼa nil ri akʼ.
xoj tzalij ik xi xe ʼ qaq ʼat uj ku kʼ le ita tina n.
ri yo ʼ x taqa kʼala bʼ ke ki kʼux ri atz ʼya q .
we achi we xusipaj jun po ʼt chwe x kamik .
kko win ri ku na nel cheku na nik .
xjiq ʼ paripo low .
xa ru mal si bʼalaj raj awa xik le loq ʼalaj ja ʼ, le winaq xki bʼij : chewei kʼ ri ʼ q onojel kuj bʼe cheu tikik taq che ʼ.
ri u na ne rie ra chalal kepe u loq ru kʼ ri are ʼ, kʼate kʼu ri ʼ, man ke ko win taj keqi bʼ u ko q ru kʼ, ru mal rech chee kʼosi bʼalaj winaq .
ru mal rech , che man kʼo tajun kko win cheu kojik junti ki bʼalil chikchu wach ri kojom chik che are ri jesusk risto .
te kʼu ri ʼ xutz ʼi bʼaj ri bʼ pari nimalaj tijo bʼal rech aj ku ʼ n.
kajul u wrich ʼu mil chaq ʼa bʼ .
kʼis bʼal kanoq , xoquje ʼk kam ri ixoq .
lea la xokik .
kʼo p waq pa u wi ʼ ri mexa.
areka waj nakin ʼe taj .
ri ya wal ku koj ri ali chiu xe ʼ ri cha kachareu su ʼ t.
nakaqa kʼam tu ʼ bʼi kamik .
ri ajtij ku bʼij chike : raj awa xik keqa chajij ri awaj , are u tiko ʼ n ri aj aw .
xintij mukuni wir.
kʼax leu wi ʼ taq le nuq ʼa bʼ .
xin loq ʼjun il bʼal wi bʼ .
wa ʼ we q ʼij , nim u bʼantajik .
ri u xe ʼal riqa tina mit man kasach taj .
xoj bʼinik .
ria chalal junam ki wach .
x inweta ʼmaj ri lik wi bʼ .
nim ri u na ʼoj waj tij .
mi q ʼin ri kʼul .
aj q ʼo jom ri ate ʼk.
chelesa nik che ʼk bʼan wiri q ʼo jom .
kape le awel pana wal ja ʼ.
ri me sonel tajink chaku nik .
utz chaqe kaqa to ʼ q i bʼ, taq kʼo kʼax kʼoli l, kate we chi ʼ n ri aj awpaqa wi ʼ.
xa wi lo, x q ʼatan le ibʼoy.
xa tko winik xa bʼano .
ki ʼ ri kʼawe x.
kajil il ri bʼe.
le ali xel bʼik .
are ʼ x raj xin bʼano .
nim we abʼaj .
je ʼ lik uti ʼ jolal ri saq ko ʼ r.
noj inaq ri ke j.
we katijan xux man katuto ʼ ta chiuq ʼati xik le kʼa kʼya bʼil coro na virus ( 2019- ncov).
na nim ta raqan wa ʼwe che ʼ.
utzalaj ajchak, ri we l.
¿jam pa ʼ kuj bʼe pa nimaq ʼij ?
raj awa xik tane la ʼkat chakun wu kʼ .
xu taq chi ʼj pa warampu lew .
manareta ri axwan xe lik .
ria wi x xu loq ʼra choch re nimal .
are ri i xoq xin sik ʼin u loq .
ri chʼima kʼat ʼon na .
lax i bʼan le ichak ?
kʼi tina mite kʼopach ʼo ʼ j.
kʼo jupuq chij chiu xe ʼ ri che ʼ.
ri u xaq ria bʼix are u wari ke j.
ka winaq q ʼataj.
lak ixpe patijo bʼal ?
we ke chaji x taq le kʼ wa jachakin bʼij ; juna lik kʼo ja ʼ xuquje ʼ si bʼalaj saq loloj .
xreta ʼmaj .
ri ala bʼom ri al ito ma bʼ tajin kiki tijoj ki bʼ rech su taq , areka kajkiki bʼan nimaqa chija bʼ chupam ri kikʼas le mal, xuquje kʼo chik jupuq bʼixo nel chupam ri komon .
latz ʼu wach ri bʼe.
kʼa kʼ ria ch ʼich ʼ.
qo nojel uj , uj maya bʼ taq winaq .
nojel q ʼij ri ati ʼ x kuyu q ʼuj le taq awaj jela ʼ pa nik ʼaj ja ʼ, chirij ri juyu bʼ u bʼi ʼte na ʼ.
paq ʼom chik ri si ʼ.
kin tzukun chela .
kaki tij le kinaq ʼ, le ich aj, le u wa ʼ lik ru kʼlej .
xekan ajkan le ajchaki bʼ .
ke tikon ria chi ja bʼ .
si bʼalaj itzel u bʼantajik ri ch ʼil akan .
ri ate ʼ kxu mal tyo xij cheri rati ʼ t, ru mal ri utzalaj no ʼ ji bʼal xu kʼut chech .
k kamul i xuchak ria bʼi x.
la xin u tzukuj le tijo xel ?
are ʼ kachakun ro nojel q ʼij .
le e kʼa ʼ na taq tz ʼi ʼ.
saq rij ri plam ux .
jas xaq ʼi ʼox atijo .
jas ru kʼ x kichap wi u tijik le ri kil ?
we ka tat in ru kʼ kʼatanja ʼ man kuq ʼatej ta le kʼa kʼ ya bʼil corona virus .
lak at bʼin pa le u xlan bʼal ?
lawa ral kʼuxi x wa ʼwi ?
are le nu tat kin loq ʼo nik .
tajink chakun ri ala .
kʼo ri ki ʼ kote mala wu kʼ .
xutaj achinka ʼ ek .
xatwa ʼik xin wilo .
x tza q ri ra choch ru mal ri ja bʼ .
pa le junik ʼ chik are nimaq ʼij .
e ke bʼäm ke bʼin pa u wi ʼ ri tem .
mem ria chi .
ri wikan chali ʼ yke l pa juyu bʼ ch wi tziri bʼal .
le rajil , lapaj axe laq ʼax wu ʼ bʼik ?
pari su ʼt pisom wiri lej .
kojpe tik kolqa kʼama ʼ.
tajin kat ch ʼopin chiu wach ri taq ʼaj .
leq ʼorx chʼuq ik .
kʼax wa ʼima wu mal .
kin bʼison che le wal .
si bʼalaj kʼo kʼ ri awa tz ʼya q .
kamik xuj bʼe cheuti kik taq che ʼ pari juyu bʼ .
kin u loq ʼoj le nu tat .
chaqi ʼ jchik ri chaj.
x y ili xhawa yi .
na x na ʼ taj tachke chi xe atinik .
ru kʼ kʼuwa ʼ weri ʼ, ri ixk kʼoji ʼ jun utzalaj i kʼas le mal ri ʼ ch ki wach ri winaq chemane kʼo taiw u kʼ, kʼate kʼu ri ʼ man kʼo tajun winaq ri ʼ raj awa xik chi wech .
epe tina q pa bʼe le ra chala xik .
kakaj lea kʼala bʼ ke wa ʼik .
xuj ch ʼay bʼik .
ri nuchak are q ʼa xel tzij .
kʼo na ru x la bʼ ri awaj .
tajin ke lloq, ri q ʼij .
xuq ʼi ʼo xkam sax ri ra chalal choch .
ri numam are kʼo uq ʼi nomal .
x kʼul ma taj ju mul , xu bʼan jun nimalaj ja bʼ, man x bʼeye taj tana xu kʼis le uyuq ʼ chike.
ama ʼ ri nutz ʼi ʼ.
jewa ʼkat pe tik .
xinko sik ru mal xin chaku nik
i wech chi jujun al, ri wa .
xuq ʼi ʼo na xatat in taj .
in ri q tajin aq pari kʼayi bʼal .
na weta ʼm taj .
kʼax le nuq ʼa bʼ .
utz le xu bʼij lea chi.
ke matz ʼi bʼ .
kʼo ra chalalpa tz ʼo loj che ʼripe ʼl .
ro nojel wa ʼ we jas taq ri ʼ, xask sach wi u wach wa ʼ ; ru kʼ weri ʼ, ri ix, raj awa xik che kʼo jun tyo xlaji kʼas le mal ek kʼoji ʼ ri ich ʼa wem ru kʼ ri dyos,
xm uq taj ri pa tz ʼan .
rich ʼich ʼ tzijom kanoq pari u kʼol bʼal .
man kʼo ta u cholaj pataq ria wuj .
ja chike ik ʼle u nimaq ʼij le tina mit na wal ja ʼ ?
xepe tik xol ki kʼama ʼ.
ka chuq ʼchut ri ja ʼ chiapam .
x in bʼiji wir chi xe bʼe pa armita .
are ʼ u xe ʼojer tzij waral kʼi che ʼu bʼi ʼ.
x kʼis ri nusi ʼ.
jawi xki bʼij wi chike ʼe wi ?
¡ xaje kʼu ri ʼ, jachin taq rie kʼo pari jude ʼa, chi cha nim che ʼa nimaj u bʼi pataq ri juyu bʼ,
kʼa kʼ ria bʼ .
lak ʼo jun naka kʼoxo maj taj ?
na utz tal eut ʼis om le al mari y.
man ya ʼ tal taj chia we katok paja .
je ʼ, xa tutzukuj .
are kel waj xaqi bʼ u q ʼij ri x kʼojik .
ri xunkurk kʼoji ʼ pataq ri t ri ko .
xin sachik.
xu tʼuyu bʼa ʼ
na nutom tal e tzij …
wach ʼom ri kiwari no ʼ s.
e kʼojo bʼ ch ʼil wa kʼ.
raja wi xik chi pataq ri tijo bʼal, pa nik ʼaj u bʼi xik chik
ri raj awru lew are ʼ tatkel .
we kʼu xokik, we kʼ na xok ta
we achi xusipaj jun p ʼot chwe.
a tat u taqo ʼ n leq ʼatal tzij .
naq ʼanta u wach leqap rut .
ri xa ʼ r kʼo pa u wi ʼ ri q ʼaq ʼ kpo q ʼo wik.
ri ro q ʼej ri ali jachak pe juna kʼal .
kʼo jun alapa tijo bʼal .
säq u wi ʼ ri tata ʼ.
ri wi tzik ʼ tajinkpe loq .
ja wixsa chon wikan uya ʼik lep waq che.
utz we achi we xin kuna nik .
qo nojel kuj wa ʼ pa u wi ʼ ri mexa .
ri kax la ʼ nik man poqon taj .
inxin bʼe ru kʼ ri wachi ʼl .
si bʼalaj je ʼ l xki lo xe kitzoqopij ri kichij chila ʼ.
kin bʼinik x in ʼe k.
kʼax kʼolik, kacha ʼ.
ku tiji xim ri ak ʼ.
ri al ix chel, xuq ʼi ʼo xajuna kʼ xsipa x che.
xqasi kʼij le i xoq chu tzakik su bʼ .
ma taxa bʼinsaj lech ʼich ʼ.
rip ix tz ʼara lik ru mal rieqa ʼ n.
¿jam pa ʼ kel chi 3%
kʼo jun nu kʼo toj chi ʼaj .
tajin ke wa ʼkat ri ala bʼom .
x in loq ʼ le nuk ʼa kʼapo ʼ t.
na utza kik tas u bʼ tajin ku ʼ ano
xoj u taq chi ʼij xoj wa ʼik .
i wech ria bʼi x.
saq rij ri chij.
aj sik cheri tina mit kel wiri tata ʼ.
- ¡a y! x axin tzaqu loq ,kʼax we waqan .
x kʼul ma taj pa jun komon chi ʼ u wach jun juyu bʼ, xuriqa jun q ʼij xki ri q ki bʼ juni mul ru kʼlek ok .
jas xa taq chi ʼj lea kʼal chu tijik ?
xin chapo suxuloq ʼo .
q ʼi nom ria chi .
ri kʼum ktijo w ru kʼ ka bʼ .
tajin kejach ʼa nik .
tze bʼal u kemik le pasa wu mal .
areka yo ʼ w leu chikopil le u bʼantajik try pa nosom ab ru cei .
we kat nima nik utz ke lik .
perono ʼji mal pet naq loq, .
are le nuchak jun tz uq bʼal wi bʼ .
xku na x ley awa bʼ ru mal le aj q ʼij .
ri u kʼu ʼ x tz ʼi bʼ pa qatzijelaj uj .
si bʼalaj je ʼ lik rieqa bʼal xu bʼan ri lu ʼ s.
si bʼalaj atkon .
eman xori jupu q ke j.
na x na ʼ taj tachke xe atinik .
ri kʼamal bʼe xu bʼij chike, chi maj a ria nim .
jum uch ʼri nu juna bʼ .
q ʼip taj inaq ri raqan ri tem .
kchakun ru kʼ ri jos bʼal che ʼ ri aja nel .
xa taq chi ʼj lea kʼal chu tijik ka r.
oj kʼo pa le ro ʼ ch le awel .
¿ lak at pe q u kʼ chwe ʼ q ?
le winaq pa lech ʼich ʼe tʼuyu llo wi.
xkanaj kanoq chiu xe ʼ ri ja bʼ ri ch ʼa ʼ n.
nim ri ja .
we taxak u naj lea tat ma tax kam la ʼ.
na nu kʼam om tu ʼla ri ʼ.
chqanu kʼu ʼ ri qatzij .
kim bʼe pa le tina mit .
x in q ʼi ʼo na xina tin taj .
raj awa xik ka kʼaman chawe le u tijik le lej .
kʼis bʼal taq no ʼji bʼal .
