xin e ʼ wa ʼoq .
x kibʼan kʼax che leu wosaq r umal man utz tachi kakayik .
riq ʼutu ʼm man kech ta le akʼala bʼ .
are na nim ta le atz ʼi ʼ chu wach len utz ʼi ʼ .
xe p etik xol kila ʼ .
¿jawchi ʼ xata ʼ che xkam ri u mam r ipo ʼx ?
e kebʼ kekʼam bʼik p at uj .
xin loq ʼjun jap ari w okaj ja .
ri ax tu ʼbʼ , kʼo qulaj chech .
jas karaj kaʼan chu tzakik le ti ʼij .
xu tij lewa .
xim bʼal re tzij .
x p a x ribʼo ʼj .
we kawaj katinto ʼo xaqxu wi kabʼij chi we .
jas nu kʼuku ch ʼo bʼo .
jas karaj ku tijo ?
xex r u xla bʼ ri rik il .
enitz ʼa ʼ q le taqimu l .
we tane inx in bʼano w ik , are le ate ʼk x bʼano w ik .
kin tzalij p a le nu tina mit .
ri nu chaq ʼ kʼop a u ro ʼ q ʼatoj tijonik p ari tijo bʼal .
xin xi ʼj wi bʼ xin ch ʼaw ik .
kʼoch wa ro ʼch le pare .
chi raqan kabʼin wiri tata ʼ .
x sachon kanu ya ʼik le p waq che choja .
xin q ʼax chi kixo ʼl ri win aq .
ke tikonik .
ri u lew man q ech taj , kech ri qati ʼt qamam .
xepe le win aq xol kikʼama ʼ .
xu loq ʼri w uj r umal ri ali .
che we q ʼij kamik kʼojun nu tzijo nem chirij le nu tina mit .
kej ri ʼ .
x kunan alaq ch we .
kin u sik ʼij le nu nan .
ri imul xu ch ʼij taj , x kanaj pa bʼe, r umal ri nimal ku jal uj ri imul, xu tz aqri a nim .
kubʼan ri u xoq ʼo ʼl ri aj tz ʼaq .
ri la si bʼalaj utz che kuna bʼal .
kʼi kiwach rie ʼ ajchaki bʼ p ari komonty ox , kʼatek ʼutxa jun chi ajawx el ;
x qatachi xa tulik .
kawaj chi katʼek .
ch ʼuti ʼ n kekanaj ri xa ja bʼ chech .
kaqa xi ʼj q ibʼ kaqachapo .
e kʼo kebʼ u kʼajol le tatx wan .
lu ʼ su bʼi ʼ ri rech am .
aj chi u wi ʼ miq ʼin ja ʼ r ilu ʼ .
xin ya kan le nu chimpa kʼay bʼal .
kʼatex r ilo, x pe ri unan che utzukuxik , x kikot ik , xu sala bʼisaj ri taqu x kin .
x kikʼut chi u wach ri aj tij xuquje ʼ chi kiwach ri taqnik ʼaj kach il .
utz le nu q ʼabʼ .
ku l le al we ʼl p a a ustin chaq ʼabʼ kamik .
ri ate ʼ k x tz aq loq arechi kʼop a u wi ʼ riq ʼa ʼm .
aj p atan ri te ʼ k .
xat qaj chiupam ri il .
la kʼotzij na kik ʼox omaj taj ?
x sachon chke chi xe atin ik .
ro nojel leu lew ech alaq .
la xebʼe kʼula xe ʼ kijaq akʼu leu chi ʼja ?
xaq kat ch ʼok naj iwi r .
kamik kʼochiri jast aq a we .
arechi ʼ kakʼis ri juna bʼ kʼoq ʼinom .
p a nawal ja ʼ xina lex ik .
na xin tat aj we are ri akʼal kix tzuqu w ik .
¡ r u lew ri sa bʼ u lone r u lew ri nef tali, u bʼe ripolo w , r u lew rij ordan, gali le ʼ ak ech ri je taq amaq ʼ !
rax , rax , rax , kʼokʼ , kʼokʼ , kʼokʼ le ru xla bʼ le taq tiko ʼn .
achi xat wilo .
paqal rajil le p ix kamik .
x oj bʼin ik .
p a jun je ʼl tijo bʼal ku tijoj ri bʼ jun akʼal , u bʼi ʼ po ʼx , u tzkurilo ke p a tijo bʼal ro nojel taq q ʼij .
x waj chi xat ʼe taj .
utz la ʼ le xu bʼij le achi.
weta ʼam jachin kap etik .
kin q ʼojoman ik .
xin q ʼi ʼo takʼali kxin p etik .
are ʼ reta ʼm che kino pan ik .
areta bʼal eqa qajaw cha t to ʼw ik .
kawin aq waqi bʼ q ʼat aj .
na qaj chik cheri u waq kaj bʼal are taq chi ʼ ksach u wach riq ʼij , k ok riq ʼeq u ʼm chu wachu lew , chi kʼate ʼ na ri bʼeleje bʼ kaj bʼal .
jo bʼ raqan ri tz ʼalam xe porox ik .
si bʼalaj ko rij ri mop .
arewa ʼ .
jela ʼ p ari ti minit ch wikab y ok rech xe laju ʼ , le qanan qatat kakitikoje ʼ lalaj taq u wach ich aj .
kʼax nuqu l .
xu ʼ luk ʼama ʼ .
koj u l kitzukuj .
are man kʼax tau kunaxik are taqanin aq ka ʼil it aj we ya bʼil al xuquje ʼ mojo ʼ qaku ya ʼ le kʼax kʼol il chech le jolom aj .
ri wel kʼop at ijon ik .
kawaj kin bʼij .
ri kotz ʼi ʼj k qa koj chiupam ri ja .
q ʼeq q ʼoj ri j r iama ʼkej .
na x waj taj xin ch ʼaw ik .
ch peta bʼal e loq ʼalaj ja bʼ .
x sachon ch ke xat kisik ʼij .
e leq ʼal ch ʼich ʼ .
jachin xa wilo chi are x tijo w ri ti ʼj ?
mat aka bʼe le nu x bʼal p a le tina mit .
pim r uq , ri ali .
¿ kʼo ri muq ʼe chi awech ?
k qa bʼij man kekowin taj .
kin tij na .
kʼojun qa tʼu ʼ y paja !
kʼo puj chiupam ri ch ʼa ʼ k .
aret aq kin kosik kin wari k .
xatwa ʼik xin wilo
in xin ch ʼayow lea chi .
ko nojel ri ala xikke ʼ etz ʼan ik .
jas ruk ʼ x kitij wile kirik il ?
anin aq il kat p etik .
narax tau wach le juyu bʼ .
ri tz ʼalam tz ʼibʼa bʼal rax k kayik .
we cha t chakunik , kʼo awa .
ma ʼt am xat pe cheri wa ʼim .
kamul kin wa ʼ na .
ri sik il k tijo w ruk ʼik .
kim bʼe aq ʼan ruk ʼ le al talin .
x oj ʼ e k xe ʼ q il alar qasok .
xe kiq ʼil le ajchaki bʼ xkiw ok leja .
mat anex waj le kʼuhj nem ruk ʼle ate ʼk .
are xe ʼopan chiuchi ʼ ri juyu bʼ , x kilo chi man qas tak ʼoq ʼayes .
kʼatek ʼut , ri jesus man k kojon tach kech rie ʼ are ʼ , r umal rech cheko nojel reta ʼm kiwach ,
p a ʼ tz rij ri tz ʼi ʼ .
juwin aq waqi bʼ q ʼat aj .
atel aq ʼom .
xaqat jo ʼs .
ri q ʼatz u, are q ʼalaj ri uq ʼij il .
ajchak we ala .
u bʼelej u kakʼal taqanik (29) .
kebʼ nu bʼi ʼ kʼolik .
la katzalij lu ʼ la anin aq ?
katzukun la ch we .
lakaj la koj bʼe ʼ p a le chomal ch we ʼ q ?
xin na bʼej chu ta sik qa kʼoli bʼal .
lal xinto ʼw ik .
si bʼalaj ano ʼji bʼal .
xoj p etik xol qa kʼama ʼ .
si bʼalaj je ʼ lik ri u wa ʼl ri ichaj .
kʼax wij r umal in p acha lik .
are taqxu kʼu lmaj wa ʼ xu l ri u chomanik xu bʼij : are utz wa aq ʼabʼ kin walij ik , are cha ʼ cha nim kin opan p a tijo bʼal , maj chi kin kʼu lmaj .
o jaj xo jo lo bʼ p a awasq ʼij .
xin sach che leu w okik le tzij .
e julajuj ri akʼ .
xuta jam p a ʼ koj ʼ ek .
q ilik .
ri tijo xel man areta nim chu wach ri raj tij . ri utz tijo xel qas jeri ʼ kʼolik jas ri rajt ij .
in x atin ch ʼayo .
no ʼjim chak w umal .
ch ʼu r ri jo ch ʼ .
in kin bʼij na kat sach taj .
uj maya bʼ .
ri abʼaj ya tzalik .
tajin kepix bʼax ri akʼala bʼ .
chom ri aq .
xin wa rik .
e lemen ko nojel ri akʼala bʼ .
tajin k q ʼan ar ik ri we re ʼaj .
leu kemik lepas utz (cha we ).
xuyu pu bʼa u wach ra ʼ chi, kacha ʼ , .
ri satanas k ok p ari judas rik bʼix iskari ʼo tech rech , ri are ʼ jun ch kixo ʼl rie kabʼ lajuj .
chu chu ri par .
kinqumuj ri nu jo ch ʼ .
chech punción lumbar amaq ʼel rajawa xik chech ri lik leu kʼex bʼem wile na bʼe ruk ʼleu kabʼ u kʼutunem leya bʼil al .
q ʼalaj chi na kawaj taj kabʼij .
kʼo q ʼol chirij ri si ʼ .
jawi xoj ʼewi chu loq ʼik ?
kʼou loch ʼri t al in .
q ʼan rij ri ati ʼ tnukej .
lax tzalij la iwi r ?
xe si kʼix ik , kʼatek ʼuri ʼ xe ya jik , xuquje ʼ xetaq bʼi cheu sik ʼik lemes .
lakix wari k ?
are kʼule p a lo max xu bʼij che: - mam kat bʼison taj , kin si kʼij nik ʼaj wachi ʼl kerapapik .
a ʼ reet ijox ela bʼ .
ri alaj ali si ʼl xu bʼij x qa chapp a utz al ri ty ox .
x sachon chke jachin xe atin ik .
jas xu rayij le anan xu tijo ?
xin kosik .
rax ro nojel riq ʼayes r umal le ja bʼ .
kin ya wa ʼ wech ʼich ʼ p in em nau tz .
no ʼjim u p ach ʼu xik le nu wi ʼ .
naj kʼowi lew o ʼch chu wach le tijo bʼal .
ri okibʼal kʼochi u wach ri saq ja .
xe nu taq ch ʼij kek il le akʼala bʼ .
kʼojun q ʼo xow em chi we .
tzari cho ʼm .
we choj bʼep a le nimaq ʼij , keq il le aj xojo lo bʼ .
x oj ʼ e k xe ʼ q il alar qasok .
ri ate ʼ k xuta ʼ chech ri na nto ʼn : - nan jas che ʼ chi man kaj tal aq akʼat isaj ri jo ʼ q .
ri pal si bʼalaj xu ʼ y .
kin koj ri jok bʼal u lew .
in kin bʼij na kat sach taj
at raj kun le nu na n .
ku qamujuj oron ri aj tzij .
lu ʼ tz ʼalam u bʼi ʼ ri achikel p a nim che ʼ .
je ʼ liku ti ʼjol al ri saq ko ʼr .
kʼojun xa ʼ r paja .
xin loq ʼjun kʼakʼ p atan .
kʼax u kemik le p a saw umal .
anin aq u kemik le pasa w umal
ri ch ʼa ʼn sachin aq p ataq abʼix .
rax taq le kotz ʼi ʼj .
me som kanoq ri u pam ja .
man areta r ala x kosik .
ri komon xe chpuprech uq ʼabʼ tina mit xo ʼla bʼ aj rech q ʼu markaj .
lautz akik kʼu su bʼ tajin ku ʼano ?
kat ela !
na xu tij taj .
xar umal keta ʼm ko nojel ri win aq k kiqumuj le ja ʼ .
iwirx uj tzalij la p a kʼay bʼal .
q eta ʼm cheri qawaku juto ʼo .
ri aj tij , k ya jon chikech ri akʼala bʼ .
jas u bʼanom le nu ch ʼuti tat ?
ch we ʼ q kin bʼep a nim tina mit .
utz we kiweta ʼmaj jasku bʼij ri chol bʼal q ʼij .
tajin kat j ilo w che uq ʼoxom jolom aj .
xin tik q ʼax chiu wach ri ja .
kʼax le kibʼe le win aq .
loq ʼ kat kun taj che le ya bʼil (covid -19).
ri nu xibʼal kel paqaj bʼal q ʼij .
x r il ri ax wan chi x wa ʼ ri ala .
le alix kun at ajik .
weta kapeleja bʼ kamik .
xin weta ʼ maj china xa t pe taj .
ri p waq rech we q ʼat aj ri ʼ kesax chech ri toj bʼal kʼayin em .
k tij ri u wa ʼlik r umal ri kinimaq ʼij .
xu chapu kunaxik .
cha tan loq ali .
xin xu li ʼ qaj oq .
je ʼ lik k tijo w ri taqik ox .
kʼatek ʼuri le tat xo ʼr xu bʼij , man kawaj taj , man kawaj taj .
kʼojun tz ʼi ʼ p a bʼe .
kamul xin pe che atzukuxik .
man tajin takin chakunik .
kin chakunik rechkat wa ʼik .
jas ruk ʼ xa wil wichi xkiqu pij wile ti ʼj .
jasu bʼixik …?
ko q ʼri akʼal .
kawaj na katʼ e taj .
xat q ʼajik .
w em na cha loq ʼax iy al, na kim bʼe taaw u kʼ .
x opan lew ujaw uk ʼ r umal wech in .
are kʼut p a le juyu bʼ k kʼiy jo ro n, chila ʼ xe kikʼam awir ija ʼri win aq .
ko q ʼri akʼal .
we kʼo arajil cha kʼamal oq .
are si bʼalaj kaq le apo ʼt chu wach le nu po ʼt .
xin kʼas taj p aka bʼ lajuj kaj bʼal .
kaqoy ʼej na kix p et aj .
ko kaxim ri chi j xa jela ʼman kanimaj ta bʼ ik .
rik ok nojim x bʼe k , xu ch ʼijox opan p a u kʼis bʼal il lea nim .
x oj ki ʼ kot ik aret aqxat ulik .
kaq itz ʼ naj ri u xa ja bʼ ri akʼal .
ri jesusk wa ʼkat p ari nim rachoch ri dyos, chu xe ʼ ri jun jache rachoch ri salomon .
we taqanik ri ʼ ku bʼij chi rajawa xikk ya ʼ uq ʼij ri win aq xuquje ʼ k to ʼ anin aq il .
ri a xu xa rena ri ukunel ri kin aq ʼ .
are taqwa ʼ ri uq ʼijol we taqanik .
kʼojun ta bʼal p a u wi ʼ rix kanu l u bʼi ʼ lajuj no ʼj .
yu ʼlu bʼanom ri u kolo bʼ ri kej .
xa nima j ri akʼal chiu wach ri u chu ch .
k kunan ri achi.
kin wa ʼik rech na kin yowaj taj .
aj xik ch ʼich ʼri lu ʼ s .
k waj che ix kix bʼano w ik .
a ʼ re xeto ʼwal aq .
x oj ʼ e k xe ʼ q il alar qasok .
xin loq ʼjun ch ʼich ʼ , qajin aqu wach .
ku tʼisri p a nt alon .
e janip a le awal k ʼwa le kʼolik ?
utz u kemik le pas cha we .
rimax are aj q ʼani ya ʼ .
mat a bʼ achiri q kʼaxp a le bʼe .
tajin kanimaj , ri me ʼ s .
ixi xe ʼ la q ʼoma bʼ !
x sachanch we .
e kʼokʼi che ʼ , chi u wach ri juyu bʼ .
arewa ʼ ri nimalaj p ixa bʼe arewa ʼ ri na bʼe .
x reta ʼmaj chi ruk ʼ p ak ʼ kutij wi
jas utz akik le su bʼ xu ʼano ?
aj xo ʼ y ri wikan .
wet anea ʼ re xe tijo w le rik il, are le komon xe tijo w ik .
si bʼalaj anin aq kach ʼaw le are ʼ chi nu wach in .
utz we kinchakuj .
me ʼ sla ʼ .
kʼo kanwa rech kaq atijo .
xin sik ʼij la .
ri akʼal x sach kanoq jela ʼ p ataq ʼaj .
xesik ʼij la .
jawi x kibʼij wi chike ʼe wi ?
r umal che, man ix ta ri ʼ ri kix ch ʼaw ik , are ri r u xla bʼa xel ri i tat ri ʼ rik ch ʼaw na iw uk ʼri ix .
kʼakʼ ri wachoch .
si bʼalaj utz kin wille atz ʼ yaq rech na huala .
saq por k kay ri kipo ʼ t ri nan .
x sachon ri nu chak ch we .
wa ʼim xu chapo .
ri q ʼaq ʼ tajin kajulu w ik .
najil u pam ri siwan .
e kʼo ri qachal al p a chi u wi ʼ la .
jas xat aq chi ʼj le akʼal chu tijik ?
no ʼjim u kemik le p a saw umal .
kʼojun kuk u bʼi ʼ tintin, wa ʼ lelaj ku kmam kaj eq it aj , kap aq ik axulik p a u wi ʼ uq ʼabʼ taq che ʼ , si bʼalaj sak ʼaj , ke ʼu to lee nima ʼ q , ch ʼutin, rachi ʼl , aj sipan el si bʼalaj utz ra nima ʼ .
ri u p ixa bʼ leq ʼat bʼal tzij kiya ʼu bʼixik .
na x sachonta chke xe atin ik .
xeq il le chi kopp u wile ja .
x lo ʼ taj ri akʼal .
qo nojel kuj wa ʼ p a u wi ʼ ri me xa .
x sik irle wa qan .
la xat wa ʼ kʼut ?
nimu bʼaq ʼri t ulu l .
kin x ik ʼik ʼik xin q ʼaxik .
lakat bʼep a le tina mit ?
ri pal si bʼalaj saq ʼor .
k q ʼo xow nu jalom .
xin na ʼochi kat p etik .
x loq ʼu lewi we chi x .
xin chakun ruk ʼri numam .
na x qa bʼant aj .
k kʼoji ʼ bʼa ʼ ri u sipanik ri ajaw x el jesusk ri sto ruk ʼri aw u xla bʼal !
kin ch ʼaw ruk ʼle nunan p a lech ʼa we bʼal .
si bʼalaj q ʼeq u ʼm r umal ri mayu l .
are le ba xu lik .
xe kos le ix oqi bʼ p a le bʼe .
kʼax ri lik le akʼal cha we .
xin q ʼi ʼ oxin atin p a joron .
si bʼalaj nim le tina mit .
kʼax u kemik le p a saw umal .
xin sachik .
tajin kel u kikʼel p a raqan ri tz ʼi ʼ .
xin weta ʼmaj ri lik wibʼ
ri q ʼuq ʼ are jun je ʼl chik op.
kʼop a jatijo bʼal ri wikaq ʼ .
ri sachi bʼal mak rajwa xik chi qa xo ʼl .
je ʼ , kim bʼe k .
jela le ʼ ri nu p wi ʼ .
xu bʼij che: - jas xa bʼano tint in ?
kabʼan jun toq ʼobʼ kyak ri nu jal .
kat ʼek xin ta .
jas leu kʼex bʼem ri bʼ le jun ruk ʼ le jun chik ?
aj chi u wi ʼ miq ʼin ja ʼ r ilu ʼ .
ri tijon el naj k p ewi .
te ʼ kix cho bʼ u bʼi ʼ ri nu tat .
r ija ʼkamiq ʼik chi u wach riq ʼaq ʼ .
ri tʼu ʼ yk paq ʼo w ik .
kin meson na .
na qaj at kʼowi chi wech .
xin bʼisonik taq na xat p et taj .
we xkam ri win aq , ri p waq rech toj bʼal makaj k ya ʼ chikech ri r ala xik .
ri nunan x bʼe p a kʼay bʼal .
xoju kʼam u loq rech koj r ilo
x kʼoto chin chi kiwach chi kin wa ʼaw uk ʼ .
na x kikamsaj taj x kikʼam bʼi choja .
kʼakʼ ri ikʼ kamik .
xim bʼe ruk ʼ le aj kun iwi r .
ri lik .
le tz ʼi ʼ xe kosik .
xin kikota w umal .
ri imul xu maj ri a nim , xu ya kan lekok .
kʼo oj cheri akʼal .
xu jbʼe p a jun kʼula nem .
utz we k waral aq .
kaq ilo chi na koju kʼam taj .
x reta ʼmaj chi ruk ʼ p ak ʼ kutij wi.
si bʼalaj xin kʼa ʼ nar ik .
xin kochij ri nu wa .
man kat kowin taj kat chakunik , we man kʼota ri ajila bʼal .
we w onon xu bʼij chike: - kixinto .
ri ala nim k ri l wiri u mam .
x ka ʼy chirij , x ka ʼ y chu wach , mak ʼot achi jun k si lo bʼik , x oq ʼik xu xe ʼj ri bʼ xch ʼo p in ikx tzalij loq xu riq tachik ri u bʼe .
kʼo pus che ri wa .
pin em na kabʼe le wa tz , kim bʼewi in p aka ʼ yi bʼal .
ri nanto ʼn nim win aq chik , saqu wi ʼ , ro nojel aq ʼabʼ utz kuna ʼo ka tʼuyi ʼ p a utem , ku miq ʼisaj ri bʼ chor iq ʼij , kʼojun u wi ʼ u mam u bʼi ʼate ʼk .
man e kʼit aj ri qula ʼ .
q ʼalaj chi na kawaj taj kabʼij
x paq abʼisax rajil ro nojel ri kem .
kʼop ari jul ri kumatz .
ro nojel q ʼij kin ch ʼaj le nu w are .
saq chi kan le ichaj rech katzako .
chu xe leq achomal kaqatij wi jun qa me q ʼin .
cha wila ʼ .
e kʼojo bʼ u mi ʼ al, ri nu tat .
jas ruk ʼ xa wil wi
je ʼ jas ri win aq rech ri u wachu lew , xoquje ʼ kepe na ri ʼ rie ʼ are ʼ che e rech ri u wachu lew ; je ʼ jas ri win aq rech ri kaj , xoquje ʼ kepe na ri ʼ rie ʼ are ʼ e rech ri kaj .
xin tijo .
k tz ʼuju w ri rachoch ripo ʼx .
xuq ʼi ʼo are leu kʼulel x ya ʼo w u wa .
ri awel x reta ʼmaj chi rajawa xik man ku xe j tar ibʼ cheri tuku r .
ju kʼulaj win aqxe ʼa nima j bʼik .
je ʼ , xin tzalij ik .
xoj p etik xol qa kʼama ʼ .
maj jachin x ʼe k .
inaj tij ; at t ijox el .
saqu wi ʼri tata ʼ .
we ch ri kem .
le ro ʼch le ate ʼk kʼoch wach leu kʼay len unan .
k bʼe p ari siri ʼa e p ari silisi ʼ a, jawi je ʼ kuya wiri kichuq ʼabʼ ri komonty ox .
p ixa bʼ : man utz taj kʼax kuj ch ʼaw chikij nik ʼaj q achil .
x kun ataj le ali ( kumal ri ix oqi bʼ ).
rix ibʼi bʼal chi kʼowi p ataq riq akʼas lemal ro nojel q ʼij .
na kuj wart a waral .
on che k kʼoji ʼ ri utzil chi xo ʼl , are ch junam ri qa kojonik , junam ri iwechi x ruk ʼri wech in .
p a ox q ʼij ri sa ʼn k bʼe na ruk ʼri aj kun .
kawin aq w uqu bʼ .
jas kawaj kin tijo ?
weta xat bʼew u kʼ p a le tina mit, xa loq ʼ tala ʼ leu jast aq le ak ʼajol .
kebʼe p a wa ʼ im .
xin loq ʼ kʼi wa .
p a jun nim kʼa che ʼlaj , kʼojun k ʼwa ʼ si bʼalaj saq loloj , nim u wach .
k waj katij ju bʼa ʼ wa.
ro nojel win aq k r il na ri u kolo nem ri dyos » .
x kʼoto chin chi kiwach chi kin wa ʼaw uk ʼ
k waj na katʼ e taj .
la xa loq ʼjunalej ?
ek ʼo ri e loq ʼoman el .
ri uka bʼ u bʼi ʼ ri numam are yay .
kin jop ij ri ija ʼ rech t ri ko .
x na ʼ taj chke xe atin ik .
xate ʼ q ila ʼ .
kakiti jalan xax ri win aq .
. . . k in bʼij chi arewa ʼsinxi ʼan .
na xin na bʼej tach u ta sik qa kʼoli bʼal .
r umal rech che we ri in, kin ch ʼaw ruk ʼri dyos p ach ʼa bʼal , kch ʼaw nak ʼuri ʼ ri w u xla bʼal ruk ʼri dyos, kʼatek ʼut man kʼota u p atan ri ʼ ch rech ri nu choma bʼal .
xep etik x kilo .
xuta we katʼek .
utz u kemik le pas cha we .
ri nu wa kax xu tij jun q ʼoq ʼ r umal ri ʼ x kamik .
r umal ri kʼix , man kewa ʼt aj ri win aq .
xe ʼ u lik .
q ʼeqrij r iama ʼ chi j .
x raj ka ʼ ele unan .
junam kijuna bʼ .
na q ʼalaj taj we ka ʼ ek .
ri wix nam ch ʼaj ch ʼoj ri rachoch .
waral man kʼot aj ajawal .
na iwirta xril le kʼamol bʼe .
xin pe loq tek ʼuri ʼ xin tzukuj ro nojel ri nu rajil .
ri aj tiko nel kutik ri tzij .
kʼo e kikʼajol le achija bʼ .
kutij q ʼayes ri ix p a ʼ ch .
pariwa ʼbʼa le kʼo kawin aq achija bʼ .
si pojin aqri nu pam .
kaya ʼt ajik ruk ʼuti ʼon em jun ri u riqom leya bʼil amolots etsé xuquje ʼ arekaya ʼt aj p ataqri juyu bʼ .
jachin ri achi ?
ri nu mam x kamik aret aq kʼojumu ch ʼ lajujujuna bʼ .
kin kowin ik kin kʼam bʼi le p waq .
kin wilo chi utz ri aji ʼ .
xin q ʼil r iapo ʼx cheman kachakun taj .
k wa ʼ chi u wach le taq ʼaj r iama ʼ ak ʼ .
ri imul xe poq ʼik p a jun ik ʼ .
x kʼis kanoq ri qachak .
are ri ali xoj ilo w kanoq .
si bʼalaj ch ʼu ʼ j ri amax .
kʼo nu wachi ʼ .
in chajin el kech le akʼala bʼ .
xekos letz ʼi ʼ .
kin bʼe na kuk ʼri molaj .
ro nojel aq ʼabʼ kin yi tz ʼri wakax .
karapin ik xu tzukuj chi jun awaj .
leu kemik lepas anin aq (aw umal ).
maju rajil leq ʼabʼ arel .
kʼax ri ʼ ri kach ʼaw ik .
xoju taq chi ʼj le achi chu loq ʼi kichaj .
si bʼalaj kʼax ri x kʼu lma xik .
x kilo chi nakin kʼox omaj taj .
x na ʼ taj chke chi xe atin ik .
x kʼoto chin chi kiwach chi xoj al w o ʼ qa ku kʼ .
jun q ʼu ʼ q rajil ri kaxla ʼn wa .
xin wilo chi xe ʼ el ik .
e kʼo ix oqi bʼ p a le kʼay bʼal .
man kʼot aj u kʼisik ri maya bʼaj la bʼal il .
risin k kʼiy p ataq ʼaj .
ri ch ʼi maman k kʼiy taj p ataq ʼaj .
rajawa xikk ji kik ri waqän .
kawaj kin ʼ ek .
e kʼo oxi bʼakʼ .
xu bʼij ch we jawi at kʼowi .
ch we ʼ q kuj bʼe ʼ p a muquj .
p a saq k ʼaj a ʼ k bʼan wiri uq .
x oj kisik ʼij .
xin wil wi bʼ .
chaq ʼ chik ri wa .
kim bʼen akap a le wo ʼch .
kawaj kin ʼ ek .
ri ch ʼu ʼ k tij ruk ʼlej .
p ari kiq ʼij kamin aq ibʼ k bʼan q ʼori kʼya ʼ rech aj : na bʼ eri nan kutzukuj kan ri aj , kujach ʼo ʼ xuquje ku kʼeto .
jas kaj bʼal cha nim ?
utz u chomanik ri ali .
p ari q ʼijox lajuj t ijax kin kʼis kebʼ juna bʼ kin chakun waral .
si bʼalaj ko , ri kʼakʼ ch ʼat .
jas karaj ku bʼij … ?
ri ch ʼich ʼ kasila bʼik .
p a ojerq ʼal p u l xaqxu wiri nim win aq ke kʼamo w bʼe .
leu kunaxik leuka bʼ u kʼutunik are ruk ʼ eflor ni tina on utuni bʼaxik le nifurt imox chi ʼ le flor ni tina chech t . b . g .
are ri achi xin ch ʼa yowik .
jun achi u bʼi ku ʼx u sipaj kebʼ kʼa ʼm u lew rech kabʼan ri tijo bʼal , kamik , kʼochi kaj tij rech ri komon xe chpup.
xu malty oxij cheri aj tij ro nojel le xu kʼut chi u wach .
p ari bʼex kiraq junalaj imul saq rij , x kikʼam bʼik .
x r ille bʼa le ala .
jasku bʼij ch we ?
leu kunat aj em are ruk ʼutzukuxik leu ch ikopil p a jun u soliku xe ʼ le kikʼo nleja ʼ rech jun nodo .
utz we nu tz ʼi ʼ .
je ʼ , tajin kachapon ik .
kin u loq ʼoj le nu tat .
kawaj kim bʼe p atina mit .
are la ʼ kinchakuj .
ri nima ʼ q taqwin aq kʼo keta ʼma bʼal .
weta xat bʼew u kʼ p a le tina mit, xa loq ʼ tawa ʼ we jast aq .
ri kikʼas lemal . wa iximu lew xa jun chi ma areta ti nimit ri ma
ri u kʼya bʼal naju pam .
xat qaj chiupam ri il .
noj im kat wa ʼik .
we kʼojun k tuqa ʼr ik , ¿ la man xoquje ʼ taj kin tuqa ʼr ri in ?
o joj w okol ja .
awas k bʼan kʼax che jun nim win aq .
xin ch ʼaw apan ruk ʼ le wa na bʼ .
kʼax ri u pam ri ju ʼl .
tajin kewa ʼri imul .
lakaj lakuj tzalij la anin aq ?
r umal rech cheri makaj man kʼota u kowin em p iwi ʼ ri ix : ri ix man ix kʼot achi chu xe ʼ ri p ixa bʼ , xane ix kʼochu xe ʼ ri sipan ik .
nim raqan le che ʼ .
xin chapo .
are le tu ʼ r le loq ʼoman el .
xaskat kʼoji ʼ chiupam ri ch ʼich ʼ .
si bʼalaj nim raqan ri kʼamal bʼe .
le tz ʼibʼa bʼal we chin .
in xinto ʼw la .
xa je k ʼuri ʼ ri ix kamik ri ʼ man ix kaxlan win aq tachik ; ri ix , ix rech ri kiti nimit ri ety ox laj taqwin aq , ix rech ri rachoch ri dyos .
xin tiko xlaj kʼali chaj .
kaqariq q ibʼ ch we ʼ q .
si bʼalaj utz cheriwi ʼaj ri tuney .
we na jupul ik ta xe qaj ik . . .
xinto ʼ taj cheri nu chak .
kʼojun chik op u bʼi ʼ pum .
poq on ri ik .
x oj bʼin ik .
xu ch ʼek ro nojel le reta man ikx paqi ʼ k kʼax k wʼin ik xu bʼanaj kun .
kel u bʼik p ari jude ʼa ek tzalij chi u bʼi jumul p ari g al ile ʼa .
xina xib ʼij p a bʼe .
je ʼ l kʼo lem chi awachoch .
ro nojel ri ya ʼ tal il p a we q ʼat aj , tz ʼaqat kiwach , man k tz aqta kanoq xuquje ʼ man k tas taj .
xu kunaj le yawa bʼ le aj q ʼij .
chi tata bʼej jas le kim bʼij .
ch ʼan al ri achi.
p a bʼoko ʼ kachakun wiri tax .
uj kʼop a u w uq q ʼij .
ki ʼ ri u kabʼ ri aq aj .
kʼo rachal al p a tz ʼoloj che ʼri pe ʼl .
x kilo chi kin kʼox omaj .
ri u kisakʼ utz k ya ʼik chi u xe ʼ ri tiko ʼn .
aret aq chi ʼ kaq ʼan p u wi ʼ ri juku bʼ , ri achi che x kʼoji ʼ ri itzel u xla bʼal ruk ʼ , ku tach rech ri are ʼ , arechk kʼoji ʼ ruk ʼri are ʼ .
na kabʼan taj taw umal .
x na ʼ taj chke xe atin ik .
xin p a j ri nu t ri ko .
xe ʼ ok ri p ok ʼ p ari u me xar ipo ʼx .
kajulu w ri aq ʼa ʼl chi u xe ʼri tʼu ʼ y .
a wech leja .
x uj bʼep a tz u rik .
na bʼe xat opan ik .
ri uka bʼ u bʼi ʼ ri numam are yay .
uwaj xaqu kakʼal taqanik (28) .
mata kʼojun kakanaj kanoq , qo nojel koj bʼek .
e nima ʼ q le al toma bʼ .
nimu wach ripo ʼt .
kojonik p ari utzij wa iximu lew .
jas xu kʼam bʼi letz ʼi ʼ xa wilo ?
xin p etik , tat .
ri bʼelaj u wach .
chi tata bʼej jas ri kim bʼij .
je ʼ l kuna ʼ ri abʼix chiupam ri ququ lew .
kin bʼisoj u wach lew al .
xu tʼuyu bʼa ʼ .
nim ri aw eqele ʼn xar iqo .
xin e ʼ wa ʼoq .
chi ʼ kewa r wile akʼala bʼ .
ri nu mi ʼal xu taq loq jun taqo ʼm w uj chi we .
q ʼe ʼ lik , ri cha j p ari bʼe .
lautz awach ? - utz malty ox , e kʼu ri at ? – utz malty ox .
xin kos r umal nu chak .
k bʼe kuk ʼri e ʼ are ʼ ek tzalij p ari nas are teke ʼu nimaj .
ri joj xu kʼam bʼik ri ak ʼ.
kʼochi wachi ʼl cha nim .
ku bʼij chech na ʼl kabʼan cheri atz ʼibʼ .
e . . . in kawaj katzjoj bʼi la ch we .
mat axin ya j le ali .
jachin ruk ʼ kat bʼewi ?
kʼosi bʼalaj eta ʼma bʼal pari maya bʼ no ʼji bʼal .
e man xo ri ju puq kej .
kasu mum ri kaq iq ʼ.
e kʼokaji bʼakʼala bʼ p a le bʼe .
je ʼ jas ri u tat k kaʼy ik .
xaqat molon el tzij tal .
le nu tat kaloq ʼon ch we .
xaq tane kim bʼe iw u kʼ .
x reta ʼ maju ch ʼajik .
r umal la ʼ x koj “ x alq ʼat ” cheu bʼi ʼ ri komon .
are leu kemik pas x reta ʼmaj .
ri wati ʼt kubʼan na ri u p atan .
kʼakʼ le po ʼt .
reta ʼm u wach jachin x loq ʼo w ri pas .
ke n ch ʼa bʼej le akʼala bʼ .
ya ʼ tal chaqe qo nojel ri uj win aq utz kaq il q ibʼ .
x koti ʼ p aq ʼayes x oq ʼik .
kawin aq bʼeleje bʼ q ʼat aj .
e kʼokaji bʼ r al ri imul , jun saq , jun q ʼan , jun q ʼeq , jun q ʼeq oj , si bʼalaj ketz ʼan ik, kech ʼo pin ik ri alaj taq imul .
k cholol ri achachal .
ket ek ik ri ikʼ .
xe p etik rech kewa ʼiw uk ʼ .
tz atz ri uq ʼan il ri akʼ .
xoj tzalij ikxi xe ʼ qaq ʼat uj ku kʼ lei tatina n .
ri yo ʼx taq akʼala bʼ kekik ʼux ri atz ʼyaq .
we achi we xu sipaj jun po ʼt ch wexkamik .
k kowin ri kunan el che kunan ik .
x jiq ʼ p ar ipolo w .
xar umal si bʼalaj rajawa xik le loq ʼalaj ja ʼ , le win aqx kibʼij : che we ikʼ ri ʼ qo nojel kuj bʼe cheu tikik taq che ʼ .
ri una ne rie rachal al kepe u loq ruk ʼri are ʼ , kʼatek ʼuri ʼ , man kekowin taj keq ibʼ u koq ruk ʼ , r umal rech che e kʼosi bʼalaj win aq .
r umal rech , che man kʼota jun k kowin cheu kojik junt ikibʼal il chik chu wach ri kojom chik che are ri jesusk ri sto .
tek ʼuri ʼ xu tz ʼibʼaj ri bʼ p ari nimalaj tijo bʼal rech aj ku ʼ n .
kajulu w ri ch ʼu mil chaq ʼabʼ .
kʼis bʼal kanoq , xoquje ʼk kam ri ix oq .
le alax okik .
kʼop waq p a u wi ʼ ri me xa .
are kawaj na kin ʼ e taj .
ri yawal ku koj ri ali chiu xe ʼ ri cha kach are u su ʼt .
na kaqakʼam t u ʼbʼi kamik .
ri aj tij ku bʼij chike : rajawa xikk eqa chajij ri awaj , areu tiko ʼn ri ajaw .
xin tij mukuni wir .
kʼax leu wi ʼ taq le nu q ʼabʼ .
xin loq ʼjunil bʼal wi bʼ .
wa ʼ we q ʼij , nimu bʼant ajik .
ri u xe ʼ al ri qatina mit man kasach taj .
x oj bʼin ik .
ri achal al junam kiwach .
xin weta ʼmaj ri lik wibʼ .
nim ri una ʼoj waj tij .
miq ʼin ri kʼul .
aj q ʼojom ri ate ʼ k .
che le san ik che ʼ k bʼan wiri q ʼojom .
kape le awel p a nawal ja ʼ .
rimeso nel tajin k chakunik .
utz chaqe kaqato ʼq ibʼ , taq kʼokʼax kʼol il , kate wechi ʼn ri ajaw paqawi ʼ .
xa wilo, x q ʼatan le ibʼo y .
xat kowin ik xa bʼano .
ki ʼ ri kʼawex .
kajil il ri bʼe .
le alix el bʼik .
are ʼ x raj xin bʼano .
nim we abʼaj .
je ʼ liku ti ʼjol al ri saq ko ʼr .
noj in aqri kej .
we kat ijan xu x man katu to ʼt achi uq ʼat ixik le kʼakʼ ya bʼil corona virus ( 2019-ncov) .
na nim ta raqan wa ʼ we che ʼ .
utz alaj ajchak , ri w el .
¿jam p a ʼ kuj bʼe p a nimaq ʼij ?
rajawa xik tane la ʼkat chakun w u kʼ .
xu taq chi ʼj p awara mp u lew .
man areta ri ax wa n xe lik .
ri awi x xu loq ʼ rachoch re nim al .
are ri ix oq xin si kʼin u loq .
ri ch ʼi makʼat ʼon na .
la xibʼan lei chak ?
kʼi tina mite kʼop a ch ʼo ʼj .
kʼoju puq chi j chi u xe ʼ ri che ʼ .
ri u xaq ri abʼix are u wa ri kej .
kawin aq q ʼat aj .
lakix pe p a tijo bʼal ?
we kechajix taq lek ʼwa jachakin bʼij ; junalik kʼo ja ʼ xuquje ʼ si bʼalaj saq loloj .
x reta ʼ maj .
ri ala bʼom r ial itoma bʼ tajin kikitijoj kibʼ rech sut aq , are kakaj ki kibʼan nimaq achija bʼ chupam ri kikʼas lemal , xuquje kʼochik jupuq bʼixon el chupam ri komon .
la tz ʼu wach ri bʼe .
kʼakʼ ri ach ʼich ʼ .
qo nojel uj , uj maya bʼ taqwin aq .
nojel q ʼij ri ati ʼ xkuyu q ʼuj le taqaw aj jela ʼ p a nik ʼaj ja ʼ , chirij ri juyu bʼu bʼi ʼ tena ʼ .
paq ʼom chik ri si ʼ .
kin tzukun chela .
kakitij le kin aq ʼ , le ichaj , leu wa ʼl ik ruk ʼlej .
xe kanaj kan le ajchaki bʼ .
ket ik on ri achija bʼ .
si bʼalaj itzel u bʼant ajik rich ʼi lakan .
ri ate ʼ k xu malty oxij cheri rati ʼt , r umal ri utz alaj no ʼji bʼal xu kʼut chech .
k kamulix u chak ri abʼix .
la xin utzukuj le tijo xel ?
are ʼ kachakun ro nojel q ʼij .
lee kʼa ʼ na t aq tz ʼi ʼ .
saq rij ri plam u x .
jas xaq ʼi ʼox atijo .
jas ruk ʼ x kichap wi u tijik le ri kil ?
we kat atin ruk ʼ kʼatan ja ʼman kuq ʼatej ta le kʼakʼ ya bʼil corona virus .
lakat bʼin p a leu xlan bʼal ?
la waral kʼux ix wa ʼwi ?
are le nu tat kin loq ʼon ik .
tajin k chakun ri ala .
kʼo ri ki ʼ kot emal aw u kʼ .
xuta jachin ka ʼ ek .
xatwa ʼik xin wilo .
x tz aqri rachoch r umal ri jabʼ .
p a lejun ik ʼ chik are nimaq ʼij .
e kebʼäm kebʼin p a u wi ʼ ri tem .
m em ri achi.
ri w ik anchali ʼ y kel p a juyu bʼ ch wi tz iri bʼal .
le rajil , lapaja xela q ʼax w u ʼ bʼik ?
pari su ʼt pisom wiri lej .
koj p etik kol qa kʼama ʼ .
tajin kat ch ʼop in chi u wach ri taq ʼaj .
leq ʼorx ch ʼuq ik .
kʼax wa ʼi maw umal .
kin bʼison che lew al .
si bʼalaj kʼokʼri awatz ʼya q .
kamik x uj bʼe che utikik taq che ʼ p ari juyu bʼ .
kin u loq ʼoj le nu tat .
chaqi ʼj chik ri chaj .
x yil ix ha wayi .
na x na ʼ taj tachke chi xe atin ik .
ruk ʼ kʼu wa ʼ we ri ʼ , ri ix k kʼoji ʼ jun utz alaji kʼas lemal ri ʼ ch kiwach ri win aq chemane kʼota iw u kʼ , kʼatek ʼuri ʼ man kʼota jun win aqri ʼ rajawa xik chi wech .
e p etin aq p a bʼe le rachala xik .
kakaj le akʼala bʼ kewa ʼik .
xu j ch ʼay bʼik .
ri nu chak are q ʼaxel tzij .
kʼo nar u xla bʼ ri awaj .
tajin kel loq , ri q ʼij .
x uq ʼi ʼo xkamsax ri rachal al choch .
ri nu mam are kʼo uq ʼinomal .
x kʼu lmat aj jumul , xu bʼan jun nimalaj ja bʼ , man x bʼey et aj tana xu kʼis leuy uq ʼ chike .
ama ʼ ri nu tz ʼi ʼ .
jewa ʼkat p etik .
xin kosik r umal xin chakunik
iwe ch chi jujunal , ri wa .
x uq ʼi ʼo na xatat in taj .
in riq tajin aq p ari kʼayi bʼal .
na weta ʼm taj .
kʼax le nu q ʼabʼ .
utz le xu bʼij le achi.
kematz ʼibʼ .
kʼo rachal al p a tz ʼoloj che ʼri pe ʼl .
ro nojel wa ʼ we jast aqri ʼ , xas ksach wi u wach wa ʼ ; ruk ʼ we ri ʼ , ri ix , rajawa xik che kʼojunty ox la ji kʼas lemal ek kʼoji ʼ ri ich ʼaw em ruk ʼri dyos,
x muq taj ri patz ʼan .
ri ch ʼich ʼ tzijom kanoq pari u kʼol bʼal .
man kʼota u cholaj p ataqri aw uj .
jachike ikʼ leu nimaq ʼij le tina mit nawal ja ʼ ?
xe p etik xol kikʼama ʼ .
kachuq ʼ chu t ri ja ʼ chiapam .
xin bʼij iwi r chi xebʼe p a armita .
are ʼu xe ʼ ojer tzij waral kʼi che ʼu bʼi ʼ .
x kʼis ri nu si ʼ .
jawi x kibʼij wi chike ʼe wi ?
¡ xa je kʼu ri ʼ , jachin taq rie kʼop ari jude ʼ a, chi cha nim che ʼ a nima ju bʼip ataqri juyu bʼ ,
kʼakʼ ri abʼ .
la kʼojun na kakʼox omaj taj ?
na u tz ta leu tʼisom le almariy .
man ya ʼ tal taj chi awekat ok paja .
je ʼ , xat utzukuj .
are kel waj xaq ibʼ uq ʼij ri x kʼojik .
ri xu nkurk kʼoji ʼ p ataqri t ri ko .
xin sachik .
xu tʼuyu bʼa ʼ
na nu tom ta le tzij …
wach ʼom ri kiwari no ʼs .
e kʼojo bʼ ch ʼil wakʼ.
rajaw ixik chi p ataqri tijo bʼal , pan ik ʼaj u bʼixik chik
ri rajaw r u lew are ʼ tat kel .
we kʼu xokik , we kʼ na xok ta
we achi xu sipaj jun pʼotch we .
atat u taqo ʼn leq ʼat al tzij .
na q ʼan tau wach le qap r ut .
ri xa ʼ r kʼop a u wi ʼ riq ʼaq ʼ k poq ʼo w ik .
ri roq ʼej ri ali jachak pe jun akʼal .
kʼojunalap at ijo bʼal .
säq u wi ʼ ri tata ʼ .
r iwitzik ʼ tajin k pe loq .
jawix sachon wikan u ya ʼik le p waq che .
utz we achi we xin kunan ik .
qo nojel kuj wa ʼ p a u wi ʼ ri me xa .
ri kaxla ʼnik man poq on taj .
in xin bʼe ruk ʼri wachi ʼl .
si bʼalaj je ʼl x kilo xe kitz oqopij ri kichi j chila ʼ .
kin bʼin ikx in ʼ ek .
kʼax kʼolik , kacha ʼ .
kutij ixim ri ak ʼ .
r ial ix ch el, x uq ʼi ʼo xa jun ak ʼ xsipax che .
x qasik ʼij le ix oq chu tzakik su bʼ .
mat a xa bʼinsaj lech ʼich ʼ .
ri p ix tz ʼaralik r umal ri eqa ʼn .
¿jam p a ʼ kel chi 3%
kʼojun nu kʼotoj chi ʼaj .
tajin kewa ʼkat ri ala bʼom .
xin loq ʼ le nu kʼak ʼapo ʼt .
na utz akik tas u bʼ tajin ku ʼano
x oj u taq chi ʼij x oj wa ʼik .
iwe ch ri abʼix .
saq rij ri chi j .
aj sik cheri tina mit kel wiri tata ʼ .
- ¡ay ! xa xin tzaqu loq , kʼax we waqan .
x kʼu lmat aj p a jun komon chi ʼ u wach jun juyu bʼ , xu ri qa jun q ʼij x kiriq kibʼ junimul ruk ʼ lek ok .
jas xat aq chi ʼj le akʼal chu tijik ?
xin chapos u xu loq ʼo .
q ʼinom ri achi.
ri kʼum k tijo w ruk ʼ kabʼ .
tajin kejach ʼan ik .
tz e bʼal u kemik le p a saw umal .
are kayo ʼw leu chi kopil leu bʼant ajik try pano soma br uc e i.
we kat nima nik utzkel ik .
pero no ʼji mal p et n aq loq , .
are le nu chak jun tz uq bʼal wi bʼ .
x kunax leya wa bʼ r umal le aj q ʼij .
ri u kʼu ʼx tz ʼibʼ p a qatzij e lajuj .
si bʼalaj je ʼ lik rieqa bʼal xu bʼan r ilu ʼ s .
si bʼalaj at k on .
e man xo ri ju puq kej .
na x na ʼ taj tachke xe atin ik .
ri kʼamal bʼexu bʼij chike, chi maja ri a nim .
jumu ch ʼri nu juna bʼ .
q ʼip t ajin aqri raqan ri tem .
k chakun ruk ʼri jos bʼal che ʼ ri ajan el .
xat aq chi ʼj le akʼal chu tijik kar .
oj kʼop a le ro ʼch le awel .
¿ lakat pequ kʼ ch we ʼ q ?
le win aq p a lech ʼich ʼe tʼuyu l lo wi.
x kanaj kanoq chi u xe ʼ r ija bʼ ri ch ʼa ʼn .
nim ri ja .
weta xak unaj le atat mata xkam la ʼ .
na nu kʼamom tu ʼ la ri ʼ .
chqa nu kʼu ʼ ri qatzij .
kim bʼe p a le tina mit .
xin q ʼi ʼo na xin atin taj .
rajawa xik kakʼaman cha we leu tijik lelej .
kʼis bʼal taq no ʼji bʼal .
xin e ʼ wa ʼoq .
x kibʼan kʼax che leu wosaq r umal man utz tachi kakayik .
riq ʼutu ʼm man kech ta le akʼala bʼ .
are na nim ta le atz ʼi ʼ chu wach len utz ʼi ʼ .
xe p etik xol kila ʼ .
¿jawchi ʼ xata ʼ che xkam ri u mam r ipo ʼx ?
e kebʼ kekʼam bʼik p at uj .
xin loq ʼjun jap ari w okaj ja .
ri ax tu ʼbʼ , kʼo qulaj chech .
jas karaj kaʼan chu tzakik le ti ʼij .
xu tij lewa .
xim bʼal re tzij .
x p a x ribʼo ʼj .
we kawaj katinto ʼo xaqxu wi kabʼij chi we .
jas nu kʼuku ch ʼo bʼo .
jas karaj ku tijo ?
xex r u xla bʼ ri rik il .
enitz ʼa ʼ q le taqimu l .
we tane inx in bʼano w ik , are le ate ʼk x bʼano w ik .
kin tzalij p a le nu tina mit .
ri nu chaq ʼ kʼop a u ro ʼ q ʼatoj tijonik p ari tijo bʼal .
xin xi ʼj wi bʼ xin ch ʼaw ik .
kʼoch wa ro ʼch le pare .
chi raqan kabʼin wiri tata ʼ .
x sachon kanu ya ʼik le p waq che choja .
xin q ʼax chi kixo ʼl ri win aq .
ke tikonik .
ri u lew man q ech taj , kech ri qati ʼt qamam .
xepe le win aq xol kikʼama ʼ .
xu loq ʼri w uj r umal ri ali .
che we q ʼij kamik kʼojun nu tzijo nem chirij le nu tina mit .
kej ri ʼ .
x kunan alaq ch we .
kin u sik ʼij le nu nan .
ri imul xu ch ʼij taj , x kanaj pa bʼe, r umal ri nimal ku jal uj ri imul, xu tz aqri a nim .
kubʼan ri u xoq ʼo ʼl ri aj tz ʼaq .
ri la si bʼalaj utz che kuna bʼal .
kʼi kiwach rie ʼ ajchaki bʼ p ari komonty ox , kʼatek ʼutxa jun chi ajawx el ;
x qatachi xa tulik .
kawaj chi katʼek .
ch ʼuti ʼ n kekanaj ri xa ja bʼ chech .
kaqa xi ʼj q ibʼ kaqachapo .
e kʼo kebʼ u kʼajol le tatx wan .
lu ʼ su bʼi ʼ ri rech am .
aj chi u wi ʼ miq ʼin ja ʼ r ilu ʼ .
xin ya kan le nu chimpa kʼay bʼal .
kʼatex r ilo, x pe ri unan che utzukuxik , x kikot ik , xu sala bʼisaj ri taqu x kin .
x kikʼut chi u wach ri aj tij xuquje ʼ chi kiwach ri taqnik ʼaj kach il .
utz le nu q ʼabʼ .
ku l le al we ʼl p a a ustin chaq ʼabʼ kamik .
ri ate ʼ k x tz aq loq arechi kʼop a u wi ʼ riq ʼa ʼm .
aj p atan ri te ʼ k .
xat qaj chiupam ri il .
la kʼotzij na kik ʼox omaj taj ?
x sachon chke chi xe atin ik .
ro nojel leu lew ech alaq .
la xebʼe kʼula xe ʼ kijaq akʼu leu chi ʼja ?
xaq kat ch ʼok naj iwi r .
kamik kʼochiri jast aq a we .
arechi ʼ kakʼis ri juna bʼ kʼoq ʼinom .
p a nawal ja ʼ xina lex ik .
na xin tat aj we are ri akʼal kix tzuqu w ik .
¡ r u lew ri sa bʼ u lone r u lew ri nef tali, u bʼe ripolo w , r u lew rij ordan, gali le ʼ ak ech ri je taq amaq ʼ !
rax , rax , rax , kʼokʼ , kʼokʼ , kʼokʼ le ru xla bʼ le taq tiko ʼn .
achi xat wilo .
paqal rajil le p ix kamik .
x oj bʼin ik .
p a jun je ʼl tijo bʼal ku tijoj ri bʼ jun akʼal , u bʼi ʼ po ʼx , u tzkurilo ke p a tijo bʼal ro nojel taq q ʼij .
x waj chi xat ʼe taj .
utz la ʼ le xu bʼij le achi.
weta ʼam jachin kap etik .
kin q ʼojoman ik .
xin q ʼi ʼo takʼali kxin p etik .
are ʼ reta ʼm che kino pan ik .
areta bʼal eqa qajaw cha t to ʼw ik .
kawin aq waqi bʼ q ʼat aj .
na qaj chik cheri u waq kaj bʼal are taq chi ʼ ksach u wach riq ʼij , k ok riq ʼeq u ʼm chu wachu lew , chi kʼate ʼ na ri bʼeleje bʼ kaj bʼal .
jo bʼ raqan ri tz ʼalam xe porox ik .
si bʼalaj ko rij ri mop .
arewa ʼ .
jela ʼ p ari ti minit ch wikab y ok rech xe laju ʼ , le qanan qatat kakitikoje ʼ lalaj taq u wach ich aj .
kʼax nuqu l .
xu ʼ luk ʼama ʼ .
koj u l kitzukuj .
are man kʼax tau kunaxik are taqanin aq ka ʼil it aj we ya bʼil al xuquje ʼ mojo ʼ qaku ya ʼ le kʼax kʼol il chech le jolom aj .
ri wel kʼop at ijon ik .
kawaj kin bʼij .
ri kotz ʼi ʼj k qa koj chiupam ri ja .
q ʼeq q ʼoj ri j r iama ʼkej .
na x waj taj xin ch ʼaw ik .
ch peta bʼal e loq ʼalaj ja bʼ .
x sachon ch ke xat kisik ʼij .
e leq ʼal ch ʼich ʼ .
jachin xa wilo chi are x tijo w ri ti ʼj ?
mat aka bʼe le nu x bʼal p a le tina mit .
pim r uq , ri ali .
¿ kʼo ri muq ʼe chi awech ?
k qa bʼij man kekowin taj .
kin tij na .
kʼojun qa tʼu ʼ y paja !
kʼo puj chiupam ri ch ʼa ʼ k .
aret aq kin kosik kin wari k .
xatwa ʼik xin wilo
in xin ch ʼayow lea chi .
ko nojel ri ala xikke ʼ etz ʼan ik .
jas ruk ʼ x kitij wile kirik il ?
anin aq il kat p etik .
narax tau wach le juyu bʼ .
ri tz ʼalam tz ʼibʼa bʼal rax k kayik .
we cha t chakunik , kʼo awa .
ma ʼt am xat pe cheri wa ʼim .
kamul kin wa ʼ na .
ri sik il k tijo w ruk ʼik .
kim bʼe aq ʼan ruk ʼ le al talin .
x oj ʼ e k xe ʼ q il alar qasok .
xe kiq ʼil le ajchaki bʼ xkiw ok leja .
mat anex waj le kʼuhj nem ruk ʼle ate ʼk .
are xe ʼopan chiuchi ʼ ri juyu bʼ , x kilo chi man qas tak ʼoq ʼayes .
kʼatek ʼut , ri jesus man k kojon tach kech rie ʼ are ʼ , r umal rech cheko nojel reta ʼm kiwach ,
p a ʼ tz rij ri tz ʼi ʼ .
juwin aq waqi bʼ q ʼat aj .
atel aq ʼom .
xaqat jo ʼs .
ri q ʼatz u, are q ʼalaj ri uq ʼij il .
ajchak we ala .
u bʼelej u kakʼal taqanik (29) .
kebʼ nu bʼi ʼ kʼolik .
la katzalij lu ʼ la anin aq ?
katzukun la ch we .
lakaj la koj bʼe ʼ p a le chomal ch we ʼ q ?
xin na bʼej chu ta sik qa kʼoli bʼal .
lal xinto ʼw ik .
si bʼalaj ano ʼji bʼal .
xoj p etik xol qa kʼama ʼ .
si bʼalaj je ʼ lik ri u wa ʼl ri ichaj .
kʼax wij r umal in p acha lik .
are taqxu kʼu lmaj wa ʼ xu l ri u chomanik xu bʼij : are utz wa aq ʼabʼ kin walij ik , are cha ʼ cha nim kin opan p a tijo bʼal , maj chi kin kʼu lmaj .
o jaj xo jo lo bʼ p a awasq ʼij .
xin sach che leu w okik le tzij .
e julajuj ri akʼ .
xuta jam p a ʼ koj ʼ ek .
q ilik .
ri tijo xel man areta nim chu wach ri raj tij . ri utz tijo xel qas jeri ʼ kʼolik jas ri rajt ij .
in x atin ch ʼayo .
no ʼjim chak w umal .
ch ʼu r ri jo ch ʼ .
in kin bʼij na kat sach taj .
uj maya bʼ .
ri abʼaj ya tzalik .
tajin kepix bʼax ri akʼala bʼ .
chom ri aq .
xin wa rik .
e lemen ko nojel ri akʼala bʼ .
tajin k q ʼan ar ik ri we re ʼaj .
leu kemik lepas utz (cha we ).
xuyu pu bʼa u wach ra ʼ chi, kacha ʼ , .
ri satanas k ok p ari judas rik bʼix iskari ʼo tech rech , ri are ʼ jun ch kixo ʼl rie kabʼ lajuj .
chu chu ri par .
kinqumuj ri nu jo ch ʼ .
chech punción lumbar amaq ʼel rajawa xik chech ri lik leu kʼex bʼem wile na bʼe ruk ʼleu kabʼ u kʼutunem leya bʼil al .
q ʼalaj chi na kawaj taj kabʼij .
kʼo q ʼol chirij ri si ʼ .
jawi xoj ʼewi chu loq ʼik ?
kʼou loch ʼri t al in .
q ʼan rij ri ati ʼ tnukej .
lax tzalij la iwi r ?
xe si kʼix ik , kʼatek ʼuri ʼ xe ya jik , xuquje ʼ xetaq bʼi cheu sik ʼik lemes .
lakix wari k ?
are kʼule p a lo max xu bʼij che: - mam kat bʼison taj , kin si kʼij nik ʼaj wachi ʼl kerapapik .
a ʼ reet ijox ela bʼ .
ri alaj ali si ʼl xu bʼij x qa chapp a utz al ri ty ox .
x sachon chke jachin xe atin ik .
jas xu rayij le anan xu tijo ?
xin kosik .
rax ro nojel riq ʼayes r umal le ja bʼ .
kin ya wa ʼ wech ʼich ʼ p in em nau tz .
no ʼjim u p ach ʼu xik le nu wi ʼ .
naj kʼowi lew o ʼch chu wach le tijo bʼal .
ri okibʼal kʼochi u wach ri saq ja .
xe nu taq ch ʼij kek il le akʼala bʼ .
kʼojun q ʼo xow em chi we .
tzari cho ʼm .
we choj bʼep a le nimaq ʼij , keq il le aj xojo lo bʼ .
x oj ʼ e k xe ʼ q il alar qasok .
ri ate ʼ k xuta ʼ chech ri na nto ʼn : - nan jas che ʼ chi man kaj tal aq akʼat isaj ri jo ʼ q .
ri pal si bʼalaj xu ʼ y .
kin koj ri jok bʼal u lew .
in kin bʼij na kat sach taj
at raj kun le nu na n .
ku qamujuj oron ri aj tzij .
lu ʼ tz ʼalam u bʼi ʼ ri achikel p a nim che ʼ .
je ʼ liku ti ʼjol al ri saq ko ʼr .
kʼojun xa ʼ r paja .
xin loq ʼjun kʼakʼ p atan .
kʼax u kemik le p a saw umal .
anin aq u kemik le pasa w umal
ri ch ʼa ʼn sachin aq p ataq abʼix .
rax taq le kotz ʼi ʼj .
me som kanoq ri u pam ja .
man areta r ala x kosik .
ri komon xe chpuprech uq ʼabʼ tina mit xo ʼla bʼ aj rech q ʼu markaj .
lautz akik kʼu su bʼ tajin ku ʼano ?
kat ela !
na xu tij taj .
xar umal keta ʼm ko nojel ri win aq k kiqumuj le ja ʼ .
iwirx uj tzalij la p a kʼay bʼal .
q eta ʼm cheri qawaku juto ʼo .
ri aj tij , k ya jon chikech ri akʼala bʼ .
jas u bʼanom le nu ch ʼuti tat ?
ch we ʼ q kin bʼep a nim tina mit .
utz we kiweta ʼmaj jasku bʼij ri chol bʼal q ʼij .
tajin kat j ilo w che uq ʼoxom jolom aj .
xin tik q ʼax chiu wach ri ja .
kʼax le kibʼe le win aq .
loq ʼ kat kun taj che le ya bʼil (covid -19).
ri nu xibʼal kel paqaj bʼal q ʼij .
x r il ri ax wan chi x wa ʼ ri ala .
le alix kun at ajik .
weta kapeleja bʼ kamik .
xin weta ʼ maj china xa t pe taj .
ri p waq rech we q ʼat aj ri ʼ kesax chech ri toj bʼal kʼayin em .
k tij ri u wa ʼlik r umal ri kinimaq ʼij .
xu chapu kunaxik .
cha tan loq ali .
xin xu li ʼ qaj oq .
je ʼ lik k tijo w ri taqik ox .
kʼatek ʼuri le tat xo ʼr xu bʼij , man kawaj taj , man kawaj taj .
kʼojun tz ʼi ʼ p a bʼe .
kamul xin pe che atzukuxik .
man tajin takin chakunik .
kin chakunik rechkat wa ʼik .
jas ruk ʼ xa wil wichi xkiqu pij wile ti ʼj .
jasu bʼixik …?
ko q ʼri akʼal .
kawaj na katʼ e taj .
xat q ʼajik .
w em na cha loq ʼax iy al, na kim bʼe taaw u kʼ .
x opan lew ujaw uk ʼ r umal wech in .
are kʼut p a le juyu bʼ k kʼiy jo ro n, chila ʼ xe kikʼam awir ija ʼri win aq .
ko q ʼri akʼal .
we kʼo arajil cha kʼamal oq .
are si bʼalaj kaq le apo ʼt chu wach le nu po ʼt .
xin kʼas taj p aka bʼ lajuj kaj bʼal .
kaqoy ʼej na kix p et aj .
ko kaxim ri chi j xa jela ʼman kanimaj ta bʼ ik .
rik ok nojim x bʼe k , xu ch ʼijox opan p a u kʼis bʼal il lea nim .
x oj ki ʼ kot ik aret aqxat ulik .
kaq itz ʼ naj ri u xa ja bʼ ri akʼal .
ri jesusk wa ʼkat p ari nim rachoch ri dyos, chu xe ʼ ri jun jache rachoch ri salomon .
we taqanik ri ʼ ku bʼij chi rajawa xikk ya ʼ uq ʼij ri win aq xuquje ʼ k to ʼ anin aq il .
ri a xu xa rena ri ukunel ri kin aq ʼ .
are taqwa ʼ ri uq ʼijol we taqanik .
kʼojun ta bʼal p a u wi ʼ rix kanu l u bʼi ʼ lajuj no ʼj .
yu ʼlu bʼanom ri u kolo bʼ ri kej .
xa nima j ri akʼal chiu wach ri u chu ch .
k kunan ri achi.
kin wa ʼik rech na kin yowaj taj .
aj xik ch ʼich ʼri lu ʼ s .
k waj che ix kix bʼano w ik .
a ʼ re xeto ʼwal aq .
x oj ʼ e k xe ʼ q il alar qasok .
xin loq ʼjun ch ʼich ʼ , qajin aqu wach .
ku tʼisri p a nt alon .
e janip a le awal k ʼwa le kʼolik ?
utz u kemik le pas cha we .
rimax are aj q ʼani ya ʼ .
mat a bʼ achiri q kʼaxp a le bʼe .
tajin kanimaj , ri me ʼ s .
ixi xe ʼ la q ʼoma bʼ !
x sachanch we .
e kʼokʼi che ʼ , chi u wach ri juyu bʼ .
arewa ʼ ri nimalaj p ixa bʼe arewa ʼ ri na bʼe .
x reta ʼmaj chi ruk ʼ p ak ʼ kutij wi
jas utz akik le su bʼ xu ʼano ?
aj xo ʼ y ri wikan .
wet anea ʼ re xe tijo w le rik il, are le komon xe tijo w ik .
si bʼalaj anin aq kach ʼaw le are ʼ chi nu wach in .
utz we kinchakuj .
me ʼ sla ʼ .
kʼo kanwa rech kaq atijo .
xin sik ʼij la .
ri akʼal x sach kanoq jela ʼ p ataq ʼaj .
xesik ʼij la .
jawi x kibʼij wi chike ʼe wi ?
r umal che, man ix ta ri ʼ ri kix ch ʼaw ik , are ri r u xla bʼa xel ri i tat ri ʼ rik ch ʼaw na iw uk ʼri ix .
kʼakʼ ri wachoch .
si bʼalaj utz kin wille atz ʼ yaq rech na huala .
saq por k kay ri kipo ʼ t ri nan .
x sachon ri nu chak ch we .
wa ʼim xu chapo .
ri q ʼaq ʼ tajin kajulu w ik .
najil u pam ri siwan .
e kʼo ri qachal al p a chi u wi ʼ la .
jas xat aq chi ʼj le akʼal chu tijik ?
no ʼjim u kemik le p a saw umal .
kʼojun kuk u bʼi ʼ tintin, wa ʼ lelaj ku kmam kaj eq it aj , kap aq ik axulik p a u wi ʼ uq ʼabʼ taq che ʼ , si bʼalaj sak ʼaj , ke ʼu to lee nima ʼ q , ch ʼutin, rachi ʼl , aj sipan el si bʼalaj utz ra nima ʼ .
ri u p ixa bʼ leq ʼat bʼal tzij kiya ʼu bʼixik .
na x sachonta chke xe atin ik .
xeq il le chi kopp u wile ja .
x lo ʼ taj ri akʼal .
qo nojel kuj wa ʼ p a u wi ʼ ri me xa .
x sik irle wa qan .
la xat wa ʼ kʼut ?
nimu bʼaq ʼri t ulu l .
kin x ik ʼik ʼik xin q ʼaxik .
lakat bʼep a le tina mit ?
ri pal si bʼalaj saq ʼor .
k q ʼo xow nu jalom .
xin na ʼochi kat p etik .
x loq ʼu lewi we chi x .
xin chakun ruk ʼri numam .
na x qa bʼant aj .
k kʼoji ʼ bʼa ʼ ri u sipanik ri ajaw x el jesusk ri sto ruk ʼri aw u xla bʼal !
kin ch ʼaw ruk ʼle nunan p a lech ʼa we bʼal .
si bʼalaj q ʼeq u ʼm r umal ri mayu l .
are le ba xu lik .
xe kos le ix oqi bʼ p a le bʼe .
kʼax ri lik le akʼal cha we .
xin q ʼi ʼ oxin atin p a joron .
si bʼalaj nim le tina mit .
kʼax u kemik le p a saw umal .
xin sachik .
tajin kel u kikʼel p a raqan ri tz ʼi ʼ .
xin weta ʼmaj ri lik wibʼ
ri q ʼuq ʼ are jun je ʼl chik op.
kʼop a jatijo bʼal ri wikaq ʼ .
ri sachi bʼal mak rajwa xik chi qa xo ʼl .
je ʼ , kim bʼe k .
jela le ʼ ri nu p wi ʼ .
xu bʼij che: - jas xa bʼano tint in ?
kabʼan jun toq ʼobʼ kyak ri nu jal .
kat ʼek xin ta .
jas leu kʼex bʼem ri bʼ le jun ruk ʼ le jun chik ?
aj chi u wi ʼ miq ʼin ja ʼ r ilu ʼ .
ri tijon el naj k p ewi .
te ʼ kix cho bʼ u bʼi ʼ ri nu tat .
r ija ʼkamiq ʼik chi u wach riq ʼaq ʼ .
ri tʼu ʼ yk paq ʼo w ik .
kin meson na .
na qaj at kʼowi chi wech .
xin bʼisonik taq na xat p et taj .
we xkam ri win aq , ri p waq rech toj bʼal makaj k ya ʼ chikech ri r ala xik .
ri nunan x bʼe p a kʼay bʼal .
xoju kʼam u loq rech koj r ilo
x kʼoto chin chi kiwach chi kin wa ʼaw uk ʼ .
na x kikamsaj taj x kikʼam bʼi choja .
kʼakʼ ri ikʼ kamik .
xim bʼe ruk ʼ le aj kun iwi r .
ri lik .
le tz ʼi ʼ xe kosik .
xin kikota w umal .
ri imul xu maj ri a nim , xu ya kan lekok .
kʼo oj cheri akʼal .
xu jbʼe p a jun kʼula nem .
utz we k waral aq .
kaq ilo chi na koju kʼam taj .
x reta ʼmaj chi ruk ʼ p ak ʼ kutij wi.
si bʼalaj xin kʼa ʼ nar ik .
xin kochij ri nu wa .
man kat kowin taj kat chakunik , we man kʼota ri ajila bʼal .
we w onon xu bʼij chike: - kixinto .
ri ala nim k ri l wiri u mam .
x ka ʼy chirij , x ka ʼ y chu wach , mak ʼot achi jun k si lo bʼik , x oq ʼik xu xe ʼj ri bʼ xch ʼo p in ikx tzalij loq xu riq tachik ri u bʼe .
kʼo pus che ri wa .
pin em na kabʼe le wa tz , kim bʼewi in p aka ʼ yi bʼal .
ri nanto ʼn nim win aq chik , saqu wi ʼ , ro nojel aq ʼabʼ utz kuna ʼo ka tʼuyi ʼ p a utem , ku miq ʼisaj ri bʼ chor iq ʼij , kʼojun u wi ʼ u mam u bʼi ʼate ʼk .
man e kʼit aj ri qula ʼ .
q ʼalaj chi na kawaj taj kabʼij
x paq abʼisax rajil ro nojel ri kem .
kʼop ari jul ri kumatz .
ro nojel q ʼij kin ch ʼaj le nu w are .
saq chi kan le ichaj rech katzako .
chu xe leq achomal kaqatij wi jun qa me q ʼin .
cha wila ʼ .
e kʼojo bʼ u mi ʼ al, ri nu tat .
jas ruk ʼ xa wil wi
je ʼ jas ri win aq rech ri u wachu lew , xoquje ʼ kepe na ri ʼ rie ʼ are ʼ che e rech ri u wachu lew ; je ʼ jas ri win aq rech ri kaj , xoquje ʼ kepe na ri ʼ rie ʼ are ʼ e rech ri kaj .
xin tijo .
k tz ʼuju w ri rachoch ripo ʼx .
xuq ʼi ʼo are leu kʼulel x ya ʼo w u wa .
ri awel x reta ʼmaj chi rajawa xik man ku xe j tar ibʼ cheri tuku r .
ju kʼulaj win aqxe ʼa nima j bʼik .
je ʼ , xin tzalij ik .
xoj p etik xol qa kʼama ʼ .
maj jachin x ʼe k .
inaj tij ; at t ijox el .
saqu wi ʼri tata ʼ .
we ch ri kem .
le ro ʼch le ate ʼk kʼoch wach leu kʼay len unan .
k bʼe p ari siri ʼa e p ari silisi ʼ a, jawi je ʼ kuya wiri kichuq ʼabʼ ri komonty ox .
p ixa bʼ : man utz taj kʼax kuj ch ʼaw chikij nik ʼaj q achil .
x kun ataj le ali ( kumal ri ix oqi bʼ ).
rix ibʼi bʼal chi kʼowi p ataq riq akʼas lemal ro nojel q ʼij .
na kuj wart a waral .
on che k kʼoji ʼ ri utzil chi xo ʼl , are ch junam ri qa kojonik , junam ri iwechi x ruk ʼri wech in .
p a ox q ʼij ri sa ʼn k bʼe na ruk ʼri aj kun .
kawin aq w uqu bʼ .
jas kawaj kin tijo ?
weta xat bʼew u kʼ p a le tina mit, xa loq ʼ tala ʼ leu jast aq le ak ʼajol .
kebʼe p a wa ʼ im .
xin loq ʼ kʼi wa .
p a jun nim kʼa che ʼlaj , kʼojun k ʼwa ʼ si bʼalaj saq loloj , nim u wach .
k waj katij ju bʼa ʼ wa.
ro nojel win aq k r il na ri u kolo nem ri dyos » .
x kʼoto chin chi kiwach chi kin wa ʼaw uk ʼ
k waj na katʼ e taj .
la xa loq ʼjunalej ?
ek ʼo ri e loq ʼoman el .
ri uka bʼ u bʼi ʼ ri numam are yay .
kin jop ij ri ija ʼ rech t ri ko .
x na ʼ taj chke xe atin ik .
xate ʼ q ila ʼ .
kakiti jalan xax ri win aq .
. . . k in bʼij chi arewa ʼsinxi ʼan .
na xin na bʼej tach u ta sik qa kʼoli bʼal .
r umal rech che we ri in, kin ch ʼaw ruk ʼri dyos p ach ʼa bʼal , kch ʼaw nak ʼuri ʼ ri w u xla bʼal ruk ʼri dyos, kʼatek ʼut man kʼota u p atan ri ʼ ch rech ri nu choma bʼal .
xep etik x kilo .
xuta we katʼek .
utz u kemik le pas cha we .
ri nu wa kax xu tij jun q ʼoq ʼ r umal ri ʼ x kamik .
r umal ri kʼix , man kewa ʼt aj ri win aq .
xe ʼ u lik .
q ʼeqrij r iama ʼ chi j .
x raj ka ʼ ele unan .
junam kijuna bʼ .
na q ʼalaj taj we ka ʼ ek .
ri wix nam ch ʼaj ch ʼoj ri rachoch .
waral man kʼot aj ajawal .
na iwirta xril le kʼamol bʼe .
xin pe loq tek ʼuri ʼ xin tzukuj ro nojel ri nu rajil .
ri aj tiko nel kutik ri tzij .
kʼo e kikʼajol le achija bʼ .
kutij q ʼayes ri ix p a ʼ ch .
pariwa ʼbʼa le kʼo kawin aq achija bʼ .
si pojin aqri nu pam .
kaya ʼt ajik ruk ʼuti ʼon em jun ri u riqom leya bʼil amolots etsé xuquje ʼ arekaya ʼt aj p ataqri juyu bʼ .
jachin ri achi ?
ri nu mam x kamik aret aq kʼojumu ch ʼ lajujujuna bʼ .
kin kowin ik kin kʼam bʼi le p waq .
kin wilo chi utz ri aji ʼ .
xin q ʼil r iapo ʼx cheman kachakun taj .
k wa ʼ chi u wach le taq ʼaj r iama ʼ ak ʼ .
ri imul xe poq ʼik p a jun ik ʼ .
x kʼis kanoq ri qachak .
are ri ali xoj ilo w kanoq .
si bʼalaj ch ʼu ʼ j ri amax .
kʼo nu wachi ʼ .
in chajin el kech le akʼala bʼ .
xekos letz ʼi ʼ .
kin bʼe na kuk ʼri molaj .
ro nojel aq ʼabʼ kin yi tz ʼri wakax .
karapin ik xu tzukuj chi jun awaj .
leu kemik lepas anin aq (aw umal ).
maju rajil leq ʼabʼ arel .
kʼax ri ʼ ri kach ʼaw ik .
xoju taq chi ʼj le achi chu loq ʼi kichaj .
si bʼalaj kʼax ri x kʼu lma xik .
x kilo chi nakin kʼox omaj taj .
x na ʼ taj chke chi xe atin ik .
x kʼoto chin chi kiwach chi xoj al w o ʼ qa ku kʼ .
jun q ʼu ʼ q rajil ri kaxla ʼn wa .
xin wilo chi xe ʼ el ik .
e kʼo ix oqi bʼ p a le kʼay bʼal .
man kʼot aj u kʼisik ri maya bʼaj la bʼal il .
risin k kʼiy p ataq ʼaj .
ri ch ʼi maman k kʼiy taj p ataq ʼaj .
rajawa xikk ji kik ri waqän .
kawaj kin ʼ ek .
e kʼo oxi bʼakʼ .
xu bʼij ch we jawi at kʼowi .
ch we ʼ q kuj bʼe ʼ p a muquj .
p a saq k ʼaj a ʼ k bʼan wiri uq .
x oj kisik ʼij .
xin wil wi bʼ .
chaq ʼ chik ri wa .
kim bʼen akap a le wo ʼch .
kawaj kin ʼ ek .
ri ch ʼu ʼ k tij ruk ʼlej .
p ari kiq ʼij kamin aq ibʼ k bʼan q ʼori kʼya ʼ rech aj : na bʼ eri nan kutzukuj kan ri aj , kujach ʼo ʼ xuquje ku kʼeto .
jas kaj bʼal cha nim ?
utz u chomanik ri ali .
p ari q ʼijox lajuj t ijax kin kʼis kebʼ juna bʼ kin chakun waral .
si bʼalaj ko , ri kʼakʼ ch ʼat .
jas karaj ku bʼij … ?
ri ch ʼich ʼ kasila bʼik .
p a ojerq ʼal p u l xaqxu wiri nim win aq ke kʼamo w bʼe .
leu kunaxik leuka bʼ u kʼutunik are ruk ʼ eflor ni tina on utuni bʼaxik le nifurt imox chi ʼ le flor ni tina chech t . b . g .
are ri achi xin ch ʼa yowik .
jun achi u bʼi ku ʼx u sipaj kebʼ kʼa ʼm u lew rech kabʼan ri tijo bʼal , kamik , kʼochi kaj tij rech ri komon xe chpup.
xu malty oxij cheri aj tij ro nojel le xu kʼut chi u wach .
p ari bʼex kiraq junalaj imul saq rij , x kikʼam bʼik .
x r ille bʼa le ala .
jasku bʼij ch we ?
leu kunat aj em are ruk ʼutzukuxik leu ch ikopil p a jun u soliku xe ʼ le kikʼo nleja ʼ rech jun nodo .
utz we nu tz ʼi ʼ .
je ʼ , tajin kachapon ik .
kin u loq ʼoj le nu tat .
kawaj kim bʼe p atina mit .
are la ʼ kinchakuj .
ri nima ʼ q taqwin aq kʼo keta ʼma bʼal .
weta xat bʼew u kʼ p a le tina mit, xa loq ʼ tawa ʼ we jast aq .
ri kikʼas lemal . wa iximu lew xa jun chi ma areta ti nimit ri ma
ri u kʼya bʼal naju pam .
xat qaj chiupam ri il .
noj im kat wa ʼik .
we kʼojun k tuqa ʼr ik , ¿ la man xoquje ʼ taj kin tuqa ʼr ri in ?
o joj w okol ja .
awas k bʼan kʼax che jun nim win aq .
xin ch ʼaw apan ruk ʼ le wa na bʼ .
kʼax ri u pam ri ju ʼl .
tajin kewa ʼri imul .
lakaj lakuj tzalij la anin aq ?
r umal rech cheri makaj man kʼota u kowin em p iwi ʼ ri ix : ri ix man ix kʼot achi chu xe ʼ ri p ixa bʼ , xane ix kʼochu xe ʼ ri sipan ik .
nim raqan le che ʼ .
xin chapo .
are le tu ʼ r le loq ʼoman el .
xaskat kʼoji ʼ chiupam ri ch ʼich ʼ .
si bʼalaj nim raqan ri kʼamal bʼe .
le tz ʼibʼa bʼal we chin .
in xinto ʼw la .
xa je k ʼuri ʼ ri ix kamik ri ʼ man ix kaxlan win aq tachik ; ri ix , ix rech ri kiti nimit ri ety ox laj taqwin aq , ix rech ri rachoch ri dyos .
xin tiko xlaj kʼali chaj .
kaqariq q ibʼ ch we ʼ q .
si bʼalaj utz cheriwi ʼaj ri tuney .
we na jupul ik ta xe qaj ik . . .
xinto ʼ taj cheri nu chak .
kʼojun chik op u bʼi ʼ pum .
poq on ri ik .
x oj bʼin ik .
xu ch ʼek ro nojel le reta man ikx paqi ʼ k kʼax k wʼin ik xu bʼanaj kun .
kel u bʼik p ari jude ʼa ek tzalij chi u bʼi jumul p ari g al ile ʼa .
xina xib ʼij p a bʼe .
je ʼ l kʼo lem chi awachoch .
ro nojel ri ya ʼ tal il p a we q ʼat aj , tz ʼaqat kiwach , man k tz aqta kanoq xuquje ʼ man k tas taj .
xu kunaj le yawa bʼ le aj q ʼij .
chi tata bʼej jas le kim bʼij .
ch ʼan al ri achi.
p a bʼoko ʼ kachakun wiri tax .
uj kʼop a u w uq q ʼij .
ki ʼ ri u kabʼ ri aq aj .
kʼo rachal al p a tz ʼoloj che ʼri pe ʼl .
x kilo chi kin kʼox omaj .
ri u kisakʼ utz k ya ʼik chi u xe ʼ ri tiko ʼn .
aret aq chi ʼ kaq ʼan p u wi ʼ ri juku bʼ , ri achi che x kʼoji ʼ ri itzel u xla bʼal ruk ʼ , ku tach rech ri are ʼ , arechk kʼoji ʼ ruk ʼri are ʼ .
na kabʼan taj taw umal .
x na ʼ taj chke xe atin ik .
xin p a j ri nu t ri ko .
xe ʼ ok ri p ok ʼ p ari u me xar ipo ʼx .
kajulu w ri aq ʼa ʼl chi u xe ʼri tʼu ʼ y .
a wech leja .
x uj bʼep a tz u rik .
na bʼe xat opan ik .
ri uka bʼ u bʼi ʼ ri numam are yay .
uwaj xaqu kakʼal taqanik (28) .
mata kʼojun kakanaj kanoq , qo nojel koj bʼek .
e nima ʼ q le al toma bʼ .
nimu wach ripo ʼt .
kojonik p ari utzij wa iximu lew .
jas xu kʼam bʼi letz ʼi ʼ xa wilo ?
xin p etik , tat .
ri bʼelaj u wach .
chi tata bʼej jas ri kim bʼij .
je ʼ l kuna ʼ ri abʼix chiupam ri ququ lew .
kin bʼisoj u wach lew al .
xu tʼuyu bʼa ʼ .
nim ri aw eqele ʼn xar iqo .
xin e ʼ wa ʼoq .
chi ʼ kewa r wile akʼala bʼ .
ri nu mi ʼal xu taq loq jun taqo ʼm w uj chi we .
q ʼe ʼ lik , ri cha j p ari bʼe .
lautz awach ? - utz malty ox , e kʼu ri at ? – utz malty ox .
xin kos r umal nu chak .
k bʼe kuk ʼri e ʼ are ʼ ek tzalij p ari nas are teke ʼu nimaj .
ri joj xu kʼam bʼik ri ak ʼ.
kʼochi wachi ʼl cha nim .
ku bʼij chech na ʼl kabʼan cheri atz ʼibʼ .
e . . . in kawaj katzjoj bʼi la ch we .
mat axin ya j le ali .
jachin ruk ʼ kat bʼewi ?
kʼosi bʼalaj eta ʼma bʼal pari maya bʼ no ʼji bʼal .
e man xo ri ju puq kej .
kasu mum ri kaq iq ʼ.
e kʼokaji bʼakʼala bʼ p a le bʼe .
je ʼ jas ri u tat k kaʼy ik .
xaqat molon el tzij tal .
le nu tat kaloq ʼon ch we .
xaq tane kim bʼe iw u kʼ .
x reta ʼ maju ch ʼajik .
r umal la ʼ x koj “ x alq ʼat ” cheu bʼi ʼ ri komon .
are leu kemik pas x reta ʼmaj .
ri wati ʼt kubʼan na ri u p atan .
kʼakʼ le po ʼt .
reta ʼm u wach jachin x loq ʼo w ri pas .
ke n ch ʼa bʼej le akʼala bʼ .
ya ʼ tal chaqe qo nojel ri uj win aq utz kaq il q ibʼ .
x koti ʼ p aq ʼayes x oq ʼik .
kawin aq bʼeleje bʼ q ʼat aj .
e kʼokaji bʼ r al ri imul , jun saq , jun q ʼan , jun q ʼeq , jun q ʼeq oj , si bʼalaj ketz ʼan ik, kech ʼo pin ik ri alaj taq imul .
k cholol ri achachal .
ket ek ik ri ikʼ .
xe p etik rech kewa ʼiw uk ʼ .
tz atz ri uq ʼan il ri akʼ .
xoj tzalij ikxi xe ʼ qaq ʼat uj ku kʼ lei tatina n .
ri yo ʼx taq akʼala bʼ kekik ʼux ri atz ʼyaq .
we achi we xu sipaj jun po ʼt ch wexkamik .
k kowin ri kunan el che kunan ik .
x jiq ʼ p ar ipolo w .
xar umal si bʼalaj rajawa xik le loq ʼalaj ja ʼ , le win aqx kibʼij : che we ikʼ ri ʼ qo nojel kuj bʼe cheu tikik taq che ʼ .
ri una ne rie rachal al kepe u loq ruk ʼri are ʼ , kʼatek ʼuri ʼ , man kekowin taj keq ibʼ u koq ruk ʼ , r umal rech che e kʼosi bʼalaj win aq .
r umal rech , che man kʼota jun k kowin cheu kojik junt ikibʼal il chik chu wach ri kojom chik che are ri jesusk ri sto .
tek ʼuri ʼ xu tz ʼibʼaj ri bʼ p ari nimalaj tijo bʼal rech aj ku ʼ n .
kajulu w ri ch ʼu mil chaq ʼabʼ .
kʼis bʼal kanoq , xoquje ʼk kam ri ix oq .
le alax okik .
kʼop waq p a u wi ʼ ri me xa .
are kawaj na kin ʼ e taj .
ri yawal ku koj ri ali chiu xe ʼ ri cha kach are u su ʼt .
na kaqakʼam t u ʼbʼi kamik .
ri aj tij ku bʼij chike : rajawa xikk eqa chajij ri awaj , areu tiko ʼn ri ajaw .
xin tij mukuni wir .
kʼax leu wi ʼ taq le nu q ʼabʼ .
xin loq ʼjunil bʼal wi bʼ .
wa ʼ we q ʼij , nimu bʼant ajik .
ri u xe ʼ al ri qatina mit man kasach taj .
x oj bʼin ik .
ri achal al junam kiwach .
xin weta ʼmaj ri lik wibʼ .
nim ri una ʼoj waj tij .
miq ʼin ri kʼul .
aj q ʼojom ri ate ʼ k .
che le san ik che ʼ k bʼan wiri q ʼojom .
kape le awel p a nawal ja ʼ .
rimeso nel tajin k chakunik .
utz chaqe kaqato ʼq ibʼ , taq kʼokʼax kʼol il , kate wechi ʼn ri ajaw paqawi ʼ .
xa wilo, x q ʼatan le ibʼo y .
xat kowin ik xa bʼano .
ki ʼ ri kʼawex .
kajil il ri bʼe .
le alix el bʼik .
are ʼ x raj xin bʼano .
nim we abʼaj .
je ʼ liku ti ʼjol al ri saq ko ʼr .
noj in aqri kej .
we kat ijan xu x man katu to ʼt achi uq ʼat ixik le kʼakʼ ya bʼil corona virus ( 2019-ncov) .
na nim ta raqan wa ʼ we che ʼ .
utz alaj ajchak , ri w el .
¿jam p a ʼ kuj bʼe p a nimaq ʼij ?
rajawa xik tane la ʼkat chakun w u kʼ .
xu taq chi ʼj p awara mp u lew .
man areta ri ax wa n xe lik .
ri awi x xu loq ʼ rachoch re nim al .
are ri ix oq xin si kʼin u loq .
ri ch ʼi makʼat ʼon na .
la xibʼan lei chak ?
kʼi tina mite kʼop a ch ʼo ʼj .
kʼoju puq chi j chi u xe ʼ ri che ʼ .
ri u xaq ri abʼix are u wa ri kej .
kawin aq q ʼat aj .
lakix pe p a tijo bʼal ?
we kechajix taq lek ʼwa jachakin bʼij ; junalik kʼo ja ʼ xuquje ʼ si bʼalaj saq loloj .
x reta ʼ maj .
ri ala bʼom r ial itoma bʼ tajin kikitijoj kibʼ rech sut aq , are kakaj ki kibʼan nimaq achija bʼ chupam ri kikʼas lemal , xuquje kʼochik jupuq bʼixon el chupam ri komon .
la tz ʼu wach ri bʼe .
kʼakʼ ri ach ʼich ʼ .
qo nojel uj , uj maya bʼ taqwin aq .
nojel q ʼij ri ati ʼ xkuyu q ʼuj le taqaw aj jela ʼ p a nik ʼaj ja ʼ , chirij ri juyu bʼu bʼi ʼ tena ʼ .
paq ʼom chik ri si ʼ .
kin tzukun chela .
kakitij le kin aq ʼ , le ichaj , leu wa ʼl ik ruk ʼlej .
xe kanaj kan le ajchaki bʼ .
ket ik on ri achija bʼ .
si bʼalaj itzel u bʼant ajik rich ʼi lakan .
ri ate ʼ k xu malty oxij cheri rati ʼt , r umal ri utz alaj no ʼji bʼal xu kʼut chech .
k kamulix u chak ri abʼix .
la xin utzukuj le tijo xel ?
are ʼ kachakun ro nojel q ʼij .
lee kʼa ʼ na t aq tz ʼi ʼ .
saq rij ri plam u x .
jas xaq ʼi ʼox atijo .
jas ruk ʼ x kichap wi u tijik le ri kil ?
we kat atin ruk ʼ kʼatan ja ʼman kuq ʼatej ta le kʼakʼ ya bʼil corona virus .
lakat bʼin p a leu xlan bʼal ?
la waral kʼux ix wa ʼwi ?
are le nu tat kin loq ʼon ik .
tajin k chakun ri ala .
kʼo ri ki ʼ kot emal aw u kʼ .
xuta jachin ka ʼ ek .
xatwa ʼik xin wilo .
x tz aqri rachoch r umal ri jabʼ .
p a lejun ik ʼ chik are nimaq ʼij .
e kebʼäm kebʼin p a u wi ʼ ri tem .
m em ri achi.
ri w ik anchali ʼ y kel p a juyu bʼ ch wi tz iri bʼal .
le rajil , lapaja xela q ʼax w u ʼ bʼik ?
pari su ʼt pisom wiri lej .
koj p etik kol qa kʼama ʼ .
tajin kat ch ʼop in chi u wach ri taq ʼaj .
leq ʼorx ch ʼuq ik .
kʼax wa ʼi maw umal .
kin bʼison che lew al .
si bʼalaj kʼokʼri awatz ʼya q .
kamik x uj bʼe che utikik taq che ʼ p ari juyu bʼ .
kin u loq ʼoj le nu tat .
chaqi ʼj chik ri chaj .
x yil ix ha wayi .
na x na ʼ taj tachke chi xe atin ik .
ruk ʼ kʼu wa ʼ we ri ʼ , ri ix k kʼoji ʼ jun utz alaji kʼas lemal ri ʼ ch kiwach ri win aq chemane kʼota iw u kʼ , kʼatek ʼuri ʼ man kʼota jun win aqri ʼ rajawa xik chi wech .
e p etin aq p a bʼe le rachala xik .
kakaj le akʼala bʼ kewa ʼik .
xu j ch ʼay bʼik .
ri nu chak are q ʼaxel tzij .
kʼo nar u xla bʼ ri awaj .
tajin kel loq , ri q ʼij .
x uq ʼi ʼo xkamsax ri rachal al choch .
ri nu mam are kʼo uq ʼinomal .
x kʼu lmat aj jumul , xu bʼan jun nimalaj ja bʼ , man x bʼey et aj tana xu kʼis leuy uq ʼ chike .
ama ʼ ri nu tz ʼi ʼ .
jewa ʼkat p etik .
xin kosik r umal xin chakunik
iwe ch chi jujunal , ri wa .
x uq ʼi ʼo na xatat in taj .
in riq tajin aq p ari kʼayi bʼal .
na weta ʼm taj .
kʼax le nu q ʼabʼ .
utz le xu bʼij le achi.
kematz ʼibʼ .
kʼo rachal al p a tz ʼoloj che ʼri pe ʼl .
ro nojel wa ʼ we jast aqri ʼ , xas ksach wi u wach wa ʼ ; ruk ʼ we ri ʼ , ri ix , rajawa xik che kʼojunty ox la ji kʼas lemal ek kʼoji ʼ ri ich ʼaw em ruk ʼri dyos,
x muq taj ri patz ʼan .
ri ch ʼich ʼ tzijom kanoq pari u kʼol bʼal .
man kʼota u cholaj p ataqri aw uj .
jachike ikʼ leu nimaq ʼij le tina mit nawal ja ʼ ?
xe p etik xol kikʼama ʼ .
kachuq ʼ chu t ri ja ʼ chiapam .
xin bʼij iwi r chi xebʼe p a armita .
are ʼu xe ʼ ojer tzij waral kʼi che ʼu bʼi ʼ .
x kʼis ri nu si ʼ .
jawi x kibʼij wi chike ʼe wi ?
¡ xa je kʼu ri ʼ , jachin taq rie kʼop ari jude ʼ a, chi cha nim che ʼ a nima ju bʼip ataqri juyu bʼ ,
kʼakʼ ri abʼ .
la kʼojun na kakʼox omaj taj ?
na u tz ta leu tʼisom le almariy .
man ya ʼ tal taj chi awekat ok paja .
je ʼ , xat utzukuj .
are kel waj xaq ibʼ uq ʼij ri x kʼojik .
ri xu nkurk kʼoji ʼ p ataqri t ri ko .
xin sachik .
xu tʼuyu bʼa ʼ
na nu tom ta le tzij …
wach ʼom ri kiwari no ʼs .
e kʼojo bʼ ch ʼil wakʼ.
rajaw ixik chi p ataqri tijo bʼal , pan ik ʼaj u bʼixik chik
ri rajaw r u lew are ʼ tat kel .
we kʼu xokik , we kʼ na xok ta
we achi xu sipaj jun pʼotch we .
atat u taqo ʼn leq ʼat al tzij .
na q ʼan tau wach le qap r ut .
ri xa ʼ r kʼop a u wi ʼ riq ʼaq ʼ k poq ʼo w ik .
ri roq ʼej ri ali jachak pe jun akʼal .
kʼojunalap at ijo bʼal .
säq u wi ʼ ri tata ʼ .
r iwitzik ʼ tajin k pe loq .
jawix sachon wikan u ya ʼik le p waq che .
utz we achi we xin kunan ik .
qo nojel kuj wa ʼ p a u wi ʼ ri me xa .
ri kaxla ʼnik man poq on taj .
in xin bʼe ruk ʼri wachi ʼl .
si bʼalaj je ʼl x kilo xe kitz oqopij ri kichi j chila ʼ .
kin bʼin ikx in ʼ ek .
kʼax kʼolik , kacha ʼ .
kutij ixim ri ak ʼ .
r ial ix ch el, x uq ʼi ʼo xa jun ak ʼ xsipax che .
x qasik ʼij le ix oq chu tzakik su bʼ .
mat a xa bʼinsaj lech ʼich ʼ .
ri p ix tz ʼaralik r umal ri eqa ʼn .
¿jam p a ʼ kel chi 3%
kʼojun nu kʼotoj chi ʼaj .
tajin kewa ʼkat ri ala bʼom .
xin loq ʼ le nu kʼak ʼapo ʼt .
na utz akik tas u bʼ tajin ku ʼano
x oj u taq chi ʼij x oj wa ʼik .
iwe ch ri abʼix .
saq rij ri chi j .
aj sik cheri tina mit kel wiri tata ʼ .
- ¡ay ! xa xin tzaqu loq , kʼax we waqan .
x kʼu lmat aj p a jun komon chi ʼ u wach jun juyu bʼ , xu ri qa jun q ʼij x kiriq kibʼ junimul ruk ʼ lek ok .
jas xat aq chi ʼj le akʼal chu tijik ?
xin chapos u xu loq ʼo .
q ʼinom ri achi.
ri kʼum k tijo w ruk ʼ kabʼ .
tajin kejach ʼan ik .
tz e bʼal u kemik le p a saw umal .
are kayo ʼw leu chi kopil leu bʼant ajik try pano soma br uc e i.
we kat nima nik utzkel ik .
pero no ʼji mal p et n aq loq , .
are le nu chak jun tz uq bʼal wi bʼ .
x kunax leya wa bʼ r umal le aj q ʼij .
ri u kʼu ʼx tz ʼibʼ p a qatzij e lajuj .
si bʼalaj je ʼ lik rieqa bʼal xu bʼan r ilu ʼ s .
si bʼalaj at k on .
e man xo ri ju puq kej .
na x na ʼ taj tachke xe atin ik .
ri kʼamal bʼexu bʼij chike, chi maja ri a nim .
jumu ch ʼri nu juna bʼ .
q ʼip t ajin aqri raqan ri tem .
k chakun ruk ʼri jos bʼal che ʼ ri ajan el .
xat aq chi ʼj le akʼal chu tijik kar .
oj kʼop a le ro ʼch le awel .
¿ lakat pequ kʼ ch we ʼ q ?
le win aq p a lech ʼich ʼe tʼuyu l lo wi.
x kanaj kanoq chi u xe ʼ r ija bʼ ri ch ʼa ʼn .
nim ri ja .
weta xak unaj le atat mata xkam la ʼ .
na nu kʼamom tu ʼ la ri ʼ .
chqa nu kʼu ʼ ri qatzij .
kim bʼe p a le tina mit .
xin q ʼi ʼo na xin atin taj .
rajawa xik kakʼaman cha we leu tijik lelej .
kʼis bʼal taq no ʼji bʼal .
