xi ne ʼ waʼ oq.
xkib ʼan kʼax che le u w osaq rumal man u tz tachika kayik.
ri qʼu tu ʼ m man kech talea kʼalab ʼ.
are na nim talea tz ʼiʼ chu wach le nu tz ʼiʼ.
xe petik x olk ilaʼ.
¿jaw chiʼ xa taʼ che x kam rium am ri po ʼ x ?
e keb ʼ ke kʼam b ʼik patuj.
x in loq ʼ jun japa ri w okaj ja.
ria x tu ʼ b ʼ, kʼoqul aj chech.
jas ka raj ka ʼan chu tz akikleti ʼij.
xu tij lewa.
x imb ʼal re tzi j.
x pa x ri b ʼo ʼ j.
we kawaj katinto ʼox aq xu wi kab ʼij chiwe.
jas nu kʼu ku chʼo b ʼo.
jaska raj ku tijo ?
xe x ru x lab ʼ ri rik il.
e ni tz ʼaʼ qle taqim ul.
we tane in x in b ʼanow ik, are le ate ʼ k xb ʼanow ik.
kin tz alij pale nu tinamit.
ri nu chaqʼ kʼopa uro ʼ qʼatoj tijonik pa ri tijob ʼal .
x in x iʼ j wib ʼ x in chʼawik.
kʼo chwaro ʼ chle pare.
chi raqan kab ʼin wiri tataʼ.
x sach on ka nu yaʼik le p waq chechoja.
x in qʼax chiki xo ʼ l ri winaq.
ke tiko nik.
ri ulew man qech taj , kech ri qatiʼ tqamam.
xe pe le winaq xol ki kʼam aʼ.
xu loq ʼ ri w uj rumal ri ali.
chewe qʼij kamik kʼo jun nu tzi jo nem chirij le nu tinamit.
kej riʼ.
x kunan alaq chwe.
ki nu si kʼij le nu na n.
ri i mul xu chʼi j taj , x kanaj pa b ʼe , rumal ri nimal kuja luj ri i mul , xu tz aq ria nim.
kub ʼan riu xo qʼo ʼ l ri aj tz ʼaq.
ri la sib ʼalaj u tz che kunab ʼal .
kʼi ki wach rie ʼ aj chak ib ʼ pa ri komon tyox , kʼate kʼut xa jun chia jaw xel ;
x qa tachix atulik.
kawaj chika tʼek.
chʼu tiʼ n ke kanaj ri xa jab ʼ chech.
kaqa x iʼ j qib ʼ kaqa chapo.
e kʼo keb ʼ u kʼaj ol le tat x wan.
lu ʼ sub ʼiʼ ri rech am.
aj chiu wiʼm iqʼ in jaʼ ri lu ʼ.
x in ya kan le nu chimpa kʼay b ʼal.
kʼate x ri lo , x pe riu na n cheu tzu kuxik, x kikotik, xusal ab ʼisaj ri taq uxkin.
xki kʼut chiu wach ri aj tij xu qujeʼ chiki wach ri taqni kʼaj kachil.
u tz le nu qʼab ʼ.
kulleal we ʼ l pa austin chaqʼab ʼ kamik.
ria te ʼ k x tzaq loq are chi kʼopa u wiʼ ri qʼaʼm.
aj patan ri teʼk.
xat qaj chiu pam ri il.
la kʼo tzi j na ki kʼoxo maj taj ?
x sach on chke chi xe atinik.
rono jel le ulewe chalaq.
la xeb ʼe kʼula xe ʼ ki jaqa kʼuleu chiʼ ja?
x aq kat chʼo knaj iwir.
kamik kʼochiri jastaqa we.
are chiʼ kakʼis ri jun ab ʼ kʼo qʼi nom.
pan awal jaʼ x inale xik.
na x in ta taj we are ria kʼal kix tzu quwik.
¡ r ulew risab ʼ uloner ulew rineftali, ub ʼe ri polow, r ulew ri jord an, gal ile ʼ akech ri je taqam aqʼ !
ra x, ra x, ra x, kʼo kʼ, kʼo kʼ, kʼo kʼ le rux lab ʼ le taq tiko ʼ n.
achix atwi lo.
paqal raj il le pix kamik.
xoj b ʼinik .
pa jun je ʼ l tijob ʼal ku tijoj ri b ʼ jun akʼal , ub ʼiʼ po ʼ x , u tz kuri lok e pa tijob ʼal rono jel taq qʼij.
x waj chix at ʼe taj.
u tz laʼ le xub ʼij le achi.
we taʼam jachin ka petik.
kin qʼojom anik.
x in qʼiʼota kʼalik x in petik.
are ʼ re taʼm che kino panik.
are tab ʼale qa qajaw chat to ʼ wik.
ka winaq waq ib ʼ qʼataj.
na qaj chik cheri u waq kaj b ʼal are taq chiʼk sach u wach ri qʼij , kok ri qʼe quʼ m chu wach ulew, chi kʼate ʼ nari b ʼe le je b ʼ kaj b ʼal .
job ʼ raqan ri tz ʼalam xe poro xik.
sib ʼalaj ko ri j ri mop.
are waʼ.
je laʼ pa ri timinit chwi kab yok rech xe laj u ʼ, le qananqa tat kaki tiko jeʼ l alaj taq u wachich aj.
kʼax nu qul.
xu ʼ lu kʼam aʼ.
koj ul ki tzu kuj.
are man kʼax ta u kuna xik are taq aninaq kaʼ il itaj we yab ʼilal xu qujeʼ mojo ʼ qa kuyaʼ le kʼax kʼolil chech le joloma j.
ri wel kʼopa tijonik.
kawaj kinb ʼij.
riko tz ʼiʼ j kqa koj chiu pam ri ja.
qʼeq qʼoj ri j ri am aʼ ke j.
na x waj taj x in chʼawik.
ch pe tab ʼal e lo qʼalaj jab ʼ .
x sach on chke xat kisi kʼij.
e le qʼal chʼi chʼ.
jachin x awi lo chi are x tijow ri tiʼ j ?
mata kab ʼe le nu xb ʼal pale tinamit.
p im ru q, ri ali.
¿ kʼo ri mu qʼe chia wech ?
kqab ʼij man ke kowinta j.
kin tij na.
kʼo jun qat ʼu ʼ y pa ja!
kʼo p uj chiu pam ri chʼaʼk.
are taq kinko sik kin warik.
xat waʼik x in wi lo
in xin chʼayow le achi.
kono jel ri ala xik ke ʼ etz ʼanik.
jas ru kʼ xki tij wile ki rik il ?
aninaq il katpetik.
nara x ta u wach le juy ub ʼ.
ri tz ʼalam tz ʼib ʼab ʼal raxk kay ik.
we chat chakunik, kʼo awa.
m aʼ tam xat pe cheri waʼim.
ka mul kin waʼ na.
ri sik ilk tijo w ru kʼik.
kimb ʼe aqʼan ru kʼ le altalin.
xo jʼe k xe ʼ qilala rqasok.
xe ki qʼil leaj chak ib ʼ xki w ok leja.
ma tane x waj le kʼuh jnem ru kʼ le ate ʼ k.
are xe ʼo pan chiu chiʼ ri juy ub ʼ, xki lo chi man qas tak ʼo qʼayes.
kʼate kʼut , ri jesusman kkojon tach kech rie ʼ are ʼ, rumal rech che kono jel re taʼm ki wach,
pa ʼ tz ri j ri tz ʼiʼ.
ju winaq waq ib ʼ qʼataj.
a te laqʼom.
x aqat jo ʼ s.
ri qʼatzu, are qʼalaj riu qʼij il.
aj chak we ala.
ub ʼe le ju ka kʼal taqanik (29).
keb ʼ nu b ʼiʼ kʼolik.
la ka tz alij lu ʼ la aninaq ?
ka tzu kunla chwe.
la kaj la koj b ʼe ʼ pale chomal chwe ʼ q?
x in nab ʼej chu tas ikqa kʼolib ʼal .
lal xin to ʼ wik.
sib ʼ alajano ʼ j ib ʼal .
xo j petik x olqa kʼam aʼ.
sib ʼalaj je ʼ lik riu waʼ l rii cha j.
kʼax wi j rumal in pa cha lik.
are taq xu kʼul maj waʼ xu l riu choma nik xub ʼij : are u tz waa qʼab ʼ kinwalij ik, are chaʼ cha nim kino pan pa tijob ʼal , maj chik in kʼul maj.
o jaj xo jolob ʼ pa awas qʼij.
x in sach che leu w okik le tzi j.
e jul aj uj ria kʼ.
xu ta jampa ʼ kojʼek.
qilik .
ri tijo xel man are ta nim chu wach ri raj tij. riu tz tijo xel qas je riʼ kʼolik jas ri raj tij.
in x atin chʼayo.
no ʼ jim chak w umal.
chʼur ri jo chʼ.
in kinb ʼij na kat sach taj.
uj may ab ʼ.
ria b ʼaj ya tz alik.
taj in ke pix b ʼax ria kʼalab ʼ.
chom ri aq.
xin warik.
e lemen kono jel ria kʼalab ʼ.
tajink qʼana rik ri we re ʼ aj.
le u kemik le pa su tz ( cha we ).
xuy u pub ʼau wach raʼ chi, ka chaʼ,.
ri satanas kok pa ri judas ri kb ʼix iskar iʼotech rech , ri are ʼ jun chki xo ʼ l rie kab ʼ laj uj.
chu chu ri pa r.
kin qum uj rinujo chʼ.
chech punción lumbar am aqʼel rajawa xik chech ri lik le u kʼ e xb ʼem wile nab ʼe ru kʼ le u kab ʼ u kʼutu nem ley ab ʼ ilal.
qʼalaj chinak awaj taj kab ʼij.
kʼo qʼol chirij risiʼ.
jawi xo jʼe wi chu lo qʼik ?
kʼo u lo chʼ ri talin.
qʼan ri j ria tiʼt nu ke j.
la x tz alijla iwir?
xe si kʼi xik, kʼate kʼu riʼ xe yaj ik, xu qujeʼ xe taq b ʼi cheu si kʼik lemes.
la kix warik?
are kʼul e pa loma x xub ʼij che: -mam katb ʼison taj , kinsi kʼij ni kʼaj wa chiʼ l ke rapa p ik.
aʼre e tijo xel ab ʼ.
ri alajal is iʼ l xub ʼij x qachappa u tz al ri tyox.
x sach on chke jachin xe atinik.
jas xu ray ij le a nan xu tijo ?
xin kosik.
rax rono jel ri qʼay es rumal leja b ʼ.
kin ya waʼ we chʼi chʼ p inem na u tz .
no ʼ jim u pa chʼu xik le nu wiʼ.
na j kʼowilew o ʼ ch chu wach le tijob ʼal .
ri ok ib ʼal kʼochiu wach ri saqja.
xe nu taq chʼi j ke kille a kʼalab ʼ .
kʼo jun qʼo x owem chiwe.
tza ri choʼ m.
we choj b ʼe pale nim aqʼij, ke qille ajxo jolob ʼ .
xo jʼe k xe ʼ qilala rqasok.
ria te ʼ k xu taʼ chech ri nan to ʼ n :- nan jas che ʼ chi man kaj tal aqa kʼat isaj ri jo ʼ q.
ri p al sib ʼalaj xu ʼ y.
kinkoj ri jo kb ʼal ulew.
in kinb ʼij na kat sachtaj
at raj kunle nu nan.
ku qam uj uj oron riaj tzi j.
lu ʼ tz ʼalam ub ʼiʼ ria chikel pa nim cheʼ.
je ʼ lik u tiʼ jol al ri saq ko ʼ r.
kʼo jun x aʼ r pa ja.
x in loq ʼ jun kʼakʼ patan.
kʼax u kemik le pa saw umal.
aninaq u kemik le pa saw umal
ri chʼaʼ n sachinaq pataq ab ʼ ix.
rax taq le ko tz ʼiʼ j.
me som ka noq riu pam ja.
man are ta ralax kosik.
ri komon xech pu p rech u qʼab ʼ tinamit xo ʼ l ab ʼaj rech qʼumar ka j.
la u tz ak ik kʼusub ʼ tajin ku ʼano?
katel a!
na xu tij taj.
xa rumal ke taʼm kono jel ri winaq kki qum uj le jaʼ.
iwir xu j tz alij la pa kʼay b ʼal.
qe taʼm che riqa wakuj u toʼo.
ri aj tij, kyaj on chikech ria kʼalab ʼ .
jasub ʼanom le nu chʼu ti tat ?
chwe ʼ q kinb ʼepa nim tinamit.
u tz we ki we taʼma j jas kub ʼij ri chol b ʼal qʼij.
taj in katji lo w cheu qʼo xom jolom aj.
x in tik qʼax chiu wach ri ja.
kʼax le kib ʼe le winaq.
loq ʼ kat kuntaj che ley ab ʼil ( covid -19).
ri nu x ib ʼal kel pa qaj b ʼal qʼij.
x ri l ria x wan chix waʼ ri ala.
le alix kuna tajik.
we ta ka pe le jab ʼ kamik.
x in we taʼma j chi na x at petaj.
ri p waq rech we qʼataj riʼ ke sax chech ri toj b ʼal kʼay inem.
k tij ri u waʼ lik rumal riki nima qʼij.
xu chapu kuna xik.
chatan loq ali.
x in xu liʼ qaj oq.
je ʼ lik k tijo w ri taqik ox.
kʼate kʼu ri le tat xo ʼ r xub ʼij , man kawaj taj , man kawaj taj.
kʼo jun tz ʼiʼ pa b ʼe.
ka mul x in pe chea tzu kuxik.
man taj in tak in chakunik.
kin chakunik rech kat waʼik.
jas ru kʼ x awil wichi xki qupij wileti ʼ j.
jas ub ʼixik … ?
koqʼ ria kʼal.
kawaj na kat ʼe taj.
xat qʼaj ik.
we m na cha lo qʼaxiy al , na kimb ʼeta aw u kʼ.
xo panlew ujaw u kʼ rumal we chin.
are kʼut pale juy ub ʼ k kʼiy jo ron, chilaʼ xe ki kʼama wiri jaʼ ri winaq.
koqʼ ria kʼal.
we kʼo araj il cha kʼamal oq.
are sib ʼalaj kaqle a po ʼ t chu wach le nupo ʼ t.
x in kʼas taj pa kab ʼ laj uj kaj b ʼal .
kaqoy ʼe jnak ix petaj.
koka xim ri chi j xa jel aʼ man ka nima j tab ʼ ik.
ri kokno jim xb ʼek, xu chʼi joxo pan pa u kʼisb ʼal il lea nim.
x oj kiʼkotik are taq x atulik.
kaqi tz ʼ na j ri ux aj ab ʼ ria kʼal.
ri jesusk waʼ kat pa ri nim rachoch ri dyos, chu xe ʼ ri jun jache rachoch risa lomon.
we taqanik riʼ kub ʼij chi rajawa xik kyaʼu qʼij ri winaq xu qujeʼ kto ʼaninaq il.
ria xu x are nari u kunel ri kinaqʼ.
are taq waʼ riu qʼi jol we taqanik.
kʼo juntab ʼal pa u wiʼ ri x kanul ub ʼiʼ laj uj no ʼ j.
y uʼ lub ʼanom riu kolob ʼ rikej.
xa nim aj ria kʼal chiu wach ri u chu ch.
k kunan riachi.
kin waʼ ik rech na kin yowaj taj.
aj xik chʼi chʼ ri luʼs.
kwa j che ixki xb ʼanow ik.
aʼre xe to ʼ wal aq.
xo jʼe k xe ʼ qilala rqasok.
x in loq ʼ jun chʼi chʼ, qaj inaq u wach.
ku tʼis ri panta lon.
e jani pale awal kʼwale kʼolik ?
u tzu kemik le pas cha we.
ri max are aj qʼa ni yaʼ.
mata b ʼachi riq kʼax pale b ʼe.
taj in ka nima j, ri me ʼ s.
ix i xe ʼ laqʼoma b ʼ !
x sachan chwe.
e kʼo kʼi cheʼ, chiu wach ri juy ub ʼ .
are waʼ ri nim alaj pix ab ʼe are waʼ ri nab ʼe.
x re taʼma j chi ru kʼ pa kʼ ku tij wi
jasu tz ak ik le sub ʼ xu ʼano?
aj xo ʼ y ri wikan.
we tane aʼ re xe tijow le rik il, are le komon xe tijowik.
sib ʼalaj aninaq ka chʼaw le are ʼ chin u wach in.
u tz we kin chak uj.
me ʼ s laʼ.
kʼo kanwa rech kaqa tijo.
x in si kʼij la.
ria kʼal x sach ka noq je laʼ pa taqʼaj.
xe si kʼij la.
jawi xkib ʼij wi chike ʼ ewi?
rumal che, man ix ta riʼ ri kix chʼaw ik, are ri ru x lab ʼaxel rii tat riʼ rik chʼaw na iw u kʼ ri ix.
kʼakʼ ri wachoch.
sib ʼalaj u tz kinwille a tz ʼya q rech nahuala.
saq por kkay ri kipo ʼ trinan.
x sach on ri nu chak chwe.
waʼ im xu chapo.
ri qʼaqʼ taj in kaj uluw ik.
na j il u pam ri si wan.
e kʼo ri qachalal pa chiu wiʼ la.
jas xa taq chiʼ j le akʼal chu tijik ?
no ʼ jim u kemik le pa saw umal.
kʼo jun ku kub ʼiʼ tintin, waʼ le laj ku kmam ka jeqi taj , kapaqi ka xu lik pa u wiʼ u qʼab ʼ taq cheʼ, sib ʼalaj sa kʼaj , ke ʼuto le e nim aʼq, ch ʼutin, rachiʼ l, aj si pa nel sib ʼalaj u tz ra nima ʼ.
ri u pix ab ʼ le qʼatb ʼal tzi j ki yaʼub ʼixik.
na x sachonta chke xe atinik.
xe qil le chiko p pu wileja.
x lo ʼ taj ria kʼal.
qono jel kuj waʼ pa u wiʼ ri mex a.
xsi ki r le waqan.
la xat waʼ kʼut ?
nim ub ʼaqʼ ri tulul.
kin xik ʼi kʼik x in qʼaxik.
la katb ʼe pale tinamit ?
ri pa l sib ʼalaj saqʼor.
kqʼo xo w nu jalom.
x in naʼo chik at petik.
x loq ʼ ulewi we chix.
x in chakun ru kʼ ri num am.
na x qab ʼan taj.
kkʼo jiʼ b ʼaʼ ri u si panik ria jaw xel jesusk risto ru kʼ ria w ux lab ʼal !
kin chʼaw ru kʼ le nunan pale chʼawe b ʼal .
sib ʼalaj qʼe quʼ m rumal rimay ul.
are leba xu lik.
xe kos le ix oq ib ʼ pale b ʼe .
kʼax ri lik le akʼal chawe.
x in qʼiʼo x ina tinpa j oron.
sib ʼalaj nim le tinamit.
kʼax u kemik le pa saw umal.
xi n sachik.
taj in kelu kikʼel pa raqan ri tz ʼiʼ.
x in we taʼma j ri lik wib ʼ
ri qʼu qʼ are jun jeʼ l chikop.
kʼopa ja tijob ʼal ri wik aqʼ.
ri sach ib ʼal mak raj wa xik chiqa xo ʼ l.
je ʼ , kimb ʼek.
je la le ʼ ri nu p wiʼ.
xub ʼij che :- jas x ab ʼan otintin ?
kab ʼanjun to qʼo b ʼ kyak ri nu jal.
kat ʼek xinta.
jas leu kʼex b ʼem ri b ʼ le jun ru kʼ le jun chik ?
aj chiu wiʼm iqʼ in jaʼ ri lu ʼ.
ri tijo nel naj kpe wi.
te ʼ kix cho b ʼ ub ʼiʼ ri nu tat.
ri jaʼ kami qʼik chiu wach ri qʼaqʼ.
rit ʼu ʼ y kpa qʼowik.
kin meson na.
na qajat kʼowichi wech.
x in b ʼisonik taqna xat pet taj.
we x kam ri winaq , ri p waq rech toj b ʼal ma kaj kyaʼ chikech ri rala xik.
ri nunan xb ʼepa kʼay b ʼal.
xo ju kʼamu loq rech koj ri lo
x kʼoto chin chiki wach chik in waʼ aw u kʼ.
na xki kamsaj taj xki kʼam b ʼichoja.
kʼakʼ ri ikʼ kamik.
x imb ʼe ru kʼ le aj kuniwir.
ri lik.
le tz ʼiʼ xekosik.
x in kikotaw umal.
ri im ul xu maj ria nim , xuya kanle kok.
kʼo oj cheri akʼal.
x uj b ʼepa jun kʼula nem.
u tz we kwa ral aq.
ka qilo chinako ju kʼam taj.
x re taʼma j chi ru kʼ pa kʼkutij wi.
sib ʼalaj x in kʼaʼ narik.
x inkochij ri nu wa.
man kat kowin taj kat chakunik , we man kʼota ri aj ilab ʼal .
we w onon xub ʼij chike:-k ixinto.
ri ala nim k ril wiri umam.
x kaʼ y chirij , x kaʼ y chu wach , ma kʼota chi jun ksi lo b ʼik, xo qʼik xu xe ʼ j ri b ʼ x chʼo p inik x tz alij loq xu riq tachik riub ʼe .
kʼo pu scheri wa.
p inem na kab ʼe le wa tz, kimb ʼe wi in pa kaʼ y ib ʼal .
ri nan to ʼ n nim winaq chik, saq u wiʼ, rono jel aqʼab ʼ u tz ku naʼo kat ʼuy iʼ pa u tem, kumi qʼisaj ri b ʼ chori qʼij , kʼo jun u wiʼ u mam ub ʼiʼ ate ʼ k.
man e kʼi taj riqu laʼ.
qʼalaj chinak awaj taj kab ʼij
x pa qab ʼisax raj il rono jel ri kem.
kʼopa ri jul ri ku matz.
rono jel qʼij kin chʼaj le nu ware.
saq chi kan lei chaj rech katzako.
chu xe le qachomal kaqatij wi jun qam eq ʼin.
cha wilaʼ.
e kʼojob ʼum iʼ al, ri nu tat.
jas ru kʼ x awil wi
je ʼ jas ri winaq rech ri u wach ulew, x oquje ʼ ke pena riʼ rie ʼ are ʼ chee rech ri u wach ulew; je ʼ jas ri winaq rech ri kaj , x oquje ʼ ke pena riʼ rie ʼ are ʼ e rech ri kaj.
xin tijo.
k tz ʼuju w ri rachoch ri po ʼ x.
xu qʼiʼo are leu kʼulel x yaʼow uwa.
ria wel x re taʼma j chi rajawa xik man ku xe j tarib ʼ cheri tukur.
ju kʼulaj winaq xe ʼ a nimaj b ʼik.
je ʼ, x in tz alij ik.
xo j petik x olqa kʼam aʼ.
maj jachin x ʼek.
in aj tij; attijo xel.
saq u wiʼ ri tataʼ.
wech ri kem.
le ro ʼ ch le ate ʼ k kʼo chwach le u kʼay le nu nan.
kb ʼepa ri si riʼ a e pa ri si lisiʼa, jawi je ʼ kuya wiri kichu qʼab ʼ ri komon tyox.
pix ab ʼ : man u tz taj kʼax kuj chʼaw chiki j ni kʼaj qa chil.
x kuna taj le ali( kumal ri ix oq ib ʼ ).
ri xib ʼib ʼal chi kʼowi pataq riqa kʼas lemal rono jel qʼij.
na kuj war ta waral.
on chek kʼo jiʼ riu tz il chi xo ʼ l, are ch jun am riqa kojonik, jun am ri iwe chix ru kʼ ri we chin.
pa ox qʼij risa ʼ n kb ʼenaru kʼ ri aj kun.
ka winaq w uq ub ʼ.
jas kawaj kin tijo ?
we tax atb ʼew u kʼ pale tinamit, xa lo qʼtal aʼ le u jastaq le akʼa jol.
keb ʼepa waʼim.
x in loq ʼ kʼiwa.
pa jun nim kʼa cheʼ laj , kʼo jun kʼ waʼ sib ʼalaj saq lo loj , nim u wach.
kwa j katij jub ʼaʼ wa.
rono jel winaq k ri l nari u kolo nem ri dyos ».
x kʼoto chin chiki wach chik in waʼ aw u kʼ
kwaj na kat ʼe taj.
la xa loq ʼ jun alej ?
e kʼo rie loq ʼom anel.
ri u kab ʼ ub ʼiʼ ri num am are ya y.
kin jo pij rii jaʼ rech triko.
x naʼ taj chke xe atinik.
xa te ʼ qilaʼ.
kaki tij alan xa x ri winaq.
. . . kinb ʼij chi are waʼ sinxi ʼan.
na xin nab ʼej tachu ta sik qa kʼolib ʼal .
rumal rech chewe ri in, kin chʼaw ru kʼ ri dyos pa chʼab ʼal,k chʼaw na kʼu riʼ ri w ux lab ʼal ru kʼ ri dyos, kʼate kʼut man kʼota u patan riʼ ch rech rinu choma b ʼal .
xe petik xki lo.
xu ta we ka tʼek.
u tzu kemik le pas cha we.
ri nu wakax xu tij jun qʼo qʼ rumal riʼ x kamik.
rumal ri kʼix , man ke waʼ taj ri winaq.
xe ʼu lik.
qʼe qrij ri am aʼ chi j.
x raj kaʼ eleu nan.
jun am ki jun ab ʼ.
na qʼalaj taj we ka ʼek.
ri wixnam chʼaj chʼoj ri rachoch.
waral man kʼotaj aj awal.
na iwir tax ri lle kʼamol b ʼe.
x inpe loqte kʼu riʼ x in tzu kuj rono jel rinura jil.
ria j tiko nel kutik ri tzi j.
kʼo e ki kʼaj ol le achi jab ʼ .
kutij qʼay es ri ix pa ʼ ch.
pa ri waʼ b ʼal e kʼoka winaq achi jab ʼ.
sipo j inaq ri nu pam.
kayaʼtaj ik ru kʼu tiʼo nem jun riu riqom le yab ʼilam olot setsé xu qujeʼ are kayaʼtaj pataq ri juy ub ʼ .
jachin ria chi?
ri nu mam x kamik are taq kʼo jum u chʼ laj ujujun ab ʼ.
kin kowinik kin kʼam b ʼilep waq.
kin wi lo chiu tz ria jiʼ.
x in qʼil ria po ʼ x che man kachakun taj.
k waʼ chiu wach le taqʼaj ri am aʼ akʼ.
rii mul xe po qʼik pa jun ikʼ.
x kʼiska noq riqa chak.
are ri alix oj ilow ka noq.
sib ʼalaj chʼu ʼ j ri amax.
kʼo nu wach iʼ.
in chaj inel kech le a kʼalab ʼ.
xe ko sletz ʼiʼ.
kinb ʼenak u kʼ ri molaj.
rono jel aqʼab ʼ kin y i tz ʼ ri wakax.
kara pinik xu tzu kuj chi jun awaj.
le u kemik le pa saninaq ( awumal ).
maj u raj il le qʼab ʼ arel.
kʼax riʼ ri ka chʼawik.
xo ju taq chiʼ j le achi chu lo qʼi kichaj.
sib ʼalaj kʼax ri x kʼul ma xik.
xki lo chinak in kʼoxo maj taj.
x naʼ taj chke chi xe atinik.
x kʼoto chin chiki wach chi xo jal w o ʼ qa ku kʼ.
jun qʼu ʼ qraj il ri kax laʼ n wa.
x in wi lo chi xe ʼelik.
e kʼo ix oq ib ʼ pale kʼay b ʼal .
man kʼotaj u kʼisik rimay ab ʼaj lab ʼal il.
ri sink kʼiy pa taqʼaj.
ri chʼi ma man k kʼiy taj pa taqʼaj.
rajawa xikk jikik ri waqän .
kawaj kinʼek.
e kʼo oxib ʼakʼ.
xub ʼij chwe jawi at kʼowi.
chwe ʼ qkuj b ʼe ʼ pam uq uj.
pa saq kʼajaʼ kb ʼan wiri uq.
xo j ki si kʼij.
xi n wil wib ʼ.
chaqʼ chik ri wa.
kimb ʼena kapalew o ʼ ch.
kawaj kinʼek.
ri chʼu ʼ k tij ru kʼ le j.
pa ri ki qʼij kaminaq ib ʼ kb ʼan qʼo ri kʼyaʼ rech aj : na b ʼe ri nan ku tzu kuj kan ri aj , ku jach ʼo ʼ xu quje ku kʼ e to.
jas kaj b ʼal cha nim ?
u tzu choma nik ri ali.
pa ri qʼij ox laj uj tijax kin kʼis keb ʼ jun ab ʼ kin chakun waral.
sib ʼalaj ko, ri kʼakʼ chʼat.
jaska raj kub ʼij … ?
ri chʼi chʼ kas il ab ʼik.
pa ojer qʼalp ul x aq xu wiri nim winaq ke kʼamow b ʼe .
le u kuna xik le u kab ʼ u kʼutunik are ru kʼ e flor ni tinaon utun ib ʼaxik le ni furtimo x chiʼ le flor nitina chech t. b. g.
are ria chix in chʼay owik.
jun achiub ʼik u ʼ xu si pa j keb ʼ kʼaʼ m ulew rech kab ʼan ri tijob ʼal , kamik, kʼochi kaj tij rech ri komon xech pup.
xumal tyoxij cheri aj tij rono jel le xu kʼut chiu wach.
pa ri b ʼe xki raq jun alaj im ul saq ri j , xki kʼam b ʼ ik.
x ri l le b ʼale ala.
jas kub ʼij chwe ?
le u kunatajem are ru kʼu tzu kuxik le u chiko pil pa jun u solik u xe ʼ le ki kʼon leja ʼ rech jun no do.
u tz we nu tz ʼiʼ.
je ʼ, taj in kachaponik .
ki nulo qʼoj le nu tat.
ka waj kimb ʼe pa tinamit.
are laʼ kin chak uj.
ri nim aʼq taq winaq kʼo ke taʼma b ʼal .
we tax atb ʼew u kʼ pale tinamit, xa lo qʼta waʼ we jas taq.
riki kʼas lemal. wa ixim ulew xa jun chima are ta tinimit rima
ri u kʼ yab ʼal na ju pam.
xat qaj chiu pam ri il.
no jim kat waʼik.
we kʼo junk tuqa ʼ rik, ¿la man x oquje ʼ taj kin tuqa ʼ r ri in ?
ojoj w okol ja.
a was kb ʼan kʼax che jun nim winaq.
x in chʼawa pan ru kʼ le wa nab ʼ.
kʼax riu pam ri ju ʼ l.
tajin ke waʼ ri im ul.
la kaj lak uj tz alij la aninaq ?
rumal rech cherima kaj man kʼota u kowinempi wiʼ ri ix : ri ix man ix kʼota chichu xe ʼ ri pix ab ʼ, xa ne ix kʼochu xe ʼ ri sipa nik.
nim raqan le cheʼ.
xin chapo.
areletu ʼ r le lo qʼom anel.
x as katkʼoji ʼ chiu pam ri chʼi chʼ.
sib ʼalaj nim raqan ri kʼamal b ʼe.
le tz ʼib ʼab ʼal we chin.
inxin to ʼ w la.
x aje kʼu riʼ ri ix kamik riʼ man ix ka x lan winaq tachik; ri ix, ix rech ri ki tinimit rie tyox laj taq winaq , ix rech ri rachoch ri dyos.
x in tiko x laj kʼali cha j.
kaqa riq qib ʼ chwe ʼ q.
sib ʼalaj u tz cheri wiʼ aj ri tuney.
we na jupulik ta xe qaj ik...
x in to ʼ taj cheri nu chak.
kʼo jun chiko pub ʼiʼ p um.
poqon ri ik.
xoj b ʼinik .
xu chʼek rono jel le re tamanik x paq iʼk kʼax k wʼinik xub ʼanaj kun .
kel ub ʼik pa ri jude ʼaek tz alij chiub ʼij u mul pa rigal ile ʼa.
x in axib ʼij pa b ʼe.
je ʼ l kʼo lem chi awachoch.
rono jel ri yaʼtal il pa we qʼataj , tz ʼaqat ki wach , man k tzaq ta ka noq xu qujeʼ man ktas taj.
xu kunaj le yawab ʼ le aj qʼij.
chi tatab ʼej jas le kimb ʼij.
chʼan al riachi.
pa b ʼoko ʼ kachakun wiri ta x.
uj kʼopa u wuq qʼij.
kiʼ riu kab ʼ ri aqaj.
kʼo rachalal pa tz ʼoloj che ʼ ri pe ʼ l.
xki lo chik in kʼo xom aj.
ri u kisakʼu tz kyaʼik chiu xe ʼ ri tiko ʼ n.
are taq chiʼ ka qʼan pu wiʼ ri ju kub ʼ, ri achi chex kʼoji ʼ ri itzel ux lab ʼal ru kʼ , ku tach rech ri are ʼ, arech k kʼo jiʼ ru kʼ ri are ʼ.
na kab ʼantaj taw umal.
x naʼ taj chke xe atinik.
x in pa j ri nu triko.
xe ʼok ri po kʼ pa riumexa ri po ʼ x.
kaj uluw ria qʼaʼ l chiu xe ʼ ri tʼu ʼ y.
awech leja.
x uj b ʼepa tzu rik.
nab ʼe xato panik.
ri u kab ʼ ub ʼiʼ ri num am are ya y.
u waj x aq u ka kʼal taqanik (28).
mata kʼo jun ka kanaj ka noq, qono jel koj b ʼe k.
e nim aʼq le al tom ab ʼ.
nim u wach ri po ʼ t.
kojonik pa riu tzi j wa ixim ulew.
jas xu kʼam b ʼil etz ʼiʼ x awi lo ?
x in petik, tat.
ri b ʼe laj u wach.
chi tatab ʼej jas ri kimb ʼij.
je ʼ l kuna ʼ ria b ʼix chiu pam riq uq ulew.
kinb ʼisoj u wach lewal.
xu t ʼuy ub ʼaʼ.
nim ria we qele ʼ n xa riqo.
xi ne ʼ waʼ oq.
chiʼ ke war wilea kʼalab ʼ.
ri nu miʼal xu taq loq jun taqo ʼ mw uj chiwe.
qʼe ʼ lik, ri chaj pa ri b ʼe.
la u tz awach? -u tz mal tyox , e kʼu ri at ? –u tz mal tyox.
x inkos rumal nu chak.
kb ʼe ku kʼ rie ʼ are ʼ e k tz alij pa rinas are te ke ʼu nima j.
ri joj xu kʼam b ʼik ria kʼ.
kʼochiwa chiʼ l cha nim.
kub ʼij chech naʼ l kab ʼan che ria tz ʼib ʼ .
e. . . in kawaj ka tz joj b ʼila chwe.
mata xin ya j le ali.
jachin ru kʼ katb ʼe wi?
kʼo sib ʼalaj e taʼma b ʼal pa rimay ab ʼ no ʼ j ib ʼal .
e man xo ri ju puq ke j.
ka sum um ri kaqiqʼ.
e kʼo kaj ib ʼ a kʼalab ʼ pale b ʼe .
je ʼ jas riu tatk kaʼ y ik.
x aqat molonel tzi j tal.
le nu tat ka loq ʼon chwe.
x aq tane kimb ʼe iw u kʼ.
x re taʼma ju chʼaj ik.
rumal laʼ x koj “ x al qʼat ” cheub ʼiʼ ri komon.
are leu kemik pa s x re taʼma j.
ri wa tiʼt kub ʼan nari u patan.
kʼakʼ lepo ʼ t.
re taʼm u wach jachin x lo qʼow ri pas.
ken chʼab ʼej le a kʼalab ʼ.
yaʼtal chaqe qono jel riuj winaq u tz kaq il qib ʼ .
xko tiʼpa qʼay esxo qʼik.
ka winaq b ʼe le jeb ʼ qʼataj.
e kʼo kaj ib ʼ ral rii mul, jun saq, jun qʼan , jun qʼeq, jun qʼe qoj , sib ʼalaj ke tz ʼanik , kechʼop inik ri alaj taqim ul.
k chol ol riachach al.
ketekik ri ikʼ.
xe petik rech ke waʼiw u kʼ.
tza tz riu qʼan il ria kʼ.
x oj tz alij ik xi xe ʼ qa qʼat uj ku kʼ lei tatinan.
ri yo ʼ x taqa kʼalab ʼ ke ki kʼux ria tz ʼya q.
we achiwe xu si pa j jun po ʼ t chwe x kamik.
k kowin ri kuna nel che kuna nik.
x ji qʼpa ri polow.
xa rumal sib ʼalaj rajawa xik le lo qʼalaj jaʼ, le winaq xkib ʼij : chewe ikʼ riʼ qono jel kuj b ʼe che u tikik taq cheʼ.
riuna ne rie rachalal ke pe u loq ru kʼ ri are ʼ, kʼate kʼu riʼ, man ke kowin taj keqib ʼ u koq ru kʼ , rumal rech chee kʼo sib ʼalaj winaq.
rumal rech , che man kʼota junk kowin cheu kojik juntik ib ʼal il chik chu wach ri kojom chik che are ri jesusk ri sto.
te kʼu riʼ xu tz ʼib ʼaj ri b ʼ pa ri nim alaj tijob ʼal rech aj ku ʼ n.
kaj uluw ri chʼu mil cha qʼab ʼ.
kʼisb ʼal ka noq, x oquje ʼ k kam ri ix oq.
le alax okik.
kʼo p waq pa u wiʼ ri mex a.
are kawaj na kin ʼe taj.
ri ya wal ku koj ri alichi u xe ʼ ri chakachare usu ʼ t.
na kaqa kʼam tu ʼ b ʼi kamik.
ri aj tij kub ʼij chike: rajawa xikke qachaj ij ri awaj , are u tiko ʼ n ria jaw.
x in tij mu kuniwir.
kʼax le u wiʼ taq le nu qʼab ʼ.
x in loq ʼ jun il b ʼal wib ʼ.
waʼ we qʼij , nim ub ʼan tajik.
ri u xe ʼal riqa tinamit man ka sach taj.
xoj b ʼinik .
ria chalal jun am ki wach.
x in we taʼma j ri lik wib ʼ.
nim riu naʼo j wa j tij.
mi qʼin ri kʼul.
aj qʼojom ria te ʼ k.
che le sa nik che ʼ kb ʼan wiri qʼojom.
ka pe le awel pa nawal jaʼ.
ri meso nel tajink chakunik.
u tz chaqe kaqa to ʼ qib ʼ, taq kʼo kʼax kʼolil , kate we chiʼ n ria jaw paqa wiʼ.
x awi lo, x qʼatan leib ʼo y.
xat kowinik x ab ʼano.
kiʼ ri kʼawex.
kaj il il ri b ʼe.
le ali xel b ʼik.
are ʼ x raj x inb ʼano.
nim we ab ʼaj.
je ʼ lik u tiʼ jol al ri saq ko ʼ r.
noj inaq rikej.
we ka tijan xu x man kat uto ʼ ta chiu qʼati xik le kʼakʼ yab ʼil corona virus ( 2019 -nco v).
na nim ta raqan waʼ we cheʼ.
u tz alajaj chak , ri wel.
¿jampa ʼ kuj b ʼe pa nima qʼij ?
rajawa xik tane laʼ kat chakun wu kʼ.
xu taq chiʼ j pa waram pulew.
man are taria x wan xelik.
ria wix xu loq ʼ rachoch re nimal.
are ri ix oq x in si kʼin u loq.
ri chʼi ma kʼat ʼon na.
la xib ʼan lei chak ?
kʼi tinamite kʼopa chʼo ʼ j.
kʼo ju puq chi j chiu xe ʼ ri cheʼ.
ri ux aq ria b ʼix are u warikej.
ka winaq qʼataj.
la kix pe pa tijob ʼal ?
we ke chaj ix taq le kʼwa jacha kinb ʼij ; jun alik kʼo jaʼ xu qujeʼ sib ʼalaj saq lo loj.
x re taʼma j.
ri alab ʼom ri al itom ab ʼtaj in ki ki tijoj kib ʼ rech su taq, are kakaj kikib ʼan nim aqachi jab ʼ chu pam ri ki kʼas lemal, xu quje kʼochik ju puq b ʼi xo nel chu pam ri komon.
la tz ʼu wach ri b ʼe.
kʼakʼ ria chʼi chʼ.
qono jel uj , uj may ab ʼ taq winaq.
no jel qʼij ri at iʼ x kuy u qʼuj le taqaw aj je laʼ pa ni kʼaj jaʼ, chirij ri juy ub ʼ ub ʼiʼ te naʼ.
pa qʼom chik risiʼ.
kin tzu kunchela.
kaki tij le kinaqʼ, le ichaj , le u waʼ lik ru kʼ le j.
xe kan aj kan le aj chak ib ʼ.
ketikon ria chi jab ʼ.
sib ʼalaj itzel ub ʼantaj ik ri chʼ ilakan.
ria te ʼ k xumal tyoxij cheri ra tiʼt , rumal riu tz alaj no ʼ j ib ʼal xu kʼut chech.
k kamul ix u chak ria b ʼix.
la x in u tzu kuj le tijo xel ?
are ʼ kachakun rono jel qʼij.
lee kʼaʼ na taq tz ʼiʼ.
saq ri j ri plam ux.
jas xa qʼiʼo xa tijo.
jas ru kʼ xkichap wi u tijik le rik il ?
we ka tatin ru kʼ kʼatan jaʼ man ku qʼate j tale kʼakʼ yab ʼil corona virus.
la katb ʼin pale ux lanb ʼal ?
la waral kʼux ix waʼ wi?
are le nu tatk in loq ʼonik.
tajink chakun ri ala.
kʼo ri kiʼkotem alaw u kʼ.
xu ta jachin ka ʼek.
xat waʼik x in wilo.
x tzaq ri rachoch rumal ri jab ʼ.
pale jun ikʼ chik are nima qʼij.
e keb ʼäm keb ʼin pa u wiʼ ri tem.
m em riachi.
ri wi kan cha liʼ ykel pa juy ub ʼ chwi tzi rib ʼal.
le raj il, la pa ja xel a qʼaxw u ʼ b ʼik ?
pa ri su ʼ t p isom wirile j.
koj petikkol qa kʼam aʼ.
taj in katchʼopin chiu wach ri taqʼaj.
le qʼor x chʼu qik.
kʼax waʼ im aw umal.
kinb ʼison chelewal.
sib ʼalaj kʼo kʼ ri awatz ʼyaq.
kamik x uj b ʼe che u tikik taq cheʼ pa ri juy ub ʼ .
ki nulo qʼoj le nu tat.
cha qiʼ j chik ri chaj.
x y il ixha way i.
na x naʼ taj tachke chi xe atinik.
ru kʼ kʼu waʼ we riʼ, ri ixk kʼo jiʼ jun u tz alaj i kʼas lemal riʼ chki wach ri winaq che man e kʼotai w u kʼ , kʼate kʼu riʼ man kʼota jun winaq riʼ rajawa xik chiwech.
e petinaq pa b ʼe le rachala xik.
ka kaj le a kʼalab ʼ ke waʼik.
x uj chʼay b ʼik .
ri nu chak are qʼaxel tzi j.
kʼonar ux lab ʼ ri awaj.
taj in kel loq, ri qʼij.
xu qʼiʼo x kam sax ri rachalal choch.
ri num am are kʼo u qʼi nomal.
x kʼul mataj ju mul, xub ʼanjun nim alaj jab ʼ, man xb ʼeye taj tana xu kʼis leuy uqʼ chike.
am aʼ ri nu tz ʼiʼ.
je waʼ kat petik.
x in kosik rumal x in chakunik
i wech chi jujun al, ri wa.
xu qʼiʼo na xa tatintaj.
in riq taj inaq pa ri kʼay ib ʼal .
na we taʼm taj.
kʼax le nu qʼab ʼ.
u tz le xub ʼij le achi.
ke matz ʼib ʼ.
kʼo rachalal pa tz ʼoloj che ʼ ri pe ʼ l.
rono jel waʼ we jastaq riʼ, x ask sach wi u wach waʼ; ru kʼ we riʼ, ri ix, rajawa xik che kʼo jun tyox la ji kʼas lemal e k kʼo jiʼ rii chʼawe m ru kʼ ri dyos,
x m uq taj ri pa tz ʼan.
ri chʼi chʼ tzi jom ka noq pa riu kʼolb ʼal .
man kʼota u cholaj pataq ria w uj.
ja chike ikʼ leu nima qʼij le tinamit na wal jaʼ ?
xe petik xol ki kʼam aʼ.
kachu qʼ chu t ri jaʼ chi apam.
x inb ʼij iwir chi xe b ʼepa armita.
are ʼ u xe ʼojer tzi j waral kʼi cheʼ ub ʼiʼ.
x kʼis ri nu siʼ.
jawi xkib ʼij wi chike ʼ ewi?
¡ x aje kʼu riʼ, jachin taq rie kʼopa ri jude ʼ a, chi cha nim cheʼa nima jub ʼipa taq ri juy ub ʼ,
kʼakʼ ria b ʼ.
la kʼo jun na ka kʼoxo maj taj ?
na u tz tale u tʼi som le alma riy.
man yaʼtal taj chia we katok pa ja.
je ʼ, xat u tzu kuj.
are kel waj x aq ib ʼ u qʼij rix kʼojik.
ri xu n ku rk kʼoji ʼ pataq ri triko.
xi n sachik.
xu t ʼuy ub ʼaʼ
na nu tom ta le tzi j …
wa chʼom ri kiwari no ʼ s.
e kʼo job ʼ chʼi l wakʼ.
rajawi xik chi pataq ri tijob ʼal , pa ni kʼaj ub ʼixik chik
ri rajawr ulew are ʼ tat kel.
we kʼu xokik, we kʼ na xok ta
we achi xu si pa j jun p ʼot chwe.
a tat u taqo ʼ n le qʼatal tzi j.
na qʼan ta u wach leqap rut.
ri x aʼ r kʼopa u wiʼ ri qʼaqʼ kpo qʼowik.
ri ro qʼej ri alija chak pe jun akʼal.
kʼo jun alapa tijob ʼal .
säq u wiʼ ri tat aʼ.
ri witz ikʼ taj in kpeloq.
jawix sach on wi kan u yaʼik lep waq che.
u tz we achiwe x in kuna nik.
qono jel kuj waʼ pa u wiʼ ri mex a.
rika x laʼ nik man po qontaj.
in x in b ʼe ru kʼ ri wach iʼ l.
sib ʼalaj je ʼ l xki lo xe ki tz oqopi j ri kichij chilaʼ.
kinb ʼinik x inʼek.
kʼax kʼolik, ka chaʼ.
kutij ixim ria kʼ.
ri alix chel, xu qʼiʼo xa jun akʼxsi pa x che.
x qasi kʼij le ix oq chu tz akiksub ʼ .
mata xab ʼinsaj le chʼi chʼ.
ri pix tz ʼara lik rumal rie qaʼ n.
¿jampa ʼ kel chi 3%
kʼo jun nu kʼotoj chiʼaj.
taj in ke waʼ kat ri alab ʼom .
x in loq ʼ le nu kʼa kʼapo ʼ t.
na u tz ak ik ta sub ʼ tajin ku ʼa no
xo ju taq chiʼ i j x oj wa ʼik.
iwech ri ab ʼix.
saq ri j ri chij.
aj sik cheri tinamit kel wiri tat aʼ.
- ¡ ay ! x ax in tzaq u loq, kʼax we waqa n.
x kʼul mataj pa jun komon chiʼ u wach jun juy ub ʼ, xu riqa jun qʼij xki riq kib ʼjuni mul ru kʼ le kok.
jas xa taq chiʼ j le akʼal chu tijik ?
x inchapo su xu lo qʼo.
qʼi nom riachi.
ri kʼum k tijo w ru kʼ kab ʼ.
tajin ke jach ʼanik.
tze b ʼal u kemik le pa saw umal.
are kayoʼw leu chiko pille ub ʼantaj ik try pa no soma brucei.
we kat nima nik u tz kelik.
pe rono ʼ jimal petnaq loq, .
are le nu chak jun tzu qb ʼal wib ʼ.
x kuna x ley awab ʼ rumal leaj qʼij.
ri u kʼu ʼ x tz ʼib ʼ paqa tzi jel aj uj.
sib ʼalaj je ʼ lik rie qab ʼal xub ʼan ri lu ʼ s.
sib ʼalaj at kon.
e man xo ri ju puq ke j.
na x naʼ taj tachke xe atinik.
ri kʼamal b ʼe xub ʼij chike, chi maja ria nim.
jum u chʼ ri nu jun ab ʼ.
qʼip taj inaq ri raqan ri tem.
k chakun ru kʼ ri josb ʼal cheʼ ri aj anel.
xa taq chiʼ j le akʼal chu tijik ka r.
oj kʼo pale ro ʼ chle awel.
¿la kat pequ kʼ chwe ʼ q?
le winaq pale chʼi chʼet ʼuy ul lowi.
x kanaj ka noq chiu xe ʼ ri jab ʼ ri chʼaʼn.
nim ri ja.
we ta xa kunaj le a tat matax kam laʼ.
na nu kʼamom tu ʼ la riʼ.
ch qa nu kʼu ʼ riqa tzi j.
kimb ʼe pale tinamit.
x in qʼiʼo na xin atintaj.
rajawa xik kakʼaman cha we le u tijik le le j.
kʼisb ʼal taq no ʼ j ib ʼal .
xi ne ʼ waʼ oq.
xkib ʼan kʼax che le u w osaq rumal man u tz tachika kayik.
ri qʼu tu ʼ m man kech talea kʼalab ʼ.
are na nim talea tz ʼiʼ chu wach le nu tz ʼiʼ.
xe petik x olk ilaʼ.
¿jaw chiʼ xa taʼ che x kam rium am ri po ʼ x ?
e keb ʼ ke kʼam b ʼik patuj.
x in loq ʼ jun japa ri w okaj ja.
ria x tu ʼ b ʼ, kʼoqul aj chech.
jas ka raj ka ʼan chu tz akikleti ʼij.
xu tij lewa.
x imb ʼal re tzi j.
x pa x ri b ʼo ʼ j.
we kawaj katinto ʼox aq xu wi kab ʼij chiwe.
jas nu kʼu ku chʼo b ʼo.
jaska raj ku tijo ?
xe x ru x lab ʼ ri rik il.
e ni tz ʼaʼ qle taqim ul.
we tane in x in b ʼanow ik, are le ate ʼ k xb ʼanow ik.
kin tz alij pale nu tinamit.
ri nu chaqʼ kʼopa uro ʼ qʼatoj tijonik pa ri tijob ʼal .
x in x iʼ j wib ʼ x in chʼawik.
kʼo chwaro ʼ chle pare.
chi raqan kab ʼin wiri tataʼ.
x sach on ka nu yaʼik le p waq chechoja.
x in qʼax chiki xo ʼ l ri winaq.
ke tiko nik.
ri ulew man qech taj , kech ri qatiʼ tqamam.
xe pe le winaq xol ki kʼam aʼ.
xu loq ʼ ri w uj rumal ri ali.
chewe qʼij kamik kʼo jun nu tzi jo nem chirij le nu tinamit.
kej riʼ.
x kunan alaq chwe.
ki nu si kʼij le nu na n.
ri i mul xu chʼi j taj , x kanaj pa b ʼe , rumal ri nimal kuja luj ri i mul , xu tz aq ria nim.
kub ʼan riu xo qʼo ʼ l ri aj tz ʼaq.
ri la sib ʼalaj u tz che kunab ʼal .
kʼi ki wach rie ʼ aj chak ib ʼ pa ri komon tyox , kʼate kʼut xa jun chia jaw xel ;
x qa tachix atulik.
kawaj chika tʼek.
chʼu tiʼ n ke kanaj ri xa jab ʼ chech.
kaqa x iʼ j qib ʼ kaqa chapo.
e kʼo keb ʼ u kʼaj ol le tat x wan.
lu ʼ sub ʼiʼ ri rech am.
aj chiu wiʼm iqʼ in jaʼ ri lu ʼ.
x in ya kan le nu chimpa kʼay b ʼal.
kʼate x ri lo , x pe riu na n cheu tzu kuxik, x kikotik, xusal ab ʼisaj ri taq uxkin.
xki kʼut chiu wach ri aj tij xu qujeʼ chiki wach ri taqni kʼaj kachil.
u tz le nu qʼab ʼ.
kulleal we ʼ l pa austin chaqʼab ʼ kamik.
ria te ʼ k x tzaq loq are chi kʼopa u wiʼ ri qʼaʼm.
aj patan ri teʼk.
xat qaj chiu pam ri il.
la kʼo tzi j na ki kʼoxo maj taj ?
x sach on chke chi xe atinik.
rono jel le ulewe chalaq.
la xeb ʼe kʼula xe ʼ ki jaqa kʼuleu chiʼ ja?
x aq kat chʼo knaj iwir.
kamik kʼochiri jastaqa we.
are chiʼ kakʼis ri jun ab ʼ kʼo qʼi nom.
pan awal jaʼ x inale xik.
na x in ta taj we are ria kʼal kix tzu quwik.
¡ r ulew risab ʼ uloner ulew rineftali, ub ʼe ri polow, r ulew ri jord an, gal ile ʼ akech ri je taqam aqʼ !
ra x, ra x, ra x, kʼo kʼ, kʼo kʼ, kʼo kʼ le rux lab ʼ le taq tiko ʼ n.
achix atwi lo.
paqal raj il le pix kamik.
xoj b ʼinik .
pa jun je ʼ l tijob ʼal ku tijoj ri b ʼ jun akʼal , ub ʼiʼ po ʼ x , u tz kuri lok e pa tijob ʼal rono jel taq qʼij.
x waj chix at ʼe taj.
u tz laʼ le xub ʼij le achi.
we taʼam jachin ka petik.
kin qʼojom anik.
x in qʼiʼota kʼalik x in petik.
are ʼ re taʼm che kino panik.
are tab ʼale qa qajaw chat to ʼ wik.
ka winaq waq ib ʼ qʼataj.
na qaj chik cheri u waq kaj b ʼal are taq chiʼk sach u wach ri qʼij , kok ri qʼe quʼ m chu wach ulew, chi kʼate ʼ nari b ʼe le je b ʼ kaj b ʼal .
job ʼ raqan ri tz ʼalam xe poro xik.
sib ʼalaj ko ri j ri mop.
are waʼ.
je laʼ pa ri timinit chwi kab yok rech xe laj u ʼ, le qananqa tat kaki tiko jeʼ l alaj taq u wachich aj.
kʼax nu qul.
xu ʼ lu kʼam aʼ.
koj ul ki tzu kuj.
are man kʼax ta u kuna xik are taq aninaq kaʼ il itaj we yab ʼilal xu qujeʼ mojo ʼ qa kuyaʼ le kʼax kʼolil chech le joloma j.
ri wel kʼopa tijonik.
kawaj kinb ʼij.
riko tz ʼiʼ j kqa koj chiu pam ri ja.
qʼeq qʼoj ri j ri am aʼ ke j.
na x waj taj x in chʼawik.
ch pe tab ʼal e lo qʼalaj jab ʼ .
x sach on chke xat kisi kʼij.
e le qʼal chʼi chʼ.
jachin x awi lo chi are x tijow ri tiʼ j ?
mata kab ʼe le nu xb ʼal pale tinamit.
p im ru q, ri ali.
¿ kʼo ri mu qʼe chia wech ?
kqab ʼij man ke kowinta j.
kin tij na.
kʼo jun qat ʼu ʼ y pa ja!
kʼo p uj chiu pam ri chʼaʼk.
are taq kinko sik kin warik.
xat waʼik x in wi lo
in xin chʼayow le achi.
kono jel ri ala xik ke ʼ etz ʼanik.
jas ru kʼ xki tij wile ki rik il ?
aninaq il katpetik.
nara x ta u wach le juy ub ʼ.
ri tz ʼalam tz ʼib ʼab ʼal raxk kay ik.
we chat chakunik, kʼo awa.
m aʼ tam xat pe cheri waʼim.
ka mul kin waʼ na.
ri sik ilk tijo w ru kʼik.
kimb ʼe aqʼan ru kʼ le altalin.
xo jʼe k xe ʼ qilala rqasok.
xe ki qʼil leaj chak ib ʼ xki w ok leja.
ma tane x waj le kʼuh jnem ru kʼ le ate ʼ k.
are xe ʼo pan chiu chiʼ ri juy ub ʼ, xki lo chi man qas tak ʼo qʼayes.
kʼate kʼut , ri jesusman kkojon tach kech rie ʼ are ʼ, rumal rech che kono jel re taʼm ki wach,
pa ʼ tz ri j ri tz ʼiʼ.
ju winaq waq ib ʼ qʼataj.
a te laqʼom.
x aqat jo ʼ s.
ri qʼatzu, are qʼalaj riu qʼij il.
aj chak we ala.
ub ʼe le ju ka kʼal taqanik (29).
keb ʼ nu b ʼiʼ kʼolik.
la ka tz alij lu ʼ la aninaq ?
ka tzu kunla chwe.
la kaj la koj b ʼe ʼ pale chomal chwe ʼ q?
x in nab ʼej chu tas ikqa kʼolib ʼal .
lal xin to ʼ wik.
sib ʼ alajano ʼ j ib ʼal .
xo j petik x olqa kʼam aʼ.
sib ʼalaj je ʼ lik riu waʼ l rii cha j.
kʼax wi j rumal in pa cha lik.
are taq xu kʼul maj waʼ xu l riu choma nik xub ʼij : are u tz waa qʼab ʼ kinwalij ik, are chaʼ cha nim kino pan pa tijob ʼal , maj chik in kʼul maj.
o jaj xo jolob ʼ pa awas qʼij.
x in sach che leu w okik le tzi j.
e jul aj uj ria kʼ.
xu ta jampa ʼ kojʼek.
qilik .
ri tijo xel man are ta nim chu wach ri raj tij. riu tz tijo xel qas je riʼ kʼolik jas ri raj tij.
in x atin chʼayo.
no ʼ jim chak w umal.
chʼur ri jo chʼ.
in kinb ʼij na kat sach taj.
uj may ab ʼ.
ria b ʼaj ya tz alik.
taj in ke pix b ʼax ria kʼalab ʼ.
chom ri aq.
xin warik.
e lemen kono jel ria kʼalab ʼ.
tajink qʼana rik ri we re ʼ aj.
le u kemik le pa su tz ( cha we ).
xuy u pub ʼau wach raʼ chi, ka chaʼ,.
ri satanas kok pa ri judas ri kb ʼix iskar iʼotech rech , ri are ʼ jun chki xo ʼ l rie kab ʼ laj uj.
chu chu ri pa r.
kin qum uj rinujo chʼ.
chech punción lumbar am aqʼel rajawa xik chech ri lik le u kʼ e xb ʼem wile nab ʼe ru kʼ le u kab ʼ u kʼutu nem ley ab ʼ ilal.
qʼalaj chinak awaj taj kab ʼij.
kʼo qʼol chirij risiʼ.
jawi xo jʼe wi chu lo qʼik ?
kʼo u lo chʼ ri talin.
qʼan ri j ria tiʼt nu ke j.
la x tz alijla iwir?
xe si kʼi xik, kʼate kʼu riʼ xe yaj ik, xu qujeʼ xe taq b ʼi cheu si kʼik lemes.
la kix warik?
are kʼul e pa loma x xub ʼij che: -mam katb ʼison taj , kinsi kʼij ni kʼaj wa chiʼ l ke rapa p ik.
aʼre e tijo xel ab ʼ.
ri alajal is iʼ l xub ʼij x qachappa u tz al ri tyox.
x sach on chke jachin xe atinik.
jas xu ray ij le a nan xu tijo ?
xin kosik.
rax rono jel ri qʼay es rumal leja b ʼ.
kin ya waʼ we chʼi chʼ p inem na u tz .
no ʼ jim u pa chʼu xik le nu wiʼ.
na j kʼowilew o ʼ ch chu wach le tijob ʼal .
ri ok ib ʼal kʼochiu wach ri saqja.
xe nu taq chʼi j ke kille a kʼalab ʼ .
kʼo jun qʼo x owem chiwe.
tza ri choʼ m.
we choj b ʼe pale nim aqʼij, ke qille ajxo jolob ʼ .
xo jʼe k xe ʼ qilala rqasok.
ria te ʼ k xu taʼ chech ri nan to ʼ n :- nan jas che ʼ chi man kaj tal aqa kʼat isaj ri jo ʼ q.
ri p al sib ʼalaj xu ʼ y.
kinkoj ri jo kb ʼal ulew.
in kinb ʼij na kat sachtaj
at raj kunle nu nan.
ku qam uj uj oron riaj tzi j.
lu ʼ tz ʼalam ub ʼiʼ ria chikel pa nim cheʼ.
je ʼ lik u tiʼ jol al ri saq ko ʼ r.
kʼo jun x aʼ r pa ja.
x in loq ʼ jun kʼakʼ patan.
kʼax u kemik le pa saw umal.
aninaq u kemik le pa saw umal
ri chʼaʼ n sachinaq pataq ab ʼ ix.
rax taq le ko tz ʼiʼ j.
me som ka noq riu pam ja.
man are ta ralax kosik.
ri komon xech pu p rech u qʼab ʼ tinamit xo ʼ l ab ʼaj rech qʼumar ka j.
la u tz ak ik kʼusub ʼ tajin ku ʼano?
katel a!
na xu tij taj.
xa rumal ke taʼm kono jel ri winaq kki qum uj le jaʼ.
iwir xu j tz alij la pa kʼay b ʼal.
qe taʼm che riqa wakuj u toʼo.
ri aj tij, kyaj on chikech ria kʼalab ʼ .
jasub ʼanom le nu chʼu ti tat ?
chwe ʼ q kinb ʼepa nim tinamit.
u tz we ki we taʼma j jas kub ʼij ri chol b ʼal qʼij.
taj in katji lo w cheu qʼo xom jolom aj.
x in tik qʼax chiu wach ri ja.
kʼax le kib ʼe le winaq.
loq ʼ kat kuntaj che ley ab ʼil ( covid -19).
ri nu x ib ʼal kel pa qaj b ʼal qʼij.
x ri l ria x wan chix waʼ ri ala.
le alix kuna tajik.
we ta ka pe le jab ʼ kamik.
x in we taʼma j chi na x at petaj.
ri p waq rech we qʼataj riʼ ke sax chech ri toj b ʼal kʼay inem.
k tij ri u waʼ lik rumal riki nima qʼij.
xu chapu kuna xik.
chatan loq ali.
x in xu liʼ qaj oq.
je ʼ lik k tijo w ri taqik ox.
kʼate kʼu ri le tat xo ʼ r xub ʼij , man kawaj taj , man kawaj taj.
kʼo jun tz ʼiʼ pa b ʼe.
ka mul x in pe chea tzu kuxik.
man taj in tak in chakunik.
kin chakunik rech kat waʼik.
jas ru kʼ x awil wichi xki qupij wileti ʼ j.
jas ub ʼixik … ?
koqʼ ria kʼal.
kawaj na kat ʼe taj.
xat qʼaj ik.
we m na cha lo qʼaxiy al , na kimb ʼeta aw u kʼ.
xo panlew ujaw u kʼ rumal we chin.
are kʼut pale juy ub ʼ k kʼiy jo ron, chilaʼ xe ki kʼama wiri jaʼ ri winaq.
koqʼ ria kʼal.
we kʼo araj il cha kʼamal oq.
are sib ʼalaj kaqle a po ʼ t chu wach le nupo ʼ t.
x in kʼas taj pa kab ʼ laj uj kaj b ʼal .
kaqoy ʼe jnak ix petaj.
koka xim ri chi j xa jel aʼ man ka nima j tab ʼ ik.
ri kokno jim xb ʼek, xu chʼi joxo pan pa u kʼisb ʼal il lea nim.
x oj kiʼkotik are taq x atulik.
kaqi tz ʼ na j ri ux aj ab ʼ ria kʼal.
ri jesusk waʼ kat pa ri nim rachoch ri dyos, chu xe ʼ ri jun jache rachoch risa lomon.
we taqanik riʼ kub ʼij chi rajawa xik kyaʼu qʼij ri winaq xu qujeʼ kto ʼaninaq il.
ria xu x are nari u kunel ri kinaqʼ.
are taq waʼ riu qʼi jol we taqanik.
kʼo juntab ʼal pa u wiʼ ri x kanul ub ʼiʼ laj uj no ʼ j.
y uʼ lub ʼanom riu kolob ʼ rikej.
xa nim aj ria kʼal chiu wach ri u chu ch.
k kunan riachi.
kin waʼ ik rech na kin yowaj taj.
aj xik chʼi chʼ ri luʼs.
kwa j che ixki xb ʼanow ik.
aʼre xe to ʼ wal aq.
xo jʼe k xe ʼ qilala rqasok.
x in loq ʼ jun chʼi chʼ, qaj inaq u wach.
ku tʼis ri panta lon.
e jani pale awal kʼwale kʼolik ?
u tzu kemik le pas cha we.
ri max are aj qʼa ni yaʼ.
mata b ʼachi riq kʼax pale b ʼe.
taj in ka nima j, ri me ʼ s.
ix i xe ʼ laqʼoma b ʼ !
x sachan chwe.
e kʼo kʼi cheʼ, chiu wach ri juy ub ʼ .
are waʼ ri nim alaj pix ab ʼe are waʼ ri nab ʼe.
x re taʼma j chi ru kʼ pa kʼ ku tij wi
jasu tz ak ik le sub ʼ xu ʼano?
aj xo ʼ y ri wikan.
we tane aʼ re xe tijow le rik il, are le komon xe tijowik.
sib ʼalaj aninaq ka chʼaw le are ʼ chin u wach in.
u tz we kin chak uj.
me ʼ s laʼ.
kʼo kanwa rech kaqa tijo.
x in si kʼij la.
ria kʼal x sach ka noq je laʼ pa taqʼaj.
xe si kʼij la.
jawi xkib ʼij wi chike ʼ ewi?
rumal che, man ix ta riʼ ri kix chʼaw ik, are ri ru x lab ʼaxel rii tat riʼ rik chʼaw na iw u kʼ ri ix.
kʼakʼ ri wachoch.
sib ʼalaj u tz kinwille a tz ʼya q rech nahuala.
saq por kkay ri kipo ʼ trinan.
x sach on ri nu chak chwe.
waʼ im xu chapo.
ri qʼaqʼ taj in kaj uluw ik.
na j il u pam ri si wan.
e kʼo ri qachalal pa chiu wiʼ la.
jas xa taq chiʼ j le akʼal chu tijik ?
no ʼ jim u kemik le pa saw umal.
kʼo jun ku kub ʼiʼ tintin, waʼ le laj ku kmam ka jeqi taj , kapaqi ka xu lik pa u wiʼ u qʼab ʼ taq cheʼ, sib ʼalaj sa kʼaj , ke ʼuto le e nim aʼq, ch ʼutin, rachiʼ l, aj si pa nel sib ʼalaj u tz ra nima ʼ.
ri u pix ab ʼ le qʼatb ʼal tzi j ki yaʼub ʼixik.
na x sachonta chke xe atinik.
xe qil le chiko p pu wileja.
x lo ʼ taj ria kʼal.
qono jel kuj waʼ pa u wiʼ ri mex a.
xsi ki r le waqan.
la xat waʼ kʼut ?
nim ub ʼaqʼ ri tulul.
kin xik ʼi kʼik x in qʼaxik.
la katb ʼe pale tinamit ?
ri pa l sib ʼalaj saqʼor.
kqʼo xo w nu jalom.
x in naʼo chik at petik.
x loq ʼ ulewi we chix.
x in chakun ru kʼ ri num am.
na x qab ʼan taj.
kkʼo jiʼ b ʼaʼ ri u si panik ria jaw xel jesusk risto ru kʼ ria w ux lab ʼal !
kin chʼaw ru kʼ le nunan pale chʼawe b ʼal .
sib ʼalaj qʼe quʼ m rumal rimay ul.
are leba xu lik.
xe kos le ix oq ib ʼ pale b ʼe .
kʼax ri lik le akʼal chawe.
x in qʼiʼo x ina tinpa j oron.
sib ʼalaj nim le tinamit.
kʼax u kemik le pa saw umal.
xi n sachik.
taj in kelu kikʼel pa raqan ri tz ʼiʼ.
x in we taʼma j ri lik wib ʼ
ri qʼu qʼ are jun jeʼ l chikop.
kʼopa ja tijob ʼal ri wik aqʼ.
ri sach ib ʼal mak raj wa xik chiqa xo ʼ l.
je ʼ , kimb ʼek.
je la le ʼ ri nu p wiʼ.
xub ʼij che :- jas x ab ʼan otintin ?
kab ʼanjun to qʼo b ʼ kyak ri nu jal.
kat ʼek xinta.
jas leu kʼex b ʼem ri b ʼ le jun ru kʼ le jun chik ?
aj chiu wiʼm iqʼ in jaʼ ri lu ʼ.
ri tijo nel naj kpe wi.
te ʼ kix cho b ʼ ub ʼiʼ ri nu tat.
ri jaʼ kami qʼik chiu wach ri qʼaqʼ.
rit ʼu ʼ y kpa qʼowik.
kin meson na.
na qajat kʼowichi wech.
x in b ʼisonik taqna xat pet taj.
we x kam ri winaq , ri p waq rech toj b ʼal ma kaj kyaʼ chikech ri rala xik.
ri nunan xb ʼepa kʼay b ʼal.
xo ju kʼamu loq rech koj ri lo
x kʼoto chin chiki wach chik in waʼ aw u kʼ.
na xki kamsaj taj xki kʼam b ʼichoja.
kʼakʼ ri ikʼ kamik.
x imb ʼe ru kʼ le aj kuniwir.
ri lik.
le tz ʼiʼ xekosik.
x in kikotaw umal.
ri im ul xu maj ria nim , xuya kanle kok.
kʼo oj cheri akʼal.
x uj b ʼepa jun kʼula nem.
u tz we kwa ral aq.
ka qilo chinako ju kʼam taj.
x re taʼma j chi ru kʼ pa kʼkutij wi.
sib ʼalaj x in kʼaʼ narik.
x inkochij ri nu wa.
man kat kowin taj kat chakunik , we man kʼota ri aj ilab ʼal .
we w onon xub ʼij chike:-k ixinto.
ri ala nim k ril wiri umam.
x kaʼ y chirij , x kaʼ y chu wach , ma kʼota chi jun ksi lo b ʼik, xo qʼik xu xe ʼ j ri b ʼ x chʼo p inik x tz alij loq xu riq tachik riub ʼe .
kʼo pu scheri wa.
p inem na kab ʼe le wa tz, kimb ʼe wi in pa kaʼ y ib ʼal .
ri nan to ʼ n nim winaq chik, saq u wiʼ, rono jel aqʼab ʼ u tz ku naʼo kat ʼuy iʼ pa u tem, kumi qʼisaj ri b ʼ chori qʼij , kʼo jun u wiʼ u mam ub ʼiʼ ate ʼ k.
man e kʼi taj riqu laʼ.
qʼalaj chinak awaj taj kab ʼij
x pa qab ʼisax raj il rono jel ri kem.
kʼopa ri jul ri ku matz.
rono jel qʼij kin chʼaj le nu ware.
saq chi kan lei chaj rech katzako.
chu xe le qachomal kaqatij wi jun qam eq ʼin.
cha wilaʼ.
e kʼojob ʼum iʼ al, ri nu tat.
jas ru kʼ x awil wi
je ʼ jas ri winaq rech ri u wach ulew, x oquje ʼ ke pena riʼ rie ʼ are ʼ chee rech ri u wach ulew; je ʼ jas ri winaq rech ri kaj , x oquje ʼ ke pena riʼ rie ʼ are ʼ e rech ri kaj.
xin tijo.
k tz ʼuju w ri rachoch ri po ʼ x.
xu qʼiʼo are leu kʼulel x yaʼow uwa.
ria wel x re taʼma j chi rajawa xik man ku xe j tarib ʼ cheri tukur.
ju kʼulaj winaq xe ʼ a nimaj b ʼik.
je ʼ, x in tz alij ik.
xo j petik x olqa kʼam aʼ.
maj jachin x ʼek.
in aj tij; attijo xel.
saq u wiʼ ri tataʼ.
wech ri kem.
le ro ʼ ch le ate ʼ k kʼo chwach le u kʼay le nu nan.
kb ʼepa ri si riʼ a e pa ri si lisiʼa, jawi je ʼ kuya wiri kichu qʼab ʼ ri komon tyox.
pix ab ʼ : man u tz taj kʼax kuj chʼaw chiki j ni kʼaj qa chil.
x kuna taj le ali( kumal ri ix oq ib ʼ ).
ri xib ʼib ʼal chi kʼowi pataq riqa kʼas lemal rono jel qʼij.
na kuj war ta waral.
on chek kʼo jiʼ riu tz il chi xo ʼ l, are ch jun am riqa kojonik, jun am ri iwe chix ru kʼ ri we chin.
pa ox qʼij risa ʼ n kb ʼenaru kʼ ri aj kun.
ka winaq w uq ub ʼ.
jas kawaj kin tijo ?
we tax atb ʼew u kʼ pale tinamit, xa lo qʼtal aʼ le u jastaq le akʼa jol.
keb ʼepa waʼim.
x in loq ʼ kʼiwa.
pa jun nim kʼa cheʼ laj , kʼo jun kʼ waʼ sib ʼalaj saq lo loj , nim u wach.
kwa j katij jub ʼaʼ wa.
rono jel winaq k ri l nari u kolo nem ri dyos ».
x kʼoto chin chiki wach chik in waʼ aw u kʼ
kwaj na kat ʼe taj.
la xa loq ʼ jun alej ?
e kʼo rie loq ʼom anel.
ri u kab ʼ ub ʼiʼ ri num am are ya y.
kin jo pij rii jaʼ rech triko.
x naʼ taj chke xe atinik.
xa te ʼ qilaʼ.
kaki tij alan xa x ri winaq.
. . . kinb ʼij chi are waʼ sinxi ʼan.
na xin nab ʼej tachu ta sik qa kʼolib ʼal .
rumal rech chewe ri in, kin chʼaw ru kʼ ri dyos pa chʼab ʼal,k chʼaw na kʼu riʼ ri w ux lab ʼal ru kʼ ri dyos, kʼate kʼut man kʼota u patan riʼ ch rech rinu choma b ʼal .
xe petik xki lo.
xu ta we ka tʼek.
u tzu kemik le pas cha we.
ri nu wakax xu tij jun qʼo qʼ rumal riʼ x kamik.
rumal ri kʼix , man ke waʼ taj ri winaq.
xe ʼu lik.
qʼe qrij ri am aʼ chi j.
x raj kaʼ eleu nan.
jun am ki jun ab ʼ.
na qʼalaj taj we ka ʼek.
ri wixnam chʼaj chʼoj ri rachoch.
waral man kʼotaj aj awal.
na iwir tax ri lle kʼamol b ʼe.
x inpe loqte kʼu riʼ x in tzu kuj rono jel rinura jil.
ria j tiko nel kutik ri tzi j.
kʼo e ki kʼaj ol le achi jab ʼ .
kutij qʼay es ri ix pa ʼ ch.
pa ri waʼ b ʼal e kʼoka winaq achi jab ʼ.
sipo j inaq ri nu pam.
kayaʼtaj ik ru kʼu tiʼo nem jun riu riqom le yab ʼilam olot setsé xu qujeʼ are kayaʼtaj pataq ri juy ub ʼ .
jachin ria chi?
ri nu mam x kamik are taq kʼo jum u chʼ laj ujujun ab ʼ.
kin kowinik kin kʼam b ʼilep waq.
kin wi lo chiu tz ria jiʼ.
x in qʼil ria po ʼ x che man kachakun taj.
k waʼ chiu wach le taqʼaj ri am aʼ akʼ.
rii mul xe po qʼik pa jun ikʼ.
x kʼiska noq riqa chak.
are ri alix oj ilow ka noq.
sib ʼalaj chʼu ʼ j ri amax.
kʼo nu wach iʼ.
in chaj inel kech le a kʼalab ʼ.
xe ko sletz ʼiʼ.
kinb ʼenak u kʼ ri molaj.
rono jel aqʼab ʼ kin y i tz ʼ ri wakax.
kara pinik xu tzu kuj chi jun awaj.
le u kemik le pa saninaq ( awumal ).
maj u raj il le qʼab ʼ arel.
kʼax riʼ ri ka chʼawik.
xo ju taq chiʼ j le achi chu lo qʼi kichaj.
sib ʼalaj kʼax ri x kʼul ma xik.
xki lo chinak in kʼoxo maj taj.
x naʼ taj chke chi xe atinik.
x kʼoto chin chiki wach chi xo jal w o ʼ qa ku kʼ.
jun qʼu ʼ qraj il ri kax laʼ n wa.
x in wi lo chi xe ʼelik.
e kʼo ix oq ib ʼ pale kʼay b ʼal .
man kʼotaj u kʼisik rimay ab ʼaj lab ʼal il.
ri sink kʼiy pa taqʼaj.
ri chʼi ma man k kʼiy taj pa taqʼaj.
rajawa xikk jikik ri waqän .
kawaj kinʼek.
e kʼo oxib ʼakʼ.
xub ʼij chwe jawi at kʼowi.
chwe ʼ qkuj b ʼe ʼ pam uq uj.
pa saq kʼajaʼ kb ʼan wiri uq.
xo j ki si kʼij.
xi n wil wib ʼ.
chaqʼ chik ri wa.
kimb ʼena kapalew o ʼ ch.
kawaj kinʼek.
ri chʼu ʼ k tij ru kʼ le j.
pa ri ki qʼij kaminaq ib ʼ kb ʼan qʼo ri kʼyaʼ rech aj : na b ʼe ri nan ku tzu kuj kan ri aj , ku jach ʼo ʼ xu quje ku kʼ e to.
jas kaj b ʼal cha nim ?
u tzu choma nik ri ali.
pa ri qʼij ox laj uj tijax kin kʼis keb ʼ jun ab ʼ kin chakun waral.
sib ʼalaj ko, ri kʼakʼ chʼat.
jaska raj kub ʼij … ?
ri chʼi chʼ kas il ab ʼik.
pa ojer qʼalp ul x aq xu wiri nim winaq ke kʼamow b ʼe .
le u kuna xik le u kab ʼ u kʼutunik are ru kʼ e flor ni tinaon utun ib ʼaxik le ni furtimo x chiʼ le flor nitina chech t. b. g.
are ria chix in chʼay owik.
jun achiub ʼik u ʼ xu si pa j keb ʼ kʼaʼ m ulew rech kab ʼan ri tijob ʼal , kamik, kʼochi kaj tij rech ri komon xech pup.
xumal tyoxij cheri aj tij rono jel le xu kʼut chiu wach.
pa ri b ʼe xki raq jun alaj im ul saq ri j , xki kʼam b ʼ ik.
x ri l le b ʼale ala.
jas kub ʼij chwe ?
le u kunatajem are ru kʼu tzu kuxik le u chiko pil pa jun u solik u xe ʼ le ki kʼon leja ʼ rech jun no do.
u tz we nu tz ʼiʼ.
je ʼ, taj in kachaponik .
ki nulo qʼoj le nu tat.
ka waj kimb ʼe pa tinamit.
are laʼ kin chak uj.
ri nim aʼq taq winaq kʼo ke taʼma b ʼal .
we tax atb ʼew u kʼ pale tinamit, xa lo qʼta waʼ we jas taq.
riki kʼas lemal. wa ixim ulew xa jun chima are ta tinimit rima
ri u kʼ yab ʼal na ju pam.
xat qaj chiu pam ri il.
no jim kat waʼik.
we kʼo junk tuqa ʼ rik, ¿la man x oquje ʼ taj kin tuqa ʼ r ri in ?
ojoj w okol ja.
a was kb ʼan kʼax che jun nim winaq.
x in chʼawa pan ru kʼ le wa nab ʼ.
kʼax riu pam ri ju ʼ l.
tajin ke waʼ ri im ul.
la kaj lak uj tz alij la aninaq ?
rumal rech cherima kaj man kʼota u kowinempi wiʼ ri ix : ri ix man ix kʼota chichu xe ʼ ri pix ab ʼ, xa ne ix kʼochu xe ʼ ri sipa nik.
nim raqan le cheʼ.
xin chapo.
areletu ʼ r le lo qʼom anel.
x as katkʼoji ʼ chiu pam ri chʼi chʼ.
sib ʼalaj nim raqan ri kʼamal b ʼe.
le tz ʼib ʼab ʼal we chin.
inxin to ʼ w la.
x aje kʼu riʼ ri ix kamik riʼ man ix ka x lan winaq tachik; ri ix, ix rech ri ki tinimit rie tyox laj taq winaq , ix rech ri rachoch ri dyos.
x in tiko x laj kʼali cha j.
kaqa riq qib ʼ chwe ʼ q.
sib ʼalaj u tz cheri wiʼ aj ri tuney.
we na jupulik ta xe qaj ik...
x in to ʼ taj cheri nu chak.
kʼo jun chiko pub ʼiʼ p um.
poqon ri ik.
xoj b ʼinik .
xu chʼek rono jel le re tamanik x paq iʼk kʼax k wʼinik xub ʼanaj kun .
kel ub ʼik pa ri jude ʼaek tz alij chiub ʼij u mul pa rigal ile ʼa.
x in axib ʼij pa b ʼe.
je ʼ l kʼo lem chi awachoch.
rono jel ri yaʼtal il pa we qʼataj , tz ʼaqat ki wach , man k tzaq ta ka noq xu qujeʼ man ktas taj.
xu kunaj le yawab ʼ le aj qʼij.
chi tatab ʼej jas le kimb ʼij.
chʼan al riachi.
pa b ʼoko ʼ kachakun wiri ta x.
uj kʼopa u wuq qʼij.
kiʼ riu kab ʼ ri aqaj.
kʼo rachalal pa tz ʼoloj che ʼ ri pe ʼ l.
xki lo chik in kʼo xom aj.
ri u kisakʼu tz kyaʼik chiu xe ʼ ri tiko ʼ n.
are taq chiʼ ka qʼan pu wiʼ ri ju kub ʼ, ri achi chex kʼoji ʼ ri itzel ux lab ʼal ru kʼ , ku tach rech ri are ʼ, arech k kʼo jiʼ ru kʼ ri are ʼ.
na kab ʼantaj taw umal.
x naʼ taj chke xe atinik.
x in pa j ri nu triko.
xe ʼok ri po kʼ pa riumexa ri po ʼ x.
kaj uluw ria qʼaʼ l chiu xe ʼ ri tʼu ʼ y.
awech leja.
x uj b ʼepa tzu rik.
nab ʼe xato panik.
ri u kab ʼ ub ʼiʼ ri num am are ya y.
u waj x aq u ka kʼal taqanik (28).
mata kʼo jun ka kanaj ka noq, qono jel koj b ʼe k.
e nim aʼq le al tom ab ʼ.
nim u wach ri po ʼ t.
kojonik pa riu tzi j wa ixim ulew.
jas xu kʼam b ʼil etz ʼiʼ x awi lo ?
x in petik, tat.
ri b ʼe laj u wach.
chi tatab ʼej jas ri kimb ʼij.
je ʼ l kuna ʼ ria b ʼix chiu pam riq uq ulew.
kinb ʼisoj u wach lewal.
xu t ʼuy ub ʼaʼ.
nim ria we qele ʼ n xa riqo.
xi ne ʼ waʼ oq.
chiʼ ke war wilea kʼalab ʼ.
ri nu miʼal xu taq loq jun taqo ʼ mw uj chiwe.
qʼe ʼ lik, ri chaj pa ri b ʼe.
la u tz awach? -u tz mal tyox , e kʼu ri at ? –u tz mal tyox.
x inkos rumal nu chak.
kb ʼe ku kʼ rie ʼ are ʼ e k tz alij pa rinas are te ke ʼu nima j.
ri joj xu kʼam b ʼik ria kʼ.
kʼochiwa chiʼ l cha nim.
kub ʼij chech naʼ l kab ʼan che ria tz ʼib ʼ .
e. . . in kawaj ka tz joj b ʼila chwe.
mata xin ya j le ali.
jachin ru kʼ katb ʼe wi?
kʼo sib ʼalaj e taʼma b ʼal pa rimay ab ʼ no ʼ j ib ʼal .
e man xo ri ju puq ke j.
ka sum um ri kaqiqʼ.
e kʼo kaj ib ʼ a kʼalab ʼ pale b ʼe .
je ʼ jas riu tatk kaʼ y ik.
x aqat molonel tzi j tal.
le nu tat ka loq ʼon chwe.
x aq tane kimb ʼe iw u kʼ.
x re taʼma ju chʼaj ik.
rumal laʼ x koj “ x al qʼat ” cheub ʼiʼ ri komon.
are leu kemik pa s x re taʼma j.
ri wa tiʼt kub ʼan nari u patan.
kʼakʼ lepo ʼ t.
re taʼm u wach jachin x lo qʼow ri pas.
ken chʼab ʼej le a kʼalab ʼ.
yaʼtal chaqe qono jel riuj winaq u tz kaq il qib ʼ .
xko tiʼpa qʼay esxo qʼik.
ka winaq b ʼe le jeb ʼ qʼataj.
e kʼo kaj ib ʼ ral rii mul, jun saq, jun qʼan , jun qʼeq, jun qʼe qoj , sib ʼalaj ke tz ʼanik , kechʼop inik ri alaj taqim ul.
k chol ol riachach al.
ketekik ri ikʼ.
xe petik rech ke waʼiw u kʼ.
tza tz riu qʼan il ria kʼ.
x oj tz alij ik xi xe ʼ qa qʼat uj ku kʼ lei tatinan.
ri yo ʼ x taqa kʼalab ʼ ke ki kʼux ria tz ʼya q.
we achiwe xu si pa j jun po ʼ t chwe x kamik.
k kowin ri kuna nel che kuna nik.
x ji qʼpa ri polow.
xa rumal sib ʼalaj rajawa xik le lo qʼalaj jaʼ, le winaq xkib ʼij : chewe ikʼ riʼ qono jel kuj b ʼe che u tikik taq cheʼ.
riuna ne rie rachalal ke pe u loq ru kʼ ri are ʼ, kʼate kʼu riʼ, man ke kowin taj keqib ʼ u koq ru kʼ , rumal rech chee kʼo sib ʼalaj winaq.
rumal rech , che man kʼota junk kowin cheu kojik juntik ib ʼal il chik chu wach ri kojom chik che are ri jesusk ri sto.
te kʼu riʼ xu tz ʼib ʼaj ri b ʼ pa ri nim alaj tijob ʼal rech aj ku ʼ n.
kaj uluw ri chʼu mil cha qʼab ʼ.
kʼisb ʼal ka noq, x oquje ʼ k kam ri ix oq.
le alax okik.
kʼo p waq pa u wiʼ ri mex a.
are kawaj na kin ʼe taj.
ri ya wal ku koj ri alichi u xe ʼ ri chakachare usu ʼ t.
na kaqa kʼam tu ʼ b ʼi kamik.
ri aj tij kub ʼij chike: rajawa xikke qachaj ij ri awaj , are u tiko ʼ n ria jaw.
x in tij mu kuniwir.
kʼax le u wiʼ taq le nu qʼab ʼ.
x in loq ʼ jun il b ʼal wib ʼ.
waʼ we qʼij , nim ub ʼan tajik.
ri u xe ʼal riqa tinamit man ka sach taj.
xoj b ʼinik .
ria chalal jun am ki wach.
x in we taʼma j ri lik wib ʼ.
nim riu naʼo j wa j tij.
mi qʼin ri kʼul.
aj qʼojom ria te ʼ k.
che le sa nik che ʼ kb ʼan wiri qʼojom.
ka pe le awel pa nawal jaʼ.
ri meso nel tajink chakunik.
u tz chaqe kaqa to ʼ qib ʼ, taq kʼo kʼax kʼolil , kate we chiʼ n ria jaw paqa wiʼ.
x awi lo, x qʼatan leib ʼo y.
xat kowinik x ab ʼano.
kiʼ ri kʼawex.
kaj il il ri b ʼe.
le ali xel b ʼik.
are ʼ x raj x inb ʼano.
nim we ab ʼaj.
je ʼ lik u tiʼ jol al ri saq ko ʼ r.
noj inaq rikej.
we ka tijan xu x man kat uto ʼ ta chiu qʼati xik le kʼakʼ yab ʼil corona virus ( 2019 -nco v).
na nim ta raqan waʼ we cheʼ.
u tz alajaj chak , ri wel.
¿jampa ʼ kuj b ʼe pa nima qʼij ?
rajawa xik tane laʼ kat chakun wu kʼ.
xu taq chiʼ j pa waram pulew.
man are taria x wan xelik.
ria wix xu loq ʼ rachoch re nimal.
are ri ix oq x in si kʼin u loq.
ri chʼi ma kʼat ʼon na.
la xib ʼan lei chak ?
kʼi tinamite kʼopa chʼo ʼ j.
kʼo ju puq chi j chiu xe ʼ ri cheʼ.
ri ux aq ria b ʼix are u warikej.
ka winaq qʼataj.
la kix pe pa tijob ʼal ?
we ke chaj ix taq le kʼwa jacha kinb ʼij ; jun alik kʼo jaʼ xu qujeʼ sib ʼalaj saq lo loj.
x re taʼma j.
ri alab ʼom ri al itom ab ʼtaj in ki ki tijoj kib ʼ rech su taq, are kakaj kikib ʼan nim aqachi jab ʼ chu pam ri ki kʼas lemal, xu quje kʼochik ju puq b ʼi xo nel chu pam ri komon.
la tz ʼu wach ri b ʼe.
kʼakʼ ria chʼi chʼ.
qono jel uj , uj may ab ʼ taq winaq.
no jel qʼij ri at iʼ x kuy u qʼuj le taqaw aj je laʼ pa ni kʼaj jaʼ, chirij ri juy ub ʼ ub ʼiʼ te naʼ.
pa qʼom chik risiʼ.
kin tzu kunchela.
kaki tij le kinaqʼ, le ichaj , le u waʼ lik ru kʼ le j.
xe kan aj kan le aj chak ib ʼ.
ketikon ria chi jab ʼ.
sib ʼalaj itzel ub ʼantaj ik ri chʼ ilakan.
ria te ʼ k xumal tyoxij cheri ra tiʼt , rumal riu tz alaj no ʼ j ib ʼal xu kʼut chech.
k kamul ix u chak ria b ʼix.
la x in u tzu kuj le tijo xel ?
are ʼ kachakun rono jel qʼij.
lee kʼaʼ na taq tz ʼiʼ.
saq ri j ri plam ux.
jas xa qʼiʼo xa tijo.
jas ru kʼ xkichap wi u tijik le rik il ?
we ka tatin ru kʼ kʼatan jaʼ man ku qʼate j tale kʼakʼ yab ʼil corona virus.
la katb ʼin pale ux lanb ʼal ?
la waral kʼux ix waʼ wi?
are le nu tatk in loq ʼonik.
tajink chakun ri ala.
kʼo ri kiʼkotem alaw u kʼ.
xu ta jachin ka ʼek.
xat waʼik x in wilo.
x tzaq ri rachoch rumal ri jab ʼ.
pale jun ikʼ chik are nima qʼij.
e keb ʼäm keb ʼin pa u wiʼ ri tem.
m em riachi.
ri wi kan cha liʼ ykel pa juy ub ʼ chwi tzi rib ʼal.
le raj il, la pa ja xel a qʼaxw u ʼ b ʼik ?
pa ri su ʼ t p isom wirile j.
koj petikkol qa kʼam aʼ.
taj in katchʼopin chiu wach ri taqʼaj.
le qʼor x chʼu qik.
kʼax waʼ im aw umal.
kinb ʼison chelewal.
sib ʼalaj kʼo kʼ ri awatz ʼyaq.
kamik x uj b ʼe che u tikik taq cheʼ pa ri juy ub ʼ .
ki nulo qʼoj le nu tat.
cha qiʼ j chik ri chaj.
x y il ixha way i.
na x naʼ taj tachke chi xe atinik.
ru kʼ kʼu waʼ we riʼ, ri ixk kʼo jiʼ jun u tz alaj i kʼas lemal riʼ chki wach ri winaq che man e kʼotai w u kʼ , kʼate kʼu riʼ man kʼota jun winaq riʼ rajawa xik chiwech.
e petinaq pa b ʼe le rachala xik.
ka kaj le a kʼalab ʼ ke waʼik.
x uj chʼay b ʼik .
ri nu chak are qʼaxel tzi j.
kʼonar ux lab ʼ ri awaj.
taj in kel loq, ri qʼij.
xu qʼiʼo x kam sax ri rachalal choch.
ri num am are kʼo u qʼi nomal.
x kʼul mataj ju mul, xub ʼanjun nim alaj jab ʼ, man xb ʼeye taj tana xu kʼis leuy uqʼ chike.
am aʼ ri nu tz ʼiʼ.
je waʼ kat petik.
x in kosik rumal x in chakunik
i wech chi jujun al, ri wa.
xu qʼiʼo na xa tatintaj.
in riq taj inaq pa ri kʼay ib ʼal .
na we taʼm taj.
kʼax le nu qʼab ʼ.
u tz le xub ʼij le achi.
ke matz ʼib ʼ.
kʼo rachalal pa tz ʼoloj che ʼ ri pe ʼ l.
rono jel waʼ we jastaq riʼ, x ask sach wi u wach waʼ; ru kʼ we riʼ, ri ix, rajawa xik che kʼo jun tyox la ji kʼas lemal e k kʼo jiʼ rii chʼawe m ru kʼ ri dyos,
x m uq taj ri pa tz ʼan.
ri chʼi chʼ tzi jom ka noq pa riu kʼolb ʼal .
man kʼota u cholaj pataq ria w uj.
ja chike ikʼ leu nima qʼij le tinamit na wal jaʼ ?
xe petik xol ki kʼam aʼ.
kachu qʼ chu t ri jaʼ chi apam.
x inb ʼij iwir chi xe b ʼepa armita.
are ʼ u xe ʼojer tzi j waral kʼi cheʼ ub ʼiʼ.
x kʼis ri nu siʼ.
jawi xkib ʼij wi chike ʼ ewi?
¡ x aje kʼu riʼ, jachin taq rie kʼopa ri jude ʼ a, chi cha nim cheʼa nima jub ʼipa taq ri juy ub ʼ,
kʼakʼ ria b ʼ.
la kʼo jun na ka kʼoxo maj taj ?
na u tz tale u tʼi som le alma riy.
man yaʼtal taj chia we katok pa ja.
je ʼ, xat u tzu kuj.
are kel waj x aq ib ʼ u qʼij rix kʼojik.
ri xu n ku rk kʼoji ʼ pataq ri triko.
xi n sachik.
xu t ʼuy ub ʼaʼ
na nu tom ta le tzi j …
wa chʼom ri kiwari no ʼ s.
e kʼo job ʼ chʼi l wakʼ.
rajawi xik chi pataq ri tijob ʼal , pa ni kʼaj ub ʼixik chik
ri rajawr ulew are ʼ tat kel.
we kʼu xokik, we kʼ na xok ta
we achi xu si pa j jun p ʼot chwe.
a tat u taqo ʼ n le qʼatal tzi j.
na qʼan ta u wach leqap rut.
ri x aʼ r kʼopa u wiʼ ri qʼaqʼ kpo qʼowik.
ri ro qʼej ri alija chak pe jun akʼal.
kʼo jun alapa tijob ʼal .
säq u wiʼ ri tat aʼ.
ri witz ikʼ taj in kpeloq.
jawix sach on wi kan u yaʼik lep waq che.
u tz we achiwe x in kuna nik.
qono jel kuj waʼ pa u wiʼ ri mex a.
rika x laʼ nik man po qontaj.
in x in b ʼe ru kʼ ri wach iʼ l.
sib ʼalaj je ʼ l xki lo xe ki tz oqopi j ri kichij chilaʼ.
kinb ʼinik x inʼek.
kʼax kʼolik, ka chaʼ.
kutij ixim ria kʼ.
ri alix chel, xu qʼiʼo xa jun akʼxsi pa x che.
x qasi kʼij le ix oq chu tz akiksub ʼ .
mata xab ʼinsaj le chʼi chʼ.
ri pix tz ʼara lik rumal rie qaʼ n.
¿jampa ʼ kel chi 3%
kʼo jun nu kʼotoj chiʼaj.
taj in ke waʼ kat ri alab ʼom .
x in loq ʼ le nu kʼa kʼapo ʼ t.
na u tz ak ik ta sub ʼ tajin ku ʼa no
xo ju taq chiʼ i j x oj wa ʼik.
iwech ri ab ʼix.
saq ri j ri chij.
aj sik cheri tinamit kel wiri tat aʼ.
- ¡ ay ! x ax in tzaq u loq, kʼax we waqa n.
x kʼul mataj pa jun komon chiʼ u wach jun juy ub ʼ, xu riqa jun qʼij xki riq kib ʼjuni mul ru kʼ le kok.
jas xa taq chiʼ j le akʼal chu tijik ?
x inchapo su xu lo qʼo.
qʼi nom riachi.
ri kʼum k tijo w ru kʼ kab ʼ.
tajin ke jach ʼanik.
tze b ʼal u kemik le pa saw umal.
are kayoʼw leu chiko pille ub ʼantaj ik try pa no soma brucei.
we kat nima nik u tz kelik.
pe rono ʼ jimal petnaq loq, .
are le nu chak jun tzu qb ʼal wib ʼ.
x kuna x ley awab ʼ rumal leaj qʼij.
ri u kʼu ʼ x tz ʼib ʼ paqa tzi jel aj uj.
sib ʼalaj je ʼ lik rie qab ʼal xub ʼan ri lu ʼ s.
sib ʼalaj at kon.
e man xo ri ju puq ke j.
na x naʼ taj tachke xe atinik.
ri kʼamal b ʼe xub ʼij chike, chi maja ria nim.
jum u chʼ ri nu jun ab ʼ.
qʼip taj inaq ri raqan ri tem.
k chakun ru kʼ ri josb ʼal cheʼ ri aj anel.
xa taq chiʼ j le akʼal chu tijik ka r.
oj kʼo pale ro ʼ chle awel.
¿la kat pequ kʼ chwe ʼ q?
le winaq pale chʼi chʼet ʼuy ul lowi.
x kanaj ka noq chiu xe ʼ ri jab ʼ ri chʼaʼn.
nim ri ja.
we ta xa kunaj le a tat matax kam laʼ.
na nu kʼamom tu ʼ la riʼ.
ch qa nu kʼu ʼ riqa tzi j.
kimb ʼe pale tinamit.
x in qʼiʼo na xin atintaj.
rajawa xik kakʼaman cha we le u tijik le le j.
kʼisb ʼal taq no ʼ j ib ʼal .
