xi ne ʼ wa ʼoq.
xkib ʼan kʼax che le u wo saq rumal man u tz ta chik akay ik.
ri qʼut u ʼm man kech talea kʼalab ʼ.
are na nim talea tz ʼiʼ chu wach len u tz ʼi ʼ.
xe pe tik xol kila ʼ.
¿ jaw chiʼ xa ta ʼ che xkam riu mam ri po ʼ x ?
e keb ʼ ke kʼam b ʼik patuj.
x in loq ʼ jun japa ri w oka j ja.
ria xtu ʼ b ʼ, kʼo qul aj chech.
jas ka raj ka ʼan chu tza kikleti ʼ i j.
xu ti j lewa.
ximb ʼal re tzi j.
x pa x ri b ʼo ʼ j.
we kawa j kat into ʼ oxaq xu wi kab ʼi j chiwe.
jas nu kʼu ku chʼo b ʼo.
jas ka raj ku tijo?
xe x ru x lab ʼ ri rikil.
e nitz ʼa ʼ qletaq i mul.
we tane in x in b ʼanow ik, are le ate ʼ k xb ʼanow ik.
kin tzali j pale nu tinamit.
rin u chaqʼ kʼo pa uro ʼ qʼatoj tijo nik pa ri tijob ʼal .
x in x i ʼ j wib ʼ x in ch ʼa wik.
kʼo chwa ro ʼ ch lep are.
chir aqan kab ʼin wiri ta ta ʼ.
xsa chon kanu ya ʼik lep waq che choja.
x in qʼax chiki xo ʼ l ri winaq.
ketiko nik.
ri ulew man qech taj , kech ri qati ʼ tqam am.
xe pele winaq xol kikʼama ʼ.
xu loq ʼ ri w uj rumal ria li.
che we qʼi j kamik kʼo jun nu tzi jo nem chirij le nu tinamit.
kej ri ʼ.
x kuna nalaq chwe.
kin u si kʼi j le nu nan.
ri i mul xu chʼi j taj , x kanaj pa b ʼe , rumal ri nimal ku ja luj rii mul, xu tzaq ria nim.
kub ʼan riu xoq ʼo ʼ l ri aj tz ʼaq.
ri la sib ʼal aj u tz che kunab ʼal .
kʼiki wach rie ʼ aj chak ib ʼ pa ri komon tyo x, kʼate kʼut xa jun chia jaw xe l;
x qa ta chix atu lik.
ka wa j chik at ʼe k.
chʼu ti ʼ n kekana j ri xaj ab ʼ chech.
kaqa xi ʼ j qib ʼ kaqa chapo.
e kʼo keb ʼu kʼaj ol letat x wan.
lu ʼ sub ʼi ʼ ri rech am.
aj chiu wiʼ mi qʼi nja ʼ ri lu ʼ.
x in ya kan le nu chimpa kʼay b ʼal .
kʼatex ri lo , x pe riu na n che u tzu ku xik, xki kotik, xu sal ab ʼi saj ri taq u xki n.
xki kʼut chiu wach ri aj tij xu quje ʼ chiki wach ri taqni kʼaj kachil.
u tz le nu qʼab ʼ.
ku lleal we ʼ l pa a us tincha qʼab ʼ kamik.
ria te ʼ k x tzaq loq are chi kʼo pa u wiʼ ri qʼa ʼ m.
aj patan rite ʼ k.
xa tqaj chiu pam riil.
la kʼo tzi j na kikʼoxo maj taj ?
xsa chonch ke chixe atinik.
rono jel le ulewe chalaq.
la xeb ʼe kʼula xe ʼ ki jaqa kʼu leu chiʼ ja?
xaq kat chʼok na jiwi r.
kamik kʼo chirijas taqawe.
are chiʼ ka kʼis ri jun ab ʼ kʼo qʼi nom.
pana wa lja ʼ x inale xik.
na xin tataj we are ria kʼal kix tzu qu wik.
¡ ru lew ri sab ʼu loner ulew rineftali, ub ʼe ri polow, ru lew ri jord an, gal ile ʼ a kech ri je taqam aqʼ !
ra x, ra x, ra x, kʼo kʼ, kʼo kʼ, kʼo kʼ le ru x lab ʼ le taq ti ko ʼ n.
a chix at wi lo.
pa qal ra jil le pi xkamik.
xoj b ʼi nik.
pa jun je ʼ l tijob ʼal ku tijoj ri b ʼ juna kʼal, ub ʼiʼ po ʼ x, u tz ku ri lo ke pa tijob ʼal rono jel taq qʼi j.
x wa j chix at ʼe taj.
u tz la ʼ le xub ʼi j le achi.
we ta ʼ am jachin kap etik.
kin qʼojo manik.
x in qʼi ʼo tak ʼa lik xin pe tik.
are ʼ reta ʼ m che kino panik.
are tab ʼale qa qa jaw chat to ʼ wik.
ka winaq waq ib ʼ qʼataj.
naq aj chik che riu waq kaj b ʼal are taq chiʼ ksa chu wach ri qʼi j , kok ri qʼe qu ʼm chu wach ulew, chi kʼate ʼ na ri b ʼe leje b ʼ kaj b ʼal .
job ʼ raqan ri tz ʼal am xeporo xik.
sib ʼal aj ko ri j ri mop.
are wa ʼ.
je la ʼ pa ri ti minit ch wi kab yok rech xel aj u ʼ, le qa nanqa tat kaki tiko je ʼ l alaj taq u wachicha j.
kʼax nu qul.
xu ʼ lu kʼama ʼ.
ko jul ki tzu ku j.
are man kʼax ta u ku na xik are taq aninaq ka ʼ il i taj we ya b ʼilal xu quje ʼ mojo ʼ qa kuya ʼ le kʼax kʼo lil chech lejo lom aj.
ri wel kʼo pa tijo nik.
ka wa j kinb ʼi j.
ri ko tz ʼi ʼ j kqa koj chiu pam ri ja.
qʼe qqʼoj ri j ria ma ʼ ke j.
na xwa j taj x in ch ʼa wik.
ch peta b ʼal elo qʼalaj jab ʼ .
xsa chonch kexat kisi kʼi j.
e le qʼal chʼich ʼ.
jachin xa wi lo chi are x tijo w ri ti ʼ j ?
mata kab ʼe le nu xb ʼal pale tinamit.
p im ru q, ria li.
¿ kʼo rim u qʼe chia wech ?
kqab ʼi j man keko win taj.
ki ntij na.
kʼo jun qat ʼu ʼ y paja !
kʼo p uj chiu pam ri ch ʼa ʼk.
are taq kinko sik kinwa rik.
xat wa ʼik xin wi lo
in xin ch ʼa yo w le achi.
kono jel ria la xik ke ʼ etz ʼa nik.
jas ru kʼ xki tij wi le ki rik il ?
anina qil kat pe tik.
n ara xta u wach le juy ub ʼ.
ri tz ʼal am tz ʼib ʼab ʼal rax kkay ik.
we chat chaku nik, kʼoa wa.
ma ʼ tam xat pe che ri wa ʼim.
kamul kinwa ʼ na.
ri sik il k tijo w ru kʼik.
kimb ʼe aqʼan ru kʼ leal talin.
xo jʼek xe ʼ qilalarqas ok.
xe ki qʼi lle aj chak ib ʼ xki w ok leja.
mat anex wa j le kʼu hj nem ru kʼ le ate ʼ k.
are xe ʼo pan chiu chiʼ ri juy ub ʼ, xki lo chiman qas ta kʼo qʼayes.
kʼate kʼut , ri jesusma nk ko jon tach kech rie ʼ are ʼ, rumal rech che kono jel reta ʼm ki wach,
pa ʼ tz ri j ri tz ʼiʼ.
ju winaq waq ib ʼ qʼataj.
ate laq ʼo m.
xaqa tjo ʼ s.
ri qʼatzu, are qʼalaj riu qʼi jil.
aj chak we ala.
ub ʼe le ju ka kʼal taqanik (29).
keb ʼ nub ʼiʼ kʼo lik.
l akat zali j lu ʼ la aninaq?
ka tzu ku n la chwe.
la kaj la koj b ʼe ʼ pale chomal chwe ʼ q?
x in nab ʼe j chu ta sik qa kʼo lib ʼal .
la lxin to ʼ wik.
sib ʼal aj ano ʼ j ib ʼal .
xoj pe tik xol qa kʼama ʼ.
sib ʼal aj je ʼ lik riu wa ʼ l rii chaj.
kʼax wi j rumal in pa cha lik.
are taq xu kʼul maj wa ʼ xu l riu choma nik xub ʼi j : are u tz waa qʼab ʼ ki n wa lij ik, are cha ʼ cha nim kino pan pa tijob ʼal , maj chik in kʼul ma j.
oj aj xo jol ob ʼ pa awas qʼi j.
x in sa ch che leu w o kikletzi j.
e jul aj uj riakʼ.
xu taj am pa ʼko jʼe k.
qil ik.
ri tijo xel man are ta nim chu wach ri raj tij. riu tz tijo xel qas je riʼ kʼo lik jas ri raj tij.
in xatin chʼa yo.
no ʼ jim chak w umal.
chʼur ri joch ʼ.
ink in b ʼi j na katsach taj.
uj may ab ʼ.
ria b ʼaj ya tzalik.
taj in kep ix b ʼax ria kʼalab ʼ.
chom riaq.
xi n wa rik.
e lemen kono jel ria kʼalab ʼ.
taj ink qʼana rik ri we re ʼ aj.
le u ke mik le pa su tz ( cha we ).
xuy u p ub ʼa u wach ra ʼ chi, kacha ʼ, .
ri satanas kok pa ri j ud as rik b ʼix iska riʼ otech rech , ri are ʼ jun ch ki xo ʼ l rie kab ʼ laj uj.
chu churipa r.
kinqum uj ri nu jo chʼ.
chech punción lumbar am aqʼel ra jawa xik chech ri lik le u kʼ e xb ʼem wi lena b ʼe ru kʼ leu kab ʼu kʼutu nem le ya b ʼilal.
qʼalaj chinak awa j taj kab ʼi j.
kʼo qʼol chirij ri siʼ.
jawi xo jʼe wi chu loq ʼik ?
kʼo u lo chʼ ri talin.
qʼan ri j ri ati ʼ tnu ke j.
lax tzali j la iwir?
xe si kʼi xik , kʼate kʼu riʼ xe ya jik, xu quje ʼ xe taq b ʼi cheusik ʼik lemes.
la kix wa rik?
are kʼul e pa lom ax xub ʼi j che :- mam katb ʼi son taj , kinsi kʼi j ni kʼaj wa chiʼ l ke rapa p ik.
a ʼ re e tijo xel ab ʼ.
ri alaj alis iʼ l xub ʼi j x qa chap pa u tzal ri tyo x.
xsa chonch ke jachin xe atinik.
jas xuray i j le anan xu tijo?
xi n ko sik.
ra x rono jel ri qʼayes rumal lej ab ʼ.
kin ya wa ʼ we chʼich ʼ pi nem nau tz.
no ʼ jim u pa chʼu xik le nu wiʼ.
na j kʼo wi lew o ʼ ch chu wach le tijob ʼal .
rio kib ʼal kʼo chiu wach ri saqja.
xe nutaq chʼi j ke killea kʼalab ʼ.
kʼo jun qʼoxo we m chiwe.
tzaricho ʼ m.
we choj b ʼe pale nima qʼi j , ke qil le aj x ojo lob ʼ.
xo jʼek xe ʼ qilalarqas ok.
ria te ʼ k xu ta ʼ chech ri n anto ʼ n :- na njas che ʼ chiman kaj talaq akʼati saj ri jo ʼ q.
ri pa l sib ʼalaj xu ʼ y.
kin koj ri jok b ʼal ulew.
ink in b ʼi j na katsach taj
a traj kun len unan.
ku qam uj uj oron ri aj tzi j.
lu ʼ tz ʼal am ub ʼi ʼ ria chikel pa nim che ʼ.
je ʼ lik u ti ʼ jol al ri saq ko ʼ r.
kʼo jun xa ʼ rpaja.
x in loq ʼ jun kʼak ʼ patan.
kʼax u kemik le pa sa w umal.
aninaq u ke mik le pa sa w umal
ri ch ʼa ʼ n sachinaq pataq ab ʼi x.
ra x taq leko tz ʼiʼ j.
meso m ka noq riu p amja.
man are ta ra la xko sik.
ri komon xech pup rech u qʼab ʼ tinamit xo ʼ lab ʼaj rech qʼumar ka j.
la u tz ak ik kʼusub ʼ taj in ku ʼa no?
kate la !
na xu tij taj.
xa rumal keta ʼ m kono jel ri winaqk kiqum uj le ja ʼ.
i wir x uj tzali j lapa kʼay b ʼal .
qeta ʼ m che riqawak uj uto ʼo.
ri aj tij, kya jon chikech ria kʼalab ʼ.
jas ub ʼanom len u chʼu ti tat ?
chwe ʼ q kinb ʼe pa nim tinamit.
u tz we ki we ta ʼ maj jas kub ʼi j ri chol b ʼal qʼij.
taj in kat ji lo w che u qʼo xom jo lom aj.
x intik qʼax chiu wach ri ja.
kʼax le kib ʼe le winaq.
loq ʼ kat kuntaj che le ya b ʼil ( covid - 19).
ri nu xib ʼal kel pa qaj b ʼal qʼij.
x ri l ri ax wan chix wa ʼ ria la.
lea lix kuna taj ik.
we taka pele jab ʼ kamik.
x in we ta ʼ maj china xat pe taj.
ri p waq rech we qʼataj riʼ kesa x chech ri toj b ʼal kʼay i nem.
k ti j riu wa ʼ lik rumal ri ki nima qʼi j.
xu chap u kuna xik.
chatan loq ali.
x in xu li ʼ qajoq.
je ʼ lik k tijo w ri taq iko x.
kʼat e kʼu ri le tat xo ʼ r xub ʼi j , man ka wa j taj , man kawa j taj.
kʼo jun tz ʼi ʼ pa b ʼe .
kamul x in pe cheatzuku xik.
man taj in tak in chaku nik.
kin chakunik rech kat wa ʼik.
jas ru kʼ xa wil wi chixkiqu p i j wileti ʼ j.
jas ub ʼi xik … ?
koq ʼ ria kʼal.
ka wa jnak at ʼe taj.
xat qʼaj ik.
we m na cha lo qʼaxi ya l, na kimb ʼeta aw u kʼ.
xo pan lew u jaw u kʼ rumal we chin.
are kʼut pale juy ub ʼ k kʼi y jo ron, chila ʼ xe ki kʼama wiri ja ʼ ri winaq.
koq ʼ ria kʼal.
we kʼo ara jil chakʼama loq.
are sib ʼal aj ka qleapo ʼt chu wach le nu po ʼ t.
x in kʼas taj pa kab ʼ laj uj kaj b ʼal .
kaqoy ʼe jnakix petaj.
koka xim ri chij xa jela ʼ man ka nima j tab ʼ ik.
ri ko kno jim xb ʼe k, xu chʼi joxo pan pa u kʼis b ʼal ille anim.
xo j kiʼ kotik are taq xa tu lik.
kaq itz ʼ na j riu x aj ab ʼ ria kʼal.
ri jesusk wa ʼ kat pa ri nim rachoch ri dyos, chu xe ʼ ri jun jache ra choch ri sa lomon.
we taqanik riʼ kub ʼi j chira jawa xik kya ʼ u qʼi j ri winaq xu quje ʼ kto ʼa nina qil.
ria xu x are na riu ku nel ri ki naq ʼ.
are taq wa ʼ riu qʼi jol we taqanik.
kʼo jun tab ʼal pa u wiʼ ri x kanul ub ʼiʼ laj uj no ʼ j.
yu ʼ lub ʼanom riu kolob ʼ ri ke j.
xa nima j ria kʼal chiu wach riu chu ch.
k kunan ria chi.
kin wa ʼik rech nak in yo wa j taj.
aj xik chʼich ʼ ri lu ʼ s.
k wa j che ixki xb ʼanow ik.
a ʼ re xe to ʼ wa laq.
xo jʼek xe ʼ qilalarqas ok.
x in loq ʼ jun chʼich ʼ, qaji naq u wach.
kutʼis ri panta lon.
e jani palea wal kʼ wa le kʼol ik?
u tzu ke mik le pas cha we.
rimax are aj qʼa ni ya ʼ.
matab ʼa chiriq kʼax pale b ʼe.
taj in ka nima j, ri me ʼ s.
ix i xe ʼ la qʼoma b ʼ !
xsa cha n chwe.
e kʼo kʼi che ʼ, chiu wach ri juy ub ʼ.
are wa ʼ ri nim alaj pi xab ʼe are wa ʼ ri nab ʼe .
x reta ʼ maj chiru kʼ pa kʼ kutij wi
jas u tza kikle sub ʼ xu ʼa no?
aj xo ʼ y ri wikan.
we tane a ʼ re xe tijo w le ri kil, are le komon xe tijowik.
sib ʼalaj aninaq kachʼaw le are ʼ chinu wachin.
u tz we kinchaku j.
m e ʼ sla ʼ.
kʼo kanwa rech kaqa tijo.
xin si kʼi j la.
ria kʼal x sa ch kano qjela ʼ pataq ʼa j.
xe si kʼi j la.
jawi xkib ʼi j wi chike ʼe wi ?
rumal che, man ix ta riʼ ri kix ch ʼa wik, are ri ru x lab ʼa xel rii tat riʼ rik ch ʼa w nai w u kʼ rii x.
kʼak ʼ ri wa choch.
sib ʼal aj u tz ki n wil lea tz ʼ yaq rech na huala.
saq por kkayri kipo ʼtrinan.
xsa chon ri nu chak chwe.
wa ʼim xu chapo.
ri qʼaqʼ taj in ka jul u wik.
na jil u pam ri si wan.
e kʼo riqa chalal pa chiu wiʼ la.
jas xa taq chiʼ j le akʼal chu ti jik?
no ʼ jim u kemik le pa sa w umal.
kʼo jun ku kub ʼiʼ tintin, wa ʼ le laj ku kmam ka je qi taj , kapa qika xu lik pa u wiʼ u qʼab ʼ taq che ʼ, sib ʼal aj sa kʼaj , ke ʼuto lee nima ʼ q, chʼu tin, ra chiʼ l, aj si pa nel sib ʼal aj u tz ra nima ʼ.
riu p i xab ʼ le qʼatb ʼal tzi j ki ya ʼub ʼi xik.
na xsa chontach ke xe atinik.
xe qil le chiko p pu wi leja.
x lo ʼ taj ria kʼal.
qono jel ku j wa ʼ pa u wiʼ ri mexa.
xsi kir le waqa n.
laxat wa ʼ kʼut ?
nim ub ʼaqʼ ri tu lul.
ki nxi kʼi kʼik x in qʼaxik.
l akat b ʼe pale tinamit ?
ri pa l sib ʼalaj sa qʼo r.
k qʼo xow nu ja lom.
xin na ʼo chikat pe tik.
x loq ʼ ulewi we chix.
x in chakun ru kʼ ri numam.
na x qab ʼan taj.
k kʼo ji ʼ b ʼa ʼ riu si pa nik ria jaw xel jesusk ri sto ru kʼ ria w u x lab ʼal !
kinch ʼaw ru kʼ le nu na n pale ch ʼa we b ʼal .
sib ʼal aj qʼe qu ʼm rumal rimay ul.
arele b axu lik.
xekos lei xoq ib ʼ pale b ʼe.
kʼax ri lik le akʼal cha we.
x in qʼi ʼ oxi natin pa jo ron.
sib ʼal aj nim le tinamit.
kʼax u kemik le pa sa w umal.
xi n sa chik.
taj in ke lu kikʼel pa raqan ri tz ʼiʼ.
x in we ta ʼ maj ri lik wib ʼ
ri qʼu qʼ are jun je ʼ l chikop.
kʼo paja tijob ʼal ri wikaq ʼ.
ri sachib ʼal mak raj wa xik chiqa xo ʼ l.
je ʼ, kimb ʼe k.
jel ale ʼ ri nu p wiʼ.
xub ʼi j che :- jas xab ʼano tintin?
kab ʼan jun to qʼob ʼ kyak ri n uj al.
kat ʼe kxi nta.
jas leu kʼe xb ʼem ri b ʼ le jun ru kʼ le jun chik?
aj chiu wiʼ mi qʼi nja ʼ ri lu ʼ.
ri tijo nel na j kpe wi.
te ʼ kix cho b ʼub ʼiʼ ri nu tat.
ri ja ʼ kami qʼik chiu wach ri qʼaqʼ.
rit ʼu ʼ yk pa qʼow ik.
kin me son na.
naq aj at kʼo wichi wech.
x in b ʼiso nik taq na xat pet taj.
we xkam ri winaq , ri p waq rech toj b ʼal ma kaj kya ʼ chikech ri ra la xik.
rin una n xb ʼe pa kʼay b ʼal .
xo ju kʼam u loq rech koj ri lo
x kʼoto chin chiki wach chik in waʼaw u kʼ.
na xki kamsaj taj xki kʼam b ʼi choja.
kʼa kʼriik ʼ kamik.
xim b ʼe ru kʼ le aj ku ni wi r.
ri lik.
letz ʼi ʼ xeko sik.
x in ki ko taw umal.
ri imul xu maj ria nim, xuy akan lekok.
kʼo oj che ri akʼal.
xu j b ʼe pa jun kʼula nem.
u tz wek wa ra laq.
kaq ilo chinako ju kʼam taj.
x reta ʼ maj chiru kʼ pa kʼ kutij wi.
sib ʼal aj x in kʼa ʼ na rik.
x in kochi j ri nu wa.
man kat ko win taj kat chaku nik, we man kʼo taria jil ab ʼal .
we w ono n xub ʼi j chike :- kix into.
ria la nim k ri l wi riumam.
x ka ʼ y chirij , x ka ʼ y chu wach, ma kʼo tachi jun ksi lob ʼik, xo qʼik xu xe ʼ j ri b ʼ x chʼo p inik x tzali j loq xu riq ta chik riub ʼe .
kʼo pusche ri wa.
p i nem na kab ʼe le wa tz, kimb ʼe wi in pa ka ʼ y ib ʼal .
rin anto ʼ n nim winaq chik, saq u wiʼ, rono jela qʼab ʼu tz kuna ʼo kat ʼuy iʼ pa u tem, kum i qʼi saj ri b ʼ chori qʼi j , kʼo jun u wiʼ u mam ub ʼiʼ ate ʼ k.
mane kʼi taj riqula ʼ.
qʼalaj chinak awa j taj kab ʼi j
x pa qab ʼi sax ra jil rono jel rikem.
kʼo pa ri jul ri ku matz.
rono jel qʼi j ki n chʼaj le nuw are.
saq chik an lei chaj rech ka tz ako.
chu xel e qa chomal kaqatij wi jun qam e qʼi n.
cha wila ʼ.
e kʼo job ʼu miʼal, ri nu tat.
jas ru kʼ xa wil wi
je ʼ jas ri winaq rech ri u wach ulew, xo quje ʼ ke pe na riʼ rie ʼ are ʼ che e rech ri u wach ulew ; je ʼ jas ri winaq rech ri kaj , xo quje ʼ ke pe na riʼ rie ʼ are ʼ e rech ri kaj.
xi n tijo.
k tz ʼu juw ri ra choch ri po ʼ x.
xu qʼi ʼo are leu kʼul el xya ʼow u wa.
ria wel x reta ʼ maj chira jawa xik man ku xej ta ri b ʼ che ri tu ku r.
ju kʼul aj winaq xe ʼa nima j b ʼ ik.
je ʼ, x in tzali jik.
xoj pe tik xol qa kʼama ʼ.
maj jachin x ʼ ek.
in aj tij ; at tijo xel.
saq u wiʼ ri ta ta ʼ.
we ch ri kem.
lero ʼ ch le ate ʼ k kʼo ch wach le u kʼay le nunan.
kb ʼe pa ri si riʼa e pa ri silisiʼa, jawi je ʼ kuya wiri ki chu qʼab ʼ ri komon tyo x.
p i xab ʼ : man u tz taj kʼax ku j ch ʼa w chiki j ni kʼaj qa chil.
x kuna taj le ali ( kumal rii xoq ib ʼ ).
ri xib ʼib ʼal chi kʼo wi pataq riqa kʼas lemal rono jel qʼi j.
nak uj war ta wa ral.
on chek kʼo ji ʼ riu tz il chi xo ʼ l, are ch jun am ri qa kojo nik, junam rii we chix ru kʼ ri we chin.
pa ox qʼi j ri sa ʼ n kb ʼe na ru kʼ ri aj ku n.
ka winaq wuq ub ʼ.
jas ka waj kin tijo?
we ta xat b ʼe w u kʼ pale tinamit , xa lo qʼtala ʼ le u jas taqle akʼa jol.
keb ʼe pa wa ʼim.
xin loq ʼ kʼi wa.
pa jun nim kʼache ʼ laj , kʼo jun kʼ wa ʼ sib ʼalaj saq lo lo j, nim u wach.
kwa j katij jub ʼa ʼ wa.
rono jel winaqk ri l na riu ko lo nem ri dyos ».
x kʼo to chin chiki wach chik in waʼaw u kʼ
kwa jnak at ʼe taj.
laxa loq ʼ jun alej ?
e kʼo rie loq ʼom anel.
riu kab ʼub ʼiʼ ri numa m are ya y.
kinjo pi j rii ja ʼ rech triko.
x na ʼ taj chke xe atinik.
xa te ʼ qila ʼ.
kaki tij alan xa x ri winaq.
. . . kinb ʼi j chi are wa ʼ sinx iʼ an.
na xin nab ʼe j ta chu ta sik qa kʼo lib ʼal .
rumal rech che we ri in, kinch ʼaw ru kʼ ri dyos pa chʼab ʼal , k ch ʼaw na kʼu riʼ ri w ux lab ʼal ru kʼ ri dyos, kʼate kʼut man kʼota u patan riʼ ch rech ri n u choma b ʼal .
xe p e tik xki lo.
xu taw ekat ʼe k.
u tzu ke mik le pas cha we.
rin u wakax xu ti j jun qʼo qʼ rumal riʼ x kamik.
rumal ri kʼi x, man ke wa ʼ taj ri winaq.
xe ʼ u lik.
qʼe qri j ria ma ʼ chi j.
x raj ka ʼele una n.
junam ki jun ab ʼ.
na qʼalaj taj we ka ʼek.
ri wix nam chʼaj chʼo j ri ra choch.
war al man kʼo taja jawa l.
nai wir tax ri lle kʼamol b ʼe.
x in pe loq te kʼu riʼ x in tzu ku j rono jel rinura jil.
ria j ti ko nel kutik ri tzi j.
kʼo e ki kʼaj ol lea chi j ab ʼ.
kutij qʼayes ri ix pa ʼ ch.
pa ri wa ʼ b ʼale kʼo ka winaq achi jab ʼ.
sip oj inaq ri nu pam.
kaya ʼ taj ik ru kʼuti ʼo nem jun riu ri qom le ya b ʼil am olot setsé xu quje ʼ are kaya ʼ taj pataq ri juy ub ʼ.
jachin ria chi?
ri num am x kamik are taq kʼo ju much ʼ laj uj u junab ʼ.
kinko winik ki n kʼam b ʼi lep waq.
kin wi lo chiu tz ria ji ʼ.
x in qʼil ria po ʼ x che man kachakun taj.
kwa ʼ chiu wach le taq ʼ aj ri ama ʼ akʼ.
ri i mul xe po qʼik pa jun ikʼ.
x kʼis ka noq riqa chak.
are ria li xo jil o wka noq.
sib ʼal aj chʼu ʼ j ri amax.
kʼo nuwa chiʼ.
in chaj inel kech lea kʼalab ʼ.
xe kosle tz ʼiʼ.
kinb ʼe na ku kʼ ri mol aj.
rono jela qʼab ʼ kiny itz ʼ ri w akax.
kara p inik xu tzu ku j chi juna wa j.
le u ke mik le pa sa ninaq (aw umal ).
maj ura jil le qʼab ʼ arel.
kʼax riʼ ri kach ʼa wik.
xo jutaq chiʼ j le achichu lo qʼi kicha j.
sib ʼal aj kʼax ri x kʼul ma xik.
xki lo chinak in kʼoxo maj taj.
x na ʼ taj chke chixe atinik.
x kʼo to chin chiki wach chi xo jal w o ʼ qa ku kʼ.
jun qʼu ʼ qraj il ri kax la ʼ nwa.
x in wi lo chixe ʼelik.
e kʼoi xoq ib ʼ pale kʼay b ʼal .
man kʼo taj u kʼi sik rima ya b ʼaj lab ʼal il.
risink kʼiy pataq ʼa j.
ri chʼima man k kʼiy taj pataq ʼa j.
ra jawa xik kjikik ri waq än.
kawa j ki nʼek.
e kʼo oxi b ʼak ʼ.
xub ʼi j chwe jawiat kʼo wi.
chwe ʼ qkuj b ʼe ʼ pa mu quj.
pasaq kʼaja ʼ kb ʼan wiri uq.
xoj ki si kʼi j.
xin wil wib ʼ.
chaqʼ chik ri wa.
kimb ʼe na kapalew o ʼ ch.
kawa j ki nʼek.
ri chʼu ʼ ktij ru kʼ lej.
pa ri ki qʼi j kaminaq ib ʼ kb ʼan qʼo ri kʼya ʼ rech aj : na b ʼe ri nan ku tzu ku j kan ria j, ku jach ʼo ʼ xu quje ku kʼe to.
jas kaj b ʼal cha nim ?
u tzu choma nik ria li.
pa ri qʼi jox laj uj tija xki n kʼis keb ʼ jun ab ʼ ki n chakun wa ral.
sib ʼal aj ko , ri kʼak ʼ ch ʼat.
jas kara j kub ʼi j … ?
ri chʼich ʼ kas ilab ʼik.
pa oj er qʼal pul xaq xu wiri nim winaq ke kʼamow b ʼe.
le u ku na xik le u kab ʼu kʼut unik are ru kʼ e flor nitinao nut unib ʼa xik le ni furtimo x chiʼ le flor nitina chech t.b. g.
are ria chix in chʼa yo wik.
juna chiub ʼi ku ʼ xu sipaj keb ʼ kʼa ʼ mulew rech kab ʼan ri tijob ʼal , kamik, kʼo chik aj tij rech ri komon xechpup.
xumal ty oxi j che ri aj tij rono jel le xu kʼut chiu wach.
pa ri b ʼe xki raq jun alaj i mul saqrij, xki kʼam b ʼ ik.
x ril le b ʼale ala.
jas kub ʼi j chwe ?
le u ku na tajem are ru kʼu tzu ku xik le u chiko p il pa jun u solik u xe ʼ le kikʼon le ja ʼ rech jun nodo.
u tz we nu tz ʼi ʼ.
je ʼ, taj in kachapo nik.
kin u loq ʼo j len utat.
kawa j kimb ʼe pa tinamit.
are la ʼ kinchaku j.
ri nima ʼ q taq winaq kʼo keta ʼ mab ʼal .
we ta xat b ʼe w u kʼ pale tinamit , xa loq ʼ ta wa ʼ we jas taq.
ri ki kʼas lemal. wai xim ulew xa jun chima are ta tinimit rima
riu kʼ ya b ʼal na jupam.
xa tqaj chiu pam riil.
no j im kat wa ʼik.
we kʼo jun kt uqa ʼ rik, ¿ la man xo quje ʼ taj kin tuqa ʼ r ri in ?
ojoj w oko lja.
a was kb ʼan kʼax che jun nim winaq.
x in ch ʼa wa pan ru kʼ lew anab ʼ.
kʼax riu pam ri ju ʼ l.
taj in ke wa ʼ rii mul.
la kaj la ku j tzali j la aninaq?
rumal rech che rima kaj man kʼo ta u ko winempi wiʼ ri ix : ri ix man ix kʼo tachi chu xe ʼ ri p i xab ʼ, x ane ix kʼo chu xe ʼ ri sipa nik.
nim raqan le che ʼ.
xi n chapo.
are letu ʼ r le loq ʼom anel.
x as kat kʼo ji ʼ chiu pam ri chʼich ʼ.
sib ʼal aj nim raqan ri kʼamal b ʼe.
le tz ʼib ʼab ʼal we chin.
in xi nto ʼ w la.
xa je kʼu riʼ ri ix kamik riʼ man ix kax lan winaq ta chik; riix, ix rech ri ki tinimit rie tyo x laj taq winaq, ix rech ri ra choch ri dyos.
x intiko x laj kʼal i chaj.
kaqa riq qib ʼ chwe ʼ q.
sib ʼalaj u tz che ri wiʼ aj ri tuney.
we na ju p u lik ta xeq aj ik...
x into ʼ taj che ri nu chak.
kʼo jun chiko p ub ʼiʼ p um.
poqon riik.
xoj b ʼi nik.
xu chʼek rono jel le retama nik x pa qiʼ k kʼax k wʼinik xub ʼanaj kun.
kel ub ʼik pa ri jude ʼa ek tzali j chiub ʼi j u mul pa rigal ile ʼa.
x ina xib ʼi j pa b ʼe .
je ʼ l kʼo lem chia wa choch.
rono jel ri ya ʼtal il pa we qʼataj , tz ʼaqat ki wach, man k tzaq tak a noq xu quje ʼ man ktas taj.
xu kunaj le ya wa b ʼ le aj qʼi j.
chi tatab ʼe j jas le kimb ʼi j.
ch ʼa nal ria chi.
pa b ʼo ko ʼ kachakun wiri ta x.
uj kʼo pa u wuq qʼi j.
kiʼ riu kab ʼ riaqaj.
kʼo rachal al pa tz ʼo loj che ʼ ri pe ʼ l.
xki lo chik in kʼo xom aj.
riu ki sa kʼu tz kya ʼik chiu xe ʼ ri ti ko ʼ n.
are taq chiʼ ka qʼanp u wiʼ ri j u kub ʼ, ri achiche x kʼo ji ʼ ri itzelu x lab ʼal ru kʼ , ku tach rech ri are ʼ, are chk kʼo ji ʼ ru kʼ ri are ʼ.
na kab ʼantaj taw umal.
x na ʼ taj chke xe atinik.
xin pa j ri nu triko.
xe ʼ ok ri po kʼ pa riumex ari po ʼ x.
kaj uluw ria qʼa ʼ l chiu xe ʼ rit ʼu ʼy.
awe ch lej a.
xu j b ʼe pa tzu rik.
nab ʼe xato panik.
riu kab ʼub ʼiʼ ri numa m are ya y.
u waj xaq uka kʼal taqanik (28).
mata kʼo jun ka kanaj ka noq, qono jel koj b ʼe k.
e nima ʼ qleal tom ab ʼ.
nim u wach ri po ʼ t.
ko jonik pa riu tzi j wa i xim ulew.
jas xu kʼam b ʼil etz ʼi ʼ xa wi lo ?
xin pe tik, tat.
rib ʼe laj u wach.
chi tatab ʼe j jas ri kimb ʼi j.
je ʼ l kuna ʼ ri ab ʼix chiu pam riqu qulew.
kinb ʼiso ju wach lewal.
xu t ʼu y ub ʼa ʼ.
nim ria we qele ʼ nxa riqo.
xi ne ʼ wa ʼoq.
chiʼ ke war wi lea kʼalab ʼ.
ri num i ʼal xu taq loq jun taq o ʼ m w uj chiwe.
qʼe ʼ lik, ri chaj pa ri b ʼe.
la u tza wach? -u tz mal tyo x, e kʼu ri at ? – u tz mal tyo x.
x in ko s rumal nu chak.
kb ʼe ku kʼ rie ʼ are ʼ ek tzali j pa ri n as are te ke ʼu nima j.
ri joj xu kʼam b ʼik riakʼ.
kʼo chiwa chiʼ l cha nim.
kub ʼi j chech na ʼ l kab ʼan che ria tz ʼib ʼ .
e. . . in ka wa j ka tz joj b ʼila chwe.
mata xin ya jleal i.
jachin ru kʼ katb ʼe wi ?
kʼo sib ʼal aj eta ʼ mab ʼal pa rima ya b ʼ no ʼ jib ʼal .
e man xo ri j u p uq ke j.
kas u mum ri kaqi qʼ.
e kʼo kaj ib ʼa kʼalab ʼ pale b ʼe.
je ʼ jas riu tatk ka ʼ y ik.
x aqat molonel tzi j tal.
le nu tatka loq ʼon chwe.
xaq tane kimb ʼe i w u kʼ.
x reta ʼ maj u chʼa jik.
rumal la ʼ x koj “ x al qʼat ” che ub ʼiʼ ri komon.
are leu kemik pa sxreta ʼ ma j.
ri wa tiʼ t kub ʼan na riu patan.
kʼak ʼ lepo ʼ t.
reta ʼ mu wach jachin x loq ʼo w ri pa s.
kench ʼab ʼe j lea kʼalab ʼ.
ya ʼtal chaq e qono jel ri uj winaq u tz kaq il qib ʼ.
x koti ʼ pa qʼayes xo qʼik.
ka winaq b ʼe leje b ʼ qʼataj.
e kʼo kaj ib ʼ ral rii mul, jun saq, jun qʼan, jun qʼe q, jun qʼe qoj , sib ʼal aj ketz ʼanik , ke chʼo p inik ri alaj taq i mul.
k chol ol ria cha cha l.
ket e kik ri ikʼ.
xe pe tik rech ke wa ʼiw u kʼ.
tzatz riu qʼa nil ria kʼ.
xoj tzali jik xi xe ʼ qa qʼatuj ku kʼ lei ta tinan.
ri yo ʼ x taqa kʼalab ʼ ke kikʼux ria tz ʼ yaq.
we achiwe xu sipaj jun po ʼt chwe xkamik.
kko win ri kuna nel che kuna nik.
x jiq ʼ pa ri polow.
xa rumal sib ʼal aj ra jawa xik le lo qʼalaj ja ʼ, le winaq xkib ʼi j : che we ikʼ riʼ qono jel ku j b ʼe che u tik ik taq che ʼ.
riuna ne rie rachal al ke pe u loq ru kʼ ri are ʼ, kʼate kʼu riʼ, man keko win taj keq ib ʼu koq ru kʼ , rumal rech che e kʼo sib ʼalaj winaq.
rumal rech , che man kʼota junk ko win che u ko jik junti kib ʼal il chik chu wach ri ko jom chik che are ri jesusk ri sto.
te kʼu riʼ xu tz ʼib ʼaj ri b ʼ pa ri nim alaj tijob ʼal rech aj ku ʼ n.
kaj uluw ri chʼu mil cha qʼab ʼ .
kʼis b ʼal ka noq, xo quje ʼ k kam rii xoq.
leala xok ik.
kʼo p waq pa u wiʼ ri mexa.
are kawa jnak in ʼe taj.
ri ya wal ku koj ria li chiu xe ʼ ri chakach are usu ʼt.
na kaqa kʼam tu ʼ b ʼi kamik.
ria j tij kub ʼi j chike: ra jawa xik ke qa cha ji j ria wa j, are u tiko ʼ n ria jaw.
x in tij mu kuni wi r.
kʼax le u wiʼ taqle nu qʼab ʼ .
x in loq ʼ jun il b ʼal wib ʼ .
wa ʼ we qʼi j, nim ub ʼantaj ik.
riu xe ʼal riqa tinamit man kasach taj.
xoj b ʼi nik.
ria chalal junam ki wach.
x in we ta ʼ maj ri lik wib ʼ.
nim ri u na ʼo j wa j tij.
mi qʼi n ri kʼul.
aj qʼo jom ria te ʼk.
che le sa nik che ʼ kb ʼan wiri qʼo jom.
ka pe lea wel pa na walja ʼ.
ri meso nel taj ink chaku nik.
u tz chaqe kaqa to ʼ qib ʼ, taq kʼo kʼax kʼo lil, kate we chiʼ n ria jaw paqa wiʼ.
xaw ilo, x qʼatan leib ʼo y.
xat ko winik xab ʼano.
kiʼ ri kʼawe x.
kaj il il ri b ʼe .
lea li xel b ʼik.
are ʼ x ra jxi nb ʼano.
nim we ab ʼa j.
je ʼ lik u ti ʼ jol al ri saq ko ʼ r.
noj inaq ri ke j.
we katijan xu x man kat uto ʼ ta chiu qʼati xik le kʼa kʼya b ʼil coronavir u s( 2019 -n cov).
na nim ta raqanwa ʼ we che ʼ.
u tz alaj aj chak, ri wel.
¿j am pa ʼ ku j b ʼe pa nima qʼi j ?
ra jawa xik tane la ʼ kat chakun wu kʼ.
xu taq chiʼ j pa waram pulew.
man are ta ria x wan xe lik.
ria wix xu loq ʼ rachoch re nimal.
are rii xoq x in sik ʼin u loq.
ri chʼima kʼat ʼon na.
la xib ʼan lei chak?
kʼi tinamite kʼo pa chʼo ʼ j.
kʼo jupuq chij chiu xe ʼ ri che ʼ.
riu xaq ri ab ʼix are u wa ri ke j.
ka winaq qʼataj.
la kix pe pa tijob ʼal ?
we ke chaj ix taqle kʼ wa jachak in b ʼi j ; juna lik kʼo ja ʼ xu quje ʼ sib ʼalaj saq lo loj.
x reta ʼ ma j.
ri alab ʼom ria li tom ab ʼ taj in kiki tijo j kib ʼ rech sutaq, are kakaj kikib ʼan nim aqa chij ab ʼ chu pam ri ki kʼas lemal, xu quje kʼo chik jupu qb ʼi xo nel chu pam ri komon.
la tz ʼu wach ri b ʼe .
kʼak ʼ ria chʼich ʼ.
qono jel uj , uj may ab ʼ taq winaq.
no jel qʼi j ria ti ʼ x ku yu qʼuj le taqaw aj jela ʼ pa ni kʼaj ja ʼ, chirij ri juy ub ʼub ʼiʼ te na ʼ.
pa qʼom chik ri siʼ.
kin tzu ku n chela.
kaki tij le kinaqʼ, le i chaj , le u wa ʼ lik ru kʼ lej.
xe kanaj kan le aj chak ib ʼ.
keti kon ria chi j ab ʼ.
sib ʼalaj itzel ub ʼantaj ik ri chʼi l akan.
ria te ʼ k xu mal ty oxi j che ri ra ti ʼ t, rumal riu tz alaj no ʼ j ib ʼal xu kʼut che ch.
k kamuli xu chak ria b ʼi x.
lax in u tzu ku j le tijo xel?
are ʼ kachakun rono jel qʼi j.
lee kʼa ʼ na taq tz ʼi ʼ.
saq ri j ri p lam u x.
jas xa qʼi ʼo xa tijo.
jas ru kʼ x kichap wi u ti j iklerik il ?
we kata tin ru kʼ kʼatanja ʼ man ku qʼate j tale kʼa kʼya b ʼil coronavir us.
l akat b ʼin pale u x la nb ʼal ?
la war al kʼux ix wa ʼ wi ?
are le nu tatk in loq ʼo nik.
taj ink chakun ria la.
kʼo ri kiʼ kotemala w u kʼ.
xu ta jachin ka ʼek.
xat wa ʼik xin wi lo.
x tzaq ri ra choch rumal ri j ab ʼ.
pale jun ik ʼ chik are nima qʼi j.
e keb ʼäm keb ʼin pa u wiʼ ri tem.
memria chi.
ri wikan cha li ʼ y kel pa juy ub ʼ ch wi tzi rib ʼal .
le ra jil , lapa ja xel aqʼaxw u ʼ b ʼik ?
pa risu ʼt p isom wiri le j.
koj pe tik kol qa kʼama ʼ.
taj in kat chʼo pin chiu wach ri ta qʼaj.
le qʼor x chʼu qik.
kʼax wa ʼima w umal.
kinb ʼi son che lewal.
sib ʼal aj kʼo kʼ ria wa tz ʼ yaq.
kamik xu j b ʼe che u tik ik taq che ʼ pa ri juy ub ʼ.
kin u loq ʼo j len utat.
cha qiʼ j chik ri chaj.
xy il ix haway i.
na xna ʼ taj tach ke chixe atinik.
ru kʼ kʼuwa ʼ we riʼ, ri ixk kʼo ji ʼ jun u tz alaj i kʼas lemal riʼ ch ki wach ri winaq che mane kʼota i w u kʼ , kʼate kʼu riʼ man kʼo ta jun winaq riʼ ra jawa xik chiwe ch.
e pe tinaq pa b ʼe le rachala xik.
ka kaj le a kʼalab ʼ ke wa ʼik.
xu j ch ʼayb ʼik .
ri nu chak are qʼaxel tzi j.
kʼo na ru x lab ʼ ria wa j.
taj in kel loq, riqʼi j.
xu qʼi ʼo x kamsax ri rachala l choch.
ri num am are kʼo u qʼi nomal.
x kʼul mataj ju mul, xub ʼan jun nim alaj jab ʼ, man xb ʼe ye taj tana xu kʼis le uy u qʼ chike.
ama ʼ ri nu tz ʼiʼ.
je wa ʼ kat pe tik.
x in kosik rumal x in chaku nik
i wech chiju junal, riwa.
xu qʼi ʼo na x atatin taj.
in riq taj i naq pa ri kʼay ib ʼal .
na we ta ʼ m taj.
kʼax le nu qʼab ʼ .
u tz le xub ʼi j le achi.
kema tz ʼib ʼ.
kʼo rachal al pa tz ʼo loj che ʼ ri pe ʼ l.
rono jel wa ʼ we jas taq riʼ, xas ksa ch wi u wach wa ʼ ; ru kʼ we riʼ, ri ix, ra jawa xik che kʼo jun tyo x la ji kʼas lemal e k kʼo ji ʼ ri ich ʼa we m ru kʼ ri dyos,
x muq taj ri pa tz ʼan.
ri chʼich ʼ tzi jom ka noq pa riu kʼol b ʼal .
man kʼo ta u chol aj pataq ria w uj.
ja chike ikʼ leu nima qʼi j le tinamit na walja ʼ ?
xe pe tik xol kikʼama ʼ.
kachu qʼ chu trija ʼ chia pam.
x in b ʼi j i wir chi xeb ʼe pa armita.
are ʼ u xe ʼojer tzi j wa ral kʼiche ʼub ʼi ʼ.
x kʼis ri nu siʼ.
jawi xkib ʼi j wi chike ʼe wi ?
¡ xa je kʼu riʼ, jachin taq rie kʼo pa ri jude ʼ a, chicha nim che ʼa nima jub ʼi pataq ri juy ub ʼ,
kʼak ʼ ri ab ʼ.
la kʼo jun na kakʼoxo maj taj ?
na u tz tale u tʼis om le alma riy.
man ya ʼtal taj chia we katok paja.
je ʼ, xa tu tzu ku j.
are kel wa j xaq ib ʼu qʼi j ri x kʼo jik.
ri xu nkurk kʼo ji ʼ pataq ri triko.
xi n sa chik.
xu t ʼu y ub ʼa ʼ
na nu tom tale tzi j …
wach ʼom ri ki wa ri no ʼ s.
e kʼo job ʼ chʼi l wa kʼ.
ra jawi xik chi pataq ri tijob ʼal , pa ni kʼaj ub ʼi xik chik
ri ra jaw ru lew are ʼ tatkel.
we kʼu xok ik, we kʼ na xok ta
we achi xu sipaj jun p ʼot chwe.
atat utaqo ʼ n le qʼatal tzi j.
naq ʼanta u wach le qap rut.
ri xa ʼ r kʼo pa u wiʼ ri qʼaqʼ kpo qʼow ik.
ri ro qʼe j ria li jachak pe jun akʼal.
kʼo jun alapa tijob ʼal .
säq u wiʼ ri ta ta ʼ.
ri wi tzi kʼ taj in kpe loq.
jawix sa chon wikan uya ʼik lep waq che.
u tz we achiwe xin kuna nik.
qono jel ku j wa ʼ pa u wiʼ ri mexa.
ri kax la ʼ nik man po qon taj.
in x in b ʼe ru kʼ ri wa chiʼ l.
sib ʼal aj je ʼ l xki lo xe ki tzoqopi j ri ki chij chila ʼ.
kinb ʼinik x in ʼ ek.
kʼax kʼo lik, kacha ʼ.
ku tiji xim riakʼ.
ria lix che l, xu qʼi ʼ oxa jun akʼ xsi pa x che.
x qa si kʼi j le i xoq chu tza kik sub ʼ.
mata xab ʼin saj le chʼich ʼ.
ri p ix tz ʼara lik rumal rie qaʼ n.
¿jampa ʼ kel chi 3%
kʼo jun nu kʼo toj chiʼ aj.
taj in ke wa ʼ kat ri alab ʼo m.
x in loq ʼ le nu kʼa kʼapo ʼ t.
na u tz ak ik ta sub ʼ taj in ku ʼa no
xo jutaq chiʼi jxo j wa ʼik.
i wech ri ab ʼi x.
saq ri j ri chi j.
aj sik che ri tinamit ke l wiri ta ta ʼ.
- ¡ ay ! xa xin tzaqu loq , kʼax we waqan.
x kʼul mataj pa jun komon chiʼ u wach jun juy ub ʼ, xu riqa jun qʼi j xki riq kib ʼ juni mul ru kʼ leko k.
jas xa taq chiʼ j le akʼal chu ti jik?
x in cha pos u xu loq ʼo.
qʼi nom ria chi.
ri kʼum k tijo w ru kʼ kab ʼ.
taj in ke jach ʼanik.
tze b ʼal u kemik le pa sa w umal.
are ka yo ʼ w le u chiko p il le ub ʼantaj ikt ry panos oma brucei.
we kat nima nik u tz ke lik.
perono ʼ jimal pet naq loq, .
are len u chak jun tzu qb ʼal wib ʼ.
x kunax le ya wa b ʼ rumalle aj qʼi j.
riu kʼu ʼ x tz ʼib ʼ pa qa tzi jel aj u j.
sib ʼal aj je ʼ lik rie qab ʼal xub ʼan ri lu ʼ s.
sib ʼal aj at ko n.
e man xo ri j u p uq ke j.
na xna ʼ taj tach ke xe atinik.
ri kʼamal b ʼe xub ʼi j chike , chimaj aria nim.
ju much ʼ ri nu jun ab ʼ .
qʼiptaj i naq ri raqan ri tem.
k chakun ru kʼ ri josb ʼal che ʼ ri aj anel.
xa taq chiʼ j le akʼal chu ti jik ka r.
oj kʼo pale ro ʼ ch le awel.
¿ la kat pequ kʼ chwe ʼ q?
le winaq pale chʼich ʼ et ʼu yu llo wi.
x kanaj ka noq chiu xe ʼ ri jab ʼ ri ch ʼa ʼ n.
nim ri ja.
we ta xa kunaj le atat mata xkam la ʼ.
na nu kʼamom tu ʼ la riʼ.
ch qa nu kʼu ʼ riqa tzi j.
kimb ʼe pale tinamit.
x in qʼi ʼo na xin atintaj.
ra jawa xik ka kʼaman cha we leu ti jik le lej.
kʼis b ʼal taq no ʼ j ib ʼal .
xi ne ʼ wa ʼoq.
xkib ʼan kʼax che le u wo saq rumal man u tz ta chik akay ik.
ri qʼut u ʼm man kech talea kʼalab ʼ.
are na nim talea tz ʼiʼ chu wach len u tz ʼi ʼ.
xe pe tik xol kila ʼ.
¿ jaw chiʼ xa ta ʼ che xkam riu mam ri po ʼ x ?
e keb ʼ ke kʼam b ʼik patuj.
x in loq ʼ jun japa ri w oka j ja.
ria xtu ʼ b ʼ, kʼo qul aj chech.
jas ka raj ka ʼan chu tza kikleti ʼ i j.
xu ti j lewa.
ximb ʼal re tzi j.
x pa x ri b ʼo ʼ j.
we kawa j kat into ʼ oxaq xu wi kab ʼi j chiwe.
jas nu kʼu ku chʼo b ʼo.
jas ka raj ku tijo?
xe x ru x lab ʼ ri rikil.
e nitz ʼa ʼ qletaq i mul.
we tane in x in b ʼanow ik, are le ate ʼ k xb ʼanow ik.
kin tzali j pale nu tinamit.
rin u chaqʼ kʼo pa uro ʼ qʼatoj tijo nik pa ri tijob ʼal .
x in x i ʼ j wib ʼ x in ch ʼa wik.
kʼo chwa ro ʼ ch lep are.
chir aqan kab ʼin wiri ta ta ʼ.
xsa chon kanu ya ʼik lep waq che choja.
x in qʼax chiki xo ʼ l ri winaq.
ketiko nik.
ri ulew man qech taj , kech ri qati ʼ tqam am.
xe pele winaq xol kikʼama ʼ.
xu loq ʼ ri w uj rumal ria li.
che we qʼi j kamik kʼo jun nu tzi jo nem chirij le nu tinamit.
kej ri ʼ.
x kuna nalaq chwe.
kin u si kʼi j le nu nan.
ri i mul xu chʼi j taj , x kanaj pa b ʼe , rumal ri nimal ku ja luj rii mul, xu tzaq ria nim.
kub ʼan riu xoq ʼo ʼ l ri aj tz ʼaq.
ri la sib ʼal aj u tz che kunab ʼal .
kʼiki wach rie ʼ aj chak ib ʼ pa ri komon tyo x, kʼate kʼut xa jun chia jaw xe l;
x qa ta chix atu lik.
ka wa j chik at ʼe k.
chʼu ti ʼ n kekana j ri xaj ab ʼ chech.
kaqa xi ʼ j qib ʼ kaqa chapo.
e kʼo keb ʼu kʼaj ol letat x wan.
lu ʼ sub ʼi ʼ ri rech am.
aj chiu wiʼ mi qʼi nja ʼ ri lu ʼ.
x in ya kan le nu chimpa kʼay b ʼal .
kʼatex ri lo , x pe riu na n che u tzu ku xik, xki kotik, xu sal ab ʼi saj ri taq u xki n.
xki kʼut chiu wach ri aj tij xu quje ʼ chiki wach ri taqni kʼaj kachil.
u tz le nu qʼab ʼ.
ku lleal we ʼ l pa a us tincha qʼab ʼ kamik.
ria te ʼ k x tzaq loq are chi kʼo pa u wiʼ ri qʼa ʼ m.
aj patan rite ʼ k.
xa tqaj chiu pam riil.
la kʼo tzi j na kikʼoxo maj taj ?
xsa chonch ke chixe atinik.
rono jel le ulewe chalaq.
la xeb ʼe kʼula xe ʼ ki jaqa kʼu leu chiʼ ja?
xaq kat chʼok na jiwi r.
kamik kʼo chirijas taqawe.
are chiʼ ka kʼis ri jun ab ʼ kʼo qʼi nom.
pana wa lja ʼ x inale xik.
na xin tataj we are ria kʼal kix tzu qu wik.
¡ ru lew ri sab ʼu loner ulew rineftali, ub ʼe ri polow, ru lew ri jord an, gal ile ʼ a kech ri je taqam aqʼ !
ra x, ra x, ra x, kʼo kʼ, kʼo kʼ, kʼo kʼ le ru x lab ʼ le taq ti ko ʼ n.
a chix at wi lo.
pa qal ra jil le pi xkamik.
xoj b ʼi nik.
pa jun je ʼ l tijob ʼal ku tijoj ri b ʼ juna kʼal, ub ʼiʼ po ʼ x, u tz ku ri lo ke pa tijob ʼal rono jel taq qʼi j.
x wa j chix at ʼe taj.
u tz la ʼ le xub ʼi j le achi.
we ta ʼ am jachin kap etik.
kin qʼojo manik.
x in qʼi ʼo tak ʼa lik xin pe tik.
are ʼ reta ʼ m che kino panik.
are tab ʼale qa qa jaw chat to ʼ wik.
ka winaq waq ib ʼ qʼataj.
naq aj chik che riu waq kaj b ʼal are taq chiʼ ksa chu wach ri qʼi j , kok ri qʼe qu ʼm chu wach ulew, chi kʼate ʼ na ri b ʼe leje b ʼ kaj b ʼal .
job ʼ raqan ri tz ʼal am xeporo xik.
sib ʼal aj ko ri j ri mop.
are wa ʼ.
je la ʼ pa ri ti minit ch wi kab yok rech xel aj u ʼ, le qa nanqa tat kaki tiko je ʼ l alaj taq u wachicha j.
kʼax nu qul.
xu ʼ lu kʼama ʼ.
ko jul ki tzu ku j.
are man kʼax ta u ku na xik are taq aninaq ka ʼ il i taj we ya b ʼilal xu quje ʼ mojo ʼ qa kuya ʼ le kʼax kʼo lil chech lejo lom aj.
ri wel kʼo pa tijo nik.
ka wa j kinb ʼi j.
ri ko tz ʼi ʼ j kqa koj chiu pam ri ja.
qʼe qqʼoj ri j ria ma ʼ ke j.
na xwa j taj x in ch ʼa wik.
ch peta b ʼal elo qʼalaj jab ʼ .
xsa chonch kexat kisi kʼi j.
e le qʼal chʼich ʼ.
jachin xa wi lo chi are x tijo w ri ti ʼ j ?
mata kab ʼe le nu xb ʼal pale tinamit.
p im ru q, ria li.
¿ kʼo rim u qʼe chia wech ?
kqab ʼi j man keko win taj.
ki ntij na.
kʼo jun qat ʼu ʼ y paja !
kʼo p uj chiu pam ri ch ʼa ʼk.
are taq kinko sik kinwa rik.
xat wa ʼik xin wi lo
in xin ch ʼa yo w le achi.
kono jel ria la xik ke ʼ etz ʼa nik.
jas ru kʼ xki tij wi le ki rik il ?
anina qil kat pe tik.
n ara xta u wach le juy ub ʼ.
ri tz ʼal am tz ʼib ʼab ʼal rax kkay ik.
we chat chaku nik, kʼoa wa.
ma ʼ tam xat pe che ri wa ʼim.
kamul kinwa ʼ na.
ri sik il k tijo w ru kʼik.
kimb ʼe aqʼan ru kʼ leal talin.
xo jʼek xe ʼ qilalarqas ok.
xe ki qʼi lle aj chak ib ʼ xki w ok leja.
mat anex wa j le kʼu hj nem ru kʼ le ate ʼ k.
are xe ʼo pan chiu chiʼ ri juy ub ʼ, xki lo chiman qas ta kʼo qʼayes.
kʼate kʼut , ri jesusma nk ko jon tach kech rie ʼ are ʼ, rumal rech che kono jel reta ʼm ki wach,
pa ʼ tz ri j ri tz ʼiʼ.
ju winaq waq ib ʼ qʼataj.
ate laq ʼo m.
xaqa tjo ʼ s.
ri qʼatzu, are qʼalaj riu qʼi jil.
aj chak we ala.
ub ʼe le ju ka kʼal taqanik (29).
keb ʼ nub ʼiʼ kʼo lik.
l akat zali j lu ʼ la aninaq?
ka tzu ku n la chwe.
la kaj la koj b ʼe ʼ pale chomal chwe ʼ q?
x in nab ʼe j chu ta sik qa kʼo lib ʼal .
la lxin to ʼ wik.
sib ʼal aj ano ʼ j ib ʼal .
xoj pe tik xol qa kʼama ʼ.
sib ʼal aj je ʼ lik riu wa ʼ l rii chaj.
kʼax wi j rumal in pa cha lik.
are taq xu kʼul maj wa ʼ xu l riu choma nik xub ʼi j : are u tz waa qʼab ʼ ki n wa lij ik, are cha ʼ cha nim kino pan pa tijob ʼal , maj chik in kʼul ma j.
oj aj xo jol ob ʼ pa awas qʼi j.
x in sa ch che leu w o kikletzi j.
e jul aj uj riakʼ.
xu taj am pa ʼko jʼe k.
qil ik.
ri tijo xel man are ta nim chu wach ri raj tij. riu tz tijo xel qas je riʼ kʼo lik jas ri raj tij.
in xatin chʼa yo.
no ʼ jim chak w umal.
chʼur ri joch ʼ.
ink in b ʼi j na katsach taj.
uj may ab ʼ.
ria b ʼaj ya tzalik.
taj in kep ix b ʼax ria kʼalab ʼ.
chom riaq.
xi n wa rik.
e lemen kono jel ria kʼalab ʼ.
taj ink qʼana rik ri we re ʼ aj.
le u ke mik le pa su tz ( cha we ).
xuy u p ub ʼa u wach ra ʼ chi, kacha ʼ, .
ri satanas kok pa ri j ud as rik b ʼix iska riʼ otech rech , ri are ʼ jun ch ki xo ʼ l rie kab ʼ laj uj.
chu churipa r.
kinqum uj ri nu jo chʼ.
chech punción lumbar am aqʼel ra jawa xik chech ri lik le u kʼ e xb ʼem wi lena b ʼe ru kʼ leu kab ʼu kʼutu nem le ya b ʼilal.
qʼalaj chinak awa j taj kab ʼi j.
kʼo qʼol chirij ri siʼ.
jawi xo jʼe wi chu loq ʼik ?
kʼo u lo chʼ ri talin.
qʼan ri j ri ati ʼ tnu ke j.
lax tzali j la iwir?
xe si kʼi xik , kʼate kʼu riʼ xe ya jik, xu quje ʼ xe taq b ʼi cheusik ʼik lemes.
la kix wa rik?
are kʼul e pa lom ax xub ʼi j che :- mam katb ʼi son taj , kinsi kʼi j ni kʼaj wa chiʼ l ke rapa p ik.
a ʼ re e tijo xel ab ʼ.
ri alaj alis iʼ l xub ʼi j x qa chap pa u tzal ri tyo x.
xsa chonch ke jachin xe atinik.
jas xuray i j le anan xu tijo?
xi n ko sik.
ra x rono jel ri qʼayes rumal lej ab ʼ.
kin ya wa ʼ we chʼich ʼ pi nem nau tz.
no ʼ jim u pa chʼu xik le nu wiʼ.
na j kʼo wi lew o ʼ ch chu wach le tijob ʼal .
rio kib ʼal kʼo chiu wach ri saqja.
xe nutaq chʼi j ke killea kʼalab ʼ.
kʼo jun qʼoxo we m chiwe.
tzaricho ʼ m.
we choj b ʼe pale nima qʼi j , ke qil le aj x ojo lob ʼ.
xo jʼek xe ʼ qilalarqas ok.
ria te ʼ k xu ta ʼ chech ri n anto ʼ n :- na njas che ʼ chiman kaj talaq akʼati saj ri jo ʼ q.
ri pa l sib ʼalaj xu ʼ y.
kin koj ri jok b ʼal ulew.
ink in b ʼi j na katsach taj
a traj kun len unan.
ku qam uj uj oron ri aj tzi j.
lu ʼ tz ʼal am ub ʼi ʼ ria chikel pa nim che ʼ.
je ʼ lik u ti ʼ jol al ri saq ko ʼ r.
kʼo jun xa ʼ rpaja.
x in loq ʼ jun kʼak ʼ patan.
kʼax u kemik le pa sa w umal.
aninaq u ke mik le pa sa w umal
ri ch ʼa ʼ n sachinaq pataq ab ʼi x.
ra x taq leko tz ʼiʼ j.
meso m ka noq riu p amja.
man are ta ra la xko sik.
ri komon xech pup rech u qʼab ʼ tinamit xo ʼ lab ʼaj rech qʼumar ka j.
la u tz ak ik kʼusub ʼ taj in ku ʼa no?
kate la !
na xu tij taj.
xa rumal keta ʼ m kono jel ri winaqk kiqum uj le ja ʼ.
i wir x uj tzali j lapa kʼay b ʼal .
qeta ʼ m che riqawak uj uto ʼo.
ri aj tij, kya jon chikech ria kʼalab ʼ.
jas ub ʼanom len u chʼu ti tat ?
chwe ʼ q kinb ʼe pa nim tinamit.
u tz we ki we ta ʼ maj jas kub ʼi j ri chol b ʼal qʼij.
taj in kat ji lo w che u qʼo xom jo lom aj.
x intik qʼax chiu wach ri ja.
kʼax le kib ʼe le winaq.
loq ʼ kat kuntaj che le ya b ʼil ( covid - 19).
ri nu xib ʼal kel pa qaj b ʼal qʼij.
x ri l ri ax wan chix wa ʼ ria la.
lea lix kuna taj ik.
we taka pele jab ʼ kamik.
x in we ta ʼ maj china xat pe taj.
ri p waq rech we qʼataj riʼ kesa x chech ri toj b ʼal kʼay i nem.
k ti j riu wa ʼ lik rumal ri ki nima qʼi j.
xu chap u kuna xik.
chatan loq ali.
x in xu li ʼ qajoq.
je ʼ lik k tijo w ri taq iko x.
kʼat e kʼu ri le tat xo ʼ r xub ʼi j , man ka wa j taj , man kawa j taj.
kʼo jun tz ʼi ʼ pa b ʼe .
kamul x in pe cheatzuku xik.
man taj in tak in chaku nik.
kin chakunik rech kat wa ʼik.
jas ru kʼ xa wil wi chixkiqu p i j wileti ʼ j.
jas ub ʼi xik … ?
koq ʼ ria kʼal.
ka wa jnak at ʼe taj.
xat qʼaj ik.
we m na cha lo qʼaxi ya l, na kimb ʼeta aw u kʼ.
xo pan lew u jaw u kʼ rumal we chin.
are kʼut pale juy ub ʼ k kʼi y jo ron, chila ʼ xe ki kʼama wiri ja ʼ ri winaq.
koq ʼ ria kʼal.
we kʼo ara jil chakʼama loq.
are sib ʼal aj ka qleapo ʼt chu wach le nu po ʼ t.
x in kʼas taj pa kab ʼ laj uj kaj b ʼal .
kaqoy ʼe jnakix petaj.
koka xim ri chij xa jela ʼ man ka nima j tab ʼ ik.
ri ko kno jim xb ʼe k, xu chʼi joxo pan pa u kʼis b ʼal ille anim.
xo j kiʼ kotik are taq xa tu lik.
kaq itz ʼ na j riu x aj ab ʼ ria kʼal.
ri jesusk wa ʼ kat pa ri nim rachoch ri dyos, chu xe ʼ ri jun jache ra choch ri sa lomon.
we taqanik riʼ kub ʼi j chira jawa xik kya ʼ u qʼi j ri winaq xu quje ʼ kto ʼa nina qil.
ria xu x are na riu ku nel ri ki naq ʼ.
are taq wa ʼ riu qʼi jol we taqanik.
kʼo jun tab ʼal pa u wiʼ ri x kanul ub ʼiʼ laj uj no ʼ j.
yu ʼ lub ʼanom riu kolob ʼ ri ke j.
xa nima j ria kʼal chiu wach riu chu ch.
k kunan ria chi.
kin wa ʼik rech nak in yo wa j taj.
aj xik chʼich ʼ ri lu ʼ s.
k wa j che ixki xb ʼanow ik.
a ʼ re xe to ʼ wa laq.
xo jʼek xe ʼ qilalarqas ok.
x in loq ʼ jun chʼich ʼ, qaji naq u wach.
kutʼis ri panta lon.
e jani palea wal kʼ wa le kʼol ik?
u tzu ke mik le pas cha we.
rimax are aj qʼa ni ya ʼ.
matab ʼa chiriq kʼax pale b ʼe.
taj in ka nima j, ri me ʼ s.
ix i xe ʼ la qʼoma b ʼ !
xsa cha n chwe.
e kʼo kʼi che ʼ, chiu wach ri juy ub ʼ.
are wa ʼ ri nim alaj pi xab ʼe are wa ʼ ri nab ʼe .
x reta ʼ maj chiru kʼ pa kʼ kutij wi
jas u tza kikle sub ʼ xu ʼa no?
aj xo ʼ y ri wikan.
we tane a ʼ re xe tijo w le ri kil, are le komon xe tijowik.
sib ʼalaj aninaq kachʼaw le are ʼ chinu wachin.
u tz we kinchaku j.
m e ʼ sla ʼ.
kʼo kanwa rech kaqa tijo.
xin si kʼi j la.
ria kʼal x sa ch kano qjela ʼ pataq ʼa j.
xe si kʼi j la.
jawi xkib ʼi j wi chike ʼe wi ?
rumal che, man ix ta riʼ ri kix ch ʼa wik, are ri ru x lab ʼa xel rii tat riʼ rik ch ʼa w nai w u kʼ rii x.
kʼak ʼ ri wa choch.
sib ʼal aj u tz ki n wil lea tz ʼ yaq rech na huala.
saq por kkayri kipo ʼtrinan.
xsa chon ri nu chak chwe.
wa ʼim xu chapo.
ri qʼaqʼ taj in ka jul u wik.
na jil u pam ri si wan.
e kʼo riqa chalal pa chiu wiʼ la.
jas xa taq chiʼ j le akʼal chu ti jik?
no ʼ jim u kemik le pa sa w umal.
kʼo jun ku kub ʼiʼ tintin, wa ʼ le laj ku kmam ka je qi taj , kapa qika xu lik pa u wiʼ u qʼab ʼ taq che ʼ, sib ʼal aj sa kʼaj , ke ʼuto lee nima ʼ q, chʼu tin, ra chiʼ l, aj si pa nel sib ʼal aj u tz ra nima ʼ.
riu p i xab ʼ le qʼatb ʼal tzi j ki ya ʼub ʼi xik.
na xsa chontach ke xe atinik.
xe qil le chiko p pu wi leja.
x lo ʼ taj ria kʼal.
qono jel ku j wa ʼ pa u wiʼ ri mexa.
xsi kir le waqa n.
laxat wa ʼ kʼut ?
nim ub ʼaqʼ ri tu lul.
ki nxi kʼi kʼik x in qʼaxik.
l akat b ʼe pale tinamit ?
ri pa l sib ʼalaj sa qʼo r.
k qʼo xow nu ja lom.
xin na ʼo chikat pe tik.
x loq ʼ ulewi we chix.
x in chakun ru kʼ ri numam.
na x qab ʼan taj.
k kʼo ji ʼ b ʼa ʼ riu si pa nik ria jaw xel jesusk ri sto ru kʼ ria w u x lab ʼal !
kinch ʼaw ru kʼ le nu na n pale ch ʼa we b ʼal .
sib ʼal aj qʼe qu ʼm rumal rimay ul.
arele b axu lik.
xekos lei xoq ib ʼ pale b ʼe.
kʼax ri lik le akʼal cha we.
x in qʼi ʼ oxi natin pa jo ron.
sib ʼal aj nim le tinamit.
kʼax u kemik le pa sa w umal.
xi n sa chik.
taj in ke lu kikʼel pa raqan ri tz ʼiʼ.
x in we ta ʼ maj ri lik wib ʼ
ri qʼu qʼ are jun je ʼ l chikop.
kʼo paja tijob ʼal ri wikaq ʼ.
ri sachib ʼal mak raj wa xik chiqa xo ʼ l.
je ʼ, kimb ʼe k.
jel ale ʼ ri nu p wiʼ.
xub ʼi j che :- jas xab ʼano tintin?
kab ʼan jun to qʼob ʼ kyak ri n uj al.
kat ʼe kxi nta.
jas leu kʼe xb ʼem ri b ʼ le jun ru kʼ le jun chik?
aj chiu wiʼ mi qʼi nja ʼ ri lu ʼ.
ri tijo nel na j kpe wi.
te ʼ kix cho b ʼub ʼiʼ ri nu tat.
ri ja ʼ kami qʼik chiu wach ri qʼaqʼ.
rit ʼu ʼ yk pa qʼow ik.
kin me son na.
naq aj at kʼo wichi wech.
x in b ʼiso nik taq na xat pet taj.
we xkam ri winaq , ri p waq rech toj b ʼal ma kaj kya ʼ chikech ri ra la xik.
rin una n xb ʼe pa kʼay b ʼal .
xo ju kʼam u loq rech koj ri lo
x kʼoto chin chiki wach chik in waʼaw u kʼ.
na xki kamsaj taj xki kʼam b ʼi choja.
kʼa kʼriik ʼ kamik.
xim b ʼe ru kʼ le aj ku ni wi r.
ri lik.
letz ʼi ʼ xeko sik.
x in ki ko taw umal.
ri imul xu maj ria nim, xuy akan lekok.
kʼo oj che ri akʼal.
xu j b ʼe pa jun kʼula nem.
u tz wek wa ra laq.
kaq ilo chinako ju kʼam taj.
x reta ʼ maj chiru kʼ pa kʼ kutij wi.
sib ʼal aj x in kʼa ʼ na rik.
x in kochi j ri nu wa.
man kat ko win taj kat chaku nik, we man kʼo taria jil ab ʼal .
we w ono n xub ʼi j chike :- kix into.
ria la nim k ri l wi riumam.
x ka ʼ y chirij , x ka ʼ y chu wach, ma kʼo tachi jun ksi lob ʼik, xo qʼik xu xe ʼ j ri b ʼ x chʼo p inik x tzali j loq xu riq ta chik riub ʼe .
kʼo pusche ri wa.
p i nem na kab ʼe le wa tz, kimb ʼe wi in pa ka ʼ y ib ʼal .
rin anto ʼ n nim winaq chik, saq u wiʼ, rono jela qʼab ʼu tz kuna ʼo kat ʼuy iʼ pa u tem, kum i qʼi saj ri b ʼ chori qʼi j , kʼo jun u wiʼ u mam ub ʼiʼ ate ʼ k.
mane kʼi taj riqula ʼ.
qʼalaj chinak awa j taj kab ʼi j
x pa qab ʼi sax ra jil rono jel rikem.
kʼo pa ri jul ri ku matz.
rono jel qʼi j ki n chʼaj le nuw are.
saq chik an lei chaj rech ka tz ako.
chu xel e qa chomal kaqatij wi jun qam e qʼi n.
cha wila ʼ.
e kʼo job ʼu miʼal, ri nu tat.
jas ru kʼ xa wil wi
je ʼ jas ri winaq rech ri u wach ulew, xo quje ʼ ke pe na riʼ rie ʼ are ʼ che e rech ri u wach ulew ; je ʼ jas ri winaq rech ri kaj , xo quje ʼ ke pe na riʼ rie ʼ are ʼ e rech ri kaj.
xi n tijo.
k tz ʼu juw ri ra choch ri po ʼ x.
xu qʼi ʼo are leu kʼul el xya ʼow u wa.
ria wel x reta ʼ maj chira jawa xik man ku xej ta ri b ʼ che ri tu ku r.
ju kʼul aj winaq xe ʼa nima j b ʼ ik.
je ʼ, x in tzali jik.
xoj pe tik xol qa kʼama ʼ.
maj jachin x ʼ ek.
in aj tij ; at tijo xel.
saq u wiʼ ri ta ta ʼ.
we ch ri kem.
lero ʼ ch le ate ʼ k kʼo ch wach le u kʼay le nunan.
kb ʼe pa ri si riʼa e pa ri silisiʼa, jawi je ʼ kuya wiri ki chu qʼab ʼ ri komon tyo x.
p i xab ʼ : man u tz taj kʼax ku j ch ʼa w chiki j ni kʼaj qa chil.
x kuna taj le ali ( kumal rii xoq ib ʼ ).
ri xib ʼib ʼal chi kʼo wi pataq riqa kʼas lemal rono jel qʼi j.
nak uj war ta wa ral.
on chek kʼo ji ʼ riu tz il chi xo ʼ l, are ch jun am ri qa kojo nik, junam rii we chix ru kʼ ri we chin.
pa ox qʼi j ri sa ʼ n kb ʼe na ru kʼ ri aj ku n.
ka winaq wuq ub ʼ.
jas ka waj kin tijo?
we ta xat b ʼe w u kʼ pale tinamit , xa lo qʼtala ʼ le u jas taqle akʼa jol.
keb ʼe pa wa ʼim.
xin loq ʼ kʼi wa.
pa jun nim kʼache ʼ laj , kʼo jun kʼ wa ʼ sib ʼalaj saq lo lo j, nim u wach.
kwa j katij jub ʼa ʼ wa.
rono jel winaqk ri l na riu ko lo nem ri dyos ».
x kʼo to chin chiki wach chik in waʼaw u kʼ
kwa jnak at ʼe taj.
laxa loq ʼ jun alej ?
e kʼo rie loq ʼom anel.
riu kab ʼub ʼiʼ ri numa m are ya y.
kinjo pi j rii ja ʼ rech triko.
x na ʼ taj chke xe atinik.
xa te ʼ qila ʼ.
kaki tij alan xa x ri winaq.
. . . kinb ʼi j chi are wa ʼ sinx iʼ an.
na xin nab ʼe j ta chu ta sik qa kʼo lib ʼal .
rumal rech che we ri in, kinch ʼaw ru kʼ ri dyos pa chʼab ʼal , k ch ʼaw na kʼu riʼ ri w ux lab ʼal ru kʼ ri dyos, kʼate kʼut man kʼota u patan riʼ ch rech ri n u choma b ʼal .
xe p e tik xki lo.
xu taw ekat ʼe k.
u tzu ke mik le pas cha we.
rin u wakax xu ti j jun qʼo qʼ rumal riʼ x kamik.
rumal ri kʼi x, man ke wa ʼ taj ri winaq.
xe ʼ u lik.
qʼe qri j ria ma ʼ chi j.
x raj ka ʼele una n.
junam ki jun ab ʼ.
na qʼalaj taj we ka ʼek.
ri wix nam chʼaj chʼo j ri ra choch.
war al man kʼo taja jawa l.
nai wir tax ri lle kʼamol b ʼe.
x in pe loq te kʼu riʼ x in tzu ku j rono jel rinura jil.
ria j ti ko nel kutik ri tzi j.
kʼo e ki kʼaj ol lea chi j ab ʼ.
kutij qʼayes ri ix pa ʼ ch.
pa ri wa ʼ b ʼale kʼo ka winaq achi jab ʼ.
sip oj inaq ri nu pam.
kaya ʼ taj ik ru kʼuti ʼo nem jun riu ri qom le ya b ʼil am olot setsé xu quje ʼ are kaya ʼ taj pataq ri juy ub ʼ.
jachin ria chi?
ri num am x kamik are taq kʼo ju much ʼ laj uj u junab ʼ.
kinko winik ki n kʼam b ʼi lep waq.
kin wi lo chiu tz ria ji ʼ.
x in qʼil ria po ʼ x che man kachakun taj.
kwa ʼ chiu wach le taq ʼ aj ri ama ʼ akʼ.
ri i mul xe po qʼik pa jun ikʼ.
x kʼis ka noq riqa chak.
are ria li xo jil o wka noq.
sib ʼal aj chʼu ʼ j ri amax.
kʼo nuwa chiʼ.
in chaj inel kech lea kʼalab ʼ.
xe kosle tz ʼiʼ.
kinb ʼe na ku kʼ ri mol aj.
rono jela qʼab ʼ kiny itz ʼ ri w akax.
kara p inik xu tzu ku j chi juna wa j.
le u ke mik le pa sa ninaq (aw umal ).
maj ura jil le qʼab ʼ arel.
kʼax riʼ ri kach ʼa wik.
xo jutaq chiʼ j le achichu lo qʼi kicha j.
sib ʼal aj kʼax ri x kʼul ma xik.
xki lo chinak in kʼoxo maj taj.
x na ʼ taj chke chixe atinik.
x kʼo to chin chiki wach chi xo jal w o ʼ qa ku kʼ.
jun qʼu ʼ qraj il ri kax la ʼ nwa.
x in wi lo chixe ʼelik.
e kʼoi xoq ib ʼ pale kʼay b ʼal .
man kʼo taj u kʼi sik rima ya b ʼaj lab ʼal il.
risink kʼiy pataq ʼa j.
ri chʼima man k kʼiy taj pataq ʼa j.
ra jawa xik kjikik ri waq än.
kawa j ki nʼek.
e kʼo oxi b ʼak ʼ.
xub ʼi j chwe jawiat kʼo wi.
chwe ʼ qkuj b ʼe ʼ pa mu quj.
pasaq kʼaja ʼ kb ʼan wiri uq.
xoj ki si kʼi j.
xin wil wib ʼ.
chaqʼ chik ri wa.
kimb ʼe na kapalew o ʼ ch.
kawa j ki nʼek.
ri chʼu ʼ ktij ru kʼ lej.
pa ri ki qʼi j kaminaq ib ʼ kb ʼan qʼo ri kʼya ʼ rech aj : na b ʼe ri nan ku tzu ku j kan ria j, ku jach ʼo ʼ xu quje ku kʼe to.
jas kaj b ʼal cha nim ?
u tzu choma nik ria li.
pa ri qʼi jox laj uj tija xki n kʼis keb ʼ jun ab ʼ ki n chakun wa ral.
sib ʼal aj ko , ri kʼak ʼ ch ʼat.
jas kara j kub ʼi j … ?
ri chʼich ʼ kas ilab ʼik.
pa oj er qʼal pul xaq xu wiri nim winaq ke kʼamow b ʼe.
le u ku na xik le u kab ʼu kʼut unik are ru kʼ e flor nitinao nut unib ʼa xik le ni furtimo x chiʼ le flor nitina chech t.b. g.
are ria chix in chʼa yo wik.
juna chiub ʼi ku ʼ xu sipaj keb ʼ kʼa ʼ mulew rech kab ʼan ri tijob ʼal , kamik, kʼo chik aj tij rech ri komon xechpup.
xumal ty oxi j che ri aj tij rono jel le xu kʼut chiu wach.
pa ri b ʼe xki raq jun alaj i mul saqrij, xki kʼam b ʼ ik.
x ril le b ʼale ala.
jas kub ʼi j chwe ?
le u ku na tajem are ru kʼu tzu ku xik le u chiko p il pa jun u solik u xe ʼ le kikʼon le ja ʼ rech jun nodo.
u tz we nu tz ʼi ʼ.
je ʼ, taj in kachapo nik.
kin u loq ʼo j len utat.
kawa j kimb ʼe pa tinamit.
are la ʼ kinchaku j.
ri nima ʼ q taq winaq kʼo keta ʼ mab ʼal .
we ta xat b ʼe w u kʼ pale tinamit , xa loq ʼ ta wa ʼ we jas taq.
ri ki kʼas lemal. wai xim ulew xa jun chima are ta tinimit rima
riu kʼ ya b ʼal na jupam.
xa tqaj chiu pam riil.
no j im kat wa ʼik.
we kʼo jun kt uqa ʼ rik, ¿ la man xo quje ʼ taj kin tuqa ʼ r ri in ?
ojoj w oko lja.
a was kb ʼan kʼax che jun nim winaq.
x in ch ʼa wa pan ru kʼ lew anab ʼ.
kʼax riu pam ri ju ʼ l.
taj in ke wa ʼ rii mul.
la kaj la ku j tzali j la aninaq?
rumal rech che rima kaj man kʼo ta u ko winempi wiʼ ri ix : ri ix man ix kʼo tachi chu xe ʼ ri p i xab ʼ, x ane ix kʼo chu xe ʼ ri sipa nik.
nim raqan le che ʼ.
xi n chapo.
are letu ʼ r le loq ʼom anel.
x as kat kʼo ji ʼ chiu pam ri chʼich ʼ.
sib ʼal aj nim raqan ri kʼamal b ʼe.
le tz ʼib ʼab ʼal we chin.
in xi nto ʼ w la.
xa je kʼu riʼ ri ix kamik riʼ man ix kax lan winaq ta chik; riix, ix rech ri ki tinimit rie tyo x laj taq winaq, ix rech ri ra choch ri dyos.
x intiko x laj kʼal i chaj.
kaqa riq qib ʼ chwe ʼ q.
sib ʼalaj u tz che ri wiʼ aj ri tuney.
we na ju p u lik ta xeq aj ik...
x into ʼ taj che ri nu chak.
kʼo jun chiko p ub ʼiʼ p um.
poqon riik.
xoj b ʼi nik.
xu chʼek rono jel le retama nik x pa qiʼ k kʼax k wʼinik xub ʼanaj kun.
kel ub ʼik pa ri jude ʼa ek tzali j chiub ʼi j u mul pa rigal ile ʼa.
x ina xib ʼi j pa b ʼe .
je ʼ l kʼo lem chia wa choch.
rono jel ri ya ʼtal il pa we qʼataj , tz ʼaqat ki wach, man k tzaq tak a noq xu quje ʼ man ktas taj.
xu kunaj le ya wa b ʼ le aj qʼi j.
chi tatab ʼe j jas le kimb ʼi j.
ch ʼa nal ria chi.
pa b ʼo ko ʼ kachakun wiri ta x.
uj kʼo pa u wuq qʼi j.
kiʼ riu kab ʼ riaqaj.
kʼo rachal al pa tz ʼo loj che ʼ ri pe ʼ l.
xki lo chik in kʼo xom aj.
riu ki sa kʼu tz kya ʼik chiu xe ʼ ri ti ko ʼ n.
are taq chiʼ ka qʼanp u wiʼ ri j u kub ʼ, ri achiche x kʼo ji ʼ ri itzelu x lab ʼal ru kʼ , ku tach rech ri are ʼ, are chk kʼo ji ʼ ru kʼ ri are ʼ.
na kab ʼantaj taw umal.
x na ʼ taj chke xe atinik.
xin pa j ri nu triko.
xe ʼ ok ri po kʼ pa riumex ari po ʼ x.
kaj uluw ria qʼa ʼ l chiu xe ʼ rit ʼu ʼy.
awe ch lej a.
xu j b ʼe pa tzu rik.
nab ʼe xato panik.
riu kab ʼub ʼiʼ ri numa m are ya y.
u waj xaq uka kʼal taqanik (28).
mata kʼo jun ka kanaj ka noq, qono jel koj b ʼe k.
e nima ʼ qleal tom ab ʼ.
nim u wach ri po ʼ t.
ko jonik pa riu tzi j wa i xim ulew.
jas xu kʼam b ʼil etz ʼi ʼ xa wi lo ?
xin pe tik, tat.
rib ʼe laj u wach.
chi tatab ʼe j jas ri kimb ʼi j.
je ʼ l kuna ʼ ri ab ʼix chiu pam riqu qulew.
kinb ʼiso ju wach lewal.
xu t ʼu y ub ʼa ʼ.
nim ria we qele ʼ nxa riqo.
xi ne ʼ wa ʼoq.
chiʼ ke war wi lea kʼalab ʼ.
ri num i ʼal xu taq loq jun taq o ʼ m w uj chiwe.
qʼe ʼ lik, ri chaj pa ri b ʼe.
la u tza wach? -u tz mal tyo x, e kʼu ri at ? – u tz mal tyo x.
x in ko s rumal nu chak.
kb ʼe ku kʼ rie ʼ are ʼ ek tzali j pa ri n as are te ke ʼu nima j.
ri joj xu kʼam b ʼik riakʼ.
kʼo chiwa chiʼ l cha nim.
kub ʼi j chech na ʼ l kab ʼan che ria tz ʼib ʼ .
e. . . in ka wa j ka tz joj b ʼila chwe.
mata xin ya jleal i.
jachin ru kʼ katb ʼe wi ?
kʼo sib ʼal aj eta ʼ mab ʼal pa rima ya b ʼ no ʼ jib ʼal .
e man xo ri j u p uq ke j.
kas u mum ri kaqi qʼ.
e kʼo kaj ib ʼa kʼalab ʼ pale b ʼe.
je ʼ jas riu tatk ka ʼ y ik.
x aqat molonel tzi j tal.
le nu tatka loq ʼon chwe.
xaq tane kimb ʼe i w u kʼ.
x reta ʼ maj u chʼa jik.
rumal la ʼ x koj “ x al qʼat ” che ub ʼiʼ ri komon.
are leu kemik pa sxreta ʼ ma j.
ri wa tiʼ t kub ʼan na riu patan.
kʼak ʼ lepo ʼ t.
reta ʼ mu wach jachin x loq ʼo w ri pa s.
kench ʼab ʼe j lea kʼalab ʼ.
ya ʼtal chaq e qono jel ri uj winaq u tz kaq il qib ʼ.
x koti ʼ pa qʼayes xo qʼik.
ka winaq b ʼe leje b ʼ qʼataj.
e kʼo kaj ib ʼ ral rii mul, jun saq, jun qʼan, jun qʼe q, jun qʼe qoj , sib ʼal aj ketz ʼanik , ke chʼo p inik ri alaj taq i mul.
k chol ol ria cha cha l.
ket e kik ri ikʼ.
xe pe tik rech ke wa ʼiw u kʼ.
tzatz riu qʼa nil ria kʼ.
xoj tzali jik xi xe ʼ qa qʼatuj ku kʼ lei ta tinan.
ri yo ʼ x taqa kʼalab ʼ ke kikʼux ria tz ʼ yaq.
we achiwe xu sipaj jun po ʼt chwe xkamik.
kko win ri kuna nel che kuna nik.
x jiq ʼ pa ri polow.
xa rumal sib ʼal aj ra jawa xik le lo qʼalaj ja ʼ, le winaq xkib ʼi j : che we ikʼ riʼ qono jel ku j b ʼe che u tik ik taq che ʼ.
riuna ne rie rachal al ke pe u loq ru kʼ ri are ʼ, kʼate kʼu riʼ, man keko win taj keq ib ʼu koq ru kʼ , rumal rech che e kʼo sib ʼalaj winaq.
rumal rech , che man kʼota junk ko win che u ko jik junti kib ʼal il chik chu wach ri ko jom chik che are ri jesusk ri sto.
te kʼu riʼ xu tz ʼib ʼaj ri b ʼ pa ri nim alaj tijob ʼal rech aj ku ʼ n.
kaj uluw ri chʼu mil cha qʼab ʼ .
kʼis b ʼal ka noq, xo quje ʼ k kam rii xoq.
leala xok ik.
kʼo p waq pa u wiʼ ri mexa.
are kawa jnak in ʼe taj.
ri ya wal ku koj ria li chiu xe ʼ ri chakach are usu ʼt.
na kaqa kʼam tu ʼ b ʼi kamik.
ria j tij kub ʼi j chike: ra jawa xik ke qa cha ji j ria wa j, are u tiko ʼ n ria jaw.
x in tij mu kuni wi r.
kʼax le u wiʼ taqle nu qʼab ʼ .
x in loq ʼ jun il b ʼal wib ʼ .
wa ʼ we qʼi j, nim ub ʼantaj ik.
riu xe ʼal riqa tinamit man kasach taj.
xoj b ʼi nik.
ria chalal junam ki wach.
x in we ta ʼ maj ri lik wib ʼ.
nim ri u na ʼo j wa j tij.
mi qʼi n ri kʼul.
aj qʼo jom ria te ʼk.
che le sa nik che ʼ kb ʼan wiri qʼo jom.
ka pe lea wel pa na walja ʼ.
ri meso nel taj ink chaku nik.
u tz chaqe kaqa to ʼ qib ʼ, taq kʼo kʼax kʼo lil, kate we chiʼ n ria jaw paqa wiʼ.
xaw ilo, x qʼatan leib ʼo y.
xat ko winik xab ʼano.
kiʼ ri kʼawe x.
kaj il il ri b ʼe .
lea li xel b ʼik.
are ʼ x ra jxi nb ʼano.
nim we ab ʼa j.
je ʼ lik u ti ʼ jol al ri saq ko ʼ r.
noj inaq ri ke j.
we katijan xu x man kat uto ʼ ta chiu qʼati xik le kʼa kʼya b ʼil coronavir u s( 2019 -n cov).
na nim ta raqanwa ʼ we che ʼ.
u tz alaj aj chak, ri wel.
¿j am pa ʼ ku j b ʼe pa nima qʼi j ?
ra jawa xik tane la ʼ kat chakun wu kʼ.
xu taq chiʼ j pa waram pulew.
man are ta ria x wan xe lik.
ria wix xu loq ʼ rachoch re nimal.
are rii xoq x in sik ʼin u loq.
ri chʼima kʼat ʼon na.
la xib ʼan lei chak?
kʼi tinamite kʼo pa chʼo ʼ j.
kʼo jupuq chij chiu xe ʼ ri che ʼ.
riu xaq ri ab ʼix are u wa ri ke j.
ka winaq qʼataj.
la kix pe pa tijob ʼal ?
we ke chaj ix taqle kʼ wa jachak in b ʼi j ; juna lik kʼo ja ʼ xu quje ʼ sib ʼalaj saq lo loj.
x reta ʼ ma j.
ri alab ʼom ria li tom ab ʼ taj in kiki tijo j kib ʼ rech sutaq, are kakaj kikib ʼan nim aqa chij ab ʼ chu pam ri ki kʼas lemal, xu quje kʼo chik jupu qb ʼi xo nel chu pam ri komon.
la tz ʼu wach ri b ʼe .
kʼak ʼ ria chʼich ʼ.
qono jel uj , uj may ab ʼ taq winaq.
no jel qʼi j ria ti ʼ x ku yu qʼuj le taqaw aj jela ʼ pa ni kʼaj ja ʼ, chirij ri juy ub ʼub ʼiʼ te na ʼ.
pa qʼom chik ri siʼ.
kin tzu ku n chela.
kaki tij le kinaqʼ, le i chaj , le u wa ʼ lik ru kʼ lej.
xe kanaj kan le aj chak ib ʼ.
keti kon ria chi j ab ʼ.
sib ʼalaj itzel ub ʼantaj ik ri chʼi l akan.
ria te ʼ k xu mal ty oxi j che ri ra ti ʼ t, rumal riu tz alaj no ʼ j ib ʼal xu kʼut che ch.
k kamuli xu chak ria b ʼi x.
lax in u tzu ku j le tijo xel?
are ʼ kachakun rono jel qʼi j.
lee kʼa ʼ na taq tz ʼi ʼ.
saq ri j ri p lam u x.
jas xa qʼi ʼo xa tijo.
jas ru kʼ x kichap wi u ti j iklerik il ?
we kata tin ru kʼ kʼatanja ʼ man ku qʼate j tale kʼa kʼya b ʼil coronavir us.
l akat b ʼin pale u x la nb ʼal ?
la war al kʼux ix wa ʼ wi ?
are le nu tatk in loq ʼo nik.
taj ink chakun ria la.
kʼo ri kiʼ kotemala w u kʼ.
xu ta jachin ka ʼek.
xat wa ʼik xin wi lo.
x tzaq ri ra choch rumal ri j ab ʼ.
pale jun ik ʼ chik are nima qʼi j.
e keb ʼäm keb ʼin pa u wiʼ ri tem.
memria chi.
ri wikan cha li ʼ y kel pa juy ub ʼ ch wi tzi rib ʼal .
le ra jil , lapa ja xel aqʼaxw u ʼ b ʼik ?
pa risu ʼt p isom wiri le j.
koj pe tik kol qa kʼama ʼ.
taj in kat chʼo pin chiu wach ri ta qʼaj.
le qʼor x chʼu qik.
kʼax wa ʼima w umal.
kinb ʼi son che lewal.
sib ʼal aj kʼo kʼ ria wa tz ʼ yaq.
kamik xu j b ʼe che u tik ik taq che ʼ pa ri juy ub ʼ.
kin u loq ʼo j len utat.
cha qiʼ j chik ri chaj.
xy il ix haway i.
na xna ʼ taj tach ke chixe atinik.
ru kʼ kʼuwa ʼ we riʼ, ri ixk kʼo ji ʼ jun u tz alaj i kʼas lemal riʼ ch ki wach ri winaq che mane kʼota i w u kʼ , kʼate kʼu riʼ man kʼo ta jun winaq riʼ ra jawa xik chiwe ch.
e pe tinaq pa b ʼe le rachala xik.
ka kaj le a kʼalab ʼ ke wa ʼik.
xu j ch ʼayb ʼik .
ri nu chak are qʼaxel tzi j.
kʼo na ru x lab ʼ ria wa j.
taj in kel loq, riqʼi j.
xu qʼi ʼo x kamsax ri rachala l choch.
ri num am are kʼo u qʼi nomal.
x kʼul mataj ju mul, xub ʼan jun nim alaj jab ʼ, man xb ʼe ye taj tana xu kʼis le uy u qʼ chike.
ama ʼ ri nu tz ʼiʼ.
je wa ʼ kat pe tik.
x in kosik rumal x in chaku nik
i wech chiju junal, riwa.
xu qʼi ʼo na x atatin taj.
in riq taj i naq pa ri kʼay ib ʼal .
na we ta ʼ m taj.
kʼax le nu qʼab ʼ .
u tz le xub ʼi j le achi.
kema tz ʼib ʼ.
kʼo rachal al pa tz ʼo loj che ʼ ri pe ʼ l.
rono jel wa ʼ we jas taq riʼ, xas ksa ch wi u wach wa ʼ ; ru kʼ we riʼ, ri ix, ra jawa xik che kʼo jun tyo x la ji kʼas lemal e k kʼo ji ʼ ri ich ʼa we m ru kʼ ri dyos,
x muq taj ri pa tz ʼan.
ri chʼich ʼ tzi jom ka noq pa riu kʼol b ʼal .
man kʼo ta u chol aj pataq ria w uj.
ja chike ikʼ leu nima qʼi j le tinamit na walja ʼ ?
xe pe tik xol kikʼama ʼ.
kachu qʼ chu trija ʼ chia pam.
x in b ʼi j i wir chi xeb ʼe pa armita.
are ʼ u xe ʼojer tzi j wa ral kʼiche ʼub ʼi ʼ.
x kʼis ri nu siʼ.
jawi xkib ʼi j wi chike ʼe wi ?
¡ xa je kʼu riʼ, jachin taq rie kʼo pa ri jude ʼ a, chicha nim che ʼa nima jub ʼi pataq ri juy ub ʼ,
kʼak ʼ ri ab ʼ.
la kʼo jun na kakʼoxo maj taj ?
na u tz tale u tʼis om le alma riy.
man ya ʼtal taj chia we katok paja.
je ʼ, xa tu tzu ku j.
are kel wa j xaq ib ʼu qʼi j ri x kʼo jik.
ri xu nkurk kʼo ji ʼ pataq ri triko.
xi n sa chik.
xu t ʼu y ub ʼa ʼ
na nu tom tale tzi j …
wach ʼom ri ki wa ri no ʼ s.
e kʼo job ʼ chʼi l wa kʼ.
ra jawi xik chi pataq ri tijob ʼal , pa ni kʼaj ub ʼi xik chik
ri ra jaw ru lew are ʼ tatkel.
we kʼu xok ik, we kʼ na xok ta
we achi xu sipaj jun p ʼot chwe.
atat utaqo ʼ n le qʼatal tzi j.
naq ʼanta u wach le qap rut.
ri xa ʼ r kʼo pa u wiʼ ri qʼaqʼ kpo qʼow ik.
ri ro qʼe j ria li jachak pe jun akʼal.
kʼo jun alapa tijob ʼal .
säq u wiʼ ri ta ta ʼ.
ri wi tzi kʼ taj in kpe loq.
jawix sa chon wikan uya ʼik lep waq che.
u tz we achiwe xin kuna nik.
qono jel ku j wa ʼ pa u wiʼ ri mexa.
ri kax la ʼ nik man po qon taj.
in x in b ʼe ru kʼ ri wa chiʼ l.
sib ʼal aj je ʼ l xki lo xe ki tzoqopi j ri ki chij chila ʼ.
kinb ʼinik x in ʼ ek.
kʼax kʼo lik, kacha ʼ.
ku tiji xim riakʼ.
ria lix che l, xu qʼi ʼ oxa jun akʼ xsi pa x che.
x qa si kʼi j le i xoq chu tza kik sub ʼ.
mata xab ʼin saj le chʼich ʼ.
ri p ix tz ʼara lik rumal rie qaʼ n.
¿jampa ʼ kel chi 3%
kʼo jun nu kʼo toj chiʼ aj.
taj in ke wa ʼ kat ri alab ʼo m.
x in loq ʼ le nu kʼa kʼapo ʼ t.
na u tz ak ik ta sub ʼ taj in ku ʼa no
xo jutaq chiʼi jxo j wa ʼik.
i wech ri ab ʼi x.
saq ri j ri chi j.
aj sik che ri tinamit ke l wiri ta ta ʼ.
- ¡ ay ! xa xin tzaqu loq , kʼax we waqan.
x kʼul mataj pa jun komon chiʼ u wach jun juy ub ʼ, xu riqa jun qʼi j xki riq kib ʼ juni mul ru kʼ leko k.
jas xa taq chiʼ j le akʼal chu ti jik?
x in cha pos u xu loq ʼo.
qʼi nom ria chi.
ri kʼum k tijo w ru kʼ kab ʼ.
taj in ke jach ʼanik.
tze b ʼal u kemik le pa sa w umal.
are ka yo ʼ w le u chiko p il le ub ʼantaj ikt ry panos oma brucei.
we kat nima nik u tz ke lik.
perono ʼ jimal pet naq loq, .
are len u chak jun tzu qb ʼal wib ʼ.
x kunax le ya wa b ʼ rumalle aj qʼi j.
riu kʼu ʼ x tz ʼib ʼ pa qa tzi jel aj u j.
sib ʼal aj je ʼ lik rie qab ʼal xub ʼan ri lu ʼ s.
sib ʼal aj at ko n.
e man xo ri j u p uq ke j.
na xna ʼ taj tach ke xe atinik.
ri kʼamal b ʼe xub ʼi j chike , chimaj aria nim.
ju much ʼ ri nu jun ab ʼ .
qʼiptaj i naq ri raqan ri tem.
k chakun ru kʼ ri josb ʼal che ʼ ri aj anel.
xa taq chiʼ j le akʼal chu ti jik ka r.
oj kʼo pale ro ʼ ch le awel.
¿ la kat pequ kʼ chwe ʼ q?
le winaq pale chʼich ʼ et ʼu yu llo wi.
x kanaj ka noq chiu xe ʼ ri jab ʼ ri ch ʼa ʼ n.
nim ri ja.
we ta xa kunaj le atat mata xkam la ʼ.
na nu kʼamom tu ʼ la riʼ.
ch qa nu kʼu ʼ riqa tzi j.
kimb ʼe pale tinamit.
x in qʼi ʼo na xin atintaj.
ra jawa xik ka kʼaman cha we leu ti jik le lej.
kʼis b ʼal taq no ʼ j ib ʼal .
