xi ne ʼ waʼoq.
xkib ʼan kʼa x che le uw o saq rumal man utz tachik akay ik.
ri qʼutu ʼ m man kech talea kʼalab ʼ.
are nanim ta lea tz ʼiʼ ch uwach len utz ʼiʼ.
xe pet ik xol kilaʼ.
¿jaw chiʼ xa taʼ che x kam ri u mam ri po ʼ x ?
e keb ʼ ke kʼam b ʼik patuj.
x in loq ʼ jun japa ri w okajja.
ria xtu ʼ b ʼ, kʼo qulaj chech.
jas ka raj kaʼan chu tza kik leti ʼij.
xu tij lewa.
ximb ʼal retzi j.
x pa x ri b ʼo ʼ j.
we kawa j kat into ʼo x aqxuw ikab ʼij chiwe.
jas nu kʼu ku chʼob ʼo.
jas ka ra j ku tijo?
xe x ru x lab ʼ ri ri kil.
e nitz ʼa ʼ qleta qimul.
we tane in x in b ʼanow ik, are le ate ʼ k xb ʼanow ik.
kin tzali j pale nu tinamit.
ri nuch aqʼ kʼo pa uro ʼ qʼatoj tijo nik pa ri tijob ʼal.
x in x iʼ j wib ʼ x in chʼawik.
kʼo chwa ro ʼ ch lepare.
chi raqan kab ʼin wirit ataʼ.
x sa chonk anu yaʼik lep waq chechoja.
x in qʼax chiki xo ʼ l ri winaq.
keti konik.
ri u lew man qech taj, kech ri qatiʼ tqam am.
xe pele winaq xol kikʼam aʼ.
xu loq ʼ ri w uj rumal riali.
che we qʼij kamik kʼo jun nutzi jo nem chirij le nu tinamit.
kej riʼ .
x kuna nalaq chwe.
kin usi kʼi j len unan.
ri imul xu chʼi j taj, x kanaj pa b ʼe , rumal ri nimal kuja luj ri imul, xu tzaq ria nim.
kub ʼan riu xo qʼo ʼ l ria j tz ʼaq.
ri la sib ʼalaj utz che kunab ʼal.
kʼiki wa ch rie ʼ aj chakib ʼ pa ri komon tyo x, kʼate kʼut xa jun chiaj aw xel;
x qata chix atulik.
kawaj chik atʼek.
chʼuti ʼ n kekanaj ri x aj ab ʼ chech.
kaqa xiʼ j qib ʼ kaqa chapo.
e kʼo keb ʼu kʼa jol let at x wan.
lu ʼ sub ʼiʼ ri re cham.
aj chiu wiʼ miq ʼin jaʼ ri lu ʼ.
x inyak an len u chimpa kʼa ybʼal.
kʼate x ri lo , x p eri una n che utzu ku xik, xki kotik, xu salab ʼi saj ri taq u xkin.
xki kʼut chi uwach ri aj tij xu qujeʼ chiki wa ch ri taqni kʼaj kachil.
utz len u qʼab ʼ.
ku lleal we ʼ l pa a us tincha qʼab ʼ kamik.
ria te ʼ k x tzaq loq are chi kʼo pa u wiʼ ri qʼaʼ m.
aj patan ri teʼk.
x atqa j chiu pam riil.
la kʼo tzi j naki kʼo xo maj taj?
x sa chonch kechi xeat inik.
rono jel leu lewe chalaq.
la xeb ʼe kʼula xe ʼ kij aqa kʼu leu chiʼ ja?
x aqkat chʼok na jiwi r.
kamik kʼo chirij as taqawe.
are chiʼ ka kʼi s ri junab ʼ kʼo qʼi nom.
pan awalja ʼ x inale xik.
na x in tataj we are ria kʼal ki x tzu quwik.
¡ ru lew ri sab ʼu lone ru lew ri nef tali, ub ʼe ri polow , ru lew ri jordan, galile ʼ a kech ri je taqam aqʼ !
ra x, ra x, ra x, kʼo kʼ, kʼo kʼ, kʼo kʼ le ru x lab ʼ le taqtiko ʼ n.
a chi x atwilo.
paqal raj il le pi xkamik.
xoj b ʼi nik.
pa jun je ʼ l tijob ʼal ku tijoj ri b ʼ jun akʼal , ub ʼiʼ po ʼ x, utz kuri lo ke pa tijob ʼal rono jel taq qʼij.
xwa j chix atʼe taj.
utz la ʼ le xub ʼij lea chi.
we taʼ am jach in kap etik.
kin qʼo jom anik.
x in qʼiʼ ota kʼalik x inp etik.
are ʼ retaʼm cheki nop anik.
are tab ʼaleq aqa jaw chat to ʼ wik.
ka winaq waq ib ʼ qʼataj.
naq aj chik cheri u waq kaj b ʼal are taq chiʼ ksa ch uwach ri qʼij, kok ri qʼe quʼ m ch uwach u lew, chi kʼate ʼ nari b ʼe le jeb ʼ kaj b ʼal .
job ʼ raqan ri tz ʼalam xeporo xik.
sib ʼalaj ko ri j ri mop.
are waʼ.
jel aʼ pa ri timinit chwi kab yok rech xelaj u ʼ, le qananqa tat kaki tikoje ʼ la laj taq uwach i chaj.
kʼa x nu qul.
xu ʼ lu kʼam aʼ.
koj ul ki tzu ku j.
are man kʼa x ta u kuna xik are taq aninaq kaʼil i taj weyab ʼilal xu qujeʼ mojo ʼ qa ku yaʼ le kʼa x kʼo lil chech le jo lom aj.
ri wel kʼo patijo nik.
kawaj kinb ʼi j.
ri ko tz ʼiʼ j kqa koj chiu pa mrija.
qʼe q qʼoj ri j ri am aʼ ke j.
na xwa j taj x inch ʼ awik.
ch pe tab ʼale lo qʼalaj jab ʼ.
x sa chonch kexat ki sik ʼij.
ele qʼal chʼi chʼ.
jach in xawi lo chi are x tijow rit iʼ j?
mata kab ʼe le nu xb ʼal pale tinamit.
p im ru q, riali.
¿ kʼo ri mu qʼe chia we ch ?
kqab ʼij man keko win taj.
kin ti j na.
kʼo jun qatʼu ʼ y paja!
kʼop uj chiu pam ri chʼaʼk.
are taq kinko sik kinwa rik.
xat waʼ ik x in wi lo
in x in chʼa yow lea chi.
kono jel ria la xik ke ʼ etz ʼanik.
jas ru kʼ x ki tij wile kiri kil ?
an in aq il katp etik.
naraxta uwach le juy ub ʼ.
ri tz ʼalam tz ʼib ʼab ʼal raxk kay ik.
wech at chaku nik, kʼo awa.
ma ʼ tam xat pe cheri waʼim.
kamul kin waʼ na.
ri sik il k tijow ru kʼik.
kimb ʼe aq ʼan ru kʼ leal talin.
xo j ʼe k xe ʼ qilalarqas ok.
xeki qʼil le aj chakib ʼ xki w ok leja.
ma tane xwa j le kʼu hj nem ru kʼ leate ʼk.
are xe ʼo pan chiu chiʼ ri juy ub ʼ, xki lo chiman qas ta kʼo qʼayes.
kʼate kʼut, ri jesus man kko jon tach kech rie ʼ are ʼ , rumal rech che kono jel retaʼm ki wach,
pa ʼ tz ri j ri tz ʼiʼ.
ju winaq waq ib ʼ qʼataj.
atela qʼom.
xa qa tjo ʼ s.
ri qʼatzu, are qʼalaj riu qʼij il.
aj chak we ala.
u b ʼe le ju kakʼal taqanik (29).
keb ʼ nub ʼiʼ kʼo lik.
l aka tzali j lu ʼ la aninaq?
katzu ku n la chwe.
la kaj la koj b ʼe ʼ pale chomal chwe ʼ q?
x in nab ʼe j chu ta sik qa kʼo lib ʼal.
lal xin to ʼ wik.
sib ʼalaj ano ʼ jib ʼal.
x oj pet ik xol qa kʼam aʼ.
sib ʼalaj je ʼ lik riu waʼ l rii chaj.
kʼa xwi j rumal in pa chalik.
are taq xu kʼul maj waʼ xu l riu chomanik xub ʼi j : are utz waa qʼab ʼ ki nwali j ik, are chaʼ cha nim kino pan pa tijob ʼal , maj chik in kʼu lmaj.
o j aj xo jol ob ʼ pa a was qʼij.
x in sach che leu w o kikletzi j.
e jul aj uj riakʼ.
xu taj am pa ʼ koj ʼek.
qil ik.
ri tijo xel man are tanim ch uwach ri raj tij. ri utz tijo xel qas je riʼ kʼo lik jas ri raj tij.
in xatin chʼa yo.
no ʼ jim chak w umal.
chʼu rrijo chʼ.
ink inb ʼi j na katsach taj.
uj may ab ʼ.
ri ab ʼaj yatzalik.
taj in kepi xb ʼax ria kʼalab ʼ.
chom ri aq.
xi n wa rik.
elemen kono jel ria kʼalab ʼ.
taj ink qʼanarik ri we re ʼ aj.
leu kem ik le pa s utz (chawe).
xuy u p ub ʼa uwach raʼ chi, ka chaʼ,.
ri satanas kok pa ri j uda srik b ʼi x iska riʼ o tech rech , ri are ʼ jun chki xo ʼ l rie kab ʼ laj u j.
chu chu ripar.
kinqum uj ri nu jo chʼ.
chech pun ción lu mba ram aqʼel ra jawa xik chech ri lik leu kʼ e xb ʼem wi le nab ʼe ru kʼ le ukab ʼu kʼutu nem ley ab ʼ ilal.
qʼalaj chinak awaj taj kab ʼi j.
kʼo qʼol chirij risiʼ.
jawi xo jʼe wi chu loq ʼik ?
kʼo u lo chʼ ri talin.
qʼan ri j ria tiʼ tnu ke j.
la x tzali j lai wir?
xe si kʼi xik, kʼate kʼu riʼ xeya j ik, xu qujeʼ xe taq b ʼi cheu si kʼik lemes.
la ki x warik?
are kʼu lepa loma x xub ʼi j che :- mam katb ʼi son taj, kinsi kʼi j ni kʼaj wa chiʼ l kera pa p ik.
aʼ re e tijo xel ab ʼ.
ri alaj al i siʼ l x ub ʼij x qa chap pa utzal ri tyox.
x sa chonch ke jach in xe atinik.
jas x uray ij le anan xu tijo?
xi nko sik.
ra x rono jel ri qʼay es rumal lej ab ʼ.
kin ya waʼ we chʼi chʼpi nem nautz.
no ʼ jimu pa chʼu xik len uwiʼ.
na j kʼo wi lew o ʼ chch uwach le tijob ʼal.
rio kib ʼal kʼo chi uwach ri saqja.
xe nutaq chʼi j ke kil lea kʼalab ʼ.
kʼo jun qʼoxo we m chiwe.
tza ri choʼm.
we choj b ʼe pale nima qʼij, ke qil le aj xo jo lob ʼ.
xo j ʼe k xe ʼ qilalarqas ok.
ria te ʼ k xu taʼ chech ri nanto ʼ n :- nan jas che ʼ chiman kaj talaqa kʼati saj ri jo ʼ q.
ri pal sib ʼalaj xu ʼ y.
kin koj ri j ok b ʼalu lew.
ink inb ʼi j na katsach taj
a traj kun len unan.
ku qam uj uj oron ria j tzi j.
lu ʼ tz ʼalam ub ʼiʼ ria chikel pa nim cheʼ.
je ʼ lik u tiʼ jol al ri saq ko ʼ r.
kʼo jun xaʼ rpaja.
x in loq ʼ jun kʼa kʼ patan.
kʼa xu kem ik le pa saw umal.
aninaq u kem ik le pa saw umal
ri chʼa ʼ nsa chi naq pataq ab ʼix.
ra x taq leko tz ʼiʼ j.
meso m kanoq riu p amja.
man are ta rala xko sik.
ri komon xech pu p rech u qʼab ʼ tinamit xo ʼ lab ʼaj rech qʼumar ka j.
la utzak ik kʼu sub ʼtaj in ku ʼ ano?
katel a!
na xu tij taj.
xa rumal ketaʼ m kono jel ri winaqk kiqum uj lej aʼ.
i wir x uj tzali j la pa kʼay b ʼal.
qe taʼ m cheri qawa kuj uto ʼo.
ria j tij, kya jon chikech ria kʼalab ʼ.
jas ub ʼanom len u chʼuti tat?
chwe ʼ q kinb ʼe pa nim tinamit.
utz we ki we taʼ maj jas kub ʼi j ri chol b ʼal qʼij.
taj in kat jil ow che u qʼo xom jo lomaj.
x intik qʼax chi uwach ri j a.
kʼa x le kib ʼ ele winaq.
loq ʼ kat kuntaj che le yab ʼil ( covid - 19).
ri nu xib ʼal kel pa qaj b ʼal qʼij.
x ril ria x wan chix waʼ ri ala.
leal ix kunataj ik.
wetakap ele jab ʼ kamik.
x in we taʼ maj chi naxat pe taj.
ri p waq rech we qʼataj riʼ kesa x chech ri toj b ʼal kʼay i nem.
kti j ri u waʼ lik rumal ri ki nim aqʼij.
xu chapu kuna xik.
chatan loq ali.
xin xu liʼ qajoq.
je ʼ lik kti jow ri taq iko x.
kʼate kʼu ri le tat xo ʼ r x ub ʼij, man kawa j taj, man kawa j taj.
kʼo jun tz ʼiʼ pa b ʼ e.
kamul x in pe chea tzu ku xik.
man taj in tak in chaku nik.
kinchaku nik rech kat waʼik.
jas ru kʼ xa wil wi chix kiqupi j wileti ʼ j.
jas ub ʼi xik … ?
koq ʼ ria kʼa l.
kawa j nak at ʼe taj.
xat qʼaj ik.
wem na cha lo qʼaxi yal, na kimb ʼeta awu kʼ.
xo pan lew ujaw u kʼ rumal we chin.
are kʼut pale juy ub ʼ k kʼi y jo ron, chi la ʼ xe ki kʼama wiri j aʼ ri winaq.
koq ʼ ria kʼa l.
we kʼo ara j il chak ʼama loq.
are sib ʼalaj kaqleapo ʼ t ch uwach len u po ʼ t.
x in kʼas taj pa kab ʼ laj uj kaj b ʼal.
kaqo yʼe j naki x pe taj.
koka xim ri chi j xa jel aʼ man ka nima j tab ʼ ik.
ri kokno jim xb ʼe k, xu chʼi joxo pan pa u kʼi sb ʼalil le anim.
xo j kiʼ kotik are taq xatu lik.
kaqi tz ʼ na j ri ux aj ab ʼ ria kʼal.
ri jesusk waʼ kat pa ri nim rachoch rid yos, chu xe ʼ ri jun jache rachoch ri sa lomon.
we taqanik riʼ kub ʼi j chira jawa xik kyaʼu qʼij ri winaq xu qujeʼ kto ʼ anina qil.
ria x ux are nariu ku nel ri kinaqʼ.
are taq waʼ ri uqʼi jol we taqanik.
kʼo jun tab ʼal pa u wiʼ ri x kanul ub ʼiʼ laj uj no ʼ j.
yuʼ lub ʼanom riu kolob ʼ ri ke j.
x anim aj ri akʼal chi uwach riu chu ch.
k kunan ria chi.
kin waʼ ik rech nak in yo wa j taj.
aj xik chʼi chʼ rilu ʼ s.
kwa j chei xki xb ʼanow ik.
aʼre xe to ʼ walaq.
xo j ʼe k xe ʼ qilalarqas ok.
x in loq ʼ jun chʼi chʼ, qaj inaq uwach.
kutʼi sripanta lon.
e j ani pale awal kʼwale kʼolik ?
u tzu kem ik lepas chawe.
ri max are aj qʼani yaʼ.
mata b ʼa chiriq kʼa x pale b ʼe.
taj in ka nima j , ri me ʼ s.
i xi xe ʼ la qʼoma b ʼ !
x sa chan chwe.
e kʼo kʼi cheʼ, chi uwach ri juy ub ʼ.
are waʼ ri nimalaj pi xab ʼe are waʼ ri nab ʼe.
x re taʼ maj chi ru kʼ pa kʼ kutij wi
jas utzak ik le sub ʼ xu ʼano?
aj xo ʼ y ri wikan.
we tane aʼ re xe tijo w le ri kil, are le komon xe tijow ik.
sib ʼalaj aninaq ka chʼa w le are ʼ ch in uwach in.
utz we kinchaku j.
m eʼ sl aʼ.
kʼo kanwa rech kaqa tijo.
xi n sik ʼij la.
ria kʼal x sa ch ka noq jel aʼ pataq ʼa j.
xe sik ʼij la.
jawi xkib ʼij wi chike ʼ e wi?
rumal che, man ix ta riʼ ri ki x chʼa wik, are ri ru x lab ʼa xel rii tat riʼ rik chʼa w nai wu kʼ ri ix.
kʼa kʼri wa choch.
sib ʼalaj utz ki n wil lea tz ʼyaq rech na huala.
saq por k kayri kipo ʼ trinan.
x sa chon ri n uchak chwe.
waʼim xu chapo.
ri qʼaqʼ taj in kaj u luw ik.
naj il u pam ri siwan.
e kʼo riqachal al pa chiu wiʼ la.
jas xa taq chiʼ j le akʼal chu tij ik?
no ʼ jimu kem ik le pa saw umal.
kʼo jun ku kub ʼiʼ tintin, waʼ le laj ku kmam ka je qitaj, ka paqika xu lik pa u wiʼ u qʼab ʼ taq che ʼ, sib ʼalaj sa kʼaj , ke ʼutol ee nim aʼ q, chʼu tin, ra chiʼ l, aj sipa nel sib ʼalaj utz ranim aʼ.
ri u pi xab ʼ le qʼatb ʼal tzi j ki yaʼub ʼi xik.
na x sa chon tach ke xeat inik.
xe qil le chikop p uw ileja.
x lo ʼ taj ri akʼal.
qono jel ku j waʼ pa u wiʼ ri mexa.
x sikir lewaqan.
laxat waʼ kʼut ?
nim ub ʼaqʼ ri tulul.
kin xi kʼi kʼik xin qʼa xik.
la katb ʼe pale tinamit ?
ri pal sib ʼalaj sa qʼor.
k qʼoxow nuja lom.
x in na ʼo chik at pet ik.
x loq ʼ u lewi we chix.
x in chakun ru kʼ ri numam.
na x qab ʼantaj.
k kʼo j iʼ b ʼaʼ ri usipa nik ria jaw xel jesusk ri sto ru kʼ ria w ux lab ʼal !
kin chʼa w ru kʼ len una n pale chʼa we b ʼal.
sib ʼalaj qʼe quʼ m rumal rima yul.
are leba xu lik.
xekos lei xo qib ʼ pale b ʼe.
kʼa x ri lik le akʼal chawe.
x inqʼi ʼ oxi natin pa jo ron.
sib ʼalaj nim le tinamit.
kʼa xu kem ik le pa saw umal.
xi n sa chik.
taj in kelu kikʼel pa raqan ri tz ʼiʼ.
x in we taʼ maj ri lik wib ʼ
ri qʼu qʼ are jun je ʼ l chikop.
kʼo pa ja tijob ʼal ri wik aqʼ.
ri sa chib ʼal mak raj wa xik chi qax o ʼ l.
je ʼ, kimb ʼe k.
je la le ʼ ri nup wiʼ.
x ub ʼij che :- jas xab ʼano tintin?
kab ʼanjun to qʼob ʼ kyak rin uj al.
kat ʼe kxi nta.
jas leu kʼe xb ʼem ri b ʼ le jun ru kʼ le jun chik ?
aj chiu wiʼ miq ʼin jaʼ ri lu ʼ.
ri ti jon el naj k pe wi.
te ʼ kix chob ʼ ub ʼiʼ ri nutat.
ri j aʼ kami qʼik chi uwach ri qʼaqʼ.
rit ʼ u ʼ y k pa qʼowik.
kin me son na.
naq aj at kʼo wi chi we ch.
x in b ʼi son ik taq na x at pet taj.
we x kam ri winaq, ri p waq rech to j b ʼal ma kaj kyaʼ chikech ri rala xik.
ri nun an xb ʼe pa kʼayb ʼal.
x oju kʼamu loq rech koj ri lo
x kʼo toch in chiki wa ch chik in waʼaw u kʼ.
na xki kamsaj taj xki kʼam b ʼi choja.
kʼa kʼri ikʼ kamik.
x imb ʼe ru kʼ leaj kuni wir.
ri lik.
letz ʼiʼ xeko sik.
x in ki ko taw umal.
ri im ul xu maj ri anim, x uy akan lek ok.
kʼo oj che riak ʼal.
x uj b ʼe pa jun kʼula nem.
utz we kwa ralaq.
kaqi lo chinak oju kʼam taj.
x re taʼ maj chi ru kʼ pa kʼ kutij wi.
sib ʼalaj x in kʼa ʼ narik.
x in kochi j ri nuwa.
man kat ko win taj kat chaku nik, we man kʼo taria j ilab ʼal.
wew onon x ub ʼij chike :-ki x into.
ria la nim k ri l wi riumam.
x kaʼ y chirij, x kaʼ y ch uwach, ma kʼo tachi jun ksi lob ʼik, x o qʼik xu xe ʼ j ri b ʼ x chʼop inik x tzali j loq xu riq tachik riub ʼe .
kʼo pusche ri wa.
p i nem na kab ʼe lewa tz, kimb ʼe wi in pa kaʼ y i b ʼal.
rinanto ʼ n nim winaq chik, saq u wiʼ, rono jela qʼab ʼutz kuna ʼ oka tʼ uy iʼ pa u tem, kum iqʼi saj ri b ʼ chori qʼij, kʼo jun u wiʼ u mam ub ʼiʼa te ʼ k.
mane kʼi taj riqul aʼ.
qʼalaj chinak awaj taj kab ʼij
x pa qab ʼi sax raj il rono jel ri kem.
kʼo pa ri jul ri kuma tz.
rono jel qʼij ki n chʼaj len uw are.
saq chik an lei chaj rech katza ko.
chu xeleqa chomal kaqatij wi jun qameq ʼin.
chawi laʼ.
e kʼo job ʼu miʼal, ri nutat.
jas ru kʼ x awil wi
je ʼ jas ri winaq rech ri uwach u lew, x o qujeʼ kepe na riʼ rie ʼ are ʼ che e rech ri uwach u lew ; je ʼ jas ri winaq rech ri kaj , x o qujeʼ kepe na riʼ rie ʼ are ʼ e rech ri kaj.
xi n tijo.
k tz ʼu juw ri rachoch ri po ʼ x.
xu qʼiʼo are leu kʼul el x yaʼow uwa.
ria wel x reta ʼ maj chi ra jawa xik man kux ej ta rib ʼ cheritu ku r.
ju kʼulaj winaq xe ʼa nima j b ʼ ik.
je ʼ, x in tzali j ik.
x oj pet ik xol qa kʼam aʼ.
maj jach in x ʼek.
ina j tij ; attijo xel.
sa quwiʼrita taʼ.
we ch ri kem.
lero ʼ ch le ate ʼ k kʼo chwach leu kʼay len unan.
kb ʼe pa ri si riʼa e pa ri si li siʼa, jawi je ʼ kuya wiri ki chu qʼab ʼ ri komon tyox.
pi xab ʼ : man utz taj kʼa x ku j chʼa w chiki j ni kʼaj qa chil.
x kuna taj le ali( kumal rii xo qib ʼ ).
ri xib ʼib ʼal chi kʼo wi pataq riqa kʼa slemal rono jel qʼij.
nak uj w arta wa ral.
on chek kʼo j iʼ ri utzil chi xo ʼ l, arech junam riqa kojo nik, junam rii we chix ru kʼ ri we chin.
pa o x qʼij ri sa ʼ n kb ʼenaru kʼ ri aj kun.
ka winaq w u qub ʼ.
jas kawaj ki nti jo?
weta xatb ʼe w u kʼ pale tinamit , xa lo qʼtal aʼ leujas taq lea kʼa jol.
keb ʼe pa waʼim.
x in loq ʼ kʼi wa.
pa jun nim kʼa cheʼ laj , kʼo jun kʼ waʼ sib ʼalaj saq lo lo j, nim uwach.
kwaj katij jub ʼaʼ wa.
rono jel winaqk ri l nari u kolo nem rid yos ».
x kʼo toch in chiki wa ch chik in waʼaw u kʼ
kwaj nak at ʼe taj.
la xa loq ʼ jun alej ?
e kʼo rie lo qʼo manel.
ri ukab ʼ ub ʼiʼ ri num amareyay.
kinjo pi j rii jaʼ rech triko.
x naʼ taj ch ke xe atinik.
xa te ʼ qil aʼ.
kaki tija lanxa x ri winaq.
. . . kinb ʼi j chi are waʼ sinx iʼ an.
na x in nab ʼe j ta chuta sik qa kʼo lib ʼal.
rumal rech chew eri in, ki n chʼa w ru kʼ rid yos pa chʼab ʼal , k chʼa w na kʼu riʼ ri w ux lab ʼal ru kʼ ri dyos, kʼate kʼut man kʼo ta u patan riʼ ch rech ri nu choma b ʼal .
xe pet ik xkilo.
xu tawe katʼek.
u tzu kem ik lepas chawe.
ri nuw akax x utij jun qʼo qʼ rumal riʼ x kamik.
rumal ri kʼi x, man ke waʼ taj ri winaq.
xe ʼu lik.
qʼe qrij ria m aʼ chi j.
x raj kaʼ eleunan.
junam ki junab ʼ.
na qʼalaj taj wekaʼek.
ri wix nam chʼaj chʼo j ri rachoch.
waral man kʼo taj aj awal.
nai wir ta x ril le kʼamol b ʼe.
x in pe loq te kʼu riʼ x in tzu kuj rono jel ri nura jil.
ria j ti ko nel kutik ri tzi j.
kʼo e ki kʼa jol lea chi jab ʼ.
kutij qʼayes rii x pa ʼ ch.
pa ri waʼ b ʼale kʼo ka winaqa chi j ab ʼ.
sipo j ina q ri nup am.
ka yaʼtaj ik ru kʼutiʼo nem jun riu ri qom le yab ʼi la molot set séxu qujeʼ are ka yaʼtaj pataq ri juy ub ʼ.
ja chin ria chi?
ri num am x kamik are taq kʼo ju mu chʼ laj uju junab ʼ.
kinko winik ki n kʼam b ʼilep waq.
kin wi lo chi utz ria jiʼ.
x in qʼil ria po ʼ x che man kachakun taj.
k waʼ chi uwach le taqʼaj ri am aʼ akʼ.
ri imul xepo qʼik pa jun ikʼ.
x kʼi skanoq riqa chak.
are ria li xo j ilo wka noq.
sib ʼalaj chʼu ʼ j ri amax.
kʼo nu wa chiʼ.
inchaj inel kech lea kʼalab ʼ.
xeko sle tz ʼiʼ.
kinb ʼenaku kʼ ri molaj.
rono jela qʼab ʼ ki nyitz ʼ riwakax.
ka ra pinik xu tzu kuj chi jun awaj.
le u kem ik le pa sa ninaq (aw umal ).
ma jura jil le qʼab ʼ arel.
kʼa x riʼ rika chʼ awik.
xo jutaq chiʼ j lea chi chu loq ʼiki chaj.
sib ʼalaj kʼa x ri x kʼul ma xik.
xki lo chinak in kʼo xo maj taj.
x naʼ taj ch kechi xeat inik.
x kʼo toch in chiki wa ch chi xo jal w o ʼ q aku kʼ.
jun qʼu ʼ qraj il ri ka x la ʼ nwa.
x inwilo chi xe ʼelik.
e kʼo i xo qib ʼ pale kʼayb ʼal.
man kʼo taj u kʼi sik rima yab ʼaj lab ʼalil.
ri sink kʼi y pataqʼaj.
ri chʼi mam ank kʼi y taj pa taqʼaj.
ra jawa xik kj ik ik ri waqän.
kawaj kinʼe k.
e kʼo o xib ʼ akʼ.
xub ʼij chwe jawiat kʼo wi.
chwe ʼ qkuj b ʼe ʼ pamuquj.
pa saq kʼaj aʼ kb ʼan wiri uq.
xoj ki sik ʼij.
x inwil wib ʼ.
ch aqʼ chik ri wa.
kimb ʼe naka pale w o ʼ ch.
kawaj kinʼe k.
ri chʼu ʼ ktij ru kʼ le j.
pa ri ki qʼij kaminaq ib ʼ kb ʼan qʼo ri kʼ yaʼ rech aj : nab ʼ eri nan ku tzu kuj kan ria j, kuja chʼo ʼ xu quje ku kʼe to.
jas kaj b ʼal cha nim?
u tzu chomanik riali.
pa riqʼi jox laj uj tija xki n kʼi s keb ʼ junab ʼ ki n chakun wa ral.
sib ʼalaj ko , ri kʼa kʼ chʼat.
jas karaj kub ʼij … ?
ri chʼi chʼ ka silab ʼik.
pa oje rqʼal pul x aqxu wiri nim winaq ke kʼamow b ʼe.
le u kuna xik le ukab ʼu kʼut unik are ru kʼ e flor ni tinao nutu nib ʼaxik le ni furtimo x chiʼ le flo rnitina chech t.b. g.
are ria chi x in chʼa yowik.
juna chiub ʼi ku ʼ xu sipaj keb ʼ kʼa ʼ mu lew rech kab ʼan ri tijob ʼal , kamik , kʼo chikaj tij rech ri komon xe chpup.
xu malt yoxi j cheriaj tij rono jel le xu kʼut chi uwach.
pa ri b ʼe xki raq jun alaj i mulsaq ri j , xki kʼam b ʼik.
x ril le b ʼaleala.
jas kub ʼij chwe ?
le u kunatajem are ru kʼu tzu ku xik le uchikop il pa jun u solik u xe ʼ le kikʼon le jaʼ rech jun no do.
utz we nutz ʼiʼ.
je ʼ , taj in kachapo nik.
kin u loq ʼoj len utat.
ka wa j kimb ʼe pa tinamit.
arel aʼ kinchaku j.
ri nima ʼ q taq winaq kʼo ketaʼ mab ʼal.
weta xatb ʼe w u kʼ pale tinamit , xa loq ʼ ta waʼ we jas taq.
ri kikʼa slemal. wai ximu lew xa jun chima are ta tinimit rima
ri u kʼ yab ʼal na jupam.
x atqa j chiu pam riil.
noj im kat waʼik.
we kʼo junk tu qaʼ rik, ¿la man xo qujeʼ taj ki ntu qaʼ rri in ?
ojoj w okolja.
awas kb ʼan kʼa x che jun nim winaq.
x in chʼa wa pan ru kʼ lew anab ʼ.
kʼa x riu pa mriju ʼ l.
taj in ke waʼ ri imul.
la kaj lak uj tzali j la aninaq?
rumal rech cherima kaj man kʼo ta u kowi nem pi wiʼ ri ix : ri ix man ix kʼo tachi chu xe ʼ ri pi xab ʼ, x aneix kʼo chu xe ʼ ri sipanik.
nim raqan le cheʼ.
xi nchapo.
are letu ʼ r le loq ʼom anel.
x as katkʼo jiʼ chiu pam ri chʼi chʼ.
sib ʼalaj nim raqan ri kʼamal b ʼe.
letz ʼib ʼab ʼal we chin.
in x in to ʼ w la.
x aj e kʼu riʼ ri ix kamik riʼ man ix ka x la n winaq tachik; ri ix , ix rech ri ki tinimit rie tyo x laj taq winaq , ix rech ri rachoch rid yos.
x intiko x la j kʼali chaj.
kaqariq qib ʼ chwe ʼ q.
sib ʼalaj utz cheri wiʼaj ri tuney.
wena ju pulik ta xe qaj ik...
x into ʼ taj cherinu chak.
kʼo jun chikop ub ʼiʼp um.
po qon riik.
xoj b ʼi nik.
xu chʼek rono jel le retam anik x pa qiʼ k kʼa xk w ʼ inik xub ʼanaj kun.
kel ub ʼik pa ri jude ʼa ek tzali j chi ub ʼi ju mul pa ri galile ʼa.
x ina xib ʼi j pa b ʼe.
je ʼ l kʼo lem chi awachoch.
rono jel ri yaʼtalil pa we qʼataj , tz ʼaqat ki wach, man k tzaq tak anoq xu qujeʼ man ktas taj.
xu kunaj ley awab ʼ leaj qʼij.
chi tatab ʼe j jas le kimb ʼi j.
chʼa nal ria chi.
pa b ʼo ko ʼ kachakun wiri tax.
uj kʼo pa uw uq qʼij.
kiʼ ri ukab ʼ riaqaj.
kʼo rachalal pa tz ʼo lo j che ʼ ri pe ʼ l.
xki lo chik in kʼo xom aj.
ri u ki sa kʼu tz kyaʼik chiu xe ʼ ri ti ko ʼ n.
are taq chiʼ ka qʼan pu wiʼ ri ju kub ʼ, ria chi chex kʼo j iʼ ri itzel ux lab ʼal ru kʼ, ku ta ch rech ri are ʼ, are chk kʼo jiʼ ru kʼ ri are ʼ.
na kab ʼantaj taw umal.
x naʼ taj ch ke xe atinik.
x in pa j ri n utriko.
xe ʼ ok ri po kʼ pa riu mex ari po ʼ x.
ka jul uw ria qʼaʼ l chi u xe ʼ ri tʼu ʼ y.
awe ch le ja.
x uj b ʼepa tzu rik.
nab ʼexatop anik.
ri ukab ʼ ub ʼiʼ ri num amareyay.
uwaj x aq u kakʼal taqanik (28).
mata kʼo jun ka kanaj ka noq , qono jel koj b ʼek.
e nima ʼ qleal tom ab ʼ.
nim uwach ri po ʼ t.
kojo nik pa ri utzi j wai ximu lew.
jas xu kʼam b ʼiletz ʼiʼ x awi lo ?
x in pet ik, tat.
rib ʼelaj uwach.
chi tatab ʼe j jas ri kimb ʼi j.
je ʼ l ku naʼ ri ab ʼix chiu pamriququ lew.
kinb ʼi so j uwach lewal.
xu t ʼ uy ub ʼaʼ.
nim ria we qele ʼ n xa riqo.
xi ne ʼ waʼoq.
chiʼ ke war wi lea kʼalab ʼ.
ri nu miʼal xu taq loq jun taq o ʼ m w uj chiwe.
qʼe ʼ lik, ri chaj pa ri b ʼe.
la utz awach? - utz malt yo x , e kʼu ria t? – utz mal tyox.
x in ko s rumal nu chak.
kb ʼe ku kʼ rie ʼ are ʼ ek tzali j pa rinas are te ke ʼu nimaj.
ri jo j xu kʼam b ʼik riakʼ.
kʼo chi wa chiʼ l cha nim.
kub ʼi j chech naʼ l kab ʼan cheria tz ʼib ʼ.
e. . . in kawa j katz jo j b ʼil achwe.
mata x in yaj leali.
jach in ru kʼ katb ʼe wi?
kʼo sib ʼalaj e taʼ mab ʼal pa rima yab ʼ no ʼ jib ʼal .
e man xo ri ju p uq ke j.
ka sum um ri ka qiqʼ.
e kʼo kaj ib ʼa kʼalab ʼ pale b ʼe.
je ʼ jas riu tatk kaʼ y ik.
x aqat molo nel tzi j tal.
len u tatka loq ʼon chwe.
x aqtane kimb ʼei w u kʼ.
x re taʼ maj u chʼaj ik.
rumal la ʼ x koj “ x al qʼat ” che ub ʼiʼ ri komon.
are leu kem ik pa sx re taʼma j.
ri w atiʼt kub ʼan nariu patan.
kʼak ʼ lepo ʼ t.
reta ʼ m uwach jachin x loq ʼowripas.
ken chʼab ʼe j lea kʼalab ʼ.
yaʼtal chaqe qono jel ri uj winaq utz ka qil qib ʼ.
x kotiʼ pa qʼayesxo qʼik.
ka winaq b ʼe le jeb ʼ qʼataj.
e kʼo kaj ib ʼ ral rii mul, jun saq, jun qʼan , jun qʼe q, jun qʼe qoj , sib ʼalaj ketz ʼanik , kechʼop inik ri alaj taq i mul.
k chol ol ria chachal.
kete kik ri ikʼ.
xe pet ik rech ke waʼiw u kʼ.
tza tz riu qʼanil riakʼ.
x oj tzali j ik xi xe ʼ qa qʼatuj ku kʼ leita tinan.
ri yo ʼ x taqa kʼalab ʼ ke kikʼux ria tz ʼy aq.
we a chi we xu sipa j jun poʼt chwe xkamik.
kko win ri kun anel che kuna nik.
x ji qʼ pa ri polow.
xa rumal sib ʼalaj ra jawa xik le lo qʼalaj jaʼ , le winaq xkib ʼi j : che we ikʼ riʼ qono jel ku j b ʼe che utik ik taq cheʼ.
ri una nerie rachalal kepe u loq ru kʼ ri are ʼ, kʼate kʼu riʼ, man ke ko win taj ke qib ʼ u koq ru kʼ, rumal rech che e kʼo sib ʼalaj winaq.
rumal rech , che man kʼo tajun kko winche u koj ik junti kib ʼalil chik ch uwach ri kojom chik che are ri jesusk ri sto.
te kʼu riʼ xu tz ʼib ʼaj ri b ʼ pa ri nimalaj tijob ʼal rech aj ku ʼ n.
ka jul uw ri chʼu mil cha qʼab ʼ.
kʼi sb ʼal ka noq , x o qujeʼ k kam rii xoq.
le alax okik.
kʼop waq pa u wiʼ ri mexa.
are kawa j nak in ʼe taj.
ri yawal ku koj ria li chiu xe ʼ ri chakachare usu ʼ t.
na kaqa kʼam tu ʼ b ʼi kamik.
ria j tij kub ʼi j chike : ra jawa xik keqa chaj i j ria waj, are utiko ʼ n ria jaw.
xi ntij muk uni wi r.
kʼa x leu wiʼ taq len u qʼab ʼ.
x in loq ʼ jun il b ʼalwib ʼ.
waʼ we qʼij, nim ub ʼantaj ik.
ri u xe ʼal riqa tinamit man kasach taj.
xoj b ʼi nik.
ria chal al junam kiwach.
x in we taʼ maj ri lik wib ʼ.
nim riu naʼo j wa j tij.
miq ʼin rik ʼul.
aj qʼo jom ria te ʼ k.
che le sa nik che ʼ kb ʼan wiri qʼo jom.
ka pe lea wel pan awal j aʼ.
ri meso nel taj ink chaku nik.
utz chaqe kaqato ʼ qib ʼ, taq kʼo kʼa x kʼo lil, kate we chiʼ n ria jaw paqa wiʼ.
xawi lo , x qʼatan leib ʼoy.
xat ko w inik xab ʼano.
kiʼ ri kʼa we x.
kaj il il ri b ʼ e.
lea li xel b ʼik.
are ʼ x raj xin b ʼano.
nim we ab ʼaj.
je ʼ lik u tiʼ jol al ri saq ko ʼ r.
noj inaq rike j.
we katijan xu x man kat uto ʼ ta chiu qʼati xik le kʼa kʼyab ʼil coro navirus ( 2019 -n cov).
na nim ta raqan waʼ we cheʼ.
utz alaj aj chak, ri wel.
¿jam pa ʼ ku j b ʼepa nima qʼij ?
ra jawa xik tanel aʼ kat chakun wu kʼ.
x utaq chiʼ j pa waram pu lew.
mana retaria xwan xelik.
ria wi xxu loq ʼ rachoch re nimal.
are ri ix oq x insik ʼinu loq.
ri chʼima kʼat ʼon na.
la xib ʼan lei chak?
kʼi tinamite kʼopa chʼo ʼ j.
kʼo jupuq chij chiu xe ʼ ri cheʼ.
ri ux aq ri ab ʼix are uwari ke j.
ka winaq qʼataj.
la kix pe pa tijob ʼal?
we kechaj ix taq le kʼwa jachakin b ʼij; jun alik kʼo j aʼ xu qujeʼ sib ʼalaj saq lo loj.
x retaʼ ma j.
ri alab ʼom ria li tom ab ʼ taj in kiki tijoj kib ʼ rech su taq, are ka kaj kikib ʼan nim aqa chi j ab ʼ chu pam ri ki kʼa slemal, xu quje kʼo chikju pu qb ʼi xo nel chu pam ri komon.
la tz ʼ uwach ri b ʼe.
kʼa kʼ ria chʼi chʼ.
qono jelu j, u j ma yab ʼ taq winaq.
no jel qʼij ria tiʼ x kuy u qʼuj le taqawaj jel aʼ pa ni kʼaj jaʼ , chirij ri juy ub ʼ ub ʼiʼ te naʼ.
pa qʼom chik risiʼ.
kin tzu ku n chela.
kaki tij le kinaqʼ, le i chaj , leu waʼ lik ru kʼ le j.
xekana j kan le aj chakib ʼ.
keti kon ria chi jab ʼ.
sib ʼalaj itzel ub ʼantaj ik ri chʼi lak an.
ri ate ʼ k xu malt yoxi j cheri ra tiʼt, rumal ri utz alaj no ʼ jib ʼal xu kʼut che ch.
k kamulix uchak ri ab ʼi x.
la x in utzu ku j letijo xel?
are ʼ kachakun rono jel qʼij.
lee kʼaʼ na taq tz ʼiʼ.
saq ri j ri plam ux.
jas x aqʼi ʼo x atijo.
jas ru kʼ x kichap wi utij ikleri kil ?
weka tatin ru kʼ kʼatan jaʼ man ku qʼate j tale kʼa kʼyab ʼil coro navirus.
la katb ʼin pale ux lan b ʼal?
la waral kʼu xix waʼ wi?
are len ut at k in loq ʼonik.
taj ink chakun ri ala.
kʼo ri kiʼ kotemala w u kʼ.
xu taja chi nkaʼek.
xat waʼ ik x in wi lo.
x tzaq ri rachoch rumal ri jab ʼ.
pale jun ikʼ chik are nim aqʼij.
e keb ʼäm keb ʼin pa u wiʼ ri tem.
m em ria chi.
ri wikanchal iʼ y kel pa juy ub ʼ chwi tzi rib ʼal.
le raj il, la paja xela qʼax wu ʼ b ʼik ?
pa ri su ʼt pi som wiri lej.
koj pet ik kolqa kʼam aʼ.
taj in kat chʼop in chi uwach ri taqʼaj.
le qʼ orx chʼu qik.
kʼa x waʼimaw umal.
kinb ʼi son che lewal.
sib ʼalaj kʼo kʼ ria wa tz ʼ yaq.
kamik x uj b ʼe che utik ik taq che ʼ pa ri juy ub ʼ.
kin u loq ʼoj len utat.
cha qiʼ j chik ri chaj.
xy il ix haway i.
na x naʼ taj ta chkechi xeat inik.
ru kʼ kʼu waʼ we riʼ, ri ixk kʼo j iʼ jun utz alaj i kʼa slemal riʼ ch ki wa ch ri winaq che mane kʼotai w u kʼ, kʼate kʼu riʼ man kʼo tajun winaq riʼ ra jawa xik chi we ch.
e petinaq pab ʼe le rachala xik.
ka kaj lea kʼalab ʼ ke waʼik.
xu j chʼay b ʼik.
ri nu chak are qʼaxel tzi j.
kʼo nar ux lab ʼ ria wa j.
taj in kel loq, ri qʼij.
xu qʼiʼ oxk am sax ri ra chalal choch.
ri num amare kʼo uqʼi nomal.
x kʼul mataj ju mul, xub ʼanjun nimalaj jab ʼ, man xb ʼe yetaj tana xu kʼi sle uy u qʼ chike.
am aʼ ri n utz ʼiʼ.
je waʼ kat pe tik.
x in ko sik rumal x in chaku nik
i wech chi ju junal, ri wa.
xu qʼiʼo nax at atintaj.
inriq taj in aq pa ri kʼay ib ʼal.
na we taʼ m taj.
kʼa x len u qʼab ʼ.
utz le xub ʼij lea chi.
kema tz ʼib ʼ.
kʼo rachalal pa tz ʼo lo j che ʼ ri pe ʼ l.
rono jel waʼ we jas taq riʼ, x as ksa ch wi uwach waʼ; ru kʼ we riʼ, ri ix, ra jawa xik che kʼo jun tyo x la ji kʼa slemale k kʼo j iʼ rii chʼa w em ru kʼ rid yos,
x muq taj ri pa tz ʼan.
ri chʼi chʼ tzi jom kanoq pa riu kʼol b ʼal.
man kʼo ta u cholaj pataqria w uj.
ja chike ikʼ leu nima qʼij le tinamit nawal jaʼ ?
xe pet ik xol ki kʼam aʼ.
kachu qʼ chu trij aʼ chiapam.
x in b ʼi ji wir chi xeb ʼepa armita.
are ʼu xe ʼo je r tzi j wa ral kʼi cheʼ ub ʼiʼ.
x kʼi srinu siʼ.
jawi xkib ʼij wi chike ʼ e wi?
¡ xa je kʼu riʼ, jachin taq rie kʼopa ri jude ʼ a, chicha nim cheʼa nima jub ʼi pataqri j uy ub ʼ,
kʼak ʼ ria b ʼ.
la kʼo jun naka kʼo xom aj taj?
na utz taleut ʼi som le alma ri y.
man yaʼtal taj chia we katok paja.
je ʼ, xatu tzu ku j.
are kel wa j xa qib ʼu qʼij ri x kʼo j ik.
ri x unk urk kʼo j iʼ pataq ri triko.
xi n sa chik.
xu t ʼ uy ub ʼaʼ
na nutom taletzi j …
wa chʼom ri ki wa ri no ʼ s.
e kʼo job ʼ chʼi l wakʼ.
ra jawi xik chi pataq ri tijob ʼal , pa ni kʼa jub ʼi xik chik
ri ra jaw ru lew are ʼ tatkel.
we kʼu xo kik, we kʼna xok ta
we a chix usipa j jun pʼot chwe.
a tat utaq o ʼ n le qʼatal tzi j.
naq ʼanta uwach leqap rut.
ri x aʼ r kʼo pa u wiʼ ri qʼaqʼ kpo qʼowik.
ri ro qʼe j ria li jachak pe jun akʼal.
kʼo jun alap atijob ʼal .
säqu wiʼ rit ataʼ.
ri witz ikʼ taj ink pe loq.
jaw ix sa chon wikan u yaʼik lep waq che.
utz we achiwe xin kuna nik.
qono jel ku j waʼ pa u wiʼ ri mexa.
ri ka x la ʼ nik man po qon taj.
in x in b ʼe ru kʼ ri wa chiʼ l.
sib ʼalaj je ʼ l xki lo xeki tzoqop i j ri ki chi j chilaʼ.
kinb ʼinik x in ʼek.
kʼa x kʼo lik, kachaʼ.
kutiji xim riakʼ.
ria li x chel, xu qʼiʼo xa jun akʼ x sipa x che.
x qa si kʼi j le ix oq chu tza kiksub ʼ.
mata xab ʼinsa j le chʼi chʼ.
ri pi x tz ʼara lik rumal rie qaʼ n.
¿ja m paʼkel chi 3%
kʼo jun nu kʼo toj chiʼaj.
taj in ke waʼ katri alab ʼom.
x in loq ʼ le nu kʼa kʼapo ʼ t.
nautza kik ta sub ʼ taj in kuʼan o
xo j utaq chiʼ i j xoj waʼik.
i wech ri ab ʼi x.
saq ri j ri chij.
aj sik cheri tinamit kel wirit ataʼ.
- ¡ ay ! x ax in tzaqu loq , kʼax wewaqan.
x kʼul mataj pa jun komon chiʼ uwach jun juy ub ʼ, x uriqa jun qʼij xki riq kib ʼjuni mul ru kʼ le kok.
jas xa taq chiʼ j le akʼal chu tij ik?
x inchapo su xu loq ʼo.
qʼi nom ria chi.
ri kʼum k tijow ru kʼ kab ʼ.
taj in ke ja chʼanik.
tze b ʼal u kem ik le pa saw umal.
are ka yo ʼ w le uchikop ille ub ʼantaj ikt ry panos oma brucei.
wekat nim anik utz ke lik.
pe rono ʼ j imal pet naq loq, .
are len uchak jun tzu qb ʼal wib ʼ.
x kunax ley awab ʼ rumal leaj qʼij.
ri u kʼu ʼ x tz ʼib ʼ paqa tzi jela ju j.
sib ʼalaj je ʼ lik rie qab ʼal xub ʼan rilu ʼ s.
sib ʼalaj at kon.
e man xo ri ju p uq ke j.
na x naʼ taj ta chke xeat inik.
ri kʼamal b ʼexu b ʼi j chike, chimaja ria nim.
ju mu chʼri nu junab ʼ.
qʼiptaj inaq ri raqan ri tem.
k chakun ru kʼ ri josb ʼal che ʼ ri aj anel.
xa taq chiʼ j le akʼal ch utijik ka r.
oj kʼo pale ro ʼ ch lea wel.
¿la kat pe qukʼ chwe ʼ q?
le winaq pale chʼi chʼet ʼ uy ul lowi.
x kanaj kanoq chi u xe ʼ ri j ab ʼ ri chʼ aʼ n.
nim ri ja.
weta xa kunaj le atat mat axkam laʼ.
nan u kʼam om tu ʼ la riʼ.
ch qan u kʼu ʼ riqa tzi j.
kimb ʼe pale tinamit.
x inqʼi ʼon ax inatin taj.
ra jawa xik ka kʼa man cha we le utijik le lej.
kʼi sb ʼal taq no ʼ jib ʼal .
xi ne ʼ waʼoq.
xkib ʼan kʼa x che le uw o saq rumal man utz tachik akay ik.
ri qʼutu ʼ m man kech talea kʼalab ʼ.
are nanim ta lea tz ʼiʼ ch uwach len utz ʼiʼ.
xe pet ik xol kilaʼ.
¿jaw chiʼ xa taʼ che x kam ri u mam ri po ʼ x ?
e keb ʼ ke kʼam b ʼik patuj.
x in loq ʼ jun japa ri w okajja.
ria xtu ʼ b ʼ, kʼo qulaj chech.
jas ka raj kaʼan chu tza kik leti ʼij.
xu tij lewa.
ximb ʼal retzi j.
x pa x ri b ʼo ʼ j.
we kawa j kat into ʼo x aqxuw ikab ʼij chiwe.
jas nu kʼu ku chʼob ʼo.
jas ka ra j ku tijo?
xe x ru x lab ʼ ri ri kil.
e nitz ʼa ʼ qleta qimul.
we tane in x in b ʼanow ik, are le ate ʼ k xb ʼanow ik.
kin tzali j pale nu tinamit.
ri nuch aqʼ kʼo pa uro ʼ qʼatoj tijo nik pa ri tijob ʼal.
x in x iʼ j wib ʼ x in chʼawik.
kʼo chwa ro ʼ ch lepare.
chi raqan kab ʼin wirit ataʼ.
x sa chonk anu yaʼik lep waq chechoja.
x in qʼax chiki xo ʼ l ri winaq.
keti konik.
ri u lew man qech taj, kech ri qatiʼ tqam am.
xe pele winaq xol kikʼam aʼ.
xu loq ʼ ri w uj rumal riali.
che we qʼij kamik kʼo jun nutzi jo nem chirij le nu tinamit.
kej riʼ .
x kuna nalaq chwe.
kin usi kʼi j len unan.
ri imul xu chʼi j taj, x kanaj pa b ʼe , rumal ri nimal kuja luj ri imul, xu tzaq ria nim.
kub ʼan riu xo qʼo ʼ l ria j tz ʼaq.
ri la sib ʼalaj utz che kunab ʼal.
kʼiki wa ch rie ʼ aj chakib ʼ pa ri komon tyo x, kʼate kʼut xa jun chiaj aw xel;
x qata chix atulik.
kawaj chik atʼek.
chʼuti ʼ n kekanaj ri x aj ab ʼ chech.
kaqa xiʼ j qib ʼ kaqa chapo.
e kʼo keb ʼu kʼa jol let at x wan.
lu ʼ sub ʼiʼ ri re cham.
aj chiu wiʼ miq ʼin jaʼ ri lu ʼ.
x inyak an len u chimpa kʼa ybʼal.
kʼate x ri lo , x p eri una n che utzu ku xik, xki kotik, xu salab ʼi saj ri taq u xkin.
xki kʼut chi uwach ri aj tij xu qujeʼ chiki wa ch ri taqni kʼaj kachil.
utz len u qʼab ʼ.
ku lleal we ʼ l pa a us tincha qʼab ʼ kamik.
ria te ʼ k x tzaq loq are chi kʼo pa u wiʼ ri qʼaʼ m.
aj patan ri teʼk.
x atqa j chiu pam riil.
la kʼo tzi j naki kʼo xo maj taj?
x sa chonch kechi xeat inik.
rono jel leu lewe chalaq.
la xeb ʼe kʼula xe ʼ kij aqa kʼu leu chiʼ ja?
x aqkat chʼok na jiwi r.
kamik kʼo chirij as taqawe.
are chiʼ ka kʼi s ri junab ʼ kʼo qʼi nom.
pan awalja ʼ x inale xik.
na x in tataj we are ria kʼal ki x tzu quwik.
¡ ru lew ri sab ʼu lone ru lew ri nef tali, ub ʼe ri polow , ru lew ri jordan, galile ʼ a kech ri je taqam aqʼ !
ra x, ra x, ra x, kʼo kʼ, kʼo kʼ, kʼo kʼ le ru x lab ʼ le taqtiko ʼ n.
a chi x atwilo.
paqal raj il le pi xkamik.
xoj b ʼi nik.
pa jun je ʼ l tijob ʼal ku tijoj ri b ʼ jun akʼal , ub ʼiʼ po ʼ x, utz kuri lo ke pa tijob ʼal rono jel taq qʼij.
xwa j chix atʼe taj.
utz la ʼ le xub ʼij lea chi.
we taʼ am jach in kap etik.
kin qʼo jom anik.
x in qʼiʼ ota kʼalik x inp etik.
are ʼ retaʼm cheki nop anik.
are tab ʼaleq aqa jaw chat to ʼ wik.
ka winaq waq ib ʼ qʼataj.
naq aj chik cheri u waq kaj b ʼal are taq chiʼ ksa ch uwach ri qʼij, kok ri qʼe quʼ m ch uwach u lew, chi kʼate ʼ nari b ʼe le jeb ʼ kaj b ʼal .
job ʼ raqan ri tz ʼalam xeporo xik.
sib ʼalaj ko ri j ri mop.
are waʼ.
jel aʼ pa ri timinit chwi kab yok rech xelaj u ʼ, le qananqa tat kaki tikoje ʼ la laj taq uwach i chaj.
kʼa x nu qul.
xu ʼ lu kʼam aʼ.
koj ul ki tzu ku j.
are man kʼa x ta u kuna xik are taq aninaq kaʼil i taj weyab ʼilal xu qujeʼ mojo ʼ qa ku yaʼ le kʼa x kʼo lil chech le jo lom aj.
ri wel kʼo patijo nik.
kawaj kinb ʼi j.
ri ko tz ʼiʼ j kqa koj chiu pa mrija.
qʼe q qʼoj ri j ri am aʼ ke j.
na xwa j taj x inch ʼ awik.
ch pe tab ʼale lo qʼalaj jab ʼ.
x sa chonch kexat ki sik ʼij.
ele qʼal chʼi chʼ.
jach in xawi lo chi are x tijow rit iʼ j?
mata kab ʼe le nu xb ʼal pale tinamit.
p im ru q, riali.
¿ kʼo ri mu qʼe chia we ch ?
kqab ʼij man keko win taj.
kin ti j na.
kʼo jun qatʼu ʼ y paja!
kʼop uj chiu pam ri chʼaʼk.
are taq kinko sik kinwa rik.
xat waʼ ik x in wi lo
in x in chʼa yow lea chi.
kono jel ria la xik ke ʼ etz ʼanik.
jas ru kʼ x ki tij wile kiri kil ?
an in aq il katp etik.
naraxta uwach le juy ub ʼ.
ri tz ʼalam tz ʼib ʼab ʼal raxk kay ik.
wech at chaku nik, kʼo awa.
ma ʼ tam xat pe cheri waʼim.
kamul kin waʼ na.
ri sik il k tijow ru kʼik.
kimb ʼe aq ʼan ru kʼ leal talin.
xo j ʼe k xe ʼ qilalarqas ok.
xeki qʼil le aj chakib ʼ xki w ok leja.
ma tane xwa j le kʼu hj nem ru kʼ leate ʼk.
are xe ʼo pan chiu chiʼ ri juy ub ʼ, xki lo chiman qas ta kʼo qʼayes.
kʼate kʼut, ri jesus man kko jon tach kech rie ʼ are ʼ , rumal rech che kono jel retaʼm ki wach,
pa ʼ tz ri j ri tz ʼiʼ.
ju winaq waq ib ʼ qʼataj.
atela qʼom.
xa qa tjo ʼ s.
ri qʼatzu, are qʼalaj riu qʼij il.
aj chak we ala.
u b ʼe le ju kakʼal taqanik (29).
keb ʼ nub ʼiʼ kʼo lik.
l aka tzali j lu ʼ la aninaq?
katzu ku n la chwe.
la kaj la koj b ʼe ʼ pale chomal chwe ʼ q?
x in nab ʼe j chu ta sik qa kʼo lib ʼal.
lal xin to ʼ wik.
sib ʼalaj ano ʼ jib ʼal.
x oj pet ik xol qa kʼam aʼ.
sib ʼalaj je ʼ lik riu waʼ l rii chaj.
kʼa xwi j rumal in pa chalik.
are taq xu kʼul maj waʼ xu l riu chomanik xub ʼi j : are utz waa qʼab ʼ ki nwali j ik, are chaʼ cha nim kino pan pa tijob ʼal , maj chik in kʼu lmaj.
o j aj xo jol ob ʼ pa a was qʼij.
x in sach che leu w o kikletzi j.
e jul aj uj riakʼ.
xu taj am pa ʼ koj ʼek.
qil ik.
ri tijo xel man are tanim ch uwach ri raj tij. ri utz tijo xel qas je riʼ kʼo lik jas ri raj tij.
in xatin chʼa yo.
no ʼ jim chak w umal.
chʼu rrijo chʼ.
ink inb ʼi j na katsach taj.
uj may ab ʼ.
ri ab ʼaj yatzalik.
taj in kepi xb ʼax ria kʼalab ʼ.
chom ri aq.
xi n wa rik.
elemen kono jel ria kʼalab ʼ.
taj ink qʼanarik ri we re ʼ aj.
leu kem ik le pa s utz (chawe).
xuy u p ub ʼa uwach raʼ chi, ka chaʼ,.
ri satanas kok pa ri j uda srik b ʼi x iska riʼ o tech rech , ri are ʼ jun chki xo ʼ l rie kab ʼ laj u j.
chu chu ripar.
kinqum uj ri nu jo chʼ.
chech pun ción lu mba ram aqʼel ra jawa xik chech ri lik leu kʼ e xb ʼem wi le nab ʼe ru kʼ le ukab ʼu kʼutu nem ley ab ʼ ilal.
qʼalaj chinak awaj taj kab ʼi j.
kʼo qʼol chirij risiʼ.
jawi xo jʼe wi chu loq ʼik ?
kʼo u lo chʼ ri talin.
qʼan ri j ria tiʼ tnu ke j.
la x tzali j lai wir?
xe si kʼi xik, kʼate kʼu riʼ xeya j ik, xu qujeʼ xe taq b ʼi cheu si kʼik lemes.
la ki x warik?
are kʼu lepa loma x xub ʼi j che :- mam katb ʼi son taj, kinsi kʼi j ni kʼaj wa chiʼ l kera pa p ik.
aʼ re e tijo xel ab ʼ.
ri alaj al i siʼ l x ub ʼij x qa chap pa utzal ri tyox.
x sa chonch ke jach in xe atinik.
jas x uray ij le anan xu tijo?
xi nko sik.
ra x rono jel ri qʼay es rumal lej ab ʼ.
kin ya waʼ we chʼi chʼpi nem nautz.
no ʼ jimu pa chʼu xik len uwiʼ.
na j kʼo wi lew o ʼ chch uwach le tijob ʼal.
rio kib ʼal kʼo chi uwach ri saqja.
xe nutaq chʼi j ke kil lea kʼalab ʼ.
kʼo jun qʼoxo we m chiwe.
tza ri choʼm.
we choj b ʼe pale nima qʼij, ke qil le aj xo jo lob ʼ.
xo j ʼe k xe ʼ qilalarqas ok.
ria te ʼ k xu taʼ chech ri nanto ʼ n :- nan jas che ʼ chiman kaj talaqa kʼati saj ri jo ʼ q.
ri pal sib ʼalaj xu ʼ y.
kin koj ri j ok b ʼalu lew.
ink inb ʼi j na katsach taj
a traj kun len unan.
ku qam uj uj oron ria j tzi j.
lu ʼ tz ʼalam ub ʼiʼ ria chikel pa nim cheʼ.
je ʼ lik u tiʼ jol al ri saq ko ʼ r.
kʼo jun xaʼ rpaja.
x in loq ʼ jun kʼa kʼ patan.
kʼa xu kem ik le pa saw umal.
aninaq u kem ik le pa saw umal
ri chʼa ʼ nsa chi naq pataq ab ʼix.
ra x taq leko tz ʼiʼ j.
meso m kanoq riu p amja.
man are ta rala xko sik.
ri komon xech pu p rech u qʼab ʼ tinamit xo ʼ lab ʼaj rech qʼumar ka j.
la utzak ik kʼu sub ʼtaj in ku ʼ ano?
katel a!
na xu tij taj.
xa rumal ketaʼ m kono jel ri winaqk kiqum uj lej aʼ.
i wir x uj tzali j la pa kʼay b ʼal.
qe taʼ m cheri qawa kuj uto ʼo.
ria j tij, kya jon chikech ria kʼalab ʼ.
jas ub ʼanom len u chʼuti tat?
chwe ʼ q kinb ʼe pa nim tinamit.
utz we ki we taʼ maj jas kub ʼi j ri chol b ʼal qʼij.
taj in kat jil ow che u qʼo xom jo lomaj.
x intik qʼax chi uwach ri j a.
kʼa x le kib ʼ ele winaq.
loq ʼ kat kuntaj che le yab ʼil ( covid - 19).
ri nu xib ʼal kel pa qaj b ʼal qʼij.
x ril ria x wan chix waʼ ri ala.
leal ix kunataj ik.
wetakap ele jab ʼ kamik.
x in we taʼ maj chi naxat pe taj.
ri p waq rech we qʼataj riʼ kesa x chech ri toj b ʼal kʼay i nem.
kti j ri u waʼ lik rumal ri ki nim aqʼij.
xu chapu kuna xik.
chatan loq ali.
xin xu liʼ qajoq.
je ʼ lik kti jow ri taq iko x.
kʼate kʼu ri le tat xo ʼ r x ub ʼij, man kawa j taj, man kawa j taj.
kʼo jun tz ʼiʼ pa b ʼ e.
kamul x in pe chea tzu ku xik.
man taj in tak in chaku nik.
kinchaku nik rech kat waʼik.
jas ru kʼ xa wil wi chix kiqupi j wileti ʼ j.
jas ub ʼi xik … ?
koq ʼ ria kʼa l.
kawa j nak at ʼe taj.
xat qʼaj ik.
wem na cha lo qʼaxi yal, na kimb ʼeta awu kʼ.
xo pan lew ujaw u kʼ rumal we chin.
are kʼut pale juy ub ʼ k kʼi y jo ron, chi la ʼ xe ki kʼama wiri j aʼ ri winaq.
koq ʼ ria kʼa l.
we kʼo ara j il chak ʼama loq.
are sib ʼalaj kaqleapo ʼ t ch uwach len u po ʼ t.
x in kʼas taj pa kab ʼ laj uj kaj b ʼal.
kaqo yʼe j naki x pe taj.
koka xim ri chi j xa jel aʼ man ka nima j tab ʼ ik.
ri kokno jim xb ʼe k, xu chʼi joxo pan pa u kʼi sb ʼalil le anim.
xo j kiʼ kotik are taq xatu lik.
kaqi tz ʼ na j ri ux aj ab ʼ ria kʼal.
ri jesusk waʼ kat pa ri nim rachoch rid yos, chu xe ʼ ri jun jache rachoch ri sa lomon.
we taqanik riʼ kub ʼi j chira jawa xik kyaʼu qʼij ri winaq xu qujeʼ kto ʼ anina qil.
ria x ux are nariu ku nel ri kinaqʼ.
are taq waʼ ri uqʼi jol we taqanik.
kʼo jun tab ʼal pa u wiʼ ri x kanul ub ʼiʼ laj uj no ʼ j.
yuʼ lub ʼanom riu kolob ʼ ri ke j.
x anim aj ri akʼal chi uwach riu chu ch.
k kunan ria chi.
kin waʼ ik rech nak in yo wa j taj.
aj xik chʼi chʼ rilu ʼ s.
kwa j chei xki xb ʼanow ik.
aʼre xe to ʼ walaq.
xo j ʼe k xe ʼ qilalarqas ok.
x in loq ʼ jun chʼi chʼ, qaj inaq uwach.
kutʼi sripanta lon.
e j ani pale awal kʼwale kʼolik ?
u tzu kem ik lepas chawe.
ri max are aj qʼani yaʼ.
mata b ʼa chiriq kʼa x pale b ʼe.
taj in ka nima j , ri me ʼ s.
i xi xe ʼ la qʼoma b ʼ !
x sa chan chwe.
e kʼo kʼi cheʼ, chi uwach ri juy ub ʼ.
are waʼ ri nimalaj pi xab ʼe are waʼ ri nab ʼe.
x re taʼ maj chi ru kʼ pa kʼ kutij wi
jas utzak ik le sub ʼ xu ʼano?
aj xo ʼ y ri wikan.
we tane aʼ re xe tijo w le ri kil, are le komon xe tijow ik.
sib ʼalaj aninaq ka chʼa w le are ʼ ch in uwach in.
utz we kinchaku j.
m eʼ sl aʼ.
kʼo kanwa rech kaqa tijo.
xi n sik ʼij la.
ria kʼal x sa ch ka noq jel aʼ pataq ʼa j.
xe sik ʼij la.
jawi xkib ʼij wi chike ʼ e wi?
rumal che, man ix ta riʼ ri ki x chʼa wik, are ri ru x lab ʼa xel rii tat riʼ rik chʼa w nai wu kʼ ri ix.
kʼa kʼri wa choch.
sib ʼalaj utz ki n wil lea tz ʼyaq rech na huala.
saq por k kayri kipo ʼ trinan.
x sa chon ri n uchak chwe.
waʼim xu chapo.
ri qʼaqʼ taj in kaj u luw ik.
naj il u pam ri siwan.
e kʼo riqachal al pa chiu wiʼ la.
jas xa taq chiʼ j le akʼal chu tij ik?
no ʼ jimu kem ik le pa saw umal.
kʼo jun ku kub ʼiʼ tintin, waʼ le laj ku kmam ka je qitaj, ka paqika xu lik pa u wiʼ u qʼab ʼ taq che ʼ, sib ʼalaj sa kʼaj , ke ʼutol ee nim aʼ q, chʼu tin, ra chiʼ l, aj sipa nel sib ʼalaj utz ranim aʼ.
ri u pi xab ʼ le qʼatb ʼal tzi j ki yaʼub ʼi xik.
na x sa chon tach ke xeat inik.
xe qil le chikop p uw ileja.
x lo ʼ taj ri akʼal.
qono jel ku j waʼ pa u wiʼ ri mexa.
x sikir lewaqan.
laxat waʼ kʼut ?
nim ub ʼaqʼ ri tulul.
kin xi kʼi kʼik xin qʼa xik.
la katb ʼe pale tinamit ?
ri pal sib ʼalaj sa qʼor.
k qʼoxow nuja lom.
x in na ʼo chik at pet ik.
x loq ʼ u lewi we chix.
x in chakun ru kʼ ri numam.
na x qab ʼantaj.
k kʼo j iʼ b ʼaʼ ri usipa nik ria jaw xel jesusk ri sto ru kʼ ria w ux lab ʼal !
kin chʼa w ru kʼ len una n pale chʼa we b ʼal.
sib ʼalaj qʼe quʼ m rumal rima yul.
are leba xu lik.
xekos lei xo qib ʼ pale b ʼe.
kʼa x ri lik le akʼal chawe.
x inqʼi ʼ oxi natin pa jo ron.
sib ʼalaj nim le tinamit.
kʼa xu kem ik le pa saw umal.
xi n sa chik.
taj in kelu kikʼel pa raqan ri tz ʼiʼ.
x in we taʼ maj ri lik wib ʼ
ri qʼu qʼ are jun je ʼ l chikop.
kʼo pa ja tijob ʼal ri wik aqʼ.
ri sa chib ʼal mak raj wa xik chi qax o ʼ l.
je ʼ, kimb ʼe k.
je la le ʼ ri nup wiʼ.
x ub ʼij che :- jas xab ʼano tintin?
kab ʼanjun to qʼob ʼ kyak rin uj al.
kat ʼe kxi nta.
jas leu kʼe xb ʼem ri b ʼ le jun ru kʼ le jun chik ?
aj chiu wiʼ miq ʼin jaʼ ri lu ʼ.
ri ti jon el naj k pe wi.
te ʼ kix chob ʼ ub ʼiʼ ri nutat.
ri j aʼ kami qʼik chi uwach ri qʼaqʼ.
rit ʼ u ʼ y k pa qʼowik.
kin me son na.
naq aj at kʼo wi chi we ch.
x in b ʼi son ik taq na x at pet taj.
we x kam ri winaq, ri p waq rech to j b ʼal ma kaj kyaʼ chikech ri rala xik.
ri nun an xb ʼe pa kʼayb ʼal.
x oju kʼamu loq rech koj ri lo
x kʼo toch in chiki wa ch chik in waʼaw u kʼ.
na xki kamsaj taj xki kʼam b ʼi choja.
kʼa kʼri ikʼ kamik.
x imb ʼe ru kʼ leaj kuni wir.
ri lik.
letz ʼiʼ xeko sik.
x in ki ko taw umal.
ri im ul xu maj ri anim, x uy akan lek ok.
kʼo oj che riak ʼal.
x uj b ʼe pa jun kʼula nem.
utz we kwa ralaq.
kaqi lo chinak oju kʼam taj.
x re taʼ maj chi ru kʼ pa kʼ kutij wi.
sib ʼalaj x in kʼa ʼ narik.
x in kochi j ri nuwa.
man kat ko win taj kat chaku nik, we man kʼo taria j ilab ʼal.
wew onon x ub ʼij chike :-ki x into.
ria la nim k ri l wi riumam.
x kaʼ y chirij, x kaʼ y ch uwach, ma kʼo tachi jun ksi lob ʼik, x o qʼik xu xe ʼ j ri b ʼ x chʼop inik x tzali j loq xu riq tachik riub ʼe .
kʼo pusche ri wa.
p i nem na kab ʼe lewa tz, kimb ʼe wi in pa kaʼ y i b ʼal.
rinanto ʼ n nim winaq chik, saq u wiʼ, rono jela qʼab ʼutz kuna ʼ oka tʼ uy iʼ pa u tem, kum iqʼi saj ri b ʼ chori qʼij, kʼo jun u wiʼ u mam ub ʼiʼa te ʼ k.
mane kʼi taj riqul aʼ.
qʼalaj chinak awaj taj kab ʼij
x pa qab ʼi sax raj il rono jel ri kem.
kʼo pa ri jul ri kuma tz.
rono jel qʼij ki n chʼaj len uw are.
saq chik an lei chaj rech katza ko.
chu xeleqa chomal kaqatij wi jun qameq ʼin.
chawi laʼ.
e kʼo job ʼu miʼal, ri nutat.
jas ru kʼ x awil wi
je ʼ jas ri winaq rech ri uwach u lew, x o qujeʼ kepe na riʼ rie ʼ are ʼ che e rech ri uwach u lew ; je ʼ jas ri winaq rech ri kaj , x o qujeʼ kepe na riʼ rie ʼ are ʼ e rech ri kaj.
xi n tijo.
k tz ʼu juw ri rachoch ri po ʼ x.
xu qʼiʼo are leu kʼul el x yaʼow uwa.
ria wel x reta ʼ maj chi ra jawa xik man kux ej ta rib ʼ cheritu ku r.
ju kʼulaj winaq xe ʼa nima j b ʼ ik.
je ʼ, x in tzali j ik.
x oj pet ik xol qa kʼam aʼ.
maj jach in x ʼek.
ina j tij ; attijo xel.
sa quwiʼrita taʼ.
we ch ri kem.
lero ʼ ch le ate ʼ k kʼo chwach leu kʼay len unan.
kb ʼe pa ri si riʼa e pa ri si li siʼa, jawi je ʼ kuya wiri ki chu qʼab ʼ ri komon tyox.
pi xab ʼ : man utz taj kʼa x ku j chʼa w chiki j ni kʼaj qa chil.
x kuna taj le ali( kumal rii xo qib ʼ ).
ri xib ʼib ʼal chi kʼo wi pataq riqa kʼa slemal rono jel qʼij.
nak uj w arta wa ral.
on chek kʼo j iʼ ri utzil chi xo ʼ l, arech junam riqa kojo nik, junam rii we chix ru kʼ ri we chin.
pa o x qʼij ri sa ʼ n kb ʼenaru kʼ ri aj kun.
ka winaq w u qub ʼ.
jas kawaj ki nti jo?
weta xatb ʼe w u kʼ pale tinamit , xa lo qʼtal aʼ leujas taq lea kʼa jol.
keb ʼe pa waʼim.
x in loq ʼ kʼi wa.
pa jun nim kʼa cheʼ laj , kʼo jun kʼ waʼ sib ʼalaj saq lo lo j, nim uwach.
kwaj katij jub ʼaʼ wa.
rono jel winaqk ri l nari u kolo nem rid yos ».
x kʼo toch in chiki wa ch chik in waʼaw u kʼ
kwaj nak at ʼe taj.
la xa loq ʼ jun alej ?
e kʼo rie lo qʼo manel.
ri ukab ʼ ub ʼiʼ ri num amareyay.
kinjo pi j rii jaʼ rech triko.
x naʼ taj ch ke xe atinik.
xa te ʼ qil aʼ.
kaki tija lanxa x ri winaq.
. . . kinb ʼi j chi are waʼ sinx iʼ an.
na x in nab ʼe j ta chuta sik qa kʼo lib ʼal.
rumal rech chew eri in, ki n chʼa w ru kʼ rid yos pa chʼab ʼal , k chʼa w na kʼu riʼ ri w ux lab ʼal ru kʼ ri dyos, kʼate kʼut man kʼo ta u patan riʼ ch rech ri nu choma b ʼal .
xe pet ik xkilo.
xu tawe katʼek.
u tzu kem ik lepas chawe.
ri nuw akax x utij jun qʼo qʼ rumal riʼ x kamik.
rumal ri kʼi x, man ke waʼ taj ri winaq.
xe ʼu lik.
qʼe qrij ria m aʼ chi j.
x raj kaʼ eleunan.
junam ki junab ʼ.
na qʼalaj taj wekaʼek.
ri wix nam chʼaj chʼo j ri rachoch.
waral man kʼo taj aj awal.
nai wir ta x ril le kʼamol b ʼe.
x in pe loq te kʼu riʼ x in tzu kuj rono jel ri nura jil.
ria j ti ko nel kutik ri tzi j.
kʼo e ki kʼa jol lea chi jab ʼ.
kutij qʼayes rii x pa ʼ ch.
pa ri waʼ b ʼale kʼo ka winaqa chi j ab ʼ.
sipo j ina q ri nup am.
ka yaʼtaj ik ru kʼutiʼo nem jun riu ri qom le yab ʼi la molot set séxu qujeʼ are ka yaʼtaj pataq ri juy ub ʼ.
ja chin ria chi?
ri num am x kamik are taq kʼo ju mu chʼ laj uju junab ʼ.
kinko winik ki n kʼam b ʼilep waq.
kin wi lo chi utz ria jiʼ.
x in qʼil ria po ʼ x che man kachakun taj.
k waʼ chi uwach le taqʼaj ri am aʼ akʼ.
ri imul xepo qʼik pa jun ikʼ.
x kʼi skanoq riqa chak.
are ria li xo j ilo wka noq.
sib ʼalaj chʼu ʼ j ri amax.
kʼo nu wa chiʼ.
inchaj inel kech lea kʼalab ʼ.
xeko sle tz ʼiʼ.
kinb ʼenaku kʼ ri molaj.
rono jela qʼab ʼ ki nyitz ʼ riwakax.
ka ra pinik xu tzu kuj chi jun awaj.
le u kem ik le pa sa ninaq (aw umal ).
ma jura jil le qʼab ʼ arel.
kʼa x riʼ rika chʼ awik.
xo jutaq chiʼ j lea chi chu loq ʼiki chaj.
sib ʼalaj kʼa x ri x kʼul ma xik.
xki lo chinak in kʼo xo maj taj.
x naʼ taj ch kechi xeat inik.
x kʼo toch in chiki wa ch chi xo jal w o ʼ q aku kʼ.
jun qʼu ʼ qraj il ri ka x la ʼ nwa.
x inwilo chi xe ʼelik.
e kʼo i xo qib ʼ pale kʼayb ʼal.
man kʼo taj u kʼi sik rima yab ʼaj lab ʼalil.
ri sink kʼi y pataqʼaj.
ri chʼi mam ank kʼi y taj pa taqʼaj.
ra jawa xik kj ik ik ri waqän.
kawaj kinʼe k.
e kʼo o xib ʼ akʼ.
xub ʼij chwe jawiat kʼo wi.
chwe ʼ qkuj b ʼe ʼ pamuquj.
pa saq kʼaj aʼ kb ʼan wiri uq.
xoj ki sik ʼij.
x inwil wib ʼ.
ch aqʼ chik ri wa.
kimb ʼe naka pale w o ʼ ch.
kawaj kinʼe k.
ri chʼu ʼ ktij ru kʼ le j.
pa ri ki qʼij kaminaq ib ʼ kb ʼan qʼo ri kʼ yaʼ rech aj : nab ʼ eri nan ku tzu kuj kan ria j, kuja chʼo ʼ xu quje ku kʼe to.
jas kaj b ʼal cha nim?
u tzu chomanik riali.
pa riqʼi jox laj uj tija xki n kʼi s keb ʼ junab ʼ ki n chakun wa ral.
sib ʼalaj ko , ri kʼa kʼ chʼat.
jas karaj kub ʼij … ?
ri chʼi chʼ ka silab ʼik.
pa oje rqʼal pul x aqxu wiri nim winaq ke kʼamow b ʼe.
le u kuna xik le ukab ʼu kʼut unik are ru kʼ e flor ni tinao nutu nib ʼaxik le ni furtimo x chiʼ le flo rnitina chech t.b. g.
are ria chi x in chʼa yowik.
juna chiub ʼi ku ʼ xu sipaj keb ʼ kʼa ʼ mu lew rech kab ʼan ri tijob ʼal , kamik , kʼo chikaj tij rech ri komon xe chpup.
xu malt yoxi j cheriaj tij rono jel le xu kʼut chi uwach.
pa ri b ʼe xki raq jun alaj i mulsaq ri j , xki kʼam b ʼik.
x ril le b ʼaleala.
jas kub ʼij chwe ?
le u kunatajem are ru kʼu tzu ku xik le uchikop il pa jun u solik u xe ʼ le kikʼon le jaʼ rech jun no do.
utz we nutz ʼiʼ.
je ʼ , taj in kachapo nik.
kin u loq ʼoj len utat.
ka wa j kimb ʼe pa tinamit.
arel aʼ kinchaku j.
ri nima ʼ q taq winaq kʼo ketaʼ mab ʼal.
weta xatb ʼe w u kʼ pale tinamit , xa loq ʼ ta waʼ we jas taq.
ri kikʼa slemal. wai ximu lew xa jun chima are ta tinimit rima
ri u kʼ yab ʼal na jupam.
x atqa j chiu pam riil.
noj im kat waʼik.
we kʼo junk tu qaʼ rik, ¿la man xo qujeʼ taj ki ntu qaʼ rri in ?
ojoj w okolja.
awas kb ʼan kʼa x che jun nim winaq.
x in chʼa wa pan ru kʼ lew anab ʼ.
kʼa x riu pa mriju ʼ l.
taj in ke waʼ ri imul.
la kaj lak uj tzali j la aninaq?
rumal rech cherima kaj man kʼo ta u kowi nem pi wiʼ ri ix : ri ix man ix kʼo tachi chu xe ʼ ri pi xab ʼ, x aneix kʼo chu xe ʼ ri sipanik.
nim raqan le cheʼ.
xi nchapo.
are letu ʼ r le loq ʼom anel.
x as katkʼo jiʼ chiu pam ri chʼi chʼ.
sib ʼalaj nim raqan ri kʼamal b ʼe.
letz ʼib ʼab ʼal we chin.
in x in to ʼ w la.
x aj e kʼu riʼ ri ix kamik riʼ man ix ka x la n winaq tachik; ri ix , ix rech ri ki tinimit rie tyo x laj taq winaq , ix rech ri rachoch rid yos.
x intiko x la j kʼali chaj.
kaqariq qib ʼ chwe ʼ q.
sib ʼalaj utz cheri wiʼaj ri tuney.
wena ju pulik ta xe qaj ik...
x into ʼ taj cherinu chak.
kʼo jun chikop ub ʼiʼp um.
po qon riik.
xoj b ʼi nik.
xu chʼek rono jel le retam anik x pa qiʼ k kʼa xk w ʼ inik xub ʼanaj kun.
kel ub ʼik pa ri jude ʼa ek tzali j chi ub ʼi ju mul pa ri galile ʼa.
x ina xib ʼi j pa b ʼe.
je ʼ l kʼo lem chi awachoch.
rono jel ri yaʼtalil pa we qʼataj , tz ʼaqat ki wach, man k tzaq tak anoq xu qujeʼ man ktas taj.
xu kunaj ley awab ʼ leaj qʼij.
chi tatab ʼe j jas le kimb ʼi j.
chʼa nal ria chi.
pa b ʼo ko ʼ kachakun wiri tax.
uj kʼo pa uw uq qʼij.
kiʼ ri ukab ʼ riaqaj.
kʼo rachalal pa tz ʼo lo j che ʼ ri pe ʼ l.
xki lo chik in kʼo xom aj.
ri u ki sa kʼu tz kyaʼik chiu xe ʼ ri ti ko ʼ n.
are taq chiʼ ka qʼan pu wiʼ ri ju kub ʼ, ria chi chex kʼo j iʼ ri itzel ux lab ʼal ru kʼ, ku ta ch rech ri are ʼ, are chk kʼo jiʼ ru kʼ ri are ʼ.
na kab ʼantaj taw umal.
x naʼ taj ch ke xe atinik.
x in pa j ri n utriko.
xe ʼ ok ri po kʼ pa riu mex ari po ʼ x.
ka jul uw ria qʼaʼ l chi u xe ʼ ri tʼu ʼ y.
awe ch le ja.
x uj b ʼepa tzu rik.
nab ʼexatop anik.
ri ukab ʼ ub ʼiʼ ri num amareyay.
uwaj x aq u kakʼal taqanik (28).
mata kʼo jun ka kanaj ka noq , qono jel koj b ʼek.
e nima ʼ qleal tom ab ʼ.
nim uwach ri po ʼ t.
kojo nik pa ri utzi j wai ximu lew.
jas xu kʼam b ʼiletz ʼiʼ x awi lo ?
x in pet ik, tat.
rib ʼelaj uwach.
chi tatab ʼe j jas ri kimb ʼi j.
je ʼ l ku naʼ ri ab ʼix chiu pamriququ lew.
kinb ʼi so j uwach lewal.
xu t ʼ uy ub ʼaʼ.
nim ria we qele ʼ n xa riqo.
xi ne ʼ waʼoq.
chiʼ ke war wi lea kʼalab ʼ.
ri nu miʼal xu taq loq jun taq o ʼ m w uj chiwe.
qʼe ʼ lik, ri chaj pa ri b ʼe.
la utz awach? - utz malt yo x , e kʼu ria t? – utz mal tyox.
x in ko s rumal nu chak.
kb ʼe ku kʼ rie ʼ are ʼ ek tzali j pa rinas are te ke ʼu nimaj.
ri jo j xu kʼam b ʼik riakʼ.
kʼo chi wa chiʼ l cha nim.
kub ʼi j chech naʼ l kab ʼan cheria tz ʼib ʼ.
e. . . in kawa j katz jo j b ʼil achwe.
mata x in yaj leali.
jach in ru kʼ katb ʼe wi?
kʼo sib ʼalaj e taʼ mab ʼal pa rima yab ʼ no ʼ jib ʼal .
e man xo ri ju p uq ke j.
ka sum um ri ka qiqʼ.
e kʼo kaj ib ʼa kʼalab ʼ pale b ʼe.
je ʼ jas riu tatk kaʼ y ik.
x aqat molo nel tzi j tal.
len u tatka loq ʼon chwe.
x aqtane kimb ʼei w u kʼ.
x re taʼ maj u chʼaj ik.
rumal la ʼ x koj “ x al qʼat ” che ub ʼiʼ ri komon.
are leu kem ik pa sx re taʼma j.
ri w atiʼt kub ʼan nariu patan.
kʼak ʼ lepo ʼ t.
reta ʼ m uwach jachin x loq ʼowripas.
ken chʼab ʼe j lea kʼalab ʼ.
yaʼtal chaqe qono jel ri uj winaq utz ka qil qib ʼ.
x kotiʼ pa qʼayesxo qʼik.
ka winaq b ʼe le jeb ʼ qʼataj.
e kʼo kaj ib ʼ ral rii mul, jun saq, jun qʼan , jun qʼe q, jun qʼe qoj , sib ʼalaj ketz ʼanik , kechʼop inik ri alaj taq i mul.
k chol ol ria chachal.
kete kik ri ikʼ.
xe pet ik rech ke waʼiw u kʼ.
tza tz riu qʼanil riakʼ.
x oj tzali j ik xi xe ʼ qa qʼatuj ku kʼ leita tinan.
ri yo ʼ x taqa kʼalab ʼ ke kikʼux ria tz ʼy aq.
we a chi we xu sipa j jun poʼt chwe xkamik.
kko win ri kun anel che kuna nik.
x ji qʼ pa ri polow.
xa rumal sib ʼalaj ra jawa xik le lo qʼalaj jaʼ , le winaq xkib ʼi j : che we ikʼ riʼ qono jel ku j b ʼe che utik ik taq cheʼ.
ri una nerie rachalal kepe u loq ru kʼ ri are ʼ, kʼate kʼu riʼ, man ke ko win taj ke qib ʼ u koq ru kʼ, rumal rech che e kʼo sib ʼalaj winaq.
rumal rech , che man kʼo tajun kko winche u koj ik junti kib ʼalil chik ch uwach ri kojom chik che are ri jesusk ri sto.
te kʼu riʼ xu tz ʼib ʼaj ri b ʼ pa ri nimalaj tijob ʼal rech aj ku ʼ n.
ka jul uw ri chʼu mil cha qʼab ʼ.
kʼi sb ʼal ka noq , x o qujeʼ k kam rii xoq.
le alax okik.
kʼop waq pa u wiʼ ri mexa.
are kawa j nak in ʼe taj.
ri yawal ku koj ria li chiu xe ʼ ri chakachare usu ʼ t.
na kaqa kʼam tu ʼ b ʼi kamik.
ria j tij kub ʼi j chike : ra jawa xik keqa chaj i j ria waj, are utiko ʼ n ria jaw.
xi ntij muk uni wi r.
kʼa x leu wiʼ taq len u qʼab ʼ.
x in loq ʼ jun il b ʼalwib ʼ.
waʼ we qʼij, nim ub ʼantaj ik.
ri u xe ʼal riqa tinamit man kasach taj.
xoj b ʼi nik.
ria chal al junam kiwach.
x in we taʼ maj ri lik wib ʼ.
nim riu naʼo j wa j tij.
miq ʼin rik ʼul.
aj qʼo jom ria te ʼ k.
che le sa nik che ʼ kb ʼan wiri qʼo jom.
ka pe lea wel pan awal j aʼ.
ri meso nel taj ink chaku nik.
utz chaqe kaqato ʼ qib ʼ, taq kʼo kʼa x kʼo lil, kate we chiʼ n ria jaw paqa wiʼ.
xawi lo , x qʼatan leib ʼoy.
xat ko w inik xab ʼano.
kiʼ ri kʼa we x.
kaj il il ri b ʼ e.
lea li xel b ʼik.
are ʼ x raj xin b ʼano.
nim we ab ʼaj.
je ʼ lik u tiʼ jol al ri saq ko ʼ r.
noj inaq rike j.
we katijan xu x man kat uto ʼ ta chiu qʼati xik le kʼa kʼyab ʼil coro navirus ( 2019 -n cov).
na nim ta raqan waʼ we cheʼ.
utz alaj aj chak, ri wel.
¿jam pa ʼ ku j b ʼepa nima qʼij ?
ra jawa xik tanel aʼ kat chakun wu kʼ.
x utaq chiʼ j pa waram pu lew.
mana retaria xwan xelik.
ria wi xxu loq ʼ rachoch re nimal.
are ri ix oq x insik ʼinu loq.
ri chʼima kʼat ʼon na.
la xib ʼan lei chak?
kʼi tinamite kʼopa chʼo ʼ j.
kʼo jupuq chij chiu xe ʼ ri cheʼ.
ri ux aq ri ab ʼix are uwari ke j.
ka winaq qʼataj.
la kix pe pa tijob ʼal?
we kechaj ix taq le kʼwa jachakin b ʼij; jun alik kʼo j aʼ xu qujeʼ sib ʼalaj saq lo loj.
x retaʼ ma j.
ri alab ʼom ria li tom ab ʼ taj in kiki tijoj kib ʼ rech su taq, are ka kaj kikib ʼan nim aqa chi j ab ʼ chu pam ri ki kʼa slemal, xu quje kʼo chikju pu qb ʼi xo nel chu pam ri komon.
la tz ʼ uwach ri b ʼe.
kʼa kʼ ria chʼi chʼ.
qono jelu j, u j ma yab ʼ taq winaq.
no jel qʼij ria tiʼ x kuy u qʼuj le taqawaj jel aʼ pa ni kʼaj jaʼ , chirij ri juy ub ʼ ub ʼiʼ te naʼ.
pa qʼom chik risiʼ.
kin tzu ku n chela.
kaki tij le kinaqʼ, le i chaj , leu waʼ lik ru kʼ le j.
xekana j kan le aj chakib ʼ.
keti kon ria chi jab ʼ.
sib ʼalaj itzel ub ʼantaj ik ri chʼi lak an.
ri ate ʼ k xu malt yoxi j cheri ra tiʼt, rumal ri utz alaj no ʼ jib ʼal xu kʼut che ch.
k kamulix uchak ri ab ʼi x.
la x in utzu ku j letijo xel?
are ʼ kachakun rono jel qʼij.
lee kʼaʼ na taq tz ʼiʼ.
saq ri j ri plam ux.
jas x aqʼi ʼo x atijo.
jas ru kʼ x kichap wi utij ikleri kil ?
weka tatin ru kʼ kʼatan jaʼ man ku qʼate j tale kʼa kʼyab ʼil coro navirus.
la katb ʼin pale ux lan b ʼal?
la waral kʼu xix waʼ wi?
are len ut at k in loq ʼonik.
taj ink chakun ri ala.
kʼo ri kiʼ kotemala w u kʼ.
xu taja chi nkaʼek.
xat waʼ ik x in wi lo.
x tzaq ri rachoch rumal ri jab ʼ.
pale jun ikʼ chik are nim aqʼij.
e keb ʼäm keb ʼin pa u wiʼ ri tem.
m em ria chi.
ri wikanchal iʼ y kel pa juy ub ʼ chwi tzi rib ʼal.
le raj il, la paja xela qʼax wu ʼ b ʼik ?
pa ri su ʼt pi som wiri lej.
koj pet ik kolqa kʼam aʼ.
taj in kat chʼop in chi uwach ri taqʼaj.
le qʼ orx chʼu qik.
kʼa x waʼimaw umal.
kinb ʼi son che lewal.
sib ʼalaj kʼo kʼ ria wa tz ʼ yaq.
kamik x uj b ʼe che utik ik taq che ʼ pa ri juy ub ʼ.
kin u loq ʼoj len utat.
cha qiʼ j chik ri chaj.
xy il ix haway i.
na x naʼ taj ta chkechi xeat inik.
ru kʼ kʼu waʼ we riʼ, ri ixk kʼo j iʼ jun utz alaj i kʼa slemal riʼ ch ki wa ch ri winaq che mane kʼotai w u kʼ, kʼate kʼu riʼ man kʼo tajun winaq riʼ ra jawa xik chi we ch.
e petinaq pab ʼe le rachala xik.
ka kaj lea kʼalab ʼ ke waʼik.
xu j chʼay b ʼik.
ri nu chak are qʼaxel tzi j.
kʼo nar ux lab ʼ ria wa j.
taj in kel loq, ri qʼij.
xu qʼiʼ oxk am sax ri ra chalal choch.
ri num amare kʼo uqʼi nomal.
x kʼul mataj ju mul, xub ʼanjun nimalaj jab ʼ, man xb ʼe yetaj tana xu kʼi sle uy u qʼ chike.
am aʼ ri n utz ʼiʼ.
je waʼ kat pe tik.
x in ko sik rumal x in chaku nik
i wech chi ju junal, ri wa.
xu qʼiʼo nax at atintaj.
inriq taj in aq pa ri kʼay ib ʼal.
na we taʼ m taj.
kʼa x len u qʼab ʼ.
utz le xub ʼij lea chi.
kema tz ʼib ʼ.
kʼo rachalal pa tz ʼo lo j che ʼ ri pe ʼ l.
rono jel waʼ we jas taq riʼ, x as ksa ch wi uwach waʼ; ru kʼ we riʼ, ri ix, ra jawa xik che kʼo jun tyo x la ji kʼa slemale k kʼo j iʼ rii chʼa w em ru kʼ rid yos,
x muq taj ri pa tz ʼan.
ri chʼi chʼ tzi jom kanoq pa riu kʼol b ʼal.
man kʼo ta u cholaj pataqria w uj.
ja chike ikʼ leu nima qʼij le tinamit nawal jaʼ ?
xe pet ik xol ki kʼam aʼ.
kachu qʼ chu trij aʼ chiapam.
x in b ʼi ji wir chi xeb ʼepa armita.
are ʼu xe ʼo je r tzi j wa ral kʼi cheʼ ub ʼiʼ.
x kʼi srinu siʼ.
jawi xkib ʼij wi chike ʼ e wi?
¡ xa je kʼu riʼ, jachin taq rie kʼopa ri jude ʼ a, chicha nim cheʼa nima jub ʼi pataqri j uy ub ʼ,
kʼak ʼ ria b ʼ.
la kʼo jun naka kʼo xom aj taj?
na utz taleut ʼi som le alma ri y.
man yaʼtal taj chia we katok paja.
je ʼ, xatu tzu ku j.
are kel wa j xa qib ʼu qʼij ri x kʼo j ik.
ri x unk urk kʼo j iʼ pataq ri triko.
xi n sa chik.
xu t ʼ uy ub ʼaʼ
na nutom taletzi j …
wa chʼom ri ki wa ri no ʼ s.
e kʼo job ʼ chʼi l wakʼ.
ra jawi xik chi pataq ri tijob ʼal , pa ni kʼa jub ʼi xik chik
ri ra jaw ru lew are ʼ tatkel.
we kʼu xo kik, we kʼna xok ta
we a chix usipa j jun pʼot chwe.
a tat utaq o ʼ n le qʼatal tzi j.
naq ʼanta uwach leqap rut.
ri x aʼ r kʼo pa u wiʼ ri qʼaqʼ kpo qʼowik.
ri ro qʼe j ria li jachak pe jun akʼal.
kʼo jun alap atijob ʼal .
säqu wiʼ rit ataʼ.
ri witz ikʼ taj ink pe loq.
jaw ix sa chon wikan u yaʼik lep waq che.
utz we achiwe xin kuna nik.
qono jel ku j waʼ pa u wiʼ ri mexa.
ri ka x la ʼ nik man po qon taj.
in x in b ʼe ru kʼ ri wa chiʼ l.
sib ʼalaj je ʼ l xki lo xeki tzoqop i j ri ki chi j chilaʼ.
kinb ʼinik x in ʼek.
kʼa x kʼo lik, kachaʼ.
kutiji xim riakʼ.
ria li x chel, xu qʼiʼo xa jun akʼ x sipa x che.
x qa si kʼi j le ix oq chu tza kiksub ʼ.
mata xab ʼinsa j le chʼi chʼ.
ri pi x tz ʼara lik rumal rie qaʼ n.
¿ja m paʼkel chi 3%
kʼo jun nu kʼo toj chiʼaj.
taj in ke waʼ katri alab ʼom.
x in loq ʼ le nu kʼa kʼapo ʼ t.
nautza kik ta sub ʼ taj in kuʼan o
xo j utaq chiʼ i j xoj waʼik.
i wech ri ab ʼi x.
saq ri j ri chij.
aj sik cheri tinamit kel wirit ataʼ.
- ¡ ay ! x ax in tzaqu loq , kʼax wewaqan.
x kʼul mataj pa jun komon chiʼ uwach jun juy ub ʼ, x uriqa jun qʼij xki riq kib ʼjuni mul ru kʼ le kok.
jas xa taq chiʼ j le akʼal chu tij ik?
x inchapo su xu loq ʼo.
qʼi nom ria chi.
ri kʼum k tijow ru kʼ kab ʼ.
taj in ke ja chʼanik.
tze b ʼal u kem ik le pa saw umal.
are ka yo ʼ w le uchikop ille ub ʼantaj ikt ry panos oma brucei.
wekat nim anik utz ke lik.
pe rono ʼ j imal pet naq loq, .
are len uchak jun tzu qb ʼal wib ʼ.
x kunax ley awab ʼ rumal leaj qʼij.
ri u kʼu ʼ x tz ʼib ʼ paqa tzi jela ju j.
sib ʼalaj je ʼ lik rie qab ʼal xub ʼan rilu ʼ s.
sib ʼalaj at kon.
e man xo ri ju p uq ke j.
na x naʼ taj ta chke xeat inik.
ri kʼamal b ʼexu b ʼi j chike, chimaja ria nim.
ju mu chʼri nu junab ʼ.
qʼiptaj inaq ri raqan ri tem.
k chakun ru kʼ ri josb ʼal che ʼ ri aj anel.
xa taq chiʼ j le akʼal ch utijik ka r.
oj kʼo pale ro ʼ ch lea wel.
¿la kat pe qukʼ chwe ʼ q?
le winaq pale chʼi chʼet ʼ uy ul lowi.
x kanaj kanoq chi u xe ʼ ri j ab ʼ ri chʼ aʼ n.
nim ri ja.
weta xa kunaj le atat mat axkam laʼ.
nan u kʼam om tu ʼ la riʼ.
ch qan u kʼu ʼ riqa tzi j.
kimb ʼe pale tinamit.
x inqʼi ʼon ax inatin taj.
ra jawa xik ka kʼa man cha we le utijik le lej.
kʼi sb ʼal taq no ʼ jib ʼal .
