xin e Íº wa Íº oq .
xki b Íºan k Íºax che le uwo saq rumal man ut z ta chik ak ay ik .
ri q Íº utu Íºm man kech ta le ak Íºal ab Íº .
are na n im ta le at z Íº i Íº ch uwach le nut z Íº i Íº.
xe pet ik x ol ki la Íº.
‚ø ja w chi Íº xa ta Íº che xkam ri umam ri po Íºx ?
e ke b Íº ke k Íºam b Íº ik pa tu j.
xin loq Íº jun japa ri wo ka j ja .
ri a xtu Íº b Íº, k Íº o q ul aj che ch .
jas ka ra j ka Íºan ch ut z ak ik le ti Íºi j .
x uti j le w a.
xim b Íºal ret zi j .
xpax rib Íº o Íº j .
we ka waj kat into Íº o xaq xu wi ka b Íº i j chi we .
jas nuk Íº uk uch Íº ob Íº o .
jas ka ra j ku ti j o ?
xe x r uxlab Íº ri ri k il .
e nit z Íºa Íº q le taq imul.
we ta ne in xin b Íºan ow ik , are le at e Íº k xb Íºan ow ik.
k in t z al i j pa le nu ti namit.
ri nuchaq Íº k Íº o pa uro Íº q Íºato j ti jon ik pa riti job Íºal .
xin xi Íºj wi b Íº xin ch Íº aw ik.
k Íº o ch waro Íº ch le par e .
chi raq an kab Íº in wi ri tata Íº .
xsach on kan uya Íº ik le p waq che choja.
xin q Íºax chik ix o Íº l ri wi naq.
ke ti ko nik .
ri ulew man qech ta j , kech ri q ati Íº t qamam.
xepe le wi naq x ol kik Íºama Íº.
xu loq Íº ri wu j rumal ri ali .
che we q Íº i j kam ik k Íº o jun nut zi jon em chi rij le nu ti namit.
ke j ri Íº .
xkuna na la q ch we .
k in usik Íº i j le nu na n .
ri i mul xu ch Íº i j taj , xkana j pa b Íºe , rumal ri nimal ku jal uj ri i mul , xut zaq ri a nim.
ku b Íºan ri ux oq Íº o Íº l ri aj t z Íºa q.
ri la si b Íºal aj ut z che kuna b Íºal .
k Íº i ki wach ri e Íº aj chak ib Íº pa ri komon t y ox , k Íºate k Íº ut xa jun chi aj awx el ;
xqa ta chi xa tu lik .
ka waj chi ka t Íº e k.
ch Íº uti Íºn ke kana j ri xa jab Íº che ch .
ka qa xi Íºj q ib Íº ka qa chapo .
e k Íº o ke b Íº uk Íº a j ol le tat xwan .
lu Íº sub Íº i Íº ri rech am.
aj chi uwi Íºm iq Íº i nja Íº ri lu Íº.
xin ya k an le nu chim pa k Íºay b Íºal .
k Íºate xrilo , xpe ri unan che ut z ukux ik , xki kotik , xu salab Íº isa j ri taq uxkin.
xkik Íº ut chi uwach ri aj ti j xuqu je Íº chi k iwach ri taq nik Íºa j kachil .
ut z le nuq Íºab Íº .
k ul le al we Íº l pa a ustin cha q Íºab Íº kam ik .
ri ate Íº k xt zaq loq are chik Íº o pa uwi Íº riq Íºa Íºm .
aj patan rite Íº k.
xa t qa j chi upam ri il .
la k Íº o t zi j na kik Íº ox oma j ta j ?
xsa ch on ch ke chi xe at in ik .
ro no j el le ulew echal aq .
la xe b Íºe k Íº ula xe Íº ki jaq ak Íº u le uchi Íº ja ?
xaq kat ch Íº ok na j iwir .
kam ik k Íº o chi rijas taq aw e .
are chi Íº k ak Íº is ri juna b Íº k Íº oq Íº i nom.
pa nawal ja Íº xin alex ik .
na xin tata j we are ri ak Íºal ki xt z uq uw ik.
‚° r ulew ri sab Íºul o ner ulew ri ne f tal i, ub Íºe ri po low , r ulew ri jor dan , gal ile Íºa kech rij eta qam aq Íº !
ra x , ra x , ra x , k Íº o k Íº, k Íº o k Íº, k Íº o k Íº ler uxlab Íº le taq ti ko Íºn .
a chi xa t wi lo .
pa qa l ra j il le pi xkam ik.
xo j b Íº in ik .
pa jun je Íº l ti job Íºal ku ti joj ri b Íº jun ak Íºal , ub Íº i Íº p o Íºx , ut z k uril o ke pa ti job Íºal ro no j el taq q Íº i j .
xwaj chi xa t Íºe taj.
ut z la Íº le xub Íº i j le achi .
we ta Íºam jachin ka pet ik.
k in q Íº o joman ik .
xin q Íº i Íº o tak Íºal ik xin pet ik.
are Íº reta Íºm che kin opan ik.
are tab Íºal e qa qa j aw cha t to Íº w ik.
ka wi naq waq ib Íº q Íºataj.
naq aj chik che ri uwaq kaj b Íºal are taq chi Íº k sach uwach ri q Íº i j , kok ri q Íº e q u Íºm ch uwach ulew , chi k Íºate Íº na ri b Íºe le je b Íº kaj b Íºal .
job Íº raq an rit z Íºa lam xepor ox ik .
si b Íºal aj ko rij ri mop .
are wa Íº.
je la Íº pa riti min it ch wi ka byok rech xe la j u Íº , le qa na n qatat kaki ti ko j e Íº l al aj taq uwach icha j .
k Íºax nuq ul .
xu Íº l uk Íºam a Íº.
ko j ul ki t z uku j .
are man k Íºax ta ukunax ik are taq ani naq ka Íº i lita j we ya b Íº il al xuqu je Íº mo jo Íº qaku ya Íº le k Íºaxk Íº ol il che ch le jo lom aj .
riw el k Íº o pa ti jon ik .
ka waj kin b Íº i j .
ri kot z Íº i Íºj k qa ko j chi upam ri ja .
q Íº e q q Íº o j ri j ri am a Íº ke j .
naxwaj ta j xin ch Íº aw ik.
ch petab Íºal e loq Íºal aj jab Íº .
xsach on ch ke xa t ki sik Íº i j .
e leq Íºal ch Íº ich Íº .
jachin xa wi lo chi are x ti j ow riti Íºj ?
ma tak ab Íºe le nu xb Íºal pa le ti namit.
pim ruq , ri ali .
‚ø k Íº o rim uq Íº e chi aw e ch ?
k qa b Íº i j man ke ko win taj.
kin ti j na .
k Íº o jun qat Íº u Íºy pa ja !
k Íº o puj chi upam ri ch Íº a Íº k.
are taq kin ko sik kin war ik.
xa t wa Íº ik xin wil o
in xinch Íº ay ow le achi .
ko no j el ri alax ik ke Íº et z Íºan ik .
jas ruk Íº xki ti j wi le ki rik il ?
ani naqil ka t pet ik.
na ra xta uwach le juy ub Íº.
ri t z Íºa lam t z Íº ib Íºab Íºal ra x k kay ik .
we cha t chakun ik , k Íº o awa.
ma Íºtam xa t pe che ri wa Íº im .
ka mul kin wa Íº na .
ri sikil k ti j ow ruk Íº ik.
ki mb Íºe aq Íºan ruk Íº le alta li n.
xo j Íº e k xe Íº q il al ar qaso k .
xe ki q Íºil le aj chak ib Íº xki wo k leja.
mata ne xwaj le k Íº uh j nem ruk Íº le ate Íº k .
are xe Íº o pan chi uchi Íº ri juy ub Íº , xki lo chi man qastak Íº oq Íºay es .
k Íºate k Íº ut , ri jesus man k ko jon ta ch ke ch ri e Íº are Íº , rumal rech che ko no j el reta Íºm ki wach ,
pa Íº t z rij rit z Íº i Íº.
juwi naq waq ib Íº q Íºataj.
ate la q Íº om .
xaq at jo Íº s .
ri q Íºat z u, are q Íºal aj ri uq Íº i j il.
aj chak we ala.
ub Íºe le j uka k Íºal taq an ik ( 29 ).
ke b Íº nu b Íº i Íº k Íº ol ik .
la kat z al i j lu Íº la ani naq ?
ka t z ukun la ch we .
la ka jla ko j b Íº e Íº pal e chomal ch we Íº q ?
xin nab Íºej chu ta sik qa k Íº ol ib Íºal .
la l xin t o Íº w ik.
si b Íºal aj a no Íº j ib Íºal .
xo j pet ik x ol q ak Íºam a Íº.
si b Íºal aj je Íº lik ri uwa Íº l ri ichaj.
k Íºax wi j rumal in pa cha lik .
are taq xuk Íº ulma j wa Íº xul ri uchoman ik xub Íº i j : are ut z wa aq Íºab Íº kin wali j ik , are cha Íºcha nim ki no pan pa ti job Íºal , maj chi k in k Íº ulma j .
oj aj xo jo lob Íº pa awasq Íº i j .
xin sach che le uwo kik le t zi j .
e jul aj u j ri ak Íº.
xuta jam pa Íº ko j Íº e k .
q i lik .
ri ti joxel man are ta nim ch uwach ri ra j ti j. ri ut z ti joxel qas je ri Íº k Íº ol ik jas ri ra j ti j.
in xa t in ch Íº ay o .
no Íº j im chak wu mal .
ch Íº ur rijo ch Íº.
inkin b Íº i j na ka t sach taj.
uj may ab Íº .
ri ab Íº aj ya t z al ik .
ta j in ke pi xb Íºax ri ak Íºal ab Íº .
chom ri a q.
xin war ik.
e lemen ko no j el ri ak Íºal ab Íº .
ta j in k q Íºana ri k ri we re Íºaj.
le ukem ik le pa sut z ( cha we ).
xuyup ub Íºa uwach ra Íº chi , ka cha Íº , .
ri sata nas ko k pa ri judas ri k b Íº ix is ka ri Íº o tech rech , ri are Íº jun ch ki xo Íº l ri e ka b Íº la j u j .
ch uchu ri par.
k in q umu j ri nuj och Íº.
che ch punc i„≥n lumbar am aq Íº el ra j awax ik che ch ri lik le uk Íºex b Íºem wi le na b Íºe ruk Íº le uka b Íº uk Íº ut un em le ya b Íº il al .
q Íºal aj chi na ka waj ta j ka b Íº i j .
k Íº o q Íº ol chi rij ri si Íº .
ja wi xo j Íºew ich uloq Íº ik ?
k Íº o uloch Íº ri tal in.
q Íºan ri j ri ati Íº t nu ke j.
la xt za li j la iwir ?
xe sik Íº ix ik , k Íºate k Íº uri Íº xe ya j ik , xuqu je Íº xe taq b Íº i che usik Íº ik le mes.
la k ix war ik ?
are k Íº ule pa lomax xub Íº i j che : - mam ka t b Íº i son taj , k in sik Íº i j nik Íºa j wachi Íºl ke ra papi k .
a Íºre e ti joxel ab Íº.
ri alaja li si Íºl xub Íº i j xqa chap pa ut z al ri t y ox .
xsach on ch ke jachin xe at inik .
jas xu ray ij le a na n xuti j o ?
xin ko sik .
ra x ro no j el ri q Íºay es rumal le jab Íº.
k in ya wa Íº we ch Íº ich Íº p in em na ut z .
no Íº j im upach Íº ux ik le nu wi Íº.
naj k Íº o wi le wo Íº ch ch uwach le ti job Íºal .
ri o ki b Íºal k Íº o chi uwach ri saq ja .
xe nu taq ch Íº i j ke kil le ak Íºal ab Íº .
k Íº o jun q Íº ox ow em chi we .
t zaricho Íºm.
we choj b Íºe pa le nimaq Íº i j , ke qil le aj xo jo lob Íº.
xo j Íº e k xe Íº q il al ar qaso k .
ri ate Íº k xuta Íº che ch rinan to Íºn : - na n jas che Íº chi man ka j ta la q ak Íºat isa j ri jo Íº q .
ri pal si b Íºal aj xu Íºy .
k in ko j ri jo k b Íºal ulew.
in k in b Íº i j na ka t sach ta j
atra j kun le nu na n .
ku qa muju jor on ri aj t zi j .
lu Íº t z Íºa lam ub Íº i Íº ri achi kel pa nim che Íº.
je Íº lik uti Íºj ol al ri saq ko Íºr .
k Íº o jun xa Íº r pa ja .
xin loq Íº jun k Íºak Íº patan .
k Íºax ukem ik le pa saw u mal.
ani naq ukem ik le pa saw u mal
ri ch Íº a Íºn sa chi naq pa taq ab Íº ix.
ra xtaq le kot z Íº i Íºj.
mesom kan oq ri upam ja .
man are ta ra la xkos ik.
ri komon xe ch pup rech uq Íºab Íº ti namit xo Íº l ab Íº aj rech q Íº umarka j .
la ut z ak ik k Íº usu b Íº ta j in ku Íº an o ?
katel a!
na xuti j taj.
xa rumal ke ta Íºm ko no j el ri wi naq k ki q um u j le ja Íº.
iwir xuj t z al i j la pa k Íºay b Íºal .
qeta Íºm che ri qa wa ku juto Íº o .
ri aj ti j, k ya jon chik e ch ri ak Íºal ab Íº .
jas ub Íºan om le nuch Íº uti tat ?
ch we Íº q kin b Íºe pa nim ti namit.
ut z we ki we ta Íºmaj jas ku b Íº i j ri chol b Íºal q Íº i j .
ta j in ka tji low che uq Íºox om jo lom aj .
xin tik q Íºax chi uwach rija.
k Íºax le ki b Íº e le wi naq .
loq Íº kat kun ta j che le ya b Íº il ( co vid- 19 ).
ri nu xi b Íºal kel pa qa j b Íºal q Íº i j .
xril ri axwan chi x wa Íº ri ala .
le al ixkunata j ik.
we ta ka pe le jab Íº kam ik .
xin we ta Íºmaj chi na xa t pe taj.
rip waq rech we q Íºata j ri Íº kesa x che ch ri t oj b Íºal k Íºay in em .
k ti j ri uwa Íº lik rumal ri ki nimaq Íº i j .
xuchap uk una x ik .
cha t an loq al i .
xin xuli Íºq aj oq .
je Íº lik k ti j ow ri taq ik ox .
k Íºate k Íº uri le tat xo Íº r xub Íº i j , man ka waj ta j , man ka waj taj.
k Íº o jun t z Íº i Íºp ab Íºe .
ka mul xin pe che at z ukux ik .
man ta j in tak in chakun ik .
k in chakun ik rech kat wa Íº ik.
jas ruk Íº xa wil wi chi xki q up ij wi le ti Íºj.
jas ub Íº ix ik ‚Ä¶?
k oq Íº ri ak Íºal .
ka waj na kat Íº e taj.
xa t q Íºaj ik .
w em na cha loq Íºax iy al , na kim b Íºe ta aw u k Íº.
xo pan le wu j aw uk Íº rumal wechin.
are k Íº ut pa le juy ub Íº k k Íº iy jor on , chi la Íº xe kik Íºam awi ri ja Íº ri wi naq.
k oq Íº ri ak Íºal .
we k Íº o ara j il chak Íºam aloq .
are si b Íºal aj ka q le apo Íº t ch uwach le nupo Íºt.
xin k Íºas taj pa ka b Íº la j u j ka j b Íºal .
ka qoy Íºej na ki xpe taj.
ko k ax im ri chij xa je la Íº man ka nimaj ta b Íº ik .
ri ko k nojim xb Íºe k , xuch Íº i j ox o pan pa uk Íº is b Íºal il le anim.
xo j ki Íº kotik are taq xa tu lik .
ka q it z Íº na j ri uxa j ab Íº ri ak Íºal.
ri jesus k wa Íº ka t pa ri nim rachoch ridyos , ch uxe Íº ri jun ja che rachoch ri salom on .
we taq an ik ri Íº ku b Íº i j chi ra j awax ik k ya Íº uq Íº i j ri wi naq xuqu je Íº k t o Íº ani naq il .
ri axux are na ri ukun el ri ki naq Íº.
are taq wa Íº ri uq Íº i j ol we taq an ik .
k Íº o jun ta b Íºal pa uwi Íº ri xkan ul ub Íº i Íº la j u j no Íº j .
yu Íº l ub Íºan om ri uko lob Íº ri ke j.
xanimaj ri ak Íºal chi uwach ri uchuch.
k kuna n ri achi .
k in wa Íº ik rech na k in y ow aj taj.
aj xik ch Íº ich Íº ri lu Íºs .
k waj che ixki xb Íºan ow ik .
a Íº re xe to Íº wa laq.
xo j Íº e k xe Íº q il al ar qaso k .
xin loq Íº jun ch Íº ich Íº , qa ji naq uwach .
k ut Íº is ri pantal on .
e ja nipa le awal k Íº wal e k Íº ol ik ?
ut z ukem ik le pas cha we .
ri max are aj q Íºani ya Íº.
matab Íºa chi riq k Íºax pa le b Íºe .
ta j in ka nimaj , ri me Íº s .
ix i xe Íº la q Íº omab Íº !
xsach an ch we .
e k Íº o k Íº i che Íº , chi uwach ri juy ub Íº.
are wa Íº ri nimal aj pi xab Íº e are wa Íº ri na b Íºe .
xreta Íºmaj chi ruk Íº pa k Íº ku ti j wi
jas ut z ak ik le sub Íº xu Íºan o ?
aj xo Íºy ri wi kan .
we ta ne a Íº re xe ti j ow le ri kil , are le komon xe ti j ow ik.
si b Íºal aj ani naq ka ch Íº aw le are Íº chi nu wach in.
ut z we kin chakuj.
me Íº sla Íº.
k Íº o kan warech kaq ati jo.
xin sik Íº i j la .
ri ak Íºal xsach kan oq je la Íº pa taq Íºa j .
xe sik Íº i j la .
ja wi xki b Íº i j wi chi ke Íº e wi ?
rumal che , man ix tari Íº ri k ix ch Íº aw ik , are rir uxlab Íºaxel ri i tat ri Íº ri k ch Íº aw na iw uk Íº ri ix.
k Íºak Íº ri wachoch.
si b Íºal aj ut z kin wil le at z Íº ya q rech na hua la .
saq por k kay ri ki po Íºt rinan .
xsach on ri nu chak ch we .
wa Íº im xu chapo.
ri q Íºaq Íº ta j in ka juluw ik.
naj il upam ri siwan.
e k Íº o ri qachal al pa chi uwi Íº la.
jas xa taq chi Íºj le ak Íºal chu ti j ik ?
no Íº j im ukem ik le pa saw u mal .
k Íº o jun k uku b Íº i Íº ti ntin, wa Íº le la j k uk mam ka je q ita j , ka pa qi ka xulik pa uwi Íº uq Íºab Íº taq che Íº , si b Íºal aj sak Íºa j , ke Íº uto le e nima Íº q , ch Íº ut in , rachi Íºl , aj si pan el si b Íºal aj ut z ra nima Íº.
ri u pi xab Íº le q Íºat b Íºal t zi j ki ya Íº ub Íº ix ik .
na xsa ch on tach ke xe atin ik .
xe qil le chik op pu wi le ja .
x lo Íº ta j ri ak Íºal.
qo no j el k ujwa Íº pa uwi Íº ri mexa.
x si ki rle waq an .
la xa t wa Íº k Íº ut ?
nim ub Íº aq Íº ri tulul.
k in xik Íº i k Íº i k xin q Íºax ik .
la ka t b Íºe pa le ti namit ?
ri pal si b Íºal aj saq Íº or .
k q Íº ox ow nu ja lom.
xin na Íº o chi ka t pet ik .
x loq Íº ulew iw e ch ix.
xin chakun ruk Íº ri nu mam.
na xqa b Íºan ta j .
k k Íº o ji Íº b Íºa Íº ri usi pan ik ri aj awx el jesus k ri st o ruk Íº ri aw uxlab Íºal !
k in ch Íº aw ruk Íº le nu na n pa le ch Íº aw eb Íºal .
si b Íºal aj q Íº e q u Íºm rumal ri ma yul .
are le b axulik .
xe kos le ix oq ib Íº pa le b Íºe .
k Íºax ri lik le ak Íºal cha we .
xin q Íº i Íº o xin atin pa jor on .
si b Íºal aj nim le ti namit.
k Íºax ukem ik le pa saw u mal.
xin sach ik .
ta j in k el ukik Íº el pa raq an rit z Íº i Íº.
xin we ta Íºmaj ri lik w ib Íº
ri q Íº uq Íº are jun je Íº l chi ko p.
k Íº o paj ati job Íºal ri wi kaq Íº .
ri sach ib Íºal mak ra j wax ik chi qa xo Íº l .
je Íº, ki m b Íºe k .
je la le Íº ri nup wi Íº.
xub Íº i j che :- jas xab Íºan otin ti n ?
ka b Íºan jun toq Íº ob Íº k ya k ri nuj al.
ka t Íº e k xin ta .
jas le uk Íºex b Íºem ri b Íº le jun ruk Íº le jun chik ?
aj chi uwi Íºm iq Íº i nja Íº ri lu Íº.
ri ti jon el naj k pe wi .
te Íº k ix chob Íº ub Íº i Íº ri nu tat.
ri ja Íº kam iq Íº ik chi uwach ri q Íº aq Íº .
ri t Íº u Íºy k pa q Íº ow ik.
k in meson na .
naq aj at k Íº o wi chi we ch .
xin b Íº i son ik taq na xa t pet taj.
we xkam ri wi naq , rip waq rech t oj b Íºal maka j k ya Íº chik e ch rir alax ik .
ri nu na n xb Íºe pa k Íºay b Íºal .
xo j uk Íºam uloq rech ko j ri lo
xk Íº o to chin chik iwach chi k in wa Íº aw u k Íº.
na xki kam sa j ta j xkik Íºam b Íº i choja.
k Íºak Íº ri ik Íº kam ik .
xim b Íºe ruk Íº le aj kun iwir .
ri lik .
le t z Íº i Íº xe ko sik .
xinki kota wu mal .
ri i mul xumaj ri a nim , xuya kan le ko k .
k Íº o oj che ri ak Íºal .
xuj b Íºe pa jun k Íº ulan em .
ut z we k wa ra laq.
ka qil o chi na ko j uk Íºam ta j .
xreta Íºmaj chi ruk Íº pa k Íº ku ti j wi .
si b Íºal aj xin k Íºa Íº na ri k .
xin ko chij ri nu wa .
man ka t ko win ta j kat chakun ik , we man k Íº ota ri aj il ab Íºal .
we wo non xub Íº i j chi ke :- k ix in to .
ri ala nim k ril wi ri umam .
xka Íºy chi rij , xka Íºy ch uwach , mak Íº o ta chi jun k si lob Íº ik , xoq Íº ik xu xe Íºj ri b Íº xch Íº op in ik xt z al i j loq xu riq ta chik ri ub Íºe .
k Íº o pus che ri wa .
p in em na ka b Íºe le w at z , ki m b Íºe wi in pa ka Íºy ib Íºal .
rinan t o Íºn nim wi naq chik , saq uwi Íº , ro no j el aq Íº ab Íº ut z kuna Íº o ka t Íº uy i Íº pa utem , ku mi q Íº isa j ri b Íº cho ri q Íº i j , k Íº o jun uwi Íº um am ub Íº i Íº ate Íº k.
man e k Íº i ta j ri qula Íº .
q Íºal aj chi na ka waj ta j ka b Íº i j
x pa qa b Íº isa x ra j il ro no j el ri kem.
k Íº o pa ri jul ri ku mat z.
ro no j el q Íº i j kin ch Íº aj le nu ware .
saq chikan le icha j rech ka t z ak o.
ch uxe le qachomal ka qa ti j wi jun qa me q Íº in.
cha wi la Íº.
e k Íº o job Íº umi Íº al , ri nu tat .
jas ruk Íº xa wil wi
je Íº jas ri wi naq rech ri uwach ulew , xoqu je Íº ke pena ri Íº ri e Íº are Íº che e rech ri uwach ulew ; je Íº jas ri wi naq rech ri kaj , xoqu je Íº ke pena ri Íº ri e Íº are Íº e rech ri kaj.
xin ti jo.
k t z Íº u j uw ri rachoch ripo Íºx .
xuq Íº i Íº o are le uk Íº ulel xya Íº ow uwa .
ri aw el xreta Íºmaj chi ra j awax ik man ku xej ta ri b Íº che ri tuk ur .
juk Íº ula j wi naq xe Íºa nim aj b Íº ik .
je Íº , xin t z al i j ik.
xo j pet ik x ol q ak Íºam a Íº.
maj jachin xÍº e k .
in aj ti j ; at ti joxel .
saq uwi Íº ri tata Íº.
we ch ri kem.
le ro Íº ch le ate Íº k k Íº o ch wach le uk Íºay len unan .
k b Íºe pa ri si ri Íº ae pa ri sil isi Íºa , ja wi je Íº kuya wi ri kichuq Íºab Íº ri komon t y ox .
pi xab Íº : man ut z ta j k Íºax ku jch Íº aw chik ij nik Íºa j qachil.
xkuna ta j le ali ( kumal ri ix oq ib Íº ).
ri xi b Íº ib Íºal chik Íº o wi pa taq ri qa k Íºas lemal ro no j el q Íº i j .
nakuj war t awaral.
on che k k Íº o ji Íº ri ut z il chi xo Íº l , are ch junam ri qa ko jon ik , junam ri iw e ch ix ruk Íº ri we chin .
pa ox q Íº i j ri sa Íºn k b Íºe na ruk Íº ri aj kun .
ka wi naq wuq ub Íº.
jas ka waj kin ti jo?
we ta xa t b Íºe wu k Íº pa le ti namit , xa loq Íº ta la Íº le u jas taq le ak Íºa j ol .
ke b Íº e pa wa Íº im .
xin loq Íº k Íº i wa .
pa junnim k Íºache Íº la j , k Íº o jun k Íº wa Íº si b Íºal aj saq lo lo j , nim uwach.
k waj ka ti j jub Íºa Íº wa.
ro no j el wi naq k ril na ri uko lon em ri d y os ‚<unk>.
xk Íº o to chin chik iwach chi k in wa Íº aw u k Íº
k waj na kat Íº e taj.
la xa loq Íº jun alej ?
e k Íº o ri e loq Íº oman el .
ri uka b Íº ub Íº i Íº ri nu mama rey ay .
k in jo pi j ri ija Íº rech tri ko .
xna Íº ta j ch ke xe atin ik .
xa te Íº qila Íº.
ka ki ti j al an xa x ri wi naq.
... kin b Íº i j chi are wa Íº si n xi Íº an.
na xin nab Íºej ta chu ta sik qa k Íº ol ib Íºal .
rumal rech che we ri in, k in ch Íº aw ruk Íº ri d y os pa ch Íº ab Íºal , k ch Íº aw na k Íº uri Íº ri wu xlab Íºal ruk Íº ri d y os , k Íºate k Íº ut man k Íº ota upatan ri Íº ch rech ri nuchomab Íºal .
xe pet ik xk il o .
xuta we ka t Íº e k .
ut z ukem ik le pas cha we .
ri nu wa ka x xuti j jun q Íº oq Íº rumal ri Íº xkam ik .
rumal rik Íº ix , man ke wa Íº ta j ri wi naq.
xe Íº ulik .
q Íº e q rij ri am a Íº chi j.
xra j ka Íº el e unan .
junam ki juna b Íº .
naq Íºal aj ta j we ka Íºe k .
ri wix nam ch Íºaj ch Íº oj ri rachoch .
war al man k Íº ota j aj awal.
na iwir ta xril le k Íºam ol b Íºe .
xin pe loq te k Íº uri Íº xin t z uku j ro no j el ri nu ra j il .
ri aj ti kon el ku tik ri t zi j .
k Íº o e kik Íºa j ol le achi jab Íº .
ku ti j q Íºay es ri ix pa Íº ch .
pa ri wa Íº b Íºal e k Íº o ka wi naq achi jab Íº .
si poj i naq ri n upam .
ka ya Íº ta j ik ruk Íº uti Íº on em jun ri u riq om le ya b Íº il amol o tsets„© xuqu je Íº are ka ya Íº ta j pa taq ri juy ub Íº.
jachin ri achi ?
ri nu mam xkam ik are taq k Íº o jum uch Íº la j u j ujuna b Íº .
k in ko win ik kin k Íºam b Íº i le p waq .
k in wi lo chi ut z ri aji Íº.
xin q Íºil ri apo Íºx che man ka chakun taj.
k wa Íº chi uwach le taq Íºaj ri a ma Íºa k Íº.
ri i mul xe poq Íº ik pa jun ik Íº .
xk Íº is kan oq ri qachak .
are ri ali xo ji low kan oq .
si b Íºal aj ch Íº u Íº j ri amax.
k Íº o nu wachi Íº.
in chaj in el kech le ak Íºal ab Íº .
xe k os le t z Íº i Íº.
k in b Íºen ak uk Íº ri mol aj .
ro no j el aq Íº ab Íº kin yi t z Íº ri wa ka x .
ka rapin ik xut z uku j chi jun awaj.
le ukem ik le pasan i naq (aw u mal ).
majura j il le q Íºab Íº arel.
k Íºax ri Íº ri ka ch Íº aw ik.
xo j utaq chi Íºj le achi ch uloq Íº iki chaj .
si b Íºal aj k Íºax ri xk Íº ulmax ik .
xki lo chi na kin k Íº ox oma j ta j .
x na Íº ta j ch ke chi xe atin ik .
xk Íº ot o chin chik iwach chi xo jal wo Íº qakuk Íº.
jun q Íº u Íº q ra j il ri ka xla Íºn wa .
xin wil o chi xe Íº el ik .
e k Íº o ix oq ib Íº pa le k Íºay b Íºal .
man k Íº ota j uk Íº is ik ri may ab Íº aj la b Íºal il .
ri si n k k Íº iy pa taq Íºaj .
ri ch Íº i mam an k k Íº iy taj pa taq Íºa j .
ra j awax ik k jikik ri waq „§n .
ka waj kin Íº e k.
e k Íº o ox ib Íº ak Íº.
xub Íº i j ch we ja wi at k Íº o wi .
ch we Íº q kuj b Íºe Íº pa muq uj.
pa saq k Íºaja Íº k b Íºan wi ri u q.
xo jki sik Íº i j .
xin wil wi b Íº.
cha q Íº chik ri wa .
ki m b Íºe na ka pa le wo Íº ch .
ka waj kin Íº e k.
ri ch Íº u Íº k ti j ruk Íº le j.
pa ri kiq Íº i j ka mi naq ib Íº k b Íºan q Íº o rik Íº ya Íº rech aj : nab Íºe ri na n k ut z uku j kan ri aj , ku jach Íº o Íº xuqu je k uk Íº et o .
jas ka j b Íºal cha nim ?
ut z uchoman ik ri ali .
pa ri q Íº i j ox la j u j ti jax kin k Íº is ke b Íº juna b Íº kin chakun war al .
si b Íºal aj ko , ri k Íºak Íº ch Íº at.
jas ka ra j ku b Íº i j ‚Ä¶ ?
ri ch Íº ich Íº ka si lab Íº ik .
pa ojer q Íºal pul xaq xu wi ri nim wi naq ke k Íºam ow b Íºe .
le u kuna x ik le uka b Íº uk Íº ut un ik are ruk Íº e flornit ina on ut un ib Íºax ik le ni fur ti mox chi Íº le flornit ina che ch t . b. g.
are ri achi xin ch Íº ay o wi k .
jun achi ub Íº i ku Íº xu si paj ke b Íº k Íºa Íºm ulew rech ka b Íºan ri ti job Íºal , kam ik , k Íº o chik aj ti j rech ri komon xe ch pup .
xumal t y ox i j che ri aj ti j ro no j el le xuk Íº ut chi uwach .
pa ri b Íº e xki raq jun ala jimul saq rij , xkik Íºam b Íº ik.
xril le b Íºal e ala .
jas ku b Íº i j ch we ?
le u kuna ta j em are ruk Íº ut z ukux ik le uchiko pil pa jun usol ik uxe Íº le kik Íº on le ja Íº rech jun no d o.
ut z we nut z Íº i Íº.
je Íº , ta j in kachap on ik .
k in uloq Íº oj le nu tat .
ka waj ki m b Íºe pa ti namit.
are la Íº k in chakuj.
ri nima Íº q taq wi naq k Íº o keta Íºmab Íºal .
we ta xa t b Íºe wu k Íº pa le ti namit , xa loq Íº ta wa Íº we jas taq .
ri kik Íºas lemal . wa ix imule w xa jun chima are tati nimit ri ma
ri uk Íº ya b Íºal naj upam .
xa t qa j chi upam ri il .
nojim ka t wa Íº ik.
we k Íº o jun k tu qa Íº ri k , ‚ø la man xoqu je Íº ta j kin tu qa Íºr ri in ?
oj oj wo kol ja .
awask b Íºan k Íºax che junnim wi naq.
xin ch Íº aw apan ruk Íº le wa nab Íº .
k Íºax ri upam ri ju Íºl .
taj in ke wa Íº ri imul.
la ka jla kuj t z al i j la ani naq ?
rumal rech che ri maka j man k Íº ota uko win em pi wi Íº ri ix : ri ix man ix k Íº o ta chi ch uxe Íº ri pi xab Íº , xane ixk Íº o ch uxe Íº ri si pan ik.
nim ra q an le che Íº.
xinchapo .
are le tu Íº r le loq Íº oman el .
xas ka t k Íº o ji Íº chi upam ri ch Íº ich Íº.
si b Íºal aj nim raq an ri k Íºamal b Íºe .
le t z Íº ib Íºab Íºal wechin.
in xin to Íº w la .
xa je k Íº uri Íº ri ixkam ik ri Íº man ix ka xlan wi naq ta chik ; ri ix, ix rech ri ki ti nimit ri et y ox la j taq wi naq , ix rech ri rachoch ri d y os .
xin ti ko x la j k Íºal i chaj.
ka qa riq q ib Íº ch we Íº q.
si b Íºal aj ut z che ri wi Íº aj ri t un ey .
we na jupul ik ta xe q aj ik ...
xin to Íº ta j che ri nuchak.
k Íº o jun chik op ub Íº i Íº p um .
poq on ri ik.
xo j b Íº in ik .
xuch Íº e kro no j el le retaman ik xpa qi Íº k k Íºaxk w Íº in ik xub Íºan aj kun .
kel ub Íº i k pa ri jude Íº a e k t z al i j chi ub Íº i jumul pa ri gal ile Íºa.
xin axi b Íº i j pa b Íºe .
je Íº l k Íº o lem chi awachoch .
ro no j el ri ya Íº tal il pa we q Íºata j , t z Íºa qat ki wach , man k t zaq ta kan oq xuqu je Íº man k ta s taj.
xu kuna j le ya w ab Íº le aj q Íº i j .
chi tat ab Íºej jas le ki m b Íº i j .
ch Íº an al ri achi .
pa b Íº o ko Íº ka chakun wi ri tax.
uj k Íº o pa uwuq q Íº i j .
ki Íº ri uka b Íº ri a qaj.
k Íº o rach al al pa t z Íº o lo j che Íº ri pe Íºl .
xki lo chik in k Íº ox omaj.
ri uki sak Íº ut z k ya Íº ik chi uxe Íº riti ko Íºn .
are taq chi Íº ka q Íºan pu wi Íº ri juku b Íº , ri achi che xk Íº o ji Íº ri it z el uxlab Íºal ruk Íº, ku ta ch rech ri are Íº , are ch k k Íº o ji Íº ruk Íº ri are Íº.
na ka b Íºan ta j ta wu mal .
xna Íº ta j ch ke xe atin ik .
xin paj ri nu triko.
xe Íº o k ri po k Íº pa ri um e xa ri po Íºx.
ka juluw ri aq Íºa Íºl chi uxe Íº rit Íº u Íºy .
a we ch leja.
xuj b Íºe pa t z urik.
nab Íºe xa to pan ik.
ri uka b Íº ub Íº i Íº ri nu mama rey ay .
uwa j xaq uka k Íºal taq an ik ( 28 ).
ma tak Íº o jun ka kana j kan oq , q o no j el ko j b Íºe k.
e nima Íº q le al tomab Íº.
nim uwach ri po Íº t .
ko jon ik pa ri ut zi j wa ix imule w .
jas xuk Íºam b Íº i le t z Íº i Íº xa wi lo ?
xin pet ik , tat.
ri b Íºe la j uwach .
chi tat ab Íºej jas ri kim b Íº i j .
je Íº l kuna Íº ri ab Íº ix chi upam riq uq ulew .
k in b Íº i so j uwach le wal .
xut Íº uy ub Íºa Íº .
nim ri aw e q e le Íºn xa ri qo.
xin e Íº wa Íº oq .
chi Íº ke war wi le ak Íºal ab Íº .
ri nu mi Íº al xutaq loq jun taq o Íºm wu j chi we .
q Íº e Íº lik , ri chaj pa ri b Íºe .
la ut z awach ? - ut z mal t y ox , e k Íº uri at ? ‚Äì ut z mal t y ox .
xin k os rumal nuchak.
k b Íºe kuk Íº ri e Íº are Íº e k t z al i j pa ri nas are te ke Íº unimaj.
ri jo j xuk Íºam b Íº ik ri ak Íº.
k Íº o chi wachi Íºl cha nim .
ku b Íº i j che ch na Íº l kab Íºan che ri at z Íº ib Íº .
e ... in ka waj kat z jo j b Íº il ach we .
mata xin y aj le ali .
jachin ruk Íº kat b Íºe wi ?
k Íº o si b Íºal aj eta Íºmab Íºal pa ri may ab Íº no Íº j ib Íºal .
e man xo ri jup uq ke j.
ka sumu m ri ka qiq Íº.
e k Íº o ka j ib Íº ak Íºal ab Íº pa le b Íºe .
je Íº jas ri u tat k ka Íºy ik .
xaq at mol on el t zi j tal .
le nu tat ka loq Íº on ch we .
xaq ta ne ki m b Íºe iw uk Íº.
xreta Íºmaj uch Íº aj ik.
rumal la Íº xko j ‚Äú xa l q Íºat ‚Äù che ub Íº i Íº ri komon .
are le ukem ik pas xreta Íºmaj.
ri wa ti Íºt ku b Íºan na ri upatan.
k Íºak Íº le po Íº t .
reta Íºm uwach jachin xloq Íº ow ri pas .
ken ch Íº ab Íºej le ak Íºal ab Íº .
ya Íº tal cha qe q o no j el ri uj wi naq ut z ka qil q ib Íº .
xkoti Íº pa q Íºay es x oq Íº ik .
ka wi naq b Íºe le je b Íº q Íºata j .
e k Íº o ka j ib Íº ral ri i mul , jun saq , jun q Íºan , jun q Íº e q , jun q Íº e q oj , si b Íºal aj ket z Íºan ik , kech Íº op in ik ri alaj taq imul.
k chol o l ri achachal.
ket e kik ri ik Íº.
xe pet ik rech ke wa Íº iw u k Íº .
t z at z ri uq Íºanil ri ak Íº.
xo j t z al i j ik xi xe Íº qa q Íºatu j kuk Íº le it atin an .
riy o Íº xtaq ak Íºal ab Íº ke kik Íºux ri at z Íº ya q .
we achi we xusi paj jun po Íº t ch we xkam ik .
k ko win ri kuna n el che kuna n ik .
xji q Íº pa ri p o low .
xa rumal si b Íºal aj ra j awax ik le loq Íºal aj ja Íº , le wi naq xki b Íº i j : che we ik Íº ri Íº q o no j el k uj b Íºe che uti kik taq che Íº.
ri una n e ri e rach al al ke pe uloq ruk Íº ri are Íº , k Íºate k Íº uri Íº , man ke ko win ta j ke q ib Íº uko q ruk Íº, rumal rech che e k Íº o si b Íºal aj wi naq .
rumal rech , che man k Íº ota jun k ko win che uko j ik jun ti ki b Íºal il chik ch uwach ri ko jom chi k che are ri jesus k ri st o .
te k Íº uri Íº xut z Íº ib Íºaj ri b Íº pa ri nimal aj ti job Íºal rech aj ku Íºn .
ka juluw ri ch Íº umil cha q Íºab Íº .
k Íº is b Íºal kan oq , xoqu je Íº k kam ri ix oq .
le alaxo k ik .
k Íº o p waq pa uwi Íº ri mexa.
are k awaj na kin Íº e taj.
riy aw al k uko j ri ali chi uxe Íº ri chaka ch are usu Íºt.
na ka qa k Íºam tu Íº b Íº ik am ik .
ri aj ti j ku b Íº i j chi k e : ra j awax ik ke qa chaj ij ri awaj , are uti ko Íºn ri aj aw .
xin ti j muk un iwir .
k Íºax le uwi Íº taq le nuq Íºab Íº .
xin loq Íº jun il b Íºal wi b Íº.
wa Íº we q Íº i j , nim ub Íºan ta j ik.
ri uxe Íºal ri q ati namit man ka sach taj.
xo j b Íº in ik .
ri acha l al junam ki wach .
xin we ta Íºmaj ri lik w ib Íº.
nim ri una Íº oj wa j ti j.
mi q Íº i nrik Íº ul.
aj q Íº o jom ri ate Íº k.
ch el esa n ik che Íº k b Íºan wi ri q Íº o jom .
ka pe le aw el pa nawal ja Íº.
rimeson el taj in k chakun ik .
ut z cha q e ka qa to Íº q ib Íº , taq k Íº o k Íºax k Íº ol il , ka tew e chi Íºn ri aj aw pa qa wi Íº.
xa wi lo , xq Íºatan le ib Íº oy .
xa t ko win ik xab Íºan o .
ki Íº rik Íºawex .
ka ji lil ri b Íºe .
le al ix el b Íº ik .
are Íº xra j xin b Íºan o .
nim we ab Íº aj .
je Íº lik uti Íºj ol al ri saq ko Íºr .
noji naq ri ke j.
we kati jan xux man kat uto Íº ta chi uq Íºatix ik le k Íºak Íº ya b Íº il coro navir us ( 2019- n co v ) .
na nim ta raq an wa Íº we che Íº.
ut z al aj aj chak , ri w el .
‚ø jam pa Íº k uj b Íºe pa nimaq Íº i j ?
ra j awax ik ta nela Íº kat chakun wuk Íº.
xutaq chi Íºj pa war am p ulew.
man are ta ri axwan xe lik .
ri aw ix xuloq Íº rachoch re nimal.
are ri ix oq xin sik Íº in uloq.
ri ch Íº i mak Íºat Íº on na .
lax ib Íºan le ichak ?
k Íº i ti namit e k Íº o pa ch Íº o Íº j .
k Íº o jup uq chij chi uxe Íº ri che Íº.
ri u xaq ri ab Íº ix are uwari ke j.
ka wi naq q Íºata j .
la ki xpe pa ti job Íºal ?
we ke chaj ix taq le k Íº wa jacha kin b Íº i j ; jun alik k Íº o ja Íº xuqu je Íº si b Íºal aj saq lo lo j.
xreta Íºmaj.
ri al ab Íº om ri ali t omab Íº ta j in ki ki ti joj ki b Íº rech su taq , are ka kaj ki ki b Íºan nima qachi jab Íº ch upam ri kik Íºas lemal , xuqu je k Íº o chik jup uq b Íº ix on el ch upam ri komon .
la t z Íº uwach ri b Íºe.
k Íºak Íº ri ach Íº ich Íº .
q o no j el uj , uj may ab Íº taq wi naq.
no j el q Íº i j ri ati Íº xk uy uq Íº uj le taq awaj je la Íº pa nik Íºa j ja Íº, chi rij ri juy ub Íº ub Íº i Íº te na Íº .
pa q Íº om chik ri si Íº .
k in t z ukun che la .
kaki ti j le ki naq Íº , le icha j, le u wa Íº lik ruk Íº le j.
xe kana j kan le aj chak ib Íº .
ke ti kon ri achi jab Íº .
si b Íºal aj it z el ub Íºan ta j ik ri ch Íº i la kan .
ri ate Íº k xumal t y ox i j che ri rati Íº t , rumal ri ut z al aj no Íº j ib Íºal xuk Íº ut che ch .
k ka mul ix uchak ri ab Íº ix.
la xin ut z uku j le ti joxel ?
are Íº ka chakun ro no j el q Íº i j .
le e k Íºa Íºna taq t z Íº i Íº.
saq rij ri plam ux.
jas xaq Íº i Íº ox ati jo.
jas ruk Íº xkichap wi uti j ik le ri k il ?
we ka tat in ruk Íº k Íºata nja Íº man ku q Íºatej ta le k Íºak Íº ya b Íº il coro navir us .
la ka t b Íº in pa le uxlan b Íºal ?
la war al k Íºux ix wa Íº wi ?
are le nu tat kin loq Íº on ik .
taj in k chakun ri ala .
k Íº o ri ki Íº kotemal aw u k Íº.
xuta jachin ka Íºe k .
xa t wa Íº ik xin wil o .
xt zaq ri rachoch rumal ri jab Íº.
pa le jun ik Íº chik are nimaq Íº i j .
e ke b Íº„§m ke b Íº in pa uwi Íº ri tem .
mem ri achi .
ri wi kan cha li Íºy k el pa juy ub Íº ch wi t zi rib Íºal .
le ra j il , la paj ax el aq Íºax wu Íº b Íº ik ?
pa ri su Íº t pi som wi rilej.
ko j pet ik kol qa k Íºam a Íº.
ta j in ka t ch Íº op in chi uwach ri taq Íºaj .
le q Íº or xch Íº uq ik.
k Íºax wa Íº im aw u mal.
k in b Íº i son che le wal .
si b Íºal aj k Íº o k Íº ri awat z Íº ya q .
kam ik xuj b Íºe che uti kik taq che Íº pa ri juy ub Íº.
k in uloq Íº oj le nu tat .
cha qi Íºj chik ri chaj.
xy il ix haway i.
nax na Íº ta j ta ch ke chi xe atin ik .
ruk Íº k Íº uwa Íº we ri Íº , ri ixk k Íº o ji Íº jun ut z al aj ik Íºas lemal ri Íºch ki wach ri wi naq che man e k Íº o ta iw uk Íº , k Íºate k Íº uri Íº man k Íº ota jun wi naq ri Íº ra j awax ik chi we ch .
epet i naq pa b Íºe lerach alax ik .
ka kaj le ak Íºal ab Íº ke wa Íº ik.
xuj ch Íº ay b Íº ik .
ri nuchak are q Íºaxel t zi j .
k Íº o na r uxlab Íº ri awaj.
ta j in k el loq , ri q Íº i j .
xuq Íº i Íº ox kam sa x ri racha l al cho ch .
ri nu mam are k Íº o uq Íº i nomal .
xk Íº ulmata j jumul , xub Íºan junnimal aj jab Íº , man xb Íºey et a j ta na xuk Íº is le u yuq Íº chik e .
ama Íº ri nut z Íº i Íº.
je wa Íº kat pet ik.
xin ko sik rumal xin chakun ik
iw e ch chi jujunal , ri wa .
xu q Íº i Íº o na xa tat in taj.
in riq ta j i naq pa ri k Íºay ib Íºal .
na we ta Íºm ta j .
k Íºax le nuq Íºab Íº .
ut z le xub Íº i j le achi .
kemat z Íº ib Íº .
k Íº o rach al al pa t z Íº o lo j che Íº ri pe Íºl .
ro no j el wa Íº we jas taq ri Íº , xa s k sach wi uwach wa Íº ; ruk Íº we ri Íº , ri ix, ra j awax ik che k Íº o jun t y ox la j ik Íºas lemal e k k Íº o ji Íº ri ich Íº aw em ruk Íº ri d y os ,
xmuq ta j ri pat z Íºan.
ri ch Íº ich Íº t zi j om kan oq pa ri uk Íº ol b Íºal .
man k Íº ota uchol aj pa taq ri aw u j .
jachik e ik Íº le unimaq Íº i j le ti namit nawal ja Íº ?
xe pet ik x ol kik Íºama Íº.
ka chuq Íº ch ut ri ja Íº chi apam .
xin b Íº i j iwir chi xe b Íºe pa armita.
are Íº uxe Íº ojert zi j war al k Íº i che Íº ub Íº i Íº .
xk Íº is ri nusi Íº .
ja wi xki b Íº i j wi chi ke Íº e wi ?
‚° xa je k Íº uri Íº , jachin taq ri e k Íº o pa ri jude Íº a , chi cha nim che Íºa nima jub Íº i pa taq ri juy ub Íº ,
k Íºak Íº ri ab Íº .
la k Íº o jun na ka k Íº ox oma j ta j ?
na ut z ta le ut Íº is om le almariy.
man ya Íº tal ta j chi aw e ka to k pa ja .
je Íº, xa t ut z uku j .
are k el waj xaq ib Íº uq Íº i j ri xk Íº o ji k .
ri xunku rk k Íº o ji Íº pa taq ri triko.
xin sach ik .
xut Íº uy ub Íºa Íº
na nut om ta le t zi j ‚Ä¶
wa ch Íº om ri ki wari no Íº s .
e k Íº o job Íº ch Íº il wak Íº.
ra j awix ik chi pa taq riti job Íºal , pa nik Íºa j ub Íº ix ik chik
ri ra j aw r ulew are Íº tat kel .
we k Íºux o kik , we k Íº na xo k ta
we achi xusi paj jun p Íº o t ch we .
a tat utaq o Íºn le q Íºatal t zi j .
naq Íºan ta uwach le qaprut.
ri xa Íºr k Íº o pa uwi Íº ri q Íº aq Íº k poq Íº ow ik.
ri roq Íºej ri ali jacha k pe jun ak Íº al.
k Íº o jun alapa ti job Íºal .
s„§q uwi Íº ri tata Íº.
ri wit z ik Íº ta j in k pe loq.
ja wi xsach on wi kan uya Íº ik le p waq che .
ut z we achi we xin kuna n ik .
qo no j el k ujwa Íº pa uwi Íº ri mexa.
ri ka xla Íºn ik man poq on taj.
in xin b Íºe ruk Íº ri wachi Íºl .
si b Íºal aj je Íº l xki lo xe ki t z oq o pi j ri ki chij chi la Íº.
k in b Íº inik xin Íº e k.
k Íºaxk Íº ol ik , ka cha Íº .
ku ti j ix im ri ak Íº.
ri ali xch el , xu q Íº i Íº ox a jun ak Íºx si pax che .
xqa sik Íº i j le ix oq chu t z ak ik sub Íº .
mata xab Íº in sa j le ch Íº ich Íº .
ri pi xt z Íºa ral ik rumal ri e qa Íºn .
‚ø jam pa Íº kel chi 3%
k Íº o jun nuk Íº ot oj chi Íºaj.
ta j in ke wa Íº kat ri alab Íº om .
xin loq Íº le nuk Íºak Íºap o Íºt.
na ut z ak ik ta s ub Íº ta j in ku Íº an o
xo j u taq chi Íº i j xo j wa Íº ik.
iw e ch ri ab Íº ix .
saq rij ri chij.
aj sik che ri ti namit kel wi ri tata Íº.
- ‚° ay ! xa xin t zaq uloq , k Íºaxwe waq an .
xk Íº ulmata j pa jun komon chi Íº uwach jun juy ub Íº , xuriq ajun q Íº i j xki riq ki b Íº junimul ruk Íº le kok .
jas xa taq chi Íºj le ak Íºal chu ti j ik ?
xinchapo su x uloq Íº o .
q Íº i nom ri achi .
ri k Íº um k ti j ow ruk Íº ka b Íº.
ta j in ke jach Íº an ik .
t ze b Íºal ukem ik le pa saw u mal.
are ka yo Íº w le uchiko pille ub Íºan ta j ik try pa nos omab ruc e i.
we kat niman ik ut z kel ik .
pero no Íº j imal pet na q loq , .
are le nuchak jun t z uq b Íºal wi b Íº.
xkuna x le ya w ab Íº rumal le aj q Íº i j .
ri uk Íº u Íº x t z Íº ib Íº pa qa t zi j el aj u j .
si b Íºal aj je Íº lik ri e qa b Íºal xub Íºan ri lu Íº s .
si b Íºal aj at kon .
e man xo ri jup uq ke j.
nax na Íº ta j ta ch ke xe atin ik .
ri k Íºamal b Íºe xub Íº i j chi k e , chi maja ri anim.
jumu ch Íº ri nu juna b Íº .
q Íº i p ta ji naq ri raq an ritem .
k chakun ruk Íº ri josb Íºal che Íº ri aj an el .
xa taq chi Íºj le ak Íºal chu ti j ik kar.
oj k Íº o pa le ro Íº ch le awel .
‚ø la kat pe q uk Íº ch we Íº q ?
le wi naq pa le ch Íº ich Íº et Íº uy ul lo wi .
xkana j kan oq chi uxe Íº ri jab Íº ri ch Íºa Íºn .
nim rij a.
we ta xa kuna j le a tat mat ax kam la Íº .
na nuk Íºam om tu Íºla ri Íº.
ch qa nuk Íº u Íº ri q at zi j .
kim b Íºe pa le ti namit.
xin q Íº i Íºo na xi natin taj.
ra j awax ik kak Íºaman cha we le uti j ik le le j.
k Íº is b Íºal taq no Íº j ib Íºal .
xin e Íº wa Íº oq .
xki b Íºan k Íºax che le uwo saq rumal man ut z ta chik ak ay ik .
ri q Íº utu Íºm man kech ta le ak Íºal ab Íº .
are na n im ta le at z Íº i Íº ch uwach le nut z Íº i Íº.
xe pet ik x ol ki la Íº.
‚ø ja w chi Íº xa ta Íº che xkam ri umam ri po Íºx ?
e ke b Íº ke k Íºam b Íº ik pa tu j.
xin loq Íº jun japa ri wo ka j ja .
ri a xtu Íº b Íº, k Íº o q ul aj che ch .
jas ka ra j ka Íºan ch ut z ak ik le ti Íºi j .
x uti j le w a.
xim b Íºal ret zi j .
xpax rib Íº o Íº j .
we ka waj kat into Íº o xaq xu wi ka b Íº i j chi we .
jas nuk Íº uk uch Íº ob Íº o .
jas ka ra j ku ti j o ?
xe x r uxlab Íº ri ri k il .
e nit z Íºa Íº q le taq imul.
we ta ne in xin b Íºan ow ik , are le at e Íº k xb Íºan ow ik.
k in t z al i j pa le nu ti namit.
ri nuchaq Íº k Íº o pa uro Íº q Íºato j ti jon ik pa riti job Íºal .
xin xi Íºj wi b Íº xin ch Íº aw ik.
k Íº o ch waro Íº ch le par e .
chi raq an kab Íº in wi ri tata Íº .
xsach on kan uya Íº ik le p waq che choja.
xin q Íºax chik ix o Íº l ri wi naq.
ke ti ko nik .
ri ulew man qech ta j , kech ri q ati Íº t qamam.
xepe le wi naq x ol kik Íºama Íº.
xu loq Íº ri wu j rumal ri ali .
che we q Íº i j kam ik k Íº o jun nut zi jon em chi rij le nu ti namit.
ke j ri Íº .
xkuna na la q ch we .
k in usik Íº i j le nu na n .
ri i mul xu ch Íº i j taj , xkana j pa b Íºe , rumal ri nimal ku jal uj ri i mul , xut zaq ri a nim.
ku b Íºan ri ux oq Íº o Íº l ri aj t z Íºa q.
ri la si b Íºal aj ut z che kuna b Íºal .
k Íº i ki wach ri e Íº aj chak ib Íº pa ri komon t y ox , k Íºate k Íº ut xa jun chi aj awx el ;
xqa ta chi xa tu lik .
ka waj chi ka t Íº e k.
ch Íº uti Íºn ke kana j ri xa jab Íº che ch .
ka qa xi Íºj q ib Íº ka qa chapo .
e k Íº o ke b Íº uk Íº a j ol le tat xwan .
lu Íº sub Íº i Íº ri rech am.
aj chi uwi Íºm iq Íº i nja Íº ri lu Íº.
xin ya k an le nu chim pa k Íºay b Íºal .
k Íºate xrilo , xpe ri unan che ut z ukux ik , xki kotik , xu salab Íº isa j ri taq uxkin.
xkik Íº ut chi uwach ri aj ti j xuqu je Íº chi k iwach ri taq nik Íºa j kachil .
ut z le nuq Íºab Íº .
k ul le al we Íº l pa a ustin cha q Íºab Íº kam ik .
ri ate Íº k xt zaq loq are chik Íº o pa uwi Íº riq Íºa Íºm .
aj patan rite Íº k.
xa t qa j chi upam ri il .
la k Íº o t zi j na kik Íº ox oma j ta j ?
xsa ch on ch ke chi xe at in ik .
ro no j el le ulew echal aq .
la xe b Íºe k Íº ula xe Íº ki jaq ak Íº u le uchi Íº ja ?
xaq kat ch Íº ok na j iwir .
kam ik k Íº o chi rijas taq aw e .
are chi Íº k ak Íº is ri juna b Íº k Íº oq Íº i nom.
pa nawal ja Íº xin alex ik .
na xin tata j we are ri ak Íºal ki xt z uq uw ik.
‚° r ulew ri sab Íºul o ner ulew ri ne f tal i, ub Íºe ri po low , r ulew ri jor dan , gal ile Íºa kech rij eta qam aq Íº !
ra x , ra x , ra x , k Íº o k Íº, k Íº o k Íº, k Íº o k Íº ler uxlab Íº le taq ti ko Íºn .
a chi xa t wi lo .
pa qa l ra j il le pi xkam ik.
xo j b Íº in ik .
pa jun je Íº l ti job Íºal ku ti joj ri b Íº jun ak Íºal , ub Íº i Íº p o Íºx , ut z k uril o ke pa ti job Íºal ro no j el taq q Íº i j .
xwaj chi xa t Íºe taj.
ut z la Íº le xub Íº i j le achi .
we ta Íºam jachin ka pet ik.
k in q Íº o joman ik .
xin q Íº i Íº o tak Íºal ik xin pet ik.
are Íº reta Íºm che kin opan ik.
are tab Íºal e qa qa j aw cha t to Íº w ik.
ka wi naq waq ib Íº q Íºataj.
naq aj chik che ri uwaq kaj b Íºal are taq chi Íº k sach uwach ri q Íº i j , kok ri q Íº e q u Íºm ch uwach ulew , chi k Íºate Íº na ri b Íºe le je b Íº kaj b Íºal .
job Íº raq an rit z Íºa lam xepor ox ik .
si b Íºal aj ko rij ri mop .
are wa Íº.
je la Íº pa riti min it ch wi ka byok rech xe la j u Íº , le qa na n qatat kaki ti ko j e Íº l al aj taq uwach icha j .
k Íºax nuq ul .
xu Íº l uk Íºam a Íº.
ko j ul ki t z uku j .
are man k Íºax ta ukunax ik are taq ani naq ka Íº i lita j we ya b Íº il al xuqu je Íº mo jo Íº qaku ya Íº le k Íºaxk Íº ol il che ch le jo lom aj .
riw el k Íº o pa ti jon ik .
ka waj kin b Íº i j .
ri kot z Íº i Íºj k qa ko j chi upam ri ja .
q Íº e q q Íº o j ri j ri am a Íº ke j .
naxwaj ta j xin ch Íº aw ik.
ch petab Íºal e loq Íºal aj jab Íº .
xsach on ch ke xa t ki sik Íº i j .
e leq Íºal ch Íº ich Íº .
jachin xa wi lo chi are x ti j ow riti Íºj ?
ma tak ab Íºe le nu xb Íºal pa le ti namit.
pim ruq , ri ali .
‚ø k Íº o rim uq Íº e chi aw e ch ?
k qa b Íº i j man ke ko win taj.
kin ti j na .
k Íº o jun qat Íº u Íºy pa ja !
k Íº o puj chi upam ri ch Íº a Íº k.
are taq kin ko sik kin war ik.
xa t wa Íº ik xin wil o
in xinch Íº ay ow le achi .
ko no j el ri alax ik ke Íº et z Íºan ik .
jas ruk Íº xki ti j wi le ki rik il ?
ani naqil ka t pet ik.
na ra xta uwach le juy ub Íº.
ri t z Íºa lam t z Íº ib Íºab Íºal ra x k kay ik .
we cha t chakun ik , k Íº o awa.
ma Íºtam xa t pe che ri wa Íº im .
ka mul kin wa Íº na .
ri sikil k ti j ow ruk Íº ik.
ki mb Íºe aq Íºan ruk Íº le alta li n.
xo j Íº e k xe Íº q il al ar qaso k .
xe ki q Íºil le aj chak ib Íº xki wo k leja.
mata ne xwaj le k Íº uh j nem ruk Íº le ate Íº k .
are xe Íº o pan chi uchi Íº ri juy ub Íº , xki lo chi man qastak Íº oq Íºay es .
k Íºate k Íº ut , ri jesus man k ko jon ta ch ke ch ri e Íº are Íº , rumal rech che ko no j el reta Íºm ki wach ,
pa Íº t z rij rit z Íº i Íº.
juwi naq waq ib Íº q Íºataj.
ate la q Íº om .
xaq at jo Íº s .
ri q Íºat z u, are q Íºal aj ri uq Íº i j il.
aj chak we ala.
ub Íºe le j uka k Íºal taq an ik ( 29 ).
ke b Íº nu b Íº i Íº k Íº ol ik .
la kat z al i j lu Íº la ani naq ?
ka t z ukun la ch we .
la ka jla ko j b Íº e Íº pal e chomal ch we Íº q ?
xin nab Íºej chu ta sik qa k Íº ol ib Íºal .
la l xin t o Íº w ik.
si b Íºal aj a no Íº j ib Íºal .
xo j pet ik x ol q ak Íºam a Íº.
si b Íºal aj je Íº lik ri uwa Íº l ri ichaj.
k Íºax wi j rumal in pa cha lik .
are taq xuk Íº ulma j wa Íº xul ri uchoman ik xub Íº i j : are ut z wa aq Íºab Íº kin wali j ik , are cha Íºcha nim ki no pan pa ti job Íºal , maj chi k in k Íº ulma j .
oj aj xo jo lob Íº pa awasq Íº i j .
xin sach che le uwo kik le t zi j .
e jul aj u j ri ak Íº.
xuta jam pa Íº ko j Íº e k .
q i lik .
ri ti joxel man are ta nim ch uwach ri ra j ti j. ri ut z ti joxel qas je ri Íº k Íº ol ik jas ri ra j ti j.
in xa t in ch Íº ay o .
no Íº j im chak wu mal .
ch Íº ur rijo ch Íº.
inkin b Íº i j na ka t sach taj.
uj may ab Íº .
ri ab Íº aj ya t z al ik .
ta j in ke pi xb Íºax ri ak Íºal ab Íº .
chom ri a q.
xin war ik.
e lemen ko no j el ri ak Íºal ab Íº .
ta j in k q Íºana ri k ri we re Íºaj.
le ukem ik le pa sut z ( cha we ).
xuyup ub Íºa uwach ra Íº chi , ka cha Íº , .
ri sata nas ko k pa ri judas ri k b Íº ix is ka ri Íº o tech rech , ri are Íº jun ch ki xo Íº l ri e ka b Íº la j u j .
ch uchu ri par.
k in q umu j ri nuj och Íº.
che ch punc i„≥n lumbar am aq Íº el ra j awax ik che ch ri lik le uk Íºex b Íºem wi le na b Íºe ruk Íº le uka b Íº uk Íº ut un em le ya b Íº il al .
q Íºal aj chi na ka waj ta j ka b Íº i j .
k Íº o q Íº ol chi rij ri si Íº .
ja wi xo j Íºew ich uloq Íº ik ?
k Íº o uloch Íº ri tal in.
q Íºan ri j ri ati Íº t nu ke j.
la xt za li j la iwir ?
xe sik Íº ix ik , k Íºate k Íº uri Íº xe ya j ik , xuqu je Íº xe taq b Íº i che usik Íº ik le mes.
la k ix war ik ?
are k Íº ule pa lomax xub Íº i j che : - mam ka t b Íº i son taj , k in sik Íº i j nik Íºa j wachi Íºl ke ra papi k .
a Íºre e ti joxel ab Íº.
ri alaja li si Íºl xub Íº i j xqa chap pa ut z al ri t y ox .
xsach on ch ke jachin xe at inik .
jas xu ray ij le a na n xuti j o ?
xin ko sik .
ra x ro no j el ri q Íºay es rumal le jab Íº.
k in ya wa Íº we ch Íº ich Íº p in em na ut z .
no Íº j im upach Íº ux ik le nu wi Íº.
naj k Íº o wi le wo Íº ch ch uwach le ti job Íºal .
ri o ki b Íºal k Íº o chi uwach ri saq ja .
xe nu taq ch Íº i j ke kil le ak Íºal ab Íº .
k Íº o jun q Íº ox ow em chi we .
t zaricho Íºm.
we choj b Íºe pa le nimaq Íº i j , ke qil le aj xo jo lob Íº.
xo j Íº e k xe Íº q il al ar qaso k .
ri ate Íº k xuta Íº che ch rinan to Íºn : - na n jas che Íº chi man ka j ta la q ak Íºat isa j ri jo Íº q .
ri pal si b Íºal aj xu Íºy .
k in ko j ri jo k b Íºal ulew.
in k in b Íº i j na ka t sach ta j
atra j kun le nu na n .
ku qa muju jor on ri aj t zi j .
lu Íº t z Íºa lam ub Íº i Íº ri achi kel pa nim che Íº.
je Íº lik uti Íºj ol al ri saq ko Íºr .
k Íº o jun xa Íº r pa ja .
xin loq Íº jun k Íºak Íº patan .
k Íºax ukem ik le pa saw u mal.
ani naq ukem ik le pa saw u mal
ri ch Íº a Íºn sa chi naq pa taq ab Íº ix.
ra xtaq le kot z Íº i Íºj.
mesom kan oq ri upam ja .
man are ta ra la xkos ik.
ri komon xe ch pup rech uq Íºab Íº ti namit xo Íº l ab Íº aj rech q Íº umarka j .
la ut z ak ik k Íº usu b Íº ta j in ku Íº an o ?
katel a!
na xuti j taj.
xa rumal ke ta Íºm ko no j el ri wi naq k ki q um u j le ja Íº.
iwir xuj t z al i j la pa k Íºay b Íºal .
qeta Íºm che ri qa wa ku juto Íº o .
ri aj ti j, k ya jon chik e ch ri ak Íºal ab Íº .
jas ub Íºan om le nuch Íº uti tat ?
ch we Íº q kin b Íºe pa nim ti namit.
ut z we ki we ta Íºmaj jas ku b Íº i j ri chol b Íºal q Íº i j .
ta j in ka tji low che uq Íºox om jo lom aj .
xin tik q Íºax chi uwach rija.
k Íºax le ki b Íº e le wi naq .
loq Íº kat kun ta j che le ya b Íº il ( co vid- 19 ).
ri nu xi b Íºal kel pa qa j b Íºal q Íº i j .
xril ri axwan chi x wa Íº ri ala .
le al ixkunata j ik.
we ta ka pe le jab Íº kam ik .
xin we ta Íºmaj chi na xa t pe taj.
rip waq rech we q Íºata j ri Íº kesa x che ch ri t oj b Íºal k Íºay in em .
k ti j ri uwa Íº lik rumal ri ki nimaq Íº i j .
xuchap uk una x ik .
cha t an loq al i .
xin xuli Íºq aj oq .
je Íº lik k ti j ow ri taq ik ox .
k Íºate k Íº uri le tat xo Íº r xub Íº i j , man ka waj ta j , man ka waj taj.
k Íº o jun t z Íº i Íºp ab Íºe .
ka mul xin pe che at z ukux ik .
man ta j in tak in chakun ik .
k in chakun ik rech kat wa Íº ik.
jas ruk Íº xa wil wi chi xki q up ij wi le ti Íºj.
jas ub Íº ix ik ‚Ä¶?
k oq Íº ri ak Íºal .
ka waj na kat Íº e taj.
xa t q Íºaj ik .
w em na cha loq Íºax iy al , na kim b Íºe ta aw u k Íº.
xo pan le wu j aw uk Íº rumal wechin.
are k Íº ut pa le juy ub Íº k k Íº iy jor on , chi la Íº xe kik Íºam awi ri ja Íº ri wi naq.
k oq Íº ri ak Íºal .
we k Íº o ara j il chak Íºam aloq .
are si b Íºal aj ka q le apo Íº t ch uwach le nupo Íºt.
xin k Íºas taj pa ka b Íº la j u j ka j b Íºal .
ka qoy Íºej na ki xpe taj.
ko k ax im ri chij xa je la Íº man ka nimaj ta b Íº ik .
ri ko k nojim xb Íºe k , xuch Íº i j ox o pan pa uk Íº is b Íºal il le anim.
xo j ki Íº kotik are taq xa tu lik .
ka q it z Íº na j ri uxa j ab Íº ri ak Íºal.
ri jesus k wa Íº ka t pa ri nim rachoch ridyos , ch uxe Íº ri jun ja che rachoch ri salom on .
we taq an ik ri Íº ku b Íº i j chi ra j awax ik k ya Íº uq Íº i j ri wi naq xuqu je Íº k t o Íº ani naq il .
ri axux are na ri ukun el ri ki naq Íº.
are taq wa Íº ri uq Íº i j ol we taq an ik .
k Íº o jun ta b Íºal pa uwi Íº ri xkan ul ub Íº i Íº la j u j no Íº j .
yu Íº l ub Íºan om ri uko lob Íº ri ke j.
xanimaj ri ak Íºal chi uwach ri uchuch.
k kuna n ri achi .
k in wa Íº ik rech na k in y ow aj taj.
aj xik ch Íº ich Íº ri lu Íºs .
k waj che ixki xb Íºan ow ik .
a Íº re xe to Íº wa laq.
xo j Íº e k xe Íº q il al ar qaso k .
xin loq Íº jun ch Íº ich Íº , qa ji naq uwach .
k ut Íº is ri pantal on .
e ja nipa le awal k Íº wal e k Íº ol ik ?
ut z ukem ik le pas cha we .
ri max are aj q Íºani ya Íº.
matab Íºa chi riq k Íºax pa le b Íºe .
ta j in ka nimaj , ri me Íº s .
ix i xe Íº la q Íº omab Íº !
xsach an ch we .
e k Íº o k Íº i che Íº , chi uwach ri juy ub Íº.
are wa Íº ri nimal aj pi xab Íº e are wa Íº ri na b Íºe .
xreta Íºmaj chi ruk Íº pa k Íº ku ti j wi
jas ut z ak ik le sub Íº xu Íºan o ?
aj xo Íºy ri wi kan .
we ta ne a Íº re xe ti j ow le ri kil , are le komon xe ti j ow ik.
si b Íºal aj ani naq ka ch Íº aw le are Íº chi nu wach in.
ut z we kin chakuj.
me Íº sla Íº.
k Íº o kan warech kaq ati jo.
xin sik Íº i j la .
ri ak Íºal xsach kan oq je la Íº pa taq Íºa j .
xe sik Íº i j la .
ja wi xki b Íº i j wi chi ke Íº e wi ?
rumal che , man ix tari Íº ri k ix ch Íº aw ik , are rir uxlab Íºaxel ri i tat ri Íº ri k ch Íº aw na iw uk Íº ri ix.
k Íºak Íº ri wachoch.
si b Íºal aj ut z kin wil le at z Íº ya q rech na hua la .
saq por k kay ri ki po Íºt rinan .
xsach on ri nu chak ch we .
wa Íº im xu chapo.
ri q Íºaq Íº ta j in ka juluw ik.
naj il upam ri siwan.
e k Íº o ri qachal al pa chi uwi Íº la.
jas xa taq chi Íºj le ak Íºal chu ti j ik ?
no Íº j im ukem ik le pa saw u mal .
k Íº o jun k uku b Íº i Íº ti ntin, wa Íº le la j k uk mam ka je q ita j , ka pa qi ka xulik pa uwi Íº uq Íºab Íº taq che Íº , si b Íºal aj sak Íºa j , ke Íº uto le e nima Íº q , ch Íº ut in , rachi Íºl , aj si pan el si b Íºal aj ut z ra nima Íº.
ri u pi xab Íº le q Íºat b Íºal t zi j ki ya Íº ub Íº ix ik .
na xsa ch on tach ke xe atin ik .
xe qil le chik op pu wi le ja .
x lo Íº ta j ri ak Íºal.
qo no j el k ujwa Íº pa uwi Íº ri mexa.
x si ki rle waq an .
la xa t wa Íº k Íº ut ?
nim ub Íº aq Íº ri tulul.
k in xik Íº i k Íº i k xin q Íºax ik .
la ka t b Íºe pa le ti namit ?
ri pal si b Íºal aj saq Íº or .
k q Íº ox ow nu ja lom.
xin na Íº o chi ka t pet ik .
x loq Íº ulew iw e ch ix.
xin chakun ruk Íº ri nu mam.
na xqa b Íºan ta j .
k k Íº o ji Íº b Íºa Íº ri usi pan ik ri aj awx el jesus k ri st o ruk Íº ri aw uxlab Íºal !
k in ch Íº aw ruk Íº le nu na n pa le ch Íº aw eb Íºal .
si b Íºal aj q Íº e q u Íºm rumal ri ma yul .
are le b axulik .
xe kos le ix oq ib Íº pa le b Íºe .
k Íºax ri lik le ak Íºal cha we .
xin q Íº i Íº o xin atin pa jor on .
si b Íºal aj nim le ti namit.
k Íºax ukem ik le pa saw u mal.
xin sach ik .
ta j in k el ukik Íº el pa raq an rit z Íº i Íº.
xin we ta Íºmaj ri lik w ib Íº
ri q Íº uq Íº are jun je Íº l chi ko p.
k Íº o paj ati job Íºal ri wi kaq Íº .
ri sach ib Íºal mak ra j wax ik chi qa xo Íº l .
je Íº, ki m b Íºe k .
je la le Íº ri nup wi Íº.
xub Íº i j che :- jas xab Íºan otin ti n ?
ka b Íºan jun toq Íº ob Íº k ya k ri nuj al.
ka t Íº e k xin ta .
jas le uk Íºex b Íºem ri b Íº le jun ruk Íº le jun chik ?
aj chi uwi Íºm iq Íº i nja Íº ri lu Íº.
ri ti jon el naj k pe wi .
te Íº k ix chob Íº ub Íº i Íº ri nu tat.
ri ja Íº kam iq Íº ik chi uwach ri q Íº aq Íº .
ri t Íº u Íºy k pa q Íº ow ik.
k in meson na .
naq aj at k Íº o wi chi we ch .
xin b Íº i son ik taq na xa t pet taj.
we xkam ri wi naq , rip waq rech t oj b Íºal maka j k ya Íº chik e ch rir alax ik .
ri nu na n xb Íºe pa k Íºay b Íºal .
xo j uk Íºam uloq rech ko j ri lo
xk Íº o to chin chik iwach chi k in wa Íº aw u k Íº.
na xki kam sa j ta j xkik Íºam b Íº i choja.
k Íºak Íº ri ik Íº kam ik .
xim b Íºe ruk Íº le aj kun iwir .
ri lik .
le t z Íº i Íº xe ko sik .
xinki kota wu mal .
ri i mul xumaj ri a nim , xuya kan le ko k .
k Íº o oj che ri ak Íºal .
xuj b Íºe pa jun k Íº ulan em .
ut z we k wa ra laq.
ka qil o chi na ko j uk Íºam ta j .
xreta Íºmaj chi ruk Íº pa k Íº ku ti j wi .
si b Íºal aj xin k Íºa Íº na ri k .
xin ko chij ri nu wa .
man ka t ko win ta j kat chakun ik , we man k Íº ota ri aj il ab Íºal .
we wo non xub Íº i j chi ke :- k ix in to .
ri ala nim k ril wi ri umam .
xka Íºy chi rij , xka Íºy ch uwach , mak Íº o ta chi jun k si lob Íº ik , xoq Íº ik xu xe Íºj ri b Íº xch Íº op in ik xt z al i j loq xu riq ta chik ri ub Íºe .
k Íº o pus che ri wa .
p in em na ka b Íºe le w at z , ki m b Íºe wi in pa ka Íºy ib Íºal .
rinan t o Íºn nim wi naq chik , saq uwi Íº , ro no j el aq Íº ab Íº ut z kuna Íº o ka t Íº uy i Íº pa utem , ku mi q Íº isa j ri b Íº cho ri q Íº i j , k Íº o jun uwi Íº um am ub Íº i Íº ate Íº k.
man e k Íº i ta j ri qula Íº .
q Íºal aj chi na ka waj ta j ka b Íº i j
x pa qa b Íº isa x ra j il ro no j el ri kem.
k Íº o pa ri jul ri ku mat z.
ro no j el q Íº i j kin ch Íº aj le nu ware .
saq chikan le icha j rech ka t z ak o.
ch uxe le qachomal ka qa ti j wi jun qa me q Íº in.
cha wi la Íº.
e k Íº o job Íº umi Íº al , ri nu tat .
jas ruk Íº xa wil wi
je Íº jas ri wi naq rech ri uwach ulew , xoqu je Íº ke pena ri Íº ri e Íº are Íº che e rech ri uwach ulew ; je Íº jas ri wi naq rech ri kaj , xoqu je Íº ke pena ri Íº ri e Íº are Íº e rech ri kaj.
xin ti jo.
k t z Íº u j uw ri rachoch ripo Íºx .
xuq Íº i Íº o are le uk Íº ulel xya Íº ow uwa .
ri aw el xreta Íºmaj chi ra j awax ik man ku xej ta ri b Íº che ri tuk ur .
juk Íº ula j wi naq xe Íºa nim aj b Íº ik .
je Íº , xin t z al i j ik.
xo j pet ik x ol q ak Íºam a Íº.
maj jachin xÍº e k .
in aj ti j ; at ti joxel .
saq uwi Íº ri tata Íº.
we ch ri kem.
le ro Íº ch le ate Íº k k Íº o ch wach le uk Íºay len unan .
k b Íºe pa ri si ri Íº ae pa ri sil isi Íºa , ja wi je Íº kuya wi ri kichuq Íºab Íº ri komon t y ox .
pi xab Íº : man ut z ta j k Íºax ku jch Íº aw chik ij nik Íºa j qachil.
xkuna ta j le ali ( kumal ri ix oq ib Íº ).
ri xi b Íº ib Íºal chik Íº o wi pa taq ri qa k Íºas lemal ro no j el q Íº i j .
nakuj war t awaral.
on che k k Íº o ji Íº ri ut z il chi xo Íº l , are ch junam ri qa ko jon ik , junam ri iw e ch ix ruk Íº ri we chin .
pa ox q Íº i j ri sa Íºn k b Íºe na ruk Íº ri aj kun .
ka wi naq wuq ub Íº.
jas ka waj kin ti jo?
we ta xa t b Íºe wu k Íº pa le ti namit , xa loq Íº ta la Íº le u jas taq le ak Íºa j ol .
ke b Íº e pa wa Íº im .
xin loq Íº k Íº i wa .
pa junnim k Íºache Íº la j , k Íº o jun k Íº wa Íº si b Íºal aj saq lo lo j , nim uwach.
k waj ka ti j jub Íºa Íº wa.
ro no j el wi naq k ril na ri uko lon em ri d y os ‚<unk>.
xk Íº o to chin chik iwach chi k in wa Íº aw u k Íº
k waj na kat Íº e taj.
la xa loq Íº jun alej ?
e k Íº o ri e loq Íº oman el .
ri uka b Íº ub Íº i Íº ri nu mama rey ay .
k in jo pi j ri ija Íº rech tri ko .
xna Íº ta j ch ke xe atin ik .
xa te Íº qila Íº.
ka ki ti j al an xa x ri wi naq.
... kin b Íº i j chi are wa Íº si n xi Íº an.
na xin nab Íºej ta chu ta sik qa k Íº ol ib Íºal .
rumal rech che we ri in, k in ch Íº aw ruk Íº ri d y os pa ch Íº ab Íºal , k ch Íº aw na k Íº uri Íº ri wu xlab Íºal ruk Íº ri d y os , k Íºate k Íº ut man k Íº ota upatan ri Íº ch rech ri nuchomab Íºal .
xe pet ik xk il o .
xuta we ka t Íº e k .
ut z ukem ik le pas cha we .
ri nu wa ka x xuti j jun q Íº oq Íº rumal ri Íº xkam ik .
rumal rik Íº ix , man ke wa Íº ta j ri wi naq.
xe Íº ulik .
q Íº e q rij ri am a Íº chi j.
xra j ka Íº el e unan .
junam ki juna b Íº .
naq Íºal aj ta j we ka Íºe k .
ri wix nam ch Íºaj ch Íº oj ri rachoch .
war al man k Íº ota j aj awal.
na iwir ta xril le k Íºam ol b Íºe .
xin pe loq te k Íº uri Íº xin t z uku j ro no j el ri nu ra j il .
ri aj ti kon el ku tik ri t zi j .
k Íº o e kik Íºa j ol le achi jab Íº .
ku ti j q Íºay es ri ix pa Íº ch .
pa ri wa Íº b Íºal e k Íº o ka wi naq achi jab Íº .
si poj i naq ri n upam .
ka ya Íº ta j ik ruk Íº uti Íº on em jun ri u riq om le ya b Íº il amol o tsets„© xuqu je Íº are ka ya Íº ta j pa taq ri juy ub Íº.
jachin ri achi ?
ri nu mam xkam ik are taq k Íº o jum uch Íº la j u j ujuna b Íº .
k in ko win ik kin k Íºam b Íº i le p waq .
k in wi lo chi ut z ri aji Íº.
xin q Íºil ri apo Íºx che man ka chakun taj.
k wa Íº chi uwach le taq Íºaj ri a ma Íºa k Íº.
ri i mul xe poq Íº ik pa jun ik Íº .
xk Íº is kan oq ri qachak .
are ri ali xo ji low kan oq .
si b Íºal aj ch Íº u Íº j ri amax.
k Íº o nu wachi Íº.
in chaj in el kech le ak Íºal ab Íº .
xe k os le t z Íº i Íº.
k in b Íºen ak uk Íº ri mol aj .
ro no j el aq Íº ab Íº kin yi t z Íº ri wa ka x .
ka rapin ik xut z uku j chi jun awaj.
le ukem ik le pasan i naq (aw u mal ).
majura j il le q Íºab Íº arel.
k Íºax ri Íº ri ka ch Íº aw ik.
xo j utaq chi Íºj le achi ch uloq Íº iki chaj .
si b Íºal aj k Íºax ri xk Íº ulmax ik .
xki lo chi na kin k Íº ox oma j ta j .
x na Íº ta j ch ke chi xe atin ik .
xk Íº ot o chin chik iwach chi xo jal wo Íº qakuk Íº.
jun q Íº u Íº q ra j il ri ka xla Íºn wa .
xin wil o chi xe Íº el ik .
e k Íº o ix oq ib Íº pa le k Íºay b Íºal .
man k Íº ota j uk Íº is ik ri may ab Íº aj la b Íºal il .
ri si n k k Íº iy pa taq Íºaj .
ri ch Íº i mam an k k Íº iy taj pa taq Íºa j .
ra j awax ik k jikik ri waq „§n .
ka waj kin Íº e k.
e k Íº o ox ib Íº ak Íº.
xub Íº i j ch we ja wi at k Íº o wi .
ch we Íº q kuj b Íºe Íº pa muq uj.
pa saq k Íºaja Íº k b Íºan wi ri u q.
xo jki sik Íº i j .
xin wil wi b Íº.
cha q Íº chik ri wa .
ki m b Íºe na ka pa le wo Íº ch .
ka waj kin Íº e k.
ri ch Íº u Íº k ti j ruk Íº le j.
pa ri kiq Íº i j ka mi naq ib Íº k b Íºan q Íº o rik Íº ya Íº rech aj : nab Íºe ri na n k ut z uku j kan ri aj , ku jach Íº o Íº xuqu je k uk Íº et o .
jas ka j b Íºal cha nim ?
ut z uchoman ik ri ali .
pa ri q Íº i j ox la j u j ti jax kin k Íº is ke b Íº juna b Íº kin chakun war al .
si b Íºal aj ko , ri k Íºak Íº ch Íº at.
jas ka ra j ku b Íº i j ‚Ä¶ ?
ri ch Íº ich Íº ka si lab Íº ik .
pa ojer q Íºal pul xaq xu wi ri nim wi naq ke k Íºam ow b Íºe .
le u kuna x ik le uka b Íº uk Íº ut un ik are ruk Íº e flornit ina on ut un ib Íºax ik le ni fur ti mox chi Íº le flornit ina che ch t . b. g.
are ri achi xin ch Íº ay o wi k .
jun achi ub Íº i ku Íº xu si paj ke b Íº k Íºa Íºm ulew rech ka b Íºan ri ti job Íºal , kam ik , k Íº o chik aj ti j rech ri komon xe ch pup .
xumal t y ox i j che ri aj ti j ro no j el le xuk Íº ut chi uwach .
pa ri b Íº e xki raq jun ala jimul saq rij , xkik Íºam b Íº ik.
xril le b Íºal e ala .
jas ku b Íº i j ch we ?
le u kuna ta j em are ruk Íº ut z ukux ik le uchiko pil pa jun usol ik uxe Íº le kik Íº on le ja Íº rech jun no d o.
ut z we nut z Íº i Íº.
je Íº , ta j in kachap on ik .
k in uloq Íº oj le nu tat .
ka waj ki m b Íºe pa ti namit.
are la Íº k in chakuj.
ri nima Íº q taq wi naq k Íº o keta Íºmab Íºal .
we ta xa t b Íºe wu k Íº pa le ti namit , xa loq Íº ta wa Íº we jas taq .
ri kik Íºas lemal . wa ix imule w xa jun chima are tati nimit ri ma
ri uk Íº ya b Íºal naj upam .
xa t qa j chi upam ri il .
nojim ka t wa Íº ik.
we k Íº o jun k tu qa Íº ri k , ‚ø la man xoqu je Íº ta j kin tu qa Íºr ri in ?
oj oj wo kol ja .
awask b Íºan k Íºax che junnim wi naq.
xin ch Íº aw apan ruk Íº le wa nab Íº .
k Íºax ri upam ri ju Íºl .
taj in ke wa Íº ri imul.
la ka jla kuj t z al i j la ani naq ?
rumal rech che ri maka j man k Íº ota uko win em pi wi Íº ri ix : ri ix man ix k Íº o ta chi ch uxe Íº ri pi xab Íº , xane ixk Íº o ch uxe Íº ri si pan ik.
nim ra q an le che Íº.
xinchapo .
are le tu Íº r le loq Íº oman el .
xas ka t k Íº o ji Íº chi upam ri ch Íº ich Íº.
si b Íºal aj nim raq an ri k Íºamal b Íºe .
le t z Íº ib Íºab Íºal wechin.
in xin to Íº w la .
xa je k Íº uri Íº ri ixkam ik ri Íº man ix ka xlan wi naq ta chik ; ri ix, ix rech ri ki ti nimit ri et y ox la j taq wi naq , ix rech ri rachoch ri d y os .
xin ti ko x la j k Íºal i chaj.
ka qa riq q ib Íº ch we Íº q.
si b Íºal aj ut z che ri wi Íº aj ri t un ey .
we na jupul ik ta xe q aj ik ...
xin to Íº ta j che ri nuchak.
k Íº o jun chik op ub Íº i Íº p um .
poq on ri ik.
xo j b Íº in ik .
xuch Íº e kro no j el le retaman ik xpa qi Íº k k Íºaxk w Íº in ik xub Íºan aj kun .
kel ub Íº i k pa ri jude Íº a e k t z al i j chi ub Íº i jumul pa ri gal ile Íºa.
xin axi b Íº i j pa b Íºe .
je Íº l k Íº o lem chi awachoch .
ro no j el ri ya Íº tal il pa we q Íºata j , t z Íºa qat ki wach , man k t zaq ta kan oq xuqu je Íº man k ta s taj.
xu kuna j le ya w ab Íº le aj q Íº i j .
chi tat ab Íºej jas le ki m b Íº i j .
ch Íº an al ri achi .
pa b Íº o ko Íº ka chakun wi ri tax.
uj k Íº o pa uwuq q Íº i j .
ki Íº ri uka b Íº ri a qaj.
k Íº o rach al al pa t z Íº o lo j che Íº ri pe Íºl .
xki lo chik in k Íº ox omaj.
ri uki sak Íº ut z k ya Íº ik chi uxe Íº riti ko Íºn .
are taq chi Íº ka q Íºan pu wi Íº ri juku b Íº , ri achi che xk Íº o ji Íº ri it z el uxlab Íºal ruk Íº, ku ta ch rech ri are Íº , are ch k k Íº o ji Íº ruk Íº ri are Íº.
na ka b Íºan ta j ta wu mal .
xna Íº ta j ch ke xe atin ik .
xin paj ri nu triko.
xe Íº o k ri po k Íº pa ri um e xa ri po Íºx.
ka juluw ri aq Íºa Íºl chi uxe Íº rit Íº u Íºy .
a we ch leja.
xuj b Íºe pa t z urik.
nab Íºe xa to pan ik.
ri uka b Íº ub Íº i Íº ri nu mama rey ay .
uwa j xaq uka k Íºal taq an ik ( 28 ).
ma tak Íº o jun ka kana j kan oq , q o no j el ko j b Íºe k.
e nima Íº q le al tomab Íº.
nim uwach ri po Íº t .
ko jon ik pa ri ut zi j wa ix imule w .
jas xuk Íºam b Íº i le t z Íº i Íº xa wi lo ?
xin pet ik , tat.
ri b Íºe la j uwach .
chi tat ab Íºej jas ri kim b Íº i j .
je Íº l kuna Íº ri ab Íº ix chi upam riq uq ulew .
k in b Íº i so j uwach le wal .
xut Íº uy ub Íºa Íº .
nim ri aw e q e le Íºn xa ri qo.
xin e Íº wa Íº oq .
chi Íº ke war wi le ak Íºal ab Íº .
ri nu mi Íº al xutaq loq jun taq o Íºm wu j chi we .
q Íº e Íº lik , ri chaj pa ri b Íºe .
la ut z awach ? - ut z mal t y ox , e k Íº uri at ? ‚Äì ut z mal t y ox .
xin k os rumal nuchak.
k b Íºe kuk Íº ri e Íº are Íº e k t z al i j pa ri nas are te ke Íº unimaj.
ri jo j xuk Íºam b Íº ik ri ak Íº.
k Íº o chi wachi Íºl cha nim .
ku b Íº i j che ch na Íº l kab Íºan che ri at z Íº ib Íº .
e ... in ka waj kat z jo j b Íº il ach we .
mata xin y aj le ali .
jachin ruk Íº kat b Íºe wi ?
k Íº o si b Íºal aj eta Íºmab Íºal pa ri may ab Íº no Íº j ib Íºal .
e man xo ri jup uq ke j.
ka sumu m ri ka qiq Íº.
e k Íº o ka j ib Íº ak Íºal ab Íº pa le b Íºe .
je Íº jas ri u tat k ka Íºy ik .
xaq at mol on el t zi j tal .
le nu tat ka loq Íº on ch we .
xaq ta ne ki m b Íºe iw uk Íº.
xreta Íºmaj uch Íº aj ik.
rumal la Íº xko j ‚Äú xa l q Íºat ‚Äù che ub Íº i Íº ri komon .
are le ukem ik pas xreta Íºmaj.
ri wa ti Íºt ku b Íºan na ri upatan.
k Íºak Íº le po Íº t .
reta Íºm uwach jachin xloq Íº ow ri pas .
ken ch Íº ab Íºej le ak Íºal ab Íº .
ya Íº tal cha qe q o no j el ri uj wi naq ut z ka qil q ib Íº .
xkoti Íº pa q Íºay es x oq Íº ik .
ka wi naq b Íºe le je b Íº q Íºata j .
e k Íº o ka j ib Íº ral ri i mul , jun saq , jun q Íºan , jun q Íº e q , jun q Íº e q oj , si b Íºal aj ket z Íºan ik , kech Íº op in ik ri alaj taq imul.
k chol o l ri achachal.
ket e kik ri ik Íº.
xe pet ik rech ke wa Íº iw u k Íº .
t z at z ri uq Íºanil ri ak Íº.
xo j t z al i j ik xi xe Íº qa q Íºatu j kuk Íº le it atin an .
riy o Íº xtaq ak Íºal ab Íº ke kik Íºux ri at z Íº ya q .
we achi we xusi paj jun po Íº t ch we xkam ik .
k ko win ri kuna n el che kuna n ik .
xji q Íº pa ri p o low .
xa rumal si b Íºal aj ra j awax ik le loq Íºal aj ja Íº , le wi naq xki b Íº i j : che we ik Íº ri Íº q o no j el k uj b Íºe che uti kik taq che Íº.
ri una n e ri e rach al al ke pe uloq ruk Íº ri are Íº , k Íºate k Íº uri Íº , man ke ko win ta j ke q ib Íº uko q ruk Íº, rumal rech che e k Íº o si b Íºal aj wi naq .
rumal rech , che man k Íº ota jun k ko win che uko j ik jun ti ki b Íºal il chik ch uwach ri ko jom chi k che are ri jesus k ri st o .
te k Íº uri Íº xut z Íº ib Íºaj ri b Íº pa ri nimal aj ti job Íºal rech aj ku Íºn .
ka juluw ri ch Íº umil cha q Íºab Íº .
k Íº is b Íºal kan oq , xoqu je Íº k kam ri ix oq .
le alaxo k ik .
k Íº o p waq pa uwi Íº ri mexa.
are k awaj na kin Íº e taj.
riy aw al k uko j ri ali chi uxe Íº ri chaka ch are usu Íºt.
na ka qa k Íºam tu Íº b Íº ik am ik .
ri aj ti j ku b Íº i j chi k e : ra j awax ik ke qa chaj ij ri awaj , are uti ko Íºn ri aj aw .
xin ti j muk un iwir .
k Íºax le uwi Íº taq le nuq Íºab Íº .
xin loq Íº jun il b Íºal wi b Íº.
wa Íº we q Íº i j , nim ub Íºan ta j ik.
ri uxe Íºal ri q ati namit man ka sach taj.
xo j b Íº in ik .
ri acha l al junam ki wach .
xin we ta Íºmaj ri lik w ib Íº.
nim ri una Íº oj wa j ti j.
mi q Íº i nrik Íº ul.
aj q Íº o jom ri ate Íº k.
ch el esa n ik che Íº k b Íºan wi ri q Íº o jom .
ka pe le aw el pa nawal ja Íº.
rimeson el taj in k chakun ik .
ut z cha q e ka qa to Íº q ib Íº , taq k Íº o k Íºax k Íº ol il , ka tew e chi Íºn ri aj aw pa qa wi Íº.
xa wi lo , xq Íºatan le ib Íº oy .
xa t ko win ik xab Íºan o .
ki Íº rik Íºawex .
ka ji lil ri b Íºe .
le al ix el b Íº ik .
are Íº xra j xin b Íºan o .
nim we ab Íº aj .
je Íº lik uti Íºj ol al ri saq ko Íºr .
noji naq ri ke j.
we kati jan xux man kat uto Íº ta chi uq Íºatix ik le k Íºak Íº ya b Íº il coro navir us ( 2019- n co v ) .
na nim ta raq an wa Íº we che Íº.
ut z al aj aj chak , ri w el .
‚ø jam pa Íº k uj b Íºe pa nimaq Íº i j ?
ra j awax ik ta nela Íº kat chakun wuk Íº.
xutaq chi Íºj pa war am p ulew.
man are ta ri axwan xe lik .
ri aw ix xuloq Íº rachoch re nimal.
are ri ix oq xin sik Íº in uloq.
ri ch Íº i mak Íºat Íº on na .
lax ib Íºan le ichak ?
k Íº i ti namit e k Íº o pa ch Íº o Íº j .
k Íº o jup uq chij chi uxe Íº ri che Íº.
ri u xaq ri ab Íº ix are uwari ke j.
ka wi naq q Íºata j .
la ki xpe pa ti job Íºal ?
we ke chaj ix taq le k Íº wa jacha kin b Íº i j ; jun alik k Íº o ja Íº xuqu je Íº si b Íºal aj saq lo lo j.
xreta Íºmaj.
ri al ab Íº om ri ali t omab Íº ta j in ki ki ti joj ki b Íº rech su taq , are ka kaj ki ki b Íºan nima qachi jab Íº ch upam ri kik Íºas lemal , xuqu je k Íº o chik jup uq b Íº ix on el ch upam ri komon .
la t z Íº uwach ri b Íºe.
k Íºak Íº ri ach Íº ich Íº .
q o no j el uj , uj may ab Íº taq wi naq.
no j el q Íº i j ri ati Íº xk uy uq Íº uj le taq awaj je la Íº pa nik Íºa j ja Íº, chi rij ri juy ub Íº ub Íº i Íº te na Íº .
pa q Íº om chik ri si Íº .
k in t z ukun che la .
kaki ti j le ki naq Íº , le icha j, le u wa Íº lik ruk Íº le j.
xe kana j kan le aj chak ib Íº .
ke ti kon ri achi jab Íº .
si b Íºal aj it z el ub Íºan ta j ik ri ch Íº i la kan .
ri ate Íº k xumal t y ox i j che ri rati Íº t , rumal ri ut z al aj no Íº j ib Íºal xuk Íº ut che ch .
k ka mul ix uchak ri ab Íº ix.
la xin ut z uku j le ti joxel ?
are Íº ka chakun ro no j el q Íº i j .
le e k Íºa Íºna taq t z Íº i Íº.
saq rij ri plam ux.
jas xaq Íº i Íº ox ati jo.
jas ruk Íº xkichap wi uti j ik le ri k il ?
we ka tat in ruk Íº k Íºata nja Íº man ku q Íºatej ta le k Íºak Íº ya b Íº il coro navir us .
la ka t b Íº in pa le uxlan b Íºal ?
la war al k Íºux ix wa Íº wi ?
are le nu tat kin loq Íº on ik .
taj in k chakun ri ala .
k Íº o ri ki Íº kotemal aw u k Íº.
xuta jachin ka Íºe k .
xa t wa Íº ik xin wil o .
xt zaq ri rachoch rumal ri jab Íº.
pa le jun ik Íº chik are nimaq Íº i j .
e ke b Íº„§m ke b Íº in pa uwi Íº ri tem .
mem ri achi .
ri wi kan cha li Íºy k el pa juy ub Íº ch wi t zi rib Íºal .
le ra j il , la paj ax el aq Íºax wu Íº b Íº ik ?
pa ri su Íº t pi som wi rilej.
ko j pet ik kol qa k Íºam a Íº.
ta j in ka t ch Íº op in chi uwach ri taq Íºaj .
le q Íº or xch Íº uq ik.
k Íºax wa Íº im aw u mal.
k in b Íº i son che le wal .
si b Íºal aj k Íº o k Íº ri awat z Íº ya q .
kam ik xuj b Íºe che uti kik taq che Íº pa ri juy ub Íº.
k in uloq Íº oj le nu tat .
cha qi Íºj chik ri chaj.
xy il ix haway i.
nax na Íº ta j ta ch ke chi xe atin ik .
ruk Íº k Íº uwa Íº we ri Íº , ri ixk k Íº o ji Íº jun ut z al aj ik Íºas lemal ri Íºch ki wach ri wi naq che man e k Íº o ta iw uk Íº , k Íºate k Íº uri Íº man k Íº ota jun wi naq ri Íº ra j awax ik chi we ch .
epet i naq pa b Íºe lerach alax ik .
ka kaj le ak Íºal ab Íº ke wa Íº ik.
xuj ch Íº ay b Íº ik .
ri nuchak are q Íºaxel t zi j .
k Íº o na r uxlab Íº ri awaj.
ta j in k el loq , ri q Íº i j .
xuq Íº i Íº ox kam sa x ri racha l al cho ch .
ri nu mam are k Íº o uq Íº i nomal .
xk Íº ulmata j jumul , xub Íºan junnimal aj jab Íº , man xb Íºey et a j ta na xuk Íº is le u yuq Íº chik e .
ama Íº ri nut z Íº i Íº.
je wa Íº kat pet ik.
xin ko sik rumal xin chakun ik
iw e ch chi jujunal , ri wa .
xu q Íº i Íº o na xa tat in taj.
in riq ta j i naq pa ri k Íºay ib Íºal .
na we ta Íºm ta j .
k Íºax le nuq Íºab Íº .
ut z le xub Íº i j le achi .
kemat z Íº ib Íº .
k Íº o rach al al pa t z Íº o lo j che Íº ri pe Íºl .
ro no j el wa Íº we jas taq ri Íº , xa s k sach wi uwach wa Íº ; ruk Íº we ri Íº , ri ix, ra j awax ik che k Íº o jun t y ox la j ik Íºas lemal e k k Íº o ji Íº ri ich Íº aw em ruk Íº ri d y os ,
xmuq ta j ri pat z Íºan.
ri ch Íº ich Íº t zi j om kan oq pa ri uk Íº ol b Íºal .
man k Íº ota uchol aj pa taq ri aw u j .
jachik e ik Íº le unimaq Íº i j le ti namit nawal ja Íº ?
xe pet ik x ol kik Íºama Íº.
ka chuq Íº ch ut ri ja Íº chi apam .
xin b Íº i j iwir chi xe b Íºe pa armita.
are Íº uxe Íº ojert zi j war al k Íº i che Íº ub Íº i Íº .
xk Íº is ri nusi Íº .
ja wi xki b Íº i j wi chi ke Íº e wi ?
‚° xa je k Íº uri Íº , jachin taq ri e k Íº o pa ri jude Íº a , chi cha nim che Íºa nima jub Íº i pa taq ri juy ub Íº ,
k Íºak Íº ri ab Íº .
la k Íº o jun na ka k Íº ox oma j ta j ?
na ut z ta le ut Íº is om le almariy.
man ya Íº tal ta j chi aw e ka to k pa ja .
je Íº, xa t ut z uku j .
are k el waj xaq ib Íº uq Íº i j ri xk Íº o ji k .
ri xunku rk k Íº o ji Íº pa taq ri triko.
xin sach ik .
xut Íº uy ub Íºa Íº
na nut om ta le t zi j ‚Ä¶
wa ch Íº om ri ki wari no Íº s .
e k Íº o job Íº ch Íº il wak Íº.
ra j awix ik chi pa taq riti job Íºal , pa nik Íºa j ub Íº ix ik chik
ri ra j aw r ulew are Íº tat kel .
we k Íºux o kik , we k Íº na xo k ta
we achi xusi paj jun p Íº o t ch we .
a tat utaq o Íºn le q Íºatal t zi j .
naq Íºan ta uwach le qaprut.
ri xa Íºr k Íº o pa uwi Íº ri q Íº aq Íº k poq Íº ow ik.
ri roq Íºej ri ali jacha k pe jun ak Íº al.
k Íº o jun alapa ti job Íºal .
s„§q uwi Íº ri tata Íº.
ri wit z ik Íº ta j in k pe loq.
ja wi xsach on wi kan uya Íº ik le p waq che .
ut z we achi we xin kuna n ik .
qo no j el k ujwa Íº pa uwi Íº ri mexa.
ri ka xla Íºn ik man poq on taj.
in xin b Íºe ruk Íº ri wachi Íºl .
si b Íºal aj je Íº l xki lo xe ki t z oq o pi j ri ki chij chi la Íº.
k in b Íº inik xin Íº e k.
k Íºaxk Íº ol ik , ka cha Íº .
ku ti j ix im ri ak Íº.
ri ali xch el , xu q Íº i Íº ox a jun ak Íºx si pax che .
xqa sik Íº i j le ix oq chu t z ak ik sub Íº .
mata xab Íº in sa j le ch Íº ich Íº .
ri pi xt z Íºa ral ik rumal ri e qa Íºn .
‚ø jam pa Íº kel chi 3%
k Íº o jun nuk Íº ot oj chi Íºaj.
ta j in ke wa Íº kat ri alab Íº om .
xin loq Íº le nuk Íºak Íºap o Íºt.
na ut z ak ik ta s ub Íº ta j in ku Íº an o
xo j u taq chi Íº i j xo j wa Íº ik.
iw e ch ri ab Íº ix .
saq rij ri chij.
aj sik che ri ti namit kel wi ri tata Íº.
- ‚° ay ! xa xin t zaq uloq , k Íºaxwe waq an .
xk Íº ulmata j pa jun komon chi Íº uwach jun juy ub Íº , xuriq ajun q Íº i j xki riq ki b Íº junimul ruk Íº le kok .
jas xa taq chi Íºj le ak Íºal chu ti j ik ?
xinchapo su x uloq Íº o .
q Íº i nom ri achi .
ri k Íº um k ti j ow ruk Íº ka b Íº.
ta j in ke jach Íº an ik .
t ze b Íºal ukem ik le pa saw u mal.
are ka yo Íº w le uchiko pille ub Íºan ta j ik try pa nos omab ruc e i.
we kat niman ik ut z kel ik .
pero no Íº j imal pet na q loq , .
are le nuchak jun t z uq b Íºal wi b Íº.
xkuna x le ya w ab Íº rumal le aj q Íº i j .
ri uk Íº u Íº x t z Íº ib Íº pa qa t zi j el aj u j .
si b Íºal aj je Íº lik ri e qa b Íºal xub Íºan ri lu Íº s .
si b Íºal aj at kon .
e man xo ri jup uq ke j.
nax na Íº ta j ta ch ke xe atin ik .
ri k Íºamal b Íºe xub Íº i j chi k e , chi maja ri anim.
jumu ch Íº ri nu juna b Íº .
q Íº i p ta ji naq ri raq an ritem .
k chakun ruk Íº ri josb Íºal che Íº ri aj an el .
xa taq chi Íºj le ak Íºal chu ti j ik kar.
oj k Íº o pa le ro Íº ch le awel .
‚ø la kat pe q uk Íº ch we Íº q ?
le wi naq pa le ch Íº ich Íº et Íº uy ul lo wi .
xkana j kan oq chi uxe Íº ri jab Íº ri ch Íºa Íºn .
nim rij a.
we ta xa kuna j le a tat mat ax kam la Íº .
na nuk Íºam om tu Íºla ri Íº.
ch qa nuk Íº u Íº ri q at zi j .
kim b Íºe pa le ti namit.
xin q Íº i Íºo na xi natin taj.
ra j awax ik kak Íºaman cha we le uti j ik le le j.
k Íº is b Íºal taq no Íº j ib Íºal .
