xine ʼ wa ʼo q .
x kibʼan kʼax che le u wo saq ru mal man utz tachi kakayik .
ri q ʼutu ʼm man kech ta le a kʼala bʼ .
are na nim ta leatz ʼi ʼ chu wach le n utz ʼi ʼ .
xe petik xol kila ʼ .
¿jaw chi ʼ xata ʼ che x kam ri u mam ri po ʼx ?
e kebʼ kekʼam bʼik pa tuj .
xin loq ʼjun japa ri wokaj ja .
ria xtu ʼbʼ , kʼo qulaj chech .
jas karaj kaʼan chutza kik leti ʼij .
xu tij lewa .
xim bʼal re tzij .
x pa x ri bʼo ʼj .
we kawajka tinto ʼo xaq xu wi kabʼij chiwe .
jas nu kʼu kuch ʼo bʼo .
jas karaj ku tijo ?
xe x ru xla bʼ ri rik il .
e ni tz ʼa ʼq le taqimul .
we tane inxin bʼano w ik , are le ate ʼ k x bʼano wik .
kin tzalij pa le nu tina mit .
ri nu chaq ʼ kʼopa u ro ʼq ʼatoj tijo nik pari tijo bʼal .
xin xi ʼj wi bʼ xin ch ʼawik .
kʼo ch waro ʼch le pare .
chi raqan kabʼin wiri tata ʼ .
x sachon kan uya ʼik le p waq che choja .
xin q ʼaxchik ixo ʼl ri win aq .
ketiko nik .
ri u lew man qech taj , kech riqati ʼ tqamam .
xepe le win aq xol kikʼama ʼ .
xu loq ʼri wuj ru mal ri ali .
chewe q ʼij kamik kʼo jun nu tzijo nem chi rij le nu tina mit .
kej ri ʼ .
x kuna na laq chwe .
kin u si kʼij lenunan .
ri i mul xu ch ʼij taj , xkanaj pa bʼe, ru mal ri nimal ku jaluj ri i mul , xu tzaq ria nim .
ku bʼan ri u xoq ʼo ʼl ri aj tz ʼaq .
ri la si bʼalaj utz chekuna bʼal .
kʼi kiwach rie ʼ ajchaki bʼ pari komon tyo x, kʼate kʼut xa jun chi ajaw xel ;
x qata chixa tulik .
kawaj chi kat ʼek .
ch ʼuti ʼn kekanaj ri xaja bʼ chech .
kaqaxi ʼj qi bʼ kaqachapo .
e kʼo kebʼ u kʼajol le tat x wa n.
lu ʼ su bʼi ʼ ri rech am .
aj chiu wi ʼ mi q ʼin ja ʼ ri lu ʼ .
xin ya kan le nu chi mpa kʼay bʼal .
kʼatex ri lo, xpe ri u na n che utzukuxik , x kikotik , xu sala bʼisaj ri taqu xkin .
x kikʼut chi u wach ri aj tij xuquje ʼ chi kiwach ri taqnik ʼaj kach il .
utz le nu q ʼa bʼ .
kul le al we ʼl pa austin chaq ʼa bʼ kamik .
riate ʼ k x tzaq loq arechi kʼopa u wi ʼ riq ʼa ʼm .
aj patan ri te ʼk .
xatqaj chiupam ri il .
la kʼo tzij na kikʼoxo maj taj ?
x sachon chkechi xea tinik .
ro nojel le u lewe cha laq .
la xe bʼe kʼula xe ʼ kijaqa kʼule uchi ʼ ja ?
xaq kat ch ʼok na jiwir .
kamik kʼo chiri jastaqa we .
arechi ʼ kakʼis ri juna bʼ kʼoq ʼi nom .
pa nawal ja ʼ xina le xik .
na xin ta taj we are ri akʼal kix tzuqu wik .
¡ ru lew risa bʼ u lo ne ru lew ri n eftali, u bʼe ri polo w , ru lew ri jordan, galile ʼ akech ri je taq amaq ʼ !
rax, rax, rax, kʼo kʼ , kʼo kʼ , kʼo kʼ le ru xla bʼ le taq tiko ʼn .
a chixa twi lo .
paqal rajil le pix kamik .
xoj bʼin ik .
pa jun je ʼl tijo bʼal ku tijoj ri bʼ juna kʼal , u bʼi ʼ po ʼ x, utz ku ri lok e pa tijo bʼal ro nojel taq q ʼij .
x waj chix at ʼe taj .
utz la ʼle xu bʼij le achi .
weta ʼam jachin kapetik .
kin q ʼojoma nik .
xin q ʼi ʼo tak ʼalik xin petik .
are ʼ reta ʼm che kinopa nik .
areta bʼal eqa qajaw chat to ʼwik .
kawin aq waqi bʼ q ʼataj .
na qaj chik cheri u waq kaj bʼal aretaq chi ʼ k sach u wach riq ʼij , kok riq ʼe q u ʼm chu wachu lew , chi kʼate ʼ nari bʼe le je bʼ kaj bʼal .
jo bʼ raqan ri tz ʼalam xeporo xik .
si bʼalaj korij ri mop .
arewa ʼ .
jela ʼ pari ti minit ch wikab yok rech xelaj u ʼ, le qa na nqa tat kakitikoj e ʼl alaj taqu wach ichaj .
kʼaxnuqul .
xu ʼl u kʼama ʼ .
koj ul kitzukuj .
are man kʼax taukuna xik aretaq anin aq ka ʼilitaj we ya bʼil al xuquje ʼmojo ʼ qakuya ʼle kʼax kʼolil chech le jolomaj .
ri we l kʼopa tijo nik .
kawaj kin bʼij .
ri kotz ʼi ʼj kqakoj chiupam ri ja .
q ʼe q q ʼoj rij ri ama ʼkej .
na x waj taj xin ch ʼawik .
ch peta bʼal e loq ʼalaj ja bʼ .
x sachon chke x at kisi kʼij .
e leq ʼal ch ʼich ʼ .
jachin xa wi lo chi are x tijo w ri ti ʼj ?
ma taka bʼe le nu x bʼal pa le tina mit .
pim ru q , ri ali .
¿ kʼo rim uq ʼe chi awech ?
kqabʼij man kekowin taj .
kintij na.
kʼo jun qa tʼu ʼ y paja !
kʼo puj chiupam rich ʼa ʼk .
aretaq kin kosik kinwa rik .
x at wa ʼik xin wilo
in xin ch ʼayow le achi .
konojel ri ala xik ke ʼ etz ʼa nik .
jas ru kʼ x kitij wi le kirik il ?
anin aqil kat petik .
na rax tau wach le juyu bʼ .
ri tz ʼalam tz ʼi bʼa bʼal rax k kayik .
we chat chakunik , kʼo awa.
ma ʼtam x at pe cheri wa ʼim .
kamul kin wa ʼ na.
ri sik il ktijo w ru kʼik .
kim bʼe aq ʼan ru kʼ le alta lin .
xoj ʼek xe ʼ qila la rqasok .
xe kiq ʼil le ajchaki bʼ xkiwok leja .
ma tane x waj le kʼuh j nem ru kʼ le ate ʼ k .
are xe ʼopan chiuchi ʼ ri juyu bʼ , xkilo chiman qas tak ʼoq ʼayes .
kʼate kʼut , ri jesus man kkojon tach kech rie ʼ are ʼ , ru mal rech che konojel reta ʼm kiwach ,
pa ʼ tz rij ri tz ʼi ʼ .
juwin aq waqi bʼ q ʼataj .
ate laq ʼom .
xaq at jo ʼs .
ri q ʼa tzu, are q ʼalaj ri uq ʼij il .
ajchak we ala .
u bʼe le juka kʼal taqanik (29) .
kebʼ nu bʼi ʼ kʼolik .
la katzalij lu ʼla anin aq ?
katzukun la chwe .
la kaj la koj bʼe ʼ pa le chomal chwe ʼ q ?
xin na bʼej chu tasik qa kʼoli bʼal .
la l xinto ʼ wik .
si bʼalaj ano ʼji bʼal .
xoj petik xol qa kʼama ʼ .
si bʼalaj je ʼ lik ri u wa ʼl ri ichaj .
kʼax wij ru mal in pa cha lik .
aretaq xu kʼu lmaj wa ʼ xu l ri u chomanik xu bʼij : are utz wa aq ʼa bʼ kinwalij ik , are cha ʼ chanim kinopan pa tijo bʼal , maj chikin kʼu lmaj .
ojaj xojo lo bʼ pa awasq ʼij .
xin sach che le u wokik le tzij .
e jula juj ri akʼ .
xuta jampa ʼ koj ʼek .
qilik .
ri tijo xel man areta nim chu wach ri raj tij . ri utz tijo xel qas jeri ʼ kʼolik jas ri raj tij .
in x atin ch ʼa yo .
no ʼjim chak wu mal .
ch ʼur ri jo ch ʼ .
in kin bʼij na kat sach taj .
uj maya bʼ .
ri abʼaj ya tzalik .
tajin kepix bʼax ri a kʼala bʼ .
chom ri aq .
xin wa rik .
elemen konojel ria kʼala bʼ .
tajink q ʼa na rik ri we re ʼaj .
le u kemik lepas utz ( chawe ) .
xuyu pu bʼa u wach ra ʼ chi, kacha ʼ, .
risa tanas kok pari judas ri kbʼixiska ri ʼo tech rech , riare ʼ jun ch kixo ʼl rie kabʼ la juj .
chu chu ri par .
kinqumuj ri nu jo ch ʼ .
chech punción lumbar amaq ʼel rajawa xik chech ri lik le u kʼex bʼem wi le na bʼe ru kʼ le u kabʼ u kʼutu nem leya bʼil al .
q ʼalaj chin akawaj taj kabʼij .
kʼo q ʼol chi rij risi ʼ .
jawi xoj ʼewi chu loq ʼik ?
kʼo u loch ʼri talin .
q ʼan rij ri ati ʼ tnukej .
la x tzalij la iwir ?
xe si kʼixik , kʼate kʼu ri ʼ xe ya jik , xuquje ʼ xetaq bʼi che u si kʼik le mes .
la kix wa rik ?
are kʼu lepa loma x xu bʼij che: - mam kat bʼison taj , kin si kʼij nik ʼaj wachi ʼl kerapapik .
a ʼ re e tijo xela bʼ .
ri alaj ali si ʼl xu bʼij x qachap pa utz al ri tyo x.
x sachon chke jachin xe a tinik .
jas xu rayij le anan xu tijo ?
xin ko sik .
rax ro nojel riq ʼayes ru mal leja bʼ .
kin ya wa ʼ we ch ʼich ʼ pinem na utz .
no ʼjim upach ʼuxik le nu wi ʼ .
naj kʼowi le wo ʼch chu wach le tijo bʼal .
ri okibʼal kʼochi u wach ri saq ja .
xe nu taq ch ʼij ke kil le a kʼala bʼ .
kʼo jun q ʼox owem chiwe .
tzaricho ʼm .
we choj bʼe pa le nimaq ʼij , keq il le aj xojo lo bʼ .
xoj ʼek xe ʼ qila la rqasok .
ri ate ʼ k xuta ʼ chech ri na nto ʼn :- na n jas che ʼ chiman kaj tala qa kʼati saj ri jo ʼ q .
ri pa l si bʼalaj xu ʼ y .
kin koj ri jo kbʼal u lew .
inkin bʼij na kat sach taj
at raj kun le nu na n.
ku qamuju joron ri aj tzij .
lu ʼ tz ʼalam u bʼi ʼ ri achi kel pa nim che ʼ .
je ʼ lik u ti ʼjol al ri saq ko ʼ r.
kʼo jun xa ʼ rpaja.
xin loq ʼjun kʼakʼ patan .
kʼax u kemik le pasa wu mal .
anin aq u kemik le pasa wu mal
rich ʼa ʼn sachin aq pa taqa bʼix .
rax taq le kotz ʼi ʼj .
me som kanoq riupam ja .
man aretar alax ko sik .
ri komon xe chpup rech uq ʼa bʼ tina mit xo ʼla bʼaj rech q ʼu markaj .
la utz akik kʼu su bʼ tajinku ʼa no ?
kate la !
na xu tij taj .
xa ru mal keta ʼm konojel ri win aq kkiqumuj leja ʼ .
iwir xuj tzalij la pa kʼay bʼal .
qeta ʼm cheri qawaku juto ʼo .
ri aj tij , kya jon chikech ria kʼala bʼ .
jas u bʼanom le nu ch ʼuti tat ?
chwe ʼ q kin bʼe pa nim tina mit .
utz we kiweta ʼmaj jas ku bʼij ri chol bʼal q ʼij .
tajin katjilo w che uq ʼoxom jolomaj .
xin tik q ʼax chi u wach ri ja .
kʼax le kibʼe le win aq .
loq ʼ kat kun taj che leya bʼil (covid -19) .
ri nu xi bʼal kel paqaj bʼal q ʼij .
x ri l ri axwan chix wa ʼ ri ala .
le ali x kuna tajik .
weta kape leja bʼ kamik .
xin weta ʼmaj china x at pe taj .
rip waq rech we q ʼataj ri ʼ kesax chech ri toj bʼal kʼayi nem .
k tij ri u wa ʼlik ru mal ri kinimaq ʼij .
xuchapuku na xik .
chatan loq ali .
xin xu li ʼ qa jo q .
je ʼ lik ktijo w ri taq iko x.
kʼate kʼu ri le tat xo ʼr xu bʼij , man kawaj taj , man kawaj taj .
kʼo jun tz ʼi ʼ pa bʼe .
kamul xin pe che atzukuxik .
man tajin takin chakunik .
kin chakunik rech kat wa ʼik .
jas ru kʼ x awil wichi x kiqupij wil eti ʼj .
ja su bʼixik … ?
koq ʼ ria kʼal .
kawaj na kat ʼe taj .
x at q ʼajik .
wem nacha loq ʼaxiyal , na kim bʼe ta a wu kʼ .
xopan le wuj a wu kʼ ru mal we chin .
are kʼut pa le juyu bʼ kkʼiy joron, chila ʼ xe kikʼam awi rija ʼ ri win aq .
koq ʼ ria kʼal .
we kʼo a rajil cha kʼamal oq .
are si bʼalaj kaq leapo ʼt chu wach le nu po ʼt .
xin kʼas taj pa kabʼ la juj kaj bʼal .
kaqoy ʼej nak ixpe taj .
ko kaxim ri chij xa jela ʼ man kanimaj ta bʼik .
ri kok nojim x bʼek , xu ch ʼij oxopan pa u kʼis bʼalil lea nim .
xoj ki ʼ kotik aretaq xatulik .
kaqitz ʼ naj ri uxa ja bʼ ri a kʼal .
ri jesusk wa ʼkat pari nim rachoch ri dyos, chu xe ʼ ri jun ja che rachoch ri salo mon .
we taqanik ri ʼ ku bʼij chi rajawa xik kya ʼ uq ʼij ri win aq xuquje ʼ kto ʼ anin aqil .
ria xu x are na ri ukunel ri kin aq ʼ .
aretaq wa ʼri uq ʼijol we taqanik .
kʼo jun ta bʼal pa u wi ʼ rix kanul u bʼi ʼ la juj no ʼj .
yu ʼl u bʼanom ri u kolo bʼrikej .
xa nimaj ri akʼal chiu wach ri u chuch .
k kuna n ri achi .
kin wa ʼik rech na kin yowaj taj .
aj xik ch ʼich ʼri lu ʼs .
k waj che ix kix bʼano wik .
a ʼ re xeto ʼwa laq .
xoj ʼek xe ʼ qila la rqasok .
xin loq ʼjun ch ʼich ʼ, qajin aq u wach .
ku tʼis ri pantalo n.
e janipa le awal kʼwa le kʼolik ?
utzukemik lepas chawe .
rimax are aj q ʼani ya ʼ .
mata bʼ achiri q kʼax pa le bʼe .
tajin kanimaj , ri me ʼ s .
ixi xe ʼ laq ʼoma bʼ !
x sachan chwe.
e kʼo kʼi che ʼ , chi u wach ri juyu bʼ .
arewa ʼri nimalaj pixa bʼe arewa ʼ ri na bʼe .
x reta ʼmaj chiru kʼpakʼ ku tij wi
jas utz akik le su bʼ xu ʼa no ?
aj xo ʼy ri wikan .
we tane a ʼre xe tijo w le rik il , are le komon xe tijo wik .
si bʼalaj anin aq kach ʼaw le are ʼ chi nu wachin .
utz we kinchakuj .
me ʼ sla ʼ .
kʼo kanwa rech kaqatijo .
xin si kʼij la .
ria kʼal x sach kanoq jela ʼpa taq ʼaj .
xe si kʼij la .
jawi x kibʼij wi chike ʼewi ?
ru mal che , man ix tari ʼ rik ix ch ʼawik , are ri ru xla bʼ axel ri i tat ri ʼ rik ch ʼaw na i wu kʼ ri ix .
kʼakʼ ri wachoch .
si bʼalaj utz kin wil le atz ʼya q rech nahu ala .
saq por k kay ri kipo ʼt ri na n.
x sachon ri nu chak chwe .
wa ʼim xu chapo .
riq ʼaq ʼ tajin kajuluwik .
naj il upam ri si wan .
e kʼo ri qachal al pa chiu wi ʼ la .
jas xa taq chi ʼj lea kʼal chu tijik ?
no ʼjimukemik le pasa wu mal .
kʼo jun ku ku bʼi ʼ tin tin, wa ʼle laj ku kmam kaj eqitaj , kapaqi kaxulik pa u wi ʼ uq ʼa bʼ taq che ʼ , si bʼalaj sak ʼaj , ke ʼ uto le e nima ʼq , ch ʼuti n, rachi ʼl , aj sipanel si bʼalaj utzra nima ʼ .
ri u pixa bʼ leq ʼat bʼaltzij kiya ʼu bʼixik .
na x sachon tachke xe a tinik .
xeq il le chikop pu wi leja .
x lo ʼ taj ri akʼal .
qo nojel kuj wa ʼ pa u wi ʼ rimex a.
x si kir le waqan .
la x at wa ʼ kʼut ?
nim u bʼaq ʼri tulul .
kin xik ʼi kʼik xin q ʼaxik .
la kat bʼe pa le tina mit ?
ri pa l si bʼalaj saq ʼo r.
k q ʼoxo w nu jalom .
xin na ʼo chi kat petik .
x loq ʼu lew iwe chix .
xin chakun ru kʼ ri numam .
na x qabʼantaj .
k kʼoji ʼ bʼa ʼ ri u sipa nik ri ajaw xel jesusk ri sto ru kʼ ri aw uxla bʼal !
kin ch ʼaw ru kʼ le nu na n pa le ch ʼa we bʼal .
si bʼalaj q ʼe q u ʼm ru mal ri mayu l .
are leba xu lik .
xe kos le ixoqi bʼ pa le bʼe .
kʼax ri lik lea kʼal chawe .
xin q ʼi ʼ oxi na tin pa joron .
si bʼalaj nim le tina mit .
kʼax u kemik le pasa wu mal .
xin sachik .
tajin kel u kikʼel pa raqan ri tz ʼi ʼ .
xin weta ʼmaj ri lik wi bʼ
ri q ʼ uq ʼ are jun je ʼl chikop.
kʼopa jatijo bʼal ri wi kaq ʼ .
ri sachi bʼal mak raj wa xik chiqa xo ʼl .
je ʼ, kim bʼek .
jela le ʼri nu p wi ʼ .
xu bʼij che: - jas x abʼanot intin ?
kabʼan juntoq ʼo bʼ kyak ri nu jal .
kat ʼe k xin ta .
jas le u kʼex bʼem ri bʼ le jun ru kʼ le jun chik ?
aj chiu wi ʼ mi q ʼin ja ʼ ri lu ʼ .
ri tijonel naj kpe wi.
te ʼ kixcho bʼ u bʼi ʼ ri nu tat .
ri ja ʼ kamiq ʼik chi u wach riq ʼaq ʼ .
ri tʼu ʼ yk paq ʼowik .
kin meson na .
na qaj at kʼowi chiwech .
xin bʼiso nik taqna x at pet taj .
we x kam ri win aq, rip waq rech toj bʼal makaj kya ʼ chikech ri rala xik .
ri nu na n x bʼe pa kʼay bʼal .
xoj u kʼamu loq rech koj ri lo
x kʼoto chinchi kiwach chikin wa ʼ a wu kʼ .
na xkikamsaj taj x kikʼam bʼi choja .
kʼakʼ ri ikʼ kamik .
xim bʼe ru kʼ le aj kuniwir .
ri lik .
le tz ʼi ʼ xe kosik .
xin kiko ta wu mal .
ri i mul xu maj ria nim , xuya kan le kok .
kʼo oj cheri a kʼal .
xuj bʼe pa jun kʼula nem .
utz we k waral aq .
kaqilo china koj u kʼam taj .
x reta ʼmaj chiru kʼ pa kʼkutij wi.
si bʼalaj xin kʼa ʼ na rik .
xin kochij ri nu wa .
man kat kowin taj kat chakunik , we man kʼota ri ajila bʼal .
we wo non xu bʼij chike :- ki xinto .
ri ala nim kril wiri u mam .
x ka ʼy chi rij , x ka ʼy chu wach , ma kʼo tachi jun k silo bʼik , xoq ʼik xu xe ʼj ri bʼ x ch ʼopi nik x tzalij loq xu riq tachik ri u bʼe .
kʼo pus cheri wa .
pinem na kabʼe lewatz, kim bʼe wi in pa ka ʼyi bʼal .
ri na nto ʼn nim win aq chik, saqu wi ʼ, ro nojel aq ʼa bʼ utz kuna ʼo ka tʼuyi ʼ pa utem , ku miq ʼisaj ri bʼ chori q ʼij , kʼo junu wi ʼ u mam u bʼi ʼ ate ʼk .
man e kʼi taj ri qula ʼ .
q ʼalaj china kawaj taj kabʼij
x paqa bʼisax rajil ro nojel ri kem .
kʼo pari jul ri ku matz .
ro nojel q ʼij kin ch ʼaj le nu ware .
saq chikan le ichaj rech katzako .
chu xe leq achomal kaqatij wi jun q ame q ʼin .
chawila ʼ .
e kʼo jo bʼ u mi ʼ al, ri nu tat .
jas ru kʼ x awil wi
je ʼ jas ri win aq rech ri u wachu lew , xoquje ʼ kepena ri ʼ rie ʼ are ʼ che e rech ri u wachu lew ; je ʼ jas ri win aq rech ri kaj , xoquje ʼ kepena ri ʼ rie ʼ are ʼ e rech ri kaj .
xin tijo .
k tz ʼu juw ri rachoch ripo ʼx .
xuq ʼi ʼo are le u kʼu lel xya ʼo w u wa .
ri awel x reta ʼmaj chi rajawa xik man ku xe j tari bʼ cheri tukur .
ju kʼulaj win aq xe ʼa nimaj bʼik .
je ʼ, xin tzalij ik .
xoj petik xol qa kʼama ʼ .
maj jachin x ʼe k .
in aj tij ; at tijo xel .
saq u wi ʼ ri tata ʼ .
we ch ri kem .
le ro ʼch le ate ʼ k kʼoch wach le u kʼay le nu na n.
kbʼe pari si ri ʼ a e pari silisi ʼ a, jawi je ʼ kuya wiri kichuq ʼa bʼ ri komon tyo x.
pixa bʼ : man utz taj kʼax kuj ch ʼaw chikij nik ʼaj qach il .
x kuna taj le ali ( ku mal ri ixoqi bʼ ).
rixi bʼi bʼal chi kʼowi pa taq ri qa kʼas lemal ro nojel q ʼij .
na kuj wa rta waral .
on chek kʼoji ʼ ri utzil chi xo ʼl , are ch junam ri qa kojonik , junam ri iwe chix ru kʼ ri we chin .
pa ox q ʼij risa ʼn kbʼe na ru kʼ ri aj kun .
kawin aq wuqu bʼ .
jas kawaj kin tijo ?
weta x at bʼe wu kʼ pa le tina mit , xa loq ʼta la ʼle u jastaq le ak ʼajol .
ke bʼe pa wa ʼim .
xin loq ʼ kʼiwa .
pa jun nim kʼa che ʼlaj , kʼo jun kʼwa ʼ si bʼalaj saq loloj , nimu wach .
k waj katij ju bʼa ʼ wa.
ro nojel win aq kril nari u kolo nem ri dyos » .
x kʼoto chinchi kiwach chikin wa ʼ a wu kʼ
k waj na kat ʼe taj .
la xa loq ʼ juna lej ?
e kʼo rie loq ʼoma nel .
riu kabʼ u bʼi ʼ ri numam are ya y .
kin jopij ri i ja ʼ rech triko .
x na ʼtaj chke xe a tinik .
xate ʼ qila ʼ .
kakitij alan xa x ri win aq .
. . . kin bʼij chi arewa ʼ sinxi ʼ an.
na xin na bʼej ta chu tasik qa kʼoli bʼal .
ru mal rech chewe ri in, kin ch ʼaw ru kʼ ri dyos pa ch ʼa bʼal , kch ʼaw na kʼu ri ʼ ri wu xla bʼal ru kʼ ri dyos, kʼate kʼut man kʼota u patan ri ʼ ch rech ri nu choma bʼal .
xepetik xkilo .
xuta we kat ʼek .
utzukemik lepas chawe .
ri nu wakax xu tij jun q ʼoq ʼ ru mal ri ʼ x kamik .
ru mal ri kʼix, man kewa ʼtaj ri win aq .
xe ʼu lik .
q ʼe q rij ri ama ʼchij .
x raj ka ʼe le u na n.
junam ki juna bʼ .
naq ʼalaj taj weka ʼe k .
ri wix nam ch ʼajch ʼoj ri rachoch .
waral man kʼotaj ajawal .
na iwi rtax ri l le kʼamol bʼe .
xin pe loq te kʼu ri ʼ xin tzukuj ro nojel ri nu rajil .
ri aj tikonel kutik ri tzij .
kʼo e kik ʼajol le achija bʼ .
ku tij q ʼayes ri ixpa ʼch .
pari wa ʼbʼal e kʼo kawin aq achija bʼ .
si pojin aq ri n upam .
kaya ʼtajik ru kʼuti ʼo nem jun ri u riqom le ya bʼil amolot setsé xuquje ʼ are kaya ʼtaj pa taq ri juyu bʼ .
jachin ri achi ?
ri numam x kamik aretaq kʼo jumuch ʼla juju juna bʼ .
kin kowinik kin kʼam bʼi lep waq .
kin wilo chi utz ri aji ʼ .
xin q ʼil riapo ʼx cheman kachakun taj .
k wa ʼ chi u wach le taq ʼaj ri ama ʼ akʼ.
ri i mul xe poq ʼik pa jun ikʼ .
x kʼis kanoq ri qachak .
are ri alixoj ilo w kanoq .
si bʼalaj ch ʼu ʼj ri amax .
kʼo nu wachi ʼ .
inchajinel kech le a kʼala bʼ .
xe kos letz ʼi ʼ .
kin bʼe na ku kʼ ri molaj .
ro nojel aq ʼa bʼ kinyi tz ʼri wakax .
karapi nik xutzukuj chi jun awaj .
le u kemik le pa san in aq ( a wu mal ).
maj u rajil leq ʼa bʼ are l .
kʼax ri ʼ ri kach ʼawik .
xoj u taq chi ʼj le achi chu loq ʼi kichaj .
si bʼalaj kʼax rix kʼu lma xik .
xkilo chin akin kʼoxo maj taj .
x na ʼ taj chkechi xea tinik .
x kʼoto chinchi kiwach chi xoj al wo ʼ qaku kʼ .
jun q ʼu ʼ q rajil ri kaxla ʼn wa .
xin wilo chi xe ʼ e lik .
e kʼo ixoqi bʼ pa le kʼay bʼal .
man kʼotaj u kʼisik ri maya bʼaj la bʼalil .
ri si n kkʼiy pa taq ʼaj .
rich ʼima man kkʼiy taj pa taq ʼaj .
rajawa xik kji kik ri waq än .
kawaj kin ʼe k .
e kʼo oxi bʼakʼ .
xu bʼij ch we jawi at kʼowi .
chwe ʼ q kuj bʼe ʼ pa muquj .
pa saq kʼa ja ʼ kbʼan wiri uq .
xoj kisi kʼij .
xin wil wi bʼ .
chaq ʼchik ri wa .
kim bʼe na kapa le wo ʼch .
kawaj kin ʼe k .
rich ʼu ʼk tij ru kʼ lej .
pari kiq ʼij kamin aqi bʼ kbʼan q ʼori kʼya ʼ rech aj : na bʼ eri na n kutzukuj kan ri aj , kujach ʼo ʼ xuquje ku kʼeto .
jas kaj bʼal chanim ?
utz u chomanik ri ali .
pari q ʼij oxla juj tija xkin kʼis kebʼ juna bʼ kinchakun waral .
si bʼalaj ko , ri kʼakʼ ch ʼat .
jas karaj ku bʼij … ?
rich ʼich ʼ kasila bʼik .
pa ojer q ʼal pul xaq xu wiri nim win aq kekʼamo w bʼe .
le u ku na xik le u kabʼ u kʼutu nik are ru kʼ e flor nitina on utuni bʼaxik le nifurtimo x chi ʼ le flor nitina chech t. b . g.
are ri achi xin ch ʼayowik .
jun achi u bʼi ku ʼx u sipaj kebʼ kʼa ʼmu lew rech kabʼan ri tijo bʼal , kamik , kʼochik aj tij rech ri komon xe chpup .
xu mal tyo xij cheri aj tij ro nojel le xu kʼut chi u wach .
pari bʼe xkiraq junalaj i mul saq rij , x kikʼam bʼik .
x ri l le bʼa le ala .
jas ku bʼij chwe ?
le u ku na tajem are ru kʼ utzukuxik le u chikopil pa junu solik u xe ʼ le kikʼon le ja ʼ rech jun nodo .
utz wen utz ʼi ʼ .
je ʼ , tajin kachapo nik .
kin u loq ʼoj le nu tat .
kawaj kim bʼe pa tina mit .
are la ʼ kinchakuj .
ri nima ʼq taq win aq kʼoketa ʼma bʼal .
weta x at bʼe wu kʼ pa le tina mit , xa loq ʼ tawa ʼwe jastaq .
ri kikʼas lemal . wa iximu lew xa jun chima areta tini mit ri ma
riu kʼ ya bʼal naj upam .
xatqaj chiupam ri il .
nojim kat wa ʼik .
we kʼo jun ktu qa ʼ rik , ¿ la man xoquje ʼ taj kin tuqa ʼ r ri in ?
ojoj wokolja .
awas kbʼan kʼax che jun nim win aq .
xin ch ʼaw apan ru kʼ lewa na bʼ .
kʼax riupam ri ju ʼl .
tajin kewa ʼ ri imul .
la kaj la kuj tzalij la anin aq ?
ru mal rech cheri makaj man kʼota u kowinem pi wi ʼ ri ix : ri ixman ix kʼo tachich u xe ʼ ri pixa bʼ, xane ix kʼo chu xe ʼ ri sipa nik .
nim raqan le che ʼ .
xin chapo .
are le tu ʼr le loq ʼoma nel .
xa skat kʼoji ʼ chiupam rich ʼich ʼ .
si bʼalaj nim raqan ri kʼamal bʼe .
le tz ʼi bʼa bʼal we chin .
in xin to ʼw la .
xaje kʼu ri ʼ ri ix kamik ri ʼ man ixkaxlan win aq tachik ; ri ix, ix rech ri kitini mit rie tyo xlaj taq win aq, ix rech ri rachoch ri dyos .
xin tiko xlaj kʼal ichaj .
kaqariqqi bʼ chwe ʼ q .
si bʼalaj utz cheri wi ʼaj ri tuney .
we na jupulik ta xe qajik . . .
xin to ʼtaj cheri nu chak .
kʼo jun chikopu bʼi ʼ pum .
poq on ri ik .
xoj bʼin ik .
xuch ʼe kro nojel le re tamanik xpaqi ʼ k kʼax kwʼi nik xu bʼanaj kun .
kel u bʼik pari jude ʼ a ek tzalij chi u bʼi jumul pari galile ʼ a.
xina xi bʼij pa bʼe .
je ʼl kʼo lem chi awachoch .
ro nojel ri ya ʼtal il pa we q ʼataj , tz ʼaqat kiwach , man ktzaq ta kanoq xuquje ʼ man k tas taj .
xuku naj le ya wa bʼ le aj q ʼij .
chi tata bʼej jas le kim bʼij .
ch ʼan al ri achi .
pa bʼo ko ʼ kachakun wiri tax .
uj kʼopa u wuq q ʼij .
ki ʼ ri u kabʼ ria qaj .
kʼo rachal alpatz ʼoloj che ʼ ri pe ʼl .
xkilo chikin kʼoxo maj .
ri u kisakʼ utzk ya ʼik chi u xe ʼ ri tiko ʼn .
aretaq chi ʼ kaq ʼan pu wi ʼ ri juku bʼ , ri achi che x kʼoji ʼ ri itzel uxla bʼal ru kʼ , ku tach rech ri are ʼ , arechk kʼoji ʼ ru kʼ ri are ʼ .
na kabʼantaj ta wu mal .
x na ʼtaj chke xe a tinik .
xin paj ri nu triko .
xe ʼ ok ri pok ʼ pari umexaripo ʼx .
kajuluw ri aq ʼa ʼl chi u xe ʼ ri tʼu ʼ y .
awech le ja .
xuj bʼe patz u rik .
na bʼe xa topanik .
riu kabʼ u bʼi ʼ ri numam are ya y .
u waj xaq u ka kʼal taqanik (28) .
mata kʼo jun kakanaj kanoq , qo nojel koj bʼek .
e nima ʼq le al toma bʼ .
nimu wach ripo ʼt .
kojonik pari utzij wa iximu lew .
jas xu kʼam bʼi letz ʼi ʼ xa wilo ?
xin petik, tat .
ri bʼelaj u wach .
chi tata bʼej jas rikim bʼij .
je ʼl ku na ʼ ri abʼix chiupam ri ququ lew .
kin bʼisoj u wach lewal .
xu tʼuyu b ʼa ʼ .
nim ria we q e le ʼ n xa riqo .
xine ʼ wa ʼo q .
chi ʼ kewa rwi lea kʼala bʼ .
ri nu mi ʼal xutaq loq jun taqo ʼm wuj chiwe .
q ʼe ʼ lik , ri chaj pari bʼe .
la utz awach ? -utzmal tyo x , e kʼu ri at ? – utz malty ox.
xin kos ru mal nu chak .
kbʼe ku kʼ rie ʼ are ʼ e k tzalij pari na sarete ke ʼu nimaj .
ri joj xu kʼam bʼik ri akʼ .
kʼochi wachi ʼl chanim .
ku bʼij chech na ʼl kabʼan cheri atz ʼi bʼ .
e . . . in kawaj katzjoj bʼi la chwe .
mat axin ya j le ali.
jachin ru kʼkat bʼe wi ?
kʼo si bʼalaj eta ʼma bʼal pari maya bʼ no ʼji bʼal .
e man xo ri jupuq kej .
kasu mum ri kaqiq ʼ .
e kʼokaji bʼa kʼala bʼ pa le bʼe .
je ʼ jas ri u tat k ka ʼyik .
xaq at molonel tzij tal .
le nu tat kaloq ʼon chwe .
xaq tane kim bʼei wu kʼ .
x reta ʼma juch ʼaj ik .
ru mal la ʼx koj “ x al q ʼat ” che u bʼi ʼ ri komon .
are le u kemik pas x reta ʼmaj .
ri wa ti ʼt ku bʼan nari u patan .
kʼakʼ le po ʼt .
reta ʼm u wach jachin x loq ʼo w ri pas .
kench ʼa bʼej lea kʼala bʼ .
ya ʼtal chaqe qo nojel ri uj win aq utz kaq ilqi bʼ .
x koti ʼ paq ʼayes xoq ʼik .
kawin aq bʼe le je bʼ q ʼataj .
e kʼokaji bʼ ral ri i mul , jun saq , jun q ʼa n, jun q ʼe q , jun q ʼeqoj , si bʼalaj ketz ʼa nik , kech ʼopi nik ri alaj taqimul .
kcholol ri achachal .
kete kik ri ikʼ .
xe petik rech kewa ʼi wu kʼ .
tzatz ri uq ʼa nil ri akʼ .
xoj tzalij ik xi xe ʼ qaq ʼatuj ku kʼ le ita tina n.
ri yo ʼ xtaqa kʼala bʼ kekikʼux ri atz ʼya q .
we achiwe xu sipaj jun po ʼt chwex kamik .
k kowin ri kuna nel che kuna nik .
xjiq ʼ pari polo w .
xa ru mal si bʼalaj rajawa xik le loq ʼalaj ja ʼ, le win aq x kibʼij : chewe ikʼ ri ʼ qo nojel kuj bʼe che utik ik taq che ʼ .
ri u na ne rie rachal al ke pe u loq ru kʼ riare ʼ , kʼate kʼu ri ʼ, man kekowin taj keqi bʼ u koq ru kʼ , ru mal rech che e kʼosi bʼalaj win aq .
ru mal rech , che man kʼota jun kkowin che u kojik juntiki bʼalil chik chu wach ri kojom chik che are ri jesusk ri sto .
te kʼu ri ʼ x utz ʼi bʼaj ri bʼ pari nimalaj tijo bʼal rech aj ku ʼn .
kajuluw rich ʼu mil chaq ʼa bʼ .
kʼis bʼal kanoq , xoquje ʼ k kam ri ixoq .
le ala xokik .
kʼo p waq pa u wi ʼ ri me xa .
arekawaj na kin ʼe taj .
ri ya wal ku koj ri alichi u xe ʼ ri cha kach are u su ʼt .
na kaqakʼam tu ʼbʼi kamik .
ri aj tij ku bʼij chike : rajawa xik keqa chajij ri awaj , are u tiko ʼn ri ajaw .
xin tij mukun iwir .
kʼax le u wi ʼ taq le nu q ʼa bʼ .
xin loq ʼjunil bʼal wi bʼ .
wa ʼ we q ʼij , nimu bʼantajik .
riu xe ʼ al ri qa tina mit man kasach taj .
xoj bʼin ik .
ri achal al junam kiwach .
xin weta ʼmaj ri lik wi bʼ .
nim ri una ʼoj waj tij .
mi q ʼin ri kʼul .
aj q ʼojom ri ate ʼk .
che le sa nik che ʼ kbʼan wiri q ʼojom .
kape le awel pa n awalja ʼ .
rimeso nel tajink chakunik .
utz chaqe kaqato ʼqi bʼ , taq kʼo kʼax kʼolil , kate we chi ʼ n ri ajaw paqawi ʼ .
xa wi lo, x q ʼatan lei bʼo y .
x at kowinik xa bʼano .
ki ʼ ri kʼawex .
kajil il ri bʼe .
le ali xel bʼik .
are ʼ x raj xin bʼano .
nim we abʼaj .
je ʼ lik u ti ʼjol al ri saq ko ʼ r.
nojin aq ri kej .
we katijan xu xma nkatuto ʼ tachi uq ʼat ixik le kʼakʼ ya bʼil corona virus ( 2019- ncov).
na nim ta raqan wa ʼwe che ʼ .
utzalaj ajchak , ri we l .
¿jam pa ʼ kuj bʼe pa nimaq ʼij ?
rajawa xik ta nela ʼkat chakun wu kʼ .
xutaq chi ʼj pa wa ram pu lew .
man aretari ax wa n xelik .
ri awi x xu loq ʼ rachoch re nimal .
are ri ixoq xin si kʼin u loq .
rich ʼi ma kʼat ʼon na .
la xi bʼan le ichak ?
kʼi tina mit e kʼopa ch ʼo ʼj .
kʼo jupuq chij chi u xe ʼ ri che ʼ .
riu xaq ria bʼix are u wari kej .
kawin aq q ʼataj .
la ki xpe pa tijo bʼal ?
we kechajix taq le kʼwa jachakin bʼij ; juna lik kʼo ja ʼ xuquje ʼ si bʼalaj saq lo loj .
x reta ʼmaj .
ri ala bʼom ri al itoma bʼ tajinki kitijoj kibʼ rech su taq , are kakaj ki kibʼan nimaq achija bʼ chupam ri kikʼas lemal , xuquje kʼochik jupuq bʼixonel chupam ri komon .
la tz ʼu wach ri bʼe .
kʼakʼ riach ʼich ʼ .
qo nojel uj , uj ma ya bʼ taq win aq .
nojel q ʼij ri ati ʼ xkuyuq ʼuj le taq awaj jela ʼ pa nik ʼaj ja ʼ, chi rij ri juyu bʼ u bʼi ʼ te na ʼ .
paq ʼom chik ri si ʼ .
kin tzuku n che la .
kakitij le kin aq ʼ, le ichaj , le u wa ʼlik ru kʼ le j .
xe kanaj kan le ajchaki bʼ .
ketikon ri achija bʼ .
si bʼalaj itzel u bʼantajik rich ʼil akan .
ri ate ʼ k xu mal tyo xij cheri rati ʼt , ru mal ri utzalaj no ʼji bʼal xu kʼut chech .
k kamul ixu chak ri abʼix .
la xin utzukuj le tijo xel ?
are ʼ kachakun ro nojel q ʼij .
le e kʼa ʼ na taq tz ʼi ʼ .
saq rij ri plam u x .
jas xaq ʼi ʼ oxa tijo .
jas ru kʼ xkichap wi u tijik le rik il ?
we katatin ru kʼ kʼata nja ʼ man kuq ʼatej ta le kʼakʼ ya bʼil corona virus .
la kat bʼin pa le uxlan bʼal ?
la waral kʼuxix wa ʼwi ?
are le nu tat kin loq ʼo nik .
tajin kchakun ri ala .
kʼo riki ʼ kotemal a wu kʼ .
xuta jachin ka ʼe k .
x at wa ʼik xin wilo .
x tzaq ri rachoch ru mal ri ja bʼ .
pa le jun ikʼ chik are nimaq ʼij .
e kebʼäm kebʼin pa u wi ʼ ri tem .
mem ri achi .
ri wi kanchali ʼ y kel pa juyu bʼ ch wi tziri bʼal .
le rajil , la paja xel aq ʼax wu ʼ bʼik ?
pari su ʼt pisom wiri lej .
koj petik kolqa kʼama ʼ .
tajin kat ch ʼopin chi u wach ri taq ʼaj .
leq ʼo rx ch ʼuqik .
kʼax wa ʼimaw u mal .
kin bʼis on che lewal .
si bʼalaj kʼo kʼ ri awatz ʼya q .
kamik xuj bʼe che utik ik taq che ʼ pari juyu bʼ .
kin u loq ʼoj le nu tat .
chaqi ʼj chik ri chaj .
xyi lix hawa yi .
na x na ʼtaj tachke chi xea tinik .
ru kʼ kʼu wa ʼ we ri ʼ, ri ixk kʼoji ʼ jun utzalaji kʼas lemal ri ʼ ch kiwach ri win aq che man e kʼo tai wu kʼ , kʼate kʼu ri ʼ man kʼota jun win aq ri ʼ rajawa xik chiwech .
e petin aq pa bʼe le rachala xik .
kakaj le a kʼala bʼ kewa ʼik .
xuj ch ʼay bʼik .
ri nu chak are q ʼaxel tzij .
kʼo nar uxla bʼ ri awaj .
tajin kel loq , riq ʼij .
xu q ʼi ʼ ox kam sax ri rachal al choch .
ri numam are kʼo uq ʼi nomal .
x kʼu lmataj jumul , xu bʼan jun nimalaj ja bʼ , man x bʼeye taj tana xu kʼis le uyu q ʼ chike .
ama ʼri nu tz ʼi ʼ .
jewa ʼkat petik .
xin kosik ru mal xin chakunik
iwe ch chi jujunal , ri wa .
xu q ʼi ʼ on axata tin taj .
in riq tajin aq pa ri kʼayi bʼal .
na weta ʼm taj .
kʼax le nu q ʼa bʼ .
utz le xu bʼij leachi.
kematz ʼi bʼ .
kʼo rachal alpatz ʼoloj che ʼ ri pe ʼl .
ro nojel wa ʼ we jastaq ri ʼ, xas k sach wi u wach wa ʼ ; ru kʼ we ri ʼ, ri ix, rajawa xik che kʼo jun tyo xla ji kʼas lemal e kkʼoji ʼ ri ich ʼawem ru kʼ ri dyos,
x muq taj ri patz ʼan .
rich ʼich ʼ tzijom kanoq pa ri u kʼol bʼal .
man kʼota u cholaj pa taq ri a wuj .
jachike ikʼ le u nimaq ʼij le tina mit na walja ʼ ?
xe petik xol kikʼama ʼ .
kachuq ʼ chu tri ja ʼ chi apam .
xin bʼij iw ir chi xe bʼe pa armita.
are ʼu xe ʼ ojer tzij waral kʼi che ʼu bʼi ʼ .
x kʼis ri nu si ʼ .
jawi x kibʼij wi chike ʼewi ?
¡ xaje kʼu ri ʼ, jachin taq rie kʼo pari jude ʼ a, chi chanim che ʼ a nima ju bʼi pa taq ri juyu bʼ,
kʼakʼ ri a bʼ .
la kʼo jun na kakʼoxo maj taj ?
na utz ta le u tʼisom le almariy .
man ya ʼtal taj chi awe katok paja.
je ʼ, xatutzukuj .
are kel waj xaqi bʼ uq ʼij rix kʼojik .
ri xun ku rkkʼoji ʼ pa taq ri triko .
xin sachik .
xu tʼuyu b ʼa ʼ
na nu tom ta le tzij …
wach ʼom ri kiwari no ʼs .
e kʼojo bʼ ch ʼil wakʼ .
rajawi xik chi pa taq ri tijo bʼal , pa nik ʼaj u bʼixik chik
ri rajaw ru lew are ʼ tat kel .
we kʼu xokik , we kʼ na xok ta
we achi xu sipaj jun pʼo t chwe .
a tat u taqo ʼn leq ʼatal tzij .
naq ʼan tau wach leqap ru t .
ri xa ʼ r kʼopa u wi ʼ riq ʼaq ʼ k poq ʼowik .
ri roq ʼej ri ali jachak pe juna kʼal .
kʼo junalapa tijo bʼal .
säq u wi ʼ ri tata ʼ .
ri wi tz ikʼ tajink pe loq .
jawix sachon wi kan uya ʼik le p waq che .
utz we achiwe xin kuna nik .
qo nojel kuj wa ʼ pa u wi ʼ rimex a.
ri kaxla ʼnik man poq on taj .
in xin bʼe ru kʼ ri wachi ʼl .
si bʼalaj je ʼl xkilo xe kitz oqopij ri kichij chila ʼ .
kin bʼinik xin ʼek .
kʼax kʼolik , kacha ʼ .
ku tij ixim ri akʼ .
ri ali x chel , xu q ʼi ʼ oxa jun akʼ xsipax che .
x qasik ʼij le ixoq chutza kik su bʼ .
mata xa bʼinsaj le ch ʼich ʼ .
ri pix tz ʼara lik ru mal rieqa ʼn .
¿jam pa ʼ kel chi 3%
kʼo jun nu kʼotoj chi ʼaj .
tajin kewa ʼkat ri ala bʼom .
xin loq ʼ le nu kʼa kʼapo ʼt .
na utz akik tasu bʼ tajin ku ʼa no
xoj u taq chi ʼij xoj wa ʼik .
iwech ri abʼix .
saq rij ri chij .
aj sik cheri tina mit kel wiri tata ʼ .
- ¡ ay ! xa xin tzaqu loq , kʼax we waqan .
x kʼu lmataj pa jun komon chi ʼ u wach jun juyu bʼ , xu ri qa jun q ʼij xkiriq kibʼ junimul ru kʼ le kok .
jas xa taq chi ʼj lea kʼal chu tijik ?
xin chapo su xu loq ʼo .
q ʼi nom ri achi .
ri kʼum ktijo w ru kʼ kabʼ .
tajin kejach ʼa nik .
tz e bʼal u kemik le pasa wu mal .
areka yo ʼw le u chikopil le u bʼantajik try panos oma brucei.
we kat nima nik utzkelik .
pero no ʼjimal pet n aq loq , .
are le nu chak jun tz uq bʼal wi bʼ .
x kuna x le ya wa bʼ ru mal le aj q ʼij .
riu kʼu ʼx tz ʼi bʼ paqa tzijela juj .
si bʼalaj je ʼ lik rieqa bʼal xu bʼan ri lu ʼs .
si bʼalaj at kon .
e man xo ri jupuq kej .
na x na ʼtaj tachke xe a tinik .
ri kʼamal bʼe xu bʼij chike, chi majaria nim .
jumuch ʼri nu juna bʼ .
q ʼip tajin aq ri raqan ri tem .
k chakun ru kʼ ri jos bʼal che ʼ ri aja nel .
xa taq chi ʼj lea kʼal chu tijik kar .
oj kʼopa le ro ʼch le awel .
¿ la kat peq u kʼ chwe ʼ q ?
le win aq pa le ch ʼich ʼe tʼuyu llo wi.
x kanaj kanoq chi u xe ʼ ri ja bʼ rich ʼa ʼn .
nim rij a.
weta xa kunaj lea tat ma tax kam la ʼ .
na nu kʼamom tu ʼla ri ʼ .
ch qa nu kʼu ʼ ri qa tzij .
kim bʼe pa le tina mit .
xin q ʼi ʼ on axin atin taj .
rajawa xik kakʼaman chawe le u tijik le lej .
kʼis bʼal taqno ʼji bʼal .
xine ʼ wa ʼo q .
x kibʼan kʼax che le u wo saq ru mal man utz tachi kakayik .
ri q ʼutu ʼm man kech ta le a kʼala bʼ .
are na nim ta leatz ʼi ʼ chu wach le n utz ʼi ʼ .
xe petik xol kila ʼ .
¿jaw chi ʼ xata ʼ che x kam ri u mam ri po ʼx ?
e kebʼ kekʼam bʼik pa tuj .
xin loq ʼjun japa ri wokaj ja .
ria xtu ʼbʼ , kʼo qulaj chech .
jas karaj kaʼan chutza kik leti ʼij .
xu tij lewa .
xim bʼal re tzij .
x pa x ri bʼo ʼj .
we kawajka tinto ʼo xaq xu wi kabʼij chiwe .
jas nu kʼu kuch ʼo bʼo .
jas karaj ku tijo ?
xe x ru xla bʼ ri rik il .
e ni tz ʼa ʼq le taqimul .
we tane inxin bʼano w ik , are le ate ʼ k x bʼano wik .
kin tzalij pa le nu tina mit .
ri nu chaq ʼ kʼopa u ro ʼq ʼatoj tijo nik pari tijo bʼal .
xin xi ʼj wi bʼ xin ch ʼawik .
kʼo ch waro ʼch le pare .
chi raqan kabʼin wiri tata ʼ .
x sachon kan uya ʼik le p waq che choja .
xin q ʼaxchik ixo ʼl ri win aq .
ketiko nik .
ri u lew man qech taj , kech riqati ʼ tqamam .
xepe le win aq xol kikʼama ʼ .
xu loq ʼri wuj ru mal ri ali .
chewe q ʼij kamik kʼo jun nu tzijo nem chi rij le nu tina mit .
kej ri ʼ .
x kuna na laq chwe .
kin u si kʼij lenunan .
ri i mul xu ch ʼij taj , xkanaj pa bʼe, ru mal ri nimal ku jaluj ri i mul , xu tzaq ria nim .
ku bʼan ri u xoq ʼo ʼl ri aj tz ʼaq .
ri la si bʼalaj utz chekuna bʼal .
kʼi kiwach rie ʼ ajchaki bʼ pari komon tyo x, kʼate kʼut xa jun chi ajaw xel ;
x qata chixa tulik .
kawaj chi kat ʼek .
ch ʼuti ʼn kekanaj ri xaja bʼ chech .
kaqaxi ʼj qi bʼ kaqachapo .
e kʼo kebʼ u kʼajol le tat x wa n.
lu ʼ su bʼi ʼ ri rech am .
aj chiu wi ʼ mi q ʼin ja ʼ ri lu ʼ .
xin ya kan le nu chi mpa kʼay bʼal .
kʼatex ri lo, xpe ri u na n che utzukuxik , x kikotik , xu sala bʼisaj ri taqu xkin .
x kikʼut chi u wach ri aj tij xuquje ʼ chi kiwach ri taqnik ʼaj kach il .
utz le nu q ʼa bʼ .
kul le al we ʼl pa austin chaq ʼa bʼ kamik .
riate ʼ k x tzaq loq arechi kʼopa u wi ʼ riq ʼa ʼm .
aj patan ri te ʼk .
xatqaj chiupam ri il .
la kʼo tzij na kikʼoxo maj taj ?
x sachon chkechi xea tinik .
ro nojel le u lewe cha laq .
la xe bʼe kʼula xe ʼ kijaqa kʼule uchi ʼ ja ?
xaq kat ch ʼok na jiwir .
kamik kʼo chiri jastaqa we .
arechi ʼ kakʼis ri juna bʼ kʼoq ʼi nom .
pa nawal ja ʼ xina le xik .
na xin ta taj we are ri akʼal kix tzuqu wik .
¡ ru lew risa bʼ u lo ne ru lew ri n eftali, u bʼe ri polo w , ru lew ri jordan, galile ʼ akech ri je taq amaq ʼ !
rax, rax, rax, kʼo kʼ , kʼo kʼ , kʼo kʼ le ru xla bʼ le taq tiko ʼn .
a chixa twi lo .
paqal rajil le pix kamik .
xoj bʼin ik .
pa jun je ʼl tijo bʼal ku tijoj ri bʼ juna kʼal , u bʼi ʼ po ʼ x, utz ku ri lok e pa tijo bʼal ro nojel taq q ʼij .
x waj chix at ʼe taj .
utz la ʼle xu bʼij le achi .
weta ʼam jachin kapetik .
kin q ʼojoma nik .
xin q ʼi ʼo tak ʼalik xin petik .
are ʼ reta ʼm che kinopa nik .
areta bʼal eqa qajaw chat to ʼwik .
kawin aq waqi bʼ q ʼataj .
na qaj chik cheri u waq kaj bʼal aretaq chi ʼ k sach u wach riq ʼij , kok riq ʼe q u ʼm chu wachu lew , chi kʼate ʼ nari bʼe le je bʼ kaj bʼal .
jo bʼ raqan ri tz ʼalam xeporo xik .
si bʼalaj korij ri mop .
arewa ʼ .
jela ʼ pari ti minit ch wikab yok rech xelaj u ʼ, le qa na nqa tat kakitikoj e ʼl alaj taqu wach ichaj .
kʼaxnuqul .
xu ʼl u kʼama ʼ .
koj ul kitzukuj .
are man kʼax taukuna xik aretaq anin aq ka ʼilitaj we ya bʼil al xuquje ʼmojo ʼ qakuya ʼle kʼax kʼolil chech le jolomaj .
ri we l kʼopa tijo nik .
kawaj kin bʼij .
ri kotz ʼi ʼj kqakoj chiupam ri ja .
q ʼe q q ʼoj rij ri ama ʼkej .
na x waj taj xin ch ʼawik .
ch peta bʼal e loq ʼalaj ja bʼ .
x sachon chke x at kisi kʼij .
e leq ʼal ch ʼich ʼ .
jachin xa wi lo chi are x tijo w ri ti ʼj ?
ma taka bʼe le nu x bʼal pa le tina mit .
pim ru q , ri ali .
¿ kʼo rim uq ʼe chi awech ?
kqabʼij man kekowin taj .
kintij na.
kʼo jun qa tʼu ʼ y paja !
kʼo puj chiupam rich ʼa ʼk .
aretaq kin kosik kinwa rik .
x at wa ʼik xin wilo
in xin ch ʼayow le achi .
konojel ri ala xik ke ʼ etz ʼa nik .
jas ru kʼ x kitij wi le kirik il ?
anin aqil kat petik .
na rax tau wach le juyu bʼ .
ri tz ʼalam tz ʼi bʼa bʼal rax k kayik .
we chat chakunik , kʼo awa.
ma ʼtam x at pe cheri wa ʼim .
kamul kin wa ʼ na.
ri sik il ktijo w ru kʼik .
kim bʼe aq ʼan ru kʼ le alta lin .
xoj ʼek xe ʼ qila la rqasok .
xe kiq ʼil le ajchaki bʼ xkiwok leja .
ma tane x waj le kʼuh j nem ru kʼ le ate ʼ k .
are xe ʼopan chiuchi ʼ ri juyu bʼ , xkilo chiman qas tak ʼoq ʼayes .
kʼate kʼut , ri jesus man kkojon tach kech rie ʼ are ʼ , ru mal rech che konojel reta ʼm kiwach ,
pa ʼ tz rij ri tz ʼi ʼ .
juwin aq waqi bʼ q ʼataj .
ate laq ʼom .
xaq at jo ʼs .
ri q ʼa tzu, are q ʼalaj ri uq ʼij il .
ajchak we ala .
u bʼe le juka kʼal taqanik (29) .
kebʼ nu bʼi ʼ kʼolik .
la katzalij lu ʼla anin aq ?
katzukun la chwe .
la kaj la koj bʼe ʼ pa le chomal chwe ʼ q ?
xin na bʼej chu tasik qa kʼoli bʼal .
la l xinto ʼ wik .
si bʼalaj ano ʼji bʼal .
xoj petik xol qa kʼama ʼ .
si bʼalaj je ʼ lik ri u wa ʼl ri ichaj .
kʼax wij ru mal in pa cha lik .
aretaq xu kʼu lmaj wa ʼ xu l ri u chomanik xu bʼij : are utz wa aq ʼa bʼ kinwalij ik , are cha ʼ chanim kinopan pa tijo bʼal , maj chikin kʼu lmaj .
ojaj xojo lo bʼ pa awasq ʼij .
xin sach che le u wokik le tzij .
e jula juj ri akʼ .
xuta jampa ʼ koj ʼek .
qilik .
ri tijo xel man areta nim chu wach ri raj tij . ri utz tijo xel qas jeri ʼ kʼolik jas ri raj tij .
in x atin ch ʼa yo .
no ʼjim chak wu mal .
ch ʼur ri jo ch ʼ .
in kin bʼij na kat sach taj .
uj maya bʼ .
ri abʼaj ya tzalik .
tajin kepix bʼax ri a kʼala bʼ .
chom ri aq .
xin wa rik .
elemen konojel ria kʼala bʼ .
tajink q ʼa na rik ri we re ʼaj .
le u kemik lepas utz ( chawe ) .
xuyu pu bʼa u wach ra ʼ chi, kacha ʼ, .
risa tanas kok pari judas ri kbʼixiska ri ʼo tech rech , riare ʼ jun ch kixo ʼl rie kabʼ la juj .
chu chu ri par .
kinqumuj ri nu jo ch ʼ .
chech punción lumbar amaq ʼel rajawa xik chech ri lik le u kʼex bʼem wi le na bʼe ru kʼ le u kabʼ u kʼutu nem leya bʼil al .
q ʼalaj chin akawaj taj kabʼij .
kʼo q ʼol chi rij risi ʼ .
jawi xoj ʼewi chu loq ʼik ?
kʼo u loch ʼri talin .
q ʼan rij ri ati ʼ tnukej .
la x tzalij la iwir ?
xe si kʼixik , kʼate kʼu ri ʼ xe ya jik , xuquje ʼ xetaq bʼi che u si kʼik le mes .
la kix wa rik ?
are kʼu lepa loma x xu bʼij che: - mam kat bʼison taj , kin si kʼij nik ʼaj wachi ʼl kerapapik .
a ʼ re e tijo xela bʼ .
ri alaj ali si ʼl xu bʼij x qachap pa utz al ri tyo x.
x sachon chke jachin xe a tinik .
jas xu rayij le anan xu tijo ?
xin ko sik .
rax ro nojel riq ʼayes ru mal leja bʼ .
kin ya wa ʼ we ch ʼich ʼ pinem na utz .
no ʼjim upach ʼuxik le nu wi ʼ .
naj kʼowi le wo ʼch chu wach le tijo bʼal .
ri okibʼal kʼochi u wach ri saq ja .
xe nu taq ch ʼij ke kil le a kʼala bʼ .
kʼo jun q ʼox owem chiwe .
tzaricho ʼm .
we choj bʼe pa le nimaq ʼij , keq il le aj xojo lo bʼ .
xoj ʼek xe ʼ qila la rqasok .
ri ate ʼ k xuta ʼ chech ri na nto ʼn :- na n jas che ʼ chiman kaj tala qa kʼati saj ri jo ʼ q .
ri pa l si bʼalaj xu ʼ y .
kin koj ri jo kbʼal u lew .
inkin bʼij na kat sach taj
at raj kun le nu na n.
ku qamuju joron ri aj tzij .
lu ʼ tz ʼalam u bʼi ʼ ri achi kel pa nim che ʼ .
je ʼ lik u ti ʼjol al ri saq ko ʼ r.
kʼo jun xa ʼ rpaja.
xin loq ʼjun kʼakʼ patan .
kʼax u kemik le pasa wu mal .
anin aq u kemik le pasa wu mal
rich ʼa ʼn sachin aq pa taqa bʼix .
rax taq le kotz ʼi ʼj .
me som kanoq riupam ja .
man aretar alax ko sik .
ri komon xe chpup rech uq ʼa bʼ tina mit xo ʼla bʼaj rech q ʼu markaj .
la utz akik kʼu su bʼ tajinku ʼa no ?
kate la !
na xu tij taj .
xa ru mal keta ʼm konojel ri win aq kkiqumuj leja ʼ .
iwir xuj tzalij la pa kʼay bʼal .
qeta ʼm cheri qawaku juto ʼo .
ri aj tij , kya jon chikech ria kʼala bʼ .
jas u bʼanom le nu ch ʼuti tat ?
chwe ʼ q kin bʼe pa nim tina mit .
utz we kiweta ʼmaj jas ku bʼij ri chol bʼal q ʼij .
tajin katjilo w che uq ʼoxom jolomaj .
xin tik q ʼax chi u wach ri ja .
kʼax le kibʼe le win aq .
loq ʼ kat kun taj che leya bʼil (covid -19) .
ri nu xi bʼal kel paqaj bʼal q ʼij .
x ri l ri axwan chix wa ʼ ri ala .
le ali x kuna tajik .
weta kape leja bʼ kamik .
xin weta ʼmaj china x at pe taj .
rip waq rech we q ʼataj ri ʼ kesax chech ri toj bʼal kʼayi nem .
k tij ri u wa ʼlik ru mal ri kinimaq ʼij .
xuchapuku na xik .
chatan loq ali .
xin xu li ʼ qa jo q .
je ʼ lik ktijo w ri taq iko x.
kʼate kʼu ri le tat xo ʼr xu bʼij , man kawaj taj , man kawaj taj .
kʼo jun tz ʼi ʼ pa bʼe .
kamul xin pe che atzukuxik .
man tajin takin chakunik .
kin chakunik rech kat wa ʼik .
jas ru kʼ x awil wichi x kiqupij wil eti ʼj .
ja su bʼixik … ?
koq ʼ ria kʼal .
kawaj na kat ʼe taj .
x at q ʼajik .
wem nacha loq ʼaxiyal , na kim bʼe ta a wu kʼ .
xopan le wuj a wu kʼ ru mal we chin .
are kʼut pa le juyu bʼ kkʼiy joron, chila ʼ xe kikʼam awi rija ʼ ri win aq .
koq ʼ ria kʼal .
we kʼo a rajil cha kʼamal oq .
are si bʼalaj kaq leapo ʼt chu wach le nu po ʼt .
xin kʼas taj pa kabʼ la juj kaj bʼal .
kaqoy ʼej nak ixpe taj .
ko kaxim ri chij xa jela ʼ man kanimaj ta bʼik .
ri kok nojim x bʼek , xu ch ʼij oxopan pa u kʼis bʼalil lea nim .
xoj ki ʼ kotik aretaq xatulik .
kaqitz ʼ naj ri uxa ja bʼ ri a kʼal .
ri jesusk wa ʼkat pari nim rachoch ri dyos, chu xe ʼ ri jun ja che rachoch ri salo mon .
we taqanik ri ʼ ku bʼij chi rajawa xik kya ʼ uq ʼij ri win aq xuquje ʼ kto ʼ anin aqil .
ria xu x are na ri ukunel ri kin aq ʼ .
aretaq wa ʼri uq ʼijol we taqanik .
kʼo jun ta bʼal pa u wi ʼ rix kanul u bʼi ʼ la juj no ʼj .
yu ʼl u bʼanom ri u kolo bʼrikej .
xa nimaj ri akʼal chiu wach ri u chuch .
k kuna n ri achi .
kin wa ʼik rech na kin yowaj taj .
aj xik ch ʼich ʼri lu ʼs .
k waj che ix kix bʼano wik .
a ʼ re xeto ʼwa laq .
xoj ʼek xe ʼ qila la rqasok .
xin loq ʼjun ch ʼich ʼ, qajin aq u wach .
ku tʼis ri pantalo n.
e janipa le awal kʼwa le kʼolik ?
utzukemik lepas chawe .
rimax are aj q ʼani ya ʼ .
mata bʼ achiri q kʼax pa le bʼe .
tajin kanimaj , ri me ʼ s .
ixi xe ʼ laq ʼoma bʼ !
x sachan chwe.
e kʼo kʼi che ʼ , chi u wach ri juyu bʼ .
arewa ʼri nimalaj pixa bʼe arewa ʼ ri na bʼe .
x reta ʼmaj chiru kʼpakʼ ku tij wi
jas utz akik le su bʼ xu ʼa no ?
aj xo ʼy ri wikan .
we tane a ʼre xe tijo w le rik il , are le komon xe tijo wik .
si bʼalaj anin aq kach ʼaw le are ʼ chi nu wachin .
utz we kinchakuj .
me ʼ sla ʼ .
kʼo kanwa rech kaqatijo .
xin si kʼij la .
ria kʼal x sach kanoq jela ʼpa taq ʼaj .
xe si kʼij la .
jawi x kibʼij wi chike ʼewi ?
ru mal che , man ix tari ʼ rik ix ch ʼawik , are ri ru xla bʼ axel ri i tat ri ʼ rik ch ʼaw na i wu kʼ ri ix .
kʼakʼ ri wachoch .
si bʼalaj utz kin wil le atz ʼya q rech nahu ala .
saq por k kay ri kipo ʼt ri na n.
x sachon ri nu chak chwe .
wa ʼim xu chapo .
riq ʼaq ʼ tajin kajuluwik .
naj il upam ri si wan .
e kʼo ri qachal al pa chiu wi ʼ la .
jas xa taq chi ʼj lea kʼal chu tijik ?
no ʼjimukemik le pasa wu mal .
kʼo jun ku ku bʼi ʼ tin tin, wa ʼle laj ku kmam kaj eqitaj , kapaqi kaxulik pa u wi ʼ uq ʼa bʼ taq che ʼ , si bʼalaj sak ʼaj , ke ʼ uto le e nima ʼq , ch ʼuti n, rachi ʼl , aj sipanel si bʼalaj utzra nima ʼ .
ri u pixa bʼ leq ʼat bʼaltzij kiya ʼu bʼixik .
na x sachon tachke xe a tinik .
xeq il le chikop pu wi leja .
x lo ʼ taj ri akʼal .
qo nojel kuj wa ʼ pa u wi ʼ rimex a.
x si kir le waqan .
la x at wa ʼ kʼut ?
nim u bʼaq ʼri tulul .
kin xik ʼi kʼik xin q ʼaxik .
la kat bʼe pa le tina mit ?
ri pa l si bʼalaj saq ʼo r.
k q ʼoxo w nu jalom .
xin na ʼo chi kat petik .
x loq ʼu lew iwe chix .
xin chakun ru kʼ ri numam .
na x qabʼantaj .
k kʼoji ʼ bʼa ʼ ri u sipa nik ri ajaw xel jesusk ri sto ru kʼ ri aw uxla bʼal !
kin ch ʼaw ru kʼ le nu na n pa le ch ʼa we bʼal .
si bʼalaj q ʼe q u ʼm ru mal ri mayu l .
are leba xu lik .
xe kos le ixoqi bʼ pa le bʼe .
kʼax ri lik lea kʼal chawe .
xin q ʼi ʼ oxi na tin pa joron .
si bʼalaj nim le tina mit .
kʼax u kemik le pasa wu mal .
xin sachik .
tajin kel u kikʼel pa raqan ri tz ʼi ʼ .
xin weta ʼmaj ri lik wi bʼ
ri q ʼ uq ʼ are jun je ʼl chikop.
kʼopa jatijo bʼal ri wi kaq ʼ .
ri sachi bʼal mak raj wa xik chiqa xo ʼl .
je ʼ, kim bʼek .
jela le ʼri nu p wi ʼ .
xu bʼij che: - jas x abʼanot intin ?
kabʼan juntoq ʼo bʼ kyak ri nu jal .
kat ʼe k xin ta .
jas le u kʼex bʼem ri bʼ le jun ru kʼ le jun chik ?
aj chiu wi ʼ mi q ʼin ja ʼ ri lu ʼ .
ri tijonel naj kpe wi.
te ʼ kixcho bʼ u bʼi ʼ ri nu tat .
ri ja ʼ kamiq ʼik chi u wach riq ʼaq ʼ .
ri tʼu ʼ yk paq ʼowik .
kin meson na .
na qaj at kʼowi chiwech .
xin bʼiso nik taqna x at pet taj .
we x kam ri win aq, rip waq rech toj bʼal makaj kya ʼ chikech ri rala xik .
ri nu na n x bʼe pa kʼay bʼal .
xoj u kʼamu loq rech koj ri lo
x kʼoto chinchi kiwach chikin wa ʼ a wu kʼ .
na xkikamsaj taj x kikʼam bʼi choja .
kʼakʼ ri ikʼ kamik .
xim bʼe ru kʼ le aj kuniwir .
ri lik .
le tz ʼi ʼ xe kosik .
xin kiko ta wu mal .
ri i mul xu maj ria nim , xuya kan le kok .
kʼo oj cheri a kʼal .
xuj bʼe pa jun kʼula nem .
utz we k waral aq .
kaqilo china koj u kʼam taj .
x reta ʼmaj chiru kʼ pa kʼkutij wi.
si bʼalaj xin kʼa ʼ na rik .
xin kochij ri nu wa .
man kat kowin taj kat chakunik , we man kʼota ri ajila bʼal .
we wo non xu bʼij chike :- ki xinto .
ri ala nim kril wiri u mam .
x ka ʼy chi rij , x ka ʼy chu wach , ma kʼo tachi jun k silo bʼik , xoq ʼik xu xe ʼj ri bʼ x ch ʼopi nik x tzalij loq xu riq tachik ri u bʼe .
kʼo pus cheri wa .
pinem na kabʼe lewatz, kim bʼe wi in pa ka ʼyi bʼal .
ri na nto ʼn nim win aq chik, saqu wi ʼ, ro nojel aq ʼa bʼ utz kuna ʼo ka tʼuyi ʼ pa utem , ku miq ʼisaj ri bʼ chori q ʼij , kʼo junu wi ʼ u mam u bʼi ʼ ate ʼk .
man e kʼi taj ri qula ʼ .
q ʼalaj china kawaj taj kabʼij
x paqa bʼisax rajil ro nojel ri kem .
kʼo pari jul ri ku matz .
ro nojel q ʼij kin ch ʼaj le nu ware .
saq chikan le ichaj rech katzako .
chu xe leq achomal kaqatij wi jun q ame q ʼin .
chawila ʼ .
e kʼo jo bʼ u mi ʼ al, ri nu tat .
jas ru kʼ x awil wi
je ʼ jas ri win aq rech ri u wachu lew , xoquje ʼ kepena ri ʼ rie ʼ are ʼ che e rech ri u wachu lew ; je ʼ jas ri win aq rech ri kaj , xoquje ʼ kepena ri ʼ rie ʼ are ʼ e rech ri kaj .
xin tijo .
k tz ʼu juw ri rachoch ripo ʼx .
xuq ʼi ʼo are le u kʼu lel xya ʼo w u wa .
ri awel x reta ʼmaj chi rajawa xik man ku xe j tari bʼ cheri tukur .
ju kʼulaj win aq xe ʼa nimaj bʼik .
je ʼ, xin tzalij ik .
xoj petik xol qa kʼama ʼ .
maj jachin x ʼe k .
in aj tij ; at tijo xel .
saq u wi ʼ ri tata ʼ .
we ch ri kem .
le ro ʼch le ate ʼ k kʼoch wach le u kʼay le nu na n.
kbʼe pari si ri ʼ a e pari silisi ʼ a, jawi je ʼ kuya wiri kichuq ʼa bʼ ri komon tyo x.
pixa bʼ : man utz taj kʼax kuj ch ʼaw chikij nik ʼaj qach il .
x kuna taj le ali ( ku mal ri ixoqi bʼ ).
rixi bʼi bʼal chi kʼowi pa taq ri qa kʼas lemal ro nojel q ʼij .
na kuj wa rta waral .
on chek kʼoji ʼ ri utzil chi xo ʼl , are ch junam ri qa kojonik , junam ri iwe chix ru kʼ ri we chin .
pa ox q ʼij risa ʼn kbʼe na ru kʼ ri aj kun .
kawin aq wuqu bʼ .
jas kawaj kin tijo ?
weta x at bʼe wu kʼ pa le tina mit , xa loq ʼta la ʼle u jastaq le ak ʼajol .
ke bʼe pa wa ʼim .
xin loq ʼ kʼiwa .
pa jun nim kʼa che ʼlaj , kʼo jun kʼwa ʼ si bʼalaj saq loloj , nimu wach .
k waj katij ju bʼa ʼ wa.
ro nojel win aq kril nari u kolo nem ri dyos » .
x kʼoto chinchi kiwach chikin wa ʼ a wu kʼ
k waj na kat ʼe taj .
la xa loq ʼ juna lej ?
e kʼo rie loq ʼoma nel .
riu kabʼ u bʼi ʼ ri numam are ya y .
kin jopij ri i ja ʼ rech triko .
x na ʼtaj chke xe a tinik .
xate ʼ qila ʼ .
kakitij alan xa x ri win aq .
. . . kin bʼij chi arewa ʼ sinxi ʼ an.
na xin na bʼej ta chu tasik qa kʼoli bʼal .
ru mal rech chewe ri in, kin ch ʼaw ru kʼ ri dyos pa ch ʼa bʼal , kch ʼaw na kʼu ri ʼ ri wu xla bʼal ru kʼ ri dyos, kʼate kʼut man kʼota u patan ri ʼ ch rech ri nu choma bʼal .
xepetik xkilo .
xuta we kat ʼek .
utzukemik lepas chawe .
ri nu wakax xu tij jun q ʼoq ʼ ru mal ri ʼ x kamik .
ru mal ri kʼix, man kewa ʼtaj ri win aq .
xe ʼu lik .
q ʼe q rij ri ama ʼchij .
x raj ka ʼe le u na n.
junam ki juna bʼ .
naq ʼalaj taj weka ʼe k .
ri wix nam ch ʼajch ʼoj ri rachoch .
waral man kʼotaj ajawal .
na iwi rtax ri l le kʼamol bʼe .
xin pe loq te kʼu ri ʼ xin tzukuj ro nojel ri nu rajil .
ri aj tikonel kutik ri tzij .
kʼo e kik ʼajol le achija bʼ .
ku tij q ʼayes ri ixpa ʼch .
pari wa ʼbʼal e kʼo kawin aq achija bʼ .
si pojin aq ri n upam .
kaya ʼtajik ru kʼuti ʼo nem jun ri u riqom le ya bʼil amolot setsé xuquje ʼ are kaya ʼtaj pa taq ri juyu bʼ .
jachin ri achi ?
ri numam x kamik aretaq kʼo jumuch ʼla juju juna bʼ .
kin kowinik kin kʼam bʼi lep waq .
kin wilo chi utz ri aji ʼ .
xin q ʼil riapo ʼx cheman kachakun taj .
k wa ʼ chi u wach le taq ʼaj ri ama ʼ akʼ.
ri i mul xe poq ʼik pa jun ikʼ .
x kʼis kanoq ri qachak .
are ri alixoj ilo w kanoq .
si bʼalaj ch ʼu ʼj ri amax .
kʼo nu wachi ʼ .
inchajinel kech le a kʼala bʼ .
xe kos letz ʼi ʼ .
kin bʼe na ku kʼ ri molaj .
ro nojel aq ʼa bʼ kinyi tz ʼri wakax .
karapi nik xutzukuj chi jun awaj .
le u kemik le pa san in aq ( a wu mal ).
maj u rajil leq ʼa bʼ are l .
kʼax ri ʼ ri kach ʼawik .
xoj u taq chi ʼj le achi chu loq ʼi kichaj .
si bʼalaj kʼax rix kʼu lma xik .
xkilo chin akin kʼoxo maj taj .
x na ʼ taj chkechi xea tinik .
x kʼoto chinchi kiwach chi xoj al wo ʼ qaku kʼ .
jun q ʼu ʼ q rajil ri kaxla ʼn wa .
xin wilo chi xe ʼ e lik .
e kʼo ixoqi bʼ pa le kʼay bʼal .
man kʼotaj u kʼisik ri maya bʼaj la bʼalil .
ri si n kkʼiy pa taq ʼaj .
rich ʼima man kkʼiy taj pa taq ʼaj .
rajawa xik kji kik ri waq än .
kawaj kin ʼe k .
e kʼo oxi bʼakʼ .
xu bʼij ch we jawi at kʼowi .
chwe ʼ q kuj bʼe ʼ pa muquj .
pa saq kʼa ja ʼ kbʼan wiri uq .
xoj kisi kʼij .
xin wil wi bʼ .
chaq ʼchik ri wa .
kim bʼe na kapa le wo ʼch .
kawaj kin ʼe k .
rich ʼu ʼk tij ru kʼ lej .
pari kiq ʼij kamin aqi bʼ kbʼan q ʼori kʼya ʼ rech aj : na bʼ eri na n kutzukuj kan ri aj , kujach ʼo ʼ xuquje ku kʼeto .
jas kaj bʼal chanim ?
utz u chomanik ri ali .
pari q ʼij oxla juj tija xkin kʼis kebʼ juna bʼ kinchakun waral .
si bʼalaj ko , ri kʼakʼ ch ʼat .
jas karaj ku bʼij … ?
rich ʼich ʼ kasila bʼik .
pa ojer q ʼal pul xaq xu wiri nim win aq kekʼamo w bʼe .
le u ku na xik le u kabʼ u kʼutu nik are ru kʼ e flor nitina on utuni bʼaxik le nifurtimo x chi ʼ le flor nitina chech t. b . g.
are ri achi xin ch ʼayowik .
jun achi u bʼi ku ʼx u sipaj kebʼ kʼa ʼmu lew rech kabʼan ri tijo bʼal , kamik , kʼochik aj tij rech ri komon xe chpup .
xu mal tyo xij cheri aj tij ro nojel le xu kʼut chi u wach .
pari bʼe xkiraq junalaj i mul saq rij , x kikʼam bʼik .
x ri l le bʼa le ala .
jas ku bʼij chwe ?
le u ku na tajem are ru kʼ utzukuxik le u chikopil pa junu solik u xe ʼ le kikʼon le ja ʼ rech jun nodo .
utz wen utz ʼi ʼ .
je ʼ , tajin kachapo nik .
kin u loq ʼoj le nu tat .
kawaj kim bʼe pa tina mit .
are la ʼ kinchakuj .
ri nima ʼq taq win aq kʼoketa ʼma bʼal .
weta x at bʼe wu kʼ pa le tina mit , xa loq ʼ tawa ʼwe jastaq .
ri kikʼas lemal . wa iximu lew xa jun chima areta tini mit ri ma
riu kʼ ya bʼal naj upam .
xatqaj chiupam ri il .
nojim kat wa ʼik .
we kʼo jun ktu qa ʼ rik , ¿ la man xoquje ʼ taj kin tuqa ʼ r ri in ?
ojoj wokolja .
awas kbʼan kʼax che jun nim win aq .
xin ch ʼaw apan ru kʼ lewa na bʼ .
kʼax riupam ri ju ʼl .
tajin kewa ʼ ri imul .
la kaj la kuj tzalij la anin aq ?
ru mal rech cheri makaj man kʼota u kowinem pi wi ʼ ri ix : ri ixman ix kʼo tachich u xe ʼ ri pixa bʼ, xane ix kʼo chu xe ʼ ri sipa nik .
nim raqan le che ʼ .
xin chapo .
are le tu ʼr le loq ʼoma nel .
xa skat kʼoji ʼ chiupam rich ʼich ʼ .
si bʼalaj nim raqan ri kʼamal bʼe .
le tz ʼi bʼa bʼal we chin .
in xin to ʼw la .
xaje kʼu ri ʼ ri ix kamik ri ʼ man ixkaxlan win aq tachik ; ri ix, ix rech ri kitini mit rie tyo xlaj taq win aq, ix rech ri rachoch ri dyos .
xin tiko xlaj kʼal ichaj .
kaqariqqi bʼ chwe ʼ q .
si bʼalaj utz cheri wi ʼaj ri tuney .
we na jupulik ta xe qajik . . .
xin to ʼtaj cheri nu chak .
kʼo jun chikopu bʼi ʼ pum .
poq on ri ik .
xoj bʼin ik .
xuch ʼe kro nojel le re tamanik xpaqi ʼ k kʼax kwʼi nik xu bʼanaj kun .
kel u bʼik pari jude ʼ a ek tzalij chi u bʼi jumul pari galile ʼ a.
xina xi bʼij pa bʼe .
je ʼl kʼo lem chi awachoch .
ro nojel ri ya ʼtal il pa we q ʼataj , tz ʼaqat kiwach , man ktzaq ta kanoq xuquje ʼ man k tas taj .
xuku naj le ya wa bʼ le aj q ʼij .
chi tata bʼej jas le kim bʼij .
ch ʼan al ri achi .
pa bʼo ko ʼ kachakun wiri tax .
uj kʼopa u wuq q ʼij .
ki ʼ ri u kabʼ ria qaj .
kʼo rachal alpatz ʼoloj che ʼ ri pe ʼl .
xkilo chikin kʼoxo maj .
ri u kisakʼ utzk ya ʼik chi u xe ʼ ri tiko ʼn .
aretaq chi ʼ kaq ʼan pu wi ʼ ri juku bʼ , ri achi che x kʼoji ʼ ri itzel uxla bʼal ru kʼ , ku tach rech ri are ʼ , arechk kʼoji ʼ ru kʼ ri are ʼ .
na kabʼantaj ta wu mal .
x na ʼtaj chke xe a tinik .
xin paj ri nu triko .
xe ʼ ok ri pok ʼ pari umexaripo ʼx .
kajuluw ri aq ʼa ʼl chi u xe ʼ ri tʼu ʼ y .
awech le ja .
xuj bʼe patz u rik .
na bʼe xa topanik .
riu kabʼ u bʼi ʼ ri numam are ya y .
u waj xaq u ka kʼal taqanik (28) .
mata kʼo jun kakanaj kanoq , qo nojel koj bʼek .
e nima ʼq le al toma bʼ .
nimu wach ripo ʼt .
kojonik pari utzij wa iximu lew .
jas xu kʼam bʼi letz ʼi ʼ xa wilo ?
xin petik, tat .
ri bʼelaj u wach .
chi tata bʼej jas rikim bʼij .
je ʼl ku na ʼ ri abʼix chiupam ri ququ lew .
kin bʼisoj u wach lewal .
xu tʼuyu b ʼa ʼ .
nim ria we q e le ʼ n xa riqo .
xine ʼ wa ʼo q .
chi ʼ kewa rwi lea kʼala bʼ .
ri nu mi ʼal xutaq loq jun taqo ʼm wuj chiwe .
q ʼe ʼ lik , ri chaj pari bʼe .
la utz awach ? -utzmal tyo x , e kʼu ri at ? – utz malty ox.
xin kos ru mal nu chak .
kbʼe ku kʼ rie ʼ are ʼ e k tzalij pari na sarete ke ʼu nimaj .
ri joj xu kʼam bʼik ri akʼ .
kʼochi wachi ʼl chanim .
ku bʼij chech na ʼl kabʼan cheri atz ʼi bʼ .
e . . . in kawaj katzjoj bʼi la chwe .
mat axin ya j le ali.
jachin ru kʼkat bʼe wi ?
kʼo si bʼalaj eta ʼma bʼal pari maya bʼ no ʼji bʼal .
e man xo ri jupuq kej .
kasu mum ri kaqiq ʼ .
e kʼokaji bʼa kʼala bʼ pa le bʼe .
je ʼ jas ri u tat k ka ʼyik .
xaq at molonel tzij tal .
le nu tat kaloq ʼon chwe .
xaq tane kim bʼei wu kʼ .
x reta ʼma juch ʼaj ik .
ru mal la ʼx koj “ x al q ʼat ” che u bʼi ʼ ri komon .
are le u kemik pas x reta ʼmaj .
ri wa ti ʼt ku bʼan nari u patan .
kʼakʼ le po ʼt .
reta ʼm u wach jachin x loq ʼo w ri pas .
kench ʼa bʼej lea kʼala bʼ .
ya ʼtal chaqe qo nojel ri uj win aq utz kaq ilqi bʼ .
x koti ʼ paq ʼayes xoq ʼik .
kawin aq bʼe le je bʼ q ʼataj .
e kʼokaji bʼ ral ri i mul , jun saq , jun q ʼa n, jun q ʼe q , jun q ʼeqoj , si bʼalaj ketz ʼa nik , kech ʼopi nik ri alaj taqimul .
kcholol ri achachal .
kete kik ri ikʼ .
xe petik rech kewa ʼi wu kʼ .
tzatz ri uq ʼa nil ri akʼ .
xoj tzalij ik xi xe ʼ qaq ʼatuj ku kʼ le ita tina n.
ri yo ʼ xtaqa kʼala bʼ kekikʼux ri atz ʼya q .
we achiwe xu sipaj jun po ʼt chwex kamik .
k kowin ri kuna nel che kuna nik .
xjiq ʼ pari polo w .
xa ru mal si bʼalaj rajawa xik le loq ʼalaj ja ʼ, le win aq x kibʼij : chewe ikʼ ri ʼ qo nojel kuj bʼe che utik ik taq che ʼ .
ri u na ne rie rachal al ke pe u loq ru kʼ riare ʼ , kʼate kʼu ri ʼ, man kekowin taj keqi bʼ u koq ru kʼ , ru mal rech che e kʼosi bʼalaj win aq .
ru mal rech , che man kʼota jun kkowin che u kojik juntiki bʼalil chik chu wach ri kojom chik che are ri jesusk ri sto .
te kʼu ri ʼ x utz ʼi bʼaj ri bʼ pari nimalaj tijo bʼal rech aj ku ʼn .
kajuluw rich ʼu mil chaq ʼa bʼ .
kʼis bʼal kanoq , xoquje ʼ k kam ri ixoq .
le ala xokik .
kʼo p waq pa u wi ʼ ri me xa .
arekawaj na kin ʼe taj .
ri ya wal ku koj ri alichi u xe ʼ ri cha kach are u su ʼt .
na kaqakʼam tu ʼbʼi kamik .
ri aj tij ku bʼij chike : rajawa xik keqa chajij ri awaj , are u tiko ʼn ri ajaw .
xin tij mukun iwir .
kʼax le u wi ʼ taq le nu q ʼa bʼ .
xin loq ʼjunil bʼal wi bʼ .
wa ʼ we q ʼij , nimu bʼantajik .
riu xe ʼ al ri qa tina mit man kasach taj .
xoj bʼin ik .
ri achal al junam kiwach .
xin weta ʼmaj ri lik wi bʼ .
nim ri una ʼoj waj tij .
mi q ʼin ri kʼul .
aj q ʼojom ri ate ʼk .
che le sa nik che ʼ kbʼan wiri q ʼojom .
kape le awel pa n awalja ʼ .
rimeso nel tajink chakunik .
utz chaqe kaqato ʼqi bʼ , taq kʼo kʼax kʼolil , kate we chi ʼ n ri ajaw paqawi ʼ .
xa wi lo, x q ʼatan lei bʼo y .
x at kowinik xa bʼano .
ki ʼ ri kʼawex .
kajil il ri bʼe .
le ali xel bʼik .
are ʼ x raj xin bʼano .
nim we abʼaj .
je ʼ lik u ti ʼjol al ri saq ko ʼ r.
nojin aq ri kej .
we katijan xu xma nkatuto ʼ tachi uq ʼat ixik le kʼakʼ ya bʼil corona virus ( 2019- ncov).
na nim ta raqan wa ʼwe che ʼ .
utzalaj ajchak , ri we l .
¿jam pa ʼ kuj bʼe pa nimaq ʼij ?
rajawa xik ta nela ʼkat chakun wu kʼ .
xutaq chi ʼj pa wa ram pu lew .
man aretari ax wa n xelik .
ri awi x xu loq ʼ rachoch re nimal .
are ri ixoq xin si kʼin u loq .
rich ʼi ma kʼat ʼon na .
la xi bʼan le ichak ?
kʼi tina mit e kʼopa ch ʼo ʼj .
kʼo jupuq chij chi u xe ʼ ri che ʼ .
riu xaq ria bʼix are u wari kej .
kawin aq q ʼataj .
la ki xpe pa tijo bʼal ?
we kechajix taq le kʼwa jachakin bʼij ; juna lik kʼo ja ʼ xuquje ʼ si bʼalaj saq lo loj .
x reta ʼmaj .
ri ala bʼom ri al itoma bʼ tajinki kitijoj kibʼ rech su taq , are kakaj ki kibʼan nimaq achija bʼ chupam ri kikʼas lemal , xuquje kʼochik jupuq bʼixonel chupam ri komon .
la tz ʼu wach ri bʼe .
kʼakʼ riach ʼich ʼ .
qo nojel uj , uj ma ya bʼ taq win aq .
nojel q ʼij ri ati ʼ xkuyuq ʼuj le taq awaj jela ʼ pa nik ʼaj ja ʼ, chi rij ri juyu bʼ u bʼi ʼ te na ʼ .
paq ʼom chik ri si ʼ .
kin tzuku n che la .
kakitij le kin aq ʼ, le ichaj , le u wa ʼlik ru kʼ le j .
xe kanaj kan le ajchaki bʼ .
ketikon ri achija bʼ .
si bʼalaj itzel u bʼantajik rich ʼil akan .
ri ate ʼ k xu mal tyo xij cheri rati ʼt , ru mal ri utzalaj no ʼji bʼal xu kʼut chech .
k kamul ixu chak ri abʼix .
la xin utzukuj le tijo xel ?
are ʼ kachakun ro nojel q ʼij .
le e kʼa ʼ na taq tz ʼi ʼ .
saq rij ri plam u x .
jas xaq ʼi ʼ oxa tijo .
jas ru kʼ xkichap wi u tijik le rik il ?
we katatin ru kʼ kʼata nja ʼ man kuq ʼatej ta le kʼakʼ ya bʼil corona virus .
la kat bʼin pa le uxlan bʼal ?
la waral kʼuxix wa ʼwi ?
are le nu tat kin loq ʼo nik .
tajin kchakun ri ala .
kʼo riki ʼ kotemal a wu kʼ .
xuta jachin ka ʼe k .
x at wa ʼik xin wilo .
x tzaq ri rachoch ru mal ri ja bʼ .
pa le jun ikʼ chik are nimaq ʼij .
e kebʼäm kebʼin pa u wi ʼ ri tem .
mem ri achi .
ri wi kanchali ʼ y kel pa juyu bʼ ch wi tziri bʼal .
le rajil , la paja xel aq ʼax wu ʼ bʼik ?
pari su ʼt pisom wiri lej .
koj petik kolqa kʼama ʼ .
tajin kat ch ʼopin chi u wach ri taq ʼaj .
leq ʼo rx ch ʼuqik .
kʼax wa ʼimaw u mal .
kin bʼis on che lewal .
si bʼalaj kʼo kʼ ri awatz ʼya q .
kamik xuj bʼe che utik ik taq che ʼ pari juyu bʼ .
kin u loq ʼoj le nu tat .
chaqi ʼj chik ri chaj .
xyi lix hawa yi .
na x na ʼtaj tachke chi xea tinik .
ru kʼ kʼu wa ʼ we ri ʼ, ri ixk kʼoji ʼ jun utzalaji kʼas lemal ri ʼ ch kiwach ri win aq che man e kʼo tai wu kʼ , kʼate kʼu ri ʼ man kʼota jun win aq ri ʼ rajawa xik chiwech .
e petin aq pa bʼe le rachala xik .
kakaj le a kʼala bʼ kewa ʼik .
xuj ch ʼay bʼik .
ri nu chak are q ʼaxel tzij .
kʼo nar uxla bʼ ri awaj .
tajin kel loq , riq ʼij .
xu q ʼi ʼ ox kam sax ri rachal al choch .
ri numam are kʼo uq ʼi nomal .
x kʼu lmataj jumul , xu bʼan jun nimalaj ja bʼ , man x bʼeye taj tana xu kʼis le uyu q ʼ chike .
ama ʼri nu tz ʼi ʼ .
jewa ʼkat petik .
xin kosik ru mal xin chakunik
iwe ch chi jujunal , ri wa .
xu q ʼi ʼ on axata tin taj .
in riq tajin aq pa ri kʼayi bʼal .
na weta ʼm taj .
kʼax le nu q ʼa bʼ .
utz le xu bʼij leachi.
kematz ʼi bʼ .
kʼo rachal alpatz ʼoloj che ʼ ri pe ʼl .
ro nojel wa ʼ we jastaq ri ʼ, xas k sach wi u wach wa ʼ ; ru kʼ we ri ʼ, ri ix, rajawa xik che kʼo jun tyo xla ji kʼas lemal e kkʼoji ʼ ri ich ʼawem ru kʼ ri dyos,
x muq taj ri patz ʼan .
rich ʼich ʼ tzijom kanoq pa ri u kʼol bʼal .
man kʼota u cholaj pa taq ri a wuj .
jachike ikʼ le u nimaq ʼij le tina mit na walja ʼ ?
xe petik xol kikʼama ʼ .
kachuq ʼ chu tri ja ʼ chi apam .
xin bʼij iw ir chi xe bʼe pa armita.
are ʼu xe ʼ ojer tzij waral kʼi che ʼu bʼi ʼ .
x kʼis ri nu si ʼ .
jawi x kibʼij wi chike ʼewi ?
¡ xaje kʼu ri ʼ, jachin taq rie kʼo pari jude ʼ a, chi chanim che ʼ a nima ju bʼi pa taq ri juyu bʼ,
kʼakʼ ri a bʼ .
la kʼo jun na kakʼoxo maj taj ?
na utz ta le u tʼisom le almariy .
man ya ʼtal taj chi awe katok paja.
je ʼ, xatutzukuj .
are kel waj xaqi bʼ uq ʼij rix kʼojik .
ri xun ku rkkʼoji ʼ pa taq ri triko .
xin sachik .
xu tʼuyu b ʼa ʼ
na nu tom ta le tzij …
wach ʼom ri kiwari no ʼs .
e kʼojo bʼ ch ʼil wakʼ .
rajawi xik chi pa taq ri tijo bʼal , pa nik ʼaj u bʼixik chik
ri rajaw ru lew are ʼ tat kel .
we kʼu xokik , we kʼ na xok ta
we achi xu sipaj jun pʼo t chwe .
a tat u taqo ʼn leq ʼatal tzij .
naq ʼan tau wach leqap ru t .
ri xa ʼ r kʼopa u wi ʼ riq ʼaq ʼ k poq ʼowik .
ri roq ʼej ri ali jachak pe juna kʼal .
kʼo junalapa tijo bʼal .
säq u wi ʼ ri tata ʼ .
ri wi tz ikʼ tajink pe loq .
jawix sachon wi kan uya ʼik le p waq che .
utz we achiwe xin kuna nik .
qo nojel kuj wa ʼ pa u wi ʼ rimex a.
ri kaxla ʼnik man poq on taj .
in xin bʼe ru kʼ ri wachi ʼl .
si bʼalaj je ʼl xkilo xe kitz oqopij ri kichij chila ʼ .
kin bʼinik xin ʼek .
kʼax kʼolik , kacha ʼ .
ku tij ixim ri akʼ .
ri ali x chel , xu q ʼi ʼ oxa jun akʼ xsipax che .
x qasik ʼij le ixoq chutza kik su bʼ .
mata xa bʼinsaj le ch ʼich ʼ .
ri pix tz ʼara lik ru mal rieqa ʼn .
¿jam pa ʼ kel chi 3%
kʼo jun nu kʼotoj chi ʼaj .
tajin kewa ʼkat ri ala bʼom .
xin loq ʼ le nu kʼa kʼapo ʼt .
na utz akik tasu bʼ tajin ku ʼa no
xoj u taq chi ʼij xoj wa ʼik .
iwech ri abʼix .
saq rij ri chij .
aj sik cheri tina mit kel wiri tata ʼ .
- ¡ ay ! xa xin tzaqu loq , kʼax we waqan .
x kʼu lmataj pa jun komon chi ʼ u wach jun juyu bʼ , xu ri qa jun q ʼij xkiriq kibʼ junimul ru kʼ le kok .
jas xa taq chi ʼj lea kʼal chu tijik ?
xin chapo su xu loq ʼo .
q ʼi nom ri achi .
ri kʼum ktijo w ru kʼ kabʼ .
tajin kejach ʼa nik .
tz e bʼal u kemik le pasa wu mal .
areka yo ʼw le u chikopil le u bʼantajik try panos oma brucei.
we kat nima nik utzkelik .
pero no ʼjimal pet n aq loq , .
are le nu chak jun tz uq bʼal wi bʼ .
x kuna x le ya wa bʼ ru mal le aj q ʼij .
riu kʼu ʼx tz ʼi bʼ paqa tzijela juj .
si bʼalaj je ʼ lik rieqa bʼal xu bʼan ri lu ʼs .
si bʼalaj at kon .
e man xo ri jupuq kej .
na x na ʼtaj tachke xe a tinik .
ri kʼamal bʼe xu bʼij chike, chi majaria nim .
jumuch ʼri nu juna bʼ .
q ʼip tajin aq ri raqan ri tem .
k chakun ru kʼ ri jos bʼal che ʼ ri aja nel .
xa taq chi ʼj lea kʼal chu tijik kar .
oj kʼopa le ro ʼch le awel .
¿ la kat peq u kʼ chwe ʼ q ?
le win aq pa le ch ʼich ʼe tʼuyu llo wi.
x kanaj kanoq chi u xe ʼ ri ja bʼ rich ʼa ʼn .
nim rij a.
weta xa kunaj lea tat ma tax kam la ʼ .
na nu kʼamom tu ʼla ri ʼ .
ch qa nu kʼu ʼ ri qa tzij .
kim bʼe pa le tina mit .
xin q ʼi ʼ on axin atin taj .
rajawa xik kakʼaman chawe le u tijik le lej .
kʼis bʼal taqno ʼji bʼal .
