x in e ʼwa ʼoq.
xkib ʼan kʼax che le u wo saq rumal man u tz tachik akay ik.
ri qʼu tuʼm man kech tale akʼalab ʼ .
are na nim talea tz ʼiʼ chu wach le nu tz ʼiʼ.
xe petik xol kilaʼ.
¿jaw chiʼ xa taʼ che x kam ri u mam ri po ʼ x ?
e keb ʼ kekʼamb ʼik pa tuj.
x in loqʼjun japa ri w okaj ja.
ria x tu ʼb ʼ, kʼo qulaj chech.
jas karajka ʼan chu tz akikleti ʼij.
xu tijle wa.
x imb ʼal re tzij.
x pa x ri b ʼo ʼ j.
we kawajka tin toʼo x aq xu wi kab ʼij chiwe.
jas nu kʼu kuchʼob ʼo.
jas karaj ku tijo?
xe x ru x lab ʼ ri rik il.
e ni tz ʼaʼ qle taqimul.
we tane in x inb ʼanow ik, are le a te ʼ k xb ʼanow ik.
kin tz alij pale nu tinamit.
ri nu chaqʼ kʼopa uro ʼ qʼatoj tijonik pa ri tijob ʼal .
x in x iʼ j wib ʼ x in chʼawik.
kʼo ch waro ʼ chle pare.
chi raqan kab ʼin wiri tataʼ.
x sach on kanu yaʼik le p waq che choj a.
x in qʼax chiki xo ʼ l ri winaq.
ketiko nik.
ri ulew man qech taj , kech ri qatiʼ tqamam.
xe pe le winaq xol ki kʼam aʼ.
xu loqʼ ri w uj rumal ri ali.
chewe qʼij kamik kʼo jun nu tzijonem chirij le nu tinamit .
kej riʼ .
x kunan alaq chwe.
ki nu si kʼij le nu nan.
ri i mul xu chʼij taj, x kanaj pa b ʼe, rumal ri nimal kujal uj ri i mul , xu tzaq ri anim.
kub ʼanri u xo qʼo ʼ l riaj tz ʼaq.
ri la sib ʼalaj u tz che kunab ʼal .
kʼi ki wach rie ʼ aj chakib ʼ pa ri komon tyox , kʼate kʼut xa jun chi ajaw xel ;
x qatachi xatulik.
kawaj chik atʼek.
chʼu tiʼnke kanaj ri xa jab ʼ chech.
kaqa xiʼ j qib ʼ kaqa chapo.
e kʼo keb ʼ u kʼajolle tat x wan.
lu ʼ sub ʼiʼ ri rech am .
aj chiu wiʼ m iqʼin jaʼ ri lu ʼ.
x in yakan le nu chim pa kʼay b ʼal .
kʼatex ri lo , x pe ri unan cheu tzu kuxik , x kikotik , xu salab ʼisaj ri taquxkin.
xki kʼut chiu wach riaj tij xu qujeʼ chiki wach ri taqni kʼaj kachil.
u tz le nu qʼab ʼ.
kulle al we ʼ l pa austin chaqʼab ʼ kamik.
ria te ʼ k x tzaq loq are chi kʼopa u wiʼ ri qʼaʼm.
aj patan ri teʼk.
x atqaj chiu pam ri il.
la kʼo tzij naki kʼoxomaj taj ?
x sach on chkechixe a tinik.
rono jel le ulewe chalaq.
la xe b ʼe kʼulaxe ʼ kij aqa kʼu leu chiʼ ja?
x aq kat chʼok na jiwir.
kamik kʼochiri jastaq awe.
are chiʼ kakʼis ri junab ʼ kʼo qʼinom.
panawal jaʼ x in ale xik.
na x in tataj we are ri akʼal ki x tzu quwik.
¡ rulew ri sab ʼ u loner ulew ri neftali, ub ʼe ri polow, rulew ri jord an, gal ile ʼ akech ri je taqam aqʼ !
rax , rax , rax , kʼo kʼ, kʼo kʼ, kʼo kʼ le ru x lab ʼ le taq tiko ʼ n .
achix at wilo.
pa qal raj il le p ix kamik.
x oj b ʼinik .
pa jun jeʼ l tijob ʼal ku tijoj ri b ʼ jun akʼal , ub ʼiʼ po ʼ x , u tz kuri lo kepa tijob ʼal rono jel taq qʼij.
x waj chix atʼe taj.
u tz laʼ le xub ʼij le achi.
we taʼam jachin ka petik.
kin qʼojoma nik.
x in qʼiʼot akʼalik x in petik.
are ʼ re taʼm cheki no panik.
are tab ʼale qa qajaw chatto ʼwik.
ka winaq waq ib ʼ qʼataj.
na qaj chik cheri u waq kaj b ʼal are taq chiʼk sach u wach ri qʼij , kok ri qʼeq u ʼm chu wach ulew, chi kʼate ʼ nari b ʼeleje b ʼ kaj b ʼal .
job ʼ raqan ri tz ʼalam xe poro xik.
sib ʼalaj ko ri j ri mop.
are waʼ.
je laʼ pa ri timinit chwi kab y ok rech xe laj u ʼ , le qanan qatat kaki tiko jeʼ l alaj taq u wachich aj.
kʼax nu qul.
xu ʼ lu kʼam aʼ.
ko jul kitzu kuj.
are man kʼax ta u kunaxik are taq aninaq kaʼ ilitaj we yab ʼilal xu qujeʼ mojo ʼ qa kuyaʼ le kʼax kʼolil chech le jolom aj.
ri wel kʼopa tijonik.
kawaj kinb ʼij.
riko tz ʼiʼ j kqa koj chiu pam ri ja.
qʼeq qʼoj ri j ri am aʼ kej.
na xwaj taj x in chʼawik.
ch pe tab ʼale lo qʼalaj jab ʼ .
x sach on chke xat kisi kʼij.
e le qʼal chʼi chʼ.
jachin xa wi lo chi are x tijow ri tiʼ j ?
ma takab ʼe le nu xb ʼal pale tinamit.
p im ru q, ri ali.
¿ kʼo ri mu qʼe chi awech ?
kqab ʼij man ke kowin taj.
kin tijna.
kʼo jun qatʼu ʼy pa ja!
kʼo p uj chiu pam ri chʼaʼk.
are taq kin kosik kinwarik.
xat waʼ ik x in wi lo
in x in chʼayow le achi.
kono jel ri ala xikke ʼ etz ʼanik.
jas ru kʼ xki tij wile ki rik il ?
aninaq il kat petik.
naraxta u wach le juy ub ʼ.
ri tz ʼalam tz ʼib ʼab ʼal raxk kay ik.
we chat chakunik, kʼo awa.
ma ʼ tam xat pe cheri waʼim.
kamul kin waʼ na.
ri sik il k tijow ru kʼik.
kimb ʼe a qʼan ru kʼ le altalin.
xo jʼe k xe ʼ q ilalar qas ok.
xe ki qʼil le aj chakib ʼ xki w ok leja.
ma tane xwaj le kʼuh jnem ru kʼ le ate ʼ k.
are xe ʼo pan chiu chiʼ ri juy ub ʼ, xkilochi man qas tak ʼo qʼayes.
kʼate kʼut , ri jesusman k kojonta chkech rie ʼ are ʼ , rumal rech che kono jel re taʼm ki wach,
pa ʼ tz rij ri tz ʼiʼ.
ju winaq waq ib ʼ qʼataj.
a te laqʼom.
x aqat joʼs.
ri qʼatzu, are qʼalaj ri u qʼijil.
aj chakwe ala.
ub ʼelej u ka kʼal taqanik (29) .
keb ʼ nub ʼiʼ kʼolik.
la katz alij lu ʼ la aninaq ?
katzu kunla chwe.
la kaj la koj b ʼe ʼ pale chomal chweʼq?
x in nab ʼej chu ta sikqa kʼolib ʼal .
lalxin toʼwik.
sib ʼal aja no ʼ jib ʼal .
x oj petik xolqa kʼam aʼ.
sib ʼalaj jeʼ lik ri u waʼ l ri ichaj.
kʼax wij rumal in pa cha lik.
are taq xu kʼul maj waʼ xu l ri u chomanik xub ʼij : are u tz waa qʼab ʼ kin wa lijik , are chaʼ cha nim kino pan pa tijob ʼal , maj chikin kʼul maj.
o jaj xo jolob ʼ pa awas qʼij.
x in sach che leuw okik le tzij.
e julaj uj ri akʼ.
xu ta jampa ʼ kojʼek.
qilik .
ri tijoxel man are ta nim chu wach ri raj tij. ri u tz tijoxel qas je riʼ kʼolik jas ri raj tij.
in x atin chʼayo.
no ʼ jim chak w umal.
chʼur ri jo chʼ.
in kinb ʼij nakatsach taj.
uj may ab ʼ .
ria b ʼaj ya tz alik.
tajinke p ixb ʼax ri akʼalab ʼ.
chom ri aq.
x in warik.
e lemen kono jel ria kʼalab ʼ .
tajin kqʼanarik ri we reʼaj .
leu kemik le pa su tz ( chawe ).
xu yupub ʼau wach raʼchi, kachaʼ,.
ri satanas kok pa rijudas ri kb ʼix iskar iʼotech rech , ri are ʼ jun chki xo ʼ l rie kab ʼ laj uj.
chu chu ri p ar.
kin qum uj rinujo chʼ.
chech punción lumbar am aqʼel rajawa xik chech ri lik leu kʼexb ʼem wile nab ʼe ru kʼ le ukab ʼ u kʼutunem ley ab ʼ ilal.
qʼalaj chi na kawaj tajkab ʼij .
kʼo qʼol chirij risiʼ.
jawi xoj ʼe wichu loqʼik ?
kʼo u lo chʼ ritalin.
qʼan ri j ria tiʼt nu kej .
la x tz alij la iwir?
xe si kʼixik, kʼate kʼu riʼ xe yajik , xu qujeʼ xe taqb ʼiche u si kʼikle mes.
la kix warik?
are kʼulepa loma x xub ʼij che: -mam katb ʼison taj, kinsi kʼij ni kʼaj wa chiʼ l ke rapa p ik.
aʼre e tijoxel ab ʼ.
ri alajal is iʼ l xub ʼij x qachappa u tz al ri tyox.
x sach on chke jachin xe a tinik.
jas xu ray ij le anan xu tijo?
x in ko sik.
rax rono jel riqʼay es rumal le jab ʼ .
kin ya waʼ we chʼi chʼpi nem nau tz .
no ʼ jimu pach ʼuxik le nu wiʼ.
naj kʼow ilew o ʼ ch chu wach le tijob ʼal .
ri okib ʼal kʼochiu wach ri saq ja.
xe nu taq chʼij kekille akʼalab ʼ .
kʼo jun qʼoxowem chiwe.
tza ri choʼm.
we choj b ʼepa le nim aqʼij, keq il le aj xo jolob ʼ .
xo jʼe k xe ʼ q ilalar qas ok.
ri at e ʼ k xu taʼ chech ri nanto ʼ n :- na n jas che ʼ chi man kaj tal aqa kʼat isaj ri jo ʼ q.
ri pa l sib ʼalaj xu ʼy.
kinkoj ri jo kb ʼal ulew.
in kinb ʼij nakatsach taj
at raj kun le nu nan.
ku qam uj uj oron riaj tzij.
lu ʼ tz ʼalam ub ʼiʼ riachi kelpa nim cheʼ.
je ʼ lik u tiʼjol al ri saq ko ʼ r.
kʼo jun x aʼ r pa ja.
x in loqʼ jun kʼakʼ patan.
kʼa xu kemik le pa saw umal.
aninaq u kemik le pasaw umal
ri chʼaʼn sachinaq pataq ab ʼix .
rax taq le ko tz ʼiʼ j.
me som ka noq riu pam ja.
man are tara la xkosik.
ri komon xe ch puprechu qʼab ʼ tinamit xo ʼ lab ʼaj rech qʼumar kaj.
la u tz a kikkʼu sub ʼ tajinku ʼa no ?
kate la!
naxu tij taj.
xa rumal ke taʼm kono jel ri winaq kki qum uj le jaʼ .
iwir x uj tz alij lapa kʼayb ʼal .
qe taʼm che riqa wakuj u toʼo.
riaj tij, kyaj on chikech ri akʼalab ʼ .
jasub ʼanom le nu chʼuti tat ?
chweʼq kinb ʼepa nim tinamit.
u tz we ki we taʼmaj jas kub ʼij ri cholb ʼal qʼij.
tajinkat ji low cheu qʼoxom jolom aj.
x in tik qʼax chi u wach ri ja.
kʼax le kib ʼe le winaq.
loqʼ kat kuntaj che ley ab ʼil (covid -19 ).
ri nu x ib ʼal kelpa qaj b ʼal qʼij.
x ri l ria x wanchi xwaʼ ri ala.
le alix kuna tajik.
we tak a pe le jab ʼ kamik.
x in we taʼmaj china xat petaj.
ri p waq rech we qʼataj riʼ kesax chech ri toj b ʼal kʼay inem .
ktij ri u waʼ lik rumal riki nim aqʼij.
xu chapu kunaxik.
chatan loq ali.
x in xu liʼ qajoq.
je ʼ lik k tijow ri taqik ox.
kʼate kʼu ri le tatxo ʼ r xub ʼij, man kawaj taj, man kawaj taj.
kʼo jun tz ʼiʼ pa b ʼe.
kamul x in pe chea tzu kuxik.
man tajin takin chakunik.
kin chakunik rech kat waʼik.
jas ru kʼ xa wil wichi xki qupij wilet iʼ j.
jasub ʼixik … ?
koqʼri akʼal.
kawaj nakat ʼe taj.
x at qʼajik.
we m na cha lo qʼaxiy al , na kimb ʼe taaw u kʼ .
xo panle wujaw u kʼ rumal we chin.
are kʼut pale juy ub ʼ k kʼiy joron , chilaʼ xe kikʼamawi ri jaʼ ri winaq.
koqʼri akʼal.
we kʼo a raj il cha kʼamal oq.
are sib ʼalaj ka qleapo ʼ t chu wach le nupo ʼ t.
x in kʼastaj pa kab ʼ laj uj kaj b ʼal .
kaqoy ʼej nakix petaj.
ko ka xim ri chij x aje laʼ man ka nimaj tab ʼik .
ri kokno jim xb ʼe k, xu chʼi joxo pan pa u kʼisb ʼal il le anim.
x oj kiʼkotik are taq xa tulik .
ka qi tz ʼ naj ri ux ajab ʼ ri akʼal.
ri jesusk waʼkat pa ri nim rachoch ri dyos, chu xe ʼ ri jun jache rachoch risa lomon.
we taqanik riʼ kub ʼij chi rajawa xik kyaʼu qʼij ri winaq xu qujeʼ kto ʼaninaq il.
ria xu x are nari u kunel ri kinaqʼ.
are taq waʼ ri u qʼijol we taqanik.
kʼo jun tab ʼal pa u wiʼ ri x kanul ub ʼiʼ laj uj no ʼ j.
yuʼ lub ʼanom ri u kolob ʼ ri kej .
xa nimaj ri akʼal chiu wach ri u chu ch.
kkunan riachi.
kin waʼik rech na kinyowaj taj.
aj xik chʼi chʼ ri l u ʼ s.
kwaj che ixki xb ʼanow ik.
aʼre xe to ʼwalaq.
xo jʼe k xe ʼ q ilalar qas ok.
x in loqʼjun chʼi chʼ, qaj inaq uwach.
ku tʼis ri pan talon.
e janipa le awal kʼwale kʼolik ?
u tzu kemik le pas chawe.
ri max are aj qʼa ni yaʼ.
ma tab ʼ achi riq kʼax pale b ʼe.
tajin ka nim aj, ri meʼs.
ix ix e ʼ laqʼomab ʼ !
x sachan chwe.
e kʼo kʼi cheʼ, chiu wach ri juy ub ʼ.
are waʼ ri nim alaj p ix ab ʼe are waʼ rinab ʼe .
x re taʼmaj chi ru kʼ pa kʼ kutij wi
jasu tz akikle sub ʼ xu ʼa no ?
aj xo ʼ y ri wikan.
we tane aʼ re xe tijow le rikil, are le komon xe tijowik.
sib ʼalaj aninaq ka chʼaw le are ʼ chi nu wach in .
u tz we kin chak uj.
me ʼ s laʼ.
kʼo kan wa rech kaqa tijo.
x in si kʼij la.
ri akʼal x sach ka noq je laʼ pa taqʼaj.
xe si kʼij la.
jawixkib ʼij wichi keʼe wi?
rumal che, man ix ta riʼ riki x chʼawik, are ri ru x lab ʼaxel ri i tat riʼ rik chʼaw na iw u kʼri ix.
kʼakʼri wachoch.
sib ʼalaj u tz kinwille a tz ʼyaqrech nahuala.
saq por kkayri kipo ʼ trinan.
x sach on ri nu chak chwe.
waʼ im xu chapo.
ri qʼaqʼ tajinka julu wik.
na jil u pam ri si wan.
e kʼo ri qachalal pa chiu wiʼ la.
jas x ataq chiʼ j le akʼal chu tijik ?
no ʼ jimu kemik le pa saw umal.
kʼo jun ku kub ʼiʼ tintin, waʼ le laj kuk mam ka jeqitaj , ka paq ika xu lik pa u wiʼ u qʼab ʼ taq cheʼ, sib ʼal ajsa kʼaj , ke ʼuto lee nim aʼq, chʼutin, rachiʼ l, aj sipa nel sib ʼalaj u tz ra nim aʼ.
ri u p ix ab ʼ le qʼatb ʼal tzij kiyaʼub ʼixik.
na x sachonta chkexe atinik.
xe qille chiko p p uwileja.
x lo ʼ tajri akʼal.
qono jel kuj waʼ pa u wiʼ ri me xa.
x siki r le waqa n.
laxat waʼ kʼut ?
nim ub ʼaqʼ ri tulul.
kin xi kʼi kʼik x in qʼaxik.
la katb ʼe pale tinamit ?
ri pa l sib ʼalaj saqʼor.
k qʼoxow nu jalom.
x in naʼo chik at petik.
x loqʼ ulew iwe chix.
x in chakun ru kʼri num am.
na x qab ʼan taj.
kkʼoji ʼ b ʼaʼ ri u sipanik riajaw xel jesus k ri sto ru kʼ ria w ux lab ʼal !
kin chʼaw ru kʼ le nunan pale chʼaweb ʼal .
sib ʼalaj qʼeq u ʼ m rumal ri may ul.
areleba xu lik.
xekos le ix oq ib ʼ pale b ʼe.
kʼax ri lik le akʼal chawe.
x in qʼiʼox inatin pa joron.
sib ʼalaj nim le tinamit.
kʼa xu kemik le pa saw umal.
x in sachik.
tajin kelu kikʼel pa raqan ri tz ʼiʼ.
x in we taʼmaj ri lik wib ʼ
ri qʼu qʼ are jun jeʼ l chikop.
kʼopa ja tijob ʼal ri wika qʼ.
ri sachib ʼal mak rajwa xik chi qa xo ʼ l.
je ʼ, kimb ʼe k.
je la le ʼ ri nu p wiʼ.
xub ʼij che: - jas x ab ʼan otintin ?
kab ʼanjun toqʼob ʼ kyak ri nu jal.
katʼek x in ta.
jas leu kʼexb ʼem ri b ʼ le jun ru kʼ le jun chik ?
aj chiu wiʼ m iqʼin jaʼ ri lu ʼ.
ri tijonel naj kpe wi.
te ʼ kix chob ʼub ʼiʼ ri nu tat.
ri jaʼ kam iqʼik chiu wach ri qʼaqʼ .
rit ʼu ʼ y kpa qʼowik.
kinmeson na.
na qajat kʼowichi wech.
x inb ʼisonik taq na xat pet taj.
we x kam ri winaq, ri p waq rech toj b ʼal ma kaj kyaʼ chikech ri r alaxik.
ri nunan xb ʼepa kʼayb ʼal .
xo ju kʼam uloq rech koj ri lo
x kʼoto chin chiki wach chikin waʼaw u kʼ.
na xki kamsaj taj xki kʼamb ʼichoja.
kʼakʼ ri ikʼ kamik.
x imb ʼe ru kʼ le aj kuniwir.
ri lik.
letz ʼiʼ xekosik.
x inkikot awumal.
ri imul xu maj ria nim , xuyakan lekok.
kʼo oj cheri akʼal.
x uj b ʼepa jun kʼulanem.
u tz we kwar alaq.
ka qilo china koj u kʼam taj.
x re taʼmaj chi ru kʼ pa kʼkutij wi.
sib ʼalaj x in kʼaʼ na rik.
x inkochij ri nu wa.
man kat kowin tajkat chakunik , we man kʼota riaj ilab ʼal .
we w ono n xub ʼij chike: -ki x in to.
ri ala nim k ri l wiri um am.
x kaʼ ychirij, x kaʼ y chu wach, ma kʼotachi jun ksi lo b ʼik , x oqʼik xu xe ʼ j ri b ʼ x chʼopinik x tz alij loq xu riq tachik ri ub ʼe .
kʼo pu scheri wa.
p inem na kab ʼe le watz, kimb ʼe wi in pa kaʼ y ib ʼal .
ri nanto ʼ n nim winaq chik, saq u wiʼ, rono jel a qʼab ʼ u tz ku naʼo kat ʼuy iʼ pa u tem, kum iqʼis aj ri b ʼ chori qʼij , kʼo jun u wiʼ u mam ub ʼiʼ ate ʼ k.
mane kʼitaj riqu laʼ.
qʼalaj chi na kawaj taj kab ʼij
x paqa b ʼisax raj il rono jel ri kem .
kʼopa ri jul ri kumatz.
rono jel qʼij kin chʼaj le nuware.
saq chikan le ichaj rech katzako.
chu xe le qachomal kaqatij wi jun qam eqʼin.
cha wilaʼ.
e kʼojob ʼu miʼal, ri nu tat.
jas ru kʼ x awilwi
je ʼ jas ri winaq rech ri u wach ulew, x oquje ʼ kepena riʼ rie ʼ are ʼ chee rech ri u wach ulew; je ʼ jas ri winaq rech ri kaj , x oquje ʼ kepena riʼ rie ʼ are ʼ e rech ri kaj.
x in tijo.
k tz ʼujuw ri rachoch ri po ʼ x.
xu qʼiʼo are leu kʼulel x yaʼow uwa.
ri awel x re taʼmaj chi rajawa xik man ku xej tarib ʼ cheri tu ku r.
ju kʼulaj winaq xe ʼ a nimaj b ʼik.
jeʼ , x in tz alij ik.
x oj petik xolqa kʼam aʼ.
maj jachin x ʼek.
in aj tij; at tijoxel.
saq u wiʼ ri tataʼ.
wech ri kem .
le ro ʼ ch le at e ʼ k kʼo chwach leu kʼay len unan.
kb ʼepa ri si riʼ a e pa ri silisiʼa, jawijeʼ kuya wiri kichu qʼab ʼ ri komon tyox.
p ix ab ʼ : man u tz taj kʼax kuj chʼaw chikij ni kʼaj qachil.
x kunataj le a li ( kumal ri ix oq ib ʼ ).
ri xib ʼib ʼal chi kʼowipa taq riqa kʼaslemal rono jel qʼij.
na kuj war ta waral.
on che kkʼojiʼ ri u tzil chi xo ʼ l , are ch junam riqa kojonik, junam ri iwe chi x ru kʼri we chin.
pa ox qʼij risa ʼ n kb ʼe naru kʼri aj kun .
ka winaq w uq ub ʼ .
jas kawaj kin tijo?
we tax atb ʼe wu kʼ pale tinamit , xa loqʼ ta laʼ leu jastaq le akʼajol.
keb ʼepa waʼim.
x in loqʼ kʼiwa.
pa jun nim kʼa cheʼ laj , kʼo jun kʼwaʼ sib ʼalaj saq lo loj , nim uwach.
kwaj katij jub ʼaʼwa.
rono jel winaq k ri l nari u kolonem ri dyos ».
x kʼoto chin chiki wach chikin waʼaw u kʼ
kwaj nakat ʼe taj.
la xa loqʼjunale j?
e kʼo rie loqʼom anel.
ri ukab ʼ ub ʼiʼ ri nu mam are ya y.
kin jo p ij ri i jaʼ rech triko.
x naʼtaj chke xe atinik.
x ate ʼ qilaʼ.
kaki tij alan xa x ri winaq.
. . . kinb ʼij chi are waʼ sin xi ʼan.
na x in nab ʼej ta chu ta sikqa kʼolib ʼal .
rumal rech chewe ri in , kin chʼaw ru kʼri dyos pa chʼab ʼal , k chʼaw na kʼu riʼ ri w ux lab ʼal ru kʼri dyos, kʼate kʼut man kʼota u patan riʼ chrech ri nu chomab ʼal .
xe petik xkilo.
xu tawe katʼek.
u tzu kemik le pas chawe.
ri nu wakax xu tij jun qʼoqʼ rumal riʼ x kamik.
rumal ri kʼix, man ke waʼ taj ri winaq.
xe ʼu lik.
qʼe qrij ri am aʼ chij.
x raj ka ʼele unan.
junam ki junab ʼ.
na qʼalaj taj we ka ʼek.
ri wixnam chʼaj chʼoj ri rachoch.
waral man kʼotaj ajawal.
na iwirta x ri lle kʼamol b ʼe.
x in pe loqte kʼu riʼ x in tzu kuj rono jel ri nu raj il.
riaj tiko nel kutik ri tzij.
kʼo e ki kʼajol le achi jab ʼ .
kutij qʼay es ri ix paʼch.
pa ri waʼ b ʼale kʼoka winaq achi jab ʼ .
sip oj inaq ri nu pam.
kayaʼtajik ru kʼu tiʼonem jun ri u riqom le yab ʼilam olot setséxu qujeʼ are kayaʼtaj pataqri juy ub ʼ .
jachin ri achi?
ri nu mam x kamik are taq kʼo jum u chʼ laj ujujunab ʼ.
kinkowinik kin kʼamb ʼ ilep waq.
kinwilo chiu tz riaj iʼ.
x in qʼil ria po ʼ x che man kachakun taj.
k waʼ chiu wach le taqʼaj ri ama ʼakʼ.
ri imul xe po qʼik pa jun ikʼ.
x kʼiska noq riqa chak.
are ri ali xoj ilow ka noq.
sib ʼalaj chʼu ʼ j ri amax.
kʼo nu wachiʼ.
in chajinel kech le akʼalab ʼ .
xe kosletz ʼiʼ.
kinb ʼe naku kʼri molaj.
rono jela qʼab ʼ kin y i tz ʼ ri wakax.
kara pinik xu tzu kuj chi jun awaj.
le u kemik le pa saninaq ( awumal ).
maj u raj il le qʼab ʼ arel.
kʼax riʼ ri ka chʼawik.
xo ju taq chiʼ j le achi chu loqʼik ichaj.
sib ʼalaj kʼax ri x kʼul ma xik.
xki lo chinak in kʼoxomaj taj.
x naʼtaj chkechixe a tinik.
x kʼoto chin chiki wach chi xo jal woʼqa ku kʼ .
jun qʼu ʼ qraj il ri kax laʼnwa.
x in wilochi xe ʼelik.
e kʼo ix oq ib ʼ pale kʼay b ʼal .
man kʼotaj u kʼisik rimay ab ʼaj lab ʼal il.
ri sink kʼiy pa taqʼaj.
ri chʼi ma man kkʼiy taj pa taqʼaj.
rajawa xik kjikik ri waqän .
kawaj kinʼek.
e kʼo oxib ʼakʼ.
xub ʼij chwe jawi at kʼowi.
chweʼq kuj b ʼeʼpam uq uj.
pa saq kʼajaʼ kb ʼan wiriuq.
x oj ki si kʼij.
x in wilwib ʼ.
chaqʼ chik ri wa.
kimb ʼe na kapalew o ʼ ch.
kawaj kinʼek.
ri chʼu ʼ ktij ru kʼ lej.
pa riki qʼij kaminaq ib ʼ kb ʼan qʼo ri kʼyaʼ rech aj : nab ʼe rinan ku tzu kuj kan riaj , ku jachʼo ʼ xu quje ku kʼ e to.
jas kaj b ʼal cha nim ?
u tzu chomanik ri ali.
pa ri qʼijox laj uj tijax kin kʼis keb ʼ junab ʼ kin chakun waral.
sib ʼalaj ko, ri kʼakʼ chʼat.
jas karaj kub ʼij … ?
ri chʼi chʼ kas il ab ʼik.
pa ojer qʼalpul x aq xu wiri nim winaq ke kʼamow b ʼe .
leu kunaxik le ukab ʼ u kʼutunik are ru kʼ eflor ni tinao nu tunib ʼaxik le ni furtimo x chiʼ le flor ni tina chech t. b. g.
are riachi x in chʼay owik.
jun achi ub ʼik u ʼ xu sipaj keb ʼ kʼaʼ mulew rech kab ʼanri tijob ʼal , kamik, kʼochi kaj tij rech ri komon xe chpup.
xumal tyoxij che riaj tij rono jel le xu kʼut chiu wach.
pa ri b ʼe xki raq jun ala jimul saqrij, xkikʼamb ʼik .
x ri lle b ʼale ala.
jas kub ʼij chwe ?
leu kunatajem are ru kʼutzu kuxik leu chikopil pa jun u solik u xe ʼ le ki kʼon le jaʼ rech jun no do.
u tz we nu tz ʼiʼ.
je ʼ , tajinka chaponik.
ki nu loqʼoj le nu tat.
ka waj kimb ʼepa tinamit.
are laʼ kin chak uj.
ri nim aʼqtaq winaq kʼo ke taʼmab ʼal .
we tax atb ʼe wu kʼ pale tinamit , xa loqʼ ta waʼ we jas taq.
riki kʼaslemal. wa ixim ulew xa jun chi maareta tinimit ri ma
ri u kʼyab ʼal na jupam.
x atqaj chiu pam ri il.
no jim kat waʼik.
we kʼo jun ktuqaʼ rik, ¿ la man x oquje ʼ taj kin tuqaʼ r ri in ?
ojoj w okol ja.
awas kb ʼan kʼax che jun nim winaq.
x in chʼaw apan ru kʼ le wanab ʼ.
kʼax ri u pam ri ju ʼ l.
tajinke waʼ ri imul.
la kaj la kuj tz alij la aninaq ?
rumal rech cherima kaj man kʼota u kowinem p iwiʼ ri ix : ri ix man ix kʼot achi chu xe ʼ ri p ix ab ʼ, x ane ix kʼochu xe ʼ ri sipanik.
nim raqan le cheʼ.
x in chapo.
are le tu ʼ r le loqʼom anel.
xas katkʼoji ʼ chiu pam ri chʼi chʼ.
sib ʼalaj nim raqan ri kʼamal b ʼe .
letz ʼib ʼab ʼal we chin.
in x in toʼw la.
x aje kʼu riʼ ri ix kamik riʼ man ix kax lan winaq tachik; ri ix, ix rech ri ki tinimit rie tyox laj taq winaq , ix rech ri rachoch ri dyos.
x in tiko x laj kʼalichaj .
kaqa riq qib ʼ chweʼq.
sib ʼalaj u tz cheri wiʼ aj ri tuney.
we naju pu lik ta xe qaj ik...
x in to ʼ taj cheri nu chak.
kʼo jun chiko pu b ʼiʼ pum.
poqonri ik.
x oj b ʼinik .
xu chʼek rono jel le re tamanik x pa qiʼ k kʼax k wʼinik xub ʼanaj kun .
kel ub ʼik pa ri jude ʼ a e k tz alij chi ub ʼij u mul pa rigal ile ʼa.
x in axib ʼij pa b ʼe.
je ʼ l kʼolem chi awachoch.
rono jel ri yaʼtalil pa we qʼataj , tz ʼaqat ki wach, man ktzaq ta ka noq xu qujeʼ man ktas taj.
xu kunaj ley awab ʼ le aj qʼij.
chi tatab ʼej jasle kimb ʼij .
chʼanal riachi.
pa b ʼoko ʼ kachakun wiri ta x.
uj kʼopa u wuq qʼij.
kiʼ ri ukab ʼ ri aqaj .
kʼo rachalal pa tz ʼoloj che ʼ ri pe ʼ l.
xki lo chikin kʼoxomaj.
ri u kisakʼu tz kyaʼik chiu xe ʼ ri tiko ʼ n .
are taq chiʼ ka qʼanpu wiʼ ri ju kub ʼ, riachi chex kʼoji ʼ ri itzel u x lab ʼal ru kʼ , ku tach rech ri are ʼ , are ch kkʼoji ʼ ru kʼri are ʼ.
na kab ʼantaj ta wumal.
x naʼtaj chke xe atinik.
x in paj ri nutriko.
xe ʼok ri p okʼ pa ri ume xa ri po ʼ x.
kaj uluw ria qʼaʼ l chi u xe ʼ ri tʼu ʼy.
awech leja.
x uj b ʼepa tzu rik.
nab ʼe xa to panik.
ri ukab ʼ ub ʼiʼ ri nu mam are ya y.
u waj x aq u ka kʼal taqanik (28) .
mata kʼo jun ka kanaj ka noq, qono jel koj b ʼe k.
e nim aʼq le al tomab ʼ.
nim u wach ri po ʼ t .
kojonik pa ri u tzij wa ixim ulew.
jas xu kʼamb ʼil etz ʼiʼ x awilo?
x in petik, tat.
ri b ʼelaj uwach.
chi tatab ʼej jas ri kimb ʼij.
je ʼ l kunaʼ ri ab ʼix chi u pam ri quq ulew.
kinb ʼisoj u wach lewal.
xu tʼuy ub ʼaʼ.
nim ria we qe le ʼ n xa riqo.
x in e ʼwa ʼoq.
chiʼke war wile akʼalab ʼ .
ri nu miʼal xu taq loq jun taqo ʼ mw uj chiwe.
qʼe ʼ lik , ri chaj pa ri b ʼe.
la u tz awach? -u tz mal tyox , e kʼuri at ? – u tz mal tyox.
x in kos rumal nu chak.
kb ʼe ku kʼrie ʼ are ʼ e k tz alij pa rinas are te keʼu nimaj.
ri joj xu kʼamb ʼik riakʼ.
kʼo chi wachiʼ l cha nim.
kub ʼij chech naʼ l kab ʼan cheri atz ʼib ʼ .
e . . . in kawajka tz joj b ʼila chwe.
mataxin y aj le ali.
jachin ru kʼkatb ʼe wi?
kʼo sib ʼal aje taʼmab ʼal pa ri may ab ʼ no ʼ jib ʼal .
e man xo ri ju puq kej .
kas u mu m ri kaqiqʼ .
e kʼoka jib ʼa kʼalab ʼ pale b ʼe.
jeʼ jas ri u tatk kaʼ y ik.
x aqat molonel tzij tal.
le nu tat ka loqʼon chwe.
x aq tane kimb ʼe iw u kʼ .
x re taʼmaj u chʼajik.
rumal laʼ xkoj “ x al qʼat ” cheub ʼiʼ ri komon .
are leu kemik pa s xre taʼmaj.
ri wa tiʼt kub ʼan na ri u patan.
kʼakʼ le poʼt.
re taʼm u wach jachin x loqʼow ri pas.
ken chʼab ʼej le akʼalab ʼ.
yaʼtal chaqe qono jel ri uj winaq u tz kaq il qib ʼ .
xkotiʼ pa qʼay es x oqʼik.
ka winaq b ʼeleje b ʼ qʼataj.
e kʼoka jib ʼ ral ri i mul , jun saq , jun qʼan , jun qʼeq, jun qʼeqoj , sib ʼalaj ketz ʼanik , ke chʼopinik ri alaj taqimul.
k cholol riach achal.
ketekik ri ikʼ.
xe petik rech ke waʼiw u kʼ.
tza tz ri u qʼanil riakʼ.
xo j tz alij ik xi xe ʼ qa qʼatuj ku kʼ le itatinan.
ri yoʼ x taqa kʼalab ʼ ke kikʼux ria tz ʼyaq.
we achiwe xu sipaj jun po ʼ t chwe x kamik.
kkowin ri kunanel che kunanik .
x jiqʼ pa ri polow.
xa rumal sib ʼalaj rajawa xik le lo qʼalaj jaʼ , le winaq xkib ʼij : chewe ikʼ riʼ qono jel kuj b ʼe cheu tikik taq cheʼ.
ri unane rie rachalal kepe u loq ru kʼri are ʼ , kʼate kʼu riʼ, man ke kowintaj keqib ʼ u koq ru kʼ , rumal rech chee kʼo sib ʼalaj winaq.
rumal rech , che man kʼota jun k kowin cheu kojik junti kib ʼal il chik chu wach ri kojom chik che are ri jesusk risto.
te kʼu riʼ xu tz ʼib ʼaj ri b ʼ pa ri nim alaj tijob ʼal rech aj ku ʼ n .
kaj u luw ri chʼu mil chaqʼab ʼ.
kʼisb ʼal ka noq, x oquje ʼ k kam ri ix oq.
le alax okik.
kʼo p waq pa u wiʼ ri me xa.
are kawaj nakin ʼe taj.
ri ya wal ku koj ri alichi u xe ʼ ri chakach are usu ʼ t .
na kaqa kʼam tu ʼ b ʼi kamik.
riaj tij kub ʼij chike: rajawa xikke qachajij ri awaj, are u tiko ʼ n riajaw.
x in tijmu kuniwir .
kʼax leu wiʼ taqle nu qʼab ʼ .
x in loqʼjunil b ʼal wib ʼ.
waʼ we qʼij , nim ub ʼantajik.
ri u xe ʼal riqa tinamit man ka sach taj.
x oj b ʼinik .
ri achalal junam ki wach.
x in we taʼmaj ri lik wib ʼ.
nim ri u naʼoj wa j tij.
m iqʼin ri kʼul .
aj qʼojom ria te ʼ k.
che le sanik che ʼ kb ʼan wiri qʼojom.
ka pe le awelpa nawal jaʼ.
ri meso nel tajin kchakunik .
u tz chaqe kaqato ʼ qib ʼ, taq kʼo kʼax kʼolil, kate we chiʼ n riajaw paqa wiʼ.
xa wilo, x qʼatan le ib ʼoy.
xat kowinik x ab ʼano.
kiʼ ri kʼawex.
kaj il il ri b ʼe.
le alixel b ʼik.
are ʼ x raj x in b ʼano.
nim we ab ʼaj.
je ʼ lik u tiʼjol al ri saq ko ʼ r.
noj inaq ri kej .
we ka tijan xu x man kat uto ʼ ta chiu qʼatixik le kʼakʼy ab ʼil corona virus ( 2019- nc o v) .
na nim ta raqan waʼ we cheʼ.
u tz alajaj chak, ri wel.
¿jampa ʼ kuj b ʼepa nima qʼij ?
rajawa xik tane laʼ katchakun wu kʼ .
xu taq chiʼ j pa waram pulew.
man are taria xwan xelik.
ria wi x xu loqʼ rachoch re nimal .
are ri ix oq x in si kʼinu loq.
ri chʼi ma kʼatʼo nna.
laxib ʼan lei chak ?
kʼi tinamite kʼopa chʼo ʼ j.
kʼo ju puq chij chiu xe ʼ ri cheʼ.
ri ux aq ria b ʼix are u wari kej .
ka winaq qʼataj.
la ki x pe pa tijob ʼal ?
we kechajix taq le kʼwa jacha kinb ʼij ; jun alik kʼo jaʼ xu qujeʼ sib ʼalaj saq lo loj .
x re taʼmaj .
ri alab ʼom ri alitomab ʼ tajinkiki tijoj kib ʼ rech su taq , are ka kaj kikib ʼan nim aqachi jab ʼ chupam ri ki kʼaslemal , xu quje kʼochikju puq b ʼi xo nel chupam ri komon .
la tz ʼu wach ri b ʼe.
kʼakʼ ria chʼi chʼ.
qono jel uj , uj may ab ʼ taq winaq.
no jel qʼij ri at iʼ x kuyu qʼuj le taqaw ajje laʼ pa ni kʼaj jaʼ , chirij ri juy ub ʼ ub ʼiʼ te naʼ.
pa qʼom chik risiʼ.
kin tzu kun chela.
kaki tij le kinaqʼ, le ichaj , le u waʼ lik ru kʼ lej.
xe kanaj kan le aj chakib ʼ.
ketik on riachi jab ʼ.
sib ʼalaj itzel ub ʼantajik ri chʼi lakan.
ria te ʼ k xumal tyoxij cheri ra tiʼt , rumal ri u tz alaj no ʼ jib ʼal xu kʼut chech.
k kamulix u chak riab ʼix.
la x in u tzu kujle tijoxel ?
are ʼ kachakun rono jel qʼij.
le e kʼaʼ na taq tz ʼiʼ.
saqrij ri p lam ux.
jas xa qʼiʼox atijo.
jas ru kʼ xkichapwi u tijikle rik il ?
we katatin ru kʼ kʼat an jaʼ man ku qʼatej tale kʼakʼy ab ʼil corona virus.
la katb ʼin pale ux lan b ʼal ?
la waral kʼux ix waʼwi?
are le nu tat kin loqʼonik.
tajin k chakun ri ala.
kʼo ri kiʼkotem alaw u kʼ.
xu ta jachin kaʼ e k.
xat waʼik x in wilo.
x tzaq ri rachoch rumal ri jab ʼ.
pale jun ikʼ chik are nima qʼij.
e keb ʼäm keb ʼin pa u wiʼ ri tem.
mem ri achi.
ri wi kan cha liʼ ykel pa juy ub ʼ chwi tzirib ʼal .
le raj il, la pa ja xel a qʼaxw u ʼ b ʼik ?
pa ri su ʼ t pisom wiri lej.
koj petik kolqa kʼam aʼ.
tajinkat chʼo pinchi u wach ri taqʼaj.
le qʼo rx chʼuq ik.
kʼax waʼ im awumal.
kinb ʼison che lewal.
sib ʼalaj kʼo kʼri awatz ʼyaq.
kamik x uj b ʼe cheu tikik taq che ʼ pa ri juy ub ʼ .
ki nu loqʼoj le nu tat.
chaqiʼ j chik ri chaj.
x y i li x haway i.
na x naʼtaj ta chkechixe a tinik.
ru kʼ kʼu waʼ we riʼ, ri ix kkʼoji ʼ jun u tz alaj i kʼaslemal riʼ chki wach ri winaq che mane kʼota iw u kʼ , kʼate kʼu riʼ man kʼota jun winaq riʼ rajawa xik chiwech.
e petinaq pa b ʼe le rachalaxik .
ka kaj le akʼalab ʼ ke waʼik.
x uj chʼay b ʼik.
ri nu chak are qʼaxel tzij.
kʼo naru x lab ʼ ri awaj.
tajin kel loq, ri qʼij.
xu qʼiʼox kamsax ri rachalal choch.
ri nu mam are kʼo u qʼinomal.
x kʼul mataj ju mul , xub ʼanjun nim alaj jab ʼ, man xb ʼey e taj tana xu kʼis leu yu qʼ chike.
am aʼ ri nu tz ʼiʼ.
je waʼkat petik.
x in kosik rumal x in chakunik
iwech chi jujunal, ri wa.
xu qʼiʼo na x atatin taj.
in riq taj inaq pa ri kʼay ib ʼal .
na we taʼm taj.
kʼax le nu qʼab ʼ .
u tz le xub ʼij le achi.
kematz ʼib ʼ.
kʼo rachalal pa tz ʼoloj che ʼ ri pe ʼ l.
rono jel waʼ we jastaq riʼ, xa s ksachwi u wach waʼ; ru kʼ we riʼ, ri ix, rajawa xik che kʼo jun tyox la ji kʼaslemal e kkʼoji ʼ ri i chʼawem ru kʼri dyos,
x muq taj ri pa tz ʼan .
ri chʼi chʼ tzijom ka noq pa ri u kʼolb ʼal .
man kʼota u cholaj pataq ria w uj.
jachik e ikʼ leu nim aqʼij le tinamit nawal jaʼ ?
xe petik xol ki kʼam aʼ.
kachu qʼ chut ri jaʼ chiapam.
x inb ʼij iwir chi xeb ʼepa armita.
are ʼu xe ʼ ojer tzij waral kʼi cheʼ ub ʼiʼ .
x kʼis ri nu siʼ.
jawixkib ʼij wichi keʼe wi?
¡ x aje kʼu riʼ, jachin taq rie kʼopa ri jude ʼ a, chi cha nim che ʼ a nimaj ub ʼipa taqri juy ub ʼ,
kʼakʼ ria b ʼ.
la kʼo jun naka kʼoxomaj taj ?
nau tz ta leu tʼisom le alma riy.
man yaʼtaltaj chia we katok pa ja.
jeʼ , xatu tzu kuj.
are kel waj x aq ib ʼ u qʼij ri x kʼojik.
ri xu nkur kkʼoji ʼ pataqri triko.
x in sachik.
xu tʼuy ub ʼaʼ
na nu tom tale tzij …
wach ʼom riki wa ri no ʼ s.
e kʼojob ʼ chʼi l wakʼ.
rajaw ixik chi pataqri tijob ʼal , pani kʼaj ub ʼixik chik
ri rajaw rulew are ʼ tat kel.
we kʼu xokik, we kʼ na xok ta
we achi xu sipaj jun pʼot chwe.
a tat u taqo ʼ n le qʼatal tzij.
na qʼan ta u wach leqap rut.
ri x aʼ r kʼopa u wiʼ ri qʼaqʼ kpo qʼowik.
ri ro qʼej ri ali jachak pe jun akʼal.
kʼo jun alapa tijob ʼal .
säq u wiʼ ri tataʼ.
ri w itz ikʼ tajinkpe loq.
jawix sach on wika nu yaʼik le p waq che.
u tz we achiwe x in kuna nik.
qono jel kuj waʼ pa u wiʼ ri me xa.
rika x laʼ nik man po qon taj.
in x inb ʼe ru kʼri wachiʼ l.
sib ʼalaj jeʼ l xki lo xe ki tz oqopij ri kichij chilaʼ.
kinb ʼinik x inʼek.
kʼax kʼolik, kachaʼ.
kutij ixim ri akʼ.
ri alix che l, xu qʼiʼo xa jun akʼ x sipa x che.
x qasi kʼij le ix oq chu tz akiksub ʼ .
mata x ab ʼinsaj le chʼi chʼ.
ri p ix tz ʼara lik rumal rie qaʼ n .
¿jampa ʼ kel chi 3%
kʼo jun nu kʼotoj chiʼaj.
tajinke waʼkat ri alab ʼom .
x in loqʼ le nu kʼakʼapo ʼ t.
na u tzakik ta sub ʼ tajinku ʼa no
xo ju taq chiʼij xoj waʼik.
iwech ri ab ʼix.
saqrij ri chij.
aj sik cheri tinamit kel wiri tataʼ.
-¡ ay ! xa x in tzaq u loq, kʼax wewaqan.
x kʼul mataj pa jun komon chiʼ u wach jun juy ub ʼ, xu riqa jun qʼij xki riq kib ʼ ju nimul ru kʼ le kok.
jas x ataq chiʼ j le akʼal chu tijik ?
x inchapo su xu loqʼo.
qʼinom ri achi.
ri kʼum k tijow ru kʼ kab ʼ.
tajin keja chʼanik.
tz eb ʼal u kemik le pa saw umal.
are kayo ʼ w leu chikopil leub ʼantajik try pa no soma brucei.
we kat nimanik u tz kelik.
perono ʼ jimal petnaq loq, .
are le nu chak jun tzu qb ʼal wib ʼ.
x kuna x ley awab ʼ rumal le aj qʼij.
ri u kʼu ʼ x tz ʼib ʼ paqa tzij elaj uj.
sib ʼalaj jeʼ lik rie qab ʼal xub ʼanri lu ʼ s.
sib ʼalaj at kon.
e man xo ri ju puq kej .
na x naʼtaj ta chkexe a tinik.
ri kʼamal b ʼe xub ʼij chike, chi maja ri anim.
ju much ʼ ri nu junab ʼ.
qʼip tajinaq ri raqan ritem.
kchakun ru kʼri josb ʼal che ʼ riaj anel.
xa taq chiʼ j le akʼal chu tijik kar.
o j kʼo palero ʼ chle awel.
¿ lakat pequ kʼ chweʼq ?
le winaq pale chʼi chʼe tʼu yul lo wi.
x kanaj ka noq chiu xe ʼ ri jab ʼ ri chʼaʼn.
nim ri ja.
we ta xa kunaj le a tatmatax kam laʼ.
na nu kʼamom tu ʼ la riʼ.
chqanu kʼu ʼ riqa tzij.
kimb ʼe pale tinamit.
x in qʼiʼo naxinatin taj.
rajawa xikka kʼaman chawe le u tijik le lej.
kʼisb ʼal taqno ʼ jib ʼal .
x in e ʼwa ʼoq.
xkib ʼan kʼax che le u wo saq rumal man u tz tachik akay ik.
ri qʼu tuʼm man kech tale akʼalab ʼ .
are na nim talea tz ʼiʼ chu wach le nu tz ʼiʼ.
xe petik xol kilaʼ.
¿jaw chiʼ xa taʼ che x kam ri u mam ri po ʼ x ?
e keb ʼ kekʼamb ʼik pa tuj.
x in loqʼjun japa ri w okaj ja.
ria x tu ʼb ʼ, kʼo qulaj chech.
jas karajka ʼan chu tz akikleti ʼij.
xu tijle wa.
x imb ʼal re tzij.
x pa x ri b ʼo ʼ j.
we kawajka tin toʼo x aq xu wi kab ʼij chiwe.
jas nu kʼu kuchʼob ʼo.
jas karaj ku tijo?
xe x ru x lab ʼ ri rik il.
e ni tz ʼaʼ qle taqimul.
we tane in x inb ʼanow ik, are le a te ʼ k xb ʼanow ik.
kin tz alij pale nu tinamit.
ri nu chaqʼ kʼopa uro ʼ qʼatoj tijonik pa ri tijob ʼal .
x in x iʼ j wib ʼ x in chʼawik.
kʼo ch waro ʼ chle pare.
chi raqan kab ʼin wiri tataʼ.
x sach on kanu yaʼik le p waq che choj a.
x in qʼax chiki xo ʼ l ri winaq.
ketiko nik.
ri ulew man qech taj , kech ri qatiʼ tqamam.
xe pe le winaq xol ki kʼam aʼ.
xu loqʼ ri w uj rumal ri ali.
chewe qʼij kamik kʼo jun nu tzijonem chirij le nu tinamit .
kej riʼ .
x kunan alaq chwe.
ki nu si kʼij le nu nan.
ri i mul xu chʼij taj, x kanaj pa b ʼe, rumal ri nimal kujal uj ri i mul , xu tzaq ri anim.
kub ʼanri u xo qʼo ʼ l riaj tz ʼaq.
ri la sib ʼalaj u tz che kunab ʼal .
kʼi ki wach rie ʼ aj chakib ʼ pa ri komon tyox , kʼate kʼut xa jun chi ajaw xel ;
x qatachi xatulik.
kawaj chik atʼek.
chʼu tiʼnke kanaj ri xa jab ʼ chech.
kaqa xiʼ j qib ʼ kaqa chapo.
e kʼo keb ʼ u kʼajolle tat x wan.
lu ʼ sub ʼiʼ ri rech am .
aj chiu wiʼ m iqʼin jaʼ ri lu ʼ.
x in yakan le nu chim pa kʼay b ʼal .
kʼatex ri lo , x pe ri unan cheu tzu kuxik , x kikotik , xu salab ʼisaj ri taquxkin.
xki kʼut chiu wach riaj tij xu qujeʼ chiki wach ri taqni kʼaj kachil.
u tz le nu qʼab ʼ.
kulle al we ʼ l pa austin chaqʼab ʼ kamik.
ria te ʼ k x tzaq loq are chi kʼopa u wiʼ ri qʼaʼm.
aj patan ri teʼk.
x atqaj chiu pam ri il.
la kʼo tzij naki kʼoxomaj taj ?
x sach on chkechixe a tinik.
rono jel le ulewe chalaq.
la xe b ʼe kʼulaxe ʼ kij aqa kʼu leu chiʼ ja?
x aq kat chʼok na jiwir.
kamik kʼochiri jastaq awe.
are chiʼ kakʼis ri junab ʼ kʼo qʼinom.
panawal jaʼ x in ale xik.
na x in tataj we are ri akʼal ki x tzu quwik.
¡ rulew ri sab ʼ u loner ulew ri neftali, ub ʼe ri polow, rulew ri jord an, gal ile ʼ akech ri je taqam aqʼ !
rax , rax , rax , kʼo kʼ, kʼo kʼ, kʼo kʼ le ru x lab ʼ le taq tiko ʼ n .
achix at wilo.
pa qal raj il le p ix kamik.
x oj b ʼinik .
pa jun jeʼ l tijob ʼal ku tijoj ri b ʼ jun akʼal , ub ʼiʼ po ʼ x , u tz kuri lo kepa tijob ʼal rono jel taq qʼij.
x waj chix atʼe taj.
u tz laʼ le xub ʼij le achi.
we taʼam jachin ka petik.
kin qʼojoma nik.
x in qʼiʼot akʼalik x in petik.
are ʼ re taʼm cheki no panik.
are tab ʼale qa qajaw chatto ʼwik.
ka winaq waq ib ʼ qʼataj.
na qaj chik cheri u waq kaj b ʼal are taq chiʼk sach u wach ri qʼij , kok ri qʼeq u ʼm chu wach ulew, chi kʼate ʼ nari b ʼeleje b ʼ kaj b ʼal .
job ʼ raqan ri tz ʼalam xe poro xik.
sib ʼalaj ko ri j ri mop.
are waʼ.
je laʼ pa ri timinit chwi kab y ok rech xe laj u ʼ , le qanan qatat kaki tiko jeʼ l alaj taq u wachich aj.
kʼax nu qul.
xu ʼ lu kʼam aʼ.
ko jul kitzu kuj.
are man kʼax ta u kunaxik are taq aninaq kaʼ ilitaj we yab ʼilal xu qujeʼ mojo ʼ qa kuyaʼ le kʼax kʼolil chech le jolom aj.
ri wel kʼopa tijonik.
kawaj kinb ʼij.
riko tz ʼiʼ j kqa koj chiu pam ri ja.
qʼeq qʼoj ri j ri am aʼ kej.
na xwaj taj x in chʼawik.
ch pe tab ʼale lo qʼalaj jab ʼ .
x sach on chke xat kisi kʼij.
e le qʼal chʼi chʼ.
jachin xa wi lo chi are x tijow ri tiʼ j ?
ma takab ʼe le nu xb ʼal pale tinamit.
p im ru q, ri ali.
¿ kʼo ri mu qʼe chi awech ?
kqab ʼij man ke kowin taj.
kin tijna.
kʼo jun qatʼu ʼy pa ja!
kʼo p uj chiu pam ri chʼaʼk.
are taq kin kosik kinwarik.
xat waʼ ik x in wi lo
in x in chʼayow le achi.
kono jel ri ala xikke ʼ etz ʼanik.
jas ru kʼ xki tij wile ki rik il ?
aninaq il kat petik.
naraxta u wach le juy ub ʼ.
ri tz ʼalam tz ʼib ʼab ʼal raxk kay ik.
we chat chakunik, kʼo awa.
ma ʼ tam xat pe cheri waʼim.
kamul kin waʼ na.
ri sik il k tijow ru kʼik.
kimb ʼe a qʼan ru kʼ le altalin.
xo jʼe k xe ʼ q ilalar qas ok.
xe ki qʼil le aj chakib ʼ xki w ok leja.
ma tane xwaj le kʼuh jnem ru kʼ le ate ʼ k.
are xe ʼo pan chiu chiʼ ri juy ub ʼ, xkilochi man qas tak ʼo qʼayes.
kʼate kʼut , ri jesusman k kojonta chkech rie ʼ are ʼ , rumal rech che kono jel re taʼm ki wach,
pa ʼ tz rij ri tz ʼiʼ.
ju winaq waq ib ʼ qʼataj.
a te laqʼom.
x aqat joʼs.
ri qʼatzu, are qʼalaj ri u qʼijil.
aj chakwe ala.
ub ʼelej u ka kʼal taqanik (29) .
keb ʼ nub ʼiʼ kʼolik.
la katz alij lu ʼ la aninaq ?
katzu kunla chwe.
la kaj la koj b ʼe ʼ pale chomal chweʼq?
x in nab ʼej chu ta sikqa kʼolib ʼal .
lalxin toʼwik.
sib ʼal aja no ʼ jib ʼal .
x oj petik xolqa kʼam aʼ.
sib ʼalaj jeʼ lik ri u waʼ l ri ichaj.
kʼax wij rumal in pa cha lik.
are taq xu kʼul maj waʼ xu l ri u chomanik xub ʼij : are u tz waa qʼab ʼ kin wa lijik , are chaʼ cha nim kino pan pa tijob ʼal , maj chikin kʼul maj.
o jaj xo jolob ʼ pa awas qʼij.
x in sach che leuw okik le tzij.
e julaj uj ri akʼ.
xu ta jampa ʼ kojʼek.
qilik .
ri tijoxel man are ta nim chu wach ri raj tij. ri u tz tijoxel qas je riʼ kʼolik jas ri raj tij.
in x atin chʼayo.
no ʼ jim chak w umal.
chʼur ri jo chʼ.
in kinb ʼij nakatsach taj.
uj may ab ʼ .
ria b ʼaj ya tz alik.
tajinke p ixb ʼax ri akʼalab ʼ.
chom ri aq.
x in warik.
e lemen kono jel ria kʼalab ʼ .
tajin kqʼanarik ri we reʼaj .
leu kemik le pa su tz ( chawe ).
xu yupub ʼau wach raʼchi, kachaʼ,.
ri satanas kok pa rijudas ri kb ʼix iskar iʼotech rech , ri are ʼ jun chki xo ʼ l rie kab ʼ laj uj.
chu chu ri p ar.
kin qum uj rinujo chʼ.
chech punción lumbar am aqʼel rajawa xik chech ri lik leu kʼexb ʼem wile nab ʼe ru kʼ le ukab ʼ u kʼutunem ley ab ʼ ilal.
qʼalaj chi na kawaj tajkab ʼij .
kʼo qʼol chirij risiʼ.
jawi xoj ʼe wichu loqʼik ?
kʼo u lo chʼ ritalin.
qʼan ri j ria tiʼt nu kej .
la x tz alij la iwir?
xe si kʼixik, kʼate kʼu riʼ xe yajik , xu qujeʼ xe taqb ʼiche u si kʼikle mes.
la kix warik?
are kʼulepa loma x xub ʼij che: -mam katb ʼison taj, kinsi kʼij ni kʼaj wa chiʼ l ke rapa p ik.
aʼre e tijoxel ab ʼ.
ri alajal is iʼ l xub ʼij x qachappa u tz al ri tyox.
x sach on chke jachin xe a tinik.
jas xu ray ij le anan xu tijo?
x in ko sik.
rax rono jel riqʼay es rumal le jab ʼ .
kin ya waʼ we chʼi chʼpi nem nau tz .
no ʼ jimu pach ʼuxik le nu wiʼ.
naj kʼow ilew o ʼ ch chu wach le tijob ʼal .
ri okib ʼal kʼochiu wach ri saq ja.
xe nu taq chʼij kekille akʼalab ʼ .
kʼo jun qʼoxowem chiwe.
tza ri choʼm.
we choj b ʼepa le nim aqʼij, keq il le aj xo jolob ʼ .
xo jʼe k xe ʼ q ilalar qas ok.
ri at e ʼ k xu taʼ chech ri nanto ʼ n :- na n jas che ʼ chi man kaj tal aqa kʼat isaj ri jo ʼ q.
ri pa l sib ʼalaj xu ʼy.
kinkoj ri jo kb ʼal ulew.
in kinb ʼij nakatsach taj
at raj kun le nu nan.
ku qam uj uj oron riaj tzij.
lu ʼ tz ʼalam ub ʼiʼ riachi kelpa nim cheʼ.
je ʼ lik u tiʼjol al ri saq ko ʼ r.
kʼo jun x aʼ r pa ja.
x in loqʼ jun kʼakʼ patan.
kʼa xu kemik le pa saw umal.
aninaq u kemik le pasaw umal
ri chʼaʼn sachinaq pataq ab ʼix .
rax taq le ko tz ʼiʼ j.
me som ka noq riu pam ja.
man are tara la xkosik.
ri komon xe ch puprechu qʼab ʼ tinamit xo ʼ lab ʼaj rech qʼumar kaj.
la u tz a kikkʼu sub ʼ tajinku ʼa no ?
kate la!
naxu tij taj.
xa rumal ke taʼm kono jel ri winaq kki qum uj le jaʼ .
iwir x uj tz alij lapa kʼayb ʼal .
qe taʼm che riqa wakuj u toʼo.
riaj tij, kyaj on chikech ri akʼalab ʼ .
jasub ʼanom le nu chʼuti tat ?
chweʼq kinb ʼepa nim tinamit.
u tz we ki we taʼmaj jas kub ʼij ri cholb ʼal qʼij.
tajinkat ji low cheu qʼoxom jolom aj.
x in tik qʼax chi u wach ri ja.
kʼax le kib ʼe le winaq.
loqʼ kat kuntaj che ley ab ʼil (covid -19 ).
ri nu x ib ʼal kelpa qaj b ʼal qʼij.
x ri l ria x wanchi xwaʼ ri ala.
le alix kuna tajik.
we tak a pe le jab ʼ kamik.
x in we taʼmaj china xat petaj.
ri p waq rech we qʼataj riʼ kesax chech ri toj b ʼal kʼay inem .
ktij ri u waʼ lik rumal riki nim aqʼij.
xu chapu kunaxik.
chatan loq ali.
x in xu liʼ qajoq.
je ʼ lik k tijow ri taqik ox.
kʼate kʼu ri le tatxo ʼ r xub ʼij, man kawaj taj, man kawaj taj.
kʼo jun tz ʼiʼ pa b ʼe.
kamul x in pe chea tzu kuxik.
man tajin takin chakunik.
kin chakunik rech kat waʼik.
jas ru kʼ xa wil wichi xki qupij wilet iʼ j.
jasub ʼixik … ?
koqʼri akʼal.
kawaj nakat ʼe taj.
x at qʼajik.
we m na cha lo qʼaxiy al , na kimb ʼe taaw u kʼ .
xo panle wujaw u kʼ rumal we chin.
are kʼut pale juy ub ʼ k kʼiy joron , chilaʼ xe kikʼamawi ri jaʼ ri winaq.
koqʼri akʼal.
we kʼo a raj il cha kʼamal oq.
are sib ʼalaj ka qleapo ʼ t chu wach le nupo ʼ t.
x in kʼastaj pa kab ʼ laj uj kaj b ʼal .
kaqoy ʼej nakix petaj.
ko ka xim ri chij x aje laʼ man ka nimaj tab ʼik .
ri kokno jim xb ʼe k, xu chʼi joxo pan pa u kʼisb ʼal il le anim.
x oj kiʼkotik are taq xa tulik .
ka qi tz ʼ naj ri ux ajab ʼ ri akʼal.
ri jesusk waʼkat pa ri nim rachoch ri dyos, chu xe ʼ ri jun jache rachoch risa lomon.
we taqanik riʼ kub ʼij chi rajawa xik kyaʼu qʼij ri winaq xu qujeʼ kto ʼaninaq il.
ria xu x are nari u kunel ri kinaqʼ.
are taq waʼ ri u qʼijol we taqanik.
kʼo jun tab ʼal pa u wiʼ ri x kanul ub ʼiʼ laj uj no ʼ j.
yuʼ lub ʼanom ri u kolob ʼ ri kej .
xa nimaj ri akʼal chiu wach ri u chu ch.
kkunan riachi.
kin waʼik rech na kinyowaj taj.
aj xik chʼi chʼ ri l u ʼ s.
kwaj che ixki xb ʼanow ik.
aʼre xe to ʼwalaq.
xo jʼe k xe ʼ q ilalar qas ok.
x in loqʼjun chʼi chʼ, qaj inaq uwach.
ku tʼis ri pan talon.
e janipa le awal kʼwale kʼolik ?
u tzu kemik le pas chawe.
ri max are aj qʼa ni yaʼ.
ma tab ʼ achi riq kʼax pale b ʼe.
tajin ka nim aj, ri meʼs.
ix ix e ʼ laqʼomab ʼ !
x sachan chwe.
e kʼo kʼi cheʼ, chiu wach ri juy ub ʼ.
are waʼ ri nim alaj p ix ab ʼe are waʼ rinab ʼe .
x re taʼmaj chi ru kʼ pa kʼ kutij wi
jasu tz akikle sub ʼ xu ʼa no ?
aj xo ʼ y ri wikan.
we tane aʼ re xe tijow le rikil, are le komon xe tijowik.
sib ʼalaj aninaq ka chʼaw le are ʼ chi nu wach in .
u tz we kin chak uj.
me ʼ s laʼ.
kʼo kan wa rech kaqa tijo.
x in si kʼij la.
ri akʼal x sach ka noq je laʼ pa taqʼaj.
xe si kʼij la.
jawixkib ʼij wichi keʼe wi?
rumal che, man ix ta riʼ riki x chʼawik, are ri ru x lab ʼaxel ri i tat riʼ rik chʼaw na iw u kʼri ix.
kʼakʼri wachoch.
sib ʼalaj u tz kinwille a tz ʼyaqrech nahuala.
saq por kkayri kipo ʼ trinan.
x sach on ri nu chak chwe.
waʼ im xu chapo.
ri qʼaqʼ tajinka julu wik.
na jil u pam ri si wan.
e kʼo ri qachalal pa chiu wiʼ la.
jas x ataq chiʼ j le akʼal chu tijik ?
no ʼ jimu kemik le pa saw umal.
kʼo jun ku kub ʼiʼ tintin, waʼ le laj kuk mam ka jeqitaj , ka paq ika xu lik pa u wiʼ u qʼab ʼ taq cheʼ, sib ʼal ajsa kʼaj , ke ʼuto lee nim aʼq, chʼutin, rachiʼ l, aj sipa nel sib ʼalaj u tz ra nim aʼ.
ri u p ix ab ʼ le qʼatb ʼal tzij kiyaʼub ʼixik.
na x sachonta chkexe atinik.
xe qille chiko p p uwileja.
x lo ʼ tajri akʼal.
qono jel kuj waʼ pa u wiʼ ri me xa.
x siki r le waqa n.
laxat waʼ kʼut ?
nim ub ʼaqʼ ri tulul.
kin xi kʼi kʼik x in qʼaxik.
la katb ʼe pale tinamit ?
ri pa l sib ʼalaj saqʼor.
k qʼoxow nu jalom.
x in naʼo chik at petik.
x loqʼ ulew iwe chix.
x in chakun ru kʼri num am.
na x qab ʼan taj.
kkʼoji ʼ b ʼaʼ ri u sipanik riajaw xel jesus k ri sto ru kʼ ria w ux lab ʼal !
kin chʼaw ru kʼ le nunan pale chʼaweb ʼal .
sib ʼalaj qʼeq u ʼ m rumal ri may ul.
areleba xu lik.
xekos le ix oq ib ʼ pale b ʼe.
kʼax ri lik le akʼal chawe.
x in qʼiʼox inatin pa joron.
sib ʼalaj nim le tinamit.
kʼa xu kemik le pa saw umal.
x in sachik.
tajin kelu kikʼel pa raqan ri tz ʼiʼ.
x in we taʼmaj ri lik wib ʼ
ri qʼu qʼ are jun jeʼ l chikop.
kʼopa ja tijob ʼal ri wika qʼ.
ri sachib ʼal mak rajwa xik chi qa xo ʼ l.
je ʼ, kimb ʼe k.
je la le ʼ ri nu p wiʼ.
xub ʼij che: - jas x ab ʼan otintin ?
kab ʼanjun toqʼob ʼ kyak ri nu jal.
katʼek x in ta.
jas leu kʼexb ʼem ri b ʼ le jun ru kʼ le jun chik ?
aj chiu wiʼ m iqʼin jaʼ ri lu ʼ.
ri tijonel naj kpe wi.
te ʼ kix chob ʼub ʼiʼ ri nu tat.
ri jaʼ kam iqʼik chiu wach ri qʼaqʼ .
rit ʼu ʼ y kpa qʼowik.
kinmeson na.
na qajat kʼowichi wech.
x inb ʼisonik taq na xat pet taj.
we x kam ri winaq, ri p waq rech toj b ʼal ma kaj kyaʼ chikech ri r alaxik.
ri nunan xb ʼepa kʼayb ʼal .
xo ju kʼam uloq rech koj ri lo
x kʼoto chin chiki wach chikin waʼaw u kʼ.
na xki kamsaj taj xki kʼamb ʼichoja.
kʼakʼ ri ikʼ kamik.
x imb ʼe ru kʼ le aj kuniwir.
ri lik.
letz ʼiʼ xekosik.
x inkikot awumal.
ri imul xu maj ria nim , xuyakan lekok.
kʼo oj cheri akʼal.
x uj b ʼepa jun kʼulanem.
u tz we kwar alaq.
ka qilo china koj u kʼam taj.
x re taʼmaj chi ru kʼ pa kʼkutij wi.
sib ʼalaj x in kʼaʼ na rik.
x inkochij ri nu wa.
man kat kowin tajkat chakunik , we man kʼota riaj ilab ʼal .
we w ono n xub ʼij chike: -ki x in to.
ri ala nim k ri l wiri um am.
x kaʼ ychirij, x kaʼ y chu wach, ma kʼotachi jun ksi lo b ʼik , x oqʼik xu xe ʼ j ri b ʼ x chʼopinik x tz alij loq xu riq tachik ri ub ʼe .
kʼo pu scheri wa.
p inem na kab ʼe le watz, kimb ʼe wi in pa kaʼ y ib ʼal .
ri nanto ʼ n nim winaq chik, saq u wiʼ, rono jel a qʼab ʼ u tz ku naʼo kat ʼuy iʼ pa u tem, kum iqʼis aj ri b ʼ chori qʼij , kʼo jun u wiʼ u mam ub ʼiʼ ate ʼ k.
mane kʼitaj riqu laʼ.
qʼalaj chi na kawaj taj kab ʼij
x paqa b ʼisax raj il rono jel ri kem .
kʼopa ri jul ri kumatz.
rono jel qʼij kin chʼaj le nuware.
saq chikan le ichaj rech katzako.
chu xe le qachomal kaqatij wi jun qam eqʼin.
cha wilaʼ.
e kʼojob ʼu miʼal, ri nu tat.
jas ru kʼ x awilwi
je ʼ jas ri winaq rech ri u wach ulew, x oquje ʼ kepena riʼ rie ʼ are ʼ chee rech ri u wach ulew; je ʼ jas ri winaq rech ri kaj , x oquje ʼ kepena riʼ rie ʼ are ʼ e rech ri kaj.
x in tijo.
k tz ʼujuw ri rachoch ri po ʼ x.
xu qʼiʼo are leu kʼulel x yaʼow uwa.
ri awel x re taʼmaj chi rajawa xik man ku xej tarib ʼ cheri tu ku r.
ju kʼulaj winaq xe ʼ a nimaj b ʼik.
jeʼ , x in tz alij ik.
x oj petik xolqa kʼam aʼ.
maj jachin x ʼek.
in aj tij; at tijoxel.
saq u wiʼ ri tataʼ.
wech ri kem .
le ro ʼ ch le at e ʼ k kʼo chwach leu kʼay len unan.
kb ʼepa ri si riʼ a e pa ri silisiʼa, jawijeʼ kuya wiri kichu qʼab ʼ ri komon tyox.
p ix ab ʼ : man u tz taj kʼax kuj chʼaw chikij ni kʼaj qachil.
x kunataj le a li ( kumal ri ix oq ib ʼ ).
ri xib ʼib ʼal chi kʼowipa taq riqa kʼaslemal rono jel qʼij.
na kuj war ta waral.
on che kkʼojiʼ ri u tzil chi xo ʼ l , are ch junam riqa kojonik, junam ri iwe chi x ru kʼri we chin.
pa ox qʼij risa ʼ n kb ʼe naru kʼri aj kun .
ka winaq w uq ub ʼ .
jas kawaj kin tijo?
we tax atb ʼe wu kʼ pale tinamit , xa loqʼ ta laʼ leu jastaq le akʼajol.
keb ʼepa waʼim.
x in loqʼ kʼiwa.
pa jun nim kʼa cheʼ laj , kʼo jun kʼwaʼ sib ʼalaj saq lo loj , nim uwach.
kwaj katij jub ʼaʼwa.
rono jel winaq k ri l nari u kolonem ri dyos ».
x kʼoto chin chiki wach chikin waʼaw u kʼ
kwaj nakat ʼe taj.
la xa loqʼjunale j?
e kʼo rie loqʼom anel.
ri ukab ʼ ub ʼiʼ ri nu mam are ya y.
kin jo p ij ri i jaʼ rech triko.
x naʼtaj chke xe atinik.
x ate ʼ qilaʼ.
kaki tij alan xa x ri winaq.
. . . kinb ʼij chi are waʼ sin xi ʼan.
na x in nab ʼej ta chu ta sikqa kʼolib ʼal .
rumal rech chewe ri in , kin chʼaw ru kʼri dyos pa chʼab ʼal , k chʼaw na kʼu riʼ ri w ux lab ʼal ru kʼri dyos, kʼate kʼut man kʼota u patan riʼ chrech ri nu chomab ʼal .
xe petik xkilo.
xu tawe katʼek.
u tzu kemik le pas chawe.
ri nu wakax xu tij jun qʼoqʼ rumal riʼ x kamik.
rumal ri kʼix, man ke waʼ taj ri winaq.
xe ʼu lik.
qʼe qrij ri am aʼ chij.
x raj ka ʼele unan.
junam ki junab ʼ.
na qʼalaj taj we ka ʼek.
ri wixnam chʼaj chʼoj ri rachoch.
waral man kʼotaj ajawal.
na iwirta x ri lle kʼamol b ʼe.
x in pe loqte kʼu riʼ x in tzu kuj rono jel ri nu raj il.
riaj tiko nel kutik ri tzij.
kʼo e ki kʼajol le achi jab ʼ .
kutij qʼay es ri ix paʼch.
pa ri waʼ b ʼale kʼoka winaq achi jab ʼ .
sip oj inaq ri nu pam.
kayaʼtajik ru kʼu tiʼonem jun ri u riqom le yab ʼilam olot setséxu qujeʼ are kayaʼtaj pataqri juy ub ʼ .
jachin ri achi?
ri nu mam x kamik are taq kʼo jum u chʼ laj ujujunab ʼ.
kinkowinik kin kʼamb ʼ ilep waq.
kinwilo chiu tz riaj iʼ.
x in qʼil ria po ʼ x che man kachakun taj.
k waʼ chiu wach le taqʼaj ri ama ʼakʼ.
ri imul xe po qʼik pa jun ikʼ.
x kʼiska noq riqa chak.
are ri ali xoj ilow ka noq.
sib ʼalaj chʼu ʼ j ri amax.
kʼo nu wachiʼ.
in chajinel kech le akʼalab ʼ .
xe kosletz ʼiʼ.
kinb ʼe naku kʼri molaj.
rono jela qʼab ʼ kin y i tz ʼ ri wakax.
kara pinik xu tzu kuj chi jun awaj.
le u kemik le pa saninaq ( awumal ).
maj u raj il le qʼab ʼ arel.
kʼax riʼ ri ka chʼawik.
xo ju taq chiʼ j le achi chu loqʼik ichaj.
sib ʼalaj kʼax ri x kʼul ma xik.
xki lo chinak in kʼoxomaj taj.
x naʼtaj chkechixe a tinik.
x kʼoto chin chiki wach chi xo jal woʼqa ku kʼ .
jun qʼu ʼ qraj il ri kax laʼnwa.
x in wilochi xe ʼelik.
e kʼo ix oq ib ʼ pale kʼay b ʼal .
man kʼotaj u kʼisik rimay ab ʼaj lab ʼal il.
ri sink kʼiy pa taqʼaj.
ri chʼi ma man kkʼiy taj pa taqʼaj.
rajawa xik kjikik ri waqän .
kawaj kinʼek.
e kʼo oxib ʼakʼ.
xub ʼij chwe jawi at kʼowi.
chweʼq kuj b ʼeʼpam uq uj.
pa saq kʼajaʼ kb ʼan wiriuq.
x oj ki si kʼij.
x in wilwib ʼ.
chaqʼ chik ri wa.
kimb ʼe na kapalew o ʼ ch.
kawaj kinʼek.
ri chʼu ʼ ktij ru kʼ lej.
pa riki qʼij kaminaq ib ʼ kb ʼan qʼo ri kʼyaʼ rech aj : nab ʼe rinan ku tzu kuj kan riaj , ku jachʼo ʼ xu quje ku kʼ e to.
jas kaj b ʼal cha nim ?
u tzu chomanik ri ali.
pa ri qʼijox laj uj tijax kin kʼis keb ʼ junab ʼ kin chakun waral.
sib ʼalaj ko, ri kʼakʼ chʼat.
jas karaj kub ʼij … ?
ri chʼi chʼ kas il ab ʼik.
pa ojer qʼalpul x aq xu wiri nim winaq ke kʼamow b ʼe .
leu kunaxik le ukab ʼ u kʼutunik are ru kʼ eflor ni tinao nu tunib ʼaxik le ni furtimo x chiʼ le flor ni tina chech t. b. g.
are riachi x in chʼay owik.
jun achi ub ʼik u ʼ xu sipaj keb ʼ kʼaʼ mulew rech kab ʼanri tijob ʼal , kamik, kʼochi kaj tij rech ri komon xe chpup.
xumal tyoxij che riaj tij rono jel le xu kʼut chiu wach.
pa ri b ʼe xki raq jun ala jimul saqrij, xkikʼamb ʼik .
x ri lle b ʼale ala.
jas kub ʼij chwe ?
leu kunatajem are ru kʼutzu kuxik leu chikopil pa jun u solik u xe ʼ le ki kʼon le jaʼ rech jun no do.
u tz we nu tz ʼiʼ.
je ʼ , tajinka chaponik.
ki nu loqʼoj le nu tat.
ka waj kimb ʼepa tinamit.
are laʼ kin chak uj.
ri nim aʼqtaq winaq kʼo ke taʼmab ʼal .
we tax atb ʼe wu kʼ pale tinamit , xa loqʼ ta waʼ we jas taq.
riki kʼaslemal. wa ixim ulew xa jun chi maareta tinimit ri ma
ri u kʼyab ʼal na jupam.
x atqaj chiu pam ri il.
no jim kat waʼik.
we kʼo jun ktuqaʼ rik, ¿ la man x oquje ʼ taj kin tuqaʼ r ri in ?
ojoj w okol ja.
awas kb ʼan kʼax che jun nim winaq.
x in chʼaw apan ru kʼ le wanab ʼ.
kʼax ri u pam ri ju ʼ l.
tajinke waʼ ri imul.
la kaj la kuj tz alij la aninaq ?
rumal rech cherima kaj man kʼota u kowinem p iwiʼ ri ix : ri ix man ix kʼot achi chu xe ʼ ri p ix ab ʼ, x ane ix kʼochu xe ʼ ri sipanik.
nim raqan le cheʼ.
x in chapo.
are le tu ʼ r le loqʼom anel.
xas katkʼoji ʼ chiu pam ri chʼi chʼ.
sib ʼalaj nim raqan ri kʼamal b ʼe .
letz ʼib ʼab ʼal we chin.
in x in toʼw la.
x aje kʼu riʼ ri ix kamik riʼ man ix kax lan winaq tachik; ri ix, ix rech ri ki tinimit rie tyox laj taq winaq , ix rech ri rachoch ri dyos.
x in tiko x laj kʼalichaj .
kaqa riq qib ʼ chweʼq.
sib ʼalaj u tz cheri wiʼ aj ri tuney.
we naju pu lik ta xe qaj ik...
x in to ʼ taj cheri nu chak.
kʼo jun chiko pu b ʼiʼ pum.
poqonri ik.
x oj b ʼinik .
xu chʼek rono jel le re tamanik x pa qiʼ k kʼax k wʼinik xub ʼanaj kun .
kel ub ʼik pa ri jude ʼ a e k tz alij chi ub ʼij u mul pa rigal ile ʼa.
x in axib ʼij pa b ʼe.
je ʼ l kʼolem chi awachoch.
rono jel ri yaʼtalil pa we qʼataj , tz ʼaqat ki wach, man ktzaq ta ka noq xu qujeʼ man ktas taj.
xu kunaj ley awab ʼ le aj qʼij.
chi tatab ʼej jasle kimb ʼij .
chʼanal riachi.
pa b ʼoko ʼ kachakun wiri ta x.
uj kʼopa u wuq qʼij.
kiʼ ri ukab ʼ ri aqaj .
kʼo rachalal pa tz ʼoloj che ʼ ri pe ʼ l.
xki lo chikin kʼoxomaj.
ri u kisakʼu tz kyaʼik chiu xe ʼ ri tiko ʼ n .
are taq chiʼ ka qʼanpu wiʼ ri ju kub ʼ, riachi chex kʼoji ʼ ri itzel u x lab ʼal ru kʼ , ku tach rech ri are ʼ , are ch kkʼoji ʼ ru kʼri are ʼ.
na kab ʼantaj ta wumal.
x naʼtaj chke xe atinik.
x in paj ri nutriko.
xe ʼok ri p okʼ pa ri ume xa ri po ʼ x.
kaj uluw ria qʼaʼ l chi u xe ʼ ri tʼu ʼy.
awech leja.
x uj b ʼepa tzu rik.
nab ʼe xa to panik.
ri ukab ʼ ub ʼiʼ ri nu mam are ya y.
u waj x aq u ka kʼal taqanik (28) .
mata kʼo jun ka kanaj ka noq, qono jel koj b ʼe k.
e nim aʼq le al tomab ʼ.
nim u wach ri po ʼ t .
kojonik pa ri u tzij wa ixim ulew.
jas xu kʼamb ʼil etz ʼiʼ x awilo?
x in petik, tat.
ri b ʼelaj uwach.
chi tatab ʼej jas ri kimb ʼij.
je ʼ l kunaʼ ri ab ʼix chi u pam ri quq ulew.
kinb ʼisoj u wach lewal.
xu tʼuy ub ʼaʼ.
nim ria we qe le ʼ n xa riqo.
x in e ʼwa ʼoq.
chiʼke war wile akʼalab ʼ .
ri nu miʼal xu taq loq jun taqo ʼ mw uj chiwe.
qʼe ʼ lik , ri chaj pa ri b ʼe.
la u tz awach? -u tz mal tyox , e kʼuri at ? – u tz mal tyox.
x in kos rumal nu chak.
kb ʼe ku kʼrie ʼ are ʼ e k tz alij pa rinas are te keʼu nimaj.
ri joj xu kʼamb ʼik riakʼ.
kʼo chi wachiʼ l cha nim.
kub ʼij chech naʼ l kab ʼan cheri atz ʼib ʼ .
e . . . in kawajka tz joj b ʼila chwe.
mataxin y aj le ali.
jachin ru kʼkatb ʼe wi?
kʼo sib ʼal aje taʼmab ʼal pa ri may ab ʼ no ʼ jib ʼal .
e man xo ri ju puq kej .
kas u mu m ri kaqiqʼ .
e kʼoka jib ʼa kʼalab ʼ pale b ʼe.
jeʼ jas ri u tatk kaʼ y ik.
x aqat molonel tzij tal.
le nu tat ka loqʼon chwe.
x aq tane kimb ʼe iw u kʼ .
x re taʼmaj u chʼajik.
rumal laʼ xkoj “ x al qʼat ” cheub ʼiʼ ri komon .
are leu kemik pa s xre taʼmaj.
ri wa tiʼt kub ʼan na ri u patan.
kʼakʼ le poʼt.
re taʼm u wach jachin x loqʼow ri pas.
ken chʼab ʼej le akʼalab ʼ.
yaʼtal chaqe qono jel ri uj winaq u tz kaq il qib ʼ .
xkotiʼ pa qʼay es x oqʼik.
ka winaq b ʼeleje b ʼ qʼataj.
e kʼoka jib ʼ ral ri i mul , jun saq , jun qʼan , jun qʼeq, jun qʼeqoj , sib ʼalaj ketz ʼanik , ke chʼopinik ri alaj taqimul.
k cholol riach achal.
ketekik ri ikʼ.
xe petik rech ke waʼiw u kʼ.
tza tz ri u qʼanil riakʼ.
xo j tz alij ik xi xe ʼ qa qʼatuj ku kʼ le itatinan.
ri yoʼ x taqa kʼalab ʼ ke kikʼux ria tz ʼyaq.
we achiwe xu sipaj jun po ʼ t chwe x kamik.
kkowin ri kunanel che kunanik .
x jiqʼ pa ri polow.
xa rumal sib ʼalaj rajawa xik le lo qʼalaj jaʼ , le winaq xkib ʼij : chewe ikʼ riʼ qono jel kuj b ʼe cheu tikik taq cheʼ.
ri unane rie rachalal kepe u loq ru kʼri are ʼ , kʼate kʼu riʼ, man ke kowintaj keqib ʼ u koq ru kʼ , rumal rech chee kʼo sib ʼalaj winaq.
rumal rech , che man kʼota jun k kowin cheu kojik junti kib ʼal il chik chu wach ri kojom chik che are ri jesusk risto.
te kʼu riʼ xu tz ʼib ʼaj ri b ʼ pa ri nim alaj tijob ʼal rech aj ku ʼ n .
kaj u luw ri chʼu mil chaqʼab ʼ.
kʼisb ʼal ka noq, x oquje ʼ k kam ri ix oq.
le alax okik.
kʼo p waq pa u wiʼ ri me xa.
are kawaj nakin ʼe taj.
ri ya wal ku koj ri alichi u xe ʼ ri chakach are usu ʼ t .
na kaqa kʼam tu ʼ b ʼi kamik.
riaj tij kub ʼij chike: rajawa xikke qachajij ri awaj, are u tiko ʼ n riajaw.
x in tijmu kuniwir .
kʼax leu wiʼ taqle nu qʼab ʼ .
x in loqʼjunil b ʼal wib ʼ.
waʼ we qʼij , nim ub ʼantajik.
ri u xe ʼal riqa tinamit man ka sach taj.
x oj b ʼinik .
ri achalal junam ki wach.
x in we taʼmaj ri lik wib ʼ.
nim ri u naʼoj wa j tij.
m iqʼin ri kʼul .
aj qʼojom ria te ʼ k.
che le sanik che ʼ kb ʼan wiri qʼojom.
ka pe le awelpa nawal jaʼ.
ri meso nel tajin kchakunik .
u tz chaqe kaqato ʼ qib ʼ, taq kʼo kʼax kʼolil, kate we chiʼ n riajaw paqa wiʼ.
xa wilo, x qʼatan le ib ʼoy.
xat kowinik x ab ʼano.
kiʼ ri kʼawex.
kaj il il ri b ʼe.
le alixel b ʼik.
are ʼ x raj x in b ʼano.
nim we ab ʼaj.
je ʼ lik u tiʼjol al ri saq ko ʼ r.
noj inaq ri kej .
we ka tijan xu x man kat uto ʼ ta chiu qʼatixik le kʼakʼy ab ʼil corona virus ( 2019- nc o v) .
na nim ta raqan waʼ we cheʼ.
u tz alajaj chak, ri wel.
¿jampa ʼ kuj b ʼepa nima qʼij ?
rajawa xik tane laʼ katchakun wu kʼ .
xu taq chiʼ j pa waram pulew.
man are taria xwan xelik.
ria wi x xu loqʼ rachoch re nimal .
are ri ix oq x in si kʼinu loq.
ri chʼi ma kʼatʼo nna.
laxib ʼan lei chak ?
kʼi tinamite kʼopa chʼo ʼ j.
kʼo ju puq chij chiu xe ʼ ri cheʼ.
ri ux aq ria b ʼix are u wari kej .
ka winaq qʼataj.
la ki x pe pa tijob ʼal ?
we kechajix taq le kʼwa jacha kinb ʼij ; jun alik kʼo jaʼ xu qujeʼ sib ʼalaj saq lo loj .
x re taʼmaj .
ri alab ʼom ri alitomab ʼ tajinkiki tijoj kib ʼ rech su taq , are ka kaj kikib ʼan nim aqachi jab ʼ chupam ri ki kʼaslemal , xu quje kʼochikju puq b ʼi xo nel chupam ri komon .
la tz ʼu wach ri b ʼe.
kʼakʼ ria chʼi chʼ.
qono jel uj , uj may ab ʼ taq winaq.
no jel qʼij ri at iʼ x kuyu qʼuj le taqaw ajje laʼ pa ni kʼaj jaʼ , chirij ri juy ub ʼ ub ʼiʼ te naʼ.
pa qʼom chik risiʼ.
kin tzu kun chela.
kaki tij le kinaqʼ, le ichaj , le u waʼ lik ru kʼ lej.
xe kanaj kan le aj chakib ʼ.
ketik on riachi jab ʼ.
sib ʼalaj itzel ub ʼantajik ri chʼi lakan.
ria te ʼ k xumal tyoxij cheri ra tiʼt , rumal ri u tz alaj no ʼ jib ʼal xu kʼut chech.
k kamulix u chak riab ʼix.
la x in u tzu kujle tijoxel ?
are ʼ kachakun rono jel qʼij.
le e kʼaʼ na taq tz ʼiʼ.
saqrij ri p lam ux.
jas xa qʼiʼox atijo.
jas ru kʼ xkichapwi u tijikle rik il ?
we katatin ru kʼ kʼat an jaʼ man ku qʼatej tale kʼakʼy ab ʼil corona virus.
la katb ʼin pale ux lan b ʼal ?
la waral kʼux ix waʼwi?
are le nu tat kin loqʼonik.
tajin k chakun ri ala.
kʼo ri kiʼkotem alaw u kʼ.
xu ta jachin kaʼ e k.
xat waʼik x in wilo.
x tzaq ri rachoch rumal ri jab ʼ.
pale jun ikʼ chik are nima qʼij.
e keb ʼäm keb ʼin pa u wiʼ ri tem.
mem ri achi.
ri wi kan cha liʼ ykel pa juy ub ʼ chwi tzirib ʼal .
le raj il, la pa ja xel a qʼaxw u ʼ b ʼik ?
pa ri su ʼ t pisom wiri lej.
koj petik kolqa kʼam aʼ.
tajinkat chʼo pinchi u wach ri taqʼaj.
le qʼo rx chʼuq ik.
kʼax waʼ im awumal.
kinb ʼison che lewal.
sib ʼalaj kʼo kʼri awatz ʼyaq.
kamik x uj b ʼe cheu tikik taq che ʼ pa ri juy ub ʼ .
ki nu loqʼoj le nu tat.
chaqiʼ j chik ri chaj.
x y i li x haway i.
na x naʼtaj ta chkechixe a tinik.
ru kʼ kʼu waʼ we riʼ, ri ix kkʼoji ʼ jun u tz alaj i kʼaslemal riʼ chki wach ri winaq che mane kʼota iw u kʼ , kʼate kʼu riʼ man kʼota jun winaq riʼ rajawa xik chiwech.
e petinaq pa b ʼe le rachalaxik .
ka kaj le akʼalab ʼ ke waʼik.
x uj chʼay b ʼik.
ri nu chak are qʼaxel tzij.
kʼo naru x lab ʼ ri awaj.
tajin kel loq, ri qʼij.
xu qʼiʼox kamsax ri rachalal choch.
ri nu mam are kʼo u qʼinomal.
x kʼul mataj ju mul , xub ʼanjun nim alaj jab ʼ, man xb ʼey e taj tana xu kʼis leu yu qʼ chike.
am aʼ ri nu tz ʼiʼ.
je waʼkat petik.
x in kosik rumal x in chakunik
iwech chi jujunal, ri wa.
xu qʼiʼo na x atatin taj.
in riq taj inaq pa ri kʼay ib ʼal .
na we taʼm taj.
kʼax le nu qʼab ʼ .
u tz le xub ʼij le achi.
kematz ʼib ʼ.
kʼo rachalal pa tz ʼoloj che ʼ ri pe ʼ l.
rono jel waʼ we jastaq riʼ, xa s ksachwi u wach waʼ; ru kʼ we riʼ, ri ix, rajawa xik che kʼo jun tyox la ji kʼaslemal e kkʼoji ʼ ri i chʼawem ru kʼri dyos,
x muq taj ri pa tz ʼan .
ri chʼi chʼ tzijom ka noq pa ri u kʼolb ʼal .
man kʼota u cholaj pataq ria w uj.
jachik e ikʼ leu nim aqʼij le tinamit nawal jaʼ ?
xe petik xol ki kʼam aʼ.
kachu qʼ chut ri jaʼ chiapam.
x inb ʼij iwir chi xeb ʼepa armita.
are ʼu xe ʼ ojer tzij waral kʼi cheʼ ub ʼiʼ .
x kʼis ri nu siʼ.
jawixkib ʼij wichi keʼe wi?
¡ x aje kʼu riʼ, jachin taq rie kʼopa ri jude ʼ a, chi cha nim che ʼ a nimaj ub ʼipa taqri juy ub ʼ,
kʼakʼ ria b ʼ.
la kʼo jun naka kʼoxomaj taj ?
nau tz ta leu tʼisom le alma riy.
man yaʼtaltaj chia we katok pa ja.
jeʼ , xatu tzu kuj.
are kel waj x aq ib ʼ u qʼij ri x kʼojik.
ri xu nkur kkʼoji ʼ pataqri triko.
x in sachik.
xu tʼuy ub ʼaʼ
na nu tom tale tzij …
wach ʼom riki wa ri no ʼ s.
e kʼojob ʼ chʼi l wakʼ.
rajaw ixik chi pataqri tijob ʼal , pani kʼaj ub ʼixik chik
ri rajaw rulew are ʼ tat kel.
we kʼu xokik, we kʼ na xok ta
we achi xu sipaj jun pʼot chwe.
a tat u taqo ʼ n le qʼatal tzij.
na qʼan ta u wach leqap rut.
ri x aʼ r kʼopa u wiʼ ri qʼaqʼ kpo qʼowik.
ri ro qʼej ri ali jachak pe jun akʼal.
kʼo jun alapa tijob ʼal .
säq u wiʼ ri tataʼ.
ri w itz ikʼ tajinkpe loq.
jawix sach on wika nu yaʼik le p waq che.
u tz we achiwe x in kuna nik.
qono jel kuj waʼ pa u wiʼ ri me xa.
rika x laʼ nik man po qon taj.
in x inb ʼe ru kʼri wachiʼ l.
sib ʼalaj jeʼ l xki lo xe ki tz oqopij ri kichij chilaʼ.
kinb ʼinik x inʼek.
kʼax kʼolik, kachaʼ.
kutij ixim ri akʼ.
ri alix che l, xu qʼiʼo xa jun akʼ x sipa x che.
x qasi kʼij le ix oq chu tz akiksub ʼ .
mata x ab ʼinsaj le chʼi chʼ.
ri p ix tz ʼara lik rumal rie qaʼ n .
¿jampa ʼ kel chi 3%
kʼo jun nu kʼotoj chiʼaj.
tajinke waʼkat ri alab ʼom .
x in loqʼ le nu kʼakʼapo ʼ t.
na u tzakik ta sub ʼ tajinku ʼa no
xo ju taq chiʼij xoj waʼik.
iwech ri ab ʼix.
saqrij ri chij.
aj sik cheri tinamit kel wiri tataʼ.
-¡ ay ! xa x in tzaq u loq, kʼax wewaqan.
x kʼul mataj pa jun komon chiʼ u wach jun juy ub ʼ, xu riqa jun qʼij xki riq kib ʼ ju nimul ru kʼ le kok.
jas x ataq chiʼ j le akʼal chu tijik ?
x inchapo su xu loqʼo.
qʼinom ri achi.
ri kʼum k tijow ru kʼ kab ʼ.
tajin keja chʼanik.
tz eb ʼal u kemik le pa saw umal.
are kayo ʼ w leu chikopil leub ʼantajik try pa no soma brucei.
we kat nimanik u tz kelik.
perono ʼ jimal petnaq loq, .
are le nu chak jun tzu qb ʼal wib ʼ.
x kuna x ley awab ʼ rumal le aj qʼij.
ri u kʼu ʼ x tz ʼib ʼ paqa tzij elaj uj.
sib ʼalaj jeʼ lik rie qab ʼal xub ʼanri lu ʼ s.
sib ʼalaj at kon.
e man xo ri ju puq kej .
na x naʼtaj ta chkexe a tinik.
ri kʼamal b ʼe xub ʼij chike, chi maja ri anim.
ju much ʼ ri nu junab ʼ.
qʼip tajinaq ri raqan ritem.
kchakun ru kʼri josb ʼal che ʼ riaj anel.
xa taq chiʼ j le akʼal chu tijik kar.
o j kʼo palero ʼ chle awel.
¿ lakat pequ kʼ chweʼq ?
le winaq pale chʼi chʼe tʼu yul lo wi.
x kanaj ka noq chiu xe ʼ ri jab ʼ ri chʼaʼn.
nim ri ja.
we ta xa kunaj le a tatmatax kam laʼ.
na nu kʼamom tu ʼ la riʼ.
chqanu kʼu ʼ riqa tzij.
kimb ʼe pale tinamit.
x in qʼiʼo naxinatin taj.
rajawa xikka kʼaman chawe le u tijik le lej.
kʼisb ʼal taqno ʼ jib ʼal .
