x ine ʼ wa ʼ oq .
x kibʼan kʼax che le u wosaq ru mal man utz tachi ka kayik .
riq ʼutu ʼm man kech ta le akʼala bʼ .
are na nim ta leatz ʼi ʼ chu wach le nu tz ʼi ʼ.
xepetik xol kila ʼ.
¿jaw chi ʼ xa ta ʼ che xkam ri u mam ri po ʼ x ?
e kebʼ kekʼam bʼik pa tuj .
xin loq ʼ jun japa ri wokaj ja .
ria x tu ʼ bʼ, kʼo qulaj chech .
jas karaj kaʼan chu tzakik leti ʼij .
xutij le wa .
xim bʼal re tzij .
x pa x ri bʼo ʼj .
we kawaj katin to ʼo xaq xu wi kabʼij chi we .
jas nu kʼu kuch ʼo bʼo .
jas karaj ku tijo ?
xe xruxla bʼ ri rik il .
en itz ʼa ʼ q le taqimul .
we tane inxin bʼano wik, are le ate ʼ k x bʼano wik .
kin tzalij pa le nu tina mit .
ri nu chaq ʼ kʼopa u ro ʼ q ʼatoj tijo nik pari tijo bʼal .
xin xi ʼj wi bʼ xin ch ʼawik .
kʼo ch waro ʼ ch le pare .
chi raqan kabʼin wiri tata ʼ.
x sachon kan uya ʼik le p waq che choja .
xin q ʼax chik ixo ʼl ri winaq .
ketiko nik .
ri u lew man q ech taj , kech ri qati ʼt q amam .
xe pe le winaq xol kikʼama ʼ.
xu loq ʼ ri wuj ru mal ri ali .
che we q ʼij kamik kʼo jun nutzijo nem chirij le nu tina mit .
kej ri ʼ .
x kuna na laq ch we .
ki nu sik ʼij le nu na n.
ri i mul xuch ʼij taj , xkan aj pa bʼe, ru mal ri nimal kuj al uj ri i mul , xutzaq ria nim .
ku bʼan ri uxoq ʼo ʼl ri aj tz ʼaq .
ri la si bʼalaj utz cheku na bʼal .
kʼi kiwach rie ʼ ajchaki bʼ pari komon tyo x , kʼate kʼut xa jun chi ajaw xel ;
x qata chixa tulik .
kawaj chikat ʼek .
ch ʼuti ʼ n ke kanaj ri xa ja bʼ chech .
kaqa xi ʼ j qi bʼ kaqa chapo .
e kʼo kebʼ u kʼajol le tat x wa n.
lu ʼ su bʼi ʼ ri recham .
aj chi u wi ʼmi q ʼi nja ʼ ri lu ʼ .
xin ya kan le nu chimpa kʼay bʼal .
kʼate x ri lo , xpe riunan che u tzuku xik , x kikotik , xu sala bʼisaj ri taqu xkin .
x kikʼut chi u wach ri aj tij xuquje ʼ chi kiwach ri taqnik ʼaj kach il .
utz le nuq ʼa bʼ .
ku l le al we ʼl pa austin chaq ʼa bʼ kamik .
riate ʼ k x tzaq loq arechi kʼopa u wi ʼ ri q ʼa ʼm .
aj pa tan ri te ʼk .
xat qaj chiupam ri il .
la kʼo tzij na kikʼoxo maj taj ?
x sachon chke chi xea tinik .
ro nojel le u lew ech alaq .
la xe bʼe kʼula xe ʼ kijaqa kʼule u chi ʼja ?
xaq kat ch ʼok na jiwi r.
kamik kʼo chiri jastaqa we .
arechi ʼ kakʼis ri juna bʼ kʼo q ʼi nom .
pan awal ja ʼ xin ale xik .
na xin ta taj we are ria kʼal kix tzuqu wik .
¡ ru lew risa bʼ u lo ne ru lew ri n eftali, u bʼe ri polo w , ru lew ri jordan, galile ʼa kech ri je taq amaq ʼ !
rax , rax , rax , kʼo kʼ, kʼo kʼ, kʼo kʼ le ru xla bʼ le taq tiko ʼ n.
achi xa twi lo .
pa qal rajil le pix kamik .
xoj bʼinik .
pa jun je ʼl tijo bʼal ku tijoj ri bʼ juna kʼal , u bʼi ʼ po ʼ x , utz ku ri lo kepa tijo bʼal ro nojel taq q ʼij .
x waj chixat ʼetaj .
utz la ʼle xu bʼij le achi .
weta ʼam jachin kapetik .
kinq ʼojom a nik .
xin q ʼi ʼo tak ʼa lik xin petik .
are ʼ reta ʼm che kinopanik .
areta bʼal eqa q ajaw chat to ʼwik .
kawinaq waqi bʼ q ʼataj .
naq ajchik cheri u waq kaj bʼal aretaq chi ʼ k sach u wach ri q ʼij , kok ri q ʼ eq u ʼm chu wachu lew , chi kʼate ʼ nari bʼe leje bʼ kaj bʼal .
jo bʼ raqan ri tz ʼalam xe poro xik .
si bʼalaj korij ri mop .
arewa ʼ.
je la ʼ pari ti minit chwikab yok rech xelaj u ʼ, leqanan qa tat kaki tiko je ʼl alaj taq u wachi chaj .
k ʼax nuqu l .
xu ʼ lu kʼama ʼ.
koj ul kitzukuj .
are man kʼax taukuna xik aretaq aninaq ka ʼ ili taj we ya bʼil al xuquje ʼ mojo ʼ qa kuya ʼle kʼax kʼol il chech le jolom aj .
ri wel kʼopa tijo nik .
kawaj kin bʼij .
ri kotz ʼi ʼj k qa koj chiupam ri ja .
q ʼe q q ʼoj rij ri ama ʼ kej .
na x waj taj xin ch ʼawik .
ch peta bʼal e loq ʼalaj ja bʼ .
x sachon chkexat kisik ʼij .
e leq ʼal ch ʼich ʼ.
jachin xa wi lo chi arex tijo w ri ti ʼj ?
ma taka bʼe le nu x bʼal pa le tina mit .
pim ru q , ri ali .
¿ kʼo ri muq ʼe chia wech ?
k qa bʼij man ke kowin taj .
kintij na .
kʼo jun qa tʼu ʼy pa ja!
kʼopuj chiupam rich ʼa ʼk .
aretaq kin ko sik kin wa rik .
xatwa ʼik xin wi lo
in xin ch ʼayow le achi .
konojel ri ala xik ke ʼ etz ʼa nik .
jas ru kʼ xki tij wi le kirik il ?
aninaq il kat petik .
narax ta u wach le juyu bʼ .
ri tz ʼalam tz ʼi bʼa bʼal raxkkayik .
we chat chakunik , kʼo awa .
ma ʼ tam xatpe cheri wa ʼim .
kamul kin wa ʼ na .
ri sik il k tijo w ru kʼik .
kim bʼe aq ʼan ru kʼ le alta lin .
xoj ʼe k xe ʼ q il al arqasok .
xe kiq ʼil le ajchaki bʼ xki wok le ja .
ma tane x waj le kʼu hj nem ru kʼ le ate ʼ k .
are xe ʼopan chiuchi ʼ ri juyu bʼ, x kilo chi man qas tak ʼoq ʼayes .
kʼate kʼut , ri jesus man kkojon tach kech rie ʼ are ʼ, ru mal rech che konojel reta ʼm kiwach ,
pa ʼ tzrij ri tz ʼi ʼ.
juwinaq waqi bʼ q ʼataj .
a te laq ʼom .
xa qat jo ʼ s .
ri q ʼatzu, are q ʼalaj ri uq ʼij il .
aj chak we ala .
u bʼe le ju ka kʼal taqanik (29).
ke bʼ nu bʼi ʼ kʼolik .
la katzalij lu ʼ la aninaq ?
katzukun la chwe.
lakaj la koj bʼe ʼ pa le chomal ch we ʼ q ?
xin na bʼej chu ta sik qa kʼoli bʼal .
lal xin to ʼwik .
si bʼalaj ano ʼji bʼal .
xoj pe tik xolqa kʼama ʼ.
si bʼal aj je ʼ lik ri u wa ʼl ri ichaj .
kʼax wij ru mal in pa cha lik .
aretaq xu kʼu lmaj wa ʼ xu l ri u chomanik xu bʼij : are utz wa aq ʼa bʼ kin wali jik, arecha ʼ cha nim kinopan pa tijo bʼal , maj chikin kʼu lmaj .
ojaj xojo lo bʼ pa awasq ʼij .
xin sach che le u wokik le tzij .
e jula juj ri akʼ .
xuta jampa ʼ koj ʼek .
q ilik .
ri tijo xel man areta nim chu wach ri raj tij. ri utz tijo xel qas jeri ʼ kʼolik jas ri raj tij .
in xa tin ch ʼa yo .
no ʼ jim chak wu mal .
ch ʼur ri joch ʼ.
inkin bʼij na kat sach taj .
uj maya bʼ .
ria bʼaj ya tzalik .
tajinke pix bʼax ria kʼala bʼ .
chom riaq .
x in wa rik .
e le men konojel ri akʼala bʼ .
tajink q ʼa na rik ri we re ʼ aj .
le u kemik lepas utz ( chawe ).
xuyu pu bʼa u wach ra ʼ chi , kacha ʼ, .
risa tan askok pari judas ri kbʼixiska ri ʼo tech rech , ri are ʼ jun ch kixo ʼl ri e kabʼ la juj .
chu churipar .
kinqumuj ri nu joch ʼ.
chech punción lumbar amaq ʼel rajawa xik chech ri lik le u kʼex bʼem wi le na bʼe ru kʼ le u kabʼ u kʼutu nem le ya bʼil al .
q ʼalaj china kawaj taj kabʼij .
kʼo q ʼol chirij ri si ʼ.
jawi xoj ʼe wichu loq ʼik ?
kʼo u lo ch ʼ rita lin .
q ʼan rij ria ti ʼt nukej .
la x tzalij la iw ir ?
xe si kʼixik , kʼate kʼu ri ʼ xe ya jik, xuquje ʼ xetaq bʼi che u sik ʼik le mes .
lak ix warik ?
are kʼu lepa loma x xu bʼij che: -mam kat bʼison taj , kin si kʼij nik ʼaj wachi ʼl kerapapik .
a ʼ re e tijo xela bʼ .
ri alaj ali si ʼl xu bʼij x qachap pa utzal ri tyo x.
x sachon chke jachin xe a tinik .
jas xu rayij le anan xutijo ?
x inko sik .
rax ro nojel ri q ʼayes ru mal le ja bʼ .
kin ya wa ʼ wech ʼich ʼpi nem na utz .
no ʼ jimupach ʼu xik le nu wi ʼ.
naj kʼowi le wo ʼ ch chu wach le tijo bʼal .
ri okibʼal kʼo chi u wach ri saq ja .
xe nu taq ch ʼij kek il le akʼala bʼ .
kʼo jun q ʼ oxowem chi we .
tzari cho ʼm .
we choj bʼe pa le nimaq ʼij , keq il le aj xojolo bʼ .
xoj ʼe k xe ʼ q il al arqasok .
riate ʼ k xuta ʼ chech ri na nto ʼ n :-nan jas che ʼ chiman kajtala qa kʼati saj ri jo ʼ q .
rip al si bʼalaj xu ʼ y.
kin koj ri jok bʼal u lew .
inkin bʼij na kat sach taj
a traj kun le nu na n.
ku qamuju joron ri aj tzij .
lu ʼ tz ʼalam u bʼi ʼ ria chike l pa nim che ʼ .
je ʼ lik uti ʼjol al ri saq ko ʼ r.
kʼo jun xa ʼ r pa ja .
xin loq ʼ jun kʼakʼ pa tan .
kʼax u kemik lepasa wu mal .
aninaq u kemik lepasa wu mal
rich ʼa ʼ n sachinaq pa taqa bʼix .
rax taq le kotz ʼi ʼj .
mesom kanoq riupam ja .
man aretar alax kosik .
ri komon xech pu p rech uq ʼa bʼ tina mit xo ʼ la bʼaj rech q ʼu markaj .
la u tzakik kʼu su bʼ tajinku ʼa no ?
kate la !
na xutij taj .
xa ru mal keta ʼm konojel ri winaq k ki qumuj le ja ʼ.
iwir xuj tzalij la pa kʼay bʼal .
qeta ʼm cheriqa wa ku juto ʼo .
riaj tij , kya jon chikech ria kʼala bʼ .
jas u bʼanom le nu ch ʼuti tat ?
ch we ʼ q kin bʼe pa nim tina mit .
utz we kiweta ʼmaj jas ku bʼij ri chol bʼal q ʼij .
tajin kat ji lo w che uq ʼoxom jolomaj .
x intik q ʼax chi u wach ri ja .
kʼax le ki bʼe le winaq .
loq ʼ katkun taj che le ya bʼil (covid - 19).
ri n uxi bʼal kel paqaj bʼal q ʼij .
x ri l ri axwan chi x wa ʼ ri ala .
le alix kuna tajik .
we taka pe leja bʼ kamik .
xin we ta ʼmaj chi na xatpe taj .
rip waq rech we q ʼataj ri ʼ kesax chech ri toj bʼal kʼayi nem .
k tij ri u wa ʼlik ru mal ri kinimaq ʼij .
xuchapuku na xik .
cha tan loq ali .
xin xu li ʼ qa jo q .
je ʼ lik k tijo w ri taqik ox.
kʼate kʼu ri le tat xo ʼ rx u bʼij , man kawaj taj , man kawaj taj .
kʼo jun tz ʼi ʼ pa bʼe .
kamul xin pe che atzuku xik .
man tajin takin chaku nik .
kin chakunik rechka twa ʼik .
jas ru kʼ xa wil wichi xki qupij wil eti ʼj .
jas u bʼixik … ?
koq ʼ ria kʼal .
kawaj na kat ʼe taj .
xat q ʼa jik .
we m nacha loq ʼaxi yal , na kim bʼe ta a wu kʼ .
xopan lew uja wu kʼ ru mal wech in .
are kʼut pa le juyu bʼ k kʼiy joron, chila ʼ xe kikʼama wiri ja ʼ ri winaq .
koq ʼ ria kʼal .
we kʼo arajil chak ʼam aloq .
are si bʼalaj kaq leapo ʼt chu wach le nupo ʼt .
xin kʼas taj pa kabʼ la juj kaj bʼal .
kaqoy ʼej nakix pe taj .
ko kaxim ri chij xa je la ʼ man ka nimaj ta bʼik .
ri kok no jim x bʼek , xu ch ʼijo xopan pa u kʼis bʼalil le a nim .
xoj ki ʼ kotik aretaq xatulik .
kaq itz ʼ naj ri uxa ja bʼ ri akʼal .
ri jesusk wa ʼkat pari nim rachoch ri dyos, chu xe ʼ ri jun jache rachoch ri salo mon .
we taqanik ri ʼ ku bʼij chi rajawa xik kya ʼ uq ʼij ri winaq xuquje ʼ k to ʼ aninaq il .
ria xu x are nari uku nel ri kinaq ʼ.
aretaq wa ʼ ri uq ʼijol we taqanik .
kʼo jun ta bʼal pa u wi ʼ ri xkan ulu bʼi ʼ la juj no ʼj .
yu ʼl u bʼanom ri u kolo bʼri kej .
xa nimaj ria kʼal chi u wach ri u chuch .
k kuna n ri achi .
kin wa ʼik rech nakin yowaj taj .
aj xik ch ʼich ʼ ri lu ʼ s .
k waj che ixkix bʼano wik .
a ʼre xeto ʼ wa laq .
xoj ʼe k xe ʼ q il al arqasok .
xin loq ʼ jun ch ʼich ʼ, qajinaq u wach .
ku tʼis rip anta lo n.
e janipa le awal kʼ wa le kʼolik ?
utzukemik lepas chawe .
rimax are aj q ʼa ni ya ʼ.
mata bʼ achiri q kʼax pa le bʼe .
tajinka nimaj , ri me ʼ s .
ixi xe ʼ laq ʼoma bʼ !
x sachan chwe.
e kʼo kʼi che ʼ, chi u wach ri juyu bʼ .
arewa ʼ ri nimalaj pixa bʼe arewa ʼ ri na bʼe .
x reta ʼmaj chi ru kʼ pa kʼ ku tij wi
jas u tzakik le su bʼ xu ʼa no ?
aj xo ʼy ri wikan .
we tanea ʼ re xe tijo w le rik il , are le komon xe tijo wik .
si bʼalaj aninaq kach ʼaw le are ʼ chi nu wach in .
utz we kinchakuj .
me ʼ sla ʼ.
kʼo kanwa rech kaqatijo .
xin si kʼij la .
ria kʼal x sach kanoq jela ʼpa taq ʼaj .
xe sik ʼij la .
jawi x kibʼij wi chike ʼ e wi ?
ru mal che, manix tari ʼ ri kixch ʼawik, are ri ru xla bʼ axel ri i tat ri ʼ rik ch ʼaw na iw u kʼ ri ix .
kʼakʼ ri wachoch .
si bʼalaj utz kin wil leatz ʼya q rech nahua la .
saq por k kay ri kipo ʼ trina n.
x sachon ri nu chak chwe.
wa ʼim xu chapo .
riq ʼaq ʼ tajinka juluwik .
najil upam ri si wan .
e kʼo ri qachal al pa chiu wi ʼla .
jas xa taq chi ʼj le akʼal chu tijik ?
no ʼ jimu kemik le pasa wu mal .
kʼo jun ku ku bʼi ʼ tintin, wa ʼle laj ku kmam kaj eqi taj , kapaqik ax u lik pa u wi ʼ uq ʼa bʼ taq che ʼ, si bʼalaj sak ʼaj , ke ʼ uto le e nima ʼ q , ch ʼut in, rachi ʼl , aj sipa nel si bʼalaj utz ra nima ʼ.
ri u pixa bʼ leq ʼat bʼaltzij kiya ʼu bʼixik .
na x sachonta chke xea tinik .
xeq il le chikop pu wi leja .
x lo ʼ taj ria kʼal .
qo nojel kuj wa ʼ pa u wi ʼ ri me xa .
xsik ir le waqan .
la xat wa ʼ kʼut ?
nim u bʼa q ʼ ri tulu l .
kin xik ʼi kʼik xin q ʼa xik .
la kat bʼe pa le tina mit ?
ri pa l si bʼalaj saq ʼo r.
k q ʼoxo w nu jalom .
xin na ʼo chikat petik .
x loq ʼu lewi we chi x.
xin chakun ru kʼ ri nu mam .
na xqa bʼan taj .
k kʼoji ʼ bʼa ʼ ri u sipa nik ri ajaw xel jesusk ri sto ru kʼ ria wuxla bʼal !
kin ch ʼaw ru kʼ le nu na n pa le ch ʼa we bʼal .
si bʼalaj q ʼe q u ʼm ru mal ri mayul .
areleba xulik .
xe kos le ixoqi bʼ pa le bʼe .
kʼax ri lik le akʼal chawe .
xin q ʼi ʼ oxi na tin pa joron .
si bʼalaj nim le tina mit .
kʼax u kemik lepasa wu mal .
xin sachik .
tajinke lu kikʼel pa raqan ri tz ʼi ʼ.
xin we ta ʼmaj ri lik wi bʼ
ri q ʼuq ʼ are jun je ʼl chiko p.
kʼopa jatijo bʼal ri wikaq ʼ.
ri sachi bʼal mak raj wa xik chiqa xo ʼl .
je ʼ, kim bʼek .
je la le ʼ ri nu p wi ʼ.
xu bʼij che: - jas xa bʼano tintin ?
kabʼan jun toq ʼo bʼ kyak ri nuj al .
kat ʼek xin ta .
jas le u kʼex bʼem ri bʼ le jun ru kʼ le jun chik ?
aj chi u wi ʼmi q ʼi nja ʼ ri lu ʼ .
ri tijo nel naj kpe wi.
te ʼ kixcho bʼ u bʼi ʼ ri nu tat .
rija ʼ kamiq ʼik chi u wach riq ʼaq ʼ.
ri tʼu ʼyk paq ʼowik .
kinme son na .
na q ajat kʼowi chi wech .
xin bʼiso nik taq na xatpet taj .
wexkam ri winaq , rip waq rech toj bʼal makaj kya ʼ chikech ri rala xik .
ri nu na n x bʼe pa kʼay bʼal .
xoj u kʼam u loq rech koj ri lo
x kʼoto chi n chi kiwach chikin wa ʼaw u kʼ .
na x kikamsaj taj xki kʼam bʼi choja .
kʼakʼ ri ikʼ kamik .
xim bʼe ru kʼ le aj kuniwir .
ri lik .
letz ʼi ʼ xeko sik .
xin kikota wu mal .
ri i mul xu maj ria nim , xuya kan le kok .
kʼo oj cheria kʼal .
xuj bʼe pa jun kʼula nem .
utz we k waralaq .
kaq ilo chi na koju kʼam taj .
x reta ʼmaj chi ru kʼ pa kʼku tij wi.
si bʼalaj xin kʼa ʼ na rik .
xin kochij ri nu wa .
man katkowin taj kat chakunik , we man kʼo tari ajila bʼal .
we wonon xu bʼij chike :- k ixinto .
ri ala nimk ri l wiri u mam .
xka ʼy chirij , xka ʼy chu wach , ma kʼota chi jun k silo bʼik , xoq ʼik xu xe ʼ j ri bʼ x ch ʼo pi nik x tzalij loq xu riq ta chik ri u bʼe .
kʼo pus cheri wa .
pi nem naka bʼe lewatz, kim bʼe wi in paka ʼyi bʼal .
ri na nto ʼ n nim winaq chik, saqu wi ʼ, ro nojel aq ʼa bʼ utz kuna ʼo ka tʼuyi ʼ pa u tem , ku miq ʼisaj ri bʼ chori q ʼij , kʼo jun u wi ʼ u mam u bʼi ʼ ate ʼ k .
mane kʼi taj ri qula ʼ.
q ʼalaj china kawaj taj kabʼij
x paqa bʼisax rajil ro nojel ri kem .
kʼopari jul ri ku matz .
ro nojel q ʼij kin ch ʼaj le nu w are .
saq chikan le ichaj rech katzako .
chu xel eqa chomal kaqatij wi jun q ameq ʼin .
chawila ʼ.
e kʼojo bʼ u mi ʼ al, ri nu tat .
jas ru kʼ xa wil wi
je ʼ jas ri winaq rech ri u wachu lew , xoquje ʼ kepe nari ʼ ri e ʼ are ʼ che e rech ri u wachu lew ; je ʼ jas ri winaq rech ri kaj , xoquje ʼ kepe nari ʼ ri e ʼ are ʼ e rech ri kaj .
x in tijo .
k tz ʼu juw ri rachoch ripo ʼ x.
xu q ʼi ʼo are le u kʼu lel xya ʼo wu wa .
ria wel xreta ʼmaj chi rajawa xik man ku xej tari bʼ cheri tukur .
ju kʼulaj winaq xe ʼa nimaj bʼik .
je ʼ, xin tzalijik .
xoj pe tik xolqa kʼama ʼ.
maj jachin x ʼek .
in aj tij ; at tijo xel .
saq u wi ʼ ri tata ʼ.
wech ri kem .
le ro ʼ ch le ate ʼ k kʼo ch wach le u kʼay le nu na n.
k bʼe pari si ri ʼa epa risilisi ʼ a, jawi je ʼ kuya wiri kichuq ʼa bʼ ri komon tyo x.
pixa bʼ : man utz taj kʼax kuj ch ʼaw chikij nik ʼaj qa ch il .
x kuna taj le ali ( ku mal ri ixoqi bʼ ).
ri xi bʼi bʼal chi kʼowi pa taq ri qa kʼas le mal ro nojel q ʼij .
na kuj war ta waral .
on chek kʼoji ʼ ri utzil chi xo ʼl , arech junam ri qa kojonik , junam ri iwe chi x ru kʼ ri we chi n .
pa ox q ʼij risa ʼ n k bʼe na ru kʼ ri aj kun .
kawinaq wuqu bʼ .
jas kawaj kin tijo ?
we taxat bʼe wu kʼ pa le tina mit , xa loq ʼ tala ʼle u jastaq le a kʼajol .
ke bʼe pa wa ʼim .
xin loq ʼ kʼiwa .
pa jun nim kʼa che ʼlaj , kʼo jun kʼ wa ʼ si bʼalaj saq lo loj , nim u wach .
k waj katij ju bʼa ʼ wa .
ro nojel winaq kril nari u kolo nem ri dyos » .
x kʼoto chi n chi kiwach chikin wa ʼaw u kʼ
k waj na kat ʼe taj .
la xa loq ʼ jun alej ?
e kʼo rie loq ʼoma nel .
riu kabʼ u bʼi ʼ ri nu mamareyay .
kin jopij ri ija ʼ rech triko .
x na ʼ taj chke xe a tinik .
xate ʼ q ila ʼ.
kakitij alan xax ri winaq .
. . . kin bʼij chi arewa ʼ sinxi ʼ an .
na xin na bʼej ta chu ta sik qa kʼoli bʼal .
ru mal rech che we ri in, kin ch ʼaw ru kʼ ri dyos pa ch ʼa bʼal , k ch ʼaw na kʼu ri ʼ ri w uxla bʼal ru kʼ ri dyos, kʼate kʼut man kʼota u pa tan ri ʼ ch rech ri nu choma bʼal .
xepetik xkilo .
xuta we kat ʼek .
utzukemik lepas chawe .
ri nuwaka x xutij jun q ʼoq ʼ ru mal ri ʼ x kamik .
ru mal ri kʼix , man kewa ʼ taj ri winaq .
xe ʼu lik .
q ʼe q rij ri ama ʼ chij .
x rajka ʼ e le u na n.
junam ki juna bʼ .
naq ʼalaj taj we ka ʼek .
ri wix nam ch ʼaj ch ʼoj ri rachoch .
waral man kʼotaj ajaw al .
nai wirta xril le kʼamol bʼe .
xin pe loq te kʼu ri ʼ xin tzukuj ro nojel ri nu rajil .
riaj tikonel kutik ri tzij .
kʼo e kikʼajol le achija bʼ .
ku tij q ʼayes ri ixpa ʼ ch .
pari wa ʼ bʼal e kʼo kawinaq achija bʼ .
si po jinaq ri nupam .
kaya ʼ tajik ru kʼuti ʼo nem jun ri u riqom le ya bʼil amolot setsé xuquje ʼ are kaya ʼ taj pa taq ri juyu bʼ .
jachin ri achi ?
ri nu mam x kamik aretaq kʼo jumuch ʼ la juju juna bʼ .
kin kowinik kin kʼam bʼi lep waq .
kin wi lo chi utz ri aji ʼ .
xin q ʼil riapo ʼ x che man kachakun taj .
k wa ʼ chi u wach le taq ʼaj ri ama ʼ akʼ .
ri i mul xe poq ʼik pa junik ʼ.
x kʼis kanoq riqa chak .
are ri alixoj ilo w kanoq .
si bʼalaj ch ʼu ʼj ri amax .
kʼo nu wachi ʼ.
in chajinel kech le akʼala bʼ .
xekos letz ʼi ʼ.
kin bʼe na ku kʼ ri molaj .
ro nojel aq ʼa bʼ kin yi tz ʼ ri wakax .
karapi nik xu tzukuj chi jun awaj .
le u kemik le pasaninaq ( a wu mal ).
maj u rajil leq ʼa bʼarel .
kʼax ri ʼ ri kach ʼawik .
xoj u taq chi ʼ j le achi chu loq ʼi kichaj .
si bʼalaj kʼax ri x kʼu lma xik .
x kilo chi nakin kʼoxo maj taj .
x na ʼ taj chke chi xe a tinik .
x kʼoto chi n chi kiwach chi xoj al wo ʼ qa ku kʼ .
jun q ʼu ʼ q rajil ri kaxla ʼ n wa .
xin wi lo chi xe ʼelik .
e kʼo ixoqi bʼ pa le kʼay bʼal .
man kʼotaj u kʼisik ri maya bʼaj la bʼal il .
ri si n kkʼiypa taq ʼaj .
rich ʼi maman kkʼiy taj pa taq ʼaj .
rajawa xik k ji kik ri waqän .
k awaj kin ʼ e k .
e kʼo oxi bʼakʼ .
xu bʼij ch we jawi at kʼowi .
ch we ʼ q kuj bʼe ʼ pa muquj .
pa saq kʼaja ʼk bʼan wiri uq .
xoj kisi kʼij .
xin wil wi bʼ .
chaq ʼ chik ri wa .
kim bʼe nakapa le wo ʼ ch .
k awaj kin ʼ e k .
rich ʼu ʼ k tij ru kʼlej .
pari kiq ʼij kaminaqi bʼ kbʼan q ʼo ri kʼya ʼ rech aj : na bʼerinan kutzukuj kan ri aj , ku jach ʼo ʼ xuquje ku kʼeto .
jas kaj bʼal cha nim ?
utz uchomanik ri ali .
pari q ʼij ox la juj tija xkin kʼis kebʼ juna bʼ kin chakun waral .
si bʼalaj ko , ri kʼakʼ ch ʼat .
jas karaj ku bʼij … ?
rich ʼich ʼ kasila bʼik .
pa ojer q ʼal pu l xaq xu wiri nim winaq ke kʼamo w bʼe .
le uku na xik le u kabʼ u kʼutu nik are ru kʼ e flor ni tina on u tuni bʼaxik le nifurtimo x chi ʼ le flor ni tina chech t. b. g.
are ri achi xin ch ʼayowik .
juna chi u bʼik u ʼ xu sipaj kebʼ kʼa ʼm u lew rech kabʼan ri tijo bʼal , kamik, kʼo chikaj tij rech ri komon xech pu p .
xu malty oxij cheri aj tij ro nojel le xu kʼut chi u wach .
pari bʼex kiraq jun alaji mul saq ri j, x kikʼam bʼik .
xril le bʼal e ala .
jas ku bʼij ch we ?
le uku na tajem are ru kʼu tzuku xik le uchikopil pa junu soli ku xe ʼ le ki kʼonleja ʼ rech jun nodo .
utz we nutz ʼi ʼ.
je ʼ, tajin kachaponik .
ki nu loq ʼoj le nu tat .
kawaj kim bʼe pa tina mit .
are la ʼ kin chakuj .
ri nima ʼ q taq winaq kʼoketa ʼma bʼal .
we taxat bʼe wu kʼ pa le tina mit , xa loq ʼ tawa ʼ we jastaq .
ri kikʼas le mal . wa ixim u lew xa jun chi ma areta tini mit ri ma
ri u kʼ ya bʼal na jupam .
xat qaj chiupam ri il .
no jim kat wa ʼik .
we kʼo jun k tuqa ʼ rik , ¿ la man xoquje ʼ taj kin tuqa ʼ r ri in ?
ojoj wokolja .
awas k bʼan kʼax che jun nim winaq .
xin ch ʼaw apan ru kʼ le wa na bʼ .
kʼax riupam ri ju ʼl .
tajin kewa ʼ ri imul .
lakaj la kuj tzalij la aninaq ?
ru mal rech cheri mak aj man kʼota u kowinem pi wi ʼ ri ix : ri ix manix kʼota chi chu xe ʼ ri pixa bʼ, xane ix kʼo chu xe ʼ ri sipa nik .
nim raqan le che ʼ.
x in chapo .
are le tu ʼ rle loq ʼoma nel .
xa skat kʼoji ʼ chiupam rich ʼich ʼ.
si bʼalaj nim raqan ri kʼamal bʼe .
letz ʼi bʼa bʼal wech in .
in xin to ʼ w la .
xaje kʼu ri ʼ ri ixkamik ri ʼ man ix kaxlan winaq ta chik ; ri ix, ix rech ri ki tini mit ri ety oxlaj taq winaq , ix rech ri rachoch ri dyos .
xin tiko xlaj kʼali chaj .
kaqa riq qi bʼ ch we ʼ q .
si bʼalaj utz cheri wi ʼ aj ri tuney .
we na jupu lik ta xeqajik . . .
xin to ʼ taj cheri nu chak .
kʼo jun chiko pu bʼi ʼ pum .
poqon ri ik .
xoj bʼinik .
xu ch ʼe kro nojel le re tamanik x paqi ʼ k kʼax kwʼi nik xu bʼanaj kun .
kel u bʼik pari jud e ʼa ek tzalij chi u bʼi jumul pari galile ʼ a.
x ina xi bʼij pa bʼe .
je ʼl kʼolem chi awachoch .
ro nojel ri ya ʼ tal il pa we q ʼataj , tz ʼaqat kiwach , man k tzaq ta kanoq xuquje ʼ man ktas taj .
xukun aj le ya wa bʼ le aj q ʼij .
chi tata bʼej jas le kim bʼij .
ch ʼan al ri achi .
pa bʼoko ʼ kachakun wiri tax.
uj kʼopa u wuq q ʼij .
ki ʼ ri u kabʼ riaq aj .
kʼo rachal alpatz ʼoloj che ʼ ri pe ʼl .
x kilo chi kin kʼoxo maj .
ri ukisak ʼutz kya ʼik chi u xe ʼ ri tiko ʼ n .
aretaq chi ʼ kaq ʼan pu wi ʼ ri juku bʼ, ria chi che x kʼoji ʼ ri itzel uxla bʼal ru kʼ , ku tach rech ri are ʼ, arechk kʼoji ʼ ru kʼ ri are ʼ .
na kabʼantaj ta wu mal .
x na ʼ taj chke xe a tinik .
xin paj ri nu triko .
xe ʼ ok ri pok ʼ pari umexaripo ʼ x.
kaj u luw ri aq ʼa ʼl chi u xe ʼ ri tʼu ʼy .
a wech le ja .
xuj bʼe pa tzu rik .
na bʼ exato pa nik .
riu kabʼ u bʼi ʼ ri nu mamareyay .
uwaj xaq uka kʼal taqanik (28) .
ma ta kʼo jun kakanaj kanoq , qo nojel koj bʼek .
e nima ʼ q le al toma bʼ .
nim u wach ripo ʼt .
kojo nik pari utzij wa ixim u lew .
jas xu kʼam bʼil etz ʼi ʼ xa wi lo ?
x in petik, tat .
ri bʼ elaj u wach .
chi tata bʼej jas ri kim bʼij .
je ʼl ku na ʼ ria bʼix chiupam ri ququ lew .
kin bʼiso ju wach le wal .
xu tʼuyu bʼa ʼ.
nim ria we q e le ʼ n xa riqo .
x ine ʼ wa ʼ oq .
chi ʼ kewa rwi le akʼala bʼ .
ri numi ʼ al xutaq loq jun taqo ʼm wuj chi we .
q ʼe ʼ lik , richaj pari bʼe .
la u tzawach ? - utz malty ox , e kʼu riat ? – utz malty ox.
xin kos ru mal nu chak .
k bʼe ku kʼ rie ʼ are ʼ e k tzalij pari na sarete ke ʼ u nimaj .
ri joj xu kʼam bʼik ri akʼ .
kʼo chi wachi ʼl cha nim .
ku bʼij chech na ʼl kabʼan cheri atz ʼi bʼ .
e. . . in kawaj katzjoj bʼilach we .
mata xin yaj le ali .
jachin ru kʼkat bʼe wi ?
kʼo si bʼalaj eta ʼma bʼal pari maya bʼ no ʼji bʼal .
eman xo ri jupuq kej .
kas umum ri kaq iq ʼ.
e kʼokaji bʼa kʼala bʼ pa le bʼe .
je ʼ jas ri u tat kkaʼyik .
xaqa tmolo nel tzij tal .
le nu tat ka loq ʼo nch we .
xaq tane kim bʼe iw u kʼ .
xreta ʼma juch ʼajik .
ru mal la ʼ x koj “ xal q ʼat ” che u bʼi ʼ ri komon .
are le u kemik pas x reta ʼmaj .
ri wa ti ʼt ku bʼan nari u pa tan .
kʼakʼ le po ʼt .
reta ʼm u wach jachin x loq ʼo w ri pas .
ke n ch ʼa bʼej le akʼala bʼ .
ya ʼ tal chaq eqo nojel ri uj winaq utz kaq ilqi bʼ .
x koti ʼ paq ʼayes xoq ʼik .
kawinaq bʼe le je bʼ q ʼataj .
e kʼokaji bʼral ri i mul , jun saq , jun q ʼan , jun q ʼe q , jun q ʼeqoj , si bʼalaj ketz ʼa nik , kech ʼo pi nik ri alaj taqimul .
k cholol ria cha chal .
kete kik ri ikʼ .
xepetik rechkewa ʼiw u kʼ .
tza tz ri uq ʼa nil ri akʼ.
xoj tzalij ikxi xe ʼ qaq ʼat uj ku kʼ le i tatinan .
ri yo ʼ xtaqa kʼala bʼ keki kʼux ri atz ʼya q .
we achi we xu sipaj jun po ʼt ch we x kamik .
kkowin ri kuna nel cheku na nik .
xji q ʼ pari polo w .
xa ru mal si bʼalaj rajawa xik le loq ʼalaj ja ʼ, le winaq x kibʼij : che we ikʼ ri ʼ qo nojel kuj bʼe cheuti kik taq che ʼ .
riunan erie rachal al kepe u loq ru kʼ ri are ʼ, kʼate kʼu ri ʼ, man ke kowin taj keqi bʼ u koq ru kʼ , ru mal rech che e kʼosi bʼalaj winaq .
ru mal rech , che man kʼota jun kkowin che u kojik junti kibʼal il chik chu wach ri kojom chik che are ri jesusk ri sto .
te kʼu ri ʼ x utz ʼi bʼaj ri bʼ pari nimalaj tijo bʼal rech aj ku ʼ n .
kaj u luw rich ʼu mil chaq ʼa bʼ .
kʼis bʼal kanoq , xoquje ʼ k kam ri ixoq .
lea laxokik .
kʼo p waq pa u wi ʼrimexa.
arekawaj nakin ʼe taj .
ri ya wal ku koj ri alichi u xe ʼ ri cha kach are u su ʼt .
na kaqa kʼam tu ʼ bʼi kamik .
riaj tij ku bʼij chike : rajawa xik keqa chajij ri awaj , are u tiko ʼ n ri ajaw .
xin tij mukuni wir .
kʼax le u wi ʼ taq le nuq ʼa bʼ .
xin loq ʼ jun il bʼal wi bʼ .
wa ʼ we q ʼij , nim u bʼantajik .
ri u xe ʼ al ri qatina mit man kasach taj .
xoj bʼinik .
ri achal al junam kiwach .
xin we ta ʼmaj ri lik wi bʼ .
nim ri u na ʼoj wa j tij .
mi q ʼin ri kʼul .
aj q ʼojom ri ate ʼ k .
chelesa nik che ʼ kbʼan wiri q ʼojom .
kape le awel pa naw alja ʼ.
ri me sonel tajink chakunik .
utz chaqe kaqato ʼqi bʼ, taq kʼo kʼax kʼol il , kate we chi ʼ n ri ajaw paqa wi ʼ.
xa wilo, x q ʼatan le ibʼo y.
xat kowinik xa bʼano .
ki ʼri kʼa we x.
kajil il ri bʼe .
le ali xel bʼik .
are ʼ x raj xin bʼano .
nim we abʼaj .
je ʼ lik uti ʼjol al ri saq ko ʼ r.
noj inaq ri kej .
we katijan xu xman katuto ʼ tachi uq ʼati xik le kʼakʼ ya bʼil corona virus ( 2019- ncov).
na nim ta raqan wa ʼwe che ʼ .
utzalaj ajchak , ri we l.
¿jam pa ʼ kuj bʼe pa nimaq ʼij ?
rajawa xik tane la ʼkat chakun wu kʼ .
xutaq chi ʼj pa waram pu lew .
man aretaria x wan xelik .
ria wix xu loq ʼ rachoch re nimal .
are ri ixoq xin sik ʼin u loq .
rich ʼi ma kʼat ʼon na .
la xi bʼan le ichak ?
kʼi tina mit e kʼopach ʼo ʼj .
kʼo jupuq chij chi u xe ʼ ri che ʼ .
ri u xaq ria bʼix are u wa ri kej .
kawinaq q ʼa taj .
laki xpe pa tijo bʼal ?
we kechajix taq le kʼ wa jachakin bʼij ; juna lik kʼoja ʼ xuquje ʼ si bʼalaj saq lo loj .
xreta ʼmaj .
ri ala bʼom ri alitoma bʼ tajinki ki tijoj kibʼ rech su taq , arekakaj kikibʼan nimaq achija bʼ chupam ri kikʼas le mal , xuquje kʼo chik jupuq bʼixo nel chupam ri komon .
la tz ʼu wach ri bʼe .
kʼakʼ ria ch ʼich ʼ.
qo nojel uj , uj maya bʼ taq winaq .
nojel q ʼij ri ati ʼ x kuyu q ʼuj le taqa waj je la ʼ pa nik ʼaj ja ʼ, chirij ri juyu bʼ u bʼi ʼ te na ʼ.
pa q ʼom chik ri si ʼ.
kin tzukun che la .
kakitij le kinaq ʼ, le ichaj , le u wa ʼlik ru kʼ le j .
xekan ajkan le ajchaki bʼ .
ketikon ri achija bʼ .
si bʼalaj itzel u bʼantajik rich ʼi lakan .
riate ʼ k xu malty oxij cheri rati ʼt , ru mal ri utzalaj no ʼ ji bʼal xu kʼut chech .
k kamul ixu chak ri abʼix .
la xin utzukuj le tijo xel ?
are ʼ kachakun ro nojel q ʼij .
le e kʼa ʼ na taq tz ʼi ʼ.
saq rij ri plam u x .
jas xaq ʼi ʼoxa tijo .
jas ru kʼ x kichap wi u tijik le rik il ?
wekata tin ru kʼ kʼata nja ʼ man kuq ʼatej ta le kʼakʼ ya bʼil corona virus .
la kat bʼin pa le uxlan bʼal ?
la waral kʼuxix wa ʼwi ?
are le nu tat kin loq ʼo nik .
tajink chakun ri ala .
kʼo ri ki ʼ kote mala wu kʼ .
xuta jachin ka ʼek .
xa twa ʼik xin wi lo .
x tzaq ri rachoch ru mal rija bʼ .
pa le junik ʼ chik are nimaq ʼij .
e kebʼäm kebʼin pa u wi ʼ ri tem .
mem ri achi .
ri wi kancha li ʼ y kel pa juyu bʼ chwi tziri bʼal .
le rajil , la paja xe laq ʼax wu ʼ bʼik ?
pari su ʼt pisom wiri lej .
koj pe tik kol qa kʼama ʼ.
tajin kat ch ʼo p in chi u wach ri taq ʼaj .
leq ʼo rx ch ʼuqik .
kʼax wa ʼ ima wu mal .
kin bʼison che lew al .
si bʼalaj kʼo kʼ ri awatz ʼya q .
kamik xuj bʼe cheuti kik taq che ʼ pari juyu bʼ .
ki nu loq ʼoj le nu tat .
chaqi ʼ jchik ri chaj .
xyi lix hawa yi .
na x na ʼ taj ta chke chi xe a tinik .
ru kʼ kʼu wa ʼ we ri ʼ, ri ixk kʼoji ʼ jun utzalaj ikʼas le mal ri ʼ ch kiwach ri winaq chemane kʼo taiw u kʼ , kʼate kʼu ri ʼ man kʼota jun winaq ri ʼ rajawa xik chi wech .
e pe tinaq pa bʼe le rachala xik .
kakaj le akʼala bʼ kewa ʼik .
xuj ch ʼay bʼik .
ri nu chak are q ʼaxel tzij .
kʼo nar uxla bʼ ri awaj .
tajinke lloq, ri q ʼij .
xu q ʼi ʼ ox kamsax ri rachal al choch .
ri nu mam are kʼo uq ʼi nomal .
x kʼu lma taj jumul , xu bʼan jun nimalaj ja bʼ, man x bʼe yetaj tana xu kʼis le uyu q ʼ chike .
ama ʼri nutz ʼi ʼ.
jewa ʼkat petik .
xin ko sik ru mal xin chakunik
i wech chi jujun al , ri wa .
xu q ʼi ʼo na xa tat in taj .
in riq tajinaq pari kʼayi bʼal .
n aweta ʼm taj .
kʼax le nuq ʼa bʼ .
utz le xu bʼij le achi .
ke matz ʼi bʼ .
kʼo rachal alpatz ʼoloj che ʼ ri pe ʼl .
ro nojel wa ʼ we jastaq ri ʼ, xask sach wi u wach wa ʼ ; ru kʼ we ri ʼ, ri ix, rajawa xik che kʼo junty oxlaji kʼas le mal e k kʼoji ʼ ri ich ʼawem ru kʼ ri dyos,
xmuq taj ri patz ʼan .
rich ʼich ʼ tzijom kanoq pari u kʼol bʼal .
man kʼota u cholaj pa taq ria wuj .
jachik e ikʼ le u nimaq ʼij le tina mit nawa lja ʼ ?
xepetik xol kikʼama ʼ.
kachuq ʼ chutrija ʼ chi apam .
xin bʼi jiwir chi xe bʼe pa armita .
are ʼ u xe ʼ ojer tzij waral kʼi che ʼ u bʼi ʼ.
x kʼis ri nu si ʼ.
jawi x kibʼij wi chike ʼ e wi ?
¡ xaje kʼu ri ʼ, jachin taq rie kʼopa ri jud e ʼ a, chi cha nim che ʼa nimaj u bʼi pa taq ri juyu bʼ,
kʼakʼ ria bʼ .
la kʼo jun naka kʼoxo maj taj ?
na utz ta le u tʼisom le almariy .
man ya ʼ tal taj chia we katok pa ja .
je ʼ, xa tutzukuj .
are kel waj xaqi bʼ uq ʼij rix kʼojik .
ri xunkur k kʼoji ʼ pa taq ri triko .
xin sachik .
xu tʼuyu bʼa ʼ
na nutom ta le tzij …
wach ʼom ri kiwari no ʼs .
e kʼojo bʼ ch ʼil wa kʼ .
rajawi xik chi pa taq ri tijo bʼal , pa nik ʼaj u bʼixik chik
ri rajaw ru lew are ʼ tat kel .
we kʼu xokik, we kʼ na xok ta
we achi xusipaj jun p ʼot chwe.
atat u taqo ʼ n leq ʼatal tzij .
naq ʼanta u wach le qap ru t .
ri xa ʼ r kʼopa u wi ʼ riq ʼaq ʼ kpoq ʼowik .
ri roq ʼej ri alija chakpe juna kʼal .
kʼo jun alapa tijo bʼal .
säq u wi ʼ ri tata ʼ.
ri wi tz ikʼ tajinkpe loq .
jawi x sachon wi kan uya ʼik lep waq che.
utz we achi we xin kuna nik .
qo nojel kuj wa ʼ pa u wi ʼ ri me xa .
ri kaxla ʼ nik man poqo ntaj .
in xin bʼe ru kʼ ri wachi ʼl .
si bʼalaj je ʼl xki lo xe ki tzoqopij ri kichij chila ʼ.
kin bʼinik xin ʼ ek .
kʼax kʼolik , kacha ʼ.
kutij ixim ri akʼ .
ria lix chel , xu q ʼi ʼo xa jun akʼ xsipa x che .
x qasik ʼij le ixoq chu tzakik su bʼ .
mata xa bʼinsaj lech ʼich ʼ.
ri pix tz ʼara lik ru mal rieqa ʼ n .
¿jam pa ʼ kel chi 3%
kʼo jun nu kʼotoj chi ʼaj .
tajinke wa ʼkat ri ala bʼom .
xin loq ʼ le nu kʼa kʼapo ʼt .
na u tzakik ta su bʼ tajinku ʼa no
xoj u taq chi ʼij xoj wa ʼik .
i we chria bʼi x.
saq rij richij .
aj sik cheri tina mit kel wiri tata ʼ.
- ¡a y! xa xin tzaqu loq , kʼax we waqa n.
x kʼu lma taj pa jun komon chi ʼ u wach jun juyu bʼ, xu ri qa jun q ʼij x kiriq kibʼ junimul ru kʼ le kok .
jas xa taq chi ʼj le akʼal chu tijik ?
xin chapo suxu loq ʼo .
q ʼi nom ri achi.
ri kʼum k tijo w ru kʼ kabʼ .
tajin kejach ʼa nik .
tze bʼal u kemik le pasa wu mal .
areka yo ʼw le uchikopil le u bʼantajik try panos oma brucei .
we kat nima nik utz ke lik .
pero no ʼ jimal pet naq loq , .
are le nu chak jun tz uq bʼal wi bʼ .
x kuna x le ya wa bʼ ru mal le aj q ʼij .
ri u kʼu ʼ x tz ʼi bʼ paqa tzijela juj .
si bʼalaj je ʼ lik rieqa bʼal xu bʼan ri lu ʼ s .
si bʼalaj at kon .
eman xo ri jupuq kej .
na x na ʼ taj ta chke xe a tinik .
ri kʼamal bʼe xu bʼij chike, chi majaria nim .
jumuch ʼri nu juna bʼ .
q ʼip tajinaq ri raqan ri tem .
k chakun ru kʼ ri jos bʼal che ʼ ri aja nel .
xa taq chi ʼj le akʼal chu tijik kar .
oj kʼopa le ro ʼ ch le awel .
¿ la kat pe q u kʼch we ʼ q ?
le winaq pa lech ʼich ʼe tʼuyu llo wi .
xkan aj kanoq chi u xe ʼ rija bʼ rich ʼa ʼ n .
nim rija .
weta xak u naj le a tat mat axkam la ʼ.
na nu kʼamom tu ʼ la ri ʼ.
chqa nu kʼu ʼ riqa tzij .
kim bʼe pa le tina mit .
xin q ʼi ʼo na xina tin taj .
rajawa xik kakʼaman chawe le u tijik le le j .
kʼis bʼal taq no ʼji bʼal .
x ine ʼ wa ʼ oq .
x kibʼan kʼax che le u wosaq ru mal man utz tachi ka kayik .
riq ʼutu ʼm man kech ta le akʼala bʼ .
are na nim ta leatz ʼi ʼ chu wach le nu tz ʼi ʼ.
xepetik xol kila ʼ.
¿jaw chi ʼ xa ta ʼ che xkam ri u mam ri po ʼ x ?
e kebʼ kekʼam bʼik pa tuj .
xin loq ʼ jun japa ri wokaj ja .
ria x tu ʼ bʼ, kʼo qulaj chech .
jas karaj kaʼan chu tzakik leti ʼij .
xutij le wa .
xim bʼal re tzij .
x pa x ri bʼo ʼj .
we kawaj katin to ʼo xaq xu wi kabʼij chi we .
jas nu kʼu kuch ʼo bʼo .
jas karaj ku tijo ?
xe xruxla bʼ ri rik il .
en itz ʼa ʼ q le taqimul .
we tane inxin bʼano wik, are le ate ʼ k x bʼano wik .
kin tzalij pa le nu tina mit .
ri nu chaq ʼ kʼopa u ro ʼ q ʼatoj tijo nik pari tijo bʼal .
xin xi ʼj wi bʼ xin ch ʼawik .
kʼo ch waro ʼ ch le pare .
chi raqan kabʼin wiri tata ʼ.
x sachon kan uya ʼik le p waq che choja .
xin q ʼax chik ixo ʼl ri winaq .
ketiko nik .
ri u lew man q ech taj , kech ri qati ʼt q amam .
xe pe le winaq xol kikʼama ʼ.
xu loq ʼ ri wuj ru mal ri ali .
che we q ʼij kamik kʼo jun nutzijo nem chirij le nu tina mit .
kej ri ʼ .
x kuna na laq ch we .
ki nu sik ʼij le nu na n.
ri i mul xuch ʼij taj , xkan aj pa bʼe, ru mal ri nimal kuj al uj ri i mul , xutzaq ria nim .
ku bʼan ri uxoq ʼo ʼl ri aj tz ʼaq .
ri la si bʼalaj utz cheku na bʼal .
kʼi kiwach rie ʼ ajchaki bʼ pari komon tyo x , kʼate kʼut xa jun chi ajaw xel ;
x qata chixa tulik .
kawaj chikat ʼek .
ch ʼuti ʼ n ke kanaj ri xa ja bʼ chech .
kaqa xi ʼ j qi bʼ kaqa chapo .
e kʼo kebʼ u kʼajol le tat x wa n.
lu ʼ su bʼi ʼ ri recham .
aj chi u wi ʼmi q ʼi nja ʼ ri lu ʼ .
xin ya kan le nu chimpa kʼay bʼal .
kʼate x ri lo , xpe riunan che u tzuku xik , x kikotik , xu sala bʼisaj ri taqu xkin .
x kikʼut chi u wach ri aj tij xuquje ʼ chi kiwach ri taqnik ʼaj kach il .
utz le nuq ʼa bʼ .
ku l le al we ʼl pa austin chaq ʼa bʼ kamik .
riate ʼ k x tzaq loq arechi kʼopa u wi ʼ ri q ʼa ʼm .
aj pa tan ri te ʼk .
xat qaj chiupam ri il .
la kʼo tzij na kikʼoxo maj taj ?
x sachon chke chi xea tinik .
ro nojel le u lew ech alaq .
la xe bʼe kʼula xe ʼ kijaqa kʼule u chi ʼja ?
xaq kat ch ʼok na jiwi r.
kamik kʼo chiri jastaqa we .
arechi ʼ kakʼis ri juna bʼ kʼo q ʼi nom .
pan awal ja ʼ xin ale xik .
na xin ta taj we are ria kʼal kix tzuqu wik .
¡ ru lew risa bʼ u lo ne ru lew ri n eftali, u bʼe ri polo w , ru lew ri jordan, galile ʼa kech ri je taq amaq ʼ !
rax , rax , rax , kʼo kʼ, kʼo kʼ, kʼo kʼ le ru xla bʼ le taq tiko ʼ n.
achi xa twi lo .
pa qal rajil le pix kamik .
xoj bʼinik .
pa jun je ʼl tijo bʼal ku tijoj ri bʼ juna kʼal , u bʼi ʼ po ʼ x , utz ku ri lo kepa tijo bʼal ro nojel taq q ʼij .
x waj chixat ʼetaj .
utz la ʼle xu bʼij le achi .
weta ʼam jachin kapetik .
kinq ʼojom a nik .
xin q ʼi ʼo tak ʼa lik xin petik .
are ʼ reta ʼm che kinopanik .
areta bʼal eqa q ajaw chat to ʼwik .
kawinaq waqi bʼ q ʼataj .
naq ajchik cheri u waq kaj bʼal aretaq chi ʼ k sach u wach ri q ʼij , kok ri q ʼ eq u ʼm chu wachu lew , chi kʼate ʼ nari bʼe leje bʼ kaj bʼal .
jo bʼ raqan ri tz ʼalam xe poro xik .
si bʼalaj korij ri mop .
arewa ʼ.
je la ʼ pari ti minit chwikab yok rech xelaj u ʼ, leqanan qa tat kaki tiko je ʼl alaj taq u wachi chaj .
k ʼax nuqu l .
xu ʼ lu kʼama ʼ.
koj ul kitzukuj .
are man kʼax taukuna xik aretaq aninaq ka ʼ ili taj we ya bʼil al xuquje ʼ mojo ʼ qa kuya ʼle kʼax kʼol il chech le jolom aj .
ri wel kʼopa tijo nik .
kawaj kin bʼij .
ri kotz ʼi ʼj k qa koj chiupam ri ja .
q ʼe q q ʼoj rij ri ama ʼ kej .
na x waj taj xin ch ʼawik .
ch peta bʼal e loq ʼalaj ja bʼ .
x sachon chkexat kisik ʼij .
e leq ʼal ch ʼich ʼ.
jachin xa wi lo chi arex tijo w ri ti ʼj ?
ma taka bʼe le nu x bʼal pa le tina mit .
pim ru q , ri ali .
¿ kʼo ri muq ʼe chia wech ?
k qa bʼij man ke kowin taj .
kintij na .
kʼo jun qa tʼu ʼy pa ja!
kʼopuj chiupam rich ʼa ʼk .
aretaq kin ko sik kin wa rik .
xatwa ʼik xin wi lo
in xin ch ʼayow le achi .
konojel ri ala xik ke ʼ etz ʼa nik .
jas ru kʼ xki tij wi le kirik il ?
aninaq il kat petik .
narax ta u wach le juyu bʼ .
ri tz ʼalam tz ʼi bʼa bʼal raxkkayik .
we chat chakunik , kʼo awa .
ma ʼ tam xatpe cheri wa ʼim .
kamul kin wa ʼ na .
ri sik il k tijo w ru kʼik .
kim bʼe aq ʼan ru kʼ le alta lin .
xoj ʼe k xe ʼ q il al arqasok .
xe kiq ʼil le ajchaki bʼ xki wok le ja .
ma tane x waj le kʼu hj nem ru kʼ le ate ʼ k .
are xe ʼopan chiuchi ʼ ri juyu bʼ, x kilo chi man qas tak ʼoq ʼayes .
kʼate kʼut , ri jesus man kkojon tach kech rie ʼ are ʼ, ru mal rech che konojel reta ʼm kiwach ,
pa ʼ tzrij ri tz ʼi ʼ.
juwinaq waqi bʼ q ʼataj .
a te laq ʼom .
xa qat jo ʼ s .
ri q ʼatzu, are q ʼalaj ri uq ʼij il .
aj chak we ala .
u bʼe le ju ka kʼal taqanik (29).
ke bʼ nu bʼi ʼ kʼolik .
la katzalij lu ʼ la aninaq ?
katzukun la chwe.
lakaj la koj bʼe ʼ pa le chomal ch we ʼ q ?
xin na bʼej chu ta sik qa kʼoli bʼal .
lal xin to ʼwik .
si bʼalaj ano ʼji bʼal .
xoj pe tik xolqa kʼama ʼ.
si bʼal aj je ʼ lik ri u wa ʼl ri ichaj .
kʼax wij ru mal in pa cha lik .
aretaq xu kʼu lmaj wa ʼ xu l ri u chomanik xu bʼij : are utz wa aq ʼa bʼ kin wali jik, arecha ʼ cha nim kinopan pa tijo bʼal , maj chikin kʼu lmaj .
ojaj xojo lo bʼ pa awasq ʼij .
xin sach che le u wokik le tzij .
e jula juj ri akʼ .
xuta jampa ʼ koj ʼek .
q ilik .
ri tijo xel man areta nim chu wach ri raj tij. ri utz tijo xel qas jeri ʼ kʼolik jas ri raj tij .
in xa tin ch ʼa yo .
no ʼ jim chak wu mal .
ch ʼur ri joch ʼ.
inkin bʼij na kat sach taj .
uj maya bʼ .
ria bʼaj ya tzalik .
tajinke pix bʼax ria kʼala bʼ .
chom riaq .
x in wa rik .
e le men konojel ri akʼala bʼ .
tajink q ʼa na rik ri we re ʼ aj .
le u kemik lepas utz ( chawe ).
xuyu pu bʼa u wach ra ʼ chi , kacha ʼ, .
risa tan askok pari judas ri kbʼixiska ri ʼo tech rech , ri are ʼ jun ch kixo ʼl ri e kabʼ la juj .
chu churipar .
kinqumuj ri nu joch ʼ.
chech punción lumbar amaq ʼel rajawa xik chech ri lik le u kʼex bʼem wi le na bʼe ru kʼ le u kabʼ u kʼutu nem le ya bʼil al .
q ʼalaj china kawaj taj kabʼij .
kʼo q ʼol chirij ri si ʼ.
jawi xoj ʼe wichu loq ʼik ?
kʼo u lo ch ʼ rita lin .
q ʼan rij ria ti ʼt nukej .
la x tzalij la iw ir ?
xe si kʼixik , kʼate kʼu ri ʼ xe ya jik, xuquje ʼ xetaq bʼi che u sik ʼik le mes .
lak ix warik ?
are kʼu lepa loma x xu bʼij che: -mam kat bʼison taj , kin si kʼij nik ʼaj wachi ʼl kerapapik .
a ʼ re e tijo xela bʼ .
ri alaj ali si ʼl xu bʼij x qachap pa utzal ri tyo x.
x sachon chke jachin xe a tinik .
jas xu rayij le anan xutijo ?
x inko sik .
rax ro nojel ri q ʼayes ru mal le ja bʼ .
kin ya wa ʼ wech ʼich ʼpi nem na utz .
no ʼ jimupach ʼu xik le nu wi ʼ.
naj kʼowi le wo ʼ ch chu wach le tijo bʼal .
ri okibʼal kʼo chi u wach ri saq ja .
xe nu taq ch ʼij kek il le akʼala bʼ .
kʼo jun q ʼ oxowem chi we .
tzari cho ʼm .
we choj bʼe pa le nimaq ʼij , keq il le aj xojolo bʼ .
xoj ʼe k xe ʼ q il al arqasok .
riate ʼ k xuta ʼ chech ri na nto ʼ n :-nan jas che ʼ chiman kajtala qa kʼati saj ri jo ʼ q .
rip al si bʼalaj xu ʼ y.
kin koj ri jok bʼal u lew .
inkin bʼij na kat sach taj
a traj kun le nu na n.
ku qamuju joron ri aj tzij .
lu ʼ tz ʼalam u bʼi ʼ ria chike l pa nim che ʼ .
je ʼ lik uti ʼjol al ri saq ko ʼ r.
kʼo jun xa ʼ r pa ja .
xin loq ʼ jun kʼakʼ pa tan .
kʼax u kemik lepasa wu mal .
aninaq u kemik lepasa wu mal
rich ʼa ʼ n sachinaq pa taqa bʼix .
rax taq le kotz ʼi ʼj .
mesom kanoq riupam ja .
man aretar alax kosik .
ri komon xech pu p rech uq ʼa bʼ tina mit xo ʼ la bʼaj rech q ʼu markaj .
la u tzakik kʼu su bʼ tajinku ʼa no ?
kate la !
na xutij taj .
xa ru mal keta ʼm konojel ri winaq k ki qumuj le ja ʼ.
iwir xuj tzalij la pa kʼay bʼal .
qeta ʼm cheriqa wa ku juto ʼo .
riaj tij , kya jon chikech ria kʼala bʼ .
jas u bʼanom le nu ch ʼuti tat ?
ch we ʼ q kin bʼe pa nim tina mit .
utz we kiweta ʼmaj jas ku bʼij ri chol bʼal q ʼij .
tajin kat ji lo w che uq ʼoxom jolomaj .
x intik q ʼax chi u wach ri ja .
kʼax le ki bʼe le winaq .
loq ʼ katkun taj che le ya bʼil (covid - 19).
ri n uxi bʼal kel paqaj bʼal q ʼij .
x ri l ri axwan chi x wa ʼ ri ala .
le alix kuna tajik .
we taka pe leja bʼ kamik .
xin we ta ʼmaj chi na xatpe taj .
rip waq rech we q ʼataj ri ʼ kesax chech ri toj bʼal kʼayi nem .
k tij ri u wa ʼlik ru mal ri kinimaq ʼij .
xuchapuku na xik .
cha tan loq ali .
xin xu li ʼ qa jo q .
je ʼ lik k tijo w ri taqik ox.
kʼate kʼu ri le tat xo ʼ rx u bʼij , man kawaj taj , man kawaj taj .
kʼo jun tz ʼi ʼ pa bʼe .
kamul xin pe che atzuku xik .
man tajin takin chaku nik .
kin chakunik rechka twa ʼik .
jas ru kʼ xa wil wichi xki qupij wil eti ʼj .
jas u bʼixik … ?
koq ʼ ria kʼal .
kawaj na kat ʼe taj .
xat q ʼa jik .
we m nacha loq ʼaxi yal , na kim bʼe ta a wu kʼ .
xopan lew uja wu kʼ ru mal wech in .
are kʼut pa le juyu bʼ k kʼiy joron, chila ʼ xe kikʼama wiri ja ʼ ri winaq .
koq ʼ ria kʼal .
we kʼo arajil chak ʼam aloq .
are si bʼalaj kaq leapo ʼt chu wach le nupo ʼt .
xin kʼas taj pa kabʼ la juj kaj bʼal .
kaqoy ʼej nakix pe taj .
ko kaxim ri chij xa je la ʼ man ka nimaj ta bʼik .
ri kok no jim x bʼek , xu ch ʼijo xopan pa u kʼis bʼalil le a nim .
xoj ki ʼ kotik aretaq xatulik .
kaq itz ʼ naj ri uxa ja bʼ ri akʼal .
ri jesusk wa ʼkat pari nim rachoch ri dyos, chu xe ʼ ri jun jache rachoch ri salo mon .
we taqanik ri ʼ ku bʼij chi rajawa xik kya ʼ uq ʼij ri winaq xuquje ʼ k to ʼ aninaq il .
ria xu x are nari uku nel ri kinaq ʼ.
aretaq wa ʼ ri uq ʼijol we taqanik .
kʼo jun ta bʼal pa u wi ʼ ri xkan ulu bʼi ʼ la juj no ʼj .
yu ʼl u bʼanom ri u kolo bʼri kej .
xa nimaj ria kʼal chi u wach ri u chuch .
k kuna n ri achi .
kin wa ʼik rech nakin yowaj taj .
aj xik ch ʼich ʼ ri lu ʼ s .
k waj che ixkix bʼano wik .
a ʼre xeto ʼ wa laq .
xoj ʼe k xe ʼ q il al arqasok .
xin loq ʼ jun ch ʼich ʼ, qajinaq u wach .
ku tʼis rip anta lo n.
e janipa le awal kʼ wa le kʼolik ?
utzukemik lepas chawe .
rimax are aj q ʼa ni ya ʼ.
mata bʼ achiri q kʼax pa le bʼe .
tajinka nimaj , ri me ʼ s .
ixi xe ʼ laq ʼoma bʼ !
x sachan chwe.
e kʼo kʼi che ʼ, chi u wach ri juyu bʼ .
arewa ʼ ri nimalaj pixa bʼe arewa ʼ ri na bʼe .
x reta ʼmaj chi ru kʼ pa kʼ ku tij wi
jas u tzakik le su bʼ xu ʼa no ?
aj xo ʼy ri wikan .
we tanea ʼ re xe tijo w le rik il , are le komon xe tijo wik .
si bʼalaj aninaq kach ʼaw le are ʼ chi nu wach in .
utz we kinchakuj .
me ʼ sla ʼ.
kʼo kanwa rech kaqatijo .
xin si kʼij la .
ria kʼal x sach kanoq jela ʼpa taq ʼaj .
xe sik ʼij la .
jawi x kibʼij wi chike ʼ e wi ?
ru mal che, manix tari ʼ ri kixch ʼawik, are ri ru xla bʼ axel ri i tat ri ʼ rik ch ʼaw na iw u kʼ ri ix .
kʼakʼ ri wachoch .
si bʼalaj utz kin wil leatz ʼya q rech nahua la .
saq por k kay ri kipo ʼ trina n.
x sachon ri nu chak chwe.
wa ʼim xu chapo .
riq ʼaq ʼ tajinka juluwik .
najil upam ri si wan .
e kʼo ri qachal al pa chiu wi ʼla .
jas xa taq chi ʼj le akʼal chu tijik ?
no ʼ jimu kemik le pasa wu mal .
kʼo jun ku ku bʼi ʼ tintin, wa ʼle laj ku kmam kaj eqi taj , kapaqik ax u lik pa u wi ʼ uq ʼa bʼ taq che ʼ, si bʼalaj sak ʼaj , ke ʼ uto le e nima ʼ q , ch ʼut in, rachi ʼl , aj sipa nel si bʼalaj utz ra nima ʼ.
ri u pixa bʼ leq ʼat bʼaltzij kiya ʼu bʼixik .
na x sachonta chke xea tinik .
xeq il le chikop pu wi leja .
x lo ʼ taj ria kʼal .
qo nojel kuj wa ʼ pa u wi ʼ ri me xa .
xsik ir le waqan .
la xat wa ʼ kʼut ?
nim u bʼa q ʼ ri tulu l .
kin xik ʼi kʼik xin q ʼa xik .
la kat bʼe pa le tina mit ?
ri pa l si bʼalaj saq ʼo r.
k q ʼoxo w nu jalom .
xin na ʼo chikat petik .
x loq ʼu lewi we chi x.
xin chakun ru kʼ ri nu mam .
na xqa bʼan taj .
k kʼoji ʼ bʼa ʼ ri u sipa nik ri ajaw xel jesusk ri sto ru kʼ ria wuxla bʼal !
kin ch ʼaw ru kʼ le nu na n pa le ch ʼa we bʼal .
si bʼalaj q ʼe q u ʼm ru mal ri mayul .
areleba xulik .
xe kos le ixoqi bʼ pa le bʼe .
kʼax ri lik le akʼal chawe .
xin q ʼi ʼ oxi na tin pa joron .
si bʼalaj nim le tina mit .
kʼax u kemik lepasa wu mal .
xin sachik .
tajinke lu kikʼel pa raqan ri tz ʼi ʼ.
xin we ta ʼmaj ri lik wi bʼ
ri q ʼuq ʼ are jun je ʼl chiko p.
kʼopa jatijo bʼal ri wikaq ʼ.
ri sachi bʼal mak raj wa xik chiqa xo ʼl .
je ʼ, kim bʼek .
je la le ʼ ri nu p wi ʼ.
xu bʼij che: - jas xa bʼano tintin ?
kabʼan jun toq ʼo bʼ kyak ri nuj al .
kat ʼek xin ta .
jas le u kʼex bʼem ri bʼ le jun ru kʼ le jun chik ?
aj chi u wi ʼmi q ʼi nja ʼ ri lu ʼ .
ri tijo nel naj kpe wi.
te ʼ kixcho bʼ u bʼi ʼ ri nu tat .
rija ʼ kamiq ʼik chi u wach riq ʼaq ʼ.
ri tʼu ʼyk paq ʼowik .
kinme son na .
na q ajat kʼowi chi wech .
xin bʼiso nik taq na xatpet taj .
wexkam ri winaq , rip waq rech toj bʼal makaj kya ʼ chikech ri rala xik .
ri nu na n x bʼe pa kʼay bʼal .
xoj u kʼam u loq rech koj ri lo
x kʼoto chi n chi kiwach chikin wa ʼaw u kʼ .
na x kikamsaj taj xki kʼam bʼi choja .
kʼakʼ ri ikʼ kamik .
xim bʼe ru kʼ le aj kuniwir .
ri lik .
letz ʼi ʼ xeko sik .
xin kikota wu mal .
ri i mul xu maj ria nim , xuya kan le kok .
kʼo oj cheria kʼal .
xuj bʼe pa jun kʼula nem .
utz we k waralaq .
kaq ilo chi na koju kʼam taj .
x reta ʼmaj chi ru kʼ pa kʼku tij wi.
si bʼalaj xin kʼa ʼ na rik .
xin kochij ri nu wa .
man katkowin taj kat chakunik , we man kʼo tari ajila bʼal .
we wonon xu bʼij chike :- k ixinto .
ri ala nimk ri l wiri u mam .
xka ʼy chirij , xka ʼy chu wach , ma kʼota chi jun k silo bʼik , xoq ʼik xu xe ʼ j ri bʼ x ch ʼo pi nik x tzalij loq xu riq ta chik ri u bʼe .
kʼo pus cheri wa .
pi nem naka bʼe lewatz, kim bʼe wi in paka ʼyi bʼal .
ri na nto ʼ n nim winaq chik, saqu wi ʼ, ro nojel aq ʼa bʼ utz kuna ʼo ka tʼuyi ʼ pa u tem , ku miq ʼisaj ri bʼ chori q ʼij , kʼo jun u wi ʼ u mam u bʼi ʼ ate ʼ k .
mane kʼi taj ri qula ʼ.
q ʼalaj china kawaj taj kabʼij
x paqa bʼisax rajil ro nojel ri kem .
kʼopari jul ri ku matz .
ro nojel q ʼij kin ch ʼaj le nu w are .
saq chikan le ichaj rech katzako .
chu xel eqa chomal kaqatij wi jun q ameq ʼin .
chawila ʼ.
e kʼojo bʼ u mi ʼ al, ri nu tat .
jas ru kʼ xa wil wi
je ʼ jas ri winaq rech ri u wachu lew , xoquje ʼ kepe nari ʼ ri e ʼ are ʼ che e rech ri u wachu lew ; je ʼ jas ri winaq rech ri kaj , xoquje ʼ kepe nari ʼ ri e ʼ are ʼ e rech ri kaj .
x in tijo .
k tz ʼu juw ri rachoch ripo ʼ x.
xu q ʼi ʼo are le u kʼu lel xya ʼo wu wa .
ria wel xreta ʼmaj chi rajawa xik man ku xej tari bʼ cheri tukur .
ju kʼulaj winaq xe ʼa nimaj bʼik .
je ʼ, xin tzalijik .
xoj pe tik xolqa kʼama ʼ.
maj jachin x ʼek .
in aj tij ; at tijo xel .
saq u wi ʼ ri tata ʼ.
wech ri kem .
le ro ʼ ch le ate ʼ k kʼo ch wach le u kʼay le nu na n.
k bʼe pari si ri ʼa epa risilisi ʼ a, jawi je ʼ kuya wiri kichuq ʼa bʼ ri komon tyo x.
pixa bʼ : man utz taj kʼax kuj ch ʼaw chikij nik ʼaj qa ch il .
x kuna taj le ali ( ku mal ri ixoqi bʼ ).
ri xi bʼi bʼal chi kʼowi pa taq ri qa kʼas le mal ro nojel q ʼij .
na kuj war ta waral .
on chek kʼoji ʼ ri utzil chi xo ʼl , arech junam ri qa kojonik , junam ri iwe chi x ru kʼ ri we chi n .
pa ox q ʼij risa ʼ n k bʼe na ru kʼ ri aj kun .
kawinaq wuqu bʼ .
jas kawaj kin tijo ?
we taxat bʼe wu kʼ pa le tina mit , xa loq ʼ tala ʼle u jastaq le a kʼajol .
ke bʼe pa wa ʼim .
xin loq ʼ kʼiwa .
pa jun nim kʼa che ʼlaj , kʼo jun kʼ wa ʼ si bʼalaj saq lo loj , nim u wach .
k waj katij ju bʼa ʼ wa .
ro nojel winaq kril nari u kolo nem ri dyos » .
x kʼoto chi n chi kiwach chikin wa ʼaw u kʼ
k waj na kat ʼe taj .
la xa loq ʼ jun alej ?
e kʼo rie loq ʼoma nel .
riu kabʼ u bʼi ʼ ri nu mamareyay .
kin jopij ri ija ʼ rech triko .
x na ʼ taj chke xe a tinik .
xate ʼ q ila ʼ.
kakitij alan xax ri winaq .
. . . kin bʼij chi arewa ʼ sinxi ʼ an .
na xin na bʼej ta chu ta sik qa kʼoli bʼal .
ru mal rech che we ri in, kin ch ʼaw ru kʼ ri dyos pa ch ʼa bʼal , k ch ʼaw na kʼu ri ʼ ri w uxla bʼal ru kʼ ri dyos, kʼate kʼut man kʼota u pa tan ri ʼ ch rech ri nu choma bʼal .
xepetik xkilo .
xuta we kat ʼek .
utzukemik lepas chawe .
ri nuwaka x xutij jun q ʼoq ʼ ru mal ri ʼ x kamik .
ru mal ri kʼix , man kewa ʼ taj ri winaq .
xe ʼu lik .
q ʼe q rij ri ama ʼ chij .
x rajka ʼ e le u na n.
junam ki juna bʼ .
naq ʼalaj taj we ka ʼek .
ri wix nam ch ʼaj ch ʼoj ri rachoch .
waral man kʼotaj ajaw al .
nai wirta xril le kʼamol bʼe .
xin pe loq te kʼu ri ʼ xin tzukuj ro nojel ri nu rajil .
riaj tikonel kutik ri tzij .
kʼo e kikʼajol le achija bʼ .
ku tij q ʼayes ri ixpa ʼ ch .
pari wa ʼ bʼal e kʼo kawinaq achija bʼ .
si po jinaq ri nupam .
kaya ʼ tajik ru kʼuti ʼo nem jun ri u riqom le ya bʼil amolot setsé xuquje ʼ are kaya ʼ taj pa taq ri juyu bʼ .
jachin ri achi ?
ri nu mam x kamik aretaq kʼo jumuch ʼ la juju juna bʼ .
kin kowinik kin kʼam bʼi lep waq .
kin wi lo chi utz ri aji ʼ .
xin q ʼil riapo ʼ x che man kachakun taj .
k wa ʼ chi u wach le taq ʼaj ri ama ʼ akʼ .
ri i mul xe poq ʼik pa junik ʼ.
x kʼis kanoq riqa chak .
are ri alixoj ilo w kanoq .
si bʼalaj ch ʼu ʼj ri amax .
kʼo nu wachi ʼ.
in chajinel kech le akʼala bʼ .
xekos letz ʼi ʼ.
kin bʼe na ku kʼ ri molaj .
ro nojel aq ʼa bʼ kin yi tz ʼ ri wakax .
karapi nik xu tzukuj chi jun awaj .
le u kemik le pasaninaq ( a wu mal ).
maj u rajil leq ʼa bʼarel .
kʼax ri ʼ ri kach ʼawik .
xoj u taq chi ʼ j le achi chu loq ʼi kichaj .
si bʼalaj kʼax ri x kʼu lma xik .
x kilo chi nakin kʼoxo maj taj .
x na ʼ taj chke chi xe a tinik .
x kʼoto chi n chi kiwach chi xoj al wo ʼ qa ku kʼ .
jun q ʼu ʼ q rajil ri kaxla ʼ n wa .
xin wi lo chi xe ʼelik .
e kʼo ixoqi bʼ pa le kʼay bʼal .
man kʼotaj u kʼisik ri maya bʼaj la bʼal il .
ri si n kkʼiypa taq ʼaj .
rich ʼi maman kkʼiy taj pa taq ʼaj .
rajawa xik k ji kik ri waqän .
k awaj kin ʼ e k .
e kʼo oxi bʼakʼ .
xu bʼij ch we jawi at kʼowi .
ch we ʼ q kuj bʼe ʼ pa muquj .
pa saq kʼaja ʼk bʼan wiri uq .
xoj kisi kʼij .
xin wil wi bʼ .
chaq ʼ chik ri wa .
kim bʼe nakapa le wo ʼ ch .
k awaj kin ʼ e k .
rich ʼu ʼ k tij ru kʼlej .
pari kiq ʼij kaminaqi bʼ kbʼan q ʼo ri kʼya ʼ rech aj : na bʼerinan kutzukuj kan ri aj , ku jach ʼo ʼ xuquje ku kʼeto .
jas kaj bʼal cha nim ?
utz uchomanik ri ali .
pari q ʼij ox la juj tija xkin kʼis kebʼ juna bʼ kin chakun waral .
si bʼalaj ko , ri kʼakʼ ch ʼat .
jas karaj ku bʼij … ?
rich ʼich ʼ kasila bʼik .
pa ojer q ʼal pu l xaq xu wiri nim winaq ke kʼamo w bʼe .
le uku na xik le u kabʼ u kʼutu nik are ru kʼ e flor ni tina on u tuni bʼaxik le nifurtimo x chi ʼ le flor ni tina chech t. b. g.
are ri achi xin ch ʼayowik .
juna chi u bʼik u ʼ xu sipaj kebʼ kʼa ʼm u lew rech kabʼan ri tijo bʼal , kamik, kʼo chikaj tij rech ri komon xech pu p .
xu malty oxij cheri aj tij ro nojel le xu kʼut chi u wach .
pari bʼex kiraq jun alaji mul saq ri j, x kikʼam bʼik .
xril le bʼal e ala .
jas ku bʼij ch we ?
le uku na tajem are ru kʼu tzuku xik le uchikopil pa junu soli ku xe ʼ le ki kʼonleja ʼ rech jun nodo .
utz we nutz ʼi ʼ.
je ʼ, tajin kachaponik .
ki nu loq ʼoj le nu tat .
kawaj kim bʼe pa tina mit .
are la ʼ kin chakuj .
ri nima ʼ q taq winaq kʼoketa ʼma bʼal .
we taxat bʼe wu kʼ pa le tina mit , xa loq ʼ tawa ʼ we jastaq .
ri kikʼas le mal . wa ixim u lew xa jun chi ma areta tini mit ri ma
ri u kʼ ya bʼal na jupam .
xat qaj chiupam ri il .
no jim kat wa ʼik .
we kʼo jun k tuqa ʼ rik , ¿ la man xoquje ʼ taj kin tuqa ʼ r ri in ?
ojoj wokolja .
awas k bʼan kʼax che jun nim winaq .
xin ch ʼaw apan ru kʼ le wa na bʼ .
kʼax riupam ri ju ʼl .
tajin kewa ʼ ri imul .
lakaj la kuj tzalij la aninaq ?
ru mal rech cheri mak aj man kʼota u kowinem pi wi ʼ ri ix : ri ix manix kʼota chi chu xe ʼ ri pixa bʼ, xane ix kʼo chu xe ʼ ri sipa nik .
nim raqan le che ʼ.
x in chapo .
are le tu ʼ rle loq ʼoma nel .
xa skat kʼoji ʼ chiupam rich ʼich ʼ.
si bʼalaj nim raqan ri kʼamal bʼe .
letz ʼi bʼa bʼal wech in .
in xin to ʼ w la .
xaje kʼu ri ʼ ri ixkamik ri ʼ man ix kaxlan winaq ta chik ; ri ix, ix rech ri ki tini mit ri ety oxlaj taq winaq , ix rech ri rachoch ri dyos .
xin tiko xlaj kʼali chaj .
kaqa riq qi bʼ ch we ʼ q .
si bʼalaj utz cheri wi ʼ aj ri tuney .
we na jupu lik ta xeqajik . . .
xin to ʼ taj cheri nu chak .
kʼo jun chiko pu bʼi ʼ pum .
poqon ri ik .
xoj bʼinik .
xu ch ʼe kro nojel le re tamanik x paqi ʼ k kʼax kwʼi nik xu bʼanaj kun .
kel u bʼik pari jud e ʼa ek tzalij chi u bʼi jumul pari galile ʼ a.
x ina xi bʼij pa bʼe .
je ʼl kʼolem chi awachoch .
ro nojel ri ya ʼ tal il pa we q ʼataj , tz ʼaqat kiwach , man k tzaq ta kanoq xuquje ʼ man ktas taj .
xukun aj le ya wa bʼ le aj q ʼij .
chi tata bʼej jas le kim bʼij .
ch ʼan al ri achi .
pa bʼoko ʼ kachakun wiri tax.
uj kʼopa u wuq q ʼij .
ki ʼ ri u kabʼ riaq aj .
kʼo rachal alpatz ʼoloj che ʼ ri pe ʼl .
x kilo chi kin kʼoxo maj .
ri ukisak ʼutz kya ʼik chi u xe ʼ ri tiko ʼ n .
aretaq chi ʼ kaq ʼan pu wi ʼ ri juku bʼ, ria chi che x kʼoji ʼ ri itzel uxla bʼal ru kʼ , ku tach rech ri are ʼ, arechk kʼoji ʼ ru kʼ ri are ʼ .
na kabʼantaj ta wu mal .
x na ʼ taj chke xe a tinik .
xin paj ri nu triko .
xe ʼ ok ri pok ʼ pari umexaripo ʼ x.
kaj u luw ri aq ʼa ʼl chi u xe ʼ ri tʼu ʼy .
a wech le ja .
xuj bʼe pa tzu rik .
na bʼ exato pa nik .
riu kabʼ u bʼi ʼ ri nu mamareyay .
uwaj xaq uka kʼal taqanik (28) .
ma ta kʼo jun kakanaj kanoq , qo nojel koj bʼek .
e nima ʼ q le al toma bʼ .
nim u wach ripo ʼt .
kojo nik pari utzij wa ixim u lew .
jas xu kʼam bʼil etz ʼi ʼ xa wi lo ?
x in petik, tat .
ri bʼ elaj u wach .
chi tata bʼej jas ri kim bʼij .
je ʼl ku na ʼ ria bʼix chiupam ri ququ lew .
kin bʼiso ju wach le wal .
xu tʼuyu bʼa ʼ.
nim ria we q e le ʼ n xa riqo .
x ine ʼ wa ʼ oq .
chi ʼ kewa rwi le akʼala bʼ .
ri numi ʼ al xutaq loq jun taqo ʼm wuj chi we .
q ʼe ʼ lik , richaj pari bʼe .
la u tzawach ? - utz malty ox , e kʼu riat ? – utz malty ox.
xin kos ru mal nu chak .
k bʼe ku kʼ rie ʼ are ʼ e k tzalij pari na sarete ke ʼ u nimaj .
ri joj xu kʼam bʼik ri akʼ .
kʼo chi wachi ʼl cha nim .
ku bʼij chech na ʼl kabʼan cheri atz ʼi bʼ .
e. . . in kawaj katzjoj bʼilach we .
mata xin yaj le ali .
jachin ru kʼkat bʼe wi ?
kʼo si bʼalaj eta ʼma bʼal pari maya bʼ no ʼji bʼal .
eman xo ri jupuq kej .
kas umum ri kaq iq ʼ.
e kʼokaji bʼa kʼala bʼ pa le bʼe .
je ʼ jas ri u tat kkaʼyik .
xaqa tmolo nel tzij tal .
le nu tat ka loq ʼo nch we .
xaq tane kim bʼe iw u kʼ .
xreta ʼma juch ʼajik .
ru mal la ʼ x koj “ xal q ʼat ” che u bʼi ʼ ri komon .
are le u kemik pas x reta ʼmaj .
ri wa ti ʼt ku bʼan nari u pa tan .
kʼakʼ le po ʼt .
reta ʼm u wach jachin x loq ʼo w ri pas .
ke n ch ʼa bʼej le akʼala bʼ .
ya ʼ tal chaq eqo nojel ri uj winaq utz kaq ilqi bʼ .
x koti ʼ paq ʼayes xoq ʼik .
kawinaq bʼe le je bʼ q ʼataj .
e kʼokaji bʼral ri i mul , jun saq , jun q ʼan , jun q ʼe q , jun q ʼeqoj , si bʼalaj ketz ʼa nik , kech ʼo pi nik ri alaj taqimul .
k cholol ria cha chal .
kete kik ri ikʼ .
xepetik rechkewa ʼiw u kʼ .
tza tz ri uq ʼa nil ri akʼ.
xoj tzalij ikxi xe ʼ qaq ʼat uj ku kʼ le i tatinan .
ri yo ʼ xtaqa kʼala bʼ keki kʼux ri atz ʼya q .
we achi we xu sipaj jun po ʼt ch we x kamik .
kkowin ri kuna nel cheku na nik .
xji q ʼ pari polo w .
xa ru mal si bʼalaj rajawa xik le loq ʼalaj ja ʼ, le winaq x kibʼij : che we ikʼ ri ʼ qo nojel kuj bʼe cheuti kik taq che ʼ .
riunan erie rachal al kepe u loq ru kʼ ri are ʼ, kʼate kʼu ri ʼ, man ke kowin taj keqi bʼ u koq ru kʼ , ru mal rech che e kʼosi bʼalaj winaq .
ru mal rech , che man kʼota jun kkowin che u kojik junti kibʼal il chik chu wach ri kojom chik che are ri jesusk ri sto .
te kʼu ri ʼ x utz ʼi bʼaj ri bʼ pari nimalaj tijo bʼal rech aj ku ʼ n .
kaj u luw rich ʼu mil chaq ʼa bʼ .
kʼis bʼal kanoq , xoquje ʼ k kam ri ixoq .
lea laxokik .
kʼo p waq pa u wi ʼrimexa.
arekawaj nakin ʼe taj .
ri ya wal ku koj ri alichi u xe ʼ ri cha kach are u su ʼt .
na kaqa kʼam tu ʼ bʼi kamik .
riaj tij ku bʼij chike : rajawa xik keqa chajij ri awaj , are u tiko ʼ n ri ajaw .
xin tij mukuni wir .
kʼax le u wi ʼ taq le nuq ʼa bʼ .
xin loq ʼ jun il bʼal wi bʼ .
wa ʼ we q ʼij , nim u bʼantajik .
ri u xe ʼ al ri qatina mit man kasach taj .
xoj bʼinik .
ri achal al junam kiwach .
xin we ta ʼmaj ri lik wi bʼ .
nim ri u na ʼoj wa j tij .
mi q ʼin ri kʼul .
aj q ʼojom ri ate ʼ k .
chelesa nik che ʼ kbʼan wiri q ʼojom .
kape le awel pa naw alja ʼ.
ri me sonel tajink chakunik .
utz chaqe kaqato ʼqi bʼ, taq kʼo kʼax kʼol il , kate we chi ʼ n ri ajaw paqa wi ʼ.
xa wilo, x q ʼatan le ibʼo y.
xat kowinik xa bʼano .
ki ʼri kʼa we x.
kajil il ri bʼe .
le ali xel bʼik .
are ʼ x raj xin bʼano .
nim we abʼaj .
je ʼ lik uti ʼjol al ri saq ko ʼ r.
noj inaq ri kej .
we katijan xu xman katuto ʼ tachi uq ʼati xik le kʼakʼ ya bʼil corona virus ( 2019- ncov).
na nim ta raqan wa ʼwe che ʼ .
utzalaj ajchak , ri we l.
¿jam pa ʼ kuj bʼe pa nimaq ʼij ?
rajawa xik tane la ʼkat chakun wu kʼ .
xutaq chi ʼj pa waram pu lew .
man aretaria x wan xelik .
ria wix xu loq ʼ rachoch re nimal .
are ri ixoq xin sik ʼin u loq .
rich ʼi ma kʼat ʼon na .
la xi bʼan le ichak ?
kʼi tina mit e kʼopach ʼo ʼj .
kʼo jupuq chij chi u xe ʼ ri che ʼ .
ri u xaq ria bʼix are u wa ri kej .
kawinaq q ʼa taj .
laki xpe pa tijo bʼal ?
we kechajix taq le kʼ wa jachakin bʼij ; juna lik kʼoja ʼ xuquje ʼ si bʼalaj saq lo loj .
xreta ʼmaj .
ri ala bʼom ri alitoma bʼ tajinki ki tijoj kibʼ rech su taq , arekakaj kikibʼan nimaq achija bʼ chupam ri kikʼas le mal , xuquje kʼo chik jupuq bʼixo nel chupam ri komon .
la tz ʼu wach ri bʼe .
kʼakʼ ria ch ʼich ʼ.
qo nojel uj , uj maya bʼ taq winaq .
nojel q ʼij ri ati ʼ x kuyu q ʼuj le taqa waj je la ʼ pa nik ʼaj ja ʼ, chirij ri juyu bʼ u bʼi ʼ te na ʼ.
pa q ʼom chik ri si ʼ.
kin tzukun che la .
kakitij le kinaq ʼ, le ichaj , le u wa ʼlik ru kʼ le j .
xekan ajkan le ajchaki bʼ .
ketikon ri achija bʼ .
si bʼalaj itzel u bʼantajik rich ʼi lakan .
riate ʼ k xu malty oxij cheri rati ʼt , ru mal ri utzalaj no ʼ ji bʼal xu kʼut chech .
k kamul ixu chak ri abʼix .
la xin utzukuj le tijo xel ?
are ʼ kachakun ro nojel q ʼij .
le e kʼa ʼ na taq tz ʼi ʼ.
saq rij ri plam u x .
jas xaq ʼi ʼoxa tijo .
jas ru kʼ x kichap wi u tijik le rik il ?
wekata tin ru kʼ kʼata nja ʼ man kuq ʼatej ta le kʼakʼ ya bʼil corona virus .
la kat bʼin pa le uxlan bʼal ?
la waral kʼuxix wa ʼwi ?
are le nu tat kin loq ʼo nik .
tajink chakun ri ala .
kʼo ri ki ʼ kote mala wu kʼ .
xuta jachin ka ʼek .
xa twa ʼik xin wi lo .
x tzaq ri rachoch ru mal rija bʼ .
pa le junik ʼ chik are nimaq ʼij .
e kebʼäm kebʼin pa u wi ʼ ri tem .
mem ri achi .
ri wi kancha li ʼ y kel pa juyu bʼ chwi tziri bʼal .
le rajil , la paja xe laq ʼax wu ʼ bʼik ?
pari su ʼt pisom wiri lej .
koj pe tik kol qa kʼama ʼ.
tajin kat ch ʼo p in chi u wach ri taq ʼaj .
leq ʼo rx ch ʼuqik .
kʼax wa ʼ ima wu mal .
kin bʼison che lew al .
si bʼalaj kʼo kʼ ri awatz ʼya q .
kamik xuj bʼe cheuti kik taq che ʼ pari juyu bʼ .
ki nu loq ʼoj le nu tat .
chaqi ʼ jchik ri chaj .
xyi lix hawa yi .
na x na ʼ taj ta chke chi xe a tinik .
ru kʼ kʼu wa ʼ we ri ʼ, ri ixk kʼoji ʼ jun utzalaj ikʼas le mal ri ʼ ch kiwach ri winaq chemane kʼo taiw u kʼ , kʼate kʼu ri ʼ man kʼota jun winaq ri ʼ rajawa xik chi wech .
e pe tinaq pa bʼe le rachala xik .
kakaj le akʼala bʼ kewa ʼik .
xuj ch ʼay bʼik .
ri nu chak are q ʼaxel tzij .
kʼo nar uxla bʼ ri awaj .
tajinke lloq, ri q ʼij .
xu q ʼi ʼ ox kamsax ri rachal al choch .
ri nu mam are kʼo uq ʼi nomal .
x kʼu lma taj jumul , xu bʼan jun nimalaj ja bʼ, man x bʼe yetaj tana xu kʼis le uyu q ʼ chike .
ama ʼri nutz ʼi ʼ.
jewa ʼkat petik .
xin ko sik ru mal xin chakunik
i wech chi jujun al , ri wa .
xu q ʼi ʼo na xa tat in taj .
in riq tajinaq pari kʼayi bʼal .
n aweta ʼm taj .
kʼax le nuq ʼa bʼ .
utz le xu bʼij le achi .
ke matz ʼi bʼ .
kʼo rachal alpatz ʼoloj che ʼ ri pe ʼl .
ro nojel wa ʼ we jastaq ri ʼ, xask sach wi u wach wa ʼ ; ru kʼ we ri ʼ, ri ix, rajawa xik che kʼo junty oxlaji kʼas le mal e k kʼoji ʼ ri ich ʼawem ru kʼ ri dyos,
xmuq taj ri patz ʼan .
rich ʼich ʼ tzijom kanoq pari u kʼol bʼal .
man kʼota u cholaj pa taq ria wuj .
jachik e ikʼ le u nimaq ʼij le tina mit nawa lja ʼ ?
xepetik xol kikʼama ʼ.
kachuq ʼ chutrija ʼ chi apam .
xin bʼi jiwir chi xe bʼe pa armita .
are ʼ u xe ʼ ojer tzij waral kʼi che ʼ u bʼi ʼ.
x kʼis ri nu si ʼ.
jawi x kibʼij wi chike ʼ e wi ?
¡ xaje kʼu ri ʼ, jachin taq rie kʼopa ri jud e ʼ a, chi cha nim che ʼa nimaj u bʼi pa taq ri juyu bʼ,
kʼakʼ ria bʼ .
la kʼo jun naka kʼoxo maj taj ?
na utz ta le u tʼisom le almariy .
man ya ʼ tal taj chia we katok pa ja .
je ʼ, xa tutzukuj .
are kel waj xaqi bʼ uq ʼij rix kʼojik .
ri xunkur k kʼoji ʼ pa taq ri triko .
xin sachik .
xu tʼuyu bʼa ʼ
na nutom ta le tzij …
wach ʼom ri kiwari no ʼs .
e kʼojo bʼ ch ʼil wa kʼ .
rajawi xik chi pa taq ri tijo bʼal , pa nik ʼaj u bʼixik chik
ri rajaw ru lew are ʼ tat kel .
we kʼu xokik, we kʼ na xok ta
we achi xusipaj jun p ʼot chwe.
atat u taqo ʼ n leq ʼatal tzij .
naq ʼanta u wach le qap ru t .
ri xa ʼ r kʼopa u wi ʼ riq ʼaq ʼ kpoq ʼowik .
ri roq ʼej ri alija chakpe juna kʼal .
kʼo jun alapa tijo bʼal .
säq u wi ʼ ri tata ʼ.
ri wi tz ikʼ tajinkpe loq .
jawi x sachon wi kan uya ʼik lep waq che.
utz we achi we xin kuna nik .
qo nojel kuj wa ʼ pa u wi ʼ ri me xa .
ri kaxla ʼ nik man poqo ntaj .
in xin bʼe ru kʼ ri wachi ʼl .
si bʼalaj je ʼl xki lo xe ki tzoqopij ri kichij chila ʼ.
kin bʼinik xin ʼ ek .
kʼax kʼolik , kacha ʼ.
kutij ixim ri akʼ .
ria lix chel , xu q ʼi ʼo xa jun akʼ xsipa x che .
x qasik ʼij le ixoq chu tzakik su bʼ .
mata xa bʼinsaj lech ʼich ʼ.
ri pix tz ʼara lik ru mal rieqa ʼ n .
¿jam pa ʼ kel chi 3%
kʼo jun nu kʼotoj chi ʼaj .
tajinke wa ʼkat ri ala bʼom .
xin loq ʼ le nu kʼa kʼapo ʼt .
na u tzakik ta su bʼ tajinku ʼa no
xoj u taq chi ʼij xoj wa ʼik .
i we chria bʼi x.
saq rij richij .
aj sik cheri tina mit kel wiri tata ʼ.
- ¡a y! xa xin tzaqu loq , kʼax we waqa n.
x kʼu lma taj pa jun komon chi ʼ u wach jun juyu bʼ, xu ri qa jun q ʼij x kiriq kibʼ junimul ru kʼ le kok .
jas xa taq chi ʼj le akʼal chu tijik ?
xin chapo suxu loq ʼo .
q ʼi nom ri achi.
ri kʼum k tijo w ru kʼ kabʼ .
tajin kejach ʼa nik .
tze bʼal u kemik le pasa wu mal .
areka yo ʼw le uchikopil le u bʼantajik try panos oma brucei .
we kat nima nik utz ke lik .
pero no ʼ jimal pet naq loq , .
are le nu chak jun tz uq bʼal wi bʼ .
x kuna x le ya wa bʼ ru mal le aj q ʼij .
ri u kʼu ʼ x tz ʼi bʼ paqa tzijela juj .
si bʼalaj je ʼ lik rieqa bʼal xu bʼan ri lu ʼ s .
si bʼalaj at kon .
eman xo ri jupuq kej .
na x na ʼ taj ta chke xe a tinik .
ri kʼamal bʼe xu bʼij chike, chi majaria nim .
jumuch ʼri nu juna bʼ .
q ʼip tajinaq ri raqan ri tem .
k chakun ru kʼ ri jos bʼal che ʼ ri aja nel .
xa taq chi ʼj le akʼal chu tijik kar .
oj kʼopa le ro ʼ ch le awel .
¿ la kat pe q u kʼch we ʼ q ?
le winaq pa lech ʼich ʼe tʼuyu llo wi .
xkan aj kanoq chi u xe ʼ rija bʼ rich ʼa ʼ n .
nim rija .
weta xak u naj le a tat mat axkam la ʼ.
na nu kʼamom tu ʼ la ri ʼ.
chqa nu kʼu ʼ riqa tzij .
kim bʼe pa le tina mit .
xin q ʼi ʼo na xina tin taj .
rajawa xik kakʼaman chawe le u tijik le le j .
kʼis bʼal taq no ʼji bʼal .
