x in eʼ waʼ oq.
xkib ʼan kʼa x chele uw osaq rumal man u tz tachika kay ik.
ri qʼutu ʼ m man kech t al e akʼalab ʼ.
are na nim tale atz ʼiʼ chu wach le nu tz ʼiʼ.
x epetik x ol kilaʼ.
¿ jaw ch iʼ x at aʼ che xkam riu mam ri p oʼ x ?
e keb ʼ kekʼamb ʼik pa tuj.
x in loqʼ jun japa ri w okaj ja.
ria x tu ʼ b ʼ, kʼoqu laj chech.
jas karaj kaʼanchu tzakik le tiʼij.
x u tij lewa.
xim b ʼal re tzij.
x pa x ri b ʼoʼj.
we kawaj katin toʼo x aq x u wi kab ʼij chiwe.
jas nu kʼuku ch ʼob ʼo.
jas karaj ku tijo?
xex ru xlab ʼ ri rik il.
e ni tz ʼaʼ qletaq im ul.
we t ane in x in b ʼanow ik, are le at eʼk xb ʼanow ik.
kintzalij pale nu tinamit.
ri nu chaqʼ kʼo pa u roʼ qʼatoj tijon ik p ari tijob ʼal.
x in x iʼ j wib ʼ x in ch ʼaw ik.
kʼo ch w aroʼ ch le pare.
chi raqan kab ʼin wiri t at aʼ.
x sachon kan uy aʼik le p waq chech oja.
x in qʼaxchi kixoʼ l ri winaq.
ket ikon ik.
ri ulew man qech taj , kech ri qatiʼ t qam am.
x epe le winaq xol kikʼam aʼ.
x u loqʼ ri w uj rumal ri ali.
chewe qʼij kamik kʼo jun nu tzijon em chiri j le nu tinamit.
kej riʼ .
x kunan alaq ch we.
kinu si kʼij le nu nan .
ri i mul x u ch ʼi j taj , xkanaj pa b ʼe, rumal ri nim al kujal uj ri i mul, x u tzaq ri anim.
kub ʼan riu xoqʼoʼ l ri aj tz ʼaq.
ri la sib ʼalaju tz che kunab ʼal.
kʼi kiwach rieʼaj chakib ʼ p ari komon tyox, kʼate kʼut x a junchi a jaw x el ;
x qatachix atulik.
kawaj chi katʼek.
ch ʼutiʼn ke kanaj rix a jab ʼ chech.
kaqax iʼj qib ʼ kaqa chapo.
e kʼo keb ʼ u kʼajol le t at x wan.
l u ʼ sub ʼiʼ ri rech am.
aj chiu wiʼ mi qʼin jaʼ ri lu ʼ .
x in y akan le nu ch im pa kʼayb ʼal.
kʼatex rilo, x pe riu nan cheu tzuku xik, x kikotik , x u salab ʼisaj ri taqu xkin .
x kikʼut chi u wach ri aj tij x u qujeʼ chi kiwach ri taqni kʼaj kach il.
u tz le nu qʼab ʼ.
kul leal weʼ l pa austin chaqʼab ʼ kamik.
ri at eʼk x tzaq loq are chi kʼo pa u wiʼ ri qʼaʼm.
aj patanri teʼk.
x atqaj chiup am ri il.
la kʼotzij na kikʼoxomaj taj ?
x sachon ch kech ix eatin ik.
ronoj el le ulew ech alaq.
la xeb ʼe kʼula x eʼ kijaqa kʼule uch iʼ ja?
x aq katch ʼoknaj iwir.
kamik kʼo chiri jastaqa we.
are ch iʼ kakʼis ri junab ʼ kʼo qʼinom.
pa na wal jaʼ x in alexik.
na x in tataj we are ria kʼal kixtzuqu w ik.
¡ r ulew ri sab ʼu lo ner ulew ri neftali, ub ʼe ri polow, r ulew ri jordan, galil eʼ a kech ri je taqam aqʼ !
ra x , ra x , ra x , kʼo kʼ, kʼo kʼ, kʼo kʼ le ru xlab ʼ le taqtik oʼn .
achixa t wilo.
pa qal raj il le p ix kamik.
xoj b ʼin ik.
pa jun jeʼ l tijob ʼal ku tijoj rib ʼ jun akʼal, ub ʼiʼ p oʼ x , u tz ku rilo ke pa tijob ʼal ronoj el taq qʼij.
xwaj chixa t ʼ e taj.
u tz laʼ le x ub ʼij le achi.
we taʼam jachin kapetik.
kin qʼojoman ik.
x in qʼiʼo takʼalik x in petik.
areʼ ret aʼm che kinopan ik.
are t ab ʼal e qa qa jaw chat toʼw ik.
kawinaq waqib ʼ qʼataj.
na qaj chik cheri u waq kaj b ʼal are taq ch iʼ ksachu wach ri qʼij , kok ri qʼeq u ʼ m chu wach ulew, chi kʼateʼ nari b ʼelejeb ʼ kaj b ʼal.
job ʼ raqan ri tz ʼalam x ep oroxik.
sib ʼalaj ko ri j rimop.
are waʼ.
je laʼp ari timinit ch w ika byok rech x elaju ʼ , le qanan qat at kakitik ojeʼ l alaj taq u wach ichaj.
kʼa x nu qul .
x u ʼ lu kʼam aʼ.
koj u l kitzukuj.
are man kʼa x taukuna xik are taqan inaq kaʼili taj we y ab ʼilal x u qujeʼ mojoʼ qa kuy aʼ le kʼa x kʼolil chech le jolom aj.
ri w el kʼo pa tijon ik.
kawaj kinb ʼij.
ri kotz ʼiʼ j kqakoj chiup am ri ja.
qʼeq qʼoj ri j ri am aʼkej.
na xwaj taj x in ch ʼaw ik.
ch petab ʼal e lo qʼalaj jab ʼ.
x sachon ch ke xatkisi kʼij.
e le qʼalch ʼi ch ʼ.
jachin xa wilo chi are x tijow ri tiʼj?
mat akab ʼe le nu xb ʼal pale tinamit.
p im ru q, ri ali.
¿ kʼo ri mu qʼe chi a wech ?
kqab ʼij man kekowin taj.
kin tij na.
kʼo jun qat ʼu ʼ y pa ja!
kʼo p uj chiup am ri ch ʼaʼk.
are taq kin kosik kinwarik.
xatw aʼik x in wilo
in x inch ʼayow le achi.
konoj el ri ala xik keʼetz ʼan ik.
jas ru kʼ xkitij wile kirik il ?
aninaq il katpetik.
nara x tau wach le juyub ʼ.
ri tz ʼalam tz ʼib ʼab ʼal ra x kkay ik.
we chat chakun ik, kʼo a wa.
m aʼt am x atpe cheri waʼim.
kamul kin waʼ na.
ri sik il ktijow ru kʼik.
kimb ʼe aqʼan ru kʼ le altalin.
xoj ʼe k x eʼqilal arqas ok.
xe kiqʼil le aj chakib ʼ x kiw ok leja.
mat ane xwaj le kʼuhj nem ru kʼ lea teʼk.
are x eʼopan chi uch iʼ ri juyub ʼ, xkilo chi man qasta kʼo qʼayes.
kʼate kʼut, ri jesus man kkojon tach kech rie ʼ areʼ, rumal rech che konoj el ret aʼm kiwach,
p aʼ tz ri j ri tz ʼiʼ.
juwinaq waqib ʼ qʼataj.
atelaq ʼom.
x aqat joʼ s.
ri qʼatzu, are qʼalaj riu qʼij il.
ajchak we a la.
ub ʼelej u ka kʼal taqanik (29).
keb ʼ nu b ʼiʼ kʼolik.
la ka tzalij lu ʼ la aninaq ?
ka tzukun la ch we.
la kaj la koj b ʼeʼpale chomal ch weʼq?
x in nab ʼej chu tasi kqa kʼolib ʼal.
lal xin toʼw ik.
sib ʼalaj a noʼjib ʼal.
xoj petik x ol qa kʼam aʼ.
sib ʼalaj jeʼ lik riu waʼ l ri i chaj.
kʼa xw ij rumal in pa chalik.
are taq x u kʼul maj waʼ x u l ri uchoman ik x ub ʼij : are u tz wa aqʼab ʼ kinwalij ik, are ch aʼ cha nim kinopan pa tijob ʼal, maj chi kin kʼul maj.
oj ajxo jolob ʼ pa a was qʼij.
x in sach chele u w okik le tzij.
e julajuj ria kʼ.
x u ta jamp aʼ koj ʼe k.
qil ik.
ri tijox el man are ta nim chu wach ri raj tij. riu tz tijox el qas je riʼ kʼolik jas ri raj tij.
in xa tin ch ʼayo.
noʼjim chak w umal.
ch ʼur ri joch ʼ.
in kinb ʼij nakatsa ch taj.
uj may ab ʼ.
riab ʼaj y a tzalik.
taj in kep ixb ʼax ri akʼalab ʼ.
ch om ria q.
x in warik.
e lemen konoj el ri akʼalab ʼ.
taj in kqʼana rik ri we reʼ aj.
leu kemik le pa su tz (chawe).
x uy u p u b ʼau wach raʼ chi, kach aʼ, .
ri satanas kokp ari judas ri kb ʼix is kariʼote ch rech , ri areʼ junch kixoʼ l rie kab ʼ lajuj.
chu chu ripar.
kin qumuj ri nu jo ch ʼ.
chech punción lumbar am aqʼel rajawa xik chech ri lik leu kʼe xb ʼem wile nab ʼeru kʼ le ukab ʼ u kʼutun em ley ab ʼilal.
qʼalaj chi naka waj taj kab ʼij.
kʼo qʼol chiri j risiʼ.
jawi xoj ʼe wichu loqʼik ?
kʼo u lo ch ʼ ri talin.
qʼan ri j ria tiʼ t nu kej.
la x tzalij la iwir ?
xesi kʼi xik , kʼate kʼu riʼ x ey ajik, x u qujeʼ xe taq b ʼi cheu sikʼik lemes.
la ki x warik?
are kʼul e pa loma xx ub ʼij che: - mam katb ʼi son taj , kinsi kʼij ni kʼaj wach iʼ l kerapa p ik.
aʼre e tijox elab ʼ.
ri alaj ali siʼ l x ub ʼij x qachappa u tz al ri tyox.
x sachon ch ke jachin x eatin ik.
jas x u ray ij le a nan x u tijo?
x in kosik.
ra x ronoj el ri qʼayes rumal le jab ʼ.
kiny a waʼ we ch ʼi ch ʼ pinem nau tz.
noʼjim u pa ch ʼu xik le nu wiʼ.
naj kʼo wilew oʼ ch chu wach le tijob ʼal.
ri okib ʼal kʼo chiu wach ri saq ja.
xe nu taq ch ʼi j kekil le akʼalab ʼ.
kʼo jun qʼoxow em chiwe.
tzari ch oʼm.
we choj b ʼe pale nima qʼij , keqil le aj x oj olob ʼ.
xoj ʼe k x eʼqilal arqas ok.
ri at eʼk x u taʼ chech ri nant oʼn : - nan jasch eʼ chi man kaj t al aqa kʼatisaj ri joʼq.
ri p al sib ʼalaj x u ʼ y.
kinkoj ri j okb ʼal ulew.
in kinb ʼij nakatsa ch taj
atraj kun le nu nan .
ku qamujuj oron ri aj tzij.
l u ʼ tz ʼalam ub ʼiʼ ri achi kel pa nim ch eʼ.
jeʼ lik u tiʼjo lal ri saq koʼ r.
kʼo jun x aʼ r pa ja.
x in loqʼ jun kʼa kʼ patan.
kʼa x u kemik le pa sa w umal.
aninaq u kemik le pa sa w umal
ri ch ʼaʼn sachinaq pataq ab ʼix.
raxtaq le kotz ʼiʼj.
me som kanoq riup am ja.
man are t ara la x kosik.
ri komon x ech p u prech u qʼab ʼ tinamit xoʼ l ab ʼaj rech qʼu mar kaj.
la u tzakik kʼu su b ʼ taj in ku ʼano?
kat el a!
na x u tij taj.
xa rumal ket aʼm konoj el ri winaq kkiqumuj le jaʼ.
iwir x uj tzalij la pa kʼayb ʼal.
qet aʼm che riqa wakuju toʼo.
ri aj tij, ky aj on chikech ri akʼalab ʼ.
jas ub ʼanom le nu chʼuti t at ?
ch weʼq kinb ʼe pa nim tinamit.
u tz we kiw et aʼmaj jas kub ʼij ri cholb ʼal qʼij.
taj in katji low cheu qʼoxom jolom aj.
x in ti kqʼax chiu wach ri ja.
kʼa x le kib ʼele winaq.
loqʼ katkun taj che ley ab ʼil ( covid -19 ).
ri nu x ib ʼal kel pa qaj b ʼal qʼij.
x ril ria xwan chi xwaʼ ri ala.
le alix kunataj ik.
we takapele jab ʼ kamik.
x in we t aʼmaj china x at pet aj.
ri p waq rech we qʼataj riʼ kesa x chech ri toj b ʼal kʼay in em.
ktij riu waʼ lik rumal ri kinim aqʼij.
x u chapukuna xik.
chatan loq ali.
x in x u l iʼ qajoq.
jeʼ lik ktijow ri taqik ox.
kʼate kʼu ri le t at xoʼ r x ub ʼij , man kawaj taj , man ka waj taj.
kʼo juntz ʼiʼ pa b ʼe.
kamul x inpe che atzuku xik.
man taj in takin chakun ik.
kin chakun ik rech katw aʼik.
jas ru kʼ x a wil wichix kiqup ij wile tiʼj.
jas ub ʼixik … ?
koqʼ ri akʼal.
kawaj na kat ʼe taj.
x at qʼaj ik.
we m na chalo qʼax iy al, na kimb ʼeta aw u kʼ.
x opan lew ujaw u kʼ rumal we ch in.
are kʼut pale juyub ʼ kkʼiyjo ron, ch ilaʼ xe kikʼama wiri jaʼ ri winaq.
koqʼ ri akʼal.
we kʼo a raj il cha kʼam aloq.
are sib ʼalaj ka qleap oʼt chu wach le nu p oʼt.
x in kʼas taj pa kab ʼ lajuj kaj b ʼal.
kaqoy ʼej naki x pet aj.
koka xim ri ch ij x aj el aʼ man kanimaj tab ʼik.
ri koknojim xb ʼek , x u ch ʼi jox opan pa u kʼisb ʼalil le anim.
xoj kiʼkotik are taq x atulik.
kaqitz ʼ naj riu x a jab ʼ ri akʼal.
ri jesus kwaʼ kat p ari nim rachoch ri dyos, chu xeʼ ri jun jache rachoch ri sa lomon.
we taqanik riʼ kub ʼij chi rajawa xik ky aʼu qʼij ri winaq x u qujeʼ kt oʼ aninaq il.
ria x u x are nariu kunel rik inaqʼ.
are taq waʼ riu qʼijol we taqanik.
kʼo jun tab ʼal pa u wiʼ ri x kanul ub ʼiʼ lajuj noʼj.
y u ʼ l ub ʼanom riu kolob ʼ rikej.
xa nimaj ri akʼal chiu wach ri u chu ch.
k kunan ri achi.
kin waʼik rech na kiny owaj taj.
aj x ik ch ʼi ch ʼ ri lu ʼ s.
kwaj che ix kixb ʼanow ik.
aʼre x e toʼ wa laq.
xoj ʼe k x eʼqilal arqas ok.
x in loqʼ junch ʼi ch ʼ, qaj inaq u wach.
ku tʼis ri p ant al on.
e janipa lea wal kʼwal e kʼolik?
u tz u kemik le pa s chawe.
rima x are aj qʼaniy aʼ.
mat ab ʼ achi riq kʼa x pale b ʼe.
taj in kanimaj, ri meʼs.
ix ix eʼlaq ʼomab ʼ !
x sachan ch we.
e kʼo kʼi ch eʼ, chiu wach ri juyub ʼ.
are waʼ ri nim alaj p ixab ʼe are waʼ ri nab ʼe.
x ret aʼmaj chiru kʼ pa kʼku tij wi
jasu tz akik le sub ʼ x u ʼano?
aj xoʼ y ri wikan.
we t ane aʼre x etijow le rik il, are le komon x etijowik.
sib ʼalaj aninaq kach ʼaw le areʼ chi nu wachin.
u tz we kinchakuj .
meʼs laʼ.
kʼo kanwarech kaqatijo.
x insi kʼij la.
ri akʼal x sach kanoq je laʼ pataq ʼaj.
x e si kʼij la.
jawi xkib ʼij wichi keʼewi?
rumal che, man ix tariʼ ri ki x ch ʼawik, are ri ru xlab ʼa xel ri it at riʼ rik ch ʼaw naiw u kʼ ri ix.
kʼa kʼri wachoch.
sib ʼalaju tz kinwil le atz ʼyaq rech nahuala.
saq por kkayri kipoʼt ri nan.
x sachon ri nu chak ch we.
waʼim x u chapo.
ri qʼaqʼ taj in ka juluw ik.
naj il u p am ri siwan.
e kʼo riqa ch alal pa chiu wiʼ la.
jas x a taq ch iʼj lea kʼal chu tijik ?
noʼjim u kemik le pa sa w umal.
kʼo jun ku kub ʼiʼ tintin, waʼ le laj kukmam ka je qit aj , kapaq ika x u lik pa u wiʼ u qʼab ʼ taq ch eʼ, sib ʼalaj sa kʼaj , keʼu to lee nim aʼq , ch ʼutin, rach iʼ l , aj sipan el sib ʼalaju tz ra nim aʼ.
riup ixab ʼ le qʼatb ʼaltzij kiy aʼub ʼixik.
na x sachon tach ke x eatin ik.
x eq il le ch ikopp uwileja.
xloʼ taj ri akʼal.
qonoj el kuj waʼ pa u wiʼ ri mex a.
x si kir lewaqan.
la x at waʼkʼut ?
nimub ʼaqʼ ri tulul.
kin x ikʼikʼik x in qʼaxik.
la katb ʼe pale tinamit ?
ri p al sib ʼalaj saq ʼor .
kqʼoxownuj alom.
x in naʼo chi kat petik.
x loqʼ ulew iwe ch ix.
x in chakun ru kʼri nu mam .
na x qab ʼantaj.
kkʼojiʼb ʼaʼ ri u sipan ik ria jaw x el jesus k risto ru kʼri a w u xlab ʼal !
kinch ʼaw ru kʼ le nu nan pale ch ʼaw eb ʼal.
sib ʼalaj qʼequ ʼ m rumal ri may ul .
are leba x u lik.
xekos le ixoq ib ʼ pale b ʼe.
kʼa x ri lik le akʼal chawe.
x in qʼiʼoxi natin pa j oron.
sib ʼalaj nim le tinamit.
kʼa x u kemik le pa sa w umal.
x in sach ik.
taj in kel u kikʼel pa raqanri tz ʼiʼ.
x in we t aʼmaj ri lik w ib ʼ
ri qʼuqʼ are jun jeʼ l chi kop.
kʼo pa ja tijob ʼal ri w ikaqʼ.
ri sach ib ʼal mak raj wa xik chiqa xoʼ l.
jeʼ, kimb ʼek .
je la leʼ ri nu p wiʼ.
x ub ʼij che:- jas x ab ʼano tintin?
kab ʼanjun toqʼob ʼ ky ak ri nu jal.
katʼek x inta.
jas leu kʼe xb ʼem rib ʼ le jun ru kʼ le jun chik?
aj chiu wiʼ mi qʼin jaʼ ri lu ʼ .
ri tijon el naj kpe wi.
teʼ kixcho b ʼ ub ʼiʼ ri nu t at.
ri jaʼ kamiqʼik chiu wach ri qʼaqʼ .
rit ʼuʼykp aqʼowik.
kin meson na.
naq aj at kʼo wi chiwech.
x in b ʼi son ik taqna xa t pet taj.
we xkam ri winaq, ri p waq rech toj b ʼal makaj ky aʼ chikech ri rala xik.
ri nu nan xb ʼe pa kʼayb ʼal.
xoj u kʼamu loq rech koj ri lo
x kʼoto ch in chi kiwach chik in waʼaw u kʼ.
na xkikamsaj taj x kikʼamb ʼi ch oja.
kʼa kʼri ikʼ kamik.
x im b ʼe ru kʼ le aj kun iwir.
ri lik.
le tz ʼiʼ xeko sik.
x in kikot aw umal.
ri i mul x u maj ria nim , x uy akan le kok.
kʼo oj cheri akʼal.
x u j b ʼe pa jun kʼu lan em.
u tz we kwar al aq.
kaqilo chi nakoj u kʼam taj.
x ret aʼmaj chiru kʼ pa kʼkutij wi.
sib ʼalaj x in kʼaʼna rik.
x in ko chi j ri nu wa.
man kat kowin taj katchakun ik, we man kʼot ari aj ilab ʼal.
we w on on x ub ʼij chike: - ki x into.
ri ala nim kril wi riumam.
x kaʼy chiri j , x kaʼychu wach, ma kʼo tachi jun ksi lob ʼik, x oqʼik x u xeʼ j rib ʼ x ch ʼopin ik x tzalij loq x u riq tachik riub ʼe.
kʼo pus cheriwa.
pinem nakab ʼele watz,kimb ʼe wi in pa kaʼy ib ʼal.
ri nant oʼn nim winaq chik, saq u wiʼ , ronoj el aqʼab ʼ u tz ku naʼo kat ʼuy iʼ pa u t em, ku miqʼisaj rib ʼ chori qʼij , kʼo jun u wiʼu mam ub ʼiʼ a teʼk.
man e kʼitaj riqu laʼ.
qʼalaj chi naka waj taj kab ʼij
x paqab ʼi sa x raj il ronoj el ri kem.
kʼo p ari jul ri kumatz.
ronoj el qʼij kin ch ʼaj le nuw are.
saq ch ikan lei chaj rech katz ako.
chu xel e qachomal kaqatij wijun qam eqʼin.
ch a wilaʼ.
e kʼojob ʼ u miʼ al, ri nu t at.
jas ru kʼ x a wil wi
jeʼ jas ri winaq rech riu wach ulew, x oqujeʼ kepe nariʼ rieʼ areʼ chee rech riu wach ulew; jeʼ jas ri winaq rech ri kaj , x oqujeʼ kepe nariʼ rieʼ areʼ e rech ri kaj.
x in tijo.
ktz ʼujuw ri rachoch ri p oʼx.
x u qʼiʼo are leu kʼulel xy aʼow uw a.
ria we l x ret aʼmaj chi rajawa xik man ku x ej tari b ʼ cheri tukur.
ju kʼulaj winaq x eʼa nimaj b ʼik.
jeʼ , x in tzali j ik.
xoj petik x ol qa kʼam aʼ.
maj jachin xʼek.
in aj tij; at tijox el.
saq u wiʼ ri tataʼ.
we ch ri kem.
le roʼ ch le at eʼk kʼo ch wach le u kʼay le nu nan .
kb ʼe p ari si riʼ aep ari si li siʼa, jawi jeʼ kuy awiri kich u qʼab ʼ ri komon tyox.
p ixab ʼ : man u tz taj kʼa x kujch ʼaw chiki j ni kʼaj qach il.
xkunataj le ali( kumal ri ixoq ib ʼ ).
ri x ib ʼib ʼal chi kʼowi pataq riqa kʼas lemal ronoj el qʼij.
nakuj war ta war al.
on chek kʼojiʼ riu tz il chi xoʼ l , are ch junam riqa kojon ik, junam ri iwe chi x ru kʼri w ech in.
pa ox qʼij ri s aʼn kb ʼe naru kʼri aj kun .
kawinaq w uqub ʼ.
jas kawaj kin tijo?
we ta x atb ʼew u kʼ pale tinamit, x a loqʼ t al aʼ leu jastaq lea kʼa jol.
keb ʼe pa waʼim.
x in loqʼ kʼiwa.
pa jun nim kʼa ch eʼlaj , kʼo jun kʼwaʼ sib ʼalaj saq lo loj , nimu wach.
kwaj katij jub ʼaʼ wa.
ronoj el winaq kril na riu kolon em ri d yos ».
x kʼoto ch in chi kiwach chik in waʼaw u kʼ
kwaj naka t ʼe taj.
la x a loqʼ junalej ?
e kʼo rie loqʼoman el.
ri ukab ʼ ub ʼiʼ ri nu mam are y ay.
kinjo p ij ri ij aʼ rech triko.
x naʼtaj ch ke x eatin ik.
x at eʼ qil aʼ.
kakitij alan x a x ri winaq.
. . . kinb ʼij chi are waʼ sin x iʼ an.
na x in nab ʼej tachu tasi kqa kʼolib ʼal.
rumal rech chewe ri in, kinch ʼaw ru kʼri dyos pa ch ʼab ʼal, kch ʼaw na kʼu riʼ ri w u xlab ʼal ru kʼri dyos, kʼate kʼut man kʼota u patan riʼ ch rech ri nu chomab ʼal.
x epetik xkilo.
x u ta we katʼek.
u tz u kemik le pa s chawe.
ri nu waka xx u tijjun qʼoqʼ rumal riʼ x kamik.
rumal ri kʼix , man kewaʼ taj ri winaq.
x eʼ u lik .
qʼeq ri j ri am aʼ chi j.
x raj kaʼele u nan.
junam ki junab ʼ.
na qʼalaj taj wekaʼek.
ri w ixnam ch ʼaj ch ʼoj ri rachoch.
war al man kʼot aj a jawal.
na iwirta x ri l le kʼamolb ʼe.
x in p e loq te kʼu riʼ x in tzukuj ronoj el ri nu raj il.
ri aj t ikon el ku tik ri tzij.
kʼo e kikʼajol le achi jab ʼ.
ku tij qʼayes ri ixp aʼ ch.
p ari waʼb ʼal e kʼo kawinaq achi jab ʼ.
sip oj inaq ri nu pam.
kay aʼtaj ik ru kʼut iʼon em jun riu riqom le y ab ʼilam olot set sé x u qujeʼ are kay aʼtaj pataqri juyub ʼ.
jachin ri achi ?
ri nu mam x kamik are taq kʼo jumu ch ʼ lajuju junab ʼ.
kin kowin ik kin kʼamb ʼil e p waq.
kin wilo chiu tz ri aj iʼ.
x in qʼil ria p oʼ x che man kachakun taj.
kwaʼ chiu wach le taq ʼaj ri am aʼ akʼ.
rii mul x epoqʼik pa jun ikʼ.
x kʼis kanoq riqa chak.
are ri ali xoj ilow kanoq.
sib ʼalaj ch ʼuʼ j riamax.
kʼo nu wach iʼ.
in chaj in el kech le akʼalab ʼ.
xekos le tz ʼiʼ.
kinb ʼenak u kʼri molaj.
ronoj el aqʼab ʼ kiny itz ʼ riwa ka x .
kara pin ik x u tzukuj chi juna waj.
leu kemik le pa san inaq ( a w umal ).
maju raj il le qʼab ʼ arel.
kʼa x riʼ ri kach ʼaw ik.
xoj u taq ch iʼ j le achi chu loqʼiki chaj.
sib ʼalaj kʼa x ri x kʼul ma xik.
xkilo china kin kʼoxomaj taj.
x naʼtaj ch kech ix eatin ik.
x kʼoto ch in chiki wachchixo jal w oʼqaku kʼ.
jun qʼuʼ qraj il rika x laʼn wa.
x in wilo chi x eʼel ik.
e kʼo ixoq ib ʼ pale kʼayb ʼal.
man kʼotaj u kʼisik ri may ab ʼaj lab ʼalil.
ri sin kkʼiy pataq ʼaj.
ri ch ʼi ma man kkʼiy taj p at aqʼaj .
rajawa xik kjikik riwaqän .
kawaj kinʼek.
e kʼo oxib ʼakʼ.
x ub ʼij ch we jawi at kʼo wi.
ch weʼq kuj b ʼeʼ p amuquj.
pasaq kʼaj aʼ kb ʼan wiri uq.
xoj kisi kʼij.
x in wil w ib ʼ.
cha qʼ chik riwa.
kimb ʼe naka palew oʼ ch.
kawaj kinʼek.
ri ch ʼu ʼ kti j ru kʼ lej.
p ari kiqʼij kaminaq ib ʼ kb ʼan qʼori kʼy aʼ rechaj : nab ʼe ri nan ku tzukuj kan ri aj , kujach ʼoʼx u quje ku kʼ e to.
jas kaj b ʼal cha nim ?
u tz uchoman ik ri ali.
p ari qʼij oxlajuj tijax kin kʼis keb ʼ junab ʼ kin chakun war al.
sib ʼalaj ko, ri kʼa kʼ ch ʼat.
jas karaj kub ʼij … ?
ri ch ʼi ch ʼ kasilab ʼik.
pa ojer qʼalp ul x aq x u wiri nim winaq kekʼamowb ʼe.
leu kuna xik le ukab ʼu kʼutun ik are ru kʼe flor ni tinao nu tun ib ʼaxik le ni furtimo x ch iʼ le flor ni ti nachech t. b.g.
are ri achi x in ch ʼayow ik.
jun achi ub ʼik u ʼ x u sipaj keb ʼ kʼaʼm ulew rech kab ʼan ri tijob ʼal, kamik , kʼo chik aj tij rech ri komon x echpup.
x u mal tyoxij cheri aj tij ronoj el le x u kʼut chiu wach.
p ari b ʼex kiraq junalaj im ulsaq ri j , x kikʼamb ʼik.
x ril le b ʼal e ala.
jas kub ʼij ch we ?
leu kuna taj em are ru kʼu tzuku xik leu ch ikopil pa jun u solik u xeʼ le kikʼon le jaʼ rech jun nod o.
u tz we nu tz ʼiʼ.
jeʼ , taj in kachapon ik.
kin u loqʼoj le nu t at.
kawaj kimb ʼe pa tinamit.
are laʼ kinchakuj .
ri nim aʼq taq winaq kʼo ket aʼmab ʼal.
we ta x atb ʼew u kʼ pale tinamit, x a loqʼ ta waʼ we jastaq.
ri kikʼas lemal. wa ixim ulew x a jun chima are ta tinimit ri ma
riu kʼy ab ʼal na jupam.
x atqaj chiup am ri il.
nojim katw aʼik.
we kʼo jun ktuq aʼ rik, ¿ la man x oqujeʼ taj kintuq aʼr ri in ?
ojoj w okol ja.
a was kb ʼan kʼa x che jun nim winaq.
x in ch ʼaw apan ru kʼ le wa nab ʼ.
kʼa x riu p am ri ju ʼ l.
taj inke waʼ ri im ul.
la kaj lakuj tzali j la aninaq ?
rumal rech cheri makaj man kʼota u kowin emp iwiʼ ri ix: ri ix man ix kʼotachi ch u xeʼ ri p ixab ʼ, xan e ix kʼo chu xeʼ ri sipan ik.
nim raqan le ch eʼ.
x in chapo .
are letu ʼ r le loqʼoman el.
xa s katkʼojiʼ chiup am ri ch ʼi ch ʼ.
sib ʼalaj nim raqan ri kʼam alb ʼe.
le tz ʼib ʼab ʼal wechin.
in x in toʼw la.
x a je kʼu riʼ ri ix kamik riʼ man ix ka xlan winaq tachik; ri ix, ix rech ri kitinimit rie tyoxlaj taq winaq, ix rech ri rachoch ri dyos.
x in tik oxlaj kʼali chaj.
kaqariqq ib ʼ ch weʼq.
sib ʼalaj u tz cheri wiʼ aj rit uney.
we na jupu lik ta x eqaj ik...
x in toʼtaj cheri nu chak.
kʼo jun chik opub ʼiʼ p um.
p oqonri ik.
xoj b ʼin ik.
x u ch ʼe k ronoj el le ret aman ik x paq iʼk kʼa x kwʼinik x ub ʼanaj kun .
kel ub ʼik p ari jud eʼ aektzali j chi ub ʼi jumul p ari galil eʼ a.
x in a x ib ʼij pab ʼe.
jeʼ l kʼo lem chi a wachoch.
ronoj el riy aʼtalil pa we qʼataj , tz ʼaqat kiwach, man ktzaq t akanoq x u qujeʼ man ktastaj.
x u kunaj ley a wab ʼ le aj qʼij.
chi t at ab ʼej jas le kimb ʼij.
ch ʼanal ri achi.
pab ʼo koʼka chakun wiri ta x .
uj kʼo pa uw uq qʼij.
kiʼ ri ukab ʼ ria qaj .
kʼo rach alal pa tz ʼoloj ch eʼ ri p eʼ l.
xkilo chik in kʼo x omaj.
ri u kisa kʼu tz ky aʼik chiu xeʼ ri ti koʼn .
are taq ch iʼ kaqʼanp u wiʼ ri jukub ʼ, ri achi che xkʼojiʼ ri itz el u xlab ʼal ru kʼ , kuta ch rech ri areʼ, are ch kkʼojiʼ ru kʼ ri areʼ.
nakab ʼantaj taw umal.
x naʼtaj ch ke x eatin ik.
x in paj ri nu triko.
x eʼok ri p o kʼp ari u mex ari p oʼ x .
ka juluw ria qʼaʼ l chiux eʼ ri t ʼuʼy.
a we ch le ja.
x uj b ʼe p atzu rik.
nab ʼexato p anik.
ri ukab ʼ ub ʼiʼ ri nu mam are y ay.
u waj x aq u ka kʼal taqanik (28).
mat a kʼo jun kakanaj kanoq, qonoj el koj b ʼek .
e nim aʼq leal tom ab ʼ.
nimu wach ri p oʼt.
kojon ik p ari u tzij wa ixim ulew.
jas x u kʼamb ʼil etz ʼiʼ x a wilo?
x in petik, tat.
rib ʼelaju wach.
chi t at ab ʼej jas ri kimb ʼij.
jeʼ l kunaʼ riab ʼix chiup am ri quq ulew.
kinb ʼisoj u wach le wal.
x u t ʼuy ub ʼaʼ.
nim ria we qeleʼ n x a riqo.
x in eʼ waʼ oq.
ch iʼ kewar wile akʼalab ʼ.
ri nu miʼal x u taq loq juntaq oʼm w uj chiwe.
qʼeʼ lik, ri chaj p ari b ʼe.
la u tz a wach? - u tz mal tyox, e kʼu ri at ? –utzm al tyox.
x in kos rumal nu chak.
kb ʼe ku kʼrieʼ areʼ e ktzali j p ari nas are te keʼu nimaj.
ri joj x u kʼamb ʼik ria kʼ.
kʼo chiwach iʼ l ch anim.
kub ʼij chech naʼ l kab ʼan cheri atz ʼib ʼ.
e. . . in kawaj katzjoj b ʼil achwe.
ma ta x in y aj le ali.
jachin ru kʼ katb ʼe wi?
kʼo sib ʼalaje t aʼmab ʼal p ari may ab ʼ noʼjib ʼal.
e man x ori jupuq kej.
kasumum ri kaqiqʼ .
e kʼo kajib ʼ akʼalab ʼ pale b ʼe.
jeʼ jas riu t atk kaʼy ik.
x aqat molon el tzij t al.
le nu t at kaloqʼon ch we.
x aq t ane kimb ʼe iw u kʼ.
xret aʼmaj u ch ʼaj ik.
rumal laʼ x koj“ xal qʼat” che ub ʼiʼ ri komon.
are leu kemik pa s x ret aʼmaj.
ri wa tiʼ t kub ʼan nari u patan.
kʼa kʼ le p oʼt.
ret aʼm u wach jachin x loqʼow ri pas.
kench ʼab ʼej le akʼalab ʼ.
y aʼtal chaqe qonoj el ri uj winaq u tz kaqil qib ʼ.
xkotiʼ pa qʼayesx oqʼik.
kawinaq b ʼelejeb ʼ qʼataj.
e kʼo kajib ʼ r al rii mul, jun saq , jun qʼan, jun qʼeq, jun qʼeqoj , sib ʼalaj ketz ʼan ik, kech ʼopin ik ri alaj taqim ul.
k cholol ri acha ch al.
ketekik ri ikʼ.
x epetik rech kewaʼ iw u kʼ.
tz atz riu qʼanil ria kʼ.
xoj tzalij ik x ix eʼ qaqʼatuj ku kʼ lei tatinan.
riy oʼ x taq akʼalab ʼ ke kikʼux ri atz ʼyaq.
we achiwe x u sipaj jun p oʼt ch we xkamik.
kkowin ri kunan el che kunan ik.
x ji qʼp ari polow.
xa rumal sib ʼalaj rajawa xik le lo qʼalaj jaʼ , le winaq xkib ʼij : chewe ikʼ riʼ qonoj el kuj b ʼe cheu tikik taq ch eʼ.
riu nan e rie rach alal kepe u loq ru kʼri areʼ, kʼate kʼu riʼ, man kekowin taj keqib ʼ u koq ru kʼ , rumal rech chee kʼo sib ʼalaj winaq.
rumal rech , che man kʼota jun kkowin cheu kojik junti kib ʼalil chik chu wach ri kojom chik che are ri jesus kristo.
te kʼu riʼ x u tz ʼib ʼaj rib ʼ p ari nim alaj tijob ʼal rechaj ku ʼ n .
ka juluw ri ch ʼumil ch aqʼab ʼ.
kʼisb ʼal kanoq, x oqujeʼ kkamri ixoq.
le alax okik.
kʼo p waq pa u wiʼ rimexa.
are kawaj naki nʼe taj.
ri y a wal kukoj ri ali chiux eʼ ri ch akachare u su ʼ t.
na kaqakʼam tu ʼ b ʼi kamik.
ri aj tij kub ʼij chike: rajawa xik ke qachaji j ria waj, are u tik oʼn ria jaw.
x in tij mu kun iwir.
kʼa x leu wiʼ taq le nu qʼab ʼ.
x in loqʼ jun ilb ʼal wib ʼ.
waʼ we qʼij , nimub ʼantaj ik.
riu x eʼal ri qatinamit man kasach taj.
xoj b ʼin ik.
ria ch alal junam kiwach.
x in we t aʼmaj ri lik w ib ʼ.
nim riu naʼoj waj tij.
miq ʼin ri kʼul.
aj qʼojom ria teʼk.
chele san ik ch eʼ kb ʼan wiri qʼojom.
kapelea we l pa nawal jaʼ.
ri me son el taj in kchakun ik.
u tz chaqe kaqatoʼq ib ʼ, taq kʼo kʼa x kʼolil , kate we ch iʼ n ria jaw paqa wiʼ.
xa wilo, x qʼatan le ib ʼ oy.
x at kowin ik x ab ʼano.
kiʼ ri kʼa we x .
kaj il il rib ʼe.
le alix el b ʼik.
areʼ x raj x in b ʼano.
nim we ab ʼ aj.
jeʼ lik u tiʼjo lal ri saq koʼ r.
noj inaq ri kej.
we katijan x u x man katu toʼ tachi u qʼatixik le kʼa kʼy ab ʼilco ronavirus ( 2019 -ncov ).
na nim ta raqan waʼ we ch eʼ.
u tz alaj aj chak, ri w el.
¿ jamp aʼ kuj b ʼepanima qʼij ?
rajawa xik tan el aʼ katchakun w u kʼ.
x u taq ch iʼj pa war amp ulew.
man are ta ria x wan x el ik.
ria wi xx u loqʼ rachoch re nim al.
are ri ixoq x insi kʼi nu loq.
ri ch ʼi ma kʼatʼon na.
laxib ʼan lei chak ?
kʼi tinamite kʼo pa ch ʼoʼj.
kʼo jupuq chi j chiux eʼ ri ch eʼ.
riu x aq riab ʼix are u wa rikej.
kawinaq qʼataj.
la kixpe pa tijob ʼal ?
we kechaj ixtaq le kʼwa jacha kinb ʼij ; jun alik kʼo jaʼ x u qujeʼ sib ʼalaj saq l oloj.
x ret aʼmaj .
ri alab ʼom ri ali tom ab ʼ taj in kikitijoj kib ʼ rech su taq , are kakaj kikib ʼan nima qachi jab ʼ chup am ri kikʼas lemal, x u quje kʼo chik jupuq b ʼixon el chup am ri komon.
la tz ʼ u wach rib ʼe.
kʼa kʼ ria ch ʼi ch ʼ.
qonoj el uj , uj may ab ʼ taq winaq.
noj el qʼij ria tiʼ x kuy u qʼuj le taqaw ajje laʼpa ni kʼaj jaʼ , chiri j ri juyub ʼ ub ʼiʼ te naʼ.
pa qʼom chik risiʼ.
kin tzukun che la.
kakitij le kinaqʼ, lei chaj , leu waʼ lik ru kʼ lej.
xe kanaj kan le aj chakib ʼ.
ket ikon ri achi jab ʼ.
sib ʼalaj itz el ub ʼantaj ik ri ch ʼi la kan.
ri ateʼ k x u mal tyoxij cheri rat iʼt, rumal riu tz alaj noʼjib ʼal x u kʼut chech.
kkamulix u chak riab ʼix.
la x in u tzukuj le tijox el ?
areʼ kachakun ronoj el qʼij.
lee kʼaʼna taq tz ʼiʼ.
saq ri j ri p lam ux.
jas x a qʼiʼox a tijo.
jas ru kʼ x kichap wi u tijik le ri kil ?
we kata tin ru kʼ kʼatan jaʼ man ku qʼatej tale kʼa kʼy ab ʼilco ronavirus .
la katb ʼin paleu xlan b ʼal ?
la war al kʼu x ix waʼwi?
are le nu t at kin loqʼonik.
taj ink chakun ri ala.
kʼo ri kiʼkotem ala w u kʼ.
x u ta jachin kaʼ e k.
xatw aʼik x in wilo.
x tzaq ri rachoch rumal ri jab ʼ.
pale jun ikʼ chik are nima qʼij.
e keb ʼäm keb ʼin pa u wiʼ ri tem.
mem ri achi.
ri wikanchal iʼ y kel pa juyub ʼ ch wi tzirib ʼal.
le raj il, la pa ja xela qʼaxw u ʼ b ʼik ?
p ari su ʼ t p isom wirilej.
koj petik kol qakʼam aʼ.
taj in kat ch ʼopin chiu wach ri ta qʼaj.
le qʼor x ch ʼuq ik.
kʼa xw aʼi maw umal.
kinb ʼi son ch el ewal.
sib ʼalaj kʼokʼ ria wa tz ʼyaq.
kamik x uj b ʼe cheu tikik taq ch eʼ p ari juyub ʼ.
kin u loqʼoj le nu t at.
ch aqiʼ j chik ri chaj.
xy i lix ha way i.
na x naʼtaj ta ch kech ix eatin ik.
ru kʼ kʼu waʼ we riʼ, ri ix kkʼojiʼ junutz alaji kʼas lemal riʼ ch kiwach ri winaq cheman e kʼo ta iw u kʼ , kʼate kʼu riʼ man kʼota jun winaq riʼ rajawa xik chiwech.
e petinaq pa b ʼele rachala xik.
kakaj le akʼalab ʼ ke waʼik.
x u jch ʼayb ʼik.
ri nu chak are qʼaxel tzij.
kʼo naru xlab ʼ ria waj.
taj ink el loq, ri qʼij.
x u qʼiʼox kamsa x ri rach alal choch.
ri nu mam are kʼo u qʼinom al.
x kʼul mataj jumul , x ub ʼanjun nim alaj jab ʼ , man xb ʼeye taj ta na x u kʼis le uy uqʼ chike.
am aʼri nu tz ʼiʼ.
je waʼkat petik.
x in kosik rumal x in chakun ik
iwe ch chi jujunal, ri wa.
x u qʼiʼon a x atatin taj.
in riq taj inaq p ari kʼay ib ʼal.
na we t aʼm taj.
kʼa x le nu qʼab ʼ.
u tz le x ub ʼij le achi.
kematz ʼib ʼ.
kʼo rach alal pa tz ʼoloj ch eʼ ri p eʼ l.
ronoj el waʼ we jastaq riʼ, x as ksach wi u wach waʼ ; ru kʼ we riʼ, ri ix, rajawa xik che kʼo jun tyoxlaji kʼas lemal e kkʼojiʼ ri i ch ʼaw em ru kʼri dyos,
x muq taj ri pa tz ʼan .
ri ch ʼi ch ʼ tzijom kanoq p ari u kʼolb ʼal.
man kʼotau cholaj pataq ria w uj.
jachike ikʼ leu nima qʼij le tinamit na wal jaʼ ?
x epetik xol kikʼam aʼ.
kachu qʼ chu t ri jaʼ chi apam.
x in b ʼij iwir chi xeb ʼe pa armita.
areʼ u xeʼ ojertzij war al kʼi ch eʼ ub ʼiʼ.
x kʼisri nu siʼ.
jawi xkib ʼij wichi keʼewi?
¡ xa je kʼu riʼ, jachin taqrie kʼo p ari judeʼa, chi cha nim ch eʼ anim ajub ʼi pataqri juyub ʼ,
kʼa kʼri ab ʼ .
la kʼo jun naka kʼoxo majtaj ?
nau tz taleu tʼi som le alma riy.
man y aʼtaltaj chi a we katok pa ja.
jeʼ, xatu tzukuj.
are kel waj x aqib ʼ u qʼij rix kʼojik.
ri x u n kur kkʼojiʼ pataqri triko.
x in sach ik.
x u t ʼuy ub ʼaʼ
nan u tom tal etzij …
wach ʼom ri kiwari noʼs.
e kʼo job ʼ ch ʼi l wakʼ.
rajawi xik chi pataqri tijob ʼal, pa ni kʼaj ub ʼixik chik
ri rajaw r ulew areʼ t at kel.
we kʼux okik, we kʼna xok ta
we achi x u sipaj jun p ʼot ch we.
at at u taq oʼn le qʼataltzij .
na qʼantau wach le qa prut.
ri x aʼ r kʼo pa u wiʼ ri qʼaqʼ kp oqʼowik.
ri roqʼej ri ali jachak p e jun akʼal.
kʼo junala pa tijob ʼal.
säqu wiʼ ri t at aʼ.
ri w itz ikʼ taj in kpe loq.
jawi x sachon wikan uy aʼik le p waq che.
u tz we achi we x in kunan ik.
qonoj el kuj waʼ pa u wiʼ ri mex a.
ri ka x laʼn ik man p oqon taj.
in x in b ʼe ru kʼri wach iʼ l .
sib ʼalaj jeʼ l xkilo x e kitzoqopi j ri kich ij ch ilaʼ.
kinb ʼinik x inʼek.
kʼa x kʼolik, kach aʼ.
ku tij ixim ria kʼ.
ri alix ch el, x u qʼiʼox a juna kʼ x sipa x che.
x qasi kʼij le ixoq chu tz akiksub ʼ.
mat a x ab ʼ insaj le ch ʼi ch ʼ.
ri p ix tz ʼar alik rumal rie qaʼ n .
¿ jamp aʼkel chi 3%
kʼo jun nu kʼotoj ch iʼ aj.
taj inke waʼkat ri alab ʼom.
x in loqʼ len u kʼa kʼapoʼ t.
nau tzakik ta sub ʼ taj in ku ʼano
xoj u taq ch iʼ ij x oj waʼ ik.
iwe ch riab ʼix.
saq ri j ri chi j.
aj sik cheri tinamit kel wiri t at aʼ.
- ¡ ay ! x a x in tzaqu loq , kʼa x we waqan .
x kʼul mataj pa jun komon ch iʼ u wach jun juyub ʼ, x u riqa jun qʼij xkiriq kib ʼ jun i mul ru kʼ le kok.
jas x a taq ch iʼj lea kʼal chu tijik ?
x in chapo su x u loqʼo.
qʼinom ri achi.
ri kʼum ktijow ru kʼ kab ʼ .
taj in kejach ʼan ik.
tz eb ʼal u kemik le pa sa w umal.
are kay oʼw leu ch ikopil leu b ʼantaj ik trypanos o mabrucei.
we kat niman ik u tz kelik.
pero noʼjim al petnaq loq,.
are le nu chak juntzuq b ʼal wib ʼ.
xkuna x leya wab ʼ rumal leaj qʼij.
riu kʼuʼ x tz ʼib ʼ pa qatzij e lajuj.
sib ʼalaj jeʼ lik rie qab ʼal x ub ʼan ri lu ʼ s.
sib ʼalaj atkon.
e man x ori jupuq kej.
na x naʼtaj ta ch ke x eatin ik.
ri kʼam alb ʼex ub ʼij chike, chi maj ari anim.
jumuch ʼ ri nu junab ʼ.
qʼip t aj inaq ri raqan ri tem.
kchakun ru kʼri josb ʼal ch eʼ ria jan el.
xa taq ch iʼ j le akʼal chu tijik kar.
oj kʼo pale roʼ ch le awel.
¿ la katpequ kʼ ch weʼq ?
le winaq pale ch ʼi ch ʼe t ʼuy ul lo wi.
x kanaj kanoq chiux eʼ ri jab ʼ ri ch ʼaʼn.
nim ri ja.
we ta x a kunaj le at at mata xkam laʼ.
nan u kʼamom tu ʼ la riʼ.
ch qanu kʼuʼ riqatzij.
kimb ʼe pale tinamit.
x in qʼiʼo na x inatin taj.
rajawa xik kakʼaman chawe leu tijik lelej.
kʼisb ʼal taq noʼjib ʼal.
x in eʼ waʼ oq.
xkib ʼan kʼa x chele uw osaq rumal man u tz tachika kay ik.
ri qʼutu ʼ m man kech t al e akʼalab ʼ.
are na nim tale atz ʼiʼ chu wach le nu tz ʼiʼ.
x epetik x ol kilaʼ.
¿ jaw ch iʼ x at aʼ che xkam riu mam ri p oʼ x ?
e keb ʼ kekʼamb ʼik pa tuj.
x in loqʼ jun japa ri w okaj ja.
ria x tu ʼ b ʼ, kʼoqu laj chech.
jas karaj kaʼanchu tzakik le tiʼij.
x u tij lewa.
xim b ʼal re tzij.
x pa x ri b ʼoʼj.
we kawaj katin toʼo x aq x u wi kab ʼij chiwe.
jas nu kʼuku ch ʼob ʼo.
jas karaj ku tijo?
xex ru xlab ʼ ri rik il.
e ni tz ʼaʼ qletaq im ul.
we t ane in x in b ʼanow ik, are le at eʼk xb ʼanow ik.
kintzalij pale nu tinamit.
ri nu chaqʼ kʼo pa u roʼ qʼatoj tijon ik p ari tijob ʼal.
x in x iʼ j wib ʼ x in ch ʼaw ik.
kʼo ch w aroʼ ch le pare.
chi raqan kab ʼin wiri t at aʼ.
x sachon kan uy aʼik le p waq chech oja.
x in qʼaxchi kixoʼ l ri winaq.
ket ikon ik.
ri ulew man qech taj , kech ri qatiʼ t qam am.
x epe le winaq xol kikʼam aʼ.
x u loqʼ ri w uj rumal ri ali.
chewe qʼij kamik kʼo jun nu tzijon em chiri j le nu tinamit.
kej riʼ .
x kunan alaq ch we.
kinu si kʼij le nu nan .
ri i mul x u ch ʼi j taj , xkanaj pa b ʼe, rumal ri nim al kujal uj ri i mul, x u tzaq ri anim.
kub ʼan riu xoqʼoʼ l ri aj tz ʼaq.
ri la sib ʼalaju tz che kunab ʼal.
kʼi kiwach rieʼaj chakib ʼ p ari komon tyox, kʼate kʼut x a junchi a jaw x el ;
x qatachix atulik.
kawaj chi katʼek.
ch ʼutiʼn ke kanaj rix a jab ʼ chech.
kaqax iʼj qib ʼ kaqa chapo.
e kʼo keb ʼ u kʼajol le t at x wan.
l u ʼ sub ʼiʼ ri rech am.
aj chiu wiʼ mi qʼin jaʼ ri lu ʼ .
x in y akan le nu ch im pa kʼayb ʼal.
kʼatex rilo, x pe riu nan cheu tzuku xik, x kikotik , x u salab ʼisaj ri taqu xkin .
x kikʼut chi u wach ri aj tij x u qujeʼ chi kiwach ri taqni kʼaj kach il.
u tz le nu qʼab ʼ.
kul leal weʼ l pa austin chaqʼab ʼ kamik.
ri at eʼk x tzaq loq are chi kʼo pa u wiʼ ri qʼaʼm.
aj patanri teʼk.
x atqaj chiup am ri il.
la kʼotzij na kikʼoxomaj taj ?
x sachon ch kech ix eatin ik.
ronoj el le ulew ech alaq.
la xeb ʼe kʼula x eʼ kijaqa kʼule uch iʼ ja?
x aq katch ʼoknaj iwir.
kamik kʼo chiri jastaqa we.
are ch iʼ kakʼis ri junab ʼ kʼo qʼinom.
pa na wal jaʼ x in alexik.
na x in tataj we are ria kʼal kixtzuqu w ik.
¡ r ulew ri sab ʼu lo ner ulew ri neftali, ub ʼe ri polow, r ulew ri jordan, galil eʼ a kech ri je taqam aqʼ !
ra x , ra x , ra x , kʼo kʼ, kʼo kʼ, kʼo kʼ le ru xlab ʼ le taqtik oʼn .
achixa t wilo.
pa qal raj il le p ix kamik.
xoj b ʼin ik.
pa jun jeʼ l tijob ʼal ku tijoj rib ʼ jun akʼal, ub ʼiʼ p oʼ x , u tz ku rilo ke pa tijob ʼal ronoj el taq qʼij.
xwaj chixa t ʼ e taj.
u tz laʼ le x ub ʼij le achi.
we taʼam jachin kapetik.
kin qʼojoman ik.
x in qʼiʼo takʼalik x in petik.
areʼ ret aʼm che kinopan ik.
are t ab ʼal e qa qa jaw chat toʼw ik.
kawinaq waqib ʼ qʼataj.
na qaj chik cheri u waq kaj b ʼal are taq ch iʼ ksachu wach ri qʼij , kok ri qʼeq u ʼ m chu wach ulew, chi kʼateʼ nari b ʼelejeb ʼ kaj b ʼal.
job ʼ raqan ri tz ʼalam x ep oroxik.
sib ʼalaj ko ri j rimop.
are waʼ.
je laʼp ari timinit ch w ika byok rech x elaju ʼ , le qanan qat at kakitik ojeʼ l alaj taq u wach ichaj.
kʼa x nu qul .
x u ʼ lu kʼam aʼ.
koj u l kitzukuj.
are man kʼa x taukuna xik are taqan inaq kaʼili taj we y ab ʼilal x u qujeʼ mojoʼ qa kuy aʼ le kʼa x kʼolil chech le jolom aj.
ri w el kʼo pa tijon ik.
kawaj kinb ʼij.
ri kotz ʼiʼ j kqakoj chiup am ri ja.
qʼeq qʼoj ri j ri am aʼkej.
na xwaj taj x in ch ʼaw ik.
ch petab ʼal e lo qʼalaj jab ʼ.
x sachon ch ke xatkisi kʼij.
e le qʼalch ʼi ch ʼ.
jachin xa wilo chi are x tijow ri tiʼj?
mat akab ʼe le nu xb ʼal pale tinamit.
p im ru q, ri ali.
¿ kʼo ri mu qʼe chi a wech ?
kqab ʼij man kekowin taj.
kin tij na.
kʼo jun qat ʼu ʼ y pa ja!
kʼo p uj chiup am ri ch ʼaʼk.
are taq kin kosik kinwarik.
xatw aʼik x in wilo
in x inch ʼayow le achi.
konoj el ri ala xik keʼetz ʼan ik.
jas ru kʼ xkitij wile kirik il ?
aninaq il katpetik.
nara x tau wach le juyub ʼ.
ri tz ʼalam tz ʼib ʼab ʼal ra x kkay ik.
we chat chakun ik, kʼo a wa.
m aʼt am x atpe cheri waʼim.
kamul kin waʼ na.
ri sik il ktijow ru kʼik.
kimb ʼe aqʼan ru kʼ le altalin.
xoj ʼe k x eʼqilal arqas ok.
xe kiqʼil le aj chakib ʼ x kiw ok leja.
mat ane xwaj le kʼuhj nem ru kʼ lea teʼk.
are x eʼopan chi uch iʼ ri juyub ʼ, xkilo chi man qasta kʼo qʼayes.
kʼate kʼut, ri jesus man kkojon tach kech rie ʼ areʼ, rumal rech che konoj el ret aʼm kiwach,
p aʼ tz ri j ri tz ʼiʼ.
juwinaq waqib ʼ qʼataj.
atelaq ʼom.
x aqat joʼ s.
ri qʼatzu, are qʼalaj riu qʼij il.
ajchak we a la.
ub ʼelej u ka kʼal taqanik (29).
keb ʼ nu b ʼiʼ kʼolik.
la ka tzalij lu ʼ la aninaq ?
ka tzukun la ch we.
la kaj la koj b ʼeʼpale chomal ch weʼq?
x in nab ʼej chu tasi kqa kʼolib ʼal.
lal xin toʼw ik.
sib ʼalaj a noʼjib ʼal.
xoj petik x ol qa kʼam aʼ.
sib ʼalaj jeʼ lik riu waʼ l ri i chaj.
kʼa xw ij rumal in pa chalik.
are taq x u kʼul maj waʼ x u l ri uchoman ik x ub ʼij : are u tz wa aqʼab ʼ kinwalij ik, are ch aʼ cha nim kinopan pa tijob ʼal, maj chi kin kʼul maj.
oj ajxo jolob ʼ pa a was qʼij.
x in sach chele u w okik le tzij.
e julajuj ria kʼ.
x u ta jamp aʼ koj ʼe k.
qil ik.
ri tijox el man are ta nim chu wach ri raj tij. riu tz tijox el qas je riʼ kʼolik jas ri raj tij.
in xa tin ch ʼayo.
noʼjim chak w umal.
ch ʼur ri joch ʼ.
in kinb ʼij nakatsa ch taj.
uj may ab ʼ.
riab ʼaj y a tzalik.
taj in kep ixb ʼax ri akʼalab ʼ.
ch om ria q.
x in warik.
e lemen konoj el ri akʼalab ʼ.
taj in kqʼana rik ri we reʼ aj.
leu kemik le pa su tz (chawe).
x uy u p u b ʼau wach raʼ chi, kach aʼ, .
ri satanas kokp ari judas ri kb ʼix is kariʼote ch rech , ri areʼ junch kixoʼ l rie kab ʼ lajuj.
chu chu ripar.
kin qumuj ri nu jo ch ʼ.
chech punción lumbar am aqʼel rajawa xik chech ri lik leu kʼe xb ʼem wile nab ʼeru kʼ le ukab ʼ u kʼutun em ley ab ʼilal.
qʼalaj chi naka waj taj kab ʼij.
kʼo qʼol chiri j risiʼ.
jawi xoj ʼe wichu loqʼik ?
kʼo u lo ch ʼ ri talin.
qʼan ri j ria tiʼ t nu kej.
la x tzalij la iwir ?
xesi kʼi xik , kʼate kʼu riʼ x ey ajik, x u qujeʼ xe taq b ʼi cheu sikʼik lemes.
la ki x warik?
are kʼul e pa loma xx ub ʼij che: - mam katb ʼi son taj , kinsi kʼij ni kʼaj wach iʼ l kerapa p ik.
aʼre e tijox elab ʼ.
ri alaj ali siʼ l x ub ʼij x qachappa u tz al ri tyox.
x sachon ch ke jachin x eatin ik.
jas x u ray ij le a nan x u tijo?
x in kosik.
ra x ronoj el ri qʼayes rumal le jab ʼ.
kiny a waʼ we ch ʼi ch ʼ pinem nau tz.
noʼjim u pa ch ʼu xik le nu wiʼ.
naj kʼo wilew oʼ ch chu wach le tijob ʼal.
ri okib ʼal kʼo chiu wach ri saq ja.
xe nu taq ch ʼi j kekil le akʼalab ʼ.
kʼo jun qʼoxow em chiwe.
tzari ch oʼm.
we choj b ʼe pale nima qʼij , keqil le aj x oj olob ʼ.
xoj ʼe k x eʼqilal arqas ok.
ri at eʼk x u taʼ chech ri nant oʼn : - nan jasch eʼ chi man kaj t al aqa kʼatisaj ri joʼq.
ri p al sib ʼalaj x u ʼ y.
kinkoj ri j okb ʼal ulew.
in kinb ʼij nakatsa ch taj
atraj kun le nu nan .
ku qamujuj oron ri aj tzij.
l u ʼ tz ʼalam ub ʼiʼ ri achi kel pa nim ch eʼ.
jeʼ lik u tiʼjo lal ri saq koʼ r.
kʼo jun x aʼ r pa ja.
x in loqʼ jun kʼa kʼ patan.
kʼa x u kemik le pa sa w umal.
aninaq u kemik le pa sa w umal
ri ch ʼaʼn sachinaq pataq ab ʼix.
raxtaq le kotz ʼiʼj.
me som kanoq riup am ja.
man are t ara la x kosik.
ri komon x ech p u prech u qʼab ʼ tinamit xoʼ l ab ʼaj rech qʼu mar kaj.
la u tzakik kʼu su b ʼ taj in ku ʼano?
kat el a!
na x u tij taj.
xa rumal ket aʼm konoj el ri winaq kkiqumuj le jaʼ.
iwir x uj tzalij la pa kʼayb ʼal.
qet aʼm che riqa wakuju toʼo.
ri aj tij, ky aj on chikech ri akʼalab ʼ.
jas ub ʼanom le nu chʼuti t at ?
ch weʼq kinb ʼe pa nim tinamit.
u tz we kiw et aʼmaj jas kub ʼij ri cholb ʼal qʼij.
taj in katji low cheu qʼoxom jolom aj.
x in ti kqʼax chiu wach ri ja.
kʼa x le kib ʼele winaq.
loqʼ katkun taj che ley ab ʼil ( covid -19 ).
ri nu x ib ʼal kel pa qaj b ʼal qʼij.
x ril ria xwan chi xwaʼ ri ala.
le alix kunataj ik.
we takapele jab ʼ kamik.
x in we t aʼmaj china x at pet aj.
ri p waq rech we qʼataj riʼ kesa x chech ri toj b ʼal kʼay in em.
ktij riu waʼ lik rumal ri kinim aqʼij.
x u chapukuna xik.
chatan loq ali.
x in x u l iʼ qajoq.
jeʼ lik ktijow ri taqik ox.
kʼate kʼu ri le t at xoʼ r x ub ʼij , man kawaj taj , man ka waj taj.
kʼo juntz ʼiʼ pa b ʼe.
kamul x inpe che atzuku xik.
man taj in takin chakun ik.
kin chakun ik rech katw aʼik.
jas ru kʼ x a wil wichix kiqup ij wile tiʼj.
jas ub ʼixik … ?
koqʼ ri akʼal.
kawaj na kat ʼe taj.
x at qʼaj ik.
we m na chalo qʼax iy al, na kimb ʼeta aw u kʼ.
x opan lew ujaw u kʼ rumal we ch in.
are kʼut pale juyub ʼ kkʼiyjo ron, ch ilaʼ xe kikʼama wiri jaʼ ri winaq.
koqʼ ri akʼal.
we kʼo a raj il cha kʼam aloq.
are sib ʼalaj ka qleap oʼt chu wach le nu p oʼt.
x in kʼas taj pa kab ʼ lajuj kaj b ʼal.
kaqoy ʼej naki x pet aj.
koka xim ri ch ij x aj el aʼ man kanimaj tab ʼik.
ri koknojim xb ʼek , x u ch ʼi jox opan pa u kʼisb ʼalil le anim.
xoj kiʼkotik are taq x atulik.
kaqitz ʼ naj riu x a jab ʼ ri akʼal.
ri jesus kwaʼ kat p ari nim rachoch ri dyos, chu xeʼ ri jun jache rachoch ri sa lomon.
we taqanik riʼ kub ʼij chi rajawa xik ky aʼu qʼij ri winaq x u qujeʼ kt oʼ aninaq il.
ria x u x are nariu kunel rik inaqʼ.
are taq waʼ riu qʼijol we taqanik.
kʼo jun tab ʼal pa u wiʼ ri x kanul ub ʼiʼ lajuj noʼj.
y u ʼ l ub ʼanom riu kolob ʼ rikej.
xa nimaj ri akʼal chiu wach ri u chu ch.
k kunan ri achi.
kin waʼik rech na kiny owaj taj.
aj x ik ch ʼi ch ʼ ri lu ʼ s.
kwaj che ix kixb ʼanow ik.
aʼre x e toʼ wa laq.
xoj ʼe k x eʼqilal arqas ok.
x in loqʼ junch ʼi ch ʼ, qaj inaq u wach.
ku tʼis ri p ant al on.
e janipa lea wal kʼwal e kʼolik?
u tz u kemik le pa s chawe.
rima x are aj qʼaniy aʼ.
mat ab ʼ achi riq kʼa x pale b ʼe.
taj in kanimaj, ri meʼs.
ix ix eʼlaq ʼomab ʼ !
x sachan ch we.
e kʼo kʼi ch eʼ, chiu wach ri juyub ʼ.
are waʼ ri nim alaj p ixab ʼe are waʼ ri nab ʼe.
x ret aʼmaj chiru kʼ pa kʼku tij wi
jasu tz akik le sub ʼ x u ʼano?
aj xoʼ y ri wikan.
we t ane aʼre x etijow le rik il, are le komon x etijowik.
sib ʼalaj aninaq kach ʼaw le areʼ chi nu wachin.
u tz we kinchakuj .
meʼs laʼ.
kʼo kanwarech kaqatijo.
x insi kʼij la.
ri akʼal x sach kanoq je laʼ pataq ʼaj.
x e si kʼij la.
jawi xkib ʼij wichi keʼewi?
rumal che, man ix tariʼ ri ki x ch ʼawik, are ri ru xlab ʼa xel ri it at riʼ rik ch ʼaw naiw u kʼ ri ix.
kʼa kʼri wachoch.
sib ʼalaju tz kinwil le atz ʼyaq rech nahuala.
saq por kkayri kipoʼt ri nan.
x sachon ri nu chak ch we.
waʼim x u chapo.
ri qʼaqʼ taj in ka juluw ik.
naj il u p am ri siwan.
e kʼo riqa ch alal pa chiu wiʼ la.
jas x a taq ch iʼj lea kʼal chu tijik ?
noʼjim u kemik le pa sa w umal.
kʼo jun ku kub ʼiʼ tintin, waʼ le laj kukmam ka je qit aj , kapaq ika x u lik pa u wiʼ u qʼab ʼ taq ch eʼ, sib ʼalaj sa kʼaj , keʼu to lee nim aʼq , ch ʼutin, rach iʼ l , aj sipan el sib ʼalaju tz ra nim aʼ.
riup ixab ʼ le qʼatb ʼaltzij kiy aʼub ʼixik.
na x sachon tach ke x eatin ik.
x eq il le ch ikopp uwileja.
xloʼ taj ri akʼal.
qonoj el kuj waʼ pa u wiʼ ri mex a.
x si kir lewaqan.
la x at waʼkʼut ?
nimub ʼaqʼ ri tulul.
kin x ikʼikʼik x in qʼaxik.
la katb ʼe pale tinamit ?
ri p al sib ʼalaj saq ʼor .
kqʼoxownuj alom.
x in naʼo chi kat petik.
x loqʼ ulew iwe ch ix.
x in chakun ru kʼri nu mam .
na x qab ʼantaj.
kkʼojiʼb ʼaʼ ri u sipan ik ria jaw x el jesus k risto ru kʼri a w u xlab ʼal !
kinch ʼaw ru kʼ le nu nan pale ch ʼaw eb ʼal.
sib ʼalaj qʼequ ʼ m rumal ri may ul .
are leba x u lik.
xekos le ixoq ib ʼ pale b ʼe.
kʼa x ri lik le akʼal chawe.
x in qʼiʼoxi natin pa j oron.
sib ʼalaj nim le tinamit.
kʼa x u kemik le pa sa w umal.
x in sach ik.
taj in kel u kikʼel pa raqanri tz ʼiʼ.
x in we t aʼmaj ri lik w ib ʼ
ri qʼuqʼ are jun jeʼ l chi kop.
kʼo pa ja tijob ʼal ri w ikaqʼ.
ri sach ib ʼal mak raj wa xik chiqa xoʼ l.
jeʼ, kimb ʼek .
je la leʼ ri nu p wiʼ.
x ub ʼij che:- jas x ab ʼano tintin?
kab ʼanjun toqʼob ʼ ky ak ri nu jal.
katʼek x inta.
jas leu kʼe xb ʼem rib ʼ le jun ru kʼ le jun chik?
aj chiu wiʼ mi qʼin jaʼ ri lu ʼ .
ri tijon el naj kpe wi.
teʼ kixcho b ʼ ub ʼiʼ ri nu t at.
ri jaʼ kamiqʼik chiu wach ri qʼaqʼ .
rit ʼuʼykp aqʼowik.
kin meson na.
naq aj at kʼo wi chiwech.
x in b ʼi son ik taqna xa t pet taj.
we xkam ri winaq, ri p waq rech toj b ʼal makaj ky aʼ chikech ri rala xik.
ri nu nan xb ʼe pa kʼayb ʼal.
xoj u kʼamu loq rech koj ri lo
x kʼoto ch in chi kiwach chik in waʼaw u kʼ.
na xkikamsaj taj x kikʼamb ʼi ch oja.
kʼa kʼri ikʼ kamik.
x im b ʼe ru kʼ le aj kun iwir.
ri lik.
le tz ʼiʼ xeko sik.
x in kikot aw umal.
ri i mul x u maj ria nim , x uy akan le kok.
kʼo oj cheri akʼal.
x u j b ʼe pa jun kʼu lan em.
u tz we kwar al aq.
kaqilo chi nakoj u kʼam taj.
x ret aʼmaj chiru kʼ pa kʼkutij wi.
sib ʼalaj x in kʼaʼna rik.
x in ko chi j ri nu wa.
man kat kowin taj katchakun ik, we man kʼot ari aj ilab ʼal.
we w on on x ub ʼij chike: - ki x into.
ri ala nim kril wi riumam.
x kaʼy chiri j , x kaʼychu wach, ma kʼo tachi jun ksi lob ʼik, x oqʼik x u xeʼ j rib ʼ x ch ʼopin ik x tzalij loq x u riq tachik riub ʼe.
kʼo pus cheriwa.
pinem nakab ʼele watz,kimb ʼe wi in pa kaʼy ib ʼal.
ri nant oʼn nim winaq chik, saq u wiʼ , ronoj el aqʼab ʼ u tz ku naʼo kat ʼuy iʼ pa u t em, ku miqʼisaj rib ʼ chori qʼij , kʼo jun u wiʼu mam ub ʼiʼ a teʼk.
man e kʼitaj riqu laʼ.
qʼalaj chi naka waj taj kab ʼij
x paqab ʼi sa x raj il ronoj el ri kem.
kʼo p ari jul ri kumatz.
ronoj el qʼij kin ch ʼaj le nuw are.
saq ch ikan lei chaj rech katz ako.
chu xel e qachomal kaqatij wijun qam eqʼin.
ch a wilaʼ.
e kʼojob ʼ u miʼ al, ri nu t at.
jas ru kʼ x a wil wi
jeʼ jas ri winaq rech riu wach ulew, x oqujeʼ kepe nariʼ rieʼ areʼ chee rech riu wach ulew; jeʼ jas ri winaq rech ri kaj , x oqujeʼ kepe nariʼ rieʼ areʼ e rech ri kaj.
x in tijo.
ktz ʼujuw ri rachoch ri p oʼx.
x u qʼiʼo are leu kʼulel xy aʼow uw a.
ria we l x ret aʼmaj chi rajawa xik man ku x ej tari b ʼ cheri tukur.
ju kʼulaj winaq x eʼa nimaj b ʼik.
jeʼ , x in tzali j ik.
xoj petik x ol qa kʼam aʼ.
maj jachin xʼek.
in aj tij; at tijox el.
saq u wiʼ ri tataʼ.
we ch ri kem.
le roʼ ch le at eʼk kʼo ch wach le u kʼay le nu nan .
kb ʼe p ari si riʼ aep ari si li siʼa, jawi jeʼ kuy awiri kich u qʼab ʼ ri komon tyox.
p ixab ʼ : man u tz taj kʼa x kujch ʼaw chiki j ni kʼaj qach il.
xkunataj le ali( kumal ri ixoq ib ʼ ).
ri x ib ʼib ʼal chi kʼowi pataq riqa kʼas lemal ronoj el qʼij.
nakuj war ta war al.
on chek kʼojiʼ riu tz il chi xoʼ l , are ch junam riqa kojon ik, junam ri iwe chi x ru kʼri w ech in.
pa ox qʼij ri s aʼn kb ʼe naru kʼri aj kun .
kawinaq w uqub ʼ.
jas kawaj kin tijo?
we ta x atb ʼew u kʼ pale tinamit, x a loqʼ t al aʼ leu jastaq lea kʼa jol.
keb ʼe pa waʼim.
x in loqʼ kʼiwa.
pa jun nim kʼa ch eʼlaj , kʼo jun kʼwaʼ sib ʼalaj saq lo loj , nimu wach.
kwaj katij jub ʼaʼ wa.
ronoj el winaq kril na riu kolon em ri d yos ».
x kʼoto ch in chi kiwach chik in waʼaw u kʼ
kwaj naka t ʼe taj.
la x a loqʼ junalej ?
e kʼo rie loqʼoman el.
ri ukab ʼ ub ʼiʼ ri nu mam are y ay.
kinjo p ij ri ij aʼ rech triko.
x naʼtaj ch ke x eatin ik.
x at eʼ qil aʼ.
kakitij alan x a x ri winaq.
. . . kinb ʼij chi are waʼ sin x iʼ an.
na x in nab ʼej tachu tasi kqa kʼolib ʼal.
rumal rech chewe ri in, kinch ʼaw ru kʼri dyos pa ch ʼab ʼal, kch ʼaw na kʼu riʼ ri w u xlab ʼal ru kʼri dyos, kʼate kʼut man kʼota u patan riʼ ch rech ri nu chomab ʼal.
x epetik xkilo.
x u ta we katʼek.
u tz u kemik le pa s chawe.
ri nu waka xx u tijjun qʼoqʼ rumal riʼ x kamik.
rumal ri kʼix , man kewaʼ taj ri winaq.
x eʼ u lik .
qʼeq ri j ri am aʼ chi j.
x raj kaʼele u nan.
junam ki junab ʼ.
na qʼalaj taj wekaʼek.
ri w ixnam ch ʼaj ch ʼoj ri rachoch.
war al man kʼot aj a jawal.
na iwirta x ri l le kʼamolb ʼe.
x in p e loq te kʼu riʼ x in tzukuj ronoj el ri nu raj il.
ri aj t ikon el ku tik ri tzij.
kʼo e kikʼajol le achi jab ʼ.
ku tij qʼayes ri ixp aʼ ch.
p ari waʼb ʼal e kʼo kawinaq achi jab ʼ.
sip oj inaq ri nu pam.
kay aʼtaj ik ru kʼut iʼon em jun riu riqom le y ab ʼilam olot set sé x u qujeʼ are kay aʼtaj pataqri juyub ʼ.
jachin ri achi ?
ri nu mam x kamik are taq kʼo jumu ch ʼ lajuju junab ʼ.
kin kowin ik kin kʼamb ʼil e p waq.
kin wilo chiu tz ri aj iʼ.
x in qʼil ria p oʼ x che man kachakun taj.
kwaʼ chiu wach le taq ʼaj ri am aʼ akʼ.
rii mul x epoqʼik pa jun ikʼ.
x kʼis kanoq riqa chak.
are ri ali xoj ilow kanoq.
sib ʼalaj ch ʼuʼ j riamax.
kʼo nu wach iʼ.
in chaj in el kech le akʼalab ʼ.
xekos le tz ʼiʼ.
kinb ʼenak u kʼri molaj.
ronoj el aqʼab ʼ kiny itz ʼ riwa ka x .
kara pin ik x u tzukuj chi juna waj.
leu kemik le pa san inaq ( a w umal ).
maju raj il le qʼab ʼ arel.
kʼa x riʼ ri kach ʼaw ik.
xoj u taq ch iʼ j le achi chu loqʼiki chaj.
sib ʼalaj kʼa x ri x kʼul ma xik.
xkilo china kin kʼoxomaj taj.
x naʼtaj ch kech ix eatin ik.
x kʼoto ch in chiki wachchixo jal w oʼqaku kʼ.
jun qʼuʼ qraj il rika x laʼn wa.
x in wilo chi x eʼel ik.
e kʼo ixoq ib ʼ pale kʼayb ʼal.
man kʼotaj u kʼisik ri may ab ʼaj lab ʼalil.
ri sin kkʼiy pataq ʼaj.
ri ch ʼi ma man kkʼiy taj p at aqʼaj .
rajawa xik kjikik riwaqän .
kawaj kinʼek.
e kʼo oxib ʼakʼ.
x ub ʼij ch we jawi at kʼo wi.
ch weʼq kuj b ʼeʼ p amuquj.
pasaq kʼaj aʼ kb ʼan wiri uq.
xoj kisi kʼij.
x in wil w ib ʼ.
cha qʼ chik riwa.
kimb ʼe naka palew oʼ ch.
kawaj kinʼek.
ri ch ʼu ʼ kti j ru kʼ lej.
p ari kiqʼij kaminaq ib ʼ kb ʼan qʼori kʼy aʼ rechaj : nab ʼe ri nan ku tzukuj kan ri aj , kujach ʼoʼx u quje ku kʼ e to.
jas kaj b ʼal cha nim ?
u tz uchoman ik ri ali.
p ari qʼij oxlajuj tijax kin kʼis keb ʼ junab ʼ kin chakun war al.
sib ʼalaj ko, ri kʼa kʼ ch ʼat.
jas karaj kub ʼij … ?
ri ch ʼi ch ʼ kasilab ʼik.
pa ojer qʼalp ul x aq x u wiri nim winaq kekʼamowb ʼe.
leu kuna xik le ukab ʼu kʼutun ik are ru kʼe flor ni tinao nu tun ib ʼaxik le ni furtimo x ch iʼ le flor ni ti nachech t. b.g.
are ri achi x in ch ʼayow ik.
jun achi ub ʼik u ʼ x u sipaj keb ʼ kʼaʼm ulew rech kab ʼan ri tijob ʼal, kamik , kʼo chik aj tij rech ri komon x echpup.
x u mal tyoxij cheri aj tij ronoj el le x u kʼut chiu wach.
p ari b ʼex kiraq junalaj im ulsaq ri j , x kikʼamb ʼik.
x ril le b ʼal e ala.
jas kub ʼij ch we ?
leu kuna taj em are ru kʼu tzuku xik leu ch ikopil pa jun u solik u xeʼ le kikʼon le jaʼ rech jun nod o.
u tz we nu tz ʼiʼ.
jeʼ , taj in kachapon ik.
kin u loqʼoj le nu t at.
kawaj kimb ʼe pa tinamit.
are laʼ kinchakuj .
ri nim aʼq taq winaq kʼo ket aʼmab ʼal.
we ta x atb ʼew u kʼ pale tinamit, x a loqʼ ta waʼ we jastaq.
ri kikʼas lemal. wa ixim ulew x a jun chima are ta tinimit ri ma
riu kʼy ab ʼal na jupam.
x atqaj chiup am ri il.
nojim katw aʼik.
we kʼo jun ktuq aʼ rik, ¿ la man x oqujeʼ taj kintuq aʼr ri in ?
ojoj w okol ja.
a was kb ʼan kʼa x che jun nim winaq.
x in ch ʼaw apan ru kʼ le wa nab ʼ.
kʼa x riu p am ri ju ʼ l.
taj inke waʼ ri im ul.
la kaj lakuj tzali j la aninaq ?
rumal rech cheri makaj man kʼota u kowin emp iwiʼ ri ix: ri ix man ix kʼotachi ch u xeʼ ri p ixab ʼ, xan e ix kʼo chu xeʼ ri sipan ik.
nim raqan le ch eʼ.
x in chapo .
are letu ʼ r le loqʼoman el.
xa s katkʼojiʼ chiup am ri ch ʼi ch ʼ.
sib ʼalaj nim raqan ri kʼam alb ʼe.
le tz ʼib ʼab ʼal wechin.
in x in toʼw la.
x a je kʼu riʼ ri ix kamik riʼ man ix ka xlan winaq tachik; ri ix, ix rech ri kitinimit rie tyoxlaj taq winaq, ix rech ri rachoch ri dyos.
x in tik oxlaj kʼali chaj.
kaqariqq ib ʼ ch weʼq.
sib ʼalaj u tz cheri wiʼ aj rit uney.
we na jupu lik ta x eqaj ik...
x in toʼtaj cheri nu chak.
kʼo jun chik opub ʼiʼ p um.
p oqonri ik.
xoj b ʼin ik.
x u ch ʼe k ronoj el le ret aman ik x paq iʼk kʼa x kwʼinik x ub ʼanaj kun .
kel ub ʼik p ari jud eʼ aektzali j chi ub ʼi jumul p ari galil eʼ a.
x in a x ib ʼij pab ʼe.
jeʼ l kʼo lem chi a wachoch.
ronoj el riy aʼtalil pa we qʼataj , tz ʼaqat kiwach, man ktzaq t akanoq x u qujeʼ man ktastaj.
x u kunaj ley a wab ʼ le aj qʼij.
chi t at ab ʼej jas le kimb ʼij.
ch ʼanal ri achi.
pab ʼo koʼka chakun wiri ta x .
uj kʼo pa uw uq qʼij.
kiʼ ri ukab ʼ ria qaj .
kʼo rach alal pa tz ʼoloj ch eʼ ri p eʼ l.
xkilo chik in kʼo x omaj.
ri u kisa kʼu tz ky aʼik chiu xeʼ ri ti koʼn .
are taq ch iʼ kaqʼanp u wiʼ ri jukub ʼ, ri achi che xkʼojiʼ ri itz el u xlab ʼal ru kʼ , kuta ch rech ri areʼ, are ch kkʼojiʼ ru kʼ ri areʼ.
nakab ʼantaj taw umal.
x naʼtaj ch ke x eatin ik.
x in paj ri nu triko.
x eʼok ri p o kʼp ari u mex ari p oʼ x .
ka juluw ria qʼaʼ l chiux eʼ ri t ʼuʼy.
a we ch le ja.
x uj b ʼe p atzu rik.
nab ʼexato p anik.
ri ukab ʼ ub ʼiʼ ri nu mam are y ay.
u waj x aq u ka kʼal taqanik (28).
mat a kʼo jun kakanaj kanoq, qonoj el koj b ʼek .
e nim aʼq leal tom ab ʼ.
nimu wach ri p oʼt.
kojon ik p ari u tzij wa ixim ulew.
jas x u kʼamb ʼil etz ʼiʼ x a wilo?
x in petik, tat.
rib ʼelaju wach.
chi t at ab ʼej jas ri kimb ʼij.
jeʼ l kunaʼ riab ʼix chiup am ri quq ulew.
kinb ʼisoj u wach le wal.
x u t ʼuy ub ʼaʼ.
nim ria we qeleʼ n x a riqo.
x in eʼ waʼ oq.
ch iʼ kewar wile akʼalab ʼ.
ri nu miʼal x u taq loq juntaq oʼm w uj chiwe.
qʼeʼ lik, ri chaj p ari b ʼe.
la u tz a wach? - u tz mal tyox, e kʼu ri at ? –utzm al tyox.
x in kos rumal nu chak.
kb ʼe ku kʼrieʼ areʼ e ktzali j p ari nas are te keʼu nimaj.
ri joj x u kʼamb ʼik ria kʼ.
kʼo chiwach iʼ l ch anim.
kub ʼij chech naʼ l kab ʼan cheri atz ʼib ʼ.
e. . . in kawaj katzjoj b ʼil achwe.
ma ta x in y aj le ali.
jachin ru kʼ katb ʼe wi?
kʼo sib ʼalaje t aʼmab ʼal p ari may ab ʼ noʼjib ʼal.
e man x ori jupuq kej.
kasumum ri kaqiqʼ .
e kʼo kajib ʼ akʼalab ʼ pale b ʼe.
jeʼ jas riu t atk kaʼy ik.
x aqat molon el tzij t al.
le nu t at kaloqʼon ch we.
x aq t ane kimb ʼe iw u kʼ.
xret aʼmaj u ch ʼaj ik.
rumal laʼ x koj“ xal qʼat” che ub ʼiʼ ri komon.
are leu kemik pa s x ret aʼmaj.
ri wa tiʼ t kub ʼan nari u patan.
kʼa kʼ le p oʼt.
ret aʼm u wach jachin x loqʼow ri pas.
kench ʼab ʼej le akʼalab ʼ.
y aʼtal chaqe qonoj el ri uj winaq u tz kaqil qib ʼ.
xkotiʼ pa qʼayesx oqʼik.
kawinaq b ʼelejeb ʼ qʼataj.
e kʼo kajib ʼ r al rii mul, jun saq , jun qʼan, jun qʼeq, jun qʼeqoj , sib ʼalaj ketz ʼan ik, kech ʼopin ik ri alaj taqim ul.
k cholol ri acha ch al.
ketekik ri ikʼ.
x epetik rech kewaʼ iw u kʼ.
tz atz riu qʼanil ria kʼ.
xoj tzalij ik x ix eʼ qaqʼatuj ku kʼ lei tatinan.
riy oʼ x taq akʼalab ʼ ke kikʼux ri atz ʼyaq.
we achiwe x u sipaj jun p oʼt ch we xkamik.
kkowin ri kunan el che kunan ik.
x ji qʼp ari polow.
xa rumal sib ʼalaj rajawa xik le lo qʼalaj jaʼ , le winaq xkib ʼij : chewe ikʼ riʼ qonoj el kuj b ʼe cheu tikik taq ch eʼ.
riu nan e rie rach alal kepe u loq ru kʼri areʼ, kʼate kʼu riʼ, man kekowin taj keqib ʼ u koq ru kʼ , rumal rech chee kʼo sib ʼalaj winaq.
rumal rech , che man kʼota jun kkowin cheu kojik junti kib ʼalil chik chu wach ri kojom chik che are ri jesus kristo.
te kʼu riʼ x u tz ʼib ʼaj rib ʼ p ari nim alaj tijob ʼal rechaj ku ʼ n .
ka juluw ri ch ʼumil ch aqʼab ʼ.
kʼisb ʼal kanoq, x oqujeʼ kkamri ixoq.
le alax okik.
kʼo p waq pa u wiʼ rimexa.
are kawaj naki nʼe taj.
ri y a wal kukoj ri ali chiux eʼ ri ch akachare u su ʼ t.
na kaqakʼam tu ʼ b ʼi kamik.
ri aj tij kub ʼij chike: rajawa xik ke qachaji j ria waj, are u tik oʼn ria jaw.
x in tij mu kun iwir.
kʼa x leu wiʼ taq le nu qʼab ʼ.
x in loqʼ jun ilb ʼal wib ʼ.
waʼ we qʼij , nimub ʼantaj ik.
riu x eʼal ri qatinamit man kasach taj.
xoj b ʼin ik.
ria ch alal junam kiwach.
x in we t aʼmaj ri lik w ib ʼ.
nim riu naʼoj waj tij.
miq ʼin ri kʼul.
aj qʼojom ria teʼk.
chele san ik ch eʼ kb ʼan wiri qʼojom.
kapelea we l pa nawal jaʼ.
ri me son el taj in kchakun ik.
u tz chaqe kaqatoʼq ib ʼ, taq kʼo kʼa x kʼolil , kate we ch iʼ n ria jaw paqa wiʼ.
xa wilo, x qʼatan le ib ʼ oy.
x at kowin ik x ab ʼano.
kiʼ ri kʼa we x .
kaj il il rib ʼe.
le alix el b ʼik.
areʼ x raj x in b ʼano.
nim we ab ʼ aj.
jeʼ lik u tiʼjo lal ri saq koʼ r.
noj inaq ri kej.
we katijan x u x man katu toʼ tachi u qʼatixik le kʼa kʼy ab ʼilco ronavirus ( 2019 -ncov ).
na nim ta raqan waʼ we ch eʼ.
u tz alaj aj chak, ri w el.
¿ jamp aʼ kuj b ʼepanima qʼij ?
rajawa xik tan el aʼ katchakun w u kʼ.
x u taq ch iʼj pa war amp ulew.
man are ta ria x wan x el ik.
ria wi xx u loqʼ rachoch re nim al.
are ri ixoq x insi kʼi nu loq.
ri ch ʼi ma kʼatʼon na.
laxib ʼan lei chak ?
kʼi tinamite kʼo pa ch ʼoʼj.
kʼo jupuq chi j chiux eʼ ri ch eʼ.
riu x aq riab ʼix are u wa rikej.
kawinaq qʼataj.
la kixpe pa tijob ʼal ?
we kechaj ixtaq le kʼwa jacha kinb ʼij ; jun alik kʼo jaʼ x u qujeʼ sib ʼalaj saq l oloj.
x ret aʼmaj .
ri alab ʼom ri ali tom ab ʼ taj in kikitijoj kib ʼ rech su taq , are kakaj kikib ʼan nima qachi jab ʼ chup am ri kikʼas lemal, x u quje kʼo chik jupuq b ʼixon el chup am ri komon.
la tz ʼ u wach rib ʼe.
kʼa kʼ ria ch ʼi ch ʼ.
qonoj el uj , uj may ab ʼ taq winaq.
noj el qʼij ria tiʼ x kuy u qʼuj le taqaw ajje laʼpa ni kʼaj jaʼ , chiri j ri juyub ʼ ub ʼiʼ te naʼ.
pa qʼom chik risiʼ.
kin tzukun che la.
kakitij le kinaqʼ, lei chaj , leu waʼ lik ru kʼ lej.
xe kanaj kan le aj chakib ʼ.
ket ikon ri achi jab ʼ.
sib ʼalaj itz el ub ʼantaj ik ri ch ʼi la kan.
ri ateʼ k x u mal tyoxij cheri rat iʼt, rumal riu tz alaj noʼjib ʼal x u kʼut chech.
kkamulix u chak riab ʼix.
la x in u tzukuj le tijox el ?
areʼ kachakun ronoj el qʼij.
lee kʼaʼna taq tz ʼiʼ.
saq ri j ri p lam ux.
jas x a qʼiʼox a tijo.
jas ru kʼ x kichap wi u tijik le ri kil ?
we kata tin ru kʼ kʼatan jaʼ man ku qʼatej tale kʼa kʼy ab ʼilco ronavirus .
la katb ʼin paleu xlan b ʼal ?
la war al kʼu x ix waʼwi?
are le nu t at kin loqʼonik.
taj ink chakun ri ala.
kʼo ri kiʼkotem ala w u kʼ.
x u ta jachin kaʼ e k.
xatw aʼik x in wilo.
x tzaq ri rachoch rumal ri jab ʼ.
pale jun ikʼ chik are nima qʼij.
e keb ʼäm keb ʼin pa u wiʼ ri tem.
mem ri achi.
ri wikanchal iʼ y kel pa juyub ʼ ch wi tzirib ʼal.
le raj il, la pa ja xela qʼaxw u ʼ b ʼik ?
p ari su ʼ t p isom wirilej.
koj petik kol qakʼam aʼ.
taj in kat ch ʼopin chiu wach ri ta qʼaj.
le qʼor x ch ʼuq ik.
kʼa xw aʼi maw umal.
kinb ʼi son ch el ewal.
sib ʼalaj kʼokʼ ria wa tz ʼyaq.
kamik x uj b ʼe cheu tikik taq ch eʼ p ari juyub ʼ.
kin u loqʼoj le nu t at.
ch aqiʼ j chik ri chaj.
xy i lix ha way i.
na x naʼtaj ta ch kech ix eatin ik.
ru kʼ kʼu waʼ we riʼ, ri ix kkʼojiʼ junutz alaji kʼas lemal riʼ ch kiwach ri winaq cheman e kʼo ta iw u kʼ , kʼate kʼu riʼ man kʼota jun winaq riʼ rajawa xik chiwech.
e petinaq pa b ʼele rachala xik.
kakaj le akʼalab ʼ ke waʼik.
x u jch ʼayb ʼik.
ri nu chak are qʼaxel tzij.
kʼo naru xlab ʼ ria waj.
taj ink el loq, ri qʼij.
x u qʼiʼox kamsa x ri rach alal choch.
ri nu mam are kʼo u qʼinom al.
x kʼul mataj jumul , x ub ʼanjun nim alaj jab ʼ , man xb ʼeye taj ta na x u kʼis le uy uqʼ chike.
am aʼri nu tz ʼiʼ.
je waʼkat petik.
x in kosik rumal x in chakun ik
iwe ch chi jujunal, ri wa.
x u qʼiʼon a x atatin taj.
in riq taj inaq p ari kʼay ib ʼal.
na we t aʼm taj.
kʼa x le nu qʼab ʼ.
u tz le x ub ʼij le achi.
kematz ʼib ʼ.
kʼo rach alal pa tz ʼoloj ch eʼ ri p eʼ l.
ronoj el waʼ we jastaq riʼ, x as ksach wi u wach waʼ ; ru kʼ we riʼ, ri ix, rajawa xik che kʼo jun tyoxlaji kʼas lemal e kkʼojiʼ ri i ch ʼaw em ru kʼri dyos,
x muq taj ri pa tz ʼan .
ri ch ʼi ch ʼ tzijom kanoq p ari u kʼolb ʼal.
man kʼotau cholaj pataq ria w uj.
jachike ikʼ leu nima qʼij le tinamit na wal jaʼ ?
x epetik xol kikʼam aʼ.
kachu qʼ chu t ri jaʼ chi apam.
x in b ʼij iwir chi xeb ʼe pa armita.
areʼ u xeʼ ojertzij war al kʼi ch eʼ ub ʼiʼ.
x kʼisri nu siʼ.
jawi xkib ʼij wichi keʼewi?
¡ xa je kʼu riʼ, jachin taqrie kʼo p ari judeʼa, chi cha nim ch eʼ anim ajub ʼi pataqri juyub ʼ,
kʼa kʼri ab ʼ .
la kʼo jun naka kʼoxo majtaj ?
nau tz taleu tʼi som le alma riy.
man y aʼtaltaj chi a we katok pa ja.
jeʼ, xatu tzukuj.
are kel waj x aqib ʼ u qʼij rix kʼojik.
ri x u n kur kkʼojiʼ pataqri triko.
x in sach ik.
x u t ʼuy ub ʼaʼ
nan u tom tal etzij …
wach ʼom ri kiwari noʼs.
e kʼo job ʼ ch ʼi l wakʼ.
rajawi xik chi pataqri tijob ʼal, pa ni kʼaj ub ʼixik chik
ri rajaw r ulew areʼ t at kel.
we kʼux okik, we kʼna xok ta
we achi x u sipaj jun p ʼot ch we.
at at u taq oʼn le qʼataltzij .
na qʼantau wach le qa prut.
ri x aʼ r kʼo pa u wiʼ ri qʼaqʼ kp oqʼowik.
ri roqʼej ri ali jachak p e jun akʼal.
kʼo junala pa tijob ʼal.
säqu wiʼ ri t at aʼ.
ri w itz ikʼ taj in kpe loq.
jawi x sachon wikan uy aʼik le p waq che.
u tz we achi we x in kunan ik.
qonoj el kuj waʼ pa u wiʼ ri mex a.
ri ka x laʼn ik man p oqon taj.
in x in b ʼe ru kʼri wach iʼ l .
sib ʼalaj jeʼ l xkilo x e kitzoqopi j ri kich ij ch ilaʼ.
kinb ʼinik x inʼek.
kʼa x kʼolik, kach aʼ.
ku tij ixim ria kʼ.
ri alix ch el, x u qʼiʼox a juna kʼ x sipa x che.
x qasi kʼij le ixoq chu tz akiksub ʼ.
mat a x ab ʼ insaj le ch ʼi ch ʼ.
ri p ix tz ʼar alik rumal rie qaʼ n .
¿ jamp aʼkel chi 3%
kʼo jun nu kʼotoj ch iʼ aj.
taj inke waʼkat ri alab ʼom.
x in loqʼ len u kʼa kʼapoʼ t.
nau tzakik ta sub ʼ taj in ku ʼano
xoj u taq ch iʼ ij x oj waʼ ik.
iwe ch riab ʼix.
saq ri j ri chi j.
aj sik cheri tinamit kel wiri t at aʼ.
- ¡ ay ! x a x in tzaqu loq , kʼa x we waqan .
x kʼul mataj pa jun komon ch iʼ u wach jun juyub ʼ, x u riqa jun qʼij xkiriq kib ʼ jun i mul ru kʼ le kok.
jas x a taq ch iʼj lea kʼal chu tijik ?
x in chapo su x u loqʼo.
qʼinom ri achi.
ri kʼum ktijow ru kʼ kab ʼ .
taj in kejach ʼan ik.
tz eb ʼal u kemik le pa sa w umal.
are kay oʼw leu ch ikopil leu b ʼantaj ik trypanos o mabrucei.
we kat niman ik u tz kelik.
pero noʼjim al petnaq loq,.
are le nu chak juntzuq b ʼal wib ʼ.
xkuna x leya wab ʼ rumal leaj qʼij.
riu kʼuʼ x tz ʼib ʼ pa qatzij e lajuj.
sib ʼalaj jeʼ lik rie qab ʼal x ub ʼan ri lu ʼ s.
sib ʼalaj atkon.
e man x ori jupuq kej.
na x naʼtaj ta ch ke x eatin ik.
ri kʼam alb ʼex ub ʼij chike, chi maj ari anim.
jumuch ʼ ri nu junab ʼ.
qʼip t aj inaq ri raqan ri tem.
kchakun ru kʼri josb ʼal ch eʼ ria jan el.
xa taq ch iʼ j le akʼal chu tijik kar.
oj kʼo pale roʼ ch le awel.
¿ la katpequ kʼ ch weʼq ?
le winaq pale ch ʼi ch ʼe t ʼuy ul lo wi.
x kanaj kanoq chiux eʼ ri jab ʼ ri ch ʼaʼn.
nim ri ja.
we ta x a kunaj le at at mata xkam laʼ.
nan u kʼamom tu ʼ la riʼ.
ch qanu kʼuʼ riqatzij.
kimb ʼe pale tinamit.
x in qʼiʼo na x inatin taj.
rajawa xik kakʼaman chawe leu tijik lelej.
kʼisb ʼal taq noʼjib ʼal.
