xi ne ʼ waʼoq.
xkib ʼan kʼa x che le uw o saq rumal man utz ta chik akay ik.
ri qʼutu ʼ m man kech talea kʼalab ʼ.
are nanim ta lea tz ʼiʼ ch uwa ch len utz ʼiʼ.
xe pet ik xol kilaʼ.
¿jaw chiʼ xa taʼ che x kam riu mam ri po ʼ x ?
e keb ʼ ke kʼam b ʼik patuj.
x in loq ʼ jun japa ri w okajja.
ria xtu ʼ b ʼ, kʼo qulaj chech.
jas ka raj kaʼan chu tza kik leti ʼij.
xu tij lewa.
xim b ʼal retzi j.
x pa x ri b ʼo ʼ j.
we kawa j kat into ʼo x aqx uwi kab ʼij chiwe.
jas nu kʼu ku chʼob ʼo.
jaskara j ku tijo?
xe x ru x lab ʼ ri ri kil.
e nitz ʼa ʼ qleta qimul.
we tane in x in b ʼanow ik, are le ate ʼ k xb ʼanow ik.
kin tzali j pale nu tinamit.
rinucha qʼ kʼo pa uro ʼ qʼatoj tijo nik pa ri tijob ʼal.
x in xiʼ j wib ʼ x in chʼawik.
kʼo chwa ro ʼ ch lepare.
chi raqan kab ʼin wirit ataʼ.
x sa chonk anu yaʼik lep waq chechoja.
x in qʼax chiki xo ʼ l ri winaq.
keti konik.
ri u lew man qech taj, kech ri qatiʼt qamam.
xe pele winaq xol kikʼamaʼ.
xu loq ʼ ri w uj rumal riali.
che we qʼij kamik kʼo jun nutzi jo nem chirij le nu tinamit.
kej riʼ.
x kuna nalaq chwe.
kin u si kʼi j len unan.
ri imul xu chʼi j taj, x kanaj pa b ʼe , rumal ri nimal kuja luj rii mul, x utzaq ri anim.
kub ʼan riu xo qʼo ʼ l ria j tz ʼaq.
ri la sib ʼalaj utz che kunab ʼal.
kʼiki wa ch rie ʼ aj chakib ʼ pa ri komon tyo x, kʼate kʼut xa jun chia jaw xel;
x qa ta chix atulik.
kawaj chik atʼek.
chʼuti ʼ n kekanaj ri x aj ab ʼ chech.
kaqa xiʼ j qib ʼ kaqa chapo.
e kʼo keb ʼu kʼa jol let at x wan.
lu ʼ sub ʼiʼ ri re cham.
aj chiu wiʼ miq ʼin jaʼ ri lu ʼ.
x inyak an le nu chimpa kʼa ybʼal.
kʼate x ri lo , x p eri una n che utzu ku xik, xki kotik, xu salab ʼi saj ri taq u xkin.
xki kʼut chi uwa ch ri aj tij xu qujeʼ chikiwa ch ri taqni kʼaj kachil.
utz lenu qʼab ʼ.
ku lleal we ʼ l pa a us tincha qʼab ʼ kamik.
ria te ʼ k x tzaq loq are chi kʼopa u wiʼ ri qʼaʼ m.
aj patan ri teʼk.
xat qaj chiu pam riil.
la kʼo tzi j naki kʼo xo maj taj?
x sa chonch ke chi xeat inik.
rono jel leu lewe chalaq.
la xeb ʼe kʼula xe ʼ kij aqa kʼu leu chiʼ ja?
x aqkat chʼok na jiwi r.
kamik kʼo chirij as taqawe.
are chiʼ ka kʼi s ri jun ab ʼ kʼo qʼi nom.
pan awalja ʼ x inale xik.
na xin tataj we are ria kʼal ki x tzu quwik.
¡ ru lew ri sab ʼu lone ru lew ri nef tali, ub ʼ eri polow , ru lew ri jord an, galile ʼa kech ri je taq ama qʼ !
ra x, ra x, ra x, kʼo kʼ, kʼo kʼ, kʼo kʼ le ru x lab ʼ le taq ti ko ʼ n.
a chix atwilo.
paqal raj il lepi xkamik.
xoj b ʼi nik.
pa jun je ʼ l tijob ʼal ku tijoj ri b ʼ jun akʼal , ub ʼiʼ po ʼ x, utz kuri lo ke pa tijob ʼal rono jel taq qʼij.
xwa j chix atʼe taj.
utz la ʼ lex ub ʼij lea chi.
wetaʼ am jach in kape tik.
kin qʼo jom anik.
x in qʼiʼ ota kʼalik x inp etik.
are ʼ reta ʼ m cheki nop anik.
are tab ʼaleq aqajaw chat to ʼ wik.
ka winaq wa qib ʼ qʼataj.
na qaj chik cheri uwa qkaj b ʼal are taq chiʼ ksa ch uwa ch ri qʼij, kok ri qʼe quʼ m ch uwa chu lew , chi kʼate ʼ nari b ʼe le jeb ʼ kaj b ʼal .
job ʼ raqan ri tz ʼalam xeporo xik.
sib ʼalaj ko ri j ri mop.
are waʼ.
jela ʼ pa ri ti minit chwi kab yok rech xela ju ʼ, le qan anqat at kaki tikoje ʼ la laj taq uwa chi chaj.
kʼa x nu qul.
xu ʼ lu kʼam aʼ.
koj ul ki tzu ku j.
are man kʼa x ta u kuna xik are taq aninaq kaʼil i taj weya b ʼilal xu qujeʼ mojo ʼ qa ku yaʼ le kʼa x kʼo lil che ch le jo lomaj.
ri wel kʼo pa tijo nik.
kawaj kinb ʼi j.
ri ko tz ʼiʼ j kqa koj chiu pa mrija.
qʼe q qʼoj ri j ri ama ʼ ke j.
na xwa j taj x in chʼawik.
ch pe tab ʼale lo qʼalaj jab ʼ.
x sa chonch kexat kisi kʼi j.
ele qʼal chʼi chʼ.
jach in xawi lo chi are x tijow rit iʼ j?
mata kab ʼe le nu xb ʼal pale tinamit.
p im ru q, riali.
¿ kʼo ri mu qʼe chia we ch ?
kqab ʼij man keko win taj.
kin ti j na.
kʼo jun qat ʼu ʼ y paja!
kʼop uj chiu pam ri chʼaʼk.
are taq kinko sik kinwa rik.
xat waʼik xin wi lo
in x in chʼa yo w lea chi.
kono jel ri ala xik ke ʼ etz ʼanik.
jas ru kʼ xki tij wile kiri kil ?
an ina qil kat pe tik.
naraxta uwa ch le juy ub ʼ.
ri tz ʼalam tz ʼib ʼab ʼal raxk kay ik.
we chat chaku nik, kʼo awa.
ma ʼ tam xat pe cheri waʼim.
kamul kin waʼ na.
ri sik il k tijow ru kʼik.
kimb ʼe a qʼan ru kʼ leal talin.
xo jʼe k xe ʼ qil alarqas ok.
xeki qʼil le aj chakib ʼ xki w ok leja.
ma tane xwa j le kʼu hj nem ru kʼ leate ʼk.
are xe ʼo pan chiu chiʼ ri j uy ub ʼ, xki lo chimanq as ta kʼo qʼayes.
kʼate kʼut, ri jesus man kko jon ta ch kech rie ʼ are ʼ , rumal rech che kono jel reta ʼ m ki wa ch,
pa ʼ tz ri j ri tz ʼiʼ.
ju winaq wa qib ʼ qʼataj.
atela qʼom.
xa qa tjo ʼ s.
ri qʼatzu, are qʼalaj riu qʼij il.
aj chak we ala.
ub ʼe le ju kakʼal taqanik (29).
keb ʼ nub ʼiʼ kʼo lik.
l aka tz alij lu ʼ la aninaq?
katzu kun la chwe.
la kaj la koj b ʼe ʼ pale chomal chwe ʼ q?
x in nab ʼe j chu ta sik qa kʼo lib ʼal.
lal xin to ʼ wik.
sib ʼalaj ano ʼ jib ʼal .
xo j pet ik xol qa kʼam aʼ.
sib ʼalaj je ʼ lik riu waʼ l rii chaj.
kʼa xwi j rumal in pa chalik.
are taq xu kʼul maj waʼ xu l riu chomanik xub ʼi j : are utz waa qʼab ʼ ki nwali j ik, are chaʼ cha nim kino pan pa tijob ʼal , maj chik in kʼu lmaj.
oja j xo jol ob ʼ pa a was qʼij.
x in sa ch che leu w okikle tzi j.
e julaj uj riakʼ.
xu taj ampa ʼ koj ʼek.
qil ik.
ri tijo xel man are ta nim ch uwa ch ri raj tij. ri utz tijo xel qasje riʼ kʼo lik jas ri raj tij.
in xatin chʼa yo.
no ʼ jim chak w umal.
chʼu rrijo chʼ.
ink inb ʼij na katsach taj.
uj ma yab ʼ.
riab ʼaj yatzalik.
taj in kepi xb ʼax ria kʼalab ʼ.
chom riaq.
xi n wa rik.
elemen kono jel ria kʼalab ʼ.
taj ink qʼanarik ri we re ʼ aj.
leu kem ik le pa s utz (chawe).
xuy u p ub ʼa uwa ch ra ʼ chi, ka chaʼ,.
ri satana sk ok pa ri juda srik b ʼix iska riʼ o tech rech , ri are ʼ jun chki xo ʼ l rie kab ʼ laj u j.
chu chu ri pa r.
kinqum uj ri nu jo chʼ.
chech pun ción lu mbar ama qʼ el ra jawa xik chech ri lik leu kʼe xb ʼem wi le nab ʼe ru kʼ le ukab ʼu kʼut u nem ley ab ʼ ilal.
qʼalaj chinak awaj taj kab ʼi j.
kʼo qʼol chirij risiʼ.
jawi xo jʼe wi chu loq ʼik ?
kʼo u lo chʼ ri talin.
qʼan ri j ria tiʼ tnu ke j.
la x tzali j la iwir?
xe si kʼi xik , kʼate kʼu riʼ xeya j ik, xu qujeʼ xe taq b ʼi cheu si kʼik lemes.
la ki x warik?
are kʼu lepa loma x xub ʼi j che :- mam katb ʼi son taj, kinsi kʼi j ni kʼaj wa chiʼ l kera pa p ik.
a ʼ re e tijo xel ab ʼ.
ri alaj ali siʼ l xub ʼij x qa chappa utzal ri tyox.
x sa chonch ke jach in xeat inik.
jas x uray ij le anan xu tijo?
xi n ko sik.
ra x rono jel ri qʼay es rumal lej ab ʼ.
kin ya waʼ we chʼi chʼpi nem nautz.
no ʼ jimu pa chʼu xik len u wiʼ.
naj kʼo wi lew o ʼ ch ch uwa ch le tijob ʼal.
rio kib ʼal kʼo chi uwa ch ri saqja.
xe nutaq chʼi j ke kil lea kʼalab ʼ.
kʼo jun qʼoxo we m chiwe.
tza ri choʼ m.
we choj b ʼe pale nima qʼij, ke qil le aj xo jo lob ʼ.
xo jʼe k xe ʼ qil alarqas ok.
ria te ʼ k xu taʼ chech ri nan to ʼ n :- nanjas che ʼ chiman kaj talaqa kʼati saj ri jo ʼ q.
ri pal sib ʼalaj xu ʼ y.
kin koj ri jok b ʼalu lew.
ink inb ʼij na katsach taj
a traj kun len unan.
ku qam uj uj oron ria j tzi j.
lu ʼ tz ʼalam ub ʼiʼ ria chik el pa nim cheʼ.
je ʼ li ku tiʼ jol al ri saq ko ʼ r.
kʼo jun xaʼ rpaja.
x in loq ʼ jun kʼa kʼpatan.
kʼa xu kemik le pa saw umal.
aninaq u kem ik le pa sa w umal
ri chʼa ʼ nsa chi naq pataqab ʼi x.
ra x taq leko tz ʼiʼ j.
meso m kanoq riu p amja.
man are ta rala xko sik.
ri komon xe ch pup rech u qʼab ʼ tinamit xo ʼ lab ʼaj rech qʼumar ka j.
la utza kik kʼu sub ʼ taj in kuʼa no?
katel a!
na xu tij taj.
xa rumal ketaʼ m kono jel ri winaqk kiqum uj lej aʼ.
i wir x uj tzali j la pa kʼay b ʼal.
qe taʼ m cheri qawa kuj uto ʼo.
ria j tij, kya jon chi kech ria kʼalab ʼ.
jas ub ʼanom len u chʼuti tat?
chwe ʼ q kinb ʼe pa nim tinamit.
utz we ki wetaʼ maj jas kub ʼij ri chol b ʼal qʼij.
taj in kat jil ow che u qʼo xom jo lomaj.
x intik qʼax chi uwa chrija.
kʼa x le kib ʼ ele winaq.
loq ʼ kat kuntaj che le yab ʼil ( covid - 19).
ri nu xib ʼal kel pa qaj b ʼal qʼij.
x ril ria x wan chix waʼ ri ala.
leal ix kunataj ik.
wetaka pele j ab ʼ kamik.
x in weta ʼ maj chi naxat pe taj.
ri p waq rech we qʼataj riʼ kesa x chech ri toj b ʼal kʼay i nem.
kti j ri u waʼ lik rumal ri ki nima qʼij.
xu chapu kuna xik.
chatan loq ali.
x in xu liʼ qajoq.
je ʼ lik k tijow ri taq iko x.
kʼate kʼu ri letat xo ʼ r xub ʼij, man kawa j taj , man kawa j taj.
kʼo jun tz ʼiʼp ab ʼe .
kamul x in pe chea tzu ku xik.
man taj in tak in chaku nik.
kinchaku nik rech kat waʼik.
jas ru kʼ xa wil wi chix kiqupi j wileti ʼ j.
jas ub ʼi xik … ?
koq ʼ ria kʼal.
kawa j nakat ʼe taj.
xat qʼaj ik.
wem na cha lo qʼaxi yal, na kimb ʼeta awu kʼ.
xo pan lew ujaw u kʼ rumal we chin.
are kʼut pale juy ub ʼ k kʼi y jo ron, chi la ʼ xe ki kʼama wiri j aʼ ri winaq.
koq ʼ ria kʼal.
we kʼo ara j il chak ʼama loq.
are sib ʼalaj kaq lea po ʼ t ch uwa ch len u po ʼ t.
x in kʼas taj pa kab ʼ laj uj kaj b ʼal.
kaqoy ʼe j naki x pe taj.
koka xim ri chi j xa jela ʼ man ka nima j tab ʼ ik.
ri kokno j im xb ʼe k, xu chʼi joxo pan pa u kʼi sb ʼalil le anim.
xo j kiʼ kotik are taq xatu lik.
kaqi tz ʼ na j ri ux aj ab ʼ ria kʼal.
ri jesusk waʼ kat pa ri nim rachoch rid yos, chu xe ʼ ri jun jache rachoch ri sa lomon.
we taqanik riʼ kub ʼi j chira jawa xikk yaʼu qʼij ri winaq xu qujeʼ kto ʼ anina qil.
ria x ux are nariu ku nel ri kina qʼ.
are taq waʼ ri u qʼi jol we taqanik.
kʼo jun tab ʼal pa u wiʼ ri x kanul ub ʼiʼ laj uj no ʼ j.
yuʼ lub ʼanom riu ko lob ʼ ri ke j.
xa nima j ria kʼal chi uwa ch riu chu ch.
k kunan ria chi.
kin waʼ ik rech nak in yo wa j taj.
aj xik chʼi chʼ rilu ʼ s.
kwa j chei xki xb ʼanow ik.
a ʼ re xe to ʼwalaq.
xo jʼe k xe ʼ qil alarqas ok.
x in loq ʼ jun chʼi chʼ, qaj inaq uwa ch.
kut ʼi sripanta lon.
e j ani pale awal kʼwale kʼol ik?
u tzu kem ik lepa schawe.
rima x are aj qʼani yaʼ.
mata b ʼa chiriq kʼa x pale b ʼe.
taj in ka nima j , ri me ʼ s.
i xi xe ʼ la qʼoma b ʼ !
x sa chan chwe.
e kʼo kʼi cheʼ, chi uwa ch ri juy ub ʼ.
are waʼ ri nimalaj pi xab ʼe are waʼ ri nab ʼe.
x reta ʼ maj chi ru kʼ pa kʼkuti j wi
jas utzak ik le sub ʼ xu ʼano?
aj xo ʼ y ri wikan.
we tane aʼ re xe tijo w le ri kil, are le komon xe tijow ik.
sib ʼalaj aninaq ka chʼa w le are ʼ ch in uwa chin.
utz we kinchaku j.
m eʼ sla ʼ.
kʼo kanwa rech kaqa tijo.
xi n sik ʼij la.
ria kʼal x sa ch ka noq jel aʼ pataqʼaj.
xe si kʼi j la.
jawi xkib ʼij wi chike ʼe wi?
rumal che, man ix ta riʼ ri ki x chʼa wik, are ri ru x lab ʼa xel rii tat riʼ rik chʼa w nai w u kʼ rii x.
kʼa kʼ ri wa choch.
sib ʼalaj utz kin wil lea tz ʼ yaq rech na huala.
saq pork kayri kipo ʼ trinan.
x sa chon ri n uchak chwe.
waʼim xu chapo.
ri qʼaqʼ taj in kaj u luw ik.
naj il u pam ri siwan.
e kʼo riqachal al pa chiu wiʼ la.
jas xa taq chiʼ j le akʼal chu ti jik?
no ʼ jim u kemik le pa sa w umal.
kʼo jun ku kub ʼiʼ tintin, waʼ le laj ku k mam ka je qitaj, ka pa qika xu lik pa u wiʼ u qʼab ʼ taq che ʼ, sib ʼalaj sa kʼaj , ke ʼutol ee nima ʼ q, chʼu tin, ra chiʼ l, aj sipa nel sib ʼalaj utz ra nima ʼ.
ri u pi xab ʼ le qʼatb ʼal tzi j ki yaʼub ʼi xik.
na x sa chon tach ke xeat inik.
xe qil le chik opp uw ileja.
x lo ʼ taj ri akʼal.
qono jel ku j waʼ pa u wiʼ ri mexa.
xsik ir lewaqan.
laxat waʼ kʼut ?
nim ub ʼaqʼ ritulul.
kin xi kʼi kʼik xin qʼa xik.
la katb ʼe pale tinamit ?
ri pal sib ʼalaj sa qʼor.
k qʼoxow nu ja lom.
x in na ʼo chik at pet ik.
x loq ʼu lewi we chix.
x in chakun ru kʼ ri numam.
na x qab ʼantaj.
k kʼo jiʼ b ʼaʼ ri usipa nik ria jaw xel jesusk ri s to ru kʼ ria w ux lab ʼal !
kin chʼa w ru kʼ len una n pale chʼa web ʼal.
sib ʼalaj qʼe quʼ m rumal rima yul.
are leba xu lik.
xekos lei xo qib ʼ pale b ʼe.
kʼa x ri lik le akʼal chawe.
x inqʼi ʼ oxi natinpa jo ron.
sib ʼalaj nim le tinamit.
kʼa xu kemik le pa saw umal.
xi n sa chik.
taj in kelu kikʼel pa raqan ri tz ʼiʼ.
x in weta ʼ maj ri lik wib ʼ
ri qʼu qʼ are jun je ʼ l chikop.
kʼo pa ja tijob ʼal ri wikaqʼ.
ri sa chib ʼalmak raj wa xik chi qa xo ʼ l.
je ʼ, kimb ʼe k.
je la le ʼ ri nup wiʼ.
x ub ʼij che :- jas xab ʼano tintin?
kab ʼan jun to qʼob ʼ kyak rin uj al.
kat ʼek x inta.
jas leu kʼe xb ʼem ri b ʼ le jun ru kʼ le jun chik?
aj chiu wiʼ miq ʼin jaʼ ri lu ʼ.
ri ti jon el naj k pe wi.
te ʼ kix chob ʼ ub ʼiʼ ri nutat.
ri j aʼ kami qʼik chi uwa ch ri qʼaqʼ.
rit ʼu ʼ y k pa qʼowik.
kin me son na.
naq aj at kʼo wi chi we ch.
x in b ʼi son ik taq na xat pet taj.
wex kam ri winaq, ri p waq rech toj b ʼal ma kaj k yaʼ chi kech ri ra la xik.
ri nun an xb ʼe pa kʼay b ʼal.
xo ju kʼamu loq rech koj ri lo
x kʼo to ch in chikiwa ch chik in waʼaw u kʼ.
na xki kamsaj taj xki kʼam b ʼi choja.
kʼa kʼ ri ikʼ kamik.
x imb ʼe ru kʼ leaj kuniwi r.
ri lik.
letz ʼiʼ xeko sik.
x in ki ko taw umal.
ri imul xu maj ri anim, x uy akan lek ok.
kʼo oj che riak ʼal.
x uj b ʼe pa jun kʼula nem.
utz we kwa ralaq.
kaqi lo chinak oju kʼam taj.
x reta ʼ maj chi ru kʼ pa kʼ kutij wi.
sib ʼalaj x in kʼa ʼ narik.
x in kochi j ri nuwa.
man kat ko win taj kat chaku nik, we man kʼo ta ria j ilab ʼal.
wew onon x ub ʼij chik e :- kix into.
ria la nim k ri l wi riumam.
x kaʼ y chirij, x kaʼ y ch uwa ch, ma kʼo ta chi jun ksi lob ʼik, xo qʼik xu xe ʼ j ri b ʼ x chʼop inik x tzali j loq xu ri q ta chik riub ʼe .
kʼop us cheri wa.
p i nem na kab ʼe le wa tz, kimb ʼe wi in pa kaʼ y i b ʼal .
rinanto ʼ n nim winaq chik, sa quwiʼ, rono jela qʼab ʼutz kuna ʼ okat ʼ uy iʼ pa u tem, kumi qʼi saj ri b ʼ chori qʼij, kʼo jun u wiʼ u mam ub ʼiʼ ate ʼ k.
mane kʼi taj riqul aʼ.
qʼalaj chinak awaj taj kab ʼij
x pa qab ʼi sax raj il rono jel ri kem.
kʼo pa ri jul ri kuma tz.
rono jel qʼij ki n chʼaj len uwa re.
saq chik an lei chaj rech ka tza ko.
chu xele qa chomal kaqatij wi jun qam e qʼi n.
chawi laʼ.
e kʼo job ʼu miʼal, ri nutat.
jas ru kʼ xa wil wi
je ʼ jas ri winaq rech ri uwa chu lew , xo qujeʼ ke pe na riʼ rie ʼ are ʼ che e rech ri uwa chu lew ; je ʼ jas ri winaq rech ri kaj , xo qujeʼ ke pe na riʼ rie ʼ are ʼ e rech ri kaj.
xi n tijo.
k tz ʼu juw ri ra choch ri po ʼ x.
xu qʼiʼo are leu kʼul el x yaʼow uwa.
ria wel x reta ʼ maj chi ra jawa xik man kux ej ta ri b ʼ cheritu ku r.
ju kʼulaj winaq xe ʼa nima j b ʼ ik.
je ʼ , xin tzali j ik.
xo j pet ik xol qa kʼam aʼ.
maj ja chin x ʼek.
ina j tij ; attijo xel.
sa quwiʼrita taʼ.
we ch ri kem.
lero ʼ ch le ate ʼ k kʼo chwa ch leu kʼay len unan.
kb ʼe pa ri si riʼa e pa ri si li siʼa, jawi je ʼ kuya wiri kichu qʼab ʼ ri komon tyox.
p i xab ʼ : man utz taj kʼa x ku j chʼa w chikij ni kʼaj qa chil.
x kuna taj le ali( kumal rii xo qib ʼ ).
ri xib ʼib ʼal chi kʼo wi pataq ri qa kʼa slemal rono jel qʼij.
nak uj w art awa ral.
on chek kʼo j iʼ ri utzil chi xo ʼ l, arech junam ri qa kojo nik , junam rii we chix ru kʼ ri we chin.
pa o x qʼij ri sa ʼ n kb ʼe na ru kʼ ri aj kun.
ka winaq wuq ub ʼ.
jas ka waj ki nti jo?
weta xatb ʼe w u kʼ pale tinamit , xa lo qʼtal aʼ leujas taq lea kʼa jol.
keb ʼe pa waʼim.
x in loq ʼ kʼi wa.
pa jun nim kʼa che ʼ laj , kʼo jun kʼ waʼ sib ʼalaj saq lo loj , nim uwa ch.
kwaj katij jub ʼaʼ wa.
rono jel winaqk ri l nari u ko lo nem rid yos ».
x kʼo to ch in chikiwa ch chik in waʼaw u kʼ
kwaj nakat ʼe taj.
la xa loq ʼ jun alej ?
e kʼo rie lo qʼo manel.
ri ukab ʼ ub ʼiʼ ri numam are ya y.
kinjo pi j rii ja ʼ rech triko.
x naʼ taj ch ke xe atinik.
xa te ʼ qil aʼ.
kaki tij alan xa x ri winaq.
. . . kinb ʼi j chi are waʼ sinx iʼan.
na x in nab ʼe j ta chuta sik qa kʼo lib ʼal.
rumal rech chew eri in, ki n chʼa w ru kʼ rid yos pa chʼab ʼal , k chʼa w na kʼu riʼ ri w ux la b ʼal ru kʼ ri dyos, kʼate kʼut man kʼo ta u patan riʼ ch rech ri nu choma b ʼal .
xe pet ik xkilo.
xu tawe katʼek.
u tzu kem ik lepa schawe.
ri nuwa ka x xu tij jun qʼo qʼ rumal riʼ x kamik.
rumal ri kʼi x, man ke waʼ taj ri winaq.
xe ʼu lik.
qʼe qrij ria ma ʼ chij.
x raj kaʼ eleunan.
junam ki junab ʼ.
na qʼalaj taj wekaʼek.
ri wix nam chʼaj chʼo j ri rachoch.
wa ral man kʼo taj aj awal.
nai wir ta x ril le kʼamol b ʼe.
x in pe loq te kʼu riʼ x in tzu kuj rono jel ri nura jil.
ria j ti ko nel ku tik ri tzi j.
kʼo e ki kʼa jol lea chi j ab ʼ.
kutij qʼayes rii x pa ʼ ch.
pa ri waʼ b ʼale kʼo ka winaqa chi j ab ʼ.
sipo j ina q ri nup am.
ka yaʼtaj ik ru kʼu tiʼo nem jun riu ri qom le yab ʼilam olot set séxu qujeʼ are ka yaʼtaj pataq ri juy ub ʼ.
ja chi n ria chi?
ri numam x kamik are taq kʼo ju mu chʼ laj uju junab ʼ.
kinko winik ki n kʼam b ʼilep waq.
kin wi lo chi utz ria jiʼ.
x in qʼil ria po ʼ x che man kachakun taj.
k waʼ chi uwa ch le taqʼaj ri ama ʼ akʼ.
ri imul xepo qʼik pa jun ikʼ.
x kʼi skanoq riqa chak.
are ria li xoj ilo wka noq.
sib ʼalaj chʼu ʼ j ri ama x.
kʼon uwa chiʼ.
in chaj inel kech lea kʼalab ʼ.
xeko sle tz ʼiʼ.
kinb ʼe na ku kʼ ri molaj.
rono jela qʼab ʼ ki nyitz ʼ riwakax.
kara p inik xu tzu kuj chi jun awaj.
le u kemik le pa sa ninaq (aw umal ).
ma jura jil le qʼab ʼ arel.
kʼa x riʼ ri ka chʼa wik.
xo jutaq chiʼ j lea chi chu loq ʼiki chaj.
sib ʼalaj kʼa x ri x kʼul ma xik.
xki lo chinak in kʼo xo maj taj.
x naʼ taj ch ke chi xeat inik.
x kʼoto chin chikiwa ch chi xo jal w o ʼ q aku kʼ.
jun qʼu ʼ qraj il ri kax la ʼ nwa.
x in wi lo chi xe ʼelik.
e kʼoi xo qib ʼ pale kʼay b ʼal.
man kʼo taj u kʼi sik rima yab ʼaj lab ʼalil.
risink kʼi y pa taqʼaj.
ri chʼi ma man k kʼi y taj pataqʼaj.
ra jawa xik kj ik ik ri waqän.
kawaj kinʼek.
e kʼoo xib ʼ akʼ.
xub ʼij chwe jawiat kʼo wi.
chwe ʼ qk uj b ʼe ʼ pamuquj.
pa saq kʼaja ʼ kb ʼan wiri uq.
xoj ki sik ʼij.
xi n w il wib ʼ.
cha qʼ chik ri wa.
kimb ʼe naka pale w o ʼ ch.
kawaj kinʼek.
ri chʼu ʼ ktij ru kʼ le j.
pa ri ki qʼij kamina qib ʼ kb ʼan qʼo ri kʼ yaʼ rech aj : nab ʼ eri nan ku tzu kuj kan riaj, kuja chʼo ʼ xu quje ku kʼe to.
jas kaj b ʼal cha nim?
u tzu chomanik riali.
pa riqʼi jox laj uj tija xkin kʼi s keb ʼ jun ab ʼ ki n chakun wa ral.
sib ʼalaj ko , ri kʼa kʼ chʼat.
jas karaj kub ʼij … ?
ri chʼi chʼk as ilab ʼik.
pa oje rqʼal pul x aq xu wiri nim winaq ke kʼamo wb ʼe.
le u kuna xik le ukab ʼu kʼut unik are ru kʼe flor ni tinao nutu nib ʼaxik le ni furtimo x chiʼ le flo rnitina chech t.b. g.
are ria chix in chʼa yowik.
juna chiub ʼi ku ʼ xu sipa j keb ʼ kʼa ʼ mu lew rech kab ʼan ri tijob ʼal , kamik , kʼo chik aj tij rech ri komon xe chpup.
xu malt yoxi j cheriaj tij rono jel le xu kʼut chi uwa ch.
pa ri b ʼe xki raq jun alaj i mulsaq ri j , xki kʼam b ʼik.
x ril le b ʼale ala.
jask ub ʼij chwe ?
leu kunatajem are ru kʼu tzu ku xik le uchikop il pa jun u solik u xe ʼ le ki kʼo n le ja ʼ rech jun no do.
utz we nutz ʼiʼ.
je ʼ , taj in kachapo nik.
kinul o qʼoj len utat.
kawa j kimb ʼe pa tinamit.
arel aʼ kinchaku j.
ri nima ʼ q taq winaq kʼo ketaʼ mab ʼal.
weta xatb ʼe w u kʼ pale tinamit , xa lo qʼ ta waʼ we jas taq.
ri kikʼa slemal. wai ximu lew xa jun chima are ta tinimit rima
ri u kʼ yab ʼal na jupam.
xat qaj chiu pam riil.
noj im kat waʼik.
we kʼo junk tu qaʼ rik, ¿la man xo qujeʼ taj ki ntu qaʼ r ri in ?
ojoj w okolja.
awa skb ʼan kʼa x che jun nim winaq.
x in chʼa wa pan ru kʼ lew an ab ʼ.
kʼa x riu pam ri ju ʼ l.
taj in ke waʼ ri imul.
la kaj lak uj tzali j la aninaq?
rumal rech cheri ma kaj man kʼo ta u ko wi nem pi wiʼ ri ix : ri ix man ix kʼo ta chi chu xe ʼ ri pi xab ʼ, x aneix kʼo chu xe ʼ ri sipanik.
nim raqan le cheʼ.
xi n chapo.
are letu ʼ r le loq ʼom anel.
x as kat kʼo jiʼ chiu pam ri chʼi chʼ.
sib ʼalaj nim raqan ri kʼamal b ʼe.
le tzʼib ʼab ʼal we chin.
in x in to ʼ w la.
xa je kʼu riʼ ri ix kamik riʼ man ix ka x la n winaq ta chik; ri ix , ix rech ri ki tinimit rie tyo x laj taq winaq , ix rech ri rachoch rid yos.
x intiko x la j kʼali chaj.
kaqari q qib ʼ ch we ʼ q.
sib ʼalaj utz cheri wiʼaj ri tuney.
wena ju pulik ta xe qaj ik...
x into ʼ taj cherinu chak.
kʼo jun chikop ub ʼiʼp um.
po qon riik.
xoj b ʼi nik.
xu chʼek rono jel le retama nik x pa qiʼ k kʼa xk wʼ inik xub ʼanaj kun.
kel ub ʼik pa ri jude ʼa ek tzali j chi ub ʼi ju mul pa ri galile ʼa.
x ina xib ʼij pa b ʼe.
je ʼ l kʼo lem chi awa choch.
rono jel ri yaʼtalil pa we qʼataj , tz ʼaqat kiwa ch, man k tzaq tak anoq xu qujeʼ man ktas taj.
xu kunaj ley awab ʼ leaj qʼij.
chi tatab ʼe j jas le kimb ʼi j.
chʼa nal ria chi.
pa b ʼo ko ʼ kachakun wiri ta x.
uj kʼo pa uw uq qʼij.
kiʼ ri ukab ʼ riaqaj.
kʼo ra ch alal pa tz ʼoloj che ʼ ri pe ʼ l.
xki lo chik in kʼo xom aj.
ri u ki sa kʼu tz kyaʼik chiu xe ʼ ri ti ko ʼ n.
are taq chiʼ ka qʼan pu wiʼ ri ju kub ʼ, ria chi chex kʼo jiʼ ri itzel ux lab ʼal ru kʼ, ku ta ch rech ri are ʼ, are chk kʼo jiʼ ru kʼ ri are ʼ.
na kab ʼantaj taw umal.
x naʼ taj ch ke xe atinik.
x in pa j ri n utriko.
xe ʼ ok ri po kʼ pa riu mex ari po ʼ x.
ka jul uw ria qʼaʼ l chi u xe ʼ rit ʼu ʼ y.
awe ch le ja.
x uj b ʼepa tzu rik.
nab ʼexat opa nik.
ri ukab ʼ ub ʼiʼ ri numam are ya y.
uwa jxaq uka kʼal taqanik (28).
mata kʼo jun ka kanaj ka noq , qono jel koj b ʼek.
e nima ʼ qleal tom ab ʼ.
nim uwa ch ri po ʼ t.
kojo nik pa ri utzi j wai ximu lew.
jas xu kʼam b ʼiletz ʼiʼ xa wi lo ?
xin pet ik, tat.
rib ʼelaj uwa ch.
chi tatab ʼe j jas ri kimb ʼi j.
je ʼ l ku naʼ ria b ʼix chiu pamriququ lew.
kinb ʼi so j uwa ch lew al.
xu t ʼ uy ub ʼaʼ.
nim ria we qele ʼ n x ariqo.
xi ne ʼ waʼoq.
chiʼ ke war wi lea kʼalab ʼ.
ri nu miʼal xu taq loq jun taq o ʼ mw uj chiwe.
qʼe ʼ lik, ri chaj pa ri b ʼ e.
la utz awa ch? - utz malt yo x, e kʼu ria t? – utz mal tyox.
x in ko s rumal nu chak.
kb ʼe ku kʼ rie ʼ are ʼ ek tzali j pa ri nas are te ke ʼu nimaj.
ri joj xu kʼam b ʼik riakʼ.
kʼo chi wa chiʼ l cha nim.
kub ʼij che ch naʼ l kab ʼan che ria tz ʼib ʼ.
e. . . in kawa j ka tz jo j b ʼila chwe.
mata x in yaj leali.
jach in ru kʼ katb ʼe wi?
kʼo sib ʼalaj e taʼ mab ʼal pa rima yab ʼ no ʼ jib ʼal .
e man xo ri ju p uq ke j.
ka sum um ri kaqi qʼ.
e kʼo kaj ib ʼa kʼalab ʼ pale b ʼe.
je ʼ jas riu tatk kaʼ y ik.
x aqat molo nel tzi j tal.
len ut at ka loq ʼon chwe.
xaq tane kimb ʼei w u kʼ.
x reta ʼ ma ju chʼaj ik.
rumal la ʼ x koj “ xal qʼat ” che ub ʼiʼ ri komon.
are leu kem ik pa sx ret aʼ maj.
ri wat iʼt kub ʼan nariu patan.
kʼak ʼ lepo ʼ t.
reta ʼ m uwa ch jachin x loq ʼow ri pa s.
ken chʼab ʼe j lea kʼalab ʼ.
yaʼtal chaqe qono jel ri uj winaq utz ka qil qib ʼ.
x koti ʼ pa qʼayesxo qʼik.
ka winaq b ʼe le jeb ʼ qʼataj.
e kʼo kaj ib ʼ ral rii mul, jun sa q, jun qʼan , jun qʼe q, jun qʼe qoj , sib ʼalaj ke tz ʼanik , kechʼop inik ri alaj taq i mul.
k chol ol ria chachal.
kete kik ri ik ʼ.
xe pet ik rech ke waʼiw u kʼ.
tza tz riu qʼanil riakʼ.
xo j tzali j ik xi xe ʼ qa qʼat uj ku kʼ leita tinan.
ri yo ʼ x taqa kʼalab ʼ ke kikʼux ria tz ʼyaq.
we a chi we xu sipa j jun poʼt chwe xkamik.
k ko win ri kun anel che kuna nik.
x ji qʼ pa ri polow.
xa rumal sib ʼalaj ra jawa xik le lo qʼalaj ja ʼ , le winaq xkib ʼi j : che we ikʼ riʼ qono jel ku j b ʼe che utik ik taq cheʼ.
ri una nerie rachalal kepe u loq ru kʼ ri are ʼ, kʼate kʼu riʼ, man ke ko win taj ke qib ʼu koq ru kʼ, rumal rech che e kʼo sib ʼalaj winaq.
rumal rech , che man kʼo ta junk ko win che u koj ik junti kib ʼalil chik ch uwa ch ri ko jom chik che are ri jesusk ri sto.
te kʼu riʼ xu tz ʼib ʼaj ri b ʼ pa ri nimalaj tijob ʼal rech aj ku ʼ n.
ka jul uw ri chʼu mil cha qʼab ʼ.
kʼi sb ʼal ka noq , xo qujeʼ k kam rii xoq.
leala xok ik.
kʼop waq pa u wiʼ ri mexa.
are kawa j nak in ʼe taj.
ri yawal ku koj ria li chiu xe ʼ ri chakachare usu ʼ t.
na kaqa kʼam tu ʼ b ʼi kamik.
ria j tij kub ʼi j chik e : ra jawa xik ke qa chaj ij ria waj, are utiko ʼ n ria jaw.
xi ntij muk uni wi r.
kʼa x leu wiʼ taq len u qʼab ʼ .
x in loq ʼ jun il b ʼal wib ʼ.
waʼ we qʼij, nim ub ʼantaj ik.
ri ux e ʼal ri qa tinamit man kasach taj.
xoj b ʼi nik.
ria ch alal junam ki wa ch.
x in weta ʼ maj ri lik wib ʼ.
nim riu naʼo j wa j tij.
miq ʼin ri kʼul.
aj qʼo jom ria te ʼk.
che le sa nik che ʼ kb ʼan wiri qʼo jom.
ka pe lea wel pan awal j aʼ.
ri meso nel taj ink chaku nik.
utz cha qe kaqato ʼ qib ʼ, taq kʼo kʼa x kʼo lil, kate we chiʼ n ria jaw paqa wiʼ.
xawi lo , x qʼatan lei b ʼoy.
xat ko w inik xab ʼano.
kiʼ ri kʼa we x.
kaj ilil ri b ʼ e.
lea li xel b ʼ ik.
are ʼ x raj xin b ʼano.
nim we ab ʼaj.
je ʼ li ku tiʼ jol al ri saq ko ʼ r.
noj in aqrike j.
we katij an xu x man kat uto ʼ ta chiu qʼati xik le kʼa kʼyab ʼil coro navirus ( 2019 -n cov).
nanim ta raqan waʼ we cheʼ.
utz alaj aj chak, ri wel.
¿jam pa ʼ ku j b ʼe pa nima qʼij ?
ra jawa xik tane la ʼ kat chakun wu kʼ.
xu taq chiʼ j pa w ara mpulew.
man are ta ria xwan xelik.
ria wix xu loq ʼ rachoch re nimal.
are rii xoq x in sik ʼinu loq.
ri chʼima kʼat ʼon na.
la xib ʼan lei chak?
kʼi tinamite kʼopa chʼo ʼ j.
kʼo jupuq chij chiu xe ʼ ri cheʼ.
ri ux aq ri ab ʼi x are uwa ri ke j.
ka winaq qʼataj.
la kix pe pa tijob ʼal ?
we kechaj ix taq le kʼwa jachak in b ʼij; jun alik kʼo ja ʼ xu qujeʼ sib ʼalaj sa qlo loj.
x ret aʼ ma j.
ria lab ʼom ria li tom ab ʼ taj in kiki tijoj kib ʼ rech sutaq, are ka kaj kikib ʼan nima qa chi j ab ʼ chu pam ri ki kʼa slemal, xu quje kʼo chik jupu qb ʼi xo nel chu pam ri komon.
la tz ʼ uwa ch ri b ʼe.
kʼa kʼ ria chʼi chʼ.
qono jelu j, uj ma yab ʼ taq winaq.
no jel qʼij ria tiʼ x kuy u qʼuj le taqawaj jela ʼ pa ni kʼaj jaʼ , chirij ri j uy ub ʼ ub ʼiʼ te naʼ.
pa qʼom chik risiʼ.
kin tzu kun chela.
kaki tij le kina qʼ, lei chaj , leu waʼ lik ru kʼ lej.
xekana j kan le aj chakib ʼ.
keti kon ria chi jab ʼ.
sib ʼalaj itzel ub ʼantaj ik ri chʼi lak an.
ri ate ʼ k xu malt yoxi j cheri ra tiʼt, rumal ri utz alaj no ʼ jib ʼal xu kʼut che ch.
k kamuli xu chak ri ab ʼi x.
la x in utzu ku j letijo xel?
are ʼ kachakun rono jel qʼij.
lee kʼa ʼ na taq tz ʼiʼ.
saq ri j ri plam ux.
jas x aqʼi ʼo xa tijo.
jas ru kʼ x kichap wi u tij ikleri kil ?
weka tatin ru kʼ kʼatan jaʼ man ku qʼate j tale kʼa kʼyab ʼil coro navirus.
la katb ʼin pale ux lan b ʼal ?
la wa ral kʼu xix waʼ wi?
are len ut at ki n loq ʼonik.
taj ink chakun ri ala.
kʼo ri kiʼ kotemala w u kʼ.
xu taja chin kaʼ ek.
xat waʼ ik xin wi lo.
x tzaq ri rachoch rumal ri j ab ʼ.
pale jun ikʼ chik are nima qʼij.
e keb ʼäm keb ʼin pa u wiʼ ri tem.
m em ria chi.
ri wikan chali ʼ y kel pa j uy ub ʼ chwi tzi ri b ʼal.
le raj il, la paja xela qʼax wu ʼ b ʼik ?
pa ri su ʼt pi som wirilej.
ko j pet ik kol qa kʼam aʼ.
taj in kat chʼop in chi uwa ch ri taqʼaj.
le qʼor x chʼu qik.
kʼa x waʼimaw umal.
kinb ʼi son che lew al.
sib ʼalaj kʼo kʼ ria wa tz ʼyaq.
kamik x uj b ʼe che utik ik taq che ʼ pa ri juy ub ʼ.
kinul o qʼoj len utat.
chaqiʼ j chik ri chaj.
xy il ix haway i.
na x naʼ taj ta ch ke chi xeat inik.
ru kʼ kʼu waʼ we riʼ, ri ixk kʼo jiʼ jun utz alaj i kʼa slemal riʼ ch ki wa ch ri winaq che mane kʼo ta i w u kʼ, kʼate kʼu riʼ man kʼo ta jun winaq riʼ ra jawa xik chi we ch.
e petinaq pa b ʼe le ra ch ala xik.
ka kaj lea kʼalab ʼ ke waʼik.
xu j chʼay b ʼ ik.
ri n uchak are qʼaxel tzi j.
kʼo nar ux lab ʼ ria wa j.
taj in kel loq, riqʼi j.
xu qʼiʼ ox kam sax ri rachalal choch.
ri numam are kʼo uqʼi nomal.
x kʼul mataj ju mul, xub ʼan jun nimalaj jab ʼ, man xb ʼe yetaj tana xu kʼi sle uy u qʼ chike.
am aʼ ri n utz ʼiʼ.
je waʼ kat pe tik.
x in kosik rumal x in chaku nik
i we ch chi ju junal, ri wa.
xu qʼiʼ ona x at atintaj.
in ri qtaj inaq pa ri kʼay ib ʼal.
na wetaʼ m taj.
kʼa x le nu qʼab ʼ.
utz le xub ʼij lea chi.
kema tz ʼib ʼ.
kʼo ra ch alal pa tz ʼoloj che ʼ ri pe ʼ l.
rono jel waʼ we jas taq riʼ, xa sk sa ch wi uwa ch waʼ ; ru kʼ we riʼ, ri ix, ra jawa xik che kʼo jun tyo x la ji kʼa slemale k kʼo jiʼ rii chʼa wem ru kʼ rid yos,
x muq taj ri pa tz ʼan.
ri chʼi chʼ tzi jom ka noq pa riu kʼol b ʼal.
man kʼo ta u cholaj pataq ria w uj.
ja chik e ikʼ leu nima qʼij le tinamit nawal jaʼ ?
xe pet ik xol ki kʼam aʼ.
kachu qʼ chu trij aʼ chiapam.
x in b ʼi j i wir chi xeb ʼepa armita.
are ʼux e ʼo jer tzi j wa ral kʼi cheʼ ub ʼiʼ.
x kʼi srinu siʼ.
jawi xkib ʼij wi chike ʼe wi?
¡ xa je kʼu riʼ, jachin taq rie kʼopa ri jude ʼ a, chi chanim che ʼa nima jub ʼi pataq ri j uy ub ʼ,
kʼa kʼ ria b ʼ.
la kʼo jun naka kʼo xo maj taj ?
na utz tale utʼi som le alma ri y.
man yaʼtal taj chia we katok paja.
je ʼ, xatu tzu ku j.
are kel wa j xa qib ʼu qʼij ri x kʼo j ik.
ri xu nkurk kʼo j iʼ pataq ri triko.
xi n sa chik.
xu tʼ uy ub ʼaʼ
na nutom tale tzi j …
wa chʼom ri kiwa ri no ʼ s.
e kʼo job ʼ ch ʼil wakʼ.
ra jawi xik chi pataq ri tijob ʼal , pa ni kʼa jub ʼi xik chik
ri ra jaw ru lew are ʼ tatkel.
we kʼux ok ik , we kʼna xok ta
we a chi xu sipa j jun pʼot chwe.
atat utaq o ʼ n le qʼatal tzi j.
naq ʼanta uwa ch le qaprut.
ri xaʼ r kʼo pa u wiʼ ri qʼaqʼ kpo qʼowik.
ri ro qʼe j ria li jachak pe jun akʼal.
kʼo junal apatijob ʼal .
säq u wiʼ rit ataʼ.
ri witz ikʼ taj ink pe loq.
jaw ix sa chonwik anu yaʼik lep waq che.
utz we a chi we xin kuna nik.
qono jel ku j waʼ pa u wiʼ ri mexa.
ri ka x la ʼ nik man po qon taj.
in x in b ʼe ru kʼ ri wa chiʼ l.
sib ʼalaj je ʼ l xki lo xeki tzoqop i j ri ki chij chilaʼ.
kinb ʼinik x in ʼek.
kʼa x kʼo lik, kachaʼ.
kutij i xim riakʼ.
ria lix chel, xu qʼiʼo xa jun akʼ x sipa x che.
x qa si kʼi j lei xoq chu tza kiksub ʼ.
mata xab ʼinsa j le chʼi chʼ.
ri p ix tz ʼara lik rumal rie qaʼ n.
¿ja mp aʼ kel chi 3%
kʼo jun nu kʼo toj chiʼaj.
taj in ke waʼ katri alab ʼom.
x in loq ʼ le nu kʼa kʼapo ʼ t.
nautza kik ta sub ʼ taj in ku ʼano
xo j utaq chiʼ i jxo j waʼik.
iwe ch ri ab ʼi x.
saq ri j ri chij.
aj sik cheri tinamit kel wirit ataʼ.
- ¡ ay ! x ax in tzaqu loq , kʼax wewaqan.
x kʼul mataj pa jun komon chiʼ uwa ch jun juy ub ʼ, xu ri qa jun qʼij xki riq kib ʼjuni mul ru kʼ lek ok.
jas xa taq chiʼ j le akʼal chu ti jik?
x inchaposu xu lo qʼo.
qʼi nom ria chi.
ri kʼum k tijow ru kʼ kab ʼ.
taj in ke ja chʼanik.
tze b ʼal u kemik le pa sa w umal.
are ka yo ʼ w le uchikop il le ub ʼantaj ikt ry panos oma brucei.
we kat nima nik utz ke lik.
pe rono ʼ j imal pet naq loq, .
are len uchak jun tzu qb ʼal wib ʼ.
x kunax ley awab ʼ rumal leaj qʼij.
ri u kʼu ʼ x tz ʼib ʼ paqa tzi jela ju j.
sib ʼalaj je ʼ lik rie qab ʼal xub ʼan rilu ʼ s.
sib ʼalaj atkon.
e man xo ri ju p uq ke j.
na x naʼ taj ta ch ke xeat inik.
ri kʼamal b ʼe xub ʼij chik e, chimaj aria nim.
ju mu chʼrinu junab ʼ.
qʼiptaj inaq ri raqan ri tem.
k chakun ru kʼ ri jo sb ʼal che ʼ ri aj anel.
xa taq chiʼ j le akʼal ch utij ik ka r.
o j kʼo pale ro ʼ ch lea wel.
¿la kat pe qukʼ chwe ʼ q?
le winaq pale chʼi chʼet ʼu yullo wi.
x kanaj ka noq chi ux e ʼ ri j ab ʼ ri chʼa ʼ n.
nim ri ja.
weta xa kunaj leat at mat axkam laʼ.
nan u kʼam om tu ʼ la riʼ.
ch qan u kʼu ʼ riqa tzi j.
kimb ʼe pale tinamit.
x inqʼi ʼon ax inatin taj.
ra jawa xik ka kʼa man cha we le utij ikl ele j.
kʼi sb ʼal taq no ʼ jib ʼal .
xi ne ʼ waʼoq.
xkib ʼan kʼa x che le uw o saq rumal man utz ta chik akay ik.
ri qʼutu ʼ m man kech talea kʼalab ʼ.
are nanim ta lea tz ʼiʼ ch uwa ch len utz ʼiʼ.
xe pet ik xol kilaʼ.
¿jaw chiʼ xa taʼ che x kam riu mam ri po ʼ x ?
e keb ʼ ke kʼam b ʼik patuj.
x in loq ʼ jun japa ri w okajja.
ria xtu ʼ b ʼ, kʼo qulaj chech.
jas ka raj kaʼan chu tza kik leti ʼij.
xu tij lewa.
xim b ʼal retzi j.
x pa x ri b ʼo ʼ j.
we kawa j kat into ʼo x aqx uwi kab ʼij chiwe.
jas nu kʼu ku chʼob ʼo.
jaskara j ku tijo?
xe x ru x lab ʼ ri ri kil.
e nitz ʼa ʼ qleta qimul.
we tane in x in b ʼanow ik, are le ate ʼ k xb ʼanow ik.
kin tzali j pale nu tinamit.
rinucha qʼ kʼo pa uro ʼ qʼatoj tijo nik pa ri tijob ʼal.
x in xiʼ j wib ʼ x in chʼawik.
kʼo chwa ro ʼ ch lepare.
chi raqan kab ʼin wirit ataʼ.
x sa chonk anu yaʼik lep waq chechoja.
x in qʼax chiki xo ʼ l ri winaq.
keti konik.
ri u lew man qech taj, kech ri qatiʼt qamam.
xe pele winaq xol kikʼamaʼ.
xu loq ʼ ri w uj rumal riali.
che we qʼij kamik kʼo jun nutzi jo nem chirij le nu tinamit.
kej riʼ.
x kuna nalaq chwe.
kin u si kʼi j len unan.
ri imul xu chʼi j taj, x kanaj pa b ʼe , rumal ri nimal kuja luj rii mul, x utzaq ri anim.
kub ʼan riu xo qʼo ʼ l ria j tz ʼaq.
ri la sib ʼalaj utz che kunab ʼal.
kʼiki wa ch rie ʼ aj chakib ʼ pa ri komon tyo x, kʼate kʼut xa jun chia jaw xel;
x qa ta chix atulik.
kawaj chik atʼek.
chʼuti ʼ n kekanaj ri x aj ab ʼ chech.
kaqa xiʼ j qib ʼ kaqa chapo.
e kʼo keb ʼu kʼa jol let at x wan.
lu ʼ sub ʼiʼ ri re cham.
aj chiu wiʼ miq ʼin jaʼ ri lu ʼ.
x inyak an le nu chimpa kʼa ybʼal.
kʼate x ri lo , x p eri una n che utzu ku xik, xki kotik, xu salab ʼi saj ri taq u xkin.
xki kʼut chi uwa ch ri aj tij xu qujeʼ chikiwa ch ri taqni kʼaj kachil.
utz lenu qʼab ʼ.
ku lleal we ʼ l pa a us tincha qʼab ʼ kamik.
ria te ʼ k x tzaq loq are chi kʼopa u wiʼ ri qʼaʼ m.
aj patan ri teʼk.
xat qaj chiu pam riil.
la kʼo tzi j naki kʼo xo maj taj?
x sa chonch ke chi xeat inik.
rono jel leu lewe chalaq.
la xeb ʼe kʼula xe ʼ kij aqa kʼu leu chiʼ ja?
x aqkat chʼok na jiwi r.
kamik kʼo chirij as taqawe.
are chiʼ ka kʼi s ri jun ab ʼ kʼo qʼi nom.
pan awalja ʼ x inale xik.
na xin tataj we are ria kʼal ki x tzu quwik.
¡ ru lew ri sab ʼu lone ru lew ri nef tali, ub ʼ eri polow , ru lew ri jord an, galile ʼa kech ri je taq ama qʼ !
ra x, ra x, ra x, kʼo kʼ, kʼo kʼ, kʼo kʼ le ru x lab ʼ le taq ti ko ʼ n.
a chix atwilo.
paqal raj il lepi xkamik.
xoj b ʼi nik.
pa jun je ʼ l tijob ʼal ku tijoj ri b ʼ jun akʼal , ub ʼiʼ po ʼ x, utz kuri lo ke pa tijob ʼal rono jel taq qʼij.
xwa j chix atʼe taj.
utz la ʼ lex ub ʼij lea chi.
wetaʼ am jach in kape tik.
kin qʼo jom anik.
x in qʼiʼ ota kʼalik x inp etik.
are ʼ reta ʼ m cheki nop anik.
are tab ʼaleq aqajaw chat to ʼ wik.
ka winaq wa qib ʼ qʼataj.
na qaj chik cheri uwa qkaj b ʼal are taq chiʼ ksa ch uwa ch ri qʼij, kok ri qʼe quʼ m ch uwa chu lew , chi kʼate ʼ nari b ʼe le jeb ʼ kaj b ʼal .
job ʼ raqan ri tz ʼalam xeporo xik.
sib ʼalaj ko ri j ri mop.
are waʼ.
jela ʼ pa ri ti minit chwi kab yok rech xela ju ʼ, le qan anqat at kaki tikoje ʼ la laj taq uwa chi chaj.
kʼa x nu qul.
xu ʼ lu kʼam aʼ.
koj ul ki tzu ku j.
are man kʼa x ta u kuna xik are taq aninaq kaʼil i taj weya b ʼilal xu qujeʼ mojo ʼ qa ku yaʼ le kʼa x kʼo lil che ch le jo lomaj.
ri wel kʼo pa tijo nik.
kawaj kinb ʼi j.
ri ko tz ʼiʼ j kqa koj chiu pa mrija.
qʼe q qʼoj ri j ri ama ʼ ke j.
na xwa j taj x in chʼawik.
ch pe tab ʼale lo qʼalaj jab ʼ.
x sa chonch kexat kisi kʼi j.
ele qʼal chʼi chʼ.
jach in xawi lo chi are x tijow rit iʼ j?
mata kab ʼe le nu xb ʼal pale tinamit.
p im ru q, riali.
¿ kʼo ri mu qʼe chia we ch ?
kqab ʼij man keko win taj.
kin ti j na.
kʼo jun qat ʼu ʼ y paja!
kʼop uj chiu pam ri chʼaʼk.
are taq kinko sik kinwa rik.
xat waʼik xin wi lo
in x in chʼa yo w lea chi.
kono jel ri ala xik ke ʼ etz ʼanik.
jas ru kʼ xki tij wile kiri kil ?
an ina qil kat pe tik.
naraxta uwa ch le juy ub ʼ.
ri tz ʼalam tz ʼib ʼab ʼal raxk kay ik.
we chat chaku nik, kʼo awa.
ma ʼ tam xat pe cheri waʼim.
kamul kin waʼ na.
ri sik il k tijow ru kʼik.
kimb ʼe a qʼan ru kʼ leal talin.
xo jʼe k xe ʼ qil alarqas ok.
xeki qʼil le aj chakib ʼ xki w ok leja.
ma tane xwa j le kʼu hj nem ru kʼ leate ʼk.
are xe ʼo pan chiu chiʼ ri j uy ub ʼ, xki lo chimanq as ta kʼo qʼayes.
kʼate kʼut, ri jesus man kko jon ta ch kech rie ʼ are ʼ , rumal rech che kono jel reta ʼ m ki wa ch,
pa ʼ tz ri j ri tz ʼiʼ.
ju winaq wa qib ʼ qʼataj.
atela qʼom.
xa qa tjo ʼ s.
ri qʼatzu, are qʼalaj riu qʼij il.
aj chak we ala.
ub ʼe le ju kakʼal taqanik (29).
keb ʼ nub ʼiʼ kʼo lik.
l aka tz alij lu ʼ la aninaq?
katzu kun la chwe.
la kaj la koj b ʼe ʼ pale chomal chwe ʼ q?
x in nab ʼe j chu ta sik qa kʼo lib ʼal.
lal xin to ʼ wik.
sib ʼalaj ano ʼ jib ʼal .
xo j pet ik xol qa kʼam aʼ.
sib ʼalaj je ʼ lik riu waʼ l rii chaj.
kʼa xwi j rumal in pa chalik.
are taq xu kʼul maj waʼ xu l riu chomanik xub ʼi j : are utz waa qʼab ʼ ki nwali j ik, are chaʼ cha nim kino pan pa tijob ʼal , maj chik in kʼu lmaj.
oja j xo jol ob ʼ pa a was qʼij.
x in sa ch che leu w okikle tzi j.
e julaj uj riakʼ.
xu taj ampa ʼ koj ʼek.
qil ik.
ri tijo xel man are ta nim ch uwa ch ri raj tij. ri utz tijo xel qasje riʼ kʼo lik jas ri raj tij.
in xatin chʼa yo.
no ʼ jim chak w umal.
chʼu rrijo chʼ.
ink inb ʼij na katsach taj.
uj ma yab ʼ.
riab ʼaj yatzalik.
taj in kepi xb ʼax ria kʼalab ʼ.
chom riaq.
xi n wa rik.
elemen kono jel ria kʼalab ʼ.
taj ink qʼanarik ri we re ʼ aj.
leu kem ik le pa s utz (chawe).
xuy u p ub ʼa uwa ch ra ʼ chi, ka chaʼ,.
ri satana sk ok pa ri juda srik b ʼix iska riʼ o tech rech , ri are ʼ jun chki xo ʼ l rie kab ʼ laj u j.
chu chu ri pa r.
kinqum uj ri nu jo chʼ.
chech pun ción lu mbar ama qʼ el ra jawa xik chech ri lik leu kʼe xb ʼem wi le nab ʼe ru kʼ le ukab ʼu kʼut u nem ley ab ʼ ilal.
qʼalaj chinak awaj taj kab ʼi j.
kʼo qʼol chirij risiʼ.
jawi xo jʼe wi chu loq ʼik ?
kʼo u lo chʼ ri talin.
qʼan ri j ria tiʼ tnu ke j.
la x tzali j la iwir?
xe si kʼi xik , kʼate kʼu riʼ xeya j ik, xu qujeʼ xe taq b ʼi cheu si kʼik lemes.
la ki x warik?
are kʼu lepa loma x xub ʼi j che :- mam katb ʼi son taj, kinsi kʼi j ni kʼaj wa chiʼ l kera pa p ik.
a ʼ re e tijo xel ab ʼ.
ri alaj ali siʼ l xub ʼij x qa chappa utzal ri tyox.
x sa chonch ke jach in xeat inik.
jas x uray ij le anan xu tijo?
xi n ko sik.
ra x rono jel ri qʼay es rumal lej ab ʼ.
kin ya waʼ we chʼi chʼpi nem nautz.
no ʼ jimu pa chʼu xik len u wiʼ.
naj kʼo wi lew o ʼ ch ch uwa ch le tijob ʼal.
rio kib ʼal kʼo chi uwa ch ri saqja.
xe nutaq chʼi j ke kil lea kʼalab ʼ.
kʼo jun qʼoxo we m chiwe.
tza ri choʼ m.
we choj b ʼe pale nima qʼij, ke qil le aj xo jo lob ʼ.
xo jʼe k xe ʼ qil alarqas ok.
ria te ʼ k xu taʼ chech ri nan to ʼ n :- nanjas che ʼ chiman kaj talaqa kʼati saj ri jo ʼ q.
ri pal sib ʼalaj xu ʼ y.
kin koj ri jok b ʼalu lew.
ink inb ʼij na katsach taj
a traj kun len unan.
ku qam uj uj oron ria j tzi j.
lu ʼ tz ʼalam ub ʼiʼ ria chik el pa nim cheʼ.
je ʼ li ku tiʼ jol al ri saq ko ʼ r.
kʼo jun xaʼ rpaja.
x in loq ʼ jun kʼa kʼpatan.
kʼa xu kemik le pa saw umal.
aninaq u kem ik le pa sa w umal
ri chʼa ʼ nsa chi naq pataqab ʼi x.
ra x taq leko tz ʼiʼ j.
meso m kanoq riu p amja.
man are ta rala xko sik.
ri komon xe ch pup rech u qʼab ʼ tinamit xo ʼ lab ʼaj rech qʼumar ka j.
la utza kik kʼu sub ʼ taj in kuʼa no?
katel a!
na xu tij taj.
xa rumal ketaʼ m kono jel ri winaqk kiqum uj lej aʼ.
i wir x uj tzali j la pa kʼay b ʼal.
qe taʼ m cheri qawa kuj uto ʼo.
ria j tij, kya jon chi kech ria kʼalab ʼ.
jas ub ʼanom len u chʼuti tat?
chwe ʼ q kinb ʼe pa nim tinamit.
utz we ki wetaʼ maj jas kub ʼij ri chol b ʼal qʼij.
taj in kat jil ow che u qʼo xom jo lomaj.
x intik qʼax chi uwa chrija.
kʼa x le kib ʼ ele winaq.
loq ʼ kat kuntaj che le yab ʼil ( covid - 19).
ri nu xib ʼal kel pa qaj b ʼal qʼij.
x ril ria x wan chix waʼ ri ala.
leal ix kunataj ik.
wetaka pele j ab ʼ kamik.
x in weta ʼ maj chi naxat pe taj.
ri p waq rech we qʼataj riʼ kesa x chech ri toj b ʼal kʼay i nem.
kti j ri u waʼ lik rumal ri ki nima qʼij.
xu chapu kuna xik.
chatan loq ali.
x in xu liʼ qajoq.
je ʼ lik k tijow ri taq iko x.
kʼate kʼu ri letat xo ʼ r xub ʼij, man kawa j taj , man kawa j taj.
kʼo jun tz ʼiʼp ab ʼe .
kamul x in pe chea tzu ku xik.
man taj in tak in chaku nik.
kinchaku nik rech kat waʼik.
jas ru kʼ xa wil wi chix kiqupi j wileti ʼ j.
jas ub ʼi xik … ?
koq ʼ ria kʼal.
kawa j nakat ʼe taj.
xat qʼaj ik.
wem na cha lo qʼaxi yal, na kimb ʼeta awu kʼ.
xo pan lew ujaw u kʼ rumal we chin.
are kʼut pale juy ub ʼ k kʼi y jo ron, chi la ʼ xe ki kʼama wiri j aʼ ri winaq.
koq ʼ ria kʼal.
we kʼo ara j il chak ʼama loq.
are sib ʼalaj kaq lea po ʼ t ch uwa ch len u po ʼ t.
x in kʼas taj pa kab ʼ laj uj kaj b ʼal.
kaqoy ʼe j naki x pe taj.
koka xim ri chi j xa jela ʼ man ka nima j tab ʼ ik.
ri kokno j im xb ʼe k, xu chʼi joxo pan pa u kʼi sb ʼalil le anim.
xo j kiʼ kotik are taq xatu lik.
kaqi tz ʼ na j ri ux aj ab ʼ ria kʼal.
ri jesusk waʼ kat pa ri nim rachoch rid yos, chu xe ʼ ri jun jache rachoch ri sa lomon.
we taqanik riʼ kub ʼi j chira jawa xikk yaʼu qʼij ri winaq xu qujeʼ kto ʼ anina qil.
ria x ux are nariu ku nel ri kina qʼ.
are taq waʼ ri u qʼi jol we taqanik.
kʼo jun tab ʼal pa u wiʼ ri x kanul ub ʼiʼ laj uj no ʼ j.
yuʼ lub ʼanom riu ko lob ʼ ri ke j.
xa nima j ria kʼal chi uwa ch riu chu ch.
k kunan ria chi.
kin waʼ ik rech nak in yo wa j taj.
aj xik chʼi chʼ rilu ʼ s.
kwa j chei xki xb ʼanow ik.
a ʼ re xe to ʼwalaq.
xo jʼe k xe ʼ qil alarqas ok.
x in loq ʼ jun chʼi chʼ, qaj inaq uwa ch.
kut ʼi sripanta lon.
e j ani pale awal kʼwale kʼol ik?
u tzu kem ik lepa schawe.
rima x are aj qʼani yaʼ.
mata b ʼa chiriq kʼa x pale b ʼe.
taj in ka nima j , ri me ʼ s.
i xi xe ʼ la qʼoma b ʼ !
x sa chan chwe.
e kʼo kʼi cheʼ, chi uwa ch ri juy ub ʼ.
are waʼ ri nimalaj pi xab ʼe are waʼ ri nab ʼe.
x reta ʼ maj chi ru kʼ pa kʼkuti j wi
jas utzak ik le sub ʼ xu ʼano?
aj xo ʼ y ri wikan.
we tane aʼ re xe tijo w le ri kil, are le komon xe tijow ik.
sib ʼalaj aninaq ka chʼa w le are ʼ ch in uwa chin.
utz we kinchaku j.
m eʼ sla ʼ.
kʼo kanwa rech kaqa tijo.
xi n sik ʼij la.
ria kʼal x sa ch ka noq jel aʼ pataqʼaj.
xe si kʼi j la.
jawi xkib ʼij wi chike ʼe wi?
rumal che, man ix ta riʼ ri ki x chʼa wik, are ri ru x lab ʼa xel rii tat riʼ rik chʼa w nai w u kʼ rii x.
kʼa kʼ ri wa choch.
sib ʼalaj utz kin wil lea tz ʼ yaq rech na huala.
saq pork kayri kipo ʼ trinan.
x sa chon ri n uchak chwe.
waʼim xu chapo.
ri qʼaqʼ taj in kaj u luw ik.
naj il u pam ri siwan.
e kʼo riqachal al pa chiu wiʼ la.
jas xa taq chiʼ j le akʼal chu ti jik?
no ʼ jim u kemik le pa sa w umal.
kʼo jun ku kub ʼiʼ tintin, waʼ le laj ku k mam ka je qitaj, ka pa qika xu lik pa u wiʼ u qʼab ʼ taq che ʼ, sib ʼalaj sa kʼaj , ke ʼutol ee nima ʼ q, chʼu tin, ra chiʼ l, aj sipa nel sib ʼalaj utz ra nima ʼ.
ri u pi xab ʼ le qʼatb ʼal tzi j ki yaʼub ʼi xik.
na x sa chon tach ke xeat inik.
xe qil le chik opp uw ileja.
x lo ʼ taj ri akʼal.
qono jel ku j waʼ pa u wiʼ ri mexa.
xsik ir lewaqan.
laxat waʼ kʼut ?
nim ub ʼaqʼ ritulul.
kin xi kʼi kʼik xin qʼa xik.
la katb ʼe pale tinamit ?
ri pal sib ʼalaj sa qʼor.
k qʼoxow nu ja lom.
x in na ʼo chik at pet ik.
x loq ʼu lewi we chix.
x in chakun ru kʼ ri numam.
na x qab ʼantaj.
k kʼo jiʼ b ʼaʼ ri usipa nik ria jaw xel jesusk ri s to ru kʼ ria w ux lab ʼal !
kin chʼa w ru kʼ len una n pale chʼa web ʼal.
sib ʼalaj qʼe quʼ m rumal rima yul.
are leba xu lik.
xekos lei xo qib ʼ pale b ʼe.
kʼa x ri lik le akʼal chawe.
x inqʼi ʼ oxi natinpa jo ron.
sib ʼalaj nim le tinamit.
kʼa xu kemik le pa saw umal.
xi n sa chik.
taj in kelu kikʼel pa raqan ri tz ʼiʼ.
x in weta ʼ maj ri lik wib ʼ
ri qʼu qʼ are jun je ʼ l chikop.
kʼo pa ja tijob ʼal ri wikaqʼ.
ri sa chib ʼalmak raj wa xik chi qa xo ʼ l.
je ʼ, kimb ʼe k.
je la le ʼ ri nup wiʼ.
x ub ʼij che :- jas xab ʼano tintin?
kab ʼan jun to qʼob ʼ kyak rin uj al.
kat ʼek x inta.
jas leu kʼe xb ʼem ri b ʼ le jun ru kʼ le jun chik?
aj chiu wiʼ miq ʼin jaʼ ri lu ʼ.
ri ti jon el naj k pe wi.
te ʼ kix chob ʼ ub ʼiʼ ri nutat.
ri j aʼ kami qʼik chi uwa ch ri qʼaqʼ.
rit ʼu ʼ y k pa qʼowik.
kin me son na.
naq aj at kʼo wi chi we ch.
x in b ʼi son ik taq na xat pet taj.
wex kam ri winaq, ri p waq rech toj b ʼal ma kaj k yaʼ chi kech ri ra la xik.
ri nun an xb ʼe pa kʼay b ʼal.
xo ju kʼamu loq rech koj ri lo
x kʼo to ch in chikiwa ch chik in waʼaw u kʼ.
na xki kamsaj taj xki kʼam b ʼi choja.
kʼa kʼ ri ikʼ kamik.
x imb ʼe ru kʼ leaj kuniwi r.
ri lik.
letz ʼiʼ xeko sik.
x in ki ko taw umal.
ri imul xu maj ri anim, x uy akan lek ok.
kʼo oj che riak ʼal.
x uj b ʼe pa jun kʼula nem.
utz we kwa ralaq.
kaqi lo chinak oju kʼam taj.
x reta ʼ maj chi ru kʼ pa kʼ kutij wi.
sib ʼalaj x in kʼa ʼ narik.
x in kochi j ri nuwa.
man kat ko win taj kat chaku nik, we man kʼo ta ria j ilab ʼal.
wew onon x ub ʼij chik e :- kix into.
ria la nim k ri l wi riumam.
x kaʼ y chirij, x kaʼ y ch uwa ch, ma kʼo ta chi jun ksi lob ʼik, xo qʼik xu xe ʼ j ri b ʼ x chʼop inik x tzali j loq xu ri q ta chik riub ʼe .
kʼop us cheri wa.
p i nem na kab ʼe le wa tz, kimb ʼe wi in pa kaʼ y i b ʼal .
rinanto ʼ n nim winaq chik, sa quwiʼ, rono jela qʼab ʼutz kuna ʼ okat ʼ uy iʼ pa u tem, kumi qʼi saj ri b ʼ chori qʼij, kʼo jun u wiʼ u mam ub ʼiʼ ate ʼ k.
mane kʼi taj riqul aʼ.
qʼalaj chinak awaj taj kab ʼij
x pa qab ʼi sax raj il rono jel ri kem.
kʼo pa ri jul ri kuma tz.
rono jel qʼij ki n chʼaj len uwa re.
saq chik an lei chaj rech ka tza ko.
chu xele qa chomal kaqatij wi jun qam e qʼi n.
chawi laʼ.
e kʼo job ʼu miʼal, ri nutat.
jas ru kʼ xa wil wi
je ʼ jas ri winaq rech ri uwa chu lew , xo qujeʼ ke pe na riʼ rie ʼ are ʼ che e rech ri uwa chu lew ; je ʼ jas ri winaq rech ri kaj , xo qujeʼ ke pe na riʼ rie ʼ are ʼ e rech ri kaj.
xi n tijo.
k tz ʼu juw ri ra choch ri po ʼ x.
xu qʼiʼo are leu kʼul el x yaʼow uwa.
ria wel x reta ʼ maj chi ra jawa xik man kux ej ta ri b ʼ cheritu ku r.
ju kʼulaj winaq xe ʼa nima j b ʼ ik.
je ʼ , xin tzali j ik.
xo j pet ik xol qa kʼam aʼ.
maj ja chin x ʼek.
ina j tij ; attijo xel.
sa quwiʼrita taʼ.
we ch ri kem.
lero ʼ ch le ate ʼ k kʼo chwa ch leu kʼay len unan.
kb ʼe pa ri si riʼa e pa ri si li siʼa, jawi je ʼ kuya wiri kichu qʼab ʼ ri komon tyox.
p i xab ʼ : man utz taj kʼa x ku j chʼa w chikij ni kʼaj qa chil.
x kuna taj le ali( kumal rii xo qib ʼ ).
ri xib ʼib ʼal chi kʼo wi pataq ri qa kʼa slemal rono jel qʼij.
nak uj w art awa ral.
on chek kʼo j iʼ ri utzil chi xo ʼ l, arech junam ri qa kojo nik , junam rii we chix ru kʼ ri we chin.
pa o x qʼij ri sa ʼ n kb ʼe na ru kʼ ri aj kun.
ka winaq wuq ub ʼ.
jas ka waj ki nti jo?
weta xatb ʼe w u kʼ pale tinamit , xa lo qʼtal aʼ leujas taq lea kʼa jol.
keb ʼe pa waʼim.
x in loq ʼ kʼi wa.
pa jun nim kʼa che ʼ laj , kʼo jun kʼ waʼ sib ʼalaj saq lo loj , nim uwa ch.
kwaj katij jub ʼaʼ wa.
rono jel winaqk ri l nari u ko lo nem rid yos ».
x kʼo to ch in chikiwa ch chik in waʼaw u kʼ
kwaj nakat ʼe taj.
la xa loq ʼ jun alej ?
e kʼo rie lo qʼo manel.
ri ukab ʼ ub ʼiʼ ri numam are ya y.
kinjo pi j rii ja ʼ rech triko.
x naʼ taj ch ke xe atinik.
xa te ʼ qil aʼ.
kaki tij alan xa x ri winaq.
. . . kinb ʼi j chi are waʼ sinx iʼan.
na x in nab ʼe j ta chuta sik qa kʼo lib ʼal.
rumal rech chew eri in, ki n chʼa w ru kʼ rid yos pa chʼab ʼal , k chʼa w na kʼu riʼ ri w ux la b ʼal ru kʼ ri dyos, kʼate kʼut man kʼo ta u patan riʼ ch rech ri nu choma b ʼal .
xe pet ik xkilo.
xu tawe katʼek.
u tzu kem ik lepa schawe.
ri nuwa ka x xu tij jun qʼo qʼ rumal riʼ x kamik.
rumal ri kʼi x, man ke waʼ taj ri winaq.
xe ʼu lik.
qʼe qrij ria ma ʼ chij.
x raj kaʼ eleunan.
junam ki junab ʼ.
na qʼalaj taj wekaʼek.
ri wix nam chʼaj chʼo j ri rachoch.
wa ral man kʼo taj aj awal.
nai wir ta x ril le kʼamol b ʼe.
x in pe loq te kʼu riʼ x in tzu kuj rono jel ri nura jil.
ria j ti ko nel ku tik ri tzi j.
kʼo e ki kʼa jol lea chi j ab ʼ.
kutij qʼayes rii x pa ʼ ch.
pa ri waʼ b ʼale kʼo ka winaqa chi j ab ʼ.
sipo j ina q ri nup am.
ka yaʼtaj ik ru kʼu tiʼo nem jun riu ri qom le yab ʼilam olot set séxu qujeʼ are ka yaʼtaj pataq ri juy ub ʼ.
ja chi n ria chi?
ri numam x kamik are taq kʼo ju mu chʼ laj uju junab ʼ.
kinko winik ki n kʼam b ʼilep waq.
kin wi lo chi utz ria jiʼ.
x in qʼil ria po ʼ x che man kachakun taj.
k waʼ chi uwa ch le taqʼaj ri ama ʼ akʼ.
ri imul xepo qʼik pa jun ikʼ.
x kʼi skanoq riqa chak.
are ria li xoj ilo wka noq.
sib ʼalaj chʼu ʼ j ri ama x.
kʼon uwa chiʼ.
in chaj inel kech lea kʼalab ʼ.
xeko sle tz ʼiʼ.
kinb ʼe na ku kʼ ri molaj.
rono jela qʼab ʼ ki nyitz ʼ riwakax.
kara p inik xu tzu kuj chi jun awaj.
le u kemik le pa sa ninaq (aw umal ).
ma jura jil le qʼab ʼ arel.
kʼa x riʼ ri ka chʼa wik.
xo jutaq chiʼ j lea chi chu loq ʼiki chaj.
sib ʼalaj kʼa x ri x kʼul ma xik.
xki lo chinak in kʼo xo maj taj.
x naʼ taj ch ke chi xeat inik.
x kʼoto chin chikiwa ch chi xo jal w o ʼ q aku kʼ.
jun qʼu ʼ qraj il ri kax la ʼ nwa.
x in wi lo chi xe ʼelik.
e kʼoi xo qib ʼ pale kʼay b ʼal.
man kʼo taj u kʼi sik rima yab ʼaj lab ʼalil.
risink kʼi y pa taqʼaj.
ri chʼi ma man k kʼi y taj pataqʼaj.
ra jawa xik kj ik ik ri waqän.
kawaj kinʼek.
e kʼoo xib ʼ akʼ.
xub ʼij chwe jawiat kʼo wi.
chwe ʼ qk uj b ʼe ʼ pamuquj.
pa saq kʼaja ʼ kb ʼan wiri uq.
xoj ki sik ʼij.
xi n w il wib ʼ.
cha qʼ chik ri wa.
kimb ʼe naka pale w o ʼ ch.
kawaj kinʼek.
ri chʼu ʼ ktij ru kʼ le j.
pa ri ki qʼij kamina qib ʼ kb ʼan qʼo ri kʼ yaʼ rech aj : nab ʼ eri nan ku tzu kuj kan riaj, kuja chʼo ʼ xu quje ku kʼe to.
jas kaj b ʼal cha nim?
u tzu chomanik riali.
pa riqʼi jox laj uj tija xkin kʼi s keb ʼ jun ab ʼ ki n chakun wa ral.
sib ʼalaj ko , ri kʼa kʼ chʼat.
jas karaj kub ʼij … ?
ri chʼi chʼk as ilab ʼik.
pa oje rqʼal pul x aq xu wiri nim winaq ke kʼamo wb ʼe.
le u kuna xik le ukab ʼu kʼut unik are ru kʼe flor ni tinao nutu nib ʼaxik le ni furtimo x chiʼ le flo rnitina chech t.b. g.
are ria chix in chʼa yowik.
juna chiub ʼi ku ʼ xu sipa j keb ʼ kʼa ʼ mu lew rech kab ʼan ri tijob ʼal , kamik , kʼo chik aj tij rech ri komon xe chpup.
xu malt yoxi j cheriaj tij rono jel le xu kʼut chi uwa ch.
pa ri b ʼe xki raq jun alaj i mulsaq ri j , xki kʼam b ʼik.
x ril le b ʼale ala.
jask ub ʼij chwe ?
leu kunatajem are ru kʼu tzu ku xik le uchikop il pa jun u solik u xe ʼ le ki kʼo n le ja ʼ rech jun no do.
utz we nutz ʼiʼ.
je ʼ , taj in kachapo nik.
kinul o qʼoj len utat.
kawa j kimb ʼe pa tinamit.
arel aʼ kinchaku j.
ri nima ʼ q taq winaq kʼo ketaʼ mab ʼal.
weta xatb ʼe w u kʼ pale tinamit , xa lo qʼ ta waʼ we jas taq.
ri kikʼa slemal. wai ximu lew xa jun chima are ta tinimit rima
ri u kʼ yab ʼal na jupam.
xat qaj chiu pam riil.
noj im kat waʼik.
we kʼo junk tu qaʼ rik, ¿la man xo qujeʼ taj ki ntu qaʼ r ri in ?
ojoj w okolja.
awa skb ʼan kʼa x che jun nim winaq.
x in chʼa wa pan ru kʼ lew an ab ʼ.
kʼa x riu pam ri ju ʼ l.
taj in ke waʼ ri imul.
la kaj lak uj tzali j la aninaq?
rumal rech cheri ma kaj man kʼo ta u ko wi nem pi wiʼ ri ix : ri ix man ix kʼo ta chi chu xe ʼ ri pi xab ʼ, x aneix kʼo chu xe ʼ ri sipanik.
nim raqan le cheʼ.
xi n chapo.
are letu ʼ r le loq ʼom anel.
x as kat kʼo jiʼ chiu pam ri chʼi chʼ.
sib ʼalaj nim raqan ri kʼamal b ʼe.
le tzʼib ʼab ʼal we chin.
in x in to ʼ w la.
xa je kʼu riʼ ri ix kamik riʼ man ix ka x la n winaq ta chik; ri ix , ix rech ri ki tinimit rie tyo x laj taq winaq , ix rech ri rachoch rid yos.
x intiko x la j kʼali chaj.
kaqari q qib ʼ ch we ʼ q.
sib ʼalaj utz cheri wiʼaj ri tuney.
wena ju pulik ta xe qaj ik...
x into ʼ taj cherinu chak.
kʼo jun chikop ub ʼiʼp um.
po qon riik.
xoj b ʼi nik.
xu chʼek rono jel le retama nik x pa qiʼ k kʼa xk wʼ inik xub ʼanaj kun.
kel ub ʼik pa ri jude ʼa ek tzali j chi ub ʼi ju mul pa ri galile ʼa.
x ina xib ʼij pa b ʼe.
je ʼ l kʼo lem chi awa choch.
rono jel ri yaʼtalil pa we qʼataj , tz ʼaqat kiwa ch, man k tzaq tak anoq xu qujeʼ man ktas taj.
xu kunaj ley awab ʼ leaj qʼij.
chi tatab ʼe j jas le kimb ʼi j.
chʼa nal ria chi.
pa b ʼo ko ʼ kachakun wiri ta x.
uj kʼo pa uw uq qʼij.
kiʼ ri ukab ʼ riaqaj.
kʼo ra ch alal pa tz ʼoloj che ʼ ri pe ʼ l.
xki lo chik in kʼo xom aj.
ri u ki sa kʼu tz kyaʼik chiu xe ʼ ri ti ko ʼ n.
are taq chiʼ ka qʼan pu wiʼ ri ju kub ʼ, ria chi chex kʼo jiʼ ri itzel ux lab ʼal ru kʼ, ku ta ch rech ri are ʼ, are chk kʼo jiʼ ru kʼ ri are ʼ.
na kab ʼantaj taw umal.
x naʼ taj ch ke xe atinik.
x in pa j ri n utriko.
xe ʼ ok ri po kʼ pa riu mex ari po ʼ x.
ka jul uw ria qʼaʼ l chi u xe ʼ rit ʼu ʼ y.
awe ch le ja.
x uj b ʼepa tzu rik.
nab ʼexat opa nik.
ri ukab ʼ ub ʼiʼ ri numam are ya y.
uwa jxaq uka kʼal taqanik (28).
mata kʼo jun ka kanaj ka noq , qono jel koj b ʼek.
e nima ʼ qleal tom ab ʼ.
nim uwa ch ri po ʼ t.
kojo nik pa ri utzi j wai ximu lew.
jas xu kʼam b ʼiletz ʼiʼ xa wi lo ?
xin pet ik, tat.
rib ʼelaj uwa ch.
chi tatab ʼe j jas ri kimb ʼi j.
je ʼ l ku naʼ ria b ʼix chiu pamriququ lew.
kinb ʼi so j uwa ch lew al.
xu t ʼ uy ub ʼaʼ.
nim ria we qele ʼ n x ariqo.
xi ne ʼ waʼoq.
chiʼ ke war wi lea kʼalab ʼ.
ri nu miʼal xu taq loq jun taq o ʼ mw uj chiwe.
qʼe ʼ lik, ri chaj pa ri b ʼ e.
la utz awa ch? - utz malt yo x, e kʼu ria t? – utz mal tyox.
x in ko s rumal nu chak.
kb ʼe ku kʼ rie ʼ are ʼ ek tzali j pa ri nas are te ke ʼu nimaj.
ri joj xu kʼam b ʼik riakʼ.
kʼo chi wa chiʼ l cha nim.
kub ʼij che ch naʼ l kab ʼan che ria tz ʼib ʼ.
e. . . in kawa j ka tz jo j b ʼila chwe.
mata x in yaj leali.
jach in ru kʼ katb ʼe wi?
kʼo sib ʼalaj e taʼ mab ʼal pa rima yab ʼ no ʼ jib ʼal .
e man xo ri ju p uq ke j.
ka sum um ri kaqi qʼ.
e kʼo kaj ib ʼa kʼalab ʼ pale b ʼe.
je ʼ jas riu tatk kaʼ y ik.
x aqat molo nel tzi j tal.
len ut at ka loq ʼon chwe.
xaq tane kimb ʼei w u kʼ.
x reta ʼ ma ju chʼaj ik.
rumal la ʼ x koj “ xal qʼat ” che ub ʼiʼ ri komon.
are leu kem ik pa sx ret aʼ maj.
ri wat iʼt kub ʼan nariu patan.
kʼak ʼ lepo ʼ t.
reta ʼ m uwa ch jachin x loq ʼow ri pa s.
ken chʼab ʼe j lea kʼalab ʼ.
yaʼtal chaqe qono jel ri uj winaq utz ka qil qib ʼ.
x koti ʼ pa qʼayesxo qʼik.
ka winaq b ʼe le jeb ʼ qʼataj.
e kʼo kaj ib ʼ ral rii mul, jun sa q, jun qʼan , jun qʼe q, jun qʼe qoj , sib ʼalaj ke tz ʼanik , kechʼop inik ri alaj taq i mul.
k chol ol ria chachal.
kete kik ri ik ʼ.
xe pet ik rech ke waʼiw u kʼ.
tza tz riu qʼanil riakʼ.
xo j tzali j ik xi xe ʼ qa qʼat uj ku kʼ leita tinan.
ri yo ʼ x taqa kʼalab ʼ ke kikʼux ria tz ʼyaq.
we a chi we xu sipa j jun poʼt chwe xkamik.
k ko win ri kun anel che kuna nik.
x ji qʼ pa ri polow.
xa rumal sib ʼalaj ra jawa xik le lo qʼalaj ja ʼ , le winaq xkib ʼi j : che we ikʼ riʼ qono jel ku j b ʼe che utik ik taq cheʼ.
ri una nerie rachalal kepe u loq ru kʼ ri are ʼ, kʼate kʼu riʼ, man ke ko win taj ke qib ʼu koq ru kʼ, rumal rech che e kʼo sib ʼalaj winaq.
rumal rech , che man kʼo ta junk ko win che u koj ik junti kib ʼalil chik ch uwa ch ri ko jom chik che are ri jesusk ri sto.
te kʼu riʼ xu tz ʼib ʼaj ri b ʼ pa ri nimalaj tijob ʼal rech aj ku ʼ n.
ka jul uw ri chʼu mil cha qʼab ʼ.
kʼi sb ʼal ka noq , xo qujeʼ k kam rii xoq.
leala xok ik.
kʼop waq pa u wiʼ ri mexa.
are kawa j nak in ʼe taj.
ri yawal ku koj ria li chiu xe ʼ ri chakachare usu ʼ t.
na kaqa kʼam tu ʼ b ʼi kamik.
ria j tij kub ʼi j chik e : ra jawa xik ke qa chaj ij ria waj, are utiko ʼ n ria jaw.
xi ntij muk uni wi r.
kʼa x leu wiʼ taq len u qʼab ʼ .
x in loq ʼ jun il b ʼal wib ʼ.
waʼ we qʼij, nim ub ʼantaj ik.
ri ux e ʼal ri qa tinamit man kasach taj.
xoj b ʼi nik.
ria ch alal junam ki wa ch.
x in weta ʼ maj ri lik wib ʼ.
nim riu naʼo j wa j tij.
miq ʼin ri kʼul.
aj qʼo jom ria te ʼk.
che le sa nik che ʼ kb ʼan wiri qʼo jom.
ka pe lea wel pan awal j aʼ.
ri meso nel taj ink chaku nik.
utz cha qe kaqato ʼ qib ʼ, taq kʼo kʼa x kʼo lil, kate we chiʼ n ria jaw paqa wiʼ.
xawi lo , x qʼatan lei b ʼoy.
xat ko w inik xab ʼano.
kiʼ ri kʼa we x.
kaj ilil ri b ʼ e.
lea li xel b ʼ ik.
are ʼ x raj xin b ʼano.
nim we ab ʼaj.
je ʼ li ku tiʼ jol al ri saq ko ʼ r.
noj in aqrike j.
we katij an xu x man kat uto ʼ ta chiu qʼati xik le kʼa kʼyab ʼil coro navirus ( 2019 -n cov).
nanim ta raqan waʼ we cheʼ.
utz alaj aj chak, ri wel.
¿jam pa ʼ ku j b ʼe pa nima qʼij ?
ra jawa xik tane la ʼ kat chakun wu kʼ.
xu taq chiʼ j pa w ara mpulew.
man are ta ria xwan xelik.
ria wix xu loq ʼ rachoch re nimal.
are rii xoq x in sik ʼinu loq.
ri chʼima kʼat ʼon na.
la xib ʼan lei chak?
kʼi tinamite kʼopa chʼo ʼ j.
kʼo jupuq chij chiu xe ʼ ri cheʼ.
ri ux aq ri ab ʼi x are uwa ri ke j.
ka winaq qʼataj.
la kix pe pa tijob ʼal ?
we kechaj ix taq le kʼwa jachak in b ʼij; jun alik kʼo ja ʼ xu qujeʼ sib ʼalaj sa qlo loj.
x ret aʼ ma j.
ria lab ʼom ria li tom ab ʼ taj in kiki tijoj kib ʼ rech sutaq, are ka kaj kikib ʼan nima qa chi j ab ʼ chu pam ri ki kʼa slemal, xu quje kʼo chik jupu qb ʼi xo nel chu pam ri komon.
la tz ʼ uwa ch ri b ʼe.
kʼa kʼ ria chʼi chʼ.
qono jelu j, uj ma yab ʼ taq winaq.
no jel qʼij ria tiʼ x kuy u qʼuj le taqawaj jela ʼ pa ni kʼaj jaʼ , chirij ri j uy ub ʼ ub ʼiʼ te naʼ.
pa qʼom chik risiʼ.
kin tzu kun chela.
kaki tij le kina qʼ, lei chaj , leu waʼ lik ru kʼ lej.
xekana j kan le aj chakib ʼ.
keti kon ria chi jab ʼ.
sib ʼalaj itzel ub ʼantaj ik ri chʼi lak an.
ri ate ʼ k xu malt yoxi j cheri ra tiʼt, rumal ri utz alaj no ʼ jib ʼal xu kʼut che ch.
k kamuli xu chak ri ab ʼi x.
la x in utzu ku j letijo xel?
are ʼ kachakun rono jel qʼij.
lee kʼa ʼ na taq tz ʼiʼ.
saq ri j ri plam ux.
jas x aqʼi ʼo xa tijo.
jas ru kʼ x kichap wi u tij ikleri kil ?
weka tatin ru kʼ kʼatan jaʼ man ku qʼate j tale kʼa kʼyab ʼil coro navirus.
la katb ʼin pale ux lan b ʼal ?
la wa ral kʼu xix waʼ wi?
are len ut at ki n loq ʼonik.
taj ink chakun ri ala.
kʼo ri kiʼ kotemala w u kʼ.
xu taja chin kaʼ ek.
xat waʼ ik xin wi lo.
x tzaq ri rachoch rumal ri j ab ʼ.
pale jun ikʼ chik are nima qʼij.
e keb ʼäm keb ʼin pa u wiʼ ri tem.
m em ria chi.
ri wikan chali ʼ y kel pa j uy ub ʼ chwi tzi ri b ʼal.
le raj il, la paja xela qʼax wu ʼ b ʼik ?
pa ri su ʼt pi som wirilej.
ko j pet ik kol qa kʼam aʼ.
taj in kat chʼop in chi uwa ch ri taqʼaj.
le qʼor x chʼu qik.
kʼa x waʼimaw umal.
kinb ʼi son che lew al.
sib ʼalaj kʼo kʼ ria wa tz ʼyaq.
kamik x uj b ʼe che utik ik taq che ʼ pa ri juy ub ʼ.
kinul o qʼoj len utat.
chaqiʼ j chik ri chaj.
xy il ix haway i.
na x naʼ taj ta ch ke chi xeat inik.
ru kʼ kʼu waʼ we riʼ, ri ixk kʼo jiʼ jun utz alaj i kʼa slemal riʼ ch ki wa ch ri winaq che mane kʼo ta i w u kʼ, kʼate kʼu riʼ man kʼo ta jun winaq riʼ ra jawa xik chi we ch.
e petinaq pa b ʼe le ra ch ala xik.
ka kaj lea kʼalab ʼ ke waʼik.
xu j chʼay b ʼ ik.
ri n uchak are qʼaxel tzi j.
kʼo nar ux lab ʼ ria wa j.
taj in kel loq, riqʼi j.
xu qʼiʼ ox kam sax ri rachalal choch.
ri numam are kʼo uqʼi nomal.
x kʼul mataj ju mul, xub ʼan jun nimalaj jab ʼ, man xb ʼe yetaj tana xu kʼi sle uy u qʼ chike.
am aʼ ri n utz ʼiʼ.
je waʼ kat pe tik.
x in kosik rumal x in chaku nik
i we ch chi ju junal, ri wa.
xu qʼiʼ ona x at atintaj.
in ri qtaj inaq pa ri kʼay ib ʼal.
na wetaʼ m taj.
kʼa x le nu qʼab ʼ.
utz le xub ʼij lea chi.
kema tz ʼib ʼ.
kʼo ra ch alal pa tz ʼoloj che ʼ ri pe ʼ l.
rono jel waʼ we jas taq riʼ, xa sk sa ch wi uwa ch waʼ ; ru kʼ we riʼ, ri ix, ra jawa xik che kʼo jun tyo x la ji kʼa slemale k kʼo jiʼ rii chʼa wem ru kʼ rid yos,
x muq taj ri pa tz ʼan.
ri chʼi chʼ tzi jom ka noq pa riu kʼol b ʼal.
man kʼo ta u cholaj pataq ria w uj.
ja chik e ikʼ leu nima qʼij le tinamit nawal jaʼ ?
xe pet ik xol ki kʼam aʼ.
kachu qʼ chu trij aʼ chiapam.
x in b ʼi j i wir chi xeb ʼepa armita.
are ʼux e ʼo jer tzi j wa ral kʼi cheʼ ub ʼiʼ.
x kʼi srinu siʼ.
jawi xkib ʼij wi chike ʼe wi?
¡ xa je kʼu riʼ, jachin taq rie kʼopa ri jude ʼ a, chi chanim che ʼa nima jub ʼi pataq ri j uy ub ʼ,
kʼa kʼ ria b ʼ.
la kʼo jun naka kʼo xo maj taj ?
na utz tale utʼi som le alma ri y.
man yaʼtal taj chia we katok paja.
je ʼ, xatu tzu ku j.
are kel wa j xa qib ʼu qʼij ri x kʼo j ik.
ri xu nkurk kʼo j iʼ pataq ri triko.
xi n sa chik.
xu tʼ uy ub ʼaʼ
na nutom tale tzi j …
wa chʼom ri kiwa ri no ʼ s.
e kʼo job ʼ ch ʼil wakʼ.
ra jawi xik chi pataq ri tijob ʼal , pa ni kʼa jub ʼi xik chik
ri ra jaw ru lew are ʼ tatkel.
we kʼux ok ik , we kʼna xok ta
we a chi xu sipa j jun pʼot chwe.
atat utaq o ʼ n le qʼatal tzi j.
naq ʼanta uwa ch le qaprut.
ri xaʼ r kʼo pa u wiʼ ri qʼaqʼ kpo qʼowik.
ri ro qʼe j ria li jachak pe jun akʼal.
kʼo junal apatijob ʼal .
säq u wiʼ rit ataʼ.
ri witz ikʼ taj ink pe loq.
jaw ix sa chonwik anu yaʼik lep waq che.
utz we a chi we xin kuna nik.
qono jel ku j waʼ pa u wiʼ ri mexa.
ri ka x la ʼ nik man po qon taj.
in x in b ʼe ru kʼ ri wa chiʼ l.
sib ʼalaj je ʼ l xki lo xeki tzoqop i j ri ki chij chilaʼ.
kinb ʼinik x in ʼek.
kʼa x kʼo lik, kachaʼ.
kutij i xim riakʼ.
ria lix chel, xu qʼiʼo xa jun akʼ x sipa x che.
x qa si kʼi j lei xoq chu tza kiksub ʼ.
mata xab ʼinsa j le chʼi chʼ.
ri p ix tz ʼara lik rumal rie qaʼ n.
¿ja mp aʼ kel chi 3%
kʼo jun nu kʼo toj chiʼaj.
taj in ke waʼ katri alab ʼom.
x in loq ʼ le nu kʼa kʼapo ʼ t.
nautza kik ta sub ʼ taj in ku ʼano
xo j utaq chiʼ i jxo j waʼik.
iwe ch ri ab ʼi x.
saq ri j ri chij.
aj sik cheri tinamit kel wirit ataʼ.
- ¡ ay ! x ax in tzaqu loq , kʼax wewaqan.
x kʼul mataj pa jun komon chiʼ uwa ch jun juy ub ʼ, xu ri qa jun qʼij xki riq kib ʼjuni mul ru kʼ lek ok.
jas xa taq chiʼ j le akʼal chu ti jik?
x inchaposu xu lo qʼo.
qʼi nom ria chi.
ri kʼum k tijow ru kʼ kab ʼ.
taj in ke ja chʼanik.
tze b ʼal u kemik le pa sa w umal.
are ka yo ʼ w le uchikop il le ub ʼantaj ikt ry panos oma brucei.
we kat nima nik utz ke lik.
pe rono ʼ j imal pet naq loq, .
are len uchak jun tzu qb ʼal wib ʼ.
x kunax ley awab ʼ rumal leaj qʼij.
ri u kʼu ʼ x tz ʼib ʼ paqa tzi jela ju j.
sib ʼalaj je ʼ lik rie qab ʼal xub ʼan rilu ʼ s.
sib ʼalaj atkon.
e man xo ri ju p uq ke j.
na x naʼ taj ta ch ke xeat inik.
ri kʼamal b ʼe xub ʼij chik e, chimaj aria nim.
ju mu chʼrinu junab ʼ.
qʼiptaj inaq ri raqan ri tem.
k chakun ru kʼ ri jo sb ʼal che ʼ ri aj anel.
xa taq chiʼ j le akʼal ch utij ik ka r.
o j kʼo pale ro ʼ ch lea wel.
¿la kat pe qukʼ chwe ʼ q?
le winaq pale chʼi chʼet ʼu yullo wi.
x kanaj ka noq chi ux e ʼ ri j ab ʼ ri chʼa ʼ n.
nim ri ja.
weta xa kunaj leat at mat axkam laʼ.
nan u kʼam om tu ʼ la riʼ.
ch qan u kʼu ʼ riqa tzi j.
kimb ʼe pale tinamit.
x inqʼi ʼon ax inatin taj.
ra jawa xik ka kʼa man cha we le utij ikl ele j.
kʼi sb ʼal taq no ʼ jib ʼal .
