x in e Íº wa Íºo q.
xki b Íºan k Íºax che le uwo saq rumal man ut z ta chi ka kay ik .
ri q Íº ut u Íºm man kech ta le ak Íºal ab Íº .
are na nim talea tz Íº i Íº ch uwach le nut z Íº i Íº.
xepe ti k x ol ki la Íº .
‚ø ja w chi Íº xa ta Íº che xkam ri u mam ri po Íºx ?
e ke b Íº ke k Íºam b Íº ik pa tu j.
x in loq Íº jun japa ri wo ka j ja .
ri a xt u Íº b Íº, k Íº o q ula j che ch .
jas ka ra j ka Íºan ch ut z aki k le t i Íº i j .
xut ij lewa.
x im b Íºal re t zi j .
xpax ri b Íº o Íº j.
we k awaj ka tinto Íº o xaq xuwi ka b Íº i j chi we .
jas nuk Íº uk uch Íº ob Íº o .
jas ka ra j ku tijo ?
xe x ru xlab Íº ri rik il .
en it z Íºa Íºq le taq imul.
we tan e in x in b Íºan ow ik , are le at e Íº k xb Íºan ow ik.
k in t z ali j pa le nu tinam it .
ri nu chaq Íº k Íº o pa uro Íºq Íºato j tijon ik pa ri tijob Íºal .
x in xi Íºj wi b Íºx in ch Íº aw ik.
k Íº o ch wa ro Íº ch le par e.
chi raq an ka b Íº in wi ri tata Íº.
xsach on kan uya Íº ik le p waq che cho ja .
x in q Íºax chik ix o Íºl ri wi naq.
ke tiko nik .
ri ulew man qech taj, kech ri qa ti Íº t qam am.
xepele wi naq x ol ki k Íºama Íº.
xu loq Íº ri w u j rumal ri ali.
che we q Íº i j kam ik k Íº o jun nut zi j on em chi rij le nu tinam it .
ke j ri Íº.
xkunan al aq ch we .
ki nusik Íº i j le nun an.
ri i mul xuch Íº i j taj , xka naj pab Íº e , rumal ri nimal ku jal uj ri i mul , xut zaq ri anim.
k ub Íºan ri uxoq Íº o Íºl ri aj t z Íºa q.
ri la si b Íºal aj ut z che kuna b Íºal .
k Íº i ki wach ri e Íºa j chaki b Íº pa ri komon t y ox , k Íºate k Íº ut xa jun chi aj awx el ;
xqata chi xa tulik .
ka waj chi ka t Íº e k.
ch Íº uti Íºn ke kanaj ri xa jab Íº che ch .
ka qaxi Íºj q ib Íº ka qa chapo.
e k Íº o ke b Íº uk Íºa j ol le tat x wan.
lu Íº sub Íº i Íº ri rech am.
aj chi uwi Íºm iq Íº in ja Íº ri lu Íº.
x in ya ka n le nuchim pa k Íºay b Íºal .
k Íºate xril o , xpe ri unan che ut z ukux ik , xki kotik , xu salab Íº isaj ri taq uxk in .
xkik Íº ut chi uwach ri aj tij xuqu je Íº chik iwach ri taq nik Íºa j kachil .
ut z le nuq Íºab Íº .
k ul le al we Íºl pa a ustin cha q Íºab Íº kam ik .
ri ate Íº k xt zaq loq are chik Íº o pa uwi Íº ri q Íºa Íºm.
aj patan ri te Íºk.
xatqa j chi upam ri il .
la k Íº o t zi j na kik Íº ox omaj ta j ?
xsach on ch ke chi xe atin ik.
ro no j el le ulew e ch alaq.
la xe b Íº e k Íº ulax e Íº ki jaq ak Íº ul e uchi Íº ja ?
xaq ka t ch Íº ok na j iwir.
kam ik k Íº o chi ri jas taq aw e .
are chi Íº ka k Íº is ri juna b Íº k Íº oq Íº in om .
pa na wal ja Íº x in alex ik.
na x in tata j we are ri ak Íºal ki xt z uq uw ik.
‚° r ulew ri sab Íº ulo ner ulew ri neftal i , ub Íº e rip ol ow , r ulew ri jor dan , galile Íºa ke ch ri je taq amaq Íº !
ra x, ra x, ra x, k Íº o k Íº, k Íº o k Íº, k Íº o k Íº le r uxlab Íº le taq tiko Íºn .
achi xa twi lo .
pa qa l ra j il le pi xkam ik .
xo j b Íº in ik .
pa jun je Íºl tijob Íºal ku tijoj ri b Íº jun ak Íºal , ub Íº i Íº po Íºx, ut z k uril o ke pa tijob Íºal ro no j el taq q Íº i j .
xwaj chi xa t Íº e taj.
ut z la Íº lex ub Íº i j le achi .
weta Íºam jachin ka pe ti k .
k in q Íº o j oman ik .
x in q Íº i Íº o tak Íºal ik x in pe tik.
are Íº reta Íºm che ki no pan ik .
are tab Íºal e qa qa j aw cha t to Íºw ik.
ka wi naq waq ib Íº q Íºataj.
na qa j chik che ri uw aq kaj b Íºal are taq chi Íº k sach uwach ri q Íº i j , ko k riq Íº e q u Íºm ch uwach ulew , chik Íºate Íº na ri b Íº e le je b Íº kaj b Íºal .
job Íº raq an ri t z Íºa lam xe por ox ik .
si b Íºal aj ko rij ri mo p.
are wa Íº.
je la Íº pa ritimin it ch wi ka byok rech xe laj u Íº , le qa na n qa tat ka ki tiko je Íºl al aj taq uwachi chaj.
k Íºax nuqul.
xu Íºl uk Íºama Íº.
ko j ul ki t z uku j.
are man k Íºaxta ukunax ik are taq ani naq ka Íº i litaj we ya b Íº il al xuqu je Íº mo jo Íºq ak uya Íº le k Íºax k Íº ol il che ch le jo lomaj.
ri w el k Íº o pa tijon ik .
ka waj kin b Íº i j .
ri kot z Íº i Íºj k qa ko j chi upam ri ja .
q Íº e q q Íº o j rij ri ama Íº ke j .
na x waj ta j x in ch Íº aw ik.
ch petab Íºal e loq Íºal aj ja b Íº .
xsach on ch ke xa t ki sik Íº i j .
e leq Íºal ch Íº ich Íº .
jachin xa wi lo chi are xtij ow ri ti Íºj ?
ma tak ab Íº e le nuxb Íºal pa le tinam it .
pim ruq , ri ali.
‚ø k Íº o ri muq Íº e chi aw e ch ?
k qa b Íº i j man ke ko win taj.
kin t i j na .
k Íº o jun qa t Íº u Íº y pa ja !
k Íº o p uj chi upam rich Íº a Íºk.
are taq kin ko sik kin war ik.
xa t wa Íº ik x in wi lo
in x in ch Íº ay owle achi .
ko no j el ri alax ik ke Íº et z Íºan ik .
jas ruk Íº xki tij wi le ki rikil ?
ani naq il ka t pe tik.
na ra xta uwach le juy ub Íº.
ri t z Íºa lam t z Íº ib Íºab Íºal ra xk kay ik .
wecha t chakun ik , k Íº o awa.
ma Íºtam xa t pe che ri w a Íº im .
ka mul kin wa Íº na .
ri sik il k t i j ow ruk Íº ik.
k im b Íº e aq Íºan ruk Íº le altalin.
xo j Íº e k xe Íº qila larqaso k.
xe kiq Íº il le aj chaki b Íº xki wo k le ja .
ma t an e xwaj le k Íº u h j nem ruk Íº le at e Íºk.
are xe Íº o pan chi uchi Íº ri juy ub Íº , xki lo chi man qastak Íº oq Íºay es .
k Íºate k Íº ut , ri jesus man k ko jon ta ch ke ch ri e Íº are Íº , rumal rech che ko no j el reta Íºm ki wach ,
pa Íº t z ri j ri t z Íº i Íº .
juwi naq waq ib Íº q Íºataj.
atel aq Íº om .
xa qat jo Íº s .
ri q Íºat z u, are q Íºal aj ri uq Íº i j il.
aj chak we ala.
ub Íº e le j u kak Íºal taq an ik ( 29 ).
ke b Íºn ub Íº i Íºk Íº ol ik .
la ka t z ali j lu Íº la ani naq ?
ka t z ukun la ch we .
la ka j la ko j b Íº e Íº pa le chomal ch we Íºq ?
x in na b Íº ej chu ta sik qak Íº ol ib Íºal .
la l xinto Íº wi k .
si b Íºal ajano Íº j ib Íºal .
xo j pe ti k x ol q ak Íºama Íº.
si b Íºal aj je Íºl ik ri uw a Íºl ri ichaj.
k Íºax wi j rumal in pa cha lik .
are taq xuk Íº ulmaj wa Íº xu l ri uchoman ik xub Íº i j : are ut z wa aq Íºab Íº kin wal ij ik , are cha Íºcha nim ki no pan pa tijob Íºal , maj chik in k Íº ulmaj.
oj aj xo jo lob Íº pa awasq Íº i j .
x in sach che le uwo kik le t zi j .
e jula j u j ri ak Íº .
xuta jam pa Íº ko j Íº e k.
qil ik .
ri tijox el man are tanim ch uwach ri ra j tij . ri ut z tijox el qas je ri Íº k Íº ol ik jas ri ra j tij .
in xa t in ch Íº ay o .
no Íº j im chak w umal .
ch Íº ur ri joch Íº.
inkin b Íº i j na ka t sach taj.
ujma ya b Íº .
ri a b Íº aj ya t z alik.
tajin ke pi xb Íºax ri ak Íºal ab Íº .
ch om ri a q.
x in war ik.
e le men ko no j el ri ak Íºal ab Íº .
tajin k q Íºan a ri k ri we re Íºaj.
le ukem ik le pas ut z ( cha we ).
xu yup ub Íºa uwach ra Íº chi , ka cha Íº , .
ri satan as ko k pa ri judas ri k b Íº ix is ka ri Íºotech rech , ri are Íº jun ch k ix o Íºl ri e ka b Íº la j u j.
ch uchu ripar.
k in q umuj ri nu joch Íº.
che ch punc i„≥n lumbaramaq Íº el ra j awax ik che ch ri lik le uk Íº ex b Íº em wi le na b Íº e ruk Íº le uka b Íº uk Íº ut un em le ya b Íº il al .
q Íºal aj chi na ka waj taj ka b Íº i j .
k Íº o q Íº ol chi rij ri si Íº.
ja wi xoj Íº e wi chu loq Íº ik ?
k Íº o uloch Íº ri talin.
q Íºan ri j ri ati Íºt nuk e j.
la xt z ali j la iwir ?
xe sik Íº ix ik , k Íºate k Íº uri Íº xe ya j ik , xuqu je Íº xe taq b Íº i che usik Íº ik le mes.
la k ix war ik ?
are k Íº ule palomax xub Íº i j che : - mam ka t b Íº i son taj, kin sik Íº i j nik Íºa j wachi Íºl ke ra pa pi k .
a Íºre e tijox el ab Íº .
ri alaja li si Íºl xub Íº i j xqacha p pa ut z al ri t y ox .
xsach on ch ke jachin xe atin ik.
jas xu ray ij le a na n xutijo ?
x in ko sik .
ra x ro no j el ri q Íºay es rumal lejab Íº.
k in ya wa Íº we ch Íº ich Íº p in em na ut z .
no Íº j im upach Íº uxik le nu wi Íº.
na j k Íº o wi le wo Íº ch ch uwach le tijob Íºal .
ri o ki b Íºal k Íº o chi uwach ri saq ja .
xe nu taq ch Íº i j ke kil le ak Íºal ab Íº .
k Íº o jun q Íº ox ow em chi we.
t za ri cho Íº m.
we choj b Íº e pa le nimaq Íº i j , ke qil le aj xo jo lob Íº .
xo j Íº e k xe Íº qila larqaso k.
ri ate Íº k xuta Íº che ch rinan to Íºn : - na n jas che Íº chi man ka j ta la qak Íºat isaj ri jo Íºq.
ripal si b Íºal aj xu Íºy .
kin ko j ri jo k b Íºal ulew .
inkin b Íº i j na ka t sach taj
at ra j kun le nu nan.
ku qa mujujor on ri aj t zi j .
lu Íºt z Íºa lam u b Íº i Íº ri achi kel pa nim che Íº.
je Íº lik uti Íºj ol al ri saq ko Íºr .
k Íº o jun xa Íº rpaja.
x in loq Íº jun k Íºak Íº patan.
k Íºax ukem ik le pas aw umal .
ani naq ukem ik le pasaw umal
ri ch Íº a Íºn sachi naq pa taq ab Íº ix.
ra xtaq le kot z Íº i Íºj.
mesom ka noq ri upam ja .
man are tar alaxkos ik.
ri komon xe chp up rech uq Íºab Íº tinam it xo Íºl ab Íº aj rech q Íº umar ka j.
la ut z aki k k Íº u sub Íº tajin ku Íº an o ?
ka tel a !
na xutij taj.
xa rumal keta Íºm ko no j el ri wi naq k kiqum u j le ja Íº.
iwir xuj t z ali j la pa k Íºay b Íºal .
qeta Íºm che ri qa wak ujuto Íº o .
ri aj tij , k ya j on chik e ch ri ak Íºal ab Íº .
jas ub Íºan om le nuch Íº uti tat ?
ch we Íºq kin b Íº e pa nim tinam it .
ut z we ki weta Íºmaj jas ku b Íº i j ri chol b Íºal q Íº i j .
tajin ka tjilo w che uq Íº ox om jo lomaj.
x in t ik q Íºax chi uwach ri ja .
k Íºax le ki b Íº e le wi naq.
loq Íº kat kun taj che le ya b Íº il ( covid- 19 ).
ri nu xib Íºal ke l pa qa j b Íºal q Íº i j .
xril ri axwan chi x wa Íº ri ala .
le alix kuna ta j ik .
we ta ka pelej ab Íº kam ik .
x in weta Íºmaj chi na xa t pe taj.
rip waq rech we q Íºata j ri Íº kesax che ch ri toj b Íºal k Íºay in em .
k tij ri uw a Íº lik rumal ri ki nimaq Íº i j .
xuchap ukunax ik .
cha t an loq ali .
x in xuli Íº qa j oq .
je Íº lik k tij ow ri taq ik ox.
k Íºate k Íº uri le tat xo Íºr xub Íº i j , man ka waj taj , man ka waj taj.
k Íº o jun t z Íº i Íº pa b Íº e .
ka mulxin pe che at z ukux ik .
man tajin ta k in chakun ik.
k in chakun ik rech ka t wa Íº ik.
jas ruk Íº xa wil wi chi xki q up ij wi le ti Íºj.
jas ub Íº ix ik ‚Ä¶?
k oq Íº ri ak Íºal .
ka waj na ka t Íº e taj.
xatq Íºajik.
w em na cha loq Íºaxiy al , na ki mb Íº e ta aw uk Íº .
xo pan le w u j aw uk Íº rumal wechin.
are k Íº ut pa le juy ub Íº k k Íº iy jor on , chi la Íº xe kik Íºam awi ri ja Íº ri wi naq.
k oq Íº ri ak Íºal .
we k Íº o ara j il chak Íºama loq.
are si b Íºal aj ka q le apo Íºt ch uwach le nupo Íºt.
x in k Íºas taj pa ka b Íº la j u j kaj b Íºal .
ka qoy Íº e j na ki xpe ta j .
ko kax im ri chij xa je la Íº man ka nimaj tab Íº ik .
ri ko k nojim xb Íº e k , xuch Íº i j oxo pan pa uk Íº is b Íºal il le anim.
xo jki Íº kotik are taq xat ul ik.
ka qit z Íº na j ri uxa jab Íº ri ak Íºal .
ri jesus k wa Íº kat pa ri nim rachoch ri d yo s , chu xe Íº ri jun ja che rachoch ri salomon .
we taq an ik ri Íº ku b Íº i j chi ra j awax ik k ya Íº uq Íº i j ri wi naq xuqu je Íº k to Íº ani naq il .
ri a xu x are na ri ukunel ri ki naq Íº.
are taq wa Íº ri uq Íº i j ol we taq an ik .
k Íº o jun tab Íºal pa uwi Íº ri x kan ul ub Íº i Íº la j u j no Íº j .
yu Íºl ub Íºan om ri uko lob Íº ri ke j.
xa nimaj ri ak Íºal chi uwach ri uchuch.
k kunan ri achi .
k in wa Íº ik rech na k in yo waj taj.
aj xik ch Íº ich Íº ri lu Íºs.
k waj che ix ki xb Íºan ow ik.
a Íºre xe to Íº wa laq.
xo j Íº e k xe Íº qila larqaso k.
x in loq Íº jun ch Íº ich Íº , qaji naq uwach.
k ut Íº is ri panta lon.
eja nipa le awal k Íº wal e k Íº ol ik ?
ut z ukem ik le pas cha we.
ri max are aj q Íºan i ya Íº.
matab Íºa chi riq k Íºax pa le b Íº e .
tajin ka nimaj, ri me Íºs .
ix ix e Íº la q Íº omab Íº !
xsacha nch we .
e k Íº o k Íº i che Íº , chi uwach ri juy ub Íº.
are wa Íº ri nimal aj pi xab Íº e are wa Íº ri na b Íº e .
xreta Íºmaj chi ruk Íº pa k Íº ku tij wi
jas ut zak ik le sub Íº xu Íº an o ?
a j xo Íºy ri wikan.
we tan e a Íº re xe tij ow le rik il , are le komon xe tij ow ik.
si b Íºal aj ani naq ka ch Íº aw le are Íº chi nu wachin.
ut z we kin chakuj .
me Íºsla Íº .
k Íº o kan wa rech ka qa tijo.
x in sik Íº i j la .
ri ak Íºal xsach ka noq je la Íº pa taq Íºaj.
xe sik Íº i j la .
ja wi xki b Íº i j wi chi ke Íº e wi ?
rumal che , man ix tari Íº ri ki xch Íº aw ik , are ri r uxlab Íºaxel ri i tat ri Íº ri k ch Íº aw na iw uk Íº ri ix.
k Íºak Íº riwachoch .
si b Íºal aj ut z kin wil le at z Íº y aq rech na hua la .
saq por k kay ri ki po Íº t rinan .
xsach on ri nuchak ch we .
wa Íº im xuchapo .
ri q Íºaq Íº tajin ka juluw ik .
na j il upam ri siwan.
e k Íº o ri qa chal al pa chi uwi Íº la .
jas xa taq chi Íºj le ak Íºal chu tij ik ?
no Íº j im ukem ik le pas aw umal .
k Íº o jun k uku b Íº i Íº tintin, wa Íº le la j k uk mam ka je q itaj , ka pa qi ka xulik pa uwi Íº uq Íºab Íº taq che Íº , si b Íºal aj sak Íºa j , ke Íº uto le e nima Íºq , ch Íº utin , rachi Íºl , aj si pan el si b Íºal aj ut z ra nima Íº .
ri u pi xab Íº le q Íºat b Íºal t zi j ki ya Íº ub Íº ix ik .
na xsach on ta ch ke xe atin ik.
xe qil le chikop pu wi le ja.
x lo Íºta j ri ak Íºal .
qo no j el ku j wa Íº pa uwi Íº ri mexa.
xsik ir le waq an .
la xa t wa Íº k Íº ut ?
nim ub Íº aq Íº ri t ulul .
k in xik Íº i k Íº i k x in q Íºax ik.
la ka t b Íº e pa le tinam it ?
ripal si b Íºal aj saq Íº or .
k q Íº ox ow nu ja lom .
x in na Íº o chi ka t pe tik.
xloq Íº ulew iw e ch ix.
x in chakun ruk Íº ri nu mam.
na xq ab Íºan ta j.
k k Íº o ji Íº b Íºa Íº ri usi pan ik ri aj awx el jesus kristo ruk Íº ri aw uxlab Íºal !
k in ch Íº aw ruk Íº le nun an pa le ch Íºa web Íºal .
si b Íºal aj q Íº e q u Íºm rumal ri may ul .
are leba xulik.
xe kos le ix oq ib Íº pa le b Íº e .
k Íºax ri lik le ak Íºal cha we.
x in q Íº i Íº oxin atin pa jor on .
si b Íºal aj nim le tinam it .
k Íºax ukem ik le pas aw umal .
x in sach ik .
tajin k el u kik Íº el pa raq an ri t z Íº i Íº.
x in weta Íºmaj ri lik w ib Íº
ri q Íº uq Íº are jun je Íºl chi ko p.
k Íº o pa ja tijob Íºal ri wi kaq Íº.
ri sach ib Íºal mak ra j wax ik chi qa xo Íºl .
je Íº , ki m b Íº e k.
je la le Íº ri nup wi Íº.
xub Íº i j che : - jas xab Íºan o tintin ?
ka b Íºan jun toq Íº ob Íº k ya k ri nu jal .
ka t Íº e k x in ta.
jas le uk Íº ex b Íº em ri b Íº le jun ruk Íº le jun chik ?
aj chi uwi Íºm iq Íº in ja Íº ri lu Íº.
ri tijon el naj k pe wi .
te Íº k ix chob Íº ub Íº i Íº ri nu tat.
ri ja Íº kam i q Íº ik chi uwach ri q Íº aq Íº .
ri t Íº u Íºy k pa q Íº ow ik.
kin mes on na .
na qa j at k Íº o wi chi wech .
x in b Íº i son ik taq na xa t pe ttaj.
we xkam ri wi naq , rip waq rech toj b Íºal makaj k ya Íº chik e ch ri ralax ik.
ri n unan xb Íº e pa k Íºay b Íºal .
xo j uk Íºam uloq rech ko j ri lo
xk Íº o to chin chik iwach chik in wa Íº aw uk Íº .
na xki kam saj ta j xkik Íºam b Íº i cho ja .
k Íºak Íº ri ik Íº kam ik .
xim b Íº e ruk Íº le aj kun iw ir .
ri lik .
le t z Íº i Íº xe kos ik.
x in ki kota w umal .
ri i mul xumaj ri a nim , xuya k an le ko k .
k Íº o oj che ri ak Íºal .
xuj b Íº e pa jun k Íº ulan em .
ut z we k war alaq.
ka qil o chi na ko j uk Íºam ta j .
xreta Íºmaj chi ruk Íº pa k Íº ku tij wi .
si b Íºal aj x in k Íºa Íºn arik.
x in ko chi j ri nu wa.
man ka t ko win ta j ka t chakun ik , we man k Íº o ta ri aj il ab Íºal .
we wo non xub Íº i j chi ke :- k ix in to .
ri ala nim k ril wi ri u mam .
xka Íºy chi rij , xka Íºy ch uwach , ma k Íº o ta chi jun k silob Íº ik , xoq Íº ik xu xe Íº j ri b Íº xch Íº op in ik xt z ali j loq xuriq ta chik ri ub Íº e .
k Íº o pu s che ri wa.
pi nem na ka b Íº e le wat z, ki m b Íº e wi in pa ka Íºy ib Íºal .
rinan to Íº n nim wi naq chik , saq uwi Íº , ro no j el aq Íº ab Íº ut z kuna Íº o ka t Íº uyi Íº pa ut em , ku miq Íº isaj ri b Íº cho ri q Íº i j , k Íº o jun uwi Íº umam ub Íº i Íº ate Íºk.
man e k Íº i taj ri q ula Íº .
q Íºal aj chi na ka waj taj ka b Íº i j
x pa qa b Íº isax ra j il ro no j el ri kem .
k Íº o pa ri jul ri ku mat z.
ro no j el q Íº i j kin ch Íº aj le nu ware.
saq chi kan le i chaj rech ka t z a ko.
chu xe le qa chomal ka qa tij wi jun q ameq Íº in.
cha wi la Íº .
e k Íº o j ob Íº umi Íºal, ri nu tat.
jas ruk Íº xa w il wi
je Íº jas ri wi naq rech ri uwach ulew , xoqu je Íº ke pe na ri Íº ri e Íº are Íº che e rech ri uwach ulew ; je Íº jas ri wi naq rech ri kaj , xoqu je Íº ke pe na ri Íº ri e Íº are Íº e rech ri ka j.
x in tijo.
k t z Íº u j uw ri rachoch ri po Íºx .
xuq Íº i Íº o are le uk Íº ulel xya Íº ow uwa.
ri aw el xreta Íºmaj chi ra j awax ik man ku xej ta ri b Íº che ri t ukur .
juk Íº ulaj wi naq xe Íºa nimaj b Íº ik .
je Íº , x in t z ali j ik.
xo j pe ti k x ol q ak Íºama Íº.
maj jachin x Íº e k .
in aj tij ; at tijox el .
saq uwi Íº ri tata Íº.
wech ri kem.
le ro Íº ch le ate Íº k k Íº o ch wach le uk Íºay len unan.
k b Íº e pa ri si ri Íº ae pa risilisi Íº a, ja wi je Íº kuya wi ri kichuq Íºab Íº ri komon t y ox .
pi xab Íº : man ut z taj k Íºax ku jch Íº aw chik ij nik Íºa j qa ch il .
xkunata j le ali ( kumal ri ix oq ib Íº ).
ri xib Íº ib Íºal chik Íº o wi pa taq ri qak Íºas lemal ro no j el q Íº i j .
na ku j war ta war al .
on che k k Íº o ji Íº ri ut z il chi xo Íºl , are ch junam ri qa ko jon ik , junam ri iw e chi x ruk Íº ri wechin.
pa oxq Íº i j ri sa Íºn k b Íº e na ruk Íº ri aj kun .
ka wi naq w uq ub Íº .
jas ka waj kin tijo ?
weta xa t b Íº e w uk Íº pa le tinam it , xa loq Íºtala Íº le u jas taq le ak Íºa j ol .
ke b Íº e pa wa Íº im .
x in loq Íº k Íº i wa .
pa junnim k Íºa che Íºla j , k Íº o jun k Íº wa Íº si b Íºal aj saq l ol oj , nim uwach.
k waj ka tij jub Íºa Íº wa .
ro no j el wi naq k ril na ri uko lon em ri d y o s ‚<unk>.
xk Íº o to chin chik iwach chik in wa Íº aw uk Íº
k waj na ka t Íº e taj.
la xa loq Íº jun alej ?
e k Íº o ri e loq Íº oman el .
ri uka b Íº ub Íº i Íº ri nu mam arey ay .
k in jo pi j ri ija Íº rech triko.
xna Íº ta j ch ke xe atin ik.
xa te Íº qila Íº .
kaki tij alan xa x ri wi naq.
... k in b Íº i j chi are wa Íº sinxi Íº an .
na x in na b Íº ej ta ch uta sik qak Íº ol ib Íºal .
rumal rech che weri in, kin ch Íº aw ruk Íº ri d y os pa ch Íºab Íºal , k ch Íº aw nak Íº uri Íº ri w u xlab Íºal ruk Íº ri d y os , k Íºate k Íº ut man k Íº ota upatan ri Íº ch rech ri nuchomab Íºal.
xepe tik xkil o .
xuta we ka t Íº e k.
ut z ukem ik le pas cha we.
ri nu wakax xu tij jun q Íº oq Íº rumal ri Íº xkam ik .
rumal ri k Íº ix, man ke wa Íº taj ri wi naq.
xe Íº u lik .
q Íº e q rij ri ama Íº chi j.
xra j ka Íº el e unan .
junam ki juna b Íº .
na q Íºal aj ta j we ka Íº e k.
ri wix nam ch Íºaj ch Íº oj ri rachoch .
wa ra l man k Íº o ta j aj awal.
na iwir ta xril le k Íºam ol b Íº e .
x in pe loq te k Íº uri Íº x in t z uku j ro no j el ri nura j il.
ri aj tikon el ku tik ri t zi j .
k Íº o e ki k Íºa j ol le achi jab Íº .
k utij q Íºay es ri ix pa Íº ch.
pa ri wa Íº b Íºal e k Íº o ka wi naq achi jab Íº .
si poji naq ri nupam .
ka ya Íº ta j ik ruk Íº ut i Íº on em jun ri u riq om le ya b Íº il amol ot se ts„© xuqu je Íº are ka ya Íº ta j pa taq ri juy ub Íº .
jachin ri achi ?
ri nu mam xkam ik are taq k Íº o jum uch Íº la j u j ujuna b Íº .
kin ko win ik kin k Íºam b Íº i le p waq .
k in wi lo chi ut z ri aji Íº.
x in q Íºil ri apo Íºx che man kachakun taj.
k wa Íº chi uwach le taq Íºaj ri ama Íº ak Íº .
ri i mul xe poq Íº ik pa jun ik Íº .
xk Íº is ka noq ri qa chak .
are ri ali xo ji low ka noq .
si b Íºal aj ch Íº u Íºj ri amax.
k Íº o nuwa chi Íº.
in chaj inel kech le ak Íºal ab Íº .
xe ko sl e t z Íº i Íº.
kin b Íº e na kuk Íº ri mol aj.
ro no j el aq Íº ab Íº kin y it z Íº ri wak ax .
ka rapi nik xu t z uku j chi jun awaj .
le ukem ik le pasan i naq ( aw umal ).
maj u ra j il le q Íºab Íº ar el .
k Íºax ri Íº ri ka ch Íº aw ik.
xo j utaq chi Íºj le achi chuloq Íº ik i chaj.
si b Íºal aj k Íºax ri xk Íº ulmax ik .
xki lo chi nak in k Íº ox omaj taj.
x na Íº ta j ch ke chi xe atin ik.
xk Íº o to chin chik iwach chi x oj al wo Íº qa kuk Íº .
jun q Íº u Íº q ra j il ri kax la Íºn wa .
x in wil o chi xe Íº el ik.
e k Íº o ix oq ib Íº pa le k Íºay b Íºal .
man k Íº o ta j uk Íº is ik ri may ab Íº aj lab Íºal il .
risin k k Íº iy pa taq Íº a j .
ri ch Íº im aman k k Íº iy taj pa taq Íºaj.
ra j awax ik k ji kik ri waq „§n .
ka waj kin Íº e k.
e k Íº o oxib Íº ak Íº.
xub Íº i j ch we ja wi at k Íº o wi .
ch we Íºq k uj b Íº e Íº pa muq u j .
pa saq k Íºaja Íº k b Íºan wi ri u q.
xo jki sik Íº i j.
x in wil w ib Íº.
cha q Íº chik ri w a .
k im b Íº e na ka pa le wo Íº ch.
ka waj kin Íº e k.
ri ch Íº u Íº k tij ruk Íº le j.
pa ri kiq Íº i j kam i naq ib Íº k b Íºan q Íº o ri k Íº ya Íº rech aj : na b Íº e rinan kut z uku j kan ri aj, ku jach Íº o Íº xuqu je kuk Íº e to.
jas ka j b Íºal cha nim ?
ut z uchoman ik ri ali.
pa riq Íº i j oxla j u j tijax kin k Íº is ke b Íº juna b Íº kin chakun war al .
si b Íºal aj ko , ri k Íºak Íº ch Íºat.
jas ka ra j k ub Íº i j ‚Ä¶?
rich Íº ich Íº ka sil ab Íº ik .
pa ojer q Íºalpul xaq xuwi ri nim wi naq ke k Íºam ow b Íº e .
le ukunax ik le uka b Íº uk Íº ut un ik are ruk Íº e flor nitina on ut uni b Íºax ik le ni furti mox chi Íº le flor nitina che ch t. b. g.
are ri achi x in ch Íº ay ow ik.
jun achi ub Íº ik u Íº xu si paj ke b Íº k Íºa Íºm ulew rech ka b Íºan ri tijob Íºal , kam ik , k Íº o chik aj tij rech ri komon xe ch pup.
xumalt y ox ij che ri aj tij ro no j el le xuk Íº ut chi uwach.
pa ri b Íº e xki raq jun alaj imul saq rij , xkik Íºam b Íº ik .
xril leb Íºal e ala .
jas ku b Íº i j ch we ?
le ukuna ta j em are ruk Íº ut z ukux ik le uchi ko pil pa jun usolik uxe Íº le kik Íº on le ja Íº rech jun no do .
ut z we nut z Íº i Íº .
je Íº , tajin kachap on ik.
k in uloq Íº oj le nu tat.
ka waj kim b Íº e pa tinam it .
are la Íº k in chakuj .
ri nima Íºq taq wi naq k Íº o keta Íºmab Íºal .
we taxa t b Íº e w uk Íº pa le tinam it , xa loq Íº ta wa Íº we jas taq .
ri ki k Íºas lemal . wa ix imule w xa jun chima are ta tinim it ri ma
ri uk Íº ya b Íºal na j upam .
xatqa j chi upam ri il .
nojim ka t wa Íº ik.
we k Íº o jun k t u qa Íº ri k , ‚ø la man xoqu je Íº tajkin t u qa Íºr ri in ?
oj oj wo k ol ja .
awas k b Íºan k Íºax che junnim wi naq.
x in ch Íº aw apan ruk Íº le w a na b Íº.
k Íºax ri upam ri ju Íºl .
tajin ke wa Íº ri i mul.
la ka j lak uj t z ali j la ani naq ?
rumal rech che ri makaj man k Íº ota uko win em pi wi Íº ri ix : ri ix man ix k Íº ota chi chu xe Íº ri pi xab Íº , xane ix k Íº o chu xe Íº ri si pan ik .
nim raq an le che Íº.
x in chapo.
are le t u Íº r le loq Íº oman el .
xas ka t k Íº o ji Íº chi upam rich Íº ich Íº.
si b Íºal aj nim raq an ri k Íºamal b Íº e .
le t z Íº ib Íºab Íºal wechin.
in x in to Íº w la .
xa je k Íº uri Íº ri ix kam ik ri Íº man ix ka xlan wi naq ta chik ; ri ix, ix rech ri ki tinim it ri et y ox laj taq wi naq , ix rech ri rachoch ri d yo s .
x in tikox la j k Íºal i cha j.
ka qa riq q ib Íº ch we Íºq .
si b Íºal aj ut z che ri wi Íºaj ri t un ey .
wena jup ulik ta xe qa j ik ...
x in to Íº ta j che ri nuchak .
k Íº o jun chik op ub Íº i Íº pum.
poq on ri ik .
xo j b Íº in ik .
xuch Íº e kro no j el le retaman ik xpa qi Íº k k Íºax k wÍº inik xub Íºana j kun .
kel ub Íº ik pa ri jude Íº a e k t z ali j chi ub Íº i jumul pa ri galile Íºa.
x in axi b Íº i j pa b Íº e .
je Íºl k Íº ol em chi awachoch.
ro no j el ri ya Íº tal il pa we q Íºataj, t z Íºa qat ki wach , man k t zaq ta ka noq xuqu je Íº man k ta s taj.
xukunaj le ya wa b Íº le aj q Íº i j .
chi tat ab Íº ej jas le ki m b Íº i j .
ch Íº a na l ri achi .
pa b Íº o ko Íºka chakun wi ritax.
uj k Íº o pa uw uq q Íº i j .
ki Íº ri uka b Íº ri a qa j.
k Íº o rach al al pa t z Íº o lo j che Íº ri pe Íºl .
xki lo chik in k Íº ox omaj.
ri uki sak Íº ut z k ya Íº ik chi uxe Íº ri tiko Íºn .
are taq chi Íº ka q Íºan pu wi Íº ri juku b Íº , ri achi che xk Íº o ji Íº ri it z el uxlab Íºal ruk Íº , k utach rech ri are Íº , are ch k k Íº o ji Íº ruk Íº ri are Íº.
na ka b Íºan ta j ta w umal .
xna Íº ta j ch ke xe atin ik.
x in paj ri nu triko.
xe Íº o k ri p ok Íº pa ri ume xa ri po Íº x.
ka juluw ri aq Íºa Íºl chi uxe Íº ri t Íº u Íºy.
awechle ja.
xuj b Íº e pa t z urik.
na b Íº e xa to pan ik .
ri uka b Íº ub Íº i Íº ri nu mam arey ay .
uwa j xaq u kak Íºal taq an ik ( 28 ).
ma t ak Íº o jun ka kanaj ka noq , q o no j el ko j b Íº e k.
e nima Íºq le altomab Íº .
nim uwach ri po Íºt.
ko jon ik pa ri ut zi j wa ix imule w .
jas xuk Íºam b Íº i le t z Íº i Íº xa wi lo ?
x in pe tik , tat.
ri b Íº e la j uwach.
chi tat ab Íº ej jas ri ki m b Íº i j .
je Íºl kuna Íº ri ab Íº ix chi upam riq uq ulew .
kin b Íº i s o j uwach lewal.
xut Íº uy ub Íºa Íº.
nim ri aw e q e le Íºn xa riq o .
x in e Íº wa Íºo q.
chi Íº ke war wi le ak Íºal ab Íº .
ri num i Íºal xutaq loq jun taq o Íºm w u j chi we.
q Íº e Íºl ik , ri chaj pa ri b Íº e .
la ut z awach ? - ut z malt y ox , e k Íº uri at ? ‚Äì ut z malt y ox .
x in ko s rumal nu chak .
k b Íº e kuk Íº ri e Íº are Íº e k t z ali j pa ri nas are te ke Íº unimaj.
ri joj xuk Íºam b Íº ik ri ak Íº.
k Íº o chi wachi Íºl cha nim .
k ub Íº i j che ch na Íºl ka b Íºan che ri at z Íº ib Íº .
e ... in k awaj kat zj oj b Íº i la ch we.
matax in ya j le ali .
jachin ruk Íº ka t b Íº e wi ?
k Íº o si b Íºal aj eta Íºmab Íºal pa ri may a b Íº no Íº j ib Íºal .
e man xorij up uq ke j.
ka sum um ri ka qiq Íº .
e k Íº o ka j ib Íº ak Íºal ab Íº pa le b Íº e .
je Íº jas ri u tat k ka Íºy ik .
xaq at mol on el t zi j tal .
le nu tat ka loq Íº on ch we.
xaq tan e ki m b Íº e iw uk Íº .
xreta Íºmaj uch Íº aj ik.
rumal la Íº xko j ‚Äú x al q Íºat ‚Äù che ub Íº i Íº ri komon .
are le ukem ik pas xreta Íºmaj.
ri wati Íºt ku b Íºan na ri upatan.
k Íºak Íº lepo Íºt.
reta Íºm uwach jachin xloq Íº ow ri pas .
ken ch Íº ab Íº ej le ak Íºal ab Íº .
ya Íº tal cha qe qo no j el ri uj wi naq ut z ka qil qi b Íº .
xkoti Íº pa q Íºay es xoq Íº ik .
ka wi naq b Íº e le je b Íº q Íºataj.
e k Íº o ka j ib Íº ral ri i mul , jun saq , jun q Íºan , jun q Íº e q , jun q Íº e qo j , si b Íºal aj ke t z Íºan ik , ke ch Íº op in ik ri alaj taq imul.
k chol ol ri achach al .
ke t e kik ri ik Íº.
xepe ti k rech ke wa Íº iw uk Íº .
t z at z ri uq Íºanil ri ak Íº .
xo j t z ali j ik xi xe Íº qa q Íº a tu j kuk Íº le itatin an .
ri yo Íºx taq ak Íºal ab Íº ke kik Íº ux ri at z Íº y aq.
we achi we xu si paj jun po Íº t ch we xkam ik .
k ko win ri kunan el che kunan ik .
xji q Íº pa ripo low .
xa rumal si b Íºal aj ra j awax ik le loq Íºal aj ja Íº , le wi naq xki b Íº i j : che we ik Íº ri Íº qo no j el k uj b Íº e che utik ik taq che Íº .
ri unan e ri e rach al al ke pe uloq ruk Íº ri are Íº , k Íºate k Íº uri Íº, man ke ko win taj ke q ib Íº uko q ruk Íº , rumal rech che e k Íº o si b Íºal aj wi naq.
rumal rech , che man k Íº o ta jun k ko win che uko j ik juntik ib Íºal il chik ch uwach ri ko j om chi k che are ri jesus kristo.
te k Íº uri Íº xut z Íº ib Íºaj ri b Íº pa ri nimal aj tijob Íºal rech aj ku Íºn .
ka juluw ri ch Íº umil cha q Íºab Íº.
k Íº is b Íºal ka noq , xoqu je Íº k kam ri ix oq .
le alax okik.
k Íº o p waq pa uwi Íº ri mexa.
are ka waj na kin Íº e taj.
ri ya w al k uko j ri ali chi uxe Íº ri chak ach are usu Íºt.
na ka qa k Íºam t u Íº b Íº i kam ik .
ri aj tij ku b Íº i j chi ke : ra j awax ik ke qa chaj ij ri awaj , are u tiko Íºn ri aj aw .
x in t i j mukuni wir .
k Íºax le uwi Íº taq le nuq Íºab Íº .
x in loq Íº jun il b Íºal wi b Íº .
wa Íº we q Íº i j , nim ub Íºan ta j ik .
ri uxe Íºal ri qatinam it man ka sach taj.
xo j b Íº in ik .
ri achal al junam ki wach.
x in weta Íºmaj ri lik w ib Íº.
nim ri una Íº oj waj ti j .
mi q Íº in rik Íº ul.
aj q Íº o j om ri ate Íºk.
che le san ik che Íº k b Íºan wi ri q Íº oj om .
ka pe le aw el pa na wal ja Íº .
ri meson el tajin k chakun ik.
ut z cha qe ka qa to Íºq ib Íº , taq k Íº o k Íºax k Íº ol il , ka tew e chi Íºn ri aj aw pa qa wi Íº .
xa wi lo , xq Íºatan le ib Íº oy .
xa t k o win ik xab Íºan o .
ki Íº rik Íº aw ex.
ka j il il ri b Íº e .
le alix el b Íº ik .
are Íº xra j x in b Íºan o .
nim we ab Íºaj.
je Íº lik uti Íºj ol al ri saq ko Íºr .
noji naq ri ke j .
we ka tijan xux man ka tuto Íº ta chi uq Íºatix ik le k Íºak Íº ya b Íº il coro nav irus ( 2019 - nc ov) .
na nim ta ra q an wa Íº we che Íº .
ut z al aj aj chak , ri w el .
‚ø jam pa Íº ku j b Íº e pa nimaq Íº i j ?
ra j awax ik tan e la Íº ka t chakun w uk Íº .
xutaq chi Íºj pa war am pulew.
man are tariax wan xelik.
ri awix xuloq Íº rachoch re nimal .
are ri ix oq x in sik Íº in uloq.
ri ch Íº im ak Íºat Íº on na .
lax ib Íºan le ichak ?
k Íº i tinam it e k Íº o pa ch Íº o Íºj.
k Íº o jup uq chi j chi uxe Íº ri che Íº.
ri uxaq ri a b Íº ix are u wari ke j.
ka wi naq q Íºataj.
la ki xpe pa tijob Íºal ?
we kechaj ixtaq le k Íº wa jacha kin b Íº i j ; jun alik k Íº o ja Íº xuqu je Íº si b Íºal aj saq lo lo j.
xreta Íºmaj.
ri alab Íº om ri alit omab Íº tajin ki ki tijoj ki b Íº rech su taq , are ka kaj ki ki b Íºan nimaq achi jab Íº chupam ri ki k Íºas lemal , xuqu je k Íº o chik jup uq b Íº ix on el chupam ri komon .
la t z Íº uwach ri b Íº e.
k Íºak Íº ri ach Íº ich Íº .
q o no j el u j , uj may ab Íº taq wi naq.
no j el q Íº i j ri ati Íº xk uy uq Íº uj le taq awaj je la Íº pa nik Íºa j ja Íº , chi rij ri juy ub Íº ub Íº i Íº tena Íº.
pa q Íº om chik ri si Íº.
kin t z ukunchel a.
kaki tij le ki naq Íº, le i chaj , le u wa Íº lik ruk Íº le j.
xe kanaj kan le aj chaki b Íº .
ke t ik on ri achi jab Íº .
si b Íºal aj it z el ub Íºan ta j ik ri ch Íº il ak an .
ri ate Íº k xumalt y ox ij che ri rati Íºt , rumal ri ut z al aj no Íº j ib Íºal xuk Íº ut che ch .
k ka mulix uchak ri ab Íº ix.
la xi nut z uku j le tijox el ?
are Íº kachakun ro no j el q Íº i j .
le e k Íºa Íº na taq t z Íº i Íº.
saq rij ri plamux.
jas xaq Íº i Íº o xa tijo.
jas ruk Íº xkichap wi utij ik le ri k il ?
we ka tatin ruk Íº k Íºatanja Íº man k uq Íºatej ta le k Íºak Íº ya b Íº il coro nav irus .
la ka t b Íº in pa le uxlan b Íºal ?
la war al k Íº ux ix wa Íº wi ?
are le nu tat kin loq Íº on ik .
tajin k chakun ri ala .
k Íº o ri ki Íº kotemal aw uk Íº .
xuta jachin ka Íº e k.
xa t wa Íº ik x in wi lo .
xt zaq ri rachoch rumal ri jab Íº.
pa le junik Íº chik are nimaq Íº i j .
e ke b Íº„§m ke b Íº in pa uwi Íº ri tem .
mem ri achi.
ri wi kan cha li Íºy k el pa juy ub Íº ch wi t z ir ib Íºal .
le ra j il , la paj ax el aq Íº ax w u Íº b Íº ik ?
pa ri su Íº t pi som wi rilej.
ko j pe ti k k ol qa k Íºama Íº.
tajin ka t ch Íº op in chi uwach ri taq Íºaj .
le q Íº or xch Íº uq ik .
k Íºax wa Íº im aw umal.
kin b Íº i son che lewal.
si b Íºal aj k Íº o k Íº ri awat z Íº y aq .
kam ik xuj b Íº e che utik ik taq che Íº pa ri juy ub Íº.
k in uloq Íº oj le nu tat.
cha qi Íºj chik ri chaj.
xyi lix haway i .
na x na Íº ta j ta ch ke chi xe atin ik.
ruk Íº k Íº uwa Íº we ri Íº, ri ix k k Íº o ji Íº jun ut z al aj ik Íºas lemal ri Íº ch ki wach ri wi naq che man e k Íº o ta iw uk Íº , k Íºate k Íº uri Íº man k Íº ota jun wi naq ri Íº ra j awax ik chi wech.
e pe ti naq pa b Íº e le rach alax ik .
ka kaj le ak Íºal ab Íº ke wa Íº ik.
xujch Íº ay b Íº ik.
ri nuchak are q Íºaxel t zi j .
k Íº o na r uxlab Íº ri awaj.
tajin k el loq , ri q Íº i j .
xuq Íº i Íº o xkam sax ri rach al al cho ch .
ri nu mam are k Íº o uq Íº in omal .
xk Íº ulmata j jumul , xub Íºan junnimal aj jab Íº , man xb Íº ey eta j ta na xuk Íº is le uyuq Íº chi ke .
ama Íº ri nut z Íº i Íº .
je wa Íº ka t pe tik .
x in ko sik rumal x in chakun ik
i wech chi jujunal , ri wa.
xuq Íº i Íº o na xa tatin taj.
in riq ta ji naq pa ri k Íºay ib Íºal .
na weta Íºm taj.
k Íºax le nuq Íºab Íº .
ut z le xub Íº i j le achi .
kemat z Íº ib Íº .
k Íº o rach al al pa t z Íº o lo j che Íº ri pe Íºl .
ro no j el wa Íº we jas taq ri Íº , xas k sach wi uwach wa Íº ; ruk Íº we ri Íº , ri ix, ra j awax ik che k Íº o jun t y oxla j ik Íºas lemal e k k Íº o ji Íº ri ich Íº aw em ruk Íº ri d yo s ,
xmuq taj ri pat z Íºan.
ri ch Íº ich Íº t zi j om ka noq pa ri uk Íº ol b Íºal .
man k Íº o ta ucholaj pa taq ri aw u j .
jachik e ik Íº le unimaq Íº i j le tinam it na wal ja Íº ?
xepe ti k x ol kik Íºama Íº.
kachuq Íº ch ut ri ja Íº chi apam .
x in b Íº i j iwir chi xeb Íº e pa armita.
are Íº uxe Íº ojert zi j war al k Íº i che Íº ub Íº i Íº .
xk Íº is ri nusi Íº.
ja wi xki b Íº i j wi chi ke Íº e wi ?
‚° xa je k Íº uri Íº , jachin taq ri e k Íº o pa ri jude Íº a , chi cha nim che Íºa nimaj ub Íº i pa taq ri juy ub Íº ,
k Íºak Íº ri ab Íº.
la k Íº o jun na ka k Íº ox om aj ta j ?
na ut z ta le ut Íº is om le almariy .
man ya Íº tal taj chi aw e ka to k pa ja .
je Íº , xa tut z uku j.
are k el waj xaq ib Íº uq Íº i j ri xk Íº o ji k .
ri xunkurk k Íº o ji Íº pa taq ri triko.
x in sach ik .
xut Íº uy ub Íºa Íº
nan ut om ta let zi j ‚Ä¶
wa ch Íº om ri ki w a ri no Íº s .
e k Íº o job Íº ch Íº il wa k Íº.
ra j awix ik chi pa taq ri tijob Íºal , pa nik Íºa j ub Íº ix ik chik
ri ra j aw r ulew are Íº tat kel .
we k Íº uxo k ik , we k Íº na xo k ta
we achi xu si paj jun p Íº ot ch we .
a tat utaq o Íºn le q Íºatal t zi j .
na q Íºan ta uwach le qap r ut.
ri xa Íº r k Íº o pa uwi Íº ri q Íºaq Íº k poq Íº ow ik.
ri ro q Íº ej ri ali jachak pe jun ak Íºal .
k Íº o jun ala pa tijob Íºal .
s„§q uwi Íº ri tata Íº.
ri wit z ik Íº tajin k pe loq.
ja wi xsach on wi ka nuya Íº ik le p waq che.
ut z we achi wex in kunan ik .
qo no j el ku j wa Íº pa uwi Íº ri mexa.
ri kax la Íºn ik man poq on taj.
in x in b Íº e ruk Íº ri wachi Íºl .
si b Íºal aj je Íºl xki lo xe kit zo qopi j ri ki chij chi la Íº.
k in b Íº in ik x in Íº e k.
k Íºax k Íº ol ik , ka cha Íº.
ku tijix im ri ak Íº .
ri ali xch el , xu q Íº i Íº o xa jun ak Íºx si pax che.
xqa sik Íº i j le ix oq chu t zak ik sub Íº.
mata xab Íº in sa j le ch Íº ich Íº .
ri pi xt z Íºa ral ik rumal ri e qa Íºn .
‚ø jam pa Íº kel chi 3%
k Íº o jun nuk Íº ot oj chi Íºa j .
tajin ke wa Íº ka t ri alab Íº om .
x in loq Íº le nuk Íºak Íºapo Íºt.
na ut z aki k tas ub Íº tajin ku Íº an o
xo juta q chi Íºi j xo j wa Íº ik.
iw e ch ri ab Íº ix.
saq rij ri chi j.
aj sik che ri tinam it ke l wi ri tata Íº.
- ‚° ay !xax in t zaq uloq , k Íºax we wa qan.
xk Íº ulmata j pa jun komon chi Íº uwach jun juy ub Íº , xu riq a jun q Íº i j xki riq ki b Íº junimul ruk Íº le ko k .
jas xa taq chi Íºj le ak Íºal chu tij ik ?
x in chapo s uxuloq Íº o.
q Íº in om ri achi .
ri k Íº um k tij ow ruk Íº ka b Íº.
tajin ke jach Íº an ik .
t ze b Íºal ukem ik le pas aw umal .
are ka yo Íºw le uchi ko pil le ub Íºan ta j ik try pa no somab ruc e i .
we kat niman ik ut z ke lik .
pero no Íº j imal pe t na q loq , .
are le nuchak jun t z uq b Íºal wi b Íº .
xkunax le ya wa b Íº rumal le aj q Íº i j .
ri uk Íº u Íº x t z Íº ib Íº pa qat zi j e la j u j .
si b Íºal aj je Íºl ik ri e qa b Íºal xub Íºan ri lu Íºs.
si b Íºal aj at k on .
e man xorij up uq ke j.
na x na Íº ta j ta ch ke xe atin ik.
rik Íºamal b Íº e xub Íº i j chi ke , chi maja ri anim.
jumu ch Íº ri nujuna b Íº .
q Íº ip taji naq ri raq an ri tem .
k chakun ruk Íº ri josb Íºal che Íº ri aj an el .
xa taq chi Íºj le ak Íºal chu tij ik ka r .
o j k Íº o pa le ro Íºch lea wel.
‚ø la ka t pe q uk Íº ch we Íºq ?
le wi naq pa le ch Íº ich Íº et Íº uy ul lo wi .
xkanaj ka noq chi uxe Íº ri jab Íº ri ch Íºa Íºn .
nim rija.
weta xakunaj lea tat matax kam la Íº.
na nuk Íºam om tu Íº la ri Íº.
ch qa nuk Íº u Íº ri qa t zi j .
k im b Íº e pa le tinam it .
x in q Íº i Íº onax in atin taj.
ra j awax ik ka k Íºaman cha we le utij ik le le j.
k Íº is b Íºal taq no Íº j ib Íºal .
x in e Íº wa Íºo q.
xki b Íºan k Íºax che le uwo saq rumal man ut z ta chi ka kay ik .
ri q Íº ut u Íºm man kech ta le ak Íºal ab Íº .
are na nim talea tz Íº i Íº ch uwach le nut z Íº i Íº.
xepe ti k x ol ki la Íº .
‚ø ja w chi Íº xa ta Íº che xkam ri u mam ri po Íºx ?
e ke b Íº ke k Íºam b Íº ik pa tu j.
x in loq Íº jun japa ri wo ka j ja .
ri a xt u Íº b Íº, k Íº o q ula j che ch .
jas ka ra j ka Íºan ch ut z aki k le t i Íº i j .
xut ij lewa.
x im b Íºal re t zi j .
xpax ri b Íº o Íº j.
we k awaj ka tinto Íº o xaq xuwi ka b Íº i j chi we .
jas nuk Íº uk uch Íº ob Íº o .
jas ka ra j ku tijo ?
xe x ru xlab Íº ri rik il .
en it z Íºa Íºq le taq imul.
we tan e in x in b Íºan ow ik , are le at e Íº k xb Íºan ow ik.
k in t z ali j pa le nu tinam it .
ri nu chaq Íº k Íº o pa uro Íºq Íºato j tijon ik pa ri tijob Íºal .
x in xi Íºj wi b Íºx in ch Íº aw ik.
k Íº o ch wa ro Íº ch le par e.
chi raq an ka b Íº in wi ri tata Íº.
xsach on kan uya Íº ik le p waq che cho ja .
x in q Íºax chik ix o Íºl ri wi naq.
ke tiko nik .
ri ulew man qech taj, kech ri qa ti Íº t qam am.
xepele wi naq x ol ki k Íºama Íº.
xu loq Íº ri w u j rumal ri ali.
che we q Íº i j kam ik k Íº o jun nut zi j on em chi rij le nu tinam it .
ke j ri Íº.
xkunan al aq ch we .
ki nusik Íº i j le nun an.
ri i mul xuch Íº i j taj , xka naj pab Íº e , rumal ri nimal ku jal uj ri i mul , xut zaq ri anim.
k ub Íºan ri uxoq Íº o Íºl ri aj t z Íºa q.
ri la si b Íºal aj ut z che kuna b Íºal .
k Íº i ki wach ri e Íºa j chaki b Íº pa ri komon t y ox , k Íºate k Íº ut xa jun chi aj awx el ;
xqata chi xa tulik .
ka waj chi ka t Íº e k.
ch Íº uti Íºn ke kanaj ri xa jab Íº che ch .
ka qaxi Íºj q ib Íº ka qa chapo.
e k Íº o ke b Íº uk Íºa j ol le tat x wan.
lu Íº sub Íº i Íº ri rech am.
aj chi uwi Íºm iq Íº in ja Íº ri lu Íº.
x in ya ka n le nuchim pa k Íºay b Íºal .
k Íºate xril o , xpe ri unan che ut z ukux ik , xki kotik , xu salab Íº isaj ri taq uxk in .
xkik Íº ut chi uwach ri aj tij xuqu je Íº chik iwach ri taq nik Íºa j kachil .
ut z le nuq Íºab Íº .
k ul le al we Íºl pa a ustin cha q Íºab Íº kam ik .
ri ate Íº k xt zaq loq are chik Íº o pa uwi Íº ri q Íºa Íºm.
aj patan ri te Íºk.
xatqa j chi upam ri il .
la k Íº o t zi j na kik Íº ox omaj ta j ?
xsach on ch ke chi xe atin ik.
ro no j el le ulew e ch alaq.
la xe b Íº e k Íº ulax e Íº ki jaq ak Íº ul e uchi Íº ja ?
xaq ka t ch Íº ok na j iwir.
kam ik k Íº o chi ri jas taq aw e .
are chi Íº ka k Íº is ri juna b Íº k Íº oq Íº in om .
pa na wal ja Íº x in alex ik.
na x in tata j we are ri ak Íºal ki xt z uq uw ik.
‚° r ulew ri sab Íº ulo ner ulew ri neftal i , ub Íº e rip ol ow , r ulew ri jor dan , galile Íºa ke ch ri je taq amaq Íº !
ra x, ra x, ra x, k Íº o k Íº, k Íº o k Íº, k Íº o k Íº le r uxlab Íº le taq tiko Íºn .
achi xa twi lo .
pa qa l ra j il le pi xkam ik .
xo j b Íº in ik .
pa jun je Íºl tijob Íºal ku tijoj ri b Íº jun ak Íºal , ub Íº i Íº po Íºx, ut z k uril o ke pa tijob Íºal ro no j el taq q Íº i j .
xwaj chi xa t Íº e taj.
ut z la Íº lex ub Íº i j le achi .
weta Íºam jachin ka pe ti k .
k in q Íº o j oman ik .
x in q Íº i Íº o tak Íºal ik x in pe tik.
are Íº reta Íºm che ki no pan ik .
are tab Íºal e qa qa j aw cha t to Íºw ik.
ka wi naq waq ib Íº q Íºataj.
na qa j chik che ri uw aq kaj b Íºal are taq chi Íº k sach uwach ri q Íº i j , ko k riq Íº e q u Íºm ch uwach ulew , chik Íºate Íº na ri b Íº e le je b Íº kaj b Íºal .
job Íº raq an ri t z Íºa lam xe por ox ik .
si b Íºal aj ko rij ri mo p.
are wa Íº.
je la Íº pa ritimin it ch wi ka byok rech xe laj u Íº , le qa na n qa tat ka ki tiko je Íºl al aj taq uwachi chaj.
k Íºax nuqul.
xu Íºl uk Íºama Íº.
ko j ul ki t z uku j.
are man k Íºaxta ukunax ik are taq ani naq ka Íº i litaj we ya b Íº il al xuqu je Íº mo jo Íºq ak uya Íº le k Íºax k Íº ol il che ch le jo lomaj.
ri w el k Íº o pa tijon ik .
ka waj kin b Íº i j .
ri kot z Íº i Íºj k qa ko j chi upam ri ja .
q Íº e q q Íº o j rij ri ama Íº ke j .
na x waj ta j x in ch Íº aw ik.
ch petab Íºal e loq Íºal aj ja b Íº .
xsach on ch ke xa t ki sik Íº i j .
e leq Íºal ch Íº ich Íº .
jachin xa wi lo chi are xtij ow ri ti Íºj ?
ma tak ab Íº e le nuxb Íºal pa le tinam it .
pim ruq , ri ali.
‚ø k Íº o ri muq Íº e chi aw e ch ?
k qa b Íº i j man ke ko win taj.
kin t i j na .
k Íº o jun qa t Íº u Íº y pa ja !
k Íº o p uj chi upam rich Íº a Íºk.
are taq kin ko sik kin war ik.
xa t wa Íº ik x in wi lo
in x in ch Íº ay owle achi .
ko no j el ri alax ik ke Íº et z Íºan ik .
jas ruk Íº xki tij wi le ki rikil ?
ani naq il ka t pe tik.
na ra xta uwach le juy ub Íº.
ri t z Íºa lam t z Íº ib Íºab Íºal ra xk kay ik .
wecha t chakun ik , k Íº o awa.
ma Íºtam xa t pe che ri w a Íº im .
ka mul kin wa Íº na .
ri sik il k t i j ow ruk Íº ik.
k im b Íº e aq Íºan ruk Íº le altalin.
xo j Íº e k xe Íº qila larqaso k.
xe kiq Íº il le aj chaki b Íº xki wo k le ja .
ma t an e xwaj le k Íº u h j nem ruk Íº le at e Íºk.
are xe Íº o pan chi uchi Íº ri juy ub Íº , xki lo chi man qastak Íº oq Íºay es .
k Íºate k Íº ut , ri jesus man k ko jon ta ch ke ch ri e Íº are Íº , rumal rech che ko no j el reta Íºm ki wach ,
pa Íº t z ri j ri t z Íº i Íº .
juwi naq waq ib Íº q Íºataj.
atel aq Íº om .
xa qat jo Íº s .
ri q Íºat z u, are q Íºal aj ri uq Íº i j il.
aj chak we ala.
ub Íº e le j u kak Íºal taq an ik ( 29 ).
ke b Íºn ub Íº i Íºk Íº ol ik .
la ka t z ali j lu Íº la ani naq ?
ka t z ukun la ch we .
la ka j la ko j b Íº e Íº pa le chomal ch we Íºq ?
x in na b Íº ej chu ta sik qak Íº ol ib Íºal .
la l xinto Íº wi k .
si b Íºal ajano Íº j ib Íºal .
xo j pe ti k x ol q ak Íºama Íº.
si b Íºal aj je Íºl ik ri uw a Íºl ri ichaj.
k Íºax wi j rumal in pa cha lik .
are taq xuk Íº ulmaj wa Íº xu l ri uchoman ik xub Íº i j : are ut z wa aq Íºab Íº kin wal ij ik , are cha Íºcha nim ki no pan pa tijob Íºal , maj chik in k Íº ulmaj.
oj aj xo jo lob Íº pa awasq Íº i j .
x in sach che le uwo kik le t zi j .
e jula j u j ri ak Íº .
xuta jam pa Íº ko j Íº e k.
qil ik .
ri tijox el man are tanim ch uwach ri ra j tij . ri ut z tijox el qas je ri Íº k Íº ol ik jas ri ra j tij .
in xa t in ch Íº ay o .
no Íº j im chak w umal .
ch Íº ur ri joch Íº.
inkin b Íº i j na ka t sach taj.
ujma ya b Íº .
ri a b Íº aj ya t z alik.
tajin ke pi xb Íºax ri ak Íºal ab Íº .
ch om ri a q.
x in war ik.
e le men ko no j el ri ak Íºal ab Íº .
tajin k q Íºan a ri k ri we re Íºaj.
le ukem ik le pas ut z ( cha we ).
xu yup ub Íºa uwach ra Íº chi , ka cha Íº , .
ri satan as ko k pa ri judas ri k b Íº ix is ka ri Íºotech rech , ri are Íº jun ch k ix o Íºl ri e ka b Íº la j u j.
ch uchu ripar.
k in q umuj ri nu joch Íº.
che ch punc i„≥n lumbaramaq Íº el ra j awax ik che ch ri lik le uk Íº ex b Íº em wi le na b Íº e ruk Íº le uka b Íº uk Íº ut un em le ya b Íº il al .
q Íºal aj chi na ka waj taj ka b Íº i j .
k Íº o q Íº ol chi rij ri si Íº.
ja wi xoj Íº e wi chu loq Íº ik ?
k Íº o uloch Íº ri talin.
q Íºan ri j ri ati Íºt nuk e j.
la xt z ali j la iwir ?
xe sik Íº ix ik , k Íºate k Íº uri Íº xe ya j ik , xuqu je Íº xe taq b Íº i che usik Íº ik le mes.
la k ix war ik ?
are k Íº ule palomax xub Íº i j che : - mam ka t b Íº i son taj, kin sik Íº i j nik Íºa j wachi Íºl ke ra pa pi k .
a Íºre e tijox el ab Íº .
ri alaja li si Íºl xub Íº i j xqacha p pa ut z al ri t y ox .
xsach on ch ke jachin xe atin ik.
jas xu ray ij le a na n xutijo ?
x in ko sik .
ra x ro no j el ri q Íºay es rumal lejab Íº.
k in ya wa Íº we ch Íº ich Íº p in em na ut z .
no Íº j im upach Íº uxik le nu wi Íº.
na j k Íº o wi le wo Íº ch ch uwach le tijob Íºal .
ri o ki b Íºal k Íº o chi uwach ri saq ja .
xe nu taq ch Íº i j ke kil le ak Íºal ab Íº .
k Íº o jun q Íº ox ow em chi we.
t za ri cho Íº m.
we choj b Íº e pa le nimaq Íº i j , ke qil le aj xo jo lob Íº .
xo j Íº e k xe Íº qila larqaso k.
ri ate Íº k xuta Íº che ch rinan to Íºn : - na n jas che Íº chi man ka j ta la qak Íºat isaj ri jo Íºq.
ripal si b Íºal aj xu Íºy .
kin ko j ri jo k b Íºal ulew .
inkin b Íº i j na ka t sach taj
at ra j kun le nu nan.
ku qa mujujor on ri aj t zi j .
lu Íºt z Íºa lam u b Íº i Íº ri achi kel pa nim che Íº.
je Íº lik uti Íºj ol al ri saq ko Íºr .
k Íº o jun xa Íº rpaja.
x in loq Íº jun k Íºak Íº patan.
k Íºax ukem ik le pas aw umal .
ani naq ukem ik le pasaw umal
ri ch Íº a Íºn sachi naq pa taq ab Íº ix.
ra xtaq le kot z Íº i Íºj.
mesom ka noq ri upam ja .
man are tar alaxkos ik.
ri komon xe chp up rech uq Íºab Íº tinam it xo Íºl ab Íº aj rech q Íº umar ka j.
la ut z aki k k Íº u sub Íº tajin ku Íº an o ?
ka tel a !
na xutij taj.
xa rumal keta Íºm ko no j el ri wi naq k kiqum u j le ja Íº.
iwir xuj t z ali j la pa k Íºay b Íºal .
qeta Íºm che ri qa wak ujuto Íº o .
ri aj tij , k ya j on chik e ch ri ak Íºal ab Íº .
jas ub Íºan om le nuch Íº uti tat ?
ch we Íºq kin b Íº e pa nim tinam it .
ut z we ki weta Íºmaj jas ku b Íº i j ri chol b Íºal q Íº i j .
tajin ka tjilo w che uq Íº ox om jo lomaj.
x in t ik q Íºax chi uwach ri ja .
k Íºax le ki b Íº e le wi naq.
loq Íº kat kun taj che le ya b Íº il ( covid- 19 ).
ri nu xib Íºal ke l pa qa j b Íºal q Íº i j .
xril ri axwan chi x wa Íº ri ala .
le alix kuna ta j ik .
we ta ka pelej ab Íº kam ik .
x in weta Íºmaj chi na xa t pe taj.
rip waq rech we q Íºata j ri Íº kesax che ch ri toj b Íºal k Íºay in em .
k tij ri uw a Íº lik rumal ri ki nimaq Íº i j .
xuchap ukunax ik .
cha t an loq ali .
x in xuli Íº qa j oq .
je Íº lik k tij ow ri taq ik ox.
k Íºate k Íº uri le tat xo Íºr xub Íº i j , man ka waj taj , man ka waj taj.
k Íº o jun t z Íº i Íº pa b Íº e .
ka mulxin pe che at z ukux ik .
man tajin ta k in chakun ik.
k in chakun ik rech ka t wa Íº ik.
jas ruk Íº xa wil wi chi xki q up ij wi le ti Íºj.
jas ub Íº ix ik ‚Ä¶?
k oq Íº ri ak Íºal .
ka waj na ka t Íº e taj.
xatq Íºajik.
w em na cha loq Íºaxiy al , na ki mb Íº e ta aw uk Íº .
xo pan le w u j aw uk Íº rumal wechin.
are k Íº ut pa le juy ub Íº k k Íº iy jor on , chi la Íº xe kik Íºam awi ri ja Íº ri wi naq.
k oq Íº ri ak Íºal .
we k Íº o ara j il chak Íºama loq.
are si b Íºal aj ka q le apo Íºt ch uwach le nupo Íºt.
x in k Íºas taj pa ka b Íº la j u j kaj b Íºal .
ka qoy Íº e j na ki xpe ta j .
ko kax im ri chij xa je la Íº man ka nimaj tab Íº ik .
ri ko k nojim xb Íº e k , xuch Íº i j oxo pan pa uk Íº is b Íºal il le anim.
xo jki Íº kotik are taq xat ul ik.
ka qit z Íº na j ri uxa jab Íº ri ak Íºal .
ri jesus k wa Íº kat pa ri nim rachoch ri d yo s , chu xe Íº ri jun ja che rachoch ri salomon .
we taq an ik ri Íº ku b Íº i j chi ra j awax ik k ya Íº uq Íº i j ri wi naq xuqu je Íº k to Íº ani naq il .
ri a xu x are na ri ukunel ri ki naq Íº.
are taq wa Íº ri uq Íº i j ol we taq an ik .
k Íº o jun tab Íºal pa uwi Íº ri x kan ul ub Íº i Íº la j u j no Íº j .
yu Íºl ub Íºan om ri uko lob Íº ri ke j.
xa nimaj ri ak Íºal chi uwach ri uchuch.
k kunan ri achi .
k in wa Íº ik rech na k in yo waj taj.
aj xik ch Íº ich Íº ri lu Íºs.
k waj che ix ki xb Íºan ow ik.
a Íºre xe to Íº wa laq.
xo j Íº e k xe Íº qila larqaso k.
x in loq Íº jun ch Íº ich Íº , qaji naq uwach.
k ut Íº is ri panta lon.
eja nipa le awal k Íº wal e k Íº ol ik ?
ut z ukem ik le pas cha we.
ri max are aj q Íºan i ya Íº.
matab Íºa chi riq k Íºax pa le b Íº e .
tajin ka nimaj, ri me Íºs .
ix ix e Íº la q Íº omab Íº !
xsacha nch we .
e k Íº o k Íº i che Íº , chi uwach ri juy ub Íº.
are wa Íº ri nimal aj pi xab Íº e are wa Íº ri na b Íº e .
xreta Íºmaj chi ruk Íº pa k Íº ku tij wi
jas ut zak ik le sub Íº xu Íº an o ?
a j xo Íºy ri wikan.
we tan e a Íº re xe tij ow le rik il , are le komon xe tij ow ik.
si b Íºal aj ani naq ka ch Íº aw le are Íº chi nu wachin.
ut z we kin chakuj .
me Íºsla Íº .
k Íº o kan wa rech ka qa tijo.
x in sik Íº i j la .
ri ak Íºal xsach ka noq je la Íº pa taq Íºaj.
xe sik Íº i j la .
ja wi xki b Íº i j wi chi ke Íº e wi ?
rumal che , man ix tari Íº ri ki xch Íº aw ik , are ri r uxlab Íºaxel ri i tat ri Íº ri k ch Íº aw na iw uk Íº ri ix.
k Íºak Íº riwachoch .
si b Íºal aj ut z kin wil le at z Íº y aq rech na hua la .
saq por k kay ri ki po Íº t rinan .
xsach on ri nuchak ch we .
wa Íº im xuchapo .
ri q Íºaq Íº tajin ka juluw ik .
na j il upam ri siwan.
e k Íº o ri qa chal al pa chi uwi Íº la .
jas xa taq chi Íºj le ak Íºal chu tij ik ?
no Íº j im ukem ik le pas aw umal .
k Íº o jun k uku b Íº i Íº tintin, wa Íº le la j k uk mam ka je q itaj , ka pa qi ka xulik pa uwi Íº uq Íºab Íº taq che Íº , si b Íºal aj sak Íºa j , ke Íº uto le e nima Íºq , ch Íº utin , rachi Íºl , aj si pan el si b Íºal aj ut z ra nima Íº .
ri u pi xab Íº le q Íºat b Íºal t zi j ki ya Íº ub Íº ix ik .
na xsach on ta ch ke xe atin ik.
xe qil le chikop pu wi le ja.
x lo Íºta j ri ak Íºal .
qo no j el ku j wa Íº pa uwi Íº ri mexa.
xsik ir le waq an .
la xa t wa Íº k Íº ut ?
nim ub Íº aq Íº ri t ulul .
k in xik Íº i k Íº i k x in q Íºax ik.
la ka t b Íº e pa le tinam it ?
ripal si b Íºal aj saq Íº or .
k q Íº ox ow nu ja lom .
x in na Íº o chi ka t pe tik.
xloq Íº ulew iw e ch ix.
x in chakun ruk Íº ri nu mam.
na xq ab Íºan ta j.
k k Íº o ji Íº b Íºa Íº ri usi pan ik ri aj awx el jesus kristo ruk Íº ri aw uxlab Íºal !
k in ch Íº aw ruk Íº le nun an pa le ch Íºa web Íºal .
si b Íºal aj q Íº e q u Íºm rumal ri may ul .
are leba xulik.
xe kos le ix oq ib Íº pa le b Íº e .
k Íºax ri lik le ak Íºal cha we.
x in q Íº i Íº oxin atin pa jor on .
si b Íºal aj nim le tinam it .
k Íºax ukem ik le pas aw umal .
x in sach ik .
tajin k el u kik Íº el pa raq an ri t z Íº i Íº.
x in weta Íºmaj ri lik w ib Íº
ri q Íº uq Íº are jun je Íºl chi ko p.
k Íº o pa ja tijob Íºal ri wi kaq Íº.
ri sach ib Íºal mak ra j wax ik chi qa xo Íºl .
je Íº , ki m b Íº e k.
je la le Íº ri nup wi Íº.
xub Íº i j che : - jas xab Íºan o tintin ?
ka b Íºan jun toq Íº ob Íº k ya k ri nu jal .
ka t Íº e k x in ta.
jas le uk Íº ex b Íº em ri b Íº le jun ruk Íº le jun chik ?
aj chi uwi Íºm iq Íº in ja Íº ri lu Íº.
ri tijon el naj k pe wi .
te Íº k ix chob Íº ub Íº i Íº ri nu tat.
ri ja Íº kam i q Íº ik chi uwach ri q Íº aq Íº .
ri t Íº u Íºy k pa q Íº ow ik.
kin mes on na .
na qa j at k Íº o wi chi wech .
x in b Íº i son ik taq na xa t pe ttaj.
we xkam ri wi naq , rip waq rech toj b Íºal makaj k ya Íº chik e ch ri ralax ik.
ri n unan xb Íº e pa k Íºay b Íºal .
xo j uk Íºam uloq rech ko j ri lo
xk Íº o to chin chik iwach chik in wa Íº aw uk Íº .
na xki kam saj ta j xkik Íºam b Íº i cho ja .
k Íºak Íº ri ik Íº kam ik .
xim b Íº e ruk Íº le aj kun iw ir .
ri lik .
le t z Íº i Íº xe kos ik.
x in ki kota w umal .
ri i mul xumaj ri a nim , xuya k an le ko k .
k Íº o oj che ri ak Íºal .
xuj b Íº e pa jun k Íº ulan em .
ut z we k war alaq.
ka qil o chi na ko j uk Íºam ta j .
xreta Íºmaj chi ruk Íº pa k Íº ku tij wi .
si b Íºal aj x in k Íºa Íºn arik.
x in ko chi j ri nu wa.
man ka t ko win ta j ka t chakun ik , we man k Íº o ta ri aj il ab Íºal .
we wo non xub Íº i j chi ke :- k ix in to .
ri ala nim k ril wi ri u mam .
xka Íºy chi rij , xka Íºy ch uwach , ma k Íº o ta chi jun k silob Íº ik , xoq Íº ik xu xe Íº j ri b Íº xch Íº op in ik xt z ali j loq xuriq ta chik ri ub Íº e .
k Íº o pu s che ri wa.
pi nem na ka b Íº e le wat z, ki m b Íº e wi in pa ka Íºy ib Íºal .
rinan to Íº n nim wi naq chik , saq uwi Íº , ro no j el aq Íº ab Íº ut z kuna Íº o ka t Íº uyi Íº pa ut em , ku miq Íº isaj ri b Íº cho ri q Íº i j , k Íº o jun uwi Íº umam ub Íº i Íº ate Íºk.
man e k Íº i taj ri q ula Íº .
q Íºal aj chi na ka waj taj ka b Íº i j
x pa qa b Íº isax ra j il ro no j el ri kem .
k Íº o pa ri jul ri ku mat z.
ro no j el q Íº i j kin ch Íº aj le nu ware.
saq chi kan le i chaj rech ka t z a ko.
chu xe le qa chomal ka qa tij wi jun q ameq Íº in.
cha wi la Íº .
e k Íº o j ob Íº umi Íºal, ri nu tat.
jas ruk Íº xa w il wi
je Íº jas ri wi naq rech ri uwach ulew , xoqu je Íº ke pe na ri Íº ri e Íº are Íº che e rech ri uwach ulew ; je Íº jas ri wi naq rech ri kaj , xoqu je Íº ke pe na ri Íº ri e Íº are Íº e rech ri ka j.
x in tijo.
k t z Íº u j uw ri rachoch ri po Íºx .
xuq Íº i Íº o are le uk Íº ulel xya Íº ow uwa.
ri aw el xreta Íºmaj chi ra j awax ik man ku xej ta ri b Íº che ri t ukur .
juk Íº ulaj wi naq xe Íºa nimaj b Íº ik .
je Íº , x in t z ali j ik.
xo j pe ti k x ol q ak Íºama Íº.
maj jachin x Íº e k .
in aj tij ; at tijox el .
saq uwi Íº ri tata Íº.
wech ri kem.
le ro Íº ch le ate Íº k k Íº o ch wach le uk Íºay len unan.
k b Íº e pa ri si ri Íº ae pa risilisi Íº a, ja wi je Íº kuya wi ri kichuq Íºab Íº ri komon t y ox .
pi xab Íº : man ut z taj k Íºax ku jch Íº aw chik ij nik Íºa j qa ch il .
xkunata j le ali ( kumal ri ix oq ib Íº ).
ri xib Íº ib Íºal chik Íº o wi pa taq ri qak Íºas lemal ro no j el q Íº i j .
na ku j war ta war al .
on che k k Íº o ji Íº ri ut z il chi xo Íºl , are ch junam ri qa ko jon ik , junam ri iw e chi x ruk Íº ri wechin.
pa oxq Íº i j ri sa Íºn k b Íº e na ruk Íº ri aj kun .
ka wi naq w uq ub Íº .
jas ka waj kin tijo ?
weta xa t b Íº e w uk Íº pa le tinam it , xa loq Íºtala Íº le u jas taq le ak Íºa j ol .
ke b Íº e pa wa Íº im .
x in loq Íº k Íº i wa .
pa junnim k Íºa che Íºla j , k Íº o jun k Íº wa Íº si b Íºal aj saq l ol oj , nim uwach.
k waj ka tij jub Íºa Íº wa .
ro no j el wi naq k ril na ri uko lon em ri d y o s ‚<unk>.
xk Íº o to chin chik iwach chik in wa Íº aw uk Íº
k waj na ka t Íº e taj.
la xa loq Íº jun alej ?
e k Íº o ri e loq Íº oman el .
ri uka b Íº ub Íº i Íº ri nu mam arey ay .
k in jo pi j ri ija Íº rech triko.
xna Íº ta j ch ke xe atin ik.
xa te Íº qila Íº .
kaki tij alan xa x ri wi naq.
... k in b Íº i j chi are wa Íº sinxi Íº an .
na x in na b Íº ej ta ch uta sik qak Íº ol ib Íºal .
rumal rech che weri in, kin ch Íº aw ruk Íº ri d y os pa ch Íºab Íºal , k ch Íº aw nak Íº uri Íº ri w u xlab Íºal ruk Íº ri d y os , k Íºate k Íº ut man k Íº ota upatan ri Íº ch rech ri nuchomab Íºal.
xepe tik xkil o .
xuta we ka t Íº e k.
ut z ukem ik le pas cha we.
ri nu wakax xu tij jun q Íº oq Íº rumal ri Íº xkam ik .
rumal ri k Íº ix, man ke wa Íº taj ri wi naq.
xe Íº u lik .
q Íº e q rij ri ama Íº chi j.
xra j ka Íº el e unan .
junam ki juna b Íº .
na q Íºal aj ta j we ka Íº e k.
ri wix nam ch Íºaj ch Íº oj ri rachoch .
wa ra l man k Íº o ta j aj awal.
na iwir ta xril le k Íºam ol b Íº e .
x in pe loq te k Íº uri Íº x in t z uku j ro no j el ri nura j il.
ri aj tikon el ku tik ri t zi j .
k Íº o e ki k Íºa j ol le achi jab Íº .
k utij q Íºay es ri ix pa Íº ch.
pa ri wa Íº b Íºal e k Íº o ka wi naq achi jab Íº .
si poji naq ri nupam .
ka ya Íº ta j ik ruk Íº ut i Íº on em jun ri u riq om le ya b Íº il amol ot se ts„© xuqu je Íº are ka ya Íº ta j pa taq ri juy ub Íº .
jachin ri achi ?
ri nu mam xkam ik are taq k Íº o jum uch Íº la j u j ujuna b Íº .
kin ko win ik kin k Íºam b Íº i le p waq .
k in wi lo chi ut z ri aji Íº.
x in q Íºil ri apo Íºx che man kachakun taj.
k wa Íº chi uwach le taq Íºaj ri ama Íº ak Íº .
ri i mul xe poq Íº ik pa jun ik Íº .
xk Íº is ka noq ri qa chak .
are ri ali xo ji low ka noq .
si b Íºal aj ch Íº u Íºj ri amax.
k Íº o nuwa chi Íº.
in chaj inel kech le ak Íºal ab Íº .
xe ko sl e t z Íº i Íº.
kin b Íº e na kuk Íº ri mol aj.
ro no j el aq Íº ab Íº kin y it z Íº ri wak ax .
ka rapi nik xu t z uku j chi jun awaj .
le ukem ik le pasan i naq ( aw umal ).
maj u ra j il le q Íºab Íº ar el .
k Íºax ri Íº ri ka ch Íº aw ik.
xo j utaq chi Íºj le achi chuloq Íº ik i chaj.
si b Íºal aj k Íºax ri xk Íº ulmax ik .
xki lo chi nak in k Íº ox omaj taj.
x na Íº ta j ch ke chi xe atin ik.
xk Íº o to chin chik iwach chi x oj al wo Íº qa kuk Íº .
jun q Íº u Íº q ra j il ri kax la Íºn wa .
x in wil o chi xe Íº el ik.
e k Íº o ix oq ib Íº pa le k Íºay b Íºal .
man k Íº o ta j uk Íº is ik ri may ab Íº aj lab Íºal il .
risin k k Íº iy pa taq Íº a j .
ri ch Íº im aman k k Íº iy taj pa taq Íºaj.
ra j awax ik k ji kik ri waq „§n .
ka waj kin Íº e k.
e k Íº o oxib Íº ak Íº.
xub Íº i j ch we ja wi at k Íº o wi .
ch we Íºq k uj b Íº e Íº pa muq u j .
pa saq k Íºaja Íº k b Íºan wi ri u q.
xo jki sik Íº i j.
x in wil w ib Íº.
cha q Íº chik ri w a .
k im b Íº e na ka pa le wo Íº ch.
ka waj kin Íº e k.
ri ch Íº u Íº k tij ruk Íº le j.
pa ri kiq Íº i j kam i naq ib Íº k b Íºan q Íº o ri k Íº ya Íº rech aj : na b Íº e rinan kut z uku j kan ri aj, ku jach Íº o Íº xuqu je kuk Íº e to.
jas ka j b Íºal cha nim ?
ut z uchoman ik ri ali.
pa riq Íº i j oxla j u j tijax kin k Íº is ke b Íº juna b Íº kin chakun war al .
si b Íºal aj ko , ri k Íºak Íº ch Íºat.
jas ka ra j k ub Íº i j ‚Ä¶?
rich Íº ich Íº ka sil ab Íº ik .
pa ojer q Íºalpul xaq xuwi ri nim wi naq ke k Íºam ow b Íº e .
le ukunax ik le uka b Íº uk Íº ut un ik are ruk Íº e flor nitina on ut uni b Íºax ik le ni furti mox chi Íº le flor nitina che ch t. b. g.
are ri achi x in ch Íº ay ow ik.
jun achi ub Íº ik u Íº xu si paj ke b Íº k Íºa Íºm ulew rech ka b Íºan ri tijob Íºal , kam ik , k Íº o chik aj tij rech ri komon xe ch pup.
xumalt y ox ij che ri aj tij ro no j el le xuk Íº ut chi uwach.
pa ri b Íº e xki raq jun alaj imul saq rij , xkik Íºam b Íº ik .
xril leb Íºal e ala .
jas ku b Íº i j ch we ?
le ukuna ta j em are ruk Íº ut z ukux ik le uchi ko pil pa jun usolik uxe Íº le kik Íº on le ja Íº rech jun no do .
ut z we nut z Íº i Íº .
je Íº , tajin kachap on ik.
k in uloq Íº oj le nu tat.
ka waj kim b Íº e pa tinam it .
are la Íº k in chakuj .
ri nima Íºq taq wi naq k Íº o keta Íºmab Íºal .
we taxa t b Íº e w uk Íº pa le tinam it , xa loq Íº ta wa Íº we jas taq .
ri ki k Íºas lemal . wa ix imule w xa jun chima are ta tinim it ri ma
ri uk Íº ya b Íºal na j upam .
xatqa j chi upam ri il .
nojim ka t wa Íº ik.
we k Íº o jun k t u qa Íº ri k , ‚ø la man xoqu je Íº tajkin t u qa Íºr ri in ?
oj oj wo k ol ja .
awas k b Íºan k Íºax che junnim wi naq.
x in ch Íº aw apan ruk Íº le w a na b Íº.
k Íºax ri upam ri ju Íºl .
tajin ke wa Íº ri i mul.
la ka j lak uj t z ali j la ani naq ?
rumal rech che ri makaj man k Íº ota uko win em pi wi Íº ri ix : ri ix man ix k Íº ota chi chu xe Íº ri pi xab Íº , xane ix k Íº o chu xe Íº ri si pan ik .
nim raq an le che Íº.
x in chapo.
are le t u Íº r le loq Íº oman el .
xas ka t k Íº o ji Íº chi upam rich Íº ich Íº.
si b Íºal aj nim raq an ri k Íºamal b Íº e .
le t z Íº ib Íºab Íºal wechin.
in x in to Íº w la .
xa je k Íº uri Íº ri ix kam ik ri Íº man ix ka xlan wi naq ta chik ; ri ix, ix rech ri ki tinim it ri et y ox laj taq wi naq , ix rech ri rachoch ri d yo s .
x in tikox la j k Íºal i cha j.
ka qa riq q ib Íº ch we Íºq .
si b Íºal aj ut z che ri wi Íºaj ri t un ey .
wena jup ulik ta xe qa j ik ...
x in to Íº ta j che ri nuchak .
k Íº o jun chik op ub Íº i Íº pum.
poq on ri ik .
xo j b Íº in ik .
xuch Íº e kro no j el le retaman ik xpa qi Íº k k Íºax k wÍº inik xub Íºana j kun .
kel ub Íº ik pa ri jude Íº a e k t z ali j chi ub Íº i jumul pa ri galile Íºa.
x in axi b Íº i j pa b Íº e .
je Íºl k Íº ol em chi awachoch.
ro no j el ri ya Íº tal il pa we q Íºataj, t z Íºa qat ki wach , man k t zaq ta ka noq xuqu je Íº man k ta s taj.
xukunaj le ya wa b Íº le aj q Íº i j .
chi tat ab Íº ej jas le ki m b Íº i j .
ch Íº a na l ri achi .
pa b Íº o ko Íºka chakun wi ritax.
uj k Íº o pa uw uq q Íº i j .
ki Íº ri uka b Íº ri a qa j.
k Íº o rach al al pa t z Íº o lo j che Íº ri pe Íºl .
xki lo chik in k Íº ox omaj.
ri uki sak Íº ut z k ya Íº ik chi uxe Íº ri tiko Íºn .
are taq chi Íº ka q Íºan pu wi Íº ri juku b Íº , ri achi che xk Íº o ji Íº ri it z el uxlab Íºal ruk Íº , k utach rech ri are Íº , are ch k k Íº o ji Íº ruk Íº ri are Íº.
na ka b Íºan ta j ta w umal .
xna Íº ta j ch ke xe atin ik.
x in paj ri nu triko.
xe Íº o k ri p ok Íº pa ri ume xa ri po Íº x.
ka juluw ri aq Íºa Íºl chi uxe Íº ri t Íº u Íºy.
awechle ja.
xuj b Íº e pa t z urik.
na b Íº e xa to pan ik .
ri uka b Íº ub Íº i Íº ri nu mam arey ay .
uwa j xaq u kak Íºal taq an ik ( 28 ).
ma t ak Íº o jun ka kanaj ka noq , q o no j el ko j b Íº e k.
e nima Íºq le altomab Íº .
nim uwach ri po Íºt.
ko jon ik pa ri ut zi j wa ix imule w .
jas xuk Íºam b Íº i le t z Íº i Íº xa wi lo ?
x in pe tik , tat.
ri b Íº e la j uwach.
chi tat ab Íº ej jas ri ki m b Íº i j .
je Íºl kuna Íº ri ab Íº ix chi upam riq uq ulew .
kin b Íº i s o j uwach lewal.
xut Íº uy ub Íºa Íº.
nim ri aw e q e le Íºn xa riq o .
x in e Íº wa Íºo q.
chi Íº ke war wi le ak Íºal ab Íº .
ri num i Íºal xutaq loq jun taq o Íºm w u j chi we.
q Íº e Íºl ik , ri chaj pa ri b Íº e .
la ut z awach ? - ut z malt y ox , e k Íº uri at ? ‚Äì ut z malt y ox .
x in ko s rumal nu chak .
k b Íº e kuk Íº ri e Íº are Íº e k t z ali j pa ri nas are te ke Íº unimaj.
ri joj xuk Íºam b Íº ik ri ak Íº.
k Íº o chi wachi Íºl cha nim .
k ub Íº i j che ch na Íºl ka b Íºan che ri at z Íº ib Íº .
e ... in k awaj kat zj oj b Íº i la ch we.
matax in ya j le ali .
jachin ruk Íº ka t b Íº e wi ?
k Íº o si b Íºal aj eta Íºmab Íºal pa ri may a b Íº no Íº j ib Íºal .
e man xorij up uq ke j.
ka sum um ri ka qiq Íº .
e k Íº o ka j ib Íº ak Íºal ab Íº pa le b Íº e .
je Íº jas ri u tat k ka Íºy ik .
xaq at mol on el t zi j tal .
le nu tat ka loq Íº on ch we.
xaq tan e ki m b Íº e iw uk Íº .
xreta Íºmaj uch Íº aj ik.
rumal la Íº xko j ‚Äú x al q Íºat ‚Äù che ub Íº i Íº ri komon .
are le ukem ik pas xreta Íºmaj.
ri wati Íºt ku b Íºan na ri upatan.
k Íºak Íº lepo Íºt.
reta Íºm uwach jachin xloq Íº ow ri pas .
ken ch Íº ab Íº ej le ak Íºal ab Íº .
ya Íº tal cha qe qo no j el ri uj wi naq ut z ka qil qi b Íº .
xkoti Íº pa q Íºay es xoq Íº ik .
ka wi naq b Íº e le je b Íº q Íºataj.
e k Íº o ka j ib Íº ral ri i mul , jun saq , jun q Íºan , jun q Íº e q , jun q Íº e qo j , si b Íºal aj ke t z Íºan ik , ke ch Íº op in ik ri alaj taq imul.
k chol ol ri achach al .
ke t e kik ri ik Íº.
xepe ti k rech ke wa Íº iw uk Íº .
t z at z ri uq Íºanil ri ak Íº .
xo j t z ali j ik xi xe Íº qa q Íº a tu j kuk Íº le itatin an .
ri yo Íºx taq ak Íºal ab Íº ke kik Íº ux ri at z Íº y aq.
we achi we xu si paj jun po Íº t ch we xkam ik .
k ko win ri kunan el che kunan ik .
xji q Íº pa ripo low .
xa rumal si b Íºal aj ra j awax ik le loq Íºal aj ja Íº , le wi naq xki b Íº i j : che we ik Íº ri Íº qo no j el k uj b Íº e che utik ik taq che Íº .
ri unan e ri e rach al al ke pe uloq ruk Íº ri are Íº , k Íºate k Íº uri Íº, man ke ko win taj ke q ib Íº uko q ruk Íº , rumal rech che e k Íº o si b Íºal aj wi naq.
rumal rech , che man k Íº o ta jun k ko win che uko j ik juntik ib Íºal il chik ch uwach ri ko j om chi k che are ri jesus kristo.
te k Íº uri Íº xut z Íº ib Íºaj ri b Íº pa ri nimal aj tijob Íºal rech aj ku Íºn .
ka juluw ri ch Íº umil cha q Íºab Íº.
k Íº is b Íºal ka noq , xoqu je Íº k kam ri ix oq .
le alax okik.
k Íº o p waq pa uwi Íº ri mexa.
are ka waj na kin Íº e taj.
ri ya w al k uko j ri ali chi uxe Íº ri chak ach are usu Íºt.
na ka qa k Íºam t u Íº b Íº i kam ik .
ri aj tij ku b Íº i j chi ke : ra j awax ik ke qa chaj ij ri awaj , are u tiko Íºn ri aj aw .
x in t i j mukuni wir .
k Íºax le uwi Íº taq le nuq Íºab Íº .
x in loq Íº jun il b Íºal wi b Íº .
wa Íº we q Íº i j , nim ub Íºan ta j ik .
ri uxe Íºal ri qatinam it man ka sach taj.
xo j b Íº in ik .
ri achal al junam ki wach.
x in weta Íºmaj ri lik w ib Íº.
nim ri una Íº oj waj ti j .
mi q Íº in rik Íº ul.
aj q Íº o j om ri ate Íºk.
che le san ik che Íº k b Íºan wi ri q Íº oj om .
ka pe le aw el pa na wal ja Íº .
ri meson el tajin k chakun ik.
ut z cha qe ka qa to Íºq ib Íº , taq k Íº o k Íºax k Íº ol il , ka tew e chi Íºn ri aj aw pa qa wi Íº .
xa wi lo , xq Íºatan le ib Íº oy .
xa t k o win ik xab Íºan o .
ki Íº rik Íº aw ex.
ka j il il ri b Íº e .
le alix el b Íº ik .
are Íº xra j x in b Íºan o .
nim we ab Íºaj.
je Íº lik uti Íºj ol al ri saq ko Íºr .
noji naq ri ke j .
we ka tijan xux man ka tuto Íº ta chi uq Íºatix ik le k Íºak Íº ya b Íº il coro nav irus ( 2019 - nc ov) .
na nim ta ra q an wa Íº we che Íº .
ut z al aj aj chak , ri w el .
‚ø jam pa Íº ku j b Íº e pa nimaq Íº i j ?
ra j awax ik tan e la Íº ka t chakun w uk Íº .
xutaq chi Íºj pa war am pulew.
man are tariax wan xelik.
ri awix xuloq Íº rachoch re nimal .
are ri ix oq x in sik Íº in uloq.
ri ch Íº im ak Íºat Íº on na .
lax ib Íºan le ichak ?
k Íº i tinam it e k Íº o pa ch Íº o Íºj.
k Íº o jup uq chi j chi uxe Íº ri che Íº.
ri uxaq ri a b Íº ix are u wari ke j.
ka wi naq q Íºataj.
la ki xpe pa tijob Íºal ?
we kechaj ixtaq le k Íº wa jacha kin b Íº i j ; jun alik k Íº o ja Íº xuqu je Íº si b Íºal aj saq lo lo j.
xreta Íºmaj.
ri alab Íº om ri alit omab Íº tajin ki ki tijoj ki b Íº rech su taq , are ka kaj ki ki b Íºan nimaq achi jab Íº chupam ri ki k Íºas lemal , xuqu je k Íº o chik jup uq b Íº ix on el chupam ri komon .
la t z Íº uwach ri b Íº e.
k Íºak Íº ri ach Íº ich Íº .
q o no j el u j , uj may ab Íº taq wi naq.
no j el q Íº i j ri ati Íº xk uy uq Íº uj le taq awaj je la Íº pa nik Íºa j ja Íº , chi rij ri juy ub Íº ub Íº i Íº tena Íº.
pa q Íº om chik ri si Íº.
kin t z ukunchel a.
kaki tij le ki naq Íº, le i chaj , le u wa Íº lik ruk Íº le j.
xe kanaj kan le aj chaki b Íº .
ke t ik on ri achi jab Íº .
si b Íºal aj it z el ub Íºan ta j ik ri ch Íº il ak an .
ri ate Íº k xumalt y ox ij che ri rati Íºt , rumal ri ut z al aj no Íº j ib Íºal xuk Íº ut che ch .
k ka mulix uchak ri ab Íº ix.
la xi nut z uku j le tijox el ?
are Íº kachakun ro no j el q Íº i j .
le e k Íºa Íº na taq t z Íº i Íº.
saq rij ri plamux.
jas xaq Íº i Íº o xa tijo.
jas ruk Íº xkichap wi utij ik le ri k il ?
we ka tatin ruk Íº k Íºatanja Íº man k uq Íºatej ta le k Íºak Íº ya b Íº il coro nav irus .
la ka t b Íº in pa le uxlan b Íºal ?
la war al k Íº ux ix wa Íº wi ?
are le nu tat kin loq Íº on ik .
tajin k chakun ri ala .
k Íº o ri ki Íº kotemal aw uk Íº .
xuta jachin ka Íº e k.
xa t wa Íº ik x in wi lo .
xt zaq ri rachoch rumal ri jab Íº.
pa le junik Íº chik are nimaq Íº i j .
e ke b Íº„§m ke b Íº in pa uwi Íº ri tem .
mem ri achi.
ri wi kan cha li Íºy k el pa juy ub Íº ch wi t z ir ib Íºal .
le ra j il , la paj ax el aq Íº ax w u Íº b Íº ik ?
pa ri su Íº t pi som wi rilej.
ko j pe ti k k ol qa k Íºama Íº.
tajin ka t ch Íº op in chi uwach ri taq Íºaj .
le q Íº or xch Íº uq ik .
k Íºax wa Íº im aw umal.
kin b Íº i son che lewal.
si b Íºal aj k Íº o k Íº ri awat z Íº y aq .
kam ik xuj b Íº e che utik ik taq che Íº pa ri juy ub Íº.
k in uloq Íº oj le nu tat.
cha qi Íºj chik ri chaj.
xyi lix haway i .
na x na Íº ta j ta ch ke chi xe atin ik.
ruk Íº k Íº uwa Íº we ri Íº, ri ix k k Íº o ji Íº jun ut z al aj ik Íºas lemal ri Íº ch ki wach ri wi naq che man e k Íº o ta iw uk Íº , k Íºate k Íº uri Íº man k Íº ota jun wi naq ri Íº ra j awax ik chi wech.
e pe ti naq pa b Íº e le rach alax ik .
ka kaj le ak Íºal ab Íº ke wa Íº ik.
xujch Íº ay b Íº ik.
ri nuchak are q Íºaxel t zi j .
k Íº o na r uxlab Íº ri awaj.
tajin k el loq , ri q Íº i j .
xuq Íº i Íº o xkam sax ri rach al al cho ch .
ri nu mam are k Íº o uq Íº in omal .
xk Íº ulmata j jumul , xub Íºan junnimal aj jab Íº , man xb Íº ey eta j ta na xuk Íº is le uyuq Íº chi ke .
ama Íº ri nut z Íº i Íº .
je wa Íº ka t pe tik .
x in ko sik rumal x in chakun ik
i wech chi jujunal , ri wa.
xuq Íº i Íº o na xa tatin taj.
in riq ta ji naq pa ri k Íºay ib Íºal .
na weta Íºm taj.
k Íºax le nuq Íºab Íº .
ut z le xub Íº i j le achi .
kemat z Íº ib Íº .
k Íº o rach al al pa t z Íº o lo j che Íº ri pe Íºl .
ro no j el wa Íº we jas taq ri Íº , xas k sach wi uwach wa Íº ; ruk Íº we ri Íº , ri ix, ra j awax ik che k Íº o jun t y oxla j ik Íºas lemal e k k Íº o ji Íº ri ich Íº aw em ruk Íº ri d yo s ,
xmuq taj ri pat z Íºan.
ri ch Íº ich Íº t zi j om ka noq pa ri uk Íº ol b Íºal .
man k Íº o ta ucholaj pa taq ri aw u j .
jachik e ik Íº le unimaq Íº i j le tinam it na wal ja Íº ?
xepe ti k x ol kik Íºama Íº.
kachuq Íº ch ut ri ja Íº chi apam .
x in b Íº i j iwir chi xeb Íº e pa armita.
are Íº uxe Íº ojert zi j war al k Íº i che Íº ub Íº i Íº .
xk Íº is ri nusi Íº.
ja wi xki b Íº i j wi chi ke Íº e wi ?
‚° xa je k Íº uri Íº , jachin taq ri e k Íº o pa ri jude Íº a , chi cha nim che Íºa nimaj ub Íº i pa taq ri juy ub Íº ,
k Íºak Íº ri ab Íº.
la k Íº o jun na ka k Íº ox om aj ta j ?
na ut z ta le ut Íº is om le almariy .
man ya Íº tal taj chi aw e ka to k pa ja .
je Íº , xa tut z uku j.
are k el waj xaq ib Íº uq Íº i j ri xk Íº o ji k .
ri xunkurk k Íº o ji Íº pa taq ri triko.
x in sach ik .
xut Íº uy ub Íºa Íº
nan ut om ta let zi j ‚Ä¶
wa ch Íº om ri ki w a ri no Íº s .
e k Íº o job Íº ch Íº il wa k Íº.
ra j awix ik chi pa taq ri tijob Íºal , pa nik Íºa j ub Íº ix ik chik
ri ra j aw r ulew are Íº tat kel .
we k Íº uxo k ik , we k Íº na xo k ta
we achi xu si paj jun p Íº ot ch we .
a tat utaq o Íºn le q Íºatal t zi j .
na q Íºan ta uwach le qap r ut.
ri xa Íº r k Íº o pa uwi Íº ri q Íºaq Íº k poq Íº ow ik.
ri ro q Íº ej ri ali jachak pe jun ak Íºal .
k Íº o jun ala pa tijob Íºal .
s„§q uwi Íº ri tata Íº.
ri wit z ik Íº tajin k pe loq.
ja wi xsach on wi ka nuya Íº ik le p waq che.
ut z we achi wex in kunan ik .
qo no j el ku j wa Íº pa uwi Íº ri mexa.
ri kax la Íºn ik man poq on taj.
in x in b Íº e ruk Íº ri wachi Íºl .
si b Íºal aj je Íºl xki lo xe kit zo qopi j ri ki chij chi la Íº.
k in b Íº in ik x in Íº e k.
k Íºax k Íº ol ik , ka cha Íº.
ku tijix im ri ak Íº .
ri ali xch el , xu q Íº i Íº o xa jun ak Íºx si pax che.
xqa sik Íº i j le ix oq chu t zak ik sub Íº.
mata xab Íº in sa j le ch Íº ich Íº .
ri pi xt z Íºa ral ik rumal ri e qa Íºn .
‚ø jam pa Íº kel chi 3%
k Íº o jun nuk Íº ot oj chi Íºa j .
tajin ke wa Íº ka t ri alab Íº om .
x in loq Íº le nuk Íºak Íºapo Íºt.
na ut z aki k tas ub Íº tajin ku Íº an o
xo juta q chi Íºi j xo j wa Íº ik.
iw e ch ri ab Íº ix.
saq rij ri chi j.
aj sik che ri tinam it ke l wi ri tata Íº.
- ‚° ay !xax in t zaq uloq , k Íºax we wa qan.
xk Íº ulmata j pa jun komon chi Íº uwach jun juy ub Íº , xu riq a jun q Íº i j xki riq ki b Íº junimul ruk Íº le ko k .
jas xa taq chi Íºj le ak Íºal chu tij ik ?
x in chapo s uxuloq Íº o.
q Íº in om ri achi .
ri k Íº um k tij ow ruk Íº ka b Íº.
tajin ke jach Íº an ik .
t ze b Íºal ukem ik le pas aw umal .
are ka yo Íºw le uchi ko pil le ub Íºan ta j ik try pa no somab ruc e i .
we kat niman ik ut z ke lik .
pero no Íº j imal pe t na q loq , .
are le nuchak jun t z uq b Íºal wi b Íº .
xkunax le ya wa b Íº rumal le aj q Íº i j .
ri uk Íº u Íº x t z Íº ib Íº pa qat zi j e la j u j .
si b Íºal aj je Íºl ik ri e qa b Íºal xub Íºan ri lu Íºs.
si b Íºal aj at k on .
e man xorij up uq ke j.
na x na Íº ta j ta ch ke xe atin ik.
rik Íºamal b Íº e xub Íº i j chi ke , chi maja ri anim.
jumu ch Íº ri nujuna b Íº .
q Íº ip taji naq ri raq an ri tem .
k chakun ruk Íº ri josb Íºal che Íº ri aj an el .
xa taq chi Íºj le ak Íºal chu tij ik ka r .
o j k Íº o pa le ro Íºch lea wel.
‚ø la ka t pe q uk Íº ch we Íºq ?
le wi naq pa le ch Íº ich Íº et Íº uy ul lo wi .
xkanaj ka noq chi uxe Íº ri jab Íº ri ch Íºa Íºn .
nim rija.
weta xakunaj lea tat matax kam la Íº.
na nuk Íºam om tu Íº la ri Íº.
ch qa nuk Íº u Íº ri qa t zi j .
k im b Íº e pa le tinam it .
x in q Íº i Íº onax in atin taj.
ra j awax ik ka k Íºaman cha we le utij ik le le j.
k Íº is b Íºal taq no Íº j ib Íºal .
