xin e Íº wa Íº oq.
xki b Íºan k Íºax che le uwo saq rumal man utz tachi ka kay ik.
ri q Íº utu Íºm man kech ta le ak Íºal ab Íº .
are na nim tale a tz Íº i Íº ch uwach le nu tz Íº i Íº.
xepe tik x ol ki la Íº.
‚ø jaw chi Íº xa ta Íº che xkam ri umam ri po Íºx ?
e ke b Íº kek Íºam b Íº ik patuj.
xin loq Íº jun japa ri wo ka j ja .
ri a xtu Íº b Íº , k Íº o q ulaj che ch .
jas ka raj ka Íº an chu tza kik le ti Íº ij.
xutij le wa.
xim b Íºal re tzij.
xpax ri b Íº o Íºj .
we ka waj kat in to Íº o xaq xuwi ka b Íº ij chi we.
jas nuk Íº u kuch Íº ob Íº o.
jas ka raj kutijo ?
xex ru xlab Íº ri rik il .
en i tz Íºa Íºq le taq i mul .
we tane in xin b Íºan ow ik , are le ate Íº k xb Íºan ow ik .
kin tzalij pa le nu tinam it .
ri nucha q Íº k Íº o pa uro Íº q Íºat oj tijon ik pa ri tijob Íºal .
xin xi Íºj wib Íºxin ch Íº aw ik.
k Íº o ch wa ro Íº ch le pare.
chiraq an kab Íº in wi ri tata Íº.
xsach on kan uya Íº ik le p waq che cho ja .
xin q Íºax chik ixo Íº l ri wi naq.
ke tikon ik .
ri ulew man qech taj, kech ri q ati Íºt qa mam.
xepe le wi naq xol kik Íºam a Íº.
xuloq Íº ri wu j rumal ri ali .
che we q Íº ij kam ik k Íº o jun nu tzijon em chi rij le nu tinam it .
kej ri Íº.
x kunan alaq ch we .
kin usik Íº ij le nunan .
ri i mul xuch Íº ij taj , xka naj pab Íº e , rumal ri nimal ku jaluj ri imul , xutzaq ri anim.
kub Íºan ri ux oq Íº o Íº l ri aj tz Íºa q.
ri la sib Íºal aj utz che kunab Íºal.
k Íº i kiwach ri e Íºaj chak ib Íº pa ri komonty ox , k Íºate k Íº ut xa jun chi aj awx el ;
xqata chi xa tu lik.
ka waj chi kat Íº e k.
ch Íº uti Íºn ke kanaj ri xa jab Íº che ch .
ka qaxi Íºj q ib Íº ka qa chapo .
e k Íº o ke b Íº uk Íº aj ol le tat xwan.
lu Íº sub Íº i Íº ri rech am.
aj chi uwi Íºm iq Íº inja Íº ri lu Íº.
xin ya kan le nu chim pa k Íºay b Íºal.
k Íºate xrilo , xpe ri unan che utz ukux ik , xki kotik , xu salab Íº isaj ri taq uxkin .
xki k Íº ut chi uwach ri aj tij xuqu je Íº chik iwach ri taq nik Íºaj kachil.
utz le nuq Íºab Íº.
kul le al we Íºl pa au stin cha q Íºab Íº kam ik .
ri ate Íº k xtzaq loq are chik Íº o pa uwi Íº ri q Íºa Íºm.
aj patan ri te Íº k .
xa tqa j chi upam ri il.
la k Íº o tzij na kik Íº ox omaj taj ?
xsach on ch ke chi xe at in ik.
ro noj el le ulew e chal aq .
la xe b Íº e k Íº ula xe Íº ki jaq ak Íº u le uchi Íº ja ?
xaq kat ch Íº ok naj iwir .
kam ik k Íº o chi ri jas taqa we.
are chi Íº kak Íº is ri jun ab Íº k Íº o q Íº in om.
pa nawal ja Íº xin alex ik.
na xin ta taj we are ri ak Íºal ki xtz uquw ik.
‚° r ulew risab Íºul o ner ulew ri nef tali , ub Íº e ri po low , r ulew ri jordan , ga lile Íºa kech ri je taq amaq Íº !
rax , rax, rax , k Íº o k Íº, k Íº o k Íº, k Íº o k Íº le r uxlab Íº le taq tiko Íºn .
achi xat wi lo .
pa qa l raj il le pi xkam ik.
x oj b Íº inik .
pa jun je Íºl tijob Íºal ku tijoj ri b Íº jun ak Íºal , ub Íº i Íº po Íºx , utz k uril o kepa tijob Íºal ro noj el taq q Íº ij .
x waj chi xat Íºetaj.
utz la Íº le xub Íº ij le achi.
we ta Íºam jachin ka pet ik.
kin q Íº ojoman ik.
xin q Íº i Íº o tak Íºal ik xin pet ik.
are Íº reta Íºm che kin opan ik.
are tab Íºal e qa qa j aw chat to Íºw ik.
ka wi naq waq ib Íº q Íºataj.
naq aj chik che ri uwaq kaj b Íºal are taq chi Íº k sach uwach ri q Íº ij , ko k ri q Íº e q u Íºm ch uwach ulew , chi k Íºate Íº na ri b Íºeleje b Íº kaj b Íºal .
job Íº raq an ri tz Íºa lam xe por ox ik .
sib Íºal aj ko rij ri mop.
are wa Íº.
jela Íº pa ritimin it ch wi ka byok rech xe laj u Íº, le q an an qa tat kaki tiko je Íºlal aj taq uwach ichaj.
k Íºax nuq ul .
xu Íºl uk Íºama Íº .
ko j ul ki tz ukuj.
are man k Íºax ta ukunax ik are taq ani naq ka Íº il itaj we yab Íº il al xuqu je Íº mojo Íº qa kuya Íº le k Íºax k Íº o lil che ch le jo lomaj.
riw el k Íº o pa tijon ik.
ka waj kin b Íº ij.
ri ko tz Íº i Íºj k qa ko j chi upam ri ja .
q Íº e q q Íº oj rij ri ama Íº kej.
na xwaj taj xin ch Íº aw ik.
ch petab Íºal e loq Íºal aj ja b Íº .
xsach on ch ke xatki sik Íº ij .
e le q Íºal ch Íº ich Íº .
jachin xa wi lo chi are x tijow ri ti Íºj ?
ma tak ab Íº e le nuxb Íºal pa le tinam it .
pim ruq , ri ali .
‚ø k Íº o ri muq Íº e chi awe ch ?
k qab Íº ij man ke kowin taj.
kin tij na .
k Íº o jun qa tÍº u Íºy pa ja !
k Íº o puj chi upam ri ch Íº a Íºk.
are taq kin ko sik kin wari k.
xat wa Íº ik xin wi lo
in xin ch Íºay ow le achi.
ko noj el ri alax ik ke Íº etz Íºan ik .
jas ruk Íº xki tij wi le ki rik il ?
ani naq il kat pet ik.
nara xta uwach le juy ub Íº.
ri tz Íºa lam tz Íº ib Íºab Íºal ra xk kay ik.
we chat chakun ik , k Íº o awa .
ma Íº tam xat pe che ri wa Íº im .
kamul kin wa Íº na .
ri sik il k tijow ruk Íº ik.
k im b Íº e aq Íºan ruk Íº le al talin.
xo j Íº e k xe Íº q il al ar qas ok.
xe ki q Íº il le aj chak ib Íº xki wo k le ja .
ma tan e xwaj le k Íº u hj nem ruk Íº le a te Íº k .
are xe Íº opan chi uchi Íº ri juy ub Íº , xki lo chi man qas tak Íº oq Íºay es .
k Íºate k Íº ut , ri jesus man k ko jon ta ch kech ri e Íº are Íº , rumal rech che ko noj el reta Íºm kiwach ,
pa Íº tz rij ri tz Íº i Íº.
juwi naq waq ib Íº q Íºataj.
a te la q Íº om .
xaq at jo Íº s.
ri q Íºatz u, are q Íºal aj ri uq Íº ij il.
aj chak we ala.
ub Íºelej uka k Íºal taq an ik (29) .
ke b Íº nub Íº i Íº k Íº o lik.
la ka tzalij lu Íº la ani naq ?
ka tz ukun la ch we .
la kaj la ko j b Íº e Íº pa le chomal ch we Íºq ?
xin nab Íºej chu tasik qa k Íº o lib Íºal .
la l xin to Íºw ik.
sib Íºal aj a no Íº j ib Íºal.
xo j peti k xol qa k Íºama Íº .
sib Íºal aj je Íºlik ri uwa Íº l ri ichaj.
k Íºax wi j rumal in pa cha lik .
are taq xuk Íº ulmaj wa Íº xu l ri uchoman ik xub Íº ij : are utz wa aq Íºab Íº kin wa lij ik , are cha Íº cha nim kin opan pa tijob Íºal , maj chik in k Íº ulmaj .
oj aj xojo lob Íº pa awasq Íº ij .
xin sach che le uwo kik le tzij.
e jul aj u j ri ak Íº.
xuta jam pa Íº ko j Íº e k .
q i lik .
ri tijox el man are tanim ch uwach ri raj tij. ri utz tijox el qas je ri Íº k Íº o lik jas ri raj tij.
in xa tin ch Íºay o.
no Íº j im chak wumal.
ch Íº ur ri jo ch Íº.
inkin b Íº ij na kat sach taj.
uj mayab Íº.
ri ab Íº aj ya tzalik .
tajin ke pi xb Íºax ri ak Íºal ab Íº .
chom ri a q.
xin war ik.
e le men ko noj el ri ak Íºal ab Íº .
tajin k q Íºan arik ri we re Íºaj.
le ukem ik le pas utz ( cha we ).
xu yup ub Íº a uwach ra Íº chi , kacha Íº , .
ri satanas k ok pa ri judas ri k b Íº ix iska ri Íºote ch rech , ri are Íº jun ch kixo Íº l ri e ka b Íº laj uj.
chuchu ri par.
kin q um uj ri nu jo ch Íº.
che ch pu nc i„≥n lumbar amaq Íº el raj awax ik che ch ri lik le uk Íºex b Íº em wi le nab Íº e ruk Íº le uka b Íº uk Íº ut unem le yab Íº il al .
q Íºal aj chi na ka waj taj kab Íº ij .
k Íº o q Íº ol chi rij ri si Íº.
ja wi xoj Íº e wi ch uloq Íº ik ?
k Íº o uloch Íº ri talin.
q Íºan rij ri ati Íºt nu kej.
la xtzalij la iwir ?
xe sik Íº ix ik , k Íºate k Íº uri Íº xe ya j ik , xuqu je Íº xe taq b Íº i che usik Íº ik le mes .
la kix wari k ?
are k Íº u le pa lo max xub Íº ij che : - mam kat b Íº ison taj , kin sik Íº ij nik Íºaj wachi Íº l kera pa pi k .
a Íº re e tijox el ab Íº.
ri alaja li si Íºl xub Íº ij xqa chap pa utzal ri ty ox .
xsach on ch ke jachin xe atinik .
jas xuray ij le an an xutijo ?
xinko sik .
rax ro noj el ri q Íºay es rumal lej ab Íº.
k in ya wa Íº we ch Íº ich Íº p in em na utz .
no Íº j im upach Íº uxik le nu wi Íº.
naj k Íº o wi le wo Íº ch ch uwach le tijob Íºal .
ri okib Íºal k Íº o chi uwach ri saq ja .
xe nu taq ch Íº ij ke kil le ak Íºal ab Íº .
k Íº o jun q Íº ox ow em chi we.
tzari cho Íºm.
we choj b Íºe pa le nimaq Íº ij , keq il le aj xo j o lob Íº.
xo j Íº e k xe Íº q il al ar qas ok.
ri a te Íº k xuta Íº che ch rinan to Íºn :-nan jas che Íº chi man ka j ta la qa k Íºat isaj ri jo Íº q.
ripal sib Íºal aj xu Íºy.
k in ko j ri jok b Íºal ulew.
inkin b Íº ij na kat sach taj
a traj kun le nunan .
ku qam u jujor on ri aj tzij.
lu Íº tz Íºa lam ub Íº i Íº ri achi kel pa nim che Íº.
je Íº lik uti Íºjolal ri saq ko Íºr.
k Íº o jun xa Íº rpaja.
xin l oq Íº jun k Íºak Íº patan.
k Íºax ukem ik le pas aw umal.
ani naq ukem ik le pa sawum al
rich Íº a Íºn sachi naq pa taq ab Íº ix.
ra xtaq le ko tz Íº i Íºj .
mesom kan oq ri upam ja .
man are tar alaxko sik .
ri komon xe ch pup rech uq Íºab Íº tinam it xo Íº l ab Íº aj rech q Íº umarkaj.
la utz aki k k Íº us ub Íº tajin ku Íº an o ?
ka tela !
na xutij taj.
xa rumal ke ta Íºm ko noj el ri wi naq k kiq um u j le ja Íº.
iwir xuj tzalij la pa k Íºay b Íºal.
qeta Íºm che ri qa wa kuj uto Íº o .
ri aj tij, k ya j on chi kech ri ak Íºal ab Íº .
jas ub Íºan om le nu ch Íº uti tat ?
ch we Íºq kin b Íº e pa nim tinam it .
utz we ki we ta Íºmaj jas kub Íº ij ri chol b Íºal q Íº ij .
tajin kat jilow che uq Íº ox om jo lomaj.
xin tik q Íºax chi uwach ri ja .
k Íºax le kib Íº e le wi naq.
loq Íº kat kun taj che le yab Íº il (c ovid- 19 ).
ri nuxib Íºal kel pa qa j b Íºal q Íº ij .
xril ri axwan chi x wa Íº ri ala .
le ali xkunataj ik.
we ta ka pe le jab Íº kam ik .
xin we ta Íºmaj chi na xat pe taj.
rip waq rech we q Íºataj ri Íº kesax che ch ri toj b Íºal k Íºay in em .
k tij ri uwa Íº lik rumal ri ki nimaq Íº ij .
xuchap ukunax ik.
chat an loq ali .
xin x uli Íºq aj oq .
je Íº lik k tijow ri taq ik ox.
k Íºate k Íº uri le tat xo Íº r xub Íº ij , man ka waj taj , man ka waj taj.
k Íº o jun tz Íº i Íº pa b Íºe.
kamul xin pe che atz ukux ik.
man tajin tak in chakunik.
k in chakunik rech kat wa Íº ik.
jas ruk Íº xa wil wi chi xki q up ij wi le ti Íºj .
jas ub Íº ix ik ‚Ä¶ ?
koq Íº ri ak Íºal.
ka waj na ka tÍº e taj.
xa tq Íºaj ik.
wem na cha loq Íºaxiy al , na kim b Íº eta awuk Íº.
xopan le wu j awuk Íº rumal we chin.
are k Íº ut pa le juy ub Íº k k Íº iy jor on , chi la Íº xe kik Íºam awi ri ja Íº ri wi naq.
koq Íº ri ak Íºal.
we k Íº o ara j il chak Íºama loq.
are sib Íºal aj kaq le apo Íºt ch uwach le nupo Íºt .
xin k Íºas taj pa ka b Íº laj u j ka j b Íºal.
kaq oy Íºej na ki xpe taj.
ko ka xim ri chij xa jela Íºman ka nimaj tab Íº ik.
ri k ok no jim xb Íº e k , xuch Íº ij o xopan pa uk Íº is b Íºal il le a nim.
x oj ki Íº kotik are taq xat ulik.
ka qi tz Íº na j ri uxa jab Íº ri ak Íºal.
ri jesus k wa Íº kat pa ri nim rachoch ridyos , chu xe Íº ri jun ja che rachoch ri salomon.
we taq an ik ri Íº kub Íº ij chi raj awax ik k ya Íº uq Íº ij ri wi naq xuqu je Íº k to Íº ani naq il .
ri a xuxa rena ri ukunel ri ki naq Íº.
are taq wa Íº ri uq Íº ijol we taq an ik .
k Íº o jun tab Íºal pa uwi Íº ri x kan ul ub Íº i Íº laj u j no Íº j.
yu Íºl ub Íºan om ri uko lob Íº ri kej.
xa nimaj ri ak Íºal chi uwach ri uchuch.
k kunan ri achi.
kin wa Íº ik rech na kin yowaj taj.
aj xik ch Íº ich Íº ri lu Íºs.
k waj che ix ki xb Íºan ow ik .
a Íº re xe to Íº wal aq.
xo j Íº e k xe Íº q il al ar qas ok.
xin loq Íº jun ch Íº ich Íº , qaji naq uwach.
ku tÍº is ripan ta lon.
e ja nipa le awal k Íº wal e k Íº o lik ?
utz ukem ik le pas cha we.
ri max are aj q Íºan iya Íº.
mata b Íºa chi ri q k Íºax pa le b Íº e .
tajin ka nimaj , ri me Íºs.
ix i xe Íº la q Íº omab Íº !
x sachan ch we.
e k Íº o k Íº i che Íº , chi uwach ri juy ub Íº.
are wa Íº ri nimal aj pi xab Íº e are wa Íº ri nab Íº e .
xreta Íºmaj chi ruk Íº pa k Íº k utij wi
jas utz aki k le sub Íºx u Íº an o ?
aj xo Íºy ri wi kan .
we tane a Íº re xe tijow le rik il , are le komon xe tijow ik.
sib Íºal aj ani naq ka ch Íº aw le are Íº chin uwachin.
utz we kin chakuj.
me Íºs la Íº.
k Íº o kan wa rech ka qa tijo.
xin sik Íº ij la.
ri ak Íºal xsach kan oq jela Íº pa taq Íºaj.
xe sik Íº ij la.
ja wi xki b Íº ij wi chi ke Íº e wi ?
rumal che , man ixta ri Íº ri k ix ch Íº aw ik , are rir uxlab Íºax el ri i tat ri Íº ri k ch Íº aw na iwuk Íº ri ix.
k Íºak Íº ri wachoch.
sib Íºal aj utz k inwil le atz Íº ya q rech na hua la .
saq por k ka yri ki po Íºt rinan.
xsach on ri nuchak ch we.
wa Íº im xuchapo.
ri q Íºaq Íº tajin ka juluw ik.
najil upam ri siwan.
e k Íº o ri qachal al pa chi uwi Íºla.
jas xa taq chi Íºj le ak Íºal chu tij ik ?
no Íº j im ukem ik le pas aw umal.
k Íº o jun kuk ub Íº i Íºtin ti n, wa Íº le laj ku kmam ka je q itaj , ka pa qi ka xulik pa uwi Íº uq Íºab Íº taq che Íº , sib Íºal aj sak Íºaj , ke Íº uto le e nima Íºq , ch Íº utin , rachi Íº l , aj sipan el sib Íºal aj utz ra nima Íº.
ri u pi xab Íº le q Íºat b Íºal tzij ki ya Íº ub Íº ix ik.
na xsach on ta ch ke xe atinik .
xe qill e chik op pu wi leja.
x lo Íº taj ri ak Íºal.
qo noj el kuj wa Íº pa uwi Íº ri mexa.
xsik irle waq an .
la xat wa Íº k Íº ut ?
nim ub Íº aq Íº ri tu lul .
k in xik Íº ik Íº ik xin q Íºax ik.
la kat b Íºe pa le tinam it ?
ripal sib Íºal aj saq Íº or .
k q Íº ox ow nu j a lom.
xin na Íº o chi kat pet ik.
xloq Íº ulew iwech ix.
xin chakun ruk Íº ri nu mam .
na xqab Íºan taj.
k k Íº o ji Íº b Íºa Íº ri usipan ik ri aj awx el jesus kristo ruk Íº ri aw uxlab Íºal !
k in ch Íº aw ruk Íº le nunan pa le ch Íº aw eb Íºal.
sib Íºal aj q Íº e q u Íºm rumal ri may ul .
are le ba xulik.
xe kos le ix oq ib Íº pa le b Íº e .
k Íºax ri lik le ak Íºal cha we.
xin q Íº i Íº o xin at in pa joron.
sib Íºal aj nim le tinam it .
k Íºax ukem ik le pas aw umal.
xin sach ik.
tajin kelu kik Íº el pa raq an ri tz Íº i Íº .
xin we ta Íºmaj ri lik wib Íº
ri q Íº uq Íº are jun je Íºl chik op.
k Íº o pa ja tijob Íºal ri wi kaq Íº .
ri sach ib Íºal mak raj wax ik chi qa xo Íº l .
je Íº , k im b Íº e k .
jela le Íº ri nup wi Íº.
xub Íº ij che : - jas xab Íºan o tintin ?
ka b Íºan jun toq Íº ob Íº k ya krin ujal.
kat Íº e k xin ta .
jas le uk Íºex b Íº em ri b Íº le jun ruk Íº le jun chik ?
aj chi uwi Íºm iq Íº inja Íº ri lu Íº.
ri tijon el naj k pe wi .
te Íº k ix cho b Íº ub Íº i Íº ri nu tat.
ri ja Íº kam iq Íº ik chi uwach ri q Íºaq Íº .
ri tÍº u Íºy k pa q Íº ow ik.
kin meson na .
naq aj at k Íº o wi chi we ch .
xin b Íº ison ik taq na xat pet taj.
we xkam ri wi naq , rip waq rech toj b Íºal makaj k ya Íº chi kech rir alax ik .
ri nunan xb Íº e pa k Íºay b Íºal.
x oj uk Íºam uloq rech ko j ril o
xk Íº o to chin chik iwach chi k in wa Íº awuk Íº.
na xki kam saj taj xki k Íºam b Íº i cho ja .
k Íºak Íº ri ik Íº kam ik .
xim b Íº e ruk Íº le aj kun iwir .
ri lik .
le tz Íº i Íºx e kos ik.
xinki kotaw umal.
ri i mul xumaj ri a nim , xuya kan lek ok.
k Íº o oj che ri ak Íºal.
xuj b Íº e pa jun k Íº ulan em .
utz we k war al aq .
ka qil o chi na ko j uk Íºam taj.
xreta Íºmaj chi ruk Íº pa k Íº k utij wi .
sib Íºal aj xin k Íºa Íºn arik.
xin koch ij ri nu wa.
man kat kowin taj kat chakunik , we man k Íº ota ri aj il ab Íºal.
we wo non xub Íº ij chi ke :- k ix in to .
ri ala nim k ril wi ri umam.
xka Íºy chi rij , xka Íºy ch uwach , mak Íº ota chi jun k sil ob Íº ik , x oq Íº ik xu xe Íºj ri b Íº xch Íº op inik xtzalij loq xuriq ta chik ri ub Íº e .
k Íº o pu s che ri wa.
p in em na ka b Íº e le wa tz , k im b Íº e wi in pa ka Íºy ib Íºal.
rinan to Íºn nim wi naq chik , saq uwi Íº, ro noj el aq Íºab Íº utz k una Íº o ka tÍº uy i Íº pa ut em , k um iq Íº isaj ri b Íº cho ri q Íº ij , k Íº o jun uwi Íº umam ub Íº i Íºate Íº k .
man e k Íº i taj ri qula Íº.
q Íºal aj chi na ka waj taj kab Íº ij
xpa qab Íº isax raj il ro noj el ri kem.
k Íº o pa ri jul ri kumatz.
ro noj el q Íº ij kin ch Íº aj le nu ware .
saq chik an le ichaj rech ka tzako.
ch uxe le qa chomal ka qa tij wi jun qam e q Íº in .
cha wi la Íº .
e k Íº o job Íº umi Íº al , ri nu tat.
jas ruk Íº xa wil wi
je Íº jas ri wi naq rech ri uwach ulew , xoqu je Íº kepena ri Íº ri e Íº are Íº che e rech ri uwach ulew ; je Íº jas ri wi naq rech ri kaj , xoqu je Íº kepena ri Íº ri e Íº are Íº e rech ri kaj.
xin tijo .
k tz Íº u juw ri rachoch ri po Íºx .
xuq Íº i Íº o are le uk Íº ulel xya Íº ow uwa.
ri awel xreta Íºmaj chi raj awax ik man ku xej ta rib Íº che rit ukur .
juk Íº ulaj wi naq xe Íº animaj b Íº ik .
je Íº , xin tzalij ik.
xo j peti k xol qa k Íºama Íº .
maj jachin xÍº e k .
in aj tij ; at tijox el .
saq uwi Íº ri tata Íº.
we ch ri kem.
le ro Íº ch le a te Íº k k Íº o ch wach le uk Íºay le nunan .
k b Íº e pa ri si ri Íº a e pa ri silis i Íºa, ja wi je Íº kuya wi ri kichuq Íºab Íº ri komon ty ox .
pi xab Íº : man utz taj k Íºax ku j ch Íº aw chik ij nik Íºaj qachil.
xkunataj le ali ( kumal ri ix oq ib Íº ).
ri xib Íº ib Íºal chik Íº o wi pa taq riq ak Íºas lemal ro noj el q Íº ij .
na ku j war t awar al .
on che k k Íº o ji Íº ri utzil chi xo Íº l , are ch junam ri qa ko jon ik , junam ri iwech ix ruk Íº ri we chin.
pa oxq Íº ij ri sa Íºn k b Íº e na ruk Íº ri aj kun .
ka wi naq wuq ub Íº.
jas ka waj kin tijo ?
we ta xat b Íºew uk Íº pa le tinam it , xa loq Íº tala Íº le u jas taq le ak Íºa jol .
keb Íº e pa wa Íº im .
xin loq Íº k Íº i wa.
pa junnim k Íºa che Íº laj , k Íº o jun k Íº wa Íº sib Íºal aj saq lo loj , nim uwach.
k waj ka tij jub Íº a Íº wa .
ro noj el wi naq k ril na ri uko l on em ri d yo s ‚<unk>.
xk Íº o to chin chik iwach chik in wa Íº awuk Íº
k waj na ka tÍº e taj.
la xa loq Íº jun al ej ?
e k Íº o ri e loq Íº oman el .
ri uka b Íº ub Íº i Íº ri nu mama rey ay.
kin j opij ri ija Íº rech triko.
xna Íº taj ch ke xe atinik .
xa te Íº qila Íº.
kaki tij al an xax ri wi naq.
... kin b Íº ij chi are wa Íº sinxi Íº an.
na xin nab Íºej ta chu ta sik qa k Íº o lib Íºal .
rumal rech che we ri in, kin ch Íº aw ruk Íº rid y os pa ch Íºab Íºal , k ch Íº aw na k Íº uri Íº ri wu xlab Íºal ruk Íº rid y os , k Íºate k Íº ut man k Íº ota upatan ri Íº ch rech ri nuchomab Íºal.
xe peti k xki lo .
xuta we ka tÍº e k .
utz ukem ik le pas cha we.
ri nuwak ax xutij jun q Íº oq Íº rumal ri Íº xkam ik.
rumal ri k Íº ix, man kewa Íº taj ri wi naq.
xe Íº ulik.
q Íº e q rij ri ama Íº chij.
xra j ka Íº el e unan .
junam ki jun ab Íº .
naq Íºal aj taj we ka Íº e k.
riwix nam ch Íº aj ch Íº oj ri rachoch.
war al man k Íº otaj aj awal.
na iwir ta xril le k Íºam ol b Íº e .
xin pe loq te k Íº uri Íº xin tz ukuj ro noj el ri nu raj il .
ri aj tikon el kut ik ri tzij.
k Íº o e kik Íºa jol le achi jab Íº .
k utij q Íºay es ri ix pa Íº ch.
pa ri wa Íº b Íºal e k Íº o ka wi naq achi jab Íº .
sipoji naq ri nupam.
kaya Íº taj ik ruk Íº uti Íº on em jun ri uriq om le yab Íº ilam o lot set s„© xuqu je Íº are kaya Íº taj pa taq ri juy ub Íº.
jachin ri achi ?
ri nu mam xkam ik are taq k Íº oj um uch Íº laj u jujun ab Íº .
k in kowin ik kin k Íºam b Íº i le p waq .
kin wi lo chi utz ri aji Íº.
xin q Íº il ri apo Íºx che man kachakun taj.
k wa Íº chi uwach le taq Íºaj ri ama Íº ak Íº.
ri i mul xe poq Íº ik pa jun ik Íº .
xk Íº is kan oq ri qachak.
are ri ali xoj il ow kan oq .
sib Íºal aj ch Íº u Íºj ri amax.
k Íº o nu wachi Íº.
in chaj inel kech le ak Íºal ab Íº .
xe kos le tz Íº i Íº .
k in b Íº e na kuk Íº ri mol aj.
ro noj el aq Íºab Íº kin yi tz Íº ri wa kax .
kara pinik xutz ukuj chi jun awaj .
le ukem ik le pasan i naq ( aw u mal ).
maj uraj il le q Íºab Íº arel .
k Íºax ri Íº ri ka ch Íº aw ik.
x ojutaq chi Íºj le achi ch uloq Íº ik ichaj .
sib Íºal aj k Íºax ri xk Íº ulmax ik.
xki lo chi na kin k Íº ox omaj taj.
xna Íº taj ch ke chi xe at in ik.
xk Íº o to chin chik iwach chi x ojal wo Íº qa kuk Íº.
jun q Íº u Íº q raj il ri ka xla Íºn wa.
xin wi lo chi xe Íº el ik.
e k Íº o ix oq ib Íº pa le k Íºay b Íºal .
man k Íº otaj uk Íº is ik ri may ab Íº aj l ab Íºal il .
ri sin k k Íº iy pa taq Íºaj.
rich Íº im aman k k Íº iy taj pa taq Íºaj.
raj awax ik k jikik ri waq „§n .
ka waj kin Íº e k .
e k Íº o oxib Íº ak Íº .
xub Íº ij ch we ja wi at k Íº o wi .
ch we Íºq kuj b Íº e Íº pa muq uj .
pa saq k Íºa ja Íº k b Íºan wi ri u q.
x ojki sik Íº ij .
xin wil wib Íº.
cha q Íº chik ri wa .
k im b Íº e na kapa le wo Íº ch.
ka waj kin Íº e k .
rich Íº u Íº k tij ruk Íº le j.
pa ri kiq Íº ij kam i naq ib Íº k b Íºan q Íº o ri k Íº ya Íº rech aj : nab Íº e rinan kutz ukuj kan ri aj , ku jach Íº o Íº xuqu je kuk Íº et o.
jas ka j b Íºal cha nim ?
utz uchoman ik ri ali .
pa ri q Íº ij oxlaj u j tijax kin k Íº is ke b Íº jun ab Íº kin chakun war al .
sib Íºal aj ko , ri k Íºak Íº ch Íºat.
jas ka raj kub Íº ij ‚Ä¶?
rich Íº ich Íº ka sil ab Íº ik.
pa ojer q Íºal pu l xaq xuwi ri nim wi naq ke k Íºam ow b Íº e .
le ukunax ik le uka b Íº uk Íº utun ik are ruk Íº e flor nit i na on utun ib Íºax ik le nif ur t i mox chi Íº le flor n i tina che ch t. b. g.
are ri achi xin ch Íºay ow ik.
jun achi ub Íº ik u Íº xusipaj ke b Íº k Íºa Íºm ulew rech kab Íºan ri tijob Íºal , kam ik , k Íº o chik aj tij rech ri komon xe ch p up .
xumal t y ox ij che ri aj tij ro noj el le xuk Íº ut chi uwach.
pa ri b Íº e xki raq jun al a jimul saq rij , xki k Íºam b Íº ik .
xril le b Íºal e ala .
jas kub Íº ij ch we ?
le ukuna taj em are ruk Íº utz ukux ik le uchi kopil pa jun usol ik uxe Íº le kik Íº on le ja Íº rech jun nodo.
utz we nu tz Íº i Íº.
je Íº, tajin kachap on ik.
kin uloq Íº oj le nu tat.
ka waj kim b Íº e pa tinam it .
are la Íº kin chakuj .
ri nima Íºq taq wi naq k Íº o ke ta Íºmab Íºal.
we ta xat b Íºew uk Íº pa le tinam it , xa loq Íº ta wa Íº we jas taq.
ri kik Íºas lemal . wa ix imulew xa jun chima are ta tinim it ri ma
ri uk Íº yab Íºal naj upam .
xa tqa j chi upam ri il.
nojim kat wa Íº ik.
we k Íº o jun k tu qa Íº ri k , ‚ø la man xoqu je Íº tajkin tu qa Íºr ri in ?
ojoj wo ko lja .
awas k b Íºan k Íºax che junnim wi naq.
xin ch Íº aw apan ruk Íº le wa nab Íº.
k Íºax ri upam ri ju Íºl.
tajin kewa Íº ri imul.
la kaj la kuj tzalij la ani naq ?
rumal rech che ri makaj man k Íº ota ukowin em pi wi Íº ri ix : ri ix man ix k Íº ota chi chu xe Íº ri pi xab Íº, xane ix k Íº o chu xe Íº ri sipan ik.
nim raq an le che Íº.
xin chapo .
are le tu Íº r le loq Íº oman el .
xas kat k Íº o ji Íº chi upam ri ch Íº ich Íº .
sib Íºal aj nim raq an ri k Íºamal b Íº e .
le tz Íº ib Íºab Íºal we chin.
in xin to Íºw la.
xa je k Íº uri Íº ri ix kam ik ri Íº man ix ka xlan wi naq ta chik ; ri ix, ix rech ri ki tinim it ri et y oxlaj taq wi naq , ix rech ri rachoch ridyos.
xin tiko xlaj k Íºal ichaj.
ka qa riq q ib Íº ch we Íºq .
sib Íºal aj utz che ri wi Íºaj ri tun ey .
we naj upulik ta xe qajik ...
xin to Íº taj che ri nuchak.
k Íº o jun chik opub Íº i Íº pum.
poq on ri ik .
x oj b Íº inik .
xuch Íº e kro noj el le reta man ik x pa qi Íº k k Íºax k wÍº in ik xub Íºan aj kun.
kel ub Íº ik pa ri jude Íº a e k tzalij chi ub Íº i jumul pa ri ga lile Íº a.
xi naxib Íº ij pa b Íº e .
je Íºl k Íº o lem chi awachoch.
ro noj el ri ya Íº tal il pa we q Íºataj , tz Íºa qat kiwach , man k tzaq ta kan oq xuqu je Íº man k ta s taj.
xu kunaj le yawab Íº le aj q Íº ij .
chi tat ab Íºej jas le kim b Íº ij .
ch Íº an al ri achi.
pab Íº o ko Íºk achakun wi ri tax.
uj k Íº o pa uwuq q Íº ij .
ki Íº ri uka b Íº ri a qaj.
k Íº o rachal al pa tz Íº o loj che Íº ri pe Íº l.
xki lo chik ink Íº ox omaj.
ri u ki sak Íº utz k ya Íº ik chi uxe Íº ri tiko Íºn .
are taq chi Íº kaq Íºan pu wi Íº ri juk ub Íº, ri achi che xk Íº o ji Íº ri itzel uxlab Íºal ruk Íº , k uta ch rech ri are Íº, are ch k k Íº o ji Íº ruk Íº ri are Íº.
na ka b Íºan taj ta wu mal.
xna Íº taj ch ke xe atinik .
xin paj ri nu triko.
xe Íº ok ri pok Íº pa ri umexa ri po Íºx .
ka juluw ri aq Íºa Íºl chi uxe Íº ri tÍº u Íºy .
a we ch leja.
xuj b Íº e pa tz urik.
nab Íº e xa to pan ik .
ri uka b Íº ub Íº i Íº ri nu mama rey ay.
uwaj xaq uka k Íºal taq an ik (28) .
ma ta k Íº o jun ka kanaj kan oq , qo noj el ko j b Íº e k .
e nima Íºq le al tomab Íº .
nim uwach ri po Íºt.
ko jon ik pa ri utzij wa ix imulew.
jas xuk Íºam b Íº i le tz Íº i Íº xa wi lo ?
xin pet ik , tat.
ri b Íº e laj uwach.
chi tat ab Íºej jas ri kim b Íº ij.
je Íºl kuna Íº ri ab Íº ix chi upam ri q uq ulew .
kin b Íº isoj uwach lewal.
xut Íº uy ub Íº a Íº.
nim ri awe qel e Íºn xa ri q o.
xin e Íº wa Íº oq.
chi Íº ke war wi le ak Íºal ab Íº .
ri nu mi Íº al xutaq loq jun taq o Íºm wu j chi we.
q Íº e Íº lik , ri chaj pa ri b Íº e.
la utz awach ? - utz mal t y ox , e k Íº uri at ? ‚Äì utz mal t y ox .
xin kos rumal nuchak.
k b Íº e kuk Íº ri e Íº are Íº e k tzalij pa ri nas are te ke Íº unimaj.
ri jo j xuk Íºam b Íº ik ri ak Íº.
k Íº o chi wachi Íº l cha nim .
kub Íº ij che ch na Íº l kab Íºan che ri atz Íº ib Íº .
e ... in kawaj ka tzjoj b Íº i la ch we .
mata xin ya j le ali .
jachin ruk Íº kat b Íºe wi ?
k Íº o sib Íºal aj eta Íºmab Íºal pa ri may ab Íº no Íº j ib Íºal .
e man xo ri jupuq kej.
ka sum um ri ka qi q Íº .
e k Íº o ka j ib Íº ak Íºal ab Íº pa le b Íº e .
je Íº jas ri u tatk ka Íºy ik.
xaq at mol on el tzijtal.
le nu tat ka loq Íº on ch we.
xaq tan e k im b Íº e iwuk Íº.
xreta Íºmaj uch Íº aj ik.
rumal la Íº xko j ‚Äú xal q Íºat ‚Äù che ub Íº i Íº ri komon.
are le ukem ik pas xreta Íºmaj.
ri wa ti Íºt kub Íºan na ri upatan.
k Íºak Íº le po Íºt .
reta Íºm uwach jachin xloq Íº ow ri pas .
ken ch Íº ab Íºej le ak Íºal ab Íº .
ya Íº tal cha qe qo noj el ri uj wi naq utz kaq il q ib Íº .
xkoti Íº pa q Íºay es x oq Íº ik .
ka wi naq b Íºeleje b Íº q Íºataj.
e k Íº o ka j ib Íº ral ri i mul , jun saq , jun q Íºan , jun q Íº e q , jun q Íº e qo j , sib Íºal aj ke tz Íºan ik , kech Íº op in ik ri alaj taq i mul .
k chol ol ri ach achal.
ke te kik ri ik Íº .
xe pet ik rech kewa Íº iwuk Íº.
tz atz ri uq Íºan il ri ak Íº.
xo j tzalij ik xi xe Íº qa q Íºat uj kuk Íº le i tat in an .
ri yo Íºx taq ak Íºal ab Íº ke kik Íºux ri atz Íº ya q.
we achi we xusipaj jun po Íºt ch we xkam ik .
k kowin ri kunan el che kunan ik.
xjiq Íº pa ri polow .
xa rumal sib Íºal aj raj awax ik le loq Íºal aj ja Íº , le wi naq xki b Íº ij : che we ik Íº ri Íº qo noj el kuj b Íº e che utik ik taq che Íº.
ri unane ri e rachal al kepe uloq ruk Íº ri are Íº, k Íºate k Íº uri Íº, man ke kowin taj ke q ib Íº ukoq ruk Íº , rumal rech che e k Íº o sib Íºal aj wi naq.
rumal rech , che man k Íº ota jun k kowin che uko j ik juntik ib Íºal il chik ch uwach ri ko jom chik che are ri jesus kristo.
te k Íº uri Íº xutz Íº ib Íºaj ri b Íº pa ri nimal aj tijob Íºal rech aj ku Íºn.
ka juluw rich Íº umil cha q Íºab Íº .
k Íº is b Íºal kan oq , xoqu je Íº k kam ri ix oq .
le alax okik.
k Íº o p waq pa uwi Íº ri mexa.
are kawaj na kin Íº e taj.
ri yawal ku ko j ri ali chi uxe Íº ri cha ka ch are usu Íºt.
na ka qa k Íºam tu Íº b Íº ik am ik .
ri aj tij kub Íº ij chi ke : raj awax ik ke qa chaj ij ri awaj , are u tiko Íºn ri aj aw.
xin tij mukun iwir.
k Íºax le uwi Íº taq le nuq Íºab Íº .
xin loq Íº jun il b Íºal wi b Íº.
wa Íº we q Íº ij , nim ub Íºan taj ik.
ri uxe Íºal ri qa tinam it man ka sach taj.
x oj b Íº inik .
ri achal al junam kiwach.
xin we ta Íºmaj ri lik wib Íº.
nim ri una Íº oj wa j tij.
miq Íº in ri k Íº ul .
aj q Íº o jom ri at e Íº k .
che le san ik che Íº k b Íºan wi ri q Íº ojom.
ka pe le awel pa nawal ja Íº.
ri meson el tajin k chakunik.
utz cha qe ka qa to Íºq ib Íº , taq k Íº o k Íºax k Íº o lil , ka tew e chi Íº n ri aj aw pa qa wi Íº .
xa wi lo , xq Íºatan le ib Íº oy .
xat kowin ik xab Íºan o .
ki Íº ri k Íºa wex.
ka j il il ri b Íº e .
le ali xel b Íº ik .
are Íº xraj xin b Íºan o .
nim we ab Íº aj.
je Íº lik uti Íºjolal ri saq ko Íºr.
noji naq ri kej.
we ka tijan xux man kat uto Íº ta chi uq Íºatix ik le k Íºak Íº yab Íº il coronav irus ( 2019-ncov) .
na nim ta raq an wa Íº we che Íº.
utzalaj aj chak , r iwel.
‚ø jam pa Íº kuj b Íº e pa nimaq Íº ij ?
raj awax ik tan e la Íº kat chakun wuk Íº.
xutaq chi Íºj pa war am pulew.
man are tari axwanx el ik.
ri awix xuloq Íº rachoch re nimal.
are ri ix oq xin sik Íº in uloq.
rich Íº im ak Íºat Íº on na .
laxib Íºan le ichak ?
k Íº i tinam it e k Íº o pa ch Íº o Íºj.
k Íº o jupuq chij chi uxe Íº ri che Íº.
ri uxaq ri ab Íº ix are u wari kej.
ka wi naq q Íºataj.
la ki xpe pa tijob Íºal ?
we ke chaj ix taq le k Íº wa jacha kin b Íº ij ; jun alik k Íº o ja Íº xuqu je Íº sib Íºal aj saq lo loj .
xreta Íºmaj.
ri alab Íº om ri al itomab Íº tajin ki ki tijoj kib Íº rech su taq , are ka kaj ki ki b Íºan nima qachi jab Íº chupam ri kik Íºas lemal , xuqu je k Íº o chik jupuq b Íº ixon el chupam ri komon.
la tz Íº uwach ri b Íº e.
k Íºak Íº ri ach Íº ich Íº .
qo noj el uj , uj may ab Íº taq wi naq.
noj el q Íº ij ri ati Íºx kuy uq Íº uj le taq awaj jela Íº pa nik Íºaj ja Íº , chi rij ri juy ub Íº ub Íº i Íº tena Íº .
pa q Íº om chik ri si Íº.
kin tz ukun che la.
kaki tij le ki naq Íº , le ichaj , le uwa Íº lik ruk Íº le j.
xe ka naj kan le aj chak ib Íº .
ke tik on ri achi jab Íº .
sib Íºal aj itzel ub Íºan taj ik ri ch Íº i lak an.
ri a te Íº k xumal t y ox ij che ri rati Íºt , rumal ri utzalaj no Íº j ib Íºal xuk Íº ut che ch .
k kamul ix uchak ri ab Íº ix.
la xin utz ukuj le tijox el ?
are Íº kachakun ro noj el q Íº ij .
le e k Íºa Íºn a taq tz Íº i Íº.
saq rij ri pla mux .
jas xaq Íº i Íº o xatijo.
jas ruk Íº xkichap wi utij ik le rik il ?
we ka tat in ruk Íº k Íºat anja Íº man kuq Íºatej ta le k Íºak Íº yab Íº il coronav irus .
la kat b Íº in pa le uxlan b Íºal ?
la war al k Íº uxix wa Íº wi ?
are le nu tat kin loq Íº on ik .
tajin k chakun ri ala .
k Íº o ri ki Íº kotemal awuk Íº.
xuta jachin ka Íºe k.
xat wa Íº ik xin wi lo .
xtzaq ri rachoch rumal ri jab Íº.
pa le jun ik Íº chik are nimaq Íº ij .
e ke b Íº„§m ke b Íº in pa uwi Íº ri tem .
mem ri achi.
ri wi kan cha li Íºy k el pa juy ub Íº ch wi tzir ib Íºal.
le raj il , la pa ja x el aq Íºax wu Íºb Íº ik ?
pa ri su Íºt pi som wi ril ej.
ko j peti k kol q ak Íºama Íº .
tajin kat ch Íº op in chi uwach ri taq Íºaj.
le q Íº or xch Íº u q ik .
k Íºax wa Íº im aw umal.
kin b Íº ison che lewal.
sib Íºal aj k Íº o k Íº ri awa tz Íº ya q.
kam ik xuj b Íº e che utik ik taq che Íº pa ri juy ub Íº.
kin uloq Íº oj le nu tat.
cha qi Íºj chik ri chaj.
xyil ix haway i.
nax na Íº taj ta ch ke chi xe at in ik.
ruk Íº k Íº uwa Íº we ri Íº , ri ix k k Íº o ji Íº jun utzalaj ik Íºas lemal ri Íº ch kiwach ri wi naq che man e k Íº ota iwuk Íº , k Íºate k Íº uri Íº man k Íº ota jun wi naq ri Íº raj awax ik chi we ch .
e peti naq pa b Íº e le rachalax ik.
ka kaj le ak Íºal ab Íº kewa Íº ik.
xujch Íºay b Íº ik.
ri nuchak are q Íºaxel tzij.
k Íº o na ru xlab Íº ri awaj.
tajin kel loq , ri q Íº ij .
xuq Íº i Íº o xkam sax ri rachal al choch.
ri nu mamare k Íº o uq Íº in omal.
xk Íº ulmataj jumul , xub Íºan junnimal aj jab Íº , man xb Íº ey etaj ta na xuk Íº is le u yuq Íº chi ke.
ama Íº ri nu tz Íº i Íº.
je wa Íº kat pet ik.
xin kosik rumal xin chakun ik
iwe ch chi jujun al , ri wa.
xuq Íº i Íº o na xat atintaj.
in ri q taj i naq pa ri k Íºay ib Íºal.
na we ta Íºm taj.
k Íºax le nuq Íºab Íº .
utz le xub Íº ij le achi.
kema tz Íº ib Íº .
k Íº o rachal al pa tz Íº o loj che Íº ri pe Íº l.
ro noj el wa Íº we jas taq ri Íº , xa s k sach wi uwach wa Íº ; ruk Íº we ri Íº , ri ix, raj awax ik che k Íº o jun ty oxlaj ik Íºas lemal e k k Íº o ji Íº ri ich Íº aw em ruk Íº rid y os ,
xmuq taj ri pa tz Íºan .
rich Íº ich Íº tzijom kan oq pa ri uk Íº ol b Íºal .
man k Íº ota uchol aj pa taq ri a wu j .
ja chi ke ik Íº le unimaq Íº ij le tinam it nawalja Íº ?
xepe tik x ol kik Íºama Íº .
kachuq Íº ch utrija Íº chi apam .
xin b Íº ij iwir chi xeb Íº e pa armita .
are Íº uxe Íº ojer tzij war al k Íº i che Íº ub Íº i Íº .
xk Íº is ri nusi Íº.
ja wi xki b Íº ij wi chi ke Íº e wi ?
‚° xa je k Íº uri Íº, jachin taq ri e k Íº o pa ri jude Íºa, chicha nim che Íºa nimaj ub Íº i pa taq ri juy ub Íº ,
k Íºak Íº ri ab Íº .
la k Íº o jun na kak Íº ox omaj taj ?
na utz ta le u tÍº is om le almar iy .
man ya Íº tal taj chi awe ka to k pa ja .
je Íº , xat utz ukuj.
are k el waj xaq ib Íº uq Íº ij ri xk Íº o ji k .
ri xunku rkk Íº o ji Íº pa taq ri triko.
xin sach ik.
xut Íº uy ub Íº a Íº
nan utom ta le tzij ‚Ä¶
wach Íº om ri kiwa ri no Íºs.
e k Íº o job Íº ch Íº il wak Íº.
raj aw ix ik chi pa taq ri tijob Íºal , pa nik Íºaj ub Íº ix ik chik
ri raj aw r ulew are Íº tat kel .
we k Íºux okik , we k Íº na xok ta
we achi xusipaj jun p Íº ot ch we.
a tat utaq o Íºn le q Íºatal tzij.
naq Íºan ta uwach le qaprut.
ri xa Íº r k Íº o pa uwi Íº ri q Íºaq Íº k poq Íº ow ik.
ri r oq Íºej ri ali jacha kpe jun ak Íºal.
k Íº o jun al a pa tijob Íºal .
s„§q uwi Íº ri tata Íº.
ri wi tz ik Íº tajin k pe loq.
ja wi xsach on wi kan uya Íº ik le p waq che .
utz we achi we xin kunan ik.
qo noj el kuj wa Íº pa uwi Íº ri mexa.
ri ka xla Íº nik man poq on taj.
in xin b Íº e ruk Íº ri wachi Íº l .
sib Íºal aj je Íº l xki lo xe ki tzo qopij ri ki chij chi la Íº.
k in b Íº in ik xin Íº e k .
k Íºax k Íº o lik , ka cha Íº.
k utij ix im ri ak Íº.
ri ali xch el , xuq Íº i Íº o xa jun ak Íº xsipax che.
xqa sik Íº ij le ix oq chu tza kik sub Íº.
ma ta xab Íº insaj le ch Íº ich Íº .
ri pi xtz Íºa ral ik rumal ri e qa Íºn.
‚ø jam pa Íº kel chi 3%
k Íº o jun nuk Íº o toj chi Íºaj.
tajin kewa Íº kat ri alab Íº om .
xin l oq Íº le nuk Íºak Íºapo Íºt .
na utz aki k ta sub Íº tajin ku Íº an o
x oj utaq chi Íº ij x oj wa Íº ik.
iwe ch ri ab Íº ix.
saq ri j ri chij.
aj sik che ri tinam it k el wi ri tata Íº .
- ‚° ay !xa xin tz aq uloq , k Íºax we waq an .
xk Íº ulmataj pa jun komon chi Íº uwach jun juy ub Íº , xuriq a jun q Íº ij xki riq kib Íº junimul ruk Íº le kok .
jas xa taq chi Íºj le ak Íºal chu tij ik ?
xincha pos uxuloq Íº o.
q Íº in om ri achi.
rik Íº um k tijow ruk Íº ka b Íº .
tajin kejach Íºan ik.
tze b Íºal ukem ik le pas aw umal.
are ka yo Íºw le uchi kopil le ub Íºan taj ik t ry pa no soma bruce i.
we kat niman ik utz kel ik.
pero no Íº j imal pet naq loq , .
are le nuchak jun tz uq b Íºal w ib Íº .
xkunax le yawab Íº rumal le aj q Íº ij .
ri uk Íº u Íºx tz Íº ib Íº pa qa tzijelaj u j .
sib Íºal aj je Íºlik ri e qa b Íºal xub Íºan ri lu Íºs.
sib Íºal aj at k on.
e man xo ri jupuq kej.
nax na Íº taj ta ch ke xe atinik .
ri k Íºamal b Íº e xub Íº ij chi ke , chi maja ri a nim.
jum uch Íº ri nu jun ab Íº .
q Íº i p taji naq ri raq an ri tem .
k chakun ruk Íº ri josb Íºal che Íº ri aj an el .
xa taq chi Íºj le ak Íºal chu tij ik kar.
ojk Íº o pa le ro Íº ch le awel .
‚ø la kat pe q uk Íº ch we Íºq ?
le wi naq pa le ch Íº ich Íº e tÍº uy ullowi.
xka naj kan oq chi uxe Íº ri jab Íº ri ch Íº a Íºn .
nim rij a.
we ta xa kunaj le a tat mata xkam la Íº .
na nuk Íºam om tu Íº la ri Íº.
ch qa nuk Íº u Íº ri qa tzij.
k im b Íº e pa le tinam it .
xin q Íº i Íº o na xin at intaj.
raj awax ik kak Íºam an cha we le utij ik le le j.
k Íº is b Íºal taq no Íº j ib Íºal .
xin e Íº wa Íº oq.
xki b Íºan k Íºax che le uwo saq rumal man utz tachi ka kay ik.
ri q Íº utu Íºm man kech ta le ak Íºal ab Íº .
are na nim tale a tz Íº i Íº ch uwach le nu tz Íº i Íº.
xepe tik x ol ki la Íº.
‚ø jaw chi Íº xa ta Íº che xkam ri umam ri po Íºx ?
e ke b Íº kek Íºam b Íº ik patuj.
xin loq Íº jun japa ri wo ka j ja .
ri a xtu Íº b Íº , k Íº o q ulaj che ch .
jas ka raj ka Íº an chu tza kik le ti Íº ij.
xutij le wa.
xim b Íºal re tzij.
xpax ri b Íº o Íºj .
we ka waj kat in to Íº o xaq xuwi ka b Íº ij chi we.
jas nuk Íº u kuch Íº ob Íº o.
jas ka raj kutijo ?
xex ru xlab Íº ri rik il .
en i tz Íºa Íºq le taq i mul .
we tane in xin b Íºan ow ik , are le ate Íº k xb Íºan ow ik .
kin tzalij pa le nu tinam it .
ri nucha q Íº k Íº o pa uro Íº q Íºat oj tijon ik pa ri tijob Íºal .
xin xi Íºj wib Íºxin ch Íº aw ik.
k Íº o ch wa ro Íº ch le pare.
chiraq an kab Íº in wi ri tata Íº.
xsach on kan uya Íº ik le p waq che cho ja .
xin q Íºax chik ixo Íº l ri wi naq.
ke tikon ik .
ri ulew man qech taj, kech ri q ati Íºt qa mam.
xepe le wi naq xol kik Íºam a Íº.
xuloq Íº ri wu j rumal ri ali .
che we q Íº ij kam ik k Íº o jun nu tzijon em chi rij le nu tinam it .
kej ri Íº.
x kunan alaq ch we .
kin usik Íº ij le nunan .
ri i mul xuch Íº ij taj , xka naj pab Íº e , rumal ri nimal ku jaluj ri imul , xutzaq ri anim.
kub Íºan ri ux oq Íº o Íº l ri aj tz Íºa q.
ri la sib Íºal aj utz che kunab Íºal.
k Íº i kiwach ri e Íºaj chak ib Íº pa ri komonty ox , k Íºate k Íº ut xa jun chi aj awx el ;
xqata chi xa tu lik.
ka waj chi kat Íº e k.
ch Íº uti Íºn ke kanaj ri xa jab Íº che ch .
ka qaxi Íºj q ib Íº ka qa chapo .
e k Íº o ke b Íº uk Íº aj ol le tat xwan.
lu Íº sub Íº i Íº ri rech am.
aj chi uwi Íºm iq Íº inja Íº ri lu Íº.
xin ya kan le nu chim pa k Íºay b Íºal.
k Íºate xrilo , xpe ri unan che utz ukux ik , xki kotik , xu salab Íº isaj ri taq uxkin .
xki k Íº ut chi uwach ri aj tij xuqu je Íº chik iwach ri taq nik Íºaj kachil.
utz le nuq Íºab Íº.
kul le al we Íºl pa au stin cha q Íºab Íº kam ik .
ri ate Íº k xtzaq loq are chik Íº o pa uwi Íº ri q Íºa Íºm.
aj patan ri te Íº k .
xa tqa j chi upam ri il.
la k Íº o tzij na kik Íº ox omaj taj ?
xsach on ch ke chi xe at in ik.
ro noj el le ulew e chal aq .
la xe b Íº e k Íº ula xe Íº ki jaq ak Íº u le uchi Íº ja ?
xaq kat ch Íº ok naj iwir .
kam ik k Íº o chi ri jas taqa we.
are chi Íº kak Íº is ri jun ab Íº k Íº o q Íº in om.
pa nawal ja Íº xin alex ik.
na xin ta taj we are ri ak Íºal ki xtz uquw ik.
‚° r ulew risab Íºul o ner ulew ri nef tali , ub Íº e ri po low , r ulew ri jordan , ga lile Íºa kech ri je taq amaq Íº !
rax , rax, rax , k Íº o k Íº, k Íº o k Íº, k Íº o k Íº le r uxlab Íº le taq tiko Íºn .
achi xat wi lo .
pa qa l raj il le pi xkam ik.
x oj b Íº inik .
pa jun je Íºl tijob Íºal ku tijoj ri b Íº jun ak Íºal , ub Íº i Íº po Íºx , utz k uril o kepa tijob Íºal ro noj el taq q Íº ij .
x waj chi xat Íºetaj.
utz la Íº le xub Íº ij le achi.
we ta Íºam jachin ka pet ik.
kin q Íº ojoman ik.
xin q Íº i Íº o tak Íºal ik xin pet ik.
are Íº reta Íºm che kin opan ik.
are tab Íºal e qa qa j aw chat to Íºw ik.
ka wi naq waq ib Íº q Íºataj.
naq aj chik che ri uwaq kaj b Íºal are taq chi Íº k sach uwach ri q Íº ij , ko k ri q Íº e q u Íºm ch uwach ulew , chi k Íºate Íº na ri b Íºeleje b Íº kaj b Íºal .
job Íº raq an ri tz Íºa lam xe por ox ik .
sib Íºal aj ko rij ri mop.
are wa Íº.
jela Íº pa ritimin it ch wi ka byok rech xe laj u Íº, le q an an qa tat kaki tiko je Íºlal aj taq uwach ichaj.
k Íºax nuq ul .
xu Íºl uk Íºama Íº .
ko j ul ki tz ukuj.
are man k Íºax ta ukunax ik are taq ani naq ka Íº il itaj we yab Íº il al xuqu je Íº mojo Íº qa kuya Íº le k Íºax k Íº o lil che ch le jo lomaj.
riw el k Íº o pa tijon ik.
ka waj kin b Íº ij.
ri ko tz Íº i Íºj k qa ko j chi upam ri ja .
q Íº e q q Íº oj rij ri ama Íº kej.
na xwaj taj xin ch Íº aw ik.
ch petab Íºal e loq Íºal aj ja b Íº .
xsach on ch ke xatki sik Íº ij .
e le q Íºal ch Íº ich Íº .
jachin xa wi lo chi are x tijow ri ti Íºj ?
ma tak ab Íº e le nuxb Íºal pa le tinam it .
pim ruq , ri ali .
‚ø k Íº o ri muq Íº e chi awe ch ?
k qab Íº ij man ke kowin taj.
kin tij na .
k Íº o jun qa tÍº u Íºy pa ja !
k Íº o puj chi upam ri ch Íº a Íºk.
are taq kin ko sik kin wari k.
xat wa Íº ik xin wi lo
in xin ch Íºay ow le achi.
ko noj el ri alax ik ke Íº etz Íºan ik .
jas ruk Íº xki tij wi le ki rik il ?
ani naq il kat pet ik.
nara xta uwach le juy ub Íº.
ri tz Íºa lam tz Íº ib Íºab Íºal ra xk kay ik.
we chat chakun ik , k Íº o awa .
ma Íº tam xat pe che ri wa Íº im .
kamul kin wa Íº na .
ri sik il k tijow ruk Íº ik.
k im b Íº e aq Íºan ruk Íº le al talin.
xo j Íº e k xe Íº q il al ar qas ok.
xe ki q Íº il le aj chak ib Íº xki wo k le ja .
ma tan e xwaj le k Íº u hj nem ruk Íº le a te Íº k .
are xe Íº opan chi uchi Íº ri juy ub Íº , xki lo chi man qas tak Íº oq Íºay es .
k Íºate k Íº ut , ri jesus man k ko jon ta ch kech ri e Íº are Íº , rumal rech che ko noj el reta Íºm kiwach ,
pa Íº tz rij ri tz Íº i Íº.
juwi naq waq ib Íº q Íºataj.
a te la q Íº om .
xaq at jo Íº s.
ri q Íºatz u, are q Íºal aj ri uq Íº ij il.
aj chak we ala.
ub Íºelej uka k Íºal taq an ik (29) .
ke b Íº nub Íº i Íº k Íº o lik.
la ka tzalij lu Íº la ani naq ?
ka tz ukun la ch we .
la kaj la ko j b Íº e Íº pa le chomal ch we Íºq ?
xin nab Íºej chu tasik qa k Íº o lib Íºal .
la l xin to Íºw ik.
sib Íºal aj a no Íº j ib Íºal.
xo j peti k xol qa k Íºama Íº .
sib Íºal aj je Íºlik ri uwa Íº l ri ichaj.
k Íºax wi j rumal in pa cha lik .
are taq xuk Íº ulmaj wa Íº xu l ri uchoman ik xub Íº ij : are utz wa aq Íºab Íº kin wa lij ik , are cha Íº cha nim kin opan pa tijob Íºal , maj chik in k Íº ulmaj .
oj aj xojo lob Íº pa awasq Íº ij .
xin sach che le uwo kik le tzij.
e jul aj u j ri ak Íº.
xuta jam pa Íº ko j Íº e k .
q i lik .
ri tijox el man are tanim ch uwach ri raj tij. ri utz tijox el qas je ri Íº k Íº o lik jas ri raj tij.
in xa tin ch Íºay o.
no Íº j im chak wumal.
ch Íº ur ri jo ch Íº.
inkin b Íº ij na kat sach taj.
uj mayab Íº.
ri ab Íº aj ya tzalik .
tajin ke pi xb Íºax ri ak Íºal ab Íº .
chom ri a q.
xin war ik.
e le men ko noj el ri ak Íºal ab Íº .
tajin k q Íºan arik ri we re Íºaj.
le ukem ik le pas utz ( cha we ).
xu yup ub Íº a uwach ra Íº chi , kacha Íº , .
ri satanas k ok pa ri judas ri k b Íº ix iska ri Íºote ch rech , ri are Íº jun ch kixo Íº l ri e ka b Íº laj uj.
chuchu ri par.
kin q um uj ri nu jo ch Íº.
che ch pu nc i„≥n lumbar amaq Íº el raj awax ik che ch ri lik le uk Íºex b Íº em wi le nab Íº e ruk Íº le uka b Íº uk Íº ut unem le yab Íº il al .
q Íºal aj chi na ka waj taj kab Íº ij .
k Íº o q Íº ol chi rij ri si Íº.
ja wi xoj Íº e wi ch uloq Íº ik ?
k Íº o uloch Íº ri talin.
q Íºan rij ri ati Íºt nu kej.
la xtzalij la iwir ?
xe sik Íº ix ik , k Íºate k Íº uri Íº xe ya j ik , xuqu je Íº xe taq b Íº i che usik Íº ik le mes .
la kix wari k ?
are k Íº u le pa lo max xub Íº ij che : - mam kat b Íº ison taj , kin sik Íº ij nik Íºaj wachi Íº l kera pa pi k .
a Íº re e tijox el ab Íº.
ri alaja li si Íºl xub Íº ij xqa chap pa utzal ri ty ox .
xsach on ch ke jachin xe atinik .
jas xuray ij le an an xutijo ?
xinko sik .
rax ro noj el ri q Íºay es rumal lej ab Íº.
k in ya wa Íº we ch Íº ich Íº p in em na utz .
no Íº j im upach Íº uxik le nu wi Íº.
naj k Íº o wi le wo Íº ch ch uwach le tijob Íºal .
ri okib Íºal k Íº o chi uwach ri saq ja .
xe nu taq ch Íº ij ke kil le ak Íºal ab Íº .
k Íº o jun q Íº ox ow em chi we.
tzari cho Íºm.
we choj b Íºe pa le nimaq Íº ij , keq il le aj xo j o lob Íº.
xo j Íº e k xe Íº q il al ar qas ok.
ri a te Íº k xuta Íº che ch rinan to Íºn :-nan jas che Íº chi man ka j ta la qa k Íºat isaj ri jo Íº q.
ripal sib Íºal aj xu Íºy.
k in ko j ri jok b Íºal ulew.
inkin b Íº ij na kat sach taj
a traj kun le nunan .
ku qam u jujor on ri aj tzij.
lu Íº tz Íºa lam ub Íº i Íº ri achi kel pa nim che Íº.
je Íº lik uti Íºjolal ri saq ko Íºr.
k Íº o jun xa Íº rpaja.
xin l oq Íº jun k Íºak Íº patan.
k Íºax ukem ik le pas aw umal.
ani naq ukem ik le pa sawum al
rich Íº a Íºn sachi naq pa taq ab Íº ix.
ra xtaq le ko tz Íº i Íºj .
mesom kan oq ri upam ja .
man are tar alaxko sik .
ri komon xe ch pup rech uq Íºab Íº tinam it xo Íº l ab Íº aj rech q Íº umarkaj.
la utz aki k k Íº us ub Íº tajin ku Íº an o ?
ka tela !
na xutij taj.
xa rumal ke ta Íºm ko noj el ri wi naq k kiq um u j le ja Íº.
iwir xuj tzalij la pa k Íºay b Íºal.
qeta Íºm che ri qa wa kuj uto Íº o .
ri aj tij, k ya j on chi kech ri ak Íºal ab Íº .
jas ub Íºan om le nu ch Íº uti tat ?
ch we Íºq kin b Íº e pa nim tinam it .
utz we ki we ta Íºmaj jas kub Íº ij ri chol b Íºal q Íº ij .
tajin kat jilow che uq Íº ox om jo lomaj.
xin tik q Íºax chi uwach ri ja .
k Íºax le kib Íº e le wi naq.
loq Íº kat kun taj che le yab Íº il (c ovid- 19 ).
ri nuxib Íºal kel pa qa j b Íºal q Íº ij .
xril ri axwan chi x wa Íº ri ala .
le ali xkunataj ik.
we ta ka pe le jab Íº kam ik .
xin we ta Íºmaj chi na xat pe taj.
rip waq rech we q Íºataj ri Íº kesax che ch ri toj b Íºal k Íºay in em .
k tij ri uwa Íº lik rumal ri ki nimaq Íº ij .
xuchap ukunax ik.
chat an loq ali .
xin x uli Íºq aj oq .
je Íº lik k tijow ri taq ik ox.
k Íºate k Íº uri le tat xo Íº r xub Íº ij , man ka waj taj , man ka waj taj.
k Íº o jun tz Íº i Íº pa b Íºe.
kamul xin pe che atz ukux ik.
man tajin tak in chakunik.
k in chakunik rech kat wa Íº ik.
jas ruk Íº xa wil wi chi xki q up ij wi le ti Íºj .
jas ub Íº ix ik ‚Ä¶ ?
koq Íº ri ak Íºal.
ka waj na ka tÍº e taj.
xa tq Íºaj ik.
wem na cha loq Íºaxiy al , na kim b Íº eta awuk Íº.
xopan le wu j awuk Íº rumal we chin.
are k Íº ut pa le juy ub Íº k k Íº iy jor on , chi la Íº xe kik Íºam awi ri ja Íº ri wi naq.
koq Íº ri ak Íºal.
we k Íº o ara j il chak Íºama loq.
are sib Íºal aj kaq le apo Íºt ch uwach le nupo Íºt .
xin k Íºas taj pa ka b Íº laj u j ka j b Íºal.
kaq oy Íºej na ki xpe taj.
ko ka xim ri chij xa jela Íºman ka nimaj tab Íº ik.
ri k ok no jim xb Íº e k , xuch Íº ij o xopan pa uk Íº is b Íºal il le a nim.
x oj ki Íº kotik are taq xat ulik.
ka qi tz Íº na j ri uxa jab Íº ri ak Íºal.
ri jesus k wa Íº kat pa ri nim rachoch ridyos , chu xe Íº ri jun ja che rachoch ri salomon.
we taq an ik ri Íº kub Íº ij chi raj awax ik k ya Íº uq Íº ij ri wi naq xuqu je Íº k to Íº ani naq il .
ri a xuxa rena ri ukunel ri ki naq Íº.
are taq wa Íº ri uq Íº ijol we taq an ik .
k Íº o jun tab Íºal pa uwi Íº ri x kan ul ub Íº i Íº laj u j no Íº j.
yu Íºl ub Íºan om ri uko lob Íº ri kej.
xa nimaj ri ak Íºal chi uwach ri uchuch.
k kunan ri achi.
kin wa Íº ik rech na kin yowaj taj.
aj xik ch Íº ich Íº ri lu Íºs.
k waj che ix ki xb Íºan ow ik .
a Íº re xe to Íº wal aq.
xo j Íº e k xe Íº q il al ar qas ok.
xin loq Íº jun ch Íº ich Íº , qaji naq uwach.
ku tÍº is ripan ta lon.
e ja nipa le awal k Íº wal e k Íº o lik ?
utz ukem ik le pas cha we.
ri max are aj q Íºan iya Íº.
mata b Íºa chi ri q k Íºax pa le b Íº e .
tajin ka nimaj , ri me Íºs.
ix i xe Íº la q Íº omab Íº !
x sachan ch we.
e k Íº o k Íº i che Íº , chi uwach ri juy ub Íº.
are wa Íº ri nimal aj pi xab Íº e are wa Íº ri nab Íº e .
xreta Íºmaj chi ruk Íº pa k Íº k utij wi
jas utz aki k le sub Íºx u Íº an o ?
aj xo Íºy ri wi kan .
we tane a Íº re xe tijow le rik il , are le komon xe tijow ik.
sib Íºal aj ani naq ka ch Íº aw le are Íº chin uwachin.
utz we kin chakuj.
me Íºs la Íº.
k Íº o kan wa rech ka qa tijo.
xin sik Íº ij la.
ri ak Íºal xsach kan oq jela Íº pa taq Íºaj.
xe sik Íº ij la.
ja wi xki b Íº ij wi chi ke Íº e wi ?
rumal che , man ixta ri Íº ri k ix ch Íº aw ik , are rir uxlab Íºax el ri i tat ri Íº ri k ch Íº aw na iwuk Íº ri ix.
k Íºak Íº ri wachoch.
sib Íºal aj utz k inwil le atz Íº ya q rech na hua la .
saq por k ka yri ki po Íºt rinan.
xsach on ri nuchak ch we.
wa Íº im xuchapo.
ri q Íºaq Íº tajin ka juluw ik.
najil upam ri siwan.
e k Íº o ri qachal al pa chi uwi Íºla.
jas xa taq chi Íºj le ak Íºal chu tij ik ?
no Íº j im ukem ik le pas aw umal.
k Íº o jun kuk ub Íº i Íºtin ti n, wa Íº le laj ku kmam ka je q itaj , ka pa qi ka xulik pa uwi Íº uq Íºab Íº taq che Íº , sib Íºal aj sak Íºaj , ke Íº uto le e nima Íºq , ch Íº utin , rachi Íº l , aj sipan el sib Íºal aj utz ra nima Íº.
ri u pi xab Íº le q Íºat b Íºal tzij ki ya Íº ub Íº ix ik.
na xsach on ta ch ke xe atinik .
xe qill e chik op pu wi leja.
x lo Íº taj ri ak Íºal.
qo noj el kuj wa Íº pa uwi Íº ri mexa.
xsik irle waq an .
la xat wa Íº k Íº ut ?
nim ub Íº aq Íº ri tu lul .
k in xik Íº ik Íº ik xin q Íºax ik.
la kat b Íºe pa le tinam it ?
ripal sib Íºal aj saq Íº or .
k q Íº ox ow nu j a lom.
xin na Íº o chi kat pet ik.
xloq Íº ulew iwech ix.
xin chakun ruk Íº ri nu mam .
na xqab Íºan taj.
k k Íº o ji Íº b Íºa Íº ri usipan ik ri aj awx el jesus kristo ruk Íº ri aw uxlab Íºal !
k in ch Íº aw ruk Íº le nunan pa le ch Íº aw eb Íºal.
sib Íºal aj q Íº e q u Íºm rumal ri may ul .
are le ba xulik.
xe kos le ix oq ib Íº pa le b Íº e .
k Íºax ri lik le ak Íºal cha we.
xin q Íº i Íº o xin at in pa joron.
sib Íºal aj nim le tinam it .
k Íºax ukem ik le pas aw umal.
xin sach ik.
tajin kelu kik Íº el pa raq an ri tz Íº i Íº .
xin we ta Íºmaj ri lik wib Íº
ri q Íº uq Íº are jun je Íºl chik op.
k Íº o pa ja tijob Íºal ri wi kaq Íº .
ri sach ib Íºal mak raj wax ik chi qa xo Íº l .
je Íº , k im b Íº e k .
jela le Íº ri nup wi Íº.
xub Íº ij che : - jas xab Íºan o tintin ?
ka b Íºan jun toq Íº ob Íº k ya krin ujal.
kat Íº e k xin ta .
jas le uk Íºex b Íº em ri b Íº le jun ruk Íº le jun chik ?
aj chi uwi Íºm iq Íº inja Íº ri lu Íº.
ri tijon el naj k pe wi .
te Íº k ix cho b Íº ub Íº i Íº ri nu tat.
ri ja Íº kam iq Íº ik chi uwach ri q Íºaq Íº .
ri tÍº u Íºy k pa q Íº ow ik.
kin meson na .
naq aj at k Íº o wi chi we ch .
xin b Íº ison ik taq na xat pet taj.
we xkam ri wi naq , rip waq rech toj b Íºal makaj k ya Íº chi kech rir alax ik .
ri nunan xb Íº e pa k Íºay b Íºal.
x oj uk Íºam uloq rech ko j ril o
xk Íº o to chin chik iwach chi k in wa Íº awuk Íº.
na xki kam saj taj xki k Íºam b Íº i cho ja .
k Íºak Íº ri ik Íº kam ik .
xim b Íº e ruk Íº le aj kun iwir .
ri lik .
le tz Íº i Íºx e kos ik.
xinki kotaw umal.
ri i mul xumaj ri a nim , xuya kan lek ok.
k Íº o oj che ri ak Íºal.
xuj b Íº e pa jun k Íº ulan em .
utz we k war al aq .
ka qil o chi na ko j uk Íºam taj.
xreta Íºmaj chi ruk Íº pa k Íº k utij wi .
sib Íºal aj xin k Íºa Íºn arik.
xin koch ij ri nu wa.
man kat kowin taj kat chakunik , we man k Íº ota ri aj il ab Íºal.
we wo non xub Íº ij chi ke :- k ix in to .
ri ala nim k ril wi ri umam.
xka Íºy chi rij , xka Íºy ch uwach , mak Íº ota chi jun k sil ob Íº ik , x oq Íº ik xu xe Íºj ri b Íº xch Íº op inik xtzalij loq xuriq ta chik ri ub Íº e .
k Íº o pu s che ri wa.
p in em na ka b Íº e le wa tz , k im b Íº e wi in pa ka Íºy ib Íºal.
rinan to Íºn nim wi naq chik , saq uwi Íº, ro noj el aq Íºab Íº utz k una Íº o ka tÍº uy i Íº pa ut em , k um iq Íº isaj ri b Íº cho ri q Íº ij , k Íº o jun uwi Íº umam ub Íº i Íºate Íº k .
man e k Íº i taj ri qula Íº.
q Íºal aj chi na ka waj taj kab Íº ij
xpa qab Íº isax raj il ro noj el ri kem.
k Íº o pa ri jul ri kumatz.
ro noj el q Íº ij kin ch Íº aj le nu ware .
saq chik an le ichaj rech ka tzako.
ch uxe le qa chomal ka qa tij wi jun qam e q Íº in .
cha wi la Íº .
e k Íº o job Íº umi Íº al , ri nu tat.
jas ruk Íº xa wil wi
je Íº jas ri wi naq rech ri uwach ulew , xoqu je Íº kepena ri Íº ri e Íº are Íº che e rech ri uwach ulew ; je Íº jas ri wi naq rech ri kaj , xoqu je Íº kepena ri Íº ri e Íº are Íº e rech ri kaj.
xin tijo .
k tz Íº u juw ri rachoch ri po Íºx .
xuq Íº i Íº o are le uk Íº ulel xya Íº ow uwa.
ri awel xreta Íºmaj chi raj awax ik man ku xej ta rib Íº che rit ukur .
juk Íº ulaj wi naq xe Íº animaj b Íº ik .
je Íº , xin tzalij ik.
xo j peti k xol qa k Íºama Íº .
maj jachin xÍº e k .
in aj tij ; at tijox el .
saq uwi Íº ri tata Íº.
we ch ri kem.
le ro Íº ch le a te Íº k k Íº o ch wach le uk Íºay le nunan .
k b Íº e pa ri si ri Íº a e pa ri silis i Íºa, ja wi je Íº kuya wi ri kichuq Íºab Íº ri komon ty ox .
pi xab Íº : man utz taj k Íºax ku j ch Íº aw chik ij nik Íºaj qachil.
xkunataj le ali ( kumal ri ix oq ib Íº ).
ri xib Íº ib Íºal chik Íº o wi pa taq riq ak Íºas lemal ro noj el q Íº ij .
na ku j war t awar al .
on che k k Íº o ji Íº ri utzil chi xo Íº l , are ch junam ri qa ko jon ik , junam ri iwech ix ruk Íº ri we chin.
pa oxq Íº ij ri sa Íºn k b Íº e na ruk Íº ri aj kun .
ka wi naq wuq ub Íº.
jas ka waj kin tijo ?
we ta xat b Íºew uk Íº pa le tinam it , xa loq Íº tala Íº le u jas taq le ak Íºa jol .
keb Íº e pa wa Íº im .
xin loq Íº k Íº i wa.
pa junnim k Íºa che Íº laj , k Íº o jun k Íº wa Íº sib Íºal aj saq lo loj , nim uwach.
k waj ka tij jub Íº a Íº wa .
ro noj el wi naq k ril na ri uko l on em ri d yo s ‚<unk>.
xk Íº o to chin chik iwach chik in wa Íº awuk Íº
k waj na ka tÍº e taj.
la xa loq Íº jun al ej ?
e k Íº o ri e loq Íº oman el .
ri uka b Íº ub Íº i Íº ri nu mama rey ay.
kin j opij ri ija Íº rech triko.
xna Íº taj ch ke xe atinik .
xa te Íº qila Íº.
kaki tij al an xax ri wi naq.
... kin b Íº ij chi are wa Íº sinxi Íº an.
na xin nab Íºej ta chu ta sik qa k Íº o lib Íºal .
rumal rech che we ri in, kin ch Íº aw ruk Íº rid y os pa ch Íºab Íºal , k ch Íº aw na k Íº uri Íº ri wu xlab Íºal ruk Íº rid y os , k Íºate k Íº ut man k Íº ota upatan ri Íº ch rech ri nuchomab Íºal.
xe peti k xki lo .
xuta we ka tÍº e k .
utz ukem ik le pas cha we.
ri nuwak ax xutij jun q Íº oq Íº rumal ri Íº xkam ik.
rumal ri k Íº ix, man kewa Íº taj ri wi naq.
xe Íº ulik.
q Íº e q rij ri ama Íº chij.
xra j ka Íº el e unan .
junam ki jun ab Íº .
naq Íºal aj taj we ka Íº e k.
riwix nam ch Íº aj ch Íº oj ri rachoch.
war al man k Íº otaj aj awal.
na iwir ta xril le k Íºam ol b Íº e .
xin pe loq te k Íº uri Íº xin tz ukuj ro noj el ri nu raj il .
ri aj tikon el kut ik ri tzij.
k Íº o e kik Íºa jol le achi jab Íº .
k utij q Íºay es ri ix pa Íº ch.
pa ri wa Íº b Íºal e k Íº o ka wi naq achi jab Íº .
sipoji naq ri nupam.
kaya Íº taj ik ruk Íº uti Íº on em jun ri uriq om le yab Íº ilam o lot set s„© xuqu je Íº are kaya Íº taj pa taq ri juy ub Íº.
jachin ri achi ?
ri nu mam xkam ik are taq k Íº oj um uch Íº laj u jujun ab Íº .
k in kowin ik kin k Íºam b Íº i le p waq .
kin wi lo chi utz ri aji Íº.
xin q Íº il ri apo Íºx che man kachakun taj.
k wa Íº chi uwach le taq Íºaj ri ama Íº ak Íº.
ri i mul xe poq Íº ik pa jun ik Íº .
xk Íº is kan oq ri qachak.
are ri ali xoj il ow kan oq .
sib Íºal aj ch Íº u Íºj ri amax.
k Íº o nu wachi Íº.
in chaj inel kech le ak Íºal ab Íº .
xe kos le tz Íº i Íº .
k in b Íº e na kuk Íº ri mol aj.
ro noj el aq Íºab Íº kin yi tz Íº ri wa kax .
kara pinik xutz ukuj chi jun awaj .
le ukem ik le pasan i naq ( aw u mal ).
maj uraj il le q Íºab Íº arel .
k Íºax ri Íº ri ka ch Íº aw ik.
x ojutaq chi Íºj le achi ch uloq Íº ik ichaj .
sib Íºal aj k Íºax ri xk Íº ulmax ik.
xki lo chi na kin k Íº ox omaj taj.
xna Íº taj ch ke chi xe at in ik.
xk Íº o to chin chik iwach chi x ojal wo Íº qa kuk Íº.
jun q Íº u Íº q raj il ri ka xla Íºn wa.
xin wi lo chi xe Íº el ik.
e k Íº o ix oq ib Íº pa le k Íºay b Íºal .
man k Íº otaj uk Íº is ik ri may ab Íº aj l ab Íºal il .
ri sin k k Íº iy pa taq Íºaj.
rich Íº im aman k k Íº iy taj pa taq Íºaj.
raj awax ik k jikik ri waq „§n .
ka waj kin Íº e k .
e k Íº o oxib Íº ak Íº .
xub Íº ij ch we ja wi at k Íº o wi .
ch we Íºq kuj b Íº e Íº pa muq uj .
pa saq k Íºa ja Íº k b Íºan wi ri u q.
x ojki sik Íº ij .
xin wil wib Íº.
cha q Íº chik ri wa .
k im b Íº e na kapa le wo Íº ch.
ka waj kin Íº e k .
rich Íº u Íº k tij ruk Íº le j.
pa ri kiq Íº ij kam i naq ib Íº k b Íºan q Íº o ri k Íº ya Íº rech aj : nab Íº e rinan kutz ukuj kan ri aj , ku jach Íº o Íº xuqu je kuk Íº et o.
jas ka j b Íºal cha nim ?
utz uchoman ik ri ali .
pa ri q Íº ij oxlaj u j tijax kin k Íº is ke b Íº jun ab Íº kin chakun war al .
sib Íºal aj ko , ri k Íºak Íº ch Íºat.
jas ka raj kub Íº ij ‚Ä¶?
rich Íº ich Íº ka sil ab Íº ik.
pa ojer q Íºal pu l xaq xuwi ri nim wi naq ke k Íºam ow b Íº e .
le ukunax ik le uka b Íº uk Íº utun ik are ruk Íº e flor nit i na on utun ib Íºax ik le nif ur t i mox chi Íº le flor n i tina che ch t. b. g.
are ri achi xin ch Íºay ow ik.
jun achi ub Íº ik u Íº xusipaj ke b Íº k Íºa Íºm ulew rech kab Íºan ri tijob Íºal , kam ik , k Íº o chik aj tij rech ri komon xe ch p up .
xumal t y ox ij che ri aj tij ro noj el le xuk Íº ut chi uwach.
pa ri b Íº e xki raq jun al a jimul saq rij , xki k Íºam b Íº ik .
xril le b Íºal e ala .
jas kub Íº ij ch we ?
le ukuna taj em are ruk Íº utz ukux ik le uchi kopil pa jun usol ik uxe Íº le kik Íº on le ja Íº rech jun nodo.
utz we nu tz Íº i Íº.
je Íº, tajin kachap on ik.
kin uloq Íº oj le nu tat.
ka waj kim b Íº e pa tinam it .
are la Íº kin chakuj .
ri nima Íºq taq wi naq k Íº o ke ta Íºmab Íºal.
we ta xat b Íºew uk Íº pa le tinam it , xa loq Íº ta wa Íº we jas taq.
ri kik Íºas lemal . wa ix imulew xa jun chima are ta tinim it ri ma
ri uk Íº yab Íºal naj upam .
xa tqa j chi upam ri il.
nojim kat wa Íº ik.
we k Íº o jun k tu qa Íº ri k , ‚ø la man xoqu je Íº tajkin tu qa Íºr ri in ?
ojoj wo ko lja .
awas k b Íºan k Íºax che junnim wi naq.
xin ch Íº aw apan ruk Íº le wa nab Íº.
k Íºax ri upam ri ju Íºl.
tajin kewa Íº ri imul.
la kaj la kuj tzalij la ani naq ?
rumal rech che ri makaj man k Íº ota ukowin em pi wi Íº ri ix : ri ix man ix k Íº ota chi chu xe Íº ri pi xab Íº, xane ix k Íº o chu xe Íº ri sipan ik.
nim raq an le che Íº.
xin chapo .
are le tu Íº r le loq Íº oman el .
xas kat k Íº o ji Íº chi upam ri ch Íº ich Íº .
sib Íºal aj nim raq an ri k Íºamal b Íº e .
le tz Íº ib Íºab Íºal we chin.
in xin to Íºw la.
xa je k Íº uri Íº ri ix kam ik ri Íº man ix ka xlan wi naq ta chik ; ri ix, ix rech ri ki tinim it ri et y oxlaj taq wi naq , ix rech ri rachoch ridyos.
xin tiko xlaj k Íºal ichaj.
ka qa riq q ib Íº ch we Íºq .
sib Íºal aj utz che ri wi Íºaj ri tun ey .
we naj upulik ta xe qajik ...
xin to Íº taj che ri nuchak.
k Íº o jun chik opub Íº i Íº pum.
poq on ri ik .
x oj b Íº inik .
xuch Íº e kro noj el le reta man ik x pa qi Íº k k Íºax k wÍº in ik xub Íºan aj kun.
kel ub Íº ik pa ri jude Íº a e k tzalij chi ub Íº i jumul pa ri ga lile Íº a.
xi naxib Íº ij pa b Íº e .
je Íºl k Íº o lem chi awachoch.
ro noj el ri ya Íº tal il pa we q Íºataj , tz Íºa qat kiwach , man k tzaq ta kan oq xuqu je Íº man k ta s taj.
xu kunaj le yawab Íº le aj q Íº ij .
chi tat ab Íºej jas le kim b Íº ij .
ch Íº an al ri achi.
pab Íº o ko Íºk achakun wi ri tax.
uj k Íº o pa uwuq q Íº ij .
ki Íº ri uka b Íº ri a qaj.
k Íº o rachal al pa tz Íº o loj che Íº ri pe Íº l.
xki lo chik ink Íº ox omaj.
ri u ki sak Íº utz k ya Íº ik chi uxe Íº ri tiko Íºn .
are taq chi Íº kaq Íºan pu wi Íº ri juk ub Íº, ri achi che xk Íº o ji Íº ri itzel uxlab Íºal ruk Íº , k uta ch rech ri are Íº, are ch k k Íº o ji Íº ruk Íº ri are Íº.
na ka b Íºan taj ta wu mal.
xna Íº taj ch ke xe atinik .
xin paj ri nu triko.
xe Íº ok ri pok Íº pa ri umexa ri po Íºx .
ka juluw ri aq Íºa Íºl chi uxe Íº ri tÍº u Íºy .
a we ch leja.
xuj b Íº e pa tz urik.
nab Íº e xa to pan ik .
ri uka b Íº ub Íº i Íº ri nu mama rey ay.
uwaj xaq uka k Íºal taq an ik (28) .
ma ta k Íº o jun ka kanaj kan oq , qo noj el ko j b Íº e k .
e nima Íºq le al tomab Íº .
nim uwach ri po Íºt.
ko jon ik pa ri utzij wa ix imulew.
jas xuk Íºam b Íº i le tz Íº i Íº xa wi lo ?
xin pet ik , tat.
ri b Íº e laj uwach.
chi tat ab Íºej jas ri kim b Íº ij.
je Íºl kuna Íº ri ab Íº ix chi upam ri q uq ulew .
kin b Íº isoj uwach lewal.
xut Íº uy ub Íº a Íº.
nim ri awe qel e Íºn xa ri q o.
xin e Íº wa Íº oq.
chi Íº ke war wi le ak Íºal ab Íº .
ri nu mi Íº al xutaq loq jun taq o Íºm wu j chi we.
q Íº e Íº lik , ri chaj pa ri b Íº e.
la utz awach ? - utz mal t y ox , e k Íº uri at ? ‚Äì utz mal t y ox .
xin kos rumal nuchak.
k b Íº e kuk Íº ri e Íº are Íº e k tzalij pa ri nas are te ke Íº unimaj.
ri jo j xuk Íºam b Íº ik ri ak Íº.
k Íº o chi wachi Íº l cha nim .
kub Íº ij che ch na Íº l kab Íºan che ri atz Íº ib Íº .
e ... in kawaj ka tzjoj b Íº i la ch we .
mata xin ya j le ali .
jachin ruk Íº kat b Íºe wi ?
k Íº o sib Íºal aj eta Íºmab Íºal pa ri may ab Íº no Íº j ib Íºal .
e man xo ri jupuq kej.
ka sum um ri ka qi q Íº .
e k Íº o ka j ib Íº ak Íºal ab Íº pa le b Íº e .
je Íº jas ri u tatk ka Íºy ik.
xaq at mol on el tzijtal.
le nu tat ka loq Íº on ch we.
xaq tan e k im b Íº e iwuk Íº.
xreta Íºmaj uch Íº aj ik.
rumal la Íº xko j ‚Äú xal q Íºat ‚Äù che ub Íº i Íº ri komon.
are le ukem ik pas xreta Íºmaj.
ri wa ti Íºt kub Íºan na ri upatan.
k Íºak Íº le po Íºt .
reta Íºm uwach jachin xloq Íº ow ri pas .
ken ch Íº ab Íºej le ak Íºal ab Íº .
ya Íº tal cha qe qo noj el ri uj wi naq utz kaq il q ib Íº .
xkoti Íº pa q Íºay es x oq Íº ik .
ka wi naq b Íºeleje b Íº q Íºataj.
e k Íº o ka j ib Íº ral ri i mul , jun saq , jun q Íºan , jun q Íº e q , jun q Íº e qo j , sib Íºal aj ke tz Íºan ik , kech Íº op in ik ri alaj taq i mul .
k chol ol ri ach achal.
ke te kik ri ik Íº .
xe pet ik rech kewa Íº iwuk Íº.
tz atz ri uq Íºan il ri ak Íº.
xo j tzalij ik xi xe Íº qa q Íºat uj kuk Íº le i tat in an .
ri yo Íºx taq ak Íºal ab Íº ke kik Íºux ri atz Íº ya q.
we achi we xusipaj jun po Íºt ch we xkam ik .
k kowin ri kunan el che kunan ik.
xjiq Íº pa ri polow .
xa rumal sib Íºal aj raj awax ik le loq Íºal aj ja Íº , le wi naq xki b Íº ij : che we ik Íº ri Íº qo noj el kuj b Íº e che utik ik taq che Íº.
ri unane ri e rachal al kepe uloq ruk Íº ri are Íº, k Íºate k Íº uri Íº, man ke kowin taj ke q ib Íº ukoq ruk Íº , rumal rech che e k Íº o sib Íºal aj wi naq.
rumal rech , che man k Íº ota jun k kowin che uko j ik juntik ib Íºal il chik ch uwach ri ko jom chik che are ri jesus kristo.
te k Íº uri Íº xutz Íº ib Íºaj ri b Íº pa ri nimal aj tijob Íºal rech aj ku Íºn.
ka juluw rich Íº umil cha q Íºab Íº .
k Íº is b Íºal kan oq , xoqu je Íº k kam ri ix oq .
le alax okik.
k Íº o p waq pa uwi Íº ri mexa.
are kawaj na kin Íº e taj.
ri yawal ku ko j ri ali chi uxe Íº ri cha ka ch are usu Íºt.
na ka qa k Íºam tu Íº b Íº ik am ik .
ri aj tij kub Íº ij chi ke : raj awax ik ke qa chaj ij ri awaj , are u tiko Íºn ri aj aw.
xin tij mukun iwir.
k Íºax le uwi Íº taq le nuq Íºab Íº .
xin loq Íº jun il b Íºal wi b Íº.
wa Íº we q Íº ij , nim ub Íºan taj ik.
ri uxe Íºal ri qa tinam it man ka sach taj.
x oj b Íº inik .
ri achal al junam kiwach.
xin we ta Íºmaj ri lik wib Íº.
nim ri una Íº oj wa j tij.
miq Íº in ri k Íº ul .
aj q Íº o jom ri at e Íº k .
che le san ik che Íº k b Íºan wi ri q Íº ojom.
ka pe le awel pa nawal ja Íº.
ri meson el tajin k chakunik.
utz cha qe ka qa to Íºq ib Íº , taq k Íº o k Íºax k Íº o lil , ka tew e chi Íº n ri aj aw pa qa wi Íº .
xa wi lo , xq Íºatan le ib Íº oy .
xat kowin ik xab Íºan o .
ki Íº ri k Íºa wex.
ka j il il ri b Íº e .
le ali xel b Íº ik .
are Íº xraj xin b Íºan o .
nim we ab Íº aj.
je Íº lik uti Íºjolal ri saq ko Íºr.
noji naq ri kej.
we ka tijan xux man kat uto Íº ta chi uq Íºatix ik le k Íºak Íº yab Íº il coronav irus ( 2019-ncov) .
na nim ta raq an wa Íº we che Íº.
utzalaj aj chak , r iwel.
‚ø jam pa Íº kuj b Íº e pa nimaq Íº ij ?
raj awax ik tan e la Íº kat chakun wuk Íº.
xutaq chi Íºj pa war am pulew.
man are tari axwanx el ik.
ri awix xuloq Íº rachoch re nimal.
are ri ix oq xin sik Íº in uloq.
rich Íº im ak Íºat Íº on na .
laxib Íºan le ichak ?
k Íº i tinam it e k Íº o pa ch Íº o Íºj.
k Íº o jupuq chij chi uxe Íº ri che Íº.
ri uxaq ri ab Íº ix are u wari kej.
ka wi naq q Íºataj.
la ki xpe pa tijob Íºal ?
we ke chaj ix taq le k Íº wa jacha kin b Íº ij ; jun alik k Íº o ja Íº xuqu je Íº sib Íºal aj saq lo loj .
xreta Íºmaj.
ri alab Íº om ri al itomab Íº tajin ki ki tijoj kib Íº rech su taq , are ka kaj ki ki b Íºan nima qachi jab Íº chupam ri kik Íºas lemal , xuqu je k Íº o chik jupuq b Íº ixon el chupam ri komon.
la tz Íº uwach ri b Íº e.
k Íºak Íº ri ach Íº ich Íº .
qo noj el uj , uj may ab Íº taq wi naq.
noj el q Íº ij ri ati Íºx kuy uq Íº uj le taq awaj jela Íº pa nik Íºaj ja Íº , chi rij ri juy ub Íº ub Íº i Íº tena Íº .
pa q Íº om chik ri si Íº.
kin tz ukun che la.
kaki tij le ki naq Íº , le ichaj , le uwa Íº lik ruk Íº le j.
xe ka naj kan le aj chak ib Íº .
ke tik on ri achi jab Íº .
sib Íºal aj itzel ub Íºan taj ik ri ch Íº i lak an.
ri a te Íº k xumal t y ox ij che ri rati Íºt , rumal ri utzalaj no Íº j ib Íºal xuk Íº ut che ch .
k kamul ix uchak ri ab Íº ix.
la xin utz ukuj le tijox el ?
are Íº kachakun ro noj el q Íº ij .
le e k Íºa Íºn a taq tz Íº i Íº.
saq rij ri pla mux .
jas xaq Íº i Íº o xatijo.
jas ruk Íº xkichap wi utij ik le rik il ?
we ka tat in ruk Íº k Íºat anja Íº man kuq Íºatej ta le k Íºak Íº yab Íº il coronav irus .
la kat b Íº in pa le uxlan b Íºal ?
la war al k Íº uxix wa Íº wi ?
are le nu tat kin loq Íº on ik .
tajin k chakun ri ala .
k Íº o ri ki Íº kotemal awuk Íº.
xuta jachin ka Íºe k.
xat wa Íº ik xin wi lo .
xtzaq ri rachoch rumal ri jab Íº.
pa le jun ik Íº chik are nimaq Íº ij .
e ke b Íº„§m ke b Íº in pa uwi Íº ri tem .
mem ri achi.
ri wi kan cha li Íºy k el pa juy ub Íº ch wi tzir ib Íºal.
le raj il , la pa ja x el aq Íºax wu Íºb Íº ik ?
pa ri su Íºt pi som wi ril ej.
ko j peti k kol q ak Íºama Íº .
tajin kat ch Íº op in chi uwach ri taq Íºaj.
le q Íº or xch Íº u q ik .
k Íºax wa Íº im aw umal.
kin b Íº ison che lewal.
sib Íºal aj k Íº o k Íº ri awa tz Íº ya q.
kam ik xuj b Íº e che utik ik taq che Íº pa ri juy ub Íº.
kin uloq Íº oj le nu tat.
cha qi Íºj chik ri chaj.
xyil ix haway i.
nax na Íº taj ta ch ke chi xe at in ik.
ruk Íº k Íº uwa Íº we ri Íº , ri ix k k Íº o ji Íº jun utzalaj ik Íºas lemal ri Íº ch kiwach ri wi naq che man e k Íº ota iwuk Íº , k Íºate k Íº uri Íº man k Íº ota jun wi naq ri Íº raj awax ik chi we ch .
e peti naq pa b Íº e le rachalax ik.
ka kaj le ak Íºal ab Íº kewa Íº ik.
xujch Íºay b Íº ik.
ri nuchak are q Íºaxel tzij.
k Íº o na ru xlab Íº ri awaj.
tajin kel loq , ri q Íº ij .
xuq Íº i Íº o xkam sax ri rachal al choch.
ri nu mamare k Íº o uq Íº in omal.
xk Íº ulmataj jumul , xub Íºan junnimal aj jab Íº , man xb Íº ey etaj ta na xuk Íº is le u yuq Íº chi ke.
ama Íº ri nu tz Íº i Íº.
je wa Íº kat pet ik.
xin kosik rumal xin chakun ik
iwe ch chi jujun al , ri wa.
xuq Íº i Íº o na xat atintaj.
in ri q taj i naq pa ri k Íºay ib Íºal.
na we ta Íºm taj.
k Íºax le nuq Íºab Íº .
utz le xub Íº ij le achi.
kema tz Íº ib Íº .
k Íº o rachal al pa tz Íº o loj che Íº ri pe Íº l.
ro noj el wa Íº we jas taq ri Íº , xa s k sach wi uwach wa Íº ; ruk Íº we ri Íº , ri ix, raj awax ik che k Íº o jun ty oxlaj ik Íºas lemal e k k Íº o ji Íº ri ich Íº aw em ruk Íº rid y os ,
xmuq taj ri pa tz Íºan .
rich Íº ich Íº tzijom kan oq pa ri uk Íº ol b Íºal .
man k Íº ota uchol aj pa taq ri a wu j .
ja chi ke ik Íº le unimaq Íº ij le tinam it nawalja Íº ?
xepe tik x ol kik Íºama Íº .
kachuq Íº ch utrija Íº chi apam .
xin b Íº ij iwir chi xeb Íº e pa armita .
are Íº uxe Íº ojer tzij war al k Íº i che Íº ub Íº i Íº .
xk Íº is ri nusi Íº.
ja wi xki b Íº ij wi chi ke Íº e wi ?
‚° xa je k Íº uri Íº, jachin taq ri e k Íº o pa ri jude Íºa, chicha nim che Íºa nimaj ub Íº i pa taq ri juy ub Íº ,
k Íºak Íº ri ab Íº .
la k Íº o jun na kak Íº ox omaj taj ?
na utz ta le u tÍº is om le almar iy .
man ya Íº tal taj chi awe ka to k pa ja .
je Íº , xat utz ukuj.
are k el waj xaq ib Íº uq Íº ij ri xk Íº o ji k .
ri xunku rkk Íº o ji Íº pa taq ri triko.
xin sach ik.
xut Íº uy ub Íº a Íº
nan utom ta le tzij ‚Ä¶
wach Íº om ri kiwa ri no Íºs.
e k Íº o job Íº ch Íº il wak Íº.
raj aw ix ik chi pa taq ri tijob Íºal , pa nik Íºaj ub Íº ix ik chik
ri raj aw r ulew are Íº tat kel .
we k Íºux okik , we k Íº na xok ta
we achi xusipaj jun p Íº ot ch we.
a tat utaq o Íºn le q Íºatal tzij.
naq Íºan ta uwach le qaprut.
ri xa Íº r k Íº o pa uwi Íº ri q Íºaq Íº k poq Íº ow ik.
ri r oq Íºej ri ali jacha kpe jun ak Íºal.
k Íº o jun al a pa tijob Íºal .
s„§q uwi Íº ri tata Íº.
ri wi tz ik Íº tajin k pe loq.
ja wi xsach on wi kan uya Íº ik le p waq che .
utz we achi we xin kunan ik.
qo noj el kuj wa Íº pa uwi Íº ri mexa.
ri ka xla Íº nik man poq on taj.
in xin b Íº e ruk Íº ri wachi Íº l .
sib Íºal aj je Íº l xki lo xe ki tzo qopij ri ki chij chi la Íº.
k in b Íº in ik xin Íº e k .
k Íºax k Íº o lik , ka cha Íº.
k utij ix im ri ak Íº.
ri ali xch el , xuq Íº i Íº o xa jun ak Íº xsipax che.
xqa sik Íº ij le ix oq chu tza kik sub Íº.
ma ta xab Íº insaj le ch Íº ich Íº .
ri pi xtz Íºa ral ik rumal ri e qa Íºn.
‚ø jam pa Íº kel chi 3%
k Íº o jun nuk Íº o toj chi Íºaj.
tajin kewa Íº kat ri alab Íº om .
xin l oq Íº le nuk Íºak Íºapo Íºt .
na utz aki k ta sub Íº tajin ku Íº an o
x oj utaq chi Íº ij x oj wa Íº ik.
iwe ch ri ab Íº ix.
saq ri j ri chij.
aj sik che ri tinam it k el wi ri tata Íº .
- ‚° ay !xa xin tz aq uloq , k Íºax we waq an .
xk Íº ulmataj pa jun komon chi Íº uwach jun juy ub Íº , xuriq a jun q Íº ij xki riq kib Íº junimul ruk Íº le kok .
jas xa taq chi Íºj le ak Íºal chu tij ik ?
xincha pos uxuloq Íº o.
q Íº in om ri achi.
rik Íº um k tijow ruk Íº ka b Íº .
tajin kejach Íºan ik.
tze b Íºal ukem ik le pas aw umal.
are ka yo Íºw le uchi kopil le ub Íºan taj ik t ry pa no soma bruce i.
we kat niman ik utz kel ik.
pero no Íº j imal pet naq loq , .
are le nuchak jun tz uq b Íºal w ib Íº .
xkunax le yawab Íº rumal le aj q Íº ij .
ri uk Íº u Íºx tz Íº ib Íº pa qa tzijelaj u j .
sib Íºal aj je Íºlik ri e qa b Íºal xub Íºan ri lu Íºs.
sib Íºal aj at k on.
e man xo ri jupuq kej.
nax na Íº taj ta ch ke xe atinik .
ri k Íºamal b Íº e xub Íº ij chi ke , chi maja ri a nim.
jum uch Íº ri nu jun ab Íº .
q Íº i p taji naq ri raq an ri tem .
k chakun ruk Íº ri josb Íºal che Íº ri aj an el .
xa taq chi Íºj le ak Íºal chu tij ik kar.
ojk Íº o pa le ro Íº ch le awel .
‚ø la kat pe q uk Íº ch we Íºq ?
le wi naq pa le ch Íº ich Íº e tÍº uy ullowi.
xka naj kan oq chi uxe Íº ri jab Íº ri ch Íº a Íºn .
nim rij a.
we ta xa kunaj le a tat mata xkam la Íº .
na nuk Íºam om tu Íº la ri Íº.
ch qa nuk Íº u Íº ri qa tzij.
k im b Íº e pa le tinam it .
xin q Íº i Íº o na xin at intaj.
raj awax ik kak Íºam an cha we le utij ik le le j.
k Íº is b Íºal taq no Íº j ib Íºal .
