xineʼ waʼ oq.
xkibʼan kʼax che le uwosaq rumal man utz ta chi kakayik .
ri qʼutuʼm man kech talea kʼalabʼ .
are na nim talea tzʼiʼ chuwach le nu tzʼiʼ .
xepetik xol kilaʼ .
¿jaw chiʼ xataʼ che xkam riumam ri poʼx ?
e kebʼ kekʼambʼik patuj .
xin loqʼ jun japa riwokaj ja .
ria xtuʼbʼ, kʼoqulaj chech .
jas karaj kaʼan ch utzakikle tiʼij .
xutij le wa .
xim bʼal retzij .
xpax ri bʼoʼj .
we kawaj katin toʼo xaq xuwi kabʼij chiwe .
jas nukʼu kuchʼobʼo .
jas karaj kutijo ?
xex ruxlabʼ ri ri kil .
eni tzʼaʼq le taqimul .
we tane in xin bʼanow ik , are le ateʼk xbʼanow ik .
kintzalij pale nu tinamit .
ri nuchaqʼ kʼo pa uroʼ qʼatoj tijonik pari tijobʼal .
x inxiʼj wi bʼxin chʼawik .
kʼo ch wa roʼchlep are .
chi raqan kabʼin wi ritataʼ .
x sachon kan uyaʼik le pwaq che choja .
xin qʼax chik ixoʼl riwinaq .
ke tikonik .
riulew man qech taj , kech riqatiʼ tqamam .
xepe le winaq xol kikʼamaʼ .
xuloqʼ ri wuj rumal riali .
che we qʼij kamik kʼojun nu tzijonem chirij le nutinamit .
kej riʼ.
x kunana laq chwe .
ki nu sikʼij lenu nan .
ri imul xuchʼij taj ,xkanaj pa bʼe, rumal rinimal kujal uj ri imul, xutzaq ria nim .
kubʼan ri uxoqʼoʼl riaj tzʼaq .
rila sibʼalaj utz che kunabʼal .
kʼi kiwach rieʼaj chakibʼ pari komon tyox , kʼate kʼut xa jun chiajawxel ;
xqata chi xatulik .
kawaj chi katʼek .
chʼut iʼn kekanaj rixaj abʼ chech .
kaqa xiʼj qibʼ kaqachapo .
ekʼo kebʼ ukʼajol letat xwan .
luʼ subʼiʼ ri rech am .
aj chi uwiʼ mi qʼin jaʼ riluʼ.
x in yakan lenuchim pa kʼaybʼal .
kʼatex ri lo ,x peri unan che utzukuxik , xkikotik ,xusal abʼ isaj ri taquxkin .
xkikʼut chi uwach riaj tij xuqujeʼ chi kiwach ritaq nikʼaj kachil .
utz le nuqʼabʼ .
kul le alweʼl paa ustin chaqʼabʼ kamik .
ri ateʼk xtzaq loq are chi kʼo pauwiʼ ri qʼaʼm .
aj patan ri teʼk .
xat qaj chiupam ri il .
la kʼo tzij na kikʼoxo majtaj ?
x sachonch kechi xeatinik .
ronojel leu le wecha laq .
la xebʼe kʼul axeʼ kijaqa kʼu leu chiʼja ?
xaq kat chʼok naj iwir .
kamik kʼo chiri jastaqa we .
are chiʼ kakʼis ri junabʼ kʼo qʼinom .
pa na wal jaʼ xina lexik .
na xintataj we are ria kʼal ki xtzuquwik .
¡ rulew ri sabʼul one rulew rinef tali ,u bʼe ri polow, rulew ri jor dan, galileʼa kech ri je taqa maqʼ !
rax, rax, rax , kʼokʼ , kʼokʼ , kʼokʼ leruxlabʼ le taq tikoʼn .
a chixat wilo .
paqal rajil le pixkamik .
xoj bʼinik .
pajun jeʼl tijobʼal kutijoj ribʼ juna kʼal , ubʼiʼ poʼx , utz kurilo kepa tijobʼal ronojel taq qʼij .
xwaj chi xatʼe taj .
utz laʼ le xubʼij lea chi .
we taʼam jachin kapetik .
kin qʼojo manik .
x inqʼiʼo takʼal ikxin petik .
areʼ retaʼm che kinopanik .
are tabʼale qaqa jawchat toʼwik .
kawinaq waqibʼ qʼataj .
naqaj chik cheri uwaq kajbʼal are taq chiʼ ksach uwach ri qʼij , kok ri qʼequʼm ch uwachulew , chi kʼateʼ na ri bʼe le jebʼ kajbʼal .
jobʼ raqan ri tzʼalam xe poroxik .
sibʼalaj korij ri mop .
arewaʼ .
jelaʼ pari timinit chwikab yok rech xelajuʼ, le qa nan qatat kakitiko jeʼlalaj taq uwa chichaj .
kʼaxnuqul .
xuʼ lukʼamaʼ .
koj ul kitzukuj .
are man kʼaxta ukunaxik are taqaninaq kaʼilitaj we yabʼilal xuqujeʼ mojoʼ qa kuyaʼ le kʼax kʼolil chech le jolomaj .
ri wel kʼo patijonik .
kawaj kinbʼij .
ri kotzʼiʼj kqakoj chiupam ri ja .
qʼeq qʼoj rij ria maʼkej .
na xwaj taj xinchʼawik .
ch petabʼale loqʼalaj jabʼ .
x sachonchke xat kisikʼij .
eleqʼal chʼichʼ .
jachin xawi lo chi are xtijow ritiʼj ?
ma takabʼ elenuxbʼal pale tinamit .
pimruq, riali .
¿ kʼo ri muqʼe chiawech ?
kqabʼij man kekowin taj .
kintij na .
kʼojun qa tʼuʼy paja !
kʼo puj chiupam ri chʼaʼk .
are taq kin kosikkin warik .
xat waʼ ikxin wilo
in xin chʼayow lea chi .
konojel rialaxik keʼe tzʼanik .
jas rukʼ xkitij wi le ki ri kil ?
aninaqil kat petik .
na raxta uwachle juyubʼ .
ri tzʼalam tzʼibʼa bʼal rax kkayik .
wechat chakunik, kʼo awa .
maʼ tam xatpe cheri waʼ im .
kamul kin waʼ na .
ri si kil ktijow rukʼik .
kimbʼe aqʼan rukʼ le al talin .
xojʼe kxeʼ qil alar qasok .
xeki qʼil leaj chakibʼ xkiwok le ja .
matanex waj le kʼuh j nem rukʼ le ateʼk .
are xeʼopan chi uchiʼ ri juyubʼ , xkilo chi man qas ta kʼo qʼayes .
kʼate kʼut , rijesus man kkojon ta chkech rieʼ areʼ , rumal rech che konojel retaʼm kiwach ,
paʼ tzrij ri tzʼiʼ .
juwinaq waqibʼ qʼataj .
at elaqʼom .
xaqat joʼs .
ri qʼatzu, are qʼalaj ri uqʼijil .
aj chak we ala .
ubʼe leju kakʼal taqanik (29) .
kebʼ nubʼiʼ kʼolik .
la katzalij luʼla aninaq ?
katzukunla chwe .
lakaj lakoj bʼeʼ pale chomal chweʼq ?
xin nabʼej chutasik qa kʼolibʼal .
lal xin toʼwik .
sibʼalaj a noʼjibʼal .
xoj petik xol qa kʼamaʼ .
sibʼalaj jeʼlik ri uwaʼl rii chaj .
kʼax wij rumal in pa chalik .
are taq xukʼul maj waʼxul ri uchomanik xubʼij : are utz wa aqʼabʼ kin walijik , are chaʼcha nim kinopan pa tijobʼal , maj chi kin kʼul maj .
oj aj xo jolobʼ pa awas qʼij .
x insach che le uwokikle tzij .
e julajuj riakʼ .
xuta jampaʼ kojʼek .
qilik .
ritijoxel man are ta nim chuwach ri raj tij. ri utz tijoxel qas jeriʼ kʼolik jas ri raj tij .
in xatin chʼayo .
noʼjim chak wumal .
chʼur rijochʼ.
in kinbʼij nakatsach taj .
uj mayabʼ .
ria bʼaj yatzalik .
tajin kepixbʼax ria kʼalabʼ .
chom riaq .
xin warik .
elemen konojel ria kʼalabʼ .
tajin kqʼana rik ri we reʼaj .
le ukemik le pas utz ( chawe ).
xuyupubʼa uwach raʼ chi, kachaʼ, .
risatanas kok pari judas ri kbʼixis kariʼo tech rech , ri areʼ jun ch kixoʼl rie kabʼ lajuj .
chuchu ripar .
kin qumuj ri nujochʼ .
chech punción lum bara maqʼel rajawaxik chech rilik le ukʼexbʼem wi le nabʼe rukʼ le ukabʼ ukʼutunem le yabʼilal .
qʼalaj chi nakawaj taj kabʼij .
kʼoqʼol chirij risiʼ.
jawix ojʼe wi chuloqʼik ?
kʼo ulochʼ ritalin .
qʼan rij ria tiʼt nukej .
la xtzalij la iwir ?
xe sikʼixik , kʼate kʼu riʼ xeyajik , xuqujeʼ xetaqbʼi che usikʼik lemes .
lak ix warik ?
are kʼu lepalomax xubʼij che :- mam kat bʼisontaj , kinsikʼij nikʼaj wachiʼl kerapapik .
aʼ ree tijoxel abʼ .
riala jalisiʼl xubʼij xqachap pa utzal ri tyox .
x sachonchke jachin xeatinik .
jas xurayij lea nan xutijo ?
xin kosik .
rax ronojel ri qʼayes rumal le jabʼ .
kin yawaʼ we chʼichʼ pinem na utz .
noʼjim upachʼuxik le nuwiʼ .
naj kʼowi le woʼ ch chuwach le tijobʼal .
ri okibʼal kʼo chi uwach risaq ja .
xe nu taq chʼij kekil lea kʼalabʼ .
kʼojun qʼoxowem chiwe .
tza richoʼm .
we choj bʼe pale nimaqʼij , keqil leaj xojolobʼ .
xojʼe kxeʼ qil alar qasok .
ri ateʼk xutaʼ chech ri nantoʼn :- nan jas cheʼ chi man kajta laqa kʼatisaj ri joʼq .
ripal sibʼalaj xuʼy .
kin koj rijokbʼal ulew .
in kinbʼij nakatsach taj
at raj kunlenu nan .
kuqa muju joron riaj tzij .
luʼ tzʼalam ubʼiʼ ri achikel pa nim cheʼ .
jeʼlik utiʼjolal risaq koʼr .
kʼojun xaʼr paja .
xin loqʼ jun kʼakʼ patan .
kʼax ukemik le pasa wumal .
aninaq ukemik le pasa wumal
ri chʼaʼn sachinaq pataqabʼix .
raxtaq le kotzʼiʼj .
mesom kanoq riupam ja .
man are tara lax kosik .
ri komon xechpup rech uqʼabʼ tinamit xoʼl abʼ aj rech qʼu mar kaj .
la utzakik kʼusubʼ tajin kuʼano ?
katela !
na xutij taj .
xa rumal ketaʼm konojel riwinaq kkiqumuj le jaʼ .
iw ir xuj tzalij lapa kʼaybʼal .
qetaʼm che riqa wakuj utoʼo .
riaj tij , kyaj on chikech ria kʼalabʼ .
jas ubʼanom lenuchʼu titat ?
chweʼq kinbʼe pa nim tinamit .
utz we kiwetaʼmaj jas kubʼij ri cholbʼal qʼij .
tajin kat jilow che uqʼoxom jolom aj .
x intik qʼax chi uwach ri ja .
kʼax le kibʼe le winaq .
loqʼ kat kuntaj che le yabʼil (covid -19).
ri nuxibʼal kel pa qajbʼal qʼij .
xril riax wan chix waʼ riala .
lea lix kunatajik .
we taka pe le jabʼ kamik .
x in wetaʼmaj chi na xatpe taj .
ri pwaq rech we qʼataj riʼ kesax chech ri tojbʼal kʼayinem .
ktij ri uwaʼlik rumal ri kinimaqʼij .
xuchapu kunaxik .
cha tan loq ali .
xin xuliʼ qajoq .
jeʼlik ktijow ritaqi kox .
kʼate kʼu riletat xoʼr xubʼij ,man kawaj taj ,man kawaj taj .
kʼojun tzʼiʼ pa bʼe .
kamul xin pe chea tzukuxik .
man tajin takin chakunik .
kin chakunik rech katwaʼik .
jas rukʼ xa wil wi chi xki qupij wi letiʼj .
jas ubʼixik … ?
koqʼ ria kʼal .
kawaj na katʼetaj .
xat qʼajik .
we m na cha loqʼaxiyal , na kimbʼe ta awukʼ .
xopan le wuj awukʼ rumal wech in .
are kʼut pale juyubʼ kkʼiy joron, chilaʼ xe kikʼama wi rijaʼ riwinaq .
koqʼ ria kʼal .
we kʼoa rajil cha kʼamaloq .
are sibʼalaj kaqlea poʼt chuwach le nupoʼt .
xin kʼas taj pakabʼ lajuj kajbʼal .
kaq oyʼej nak ixpetaj .
ko kaxim ri chij xa jelaʼ man kanimajta bʼik .
ri koknojim xbʼek , xuchʼijo xopan pau kʼisbʼalil lea nim .
xoj kiʼ kotik are taq xatulik .
kaqitzʼ naj ri uxaj abʼ riakʼal .
rijesus kwaʼ kat pari nim rachoch ridyos, chu xeʼ ri jun ja che rachoch risalom on .
we taqanik riʼ kubʼij chi rajawaxik kyaʼ uqʼij riwinaq xuqujeʼ ktoʼ aninaqil .
ria xux are na ri ukunel rikinaqʼ .
are taq waʼ ri uqʼijol we taqanik .
kʼojun tabʼal pauwiʼ rix kanulubʼiʼ lajuj noʼj .
yuʼl ubʼanom ri ukolobʼ rikej .
xa nimaj riakʼal chi uwach ri uchuch .
kkunan ria chi .
kinwaʼik rech na kin yowaj taj .
aj xik chʼichʼ riluʼs .
kwaj che ixkix bʼanow ik .
aʼre xetoʼ wa laq .
xojʼe kxeʼ qil alar qasok .
x in loqʼ jun chʼichʼ, qajinaq uwach .
kutʼis ripantal on .
e janipa le awal kʼwale kʼolik ?
utz ukemik le pas chawe .
rimax are aj qʼaniyaʼ .
matabʼa chiriq kʼax pale bʼe .
tajin kanimaj , rimeʼs .
ix ixeʼla qʼo mabʼ !
xsachan chwe .
ekʼo kʼi cheʼ , chi uwach ri juyubʼ .
arewaʼ ri nimalaj pixabʼ earewaʼ rinabʼe .
xretaʼmaj chi rukʼ pa kʼkutij wi
jas utzakikle subʼ xuʼano ?
aj xoʼy riwikan .
we tane aʼre xetijow le ri kil , are le komon xetijowik .
sibʼalaj aninaq ka chʼaw le areʼ chin uwach in .
utz we kinchakuj .
meʼs laʼ .
kʼo kan wa rech kaqatijo .
xin sikʼij la .
ria kʼal xsach kanoq jelaʼ pataqʼaj .
xesikʼij la .
ja wi xkibʼij wi chikeʼe wi ?
rumal che ,man ix ta riʼ ri ki xchʼawik , are riruxlabʼ axel riitat riʼ ri kchʼaw na iwukʼ ri ix .
kʼakʼ riwachoch .
sibʼalaj utz kinwil le atzʼyaq rech na huala .
saq por kkay ri kipoʼt rinan .
xsach on rinuchak chwe .
waʼ im xuchapo .
ri qʼaqʼ tajin kajuluwik .
na jilupam ri siwan .
ekʼo ri qachalal pa chi uwiʼla .
jas xa taq chiʼj lea kʼal chutijik ?
noʼjim ukemik le pasa wumal .
kʼojun kukubʼiʼ tintin, waʼ le laj kuk mam kajeqitaj , kapaqi kaxulik pauwiʼ uqʼabʼ taq cheʼ , sibʼalaj sakʼaj , keʼuto lee nimaʼq, chʼutin , rachiʼl , aj sipanel sibʼalaj utz ranimaʼ .
riu pixabʼ le qʼatbʼal tzij kiyaʼ ubʼixik .
na xsach ontachke xeatinik .
xeqil le chikop puwile ja .
xloʼtaj ria kʼal .
qonojel kuj waʼ pauwiʼ rimexa.
xsik irle waqan .
la xat waʼ kʼut ?
nim ubʼaqʼ ri tulul .
kin xikʼi kʼikxin qʼaxik .
la katbʼe pale tinamit ?
ripal sibʼalaj saqʼor .
kqʼoxow nu jalom .
xin naʼo chikat petik .
x loqʼulew iwe chix .
xin chakun rukʼ rinumam .
na xqabʼan taj .
kkʼojiʼ bʼaʼ ri usipanik riajawxel jesus kristo rukʼ ri awuxlabʼal !
kin chʼaw rukʼ le nu nan pale chʼawebʼal .
sibʼalaj qʼequʼm rumal ri mayul .
are leba xulik .
xekos le ixoqibʼ pale bʼe .
kʼax rilik lea kʼal chawe .
xin qʼiʼ oxin at in pa joron .
sibʼalaj nim le tinamit .
kʼax ukemik le pasa wumal .
xin sachik .
tajinkel ukikʼel pa raqan ri tzʼiʼ .
xin wetaʼmaj rilik wibʼ
ri qʼuqʼ are jun jeʼl chikop .
kʼo pa ja tijobʼal riwikaqʼ .
ri sachibʼal mak rajwaxik chi qaxoʼl .
jeʼ, kimbʼek .
je la leʼ rinupwiʼ .
xubʼij che :- jas xabʼano tintin ?
kabʼan jun toqʼobʼ kyak rinu jal .
katʼekx inta .
jas le ukʼexbʼem ribʼ le jun rukʼ le junchik ?
aj chi uwiʼ mi qʼin jaʼ riluʼ.
ri tijonel naj kpe wi .
teʼkix cho bʼ ubʼiʼ rinutat .
rijaʼ kamiqʼik chi uwach ri qʼaqʼ .
ri tʼuʼy kpa qʼowik .
kin meson na .
naqaj at kʼowi chiwech .
xin bʼisonik taq na xatpet taj .
we xkam riwinaq, ri pwaq rech tojbʼal makaj kyaʼ chikech ri ralaxik .
ri nu nan xbʼe pa kʼaybʼal .
xoj ukʼam uloq rech koj rilo
x kʼoto chin chi kiwach chi kin waʼa wukʼ .
na xkikamsaj taj xkikʼambʼi choja .
kʼakʼ ri ikʼ kamik .
xim bʼe rukʼ leaj kuniwir .
rilik .
letzʼiʼ xekosik .
xin kikota wumal .
ri imul xumaj ria nim ,xuya kan le kok .
kʼo oj cheri akʼal .
xuj bʼe pajun kʼulanem .
utz wek wa ralaq .
kaqilo chi nakoj ukʼamtaj .
xretaʼmaj chi rukʼ pa kʼkutij wi .
sibʼalaj xin kʼaʼna rik .
xin kochij rinu wa .
man kat kowin taj kat chakunik , we man kʼota ri ajilabʼal .
we wonon xubʼij chike :- kix into .
riala nim kril wi riumam .
xkaʼy chirij , xkaʼy chuwach, ma kʼo ta chi jun ksilobʼik , xoqʼik xuxeʼj ribʼ xchʼo pinik xtzalij loq xu riqta chik ri ubʼe .
kʼo pus cheri wa .
pinem na kabʼe le wa tz, kimbʼe wi in pa kaʼyibʼal .
rinantoʼn nim winaq chik , saquwiʼ, ronojel aqʼabʼ utz kunaʼo katʼuyiʼ pautem ,kumi qʼisaj ribʼ chori qʼij , kʼojun uwiʼ umam ubʼiʼ ateʼk .
man ekʼitaj riqulaʼ .
qʼalaj chi nakawaj taj kabʼij
x paqabʼisax rajil ronojel rikem .
kʼo pari jul ri kuma tz .
ronojel qʼij kinchʼaj le nuw are .
saq chikan lei chaj rech katzako .
chu xele qachomal kaqatij wi jun qameqʼin .
cha wilaʼ .
e kʼojobʼ umiʼal , rinutat .
jas rukʼ xawil wi
jeʼ jas ri winaq rech ri uwachulew , xoqujeʼ kepe na riʼ rieʼ areʼ che e rech ri uwachulew ;jeʼ jas ri winaq rech ri kaj , xoqujeʼ kepe na riʼ rieʼ areʼe rech ri kaj .
xin tijo .
ktzʼujuw ri rachoch ri poʼx .
x uqʼiʼo are le ukʼulel xyaʼow uwa .
ri awel xretaʼmaj chi rajawaxik man kuxej taribʼ cheri tukur .
jukʼulaj winaq xeʼa nimajbʼik .
jeʼ ,xin tzalijik .
xoj petik xol qa kʼamaʼ .
maj jachinxʼek .
inaj tij; at tijoxel .
saquwiʼ ritataʼ .
we chrikem .
le roʼchle ateʼk kʼo chwach le ukʼaylenu nan .
kbʼe pari si riʼa epari silisiʼa, ja wi jeʼ kuya wi ri kichuqʼabʼ ri komon tyox .
pixabʼ : man utz taj kʼax kuj chʼaw chikij nikʼaj qachil .
xkunataj lea li( kumal ri ixoqibʼ ).
rixibʼ ibʼal chi kʼowi pataq riqa kʼas lemal ronojel qʼij .
nakuj war ta waral .
on che kkʼojiʼ ri utzil ch ixoʼl , arech junam riqa kojonik , junam ri iwech ix rukʼ riwech in .
pa ox qʼij ri saʼn kbʼena rukʼ riaj kun .
ka winaq wuqubʼ .
jas kawaj kin tijo ?
we ta xatbʼe wukʼ pale tinamit, xa loqʼ talaʼ leu jastaq lea kʼajol .
kebʼe pawaʼim .
xin loqʼ kʼi wa .
pajun nim kʼa cheʼlaj , kʼojun kʼwaʼ sibʼalaj saq loloj , nim uwach .
kwaj katij jubʼaʼ wa .
ronojel winaq kril na ri ukolonem ridyos ».
x kʼoto chin chi kiwach chi kin waʼa wukʼ
kwaj na katʼetaj .
laxa loqʼ junalej ?
ekʼo ri eloqʼo manel .
ri ukabʼ ubʼiʼ ri numa mareyay .
kin jo pij riijaʼ rech triko .
x naʼtaj chke xeatinik .
xateʼ qilaʼ .
kakitij alan xax riwinaq .
. . . kinbʼij chi arewaʼ sinxiʼ an .
na xin nabʼej tach uta sik qa kʼolibʼal .
rumal rech che we riin , kin chʼaw rukʼ ridyos pa chʼabʼal , kchʼaw na kʼu riʼ ri wux labʼal rukʼ ri dyos, kʼate kʼut man kʼota upatan riʼ ch rech ri nu chomabʼal .
xe petik xkilo .
xuta wekatʼek .
utz ukemik le pas chawe .
ri nu wakax xutij jun qʼoqʼ rumal riʼx kamik .
rumal ri kʼix ,man kewaʼ taj riwinaq .
xeʼulik .
qʼe qrij ria maʼ chij .
xraj kaʼe leunan .
junam ki junabʼ .
naqʼalaj taj we kaʼek .
riwixnam chʼaj chʼoj ri rachoch .
waral man kʼotaj ajawal .
na iwir ta xril le kʼamolbʼe .
x in pe loq tekʼu riʼ xin tzukuj ronojel rinurajil .
riaj tikonel kutik ri tzij .
kʼo eki kʼajol lea chijabʼ .
kutij qʼayes ri ix paʼ ch .
pari waʼ bʼal ekʼo kawinaqa chijabʼ .
si pojinaq rinupam .
kayaʼtajik rukʼutiʼ onem jun ri uriqom le yabʼila molotset sé xuqujeʼ are kayaʼtaj pataq ri juyubʼ .
jachin ria chi ?
rinumam xkamik are taq kʼo jumuchʼ lajuju junabʼ .
kin kowinik kin kʼambʼile pwaq .
kin wi lo chi utz riajiʼ .
x inqʼil riapoʼx che man kachakun taj .
kwaʼ chi uwach letaqʼaj riamaʼ akʼ .
ri imul xepoqʼik pa junikʼ .
xkʼis kanoq riqa chak .
are rial ixojilow kanoq .
sibʼalaj chʼuʼj ria max .
kʼo nuwachiʼ .
in chajinel kech lea kʼalabʼ .
xekos le tzʼiʼ .
kinbʼena kukʼ rimolaj .
ronojel aqʼabʼ kinyitzʼ riwakax .
kara pinik xutzukuj chi junawaj .
le ukemik le pasaninaq (awumal) .
maj urajil leqʼabʼ arel .
kʼax riʼ ri kachʼawik .
xoj utaq chiʼj lea chich uloqʼi kichaj .
sibʼalaj kʼax ri xkʼul maxik .
xkilo chinak in kʼoxom aj taj .
x naʼtaj chkechi xeatinik .
x kʼoto chin chi kiwach chixojal woʼ qa kukʼ .
jun qʼuʼq rajil ri kaxlaʼn wa .
xin wi lo chi xeʼelik .
ekʼo ixoqibʼ pale kʼaybʼal .
man kʼotaj ukʼisik ri mayabʼ ajlabʼal il .
ri sin kkʼiy pataqʼaj .
ri chʼi ma man kkʼiy taj pataqʼaj .
rajawaxik kjikik ri waqän .
kawaj kinʼek .
ekʼo oxibʼ akʼ .
xubʼij chwe jawiat kʼowi .
chweʼ qkuj bʼeʼ pa muquj .
pasaq kʼa jaʼ kbʼan wi riuq .
xoj kisikʼij .
xin wilwibʼ .
chaqʼ chik ri wa .
kimbʼe na ka palewoʼch .
kawaj kinʼek .
ri chʼuʼ ktij rukʼlej .
pari ki qʼij kaminaqibʼ kbʼan qʼo ri kʼyaʼ rech aj : nabʼe ri nan kutzukuj kan riaj ,kuja chʼoʼ xuquje kukʼeto .
jas kajbʼal cha nim ?
utz uchomanik riali .
pari qʼij oxlajuj tijax kinkʼis kebʼ junabʼ kin chakun waral .
sibʼalaj ko, ri kʼakʼ chʼat .
jas karaj kubʼij … ?
ri chʼichʼ kas ilabʼik .
pa ojerqʼal pul xaq xuwi ri nim winaq ke kʼamowbʼe .
leukunaxik le ukabʼ ukʼutunik are rukʼ ef lor nitinao nutunibʼax ik le nifur timox chiʼ lef lor nitina chech t. b .g.
are ria chixin chʼayowik .
junachi ubʼikuʼ xusipaj kebʼ kʼaʼmulew rech kabʼan ri tijobʼal , kamik , kʼo chikaj tij rech ri komon xechpup .
xumal tyoxij che riaj tij ronojel le xukʼut chiuwach .
pari bʼe xkiraq junalaj imulsaq rij , x kikʼambʼik .
xril lebʼal eala .
jas kubʼij chwe ?
leu kunatajem are rukʼ utzukuxik le uchikopil pa jun usolik uxeʼle kikʼon le jaʼ rech junnodo .
utz we nutzʼiʼ .
jeʼ, tajin kachaponik .
kin uloqʼoj le nutat .
kawaj kimbʼe pa tinamit .
ar elaʼ kinchakuj .
ri nimaʼq taq winaq kʼok etaʼmabʼal .
we ta xatbʼe wukʼ pale tinamit, xa loqʼ ta waʼ we jastaq .
ri kikʼas lemal . wa iximulew xa jun chi ma are ta tinimit rima
riukʼ yabʼal na jupam .
xat qaj chiupam ri il .
nojim katwaʼik .
we kʼojun ktuqaʼ rik ,¿la man xoqujeʼ taj kintuqaʼr ri in ?
ojoj wokol ja .
awas kbʼan kʼax che junnim winaq .
xin chʼaw apan rukʼlewa nabʼ .
kʼax riupam ri juʼl .
tajin kewaʼ riimul .
lakaj lakuj tzalij la aninaq ?
rumal rech che rimakaj mankʼo tau kowinem piwiʼ ri ix : ri ix man ix kʼota chich uxeʼ ri pixabʼ ,xane ix kʼo ch uxeʼ ri sipanik .
nim raqan lecheʼ .
xinchapo .
ar eletuʼr le loqʼo manel .
xas kat kʼojiʼ chiupam ri chʼichʼ .
sibʼalaj nim raqan ri kʼamalbʼe .
le tzʼibʼa bʼal we chin .
in x intoʼw la .
xaje kʼu riʼ ri ixkamik riʼ man ix kaxlan winaq tachik ; ri ix , ix rech ri ki tinimit rie tyoxlaj taq winaq , ix rech ri rachoch ridyos .
xin tikox laj kʼalichaj .
kaqa riqqibʼ chweʼq .
sibʼalaj utz che ri wiʼ aj rituney .
we na jupulik ta xeqajik . . .
x intoʼtaj cheri nu chak .
kʼojun chikop ubʼiʼ pum .
poqon riik .
xoj bʼinik .
xuchʼek ronojel le retamanik xpaqiʼ kkʼax kwʼinik xubʼan aj kun .
kel ubʼik pari ju de ʼa ektzalij chiubʼi jumul pari galileʼa .
xina xibʼij pa bʼe .
jeʼl kʼolem chi awachoch .
ronojel ri yaʼtalil pawe qʼataj , tzʼaqat kiwach , man ktzaqta kanoq xuqujeʼ man ktas taj .
xukunaj le yawabʼ leaj qʼij .
chi tatabʼej jas le kimbʼij .
chʼanal ria chi .
pa bʼokoʼ kachakun wi ri tax .
uj kʼo pauwuq qʼij .
kiʼ ri ukabʼ riaqaj .
kʼo rachalal pa tzʼoloj cheʼ ri peʼl .
xkilo chi kinkʼoxom aj .
ri ukisakʼ utz kyaʼik chiuxeʼ ri tikoʼn .
are taq chiʼ kaqʼan puwiʼ ri jukubʼ, ria chiche xkʼojiʼ ri itzel uxlabʼal rukʼ , kutach rech ri areʼ, arech kkʼojiʼ rukʼ ri areʼ .
na kabʼantaj ta wumal .
x naʼtaj chke xeatinik .
xin paj rinutriko .
xeʼok ri pokʼ pari umexa ri poʼx .
ka juluw ria qʼaʼl chi uxeʼ ri tʼuʼy .
a wech leja .
xuj bʼe patzurik .
nabʼexa topanik .
ri ukabʼ ubʼiʼ ri numa mareyay .
uwaj xaqu kakʼal taqanik (28) .
mata kʼojun kakanaj kanoq , qonojel kojbʼek .
e nimaʼq le altomabʼ .
nim uwach ripoʼt .
kojonik pari utzij wa iximulew .
jas xukʼambʼi le tzʼiʼ xawilo ?
xin petik, tat .
ri bʼelaj uwach .
chi tatabʼej jas ri kimbʼij .
jeʼl kunaʼ ri abʼix chiupam ri ququlew .
kin bʼisoj uwachle wal .
xutʼuyu bʼaʼ .
nim ria we qeleʼn xa riqo .
xineʼ waʼ oq.
chiʼ kewar wi lea kʼalabʼ .
rinumiʼal xutaq loq jun taqoʼm wuj chiwe .
qʼeʼ lik , ri chaj pari bʼe .
la utz awach? - utz mal tyox , ekʼu riat ? – utz mal tyox .
xin kos rumal nuchak .
kbʼe kukʼ rieʼ areʼe ktzalij pari nas are te keʼunimaj .
rijoj xukʼambʼik riakʼ .
kʼo chi wachiʼl cha nim .
kubʼij chech naʼl kabʼan che ria tzʼibʼ .
e . . . in kawaj katzjoj bʼilach we .
matax inyaj le ali .
jachin rukʼ katbʼe wi ?
kʼo sibʼalaj etaʼmabʼal pari mayabʼ noʼjibʼal .
eman xo ri jupuqkej .
ka sumu mri kaqiqʼ .
ekʼo kajibʼa kʼalabʼ pale bʼe .
jeʼ jas riutat kkaʼyik .
xaq at molonel tzij tal .
le nutat kaloqʼon chwe .
xaq tane kimbʼe iwukʼ .
xretaʼmaj uchʼajik .
rumal laʼ xkoj “xal qʼat” che ubʼiʼ rikomon .
are leu kemik pas xretaʼmaj .
ri wa tiʼt kubʼan nari upatan .
kʼakʼ le poʼt .
retaʼm uwach jachin xloqʼow ri pas .
ken chʼabʼej lea kʼalabʼ .
yaʼtal chaqe qonojel riuj winaq utzkaqil qibʼ .
xkotiʼ paqʼayes xoqʼik .
kawinaq bʼe le jebʼ qʼataj .
ekʼo kajibʼ ral ri imul, junsaq, jun qʼan , jun qʼeq, jun qʼeqoj , sibʼalaj ketzʼanik , ke chʼopinik rialaj taqimul .
k cholol ria chachal .
ketekik ri ikʼ .
xepetik rech kewaʼ iwukʼ .
tz atz ri uqʼanil riakʼ .
xoj tzalij ik xixeʼ qa qʼatuj kukʼ lei tatinan .
ri yoʼx taqa kʼalabʼ kekikʼux ria tzʼyaq .
wea chiwe xusipaj jun poʼt chwe xkamik .
kkowin ri kunanel chekunanik .
x jiqʼ pari polow .
xa rumal sibʼalaj rajawaxik le loqʼalaj jaʼ, le winaq xkibʼij : che we ikʼ riʼ qonojel kuj bʼe che utikik taq cheʼ .
ri unane rie rachalal kepe uloq rukʼ ri areʼ , kʼate kʼu riʼ, man kekowin taj keqibʼ ukoq rukʼ , rumal rech che ekʼo sibʼalaj winaq .
rumal rech , che man kʼo tajun kkowin che ukojik juntik ibʼalil chik chuwach ri kojom chik che are rijesus kristo .
tekʼu riʼ xutzʼibʼaj ribʼ pari nimalaj tijobʼal rech aj kuʼn .
ka juluw ri chʼu mil cha qʼabʼ .
kʼisbʼal kanoq , xoqujeʼ kkam ri ixoq .
leala xokik .
kʼo pwaq pauwiʼ ri mexa .
are kawaj nakinʼe taj .
ri yawal kukoj ri ali chiuxeʼ ri chakach are usuʼt .
na kaqakʼam tuʼbʼi kamik .
riaj tij kubʼij chike : rajawaxik keqachajij riawaj , are utikoʼn riajaw .
x intij mukun iwir .
kʼax le uwiʼ taq le nuqʼabʼ .
xin loqʼ jun ilbʼal wibʼ .
waʼ we qʼij , nim ubʼantajik .
ri uxeʼal riqa tinamit man kasach taj .
xoj bʼinik .
riachalal junam kiwach .
xin wetaʼmaj rilik wibʼ .
nim ri unaʼoj waj tij .
mi qʼin ri kʼul .
aj qʼojom riateʼk .
che le sanik cheʼ kbʼan wi ri qʼojom .
ka pe le awel pa nawal jaʼ .
ri mesonel tajin kchakunik .
utz chaqe kaqa toʼqibʼ, taq kʼo kʼax kʼolil , katewe chiʼ nriajaw paqawiʼ .
xaw ilo, xqʼatan le ibʼoy .
xat kowinik xabʼano .
kiʼ ri kʼawex .
kajil il ribʼe .
lea lixel bʼik .
areʼ xraj xinbʼano .
nim we abʼ aj .
jeʼlik utiʼjolal risaq koʼr .
nojinaq rikej .
weka tijan xux man katutoʼ ta chi uqʼatixik le kʼakʼ yabʼil cor onavirus ( 2019-ncov) .
na nim ta raqan waʼ we cheʼ .
utzalaj aj chak, riwel .
¿jampaʼ kuj bʼe pa nimaqʼij ?
rajawaxik tane laʼ kat chakun wukʼ .
xutaq chiʼj pa warampulew .
man are taria x wan xelik .
ria wi xxuloqʼ rachoch renimal .
are ri ixoqxin sikʼinuloq .
ri chʼi ma kʼatʼon na .
la xibʼan le ichak ?
kʼi tinamit ekʼo pa chʼoʼj .
kʼoju puqchij chiuxeʼ richeʼ .
riuxaq ri abʼix areu warikej .
kawinaq qʼataj .
lak ix pe pa tijobʼal ?
we kechajix taq le kʼwa jacha kinbʼij ; junalik kʼo jaʼ xuqujeʼ sibʼalaj saq loloj .
xretaʼmaj .
ri alabʼom ri alitomabʼ tajin kikitijoj kibʼ rech su taq , are kakaj kikibʼan nimaqa chijabʼ chupam ri kikʼas lemal , xuquje kʼo chik jupuq bʼixonel chupam ri komon .
latzʼ uwach ribʼe .
kʼakʼ ria chʼichʼ .
qonojel uj,uj mayabʼ taq winaq .
nojel qʼij ria tiʼxkuyu qʼuj le taq awaj jelaʼ pa nikʼaj jaʼ, chirij ri juyubʼ ubʼiʼ tenaʼ .
paqʼom chik risiʼ.
kin tzukun chela .
kakitij le kinaqʼ, leichaj , le uwaʼlik rukʼlej .
xeka naj kan leaj chakibʼ .
ketikon ria chijabʼ .
sibʼalaj itzel ubʼantajik ri chʼi lakan .
ri ateʼk xumal tyoxij cheri ratiʼt , rumal ri utzalaj noʼjibʼal xukʼut chech .
kkamulix uchak ria bʼix .
la xin utzukuj le tijoxel ?
areʼ kachakun ronojel qʼij .
le ekʼaʼ na taq tzʼiʼ .
saq rij riplamux .
jas xa qʼiʼo xatijo .
jas rukʼ xkichapwi utijik le ri kil ?
we katatin rukʼ kʼatan jaʼ man kuqʼatej tale kʼakʼ yabʼil cor onavirus .
la katbʼin pale uxlanbʼal ?
la waral kʼuxix waʼ wi ?
are le nutat ki nloqʼonik .
tajin kchakun riala .
kʼo ri kiʼ kotemala wukʼ .
xuta jachin kaʼek .
xat waʼ ikxin wilo .
xtzaq ri rachoch rumal rijabʼ .
pale junikʼ chik are nimaqʼij .
ekebʼä m kebʼin pauwiʼ ritem .
mem ria chi .
ri wi kan chaliʼy kel pa juyubʼ chwi tziribʼal .
le rajil , lapa ja xelaqʼax wuʼ bʼik ?
pari suʼt pisom wi rilej .
koj petik kol qa kʼamaʼ .
tajin kat chʼopin chi uwach ritaqʼaj .
le qʼor xchʼuqik .
kʼax waʼ ima wumal .
kin bʼi sonchel ewal .
sibʼalaj kʼokʼ ri awatzʼyaq .
kamik xuj bʼe che utikik taq cheʼ pari juyubʼ .
kin uloqʼoj le nutat .
cha qiʼj chik richaj .
xyil ix hawayi .
na x naʼtaj ta chkech ixea tinik .
rukʼ kʼu waʼ we riʼ, ri ixk kʼojiʼ jun utzalaji kʼas lemal riʼ ch kiwach riwinaq che man ekʼo ta iwukʼ, kʼate kʼu riʼ man kʼo tajun winaq riʼ rajawaxik chiwech .
e petinaq pa bʼe le rachalaxik .
kakaj lea kʼalabʼ kewaʼik .
xuj chʼaybʼik .
rinuchak are qʼaxel tzij .
kʼo na ruxlabʼ riawaj .
tajinkel loq, riqʼij .
x uqʼiʼo xkamsax ri rachalal choch .
rinumam are kʼo uqʼinomal .
xkʼul mataj jumul , xubʼan jun nimalaj jabʼ, man xbʼeyetaj tana xukʼis leuyuqʼ chike .
a maʼ rinutzʼiʼ .
jewaʼ kat petik .
x in kosik rumal xin chakunik
iwech chi jujunal, ri wa .
x uqʼiʼo na xatatin taj .
in riq tajinaq pari kʼayibʼal .
na wetaʼm taj .
kʼax le nuqʼabʼ .
utz le xubʼij lea chi .
kema tzʼibʼ .
kʼo rachalal pa tzʼoloj cheʼ ri peʼl .
ronojel waʼ we jastaq riʼ, xas ksach wi uwach waʼ ; rukʼ we riʼ, ri ix , rajawaxik che kʼojun tyoxla jikʼas lemal ek kʼojiʼ rii chʼawem rukʼ ridyos,
xmuqtaj ri patzʼan .
ri chʼichʼ tzijom kanoq pari ukʼolbʼal .
man kʼo ta ucholaj pataq ria wuj .
ja chike ikʼ le unimaqʼij le tinamit na wal jaʼ ?
xepetik xol kikʼamaʼ .
kachuqʼ chut ri jaʼ chiapam .
x inbʼij iwir chi xebʼe paar mita.
areʼ uxeʼ ojer tzij waral kʼi cheʼ ubʼiʼ .
xkʼis rinu siʼ.
ja wi xkibʼij wi chikeʼe wi ?
¡ xaje kʼu riʼ, jachintaq ri ekʼo pari judeʼa, chicha nim cheʼ animajubʼi pataq ri juyubʼ,
kʼakʼ ri abʼ .
la kʼojun na ka kʼoxo majtaj ?
na utz ta leutʼisom leal mariy .
man yaʼtal taj chiawe katok paja .
jeʼ, xat utzukuj .
are kel waj xaqibʼ uqʼij ri xkʼojik .
ri xun kur kkʼojiʼ pataq ritriko .
xin sachik .
xutʼuyu bʼaʼ
nan utom tale tzij …
wachʼom ri ki wa rinoʼs .
ekʼo jobʼ chʼilwakʼ .
rajawixik chi pataq ri tijobʼal , pa nikʼaj ubʼixik chik
rirajaw rulew areʼ tatkel .
we kʼu xokik , we kʼna xokta
wea chi xusipaj jun pʼot chwe .
atat utaqoʼn le qʼatal tzij .
naqʼanta uwachle qa prut .
ri xaʼr kʼo pauwiʼ ri qʼaqʼ kpoqʼowik .
ri roqʼej ri alijachak pe junakʼal .
kʼojun alapa tijobʼal .
säq uwiʼ ritataʼ .
ri wi tzikʼ tajin kpe loq .
jawix sachon wi kan uyaʼik le pwaq che .
utz wea chiwe xin kunanik .
qonojel kuj waʼ pauwiʼ rimexa.
ri kaxlaʼ nik man poqon taj .
in xin bʼe rukʼ ri wachiʼl .
sibʼalaj jeʼl xkilo xe kitzoqopij ri kichij chilaʼ .
kin bʼinikx inʼek .
kʼax kʼolik, kachaʼ .
kutij ixim riakʼ .
rial ix chel ,x uqʼiʼo xa junakʼ xsipax che .
xqa sikʼij le ixoq chutzakik subʼ .
mataxa bʼinsaj le chʼichʼ .
ri pix tzʼaral ik rumal rie qaʼn .
¿jampaʼ kel chi 3%
kʼojun nu kʼotoj chiʼaj .
tajin kewaʼ kat rialabʼom .
xin loqʼ le nukʼa kʼapoʼt .
na utzakik ta subʼ tajin kuʼa no
xoj utaq chiʼij xoj waʼik .
iwech ria bʼix .
sa qrij richij .
aj sik che ritinamit kel wi ritataʼ .
-¡ ay ! xaxin tzaquloq ,kʼax we waqan .
xkʼul mataj pajun komon chiʼ uwach jun juyubʼ ,xu riqa jun qʼij xkiriq kibʼ junimul rukʼ le kok .
jas xa taq chiʼj lea kʼal chutijik ?
xinchapo suxuloqʼo .
qʼinom ria chi .
ri kʼum ktijow rukʼ kabʼ .
tajin ke jachʼanik .
tzebʼal ukemik le pasa wumal .
are kayoʼw le uchikopil le ubʼantajik try pa nosom ab rucei .
we kat nimanik utz kelik .
pero noʼjimal petnaq loq, .
are le nu chak jun tzuqbʼal wibʼ .
xkunax le yawabʼ rumal leaj qʼij .
ri ukʼuʼx tzʼibʼ paqa tzije lajuj .
sibʼalaj jeʼlik rie qabʼal xubʼan riluʼs .
sibʼalaj at kon .
eman xo ri jupuqkej .
na x naʼtaj tach ke xeatinik .
ri kʼamalbʼe xubʼij chike, chi maja ria nim .
jumuchʼ ri nujunabʼ .
qʼip tajinaq ri raqan ritem .
kchakun rukʼ ri josbʼal cheʼ riajanel .
xa taq chiʼj lea kʼal chutijik kar .
oj kʼo pale roʼchle awel .
¿la kat pequkʼ chweʼq ?
le winaq pale chʼichʼe tʼuyullo wi .
xkanaj kanoq chiuxeʼ rijabʼ ri chʼaʼn .
nim rija .
we ta xakunaj le atat matax kam laʼ .
nan ukʼamom tuʼla riʼ.
chqa nukʼuʼ riqa tzij .
kimbʼe pale tinamit .
xin qʼiʼo na xinatin taj .
rajawaxik kakʼaman chawe le utijik le lej .
kʼisbʼal taq noʼjibʼal .
xineʼ waʼ oq.
xkibʼan kʼax che le uwosaq rumal man utz ta chi kakayik .
ri qʼutuʼm man kech talea kʼalabʼ .
are na nim talea tzʼiʼ chuwach le nu tzʼiʼ .
xepetik xol kilaʼ .
¿jaw chiʼ xataʼ che xkam riumam ri poʼx ?
e kebʼ kekʼambʼik patuj .
xin loqʼ jun japa riwokaj ja .
ria xtuʼbʼ, kʼoqulaj chech .
jas karaj kaʼan ch utzakikle tiʼij .
xutij le wa .
xim bʼal retzij .
xpax ri bʼoʼj .
we kawaj katin toʼo xaq xuwi kabʼij chiwe .
jas nukʼu kuchʼobʼo .
jas karaj kutijo ?
xex ruxlabʼ ri ri kil .
eni tzʼaʼq le taqimul .
we tane in xin bʼanow ik , are le ateʼk xbʼanow ik .
kintzalij pale nu tinamit .
ri nuchaqʼ kʼo pa uroʼ qʼatoj tijonik pari tijobʼal .
x inxiʼj wi bʼxin chʼawik .
kʼo ch wa roʼchlep are .
chi raqan kabʼin wi ritataʼ .
x sachon kan uyaʼik le pwaq che choja .
xin qʼax chik ixoʼl riwinaq .
ke tikonik .
riulew man qech taj , kech riqatiʼ tqamam .
xepe le winaq xol kikʼamaʼ .
xuloqʼ ri wuj rumal riali .
che we qʼij kamik kʼojun nu tzijonem chirij le nutinamit .
kej riʼ.
x kunana laq chwe .
ki nu sikʼij lenu nan .
ri imul xuchʼij taj ,xkanaj pa bʼe, rumal rinimal kujal uj ri imul, xutzaq ria nim .
kubʼan ri uxoqʼoʼl riaj tzʼaq .
rila sibʼalaj utz che kunabʼal .
kʼi kiwach rieʼaj chakibʼ pari komon tyox , kʼate kʼut xa jun chiajawxel ;
xqata chi xatulik .
kawaj chi katʼek .
chʼut iʼn kekanaj rixaj abʼ chech .
kaqa xiʼj qibʼ kaqachapo .
ekʼo kebʼ ukʼajol letat xwan .
luʼ subʼiʼ ri rech am .
aj chi uwiʼ mi qʼin jaʼ riluʼ.
x in yakan lenuchim pa kʼaybʼal .
kʼatex ri lo ,x peri unan che utzukuxik , xkikotik ,xusal abʼ isaj ri taquxkin .
xkikʼut chi uwach riaj tij xuqujeʼ chi kiwach ritaq nikʼaj kachil .
utz le nuqʼabʼ .
kul le alweʼl paa ustin chaqʼabʼ kamik .
ri ateʼk xtzaq loq are chi kʼo pauwiʼ ri qʼaʼm .
aj patan ri teʼk .
xat qaj chiupam ri il .
la kʼo tzij na kikʼoxo majtaj ?
x sachonch kechi xeatinik .
ronojel leu le wecha laq .
la xebʼe kʼul axeʼ kijaqa kʼu leu chiʼja ?
xaq kat chʼok naj iwir .
kamik kʼo chiri jastaqa we .
are chiʼ kakʼis ri junabʼ kʼo qʼinom .
pa na wal jaʼ xina lexik .
na xintataj we are ria kʼal ki xtzuquwik .
¡ rulew ri sabʼul one rulew rinef tali ,u bʼe ri polow, rulew ri jor dan, galileʼa kech ri je taqa maqʼ !
rax, rax, rax , kʼokʼ , kʼokʼ , kʼokʼ leruxlabʼ le taq tikoʼn .
a chixat wilo .
paqal rajil le pixkamik .
xoj bʼinik .
pajun jeʼl tijobʼal kutijoj ribʼ juna kʼal , ubʼiʼ poʼx , utz kurilo kepa tijobʼal ronojel taq qʼij .
xwaj chi xatʼe taj .
utz laʼ le xubʼij lea chi .
we taʼam jachin kapetik .
kin qʼojo manik .
x inqʼiʼo takʼal ikxin petik .
areʼ retaʼm che kinopanik .
are tabʼale qaqa jawchat toʼwik .
kawinaq waqibʼ qʼataj .
naqaj chik cheri uwaq kajbʼal are taq chiʼ ksach uwach ri qʼij , kok ri qʼequʼm ch uwachulew , chi kʼateʼ na ri bʼe le jebʼ kajbʼal .
jobʼ raqan ri tzʼalam xe poroxik .
sibʼalaj korij ri mop .
arewaʼ .
jelaʼ pari timinit chwikab yok rech xelajuʼ, le qa nan qatat kakitiko jeʼlalaj taq uwa chichaj .
kʼaxnuqul .
xuʼ lukʼamaʼ .
koj ul kitzukuj .
are man kʼaxta ukunaxik are taqaninaq kaʼilitaj we yabʼilal xuqujeʼ mojoʼ qa kuyaʼ le kʼax kʼolil chech le jolomaj .
ri wel kʼo patijonik .
kawaj kinbʼij .
ri kotzʼiʼj kqakoj chiupam ri ja .
qʼeq qʼoj rij ria maʼkej .
na xwaj taj xinchʼawik .
ch petabʼale loqʼalaj jabʼ .
x sachonchke xat kisikʼij .
eleqʼal chʼichʼ .
jachin xawi lo chi are xtijow ritiʼj ?
ma takabʼ elenuxbʼal pale tinamit .
pimruq, riali .
¿ kʼo ri muqʼe chiawech ?
kqabʼij man kekowin taj .
kintij na .
kʼojun qa tʼuʼy paja !
kʼo puj chiupam ri chʼaʼk .
are taq kin kosikkin warik .
xat waʼ ikxin wilo
in xin chʼayow lea chi .
konojel rialaxik keʼe tzʼanik .
jas rukʼ xkitij wi le ki ri kil ?
aninaqil kat petik .
na raxta uwachle juyubʼ .
ri tzʼalam tzʼibʼa bʼal rax kkayik .
wechat chakunik, kʼo awa .
maʼ tam xatpe cheri waʼ im .
kamul kin waʼ na .
ri si kil ktijow rukʼik .
kimbʼe aqʼan rukʼ le al talin .
xojʼe kxeʼ qil alar qasok .
xeki qʼil leaj chakibʼ xkiwok le ja .
matanex waj le kʼuh j nem rukʼ le ateʼk .
are xeʼopan chi uchiʼ ri juyubʼ , xkilo chi man qas ta kʼo qʼayes .
kʼate kʼut , rijesus man kkojon ta chkech rieʼ areʼ , rumal rech che konojel retaʼm kiwach ,
paʼ tzrij ri tzʼiʼ .
juwinaq waqibʼ qʼataj .
at elaqʼom .
xaqat joʼs .
ri qʼatzu, are qʼalaj ri uqʼijil .
aj chak we ala .
ubʼe leju kakʼal taqanik (29) .
kebʼ nubʼiʼ kʼolik .
la katzalij luʼla aninaq ?
katzukunla chwe .
lakaj lakoj bʼeʼ pale chomal chweʼq ?
xin nabʼej chutasik qa kʼolibʼal .
lal xin toʼwik .
sibʼalaj a noʼjibʼal .
xoj petik xol qa kʼamaʼ .
sibʼalaj jeʼlik ri uwaʼl rii chaj .
kʼax wij rumal in pa chalik .
are taq xukʼul maj waʼxul ri uchomanik xubʼij : are utz wa aqʼabʼ kin walijik , are chaʼcha nim kinopan pa tijobʼal , maj chi kin kʼul maj .
oj aj xo jolobʼ pa awas qʼij .
x insach che le uwokikle tzij .
e julajuj riakʼ .
xuta jampaʼ kojʼek .
qilik .
ritijoxel man are ta nim chuwach ri raj tij. ri utz tijoxel qas jeriʼ kʼolik jas ri raj tij .
in xatin chʼayo .
noʼjim chak wumal .
chʼur rijochʼ.
in kinbʼij nakatsach taj .
uj mayabʼ .
ria bʼaj yatzalik .
tajin kepixbʼax ria kʼalabʼ .
chom riaq .
xin warik .
elemen konojel ria kʼalabʼ .
tajin kqʼana rik ri we reʼaj .
le ukemik le pas utz ( chawe ).
xuyupubʼa uwach raʼ chi, kachaʼ, .
risatanas kok pari judas ri kbʼixis kariʼo tech rech , ri areʼ jun ch kixoʼl rie kabʼ lajuj .
chuchu ripar .
kin qumuj ri nujochʼ .
chech punción lum bara maqʼel rajawaxik chech rilik le ukʼexbʼem wi le nabʼe rukʼ le ukabʼ ukʼutunem le yabʼilal .
qʼalaj chi nakawaj taj kabʼij .
kʼoqʼol chirij risiʼ.
jawix ojʼe wi chuloqʼik ?
kʼo ulochʼ ritalin .
qʼan rij ria tiʼt nukej .
la xtzalij la iwir ?
xe sikʼixik , kʼate kʼu riʼ xeyajik , xuqujeʼ xetaqbʼi che usikʼik lemes .
lak ix warik ?
are kʼu lepalomax xubʼij che :- mam kat bʼisontaj , kinsikʼij nikʼaj wachiʼl kerapapik .
aʼ ree tijoxel abʼ .
riala jalisiʼl xubʼij xqachap pa utzal ri tyox .
x sachonchke jachin xeatinik .
jas xurayij lea nan xutijo ?
xin kosik .
rax ronojel ri qʼayes rumal le jabʼ .
kin yawaʼ we chʼichʼ pinem na utz .
noʼjim upachʼuxik le nuwiʼ .
naj kʼowi le woʼ ch chuwach le tijobʼal .
ri okibʼal kʼo chi uwach risaq ja .
xe nu taq chʼij kekil lea kʼalabʼ .
kʼojun qʼoxowem chiwe .
tza richoʼm .
we choj bʼe pale nimaqʼij , keqil leaj xojolobʼ .
xojʼe kxeʼ qil alar qasok .
ri ateʼk xutaʼ chech ri nantoʼn :- nan jas cheʼ chi man kajta laqa kʼatisaj ri joʼq .
ripal sibʼalaj xuʼy .
kin koj rijokbʼal ulew .
in kinbʼij nakatsach taj
at raj kunlenu nan .
kuqa muju joron riaj tzij .
luʼ tzʼalam ubʼiʼ ri achikel pa nim cheʼ .
jeʼlik utiʼjolal risaq koʼr .
kʼojun xaʼr paja .
xin loqʼ jun kʼakʼ patan .
kʼax ukemik le pasa wumal .
aninaq ukemik le pasa wumal
ri chʼaʼn sachinaq pataqabʼix .
raxtaq le kotzʼiʼj .
mesom kanoq riupam ja .
man are tara lax kosik .
ri komon xechpup rech uqʼabʼ tinamit xoʼl abʼ aj rech qʼu mar kaj .
la utzakik kʼusubʼ tajin kuʼano ?
katela !
na xutij taj .
xa rumal ketaʼm konojel riwinaq kkiqumuj le jaʼ .
iw ir xuj tzalij lapa kʼaybʼal .
qetaʼm che riqa wakuj utoʼo .
riaj tij , kyaj on chikech ria kʼalabʼ .
jas ubʼanom lenuchʼu titat ?
chweʼq kinbʼe pa nim tinamit .
utz we kiwetaʼmaj jas kubʼij ri cholbʼal qʼij .
tajin kat jilow che uqʼoxom jolom aj .
x intik qʼax chi uwach ri ja .
kʼax le kibʼe le winaq .
loqʼ kat kuntaj che le yabʼil (covid -19).
ri nuxibʼal kel pa qajbʼal qʼij .
xril riax wan chix waʼ riala .
lea lix kunatajik .
we taka pe le jabʼ kamik .
x in wetaʼmaj chi na xatpe taj .
ri pwaq rech we qʼataj riʼ kesax chech ri tojbʼal kʼayinem .
ktij ri uwaʼlik rumal ri kinimaqʼij .
xuchapu kunaxik .
cha tan loq ali .
xin xuliʼ qajoq .
jeʼlik ktijow ritaqi kox .
kʼate kʼu riletat xoʼr xubʼij ,man kawaj taj ,man kawaj taj .
kʼojun tzʼiʼ pa bʼe .
kamul xin pe chea tzukuxik .
man tajin takin chakunik .
kin chakunik rech katwaʼik .
jas rukʼ xa wil wi chi xki qupij wi letiʼj .
jas ubʼixik … ?
koqʼ ria kʼal .
kawaj na katʼetaj .
xat qʼajik .
we m na cha loqʼaxiyal , na kimbʼe ta awukʼ .
xopan le wuj awukʼ rumal wech in .
are kʼut pale juyubʼ kkʼiy joron, chilaʼ xe kikʼama wi rijaʼ riwinaq .
koqʼ ria kʼal .
we kʼoa rajil cha kʼamaloq .
are sibʼalaj kaqlea poʼt chuwach le nupoʼt .
xin kʼas taj pakabʼ lajuj kajbʼal .
kaq oyʼej nak ixpetaj .
ko kaxim ri chij xa jelaʼ man kanimajta bʼik .
ri koknojim xbʼek , xuchʼijo xopan pau kʼisbʼalil lea nim .
xoj kiʼ kotik are taq xatulik .
kaqitzʼ naj ri uxaj abʼ riakʼal .
rijesus kwaʼ kat pari nim rachoch ridyos, chu xeʼ ri jun ja che rachoch risalom on .
we taqanik riʼ kubʼij chi rajawaxik kyaʼ uqʼij riwinaq xuqujeʼ ktoʼ aninaqil .
ria xux are na ri ukunel rikinaqʼ .
are taq waʼ ri uqʼijol we taqanik .
kʼojun tabʼal pauwiʼ rix kanulubʼiʼ lajuj noʼj .
yuʼl ubʼanom ri ukolobʼ rikej .
xa nimaj riakʼal chi uwach ri uchuch .
kkunan ria chi .
kinwaʼik rech na kin yowaj taj .
aj xik chʼichʼ riluʼs .
kwaj che ixkix bʼanow ik .
aʼre xetoʼ wa laq .
xojʼe kxeʼ qil alar qasok .
x in loqʼ jun chʼichʼ, qajinaq uwach .
kutʼis ripantal on .
e janipa le awal kʼwale kʼolik ?
utz ukemik le pas chawe .
rimax are aj qʼaniyaʼ .
matabʼa chiriq kʼax pale bʼe .
tajin kanimaj , rimeʼs .
ix ixeʼla qʼo mabʼ !
xsachan chwe .
ekʼo kʼi cheʼ , chi uwach ri juyubʼ .
arewaʼ ri nimalaj pixabʼ earewaʼ rinabʼe .
xretaʼmaj chi rukʼ pa kʼkutij wi
jas utzakikle subʼ xuʼano ?
aj xoʼy riwikan .
we tane aʼre xetijow le ri kil , are le komon xetijowik .
sibʼalaj aninaq ka chʼaw le areʼ chin uwach in .
utz we kinchakuj .
meʼs laʼ .
kʼo kan wa rech kaqatijo .
xin sikʼij la .
ria kʼal xsach kanoq jelaʼ pataqʼaj .
xesikʼij la .
ja wi xkibʼij wi chikeʼe wi ?
rumal che ,man ix ta riʼ ri ki xchʼawik , are riruxlabʼ axel riitat riʼ ri kchʼaw na iwukʼ ri ix .
kʼakʼ riwachoch .
sibʼalaj utz kinwil le atzʼyaq rech na huala .
saq por kkay ri kipoʼt rinan .
xsach on rinuchak chwe .
waʼ im xuchapo .
ri qʼaqʼ tajin kajuluwik .
na jilupam ri siwan .
ekʼo ri qachalal pa chi uwiʼla .
jas xa taq chiʼj lea kʼal chutijik ?
noʼjim ukemik le pasa wumal .
kʼojun kukubʼiʼ tintin, waʼ le laj kuk mam kajeqitaj , kapaqi kaxulik pauwiʼ uqʼabʼ taq cheʼ , sibʼalaj sakʼaj , keʼuto lee nimaʼq, chʼutin , rachiʼl , aj sipanel sibʼalaj utz ranimaʼ .
riu pixabʼ le qʼatbʼal tzij kiyaʼ ubʼixik .
na xsach ontachke xeatinik .
xeqil le chikop puwile ja .
xloʼtaj ria kʼal .
qonojel kuj waʼ pauwiʼ rimexa.
xsik irle waqan .
la xat waʼ kʼut ?
nim ubʼaqʼ ri tulul .
kin xikʼi kʼikxin qʼaxik .
la katbʼe pale tinamit ?
ripal sibʼalaj saqʼor .
kqʼoxow nu jalom .
xin naʼo chikat petik .
x loqʼulew iwe chix .
xin chakun rukʼ rinumam .
na xqabʼan taj .
kkʼojiʼ bʼaʼ ri usipanik riajawxel jesus kristo rukʼ ri awuxlabʼal !
kin chʼaw rukʼ le nu nan pale chʼawebʼal .
sibʼalaj qʼequʼm rumal ri mayul .
are leba xulik .
xekos le ixoqibʼ pale bʼe .
kʼax rilik lea kʼal chawe .
xin qʼiʼ oxin at in pa joron .
sibʼalaj nim le tinamit .
kʼax ukemik le pasa wumal .
xin sachik .
tajinkel ukikʼel pa raqan ri tzʼiʼ .
xin wetaʼmaj rilik wibʼ
ri qʼuqʼ are jun jeʼl chikop .
kʼo pa ja tijobʼal riwikaqʼ .
ri sachibʼal mak rajwaxik chi qaxoʼl .
jeʼ, kimbʼek .
je la leʼ rinupwiʼ .
xubʼij che :- jas xabʼano tintin ?
kabʼan jun toqʼobʼ kyak rinu jal .
katʼekx inta .
jas le ukʼexbʼem ribʼ le jun rukʼ le junchik ?
aj chi uwiʼ mi qʼin jaʼ riluʼ.
ri tijonel naj kpe wi .
teʼkix cho bʼ ubʼiʼ rinutat .
rijaʼ kamiqʼik chi uwach ri qʼaqʼ .
ri tʼuʼy kpa qʼowik .
kin meson na .
naqaj at kʼowi chiwech .
xin bʼisonik taq na xatpet taj .
we xkam riwinaq, ri pwaq rech tojbʼal makaj kyaʼ chikech ri ralaxik .
ri nu nan xbʼe pa kʼaybʼal .
xoj ukʼam uloq rech koj rilo
x kʼoto chin chi kiwach chi kin waʼa wukʼ .
na xkikamsaj taj xkikʼambʼi choja .
kʼakʼ ri ikʼ kamik .
xim bʼe rukʼ leaj kuniwir .
rilik .
letzʼiʼ xekosik .
xin kikota wumal .
ri imul xumaj ria nim ,xuya kan le kok .
kʼo oj cheri akʼal .
xuj bʼe pajun kʼulanem .
utz wek wa ralaq .
kaqilo chi nakoj ukʼamtaj .
xretaʼmaj chi rukʼ pa kʼkutij wi .
sibʼalaj xin kʼaʼna rik .
xin kochij rinu wa .
man kat kowin taj kat chakunik , we man kʼota ri ajilabʼal .
we wonon xubʼij chike :- kix into .
riala nim kril wi riumam .
xkaʼy chirij , xkaʼy chuwach, ma kʼo ta chi jun ksilobʼik , xoqʼik xuxeʼj ribʼ xchʼo pinik xtzalij loq xu riqta chik ri ubʼe .
kʼo pus cheri wa .
pinem na kabʼe le wa tz, kimbʼe wi in pa kaʼyibʼal .
rinantoʼn nim winaq chik , saquwiʼ, ronojel aqʼabʼ utz kunaʼo katʼuyiʼ pautem ,kumi qʼisaj ribʼ chori qʼij , kʼojun uwiʼ umam ubʼiʼ ateʼk .
man ekʼitaj riqulaʼ .
qʼalaj chi nakawaj taj kabʼij
x paqabʼisax rajil ronojel rikem .
kʼo pari jul ri kuma tz .
ronojel qʼij kinchʼaj le nuw are .
saq chikan lei chaj rech katzako .
chu xele qachomal kaqatij wi jun qameqʼin .
cha wilaʼ .
e kʼojobʼ umiʼal , rinutat .
jas rukʼ xawil wi
jeʼ jas ri winaq rech ri uwachulew , xoqujeʼ kepe na riʼ rieʼ areʼ che e rech ri uwachulew ;jeʼ jas ri winaq rech ri kaj , xoqujeʼ kepe na riʼ rieʼ areʼe rech ri kaj .
xin tijo .
ktzʼujuw ri rachoch ri poʼx .
x uqʼiʼo are le ukʼulel xyaʼow uwa .
ri awel xretaʼmaj chi rajawaxik man kuxej taribʼ cheri tukur .
jukʼulaj winaq xeʼa nimajbʼik .
jeʼ ,xin tzalijik .
xoj petik xol qa kʼamaʼ .
maj jachinxʼek .
inaj tij; at tijoxel .
saquwiʼ ritataʼ .
we chrikem .
le roʼchle ateʼk kʼo chwach le ukʼaylenu nan .
kbʼe pari si riʼa epari silisiʼa, ja wi jeʼ kuya wi ri kichuqʼabʼ ri komon tyox .
pixabʼ : man utz taj kʼax kuj chʼaw chikij nikʼaj qachil .
xkunataj lea li( kumal ri ixoqibʼ ).
rixibʼ ibʼal chi kʼowi pataq riqa kʼas lemal ronojel qʼij .
nakuj war ta waral .
on che kkʼojiʼ ri utzil ch ixoʼl , arech junam riqa kojonik , junam ri iwech ix rukʼ riwech in .
pa ox qʼij ri saʼn kbʼena rukʼ riaj kun .
ka winaq wuqubʼ .
jas kawaj kin tijo ?
we ta xatbʼe wukʼ pale tinamit, xa loqʼ talaʼ leu jastaq lea kʼajol .
kebʼe pawaʼim .
xin loqʼ kʼi wa .
pajun nim kʼa cheʼlaj , kʼojun kʼwaʼ sibʼalaj saq loloj , nim uwach .
kwaj katij jubʼaʼ wa .
ronojel winaq kril na ri ukolonem ridyos ».
x kʼoto chin chi kiwach chi kin waʼa wukʼ
kwaj na katʼetaj .
laxa loqʼ junalej ?
ekʼo ri eloqʼo manel .
ri ukabʼ ubʼiʼ ri numa mareyay .
kin jo pij riijaʼ rech triko .
x naʼtaj chke xeatinik .
xateʼ qilaʼ .
kakitij alan xax riwinaq .
. . . kinbʼij chi arewaʼ sinxiʼ an .
na xin nabʼej tach uta sik qa kʼolibʼal .
rumal rech che we riin , kin chʼaw rukʼ ridyos pa chʼabʼal , kchʼaw na kʼu riʼ ri wux labʼal rukʼ ri dyos, kʼate kʼut man kʼota upatan riʼ ch rech ri nu chomabʼal .
xe petik xkilo .
xuta wekatʼek .
utz ukemik le pas chawe .
ri nu wakax xutij jun qʼoqʼ rumal riʼx kamik .
rumal ri kʼix ,man kewaʼ taj riwinaq .
xeʼulik .
qʼe qrij ria maʼ chij .
xraj kaʼe leunan .
junam ki junabʼ .
naqʼalaj taj we kaʼek .
riwixnam chʼaj chʼoj ri rachoch .
waral man kʼotaj ajawal .
na iwir ta xril le kʼamolbʼe .
x in pe loq tekʼu riʼ xin tzukuj ronojel rinurajil .
riaj tikonel kutik ri tzij .
kʼo eki kʼajol lea chijabʼ .
kutij qʼayes ri ix paʼ ch .
pari waʼ bʼal ekʼo kawinaqa chijabʼ .
si pojinaq rinupam .
kayaʼtajik rukʼutiʼ onem jun ri uriqom le yabʼila molotset sé xuqujeʼ are kayaʼtaj pataq ri juyubʼ .
jachin ria chi ?
rinumam xkamik are taq kʼo jumuchʼ lajuju junabʼ .
kin kowinik kin kʼambʼile pwaq .
kin wi lo chi utz riajiʼ .
x inqʼil riapoʼx che man kachakun taj .
kwaʼ chi uwach letaqʼaj riamaʼ akʼ .
ri imul xepoqʼik pa junikʼ .
xkʼis kanoq riqa chak .
are rial ixojilow kanoq .
sibʼalaj chʼuʼj ria max .
kʼo nuwachiʼ .
in chajinel kech lea kʼalabʼ .
xekos le tzʼiʼ .
kinbʼena kukʼ rimolaj .
ronojel aqʼabʼ kinyitzʼ riwakax .
kara pinik xutzukuj chi junawaj .
le ukemik le pasaninaq (awumal) .
maj urajil leqʼabʼ arel .
kʼax riʼ ri kachʼawik .
xoj utaq chiʼj lea chich uloqʼi kichaj .
sibʼalaj kʼax ri xkʼul maxik .
xkilo chinak in kʼoxom aj taj .
x naʼtaj chkechi xeatinik .
x kʼoto chin chi kiwach chixojal woʼ qa kukʼ .
jun qʼuʼq rajil ri kaxlaʼn wa .
xin wi lo chi xeʼelik .
ekʼo ixoqibʼ pale kʼaybʼal .
man kʼotaj ukʼisik ri mayabʼ ajlabʼal il .
ri sin kkʼiy pataqʼaj .
ri chʼi ma man kkʼiy taj pataqʼaj .
rajawaxik kjikik ri waqän .
kawaj kinʼek .
ekʼo oxibʼ akʼ .
xubʼij chwe jawiat kʼowi .
chweʼ qkuj bʼeʼ pa muquj .
pasaq kʼa jaʼ kbʼan wi riuq .
xoj kisikʼij .
xin wilwibʼ .
chaqʼ chik ri wa .
kimbʼe na ka palewoʼch .
kawaj kinʼek .
ri chʼuʼ ktij rukʼlej .
pari ki qʼij kaminaqibʼ kbʼan qʼo ri kʼyaʼ rech aj : nabʼe ri nan kutzukuj kan riaj ,kuja chʼoʼ xuquje kukʼeto .
jas kajbʼal cha nim ?
utz uchomanik riali .
pari qʼij oxlajuj tijax kinkʼis kebʼ junabʼ kin chakun waral .
sibʼalaj ko, ri kʼakʼ chʼat .
jas karaj kubʼij … ?
ri chʼichʼ kas ilabʼik .
pa ojerqʼal pul xaq xuwi ri nim winaq ke kʼamowbʼe .
leukunaxik le ukabʼ ukʼutunik are rukʼ ef lor nitinao nutunibʼax ik le nifur timox chiʼ lef lor nitina chech t. b .g.
are ria chixin chʼayowik .
junachi ubʼikuʼ xusipaj kebʼ kʼaʼmulew rech kabʼan ri tijobʼal , kamik , kʼo chikaj tij rech ri komon xechpup .
xumal tyoxij che riaj tij ronojel le xukʼut chiuwach .
pari bʼe xkiraq junalaj imulsaq rij , x kikʼambʼik .
xril lebʼal eala .
jas kubʼij chwe ?
leu kunatajem are rukʼ utzukuxik le uchikopil pa jun usolik uxeʼle kikʼon le jaʼ rech junnodo .
utz we nutzʼiʼ .
jeʼ, tajin kachaponik .
kin uloqʼoj le nutat .
kawaj kimbʼe pa tinamit .
ar elaʼ kinchakuj .
ri nimaʼq taq winaq kʼok etaʼmabʼal .
we ta xatbʼe wukʼ pale tinamit, xa loqʼ ta waʼ we jastaq .
ri kikʼas lemal . wa iximulew xa jun chi ma are ta tinimit rima
riukʼ yabʼal na jupam .
xat qaj chiupam ri il .
nojim katwaʼik .
we kʼojun ktuqaʼ rik ,¿la man xoqujeʼ taj kintuqaʼr ri in ?
ojoj wokol ja .
awas kbʼan kʼax che junnim winaq .
xin chʼaw apan rukʼlewa nabʼ .
kʼax riupam ri juʼl .
tajin kewaʼ riimul .
lakaj lakuj tzalij la aninaq ?
rumal rech che rimakaj mankʼo tau kowinem piwiʼ ri ix : ri ix man ix kʼota chich uxeʼ ri pixabʼ ,xane ix kʼo ch uxeʼ ri sipanik .
nim raqan lecheʼ .
xinchapo .
ar eletuʼr le loqʼo manel .
xas kat kʼojiʼ chiupam ri chʼichʼ .
sibʼalaj nim raqan ri kʼamalbʼe .
le tzʼibʼa bʼal we chin .
in x intoʼw la .
xaje kʼu riʼ ri ixkamik riʼ man ix kaxlan winaq tachik ; ri ix , ix rech ri ki tinimit rie tyoxlaj taq winaq , ix rech ri rachoch ridyos .
xin tikox laj kʼalichaj .
kaqa riqqibʼ chweʼq .
sibʼalaj utz che ri wiʼ aj rituney .
we na jupulik ta xeqajik . . .
x intoʼtaj cheri nu chak .
kʼojun chikop ubʼiʼ pum .
poqon riik .
xoj bʼinik .
xuchʼek ronojel le retamanik xpaqiʼ kkʼax kwʼinik xubʼan aj kun .
kel ubʼik pari ju de ʼa ektzalij chiubʼi jumul pari galileʼa .
xina xibʼij pa bʼe .
jeʼl kʼolem chi awachoch .
ronojel ri yaʼtalil pawe qʼataj , tzʼaqat kiwach , man ktzaqta kanoq xuqujeʼ man ktas taj .
xukunaj le yawabʼ leaj qʼij .
chi tatabʼej jas le kimbʼij .
chʼanal ria chi .
pa bʼokoʼ kachakun wi ri tax .
uj kʼo pauwuq qʼij .
kiʼ ri ukabʼ riaqaj .
kʼo rachalal pa tzʼoloj cheʼ ri peʼl .
xkilo chi kinkʼoxom aj .
ri ukisakʼ utz kyaʼik chiuxeʼ ri tikoʼn .
are taq chiʼ kaqʼan puwiʼ ri jukubʼ, ria chiche xkʼojiʼ ri itzel uxlabʼal rukʼ , kutach rech ri areʼ, arech kkʼojiʼ rukʼ ri areʼ .
na kabʼantaj ta wumal .
x naʼtaj chke xeatinik .
xin paj rinutriko .
xeʼok ri pokʼ pari umexa ri poʼx .
ka juluw ria qʼaʼl chi uxeʼ ri tʼuʼy .
a wech leja .
xuj bʼe patzurik .
nabʼexa topanik .
ri ukabʼ ubʼiʼ ri numa mareyay .
uwaj xaqu kakʼal taqanik (28) .
mata kʼojun kakanaj kanoq , qonojel kojbʼek .
e nimaʼq le altomabʼ .
nim uwach ripoʼt .
kojonik pari utzij wa iximulew .
jas xukʼambʼi le tzʼiʼ xawilo ?
xin petik, tat .
ri bʼelaj uwach .
chi tatabʼej jas ri kimbʼij .
jeʼl kunaʼ ri abʼix chiupam ri ququlew .
kin bʼisoj uwachle wal .
xutʼuyu bʼaʼ .
nim ria we qeleʼn xa riqo .
xineʼ waʼ oq.
chiʼ kewar wi lea kʼalabʼ .
rinumiʼal xutaq loq jun taqoʼm wuj chiwe .
qʼeʼ lik , ri chaj pari bʼe .
la utz awach? - utz mal tyox , ekʼu riat ? – utz mal tyox .
xin kos rumal nuchak .
kbʼe kukʼ rieʼ areʼe ktzalij pari nas are te keʼunimaj .
rijoj xukʼambʼik riakʼ .
kʼo chi wachiʼl cha nim .
kubʼij chech naʼl kabʼan che ria tzʼibʼ .
e . . . in kawaj katzjoj bʼilach we .
matax inyaj le ali .
jachin rukʼ katbʼe wi ?
kʼo sibʼalaj etaʼmabʼal pari mayabʼ noʼjibʼal .
eman xo ri jupuqkej .
ka sumu mri kaqiqʼ .
ekʼo kajibʼa kʼalabʼ pale bʼe .
jeʼ jas riutat kkaʼyik .
xaq at molonel tzij tal .
le nutat kaloqʼon chwe .
xaq tane kimbʼe iwukʼ .
xretaʼmaj uchʼajik .
rumal laʼ xkoj “xal qʼat” che ubʼiʼ rikomon .
are leu kemik pas xretaʼmaj .
ri wa tiʼt kubʼan nari upatan .
kʼakʼ le poʼt .
retaʼm uwach jachin xloqʼow ri pas .
ken chʼabʼej lea kʼalabʼ .
yaʼtal chaqe qonojel riuj winaq utzkaqil qibʼ .
xkotiʼ paqʼayes xoqʼik .
kawinaq bʼe le jebʼ qʼataj .
ekʼo kajibʼ ral ri imul, junsaq, jun qʼan , jun qʼeq, jun qʼeqoj , sibʼalaj ketzʼanik , ke chʼopinik rialaj taqimul .
k cholol ria chachal .
ketekik ri ikʼ .
xepetik rech kewaʼ iwukʼ .
tz atz ri uqʼanil riakʼ .
xoj tzalij ik xixeʼ qa qʼatuj kukʼ lei tatinan .
ri yoʼx taqa kʼalabʼ kekikʼux ria tzʼyaq .
wea chiwe xusipaj jun poʼt chwe xkamik .
kkowin ri kunanel chekunanik .
x jiqʼ pari polow .
xa rumal sibʼalaj rajawaxik le loqʼalaj jaʼ, le winaq xkibʼij : che we ikʼ riʼ qonojel kuj bʼe che utikik taq cheʼ .
ri unane rie rachalal kepe uloq rukʼ ri areʼ , kʼate kʼu riʼ, man kekowin taj keqibʼ ukoq rukʼ , rumal rech che ekʼo sibʼalaj winaq .
rumal rech , che man kʼo tajun kkowin che ukojik juntik ibʼalil chik chuwach ri kojom chik che are rijesus kristo .
tekʼu riʼ xutzʼibʼaj ribʼ pari nimalaj tijobʼal rech aj kuʼn .
ka juluw ri chʼu mil cha qʼabʼ .
kʼisbʼal kanoq , xoqujeʼ kkam ri ixoq .
leala xokik .
kʼo pwaq pauwiʼ ri mexa .
are kawaj nakinʼe taj .
ri yawal kukoj ri ali chiuxeʼ ri chakach are usuʼt .
na kaqakʼam tuʼbʼi kamik .
riaj tij kubʼij chike : rajawaxik keqachajij riawaj , are utikoʼn riajaw .
x intij mukun iwir .
kʼax le uwiʼ taq le nuqʼabʼ .
xin loqʼ jun ilbʼal wibʼ .
waʼ we qʼij , nim ubʼantajik .
ri uxeʼal riqa tinamit man kasach taj .
xoj bʼinik .
riachalal junam kiwach .
xin wetaʼmaj rilik wibʼ .
nim ri unaʼoj waj tij .
mi qʼin ri kʼul .
aj qʼojom riateʼk .
che le sanik cheʼ kbʼan wi ri qʼojom .
ka pe le awel pa nawal jaʼ .
ri mesonel tajin kchakunik .
utz chaqe kaqa toʼqibʼ, taq kʼo kʼax kʼolil , katewe chiʼ nriajaw paqawiʼ .
xaw ilo, xqʼatan le ibʼoy .
xat kowinik xabʼano .
kiʼ ri kʼawex .
kajil il ribʼe .
lea lixel bʼik .
areʼ xraj xinbʼano .
nim we abʼ aj .
jeʼlik utiʼjolal risaq koʼr .
nojinaq rikej .
weka tijan xux man katutoʼ ta chi uqʼatixik le kʼakʼ yabʼil cor onavirus ( 2019-ncov) .
na nim ta raqan waʼ we cheʼ .
utzalaj aj chak, riwel .
¿jampaʼ kuj bʼe pa nimaqʼij ?
rajawaxik tane laʼ kat chakun wukʼ .
xutaq chiʼj pa warampulew .
man are taria x wan xelik .
ria wi xxuloqʼ rachoch renimal .
are ri ixoqxin sikʼinuloq .
ri chʼi ma kʼatʼon na .
la xibʼan le ichak ?
kʼi tinamit ekʼo pa chʼoʼj .
kʼoju puqchij chiuxeʼ richeʼ .
riuxaq ri abʼix areu warikej .
kawinaq qʼataj .
lak ix pe pa tijobʼal ?
we kechajix taq le kʼwa jacha kinbʼij ; junalik kʼo jaʼ xuqujeʼ sibʼalaj saq loloj .
xretaʼmaj .
ri alabʼom ri alitomabʼ tajin kikitijoj kibʼ rech su taq , are kakaj kikibʼan nimaqa chijabʼ chupam ri kikʼas lemal , xuquje kʼo chik jupuq bʼixonel chupam ri komon .
latzʼ uwach ribʼe .
kʼakʼ ria chʼichʼ .
qonojel uj,uj mayabʼ taq winaq .
nojel qʼij ria tiʼxkuyu qʼuj le taq awaj jelaʼ pa nikʼaj jaʼ, chirij ri juyubʼ ubʼiʼ tenaʼ .
paqʼom chik risiʼ.
kin tzukun chela .
kakitij le kinaqʼ, leichaj , le uwaʼlik rukʼlej .
xeka naj kan leaj chakibʼ .
ketikon ria chijabʼ .
sibʼalaj itzel ubʼantajik ri chʼi lakan .
ri ateʼk xumal tyoxij cheri ratiʼt , rumal ri utzalaj noʼjibʼal xukʼut chech .
kkamulix uchak ria bʼix .
la xin utzukuj le tijoxel ?
areʼ kachakun ronojel qʼij .
le ekʼaʼ na taq tzʼiʼ .
saq rij riplamux .
jas xa qʼiʼo xatijo .
jas rukʼ xkichapwi utijik le ri kil ?
we katatin rukʼ kʼatan jaʼ man kuqʼatej tale kʼakʼ yabʼil cor onavirus .
la katbʼin pale uxlanbʼal ?
la waral kʼuxix waʼ wi ?
are le nutat ki nloqʼonik .
tajin kchakun riala .
kʼo ri kiʼ kotemala wukʼ .
xuta jachin kaʼek .
xat waʼ ikxin wilo .
xtzaq ri rachoch rumal rijabʼ .
pale junikʼ chik are nimaqʼij .
ekebʼä m kebʼin pauwiʼ ritem .
mem ria chi .
ri wi kan chaliʼy kel pa juyubʼ chwi tziribʼal .
le rajil , lapa ja xelaqʼax wuʼ bʼik ?
pari suʼt pisom wi rilej .
koj petik kol qa kʼamaʼ .
tajin kat chʼopin chi uwach ritaqʼaj .
le qʼor xchʼuqik .
kʼax waʼ ima wumal .
kin bʼi sonchel ewal .
sibʼalaj kʼokʼ ri awatzʼyaq .
kamik xuj bʼe che utikik taq cheʼ pari juyubʼ .
kin uloqʼoj le nutat .
cha qiʼj chik richaj .
xyil ix hawayi .
na x naʼtaj ta chkech ixea tinik .
rukʼ kʼu waʼ we riʼ, ri ixk kʼojiʼ jun utzalaji kʼas lemal riʼ ch kiwach riwinaq che man ekʼo ta iwukʼ, kʼate kʼu riʼ man kʼo tajun winaq riʼ rajawaxik chiwech .
e petinaq pa bʼe le rachalaxik .
kakaj lea kʼalabʼ kewaʼik .
xuj chʼaybʼik .
rinuchak are qʼaxel tzij .
kʼo na ruxlabʼ riawaj .
tajinkel loq, riqʼij .
x uqʼiʼo xkamsax ri rachalal choch .
rinumam are kʼo uqʼinomal .
xkʼul mataj jumul , xubʼan jun nimalaj jabʼ, man xbʼeyetaj tana xukʼis leuyuqʼ chike .
a maʼ rinutzʼiʼ .
jewaʼ kat petik .
x in kosik rumal xin chakunik
iwech chi jujunal, ri wa .
x uqʼiʼo na xatatin taj .
in riq tajinaq pari kʼayibʼal .
na wetaʼm taj .
kʼax le nuqʼabʼ .
utz le xubʼij lea chi .
kema tzʼibʼ .
kʼo rachalal pa tzʼoloj cheʼ ri peʼl .
ronojel waʼ we jastaq riʼ, xas ksach wi uwach waʼ ; rukʼ we riʼ, ri ix , rajawaxik che kʼojun tyoxla jikʼas lemal ek kʼojiʼ rii chʼawem rukʼ ridyos,
xmuqtaj ri patzʼan .
ri chʼichʼ tzijom kanoq pari ukʼolbʼal .
man kʼo ta ucholaj pataq ria wuj .
ja chike ikʼ le unimaqʼij le tinamit na wal jaʼ ?
xepetik xol kikʼamaʼ .
kachuqʼ chut ri jaʼ chiapam .
x inbʼij iwir chi xebʼe paar mita.
areʼ uxeʼ ojer tzij waral kʼi cheʼ ubʼiʼ .
xkʼis rinu siʼ.
ja wi xkibʼij wi chikeʼe wi ?
¡ xaje kʼu riʼ, jachintaq ri ekʼo pari judeʼa, chicha nim cheʼ animajubʼi pataq ri juyubʼ,
kʼakʼ ri abʼ .
la kʼojun na ka kʼoxo majtaj ?
na utz ta leutʼisom leal mariy .
man yaʼtal taj chiawe katok paja .
jeʼ, xat utzukuj .
are kel waj xaqibʼ uqʼij ri xkʼojik .
ri xun kur kkʼojiʼ pataq ritriko .
xin sachik .
xutʼuyu bʼaʼ
nan utom tale tzij …
wachʼom ri ki wa rinoʼs .
ekʼo jobʼ chʼilwakʼ .
rajawixik chi pataq ri tijobʼal , pa nikʼaj ubʼixik chik
rirajaw rulew areʼ tatkel .
we kʼu xokik , we kʼna xokta
wea chi xusipaj jun pʼot chwe .
atat utaqoʼn le qʼatal tzij .
naqʼanta uwachle qa prut .
ri xaʼr kʼo pauwiʼ ri qʼaqʼ kpoqʼowik .
ri roqʼej ri alijachak pe junakʼal .
kʼojun alapa tijobʼal .
säq uwiʼ ritataʼ .
ri wi tzikʼ tajin kpe loq .
jawix sachon wi kan uyaʼik le pwaq che .
utz wea chiwe xin kunanik .
qonojel kuj waʼ pauwiʼ rimexa.
ri kaxlaʼ nik man poqon taj .
in xin bʼe rukʼ ri wachiʼl .
sibʼalaj jeʼl xkilo xe kitzoqopij ri kichij chilaʼ .
kin bʼinikx inʼek .
kʼax kʼolik, kachaʼ .
kutij ixim riakʼ .
rial ix chel ,x uqʼiʼo xa junakʼ xsipax che .
xqa sikʼij le ixoq chutzakik subʼ .
mataxa bʼinsaj le chʼichʼ .
ri pix tzʼaral ik rumal rie qaʼn .
¿jampaʼ kel chi 3%
kʼojun nu kʼotoj chiʼaj .
tajin kewaʼ kat rialabʼom .
xin loqʼ le nukʼa kʼapoʼt .
na utzakik ta subʼ tajin kuʼa no
xoj utaq chiʼij xoj waʼik .
iwech ria bʼix .
sa qrij richij .
aj sik che ritinamit kel wi ritataʼ .
-¡ ay ! xaxin tzaquloq ,kʼax we waqan .
xkʼul mataj pajun komon chiʼ uwach jun juyubʼ ,xu riqa jun qʼij xkiriq kibʼ junimul rukʼ le kok .
jas xa taq chiʼj lea kʼal chutijik ?
xinchapo suxuloqʼo .
qʼinom ria chi .
ri kʼum ktijow rukʼ kabʼ .
tajin ke jachʼanik .
tzebʼal ukemik le pasa wumal .
are kayoʼw le uchikopil le ubʼantajik try pa nosom ab rucei .
we kat nimanik utz kelik .
pero noʼjimal petnaq loq, .
are le nu chak jun tzuqbʼal wibʼ .
xkunax le yawabʼ rumal leaj qʼij .
ri ukʼuʼx tzʼibʼ paqa tzije lajuj .
sibʼalaj jeʼlik rie qabʼal xubʼan riluʼs .
sibʼalaj at kon .
eman xo ri jupuqkej .
na x naʼtaj tach ke xeatinik .
ri kʼamalbʼe xubʼij chike, chi maja ria nim .
jumuchʼ ri nujunabʼ .
qʼip tajinaq ri raqan ritem .
kchakun rukʼ ri josbʼal cheʼ riajanel .
xa taq chiʼj lea kʼal chutijik kar .
oj kʼo pale roʼchle awel .
¿la kat pequkʼ chweʼq ?
le winaq pale chʼichʼe tʼuyullo wi .
xkanaj kanoq chiuxeʼ rijabʼ ri chʼaʼn .
nim rija .
we ta xakunaj le atat matax kam laʼ .
nan ukʼamom tuʼla riʼ.
chqa nukʼuʼ riqa tzij .
kimbʼe pale tinamit .
xin qʼiʼo na xinatin taj .
rajawaxik kakʼaman chawe le utijik le lej .
kʼisbʼal taq noʼjibʼal .
