xineê¼ waê¼ oq.
xkibê¼ ankê¼ axche leuwos aqrum alm an utzt achikak ayik.
riqê¼ ut uê¼mm ank echt aleakê¼ al abê¼.
aren animt aleatzê¼ iê¼ ch uwach lenutzê¼ iê¼.
xep etikx olkil aê¼.
â ¿ jawchiê¼ xataê¼ chexk amri umam rip oê¼x?
ekebê¼ kekê¼ ambê¼ ikp at uj.
xinl oqê¼j unjap ariwok ajja.
ri axtuê¼ bê¼, kê¼ oqul ajchech.
jaskar ajkaê¼ anch utzak ikle tiê¼ ij.
xutij lewa.
ximbê¼ al retzij.
xp axribê¼ oê¼j.
wekaw ajkat intoê¼ oxaqxuwik abê¼ ij chiwe.
jasnukê¼ ukuchê¼ obê¼ o.
jaskar ajkut ijo?
xexrux labê¼ ririk il.
enitzê¼ aê¼ qlet aqim ul.
wetane inxinbê¼ anowik, arele ateê¼k xbê¼ anowik.
kintz alijp alen utin am it.
rin uchaqê¼ kê¼ op auroê¼ qê¼ at ojtij onikp aritij obê¼ al.
xinxiê¼j wibê¼ xinchê¼ awik.
kê¼ ochwaroê¼ ch lep are.
chir aqankabê¼ inwi rit at aê¼.
xsach onkan uyaê¼ iklep waq chech oja.
xinqê¼ axchik ixoê¼l riwin aq.
ketik onik.
ri ulewm anqech taj, kech riq atiê¼t qam am.
xep elewin aqx olkikê¼ am aê¼.
xuloqê¼ riw ujrum alri ali.
chew eqê¼ ijk amikkê¼ ojunn utzij onem chir ijlen utin amit.
k ejriê¼.
xkun an al aqch we.
kin usikê¼ ijlen un an.
riim ul xuchê¼ ijtaj, xkan ajp abê¼e, rum al rinim alkuj al ujri im ul, xutzaq ri anim.
kubê¼ anri uxoqê¼ oê¼l riajtzê¼ aq.
ril asibê¼ alaj utz chekun abê¼ al.
kê¼ ikiw achrieê¼ ajchak ibê¼ parik omonty ox,kê¼ atekê¼ utxaj unchi ajaw xel;
xqat achix atulik.
kaw ajchik at ê¼ek.
chê¼ utiê¼nk ekan ajrix ajabê¼ chech.
kaqaxiê¼j qibê¼ kaqach apo.
ekê¼ okebê¼ ukê¼ ajol let atxw an.
luê¼s ubê¼ iê¼ri recham.
ajchi uwiê¼m iqê¼ injaê¼ ril uê¼.
xinyak anlen uchim pakê¼ aybê¼ al.
kê¼ atexril o,xpe riun anche utzuk uxik, xkik otik, xus alabê¼ is ajrit aquxk in.
xkikê¼ utchi uwachri ajtij xuqujeê¼ chik iwach rit aqnikê¼ ajkach il.
utzlen uqê¼ abê¼.
kul lealweê¼ lp aaustin chaqê¼ abê¼k amik.
ri ateê¼k xtz aqloq arechikê¼ op auwiê¼ riqê¼ aê¼m.
ajpatan riteê¼k.
xatqaj chi upam ri il.
l akê¼ otzijn akikê¼ oxom ajt aj?
xsach onchke chi xeatinik.
ronojel le ulewech alaq.
l axebê¼ ekê¼ ulaxeê¼k ij aqakê¼ ule uchiê¼j a?
xaqkat chê¼ okn ajiwir.
kam ikkê¼ ochirij ast aqawe.
arechiê¼k akê¼ is rijun abê¼ kê¼ oqê¼ inom.
pan awal jaê¼xin alexik.
n axint at ajweare riakê¼ alk ixtz uquw ik.
â ¡ rulew ris abê¼ uloner ulewrin eftali, ubê¼ eripolow, rulew rijord an,g al ileê¼ akech rijet aqam aqê¼!
r ax,r ax,r ax,kê¼ okê¼, kê¼ okê¼, kê¼ okê¼ lerux labê¼ let aqtik oê¼n.
achix atwil o.
p aqalr ajil lep ixkam ik.
xojbê¼ inik.
p ajunjeê¼ ltij obê¼ alkutij ojribê¼ junakê¼ al,ubê¼ iê¼p oê¼x, utzku rilokep atij obê¼ al ronojelt aqqê¼ ij.
xwaj chix atê¼ et aj.
utzl aê¼l exubê¼ ijle achi.
wetaê¼ am jachink apetik.
kin qê¼ ojom anik.
xinqê¼ iê¼ otakê¼ alikx inp etik.
areê¼ret aê¼m chek inop anik.
aret abê¼ aleq aqaj awch att oê¼wik.
kawin aqwaq ibê¼ qê¼ at aj.
n aqajchik che riuw aqkajbê¼ al aret aqchiê¼k sach uwach riqê¼ ij,kok riqê¼ equê¼m ch uwach ulew, chikê¼ ateê¼n aribê¼ el ejebê¼k ajbê¼ al.
j obê¼r aqan ritzê¼ alam xep oroxik.
sibê¼ alajk orij rim op.
arewaê¼.
jelaê¼p arit iminit chwik abyok rech xelajuê¼, leqan anqat atkak itik ojeê¼l alajt aquwach ichaj.
kê¼ axn uqul.
xuê¼l ukê¼ am aê¼.
koj ulkitz ukuj.
arem ankê¼ axtaukun axikaret aqanin aqkaê¼ ilit ajwey abê¼ ilal xuqujeê¼m oj oê¼qak uyaê¼ lekê¼ axkê¼ olil chech lej olom aj.
riw elkê¼ op atij onik.
kaw ajkinbê¼ ij.
rik otzê¼ iê¼jk qak ojchi upam rija.
qê¼ eqqê¼ ojrij riam aê¼k ej.
n axwajt ajxin chê¼ awik.
chpet abê¼ alel oqê¼ alajj abê¼.
xsach onchk exatki sikê¼ ij.
eleqê¼ al chê¼ ichê¼.
jachin xawil ochiare xtij owrit iê¼j?
mat akabê¼ elenuxbê¼ alp aletin amit.
pim ruq, ri ali.
â ¿ kê¼ orim uqê¼ echi awech?
kqabê¼ ijm ankek owint aj.
kint ijna.
kê¼ ojun qat ê¼ uê¼yp aja!
kê¼ op ujchi up am richê¼ aê¼k.
aret aqkink osikk inw arik.
xatwaê¼ ikxin wilo
in xinchê¼ ayowle achi.
konojel rial axikkeê¼ etzê¼ anik.
jasrukê¼ xkit ijw ilek irik il?
anin aqil kat petik.
nar axt auwach lej uyubê¼.
ritzê¼ al amtzê¼ ibê¼ abê¼ alraxkk ayik.
wech atchak unik, kê¼ oawa.
m aê¼t amxat peche riwaê¼ im.
kam ulkin waê¼n a.
risik ilk tij owrukê¼ ik.
kimbê¼ eaqê¼ anrukê¼ lealt alin.
xojê¼ ekxeê¼ qil alar qas ok.
xekiqê¼ il leajchak ibê¼ xkiw okl eja.
m at anexw ajlekê¼ uhjnem rukê¼ le ateê¼k.
arexeê¼ op anchi uchiê¼ rij uyubê¼, xkil ochim anq astakê¼ oqê¼ ayes.
kê¼ atekê¼ ut, rijes usm ankkoj ontachk echrieê¼ areê¼, rum al rech chek onojel ret aê¼mk iwach,
paê¼tz rij ritzê¼ iê¼.
juwin aqwaq ibê¼ qê¼ at aj.
atelaqê¼ om.
xaqatj oê¼s.
riqê¼ atzu, areqê¼ alajri uqê¼ ijil.
ajchakwe ala.
ubê¼ elej ukakê¼ altaq anik( 29).
kebê¼n ubê¼ iê¼kê¼ olik.
lakatz alijl uê¼l aanin aq?
katzuk unl achwe.
l akajlak ojbê¼ eê¼p alech om alch weê¼ q?
xinn abê¼ ejch utasik qakê¼ olibê¼ al.
lal xintoê¼w ik.
sibê¼ alaj anoê¼j ibê¼ al.
xojpet ikxol qakê¼ am aê¼.
sibê¼ alajjeê¼ likri uwaê¼l ri ichaj.
kê¼ axwij rum alinp ach alik.
aret aqxukê¼ ulmaj waê¼ xul riuch om anik xubê¼ ij:a reutzwa aqê¼ abê¼k inw alijik, arechaê¼ ch animk inop anpatij obê¼ al,m ajchik inkê¼ ulmaj.
oj ajx ojolobê¼ p aaw asqê¼ ij.
xins achche leuw okikl etzij.
ejulaj ujriakê¼.
xut ajam paê¼k ojê¼ ek.
q ilik.
ritij oxelman aretan imch uwachrir ajtij. ri utztij oxel qasje riê¼kê¼ olikj asrir ajtij.
inxat inchê¼ ayo.
noê¼j im chak wum al.
chê¼ urrij ochê¼.
ink inbê¼ ijnak at sacht aj.
ujm ayabê¼.
riabê¼ ajyatz alik.
t ajinkep ixbê¼ axriakê¼ al abê¼.
ch omri aq.
xinw arik.
elemenk onojel riakê¼ al abê¼.
t ajinkqê¼ an arik riwe reê¼ aj.
leukem iklep asutz( chawe).
xuyup ubê¼ auwach raê¼ chi, kachaê¼,.
ris atanask okp arijud as rikbê¼ ixiskariê¼ otech rech, riareê¼j unchkix oê¼lri ekabê¼ lajuj.
chuch urip ar.
kin qum ujrin ujochê¼.
chechp unciã ³nl umbar am aqê¼ elrajaw axikchech rilik leukê¼ exbê¼ emwil enabê¼ erukê¼ leukabê¼ ukê¼ ut uneml eyabê¼ ilal.
qê¼ al ajchin akaw ajt ajkabê¼ ij.
kê¼ oqê¼ ol chi rij risiê¼.
j awix ojê¼ ewich uloqê¼ ik?
kê¼ oulochê¼ rit alin.
qê¼ anrij ri atiê¼tn ukej.
laxtz alijla iwir?
xesikê¼ ixik,kê¼ atekê¼ uriê¼ xey ajik, xuqujeê¼ xet aqbê¼ iche usikê¼ ikl emes.
l akixw arik?
arekê¼ ulep alom axxubê¼ ijche: -m amk atbê¼ is ontaj,k insikê¼ ijnikê¼ ajwach iê¼lk erap apik.
aê¼ reetij oxelabê¼.
ri alajal isiê¼l xubê¼ ijxqa chapp autzal rity ox.
xsach onchk ejachin xeatinik.
jasxuray ijlean an xutij o?
xink osik.
r axr onojel riqê¼ ayes rum allej abê¼.
kin yawaê¼ wechê¼ ichê¼ pin emn autz.
noê¼j im up achê¼ uxiklen uwiê¼.
n ajkê¼ owil ewoê¼ chch uwach letij obê¼ al.
ri okibê¼ alkê¼ ochi uwach ris aqja.
xenut aqchê¼ ijkek il leakê¼ al abê¼.
kê¼ ojunqê¼ oxowem chiwe.
tza richoê¼m.
wech ojbê¼ ep alenim aqê¼ ij,k eqil leajxoj olobê¼.
xojê¼ ekxeê¼ qil alar qas ok.
ri ateê¼k xutaê¼ chech rin antoê¼n: -n anjas cheê¼ chim ank ajtal aqakê¼ atis ajrij oê¼q.
rip al sibê¼ alaj xuê¼y.
kink ojrij okbê¼ al ulew.
ink inbê¼ ijnak at sacht aj
atrajk unlen un an.
kuqam ujuj oronri ajtzij.
l uê¼tzê¼ alam ubê¼ iê¼ riachik elp anim cheê¼.
jeê¼lik utiê¼j olal ris aqk oê¼r.
kê¼ ojunxaê¼rp aja.
xinloqê¼ junkê¼ akê¼ pat an.
kê¼ axukem iklep as awum al.
anin aqukem iklep as awum al
richê¼ aê¼ns achin aqpat aqabê¼ ix.
r axt aqlek otzê¼ iê¼j.
mes omkan oqri up am ja.
man aretar alaxk osik.
rik omon xechp uprech uqê¼ abê¼ tin amitx oê¼l abê¼ ajrech qê¼ um arkaj.
lautz akikkê¼ us ubê¼t ajinkuê¼ ano?
katel a!
na xutijt aj.
xarum alket aê¼mk onojel riwin aqkki qum ujlej aê¼.
iwir xujtz alijlap akê¼ aybê¼ al.
qetaê¼m che riq awak ujutoê¼ o.
riajt ij,k yaj onchik ech riakê¼ al abê¼.
jas ubê¼ anom len uchê¼ utit at?
ch weê¼qk inbê¼ ep anim tin amit.
utzwek iwet aê¼m ajj askubê¼ ijrich olbê¼ alqê¼ ij.
t ajink atjil owche uqê¼ oxomj olom aj.
xintik qê¼ axchi uwach rija.
kê¼ axlek ibê¼ elewin aq.
loqê¼k atk untaj che leyabê¼ il( covid- 19).
rin uxibê¼ alk elp aqajbê¼ alqê¼ ij.
xril riaxw anchix waê¼ ri ala.
leal ixkun at ajik.
wet akapel ejabê¼k amik.
xinwet aê¼m ajchin axatpet aj.
rip waqrech weqê¼ at ajriê¼kes axchech rit ojbê¼ alkê¼ ayin em.
kt ijri uwaê¼l ik rum alrik inim aqê¼ ij.
xuchap ukun axik.
chat anl oqali.
xinxuliê¼ qaj oq.
jeê¼l ikk tij owrit aqik ox.
kê¼ atekê¼ urilet atxoê¼r xubê¼ ij,m ankaw ajt aj,m ankaw ajt aj.
kê¼ oj untzê¼ iê¼p abê¼ e.
kam ulxin peche atzuk uxik.
mant ajintak inchak unik.
kinchak unik rechk atwaê¼ ik.
jasrukê¼ xawil wich ixkiq upij wil etiê¼j.
jas ubê¼ ixikâ €<unk>?
koqê¼ riakê¼ al.
kaw ajnakat ê¼et aj.
xatqê¼ ajik.
wemn achal oqê¼ axiy al,nak imbê¼ et aaw ukê¼.
xop anlew ujaw ukê¼ rum alwech in.
arekê¼ utp alej uyubê¼ kkê¼ iyj oron, chil aê¼xek ikê¼ am awi rijaê¼ riwin aq.
koqê¼ riakê¼ al.
wekê¼ oar ajil chakê¼ am aloq.
aresibê¼ alajk aqleap oê¼tch uwach lenup oê¼t.
xinkê¼ ast ajpak abê¼ laj ujkajbê¼ al.
kaq oyê¼ ejnak ixpet aj.
kok axim richij xajelaê¼m ank anim ajt abê¼ ik.
rik oknoj im xbê¼ ek, xuchê¼ ij oxop anp aukê¼ isbê¼ alille anim.
x ojkiê¼k otik aret aqxat ulik.
kaq itzê¼n ajri uxajabê¼ riakê¼ al.
rijes usk waê¼k atp arinim rach och ridyos, chuxeê¼ rij unjache rach ochris alomon.
wet aqanik riê¼k ubê¼ ijchir ajawaxikk yaê¼ uqê¼ ijriwin aqxuqujeê¼ ktoê¼ anin aqil.
ri axux aren ariuk unel rikin aqê¼.
aret aqwaê¼ ri uqê¼ ijol wet aqanik.
kê¼ ojunt abê¼ alp auwiê¼ rix kan ul ubê¼ iê¼l aj ujnoê¼j.
yuê¼l ubê¼ anom riuk olobê¼ rik ej.
xanim ajriakê¼ alchi uwach riuch uch.
kkun anri achi.
kinwaê¼ ik rechnak inyow ajt aj.
ajxikchê¼ ichê¼ ril uê¼s.
kw ajche ixkixbê¼ anowik.
aê¼re xetoê¼w alaq.
xojê¼ ekxeê¼ qil alar qas ok.
xinl oqê¼ junchê¼ ichê¼, qajin aq uwach.
kutê¼ is rip ant alon.
ejanip aleaw alkê¼ walekê¼ olik?
utzukem iklep as chawe.
rim axareajqê¼ an iyaê¼.
mat abê¼ achi riqkê¼ axp alebê¼ e.
t ajink anim aj, rim eê¼s.
ixixeê¼ laqê¼ om abê¼!
xsach anchwe.
ekê¼ okê¼ icheê¼, chi uwach rij uyubê¼.
arewaê¼ rinim alajp ixabê¼ earewaê¼ rin abê¼ e.
xretaê¼m ajchi rukê¼ p akê¼k utijwi
jas utzak ikles ubê¼ xuê¼ ano?
ajxoê¼y riw ikan.
wet aneaê¼re xetij owlerik il, arelek omonx etij owik.
sibê¼ alajanin aqkachê¼ awleareê¼ chin uwachin.
utzwek inchak uj.
m eê¼ slaê¼.
kê¼ okanwa rechk aqat ijo.
xinsikê¼ ijla.
riakê¼ al xsachkan oqjel aê¼p at aqê¼ aj.
xesikê¼ ijla.
j awixk ibê¼ ijwi chikeê¼ ewi?
rum alche, manixt ariê¼ rik ixchê¼ awik, arerirux labê¼ axel riit atriê¼ rikchê¼ awnaiw ukê¼ riix.
kê¼ akê¼ riw ach och.
sibê¼ alajutzk inwil leatzê¼ yaq rechn ahuala.
s aqp orkk ayrik ip oê¼t rin an.
xsach onri nuchak chwe.
waê¼ im xuchap o.
riqê¼ aqê¼t ajinkaj ul uwik.
n ajil upam ri siwan.
ekê¼ oriq achal alpa chi uwiê¼l a.
jas xat aqchiê¼j leakê¼ alch utijik?
noê¼j im ukem iklep as aw um al.
kê¼ ojunkuk ubê¼ iê¼t intin, waê¼l elajkukm amkaj eqit aj,kap aqik axulikp auwiê¼ uqê¼ abê¼t aqcheê¼, sibê¼ alajsakê¼ aj,keê¼ utole enim aê¼q, chê¼ utin, rachiê¼l, ajsip anel sibê¼ al ajutzr anim aê¼.
riup ixabê¼ leqê¼ atbê¼ altzijk iyaê¼ ubê¼ ixik.
naxs achont achke xeatinik.
xeqil lechik oppuw ileja.
xloê¼t ajriakê¼ al.
qonojel kujwaê¼ pa uwiê¼ rim exa.
xsikir lewaqan.
la xatwaê¼ kê¼ ut?
nim ubê¼ aqê¼ rit ul ul.
kinxikê¼ ikê¼ ikxin qê¼ axik.
lakatbê¼ ep aletin amit?
rip al sibê¼ alaj saqê¼ or.
kqê¼ oxown ujal om.
xinnaê¼ ochik atpetik.
xloqê¼ ulewiw echix.
xinchak unrukê¼ rin um am.
n axqabê¼ ant aj.
kkê¼ ojiê¼bê¼ aê¼ri usip anikri ajawxel jesusk rist orukê¼ riaw uxl abê¼ al!
kinchê¼ awrukê¼ len un anp alechê¼ awebê¼ al.
sibê¼ alajqê¼ equê¼m rum al rim ay ul.
areleb axulik.
xekosle ixoqibê¼ p al ebê¼ e.
kê¼ axrilik leakê¼ al chawe.
xinqê¼ iê¼ oxin atinp ajoron.
sibê¼ alajnim letin am it.
kê¼ axukem iklep as awum al.
xin sachik.
t ajinkel ukikê¼ elpar aqan ritzê¼ iê¼.
xinwet aê¼m ajril ikwibê¼
riqê¼ uqê¼ arej unjeê¼l chik op.
kê¼ op ajat ijobê¼ al riwik aqê¼.
ris achibê¼ almakr ajwaxik chiq axoê¼l.
jeê¼,k imbê¼ ek.
jelaleê¼ rin upwiê¼.
xubê¼ ijche: -jas xabê¼ anotint in?
kabê¼ anj unt oqê¼ obê¼k yak rin ujal.
kat ê¼ekx inta.
jas leukê¼ exbê¼ em ribê¼ lejunrukê¼ lej unchik?
ajchi uwiê¼m iqê¼ injaê¼ ril uê¼.
rit ijonel n ajkpe wi.
teê¼k ixch obê¼ ubê¼ iê¼rin utat.
rijaê¼k am iqê¼ ikchi uwach riqê¼ aqê¼.
ritê¼ uê¼y kp aqê¼ owik.
kinmes onna.
n aqaj atkê¼ owichi wech.
xinbê¼ isonikt aqn axatp ettaj.
wexkam riwin aq, rip waq recht ojbê¼ almak ajkyaê¼ chik echrir alaxik.
rinun anxbê¼ epakê¼ aybê¼ al.
x ojukê¼ am ul oqrechk ojrilo
xkê¼ otoch inchik iwach chik inwaê¼ aw ukê¼.
n axkik ams ajt ajxkikê¼ ambê¼ ich oja.
kê¼ akê¼ riikê¼k amik.
ximbê¼ erukê¼ leajk uniwir.
rilik.
letzê¼ iê¼xek osik.
xinkik otaw um al.
riim ul xum ajri anim, xuy akanlek ok.
kê¼ oojche riakê¼ al.
xujbê¼ ep ajunkê¼ ul anem.
utzw ekwar al aq.
kaqil ochin akoj ukê¼ amt aj.
xretaê¼m ajchi rukê¼ pakê¼ kut ijwi.
sibê¼ al ajxinkê¼ aê¼n arik.
xinkoch ijrin uwa.
m ankatk owint ajkat chak unik, wem ankê¼ otari ajil abê¼ al.
wewon onxubê¼ ijchik e:- kix into.
ri alanim kril wiri um am.
xkaê¼y chirij, xkaê¼ ych uwach, makê¼ otachij unksil obê¼ ik, xoqê¼ik xuxeê¼j ribê¼ xchê¼ opinik xtz alijl oqxu riqt achik riubê¼ e.
kê¼ op usche riwa.
pin emnak abê¼ elew atz,k imbê¼ ewi inp akaê¼ yibê¼ al.
rin antoê¼n nim win aqchik, s aquwiê¼, ronojel aqê¼ abê¼ utz kunaê¼ okatê¼ uyiê¼p autem, kumiqê¼ is ajribê¼ cho riqê¼ ij,kê¼ ojunuwiê¼ umam ubê¼ iê¼ ateê¼k.
m anekê¼ it ajriq ulaê¼.
qê¼ al ajchin akaw ajt ajkabê¼ ij
xp aqabê¼ is axr ajilron ojelrik em.
kê¼ op arij ul rik um atz.
r onojel qê¼ ijkin chê¼ ajlen uware.
s aqchik anle ichaj rechk atzako.
ch uxel eqach om alkaq atij wij unqam eqê¼ in.
ch awil aê¼.
ekê¼ ojobê¼ umiê¼ al,rin ut at.
jasrukê¼ xaw ilwi
jeê¼j asriwin aqrechri uwach ulew, xoqujeê¼k epen ariê¼ rieê¼ areê¼ che erechri uwach ulew; jeê¼jas riwin aqrech rikaj, xoqujeê¼ke pen ariê¼ rieê¼ areê¼ erechrik aj.
xintijo.
ktzê¼ ujuwri rach ochrip oê¼x.
xuqê¼ iê¼ oareleukê¼ ulel xyaê¼ ow uwa.
riawel xret aê¼m ajchir ajaw axikm ank uxejt aribê¼ cherit ukur.
jukê¼ ul ajwin aqxeê¼ anim ajbê¼ ik.
jeê¼, xintz alijik.
xojpet ikxol qakê¼ am aê¼.
m ajjach inxê¼ ek.
in ajtij ;at tij oxel.
saquwiê¼ rit ataê¼.
wechrik em.
leroê¼ chle ateê¼kkê¼ och wach leukê¼ aylen unan.
kbê¼ ep aris iriê¼ aep aris ilisiê¼ a,jaw ijeê¼k uyaw irik ich uqê¼ abê¼ rik omonty ox.
pix abê¼ :m an utzt ajkê¼ axkujchê¼ awchik ijnikê¼ ajqach il.
xkun at ajleali( kum al riix oqibê¼ ).
rixibê¼ ibê¼ alchikê¼ owip at aqriq akê¼ aslem al ronojel qê¼ ij.
nakujw artawar al.
onchekkê¼ ojiê¼ri utzil chix oê¼l, arech junam riqak ojonik, jun amri iwech ixrukê¼ riw echin.
p aoxqê¼ ijris aê¼nkbê¼ en arukê¼ riajk un.
kawin aqw uqubê¼.
jaskaw ajkint ijo?
wet axatbê¼ ewukê¼ p aletin amit, xaloqê¼t alaê¼le ujast aqleakê¼ ajol.
kebê¼ ep awaê¼ im.
xin loqê¼ kê¼ iwa.
p ajunnimkê¼ acheê¼l aj,kê¼ ojunkê¼ waê¼ sibê¼ alajs aql oloj, nim uwach.
kw ajkat ijj ubê¼ aê¼wa.
ronojelw inaqk riln ariuk olonem rid yosâ ».
xkê¼ otoch inchik iwach chik inwaê¼ awukê¼
kw ajnakat ê¼et aj.
laxal oqê¼ jun alej?
ekê¼ ori eloqê¼ om anel.
riukabê¼ ubê¼ iê¼rin um am arey ay.
kinj opijri ijaê¼ recht riko.
xnaê¼t ajchke xeatinik.
xateê¼ qilaê¼.
kakit ijal anxax riwin aq.
...k inbê¼ ijchi arewaê¼s inxiê¼ an.
n axinn abê¼ ejtach utasik qakê¼ olibê¼ al.
rum al rech chew eriin,k inchê¼ awrukê¼ ridyosp achê¼ abê¼ al,k chê¼ awnakê¼ uriê¼ riw uxlabê¼ alrukê¼ ridy os,kê¼ atekê¼ utm ankê¼ ot aupat anriê¼ ch rechri nuchom abê¼ al.
xepetikxk ilo.
xut awekat ê¼ek.
utzukem iklep as chawe.
rin uwakax xutijj unqê¼ oqê¼ rum alriê¼xk amik.
rum alrikê¼ ix,m ank ewaê¼t ajriwin aq.
xeê¼ ulik.
qê¼ eqrij riam aê¼ chij.
xrajkaê¼ eleun an.
junam kij un abê¼.
naqê¼ alajt ajwekaê¼ ek.
riw ixn amchê¼ ajchê¼ ojri rach och.
war alm ankê¼ ot ajaj awal.
naiwirt axril lekê¼ am olbê¼ e.
xinp eloqte kê¼ uriê¼ xintzuk ujron ojelrin ur ajil.
ri ajtik onelk utik ritzij.
kê¼ oekikê¼ ajol leachij abê¼.
kutij qê¼ ayesri ixpaê¼ ch.
pariw aê¼bê¼ alekê¼ okawin aqachij abê¼.
sipojin aqrin up am.
kayaê¼t ajikrukê¼ utiê¼ onem jun riuriq oml eyabê¼ il amolot setsã © xuqujeê¼ arek ayaê¼t ajpat aqrij uyubê¼.
jachin ria chi?
rin um amxk amik aret aqkê¼ ojum uchê¼ laj ujujun abê¼.
kink owinikk inkê¼ ambê¼ ilep waq.
kinw il ochi utzri ajiê¼.
xinqê¼ il riap oê¼x chem ank achak untaj.
kwaê¼ chi uwach let aqê¼ ajriam aê¼ akê¼.
riim ul xep oqê¼ ikp aj unikê¼.
xkê¼ iskan oqriq achak.
areri alix ojilowkan oq.
sibê¼ alajchê¼ uê¼j riam ax.
kê¼ onuwa chiê¼.
inch ajinel kech leakê¼ al abê¼.
xek osletzê¼ iê¼.
kinbê¼ enak ukê¼ rim ol aj.
ronojel aqê¼ abê¼ kin yitzê¼ riw akax.
kar ap inikx utzuk ujchij unaw aj.
leukem iklep asanin aq( awum al).
m ajur ajil leqê¼ abê¼ arel.
kê¼ axriê¼ rik achê¼ awik.
xojut aqchiê¼ jlea chich uloqê¼ ikich aj.
sibê¼ alajkê¼ axrixkê¼ ulm axik.
xkil ochin akinkê¼ oxom ajt aj.
xnaê¼t ajchke chi xeatinik.
xkê¼ otoch inchik iwach chix ojalwoê¼ qak ukê¼.
junqê¼ uê¼qr ajilrik axlaê¼n wa.
xinwil ochixeê¼ elik.
ekê¼ oix oqibê¼ p alekê¼ aybê¼ al.
m ankê¼ ot ajukê¼ isik rim ayabê¼ ajlabê¼ alil.
risinkkê¼ iyp at aqê¼ aj.
richê¼ im am ankkê¼ iyt ajpat aqê¼ aj.
rajaw axikkj ikik riw aqã ¤n.
kaw ajkin ê¼ek.
ekê¼ ooxibê¼ akê¼.
xubê¼ ijch wej awiatkê¼ owi.
chweê¼ qk ujbê¼ eê¼p am uquj.
pas aqkê¼ aj aê¼kbê¼ anwiri uq.
xojkisikê¼ ij.
xinwil wibê¼.
chaqê¼ chik riwa.
kimbê¼ enakap alewoê¼ ch.
kaw ajkin ê¼ek.
richê¼ uê¼k tij rukê¼ lej.
parik iqê¼ ijk amin aqibê¼ kbê¼ anqê¼ orikê¼ yaê¼ rech aj:n abê¼ erinank utzuk ujkan riaj, kujachê¼ oê¼ xuquje kukê¼ eto.
j askajbê¼ alch anim?
utzuch om anikri ali.
p ariqê¼ ij oxlaj ujtij axkinkê¼ iskebê¼ jun abê¼k inchak unwar al.
sibê¼ alajko, rikê¼ akê¼ chê¼ at.
jaskar ajkubê¼ ijâ €<unk>?
richê¼ ichê¼k asil abê¼ ik.
p aojerqê¼ alpul xaq xuwi rinim win aqkekê¼ am owbê¼ e.
leukun axikle ukabê¼ ukê¼ utunik arerukê¼ eflor nitin aonut unibê¼ axiklenif urtim oxchiê¼l eflor nitin achecht .b.g.
areri achix inchê¼ ayowik.
junachi ubê¼ ikuê¼ xusip ajkebê¼ kê¼ aê¼m ulew rechk abê¼ anritij obê¼ al,k amik,kê¼ ochik ajtij rechrik omon xechpup.
xum alty oxijcheri ajtijr onojell exukê¼ utchi uwach.
paribê¼ exkir aqjun al ajim uls aqrij, xkikê¼ ambê¼ ik.
xril lebê¼ aleala.
j askubê¼ ijch we?
leukun atajem arerukê¼ utzuk uxikle uchik opil paj unusolik uxeê¼lek ikê¼ onlejaê¼ rech junnodo.
utz wen utzê¼ iê¼.
jeê¼,t ajinka chap onik.
kin uloqê¼ ojlen ut at.
kaw ajk imbê¼ ep atin am it.
arelaê¼k inchak uj.
rinim aê¼qt aqwin aqkê¼ oket aê¼m abê¼ al.
wet axatbê¼ ewukê¼ p aletin amit, xaloqê¼t awaê¼ wejast aq.
rikikê¼ aslem al.wa ixim ulew xaj unchim aaret atin imit rima
riukê¼ yabê¼ alnaj up am.
xatqaj chi upam ri il.
nojim kat waê¼ ik.
wekê¼ ojunkt uqaê¼ rik,â ¿ lam an xoqujeê¼t ajkint uqaê¼r ri in?
oj ojwok olja.
awaskbê¼ ankê¼ axchej unnim win aq.
xinchê¼ awap anrukê¼ lewan abê¼.
kê¼ axriup am rij uê¼l.
tajin kewaê¼ ri im ul.
lak ajlak ujtz al ijlaanin aq?
rum al rech che rim akajm ankê¼ otauk owinemp iwiê¼ riix: riixm anixkê¼ otachi chuxeê¼ ripi xabê¼, xaneixkê¼ ochuxeê¼ risip anik.
nim raqan lecheê¼.
xinch apo.
arelet uê¼r leloqê¼ om anel.
xask atkê¼ ojiê¼ chi upam richê¼ ichê¼.
sibê¼ alajnim raq anrikê¼ am albê¼ e.
letzê¼ ibê¼ abê¼ al wechin.
in xintoê¼ wla.
xajekê¼ uriê¼ riixk amik riê¼m anixk axl anwin aqt achik; riix,ix rechrik itin imitri etyox lajt aqwin aq,ix rechri rachoch ridyos.
xintik oxlajkê¼ alich aj.
kaqari qqibê¼ ch weê¼q.
sibê¼ alaj utzche riwiê¼ ajrit uney.
wen ajup ulikt axeqaj ik...
xintoê¼t ajcherin uchak.
kê¼ ojunchik opubê¼ iê¼p um.
p oqonriik.
xojbê¼ inik.
xuchê¼ekr onojel leret am anikxp aq iê¼kkê¼ axkwê¼ inikx ubê¼ an ajkun.
kel ubê¼ ikpa rijudeê¼ aektz alijchi ubê¼ ij um ulp arig al ileê¼ a.
xin axibê¼ ijp abê¼ e.
jeê¼lkê¼ olemchi awach och.
ronojel riyaê¼t alilp aweqê¼ at aj,tzê¼ aqatk iwach, m anktz aqtak anoq xuqujeê¼m ankt astaj.
xukun ajleyaw abê¼ leajqê¼ ij.
chit at abê¼ ejjaslek imbê¼ ij.
chê¼ an al riachi.
p abê¼ okoê¼k achak unwi rit ax.
ujkê¼ op auw uqqê¼ ij.
kiê¼ ri ukabê¼ ri aqaj.
kê¼ orach alal patzê¼ olojcheê¼ rip eê¼l.
xkil ochik inkê¼ oxom aj.
riukis akê¼ utzk yaê¼ ikchi uxeê¼ ritik oê¼n.
aret aqchiê¼k aqê¼ anpuwiê¼ rij ukubê¼, riach ichexkê¼ ojiê¼ri itzel uxlabê¼ alrukê¼, kutach rechri areê¼, arechkkê¼ ojiê¼ rukê¼ riareê¼.
nakabê¼ ant ajtaw um al.
xnaê¼t ajchke xeatinik.
xinpaj rin ut riko.
xeê¼ okrip okê¼ p ari umex aripoê¼x.
kaj uluw ri aqê¼ aê¼l chi uxeê¼ ritê¼ uê¼y.
awech leja.
xujbê¼ ep atz urik.
nabê¼ exatop anik.
riukabê¼ ubê¼ iê¼rin um am arey ay.
uwaj xaqukakê¼ alt aqanik( 28).
mat akê¼ ojunkak an ajkan oq,q onojelk ojbê¼ ek.
enim aê¼ qlealtom abê¼.
nim uwachrip oê¼t.
k ojonikp ari utzij wa ixim ulew.
jas xukê¼ ambê¼ iletzê¼ iê¼x awilo?
xinp etik,t at.
ribê¼ elaj uwach.
chit at abê¼ ejjas rik imbê¼ ij.
jeê¼l kunaê¼ ri abê¼ ixchi upam riq uqulew.
kinbê¼ is ojuwach lewal.
xutê¼ uyubê¼ aê¼.
nimri aweq eleê¼nx ariqo.
xineê¼ waê¼ oq.
chiê¼k ewarwi leakê¼ al abê¼.
rin umiê¼ al xut aql oqjunt aqoê¼m wuj chiwe.
qê¼ eê¼lik, rich ajp aribê¼ e.
lautz awach? - utzm alty ox,ekê¼ uriat? â €<unk> utzm alty ox.
xinkos rum al nuchak.
kbê¼ ekukê¼ rieê¼ areê¼ ektz alijp arin as aretekeê¼ unim aj.
rij ojxukê¼ ambê¼ ikri akê¼.
kê¼ ochiw achiê¼l ch anim.
kubê¼ ijch echn aê¼l kabê¼ ancheri atzê¼ ibê¼.
e... ink awajk atzj ojbê¼ il achwe.
mat axiny ajle ali.
jachin rukê¼k atbê¼ ewi?
kê¼ osibê¼ alajet aê¼m abê¼ alp arim ayabê¼ noê¼j ibê¼ al.
emanx orijup uqkej.
kas um um rik aq iqê¼.
ekê¼ okajibê¼ akê¼ alabê¼ p alebê¼ e.
jeê¼jas riut atkkaê¼ yik.
xaqatm ol oneltzij tal.
lenut atkal oqê¼ onchwe.
xaqtanek imbê¼ eiw ukê¼.
xretaê¼m aj uchê¼ ajik.
rum allaê¼xk ojâ €œ xalqê¼ atâ €  che ubê¼ iê¼rik omon.
areleuk emikp asxret aê¼m aj.
riw atiê¼t kubê¼ ann ariup atan.
kê¼ akê¼ lep oê¼t.
ret aê¼m uwach jachin xloqê¼ owrip as.
kenchê¼ abê¼ ejleakê¼ al abê¼.
yaê¼t al chaqeq onojelri ujwin aqutzk aqil qibê¼.
xkotiê¼p aqê¼ ayes xoqê¼ ik.
kawin aqbê¼ el ejebê¼ qê¼ at aj.
ekê¼ okajibê¼ ral riim ul, juns aq, junqê¼ an, junqê¼ eq, junqê¼ eqoj, sibê¼ al ajketzê¼ anik, kechê¼ opinikri alajt aqim ul.
kch ololri achach al.
ketekik riikê¼.
xep etik rech kewaê¼ iw ukê¼.
tz atzri uqê¼ anil riakê¼.
x ojtz alijik xixeê¼ qaqê¼ at ujkukê¼ leit atin an.
riyoê¼xt aqakê¼ alabê¼k ekikê¼ uxri atzê¼ yaq.
weachiwe xusipaj junp oê¼t chw exk amik.
kk owinrik un anel chekun anik.
xjiqê¼ parip olow.
xarum al sibê¼ al ajrajaw axiklel oqê¼ al ajjaê¼, lewin aqxkibê¼ ij: chewe ikê¼ riê¼q onojelk ujbê¼ eche utikikt aqcheê¼.
riun aneri erach alalkep eul oqrukê¼ riareê¼, kê¼ atekê¼ uriê¼,m ankek owint ajkeq ibê¼ ukoq rukê¼, rum al rech cheekê¼ osibê¼ alajwin aq.
rum al rech, chem ankê¼ otajunkk owincheuk ojikj untik ibê¼ alilchik ch uwach rikoj omchik cheare rijesusk risto.
tekê¼ uriê¼ xutzê¼ ibê¼ ajribê¼ p arinim al ajtij obê¼ alrech ajkuê¼n.
kaj uluw richê¼ umil chaqê¼ abê¼.
kê¼ isbê¼ alkan oq, xoqujeê¼kk amri ixoq.
lealaxok ik.
kê¼ opw aqpa uwiê¼ rim exa.
arekaw ajnakin ê¼et aj.
riyaw alkuk ojri alichi uxeê¼ rich akacha reusuê¼t.
nak aqakê¼ amt uê¼bê¼ ik amik.
riajt ijkubê¼ ijchik e:r ajawaxikk eqach ajijri awaj, areutik oê¼nri ajaw.
xintijm ukuniw ir.
kê¼ axle uwiê¼t aqlen uqê¼ abê¼.
xinloqê¼ jun ilbê¼ alwibê¼.
waê¼ weqê¼ ij,n im ubê¼ ant ajik.
riuxeê¼ alriq atin amitm ankas acht aj.
xojbê¼ inik.
riach alaljun amki wach.
xinwet aê¼m ajril ikw ibê¼.
nim ri unaê¼oj wajt ij.
miqê¼ inrikê¼ ul.
ajqê¼ ojomri ateê¼k.
cheles anik cheê¼k bê¼ anwi riqê¼ oj om.
kapel eawelpan awal jaê¼.
rimes onelt ajink chak unik.
utzch aqek aqat oê¼q ibê¼, t aqkê¼ okê¼ axkê¼ olil,k atew echiê¼n riaj awp aqawiê¼.
xawilo, xqê¼ at anleibê¼ oy.
xatk owinikx abê¼ ano.
kiê¼ rikê¼ awex.
k ajilil ribê¼ e.
le alixelbê¼ ik.
areê¼ xr ajxinbê¼ ano.
nim weabê¼ aj.
jeê¼lik utiê¼j olal ris aqk oê¼r.
n ojin aqrik ej.
wek atijan xuxm ankat utoê¼t achi uqê¼ atixik lekê¼ akê¼ yabê¼ ilc oronavi rus( 2019-nc ov).
n animtar aqanwaê¼ wecheê¼.
utz alaj ajchak, riw el.
â ¿ jamp aê¼k ujbê¼ ep anim aqê¼ ij?
rajaw axikt anelaê¼k atchak unwukê¼.
xut aqchiê¼ jp awar amp ulew.
man aret ariaxw anxelik.
ri awix xuloqê¼ rach ochre nim al.
areriix oqxinsikê¼ in uloq.
richê¼ im akê¼ atê¼ onna.
l axibê¼ anle ichak?
kê¼ itin amit ekê¼ op achê¼ oê¼j.
kê¼ ojup uqch ijchi uxeê¼ richeê¼.
riux aqri abê¼ ix areuwarik ej.
kawin aqqê¼ at aj.
lakix pep at ijobê¼ al?
wekech ajixt aqlekê¼ waj achak inbê¼ ij; jun alikkê¼ ojaê¼ xuqujeê¼ sibê¼ al ajs aql oloj.
xretaê¼m aj.
ri alabê¼ omri alitom abê¼t ajinkik itij ojkibê¼ rechsut aq,arekak ajkik ibê¼ annim aqachij abê¼ chup amrik ikê¼ aslem al, xuqujekê¼ ochikj up uqbê¼ ixonel chup amrik omon.
latzê¼ uwach ribê¼ e.
kê¼ akê¼ ri achê¼ ichê¼.
qonojel uj, ujm ayabê¼t aqwin aq.
n ojelqê¼ ijri atiê¼ xkuyuqê¼ ujlet aqawaj jelaê¼p anikê¼ ajjaê¼, chirij rij uyubê¼ ubê¼ iê¼ten aê¼.
paqê¼ om chik risiê¼.
kintz ukunch ela.
kakit ijlekin aqê¼, leichaj, leuwaê¼ lik rukê¼ lej.
xekan ajkanle ajchak ibê¼.
ket ikonri achij abê¼.
sibê¼ alajitzel ubê¼ antajik richê¼ ilakan.
ri ateê¼k xum alty oxijcherir atiê¼t, rum alri utzal ajnoê¼j ibê¼ alxukê¼ utchech.
kkam ulix uchakri abê¼ ix.
laxin utzuk ujlet ij oxel?
areê¼k achak unr onojel qê¼ ij.
leekê¼ aê¼n at aqtzê¼ iê¼.
saqrij rip lam ux.
jas xaqê¼ iê¼ oxatij o.
jas rukê¼ xkich apwi utij iklerik il?
wekat atin rukê¼ kê¼ at anjaê¼m ank uqê¼ atejt alekê¼ akê¼ yabê¼ ilcoron avirus.
lakatbê¼ inp aleuxl anbê¼ al?
lawar alkê¼ uxixwaê¼ wi?
arelen utatk inl oqê¼ onik.
tajink chak unri ala.
kê¼ orikiê¼k otem alaw ukê¼.
xut ajach inkaê¼ ek.
xatwaê¼ ikxin wilo.
xtz aqri rach och rum alrij abê¼.
p alej unikê¼ chik arenim aqê¼ ij.
ekebê¼ ã ¤ mkebê¼ inp auwiê¼ rit em.
m emri achi.
riwik anch aliê¼yk elpaj uyubê¼ chw itzi ribê¼ al.
ler ajil, lap ajaxel aqê¼ axwuê¼ bê¼ ik?
paris uê¼tp isomwi rilej.
kojp etikk olqakê¼ am aê¼.
t ajink atchê¼ opin chi uwach rit aqê¼ aj.
leqê¼ orxchê¼ uqik.
kê¼ axwaê¼ im aw um al.
kinbê¼ is onch elewal.
sibê¼ alajkê¼ okê¼ riaw atzê¼ yaq.
kam ikx ujbê¼ eche utik ikt aqcheê¼p arij uyubê¼.
kin uloqê¼ ojlen ut at.
chaqiê¼j chik rich aj.
xyil ixhaw ayi.
n axnaê¼t ajtach kechi xeatinik.
rukê¼kê¼ uwaê¼w eriê¼, riixkkê¼ ojiê¼j unutz alajikê¼ aslem alriê¼ chki wach riwin aqchem anekê¼ otaiw ukê¼, kê¼ atekê¼ uriê¼m ankê¼ ot ajunwin aqriê¼ rajaw axikchi wech.
epetin aqp abê¼ eler achal axik.
kak ajleakê¼ al abê¼ kewaê¼ ik.
xujchê¼ aybê¼ ik.
rin uchak areqê¼ axeltzij.
kê¼ on arux labê¼ riaw aj.
t ajinkel loq, riqê¼ ij.
xuqê¼iê¼ oxkams axri rach alalch och.
rinum am arekê¼ ouqê¼ inom al.
xkê¼ ulmat ajjum ul, xubê¼ anjunnim al ajjabê¼, m anxbê¼ eyet ajtan axukê¼ isle uyuqê¼ chike.
amaê¼ rinutzê¼ iê¼.
jewaê¼k atp etik.
xink osik rum alx inchak unik
iwech chij ujun al, riwa.
xuqê¼ iê¼on axat atint aj.
inriqt ajin aqp arikê¼ ayibê¼ al.
nawetaê¼ mt aj.
kê¼ axlen uqê¼ abê¼.
utzle xubê¼ ijle achi.
kem atzê¼ ibê¼.
kê¼ orach alal patzê¼ olojcheê¼ rip eê¼l.
ronoj elwaê¼ wejast aqriê¼, xasks achwi uwach waê¼; rukê¼ weriê¼, riix, rajaw axikchekê¼ ojunty oxlajikê¼ aslem alekkê¼ ojiê¼ riichê¼ awem rukê¼ ridyos,
xmuqt ajrip atzê¼ an.
richê¼ ichê¼ tzij omkan oqp ariukê¼ olbê¼ al.
m ankê¼ ot auch olajp at aqriaw uj.
jachik eikê¼ le unim aqê¼ ijl etin amitn awal jaê¼?
xep etikx olkikê¼ am aê¼.
kach uqê¼ chut rijaê¼ chi ap am.
xinbê¼ ijiwir chi xebê¼ ep aarmit a.
areê¼ uxeê¼ ojertzij war alkê¼ icheê¼ ubê¼ iê¼.
xkê¼ isrin usiê¼.
j awixk ibê¼ ijwi chikeê¼ ewi?
â ¡ xajekê¼ uriê¼, jachint aqriekê¼ oparij udeê¼a, chich anim cheê¼ anim aj ubê¼ ipat aqrij uyubê¼,
kê¼ akê¼ ri abê¼.
lakê¼ ojunnak akê¼ oxom ajt aj?
n autzt aleutê¼ isom lealm ariy.
m anyaê¼t alt ajchi awekat okp aja.
jeê¼, xat utzuk uj.
arekelw ajxaq ibê¼ uqê¼ ij rixkê¼ ojik.
rixunk urkkê¼ ojiê¼p at aqrit riko.
xin sachik.
xut ê¼ uyubê¼ aê¼
n an utom t aletzijâ €<unk>
wachê¼ omrik iwarin oê¼s.
ekê¼ ojobê¼ chê¼ il wakê¼.
r ajawixik chip at aqritij obê¼ al,p anikê¼ ajubê¼ ixik chik
rir ajawr ulew areê¼t atkel.
wekê¼ uxokik, wekê¼n axokta
weachi xusipaj junpê¼ otchwe.
atat ut aqoê¼n leqê¼ at altzij.
naqê¼ ant auwach leqap rut.
rixaê¼rkê¼ op auwiê¼ riqê¼ aqê¼kp oqê¼ owik.
riroqê¼ ejri alij achakp ejun akê¼ al.
kê¼ ojun alap atij obê¼ al.
sã ¤ quwiê¼ rit at aê¼.
riw itzik ê¼t ajinkp eloq.
jawix sach onwikan uyaê¼ iklep waq che.
utzwe achiw exinkun anik.
qonojel kujwaê¼ pa uwiê¼ rim exa.
rik axlaê¼ nikm anp oqont aj.
inxinbê¼ erukê¼ riw achiê¼l.
sibê¼ alajjeê¼l xkil oxekitz oq opijrik ichij chil aê¼.
kinbê¼ inikx inê¼ ek.
kê¼ axkê¼ olik, kachaê¼.
kut ij ixim riakê¼.
ri alixch el, xuqê¼ iê¼ oxajunakê¼ xsip axche.
xqasikê¼ ijle ixoqch utzakik subê¼.
m at axabê¼ ins ajlechê¼ ichê¼.
rip ixtzê¼ ar alik rum alri eqaê¼n.
â ¿ j amp aê¼k el chi 3%
kê¼ ojunnukê¼ otoj chiê¼ aj.
t ajink ewaê¼k atri alabê¼ om.
xinloqê¼ lenukê¼ akê¼ ap oê¼t.
n autzak ikt asubê¼t ajinkuê¼ ano
xojut aqchiê¼ ijx ojwaê¼ ik.
iwechri abê¼ ix.
s aqrij richij.
ajsikche ritin amitk elwi rit ataê¼.
-â ¡ ay! x axintz aqul oq,kê¼ axwew aqan.
xkê¼ ulm at ajpaj unkom onchiê¼ uwach junjuy ubê¼, xuriqaj unqê¼ ijxki riqk ibê¼ junim ul rukê¼ lekok.
jas xat aqchiê¼j leakê¼ alch utijik?
xinchap os uxuloqê¼ o.
qê¼ inomri achi.
rikê¼ um ktij owrukê¼ kabê¼.
t ajink ejachê¼ anik.
tzebê¼ al ukem ikle pas aw um al.
arekayoê¼ wle uchik opil leubê¼ ant ajikt ryp anosom ab rucei.
wekat nim anik utzk elik.
per onoê¼j im al petn aql oq,.
arelen uchak juntz uqbê¼ alwibê¼.
xkun axleyaw abê¼ rum al leajqê¼ ij.
riukê¼ uê¼x tzê¼ ibê¼ paq atzijel aj uj.
sibê¼ alajjeê¼ likri eqabê¼ alxubê¼ anril uê¼s.
sibê¼ alaj atkon.
emanx orijup uqkej.
n axnaê¼t ajtachke xeatinik.
rikê¼ am albê¼ exubê¼ ijchike, chim ajari anim.
jum uchê¼ rin ujun abê¼.
qê¼ ipt ajin aqrir aqan rit em.
kchak unrukê¼ rij osbê¼ al cheê¼ ri ajanel.
xat aqchiê¼ jleakê¼ alch utijikk ar.
ojkê¼ op aleroê¼ ch leawel.
â ¿l akat peq ukê¼ ch weê¼ q?
l ewin aqp alechê¼ ichê¼ etê¼ uyul lowi.
xkan ajkan oqchi uxeê¼ rij abê¼ richê¼ aê¼n.
nim rija.
wet axakun ajleat atm at axkam laê¼.
nanukê¼ am omt uê¼l ariê¼.
ch qan ukê¼ uê¼ riq atzij.
kimbê¼ ep aletin amit.
xinqê¼ iê¼on axin atint aj.
rajaw axikkakê¼ am anch awele utijikl elej.
kê¼ isbê¼ alt aqnoê¼j ibê¼ al.
xineê¼ waê¼ oq.
xkibê¼ ankê¼ axche leuwos aqrum alm an utzt achikak ayik.
riqê¼ ut uê¼mm ank echt aleakê¼ al abê¼.
aren animt aleatzê¼ iê¼ ch uwach lenutzê¼ iê¼.
xep etikx olkil aê¼.
â ¿ jawchiê¼ xataê¼ chexk amri umam rip oê¼x?
ekebê¼ kekê¼ ambê¼ ikp at uj.
xinl oqê¼j unjap ariwok ajja.
ri axtuê¼ bê¼, kê¼ oqul ajchech.
jaskar ajkaê¼ anch utzak ikle tiê¼ ij.
xutij lewa.
ximbê¼ al retzij.
xp axribê¼ oê¼j.
wekaw ajkat intoê¼ oxaqxuwik abê¼ ij chiwe.
jasnukê¼ ukuchê¼ obê¼ o.
jaskar ajkut ijo?
xexrux labê¼ ririk il.
enitzê¼ aê¼ qlet aqim ul.
wetane inxinbê¼ anowik, arele ateê¼k xbê¼ anowik.
kintz alijp alen utin am it.
rin uchaqê¼ kê¼ op auroê¼ qê¼ at ojtij onikp aritij obê¼ al.
xinxiê¼j wibê¼ xinchê¼ awik.
kê¼ ochwaroê¼ ch lep are.
chir aqankabê¼ inwi rit at aê¼.
xsach onkan uyaê¼ iklep waq chech oja.
xinqê¼ axchik ixoê¼l riwin aq.
ketik onik.
ri ulewm anqech taj, kech riq atiê¼t qam am.
xep elewin aqx olkikê¼ am aê¼.
xuloqê¼ riw ujrum alri ali.
chew eqê¼ ijk amikkê¼ ojunn utzij onem chir ijlen utin amit.
k ejriê¼.
xkun an al aqch we.
kin usikê¼ ijlen un an.
riim ul xuchê¼ ijtaj, xkan ajp abê¼e, rum al rinim alkuj al ujri im ul, xutzaq ri anim.
kubê¼ anri uxoqê¼ oê¼l riajtzê¼ aq.
ril asibê¼ alaj utz chekun abê¼ al.
kê¼ ikiw achrieê¼ ajchak ibê¼ parik omonty ox,kê¼ atekê¼ utxaj unchi ajaw xel;
xqat achix atulik.
kaw ajchik at ê¼ek.
chê¼ utiê¼nk ekan ajrix ajabê¼ chech.
kaqaxiê¼j qibê¼ kaqach apo.
ekê¼ okebê¼ ukê¼ ajol let atxw an.
luê¼s ubê¼ iê¼ri recham.
ajchi uwiê¼m iqê¼ injaê¼ ril uê¼.
xinyak anlen uchim pakê¼ aybê¼ al.
kê¼ atexril o,xpe riun anche utzuk uxik, xkik otik, xus alabê¼ is ajrit aquxk in.
xkikê¼ utchi uwachri ajtij xuqujeê¼ chik iwach rit aqnikê¼ ajkach il.
utzlen uqê¼ abê¼.
kul lealweê¼ lp aaustin chaqê¼ abê¼k amik.
ri ateê¼k xtz aqloq arechikê¼ op auwiê¼ riqê¼ aê¼m.
ajpatan riteê¼k.
xatqaj chi upam ri il.
l akê¼ otzijn akikê¼ oxom ajt aj?
xsach onchke chi xeatinik.
ronojel le ulewech alaq.
l axebê¼ ekê¼ ulaxeê¼k ij aqakê¼ ule uchiê¼j a?
xaqkat chê¼ okn ajiwir.
kam ikkê¼ ochirij ast aqawe.
arechiê¼k akê¼ is rijun abê¼ kê¼ oqê¼ inom.
pan awal jaê¼xin alexik.
n axint at ajweare riakê¼ alk ixtz uquw ik.
â ¡ rulew ris abê¼ uloner ulewrin eftali, ubê¼ eripolow, rulew rijord an,g al ileê¼ akech rijet aqam aqê¼!
r ax,r ax,r ax,kê¼ okê¼, kê¼ okê¼, kê¼ okê¼ lerux labê¼ let aqtik oê¼n.
achix atwil o.
p aqalr ajil lep ixkam ik.
xojbê¼ inik.
p ajunjeê¼ ltij obê¼ alkutij ojribê¼ junakê¼ al,ubê¼ iê¼p oê¼x, utzku rilokep atij obê¼ al ronojelt aqqê¼ ij.
xwaj chix atê¼ et aj.
utzl aê¼l exubê¼ ijle achi.
wetaê¼ am jachink apetik.
kin qê¼ ojom anik.
xinqê¼ iê¼ otakê¼ alikx inp etik.
areê¼ret aê¼m chek inop anik.
aret abê¼ aleq aqaj awch att oê¼wik.
kawin aqwaq ibê¼ qê¼ at aj.
n aqajchik che riuw aqkajbê¼ al aret aqchiê¼k sach uwach riqê¼ ij,kok riqê¼ equê¼m ch uwach ulew, chikê¼ ateê¼n aribê¼ el ejebê¼k ajbê¼ al.
j obê¼r aqan ritzê¼ alam xep oroxik.
sibê¼ alajk orij rim op.
arewaê¼.
jelaê¼p arit iminit chwik abyok rech xelajuê¼, leqan anqat atkak itik ojeê¼l alajt aquwach ichaj.
kê¼ axn uqul.
xuê¼l ukê¼ am aê¼.
koj ulkitz ukuj.
arem ankê¼ axtaukun axikaret aqanin aqkaê¼ ilit ajwey abê¼ ilal xuqujeê¼m oj oê¼qak uyaê¼ lekê¼ axkê¼ olil chech lej olom aj.
riw elkê¼ op atij onik.
kaw ajkinbê¼ ij.
rik otzê¼ iê¼jk qak ojchi upam rija.
qê¼ eqqê¼ ojrij riam aê¼k ej.
n axwajt ajxin chê¼ awik.
chpet abê¼ alel oqê¼ alajj abê¼.
xsach onchk exatki sikê¼ ij.
eleqê¼ al chê¼ ichê¼.
jachin xawil ochiare xtij owrit iê¼j?
mat akabê¼ elenuxbê¼ alp aletin amit.
pim ruq, ri ali.
â ¿ kê¼ orim uqê¼ echi awech?
kqabê¼ ijm ankek owint aj.
kint ijna.
kê¼ ojun qat ê¼ uê¼yp aja!
kê¼ op ujchi up am richê¼ aê¼k.
aret aqkink osikk inw arik.
xatwaê¼ ikxin wilo
in xinchê¼ ayowle achi.
konojel rial axikkeê¼ etzê¼ anik.
jasrukê¼ xkit ijw ilek irik il?
anin aqil kat petik.
nar axt auwach lej uyubê¼.
ritzê¼ al amtzê¼ ibê¼ abê¼ alraxkk ayik.
wech atchak unik, kê¼ oawa.
m aê¼t amxat peche riwaê¼ im.
kam ulkin waê¼n a.
risik ilk tij owrukê¼ ik.
kimbê¼ eaqê¼ anrukê¼ lealt alin.
xojê¼ ekxeê¼ qil alar qas ok.
xekiqê¼ il leajchak ibê¼ xkiw okl eja.
m at anexw ajlekê¼ uhjnem rukê¼ le ateê¼k.
arexeê¼ op anchi uchiê¼ rij uyubê¼, xkil ochim anq astakê¼ oqê¼ ayes.
kê¼ atekê¼ ut, rijes usm ankkoj ontachk echrieê¼ areê¼, rum al rech chek onojel ret aê¼mk iwach,
paê¼tz rij ritzê¼ iê¼.
juwin aqwaq ibê¼ qê¼ at aj.
atelaqê¼ om.
xaqatj oê¼s.
riqê¼ atzu, areqê¼ alajri uqê¼ ijil.
ajchakwe ala.
ubê¼ elej ukakê¼ altaq anik( 29).
kebê¼n ubê¼ iê¼kê¼ olik.
lakatz alijl uê¼l aanin aq?
katzuk unl achwe.
l akajlak ojbê¼ eê¼p alech om alch weê¼ q?
xinn abê¼ ejch utasik qakê¼ olibê¼ al.
lal xintoê¼w ik.
sibê¼ alaj anoê¼j ibê¼ al.
xojpet ikxol qakê¼ am aê¼.
sibê¼ alajjeê¼ likri uwaê¼l ri ichaj.
kê¼ axwij rum alinp ach alik.
aret aqxukê¼ ulmaj waê¼ xul riuch om anik xubê¼ ij:a reutzwa aqê¼ abê¼k inw alijik, arechaê¼ ch animk inop anpatij obê¼ al,m ajchik inkê¼ ulmaj.
oj ajx ojolobê¼ p aaw asqê¼ ij.
xins achche leuw okikl etzij.
ejulaj ujriakê¼.
xut ajam paê¼k ojê¼ ek.
q ilik.
ritij oxelman aretan imch uwachrir ajtij. ri utztij oxel qasje riê¼kê¼ olikj asrir ajtij.
inxat inchê¼ ayo.
noê¼j im chak wum al.
chê¼ urrij ochê¼.
ink inbê¼ ijnak at sacht aj.
ujm ayabê¼.
riabê¼ ajyatz alik.
t ajinkep ixbê¼ axriakê¼ al abê¼.
ch omri aq.
xinw arik.
elemenk onojel riakê¼ al abê¼.
t ajinkqê¼ an arik riwe reê¼ aj.
leukem iklep asutz( chawe).
xuyup ubê¼ auwach raê¼ chi, kachaê¼,.
ris atanask okp arijud as rikbê¼ ixiskariê¼ otech rech, riareê¼j unchkix oê¼lri ekabê¼ lajuj.
chuch urip ar.
kin qum ujrin ujochê¼.
chechp unciã ³nl umbar am aqê¼ elrajaw axikchech rilik leukê¼ exbê¼ emwil enabê¼ erukê¼ leukabê¼ ukê¼ ut uneml eyabê¼ ilal.
qê¼ al ajchin akaw ajt ajkabê¼ ij.
kê¼ oqê¼ ol chi rij risiê¼.
j awix ojê¼ ewich uloqê¼ ik?
kê¼ oulochê¼ rit alin.
qê¼ anrij ri atiê¼tn ukej.
laxtz alijla iwir?
xesikê¼ ixik,kê¼ atekê¼ uriê¼ xey ajik, xuqujeê¼ xet aqbê¼ iche usikê¼ ikl emes.
l akixw arik?
arekê¼ ulep alom axxubê¼ ijche: -m amk atbê¼ is ontaj,k insikê¼ ijnikê¼ ajwach iê¼lk erap apik.
aê¼ reetij oxelabê¼.
ri alajal isiê¼l xubê¼ ijxqa chapp autzal rity ox.
xsach onchk ejachin xeatinik.
jasxuray ijlean an xutij o?
xink osik.
r axr onojel riqê¼ ayes rum allej abê¼.
kin yawaê¼ wechê¼ ichê¼ pin emn autz.
noê¼j im up achê¼ uxiklen uwiê¼.
n ajkê¼ owil ewoê¼ chch uwach letij obê¼ al.
ri okibê¼ alkê¼ ochi uwach ris aqja.
xenut aqchê¼ ijkek il leakê¼ al abê¼.
kê¼ ojunqê¼ oxowem chiwe.
tza richoê¼m.
wech ojbê¼ ep alenim aqê¼ ij,k eqil leajxoj olobê¼.
xojê¼ ekxeê¼ qil alar qas ok.
ri ateê¼k xutaê¼ chech rin antoê¼n: -n anjas cheê¼ chim ank ajtal aqakê¼ atis ajrij oê¼q.
rip al sibê¼ alaj xuê¼y.
kink ojrij okbê¼ al ulew.
ink inbê¼ ijnak at sacht aj
atrajk unlen un an.
kuqam ujuj oronri ajtzij.
l uê¼tzê¼ alam ubê¼ iê¼ riachik elp anim cheê¼.
jeê¼lik utiê¼j olal ris aqk oê¼r.
kê¼ ojunxaê¼rp aja.
xinloqê¼ junkê¼ akê¼ pat an.
kê¼ axukem iklep as awum al.
anin aqukem iklep as awum al
richê¼ aê¼ns achin aqpat aqabê¼ ix.
r axt aqlek otzê¼ iê¼j.
mes omkan oqri up am ja.
man aretar alaxk osik.
rik omon xechp uprech uqê¼ abê¼ tin amitx oê¼l abê¼ ajrech qê¼ um arkaj.
lautz akikkê¼ us ubê¼t ajinkuê¼ ano?
katel a!
na xutijt aj.
xarum alket aê¼mk onojel riwin aqkki qum ujlej aê¼.
iwir xujtz alijlap akê¼ aybê¼ al.
qetaê¼m che riq awak ujutoê¼ o.
riajt ij,k yaj onchik ech riakê¼ al abê¼.
jas ubê¼ anom len uchê¼ utit at?
ch weê¼qk inbê¼ ep anim tin amit.
utzwek iwet aê¼m ajj askubê¼ ijrich olbê¼ alqê¼ ij.
t ajink atjil owche uqê¼ oxomj olom aj.
xintik qê¼ axchi uwach rija.
kê¼ axlek ibê¼ elewin aq.
loqê¼k atk untaj che leyabê¼ il( covid- 19).
rin uxibê¼ alk elp aqajbê¼ alqê¼ ij.
xril riaxw anchix waê¼ ri ala.
leal ixkun at ajik.
wet akapel ejabê¼k amik.
xinwet aê¼m ajchin axatpet aj.
rip waqrech weqê¼ at ajriê¼kes axchech rit ojbê¼ alkê¼ ayin em.
kt ijri uwaê¼l ik rum alrik inim aqê¼ ij.
xuchap ukun axik.
chat anl oqali.
xinxuliê¼ qaj oq.
jeê¼l ikk tij owrit aqik ox.
kê¼ atekê¼ urilet atxoê¼r xubê¼ ij,m ankaw ajt aj,m ankaw ajt aj.
kê¼ oj untzê¼ iê¼p abê¼ e.
kam ulxin peche atzuk uxik.
mant ajintak inchak unik.
kinchak unik rechk atwaê¼ ik.
jasrukê¼ xawil wich ixkiq upij wil etiê¼j.
jas ubê¼ ixikâ €<unk>?
koqê¼ riakê¼ al.
kaw ajnakat ê¼et aj.
xatqê¼ ajik.
wemn achal oqê¼ axiy al,nak imbê¼ et aaw ukê¼.
xop anlew ujaw ukê¼ rum alwech in.
arekê¼ utp alej uyubê¼ kkê¼ iyj oron, chil aê¼xek ikê¼ am awi rijaê¼ riwin aq.
koqê¼ riakê¼ al.
wekê¼ oar ajil chakê¼ am aloq.
aresibê¼ alajk aqleap oê¼tch uwach lenup oê¼t.
xinkê¼ ast ajpak abê¼ laj ujkajbê¼ al.
kaq oyê¼ ejnak ixpet aj.
kok axim richij xajelaê¼m ank anim ajt abê¼ ik.
rik oknoj im xbê¼ ek, xuchê¼ ij oxop anp aukê¼ isbê¼ alille anim.
x ojkiê¼k otik aret aqxat ulik.
kaq itzê¼n ajri uxajabê¼ riakê¼ al.
rijes usk waê¼k atp arinim rach och ridyos, chuxeê¼ rij unjache rach ochris alomon.
wet aqanik riê¼k ubê¼ ijchir ajawaxikk yaê¼ uqê¼ ijriwin aqxuqujeê¼ ktoê¼ anin aqil.
ri axux aren ariuk unel rikin aqê¼.
aret aqwaê¼ ri uqê¼ ijol wet aqanik.
kê¼ ojunt abê¼ alp auwiê¼ rix kan ul ubê¼ iê¼l aj ujnoê¼j.
yuê¼l ubê¼ anom riuk olobê¼ rik ej.
xanim ajriakê¼ alchi uwach riuch uch.
kkun anri achi.
kinwaê¼ ik rechnak inyow ajt aj.
ajxikchê¼ ichê¼ ril uê¼s.
kw ajche ixkixbê¼ anowik.
aê¼re xetoê¼w alaq.
xojê¼ ekxeê¼ qil alar qas ok.
xinl oqê¼ junchê¼ ichê¼, qajin aq uwach.
kutê¼ is rip ant alon.
ejanip aleaw alkê¼ walekê¼ olik?
utzukem iklep as chawe.
rim axareajqê¼ an iyaê¼.
mat abê¼ achi riqkê¼ axp alebê¼ e.
t ajink anim aj, rim eê¼s.
ixixeê¼ laqê¼ om abê¼!
xsach anchwe.
ekê¼ okê¼ icheê¼, chi uwach rij uyubê¼.
arewaê¼ rinim alajp ixabê¼ earewaê¼ rin abê¼ e.
xretaê¼m ajchi rukê¼ p akê¼k utijwi
jas utzak ikles ubê¼ xuê¼ ano?
ajxoê¼y riw ikan.
wet aneaê¼re xetij owlerik il, arelek omonx etij owik.
sibê¼ alajanin aqkachê¼ awleareê¼ chin uwachin.
utzwek inchak uj.
m eê¼ slaê¼.
kê¼ okanwa rechk aqat ijo.
xinsikê¼ ijla.
riakê¼ al xsachkan oqjel aê¼p at aqê¼ aj.
xesikê¼ ijla.
j awixk ibê¼ ijwi chikeê¼ ewi?
rum alche, manixt ariê¼ rik ixchê¼ awik, arerirux labê¼ axel riit atriê¼ rikchê¼ awnaiw ukê¼ riix.
kê¼ akê¼ riw ach och.
sibê¼ alajutzk inwil leatzê¼ yaq rechn ahuala.
s aqp orkk ayrik ip oê¼t rin an.
xsach onri nuchak chwe.
waê¼ im xuchap o.
riqê¼ aqê¼t ajinkaj ul uwik.
n ajil upam ri siwan.
ekê¼ oriq achal alpa chi uwiê¼l a.
jas xat aqchiê¼j leakê¼ alch utijik?
noê¼j im ukem iklep as aw um al.
kê¼ ojunkuk ubê¼ iê¼t intin, waê¼l elajkukm amkaj eqit aj,kap aqik axulikp auwiê¼ uqê¼ abê¼t aqcheê¼, sibê¼ alajsakê¼ aj,keê¼ utole enim aê¼q, chê¼ utin, rachiê¼l, ajsip anel sibê¼ al ajutzr anim aê¼.
riup ixabê¼ leqê¼ atbê¼ altzijk iyaê¼ ubê¼ ixik.
naxs achont achke xeatinik.
xeqil lechik oppuw ileja.
xloê¼t ajriakê¼ al.
qonojel kujwaê¼ pa uwiê¼ rim exa.
xsikir lewaqan.
la xatwaê¼ kê¼ ut?
nim ubê¼ aqê¼ rit ul ul.
kinxikê¼ ikê¼ ikxin qê¼ axik.
lakatbê¼ ep aletin amit?
rip al sibê¼ alaj saqê¼ or.
kqê¼ oxown ujal om.
xinnaê¼ ochik atpetik.
xloqê¼ ulewiw echix.
xinchak unrukê¼ rin um am.
n axqabê¼ ant aj.
kkê¼ ojiê¼bê¼ aê¼ri usip anikri ajawxel jesusk rist orukê¼ riaw uxl abê¼ al!
kinchê¼ awrukê¼ len un anp alechê¼ awebê¼ al.
sibê¼ alajqê¼ equê¼m rum al rim ay ul.
areleb axulik.
xekosle ixoqibê¼ p al ebê¼ e.
kê¼ axrilik leakê¼ al chawe.
xinqê¼ iê¼ oxin atinp ajoron.
sibê¼ alajnim letin am it.
kê¼ axukem iklep as awum al.
xin sachik.
t ajinkel ukikê¼ elpar aqan ritzê¼ iê¼.
xinwet aê¼m ajril ikwibê¼
riqê¼ uqê¼ arej unjeê¼l chik op.
kê¼ op ajat ijobê¼ al riwik aqê¼.
ris achibê¼ almakr ajwaxik chiq axoê¼l.
jeê¼,k imbê¼ ek.
jelaleê¼ rin upwiê¼.
xubê¼ ijche: -jas xabê¼ anotint in?
kabê¼ anj unt oqê¼ obê¼k yak rin ujal.
kat ê¼ekx inta.
jas leukê¼ exbê¼ em ribê¼ lejunrukê¼ lej unchik?
ajchi uwiê¼m iqê¼ injaê¼ ril uê¼.
rit ijonel n ajkpe wi.
teê¼k ixch obê¼ ubê¼ iê¼rin utat.
rijaê¼k am iqê¼ ikchi uwach riqê¼ aqê¼.
ritê¼ uê¼y kp aqê¼ owik.
kinmes onna.
n aqaj atkê¼ owichi wech.
xinbê¼ isonikt aqn axatp ettaj.
wexkam riwin aq, rip waq recht ojbê¼ almak ajkyaê¼ chik echrir alaxik.
rinun anxbê¼ epakê¼ aybê¼ al.
x ojukê¼ am ul oqrechk ojrilo
xkê¼ otoch inchik iwach chik inwaê¼ aw ukê¼.
n axkik ams ajt ajxkikê¼ ambê¼ ich oja.
kê¼ akê¼ riikê¼k amik.
ximbê¼ erukê¼ leajk uniwir.
rilik.
letzê¼ iê¼xek osik.
xinkik otaw um al.
riim ul xum ajri anim, xuy akanlek ok.
kê¼ oojche riakê¼ al.
xujbê¼ ep ajunkê¼ ul anem.
utzw ekwar al aq.
kaqil ochin akoj ukê¼ amt aj.
xretaê¼m ajchi rukê¼ pakê¼ kut ijwi.
sibê¼ al ajxinkê¼ aê¼n arik.
xinkoch ijrin uwa.
m ankatk owint ajkat chak unik, wem ankê¼ otari ajil abê¼ al.
wewon onxubê¼ ijchik e:- kix into.
ri alanim kril wiri um am.
xkaê¼y chirij, xkaê¼ ych uwach, makê¼ otachij unksil obê¼ ik, xoqê¼ik xuxeê¼j ribê¼ xchê¼ opinik xtz alijl oqxu riqt achik riubê¼ e.
kê¼ op usche riwa.
pin emnak abê¼ elew atz,k imbê¼ ewi inp akaê¼ yibê¼ al.
rin antoê¼n nim win aqchik, s aquwiê¼, ronojel aqê¼ abê¼ utz kunaê¼ okatê¼ uyiê¼p autem, kumiqê¼ is ajribê¼ cho riqê¼ ij,kê¼ ojunuwiê¼ umam ubê¼ iê¼ ateê¼k.
m anekê¼ it ajriq ulaê¼.
qê¼ al ajchin akaw ajt ajkabê¼ ij
xp aqabê¼ is axr ajilron ojelrik em.
kê¼ op arij ul rik um atz.
r onojel qê¼ ijkin chê¼ ajlen uware.
s aqchik anle ichaj rechk atzako.
ch uxel eqach om alkaq atij wij unqam eqê¼ in.
ch awil aê¼.
ekê¼ ojobê¼ umiê¼ al,rin ut at.
jasrukê¼ xaw ilwi
jeê¼j asriwin aqrechri uwach ulew, xoqujeê¼k epen ariê¼ rieê¼ areê¼ che erechri uwach ulew; jeê¼jas riwin aqrech rikaj, xoqujeê¼ke pen ariê¼ rieê¼ areê¼ erechrik aj.
xintijo.
ktzê¼ ujuwri rach ochrip oê¼x.
xuqê¼ iê¼ oareleukê¼ ulel xyaê¼ ow uwa.
riawel xret aê¼m ajchir ajaw axikm ank uxejt aribê¼ cherit ukur.
jukê¼ ul ajwin aqxeê¼ anim ajbê¼ ik.
jeê¼, xintz alijik.
xojpet ikxol qakê¼ am aê¼.
m ajjach inxê¼ ek.
in ajtij ;at tij oxel.
saquwiê¼ rit ataê¼.
wechrik em.
leroê¼ chle ateê¼kkê¼ och wach leukê¼ aylen unan.
kbê¼ ep aris iriê¼ aep aris ilisiê¼ a,jaw ijeê¼k uyaw irik ich uqê¼ abê¼ rik omonty ox.
pix abê¼ :m an utzt ajkê¼ axkujchê¼ awchik ijnikê¼ ajqach il.
xkun at ajleali( kum al riix oqibê¼ ).
rixibê¼ ibê¼ alchikê¼ owip at aqriq akê¼ aslem al ronojel qê¼ ij.
nakujw artawar al.
onchekkê¼ ojiê¼ri utzil chix oê¼l, arech junam riqak ojonik, jun amri iwech ixrukê¼ riw echin.
p aoxqê¼ ijris aê¼nkbê¼ en arukê¼ riajk un.
kawin aqw uqubê¼.
jaskaw ajkint ijo?
wet axatbê¼ ewukê¼ p aletin amit, xaloqê¼t alaê¼le ujast aqleakê¼ ajol.
kebê¼ ep awaê¼ im.
xin loqê¼ kê¼ iwa.
p ajunnimkê¼ acheê¼l aj,kê¼ ojunkê¼ waê¼ sibê¼ alajs aql oloj, nim uwach.
kw ajkat ijj ubê¼ aê¼wa.
ronojelw inaqk riln ariuk olonem rid yosâ ».
xkê¼ otoch inchik iwach chik inwaê¼ awukê¼
kw ajnakat ê¼et aj.
laxal oqê¼ jun alej?
ekê¼ ori eloqê¼ om anel.
riukabê¼ ubê¼ iê¼rin um am arey ay.
kinj opijri ijaê¼ recht riko.
xnaê¼t ajchke xeatinik.
xateê¼ qilaê¼.
kakit ijal anxax riwin aq.
...k inbê¼ ijchi arewaê¼s inxiê¼ an.
n axinn abê¼ ejtach utasik qakê¼ olibê¼ al.
rum al rech chew eriin,k inchê¼ awrukê¼ ridyosp achê¼ abê¼ al,k chê¼ awnakê¼ uriê¼ riw uxlabê¼ alrukê¼ ridy os,kê¼ atekê¼ utm ankê¼ ot aupat anriê¼ ch rechri nuchom abê¼ al.
xepetikxk ilo.
xut awekat ê¼ek.
utzukem iklep as chawe.
rin uwakax xutijj unqê¼ oqê¼ rum alriê¼xk amik.
rum alrikê¼ ix,m ank ewaê¼t ajriwin aq.
xeê¼ ulik.
qê¼ eqrij riam aê¼ chij.
xrajkaê¼ eleun an.
junam kij un abê¼.
naqê¼ alajt ajwekaê¼ ek.
riw ixn amchê¼ ajchê¼ ojri rach och.
war alm ankê¼ ot ajaj awal.
naiwirt axril lekê¼ am olbê¼ e.
xinp eloqte kê¼ uriê¼ xintzuk ujron ojelrin ur ajil.
ri ajtik onelk utik ritzij.
kê¼ oekikê¼ ajol leachij abê¼.
kutij qê¼ ayesri ixpaê¼ ch.
pariw aê¼bê¼ alekê¼ okawin aqachij abê¼.
sipojin aqrin up am.
kayaê¼t ajikrukê¼ utiê¼ onem jun riuriq oml eyabê¼ il amolot setsã © xuqujeê¼ arek ayaê¼t ajpat aqrij uyubê¼.
jachin ria chi?
rin um amxk amik aret aqkê¼ ojum uchê¼ laj ujujun abê¼.
kink owinikk inkê¼ ambê¼ ilep waq.
kinw il ochi utzri ajiê¼.
xinqê¼ il riap oê¼x chem ank achak untaj.
kwaê¼ chi uwach let aqê¼ ajriam aê¼ akê¼.
riim ul xep oqê¼ ikp aj unikê¼.
xkê¼ iskan oqriq achak.
areri alix ojilowkan oq.
sibê¼ alajchê¼ uê¼j riam ax.
kê¼ onuwa chiê¼.
inch ajinel kech leakê¼ al abê¼.
xek osletzê¼ iê¼.
kinbê¼ enak ukê¼ rim ol aj.
ronojel aqê¼ abê¼ kin yitzê¼ riw akax.
kar ap inikx utzuk ujchij unaw aj.
leukem iklep asanin aq( awum al).
m ajur ajil leqê¼ abê¼ arel.
kê¼ axriê¼ rik achê¼ awik.
xojut aqchiê¼ jlea chich uloqê¼ ikich aj.
sibê¼ alajkê¼ axrixkê¼ ulm axik.
xkil ochin akinkê¼ oxom ajt aj.
xnaê¼t ajchke chi xeatinik.
xkê¼ otoch inchik iwach chix ojalwoê¼ qak ukê¼.
junqê¼ uê¼qr ajilrik axlaê¼n wa.
xinwil ochixeê¼ elik.
ekê¼ oix oqibê¼ p alekê¼ aybê¼ al.
m ankê¼ ot ajukê¼ isik rim ayabê¼ ajlabê¼ alil.
risinkkê¼ iyp at aqê¼ aj.
richê¼ im am ankkê¼ iyt ajpat aqê¼ aj.
rajaw axikkj ikik riw aqã ¤n.
kaw ajkin ê¼ek.
ekê¼ ooxibê¼ akê¼.
xubê¼ ijch wej awiatkê¼ owi.
chweê¼ qk ujbê¼ eê¼p am uquj.
pas aqkê¼ aj aê¼kbê¼ anwiri uq.
xojkisikê¼ ij.
xinwil wibê¼.
chaqê¼ chik riwa.
kimbê¼ enakap alewoê¼ ch.
kaw ajkin ê¼ek.
richê¼ uê¼k tij rukê¼ lej.
parik iqê¼ ijk amin aqibê¼ kbê¼ anqê¼ orikê¼ yaê¼ rech aj:n abê¼ erinank utzuk ujkan riaj, kujachê¼ oê¼ xuquje kukê¼ eto.
j askajbê¼ alch anim?
utzuch om anikri ali.
p ariqê¼ ij oxlaj ujtij axkinkê¼ iskebê¼ jun abê¼k inchak unwar al.
sibê¼ alajko, rikê¼ akê¼ chê¼ at.
jaskar ajkubê¼ ijâ €<unk>?
richê¼ ichê¼k asil abê¼ ik.
p aojerqê¼ alpul xaq xuwi rinim win aqkekê¼ am owbê¼ e.
leukun axikle ukabê¼ ukê¼ utunik arerukê¼ eflor nitin aonut unibê¼ axiklenif urtim oxchiê¼l eflor nitin achecht .b.g.
areri achix inchê¼ ayowik.
junachi ubê¼ ikuê¼ xusip ajkebê¼ kê¼ aê¼m ulew rechk abê¼ anritij obê¼ al,k amik,kê¼ ochik ajtij rechrik omon xechpup.
xum alty oxijcheri ajtijr onojell exukê¼ utchi uwach.
paribê¼ exkir aqjun al ajim uls aqrij, xkikê¼ ambê¼ ik.
xril lebê¼ aleala.
j askubê¼ ijch we?
leukun atajem arerukê¼ utzuk uxikle uchik opil paj unusolik uxeê¼lek ikê¼ onlejaê¼ rech junnodo.
utz wen utzê¼ iê¼.
jeê¼,t ajinka chap onik.
kin uloqê¼ ojlen ut at.
kaw ajk imbê¼ ep atin am it.
arelaê¼k inchak uj.
rinim aê¼qt aqwin aqkê¼ oket aê¼m abê¼ al.
wet axatbê¼ ewukê¼ p aletin amit, xaloqê¼t awaê¼ wejast aq.
rikikê¼ aslem al.wa ixim ulew xaj unchim aaret atin imit rima
riukê¼ yabê¼ alnaj up am.
xatqaj chi upam ri il.
nojim kat waê¼ ik.
wekê¼ ojunkt uqaê¼ rik,â ¿ lam an xoqujeê¼t ajkint uqaê¼r ri in?
oj ojwok olja.
awaskbê¼ ankê¼ axchej unnim win aq.
xinchê¼ awap anrukê¼ lewan abê¼.
kê¼ axriup am rij uê¼l.
tajin kewaê¼ ri im ul.
lak ajlak ujtz al ijlaanin aq?
rum al rech che rim akajm ankê¼ otauk owinemp iwiê¼ riix: riixm anixkê¼ otachi chuxeê¼ ripi xabê¼, xaneixkê¼ ochuxeê¼ risip anik.
nim raqan lecheê¼.
xinch apo.
arelet uê¼r leloqê¼ om anel.
xask atkê¼ ojiê¼ chi upam richê¼ ichê¼.
sibê¼ alajnim raq anrikê¼ am albê¼ e.
letzê¼ ibê¼ abê¼ al wechin.
in xintoê¼ wla.
xajekê¼ uriê¼ riixk amik riê¼m anixk axl anwin aqt achik; riix,ix rechrik itin imitri etyox lajt aqwin aq,ix rechri rachoch ridyos.
xintik oxlajkê¼ alich aj.
kaqari qqibê¼ ch weê¼q.
sibê¼ alaj utzche riwiê¼ ajrit uney.
wen ajup ulikt axeqaj ik...
xintoê¼t ajcherin uchak.
kê¼ ojunchik opubê¼ iê¼p um.
p oqonriik.
xojbê¼ inik.
xuchê¼ekr onojel leret am anikxp aq iê¼kkê¼ axkwê¼ inikx ubê¼ an ajkun.
kel ubê¼ ikpa rijudeê¼ aektz alijchi ubê¼ ij um ulp arig al ileê¼ a.
xin axibê¼ ijp abê¼ e.
jeê¼lkê¼ olemchi awach och.
ronojel riyaê¼t alilp aweqê¼ at aj,tzê¼ aqatk iwach, m anktz aqtak anoq xuqujeê¼m ankt astaj.
xukun ajleyaw abê¼ leajqê¼ ij.
chit at abê¼ ejjaslek imbê¼ ij.
chê¼ an al riachi.
p abê¼ okoê¼k achak unwi rit ax.
ujkê¼ op auw uqqê¼ ij.
kiê¼ ri ukabê¼ ri aqaj.
kê¼ orach alal patzê¼ olojcheê¼ rip eê¼l.
xkil ochik inkê¼ oxom aj.
riukis akê¼ utzk yaê¼ ikchi uxeê¼ ritik oê¼n.
aret aqchiê¼k aqê¼ anpuwiê¼ rij ukubê¼, riach ichexkê¼ ojiê¼ri itzel uxlabê¼ alrukê¼, kutach rechri areê¼, arechkkê¼ ojiê¼ rukê¼ riareê¼.
nakabê¼ ant ajtaw um al.
xnaê¼t ajchke xeatinik.
xinpaj rin ut riko.
xeê¼ okrip okê¼ p ari umex aripoê¼x.
kaj uluw ri aqê¼ aê¼l chi uxeê¼ ritê¼ uê¼y.
awech leja.
xujbê¼ ep atz urik.
nabê¼ exatop anik.
riukabê¼ ubê¼ iê¼rin um am arey ay.
uwaj xaqukakê¼ alt aqanik( 28).
mat akê¼ ojunkak an ajkan oq,q onojelk ojbê¼ ek.
enim aê¼ qlealtom abê¼.
nim uwachrip oê¼t.
k ojonikp ari utzij wa ixim ulew.
jas xukê¼ ambê¼ iletzê¼ iê¼x awilo?
xinp etik,t at.
ribê¼ elaj uwach.
chit at abê¼ ejjas rik imbê¼ ij.
jeê¼l kunaê¼ ri abê¼ ixchi upam riq uqulew.
kinbê¼ is ojuwach lewal.
xutê¼ uyubê¼ aê¼.
nimri aweq eleê¼nx ariqo.
xineê¼ waê¼ oq.
chiê¼k ewarwi leakê¼ al abê¼.
rin umiê¼ al xut aql oqjunt aqoê¼m wuj chiwe.
qê¼ eê¼lik, rich ajp aribê¼ e.
lautz awach? - utzm alty ox,ekê¼ uriat? â €<unk> utzm alty ox.
xinkos rum al nuchak.
kbê¼ ekukê¼ rieê¼ areê¼ ektz alijp arin as aretekeê¼ unim aj.
rij ojxukê¼ ambê¼ ikri akê¼.
kê¼ ochiw achiê¼l ch anim.
kubê¼ ijch echn aê¼l kabê¼ ancheri atzê¼ ibê¼.
e... ink awajk atzj ojbê¼ il achwe.
mat axiny ajle ali.
jachin rukê¼k atbê¼ ewi?
kê¼ osibê¼ alajet aê¼m abê¼ alp arim ayabê¼ noê¼j ibê¼ al.
emanx orijup uqkej.
kas um um rik aq iqê¼.
ekê¼ okajibê¼ akê¼ alabê¼ p alebê¼ e.
jeê¼jas riut atkkaê¼ yik.
xaqatm ol oneltzij tal.
lenut atkal oqê¼ onchwe.
xaqtanek imbê¼ eiw ukê¼.
xretaê¼m aj uchê¼ ajik.
rum allaê¼xk ojâ €œ xalqê¼ atâ €  che ubê¼ iê¼rik omon.
areleuk emikp asxret aê¼m aj.
riw atiê¼t kubê¼ ann ariup atan.
kê¼ akê¼ lep oê¼t.
ret aê¼m uwach jachin xloqê¼ owrip as.
kenchê¼ abê¼ ejleakê¼ al abê¼.
yaê¼t al chaqeq onojelri ujwin aqutzk aqil qibê¼.
xkotiê¼p aqê¼ ayes xoqê¼ ik.
kawin aqbê¼ el ejebê¼ qê¼ at aj.
ekê¼ okajibê¼ ral riim ul, juns aq, junqê¼ an, junqê¼ eq, junqê¼ eqoj, sibê¼ al ajketzê¼ anik, kechê¼ opinikri alajt aqim ul.
kch ololri achach al.
ketekik riikê¼.
xep etik rech kewaê¼ iw ukê¼.
tz atzri uqê¼ anil riakê¼.
x ojtz alijik xixeê¼ qaqê¼ at ujkukê¼ leit atin an.
riyoê¼xt aqakê¼ alabê¼k ekikê¼ uxri atzê¼ yaq.
weachiwe xusipaj junp oê¼t chw exk amik.
kk owinrik un anel chekun anik.
xjiqê¼ parip olow.
xarum al sibê¼ al ajrajaw axiklel oqê¼ al ajjaê¼, lewin aqxkibê¼ ij: chewe ikê¼ riê¼q onojelk ujbê¼ eche utikikt aqcheê¼.
riun aneri erach alalkep eul oqrukê¼ riareê¼, kê¼ atekê¼ uriê¼,m ankek owint ajkeq ibê¼ ukoq rukê¼, rum al rech cheekê¼ osibê¼ alajwin aq.
rum al rech, chem ankê¼ otajunkk owincheuk ojikj untik ibê¼ alilchik ch uwach rikoj omchik cheare rijesusk risto.
tekê¼ uriê¼ xutzê¼ ibê¼ ajribê¼ p arinim al ajtij obê¼ alrech ajkuê¼n.
kaj uluw richê¼ umil chaqê¼ abê¼.
kê¼ isbê¼ alkan oq, xoqujeê¼kk amri ixoq.
lealaxok ik.
kê¼ opw aqpa uwiê¼ rim exa.
arekaw ajnakin ê¼et aj.
riyaw alkuk ojri alichi uxeê¼ rich akacha reusuê¼t.
nak aqakê¼ amt uê¼bê¼ ik amik.
riajt ijkubê¼ ijchik e:r ajawaxikk eqach ajijri awaj, areutik oê¼nri ajaw.
xintijm ukuniw ir.
kê¼ axle uwiê¼t aqlen uqê¼ abê¼.
xinloqê¼ jun ilbê¼ alwibê¼.
waê¼ weqê¼ ij,n im ubê¼ ant ajik.
riuxeê¼ alriq atin amitm ankas acht aj.
xojbê¼ inik.
riach alaljun amki wach.
xinwet aê¼m ajril ikw ibê¼.
nim ri unaê¼oj wajt ij.
miqê¼ inrikê¼ ul.
ajqê¼ ojomri ateê¼k.
cheles anik cheê¼k bê¼ anwi riqê¼ oj om.
kapel eawelpan awal jaê¼.
rimes onelt ajink chak unik.
utzch aqek aqat oê¼q ibê¼, t aqkê¼ okê¼ axkê¼ olil,k atew echiê¼n riaj awp aqawiê¼.
xawilo, xqê¼ at anleibê¼ oy.
xatk owinikx abê¼ ano.
kiê¼ rikê¼ awex.
k ajilil ribê¼ e.
le alixelbê¼ ik.
areê¼ xr ajxinbê¼ ano.
nim weabê¼ aj.
jeê¼lik utiê¼j olal ris aqk oê¼r.
n ojin aqrik ej.
wek atijan xuxm ankat utoê¼t achi uqê¼ atixik lekê¼ akê¼ yabê¼ ilc oronavi rus( 2019-nc ov).
n animtar aqanwaê¼ wecheê¼.
utz alaj ajchak, riw el.
â ¿ jamp aê¼k ujbê¼ ep anim aqê¼ ij?
rajaw axikt anelaê¼k atchak unwukê¼.
xut aqchiê¼ jp awar amp ulew.
man aret ariaxw anxelik.
ri awix xuloqê¼ rach ochre nim al.
areriix oqxinsikê¼ in uloq.
richê¼ im akê¼ atê¼ onna.
l axibê¼ anle ichak?
kê¼ itin amit ekê¼ op achê¼ oê¼j.
kê¼ ojup uqch ijchi uxeê¼ richeê¼.
riux aqri abê¼ ix areuwarik ej.
kawin aqqê¼ at aj.
lakix pep at ijobê¼ al?
wekech ajixt aqlekê¼ waj achak inbê¼ ij; jun alikkê¼ ojaê¼ xuqujeê¼ sibê¼ al ajs aql oloj.
xretaê¼m aj.
ri alabê¼ omri alitom abê¼t ajinkik itij ojkibê¼ rechsut aq,arekak ajkik ibê¼ annim aqachij abê¼ chup amrik ikê¼ aslem al, xuqujekê¼ ochikj up uqbê¼ ixonel chup amrik omon.
latzê¼ uwach ribê¼ e.
kê¼ akê¼ ri achê¼ ichê¼.
qonojel uj, ujm ayabê¼t aqwin aq.
n ojelqê¼ ijri atiê¼ xkuyuqê¼ ujlet aqawaj jelaê¼p anikê¼ ajjaê¼, chirij rij uyubê¼ ubê¼ iê¼ten aê¼.
paqê¼ om chik risiê¼.
kintz ukunch ela.
kakit ijlekin aqê¼, leichaj, leuwaê¼ lik rukê¼ lej.
xekan ajkanle ajchak ibê¼.
ket ikonri achij abê¼.
sibê¼ alajitzel ubê¼ antajik richê¼ ilakan.
ri ateê¼k xum alty oxijcherir atiê¼t, rum alri utzal ajnoê¼j ibê¼ alxukê¼ utchech.
kkam ulix uchakri abê¼ ix.
laxin utzuk ujlet ij oxel?
areê¼k achak unr onojel qê¼ ij.
leekê¼ aê¼n at aqtzê¼ iê¼.
saqrij rip lam ux.
jas xaqê¼ iê¼ oxatij o.
jas rukê¼ xkich apwi utij iklerik il?
wekat atin rukê¼ kê¼ at anjaê¼m ank uqê¼ atejt alekê¼ akê¼ yabê¼ ilcoron avirus.
lakatbê¼ inp aleuxl anbê¼ al?
lawar alkê¼ uxixwaê¼ wi?
arelen utatk inl oqê¼ onik.
tajink chak unri ala.
kê¼ orikiê¼k otem alaw ukê¼.
xut ajach inkaê¼ ek.
xatwaê¼ ikxin wilo.
xtz aqri rach och rum alrij abê¼.
p alej unikê¼ chik arenim aqê¼ ij.
ekebê¼ ã ¤ mkebê¼ inp auwiê¼ rit em.
m emri achi.
riwik anch aliê¼yk elpaj uyubê¼ chw itzi ribê¼ al.
ler ajil, lap ajaxel aqê¼ axwuê¼ bê¼ ik?
paris uê¼tp isomwi rilej.
kojp etikk olqakê¼ am aê¼.
t ajink atchê¼ opin chi uwach rit aqê¼ aj.
leqê¼ orxchê¼ uqik.
kê¼ axwaê¼ im aw um al.
kinbê¼ is onch elewal.
sibê¼ alajkê¼ okê¼ riaw atzê¼ yaq.
kam ikx ujbê¼ eche utik ikt aqcheê¼p arij uyubê¼.
kin uloqê¼ ojlen ut at.
chaqiê¼j chik rich aj.
xyil ixhaw ayi.
n axnaê¼t ajtach kechi xeatinik.
rukê¼kê¼ uwaê¼w eriê¼, riixkkê¼ ojiê¼j unutz alajikê¼ aslem alriê¼ chki wach riwin aqchem anekê¼ otaiw ukê¼, kê¼ atekê¼ uriê¼m ankê¼ ot ajunwin aqriê¼ rajaw axikchi wech.
epetin aqp abê¼ eler achal axik.
kak ajleakê¼ al abê¼ kewaê¼ ik.
xujchê¼ aybê¼ ik.
rin uchak areqê¼ axeltzij.
kê¼ on arux labê¼ riaw aj.
t ajinkel loq, riqê¼ ij.
xuqê¼iê¼ oxkams axri rach alalch och.
rinum am arekê¼ ouqê¼ inom al.
xkê¼ ulmat ajjum ul, xubê¼ anjunnim al ajjabê¼, m anxbê¼ eyet ajtan axukê¼ isle uyuqê¼ chike.
amaê¼ rinutzê¼ iê¼.
jewaê¼k atp etik.
xink osik rum alx inchak unik
iwech chij ujun al, riwa.
xuqê¼ iê¼on axat atint aj.
inriqt ajin aqp arikê¼ ayibê¼ al.
nawetaê¼ mt aj.
kê¼ axlen uqê¼ abê¼.
utzle xubê¼ ijle achi.
kem atzê¼ ibê¼.
kê¼ orach alal patzê¼ olojcheê¼ rip eê¼l.
ronoj elwaê¼ wejast aqriê¼, xasks achwi uwach waê¼; rukê¼ weriê¼, riix, rajaw axikchekê¼ ojunty oxlajikê¼ aslem alekkê¼ ojiê¼ riichê¼ awem rukê¼ ridyos,
xmuqt ajrip atzê¼ an.
richê¼ ichê¼ tzij omkan oqp ariukê¼ olbê¼ al.
m ankê¼ ot auch olajp at aqriaw uj.
jachik eikê¼ le unim aqê¼ ijl etin amitn awal jaê¼?
xep etikx olkikê¼ am aê¼.
kach uqê¼ chut rijaê¼ chi ap am.
xinbê¼ ijiwir chi xebê¼ ep aarmit a.
areê¼ uxeê¼ ojertzij war alkê¼ icheê¼ ubê¼ iê¼.
xkê¼ isrin usiê¼.
j awixk ibê¼ ijwi chikeê¼ ewi?
â ¡ xajekê¼ uriê¼, jachint aqriekê¼ oparij udeê¼a, chich anim cheê¼ anim aj ubê¼ ipat aqrij uyubê¼,
kê¼ akê¼ ri abê¼.
lakê¼ ojunnak akê¼ oxom ajt aj?
n autzt aleutê¼ isom lealm ariy.
m anyaê¼t alt ajchi awekat okp aja.
jeê¼, xat utzuk uj.
arekelw ajxaq ibê¼ uqê¼ ij rixkê¼ ojik.
rixunk urkkê¼ ojiê¼p at aqrit riko.
xin sachik.
xut ê¼ uyubê¼ aê¼
n an utom t aletzijâ €<unk>
wachê¼ omrik iwarin oê¼s.
ekê¼ ojobê¼ chê¼ il wakê¼.
r ajawixik chip at aqritij obê¼ al,p anikê¼ ajubê¼ ixik chik
rir ajawr ulew areê¼t atkel.
wekê¼ uxokik, wekê¼n axokta
weachi xusipaj junpê¼ otchwe.
atat ut aqoê¼n leqê¼ at altzij.
naqê¼ ant auwach leqap rut.
rixaê¼rkê¼ op auwiê¼ riqê¼ aqê¼kp oqê¼ owik.
riroqê¼ ejri alij achakp ejun akê¼ al.
kê¼ ojun alap atij obê¼ al.
sã ¤ quwiê¼ rit at aê¼.
riw itzik ê¼t ajinkp eloq.
jawix sach onwikan uyaê¼ iklep waq che.
utzwe achiw exinkun anik.
qonojel kujwaê¼ pa uwiê¼ rim exa.
rik axlaê¼ nikm anp oqont aj.
inxinbê¼ erukê¼ riw achiê¼l.
sibê¼ alajjeê¼l xkil oxekitz oq opijrik ichij chil aê¼.
kinbê¼ inikx inê¼ ek.
kê¼ axkê¼ olik, kachaê¼.
kut ij ixim riakê¼.
ri alixch el, xuqê¼ iê¼ oxajunakê¼ xsip axche.
xqasikê¼ ijle ixoqch utzakik subê¼.
m at axabê¼ ins ajlechê¼ ichê¼.
rip ixtzê¼ ar alik rum alri eqaê¼n.
â ¿ j amp aê¼k el chi 3%
kê¼ ojunnukê¼ otoj chiê¼ aj.
t ajink ewaê¼k atri alabê¼ om.
xinloqê¼ lenukê¼ akê¼ ap oê¼t.
n autzak ikt asubê¼t ajinkuê¼ ano
xojut aqchiê¼ ijx ojwaê¼ ik.
iwechri abê¼ ix.
s aqrij richij.
ajsikche ritin amitk elwi rit ataê¼.
-â ¡ ay! x axintz aqul oq,kê¼ axwew aqan.
xkê¼ ulm at ajpaj unkom onchiê¼ uwach junjuy ubê¼, xuriqaj unqê¼ ijxki riqk ibê¼ junim ul rukê¼ lekok.
jas xat aqchiê¼j leakê¼ alch utijik?
xinchap os uxuloqê¼ o.
qê¼ inomri achi.
rikê¼ um ktij owrukê¼ kabê¼.
t ajink ejachê¼ anik.
tzebê¼ al ukem ikle pas aw um al.
arekayoê¼ wle uchik opil leubê¼ ant ajikt ryp anosom ab rucei.
wekat nim anik utzk elik.
per onoê¼j im al petn aql oq,.
arelen uchak juntz uqbê¼ alwibê¼.
xkun axleyaw abê¼ rum al leajqê¼ ij.
riukê¼ uê¼x tzê¼ ibê¼ paq atzijel aj uj.
sibê¼ alajjeê¼ likri eqabê¼ alxubê¼ anril uê¼s.
sibê¼ alaj atkon.
emanx orijup uqkej.
n axnaê¼t ajtachke xeatinik.
rikê¼ am albê¼ exubê¼ ijchike, chim ajari anim.
jum uchê¼ rin ujun abê¼.
qê¼ ipt ajin aqrir aqan rit em.
kchak unrukê¼ rij osbê¼ al cheê¼ ri ajanel.
xat aqchiê¼ jleakê¼ alch utijikk ar.
ojkê¼ op aleroê¼ ch leawel.
â ¿l akat peq ukê¼ ch weê¼ q?
l ewin aqp alechê¼ ichê¼ etê¼ uyul lowi.
xkan ajkan oqchi uxeê¼ rij abê¼ richê¼ aê¼n.
nim rija.
wet axakun ajleat atm at axkam laê¼.
nanukê¼ am omt uê¼l ariê¼.
ch qan ukê¼ uê¼ riq atzij.
kimbê¼ ep aletin amit.
xinqê¼ iê¼on axin atint aj.
rajaw axikkakê¼ am anch awele utijikl elej.
kê¼ isbê¼ alt aqnoê¼j ibê¼ al.
