x in eʼ waʼ oq.
x kib ʼan kʼaxche le uw osaq rumal man utz tachika kayik.
ri qʼutu ʼm man kech ta le akʼalab ʼ.
are na nim ta leatz ʼiʼ chu wach le nu tz ʼiʼ.
x e p etik x ol ki laʼ.
¿ jaw ch iʼ x a t aʼ che xkam riu mam ri p oʼ x ?
e keb ʼ kekʼamb ʼik pa tuj.
x in loqʼjun japa ri w okaj ja.
ria x tu ʼb ʼ, kʼo qulaj chech.
jas karaj kaʼanch utz akik le tiʼij.
x u tij lewa.
x im b ʼal re tzij.
x pa x ri b ʼoʼj.
we kawaj katin toʼo x aq x uwi kab ʼij chiwe.
jas nu kʼu kuch ʼob ʼo.
jas karaj ku tijo?
x e x ru x lab ʼ ri rik il.
enitz ʼaʼq le taqim ul.
we ta ne in x inb ʼanow ik, are le a teʼk xb ʼanow ik.
kintzalij pale nu tinamit.
ri nu ch aqʼ kʼo pa uroʼ qʼatoj tijon ik p ari tijob ʼal.
x in x iʼ j wib ʼ x in ch ʼaw ik.
kʼo ch w aroʼ ch le pare.
chi raqan kab ʼin wiri t at aʼ.
x sachon kan uy aʼik le p waq che choja.
x in qʼax chikix oʼl ri winaq.
ketikon ik.
ri ulew man qech taj, kech ri qatiʼtqam am.
x epe le winaq x ol ki kʼam aʼ.
x u loqʼ ri w uj rumal ri ali.
chewe qʼij kamik kʼo jun nu tzijon em chiri j le nu tinamit.
kej riʼ .
x kunan alaq ch we.
kinu sikʼij le nu nan .
ri i mul x u ch ʼij taj, x kanaj pa b ʼe, rumal ri nimal ku jaluj ri i mul , xu tzaq ria nim.
kub ʼanri ux oqʼoʼl ri aj tz ʼaq.
ri la sib ʼalaj utz che kunab ʼal.
kʼi kiwach rieʼ aj chakib ʼ p ari komon tyox, kʼatekʼu t x a jun chi a jawx el ;
x qa ta chixa tulik.
kawaj chi katʼek.
ch ʼu tiʼn kekanaj ri xajab ʼ chech.
kaqax iʼ j qib ʼ kaqa chapo.
e kʼo keb ʼu kʼ a jol le t atxwan.
lu ʼ sub ʼiʼ ri recham.
aj chi u wiʼm iqʼin jaʼ ri lu ʼ.
x in y akan le nu ch im pa kʼayb ʼal.
kʼatex ri lo , x pe riu nan cheu tzukuxik, x kikotik , xus alab ʼisaj ri taqu x kin.
x kikʼut chiuwach ri aj tij x uquj eʼ chikiwach ri taq nikʼaj kachil.
utz le nu qʼab ʼ.
kul le alw eʼ l pa a u stinch aqʼab ʼ kamik.
ri a teʼk x tzaq loq are chi kʼo pa u wiʼri qʼaʼm.
aj p atanri t eʼk.
x atqaj chiup am ri il.
la kʼo tzij na kikʼoxomaj taj ?
x sachon ch kech ix e atin ik.
ronoj el le ulew ech alaq.
la xeb ʼe kʼulax eʼ kijaq akʼuleu ch iʼ ja?
x aq katch ʼoknaj iwir.
kamik kʼo chiri jastaq a we.
are ch iʼ kakʼis ri junab ʼ kʼo qʼinom.
pa na wal jaʼ x in alexik.
na x int ataj we are ri akʼal kix tzuquw ik.
¡ r ulew ri sab ʼu lo ner ulew ri neftali, ub ʼe ri p olow, r ulew ri jordan, galil eʼ akech ri je taqam aqʼ !
ra x, ra x, ra x, kʼokʼ , kʼokʼ , kʼokʼ le ru x lab ʼ le taq tikoʼn.
achixa t wilo.
paqal ra jil le p ix kamik .
x oj b ʼin ik.
pajun j eʼl tijob ʼal ku tijoj rib ʼ juna kʼal, ub ʼiʼ p oʼ x , utz kurilo kepa tijob ʼal ronoj el taq qʼij.
x waj chixa tʼetaj.
utz laʼ le x ub ʼij leachi.
wet aʼam jachin kap etik.
kin qʼojoman ik.
x in qʼiʼo t akʼalik x inp etik.
areʼ ret aʼm che kino p an ik.
aretab ʼal e qa qajaw cha t toʼw ik.
kawinaq waqib ʼ qʼataj.
na qaj chik cheri uwaq kaj b ʼal are taq ch iʼ ksach uwach ri qʼij, kok ri qʼequ ʼm ch uwach ulew, chi kʼateʼ nari b ʼelejeb ʼ kaj b ʼal.
job ʼ raqan ri tz ʼalam x ep oroxik.
sib ʼalaj ko ri j ri mop.
are waʼ.
je laʼ p ari timinit ch w ika byok rech x elaju ʼ, le qanan qatat kakitikoj eʼ lalaj taq uwach ich aj.
kʼax nuqul .
xuʼlu kʼam aʼ.
koju l kitzukuj.
are man kʼax tau kunaxik are taqan inaq kaʼilitaj we y ab ʼilal x uquj eʼm oj oʼqa kuy aʼ le kʼax kʼolil chech le jolomaj.
ri w el kʼo pa tijon ik.
kawaj kinb ʼij.
ri kotz ʼiʼj kqakoj chiup am ri ja.
qʼeq qʼoj ri j ri am aʼkej.
na x waj taj x inch ʼaw ik.
ch petab ʼal e lo qʼalaj jab ʼ.
x sachon ch ke x a t ki sikʼij.
e le qʼalch ʼi ch ʼ.
jachin x a wilo chi are x tijow ri tiʼ j ?
mat akab ʼe le nu xb ʼal pale tinamit.
p im ru q, ri ali.
¿ kʼo ri mu qʼe chi a we ch ?
kqab ʼij man kekowin taj.
kintij na.
kʼo jun qatʼu ʼypaj a!
kʼo p uj chiup am ri ch ʼaʼk.
are taq kin kosik kin warik.
x a t w aʼik x in wilo
in x in ch ʼayow le achi.
konoj el ri ala xik keʼetz ʼan ik.
jas ru kʼ xkitij wile ki ri kil ?
aninaq il kat p etik .
nara x ta uwach le juyub ʼ.
ri tz ʼalam tz ʼib ʼab ʼal ra x kkayik.
we chat chakun ik, kʼo a wa.
m aʼ t am x a t p echeri w aʼim.
kamul kin waʼna.
ri sik ilk tijow ru kʼik.
kimb ʼe aqʼan ru kʼ le al talin.
x oj ʼek x eʼ qilal arqas ok.
xekiqʼil le aj chakib ʼ x kiw ok le ja.
mat a ne x waj le kʼuhj nem ru kʼ le a teʼk .
are x eʼop anchi uch iʼ ri juyub ʼ, x kilo chiman qast akʼo qʼayes.
kʼatekʼu t, ri jesusman kkojon tach kech rieʼ areʼ, rumal rech che konoj el ret aʼm kiwach,
p aʼ tz ri j ri tz ʼiʼ.
juwinaq waqib ʼ qʼataj.
atel aqʼom.
x aq a t joʼs.
ri qʼatz u, are qʼalaj riu qʼijil.
ajchak we ala.
ub ʼeleju kakʼal taqanik (29).
keb ʼ nu b ʼiʼ kʼolik.
la katzalij lu ʼ la aninaq ?
katzukun la chwe.
la kaj la koj b ʼeʼpale chomal ch weʼq ?
x in nab ʼej ch u tasik qa kʼolib ʼal.
la l x in toʼw ik.
sib ʼalaj a noʼj ib ʼal.
x oj p etik x ol qa kʼam aʼ.
sib ʼalaj j eʼ lik ri u waʼ l ri i ch aj.
kʼax wi j rumal in pa chalik.
are taq x u kʼulmaj waʼ x ul ri uchoman ik x ub ʼij : are utz wa aqʼab ʼ kinwalij ik, are ch aʼ cha nim kinop anpa tijob ʼal, maj chikin kʼulmaj.
ojaj x oj olob ʼ pa a was qʼij.
x in sach che le uw okik le tzij.
e julajuj ria kʼ.
x uta jamp aʼ koj ʼek.
qil ik.
ri tijox el man areta nim chu wach ri raj tij. ri utz tijox el qas je riʼ kʼolik jas ri raj tij.
in x a tin ch ʼayo.
noʼj im chak w umal.
ch ʼur ri joch ʼ.
in kinb ʼij naka t sach taj.
uj may ab ʼ.
riab ʼaj y atzalik.
ta jin kep ixb ʼaxri akʼalab ʼ.
chom ri a q.
x inwa rik.
e lemen konoj el ri akʼalab ʼ.
ta jin kqʼana rik ri we reʼaj.
le u kemik le pa su tz ( chawe ).
x uy u p u b ʼa uwach raʼ chi, ka ch aʼ, .
ri satanas kokp ari judas ri kb ʼix is kariʼotech rech, ri areʼ junch ki x oʼl rie kab ʼ lajuj.
chu chu ri pa r.
kinqu muj ri nu joch ʼ.
chech punción lumbar am aqʼel rajawa xik chech ri lik leu kʼexb ʼem wile nab ʼe ru kʼ le ukab ʼu kʼutun em le y ab ʼilal.
qʼalaj china kawaj taj kab ʼij.
kʼo qʼol chiri j risiʼ.
jawi x oj ʼew ichu loqʼik ?
kʼo u lo ch ʼ ri talin.
qʼan ri j ria tiʼt nu kej.
la x tzalij la iwir ?
x e sikʼixik , kʼatekʼu riʼ x ey aj ik, x uquj eʼ xe taq b ʼiche u sikʼik le mes.
la kixwar ik?
are kʼule pa lomax x ub ʼij che: - mam katb ʼison taj, kin sikʼij nikʼaj wach iʼl ke ra pa p ik.
aʼre e tijox el ab ʼ.
ri alajali siʼ l x ub ʼij x qachappa utzal ri tyox.
x sachon ch ke jachin x e atin ik.
jas x u rayij le a nan x u tijo?
x in kosik.
ra x ronoj el ri qʼayes rumal le jab ʼ.
kiny a waʼ we ch ʼi ch ʼ pin em na utz.
noʼj im u pach ʼu xik le nu wiʼ.
naj kʼo wile w oʼ ch ch uwach le tijob ʼal.
ri okib ʼal kʼo chiuwach ri saq ja.
xe nu taq ch ʼi j kekil le akʼalab ʼ.
kʼo jun qʼoxow em chiwe.
tz ari ch oʼm .
we choj b ʼepa le nima qʼij, keqil le aj x oj olob ʼ.
x oj ʼek x eʼ qilal arqas ok.
ria teʼk x u taʼ chech ri nan toʼn: - nan jasch eʼ chiman kaj ta la qa kʼat isaj ri j oʼq.
ri pa l sib ʼalaj x u ʼ y.
kinkoj ri j okb ʼal ulew.
in kinb ʼij nakatsach taj
atraj kun le nu nan .
ku qam ujuj oron ri aj tzij.
lu ʼ tz ʼalam ub ʼiʼ ri achi kel pa nim ch eʼ.
j eʼ lik u tiʼjo la l ri saq koʼr .
kʼo jun x aʼ r pa ja.
x in loqʼjun kʼakʼ p atan.
kʼa xu kemik le pasaw umal.
aninaq u kemik le pasaw umal
ri ch ʼaʼn sachinaq pataq ab ʼix.
ra x taq le kotz ʼiʼj.
me som kanoq ri up amja.
man areta ralax kosik.
ri komon x ech p u p rech uqʼab ʼ tinamit x oʼl ab ʼaj rech qʼumar kaj.
la u tzakik kʼusub ʼ ta jinku ʼ a no?
kate la!
na x u tij taj.
x a rumal ket aʼm konoj el ri winaq kkiqumuj le jaʼ.
iwir x uj tzalij la pa kʼayb ʼal.
qet aʼm cheri qawakuj u toʼo.
ri aj tij, ky ajon chikech ri akʼalab ʼ.
jas ub ʼanom le nu ch ʼutit at ?
ch weʼq kinb ʼepa nim tinamit.
utz we kiwet aʼmaj jaskub ʼij ri cholb ʼal qʼij.
ta jin kat ji low cheu qʼoxom jolomaj.
x in ti kqʼax chiuwach ri ja.
kʼax le kib ʼe le winaq.
loqʼ katkun taj che ley ab ʼil (covid -19 ).
ri nu xib ʼal kel pa qaj b ʼal qʼij.
x ril ria xwan chix waʼ ri ala.
le ali xkunataj ik.
we ta kape le jab ʼ kamik.
x inwet aʼmaj china x a t pe taj.
ri p waq rech we qʼataj riʼ kesax chech ri toj b ʼal kʼayin em.
kti j ri uw aʼlik rumal ri kinim aqʼij.
x uchap u kunaxik.
chatan loq ali.
x in x u liʼ qaj oq.
j eʼ lik ktijow ri taqik ox.
kʼatekʼu ri leta t x oʼr x ub ʼij, man kawaj taj, man kawaj taj.
kʼo juntz ʼiʼ pa b ʼe.
kamul x inpe che atzukuxik .
man ta jin ta kinchakun ik.
kin chakun ik rech katw aʼik.
jas ru kʼ xawil wichix kiqupij wile tiʼj.
jas ub ʼixik … ?
koqʼ ri akʼal.
kawaj naka tʼetaj.
x atqʼaj ik.
wem na cha lo qʼax iy al , na kimb ʼe ta a w u kʼ.
x op an lew ujaw u kʼ rumal wechin.
are kʼut pale juyub ʼ kkʼiyj oron, chilaʼ xeki kʼamaw iri j aʼ ri winaq.
koqʼ ri akʼal.
we kʼo ara jil chakʼam aloq.
are sib ʼalaj kaq le ap oʼt chu wach le nu poʼt.
x inkʼastaj pa kab ʼ lajuj kaj b ʼal.
kaqoy ʼej na kixpet aj.
koka xim ri chi j x a je laʼ man kanimaj tab ʼik.
ri kok nojim xb ʼek , xu ch ʼi jox op anpa u kʼisb ʼalil le anim.
x oj kiʼkotik are taq x a tu lik.
kaqitz ʼnaj ri ux a jab ʼ ri akʼal.
ri jesusk waʼ katp ari nim rachoch ri dyos, chu x eʼ ri jun jache rachoch ri salomon.
we taqanik riʼ kub ʼij chi rajawa xik ky aʼu qʼij ri winaq x uquj eʼ ktoʼ aninaq il.
ria xu x are na riu kun el ri kinaqʼ.
are taq waʼ ri u qʼijol we taqanik.
kʼo jun tab ʼal pa u wiʼri x kanul ub ʼiʼ lajuj noʼj.
y uʼl ub ʼanom ri ukolob ʼ rikej.
xanimaj ri akʼal chiuwach ri u chu ch.
kkunan ri achi.
kinw aʼik rech na kiny owaj taj.
aj x ik ch ʼi ch ʼ ri lu ʼ s.
kwaj che ix kixb ʼanow ik.
aʼre x etoʼ wala q.
x oj ʼek x eʼ qilal arqas ok.
x in loqʼ junch ʼi ch ʼ, qaj inaq uwach.
kutʼis ri p an talon.
e janipa le a wal kʼwal e kʼolik ?
utz u kemik le pa s chawe.
ri max are aj qʼan iy aʼ.
mat ab ʼachi riq kʼaxpale b ʼe.
ta jin kanimaj, ri meʼs.
ix ix eʼl aqʼomab ʼ!
x sachan chwe.
e kʼo kʼi ch eʼ, chiuwach ri juyub ʼ.
are waʼ ri nimalaj p ixab ʼe are waʼ ri nab ʼe.
x ret aʼmaj chi ru kʼ pakʼ ku tij wi
jas utz akik le sub ʼ x u ʼ a no?
aj x oʼy ri wikan.
we ta ne aʼre x e tijow le ri kil, are le komon x etijowik.
sib ʼalaj aninaq kach ʼaw le areʼ chi nu wachin.
utz we kinchakuj .
meʼs laʼ.
kʼo kan warech kaqatijo.
x insi kʼij la.
ri akʼal x sach kanoq je laʼ pataq ʼaj.
x e sikʼij la.
jawi xkib ʼij wichi keʼe wi?
rumal che, man ix tariʼ ri kix ch ʼawik, are ri rux lab ʼa xel ri i t at riʼ rik ch ʼaw na iw u kʼ ri ix.
kʼakʼ ri wachoch.
sib ʼalaj utz kinwil leatz ʼyaq rech nahuala.
saq por kkayri kip oʼt ri nan.
x sachon ri nu chak ch we.
waʼim x uchapo.
ri qʼaqʼ ta jinka juluw ik.
na jil up am ri siwan.
e kʼo riqachalal pa chiuw iʼla.
jas x ataq ch iʼj le akʼal ch u tijik?
noʼj im u kemik le pasa w umal.
kʼo jun ku kub ʼiʼ tintin, waʼ le laj ku kmam kaje qitaj , kap aqika xulik pa uwiʼ uqʼab ʼ taq ch eʼ, sib ʼalaj sakʼaj , keʼu to lee nim aʼq, ch ʼutin, rach iʼl , aj sipan el sib ʼalaj utz ra nimaʼ.
ri up ixab ʼ le qʼatb ʼaltzij kiy aʼub ʼixik.
na x sachonta ch ke x e a tin ik.
x eq il le chikop p u wileja.
x loʼ taj ri akʼal.
qonoj el kuj waʼ pa u wiʼri mex a.
x sik ir lewaqan.
la x at waʼ kʼut ?
nimub ʼaqʼ ri t ulul.
kinxikʼi kʼik x in qʼaxik.
la katb ʼepa le tinamit ?
ri p al sib ʼalaj saqʼor.
kqʼoxow nu jalom.
x in naʼo chi kat p etik.
x loqʼ ulew iwechix.
x in chakun ru kʼri nu mam.
na x qab ʼantaj.
kkʼojiʼ b ʼaʼ ri u sipan ik ria jaw x el jesusk risto ru kʼ ria w u x lab ʼal !
kinch ʼaw ru kʼ le nu nan pale ch ʼaw eb ʼal.
sib ʼalaj qʼequ ʼm rumal ri may ul.
are le bax u lik.
x ekos le ix oqib ʼ pale b ʼe.
kʼaxri lik le akʼal chawe.
x in qʼiʼo x inatin paj oron.
sib ʼalaj nim le tinamit.
kʼa xu kemik le pasaw umal.
x in sachik.
ta jin kel u kikʼel pa raqan ri tz ʼiʼ.
x inwet aʼmaj ri lik w ib ʼ
ri qʼuqʼ are jun j eʼl chikop.
kʼo paja tijob ʼal ri w ik aqʼ.
ri sachib ʼal mak rajwaxik chi qa x oʼl .
j eʼ, kimb ʼek.
je la l eʼri nu p wiʼ.
x ub ʼij che:- jas x ab ʼano tintin ?
kab ʼanjun toqʼob ʼ ky ak ri nu jal.
kat ʼek x inta.
jas leu kʼexb ʼem rib ʼ le jun ru kʼ le junchik ?
aj chi u wiʼm iqʼin jaʼ ri lu ʼ.
ri tijon el naj kpe wi.
teʼ kix chob ʼ ub ʼiʼ ri nu t at.
ri j aʼ kamiqʼik chiuwach ri qʼaqʼ.
ri tʼu ʼyk pa qʼow ik.
kinme son na.
na qaj at kʼo wi chiwech.
x in b ʼisonik taq na x a t pet taj.
we xkam ri winaq , ri p waq rech toj b ʼal makaj ky aʼ chikech ri ralaxik.
ri nu nan xb ʼepa kʼayb ʼal.
x oju kʼamu loq rech koj ri lo
x kʼoto chin chikiwach chikin waʼ a w u kʼ.
na x kikamsaj taj x kikʼamb ʼi choja.
kʼakʼ ri ikʼ kamik.
x im b ʼe ru kʼ le aj kun iwir .
ri lik.
le tz ʼiʼ x ekosik.
x inkikota w umal.
ri i mul x umaj ria nim , x uy akan le kok.
kʼo oj cheri akʼal.
x uj b ʼe pajun kʼulan em.
utz we kwar alaq.
kaqilo china koju kʼam taj.
x ret aʼmaj chi ru kʼ pa kʼkutij wi.
sib ʼalaj x in kʼaʼna rik.
x inko chi j ri nu wa.
man kat kowin taj katchakun ik, we man kʼo ta ria jil ab ʼal.
we w onon x ub ʼij chike: - kix into.
ri ala nim kril wiri u mam.
x kaʼychiri j, x kaʼych uwach, ma kʼo ta chi jun ksi lob ʼik , x oq ʼik x u x eʼ j rib ʼ x ch ʼopin ik x tzalij loq x u riq tachik riub ʼe.
kʼo p u scheriwa.
pin em nakab ʼe lewatz, kimb ʼe wi in pa kaʼyib ʼal.
ri nan toʼn nim winaq chik, saq uwiʼ, ronoj el aqʼab ʼ utz ku naʼo kat ʼuy iʼ pa utem , ku miqʼisaj rib ʼ chori qʼij, kʼo junu wiʼu mam ub ʼiʼ a teʼk .
man e kʼitaj riqu laʼ.
qʼalaj china kawaj taj kab ʼij
x pa qab ʼisaxra jil ronoj el ri kem.
kʼo p ari jul ri kumatz.
ronoj el qʼij kinch ʼaj le nu ware.
saq chi kan le ich aj rech katzako.
chu x el e qachomal kaqatij wijun qam eqʼin.
cha wilaʼ.
e kʼo job ʼu miʼal, ri nu t at.
jas ru kʼ x a wilwi
j eʼ jas ri winaq rech ri uwach ulew, x oquj eʼ kepena riʼ ri eʼ areʼ chee rech ri uwach ulew; j eʼ jas ri winaq rech ri kaj, x oquj eʼ kepe nariʼ ri eʼ areʼ e rech ri kaj.
x in tijo.
ktz ʼuj uw ri rachoch ri p oʼ x .
x u qʼiʼo are leu kʼulel xy aʼow u wa.
ria welx ret aʼmaj chi rajawa xik man kux ej tarib ʼ cheri tu kur .
ju kʼulaj winaq x eʼ a nimaj b ʼik.
j eʼ, x in tzalij ik.
x oj p etik x ol qa kʼam aʼ.
maj jachin x ʼek.
in aj tij; at tijox el .
saqu wiʼri t ataʼ.
we ch ri kem.
le roʼch le at eʼk kʼo ch wach leu kʼayle nu nan.
kb ʼepa ri si riʼ aep ari si lisiʼa, jawi j eʼ kuy a wiri kich uqʼab ʼ ri komon tyox.
p ixab ʼ: man utz taj kʼax kujch ʼaw chiki j nikʼaj qa chil.
x kunataj le ali ( kumal ri ix oqib ʼ ).
ri x ib ʼib ʼal chi kʼowi pataq ri qa kʼas lemal ronoj el qʼij.
na kuj war ta war al.
on che kkʼojiʼri utz il chix oʼl , are ch junam riqa kojon ik, junam ri iw ech ix ru kʼri we chin.
pa ox qʼij ri s aʼn kb ʼe naru kʼri aj kun .
kawinaq w uqub ʼ.
jas kawaj kintijo?
wet ax atb ʼe w u kʼ pale tinamit, x a loqʼtal aʼ leu jastaq le akʼa jol.
keb ʼepa waʼim.
x in loqʼ kʼiwa.
pajun nim kʼach eʼlaj, kʼo jun kʼwaʼ sib ʼalaj saq loloj , nim uwach.
kwaj katij jub ʼaʼwa.
ronoj el winaq kril na ri ukolon em ri dyos ».
x kʼoto chin chikiwach chikin waʼ a w u kʼ
kwaj naka tʼetaj.
la x a loqʼ junalej ?
ekʼori e loqʼoman el .
ri ukab ʼ ub ʼiʼ ri nu mam are y a y.
kin j opij ri ij aʼ rech triko.
x naʼtaj ch ke x e atin ik.
x a teʼ qilaʼ.
kakitija lan x a x ri winaq.
. . . kinb ʼij chi are waʼ sin x iʼ an.
na x in nab ʼej ta chu tasik qa kʼolib ʼal.
rumal rech chewe ri in, kinch ʼaw ru kʼri dyos pa ch ʼab ʼal, kch ʼaw nakʼu riʼ ri w ux lab ʼal ru kʼri dyos , kʼate kʼut man kʼotau p atanriʼ ch rech ri nu chomab ʼal.
x e p etik xkilo.
x u ta we katʼek.
utz u kemik le pa s chawe.
ri nu wakax x utij jun qʼoqʼ rumal riʼ x kamik.
rumal ri kʼix, man kew aʼtaj ri winaq.
x eʼu lik.
qʼeq ri j ri am aʼ chi j.
x raj kaʼele unan .
junam kijunab ʼ.
na qʼalaj taj wekaʼek.
ri w ix nam ch ʼaj ch ʼoj ri rachoch.
war al man kʼotaj a jawal.
na iwir ta x ril le kʼamolb ʼe.
x inpe loq tekʼu riʼ x in tzukuj ronoj el ri nu ra jil.
ri aj tikon el ku tik ri tzij.
kʼo e kikʼajol le achi jab ʼ.
ku tij qʼayes ri ix p aʼch.
p ari waʼ b ʼal e kʼo kawinaq achi jab ʼ.
si p oj inaq ri nu p am .
kay aʼtajik ru kʼutiʼ on em jun ri u riqom le y ab ʼilam olot setsé x uquj eʼ are kay aʼtaj pataqri juyub ʼ.
jachin ri achi ?
ri nu mam x kamik are taq kʼo jumuch ʼ lajuju junab ʼ.
kin kowin ik kinkʼamb ʼilep waq.
kinwilo chi utz ri aj iʼ.
x in qʼil ri ap oʼ x cheman kachakun taj.
kwaʼ chiuwach le taqʼaj ri am aʼakʼ.
ri i mul x ep oqʼik pajun ikʼ.
x kʼis kanoq ri qachak.
are ri ali xoj ilow kanoq.
sib ʼalaj ch ʼu ʼ j ri amax.
kʼo nu wach iʼ.
incha jin el kech le akʼalab ʼ.
xekos letz ʼiʼ.
kinb ʼenaku kʼri molaj.
ronoj el aqʼab ʼ kinyitz ʼri wakax.
kara pinik x u tzukuj chijuna waj.
leu kemik le p asaninaq ( a w umal ).
maju ra jil le qʼab ʼ arel.
kʼaxriʼ ri kach ʼaw ik.
x oju taq ch iʼj le achi chu loqʼiki chaj.
sib ʼalaj kʼaxrix kʼulma xik.
x kilo china kin kʼoxomaj taj.
x naʼtaj ch kech ix e a tin ik.
x kʼoto chin chikiwach chixo jalw oʼ qa ku kʼ.
jun qʼuʼq ra jil ri kax laʼnwa.
x in wilo chix eʼel ik.
e kʼo ix oqib ʼ pale kʼayb ʼal.
man kʼotaju kʼisik ri may ab ʼaj lab ʼalil.
ri sink kʼiy pataq ʼaj.
ri ch ʼim a man kkʼiytaj pataq ʼaj.
rajawa xik kjikik ri waqän .
kawaj kinʼek.
e kʼo oxib ʼakʼ.
xub ʼij ch we jawi at kʼo wi.
ch weʼq kuj b ʼeʼpa mu quj .
pasaq kʼaj aʼ kb ʼan wiri uq.
x oj ki sikʼij.
x inwil wib ʼ.
ch aqʼ chik riwa.
kimb ʼe naka pale w oʼ ch .
kawaj kinʼek.
ri ch ʼu ʼ kt ij ru kʼ le j.
p ari kiqʼij kaminaq ib ʼ kb ʼan qʼori kʼy aʼ rech aj : nab ʼe ri nan kutzukuj kan ri aj , kujach ʼoʼ x uquj e ku kʼ e to.
jas kaj b ʼal cha nim ?
utz u choman ik ri ali.
p ari qʼij oxlajuj tijax kinkʼis keb ʼjunab ʼ kinchakun war al.
sib ʼalaj ko , ri kʼakʼ ch ʼat.
jas karaj kub ʼij … ?
ri ch ʼi ch ʼ kasil ab ʼik.
pa ojer qʼalpul x aq x uw iri nim winaq kekʼamowb ʼe.
leu kunaxik le ukab ʼu kʼutun ik are ru kʼ e flor nitina on utun ib ʼaxik le ni furtimo x ch iʼ le flor nitina chech t. b. g.
are ri achi x in ch ʼayow ik.
junachi ub ʼik uʼxu sipaj keb ʼ kʼaʼm ulew rech kab ʼanri tijob ʼal, kamik , kʼo chikaj tij rech ri komon x echpup.
xumal tyoxij cheri aj tij ronoj el le x u kʼut chiuwach.
p ari b ʼe x kiraq junala jim ulsaq ri j, x kikʼamb ʼik.
x ril leb ʼal e ala.
jaskub ʼij ch we ?
leu kunataj em are ru kʼu tzukuxik leu chi kopilpa junu solik ux eʼ le kikʼon le jaʼrech jun nodo.
utz we nu tz ʼiʼ.
j eʼ, ta jin kachapon ik.
kinu loqʼoj le nu t at.
kawaj kimb ʼepa tinamit.
are laʼ kinchakuj .
ri nim aʼq taqwinaq kʼo ket aʼmab ʼal.
we ta x atb ʼe w u kʼ pale tinamit, x a loqʼ ta waʼ we jastaq.
ri kikʼas lemal. wa ixim ulew x a junchima areta tinimit ri ma
ri u kʼ y ab ʼal naju p am .
x atqaj chiup am ri il.
nojim katw aʼik.
we kʼo jun ktu qaʼrik, ¿ la man x oquj eʼ taj kintu qaʼr ri in ?
ojoj w okol ja.
a was kb ʼan kʼaxche jun nim winaq.
x in ch ʼaw ap an ru kʼ lewa nab ʼ.
kʼax ri up am ri ju ʼ l.
ta jin ke waʼ ri i mul .
la kaj la kuj tzalij la aninaq ?
rumal rech cheri makaj man kʼotau kowin em p iw iʼri ix : ri ix man ix kʼot achi ch ux eʼ ri p ixab ʼ, x a ne ix kʼo ch ux eʼ ri sipan ik.
nim raqan le ch eʼ.
x in chapo.
are letu ʼ r le loqʼoman el .
x a s katkʼojiʼ chiup am ri ch ʼi ch ʼ.
sib ʼalaj nim raqan ri kʼam alb ʼe.
le tz ʼib ʼab ʼal wechin.
in x in toʼw la.
xajekʼu riʼ ri ix kamik riʼ man ix ka xlan winaq tachik; ri ix, ix rech ri ki tinimit rie tyoxlaj taq winaq, ix rech ri rachoch ri dyos.
x intik oxlaj kʼali ch aj.
kaqariq qib ʼ ch weʼq.
sib ʼalaj utz cheri wiʼaj ri tuney.
we najupulik ta x eqajik ...
x in toʼtaj cheri nu chak.
kʼo junchik opub ʼiʼ p um.
poqon ri ik.
x oj b ʼin ik.
xu ch ʼek ronoj el le ret aman ik x paq iʼk kʼaxkwʼin ik x ub ʼan ajkun .
kel ub ʼik p ari jud eʼ a e ktzalij chi ub ʼi jumul p ari galil eʼ a.
x in axib ʼij pa b ʼe.
j eʼ l kʼolem chi a wachoch.
ronoj el ri y aʼtalil pa we qʼataj , tz ʼaqat kiwach, man ktzaq ta kanoq x uquj eʼ man ktas taj.
xu kunaj ley a wab ʼ le aj qʼij.
chi t atab ʼej jas le kimb ʼij.
ch ʼanal ri achi.
pab ʼokoʼ kachakun wiri ta x.
uj kʼo pa uw uq qʼij.
kiʼri ukab ʼ ria qaj .
kʼo rachalal pa tz ʼoloj ch eʼ ripeʼl.
x kilo chi kin kʼoxomaj.
ri u kisakʼu tz ky aʼik chiux eʼ ri tikoʼn.
are taq ch iʼ kaqʼanp u wiʼri jukub ʼ, ri achi chex kʼojiʼri itz elu xlab ʼal ru kʼ, kuta ch rech ri areʼ, are ch kkʼojiʼ ru kʼri areʼ.
na kab ʼantaj taw umal.
x naʼtaj ch ke x e atin ik.
x in paj ri nu t riko.
x eʼok ri p okʼ pa riumex a ri p oʼ x .
ka juluw ri a qʼaʼl chiux eʼ ri tʼu ʼy.
a we ch le ja.
x uj b ʼepa tzu rik.
nab ʼex a to p an ik.
ri ukab ʼ ub ʼiʼ ri nu mam are y a y.
uwaj x aq u kakʼal taqanik (28) .
ma ta kʼo jun kakanaj kanoq, qonoj el koj b ʼek.
e nim aʼq leal tom ab ʼ.
nimu wach ri p oʼ t.
kojon ik p ari utzij wa ixim ulew.
jas x u kʼamb ʼil etz ʼiʼ x a wilo ?
x in p etik , t at.
rib ʼelaju wach.
chi t atab ʼej jas ri kimb ʼij.
j eʼ l ku naʼ riab ʼix chiup am ri quq ulew.
kinb ʼisoj uwach lewal.
x u t ʼuy ub ʼaʼ.
nim ria we qe leʼn x ariqo.
x in eʼ waʼ oq.
ch iʼ ke war wile akʼalab ʼ.
ri nu miʼal x u taq loq jun taq oʼm w uj chiwe.
qʼeʼ lik , ri chajp ari b ʼe.
la utz a wach ? - utz mal tyox, e kʼu ri at ? – utz mal tyox.
x in kos rumal nu chak.
kb ʼeku kʼrieʼ areʼ e ktzalij p ari na s arete keʼu nimaj.
ri joj x u kʼamb ʼik ria kʼ.
kʼo chiwach iʼl cha nim.
kub ʼij chech naʼl kab ʼan cheri a tz ʼib ʼ.
e. . . in kawaj katzjoj b ʼil achwe.
mata x in y aj le ali.
jachin ru kʼ katb ʼe wi?
kʼo sib ʼalaje t aʼmab ʼal p ari may ab ʼ noʼj ib ʼal.
e man x o ri jupuq ke j.
kasumum ri kaqiqʼ.
e kʼo kajib ʼ akʼalab ʼ pale b ʼe.
j eʼ jas ri u t at kkaʼyik.
x aq a t molon el tzij tal.
le nu t at kaloqʼon ch we.
x aqta ne kimb ʼe iw u kʼ.
x ret aʼmaj uch ʼaj ik.
rumal laʼ x koj“ x alqʼat ” cheub ʼiʼ ri komon.
are leu kemik pa s x ret aʼmaj.
riwa tiʼt kub ʼan nari up atan.
kʼakʼ le p oʼ t.
ret aʼm uwach jachin x loqʼow ri p as.
kench ʼab ʼej le akʼalab ʼ.
y aʼtal cha qe qonoj el ri uj winaq utz kaqil qib ʼ.
x kotiʼ pa qʼayesx oqʼ ik.
kawinaq b ʼelejeb ʼ qʼataj.
e kʼo kajib ʼ ral ri i mul, jun saq , jun qʼan, jun qʼeq, jun qʼeqoj , sib ʼalaj ketz ʼan ik , kech ʼopin ik ri alaj taqim ul.
kcholo l ria ch achal.
ketekik ri ikʼ.
xe p etik rech kewaʼ iw u kʼ.
tz atz ri uqʼan il ri akʼ.
x oj tzalij ik x ix eʼ qaqʼatuj ku kʼ leita tinan.
ri y oʼ x taq akʼalab ʼ kekikʼux ria tz ʼyaq.
we achiwex u sipaj junp oʼt ch we x kamik.
kkowin ri kunan el che kunan ik.
x j iqʼ p ari p olow.
x a rumal sib ʼalaj rajawa xik le lo qʼalaj jaʼ, le winaq xkib ʼij : chewe ikʼ riʼ qonoj el kuj b ʼecheu tikik taq ch eʼ.
ri una ne rie rachalal kepe u loq ru kʼri areʼ, kʼatekʼu riʼ, man kekowin taj keqib ʼu koq ru kʼ, rumal rech chee kʼo sib ʼalaj winaq.
rumal rech , cheman kʼo ta jun kkowin cheu kojik jun tikib ʼalil chik chu wach ri kojom chik che are ri jesusk ri sto.
tekʼu riʼ x utz ʼib ʼaj rib ʼ p ari nimalaj tijob ʼal rech aj kuʼn .
ka juluw ri ch ʼumil ch aqʼab ʼ.
kʼisb ʼal kanoq, x oquj eʼ kkam ri ixoq.
le ala x okik.
kʼo p waq pa uwiʼ rimexa.
are kawaj naki nʼe taj.
ri y a wal kukoj ri ali chiux eʼ richa kach are u su ʼt.
naka qa kʼam tuʼb ʼi kamik.
ri aj tij kub ʼij chike: rajawa xik keqachajij ria waj, are u tikoʼn ri a jaw .
x in tijm ukun iwir.
kʼax leu wiʼ taq le nu qʼab ʼ.
x in loqʼjun ilb ʼal wib ʼ.
waʼ we qʼij, nimub ʼantajik.
riu x eʼal riqa tinamit man kasach taj.
x oj b ʼin ik.
ri achalal junam kiwach.
x inwet aʼmaj ri lik w ib ʼ.
nim riu naʼoj waj tij.
m iqʼin ri kʼul.
aj qʼojom ria teʼk .
chele san ik ch eʼ kb ʼan wiri qʼojom.
kape lea we l pa na walj aʼ.
ri meson el ta jin kchakun ik.
utz cha qe kaqatoʼq ib ʼ, taq kʼo kʼax kʼolil , kate we ch iʼ n ri ajaw pa qawiʼ.
x a wilo, x qʼatan le ib ʼoy.
x a t kowinik x ab ʼano.
kiʼri kʼa wex.
kajilil ri b ʼe.
le a lixelb ʼ ik.
areʼ x raj x in b ʼano.
nim we ab ʼ aj.
j eʼ lik u tiʼjo la l ri saq koʼr .
noj inaq ri kej .
we ka tijan x u x man katu toʼta chi u qʼatixik le kʼakʼ y ab ʼilco ronavirus ( 2019 - n co v) .
na nim ta raqan waʼ we ch eʼ.
utz alaj ajchak , ri w el.
¿ jamp aʼ kuj b ʼepa nim aqʼij ?
rajawa xik ta ne laʼ katchakun w u kʼ.
x u taq ch iʼj pa war amp ulew.
man areta ria x wan x elik.
ria wi xx u loqʼ rachoch re nim al.
are ri ixoq x in sikʼin uloq.
ri ch ʼim a kʼatʼon na.
laxib ʼan le i chak ?
kʼi tinamite kʼo pa ch ʼoʼj.
kʼo jupuq chi j chiux eʼ ri ch eʼ.
ri ux aq riab ʼix are uw a rikej.
kawinaq qʼataj.
la kixpep atijob ʼal ?
we kechajix taq le kʼwajacha kinb ʼij ; junalik kʼo jaʼ x uquj eʼ sib ʼalaj saq lo lo j.
x ret aʼmaj.
ri alab ʼom ri ali tomab ʼ ta jin kikitijoj kib ʼ rech su taq , are kakaj ki kib ʼan nim aqa chi jab ʼ chup am ri kikʼas lemal, x uquj e kʼo chik jupuq b ʼixon el chup am ri komon.
la tz ʼu wach ri b ʼe.
kʼakʼ ria ch ʼi ch ʼ.
qonoj el uj,uj may ab ʼ taqwinaq.
noj el qʼij ria tiʼ x kuy uqʼuj le taqaw aj je laʼ pa nikʼaj jaʼ, chiri j ri juyub ʼ ub ʼiʼ tenaʼ.
pa qʼom chik ri siʼ.
kintzukun chela.
kakitij le kinaqʼ, leicha j, le uw aʼlik ru kʼ le j.
xekanaj kan le aj chakib ʼ.
ketik on ri achi jab ʼ.
sib ʼalaj itz el ub ʼantajik ri ch ʼi la kan.
ria teʼk x umal tyoxij cheri ra tiʼt, rumal ri utz alaj noʼj ib ʼal x u kʼut chech.
kkamulix uchak riab ʼix.
laxin utzukuj le tijox el ?
areʼ kachakun ronoj el qʼij.
le e kʼaʼnataq tz ʼiʼ.
saqri j ri plam ux.
jas x a qʼiʼo x a tijo.
jas ru kʼ x kichapwi u tijik le ri kil ?
we kata tin ru kʼ kʼatan jaʼ man kuqʼatej ta le kʼakʼ y ab ʼilco ronavirus .
la katb ʼin paleu x lan b ʼal ?
la war al kʼuxixwaʼ wi?
are le nu t at kinloqʼon ik.
ta jin kchakun ri ala.
kʼo ri kiʼkotemal a w u kʼ.
x uta jachin kaʼek.
x a t waʼ ik x in wilo.
x tzaqri rachoch rumal ri jab ʼ.
pale jun ikʼ chik are nim aqʼij.
e keb ʼäm keb ʼinpa u wiʼri t em.
mem ri achi.
ri wi kanchal iʼ ykel pajuyub ʼ ch wi tz irib ʼal.
le ra jil , la paja xel aqʼaxw uʼb ʼ ik?
p ari su ʼ t p isom wiri le j.
koj p etik kol qa kʼam aʼ.
ta jin katch ʼopin chiuwach ri taqʼaj.
le qʼor x ch ʼuqik.
kʼaxwaʼi maw umal.
kinb ʼison che lewal.
sib ʼalaj kʼokʼ ria watz ʼyaq.
kamik x uj b ʼecheu tikik taq ch eʼ p ari juyub ʼ.
kinu loqʼoj le nu t at.
cha qiʼj chik ri chaj.
xy ilix haw ayi.
na x naʼtaj ta ch kech ix e a tin ik.
ru kʼ kʼuwaʼ we riʼ, ri ix kkʼojiʼ junutz alaji kʼas lemal riʼ ch kiwach ri winaq cheman e kʼo ta iw u kʼ, kʼatekʼu riʼ man kʼot ajun winaq riʼ rajawa xik chiwech.
e petinaq pab ʼe le rachalaxik .
kakaj le akʼalab ʼ kew aʼik.
x uj ch ʼayb ʼik.
ri nu chak are qʼaxel tzij.
kʼo naru x lab ʼ ria waj.
ta jin kel loq, ri qʼij.
x u qʼiʼox kamsaxri rachalal choch.
ri nu mam are kʼo u qʼinomal.
x kʼul mataj jumul, x ub ʼanjun nimalaj jab ʼ, man xb ʼey etaj tana xu kʼis le uy uqʼ chike.
am aʼri nu tz ʼiʼ.
je waʼkat p etik.
x in kosik rumal x in chakun ik
iw ech chi jujunal, ri wa.
x u qʼiʼona x ata tintaj.
in riqtaj inaq p ari kʼayib ʼal.
na we t aʼm taj.
kʼax le nu qʼab ʼ.
utz lex ub ʼij le achi.
kematz ʼib ʼ.
kʼo rachalal pa tz ʼoloj ch eʼ ripeʼl.
ronoj el waʼ we jastaq riʼ, x a s ksach wi uwach waʼ ; ru kʼ we riʼ, ri ix, rajawa xik che kʼo jun tyox laji kʼas lemal e kkʼojiʼri i ch ʼaw em ru kʼri d yos,
x muq taj ri pa tz ʼan .
ri ch ʼi ch ʼ tzijom kanoq p ari u kʼolb ʼal.
man kʼo ta u cholaj pataq ria w uj.
jachike ikʼ leu nim aqʼij le tinamit na wal jaʼ ?
xe p etik x ol kikʼam aʼ.
ka ch uqʼ chu t ri j aʼ chi ap am .
x in b ʼij iwir chi xeb ʼepa armita.
areʼ u x eʼ ojer tzij war al kʼi ch eʼ ub ʼiʼ.
x kʼisri nu siʼ.
jawi xkib ʼij wichi keʼe wi?
¡ xaje kʼu riʼ, jachin taq rie kʼo p ari judeʼa, chicha nim ch eʼ a nim ajub ʼi pataqri juyub ʼ,
kʼakʼ riab ʼ.
la kʼo jun naka kʼoxomaj taj ?
nautz ta leu tʼisom le alma riy.
man y aʼtaltaj chi a we katok pa ja.
j eʼ, x a t utz u kuj.
are kel waj x aqib ʼu qʼij ri x kʼoj ik.
ri xun kur kkʼojiʼ pataq ri triko.
x in sachik.
x u t ʼuy ub ʼaʼ
na nu tom ta le tzij …
wach ʼom ri kiw ari noʼs.
e kʼo job ʼ ch ʼil wakʼ.
rajaw ixik chi pataq ri tijob ʼal, pa nikʼaj ub ʼixik chik
ri rajawr ulew areʼ t at kel.
we kʼux okik , we kʼna xok ta
we achi xu sipaj junp ʼo t ch we.
a t atu taq oʼn le qʼataltzij .
na qʼant a uwach le qap ru t.
ri x aʼ r kʼo pa u wiʼri qʼaqʼ kp oqʼowik.
ri ro qʼej ri ali jachakpe jun akʼal.
kʼo junala pa tijob ʼal.
säqu wiʼri t at aʼ.
ri w itz ikʼ ta jin kpeloq.
jawi x sachon wi ka nu y aʼik le p waq che.
utz we achiwex in kunan ik.
qonoj el kuj waʼ pa u wiʼri mex a.
ri kax laʼn ik man p oqon taj.
in x inb ʼe ru kʼ ri wach iʼl .
sib ʼalaj j eʼl x kilo x e kitzoqopij ri kich ij chilaʼ.
kinb ʼinik x inʼek.
kʼax kʼolik, kach aʼ.
ku tij ixim ria kʼ.
ri ali x chel, xu qʼiʼo xajun akʼ x sipa x che.
x qa sikʼij le ixoq ch utz akiksub ʼ.
mata xab ʼinsaj le ch ʼi ch ʼ.
ri p ix tz ʼar alik rumal ri e qaʼn .
¿ jamp aʼ kel chi 3%
kʼo jun nu kʼo toj ch iʼ aj.
ta jin kewaʼkat ri alab ʼom .
x in loqʼ le nu kʼa kʼapoʼt.
na u tzakik ta sub ʼ ta jinku ʼano
x oju taq ch iʼ ij x oj waʼ ik.
iw e ch riab ʼix.
saqri j richi j.
aj sik cheri tinamit kel wiri t at aʼ.
- ¡ ay ! x a x in tzaqu loq, kʼax we waqan .
x kʼul mataj pajun komon ch iʼ u wachjun juyub ʼ, x u riqa jun qʼij x kiriq kib ʼ junimul ru kʼ le kok.
jas x ataq ch iʼj le akʼal ch u tijik?
x inchapo su x uloqʼo.
qʼinom ri achi.
ri kʼum ktijow ru kʼ kab ʼ.
ta jin kejach ʼan ik.
tz eb ʼal u kemik le pasa w umal.
are kay oʼw le u chi kopil le ub ʼantajik t ry panosoma brucei.
we kat niman ik utz kelik.
pero noʼj imal petnaq loq,.
are le nu chak juntzuq b ʼal wib ʼ.
x kunax ley a wab ʼ rumal le aj qʼij.
ri u kʼuʼx tz ʼib ʼ pa qatzij e lajuj.
sib ʼalaj j eʼ lik rie qab ʼal x ub ʼanri lu ʼ s.
sib ʼalaj atkon.
e man x o ri jupuq ke j.
na x naʼtaj ta ch ke x e a tin ik.
ri kʼam alb ʼex ub ʼij chike, chi maj a ria nim.
jumuch ʼ ri nu junab ʼ.
qʼip taj inaq ri raqan rit em.
kchakun ru kʼri josb ʼal ch eʼ ria jan el.
x ataq ch iʼj le akʼal chu tijik kar.
oj kʼo pale roʼch le a wel.
¿ la kat p eq u kʼ ch weʼq ?
le winaq pale ch ʼi ch ʼet ʼuy ul lo wi.
x kanaj kanoq chiux eʼ ri jab ʼ ri ch ʼaʼn.
nim ri ja.
wetax a kunaj le at at mat axkam laʼ.
na nu kʼamom tu ʼ la riʼ.
ch qa nu kʼuʼri qatzij.
kimb ʼepa le tinamit.
x in qʼiʼo na x in a tintaj.
rajawa xik kakʼaman chawe leu tijik le le j.
kʼisb ʼal taq noʼj ib ʼal.
x in eʼ waʼ oq.
x kib ʼan kʼaxche le uw osaq rumal man utz tachika kayik.
ri qʼutu ʼm man kech ta le akʼalab ʼ.
are na nim ta leatz ʼiʼ chu wach le nu tz ʼiʼ.
x e p etik x ol ki laʼ.
¿ jaw ch iʼ x a t aʼ che xkam riu mam ri p oʼ x ?
e keb ʼ kekʼamb ʼik pa tuj.
x in loqʼjun japa ri w okaj ja.
ria x tu ʼb ʼ, kʼo qulaj chech.
jas karaj kaʼanch utz akik le tiʼij.
x u tij lewa.
x im b ʼal re tzij.
x pa x ri b ʼoʼj.
we kawaj katin toʼo x aq x uwi kab ʼij chiwe.
jas nu kʼu kuch ʼob ʼo.
jas karaj ku tijo?
x e x ru x lab ʼ ri rik il.
enitz ʼaʼq le taqim ul.
we ta ne in x inb ʼanow ik, are le a teʼk xb ʼanow ik.
kintzalij pale nu tinamit.
ri nu ch aqʼ kʼo pa uroʼ qʼatoj tijon ik p ari tijob ʼal.
x in x iʼ j wib ʼ x in ch ʼaw ik.
kʼo ch w aroʼ ch le pare.
chi raqan kab ʼin wiri t at aʼ.
x sachon kan uy aʼik le p waq che choja.
x in qʼax chikix oʼl ri winaq.
ketikon ik.
ri ulew man qech taj, kech ri qatiʼtqam am.
x epe le winaq x ol ki kʼam aʼ.
x u loqʼ ri w uj rumal ri ali.
chewe qʼij kamik kʼo jun nu tzijon em chiri j le nu tinamit.
kej riʼ .
x kunan alaq ch we.
kinu sikʼij le nu nan .
ri i mul x u ch ʼij taj, x kanaj pa b ʼe, rumal ri nimal ku jaluj ri i mul , xu tzaq ria nim.
kub ʼanri ux oqʼoʼl ri aj tz ʼaq.
ri la sib ʼalaj utz che kunab ʼal.
kʼi kiwach rieʼ aj chakib ʼ p ari komon tyox, kʼatekʼu t x a jun chi a jawx el ;
x qa ta chixa tulik.
kawaj chi katʼek.
ch ʼu tiʼn kekanaj ri xajab ʼ chech.
kaqax iʼ j qib ʼ kaqa chapo.
e kʼo keb ʼu kʼ a jol le t atxwan.
lu ʼ sub ʼiʼ ri recham.
aj chi u wiʼm iqʼin jaʼ ri lu ʼ.
x in y akan le nu ch im pa kʼayb ʼal.
kʼatex ri lo , x pe riu nan cheu tzukuxik, x kikotik , xus alab ʼisaj ri taqu x kin.
x kikʼut chiuwach ri aj tij x uquj eʼ chikiwach ri taq nikʼaj kachil.
utz le nu qʼab ʼ.
kul le alw eʼ l pa a u stinch aqʼab ʼ kamik.
ri a teʼk x tzaq loq are chi kʼo pa u wiʼri qʼaʼm.
aj p atanri t eʼk.
x atqaj chiup am ri il.
la kʼo tzij na kikʼoxomaj taj ?
x sachon ch kech ix e atin ik.
ronoj el le ulew ech alaq.
la xeb ʼe kʼulax eʼ kijaq akʼuleu ch iʼ ja?
x aq katch ʼoknaj iwir.
kamik kʼo chiri jastaq a we.
are ch iʼ kakʼis ri junab ʼ kʼo qʼinom.
pa na wal jaʼ x in alexik.
na x int ataj we are ri akʼal kix tzuquw ik.
¡ r ulew ri sab ʼu lo ner ulew ri neftali, ub ʼe ri p olow, r ulew ri jordan, galil eʼ akech ri je taqam aqʼ !
ra x, ra x, ra x, kʼokʼ , kʼokʼ , kʼokʼ le ru x lab ʼ le taq tikoʼn.
achixa t wilo.
paqal ra jil le p ix kamik .
x oj b ʼin ik.
pajun j eʼl tijob ʼal ku tijoj rib ʼ juna kʼal, ub ʼiʼ p oʼ x , utz kurilo kepa tijob ʼal ronoj el taq qʼij.
x waj chixa tʼetaj.
utz laʼ le x ub ʼij leachi.
wet aʼam jachin kap etik.
kin qʼojoman ik.
x in qʼiʼo t akʼalik x inp etik.
areʼ ret aʼm che kino p an ik.
aretab ʼal e qa qajaw cha t toʼw ik.
kawinaq waqib ʼ qʼataj.
na qaj chik cheri uwaq kaj b ʼal are taq ch iʼ ksach uwach ri qʼij, kok ri qʼequ ʼm ch uwach ulew, chi kʼateʼ nari b ʼelejeb ʼ kaj b ʼal.
job ʼ raqan ri tz ʼalam x ep oroxik.
sib ʼalaj ko ri j ri mop.
are waʼ.
je laʼ p ari timinit ch w ika byok rech x elaju ʼ, le qanan qatat kakitikoj eʼ lalaj taq uwach ich aj.
kʼax nuqul .
xuʼlu kʼam aʼ.
koju l kitzukuj.
are man kʼax tau kunaxik are taqan inaq kaʼilitaj we y ab ʼilal x uquj eʼm oj oʼqa kuy aʼ le kʼax kʼolil chech le jolomaj.
ri w el kʼo pa tijon ik.
kawaj kinb ʼij.
ri kotz ʼiʼj kqakoj chiup am ri ja.
qʼeq qʼoj ri j ri am aʼkej.
na x waj taj x inch ʼaw ik.
ch petab ʼal e lo qʼalaj jab ʼ.
x sachon ch ke x a t ki sikʼij.
e le qʼalch ʼi ch ʼ.
jachin x a wilo chi are x tijow ri tiʼ j ?
mat akab ʼe le nu xb ʼal pale tinamit.
p im ru q, ri ali.
¿ kʼo ri mu qʼe chi a we ch ?
kqab ʼij man kekowin taj.
kintij na.
kʼo jun qatʼu ʼypaj a!
kʼo p uj chiup am ri ch ʼaʼk.
are taq kin kosik kin warik.
x a t w aʼik x in wilo
in x in ch ʼayow le achi.
konoj el ri ala xik keʼetz ʼan ik.
jas ru kʼ xkitij wile ki ri kil ?
aninaq il kat p etik .
nara x ta uwach le juyub ʼ.
ri tz ʼalam tz ʼib ʼab ʼal ra x kkayik.
we chat chakun ik, kʼo a wa.
m aʼ t am x a t p echeri w aʼim.
kamul kin waʼna.
ri sik ilk tijow ru kʼik.
kimb ʼe aqʼan ru kʼ le al talin.
x oj ʼek x eʼ qilal arqas ok.
xekiqʼil le aj chakib ʼ x kiw ok le ja.
mat a ne x waj le kʼuhj nem ru kʼ le a teʼk .
are x eʼop anchi uch iʼ ri juyub ʼ, x kilo chiman qast akʼo qʼayes.
kʼatekʼu t, ri jesusman kkojon tach kech rieʼ areʼ, rumal rech che konoj el ret aʼm kiwach,
p aʼ tz ri j ri tz ʼiʼ.
juwinaq waqib ʼ qʼataj.
atel aqʼom.
x aq a t joʼs.
ri qʼatz u, are qʼalaj riu qʼijil.
ajchak we ala.
ub ʼeleju kakʼal taqanik (29).
keb ʼ nu b ʼiʼ kʼolik.
la katzalij lu ʼ la aninaq ?
katzukun la chwe.
la kaj la koj b ʼeʼpale chomal ch weʼq ?
x in nab ʼej ch u tasik qa kʼolib ʼal.
la l x in toʼw ik.
sib ʼalaj a noʼj ib ʼal.
x oj p etik x ol qa kʼam aʼ.
sib ʼalaj j eʼ lik ri u waʼ l ri i ch aj.
kʼax wi j rumal in pa chalik.
are taq x u kʼulmaj waʼ x ul ri uchoman ik x ub ʼij : are utz wa aqʼab ʼ kinwalij ik, are ch aʼ cha nim kinop anpa tijob ʼal, maj chikin kʼulmaj.
ojaj x oj olob ʼ pa a was qʼij.
x in sach che le uw okik le tzij.
e julajuj ria kʼ.
x uta jamp aʼ koj ʼek.
qil ik.
ri tijox el man areta nim chu wach ri raj tij. ri utz tijox el qas je riʼ kʼolik jas ri raj tij.
in x a tin ch ʼayo.
noʼj im chak w umal.
ch ʼur ri joch ʼ.
in kinb ʼij naka t sach taj.
uj may ab ʼ.
riab ʼaj y atzalik.
ta jin kep ixb ʼaxri akʼalab ʼ.
chom ri a q.
x inwa rik.
e lemen konoj el ri akʼalab ʼ.
ta jin kqʼana rik ri we reʼaj.
le u kemik le pa su tz ( chawe ).
x uy u p u b ʼa uwach raʼ chi, ka ch aʼ, .
ri satanas kokp ari judas ri kb ʼix is kariʼotech rech, ri areʼ junch ki x oʼl rie kab ʼ lajuj.
chu chu ri pa r.
kinqu muj ri nu joch ʼ.
chech punción lumbar am aqʼel rajawa xik chech ri lik leu kʼexb ʼem wile nab ʼe ru kʼ le ukab ʼu kʼutun em le y ab ʼilal.
qʼalaj china kawaj taj kab ʼij.
kʼo qʼol chiri j risiʼ.
jawi x oj ʼew ichu loqʼik ?
kʼo u lo ch ʼ ri talin.
qʼan ri j ria tiʼt nu kej.
la x tzalij la iwir ?
x e sikʼixik , kʼatekʼu riʼ x ey aj ik, x uquj eʼ xe taq b ʼiche u sikʼik le mes.
la kixwar ik?
are kʼule pa lomax x ub ʼij che: - mam katb ʼison taj, kin sikʼij nikʼaj wach iʼl ke ra pa p ik.
aʼre e tijox el ab ʼ.
ri alajali siʼ l x ub ʼij x qachappa utzal ri tyox.
x sachon ch ke jachin x e atin ik.
jas x u rayij le a nan x u tijo?
x in kosik.
ra x ronoj el ri qʼayes rumal le jab ʼ.
kiny a waʼ we ch ʼi ch ʼ pin em na utz.
noʼj im u pach ʼu xik le nu wiʼ.
naj kʼo wile w oʼ ch ch uwach le tijob ʼal.
ri okib ʼal kʼo chiuwach ri saq ja.
xe nu taq ch ʼi j kekil le akʼalab ʼ.
kʼo jun qʼoxow em chiwe.
tz ari ch oʼm .
we choj b ʼepa le nima qʼij, keqil le aj x oj olob ʼ.
x oj ʼek x eʼ qilal arqas ok.
ria teʼk x u taʼ chech ri nan toʼn: - nan jasch eʼ chiman kaj ta la qa kʼat isaj ri j oʼq.
ri pa l sib ʼalaj x u ʼ y.
kinkoj ri j okb ʼal ulew.
in kinb ʼij nakatsach taj
atraj kun le nu nan .
ku qam ujuj oron ri aj tzij.
lu ʼ tz ʼalam ub ʼiʼ ri achi kel pa nim ch eʼ.
j eʼ lik u tiʼjo la l ri saq koʼr .
kʼo jun x aʼ r pa ja.
x in loqʼjun kʼakʼ p atan.
kʼa xu kemik le pasaw umal.
aninaq u kemik le pasaw umal
ri ch ʼaʼn sachinaq pataq ab ʼix.
ra x taq le kotz ʼiʼj.
me som kanoq ri up amja.
man areta ralax kosik.
ri komon x ech p u p rech uqʼab ʼ tinamit x oʼl ab ʼaj rech qʼumar kaj.
la u tzakik kʼusub ʼ ta jinku ʼ a no?
kate la!
na x u tij taj.
x a rumal ket aʼm konoj el ri winaq kkiqumuj le jaʼ.
iwir x uj tzalij la pa kʼayb ʼal.
qet aʼm cheri qawakuj u toʼo.
ri aj tij, ky ajon chikech ri akʼalab ʼ.
jas ub ʼanom le nu ch ʼutit at ?
ch weʼq kinb ʼepa nim tinamit.
utz we kiwet aʼmaj jaskub ʼij ri cholb ʼal qʼij.
ta jin kat ji low cheu qʼoxom jolomaj.
x in ti kqʼax chiuwach ri ja.
kʼax le kib ʼe le winaq.
loqʼ katkun taj che ley ab ʼil (covid -19 ).
ri nu xib ʼal kel pa qaj b ʼal qʼij.
x ril ria xwan chix waʼ ri ala.
le ali xkunataj ik.
we ta kape le jab ʼ kamik.
x inwet aʼmaj china x a t pe taj.
ri p waq rech we qʼataj riʼ kesax chech ri toj b ʼal kʼayin em.
kti j ri uw aʼlik rumal ri kinim aqʼij.
x uchap u kunaxik.
chatan loq ali.
x in x u liʼ qaj oq.
j eʼ lik ktijow ri taqik ox.
kʼatekʼu ri leta t x oʼr x ub ʼij, man kawaj taj, man kawaj taj.
kʼo juntz ʼiʼ pa b ʼe.
kamul x inpe che atzukuxik .
man ta jin ta kinchakun ik.
kin chakun ik rech katw aʼik.
jas ru kʼ xawil wichix kiqupij wile tiʼj.
jas ub ʼixik … ?
koqʼ ri akʼal.
kawaj naka tʼetaj.
x atqʼaj ik.
wem na cha lo qʼax iy al , na kimb ʼe ta a w u kʼ.
x op an lew ujaw u kʼ rumal wechin.
are kʼut pale juyub ʼ kkʼiyj oron, chilaʼ xeki kʼamaw iri j aʼ ri winaq.
koqʼ ri akʼal.
we kʼo ara jil chakʼam aloq.
are sib ʼalaj kaq le ap oʼt chu wach le nu poʼt.
x inkʼastaj pa kab ʼ lajuj kaj b ʼal.
kaqoy ʼej na kixpet aj.
koka xim ri chi j x a je laʼ man kanimaj tab ʼik.
ri kok nojim xb ʼek , xu ch ʼi jox op anpa u kʼisb ʼalil le anim.
x oj kiʼkotik are taq x a tu lik.
kaqitz ʼnaj ri ux a jab ʼ ri akʼal.
ri jesusk waʼ katp ari nim rachoch ri dyos, chu x eʼ ri jun jache rachoch ri salomon.
we taqanik riʼ kub ʼij chi rajawa xik ky aʼu qʼij ri winaq x uquj eʼ ktoʼ aninaq il.
ria xu x are na riu kun el ri kinaqʼ.
are taq waʼ ri u qʼijol we taqanik.
kʼo jun tab ʼal pa u wiʼri x kanul ub ʼiʼ lajuj noʼj.
y uʼl ub ʼanom ri ukolob ʼ rikej.
xanimaj ri akʼal chiuwach ri u chu ch.
kkunan ri achi.
kinw aʼik rech na kiny owaj taj.
aj x ik ch ʼi ch ʼ ri lu ʼ s.
kwaj che ix kixb ʼanow ik.
aʼre x etoʼ wala q.
x oj ʼek x eʼ qilal arqas ok.
x in loqʼ junch ʼi ch ʼ, qaj inaq uwach.
kutʼis ri p an talon.
e janipa le a wal kʼwal e kʼolik ?
utz u kemik le pa s chawe.
ri max are aj qʼan iy aʼ.
mat ab ʼachi riq kʼaxpale b ʼe.
ta jin kanimaj, ri meʼs.
ix ix eʼl aqʼomab ʼ!
x sachan chwe.
e kʼo kʼi ch eʼ, chiuwach ri juyub ʼ.
are waʼ ri nimalaj p ixab ʼe are waʼ ri nab ʼe.
x ret aʼmaj chi ru kʼ pakʼ ku tij wi
jas utz akik le sub ʼ x u ʼ a no?
aj x oʼy ri wikan.
we ta ne aʼre x e tijow le ri kil, are le komon x etijowik.
sib ʼalaj aninaq kach ʼaw le areʼ chi nu wachin.
utz we kinchakuj .
meʼs laʼ.
kʼo kan warech kaqatijo.
x insi kʼij la.
ri akʼal x sach kanoq je laʼ pataq ʼaj.
x e sikʼij la.
jawi xkib ʼij wichi keʼe wi?
rumal che, man ix tariʼ ri kix ch ʼawik, are ri rux lab ʼa xel ri i t at riʼ rik ch ʼaw na iw u kʼ ri ix.
kʼakʼ ri wachoch.
sib ʼalaj utz kinwil leatz ʼyaq rech nahuala.
saq por kkayri kip oʼt ri nan.
x sachon ri nu chak ch we.
waʼim x uchapo.
ri qʼaqʼ ta jinka juluw ik.
na jil up am ri siwan.
e kʼo riqachalal pa chiuw iʼla.
jas x ataq ch iʼj le akʼal ch u tijik?
noʼj im u kemik le pasa w umal.
kʼo jun ku kub ʼiʼ tintin, waʼ le laj ku kmam kaje qitaj , kap aqika xulik pa uwiʼ uqʼab ʼ taq ch eʼ, sib ʼalaj sakʼaj , keʼu to lee nim aʼq, ch ʼutin, rach iʼl , aj sipan el sib ʼalaj utz ra nimaʼ.
ri up ixab ʼ le qʼatb ʼaltzij kiy aʼub ʼixik.
na x sachonta ch ke x e a tin ik.
x eq il le chikop p u wileja.
x loʼ taj ri akʼal.
qonoj el kuj waʼ pa u wiʼri mex a.
x sik ir lewaqan.
la x at waʼ kʼut ?
nimub ʼaqʼ ri t ulul.
kinxikʼi kʼik x in qʼaxik.
la katb ʼepa le tinamit ?
ri p al sib ʼalaj saqʼor.
kqʼoxow nu jalom.
x in naʼo chi kat p etik.
x loqʼ ulew iwechix.
x in chakun ru kʼri nu mam.
na x qab ʼantaj.
kkʼojiʼ b ʼaʼ ri u sipan ik ria jaw x el jesusk risto ru kʼ ria w u x lab ʼal !
kinch ʼaw ru kʼ le nu nan pale ch ʼaw eb ʼal.
sib ʼalaj qʼequ ʼm rumal ri may ul.
are le bax u lik.
x ekos le ix oqib ʼ pale b ʼe.
kʼaxri lik le akʼal chawe.
x in qʼiʼo x inatin paj oron.
sib ʼalaj nim le tinamit.
kʼa xu kemik le pasaw umal.
x in sachik.
ta jin kel u kikʼel pa raqan ri tz ʼiʼ.
x inwet aʼmaj ri lik w ib ʼ
ri qʼuqʼ are jun j eʼl chikop.
kʼo paja tijob ʼal ri w ik aqʼ.
ri sachib ʼal mak rajwaxik chi qa x oʼl .
j eʼ, kimb ʼek.
je la l eʼri nu p wiʼ.
x ub ʼij che:- jas x ab ʼano tintin ?
kab ʼanjun toqʼob ʼ ky ak ri nu jal.
kat ʼek x inta.
jas leu kʼexb ʼem rib ʼ le jun ru kʼ le junchik ?
aj chi u wiʼm iqʼin jaʼ ri lu ʼ.
ri tijon el naj kpe wi.
teʼ kix chob ʼ ub ʼiʼ ri nu t at.
ri j aʼ kamiqʼik chiuwach ri qʼaqʼ.
ri tʼu ʼyk pa qʼow ik.
kinme son na.
na qaj at kʼo wi chiwech.
x in b ʼisonik taq na x a t pet taj.
we xkam ri winaq , ri p waq rech toj b ʼal makaj ky aʼ chikech ri ralaxik.
ri nu nan xb ʼepa kʼayb ʼal.
x oju kʼamu loq rech koj ri lo
x kʼoto chin chikiwach chikin waʼ a w u kʼ.
na x kikamsaj taj x kikʼamb ʼi choja.
kʼakʼ ri ikʼ kamik.
x im b ʼe ru kʼ le aj kun iwir .
ri lik.
le tz ʼiʼ x ekosik.
x inkikota w umal.
ri i mul x umaj ria nim , x uy akan le kok.
kʼo oj cheri akʼal.
x uj b ʼe pajun kʼulan em.
utz we kwar alaq.
kaqilo china koju kʼam taj.
x ret aʼmaj chi ru kʼ pa kʼkutij wi.
sib ʼalaj x in kʼaʼna rik.
x inko chi j ri nu wa.
man kat kowin taj katchakun ik, we man kʼo ta ria jil ab ʼal.
we w onon x ub ʼij chike: - kix into.
ri ala nim kril wiri u mam.
x kaʼychiri j, x kaʼych uwach, ma kʼo ta chi jun ksi lob ʼik , x oq ʼik x u x eʼ j rib ʼ x ch ʼopin ik x tzalij loq x u riq tachik riub ʼe.
kʼo p u scheriwa.
pin em nakab ʼe lewatz, kimb ʼe wi in pa kaʼyib ʼal.
ri nan toʼn nim winaq chik, saq uwiʼ, ronoj el aqʼab ʼ utz ku naʼo kat ʼuy iʼ pa utem , ku miqʼisaj rib ʼ chori qʼij, kʼo junu wiʼu mam ub ʼiʼ a teʼk .
man e kʼitaj riqu laʼ.
qʼalaj china kawaj taj kab ʼij
x pa qab ʼisaxra jil ronoj el ri kem.
kʼo p ari jul ri kumatz.
ronoj el qʼij kinch ʼaj le nu ware.
saq chi kan le ich aj rech katzako.
chu x el e qachomal kaqatij wijun qam eqʼin.
cha wilaʼ.
e kʼo job ʼu miʼal, ri nu t at.
jas ru kʼ x a wilwi
j eʼ jas ri winaq rech ri uwach ulew, x oquj eʼ kepena riʼ ri eʼ areʼ chee rech ri uwach ulew; j eʼ jas ri winaq rech ri kaj, x oquj eʼ kepe nariʼ ri eʼ areʼ e rech ri kaj.
x in tijo.
ktz ʼuj uw ri rachoch ri p oʼ x .
x u qʼiʼo are leu kʼulel xy aʼow u wa.
ria welx ret aʼmaj chi rajawa xik man kux ej tarib ʼ cheri tu kur .
ju kʼulaj winaq x eʼ a nimaj b ʼik.
j eʼ, x in tzalij ik.
x oj p etik x ol qa kʼam aʼ.
maj jachin x ʼek.
in aj tij; at tijox el .
saqu wiʼri t ataʼ.
we ch ri kem.
le roʼch le at eʼk kʼo ch wach leu kʼayle nu nan.
kb ʼepa ri si riʼ aep ari si lisiʼa, jawi j eʼ kuy a wiri kich uqʼab ʼ ri komon tyox.
p ixab ʼ: man utz taj kʼax kujch ʼaw chiki j nikʼaj qa chil.
x kunataj le ali ( kumal ri ix oqib ʼ ).
ri x ib ʼib ʼal chi kʼowi pataq ri qa kʼas lemal ronoj el qʼij.
na kuj war ta war al.
on che kkʼojiʼri utz il chix oʼl , are ch junam riqa kojon ik, junam ri iw ech ix ru kʼri we chin.
pa ox qʼij ri s aʼn kb ʼe naru kʼri aj kun .
kawinaq w uqub ʼ.
jas kawaj kintijo?
wet ax atb ʼe w u kʼ pale tinamit, x a loqʼtal aʼ leu jastaq le akʼa jol.
keb ʼepa waʼim.
x in loqʼ kʼiwa.
pajun nim kʼach eʼlaj, kʼo jun kʼwaʼ sib ʼalaj saq loloj , nim uwach.
kwaj katij jub ʼaʼwa.
ronoj el winaq kril na ri ukolon em ri dyos ».
x kʼoto chin chikiwach chikin waʼ a w u kʼ
kwaj naka tʼetaj.
la x a loqʼ junalej ?
ekʼori e loqʼoman el .
ri ukab ʼ ub ʼiʼ ri nu mam are y a y.
kin j opij ri ij aʼ rech triko.
x naʼtaj ch ke x e atin ik.
x a teʼ qilaʼ.
kakitija lan x a x ri winaq.
. . . kinb ʼij chi are waʼ sin x iʼ an.
na x in nab ʼej ta chu tasik qa kʼolib ʼal.
rumal rech chewe ri in, kinch ʼaw ru kʼri dyos pa ch ʼab ʼal, kch ʼaw nakʼu riʼ ri w ux lab ʼal ru kʼri dyos , kʼate kʼut man kʼotau p atanriʼ ch rech ri nu chomab ʼal.
x e p etik xkilo.
x u ta we katʼek.
utz u kemik le pa s chawe.
ri nu wakax x utij jun qʼoqʼ rumal riʼ x kamik.
rumal ri kʼix, man kew aʼtaj ri winaq.
x eʼu lik.
qʼeq ri j ri am aʼ chi j.
x raj kaʼele unan .
junam kijunab ʼ.
na qʼalaj taj wekaʼek.
ri w ix nam ch ʼaj ch ʼoj ri rachoch.
war al man kʼotaj a jawal.
na iwir ta x ril le kʼamolb ʼe.
x inpe loq tekʼu riʼ x in tzukuj ronoj el ri nu ra jil.
ri aj tikon el ku tik ri tzij.
kʼo e kikʼajol le achi jab ʼ.
ku tij qʼayes ri ix p aʼch.
p ari waʼ b ʼal e kʼo kawinaq achi jab ʼ.
si p oj inaq ri nu p am .
kay aʼtajik ru kʼutiʼ on em jun ri u riqom le y ab ʼilam olot setsé x uquj eʼ are kay aʼtaj pataqri juyub ʼ.
jachin ri achi ?
ri nu mam x kamik are taq kʼo jumuch ʼ lajuju junab ʼ.
kin kowin ik kinkʼamb ʼilep waq.
kinwilo chi utz ri aj iʼ.
x in qʼil ri ap oʼ x cheman kachakun taj.
kwaʼ chiuwach le taqʼaj ri am aʼakʼ.
ri i mul x ep oqʼik pajun ikʼ.
x kʼis kanoq ri qachak.
are ri ali xoj ilow kanoq.
sib ʼalaj ch ʼu ʼ j ri amax.
kʼo nu wach iʼ.
incha jin el kech le akʼalab ʼ.
xekos letz ʼiʼ.
kinb ʼenaku kʼri molaj.
ronoj el aqʼab ʼ kinyitz ʼri wakax.
kara pinik x u tzukuj chijuna waj.
leu kemik le p asaninaq ( a w umal ).
maju ra jil le qʼab ʼ arel.
kʼaxriʼ ri kach ʼaw ik.
x oju taq ch iʼj le achi chu loqʼiki chaj.
sib ʼalaj kʼaxrix kʼulma xik.
x kilo china kin kʼoxomaj taj.
x naʼtaj ch kech ix e a tin ik.
x kʼoto chin chikiwach chixo jalw oʼ qa ku kʼ.
jun qʼuʼq ra jil ri kax laʼnwa.
x in wilo chix eʼel ik.
e kʼo ix oqib ʼ pale kʼayb ʼal.
man kʼotaju kʼisik ri may ab ʼaj lab ʼalil.
ri sink kʼiy pataq ʼaj.
ri ch ʼim a man kkʼiytaj pataq ʼaj.
rajawa xik kjikik ri waqän .
kawaj kinʼek.
e kʼo oxib ʼakʼ.
xub ʼij ch we jawi at kʼo wi.
ch weʼq kuj b ʼeʼpa mu quj .
pasaq kʼaj aʼ kb ʼan wiri uq.
x oj ki sikʼij.
x inwil wib ʼ.
ch aqʼ chik riwa.
kimb ʼe naka pale w oʼ ch .
kawaj kinʼek.
ri ch ʼu ʼ kt ij ru kʼ le j.
p ari kiqʼij kaminaq ib ʼ kb ʼan qʼori kʼy aʼ rech aj : nab ʼe ri nan kutzukuj kan ri aj , kujach ʼoʼ x uquj e ku kʼ e to.
jas kaj b ʼal cha nim ?
utz u choman ik ri ali.
p ari qʼij oxlajuj tijax kinkʼis keb ʼjunab ʼ kinchakun war al.
sib ʼalaj ko , ri kʼakʼ ch ʼat.
jas karaj kub ʼij … ?
ri ch ʼi ch ʼ kasil ab ʼik.
pa ojer qʼalpul x aq x uw iri nim winaq kekʼamowb ʼe.
leu kunaxik le ukab ʼu kʼutun ik are ru kʼ e flor nitina on utun ib ʼaxik le ni furtimo x ch iʼ le flor nitina chech t. b. g.
are ri achi x in ch ʼayow ik.
junachi ub ʼik uʼxu sipaj keb ʼ kʼaʼm ulew rech kab ʼanri tijob ʼal, kamik , kʼo chikaj tij rech ri komon x echpup.
xumal tyoxij cheri aj tij ronoj el le x u kʼut chiuwach.
p ari b ʼe x kiraq junala jim ulsaq ri j, x kikʼamb ʼik.
x ril leb ʼal e ala.
jaskub ʼij ch we ?
leu kunataj em are ru kʼu tzukuxik leu chi kopilpa junu solik ux eʼ le kikʼon le jaʼrech jun nodo.
utz we nu tz ʼiʼ.
j eʼ, ta jin kachapon ik.
kinu loqʼoj le nu t at.
kawaj kimb ʼepa tinamit.
are laʼ kinchakuj .
ri nim aʼq taqwinaq kʼo ket aʼmab ʼal.
we ta x atb ʼe w u kʼ pale tinamit, x a loqʼ ta waʼ we jastaq.
ri kikʼas lemal. wa ixim ulew x a junchima areta tinimit ri ma
ri u kʼ y ab ʼal naju p am .
x atqaj chiup am ri il.
nojim katw aʼik.
we kʼo jun ktu qaʼrik, ¿ la man x oquj eʼ taj kintu qaʼr ri in ?
ojoj w okol ja.
a was kb ʼan kʼaxche jun nim winaq.
x in ch ʼaw ap an ru kʼ lewa nab ʼ.
kʼax ri up am ri ju ʼ l.
ta jin ke waʼ ri i mul .
la kaj la kuj tzalij la aninaq ?
rumal rech cheri makaj man kʼotau kowin em p iw iʼri ix : ri ix man ix kʼot achi ch ux eʼ ri p ixab ʼ, x a ne ix kʼo ch ux eʼ ri sipan ik.
nim raqan le ch eʼ.
x in chapo.
are letu ʼ r le loqʼoman el .
x a s katkʼojiʼ chiup am ri ch ʼi ch ʼ.
sib ʼalaj nim raqan ri kʼam alb ʼe.
le tz ʼib ʼab ʼal wechin.
in x in toʼw la.
xajekʼu riʼ ri ix kamik riʼ man ix ka xlan winaq tachik; ri ix, ix rech ri ki tinimit rie tyoxlaj taq winaq, ix rech ri rachoch ri dyos.
x intik oxlaj kʼali ch aj.
kaqariq qib ʼ ch weʼq.
sib ʼalaj utz cheri wiʼaj ri tuney.
we najupulik ta x eqajik ...
x in toʼtaj cheri nu chak.
kʼo junchik opub ʼiʼ p um.
poqon ri ik.
x oj b ʼin ik.
xu ch ʼek ronoj el le ret aman ik x paq iʼk kʼaxkwʼin ik x ub ʼan ajkun .
kel ub ʼik p ari jud eʼ a e ktzalij chi ub ʼi jumul p ari galil eʼ a.
x in axib ʼij pa b ʼe.
j eʼ l kʼolem chi a wachoch.
ronoj el ri y aʼtalil pa we qʼataj , tz ʼaqat kiwach, man ktzaq ta kanoq x uquj eʼ man ktas taj.
xu kunaj ley a wab ʼ le aj qʼij.
chi t atab ʼej jas le kimb ʼij.
ch ʼanal ri achi.
pab ʼokoʼ kachakun wiri ta x.
uj kʼo pa uw uq qʼij.
kiʼri ukab ʼ ria qaj .
kʼo rachalal pa tz ʼoloj ch eʼ ripeʼl.
x kilo chi kin kʼoxomaj.
ri u kisakʼu tz ky aʼik chiux eʼ ri tikoʼn.
are taq ch iʼ kaqʼanp u wiʼri jukub ʼ, ri achi chex kʼojiʼri itz elu xlab ʼal ru kʼ, kuta ch rech ri areʼ, are ch kkʼojiʼ ru kʼri areʼ.
na kab ʼantaj taw umal.
x naʼtaj ch ke x e atin ik.
x in paj ri nu t riko.
x eʼok ri p okʼ pa riumex a ri p oʼ x .
ka juluw ri a qʼaʼl chiux eʼ ri tʼu ʼy.
a we ch le ja.
x uj b ʼepa tzu rik.
nab ʼex a to p an ik.
ri ukab ʼ ub ʼiʼ ri nu mam are y a y.
uwaj x aq u kakʼal taqanik (28) .
ma ta kʼo jun kakanaj kanoq, qonoj el koj b ʼek.
e nim aʼq leal tom ab ʼ.
nimu wach ri p oʼ t.
kojon ik p ari utzij wa ixim ulew.
jas x u kʼamb ʼil etz ʼiʼ x a wilo ?
x in p etik , t at.
rib ʼelaju wach.
chi t atab ʼej jas ri kimb ʼij.
j eʼ l ku naʼ riab ʼix chiup am ri quq ulew.
kinb ʼisoj uwach lewal.
x u t ʼuy ub ʼaʼ.
nim ria we qe leʼn x ariqo.
x in eʼ waʼ oq.
ch iʼ ke war wile akʼalab ʼ.
ri nu miʼal x u taq loq jun taq oʼm w uj chiwe.
qʼeʼ lik , ri chajp ari b ʼe.
la utz a wach ? - utz mal tyox, e kʼu ri at ? – utz mal tyox.
x in kos rumal nu chak.
kb ʼeku kʼrieʼ areʼ e ktzalij p ari na s arete keʼu nimaj.
ri joj x u kʼamb ʼik ria kʼ.
kʼo chiwach iʼl cha nim.
kub ʼij chech naʼl kab ʼan cheri a tz ʼib ʼ.
e. . . in kawaj katzjoj b ʼil achwe.
mata x in y aj le ali.
jachin ru kʼ katb ʼe wi?
kʼo sib ʼalaje t aʼmab ʼal p ari may ab ʼ noʼj ib ʼal.
e man x o ri jupuq ke j.
kasumum ri kaqiqʼ.
e kʼo kajib ʼ akʼalab ʼ pale b ʼe.
j eʼ jas ri u t at kkaʼyik.
x aq a t molon el tzij tal.
le nu t at kaloqʼon ch we.
x aqta ne kimb ʼe iw u kʼ.
x ret aʼmaj uch ʼaj ik.
rumal laʼ x koj“ x alqʼat ” cheub ʼiʼ ri komon.
are leu kemik pa s x ret aʼmaj.
riwa tiʼt kub ʼan nari up atan.
kʼakʼ le p oʼ t.
ret aʼm uwach jachin x loqʼow ri p as.
kench ʼab ʼej le akʼalab ʼ.
y aʼtal cha qe qonoj el ri uj winaq utz kaqil qib ʼ.
x kotiʼ pa qʼayesx oqʼ ik.
kawinaq b ʼelejeb ʼ qʼataj.
e kʼo kajib ʼ ral ri i mul, jun saq , jun qʼan, jun qʼeq, jun qʼeqoj , sib ʼalaj ketz ʼan ik , kech ʼopin ik ri alaj taqim ul.
kcholo l ria ch achal.
ketekik ri ikʼ.
xe p etik rech kewaʼ iw u kʼ.
tz atz ri uqʼan il ri akʼ.
x oj tzalij ik x ix eʼ qaqʼatuj ku kʼ leita tinan.
ri y oʼ x taq akʼalab ʼ kekikʼux ria tz ʼyaq.
we achiwex u sipaj junp oʼt ch we x kamik.
kkowin ri kunan el che kunan ik.
x j iqʼ p ari p olow.
x a rumal sib ʼalaj rajawa xik le lo qʼalaj jaʼ, le winaq xkib ʼij : chewe ikʼ riʼ qonoj el kuj b ʼecheu tikik taq ch eʼ.
ri una ne rie rachalal kepe u loq ru kʼri areʼ, kʼatekʼu riʼ, man kekowin taj keqib ʼu koq ru kʼ, rumal rech chee kʼo sib ʼalaj winaq.
rumal rech , cheman kʼo ta jun kkowin cheu kojik jun tikib ʼalil chik chu wach ri kojom chik che are ri jesusk ri sto.
tekʼu riʼ x utz ʼib ʼaj rib ʼ p ari nimalaj tijob ʼal rech aj kuʼn .
ka juluw ri ch ʼumil ch aqʼab ʼ.
kʼisb ʼal kanoq, x oquj eʼ kkam ri ixoq.
le ala x okik.
kʼo p waq pa uwiʼ rimexa.
are kawaj naki nʼe taj.
ri y a wal kukoj ri ali chiux eʼ richa kach are u su ʼt.
naka qa kʼam tuʼb ʼi kamik.
ri aj tij kub ʼij chike: rajawa xik keqachajij ria waj, are u tikoʼn ri a jaw .
x in tijm ukun iwir.
kʼax leu wiʼ taq le nu qʼab ʼ.
x in loqʼjun ilb ʼal wib ʼ.
waʼ we qʼij, nimub ʼantajik.
riu x eʼal riqa tinamit man kasach taj.
x oj b ʼin ik.
ri achalal junam kiwach.
x inwet aʼmaj ri lik w ib ʼ.
nim riu naʼoj waj tij.
m iqʼin ri kʼul.
aj qʼojom ria teʼk .
chele san ik ch eʼ kb ʼan wiri qʼojom.
kape lea we l pa na walj aʼ.
ri meson el ta jin kchakun ik.
utz cha qe kaqatoʼq ib ʼ, taq kʼo kʼax kʼolil , kate we ch iʼ n ri ajaw pa qawiʼ.
x a wilo, x qʼatan le ib ʼoy.
x a t kowinik x ab ʼano.
kiʼri kʼa wex.
kajilil ri b ʼe.
le a lixelb ʼ ik.
areʼ x raj x in b ʼano.
nim we ab ʼ aj.
j eʼ lik u tiʼjo la l ri saq koʼr .
noj inaq ri kej .
we ka tijan x u x man katu toʼta chi u qʼatixik le kʼakʼ y ab ʼilco ronavirus ( 2019 - n co v) .
na nim ta raqan waʼ we ch eʼ.
utz alaj ajchak , ri w el.
¿ jamp aʼ kuj b ʼepa nim aqʼij ?
rajawa xik ta ne laʼ katchakun w u kʼ.
x u taq ch iʼj pa war amp ulew.
man areta ria x wan x elik.
ria wi xx u loqʼ rachoch re nim al.
are ri ixoq x in sikʼin uloq.
ri ch ʼim a kʼatʼon na.
laxib ʼan le i chak ?
kʼi tinamite kʼo pa ch ʼoʼj.
kʼo jupuq chi j chiux eʼ ri ch eʼ.
ri ux aq riab ʼix are uw a rikej.
kawinaq qʼataj.
la kixpep atijob ʼal ?
we kechajix taq le kʼwajacha kinb ʼij ; junalik kʼo jaʼ x uquj eʼ sib ʼalaj saq lo lo j.
x ret aʼmaj.
ri alab ʼom ri ali tomab ʼ ta jin kikitijoj kib ʼ rech su taq , are kakaj ki kib ʼan nim aqa chi jab ʼ chup am ri kikʼas lemal, x uquj e kʼo chik jupuq b ʼixon el chup am ri komon.
la tz ʼu wach ri b ʼe.
kʼakʼ ria ch ʼi ch ʼ.
qonoj el uj,uj may ab ʼ taqwinaq.
noj el qʼij ria tiʼ x kuy uqʼuj le taqaw aj je laʼ pa nikʼaj jaʼ, chiri j ri juyub ʼ ub ʼiʼ tenaʼ.
pa qʼom chik ri siʼ.
kintzukun chela.
kakitij le kinaqʼ, leicha j, le uw aʼlik ru kʼ le j.
xekanaj kan le aj chakib ʼ.
ketik on ri achi jab ʼ.
sib ʼalaj itz el ub ʼantajik ri ch ʼi la kan.
ria teʼk x umal tyoxij cheri ra tiʼt, rumal ri utz alaj noʼj ib ʼal x u kʼut chech.
kkamulix uchak riab ʼix.
laxin utzukuj le tijox el ?
areʼ kachakun ronoj el qʼij.
le e kʼaʼnataq tz ʼiʼ.
saqri j ri plam ux.
jas x a qʼiʼo x a tijo.
jas ru kʼ x kichapwi u tijik le ri kil ?
we kata tin ru kʼ kʼatan jaʼ man kuqʼatej ta le kʼakʼ y ab ʼilco ronavirus .
la katb ʼin paleu x lan b ʼal ?
la war al kʼuxixwaʼ wi?
are le nu t at kinloqʼon ik.
ta jin kchakun ri ala.
kʼo ri kiʼkotemal a w u kʼ.
x uta jachin kaʼek.
x a t waʼ ik x in wilo.
x tzaqri rachoch rumal ri jab ʼ.
pale jun ikʼ chik are nim aqʼij.
e keb ʼäm keb ʼinpa u wiʼri t em.
mem ri achi.
ri wi kanchal iʼ ykel pajuyub ʼ ch wi tz irib ʼal.
le ra jil , la paja xel aqʼaxw uʼb ʼ ik?
p ari su ʼ t p isom wiri le j.
koj p etik kol qa kʼam aʼ.
ta jin katch ʼopin chiuwach ri taqʼaj.
le qʼor x ch ʼuqik.
kʼaxwaʼi maw umal.
kinb ʼison che lewal.
sib ʼalaj kʼokʼ ria watz ʼyaq.
kamik x uj b ʼecheu tikik taq ch eʼ p ari juyub ʼ.
kinu loqʼoj le nu t at.
cha qiʼj chik ri chaj.
xy ilix haw ayi.
na x naʼtaj ta ch kech ix e a tin ik.
ru kʼ kʼuwaʼ we riʼ, ri ix kkʼojiʼ junutz alaji kʼas lemal riʼ ch kiwach ri winaq cheman e kʼo ta iw u kʼ, kʼatekʼu riʼ man kʼot ajun winaq riʼ rajawa xik chiwech.
e petinaq pab ʼe le rachalaxik .
kakaj le akʼalab ʼ kew aʼik.
x uj ch ʼayb ʼik.
ri nu chak are qʼaxel tzij.
kʼo naru x lab ʼ ria waj.
ta jin kel loq, ri qʼij.
x u qʼiʼox kamsaxri rachalal choch.
ri nu mam are kʼo u qʼinomal.
x kʼul mataj jumul, x ub ʼanjun nimalaj jab ʼ, man xb ʼey etaj tana xu kʼis le uy uqʼ chike.
am aʼri nu tz ʼiʼ.
je waʼkat p etik.
x in kosik rumal x in chakun ik
iw ech chi jujunal, ri wa.
x u qʼiʼona x ata tintaj.
in riqtaj inaq p ari kʼayib ʼal.
na we t aʼm taj.
kʼax le nu qʼab ʼ.
utz lex ub ʼij le achi.
kematz ʼib ʼ.
kʼo rachalal pa tz ʼoloj ch eʼ ripeʼl.
ronoj el waʼ we jastaq riʼ, x a s ksach wi uwach waʼ ; ru kʼ we riʼ, ri ix, rajawa xik che kʼo jun tyox laji kʼas lemal e kkʼojiʼri i ch ʼaw em ru kʼri d yos,
x muq taj ri pa tz ʼan .
ri ch ʼi ch ʼ tzijom kanoq p ari u kʼolb ʼal.
man kʼo ta u cholaj pataq ria w uj.
jachike ikʼ leu nim aqʼij le tinamit na wal jaʼ ?
xe p etik x ol kikʼam aʼ.
ka ch uqʼ chu t ri j aʼ chi ap am .
x in b ʼij iwir chi xeb ʼepa armita.
areʼ u x eʼ ojer tzij war al kʼi ch eʼ ub ʼiʼ.
x kʼisri nu siʼ.
jawi xkib ʼij wichi keʼe wi?
¡ xaje kʼu riʼ, jachin taq rie kʼo p ari judeʼa, chicha nim ch eʼ a nim ajub ʼi pataqri juyub ʼ,
kʼakʼ riab ʼ.
la kʼo jun naka kʼoxomaj taj ?
nautz ta leu tʼisom le alma riy.
man y aʼtaltaj chi a we katok pa ja.
j eʼ, x a t utz u kuj.
are kel waj x aqib ʼu qʼij ri x kʼoj ik.
ri xun kur kkʼojiʼ pataq ri triko.
x in sachik.
x u t ʼuy ub ʼaʼ
na nu tom ta le tzij …
wach ʼom ri kiw ari noʼs.
e kʼo job ʼ ch ʼil wakʼ.
rajaw ixik chi pataq ri tijob ʼal, pa nikʼaj ub ʼixik chik
ri rajawr ulew areʼ t at kel.
we kʼux okik , we kʼna xok ta
we achi xu sipaj junp ʼo t ch we.
a t atu taq oʼn le qʼataltzij .
na qʼant a uwach le qap ru t.
ri x aʼ r kʼo pa u wiʼri qʼaqʼ kp oqʼowik.
ri ro qʼej ri ali jachakpe jun akʼal.
kʼo junala pa tijob ʼal.
säqu wiʼri t at aʼ.
ri w itz ikʼ ta jin kpeloq.
jawi x sachon wi ka nu y aʼik le p waq che.
utz we achiwex in kunan ik.
qonoj el kuj waʼ pa u wiʼri mex a.
ri kax laʼn ik man p oqon taj.
in x inb ʼe ru kʼ ri wach iʼl .
sib ʼalaj j eʼl x kilo x e kitzoqopij ri kich ij chilaʼ.
kinb ʼinik x inʼek.
kʼax kʼolik, kach aʼ.
ku tij ixim ria kʼ.
ri ali x chel, xu qʼiʼo xajun akʼ x sipa x che.
x qa sikʼij le ixoq ch utz akiksub ʼ.
mata xab ʼinsaj le ch ʼi ch ʼ.
ri p ix tz ʼar alik rumal ri e qaʼn .
¿ jamp aʼ kel chi 3%
kʼo jun nu kʼo toj ch iʼ aj.
ta jin kewaʼkat ri alab ʼom .
x in loqʼ le nu kʼa kʼapoʼt.
na u tzakik ta sub ʼ ta jinku ʼano
x oju taq ch iʼ ij x oj waʼ ik.
iw e ch riab ʼix.
saqri j richi j.
aj sik cheri tinamit kel wiri t at aʼ.
- ¡ ay ! x a x in tzaqu loq, kʼax we waqan .
x kʼul mataj pajun komon ch iʼ u wachjun juyub ʼ, x u riqa jun qʼij x kiriq kib ʼ junimul ru kʼ le kok.
jas x ataq ch iʼj le akʼal ch u tijik?
x inchapo su x uloqʼo.
qʼinom ri achi.
ri kʼum ktijow ru kʼ kab ʼ.
ta jin kejach ʼan ik.
tz eb ʼal u kemik le pasa w umal.
are kay oʼw le u chi kopil le ub ʼantajik t ry panosoma brucei.
we kat niman ik utz kelik.
pero noʼj imal petnaq loq,.
are le nu chak juntzuq b ʼal wib ʼ.
x kunax ley a wab ʼ rumal le aj qʼij.
ri u kʼuʼx tz ʼib ʼ pa qatzij e lajuj.
sib ʼalaj j eʼ lik rie qab ʼal x ub ʼanri lu ʼ s.
sib ʼalaj atkon.
e man x o ri jupuq ke j.
na x naʼtaj ta ch ke x e a tin ik.
ri kʼam alb ʼex ub ʼij chike, chi maj a ria nim.
jumuch ʼ ri nu junab ʼ.
qʼip taj inaq ri raqan rit em.
kchakun ru kʼri josb ʼal ch eʼ ria jan el.
x ataq ch iʼj le akʼal chu tijik kar.
oj kʼo pale roʼch le a wel.
¿ la kat p eq u kʼ ch weʼq ?
le winaq pale ch ʼi ch ʼet ʼuy ul lo wi.
x kanaj kanoq chiux eʼ ri jab ʼ ri ch ʼaʼn.
nim ri ja.
wetax a kunaj le at at mat axkam laʼ.
na nu kʼamom tu ʼ la riʼ.
ch qa nu kʼuʼri qatzij.
kimb ʼepa le tinamit.
x in qʼiʼo na x in a tintaj.
rajawa xik kakʼaman chawe leu tijik le le j.
kʼisb ʼal taq noʼj ib ʼal.
