xineʼ waʼoq.
xkibʼan kʼax che le uwosaq rumal man utzta chi kakayik .
ri qʼutuʼm man kech ta le akʼalabʼ .
are na nim talea tzʼiʼ chuwach le nutzʼiʼ .
xepetik xol kilaʼ.
¿jaw chiʼ xataʼ che xkam ri umam ripoʼx ?
e kebʼ kekʼambʼik pa tuj .
xin loqʼ jun ja pa riwokaj ja .
ria xtuʼbʼ, kʼoqulaj chech .
jas karaj kaʼan chutzak ikle tiʼij .
xutij le wa .
ximbʼal re tzij .
xpa xribʼoʼj .
we kawaj katin toʼo xaqxuwi kabʼij chiwe .
jas nukʼu kuchʼobʼo .
jas karaj kutijo?
xex ruxlabʼ ririkil .
en itzʼaʼq le taqimul .
we tane in xin bʼanowik , are le ateʼk xbʼanow ik .
kin tzalij pale nu tinamit.
ri nuchaqʼ kʼo pa uroʼ qʼatoj tijonik pa ri tijobʼal .
xinxiʼj wibʼxin chʼawik.
kʼoch wa roʼch le pare .
chi raqan kabʼin wi ritataʼ .
xsachon kan uyaʼik le pwaq chech oja .
xin qʼax chik ixoʼl riwinaq.
ketikonik .
riulew man qech taj , kech riqa tiʼtqamam .
xepe le winaq xol kikʼamaʼ .
xuloqʼ ri wuj rumal riali.
chewe qʼij kamik kʼojun nutzijonem chirij le nu tinamit.
kej riʼ.
xkuna na laq chwe .
kin usikʼij lenunan .
rii mul xuchʼij taj , xkan aj pa bʼe , rumal ri nimal kujal uj ri imul, xutzaq ria nim .
kubʼan ri uxoqʼoʼl riaj tzʼaq.
rila sibʼalaj utz che kunabʼal .
kʼi kiwach rie ʼaj chakibʼ pa ri komon tyox , kʼate kʼut xa jun chi aj awxel;
xqata chixatulik .
kawaj chi katʼek .
chʼutiʼn kekan aj rixajabʼ chech .
kaqaxiʼj qibʼ kaqachapo .
ekʼo kebʼ ukʼajol le tat xwan .
luʼ subʼiʼ ri recham .
aj chi uwiʼ miqʼ in jaʼ riluʼ.
xin yakan le nu chimpa kʼaybʼal .
kʼate xrilo, xperi unan che utzukuxik , xkikotik , xusa labʼisaj ri taq uxkin .
xkikʼut chi uwach riaj tij xuqujeʼ chi kiwach ri taq nikʼaj kachil .
utz le nuqʼabʼ .
kul le alweʼl paa ustin chaqʼabʼ kamik .
riateʼk xtzaq loq are chi kʼopa uwiʼ riqʼaʼm .
aj patan riteʼk .
xa tqaj chiupam riil .
la kʼo tzij na kikʼoxo majtaj?
xsach on chke chi xea tinik.
ronojel le ulewe chalaq.
la xebʼe kʼul axeʼ ki jaqa kʼule uchiʼj a?
xaq kat chʼok naj iwir.
kamik kʼo chi ri jastaqa we .
are chiʼ kakʼis ri junabʼ kʼo qʼinom .
pa nawal jaʼ xin alexik .
naxintataj we are riakʼal ki xtzuquwik .
¡ rulew risabʼ u lone rulew ri neftali, ubʼe ripolow, rulew ri jor dan, galileʼa kech ri je taqa maqʼ !
rax , rax , rax , kʼokʼ , kʼokʼ , kʼokʼ le ruxlabʼ le taq tikoʼn .
a chi xatwilo.
paqal rajil le pixkamik .
xoj bʼinik .
pajun jeʼl tijobʼal kutijoj ribʼ jun akʼal , ubʼiʼ poʼx , utz kurilo kepa tijobʼal ronojel taq qʼij .
xwaj chi xatʼetaj .
utz laʼ le xubʼij lea chi .
we taʼam ja chin kapetik .
kin qʼojo manik.
xin qʼiʼ otakʼalik xin petik .
areʼ retaʼm che kinopanik .
are tabʼal e qaqajaw chat toʼwik .
kawinaq waqibʼ qʼataj .
naqaj chik cheri uwaq kajbʼal are taq chiʼ ksach uwach ri qʼij , kok riqʼe quʼmch uwachulew, chi kʼateʼ naribʼe le jebʼ kajbʼal .
jobʼ raqan ri tzʼalam xeporoxik .
sibʼalaj ko rij rimop.
are waʼ.
jelaʼ pa ritiminit chwikab yok rech xelajuʼ, leqanan qatat kakitiko jeʼlalaj taq uwach ichaj .
kʼaxnuqul .
xuʼ lukʼamaʼ .
kojul kitzukuj .
are man kʼaxta u kunaxik are taqaninaq kaʼilitaj we yabʼilal xuqujeʼ mo joʼ qa kuyaʼ le kʼax kʼolil chech le jolom aj .
ri wel kʼopa tijonik .
kawaj kinbʼij .
ri kotzʼiʼj kqakoj chiupam ri ja .
qʼe qqʼoj rij ria maʼ kej .
na xwaj tajxin chʼawik.
chpetabʼal eloqʼalaj jabʼ .
xsachonch ke xat kisikʼij .
eleqʼal chʼichʼ.
ja chin xawilo chi are xtijow ritiʼj ?
mata kabʼ elen uxbʼal pale tinamit.
pimruq, riali .
¿kʼo ri muqʼe chiawech?
kqabʼij man kekowintaj .
kintij na .
kʼojun qa tʼuʼy paja !
kʼo puj chiupam ri chʼaʼk .
are taq kin kosik kinwarik .
xatwaʼik xinwilo
in xin chʼayow lea chi.
konojel ri alaxik keʼe tzʼanik .
jas rukʼ xkitij wi le kirik il?
aninaqil katpetik .
nara xta uwachle juyubʼ .
ri tzʼalam tzʼibʼa bʼal raxkkayik .
we chat chakunik, kʼo awa.
maʼt am xatpe che riwaʼim .
kamul kin waʼna.
risikil ktijow rukʼik .
kim bʼe aqʼan rukʼ le al talin .
xoj ʼek xeʼqil alar qasok.
xekiqʼil le aj chakibʼ xkiwok le ja .
matanex waj le kʼu hj nem rukʼ leateʼk .
are xeʼopan chi uchiʼ ri juyubʼ , xkilo chiman qas ta kʼo qʼayes .
kʼate kʼut , rijesus man kkojon ta chkech ri eʼ areʼ, rumal rech che konojel retaʼm kiwach,
paʼtzrij ritzʼiʼ.
ju winaq waqibʼ qʼataj .
at elaqʼom .
xaqat joʼs.
ri qʼatzu, are qʼalaj ri uqʼij il .
aj chakwe ala .
ubʼe le ju kakʼal taqanik (29).
kebʼ nubʼiʼ kʼolik .
la katzalij luʼ la aninaq?
katzukun la chwe .
la kaj la kojbʼeʼ pale chomal chweʼq?
xin nabʼej chuta si kqa kʼolibʼal .
lal xin toʼwik .
sibʼalaj a noʼjibʼal .
xoj petik xol qakʼamaʼ.
sibʼalaj jeʼlik ri uwaʼl ri ichaj .
kʼax wij rumal in pa chalik.
are taq xukʼul maj waʼxul ri uchomanik xubʼij : are utz wa aqʼabʼ kin walijik , are chaʼ chanim kinopan pa tijobʼal , maj chik in kʼul maj .
oj aj xoj olobʼ pa awas qʼij .
xinsach che le uwokikle tzij .
e julajuj riakʼ.
xuta jam paʼ kojʼek .
qilik .
ri tijoxel man are tanim chuwach ri raj tij. ri utz tijoxel qas jeriʼ kʼolik jas ri raj tij.
in xa tin chʼayo.
noʼjim chak wumal .
chʼu rrijochʼ.
in kinbʼij na katsach taj .
uj mayabʼ .
ri abʼaj yatzalik .
tajin ke pixbʼax ri akʼalabʼ .
chom riaq.
xin warik .
ele men konojel ri akʼalabʼ .
tajin kqʼana rik ri wereʼ aj .
le u kemik lepas utz ( chawe ).
xuyu pubʼa uwach raʼ chi, kachaʼ, .
ri satanas kok pa ri judas ri kbʼix is kariʼo tech rech , ri areʼ jun chkixoʼl rie kabʼ lajuj .
chu churipar .
kin qumuj ri nujochʼ .
chech punción lumbara maqʼel raj awaxik chech rilik le ukʼexbʼem wi le nabʼe rukʼ le ukabʼ ukʼutunem le yabʼilal .
qʼalaj china kawaj taj kabʼij .
kʼoqʼol chirij ri siʼ .
ja wi xoj ʼewich uloqʼik?
kʼo ulochʼ ritalin.
qʼan rij ria tiʼt nukej .
la xtzalij la iwir?
xesikʼixik , kʼate kʼu riʼ xeyajik , xuqujeʼ xetaqbʼi che usikʼik le mes .
laki xwarik?
are kʼu le pa lomax xubʼij che :- mam kat bʼisontaj , kin sikʼij nikʼaj wachiʼl kerapapik .
aʼre etijoxel abʼ .
rialajal isiʼl xubʼij xqachappa utzal ri tyox .
xsachonch keja chin xea tinik.
jas xurayij lea nan xutijo?
xin kosik .
rax ronojel ri qʼayes rumal lejabʼ .
kinya waʼ we chʼichʼ pinem na utz .
noʼjimu pa chʼuxik le nuwiʼ .
naj kʼowi le woʼ ch chuwach le tijobʼal .
ri okibʼal kʼo chi uwach ri saq ja .
xe nu taq chʼij kekil le akʼalabʼ .
kʼo jun qʼoxowem chiwe .
tza richoʼm .
we choj bʼe pale nimaqʼij , keqil le aj xoj olobʼ .
xoj ʼek xeʼqil alar qasok.
riateʼk xutaʼ chech rinantoʼn :-nan jas cheʼ chi man kajta laqa kʼatisaj rijoʼq .
ri pal sibʼalaj xuʼy.
kin koj rijokbʼal ulew .
in kinbʼij na katsach taj
at raj kunlen unan .
kuqamu jujor on riaj tzij .
luʼ tzʼalam ubʼiʼ ria chikel panim cheʼ.
jeʼ li kutiʼj olal ri saq koʼr .
kʼojun xaʼrpa ja .
xin loqʼ jun kʼakʼ patan .
kʼa xu kemik le pasawumal .
aninaq ukemik le pasawu mal
ri chʼaʼn sachinaq pataq abʼix.
rax taqle kotzʼiʼj .
mesom kanoq riupam ja .
man are taralax kosik .
ri komon xechpup rech uqʼabʼ tinamit xoʼl abʼ aj rech qʼu mar kaj .
la utzakik kʼu subʼ tajin kuʼano?
katela !
na xutij taj .
xa rumal ketaʼm konojel riwinaq kkiqumuj le jaʼ .
iw ir xuj tzalijla pa kʼaybʼal .
qetaʼm che riqa wa kujutoʼo .
ri aj tij , kya jon chikech ri akʼalabʼ .
jas ubʼanom le nu chʼu titat?
chweʼq kin bʼepa nim tinamit.
utz we ki wetaʼmaj jas kubʼij richolbʼal qʼij .
tajin katjilow che uqʼoxom jolom aj .
xintik qʼax chi uwach rija .
kʼax le kibʼe le winaq .
loqʼ kat kuntaj che le yabʼil (covid -19).
ri nuxibʼal kel paqajbʼal qʼij .
xril ri axwan chix waʼ riala .
le alixku natajik .
weta kapele jabʼ kamik .
xin wetaʼmaj china xatpe taj .
ri pwaq rech we qʼataj riʼ kesax chech ri tojbʼal kʼayinem .
ktij ri uwaʼlik rumal ri ki nimaqʼij .
xuchapu kunaxik .
cha tan loqali.
xin xuliʼ qajoq.
jeʼ lik ktijow ritaqik ox.
kʼate kʼu rile tat xoʼr xubʼij , man kawaj taj , man kawaj taj .
kʼo jun tzʼiʼpa bʼe .
kamul xinpe chea tzukuxik .
man tajin takin chakunik .
kin chakunik rech katwaʼik .
jas rukʼ xawil wi chi xkiqupij wi le tiʼj .
jas ubʼixik …?
koqʼ riakʼal .
kawaj na katʼetaj .
xat qʼajik .
we mna chalo qʼaxiyal , nakimbʼe ta awukʼ .
xopan le wuj awukʼ rumal we chin .
are kʼut pale juyubʼ kkʼiy joron, chilaʼ xe kikʼama wi ri jaʼ riwinaq.
koqʼ riakʼal .
we kʼo a rajil cha kʼamaloq .
are sibʼalaj kaqlea poʼt chuwach le nupoʼt .
xin kʼastaj pakabʼ lajuj kajbʼal .
kaqo yʼej nakixpe taj .
ko kaxim ri chij xa jelaʼ man kanimajta bʼik .
ri kok nojim xbʼek , xuchʼijo xopan pa ukʼisbʼal il lea nim .
xoj kiʼ kotik are taq xatulik .
kaqitzʼ naj ri uxajabʼ riakʼal .
rijesus kwaʼkat pa ri nim rachoch ridyos , chu xeʼ ri jun ja che rachoch ri sal omon.
we taqanik riʼ kubʼij chiraj awaxik kyaʼ uqʼij ri winaq xuqujeʼ ktoʼ aninaqil.
ri axux are na ri ukunel ri kinaqʼ.
are taq waʼ ri uqʼijol we taqanik.
kʼo jun tabʼal pa uwiʼ rix kanul ubʼiʼ lajuj noʼj .
yuʼl ubʼanom ri ukolobʼ ri kej .
xanimaj riakʼal chi uwach ri uchuch .
kkunan ria chi .
ki nwaʼik rech na kinyo waj taj .
aj xik chʼichʼ riluʼs .
kwaj che ix kix bʼanowik .
aʼre xetoʼ wa laq.
xoj ʼek xeʼqil alar qasok.
xin loqʼ jun chʼichʼ ,qajinaq uwach .
kutʼis ripantal on.
e ja ni pale awal kʼwal ekʼolik ?
utz ukemik le pas chawe .
ri max are aj qʼaniyaʼ.
matabʼa chiriq kʼax pale bʼe .
tajin kanimaj ,rimeʼs .
ix ixeʼ laqʼom abʼ !
xsachan chwe .
ekʼo kʼicheʼ, chi uwach ri juyubʼ .
arewaʼ ri nimalaj pixabʼe arewaʼ rinabʼe .
xretaʼmaj chi rukʼ pa kʼkutij wi
jas utzakik lesubʼx uʼano?
aj xoʼy riwikan .
wetane aʼre xetijow le ri kil , are le komon xetijowik .
sibʼalaj aninaq ka chʼaw le areʼ chin uwach in .
utz we kin chakuj .
meʼs laʼ.
kʼo kan wa rech kaqatijo .
xin sikʼij la .
riakʼal xsach kanoq jelaʼ pataq ʼaj .
xe sikʼij la .
ja wi xkibʼij wi chikeʼe wi?
rumal che ,manixta riʼ ri ki xchʼawik, are riruxlabʼ axel rii tat riʼ ri kchʼaw na iwukʼ riix .
kʼakʼ ri wachoch .
sibʼalaj utz kinwil le atzʼyaq rech na hu ala .
saq por kkay ri kipoʼt rinan.
xsach on ri nu chak chwe.
waʼim xuchapo .
ri qʼaqʼ tajin kajuluwik .
na jil upamris iwan.
ekʼo ri qachalal pa chi uwiʼ la .
jas xa taq chiʼj le akʼal chutijik?
noʼjimukem ik le pasawumal .
kʼojun kukubʼiʼ tintin, waʼ le laj kukmam ka jeqitaj , kapaqik axulik pa uwiʼ uqʼabʼ taq cheʼ, sibʼalaj sakʼaj , keʼuto lee nimaʼq , chʼutin , rachiʼl , aj sipanel sibʼalaj utz ranimaʼ.
ri upixabʼ le qʼatbʼal tzij kiyaʼ ubʼixik .
na xsachonta chke xea tinik.
xeqil le chikop puwile ja .
xloʼtaj riakʼal .
qonojel kuj waʼ pa uwiʼ rimexa .
xsik ir le waqan.
la xat waʼ kʼut?
nim ubʼaqʼ ri tulul .
kin xikʼikʼik xin qʼaxik .
la katbʼe pale tinamit?
ri pal sibʼalaj saqʼor .
kqʼoxown ujalom .
xin naʼo chi katpetik .
xloqʼule wi wech ix .
xin chakun rukʼ rinumam .
na xqabʼantaj .
kkʼojiʼ bʼaʼ ri usipanik riaj awxel jesus kristo rukʼ ri aw uxlabʼal !
kin chʼaw rukʼ lenunan pale chʼawebʼal .
sibʼalaj qʼequʼm rumal ri mayul .
are le ba xulik .
xe kos le ixoqibʼ palebʼe .
kʼax rilik le akʼal chawe .
xin qʼiʼ oxinatin pa joron.
sibʼalaj nim le tinamit.
kʼa xu kemik le pasawumal .
xin sachik.
tajin kelu kikʼel pa raqan ri tzʼiʼ .
xin wetaʼmaj rilik wibʼ
ri qʼuqʼ are jun jeʼl chikop .
kʼopa ja tijobʼal riwikaqʼ .
ri sachibʼal mak rajwaxik chi qaxoʼl .
jeʼ, kimbʼek .
jel aleʼ ri nupwiʼ .
xubʼij che :- jas xa bʼano tintin?
kabʼan jun toqʼobʼ kyak ri nujal .
katʼek xinta .
jas le ukʼexbʼem ribʼ le jun rukʼ le jun chik?
aj chi uwiʼ miqʼ in jaʼ riluʼ.
ri tijonel naj kpewi .
teʼ kix cho bʼ ubʼiʼ ri nutat .
ri jaʼ kamiqʼik chi uwach riqʼaqʼ .
ri tʼuʼyk paqʼowik .
kinmeson na .
naqaj at kʼowi chiwech .
xin bʼisonik taq na xatpet taj .
we xkam ri winaq, ri pwaq rech tojbʼal ma kaj kyaʼ chikech ri ralaxik .
ri nunan xbʼepa kʼaybʼal .
xoj ukʼamuloq rech koj rilo
x kʼoto chin chi kiwach chi kin waʼ awukʼ .
na xkikam saj taj xkikʼambʼi cho ja .
kʼakʼ ri ikʼ kamik .
xim bʼe rukʼ le aj kuniwir .
rilik .
le tzʼiʼ xekosik .
xinkikota wumal .
rii mul xumaj ria nim , xuya kan le kok .
kʼo oj che riakʼal .
xuj bʼe pajun kʼulanem .
utz we kwa ralaq.
kaqilo chi na koj ukʼamtaj .
xretaʼmaj chi rukʼ pa kʼkutij wi .
sibʼalaj xin kʼaʼ narik.
xin kochij rinuwa.
man kat kowin taj kat chakunik , we man kʼota ri ajilabʼal .
we wonon xubʼij chike :-kix into.
riala nim kril wi ri umam .
xkaʼy chirij , xkaʼy chuwach, makʼo ta chi jun ksilobʼik , xoqʼik xuxeʼj ribʼ xchʼopinik xtzalij loq xu riqta chik ri ubʼe .
kʼo pus cheri wa .
pinem na kabʼe le wa tz,kim bʼe wi in pa kaʼyibʼal .
rinantoʼn nim winaq chik, saq uwiʼ , ronojel aqʼabʼ utz kunaʼo katʼuyiʼ pa utem , kumiqʼisaj ribʼ chori qʼij , kʼojun uwiʼumam ubʼiʼ ateʼk .
mane kʼi taj riqulaʼ .
qʼalaj china kawajtaj kabʼij
x paqabʼ isax rajil ronojel ri kem .
kʼopa ri jul ri kumatz .
ronojel qʼij kin chʼajlenuw are .
saq chi kan le ichaj rech katzako .
chu xele qachomal kaqatij wi jun qameqʼin.
chawilaʼ.
ekʼo jobʼ umiʼal, ri nutat .
jas rukʼ xawil wi
jeʼ jas riwinaq rech ri uwachulew, xoqujeʼ kepe na riʼ rie ʼareʼ che e rech ri uwachulew ;jeʼ jas ri winaq rech ri kaj , xoqujeʼ kepe na riʼ rie ʼareʼe rech ri kaj .
xintijo.
ktzʼujuw ri rachoch ripoʼx .
x uqʼiʼo are le ukʼulel xyaʼow uwa.
ri aw el xretaʼmaj chiraj awaxik man kuxej taribʼ cheri tukur .
ju kʼulaj winaq xeʼanimaj bʼik .
jeʼ, xin tzalijik .
xoj petik xol qakʼamaʼ.
maj ja chin xʼek .
in aj tij; at tijoxel .
saq uwiʼ ritataʼ.
wech ri kem .
le roʼch le ateʼ kkʼoch wach le ukʼay lenunan .
kbʼepa ri si riʼa eparis ilisiʼa, ja wi jeʼ kuya wi ri kichuqʼabʼ ri komon tyox .
pixabʼ : man utztaj kʼax kuj chʼaw chikij nikʼaj qachil.
xkunataj le ali ( kumal ri ixoqibʼ ).
rixibʼ ibʼal chi kʼowi pataq riqa kʼaslemal ronojel qʼij .
na kuj war tawaral.
on che kkʼojiʼ ri utzil chi xoʼl , arech junam riqa kojonik , junam ri iwech ix rukʼ ri wechin .
pa oxqʼij ri saʼn kbʼena rukʼ riaj kun .
kawinaq wuqubʼ .
jas kawaj kintijo?
we ta xat bʼe wukʼ pale tinamit, xa loqʼ talaʼ le u jastaqle akʼajol .
kebʼe pawaʼim .
xin loqʼ kʼi wa .
pajun nim kʼacheʼlaj , kʼojun kʼ waʼ sibʼalaj saq loloj , nim uwach .
kwaj katij jubʼaʼ wa .
ronojel winaq kril na riu kolonem ri dyos ».
x kʼoto chin chi kiwach chi kin waʼ awukʼ
kwaj na katʼetaj .
la xa loqʼ junal ej ?
ekʼo ri eloqʼo manel .
ri ukabʼ ubʼiʼ rinumam are yay .
kin jopij rii jaʼ rech triko .
xnaʼtaj chke xea tinik.
xateʼ qilaʼ.
kakitij alan xax riwinaq.
. . . kinbʼij chi arewaʼ sinxiʼ an.
na xin nabʼej ta chuta si kqa kʼolibʼal .
rumal rech cheweri in, kin chʼaw rukʼ ridyos pa chʼabʼal , kchʼaw na kʼu riʼ riw uxlabʼal rukʼ ridyos , kʼate kʼut man kʼota upatan riʼ chrech rin uchomabʼal .
xepetik xkilo .
xuta we katʼek .
utz ukemik le pas chawe .
ri nuwak ax xutij jun qʼoqʼ rumal riʼx kamik .
rumal ri kʼix , man kewaʼ taj riwinaq.
xeʼulik .
qʼe qrij ria maʼ chij.
xraj kaʼele unan .
junam ki junabʼ .
na qʼalaj taj wekaʼek .
ri wi xnam chʼaj chʼoj ri rachoch .
waral man kʼotaj ajawal .
na iw ir ta xril le kʼamolbʼe .
xinpe loqte kʼu riʼ xin tzukuj ronojel ri nurajil .
riaj tikonel kutik ri tzij .
kʼo e kikʼajol lea chijabʼ .
kutij qʼayes ri ixpaʼch .
pari waʼbʼal ekʼo kawinaq a chijabʼ .
sip ojinaqri nupam .
kayaʼtajik rukʼu tiʼonem jun ri uriqom le yabʼila molotsetsé xuqujeʼ are kayaʼtaj pataq ri juyubʼ .
ja chin ria chi?
rinumam xkamik are taq kʼo jumuchʼ lajuju junabʼ .
kin kowinik kin kʼambʼil e pwaq .
kinwilo chi utz ri ajiʼ .
xinqʼil ria poʼx che man kachakun taj .
kwaʼ chi uwach le taqʼaj ria maʼ akʼ.
rii mul xepoqʼik pa junikʼ .
xkʼis kanoq riqa chak .
are ri alixoj ilow kanoq .
sibʼalaj chʼuʼj riamax .
kʼo nu wachiʼ.
in chajinel kech le akʼalabʼ .
xekosle tzʼiʼ.
kin bʼe na kukʼ rimolaj .
ronojel aqʼabʼ kiny itzʼ riwakax .
ka rapinik xutzukuj chi jun awaj.
le u kemik le pasaninaq (awumal).
maju rajil le qʼabʼarel .
kʼax riʼ ri kachʼawik .
xoj utaq chiʼj lea chich uloqʼik ichaj.
sibʼalaj kʼax ri xkʼul maxik .
xkilo chinak in kʼoxo majtaj .
xnaʼtaj chkech ixeatinik .
x kʼoto chin chi kiwach chi xojal woʼqa kukʼ .
jun qʼuʼq rajil ri kaxlaʼn wa .
xinwilo chi xeʼelik .
ekʼo ixoqibʼ pale kʼaybʼal .
man kʼotaj ukʼisik ri mayabʼ ajlabʼalil .
ri sin kkʼiypa taqʼaj .
ri chʼima man kkʼiytaj pataq ʼaj .
raj awaxik kjikik ri waqän .
kawaj kinʼek .
ekʼo oxibʼakʼ .
xubʼij chwe ja wi at kʼowi .
chweʼq kuj bʼeʼ pa muquj .
pasaq kʼa jaʼ kbʼan wi ri uq.
xoj kisikʼij .
xinwil wibʼ.
chaqʼ chik riwa.
kim bʼe na ka pale woʼch .
kawaj kinʼek .
ri chʼuʼktij rukʼ lej .
pari kiqʼij kaminaqibʼ kbʼan qʼo ri kʼyaʼ rech aj : nabʼe rinan kutzukuj kan riaj , ku jachʼoʼ xuquje kukʼeto .
jas kajbʼal chanim?
utz uchomanik riali.
pari qʼijox lajuj tijax kin kʼis kebʼ junabʼ kin chakun waral .
sibʼalaj ko, rikʼakʼ chʼat.
jas karaj kubʼij …?
ri chʼichʼ kasilabʼik .
pa ojerqʼal pul xaqxuwi ri nim winaq ke kʼamowbʼe .
le ukunaxik le ukabʼ ukʼutunik are rukʼ ef lor nitinao nut unibʼaxik lenifur timo x chiʼ lef lor nitina checht . b .g.
are ria chixin chʼayowik .
junachi ubʼikuʼ xusipaj kebʼ kʼaʼmulew rech kabʼan ri tijobʼal , kamik, kʼo chi kajtij rech ri komon xechpup .
xumal tyoxij cheri aj tij ronojel le xukʼut chi uwach .
pari bʼe xkiraq jun alajimul saq rij, x kikʼambʼik .
xril lebʼal eala .
jas kubʼij chwe?
leukun atajem are rukʼ utzukuxik le uchikopil pajun usolik uxeʼle kikʼon le jaʼ rech junnodo .
utz we nutzʼiʼ .
jeʼ, tajin ka chaponik.
kin uloqʼoj le nutat .
kawaj kim bʼepa tinamit.
are laʼ kin chakuj .
ri nimaʼq taq winaq kʼo ke taʼmabʼal .
we ta xat bʼe wukʼ pale tinamit, xa loqʼ ta waʼ we jastaq .
riki kʼaslemal . wa iximulew xa jun chima are ta tinimit rima
ri ukʼ yabʼal na jupam .
xa tqaj chiupam riil .
nojim katwaʼik .
we kʼojun ktuqaʼ rik, ¿la man xoqujeʼ taj kintuq aʼr riin ?
oj oj wokol ja .
awas kbʼan kʼax che jun nim winaq.
xin chʼaw apan rukʼ le wan abʼ .
kʼax riupam rijuʼl .
tajin kewaʼ rii mul .
la kajlakuj tzalij la aninaq?
rumal rech cheri makaj man kʼota ukowinem piwiʼ ri ix : ri ix man ix kʼota chichuxeʼ ri pixabʼ, xane ix kʼo chu xeʼ ri sipanik.
nim raqan le cheʼ.
xinchapo.
are letuʼr le loqʼ omanel .
xas kat kʼo jiʼ chiupam ri chʼichʼ.
sibʼalaj nim raqan ri kʼamalbʼe .
le tzʼibʼa bʼal wechin .
in xin toʼw la .
xaje kʼu riʼ ri ix kamik riʼ man ix kaxlan winaq ta chik; ri ix , ix rech ri kitinimit rie tyox laj taq winaq , ix rech ri rachoch ridyos.
xin tikox laj kʼalichaj .
kaqa riqqibʼ chweʼq.
sibʼalaj utz cheri wiʼ aj ri tuney .
we na jupulik ta xeqajik . . .
xin toʼtaj cheri nu chak .
kʼo jun chikop ubʼiʼ pum .
poqo nriik.
xoj bʼinik .
xuchʼek ronojel lere tamanik xpaqiʼ kkʼax kwʼinik xubʼan aj kun .
kelubʼik pa rij udeʼa e ktzalij chiu bʼi jumul pari galileʼa .
xin axibʼij pabʼe .
jeʼl kʼolem chi awachoch .
ronojel ri yaʼtalil pawe qʼataj , tzʼaqat kiwach, man ktzaqta kanoq xuqujeʼ man ktastaj .
xukunaj le yawabʼ le aj qʼij .
chi tatabʼej jasle kimbʼij .
chʼanal ria chi.
pa bʼokoʼ kachakun wi ri tax .
uj kʼopa uwuq qʼij .
kiʼ ri ukabʼ riaqaj .
kʼo rachalal patzʼoloj cheʼ ri peʼl .
xkilo chik in kʼoxom aj .
ri ukisakʼ utz kyaʼik chiuxeʼ ritikoʼn .
are taq chiʼ kaqʼan puwiʼ ri jukubʼ , ria chi che xkʼojiʼ ri itzel uxlabʼal rukʼ , kutach rech riareʼ, arech kkʼo jiʼ rukʼ riareʼ.
na kabʼantaj ta wumal .
xnaʼtaj chke xea tinik.
xin paj ri nutriko .
xeʼok ri pokʼ pa ri umexa ripoʼx .
kajuluw ria qʼaʼl chiuxeʼ ri tʼuʼy .
awe chleja .
xuj bʼepa tzurik .
nabʼe xa topanik.
ri ukabʼ ubʼiʼ rinumam are yay .
uwaj xaq ukakʼal taqanik (28) .
mata kʼojun kakanaj kanoq , qonojel kojbʼek .
e nimaʼq le al tomabʼ .
nim uwach ripoʼt .
kojonik pari utzij wa iximulew .
jas xukʼambʼi le tzʼiʼ xawilo?
xin petik, tat .
ribʼe laj uwach .
chi tatabʼej jas rikimbʼij .
jeʼl kunaʼ ri abʼix chiupam ri ququlew .
kinbʼisoj uwachle wal.
xutʼuyu bʼaʼ .
nim ria we qeleʼn xa riqo .
xineʼ waʼoq.
chiʼ kewa rwile akʼalabʼ .
rinumiʼal xutaq loq jun taqoʼm wuj chiwe .
qʼeʼlik , richaj paribʼe .
la utz awach? - utz mal tyox , e kʼu riat? – utz mal tyox .
xin kos rumal nu chak .
kbʼe kukʼ rie ʼareʼe ktzalij parinas are te keʼunimaj .
ri joj xukʼambʼik riakʼ.
kʼo chi wachiʼl chanim .
kubʼij chech naʼl kabʼan cheri a tzʼibʼ .
e . . . in kawaj katzjoj bʼilach we .
matax iny ajleali.
ja chin rukʼ katbʼewi ?
kʼo sibʼalaj etaʼmabʼal pa ri mayabʼ noʼjibʼal .
e man xo ri jupuq kej .
kasumum ri ka qiqʼ.
ekʼo kajibʼ akʼalabʼ palebʼe .
jeʼ jas ri utat kkaʼyik .
xaqat molonel tzijtal .
le nutat kaloqʼon chwe .
xaqta ne kimbʼe iwukʼ .
xretaʼmaj uchʼajik .
rumal laʼ xkoj “xal qʼat ” che ubʼiʼ ri komon .
are le u kemik pas xretaʼmaj .
ri wa tiʼt kubʼan na ri upatan .
kʼakʼ lepoʼt .
retaʼm uwach ja chin xloqʼow ripas.
ken chʼabʼej le akʼalabʼ .
yaʼtal chaqe qonojel ri uj winaq utzkaqil qibʼ .
xkotiʼ pa qʼayes xoqʼik .
kawinaq bʼe le jebʼ qʼataj .
ekʼo kajibʼ ral rii mul , jun saq , jun qʼan, jun qʼeq , jun qʼe qoj , sibʼalaj ketzʼanik , ke chʼopinik rialaj taqimul .
k cholol ria chachal .
ketekik ri ikʼ .
xepetik rech kewaʼ iwukʼ .
tza tz ri uqʼanil riakʼ.
xoj tzalijik xi xeʼqaqʼat uj kukʼ le i tatinan.
ri yoʼx taq akʼalabʼ kekikʼux ria tzʼyaq .
wea chiwe xusipaj jun poʼt chwe xkamik .
kkowin ri kunanel che kunanik .
xjiqʼ pa ripolow .
xa rumal sibʼalaj raj awaxik le loqʼalaj jaʼ,le winaq xkibʼij : chewe ikʼ riʼ qonojel kuj bʼeche utikik taq cheʼ.
riunane rie rachalal kepe u loq rukʼ riareʼ, kʼate kʼu riʼ, man kekowintaj keqibʼ ukoq rukʼ , rumal rech che ekʼo sibʼalaj winaq.
rumal rech , che man kʼota jun kkowin che ukojik juntik ibʼalil chik chuwach ri kojom chik che are rijesus kristo.
te kʼu riʼ xutzʼibʼaj ribʼ pa rinimalaj tijobʼal rech aj kuʼn .
kajuluw richʼumil chaqʼabʼ .
kʼisbʼal kanoq , xoqujeʼ kkam riixoq .
le alaxok ik .
kʼo pwaq pa uwiʼ rimexa .
are kawaj na kinʼetaj .
ri yawal kukoj ri ali chiuxeʼ ri chakach are usuʼt .
na kaqakʼam tuʼbʼi kamik .
ri aj tij kubʼij chike : raj awaxik keqachajij ri awaj , are utikoʼn riaj aw.
xin tij mu kuniwir .
kʼax le uwiʼ taqlen uqʼabʼ .
xin loqʼ jun ilbʼal wibʼ.
waʼ we qʼij , nim ubʼantajik .
ri uxeʼal riqa tinamit man kasach taj .
xoj bʼinik .
ri achalal junam kiwach .
xin wetaʼmaj rilik wibʼ.
nim ri unaʼoj waj tij.
miqʼ in ri kʼul .
aj qʼojom riateʼk .
che le sanik cheʼ kbʼan wi ri qʼojom .
kapele aw elpan awal jaʼ.
rimes onel tajin kchakunik .
utz chaqe kaqatoʼ qibʼ , taq kʼo kʼax kʼolil , katewe chiʼ nri aj aw paqawiʼ .
xawilo, xqʼatan le ibʼoy .
xat kowinik xabʼano .
kiʼ ri kʼawex .
kajil il ribʼe .
le al ixel bʼik .
areʼ xraj xinbʼano .
nim wea bʼaj .
jeʼ li kutiʼj olal ri saq koʼr .
nojinaq ri kej .
we ka tijan xux man katutoʼ ta chi uqʼatixik le kʼakʼ yabʼil cor onavirus( 2019 -ncov).
na nim ta raqan waʼ we cheʼ .
utzalaj aj chak, ri wel .
¿jam paʼkujbʼe pa nimaqʼij?
raj awaxik tanelaʼ kat chakun wukʼ .
xutaq chiʼj pawaram pulew .
man are ta ri axwan xelik .
riaw ix xuloqʼ rachoch renimal.
are ri ixoqxin sikʼin uloq.
ri chʼima kʼatʼon na .
la xibʼan le ichak?
kʼi tinamite kʼopa chʼoʼj .
kʼoju puq chij chiuxeʼ ri cheʼ .
ri uxaq ri abʼix are uwarik ej .
kawinaq qʼataj .
la ki xpe pa tijobʼal?
we kechajix taqle kʼwa jacha kinbʼij ; juna lik kʼo jaʼ xuqujeʼ sibʼalaj saq loloj .
xretaʼmaj .
ri alabʼom ri alitomabʼ tajin ki kitijoj kibʼ rech sutaq , are kakaj kikibʼan nimaqa chijabʼ chupam ri ki kʼaslemal , xuquje kʼo chik jupuq bʼixonel chupam ri komon .
la tzʼ uwach ribʼe .
kʼakʼ ria chʼichʼ.
qonojel uj , uj may abʼ taq winaq.
nojel qʼij ria tiʼ xkuy uqʼuj le taq awaj jelaʼ pa nikʼaj jaʼ , chirij ri juyubʼ ubʼiʼte naʼ.
paqʼom chik risiʼ.
kin tzukun che la .
kakitij le kinaqʼ, le ichaj , le uwaʼlik rukʼlej .
xekanaj kan le aj chakibʼ .
ketikon ria chijabʼ .
sibʼalaj itzel ubʼantajik ri chʼi lakan .
riateʼk xumal tyoxij cheri ratiʼt , rumal ri utzalaj noʼjibʼal xukʼut chech .
kkamul ix uchak ri abʼix.
la xin utzukuj le tijoxel?
areʼ kachakun ronojel qʼij .
le ekʼaʼ na taq tzʼiʼ.
saq rij ri pla mux .
jas xa qʼiʼox atijo.
jas rukʼ xkichapwi utijikle ri kil?
we katatin rukʼ kʼa tan jaʼ man kuqʼatej tale kʼakʼ yabʼil cor onavirus .
la katbʼin pale uxlanbʼal ?
la waral kʼuxix waʼwi?
are le nutat kin loqʼonik .
tajin kchakun riala .
kʼo ri kiʼ kotemal awukʼ .
xuta ja chin kaʼek .
xatwaʼik xinwilo .
xtzaq ri rachoch rumal rijabʼ .
pale junikʼ chik are nimaqʼij .
e kebʼäm kebʼin pa uwiʼ ritem .
memria chi .
ri wikan chaliʼy kel pa juyubʼ chwi tziribʼal .
le rajil , lapa ja xelaqʼax wuʼ bʼik?
pari suʼt pisom wi rilej .
koj petik kol qakʼamaʼ.
tajin kat chʼopin chi uwach ritaqʼaj .
leqʼor xchʼuqik .
kʼax waʼ ima wumal .
kin bʼison chele wal.
sibʼalaj kʼokʼ ri awatzʼyaq .
kamik xuj bʼeche utikik taq cheʼ pari juyubʼ .
kin uloqʼoj le nutat .
chaqiʼj chik ri chaj .
xyil ix hawayi.
na xnaʼtaj ta chkech ixeatinik .
rukʼ kʼu waʼ we riʼ, ri ix kkʼoji ʼjun utzalaj i kʼaslemal riʼ ch kiwach ri winaq che man ekʼo ta iwukʼ , kʼate kʼu riʼ man kʼota jun winaq riʼ raj awaxik chiwech.
e petinaq pabʼe le rachalaxik .
kakaj le akʼalabʼ kewaʼik .
xuj chʼaybʼik .
ri nu chak are qʼaxel tzij .
kʼo na ruxlabʼ riawaj.
tajin kel loq, ri qʼij .
x uqʼiʼo xkamsax ri rachalal choch.
rinumam are kʼo uqʼinomal .
xkʼul mataj jumul , xubʼan jun nimalaj jabʼ , man xbʼeyetaj tana xukʼis leuyuqʼ chike .
amaʼ ri nutzʼiʼ .
je waʼkat petik .
xin kosik rumal xin chakunik
iwech chi jujunal, ri wa .
x uqʼiʼo na xatatin taj .
in riq tajinaq pari kʼayibʼal .
na wetaʼmtaj .
kʼax le nuqʼabʼ .
utz le xubʼij lea chi .
ke matzʼibʼ .
kʼo rachalal patzʼoloj cheʼ ri peʼl .
ronojel waʼ we jastaq riʼ, xas ksach wi uwach waʼ; rukʼ we riʼ, ri ix , raj awaxik che kʼojun tyox la ji kʼaslemal e kkʼojiʼ rii chʼawem rukʼ ridyos,
xmuq taj ri patzʼan .
ri chʼichʼ tzijom kanoq pari ukʼolbʼal .
man kʼota ucholaj pataq ria wuj .
ja chike ikʼ le unimaqʼij le tinamit nawal jaʼ?
xepetik xol kikʼamaʼ .
kachuqʼ chut ri jaʼ chi apam .
xinbʼij iw ir chi xebʼepa ar mita.
areʼ uxeʼ ojer tzij wa ral kʼicheʼ ubʼiʼ .
xkʼis rinusiʼ .
ja wi xkibʼij wi chikeʼe wi?
¡ xaje kʼu riʼ, ja chin taq rie kʼo pari judeʼa, chi chanim cheʼa nima jubʼi pataq ri juyubʼ,
kʼakʼ ri abʼ .
la kʼo jun na kakʼoxo majtaj?
na utztale utʼisom le al mariy .
man yaʼtal taj chiawe katok paja .
jeʼ, xat utzukuj .
are kel waj xaqibʼ uqʼij ri xkʼojik .
ri xunkur kkʼo jiʼ pataq ritriko.
xin sachik.
xutʼuyu bʼaʼ
na nutom tale tzij…
wa chʼom ri kiwa rinoʼs .
ekʼo jobʼ chʼil wakʼ.
raj awixik chi pataq ri tijobʼal , pa nikʼaj ubʼixik chik
ri rajaw rulew areʼ tatkel .
we kʼ uxokik , we kʼnax okta
wea chi xusipaj jun pʼot chwe.
atat utaqoʼn le qʼatal tzij .
na qʼanta uwachleqap rut.
ri xaʼr kʼo pa uwiʼ ri qʼaqʼ kpoqʼowik .
ri roqʼej rialija chakpe jun akʼal .
kʼojun alapa tijobʼal .
säquwiʼ ritataʼ.
ri witzikʼ tajin kpe loq .
ja wi xsacho nwikan uyaʼik le pwaq che .
utz wea chi wexin kunanik .
qonojel kuj waʼ pa uwiʼ rimexa .
ri kaxlaʼnik man poqontaj .
in xin bʼe rukʼ ri wachiʼl .
sibʼalaj jeʼl xkilo xe kitzoqopij ri ki chij chilaʼ.
kinbʼinik xinʼek .
kʼax kʼolik, kachaʼ.
kutij ixim riakʼ.
rial ix chel , x uqʼiʼo xa junakʼ xsipax che .
xqa sikʼij le ixoq chutzakik subʼ .
mata xa bʼinsaj le chʼichʼ.
ri pixtzʼa ralik rumal rie qaʼn .
¿jam paʼ kel chi 3%
kʼo jun nukʼotoj chiʼaj .
tajin ke waʼkat rialabʼom .
xin loqʼ le nu kʼa kʼapoʼt .
na utzakik ta subʼ tajin kuʼano
xo ju taq chiʼ ij xoj waʼik .
iwech ri abʼix.
saq rij richij.
aj sik cheri tinamit kel wi ritataʼ.
-¡ ay ! xa xin tzaquloq , kʼax we waqan.
xkʼul mataj pajun komon chiʼ uwach jun juyubʼ , xu riqa jun qʼij xkiriq kibʼ junimul rukʼ le kok .
jas xa taq chiʼj le akʼal chutijik?
xinchapo su xuloqʼo .
qʼinom ria chi .
ri kʼum ktijow rukʼ kabʼ .
tajin keja chʼanik.
tzebʼal ukemik le pasawu mal .
are ka yoʼw le uchikopil le ubʼantajik try pa no som ab ruce i .
we kat nimanik utzkelik .
pero noʼjimal petnaq loq, .
are len uchak jun tzuqbʼal wibʼ.
xkunax le yawabʼ rumal le aj qʼij .
ri ukʼuʼx tzʼibʼ paqatzije lajuj .
sibʼalaj jeʼlik rie qabʼal xubʼan riluʼs .
sibʼalaj at kon .
e man xo ri jupuq kej .
na xnaʼtaj ta chke xea tinik.
ri kʼamalbʼe xubʼij chike, chi maj aria nim .
jumuchʼ ri nu junabʼ .
qʼip tajinaq ri raqan ritem .
kchakun rukʼ ri josbʼal cheʼ riaj anel .
xataq chiʼj le akʼal chutijik kar .
oj kʼo pale roʼchleaw el .
¿la katpeq ukʼ chweʼq?
le winaq pale chʼichʼ e tʼuyul lo wi .
xka naj kanoq chiuxeʼ ri jabʼ ri chʼaʼn .
nim ri ja .
we ta xakunaj le atat matax kam laʼ.
na nukʼamom tuʼla riʼ.
chqa nukʼuʼ riqa tzij .
kim bʼe pale tinamit.
xin qʼiʼ onaxina tintaj .
raj awaxik ka kʼaman chawe le utijikle lej .
kʼisbʼal taq noʼjibʼal .
xineʼ waʼoq.
xkibʼan kʼax che le uwosaq rumal man utzta chi kakayik .
ri qʼutuʼm man kech ta le akʼalabʼ .
are na nim talea tzʼiʼ chuwach le nutzʼiʼ .
xepetik xol kilaʼ.
¿jaw chiʼ xataʼ che xkam ri umam ripoʼx ?
e kebʼ kekʼambʼik pa tuj .
xin loqʼ jun ja pa riwokaj ja .
ria xtuʼbʼ, kʼoqulaj chech .
jas karaj kaʼan chutzak ikle tiʼij .
xutij le wa .
ximbʼal re tzij .
xpa xribʼoʼj .
we kawaj katin toʼo xaqxuwi kabʼij chiwe .
jas nukʼu kuchʼobʼo .
jas karaj kutijo?
xex ruxlabʼ ririkil .
en itzʼaʼq le taqimul .
we tane in xin bʼanowik , are le ateʼk xbʼanow ik .
kin tzalij pale nu tinamit.
ri nuchaqʼ kʼo pa uroʼ qʼatoj tijonik pa ri tijobʼal .
xinxiʼj wibʼxin chʼawik.
kʼoch wa roʼch le pare .
chi raqan kabʼin wi ritataʼ .
xsachon kan uyaʼik le pwaq chech oja .
xin qʼax chik ixoʼl riwinaq.
ketikonik .
riulew man qech taj , kech riqa tiʼtqamam .
xepe le winaq xol kikʼamaʼ .
xuloqʼ ri wuj rumal riali.
chewe qʼij kamik kʼojun nutzijonem chirij le nu tinamit.
kej riʼ.
xkuna na laq chwe .
kin usikʼij lenunan .
rii mul xuchʼij taj , xkan aj pa bʼe , rumal ri nimal kujal uj ri imul, xutzaq ria nim .
kubʼan ri uxoqʼoʼl riaj tzʼaq.
rila sibʼalaj utz che kunabʼal .
kʼi kiwach rie ʼaj chakibʼ pa ri komon tyox , kʼate kʼut xa jun chi aj awxel;
xqata chixatulik .
kawaj chi katʼek .
chʼutiʼn kekan aj rixajabʼ chech .
kaqaxiʼj qibʼ kaqachapo .
ekʼo kebʼ ukʼajol le tat xwan .
luʼ subʼiʼ ri recham .
aj chi uwiʼ miqʼ in jaʼ riluʼ.
xin yakan le nu chimpa kʼaybʼal .
kʼate xrilo, xperi unan che utzukuxik , xkikotik , xusa labʼisaj ri taq uxkin .
xkikʼut chi uwach riaj tij xuqujeʼ chi kiwach ri taq nikʼaj kachil .
utz le nuqʼabʼ .
kul le alweʼl paa ustin chaqʼabʼ kamik .
riateʼk xtzaq loq are chi kʼopa uwiʼ riqʼaʼm .
aj patan riteʼk .
xa tqaj chiupam riil .
la kʼo tzij na kikʼoxo majtaj?
xsach on chke chi xea tinik.
ronojel le ulewe chalaq.
la xebʼe kʼul axeʼ ki jaqa kʼule uchiʼj a?
xaq kat chʼok naj iwir.
kamik kʼo chi ri jastaqa we .
are chiʼ kakʼis ri junabʼ kʼo qʼinom .
pa nawal jaʼ xin alexik .
naxintataj we are riakʼal ki xtzuquwik .
¡ rulew risabʼ u lone rulew ri neftali, ubʼe ripolow, rulew ri jor dan, galileʼa kech ri je taqa maqʼ !
rax , rax , rax , kʼokʼ , kʼokʼ , kʼokʼ le ruxlabʼ le taq tikoʼn .
a chi xatwilo.
paqal rajil le pixkamik .
xoj bʼinik .
pajun jeʼl tijobʼal kutijoj ribʼ jun akʼal , ubʼiʼ poʼx , utz kurilo kepa tijobʼal ronojel taq qʼij .
xwaj chi xatʼetaj .
utz laʼ le xubʼij lea chi .
we taʼam ja chin kapetik .
kin qʼojo manik.
xin qʼiʼ otakʼalik xin petik .
areʼ retaʼm che kinopanik .
are tabʼal e qaqajaw chat toʼwik .
kawinaq waqibʼ qʼataj .
naqaj chik cheri uwaq kajbʼal are taq chiʼ ksach uwach ri qʼij , kok riqʼe quʼmch uwachulew, chi kʼateʼ naribʼe le jebʼ kajbʼal .
jobʼ raqan ri tzʼalam xeporoxik .
sibʼalaj ko rij rimop.
are waʼ.
jelaʼ pa ritiminit chwikab yok rech xelajuʼ, leqanan qatat kakitiko jeʼlalaj taq uwach ichaj .
kʼaxnuqul .
xuʼ lukʼamaʼ .
kojul kitzukuj .
are man kʼaxta u kunaxik are taqaninaq kaʼilitaj we yabʼilal xuqujeʼ mo joʼ qa kuyaʼ le kʼax kʼolil chech le jolom aj .
ri wel kʼopa tijonik .
kawaj kinbʼij .
ri kotzʼiʼj kqakoj chiupam ri ja .
qʼe qqʼoj rij ria maʼ kej .
na xwaj tajxin chʼawik.
chpetabʼal eloqʼalaj jabʼ .
xsachonch ke xat kisikʼij .
eleqʼal chʼichʼ.
ja chin xawilo chi are xtijow ritiʼj ?
mata kabʼ elen uxbʼal pale tinamit.
pimruq, riali .
¿kʼo ri muqʼe chiawech?
kqabʼij man kekowintaj .
kintij na .
kʼojun qa tʼuʼy paja !
kʼo puj chiupam ri chʼaʼk .
are taq kin kosik kinwarik .
xatwaʼik xinwilo
in xin chʼayow lea chi.
konojel ri alaxik keʼe tzʼanik .
jas rukʼ xkitij wi le kirik il?
aninaqil katpetik .
nara xta uwachle juyubʼ .
ri tzʼalam tzʼibʼa bʼal raxkkayik .
we chat chakunik, kʼo awa.
maʼt am xatpe che riwaʼim .
kamul kin waʼna.
risikil ktijow rukʼik .
kim bʼe aqʼan rukʼ le al talin .
xoj ʼek xeʼqil alar qasok.
xekiqʼil le aj chakibʼ xkiwok le ja .
matanex waj le kʼu hj nem rukʼ leateʼk .
are xeʼopan chi uchiʼ ri juyubʼ , xkilo chiman qas ta kʼo qʼayes .
kʼate kʼut , rijesus man kkojon ta chkech ri eʼ areʼ, rumal rech che konojel retaʼm kiwach,
paʼtzrij ritzʼiʼ.
ju winaq waqibʼ qʼataj .
at elaqʼom .
xaqat joʼs.
ri qʼatzu, are qʼalaj ri uqʼij il .
aj chakwe ala .
ubʼe le ju kakʼal taqanik (29).
kebʼ nubʼiʼ kʼolik .
la katzalij luʼ la aninaq?
katzukun la chwe .
la kaj la kojbʼeʼ pale chomal chweʼq?
xin nabʼej chuta si kqa kʼolibʼal .
lal xin toʼwik .
sibʼalaj a noʼjibʼal .
xoj petik xol qakʼamaʼ.
sibʼalaj jeʼlik ri uwaʼl ri ichaj .
kʼax wij rumal in pa chalik.
are taq xukʼul maj waʼxul ri uchomanik xubʼij : are utz wa aqʼabʼ kin walijik , are chaʼ chanim kinopan pa tijobʼal , maj chik in kʼul maj .
oj aj xoj olobʼ pa awas qʼij .
xinsach che le uwokikle tzij .
e julajuj riakʼ.
xuta jam paʼ kojʼek .
qilik .
ri tijoxel man are tanim chuwach ri raj tij. ri utz tijoxel qas jeriʼ kʼolik jas ri raj tij.
in xa tin chʼayo.
noʼjim chak wumal .
chʼu rrijochʼ.
in kinbʼij na katsach taj .
uj mayabʼ .
ri abʼaj yatzalik .
tajin ke pixbʼax ri akʼalabʼ .
chom riaq.
xin warik .
ele men konojel ri akʼalabʼ .
tajin kqʼana rik ri wereʼ aj .
le u kemik lepas utz ( chawe ).
xuyu pubʼa uwach raʼ chi, kachaʼ, .
ri satanas kok pa ri judas ri kbʼix is kariʼo tech rech , ri areʼ jun chkixoʼl rie kabʼ lajuj .
chu churipar .
kin qumuj ri nujochʼ .
chech punción lumbara maqʼel raj awaxik chech rilik le ukʼexbʼem wi le nabʼe rukʼ le ukabʼ ukʼutunem le yabʼilal .
qʼalaj china kawaj taj kabʼij .
kʼoqʼol chirij ri siʼ .
ja wi xoj ʼewich uloqʼik?
kʼo ulochʼ ritalin.
qʼan rij ria tiʼt nukej .
la xtzalij la iwir?
xesikʼixik , kʼate kʼu riʼ xeyajik , xuqujeʼ xetaqbʼi che usikʼik le mes .
laki xwarik?
are kʼu le pa lomax xubʼij che :- mam kat bʼisontaj , kin sikʼij nikʼaj wachiʼl kerapapik .
aʼre etijoxel abʼ .
rialajal isiʼl xubʼij xqachappa utzal ri tyox .
xsachonch keja chin xea tinik.
jas xurayij lea nan xutijo?
xin kosik .
rax ronojel ri qʼayes rumal lejabʼ .
kinya waʼ we chʼichʼ pinem na utz .
noʼjimu pa chʼuxik le nuwiʼ .
naj kʼowi le woʼ ch chuwach le tijobʼal .
ri okibʼal kʼo chi uwach ri saq ja .
xe nu taq chʼij kekil le akʼalabʼ .
kʼo jun qʼoxowem chiwe .
tza richoʼm .
we choj bʼe pale nimaqʼij , keqil le aj xoj olobʼ .
xoj ʼek xeʼqil alar qasok.
riateʼk xutaʼ chech rinantoʼn :-nan jas cheʼ chi man kajta laqa kʼatisaj rijoʼq .
ri pal sibʼalaj xuʼy.
kin koj rijokbʼal ulew .
in kinbʼij na katsach taj
at raj kunlen unan .
kuqamu jujor on riaj tzij .
luʼ tzʼalam ubʼiʼ ria chikel panim cheʼ.
jeʼ li kutiʼj olal ri saq koʼr .
kʼojun xaʼrpa ja .
xin loqʼ jun kʼakʼ patan .
kʼa xu kemik le pasawumal .
aninaq ukemik le pasawu mal
ri chʼaʼn sachinaq pataq abʼix.
rax taqle kotzʼiʼj .
mesom kanoq riupam ja .
man are taralax kosik .
ri komon xechpup rech uqʼabʼ tinamit xoʼl abʼ aj rech qʼu mar kaj .
la utzakik kʼu subʼ tajin kuʼano?
katela !
na xutij taj .
xa rumal ketaʼm konojel riwinaq kkiqumuj le jaʼ .
iw ir xuj tzalijla pa kʼaybʼal .
qetaʼm che riqa wa kujutoʼo .
ri aj tij , kya jon chikech ri akʼalabʼ .
jas ubʼanom le nu chʼu titat?
chweʼq kin bʼepa nim tinamit.
utz we ki wetaʼmaj jas kubʼij richolbʼal qʼij .
tajin katjilow che uqʼoxom jolom aj .
xintik qʼax chi uwach rija .
kʼax le kibʼe le winaq .
loqʼ kat kuntaj che le yabʼil (covid -19).
ri nuxibʼal kel paqajbʼal qʼij .
xril ri axwan chix waʼ riala .
le alixku natajik .
weta kapele jabʼ kamik .
xin wetaʼmaj china xatpe taj .
ri pwaq rech we qʼataj riʼ kesax chech ri tojbʼal kʼayinem .
ktij ri uwaʼlik rumal ri ki nimaqʼij .
xuchapu kunaxik .
cha tan loqali.
xin xuliʼ qajoq.
jeʼ lik ktijow ritaqik ox.
kʼate kʼu rile tat xoʼr xubʼij , man kawaj taj , man kawaj taj .
kʼo jun tzʼiʼpa bʼe .
kamul xinpe chea tzukuxik .
man tajin takin chakunik .
kin chakunik rech katwaʼik .
jas rukʼ xawil wi chi xkiqupij wi le tiʼj .
jas ubʼixik …?
koqʼ riakʼal .
kawaj na katʼetaj .
xat qʼajik .
we mna chalo qʼaxiyal , nakimbʼe ta awukʼ .
xopan le wuj awukʼ rumal we chin .
are kʼut pale juyubʼ kkʼiy joron, chilaʼ xe kikʼama wi ri jaʼ riwinaq.
koqʼ riakʼal .
we kʼo a rajil cha kʼamaloq .
are sibʼalaj kaqlea poʼt chuwach le nupoʼt .
xin kʼastaj pakabʼ lajuj kajbʼal .
kaqo yʼej nakixpe taj .
ko kaxim ri chij xa jelaʼ man kanimajta bʼik .
ri kok nojim xbʼek , xuchʼijo xopan pa ukʼisbʼal il lea nim .
xoj kiʼ kotik are taq xatulik .
kaqitzʼ naj ri uxajabʼ riakʼal .
rijesus kwaʼkat pa ri nim rachoch ridyos , chu xeʼ ri jun ja che rachoch ri sal omon.
we taqanik riʼ kubʼij chiraj awaxik kyaʼ uqʼij ri winaq xuqujeʼ ktoʼ aninaqil.
ri axux are na ri ukunel ri kinaqʼ.
are taq waʼ ri uqʼijol we taqanik.
kʼo jun tabʼal pa uwiʼ rix kanul ubʼiʼ lajuj noʼj .
yuʼl ubʼanom ri ukolobʼ ri kej .
xanimaj riakʼal chi uwach ri uchuch .
kkunan ria chi .
ki nwaʼik rech na kinyo waj taj .
aj xik chʼichʼ riluʼs .
kwaj che ix kix bʼanowik .
aʼre xetoʼ wa laq.
xoj ʼek xeʼqil alar qasok.
xin loqʼ jun chʼichʼ ,qajinaq uwach .
kutʼis ripantal on.
e ja ni pale awal kʼwal ekʼolik ?
utz ukemik le pas chawe .
ri max are aj qʼaniyaʼ.
matabʼa chiriq kʼax pale bʼe .
tajin kanimaj ,rimeʼs .
ix ixeʼ laqʼom abʼ !
xsachan chwe .
ekʼo kʼicheʼ, chi uwach ri juyubʼ .
arewaʼ ri nimalaj pixabʼe arewaʼ rinabʼe .
xretaʼmaj chi rukʼ pa kʼkutij wi
jas utzakik lesubʼx uʼano?
aj xoʼy riwikan .
wetane aʼre xetijow le ri kil , are le komon xetijowik .
sibʼalaj aninaq ka chʼaw le areʼ chin uwach in .
utz we kin chakuj .
meʼs laʼ.
kʼo kan wa rech kaqatijo .
xin sikʼij la .
riakʼal xsach kanoq jelaʼ pataq ʼaj .
xe sikʼij la .
ja wi xkibʼij wi chikeʼe wi?
rumal che ,manixta riʼ ri ki xchʼawik, are riruxlabʼ axel rii tat riʼ ri kchʼaw na iwukʼ riix .
kʼakʼ ri wachoch .
sibʼalaj utz kinwil le atzʼyaq rech na hu ala .
saq por kkay ri kipoʼt rinan.
xsach on ri nu chak chwe.
waʼim xuchapo .
ri qʼaqʼ tajin kajuluwik .
na jil upamris iwan.
ekʼo ri qachalal pa chi uwiʼ la .
jas xa taq chiʼj le akʼal chutijik?
noʼjimukem ik le pasawumal .
kʼojun kukubʼiʼ tintin, waʼ le laj kukmam ka jeqitaj , kapaqik axulik pa uwiʼ uqʼabʼ taq cheʼ, sibʼalaj sakʼaj , keʼuto lee nimaʼq , chʼutin , rachiʼl , aj sipanel sibʼalaj utz ranimaʼ.
ri upixabʼ le qʼatbʼal tzij kiyaʼ ubʼixik .
na xsachonta chke xea tinik.
xeqil le chikop puwile ja .
xloʼtaj riakʼal .
qonojel kuj waʼ pa uwiʼ rimexa .
xsik ir le waqan.
la xat waʼ kʼut?
nim ubʼaqʼ ri tulul .
kin xikʼikʼik xin qʼaxik .
la katbʼe pale tinamit?
ri pal sibʼalaj saqʼor .
kqʼoxown ujalom .
xin naʼo chi katpetik .
xloqʼule wi wech ix .
xin chakun rukʼ rinumam .
na xqabʼantaj .
kkʼojiʼ bʼaʼ ri usipanik riaj awxel jesus kristo rukʼ ri aw uxlabʼal !
kin chʼaw rukʼ lenunan pale chʼawebʼal .
sibʼalaj qʼequʼm rumal ri mayul .
are le ba xulik .
xe kos le ixoqibʼ palebʼe .
kʼax rilik le akʼal chawe .
xin qʼiʼ oxinatin pa joron.
sibʼalaj nim le tinamit.
kʼa xu kemik le pasawumal .
xin sachik.
tajin kelu kikʼel pa raqan ri tzʼiʼ .
xin wetaʼmaj rilik wibʼ
ri qʼuqʼ are jun jeʼl chikop .
kʼopa ja tijobʼal riwikaqʼ .
ri sachibʼal mak rajwaxik chi qaxoʼl .
jeʼ, kimbʼek .
jel aleʼ ri nupwiʼ .
xubʼij che :- jas xa bʼano tintin?
kabʼan jun toqʼobʼ kyak ri nujal .
katʼek xinta .
jas le ukʼexbʼem ribʼ le jun rukʼ le jun chik?
aj chi uwiʼ miqʼ in jaʼ riluʼ.
ri tijonel naj kpewi .
teʼ kix cho bʼ ubʼiʼ ri nutat .
ri jaʼ kamiqʼik chi uwach riqʼaqʼ .
ri tʼuʼyk paqʼowik .
kinmeson na .
naqaj at kʼowi chiwech .
xin bʼisonik taq na xatpet taj .
we xkam ri winaq, ri pwaq rech tojbʼal ma kaj kyaʼ chikech ri ralaxik .
ri nunan xbʼepa kʼaybʼal .
xoj ukʼamuloq rech koj rilo
x kʼoto chin chi kiwach chi kin waʼ awukʼ .
na xkikam saj taj xkikʼambʼi cho ja .
kʼakʼ ri ikʼ kamik .
xim bʼe rukʼ le aj kuniwir .
rilik .
le tzʼiʼ xekosik .
xinkikota wumal .
rii mul xumaj ria nim , xuya kan le kok .
kʼo oj che riakʼal .
xuj bʼe pajun kʼulanem .
utz we kwa ralaq.
kaqilo chi na koj ukʼamtaj .
xretaʼmaj chi rukʼ pa kʼkutij wi .
sibʼalaj xin kʼaʼ narik.
xin kochij rinuwa.
man kat kowin taj kat chakunik , we man kʼota ri ajilabʼal .
we wonon xubʼij chike :-kix into.
riala nim kril wi ri umam .
xkaʼy chirij , xkaʼy chuwach, makʼo ta chi jun ksilobʼik , xoqʼik xuxeʼj ribʼ xchʼopinik xtzalij loq xu riqta chik ri ubʼe .
kʼo pus cheri wa .
pinem na kabʼe le wa tz,kim bʼe wi in pa kaʼyibʼal .
rinantoʼn nim winaq chik, saq uwiʼ , ronojel aqʼabʼ utz kunaʼo katʼuyiʼ pa utem , kumiqʼisaj ribʼ chori qʼij , kʼojun uwiʼumam ubʼiʼ ateʼk .
mane kʼi taj riqulaʼ .
qʼalaj china kawajtaj kabʼij
x paqabʼ isax rajil ronojel ri kem .
kʼopa ri jul ri kumatz .
ronojel qʼij kin chʼajlenuw are .
saq chi kan le ichaj rech katzako .
chu xele qachomal kaqatij wi jun qameqʼin.
chawilaʼ.
ekʼo jobʼ umiʼal, ri nutat .
jas rukʼ xawil wi
jeʼ jas riwinaq rech ri uwachulew, xoqujeʼ kepe na riʼ rie ʼareʼ che e rech ri uwachulew ;jeʼ jas ri winaq rech ri kaj , xoqujeʼ kepe na riʼ rie ʼareʼe rech ri kaj .
xintijo.
ktzʼujuw ri rachoch ripoʼx .
x uqʼiʼo are le ukʼulel xyaʼow uwa.
ri aw el xretaʼmaj chiraj awaxik man kuxej taribʼ cheri tukur .
ju kʼulaj winaq xeʼanimaj bʼik .
jeʼ, xin tzalijik .
xoj petik xol qakʼamaʼ.
maj ja chin xʼek .
in aj tij; at tijoxel .
saq uwiʼ ritataʼ.
wech ri kem .
le roʼch le ateʼ kkʼoch wach le ukʼay lenunan .
kbʼepa ri si riʼa eparis ilisiʼa, ja wi jeʼ kuya wi ri kichuqʼabʼ ri komon tyox .
pixabʼ : man utztaj kʼax kuj chʼaw chikij nikʼaj qachil.
xkunataj le ali ( kumal ri ixoqibʼ ).
rixibʼ ibʼal chi kʼowi pataq riqa kʼaslemal ronojel qʼij .
na kuj war tawaral.
on che kkʼojiʼ ri utzil chi xoʼl , arech junam riqa kojonik , junam ri iwech ix rukʼ ri wechin .
pa oxqʼij ri saʼn kbʼena rukʼ riaj kun .
kawinaq wuqubʼ .
jas kawaj kintijo?
we ta xat bʼe wukʼ pale tinamit, xa loqʼ talaʼ le u jastaqle akʼajol .
kebʼe pawaʼim .
xin loqʼ kʼi wa .
pajun nim kʼacheʼlaj , kʼojun kʼ waʼ sibʼalaj saq loloj , nim uwach .
kwaj katij jubʼaʼ wa .
ronojel winaq kril na riu kolonem ri dyos ».
x kʼoto chin chi kiwach chi kin waʼ awukʼ
kwaj na katʼetaj .
la xa loqʼ junal ej ?
ekʼo ri eloqʼo manel .
ri ukabʼ ubʼiʼ rinumam are yay .
kin jopij rii jaʼ rech triko .
xnaʼtaj chke xea tinik.
xateʼ qilaʼ.
kakitij alan xax riwinaq.
. . . kinbʼij chi arewaʼ sinxiʼ an.
na xin nabʼej ta chuta si kqa kʼolibʼal .
rumal rech cheweri in, kin chʼaw rukʼ ridyos pa chʼabʼal , kchʼaw na kʼu riʼ riw uxlabʼal rukʼ ridyos , kʼate kʼut man kʼota upatan riʼ chrech rin uchomabʼal .
xepetik xkilo .
xuta we katʼek .
utz ukemik le pas chawe .
ri nuwak ax xutij jun qʼoqʼ rumal riʼx kamik .
rumal ri kʼix , man kewaʼ taj riwinaq.
xeʼulik .
qʼe qrij ria maʼ chij.
xraj kaʼele unan .
junam ki junabʼ .
na qʼalaj taj wekaʼek .
ri wi xnam chʼaj chʼoj ri rachoch .
waral man kʼotaj ajawal .
na iw ir ta xril le kʼamolbʼe .
xinpe loqte kʼu riʼ xin tzukuj ronojel ri nurajil .
riaj tikonel kutik ri tzij .
kʼo e kikʼajol lea chijabʼ .
kutij qʼayes ri ixpaʼch .
pari waʼbʼal ekʼo kawinaq a chijabʼ .
sip ojinaqri nupam .
kayaʼtajik rukʼu tiʼonem jun ri uriqom le yabʼila molotsetsé xuqujeʼ are kayaʼtaj pataq ri juyubʼ .
ja chin ria chi?
rinumam xkamik are taq kʼo jumuchʼ lajuju junabʼ .
kin kowinik kin kʼambʼil e pwaq .
kinwilo chi utz ri ajiʼ .
xinqʼil ria poʼx che man kachakun taj .
kwaʼ chi uwach le taqʼaj ria maʼ akʼ.
rii mul xepoqʼik pa junikʼ .
xkʼis kanoq riqa chak .
are ri alixoj ilow kanoq .
sibʼalaj chʼuʼj riamax .
kʼo nu wachiʼ.
in chajinel kech le akʼalabʼ .
xekosle tzʼiʼ.
kin bʼe na kukʼ rimolaj .
ronojel aqʼabʼ kiny itzʼ riwakax .
ka rapinik xutzukuj chi jun awaj.
le u kemik le pasaninaq (awumal).
maju rajil le qʼabʼarel .
kʼax riʼ ri kachʼawik .
xoj utaq chiʼj lea chich uloqʼik ichaj.
sibʼalaj kʼax ri xkʼul maxik .
xkilo chinak in kʼoxo majtaj .
xnaʼtaj chkech ixeatinik .
x kʼoto chin chi kiwach chi xojal woʼqa kukʼ .
jun qʼuʼq rajil ri kaxlaʼn wa .
xinwilo chi xeʼelik .
ekʼo ixoqibʼ pale kʼaybʼal .
man kʼotaj ukʼisik ri mayabʼ ajlabʼalil .
ri sin kkʼiypa taqʼaj .
ri chʼima man kkʼiytaj pataq ʼaj .
raj awaxik kjikik ri waqän .
kawaj kinʼek .
ekʼo oxibʼakʼ .
xubʼij chwe ja wi at kʼowi .
chweʼq kuj bʼeʼ pa muquj .
pasaq kʼa jaʼ kbʼan wi ri uq.
xoj kisikʼij .
xinwil wibʼ.
chaqʼ chik riwa.
kim bʼe na ka pale woʼch .
kawaj kinʼek .
ri chʼuʼktij rukʼ lej .
pari kiqʼij kaminaqibʼ kbʼan qʼo ri kʼyaʼ rech aj : nabʼe rinan kutzukuj kan riaj , ku jachʼoʼ xuquje kukʼeto .
jas kajbʼal chanim?
utz uchomanik riali.
pari qʼijox lajuj tijax kin kʼis kebʼ junabʼ kin chakun waral .
sibʼalaj ko, rikʼakʼ chʼat.
jas karaj kubʼij …?
ri chʼichʼ kasilabʼik .
pa ojerqʼal pul xaqxuwi ri nim winaq ke kʼamowbʼe .
le ukunaxik le ukabʼ ukʼutunik are rukʼ ef lor nitinao nut unibʼaxik lenifur timo x chiʼ lef lor nitina checht . b .g.
are ria chixin chʼayowik .
junachi ubʼikuʼ xusipaj kebʼ kʼaʼmulew rech kabʼan ri tijobʼal , kamik, kʼo chi kajtij rech ri komon xechpup .
xumal tyoxij cheri aj tij ronojel le xukʼut chi uwach .
pari bʼe xkiraq jun alajimul saq rij, x kikʼambʼik .
xril lebʼal eala .
jas kubʼij chwe?
leukun atajem are rukʼ utzukuxik le uchikopil pajun usolik uxeʼle kikʼon le jaʼ rech junnodo .
utz we nutzʼiʼ .
jeʼ, tajin ka chaponik.
kin uloqʼoj le nutat .
kawaj kim bʼepa tinamit.
are laʼ kin chakuj .
ri nimaʼq taq winaq kʼo ke taʼmabʼal .
we ta xat bʼe wukʼ pale tinamit, xa loqʼ ta waʼ we jastaq .
riki kʼaslemal . wa iximulew xa jun chima are ta tinimit rima
ri ukʼ yabʼal na jupam .
xa tqaj chiupam riil .
nojim katwaʼik .
we kʼojun ktuqaʼ rik, ¿la man xoqujeʼ taj kintuq aʼr riin ?
oj oj wokol ja .
awas kbʼan kʼax che jun nim winaq.
xin chʼaw apan rukʼ le wan abʼ .
kʼax riupam rijuʼl .
tajin kewaʼ rii mul .
la kajlakuj tzalij la aninaq?
rumal rech cheri makaj man kʼota ukowinem piwiʼ ri ix : ri ix man ix kʼota chichuxeʼ ri pixabʼ, xane ix kʼo chu xeʼ ri sipanik.
nim raqan le cheʼ.
xinchapo.
are letuʼr le loqʼ omanel .
xas kat kʼo jiʼ chiupam ri chʼichʼ.
sibʼalaj nim raqan ri kʼamalbʼe .
le tzʼibʼa bʼal wechin .
in xin toʼw la .
xaje kʼu riʼ ri ix kamik riʼ man ix kaxlan winaq ta chik; ri ix , ix rech ri kitinimit rie tyox laj taq winaq , ix rech ri rachoch ridyos.
xin tikox laj kʼalichaj .
kaqa riqqibʼ chweʼq.
sibʼalaj utz cheri wiʼ aj ri tuney .
we na jupulik ta xeqajik . . .
xin toʼtaj cheri nu chak .
kʼo jun chikop ubʼiʼ pum .
poqo nriik.
xoj bʼinik .
xuchʼek ronojel lere tamanik xpaqiʼ kkʼax kwʼinik xubʼan aj kun .
kelubʼik pa rij udeʼa e ktzalij chiu bʼi jumul pari galileʼa .
xin axibʼij pabʼe .
jeʼl kʼolem chi awachoch .
ronojel ri yaʼtalil pawe qʼataj , tzʼaqat kiwach, man ktzaqta kanoq xuqujeʼ man ktastaj .
xukunaj le yawabʼ le aj qʼij .
chi tatabʼej jasle kimbʼij .
chʼanal ria chi.
pa bʼokoʼ kachakun wi ri tax .
uj kʼopa uwuq qʼij .
kiʼ ri ukabʼ riaqaj .
kʼo rachalal patzʼoloj cheʼ ri peʼl .
xkilo chik in kʼoxom aj .
ri ukisakʼ utz kyaʼik chiuxeʼ ritikoʼn .
are taq chiʼ kaqʼan puwiʼ ri jukubʼ , ria chi che xkʼojiʼ ri itzel uxlabʼal rukʼ , kutach rech riareʼ, arech kkʼo jiʼ rukʼ riareʼ.
na kabʼantaj ta wumal .
xnaʼtaj chke xea tinik.
xin paj ri nutriko .
xeʼok ri pokʼ pa ri umexa ripoʼx .
kajuluw ria qʼaʼl chiuxeʼ ri tʼuʼy .
awe chleja .
xuj bʼepa tzurik .
nabʼe xa topanik.
ri ukabʼ ubʼiʼ rinumam are yay .
uwaj xaq ukakʼal taqanik (28) .
mata kʼojun kakanaj kanoq , qonojel kojbʼek .
e nimaʼq le al tomabʼ .
nim uwach ripoʼt .
kojonik pari utzij wa iximulew .
jas xukʼambʼi le tzʼiʼ xawilo?
xin petik, tat .
ribʼe laj uwach .
chi tatabʼej jas rikimbʼij .
jeʼl kunaʼ ri abʼix chiupam ri ququlew .
kinbʼisoj uwachle wal.
xutʼuyu bʼaʼ .
nim ria we qeleʼn xa riqo .
xineʼ waʼoq.
chiʼ kewa rwile akʼalabʼ .
rinumiʼal xutaq loq jun taqoʼm wuj chiwe .
qʼeʼlik , richaj paribʼe .
la utz awach? - utz mal tyox , e kʼu riat? – utz mal tyox .
xin kos rumal nu chak .
kbʼe kukʼ rie ʼareʼe ktzalij parinas are te keʼunimaj .
ri joj xukʼambʼik riakʼ.
kʼo chi wachiʼl chanim .
kubʼij chech naʼl kabʼan cheri a tzʼibʼ .
e . . . in kawaj katzjoj bʼilach we .
matax iny ajleali.
ja chin rukʼ katbʼewi ?
kʼo sibʼalaj etaʼmabʼal pa ri mayabʼ noʼjibʼal .
e man xo ri jupuq kej .
kasumum ri ka qiqʼ.
ekʼo kajibʼ akʼalabʼ palebʼe .
jeʼ jas ri utat kkaʼyik .
xaqat molonel tzijtal .
le nutat kaloqʼon chwe .
xaqta ne kimbʼe iwukʼ .
xretaʼmaj uchʼajik .
rumal laʼ xkoj “xal qʼat ” che ubʼiʼ ri komon .
are le u kemik pas xretaʼmaj .
ri wa tiʼt kubʼan na ri upatan .
kʼakʼ lepoʼt .
retaʼm uwach ja chin xloqʼow ripas.
ken chʼabʼej le akʼalabʼ .
yaʼtal chaqe qonojel ri uj winaq utzkaqil qibʼ .
xkotiʼ pa qʼayes xoqʼik .
kawinaq bʼe le jebʼ qʼataj .
ekʼo kajibʼ ral rii mul , jun saq , jun qʼan, jun qʼeq , jun qʼe qoj , sibʼalaj ketzʼanik , ke chʼopinik rialaj taqimul .
k cholol ria chachal .
ketekik ri ikʼ .
xepetik rech kewaʼ iwukʼ .
tza tz ri uqʼanil riakʼ.
xoj tzalijik xi xeʼqaqʼat uj kukʼ le i tatinan.
ri yoʼx taq akʼalabʼ kekikʼux ria tzʼyaq .
wea chiwe xusipaj jun poʼt chwe xkamik .
kkowin ri kunanel che kunanik .
xjiqʼ pa ripolow .
xa rumal sibʼalaj raj awaxik le loqʼalaj jaʼ,le winaq xkibʼij : chewe ikʼ riʼ qonojel kuj bʼeche utikik taq cheʼ.
riunane rie rachalal kepe u loq rukʼ riareʼ, kʼate kʼu riʼ, man kekowintaj keqibʼ ukoq rukʼ , rumal rech che ekʼo sibʼalaj winaq.
rumal rech , che man kʼota jun kkowin che ukojik juntik ibʼalil chik chuwach ri kojom chik che are rijesus kristo.
te kʼu riʼ xutzʼibʼaj ribʼ pa rinimalaj tijobʼal rech aj kuʼn .
kajuluw richʼumil chaqʼabʼ .
kʼisbʼal kanoq , xoqujeʼ kkam riixoq .
le alaxok ik .
kʼo pwaq pa uwiʼ rimexa .
are kawaj na kinʼetaj .
ri yawal kukoj ri ali chiuxeʼ ri chakach are usuʼt .
na kaqakʼam tuʼbʼi kamik .
ri aj tij kubʼij chike : raj awaxik keqachajij ri awaj , are utikoʼn riaj aw.
xin tij mu kuniwir .
kʼax le uwiʼ taqlen uqʼabʼ .
xin loqʼ jun ilbʼal wibʼ.
waʼ we qʼij , nim ubʼantajik .
ri uxeʼal riqa tinamit man kasach taj .
xoj bʼinik .
ri achalal junam kiwach .
xin wetaʼmaj rilik wibʼ.
nim ri unaʼoj waj tij.
miqʼ in ri kʼul .
aj qʼojom riateʼk .
che le sanik cheʼ kbʼan wi ri qʼojom .
kapele aw elpan awal jaʼ.
rimes onel tajin kchakunik .
utz chaqe kaqatoʼ qibʼ , taq kʼo kʼax kʼolil , katewe chiʼ nri aj aw paqawiʼ .
xawilo, xqʼatan le ibʼoy .
xat kowinik xabʼano .
kiʼ ri kʼawex .
kajil il ribʼe .
le al ixel bʼik .
areʼ xraj xinbʼano .
nim wea bʼaj .
jeʼ li kutiʼj olal ri saq koʼr .
nojinaq ri kej .
we ka tijan xux man katutoʼ ta chi uqʼatixik le kʼakʼ yabʼil cor onavirus( 2019 -ncov).
na nim ta raqan waʼ we cheʼ .
utzalaj aj chak, ri wel .
¿jam paʼkujbʼe pa nimaqʼij?
raj awaxik tanelaʼ kat chakun wukʼ .
xutaq chiʼj pawaram pulew .
man are ta ri axwan xelik .
riaw ix xuloqʼ rachoch renimal.
are ri ixoqxin sikʼin uloq.
ri chʼima kʼatʼon na .
la xibʼan le ichak?
kʼi tinamite kʼopa chʼoʼj .
kʼoju puq chij chiuxeʼ ri cheʼ .
ri uxaq ri abʼix are uwarik ej .
kawinaq qʼataj .
la ki xpe pa tijobʼal?
we kechajix taqle kʼwa jacha kinbʼij ; juna lik kʼo jaʼ xuqujeʼ sibʼalaj saq loloj .
xretaʼmaj .
ri alabʼom ri alitomabʼ tajin ki kitijoj kibʼ rech sutaq , are kakaj kikibʼan nimaqa chijabʼ chupam ri ki kʼaslemal , xuquje kʼo chik jupuq bʼixonel chupam ri komon .
la tzʼ uwach ribʼe .
kʼakʼ ria chʼichʼ.
qonojel uj , uj may abʼ taq winaq.
nojel qʼij ria tiʼ xkuy uqʼuj le taq awaj jelaʼ pa nikʼaj jaʼ , chirij ri juyubʼ ubʼiʼte naʼ.
paqʼom chik risiʼ.
kin tzukun che la .
kakitij le kinaqʼ, le ichaj , le uwaʼlik rukʼlej .
xekanaj kan le aj chakibʼ .
ketikon ria chijabʼ .
sibʼalaj itzel ubʼantajik ri chʼi lakan .
riateʼk xumal tyoxij cheri ratiʼt , rumal ri utzalaj noʼjibʼal xukʼut chech .
kkamul ix uchak ri abʼix.
la xin utzukuj le tijoxel?
areʼ kachakun ronojel qʼij .
le ekʼaʼ na taq tzʼiʼ.
saq rij ri pla mux .
jas xa qʼiʼox atijo.
jas rukʼ xkichapwi utijikle ri kil?
we katatin rukʼ kʼa tan jaʼ man kuqʼatej tale kʼakʼ yabʼil cor onavirus .
la katbʼin pale uxlanbʼal ?
la waral kʼuxix waʼwi?
are le nutat kin loqʼonik .
tajin kchakun riala .
kʼo ri kiʼ kotemal awukʼ .
xuta ja chin kaʼek .
xatwaʼik xinwilo .
xtzaq ri rachoch rumal rijabʼ .
pale junikʼ chik are nimaqʼij .
e kebʼäm kebʼin pa uwiʼ ritem .
memria chi .
ri wikan chaliʼy kel pa juyubʼ chwi tziribʼal .
le rajil , lapa ja xelaqʼax wuʼ bʼik?
pari suʼt pisom wi rilej .
koj petik kol qakʼamaʼ.
tajin kat chʼopin chi uwach ritaqʼaj .
leqʼor xchʼuqik .
kʼax waʼ ima wumal .
kin bʼison chele wal.
sibʼalaj kʼokʼ ri awatzʼyaq .
kamik xuj bʼeche utikik taq cheʼ pari juyubʼ .
kin uloqʼoj le nutat .
chaqiʼj chik ri chaj .
xyil ix hawayi.
na xnaʼtaj ta chkech ixeatinik .
rukʼ kʼu waʼ we riʼ, ri ix kkʼoji ʼjun utzalaj i kʼaslemal riʼ ch kiwach ri winaq che man ekʼo ta iwukʼ , kʼate kʼu riʼ man kʼota jun winaq riʼ raj awaxik chiwech.
e petinaq pabʼe le rachalaxik .
kakaj le akʼalabʼ kewaʼik .
xuj chʼaybʼik .
ri nu chak are qʼaxel tzij .
kʼo na ruxlabʼ riawaj.
tajin kel loq, ri qʼij .
x uqʼiʼo xkamsax ri rachalal choch.
rinumam are kʼo uqʼinomal .
xkʼul mataj jumul , xubʼan jun nimalaj jabʼ , man xbʼeyetaj tana xukʼis leuyuqʼ chike .
amaʼ ri nutzʼiʼ .
je waʼkat petik .
xin kosik rumal xin chakunik
iwech chi jujunal, ri wa .
x uqʼiʼo na xatatin taj .
in riq tajinaq pari kʼayibʼal .
na wetaʼmtaj .
kʼax le nuqʼabʼ .
utz le xubʼij lea chi .
ke matzʼibʼ .
kʼo rachalal patzʼoloj cheʼ ri peʼl .
ronojel waʼ we jastaq riʼ, xas ksach wi uwach waʼ; rukʼ we riʼ, ri ix , raj awaxik che kʼojun tyox la ji kʼaslemal e kkʼojiʼ rii chʼawem rukʼ ridyos,
xmuq taj ri patzʼan .
ri chʼichʼ tzijom kanoq pari ukʼolbʼal .
man kʼota ucholaj pataq ria wuj .
ja chike ikʼ le unimaqʼij le tinamit nawal jaʼ?
xepetik xol kikʼamaʼ .
kachuqʼ chut ri jaʼ chi apam .
xinbʼij iw ir chi xebʼepa ar mita.
areʼ uxeʼ ojer tzij wa ral kʼicheʼ ubʼiʼ .
xkʼis rinusiʼ .
ja wi xkibʼij wi chikeʼe wi?
¡ xaje kʼu riʼ, ja chin taq rie kʼo pari judeʼa, chi chanim cheʼa nima jubʼi pataq ri juyubʼ,
kʼakʼ ri abʼ .
la kʼo jun na kakʼoxo majtaj?
na utztale utʼisom le al mariy .
man yaʼtal taj chiawe katok paja .
jeʼ, xat utzukuj .
are kel waj xaqibʼ uqʼij ri xkʼojik .
ri xunkur kkʼo jiʼ pataq ritriko.
xin sachik.
xutʼuyu bʼaʼ
na nutom tale tzij…
wa chʼom ri kiwa rinoʼs .
ekʼo jobʼ chʼil wakʼ.
raj awixik chi pataq ri tijobʼal , pa nikʼaj ubʼixik chik
ri rajaw rulew areʼ tatkel .
we kʼ uxokik , we kʼnax okta
wea chi xusipaj jun pʼot chwe.
atat utaqoʼn le qʼatal tzij .
na qʼanta uwachleqap rut.
ri xaʼr kʼo pa uwiʼ ri qʼaqʼ kpoqʼowik .
ri roqʼej rialija chakpe jun akʼal .
kʼojun alapa tijobʼal .
säquwiʼ ritataʼ.
ri witzikʼ tajin kpe loq .
ja wi xsacho nwikan uyaʼik le pwaq che .
utz wea chi wexin kunanik .
qonojel kuj waʼ pa uwiʼ rimexa .
ri kaxlaʼnik man poqontaj .
in xin bʼe rukʼ ri wachiʼl .
sibʼalaj jeʼl xkilo xe kitzoqopij ri ki chij chilaʼ.
kinbʼinik xinʼek .
kʼax kʼolik, kachaʼ.
kutij ixim riakʼ.
rial ix chel , x uqʼiʼo xa junakʼ xsipax che .
xqa sikʼij le ixoq chutzakik subʼ .
mata xa bʼinsaj le chʼichʼ.
ri pixtzʼa ralik rumal rie qaʼn .
¿jam paʼ kel chi 3%
kʼo jun nukʼotoj chiʼaj .
tajin ke waʼkat rialabʼom .
xin loqʼ le nu kʼa kʼapoʼt .
na utzakik ta subʼ tajin kuʼano
xo ju taq chiʼ ij xoj waʼik .
iwech ri abʼix.
saq rij richij.
aj sik cheri tinamit kel wi ritataʼ.
-¡ ay ! xa xin tzaquloq , kʼax we waqan.
xkʼul mataj pajun komon chiʼ uwach jun juyubʼ , xu riqa jun qʼij xkiriq kibʼ junimul rukʼ le kok .
jas xa taq chiʼj le akʼal chutijik?
xinchapo su xuloqʼo .
qʼinom ria chi .
ri kʼum ktijow rukʼ kabʼ .
tajin keja chʼanik.
tzebʼal ukemik le pasawu mal .
are ka yoʼw le uchikopil le ubʼantajik try pa no som ab ruce i .
we kat nimanik utzkelik .
pero noʼjimal petnaq loq, .
are len uchak jun tzuqbʼal wibʼ.
xkunax le yawabʼ rumal le aj qʼij .
ri ukʼuʼx tzʼibʼ paqatzije lajuj .
sibʼalaj jeʼlik rie qabʼal xubʼan riluʼs .
sibʼalaj at kon .
e man xo ri jupuq kej .
na xnaʼtaj ta chke xea tinik.
ri kʼamalbʼe xubʼij chike, chi maj aria nim .
jumuchʼ ri nu junabʼ .
qʼip tajinaq ri raqan ritem .
kchakun rukʼ ri josbʼal cheʼ riaj anel .
xataq chiʼj le akʼal chutijik kar .
oj kʼo pale roʼchleaw el .
¿la katpeq ukʼ chweʼq?
le winaq pale chʼichʼ e tʼuyul lo wi .
xka naj kanoq chiuxeʼ ri jabʼ ri chʼaʼn .
nim ri ja .
we ta xakunaj le atat matax kam laʼ.
na nukʼamom tuʼla riʼ.
chqa nukʼuʼ riqa tzij .
kim bʼe pale tinamit.
xin qʼiʼ onaxina tintaj .
raj awaxik ka kʼaman chawe le utijikle lej .
kʼisbʼal taq noʼjibʼal .
