x ine ʼ wa ʼo q .
x kibʼan kʼax che le u wosaq ru mal man utz tachi kakayik .
riq ʼutu ʼm man kech ta le akʼala bʼ .
are na nim ta leatz ʼi ʼ chu wach le n utz ʼi ʼ .
xe petik xol kila ʼ .
¿jaw chi ʼ xata ʼ chex kam ri u mam ri po ʼ x ?
e kebʼ kekʼam bʼik pa tuj .
xin loq ʼ jun japa ri wokaj ja .
ria xtu ʼ bʼ, kʼo qulaj chech .
jas karaj kaʼan chu tzakik leti ʼij .
xutij le wa .
xim bʼal re tzij .
x pa xri bʼo ʼ j .
we kawaj katin to ʼo xaq xu wi kabʼij chi we .
jas nu kʼu kuch ʼo bʼo .
jas karaj ku tijo ?
xe x ru xla bʼ ri rik il .
e ni tz ʼa ʼ q le taqim ul .
we tane inxin bʼano wik , are le ate ʼ k x bʼano wik .
kin tzalij pa le nu tina mit .
ri nu chaq ʼ kʼopa uro ʼ q ʼatoj tijonik pari tijo bʼal .
xin xi ʼ j wi bʼ xin ch ʼawik .
kʼo ch wa ro ʼch le pare .
chi raqan kabʼin wiri tata ʼ .
x sach on kan uya ʼik le p waq che choja .
xin q ʼax chi kixo ʼl ri winaq .
ketikonik .
ri u lew man qech taj , kech riqati ʼ tqamam .
xepe le winaq xol kikʼama ʼ .
xu loq ʼri wuj ru mal ri ali .
cheweq ʼij kamik kʼo jun nu tzijonem chi rij le nu tina mit .
kej ri ʼ .
x kuna na laq ch we .
kin u si kʼij le nu nan .
ri i mul xu ch ʼij taj , x kanaj pa bʼe, ru mal ri nimalkuj al uj ri i mul , xu tzaq ri a nim .
ku bʼan ri u xoq ʼo ʼl riaj tz ʼaq .
ri la si bʼalaj utz chekuna bʼal .
kʼi kiwach rie ʼ ajchaki bʼ pari komon ty ox , kʼate kʼut xa jun chi ajaw xel ;
x qata chixa tulik .
kawaj chik at ʼek .
ch ʼuti ʼ n ke kanaj ri xa ja bʼ chech .
kaqa xi ʼ jqi bʼ kaqa chapo .
e kʼo kebʼu kʼ ajol le tat x wan .
lu ʼ su bʼi ʼ ri recham .
aj chi u wi ʼ mi q ʼin ja ʼ ri lu ʼ .
xin ya kan le nu chim pa kʼay bʼal .
kʼate x ri lo, x periunan che utzukuxik , x kikotik , xu sala bʼisaj ri taq uxkin .
x kikʼut chi u wach riaj tij xuquje ʼ chi kiwach ri taqnik ʼaj kach il .
utz le nuq ʼa bʼ .
kul le al we ʼl pa austin chaq ʼa bʼ kamik .
ri ate ʼ k x tzaq loq arechi kʼopa u wi ʼ riq ʼa ʼm .
aj patan ri te ʼ k .
xatqaj chiupam ri il .
la kʼo tzij na kikʼoxo maj taj ?
x sachon chke chi xea tinik .
ro nojel le u lewe chala q .
la xe bʼe kʼula xe ʼ kijaqa kʼule uchi ʼ ja ?
xaq kat ch ʼok na jiwir .
kamik kʼo chiri jastaqa we .
arechi ʼ kakʼis ri juna bʼ kʼo q ʼinom .
pa nawal ja ʼ xin a le xik .
na xin ta taj we are ri akʼal kix tzuqu wi k .
¡ ru lew risa bʼ u lo ne ru lew ri n eftali, u bʼ eri polo w , ru lew ri jordan, galile ʼ a kech ri je taq amaq ʼ !
rax , rax , rax , kʼo kʼ, kʼo kʼ, kʼo kʼ le ru xla bʼ le taq tiko ʼ n .
achixa twi lo .
paq al rajil le pix kamik .
xoj bʼi nik .
pa jun je ʼl tijo bʼal ku tijoj ri bʼ jun akʼal , u bʼi ʼ po ʼ x , utz kuri lok e pa tijo bʼal ro nojel taq q ʼij .
x waj chixa tʼe taj .
utz la ʼle xu bʼij le achi .
weta ʼam jachin kapetik .
kinq ʼojoma nik .
xin q ʼi ʼo takʼalik xin petik .
are ʼ reta ʼm che kinopanik .
areta bʼal eqa qajaw ch at to ʼwik .
kawinaq waqi bʼ q ʼataj .
na qaj chik cheri u waq kaj bʼal aretaq chi ʼ k sach u wach riq ʼij , kok riq ʼ eq u ʼm ch u wach u lew , chi kʼate ʼ nari bʼe le je bʼ kaj bʼal .
jo bʼ raqan ri tz ʼalam xe poro xik .
si bʼalaj korij ri mop .
arewa ʼ .
je la ʼ pari ti minit ch wi kab yok rech xelaj u ʼ, leq anan qa tat kakitikoj e ʼl alaj taq u wach ichaj .
kʼax nuqu l .
xu ʼl ukʼama ʼ .
koj ul kitzukuj .
are man kʼax taukuna xik aretaq aninaq ka ʼilitaj we ya bʼil al xuquje ʼmojo ʼ qa kuya ʼle kʼax kʼolil chech le jolomaj .
ri wel kʼopa tijonik .
kawaj kin bʼij .
ri kotz ʼi ʼ j k qa koj chiupam ri ja .
q ʼe q q ʼoj rij ri ama ʼkej .
na x waj taj xin ch ʼawik .
ch peta bʼal e loq ʼalaj ja bʼ .
x sachon chke x at kisi kʼij .
e leq ʼal ch ʼich ʼ .
jachin xa wilo chi are x tijo w ri ti ʼ j ?
ma taka bʼe le nu x bʼal pa le tina mit .
pim ru q , ri ali .
¿ kʼo rim uq ʼe chi awech ?
k qa bʼij man kekowin taj .
kin tij na.
kʼo jun qa tʼu ʼ y pa ja!
kʼo puj chiupam rich ʼa ʼk .
aretaq kin kosik kin wa rik .
x at wa ʼik xin wi lo
in xin ch ʼayow le achi .
konojel ri ala xik ke ʼ etz ʼa nik .
jas ru kʼ xkitij wi le kirik il ?
aninaq il kat petik .
nar axtau wach le juyu bʼ .
ri tz ʼalam tz ʼi bʼa bʼal rax k kayik .
we cha t chakunik , kʼo awa .
ma ʼtam x at pe cheri wa ʼim .
kamul kin wa ʼ na .
ri sik il k tijo w ru kʼik .
kim bʼe aq ʼan ru kʼ le alta lin .
xoj ʼek xe ʼ qilalar qasok .
xe kiq ʼil le ajchaki bʼ x kiwok leja .
ma tane x waj le kʼuh j nem ru kʼ le ate ʼ k .
are xe ʼopan chiuchi ʼ ri juyu bʼ , xkilo chi man qas tak ʼoq ʼayes .
kʼate kʼut , ri jesus man k kojon tach kech rie ʼ are ʼ , ru mal rech che konojel reta ʼm kiwach ,
pa ʼ tz rij ri tz ʼi ʼ .
juwinaq waqi bʼ q ʼataj .
ate laq ʼom .
xaq at jo ʼs .
riq ʼatzu, are q ʼalaj ri uq ʼij il .
ajchak we ala .
u bʼelej uka kʼal taqanik (29) .
kebʼ nu bʼi ʼ kʼolik .
la katzalij lu ʼla aninaq ?
katzukun la chwe.
lakaj la koj bʼe ʼ pa le chomal ch we ʼ q ?
xin na bʼej chuta sik qa kʼoli bʼal .
la l xin to ʼwik .
si bʼalaj ano ʼji bʼal .
xoj petik xol qa kʼama ʼ .
si bʼalaj je ʼ lik ri u wa ʼl ri ichaj .
kʼax wij ru mal in pacha lik .
aretaq xu kʼu lmaj wa ʼ xu l ri u chomanik xu bʼij : are utz wa aq ʼa bʼ kin wali jik, arecha ʼ cha nim kinopan pa tijo bʼal , maj chi kin kʼu lmaj .
oj aj xojo lo bʼ pa awasq ʼij .
xin sach che le u wokik le tzij .
e julajuj ri akʼ .
xuta jampa ʼ koj ʼek .
qilik .
ri tijo xel man areta nim chu wach ri raj tij . ri utz tijo xel qas jeri ʼ kʼolik jas ri raj tij .
in xa tin ch ʼa yo .
no ʼ jim chak wu mal .
ch ʼur ri joch ʼ .
inkin bʼij na kat sach taj .
uj maya bʼ .
ria bʼaj ya tzalik .
tajinke pix bʼax ri akʼala bʼ .
chom ri aq .
xin wa rik .
e le men konojel ri akʼala bʼ .
tajink q ʼa na rik ri we re ʼaj .
le u kemik le pa su tz (cha we ).
xuyu pu bʼa u wach ra ʼ chi, kacha ʼ, .
ri satanas kok pari judas ri kbʼix is kari ʼo tech rech , ri are ʼ jun ch kixo ʼl rie kabʼ la juj .
chu chu ri par.
kinqumuj ri nu joch ʼ .
chech punción lumbar amaq ʼel rajawa xik chech ri lik le u kʼex bʼem wi le na bʼe ru kʼ le u kabʼ u kʼutu nem leya bʼil al .
q ʼalaj chi nakawaj taj kabʼij .
kʼo q ʼol chi rij risi ʼ .
jawi xoj ʼe wi chu loq ʼik ?
kʼo u loch ʼri talin .
q ʼan rij riati ʼ tnukej .
la x tzalij la iwir ?
xe si kʼixik , kʼate kʼuri ʼ xe ya jik , xuquje ʼ xetaq bʼi cheu sik ʼik le mes .
la kix wa rik ?
are kʼu lepa loma x xu bʼij che: - mam kat bʼison taj , kin si kʼij nik ʼaj wachi ʼl kerapapik .
a ʼ re e tijo xela bʼ .
ri alajali si ʼl xu bʼij x qachap pa utzal ri tyo x.
x sachon chke jachin xea tinik .
jas xu rayij le anan xu tijo ?
xin kosik .
rax ro nojel ri q ʼayes ru mal leja bʼ .
kin ya wa ʼ wech ʼich ʼpi nem na utz .
no ʼ jimupach ʼuxik le nu wi ʼ .
naj kʼowi le wo ʼch ch u wach le tijo bʼal .
ri okibʼal kʼochi u wach ri saq ja .
xe nu taq ch ʼij kek il le akʼala bʼ .
kʼo jun q ʼoxowem chi we .
tz aricho ʼm .
we choj bʼe pa le nimaq ʼij , keq il le aj xojo lo bʼ .
xoj ʼek xe ʼ qilalar qasok .
riat e ʼ k xuta ʼ chech ri nan to ʼ n : - nan jas che ʼ chiman kaj tala qa kʼati saj ri jo ʼ q .
ri pa l si bʼalaj x u ʼ y .
kin koj ri jok bʼal u lew .
inkin bʼij naka tsach taj
at raj kun le nu nan .
ku qamuj u joron ri aj tzij .
lu ʼ tz ʼalam u bʼi ʼ ria chikel pa nim che ʼ .
je ʼ lik uti ʼjol al ri saq ko ʼ r.
kʼo jun xa ʼ r pa ja .
xin loq ʼ jun kʼakʼ patan .
kʼax u kemik le pasa wu mal .
aninaq u kemik le pasa wu mal
rich ʼa ʼ n sachinaq pataqa bʼix .
rax taq le kotz ʼi ʼ j .
mesom kanoq ri u pam ja .
man aretar alax kosik .
ri komon xech pu p rech uq ʼa bʼ tina mit xo ʼla bʼaj rech q ʼu markaj .
la u tzakik kʼu su bʼ tajinku ʼ ano ?
katela !
na xu tij taj .
xa ru mal keta ʼm konojel ri winaq k kiqumuj leja ʼ .
iwir xuj tzalij la pa kʼay bʼal .
qeta ʼm cheri qawa kuj u to ʼo .
riaj tij , kyaj on chikech ri akʼala bʼ .
jas u bʼanom le nu ch ʼuti tat ?
ch we ʼ q kin bʼe pa nim tina mit .
utz we kiweta ʼmaj jas ku bʼij ri chol bʼal q ʼij .
tajin kat ji lo w che uq ʼoxom jolomaj .
xin tik q ʼax chi u wach ri ja .
kʼax le kibʼe le winaq .
loq ʼkat kun taj che leya bʼil (covid - 19).
ri nu xi bʼal kel pa qaj bʼal q ʼij .
x ri l ri axwan chi x wa ʼ ri ala .
le alix kuna tajik .
weta kape leja bʼ kamik .
xin weta ʼmaj chi na xatpe taj .
ri p waq rech weq ʼataj ri ʼ kesax chech ri toj bʼal kʼayi nem .
k tij ri u wa ʼlik ru mal ri kinimaq ʼij .
xu chapu kuna xik .
cha tan loq ali .
xin xu li ʼ qa jo q .
je ʼ lik k tijo w ri taqik ox .
kʼate kʼuri le tat xo ʼ rx u bʼij , man kawaj taj , man kawaj taj .
kʼo jun tz ʼi ʼ pa bʼe .
kamul xin pe che atzukuxik .
man tajin takin chakunik .
kin chakunik rech kat wa ʼik .
jas ru kʼ xa wil wichi xkiq u pij wil eti ʼ j .
jasu bʼixik … ?
koq ʼri akʼal .
kawaj naka tʼe taj .
xat q ʼajik .
wem nacha loq ʼaxi ya l , nakim bʼe taaw u kʼ .
xopan lew u jaw u kʼ ru mal wech in .
are kʼut pa le juyu bʼ k kʼiy joron, chila ʼ xe kikʼamawi rija ʼ ri winaq .
koq ʼri akʼal .
we kʼo a rajil chak ʼam aloq .
are si bʼalaj kaq leapo ʼt chu wach le nu po ʼt .
xin kʼas taj pa kabʼ la juj kaj bʼal .
kaqoy ʼ ej nakixpe taj .
ko ka xim ri chi j xa jela ʼ man kanimaj ta bʼik .
ri kok nojim x bʼek , xu ch ʼi jo xopan pa u kʼis bʼalil le a nim .
xoj ki ʼ kotik aretaq xa tulik .
kaq itz ʼ naj ri uxa ja bʼ ri akʼal .
ri jesusk wa ʼkat pari nim rachoch ri dyos, chuxe ʼ ri jun jache rachoch ri salo mon .
we taqanik ri ʼ ku bʼij chi rajawa xik kya ʼ uq ʼij ri winaq xuquje ʼ k to ʼ aninaq il .
ria xu x are nari uku nel ri kinaq ʼ .
aretaq wa ʼ ri uq ʼijol we taqanik .
kʼo jun ta bʼal pa u wi ʼ rix kan ulu bʼi ʼ la juj no ʼj .
yu ʼl u bʼanom ri u kolo bʼri kej .
xa nimaj ri akʼal chi u wach ri u chu ch .
k ku nan ri achi.
kin wa ʼik rech na kin yowaj taj .
aj xik ch ʼich ʼri lu ʼs .
k waj che ixkix bʼano wik .
a ʼre xeto ʼ wa laq .
xoj ʼek xe ʼ qilalar qasok .
xin loq ʼ jun ch ʼich ʼ, qajinaq u wach .
ku tʼis ri pantalon .
e janipa le awal kʼwa le kʼolik ?
utz u kemik le pas chawe .
ri max areaj q ʼa niya ʼ .
mata bʼ achiri q kʼax pa le bʼe .
tajinka nimaj , ri me ʼ s .
ixi xe ʼ laq ʼoma bʼ !
x sachan ch we .
e kʼo kʼi che ʼ, chi u wach ri juyu bʼ .
arewa ʼri nimalaj pixa bʼe arewa ʼ ri na bʼe .
x reta ʼmaj chi ru kʼ pa kʼku tij wi
jas u tzakik le su bʼ xu ʼ ano ?
aj xo ʼy ri wi kan .
we tanea ʼ re xe tijo w le rik il , are le komon xe tijowik .
si bʼalaj aninaq kach ʼaw le are ʼ chi nu wach in .
utz we kin chakuj .
me ʼ sla ʼ .
kʼo kan wa rech kaqatijo .
x in si kʼij la .
ri akʼal x sach kanoq jela ʼ pataq ʼaj .
xe si kʼij la .
jawi x kibʼij wi chike ʼ e wi ?
ru mal che, man ix tari ʼ ri kix ch ʼawik, areri ru xla bʼ axel ri i tat ri ʼ ri kch ʼaw na i wu kʼ ri ix .
kʼakʼ ri wachoch .
si bʼalaj utz kin wil le atz ʼya q rech nahuala .
saq por k kayri kipo ʼt ri nan .
x sachon ri nu chak chwe.
wa ʼim xu chapo .
riq ʼaq ʼ tajinka juluwik .
najil u pam ri si wan .
e kʼo ri qachal al pa chiu wi ʼ la .
jas xa taq chi ʼ j le akʼal chu tijik ?
no ʼ jimu kemik le pasa wu mal .
kʼo jun ku ku bʼi ʼ tintin , wa ʼle laj ku kmam kaj eqitaj , kapaqi ka xu lik pa u wi ʼ uq ʼa bʼ taq che ʼ, si bʼalaj sakʼaj , ke ʼ uto le e nima ʼ q , ch ʼutin , rachi ʼl , aj sipa nel si bʼalaj utzra nima ʼ .
ri u pixa bʼ leq ʼat bʼaltzij kiya ʼu bʼixik .
na x sachonta chkexe a tinik .
xeq il le chikop pu wi leja .
x lo ʼ taj ri akʼal .
qo nojel kuj wa ʼ pa u wi ʼ ri me xa .
xsik ir le waqan .
la x at wa ʼ kʼut ?
nim u bʼaq ʼri tulul .
kin xik ʼi kʼik xin q ʼa xik .
la kat bʼe pa le tina mit ?
ri pa l si bʼalaj saq ʼo r.
k q ʼoxo w nu jalom .
xin na ʼochi kat petik .
x loq ʼu lewi we chi x .
xin chakun ru kʼ ri nu mam .
na x qa bʼan taj .
k kʼoji ʼ bʼa ʼ ri u sipa nik ri ajaw xel jesusk ri sto ru kʼ ria w uxla bʼal !
kin ch ʼaw ru kʼ le nu nan pa le ch ʼawe bʼal .
si bʼalaj q ʼe q u ʼm ru mal ri may ul .
are leba xu lik .
xekos le ixoqi bʼ pa le bʼe .
kʼax ri lik le akʼal chawe .
xin q ʼi ʼ oxi na tin pa joron .
si bʼalaj nim le tina mit .
kʼax u kemik le pasa wu mal .
xin sachik .
tajinke lu kikʼel pa raqan ri tz ʼi ʼ .
xin weta ʼmaj ri lik wi bʼ
ri q ʼuq ʼ are jun je ʼl chikop.
kʼopa ja tijo bʼal ri wikaq ʼ .
ri sachi bʼal mak raj wa xik chiqa xo ʼl .
je ʼ, kim bʼek .
je la le ʼ ri nu p wi ʼ .
xu bʼij che: - jas xa bʼano tin tin ?
kabʼan jun toq ʼo bʼ kyak ri nuj al .
kat ʼe k xin ta .
jas le u kʼex bʼem ri bʼ le jun ru kʼ le jun chik ?
aj chi u wi ʼ mi q ʼin ja ʼ ri lu ʼ .
ri tijonel naj kpe wi.
te ʼ k ixcho bʼ u bʼi ʼ ri nu tat .
ri ja ʼ kamiq ʼik chi u wach ri q ʼaq ʼ .
ri tʼu ʼ yk paq ʼowik .
kin meson na .
naq aj at kʼowi chiwech .
xin bʼiso nik taq na xat pet taj .
we xkam ri winaq , rip waq rech toj bʼal makaj kya ʼ chikech ri rala xik .
ri nu nan x bʼe pa kʼay bʼal .
xoj u kʼam u loq rech koj ri lo
x kʼoto chi n chi kiwach chi kin wa ʼaw u kʼ .
na x kikamsaj taj x kikʼam bʼi choja .
kʼakʼ ri ikʼ kamik .
xim bʼe ru kʼ le aj kun iwir .
ri lik .
le tz ʼi ʼ xeko sik .
xin kikota wu mal .
ri i mul xu maj ria nim , xuya kan le kok .
kʼo oj cheri akʼal .
xuj bʼe pa jun kʼula nem .
utz we k warala q .
kaq ilo chi na koj u kʼam taj .
x reta ʼmaj chi ru kʼ pa kʼku tij wi.
si bʼalaj xin kʼa ʼ na rik .
xin kochij ri nu wa .
man katkowin taj kat chakunik , we man kʼota ri ajila bʼal .
we won on xu bʼij chike :- ki xin to .
ri ala nim k ri l wiri u mam .
xka ʼy chi rij , xka ʼy chu wach , makʼo tachi jun k si lo bʼik , xoq ʼik xu xe ʼ j ri bʼ x ch ʼopinik x tzalij loq xu riq tachik ri u bʼe .
kʼo pus cheri wa .
pi nem naka bʼe lewatz, kimbʼewi in paka ʼyi bʼal .
ri nan to ʼ n nim winaq chik , saqu wi ʼ, ro nojel aq ʼa bʼ utz kuna ʼo ka tʼuyi ʼ pa utem , ku miq ʼisaj ri bʼ chori q ʼij , kʼo jun u wi ʼ umam u bʼi ʼ ate ʼ k .
man e kʼi taj ri qula ʼ .
q ʼalaj chi nakawaj taj kabʼij
x paqa bʼisax rajil ro nojel ri kem .
kʼo pari jul ri ku matz .
ro nojel q ʼij kin ch ʼaj le nu ware .
saq chi kan le ichaj rech katzako .
chu xe leq achomal kaqatij wi jun qame q ʼin .
cha wi la ʼ .
e kʼo jo bʼ u mi ʼ al, ri nu tat .
jas ru kʼ xa wil wi
je ʼ jas ri winaq rech ri u wach u lew , xoquje ʼ kepenari ʼ rie ʼ are ʼ chee rech ri u wach u lew ; je ʼ jas ri winaq rech ri kaj , xoquje ʼ kepenari ʼ rie ʼ are ʼ e rech ri kaj .
xin tijo .
k tz ʼu juw ri rachoch ri po ʼ x .
xuq ʼi ʼo are le u kʼu lel x ya ʼo wuwa .
ri awel xreta ʼmaj chi rajawa xik man ku xe j tari bʼ cheri tukur .
ju kʼulaj winaq xe ʼa nimaj bʼik .
je ʼ, xin tzalijik .
xoj petik xol qa kʼama ʼ .
maj jachin x ʼek .
in aj tij ; at tijo xel .
saqu wi ʼ ri tata ʼ .
we ch ri kem .
le ro ʼ ch le ate ʼ k kʼoch wach le u kʼay le nu nan .
k bʼe pari si ri ʼa e pari silisi ʼ a, jawi je ʼ kuya wiri kichuq ʼa bʼ ri komon ty ox .
pixa bʼ : man utz taj kʼax ku jch ʼaw chi kij nik ʼaj qach il .
x kuna taj le ali ( ku mal ri ixoqi bʼ ).
ri xi bʼi bʼal chi kʼowi pataq ri qa kʼas lemal ro nojel q ʼij .
na kuj warta waral .
on chek kʼoji ʼ ri utzil chi xo ʼl , are ch junam ri qa kojonik , junam ri iwe chi x ru kʼ ri wech in .
pa ox q ʼij risa ʼ n kbʼe na ru kʼ ri aj kun .
kawinaq wuqu bʼ .
jas kawaj kin tijo ?
weta xat bʼew u kʼ pa le tina mit , xa loq ʼ tala ʼle u jastaq le akʼajol .
kebʼe pa wa ʼim .
xin loq ʼ kʼiwa .
pa jun nim kʼa che ʼlaj , kʼo jun kʼwa ʼsi bʼalaj saq lo loj , nim u wach .
k waj katij ju bʼa ʼ wa .
ro nojel winaq k ri l nari u kolo nem ri dy os » .
x kʼoto chi n chi kiwach chi kin wa ʼaw u kʼ
k waj na kat ʼe taj .
la xa loq ʼ juna le j ?
e kʼo rie loq ʼoma nel .
riu kabʼ u bʼi ʼ ri numam are ya y .
kin jopij ri i ja ʼ rech triko .
x na ʼtaj chkexe a tinik .
xate ʼ qila ʼ .
kakitij alan xax ri winaq .
. . . kin bʼij chi arewa ʼ sinxi ʼ an .
na xin na bʼej ta chu tasik qa kʼoli bʼal .
ru mal rech cheweri in, kin ch ʼaw ru kʼ ri dy os pa ch ʼa bʼal , k ch ʼaw na kʼuri ʼ ri wuxla bʼal ru kʼ ri dyos, kʼate kʼut man kʼota u patan ri ʼ ch rech ri nu choma bʼal .
xe petik xkilo .
xuta we kat ʼek .
utz u kemik le pas chawe .
ri nu wakax xu tij jun q ʼoq ʼ ru mal ri ʼ x kamik .
ru mal ri kʼix , man kewa ʼtaj ri winaq .
xe ʼulik .
q ʼe q rij ri ama ʼ chi j .
x raj ka ʼ e le u nan .
junam ki juna bʼ .
naq ʼalaj taj weka ʼe k .
ri wix nam ch ʼaj ch ʼoj ri rachoch .
waral man kʼotaj ajaw al .
na iwir tax ri l le kʼamol bʼe .
xin pe loq te kʼuri ʼ xin tzukuj ro nojel ri nu rajil .
riaj tikonel kutik ri tzij .
kʼo e kikʼajol le achija bʼ .
ku tij q ʼayes ri ixpa ʼch .
pari wa ʼ bʼa le kʼo kawinaq achija bʼ .
si poj inaq ri nu pam .
kaya ʼtajik ru kʼuti ʼo nem jun ri u riqom leya bʼil amolot setsé xuquje ʼ are kaya ʼtaj pataq ri juyu bʼ .
jachin ri achi ?
ri numam x kamik aretaq kʼo jumuch ʼlaj u jujuna bʼ .
kin kowinik kin kʼam bʼi le p waq .
kin wi lo chi utz ri aji ʼ .
xin q ʼil riapo ʼ x che man kachakun taj .
k wa ʼ chi u wach le taq ʼaj ri ama ʼakʼ .
ri i mul xe poq ʼik pa jun ikʼ .
x kʼis kanoq ri qachak .
areri alixoj ilo w kanoq .
si bʼalaj ch ʼu ʼ j ri amax .
kʼo nu wachi ʼ .
inchajinel kech le akʼala bʼ .
xekos letz ʼi ʼ .
kin bʼe na ku kʼ ri molaj .
ro nojel aq ʼa bʼ kin yi tz ʼri wakax .
karapi nik xu tzukuj chi jun awaj .
le u kemik le pas aninaq ( a wu mal ).
maj u rajil leq ʼa bʼarel .
kʼax ri ʼ ri kach ʼawik .
xoj u taq chi ʼ j le achi chu loq ʼi kichaj .
si bʼalaj kʼax rix kʼu lma xik .
x kilo chi nakin kʼoxom aj taj .
x na ʼtaj chke chi xea tinik .
x kʼoto chi n chi kiwach chi xoj al wo ʼ qa ku kʼ .
jun q ʼu ʼ q rajil ri kaxla ʼ n wa .
xin wi lo chi xe ʼelik .
e kʼo ixoqi bʼ pa le kʼay bʼal .
man kʼotaj u kʼisik ri maya bʼaj la bʼalil .
ri sink kʼiy pataq ʼaj .
rich ʼima man k kʼiy taj pataq ʼaj .
rajawa xik kji kik ri waqän .
kawaj kin ʼe k .
e kʼo oxi bʼakʼ .
xu bʼij ch we jawi at kʼo wi.
ch we ʼ q kuj bʼe ʼ pa muqu j .
pa saq kʼaja ʼ kbʼan wiri uq .
xoj kisi kʼij .
xin wil wi bʼ .
chaq ʼchik ri wa .
kim bʼe nakapa le wo ʼch .
kawaj kin ʼe k .
ri ch ʼu ʼ k tij ru kʼlej .
pari kiq ʼij kaminaqi bʼ kbʼan q ʼori kʼya ʼ rech aj :na bʼ eri nan kutzukuj kan ri aj , ku jach ʼo ʼ xuquje ku kʼeto .
jas kaj bʼal cha nim ?
utz uchomanik ri ali .
pari q ʼij oxlaj uj tijax kin kʼis kebʼ juna bʼ kinchakun waral .
si bʼalaj ko , ri kʼakʼ ch ʼat .
jas karaj ku bʼij … ?
rich ʼich ʼ kasila bʼik .
pa ojer q ʼal pul xaq xu wiri nim winaq kekʼamow bʼe .
le u kuna xik le u kabʼ u kʼutunik are ru kʼ e florni tina on utuni bʼaxik le nifurti mox chi ʼ le florni tina chech t. b. g.
areri achi xin ch ʼayowik .
juna chiu bʼi ku ʼ xu sipaj kebʼ kʼa ʼm u lew rech kabʼan ri tijo bʼal , kamik , kʼochi kaj tij rech ri komon xech pu p .
xu malty oxij cheri aj tij ro nojel le xu kʼut chi u wach .
pari bʼex kiraq junala jimul saq rij , x kikʼam bʼik .
x ri l le bʼale ala .
jas ku bʼij ch we ?
le u kuna tajem are ru kʼu tzukuxik le u chikopil pa jun u solik u xe ʼ le kikʼ on le ja ʼ rech jun nodo .
utz we n utz ʼi ʼ .
je ʼ, tajin kachapo nik .
kin u loq ʼoj le nu tat .
kawaj kim bʼe pa tina mit .
are la ʼ kinchakuj .
ri nima ʼ q taq winaq kʼoketa ʼma bʼal .
weta xat bʼe wu kʼ pa le tina mit , xa loq ʼ tawa ʼwe jastaq .
ri kikʼas lemal . wa iximu lew xa jun chi ma areta tini mit ri ma
riu kʼ ya bʼal naj u pam .
xatqaj chiupam ri il .
nojim kat wa ʼik .
we kʼo jun ktu qa ʼ rik , ¿ laman xoquje ʼ taj kin tuq a ʼ r ri in ?
oj oj wokol ja .
awas k bʼan kʼax che jun nim winaq .
xin ch ʼaw apan ru kʼ lewana bʼ .
kʼax riupam ri ju ʼl .
tajin kewa ʼ ri imul .
lakaj la kuj tzalij la aninaq ?
ru mal rech cheri ma kaj man kʼota u kowinem pi wi ʼ ri ix : ri ix man ix kʼota chi chu xe ʼ ri pixa bʼ, xane ix kʼo chu xe ʼ ri sipa nik .
nim raqan le che ʼ .
xin chapo .
are le tu ʼ r le loq ʼoma nel .
xas kat kʼoji ʼ chiupam rich ʼich ʼ .
si bʼalaj nim raqan ri kʼamal bʼe .
le tz ʼi bʼa bʼal wech in .
in xin to ʼ w la .
xa je kʼuri ʼ ri ix kamik ri ʼ man ix kaxlan winaq tachik ; ri ix, ix rech ri ki tini mit rie ty oxlaj taq winaq , ix rech ri rachoch ri dy os .
xin tiko x laj kʼal ichaj .
kaqa riq qi bʼ ch we ʼ q .
si bʼalaj utz cheri wi ʼ aj ri tuney .
we na jupulik ta xe qajik . . .
xin to ʼtaj cheri nu chak .
kʼo jun chikopu bʼi ʼ pum .
poq on ri ik .
xoj bʼi nik .
xu ch ʼe k ro nojel le retamanik x paqi ʼ k kʼax kwʼi nik xu bʼanaj kun .
kel u bʼik pari jude ʼ a ek tzalij chi u bʼi jumul pari galile ʼ a.
xin a xi bʼij pa bʼe .
je ʼl kʼolem chi awachoch .
ro nojel ri ya ʼtal il pa we q ʼataj , tz ʼaqat kiwach , man k tzaq ta kanoq xuquje ʼ man ktastaj .
xuku naj le ya wa bʼ le aj q ʼij .
chi tata bʼej jas le kim bʼij .
ch ʼan al ri achi.
pa bʼo ko ʼ kachakun wiri tax .
uj kʼopa u wuq q ʼij .
ki ʼ riu kabʼ ri aqaj .
kʼo rachal alpatz ʼoloj che ʼ ri pe ʼl .
x kilo chi kin kʼoxom aj .
ri u kisakʼ utzk ya ʼik chi u xe ʼ ri tiko ʼ n .
aretaq chi ʼ kaq ʼan pu wi ʼ ri juku bʼ, ri achi chex kʼoji ʼ ri itzel uxla bʼal ru kʼ , ku tach rech ri are ʼ, arechk kʼoji ʼ ru kʼ ri are ʼ .
na kabʼantaj ta wu mal .
x na ʼtaj chkexe a tinik .
xin paj ri nu triko .
xe ʼok ri pok ʼ pari umexaripo ʼ x .
ka juluw riaq ʼa ʼl chi u xe ʼ ri tʼu ʼ y .
a we ch le ja .
xuj bʼe pa tzu rik .
na bʼe xa topanik .
riu kabʼ u bʼi ʼ ri numam are ya y .
u waj xaq u ka kʼal taqanik (28) .
mata kʼo jun kakan aj kanoq , qo nojel koj bʼe k .
e nima ʼ q le altoma bʼ .
nim u wach ri po ʼt .
kojonik pari utzij wa iximu lew .
jas xu kʼam bʼil etz ʼi ʼ xa wi lo ?
x in petik , tat .
ri bʼelaj u wach .
chi tata bʼej jas ri kim bʼij .
je ʼl kuna ʼ ria bʼix chiupam ri ququ lew .
kin bʼisoj u wach le wal .
xu tʼuyu bʼa ʼ .
nim ria we q e le ʼ n xa riqo .
x ine ʼ wa ʼo q .
chi ʼ ke war wi le akʼala bʼ .
ri nu mi ʼal xu taq loq jun taqo ʼm wuj chi we .
q ʼe ʼ lik , ri chaj pari bʼe .
la utz awach ? - utz malty ox , e kʼuri at ? – utz malty ox .
xin kos ru mal nu chak .
k bʼe ku kʼ rie ʼ are ʼ e k tzalij pari na sarete ke ʼu nimaj .
ri joj xu kʼam bʼik ri akʼ .
kʼochi wachi ʼl cha nim .
ku bʼij chech na ʼl kabʼan cheri atz ʼi bʼ .
e . . . in kawaj katzjoj bʼi lach we .
mataxin ya j le ali .
jachin ru kʼ kat bʼe wi ?
kʼosi bʼalaj eta ʼma bʼal pari maya bʼ no ʼji bʼal .
e man xori jupuq kej .
kasumum ri kaqi q ʼ.
e kʼokaji bʼ akʼala bʼ pa le bʼe .
je ʼ jas ri u tat k ka ʼyik .
xaq at molo nel tzij tal .
le nu tat ka loq ʼon ch we .
xaq tane kim bʼe iw u kʼ .
x reta ʼma juch ʼa jik .
ru mal la ʼ x koj “ xal q ʼat ” cheu bʼi ʼ ri komon .
are le u kemik pas x reta ʼmaj .
ri wa ti ʼt ku bʼan nari u patan .
kʼakʼ le po ʼt .
reta ʼm u wach jachin x loq ʼo w ri pas .
kench ʼa bʼej le akʼala bʼ .
ya ʼtal chaqe qo nojel ri uj winaq utz kaq ilqi bʼ .
x koti ʼ paq ʼayes xoq ʼik .
kawinaq bʼe le je bʼ q ʼataj .
e kʼokaji bʼ ral ri imul , jun saq , jun q ʼan , jun q ʼe q , jun q ʼeqoj , si bʼalaj ketz ʼa nik , kech ʼopinik ri alaj taq imul .
k cholol ri achachal .
kete kik ri ikʼ .
xe petik rech kewa ʼiw u kʼ .
tz atz ri uq ʼan il ri akʼ .
xoj tzalijik xi xe ʼ qaq ʼat uj ku kʼ leita tina n .
ri yo ʼ x taq akʼala bʼ kekikʼu x ri atz ʼya q .
we achi we xu sipaj jun po ʼt ch we x kamik .
k kowin ri kuna nel chekuna nik .
x ji q ʼ pari polo w .
xa ru mal si bʼalaj rajawa xik le loq ʼalaj ja ʼ, le winaq x kibʼij : chewe ikʼ ri ʼ qo nojel kuj bʼe cheu tikik taq che ʼ .
riunan erie rachal al kepe u loq ru kʼ ri are ʼ, kʼate kʼuri ʼ, man kekowin taj keqi bʼ u koq ru kʼ , ru mal rech chee kʼosi bʼalaj winaq .
ru mal rech , che man kʼota jun kkowin cheu kojik junti kibʼal il chik chu wach ri kojom chik che areri jesusk ri sto .
te kʼuri ʼ x utz ʼi bʼaj ri bʼ pari nimalaj tijo bʼal rech aj ku ʼ n .
ka juluw rich ʼu mil chaq ʼa bʼ .
kʼis bʼal kanoq , xoquje ʼ k kam ri ixoq .
le ala xokik .
kʼo p waq pa u wi ʼ ri me xa .
are kawaj nakin ʼe taj .
ri ya wal ku koj ri alichi u xe ʼ ri cha kach are u su ʼt .
nakaqa kʼam tu ʼ bʼi kamik .
ri aj tij ku bʼij chike : rajawa xik keqa chajij ri awaj , are u tiko ʼ n ri ajaw .
xin tij mukun iwir .
kʼax le u wi ʼ taq le nuq ʼa bʼ .
xin loq ʼjunil bʼal wi bʼ .
wa ʼ weq ʼij , nim u bʼantajik .
ri u xe ʼal ri qa tina mit man kasach taj .
xoj bʼi nik .
ri achal al junam kiwach .
xin weta ʼmaj ri lik wi bʼ .
nim ri u na ʼoj wa j tij .
mi q ʼin ri kʼul .
aj q ʼojom ri ate ʼ k .
chelesa nik che ʼ k bʼan wiri q ʼojom .
ka pe le awel pa nawalja ʼ .
ri me sonel tajink chakunik .
utz chaqe kaqato ʼ qi bʼ, taq kʼo kʼax kʼolil , kate we chi ʼ n ri ajaw paqa wi ʼ .
xa wilo, x q ʼatan le ibʼo y .
x at kowinik xa bʼano .
ki ʼ ri kʼawex .
kajilil ri bʼe .
le ali xel bʼik .
are ʼ x raj xin bʼano .
nim we abʼaj .
je ʼ lik uti ʼjol al ri saq ko ʼ r.
noj inaq ri kej .
we katijan xu xman katuto ʼ tachi uq ʼat ixik le kʼakʼ ya bʼil corona virus ( 2019- ncov).
na nim ta raqan wa ʼwe che ʼ .
utzalaj ajchak , ri wel .
¿jam pa ʼ kuj bʼe pa nimaq ʼij ?
rajawa xik ta nela ʼkat chakun wu kʼ .
xutaq chi ʼ j pa wa ram pu lew .
man aretari axwan xelik .
ri awi x xu loq ʼ rachoch re nimal .
areri ixoq xin si kʼin u loq .
rich ʼima kʼat ʼon na .
la xi bʼan lei chak ?
kʼi tina mit e kʼopa ch ʼo ʼj .
kʼo jupuq chi j chi u xe ʼ ri che ʼ .
ri u xaq ria bʼix are u wari kej .
kawinaq q ʼataj .
la ki xpe pa tijo bʼal ?
we kechajix taq le kʼ wa jachakin bʼij ; juna lik kʼo ja ʼ xuquje ʼ si bʼalaj saq lo loj .
x reta ʼmaj .
ri ala bʼom ri alitoma bʼ tajinkiki tijoj kibʼ rech su taq , are kakaj kikibʼan nimaq achija bʼ chupam ri kikʼas lemal , xuquje kʼochik jupuq bʼixonel chupam ri komon .
la tz ʼu wach ri bʼe .
kʼakʼ ri ach ʼich ʼ .
qo nojel uj , uj maya bʼ taq winaq .
nojel q ʼij riati ʼ x kuy uq ʼuj le taqa waj jela ʼ pa nik ʼaj ja ʼ, chi rij ri juyu bʼ u bʼi ʼ te na ʼ .
paq ʼom chik ri si ʼ .
kin tzuku n chela .
kakitij le kinaq ʼ, le ichaj , le u wa ʼlik ru kʼ le j .
xe kanaj kan le ajchaki bʼ .
ketikon ri achija bʼ .
si bʼalaj itzel u bʼantajik rich ʼi lakan .
ri ate ʼ k xu malty oxij cheri rati ʼ t, ru mal ri utzalaj no ʼ ji bʼal xu kʼut chech .
k kamuli xu chak ria bʼix .
la xin utzukuj le tijo xel ?
are ʼ kachakun ro nojel q ʼij .
le e kʼa ʼ na taq tz ʼi ʼ .
saq rij ri plam u x .
jas xaq ʼi ʼ oxa tijo .
jas ru kʼ x kichap wi u tijik le rik il ?
we katatin ru kʼ kʼatan ja ʼ man kuq ʼatej ta le kʼakʼ ya bʼil corona virus .
la kat bʼin pa le uxlan bʼal ?
la waral kʼu xix wa ʼwi ?
are le nu tat kin loq ʼo nik .
tajin kchakun ri ala .
kʼo ri ki ʼ kotem ala wu kʼ .
xuta jachinka ʼek .
x at wa ʼik xin wi lo .
x tzaq ri rachoch ru mal ri ja bʼ .
pa le jun ikʼ chik are nimaq ʼij .
e kebʼäm kebʼin pa u wi ʼ ri tem .
mem ri achi .
ri wi kanchali ʼ y kel pa juyu bʼ ch wi tz iri bʼal .
le rajil , lapa ja xe laq ʼax wu ʼ bʼik ?
pari su ʼt pisom wiri lej .
koj petik kol qa kʼama ʼ .
tajin kat ch ʼopin chi u wach ri taq ʼaj .
leq ʼo rxch ʼuq ik .
kʼax wa ʼima wu mal .
kin bʼison che lewal .
si bʼalaj kʼo kʼri awatz ʼya q .
kamik xuj bʼe cheu tikik taq che ʼ pari juyu bʼ .
kin u loq ʼoj le nu tat .
chaqi ʼ j chik ri chaj .
x yi lix hawa yi .
na x na ʼtaj tachke chi xea tinik .
ru kʼ kʼuwa ʼ we ri ʼ, ri ixk kʼoji ʼ jun utzalaji kʼas lemal ri ʼ ch kiwach ri winaq che man e kʼo tai wu kʼ , kʼate kʼuri ʼ man kʼota jun winaq ri ʼ rajawa xik chi wech .
e petinaq pa bʼe le rachala xik .
kakaj le akʼala bʼ kewa ʼik .
x uj ch ʼay bʼik .
ri nu chak are q ʼa xel tzij .
kʼo na ru xla bʼri awaj .
tajin kel loq , ri q ʼij .
xu q ʼi ʼ ox kamsax ri rachal al choch .
ri numam are kʼo uq ʼi nomal .
x kʼu lmataj jumul , xu bʼan jun nimalaj ja bʼ, man x bʼeye taj tana xu kʼis le u yuq ʼ chike.
ama ʼ ri nu tz ʼi ʼ .
jewa ʼkat petik .
xin kosik ru mal xin chakunik
iwech chi jujunal , ri wa .
xuq ʼi ʼ on axata tin taj .
in riq tajinaq pari kʼayi bʼal .
naweta ʼm taj .
kʼax le nuq ʼa bʼ .
utz le xu bʼij le achi .
kematz ʼi bʼ .
kʼo rachal alpatz ʼoloj che ʼ ri pe ʼl .
ro nojel wa ʼ we jastaq ri ʼ, xas k sach wi u wach wa ʼ ; ru kʼ we ri ʼ, ri ix, rajawa xik che kʼo jun ty oxlaji kʼas lemal e k kʼoji ʼ ri ich ʼawem ru kʼ ri dyos,
xmu q taj ri patz ʼan .
rich ʼich ʼ tzijom kanoq pari u kʼol bʼal .
man kʼota u cholaj pataq ri a wuj .
jachike ikʼ le u nimaq ʼij le tina mit nawal ja ʼ ?
xe petik xol kikʼama ʼ .
kachuq ʼ ch ut ri ja ʼ chi apam .
xin bʼij iwir chi xe bʼe pa armita .
are ʼ u xe ʼ ojer tzij waral kʼi che ʼu bʼi ʼ .
x kʼis ri nu si ʼ .
jawi x kibʼij wi chike ʼ e wi ?
¡ xa je kʼuri ʼ, jachin taq rie kʼopa ri jude ʼ a, chi cha nim che ʼ a nimaj u bʼi pataq ri juyu bʼ,
kʼakʼ ri abʼ .
la kʼo jun naka kʼoxom aj taj ?
na utz ta le ut ʼisom le almariy .
man ya ʼtal taj chi a we katok pa ja .
je ʼ, xatu tzukuj .
are kel waj xaqi bʼ uq ʼij rix kʼojik .
ri xun kur k kʼoji ʼ pataq ri triko .
xin sachik .
xu tʼuyu bʼa ʼ
nan utom ta le tzij …
wach ʼom ri kiwari no ʼs .
e kʼo jo bʼ ch ʼil wakʼ .
rajawi xik chi pataq ri tijo bʼal , pa nik ʼaj u bʼixik chik
ri rajaw ru lew are ʼ tat kel .
we kʼu xokik , we kʼ na xok ta
we achi xu sipaj jun pʼot chwe.
atat u taqo ʼ n leq ʼatal tzij .
naq ʼan tau wach leqap ru t .
ri xa ʼ r kʼopa u wi ʼ riq ʼaq ʼ k poq ʼowik .
ri roq ʼej ri alija chakpe juna kʼal .
kʼo jun alapa tijo bʼal .
säq u wi ʼ ri tata ʼ .
ri wi tz ikʼ tajinkpe loq .
jawi xsach on wi kan uya ʼik le p waq che.
utz we achi we xin kuna nik .
qo nojel kuj wa ʼ pa u wi ʼ ri me xa .
ri kaxla ʼ nik man poq on taj .
in xin bʼe ru kʼ ri wachi ʼl .
si bʼalaj je ʼl xkilo xe ki tzoqopij ri kichij chila ʼ .
kin bʼinik xin ʼek .
kʼax kʼolik , kacha ʼ .
ku tij ixim ri akʼ .
ri ali x chel , xu q ʼi ʼ oxa jun akʼ xsipa x che.
x qasik ʼij le ixoq ch u tzakiksu bʼ .
mata xa bʼinsaj lech ʼich ʼ .
ri pix tz ʼara lik ru mal rieqa ʼ n .
¿jampa ʼ kel chi 3%
kʼo jun nu kʼotoj chi ʼ aj .
tajin kewa ʼkat ri ala bʼom .
xin loq ʼ le nu kʼa kʼapo ʼt .
nau tzakik ta su bʼ tajinku ʼ ano
xoj u taq chi ʼij xoj wa ʼik .
iwech ria bʼix .
saq rij ri chi j .
aj sik cheri tina mit kel wiri tata ʼ .
- ¡a y! xa xin tzaq u loq , kʼax we waqan .
x kʼu lmataj pa jun komon chi ʼ u wach jun juyu bʼ, xu riqa jun q ʼij x kiriq kibʼ ju nimul ru kʼ le kok .
jas xa taq chi ʼ j le akʼal chu tijik ?
xin chapo su xu loq ʼo .
q ʼi nom ri achi .
ri kʼum k tijo w ru kʼ kabʼ .
tajin kejach ʼa nik .
tz e bʼal u kemik le pasa wu mal .
areka yo ʼw le u chikopil le u bʼantajik try pano soma brucei .
we kat nima nik utzkelik .
pero no ʼ jimal pet naq loq , .
are le nu chak jun tz uq bʼal wi bʼ .
x kuna x le ya wa bʼ ru mal le aj q ʼij .
ri u kʼu ʼ x tz ʼi bʼ paqa tzijela juj .
si bʼalaj je ʼ lik rieqa bʼal xu bʼan ri lu ʼ s .
si bʼalaj at kon .
e man xori jupuq kej .
na x na ʼtaj tachkex ea tinik .
ri kʼamal bʼe xu bʼij chike, chi maj a ri a nim .
jum u ch ʼri nu juna bʼ .
q ʼi p tajinaq ri raqan ri tem .
kchakun ru kʼ ri jos bʼal che ʼ ri aja nel .
xa taq chi ʼ j le akʼal ch u tijik kar .
oj kʼopa le ro ʼch le awel .
¿ la kat pequ kʼch we ʼ q ?
le winaq pa le ch ʼich ʼe tʼuyu llo wi.
x kanaj kanoq chi u xe ʼ ri ja bʼ rich ʼa ʼ n .
nim ri ja .
weta xak u naj le atat matax kam la ʼ .
na nu kʼamom tu ʼ la ri ʼ .
ch qa nu kʼu ʼ ri qatzij .
kim bʼe pa le tina mit .
xin q ʼi ʼo na xin a tin taj .
rajawa xik kakʼaman chawe le u tijik le le j .
kʼis bʼal taq no ʼji bʼal .
x ine ʼ wa ʼo q .
x kibʼan kʼax che le u wosaq ru mal man utz tachi kakayik .
riq ʼutu ʼm man kech ta le akʼala bʼ .
are na nim ta leatz ʼi ʼ chu wach le n utz ʼi ʼ .
xe petik xol kila ʼ .
¿jaw chi ʼ xata ʼ chex kam ri u mam ri po ʼ x ?
e kebʼ kekʼam bʼik pa tuj .
xin loq ʼ jun japa ri wokaj ja .
ria xtu ʼ bʼ, kʼo qulaj chech .
jas karaj kaʼan chu tzakik leti ʼij .
xutij le wa .
xim bʼal re tzij .
x pa xri bʼo ʼ j .
we kawaj katin to ʼo xaq xu wi kabʼij chi we .
jas nu kʼu kuch ʼo bʼo .
jas karaj ku tijo ?
xe x ru xla bʼ ri rik il .
e ni tz ʼa ʼ q le taqim ul .
we tane inxin bʼano wik , are le ate ʼ k x bʼano wik .
kin tzalij pa le nu tina mit .
ri nu chaq ʼ kʼopa uro ʼ q ʼatoj tijonik pari tijo bʼal .
xin xi ʼ j wi bʼ xin ch ʼawik .
kʼo ch wa ro ʼch le pare .
chi raqan kabʼin wiri tata ʼ .
x sach on kan uya ʼik le p waq che choja .
xin q ʼax chi kixo ʼl ri winaq .
ketikonik .
ri u lew man qech taj , kech riqati ʼ tqamam .
xepe le winaq xol kikʼama ʼ .
xu loq ʼri wuj ru mal ri ali .
cheweq ʼij kamik kʼo jun nu tzijonem chi rij le nu tina mit .
kej ri ʼ .
x kuna na laq ch we .
kin u si kʼij le nu nan .
ri i mul xu ch ʼij taj , x kanaj pa bʼe, ru mal ri nimalkuj al uj ri i mul , xu tzaq ri a nim .
ku bʼan ri u xoq ʼo ʼl riaj tz ʼaq .
ri la si bʼalaj utz chekuna bʼal .
kʼi kiwach rie ʼ ajchaki bʼ pari komon ty ox , kʼate kʼut xa jun chi ajaw xel ;
x qata chixa tulik .
kawaj chik at ʼek .
ch ʼuti ʼ n ke kanaj ri xa ja bʼ chech .
kaqa xi ʼ jqi bʼ kaqa chapo .
e kʼo kebʼu kʼ ajol le tat x wan .
lu ʼ su bʼi ʼ ri recham .
aj chi u wi ʼ mi q ʼin ja ʼ ri lu ʼ .
xin ya kan le nu chim pa kʼay bʼal .
kʼate x ri lo, x periunan che utzukuxik , x kikotik , xu sala bʼisaj ri taq uxkin .
x kikʼut chi u wach riaj tij xuquje ʼ chi kiwach ri taqnik ʼaj kach il .
utz le nuq ʼa bʼ .
kul le al we ʼl pa austin chaq ʼa bʼ kamik .
ri ate ʼ k x tzaq loq arechi kʼopa u wi ʼ riq ʼa ʼm .
aj patan ri te ʼ k .
xatqaj chiupam ri il .
la kʼo tzij na kikʼoxo maj taj ?
x sachon chke chi xea tinik .
ro nojel le u lewe chala q .
la xe bʼe kʼula xe ʼ kijaqa kʼule uchi ʼ ja ?
xaq kat ch ʼok na jiwir .
kamik kʼo chiri jastaqa we .
arechi ʼ kakʼis ri juna bʼ kʼo q ʼinom .
pa nawal ja ʼ xin a le xik .
na xin ta taj we are ri akʼal kix tzuqu wi k .
¡ ru lew risa bʼ u lo ne ru lew ri n eftali, u bʼ eri polo w , ru lew ri jordan, galile ʼ a kech ri je taq amaq ʼ !
rax , rax , rax , kʼo kʼ, kʼo kʼ, kʼo kʼ le ru xla bʼ le taq tiko ʼ n .
achixa twi lo .
paq al rajil le pix kamik .
xoj bʼi nik .
pa jun je ʼl tijo bʼal ku tijoj ri bʼ jun akʼal , u bʼi ʼ po ʼ x , utz kuri lok e pa tijo bʼal ro nojel taq q ʼij .
x waj chixa tʼe taj .
utz la ʼle xu bʼij le achi .
weta ʼam jachin kapetik .
kinq ʼojoma nik .
xin q ʼi ʼo takʼalik xin petik .
are ʼ reta ʼm che kinopanik .
areta bʼal eqa qajaw ch at to ʼwik .
kawinaq waqi bʼ q ʼataj .
na qaj chik cheri u waq kaj bʼal aretaq chi ʼ k sach u wach riq ʼij , kok riq ʼ eq u ʼm ch u wach u lew , chi kʼate ʼ nari bʼe le je bʼ kaj bʼal .
jo bʼ raqan ri tz ʼalam xe poro xik .
si bʼalaj korij ri mop .
arewa ʼ .
je la ʼ pari ti minit ch wi kab yok rech xelaj u ʼ, leq anan qa tat kakitikoj e ʼl alaj taq u wach ichaj .
kʼax nuqu l .
xu ʼl ukʼama ʼ .
koj ul kitzukuj .
are man kʼax taukuna xik aretaq aninaq ka ʼilitaj we ya bʼil al xuquje ʼmojo ʼ qa kuya ʼle kʼax kʼolil chech le jolomaj .
ri wel kʼopa tijonik .
kawaj kin bʼij .
ri kotz ʼi ʼ j k qa koj chiupam ri ja .
q ʼe q q ʼoj rij ri ama ʼkej .
na x waj taj xin ch ʼawik .
ch peta bʼal e loq ʼalaj ja bʼ .
x sachon chke x at kisi kʼij .
e leq ʼal ch ʼich ʼ .
jachin xa wilo chi are x tijo w ri ti ʼ j ?
ma taka bʼe le nu x bʼal pa le tina mit .
pim ru q , ri ali .
¿ kʼo rim uq ʼe chi awech ?
k qa bʼij man kekowin taj .
kin tij na.
kʼo jun qa tʼu ʼ y pa ja!
kʼo puj chiupam rich ʼa ʼk .
aretaq kin kosik kin wa rik .
x at wa ʼik xin wi lo
in xin ch ʼayow le achi .
konojel ri ala xik ke ʼ etz ʼa nik .
jas ru kʼ xkitij wi le kirik il ?
aninaq il kat petik .
nar axtau wach le juyu bʼ .
ri tz ʼalam tz ʼi bʼa bʼal rax k kayik .
we cha t chakunik , kʼo awa .
ma ʼtam x at pe cheri wa ʼim .
kamul kin wa ʼ na .
ri sik il k tijo w ru kʼik .
kim bʼe aq ʼan ru kʼ le alta lin .
xoj ʼek xe ʼ qilalar qasok .
xe kiq ʼil le ajchaki bʼ x kiwok leja .
ma tane x waj le kʼuh j nem ru kʼ le ate ʼ k .
are xe ʼopan chiuchi ʼ ri juyu bʼ , xkilo chi man qas tak ʼoq ʼayes .
kʼate kʼut , ri jesus man k kojon tach kech rie ʼ are ʼ , ru mal rech che konojel reta ʼm kiwach ,
pa ʼ tz rij ri tz ʼi ʼ .
juwinaq waqi bʼ q ʼataj .
ate laq ʼom .
xaq at jo ʼs .
riq ʼatzu, are q ʼalaj ri uq ʼij il .
ajchak we ala .
u bʼelej uka kʼal taqanik (29) .
kebʼ nu bʼi ʼ kʼolik .
la katzalij lu ʼla aninaq ?
katzukun la chwe.
lakaj la koj bʼe ʼ pa le chomal ch we ʼ q ?
xin na bʼej chuta sik qa kʼoli bʼal .
la l xin to ʼwik .
si bʼalaj ano ʼji bʼal .
xoj petik xol qa kʼama ʼ .
si bʼalaj je ʼ lik ri u wa ʼl ri ichaj .
kʼax wij ru mal in pacha lik .
aretaq xu kʼu lmaj wa ʼ xu l ri u chomanik xu bʼij : are utz wa aq ʼa bʼ kin wali jik, arecha ʼ cha nim kinopan pa tijo bʼal , maj chi kin kʼu lmaj .
oj aj xojo lo bʼ pa awasq ʼij .
xin sach che le u wokik le tzij .
e julajuj ri akʼ .
xuta jampa ʼ koj ʼek .
qilik .
ri tijo xel man areta nim chu wach ri raj tij . ri utz tijo xel qas jeri ʼ kʼolik jas ri raj tij .
in xa tin ch ʼa yo .
no ʼ jim chak wu mal .
ch ʼur ri joch ʼ .
inkin bʼij na kat sach taj .
uj maya bʼ .
ria bʼaj ya tzalik .
tajinke pix bʼax ri akʼala bʼ .
chom ri aq .
xin wa rik .
e le men konojel ri akʼala bʼ .
tajink q ʼa na rik ri we re ʼaj .
le u kemik le pa su tz (cha we ).
xuyu pu bʼa u wach ra ʼ chi, kacha ʼ, .
ri satanas kok pari judas ri kbʼix is kari ʼo tech rech , ri are ʼ jun ch kixo ʼl rie kabʼ la juj .
chu chu ri par.
kinqumuj ri nu joch ʼ .
chech punción lumbar amaq ʼel rajawa xik chech ri lik le u kʼex bʼem wi le na bʼe ru kʼ le u kabʼ u kʼutu nem leya bʼil al .
q ʼalaj chi nakawaj taj kabʼij .
kʼo q ʼol chi rij risi ʼ .
jawi xoj ʼe wi chu loq ʼik ?
kʼo u loch ʼri talin .
q ʼan rij riati ʼ tnukej .
la x tzalij la iwir ?
xe si kʼixik , kʼate kʼuri ʼ xe ya jik , xuquje ʼ xetaq bʼi cheu sik ʼik le mes .
la kix wa rik ?
are kʼu lepa loma x xu bʼij che: - mam kat bʼison taj , kin si kʼij nik ʼaj wachi ʼl kerapapik .
a ʼ re e tijo xela bʼ .
ri alajali si ʼl xu bʼij x qachap pa utzal ri tyo x.
x sachon chke jachin xea tinik .
jas xu rayij le anan xu tijo ?
xin kosik .
rax ro nojel ri q ʼayes ru mal leja bʼ .
kin ya wa ʼ wech ʼich ʼpi nem na utz .
no ʼ jimupach ʼuxik le nu wi ʼ .
naj kʼowi le wo ʼch ch u wach le tijo bʼal .
ri okibʼal kʼochi u wach ri saq ja .
xe nu taq ch ʼij kek il le akʼala bʼ .
kʼo jun q ʼoxowem chi we .
tz aricho ʼm .
we choj bʼe pa le nimaq ʼij , keq il le aj xojo lo bʼ .
xoj ʼek xe ʼ qilalar qasok .
riat e ʼ k xuta ʼ chech ri nan to ʼ n : - nan jas che ʼ chiman kaj tala qa kʼati saj ri jo ʼ q .
ri pa l si bʼalaj x u ʼ y .
kin koj ri jok bʼal u lew .
inkin bʼij naka tsach taj
at raj kun le nu nan .
ku qamuj u joron ri aj tzij .
lu ʼ tz ʼalam u bʼi ʼ ria chikel pa nim che ʼ .
je ʼ lik uti ʼjol al ri saq ko ʼ r.
kʼo jun xa ʼ r pa ja .
xin loq ʼ jun kʼakʼ patan .
kʼax u kemik le pasa wu mal .
aninaq u kemik le pasa wu mal
rich ʼa ʼ n sachinaq pataqa bʼix .
rax taq le kotz ʼi ʼ j .
mesom kanoq ri u pam ja .
man aretar alax kosik .
ri komon xech pu p rech uq ʼa bʼ tina mit xo ʼla bʼaj rech q ʼu markaj .
la u tzakik kʼu su bʼ tajinku ʼ ano ?
katela !
na xu tij taj .
xa ru mal keta ʼm konojel ri winaq k kiqumuj leja ʼ .
iwir xuj tzalij la pa kʼay bʼal .
qeta ʼm cheri qawa kuj u to ʼo .
riaj tij , kyaj on chikech ri akʼala bʼ .
jas u bʼanom le nu ch ʼuti tat ?
ch we ʼ q kin bʼe pa nim tina mit .
utz we kiweta ʼmaj jas ku bʼij ri chol bʼal q ʼij .
tajin kat ji lo w che uq ʼoxom jolomaj .
xin tik q ʼax chi u wach ri ja .
kʼax le kibʼe le winaq .
loq ʼkat kun taj che leya bʼil (covid - 19).
ri nu xi bʼal kel pa qaj bʼal q ʼij .
x ri l ri axwan chi x wa ʼ ri ala .
le alix kuna tajik .
weta kape leja bʼ kamik .
xin weta ʼmaj chi na xatpe taj .
ri p waq rech weq ʼataj ri ʼ kesax chech ri toj bʼal kʼayi nem .
k tij ri u wa ʼlik ru mal ri kinimaq ʼij .
xu chapu kuna xik .
cha tan loq ali .
xin xu li ʼ qa jo q .
je ʼ lik k tijo w ri taqik ox .
kʼate kʼuri le tat xo ʼ rx u bʼij , man kawaj taj , man kawaj taj .
kʼo jun tz ʼi ʼ pa bʼe .
kamul xin pe che atzukuxik .
man tajin takin chakunik .
kin chakunik rech kat wa ʼik .
jas ru kʼ xa wil wichi xkiq u pij wil eti ʼ j .
jasu bʼixik … ?
koq ʼri akʼal .
kawaj naka tʼe taj .
xat q ʼajik .
wem nacha loq ʼaxi ya l , nakim bʼe taaw u kʼ .
xopan lew u jaw u kʼ ru mal wech in .
are kʼut pa le juyu bʼ k kʼiy joron, chila ʼ xe kikʼamawi rija ʼ ri winaq .
koq ʼri akʼal .
we kʼo a rajil chak ʼam aloq .
are si bʼalaj kaq leapo ʼt chu wach le nu po ʼt .
xin kʼas taj pa kabʼ la juj kaj bʼal .
kaqoy ʼ ej nakixpe taj .
ko ka xim ri chi j xa jela ʼ man kanimaj ta bʼik .
ri kok nojim x bʼek , xu ch ʼi jo xopan pa u kʼis bʼalil le a nim .
xoj ki ʼ kotik aretaq xa tulik .
kaq itz ʼ naj ri uxa ja bʼ ri akʼal .
ri jesusk wa ʼkat pari nim rachoch ri dyos, chuxe ʼ ri jun jache rachoch ri salo mon .
we taqanik ri ʼ ku bʼij chi rajawa xik kya ʼ uq ʼij ri winaq xuquje ʼ k to ʼ aninaq il .
ria xu x are nari uku nel ri kinaq ʼ .
aretaq wa ʼ ri uq ʼijol we taqanik .
kʼo jun ta bʼal pa u wi ʼ rix kan ulu bʼi ʼ la juj no ʼj .
yu ʼl u bʼanom ri u kolo bʼri kej .
xa nimaj ri akʼal chi u wach ri u chu ch .
k ku nan ri achi.
kin wa ʼik rech na kin yowaj taj .
aj xik ch ʼich ʼri lu ʼs .
k waj che ixkix bʼano wik .
a ʼre xeto ʼ wa laq .
xoj ʼek xe ʼ qilalar qasok .
xin loq ʼ jun ch ʼich ʼ, qajinaq u wach .
ku tʼis ri pantalon .
e janipa le awal kʼwa le kʼolik ?
utz u kemik le pas chawe .
ri max areaj q ʼa niya ʼ .
mata bʼ achiri q kʼax pa le bʼe .
tajinka nimaj , ri me ʼ s .
ixi xe ʼ laq ʼoma bʼ !
x sachan ch we .
e kʼo kʼi che ʼ, chi u wach ri juyu bʼ .
arewa ʼri nimalaj pixa bʼe arewa ʼ ri na bʼe .
x reta ʼmaj chi ru kʼ pa kʼku tij wi
jas u tzakik le su bʼ xu ʼ ano ?
aj xo ʼy ri wi kan .
we tanea ʼ re xe tijo w le rik il , are le komon xe tijowik .
si bʼalaj aninaq kach ʼaw le are ʼ chi nu wach in .
utz we kin chakuj .
me ʼ sla ʼ .
kʼo kan wa rech kaqatijo .
x in si kʼij la .
ri akʼal x sach kanoq jela ʼ pataq ʼaj .
xe si kʼij la .
jawi x kibʼij wi chike ʼ e wi ?
ru mal che, man ix tari ʼ ri kix ch ʼawik, areri ru xla bʼ axel ri i tat ri ʼ ri kch ʼaw na i wu kʼ ri ix .
kʼakʼ ri wachoch .
si bʼalaj utz kin wil le atz ʼya q rech nahuala .
saq por k kayri kipo ʼt ri nan .
x sachon ri nu chak chwe.
wa ʼim xu chapo .
riq ʼaq ʼ tajinka juluwik .
najil u pam ri si wan .
e kʼo ri qachal al pa chiu wi ʼ la .
jas xa taq chi ʼ j le akʼal chu tijik ?
no ʼ jimu kemik le pasa wu mal .
kʼo jun ku ku bʼi ʼ tintin , wa ʼle laj ku kmam kaj eqitaj , kapaqi ka xu lik pa u wi ʼ uq ʼa bʼ taq che ʼ, si bʼalaj sakʼaj , ke ʼ uto le e nima ʼ q , ch ʼutin , rachi ʼl , aj sipa nel si bʼalaj utzra nima ʼ .
ri u pixa bʼ leq ʼat bʼaltzij kiya ʼu bʼixik .
na x sachonta chkexe a tinik .
xeq il le chikop pu wi leja .
x lo ʼ taj ri akʼal .
qo nojel kuj wa ʼ pa u wi ʼ ri me xa .
xsik ir le waqan .
la x at wa ʼ kʼut ?
nim u bʼaq ʼri tulul .
kin xik ʼi kʼik xin q ʼa xik .
la kat bʼe pa le tina mit ?
ri pa l si bʼalaj saq ʼo r.
k q ʼoxo w nu jalom .
xin na ʼochi kat petik .
x loq ʼu lewi we chi x .
xin chakun ru kʼ ri nu mam .
na x qa bʼan taj .
k kʼoji ʼ bʼa ʼ ri u sipa nik ri ajaw xel jesusk ri sto ru kʼ ria w uxla bʼal !
kin ch ʼaw ru kʼ le nu nan pa le ch ʼawe bʼal .
si bʼalaj q ʼe q u ʼm ru mal ri may ul .
are leba xu lik .
xekos le ixoqi bʼ pa le bʼe .
kʼax ri lik le akʼal chawe .
xin q ʼi ʼ oxi na tin pa joron .
si bʼalaj nim le tina mit .
kʼax u kemik le pasa wu mal .
xin sachik .
tajinke lu kikʼel pa raqan ri tz ʼi ʼ .
xin weta ʼmaj ri lik wi bʼ
ri q ʼuq ʼ are jun je ʼl chikop.
kʼopa ja tijo bʼal ri wikaq ʼ .
ri sachi bʼal mak raj wa xik chiqa xo ʼl .
je ʼ, kim bʼek .
je la le ʼ ri nu p wi ʼ .
xu bʼij che: - jas xa bʼano tin tin ?
kabʼan jun toq ʼo bʼ kyak ri nuj al .
kat ʼe k xin ta .
jas le u kʼex bʼem ri bʼ le jun ru kʼ le jun chik ?
aj chi u wi ʼ mi q ʼin ja ʼ ri lu ʼ .
ri tijonel naj kpe wi.
te ʼ k ixcho bʼ u bʼi ʼ ri nu tat .
ri ja ʼ kamiq ʼik chi u wach ri q ʼaq ʼ .
ri tʼu ʼ yk paq ʼowik .
kin meson na .
naq aj at kʼowi chiwech .
xin bʼiso nik taq na xat pet taj .
we xkam ri winaq , rip waq rech toj bʼal makaj kya ʼ chikech ri rala xik .
ri nu nan x bʼe pa kʼay bʼal .
xoj u kʼam u loq rech koj ri lo
x kʼoto chi n chi kiwach chi kin wa ʼaw u kʼ .
na x kikamsaj taj x kikʼam bʼi choja .
kʼakʼ ri ikʼ kamik .
xim bʼe ru kʼ le aj kun iwir .
ri lik .
le tz ʼi ʼ xeko sik .
xin kikota wu mal .
ri i mul xu maj ria nim , xuya kan le kok .
kʼo oj cheri akʼal .
xuj bʼe pa jun kʼula nem .
utz we k warala q .
kaq ilo chi na koj u kʼam taj .
x reta ʼmaj chi ru kʼ pa kʼku tij wi.
si bʼalaj xin kʼa ʼ na rik .
xin kochij ri nu wa .
man katkowin taj kat chakunik , we man kʼota ri ajila bʼal .
we won on xu bʼij chike :- ki xin to .
ri ala nim k ri l wiri u mam .
xka ʼy chi rij , xka ʼy chu wach , makʼo tachi jun k si lo bʼik , xoq ʼik xu xe ʼ j ri bʼ x ch ʼopinik x tzalij loq xu riq tachik ri u bʼe .
kʼo pus cheri wa .
pi nem naka bʼe lewatz, kimbʼewi in paka ʼyi bʼal .
ri nan to ʼ n nim winaq chik , saqu wi ʼ, ro nojel aq ʼa bʼ utz kuna ʼo ka tʼuyi ʼ pa utem , ku miq ʼisaj ri bʼ chori q ʼij , kʼo jun u wi ʼ umam u bʼi ʼ ate ʼ k .
man e kʼi taj ri qula ʼ .
q ʼalaj chi nakawaj taj kabʼij
x paqa bʼisax rajil ro nojel ri kem .
kʼo pari jul ri ku matz .
ro nojel q ʼij kin ch ʼaj le nu ware .
saq chi kan le ichaj rech katzako .
chu xe leq achomal kaqatij wi jun qame q ʼin .
cha wi la ʼ .
e kʼo jo bʼ u mi ʼ al, ri nu tat .
jas ru kʼ xa wil wi
je ʼ jas ri winaq rech ri u wach u lew , xoquje ʼ kepenari ʼ rie ʼ are ʼ chee rech ri u wach u lew ; je ʼ jas ri winaq rech ri kaj , xoquje ʼ kepenari ʼ rie ʼ are ʼ e rech ri kaj .
xin tijo .
k tz ʼu juw ri rachoch ri po ʼ x .
xuq ʼi ʼo are le u kʼu lel x ya ʼo wuwa .
ri awel xreta ʼmaj chi rajawa xik man ku xe j tari bʼ cheri tukur .
ju kʼulaj winaq xe ʼa nimaj bʼik .
je ʼ, xin tzalijik .
xoj petik xol qa kʼama ʼ .
maj jachin x ʼek .
in aj tij ; at tijo xel .
saqu wi ʼ ri tata ʼ .
we ch ri kem .
le ro ʼ ch le ate ʼ k kʼoch wach le u kʼay le nu nan .
k bʼe pari si ri ʼa e pari silisi ʼ a, jawi je ʼ kuya wiri kichuq ʼa bʼ ri komon ty ox .
pixa bʼ : man utz taj kʼax ku jch ʼaw chi kij nik ʼaj qach il .
x kuna taj le ali ( ku mal ri ixoqi bʼ ).
ri xi bʼi bʼal chi kʼowi pataq ri qa kʼas lemal ro nojel q ʼij .
na kuj warta waral .
on chek kʼoji ʼ ri utzil chi xo ʼl , are ch junam ri qa kojonik , junam ri iwe chi x ru kʼ ri wech in .
pa ox q ʼij risa ʼ n kbʼe na ru kʼ ri aj kun .
kawinaq wuqu bʼ .
jas kawaj kin tijo ?
weta xat bʼew u kʼ pa le tina mit , xa loq ʼ tala ʼle u jastaq le akʼajol .
kebʼe pa wa ʼim .
xin loq ʼ kʼiwa .
pa jun nim kʼa che ʼlaj , kʼo jun kʼwa ʼsi bʼalaj saq lo loj , nim u wach .
k waj katij ju bʼa ʼ wa .
ro nojel winaq k ri l nari u kolo nem ri dy os » .
x kʼoto chi n chi kiwach chi kin wa ʼaw u kʼ
k waj na kat ʼe taj .
la xa loq ʼ juna le j ?
e kʼo rie loq ʼoma nel .
riu kabʼ u bʼi ʼ ri numam are ya y .
kin jopij ri i ja ʼ rech triko .
x na ʼtaj chkexe a tinik .
xate ʼ qila ʼ .
kakitij alan xax ri winaq .
. . . kin bʼij chi arewa ʼ sinxi ʼ an .
na xin na bʼej ta chu tasik qa kʼoli bʼal .
ru mal rech cheweri in, kin ch ʼaw ru kʼ ri dy os pa ch ʼa bʼal , k ch ʼaw na kʼuri ʼ ri wuxla bʼal ru kʼ ri dyos, kʼate kʼut man kʼota u patan ri ʼ ch rech ri nu choma bʼal .
xe petik xkilo .
xuta we kat ʼek .
utz u kemik le pas chawe .
ri nu wakax xu tij jun q ʼoq ʼ ru mal ri ʼ x kamik .
ru mal ri kʼix , man kewa ʼtaj ri winaq .
xe ʼulik .
q ʼe q rij ri ama ʼ chi j .
x raj ka ʼ e le u nan .
junam ki juna bʼ .
naq ʼalaj taj weka ʼe k .
ri wix nam ch ʼaj ch ʼoj ri rachoch .
waral man kʼotaj ajaw al .
na iwir tax ri l le kʼamol bʼe .
xin pe loq te kʼuri ʼ xin tzukuj ro nojel ri nu rajil .
riaj tikonel kutik ri tzij .
kʼo e kikʼajol le achija bʼ .
ku tij q ʼayes ri ixpa ʼch .
pari wa ʼ bʼa le kʼo kawinaq achija bʼ .
si poj inaq ri nu pam .
kaya ʼtajik ru kʼuti ʼo nem jun ri u riqom leya bʼil amolot setsé xuquje ʼ are kaya ʼtaj pataq ri juyu bʼ .
jachin ri achi ?
ri numam x kamik aretaq kʼo jumuch ʼlaj u jujuna bʼ .
kin kowinik kin kʼam bʼi le p waq .
kin wi lo chi utz ri aji ʼ .
xin q ʼil riapo ʼ x che man kachakun taj .
k wa ʼ chi u wach le taq ʼaj ri ama ʼakʼ .
ri i mul xe poq ʼik pa jun ikʼ .
x kʼis kanoq ri qachak .
areri alixoj ilo w kanoq .
si bʼalaj ch ʼu ʼ j ri amax .
kʼo nu wachi ʼ .
inchajinel kech le akʼala bʼ .
xekos letz ʼi ʼ .
kin bʼe na ku kʼ ri molaj .
ro nojel aq ʼa bʼ kin yi tz ʼri wakax .
karapi nik xu tzukuj chi jun awaj .
le u kemik le pas aninaq ( a wu mal ).
maj u rajil leq ʼa bʼarel .
kʼax ri ʼ ri kach ʼawik .
xoj u taq chi ʼ j le achi chu loq ʼi kichaj .
si bʼalaj kʼax rix kʼu lma xik .
x kilo chi nakin kʼoxom aj taj .
x na ʼtaj chke chi xea tinik .
x kʼoto chi n chi kiwach chi xoj al wo ʼ qa ku kʼ .
jun q ʼu ʼ q rajil ri kaxla ʼ n wa .
xin wi lo chi xe ʼelik .
e kʼo ixoqi bʼ pa le kʼay bʼal .
man kʼotaj u kʼisik ri maya bʼaj la bʼalil .
ri sink kʼiy pataq ʼaj .
rich ʼima man k kʼiy taj pataq ʼaj .
rajawa xik kji kik ri waqän .
kawaj kin ʼe k .
e kʼo oxi bʼakʼ .
xu bʼij ch we jawi at kʼo wi.
ch we ʼ q kuj bʼe ʼ pa muqu j .
pa saq kʼaja ʼ kbʼan wiri uq .
xoj kisi kʼij .
xin wil wi bʼ .
chaq ʼchik ri wa .
kim bʼe nakapa le wo ʼch .
kawaj kin ʼe k .
ri ch ʼu ʼ k tij ru kʼlej .
pari kiq ʼij kaminaqi bʼ kbʼan q ʼori kʼya ʼ rech aj :na bʼ eri nan kutzukuj kan ri aj , ku jach ʼo ʼ xuquje ku kʼeto .
jas kaj bʼal cha nim ?
utz uchomanik ri ali .
pari q ʼij oxlaj uj tijax kin kʼis kebʼ juna bʼ kinchakun waral .
si bʼalaj ko , ri kʼakʼ ch ʼat .
jas karaj ku bʼij … ?
rich ʼich ʼ kasila bʼik .
pa ojer q ʼal pul xaq xu wiri nim winaq kekʼamow bʼe .
le u kuna xik le u kabʼ u kʼutunik are ru kʼ e florni tina on utuni bʼaxik le nifurti mox chi ʼ le florni tina chech t. b. g.
areri achi xin ch ʼayowik .
juna chiu bʼi ku ʼ xu sipaj kebʼ kʼa ʼm u lew rech kabʼan ri tijo bʼal , kamik , kʼochi kaj tij rech ri komon xech pu p .
xu malty oxij cheri aj tij ro nojel le xu kʼut chi u wach .
pari bʼex kiraq junala jimul saq rij , x kikʼam bʼik .
x ri l le bʼale ala .
jas ku bʼij ch we ?
le u kuna tajem are ru kʼu tzukuxik le u chikopil pa jun u solik u xe ʼ le kikʼ on le ja ʼ rech jun nodo .
utz we n utz ʼi ʼ .
je ʼ, tajin kachapo nik .
kin u loq ʼoj le nu tat .
kawaj kim bʼe pa tina mit .
are la ʼ kinchakuj .
ri nima ʼ q taq winaq kʼoketa ʼma bʼal .
weta xat bʼe wu kʼ pa le tina mit , xa loq ʼ tawa ʼwe jastaq .
ri kikʼas lemal . wa iximu lew xa jun chi ma areta tini mit ri ma
riu kʼ ya bʼal naj u pam .
xatqaj chiupam ri il .
nojim kat wa ʼik .
we kʼo jun ktu qa ʼ rik , ¿ laman xoquje ʼ taj kin tuq a ʼ r ri in ?
oj oj wokol ja .
awas k bʼan kʼax che jun nim winaq .
xin ch ʼaw apan ru kʼ lewana bʼ .
kʼax riupam ri ju ʼl .
tajin kewa ʼ ri imul .
lakaj la kuj tzalij la aninaq ?
ru mal rech cheri ma kaj man kʼota u kowinem pi wi ʼ ri ix : ri ix man ix kʼota chi chu xe ʼ ri pixa bʼ, xane ix kʼo chu xe ʼ ri sipa nik .
nim raqan le che ʼ .
xin chapo .
are le tu ʼ r le loq ʼoma nel .
xas kat kʼoji ʼ chiupam rich ʼich ʼ .
si bʼalaj nim raqan ri kʼamal bʼe .
le tz ʼi bʼa bʼal wech in .
in xin to ʼ w la .
xa je kʼuri ʼ ri ix kamik ri ʼ man ix kaxlan winaq tachik ; ri ix, ix rech ri ki tini mit rie ty oxlaj taq winaq , ix rech ri rachoch ri dy os .
xin tiko x laj kʼal ichaj .
kaqa riq qi bʼ ch we ʼ q .
si bʼalaj utz cheri wi ʼ aj ri tuney .
we na jupulik ta xe qajik . . .
xin to ʼtaj cheri nu chak .
kʼo jun chikopu bʼi ʼ pum .
poq on ri ik .
xoj bʼi nik .
xu ch ʼe k ro nojel le retamanik x paqi ʼ k kʼax kwʼi nik xu bʼanaj kun .
kel u bʼik pari jude ʼ a ek tzalij chi u bʼi jumul pari galile ʼ a.
xin a xi bʼij pa bʼe .
je ʼl kʼolem chi awachoch .
ro nojel ri ya ʼtal il pa we q ʼataj , tz ʼaqat kiwach , man k tzaq ta kanoq xuquje ʼ man ktastaj .
xuku naj le ya wa bʼ le aj q ʼij .
chi tata bʼej jas le kim bʼij .
ch ʼan al ri achi.
pa bʼo ko ʼ kachakun wiri tax .
uj kʼopa u wuq q ʼij .
ki ʼ riu kabʼ ri aqaj .
kʼo rachal alpatz ʼoloj che ʼ ri pe ʼl .
x kilo chi kin kʼoxom aj .
ri u kisakʼ utzk ya ʼik chi u xe ʼ ri tiko ʼ n .
aretaq chi ʼ kaq ʼan pu wi ʼ ri juku bʼ, ri achi chex kʼoji ʼ ri itzel uxla bʼal ru kʼ , ku tach rech ri are ʼ, arechk kʼoji ʼ ru kʼ ri are ʼ .
na kabʼantaj ta wu mal .
x na ʼtaj chkexe a tinik .
xin paj ri nu triko .
xe ʼok ri pok ʼ pari umexaripo ʼ x .
ka juluw riaq ʼa ʼl chi u xe ʼ ri tʼu ʼ y .
a we ch le ja .
xuj bʼe pa tzu rik .
na bʼe xa topanik .
riu kabʼ u bʼi ʼ ri numam are ya y .
u waj xaq u ka kʼal taqanik (28) .
mata kʼo jun kakan aj kanoq , qo nojel koj bʼe k .
e nima ʼ q le altoma bʼ .
nim u wach ri po ʼt .
kojonik pari utzij wa iximu lew .
jas xu kʼam bʼil etz ʼi ʼ xa wi lo ?
x in petik , tat .
ri bʼelaj u wach .
chi tata bʼej jas ri kim bʼij .
je ʼl kuna ʼ ria bʼix chiupam ri ququ lew .
kin bʼisoj u wach le wal .
xu tʼuyu bʼa ʼ .
nim ria we q e le ʼ n xa riqo .
x ine ʼ wa ʼo q .
chi ʼ ke war wi le akʼala bʼ .
ri nu mi ʼal xu taq loq jun taqo ʼm wuj chi we .
q ʼe ʼ lik , ri chaj pari bʼe .
la utz awach ? - utz malty ox , e kʼuri at ? – utz malty ox .
xin kos ru mal nu chak .
k bʼe ku kʼ rie ʼ are ʼ e k tzalij pari na sarete ke ʼu nimaj .
ri joj xu kʼam bʼik ri akʼ .
kʼochi wachi ʼl cha nim .
ku bʼij chech na ʼl kabʼan cheri atz ʼi bʼ .
e . . . in kawaj katzjoj bʼi lach we .
mataxin ya j le ali .
jachin ru kʼ kat bʼe wi ?
kʼosi bʼalaj eta ʼma bʼal pari maya bʼ no ʼji bʼal .
e man xori jupuq kej .
kasumum ri kaqi q ʼ.
e kʼokaji bʼ akʼala bʼ pa le bʼe .
je ʼ jas ri u tat k ka ʼyik .
xaq at molo nel tzij tal .
le nu tat ka loq ʼon ch we .
xaq tane kim bʼe iw u kʼ .
x reta ʼma juch ʼa jik .
ru mal la ʼ x koj “ xal q ʼat ” cheu bʼi ʼ ri komon .
are le u kemik pas x reta ʼmaj .
ri wa ti ʼt ku bʼan nari u patan .
kʼakʼ le po ʼt .
reta ʼm u wach jachin x loq ʼo w ri pas .
kench ʼa bʼej le akʼala bʼ .
ya ʼtal chaqe qo nojel ri uj winaq utz kaq ilqi bʼ .
x koti ʼ paq ʼayes xoq ʼik .
kawinaq bʼe le je bʼ q ʼataj .
e kʼokaji bʼ ral ri imul , jun saq , jun q ʼan , jun q ʼe q , jun q ʼeqoj , si bʼalaj ketz ʼa nik , kech ʼopinik ri alaj taq imul .
k cholol ri achachal .
kete kik ri ikʼ .
xe petik rech kewa ʼiw u kʼ .
tz atz ri uq ʼan il ri akʼ .
xoj tzalijik xi xe ʼ qaq ʼat uj ku kʼ leita tina n .
ri yo ʼ x taq akʼala bʼ kekikʼu x ri atz ʼya q .
we achi we xu sipaj jun po ʼt ch we x kamik .
k kowin ri kuna nel chekuna nik .
x ji q ʼ pari polo w .
xa ru mal si bʼalaj rajawa xik le loq ʼalaj ja ʼ, le winaq x kibʼij : chewe ikʼ ri ʼ qo nojel kuj bʼe cheu tikik taq che ʼ .
riunan erie rachal al kepe u loq ru kʼ ri are ʼ, kʼate kʼuri ʼ, man kekowin taj keqi bʼ u koq ru kʼ , ru mal rech chee kʼosi bʼalaj winaq .
ru mal rech , che man kʼota jun kkowin cheu kojik junti kibʼal il chik chu wach ri kojom chik che areri jesusk ri sto .
te kʼuri ʼ x utz ʼi bʼaj ri bʼ pari nimalaj tijo bʼal rech aj ku ʼ n .
ka juluw rich ʼu mil chaq ʼa bʼ .
kʼis bʼal kanoq , xoquje ʼ k kam ri ixoq .
le ala xokik .
kʼo p waq pa u wi ʼ ri me xa .
are kawaj nakin ʼe taj .
ri ya wal ku koj ri alichi u xe ʼ ri cha kach are u su ʼt .
nakaqa kʼam tu ʼ bʼi kamik .
ri aj tij ku bʼij chike : rajawa xik keqa chajij ri awaj , are u tiko ʼ n ri ajaw .
xin tij mukun iwir .
kʼax le u wi ʼ taq le nuq ʼa bʼ .
xin loq ʼjunil bʼal wi bʼ .
wa ʼ weq ʼij , nim u bʼantajik .
ri u xe ʼal ri qa tina mit man kasach taj .
xoj bʼi nik .
ri achal al junam kiwach .
xin weta ʼmaj ri lik wi bʼ .
nim ri u na ʼoj wa j tij .
mi q ʼin ri kʼul .
aj q ʼojom ri ate ʼ k .
chelesa nik che ʼ k bʼan wiri q ʼojom .
ka pe le awel pa nawalja ʼ .
ri me sonel tajink chakunik .
utz chaqe kaqato ʼ qi bʼ, taq kʼo kʼax kʼolil , kate we chi ʼ n ri ajaw paqa wi ʼ .
xa wilo, x q ʼatan le ibʼo y .
x at kowinik xa bʼano .
ki ʼ ri kʼawex .
kajilil ri bʼe .
le ali xel bʼik .
are ʼ x raj xin bʼano .
nim we abʼaj .
je ʼ lik uti ʼjol al ri saq ko ʼ r.
noj inaq ri kej .
we katijan xu xman katuto ʼ tachi uq ʼat ixik le kʼakʼ ya bʼil corona virus ( 2019- ncov).
na nim ta raqan wa ʼwe che ʼ .
utzalaj ajchak , ri wel .
¿jam pa ʼ kuj bʼe pa nimaq ʼij ?
rajawa xik ta nela ʼkat chakun wu kʼ .
xutaq chi ʼ j pa wa ram pu lew .
man aretari axwan xelik .
ri awi x xu loq ʼ rachoch re nimal .
areri ixoq xin si kʼin u loq .
rich ʼima kʼat ʼon na .
la xi bʼan lei chak ?
kʼi tina mit e kʼopa ch ʼo ʼj .
kʼo jupuq chi j chi u xe ʼ ri che ʼ .
ri u xaq ria bʼix are u wari kej .
kawinaq q ʼataj .
la ki xpe pa tijo bʼal ?
we kechajix taq le kʼ wa jachakin bʼij ; juna lik kʼo ja ʼ xuquje ʼ si bʼalaj saq lo loj .
x reta ʼmaj .
ri ala bʼom ri alitoma bʼ tajinkiki tijoj kibʼ rech su taq , are kakaj kikibʼan nimaq achija bʼ chupam ri kikʼas lemal , xuquje kʼochik jupuq bʼixonel chupam ri komon .
la tz ʼu wach ri bʼe .
kʼakʼ ri ach ʼich ʼ .
qo nojel uj , uj maya bʼ taq winaq .
nojel q ʼij riati ʼ x kuy uq ʼuj le taqa waj jela ʼ pa nik ʼaj ja ʼ, chi rij ri juyu bʼ u bʼi ʼ te na ʼ .
paq ʼom chik ri si ʼ .
kin tzuku n chela .
kakitij le kinaq ʼ, le ichaj , le u wa ʼlik ru kʼ le j .
xe kanaj kan le ajchaki bʼ .
ketikon ri achija bʼ .
si bʼalaj itzel u bʼantajik rich ʼi lakan .
ri ate ʼ k xu malty oxij cheri rati ʼ t, ru mal ri utzalaj no ʼ ji bʼal xu kʼut chech .
k kamuli xu chak ria bʼix .
la xin utzukuj le tijo xel ?
are ʼ kachakun ro nojel q ʼij .
le e kʼa ʼ na taq tz ʼi ʼ .
saq rij ri plam u x .
jas xaq ʼi ʼ oxa tijo .
jas ru kʼ x kichap wi u tijik le rik il ?
we katatin ru kʼ kʼatan ja ʼ man kuq ʼatej ta le kʼakʼ ya bʼil corona virus .
la kat bʼin pa le uxlan bʼal ?
la waral kʼu xix wa ʼwi ?
are le nu tat kin loq ʼo nik .
tajin kchakun ri ala .
kʼo ri ki ʼ kotem ala wu kʼ .
xuta jachinka ʼek .
x at wa ʼik xin wi lo .
x tzaq ri rachoch ru mal ri ja bʼ .
pa le jun ikʼ chik are nimaq ʼij .
e kebʼäm kebʼin pa u wi ʼ ri tem .
mem ri achi .
ri wi kanchali ʼ y kel pa juyu bʼ ch wi tz iri bʼal .
le rajil , lapa ja xe laq ʼax wu ʼ bʼik ?
pari su ʼt pisom wiri lej .
koj petik kol qa kʼama ʼ .
tajin kat ch ʼopin chi u wach ri taq ʼaj .
leq ʼo rxch ʼuq ik .
kʼax wa ʼima wu mal .
kin bʼison che lewal .
si bʼalaj kʼo kʼri awatz ʼya q .
kamik xuj bʼe cheu tikik taq che ʼ pari juyu bʼ .
kin u loq ʼoj le nu tat .
chaqi ʼ j chik ri chaj .
x yi lix hawa yi .
na x na ʼtaj tachke chi xea tinik .
ru kʼ kʼuwa ʼ we ri ʼ, ri ixk kʼoji ʼ jun utzalaji kʼas lemal ri ʼ ch kiwach ri winaq che man e kʼo tai wu kʼ , kʼate kʼuri ʼ man kʼota jun winaq ri ʼ rajawa xik chi wech .
e petinaq pa bʼe le rachala xik .
kakaj le akʼala bʼ kewa ʼik .
x uj ch ʼay bʼik .
ri nu chak are q ʼa xel tzij .
kʼo na ru xla bʼri awaj .
tajin kel loq , ri q ʼij .
xu q ʼi ʼ ox kamsax ri rachal al choch .
ri numam are kʼo uq ʼi nomal .
x kʼu lmataj jumul , xu bʼan jun nimalaj ja bʼ, man x bʼeye taj tana xu kʼis le u yuq ʼ chike.
ama ʼ ri nu tz ʼi ʼ .
jewa ʼkat petik .
xin kosik ru mal xin chakunik
iwech chi jujunal , ri wa .
xuq ʼi ʼ on axata tin taj .
in riq tajinaq pari kʼayi bʼal .
naweta ʼm taj .
kʼax le nuq ʼa bʼ .
utz le xu bʼij le achi .
kematz ʼi bʼ .
kʼo rachal alpatz ʼoloj che ʼ ri pe ʼl .
ro nojel wa ʼ we jastaq ri ʼ, xas k sach wi u wach wa ʼ ; ru kʼ we ri ʼ, ri ix, rajawa xik che kʼo jun ty oxlaji kʼas lemal e k kʼoji ʼ ri ich ʼawem ru kʼ ri dyos,
xmu q taj ri patz ʼan .
rich ʼich ʼ tzijom kanoq pari u kʼol bʼal .
man kʼota u cholaj pataq ri a wuj .
jachike ikʼ le u nimaq ʼij le tina mit nawal ja ʼ ?
xe petik xol kikʼama ʼ .
kachuq ʼ ch ut ri ja ʼ chi apam .
xin bʼij iwir chi xe bʼe pa armita .
are ʼ u xe ʼ ojer tzij waral kʼi che ʼu bʼi ʼ .
x kʼis ri nu si ʼ .
jawi x kibʼij wi chike ʼ e wi ?
¡ xa je kʼuri ʼ, jachin taq rie kʼopa ri jude ʼ a, chi cha nim che ʼ a nimaj u bʼi pataq ri juyu bʼ,
kʼakʼ ri abʼ .
la kʼo jun naka kʼoxom aj taj ?
na utz ta le ut ʼisom le almariy .
man ya ʼtal taj chi a we katok pa ja .
je ʼ, xatu tzukuj .
are kel waj xaqi bʼ uq ʼij rix kʼojik .
ri xun kur k kʼoji ʼ pataq ri triko .
xin sachik .
xu tʼuyu bʼa ʼ
nan utom ta le tzij …
wach ʼom ri kiwari no ʼs .
e kʼo jo bʼ ch ʼil wakʼ .
rajawi xik chi pataq ri tijo bʼal , pa nik ʼaj u bʼixik chik
ri rajaw ru lew are ʼ tat kel .
we kʼu xokik , we kʼ na xok ta
we achi xu sipaj jun pʼot chwe.
atat u taqo ʼ n leq ʼatal tzij .
naq ʼan tau wach leqap ru t .
ri xa ʼ r kʼopa u wi ʼ riq ʼaq ʼ k poq ʼowik .
ri roq ʼej ri alija chakpe juna kʼal .
kʼo jun alapa tijo bʼal .
säq u wi ʼ ri tata ʼ .
ri wi tz ikʼ tajinkpe loq .
jawi xsach on wi kan uya ʼik le p waq che.
utz we achi we xin kuna nik .
qo nojel kuj wa ʼ pa u wi ʼ ri me xa .
ri kaxla ʼ nik man poq on taj .
in xin bʼe ru kʼ ri wachi ʼl .
si bʼalaj je ʼl xkilo xe ki tzoqopij ri kichij chila ʼ .
kin bʼinik xin ʼek .
kʼax kʼolik , kacha ʼ .
ku tij ixim ri akʼ .
ri ali x chel , xu q ʼi ʼ oxa jun akʼ xsipa x che.
x qasik ʼij le ixoq ch u tzakiksu bʼ .
mata xa bʼinsaj lech ʼich ʼ .
ri pix tz ʼara lik ru mal rieqa ʼ n .
¿jampa ʼ kel chi 3%
kʼo jun nu kʼotoj chi ʼ aj .
tajin kewa ʼkat ri ala bʼom .
xin loq ʼ le nu kʼa kʼapo ʼt .
nau tzakik ta su bʼ tajinku ʼ ano
xoj u taq chi ʼij xoj wa ʼik .
iwech ria bʼix .
saq rij ri chi j .
aj sik cheri tina mit kel wiri tata ʼ .
- ¡a y! xa xin tzaq u loq , kʼax we waqan .
x kʼu lmataj pa jun komon chi ʼ u wach jun juyu bʼ, xu riqa jun q ʼij x kiriq kibʼ ju nimul ru kʼ le kok .
jas xa taq chi ʼ j le akʼal chu tijik ?
xin chapo su xu loq ʼo .
q ʼi nom ri achi .
ri kʼum k tijo w ru kʼ kabʼ .
tajin kejach ʼa nik .
tz e bʼal u kemik le pasa wu mal .
areka yo ʼw le u chikopil le u bʼantajik try pano soma brucei .
we kat nima nik utzkelik .
pero no ʼ jimal pet naq loq , .
are le nu chak jun tz uq bʼal wi bʼ .
x kuna x le ya wa bʼ ru mal le aj q ʼij .
ri u kʼu ʼ x tz ʼi bʼ paqa tzijela juj .
si bʼalaj je ʼ lik rieqa bʼal xu bʼan ri lu ʼ s .
si bʼalaj at kon .
e man xori jupuq kej .
na x na ʼtaj tachkex ea tinik .
ri kʼamal bʼe xu bʼij chike, chi maj a ri a nim .
jum u ch ʼri nu juna bʼ .
q ʼi p tajinaq ri raqan ri tem .
kchakun ru kʼ ri jos bʼal che ʼ ri aja nel .
xa taq chi ʼ j le akʼal ch u tijik kar .
oj kʼopa le ro ʼch le awel .
¿ la kat pequ kʼch we ʼ q ?
le winaq pa le ch ʼich ʼe tʼuyu llo wi.
x kanaj kanoq chi u xe ʼ ri ja bʼ rich ʼa ʼ n .
nim ri ja .
weta xak u naj le atat matax kam la ʼ .
na nu kʼamom tu ʼ la ri ʼ .
ch qa nu kʼu ʼ ri qatzij .
kim bʼe pa le tina mit .
xin q ʼi ʼo na xin a tin taj .
rajawa xik kakʼaman chawe le u tijik le le j .
kʼis bʼal taq no ʼji bʼal .
