xin eʼw aʼoq.
xk ibʼ ankʼ axcheleuw os aqrum alm anutzt achik ak ay ik.
riqʼ utuʼmm ankecht ale akʼ al abʼ.
aren animt ale atzʼ iʼchuw achlen utzʼ iʼ.
xep et ikxolk il aʼ.
¿j awchiʼx at aʼchexk amrium am rip oʼx?
ekebʼk ekʼ ambʼ ikp at uj.
x inl oqʼj unj ap ariwok ajj a.
ri axt uʼbʼ, kʼ oqul ajchech.
j ask ar ajk aʼ anch utz akikletiʼ ij.
xut ijlew a.
ximbʼ alretz ij.
xp axribʼ oʼj.
wek aw ajk at int oʼox aqxuwik abʼ ijchiwe.
j asnukʼ ukuchʼ obʼo.
j ask ar ajk ut ijo?
xexr uxl abʼririk il.
enitzʼ aʼql et aq im ul.
w et aneinx inbʼ anowik, arele at eʼkxbʼ anow ik.
k intz alijp alen ut in am it.
rinuch aqʼkʼ op auroʼqʼ at ojt ijonikp arit ijobʼ al.
xin xiʼjw ibʼx inchʼ awik.
kʼ ochw aroʼchlep are.
chir aq ank abʼ inw irit at aʼ.
xs achonk anuy aʼikl epw aqchech oj a.
xinqʼ axchik ixoʼlriw in aq.
k etik onik.
ri ulewm anq echt aj, kechriq at iʼtq am am.
xep elew in aqx olkikʼ am aʼ.
xul oqʼriw ujrum alri ali.
chew eqʼ ijk amikkʼ ojunn utz ij onemch irijl enut in am it.
k ejriʼ.
xk un an al aqchwe.
k inusikʼ ijlen un an.
riim ulxuchʼ ijt aj, xk an ajp abʼ e,rum alrinim alkuj alujriim ul, xutz aqri anim.
kubʼ anriuxoqʼ oʼlri ajtzʼ aq.
ril asibʼ al ajutz chekun abʼ al.
kʼ ikiw achrieʼ ajch akibʼp arikom onty ox,kʼ atekʼ utx aj unchi aj awxel;
xq at achix at ulik.
k aw ajchik atʼek.
chʼut iʼnkek an ajrix aj abʼchech.
k aq axiʼjq ibʼk aq ach apo.
ekʼ okebʼ ukʼ ajollet atxw an.
luʼs ubʼ iʼrirech am.
ajchi uwiʼm iqʼ inj aʼriluʼ.
xiny ak anl enuch imp akʼ aybʼ al.
kʼ atexril o,xp eriun ancheutz ukuxik, xk ikotik, xus al abʼ is ajrit aquxk in.
xk ikʼ utchiuw achri ajt ijxuq ujeʼchikiw achrit aqnikʼ ajk achil.
utz lenuqʼ abʼ.
kulle alw eʼlp aaust inch aqʼ abʼk am ik.
ri ateʼk xtz aql oq arechikʼ op auw iʼriqʼ aʼm.
ajp at anrit eʼk.
x atq ajchiup amri il.
l akʼ otz ijn akikʼ oxom ajt aj?
xs ach onchk echixe at inik.
r on ojelle ulew ech al aq.
l axebʼ ekʼul axeʼk ij aq akʼ uleuchiʼj a?
x aqk atchʼ okn ajiwir.
k am ikkʼ ochirij ast aq awe.
arechiʼk akʼ isrijun abʼkʼ oqʼ inom.
p an aw alj aʼxin alexik.
n axint at ajwe areri akʼ alk ixtz uquw ik.
¡ rulewris abʼul onerulewr ineft ali,ubʼ erip olow, rulew rijord an,g alileʼ akechrijet aq am aqʼ!
r ax, r ax, r ax,kʼ okʼ, kʼ okʼ, kʼ okʼleruxl abʼlet aqt ikoʼn.
achix atw ilo.
p aq alr ajillep ixk amik.
x ojbʼ inik.
p aj unjeʼlt ijobʼ alkut ij ojribʼj un akʼ al,ubʼ iʼp oʼx, utzk urilokep at ijobʼ alr on ojelt aqqʼ ij.
xw ajchix atʼ et aj.
utzl aʼlexubʼ ijle achi.
w et aʼ amj achink ap etik.
k inqʼ ojom anik.
xinqʼ iʼot akʼ alikxinp etik.
areʼret aʼmch ekinop anik.
aret abʼ aleq aq aj awch att oʼw ik.
k aw in aqw aq ibʼqʼ at aj.
n aq ajch ikcheriuw aqk ajbʼ al aret aqchiʼks achuw achriqʼ ij,k okriqʼeq uʼm chuw ach ulew, chikʼ ateʼn aribʼ elejebʼk ajbʼ al.
j obʼr aq anritzʼ al amxep or oxik.
sibʼ al ajk orijrim op.
arew aʼ.
jel aʼp aritim in itchw ik aby okrechxel ajuʼ, leq an anq at atk akitik ojeʼl al ajt aquw achich aj.
kʼ axn uq ul.
xuʼl ukʼ am aʼ.
k ojulk itz uk uj.
arem ankʼ axt aukun axik aret aq anin aqk aʼilit ajw ey abʼ il alxuq ujeʼm ojoʼq akuy aʼlekʼ axkʼ ol ilchechl ejolom aj.
riw elkʼ op at ij onik.
k aw ajk inbʼ ij.
rik otzʼ iʼjkq ak ojchiup am rija.
qʼ eqqʼ ojrijri am aʼk ej.
n axw ajt ajx inchʼ awik.
chp et abʼ alel oqʼ al ajj abʼ.
xs ach onchkex atk isikʼ ij.
eleqʼ alchʼ ichʼ.
j achinx awil ochi arext ijowrit iʼj?
m at ak abʼ elenuxbʼ alp alet in am it.
pim ruq, ri ali.
¿kʼ orim uqʼechi aw ech?
kq abʼ ijm ankekow int aj.
k int ijn a.
kʼ ojunq atʼ uʼyp aj a!
kʼ op ujchiup am richʼ aʼk.
aret aqk ink osikk inw arik.
x atw aʼikxinw ilo
inx inchʼ ay owle achi.
k on ojelri al axikkeʼ etzʼ anik.
j asrukʼxk it ijw ilekirik il?
anin aqilk atp etik.
n ar axt auw achlejuy ubʼ.
ritzʼ al amtzʼ ibʼ abʼ alr axkk ay ik.
wech atch ak unik,kʼo aw a.
m aʼt amx atp echeriw aʼim.
k am ulk inw aʼn a.
risik ilkt ijowr ukʼ ik.
k imbʼe aqʼ anrukʼle alt alin.
xojʼ ekxeʼq il al arq asok.
xekiqʼ ille ajch akibʼxk iwokl eja.
m at anexw ajlekʼ uhjnemr ukʼle ateʼk.
arexeʼop anchiuch iʼrijuy ubʼ, xk ilochim anq ast akʼ oqʼ ay es.
kʼ atekʼ ut, rijesusm ankk ojont achk echrieʼ areʼ, rum alrechchek on ojelret aʼmk iw ach,
p aʼtz rijritzʼ iʼ.
juw in aqw aq ibʼqʼ at aj.
atel aqʼ om.
xaq atj oʼs.
riqʼ atzu, areqʼ al ajriuqʼ ijil.
ajch akwe al a.
ubʼ elejuk akʼ alt aq anik(29).
k ebʼnubʼ iʼkʼ olik.
l ak atz alijl uʼl a anin aq?
k atz ukunl achwe.
l ak ajl akojbʼ eʼp alechom alchw eʼq?
xinn abʼ ejchut asikq akʼ olibʼ al.
l alx int oʼw ik.
sibʼ al aj anoʼjibʼ al.
x ojp etikx olq akʼ am aʼ.
sibʼ al ajjeʼl ikriuw aʼlri ich aj.
kʼ axw ijrum alinp ach alik.
aret aqxukʼ ulm ajw aʼxul riuchom anikxubʼ ij: areutzw a aqʼ abʼk inw al ijik, arech aʼch animk inop anp at ijobʼ al,m ajchik inkʼ ulm aj.
oj ajx ojolobʼp aaw asqʼ ij.
xins achch eleuw okikletz ij.
ejul ajujri akʼ.
xut aj amp aʼk ojʼek.
q ilik.
rit ijoxelm an aret animch uw achrir ajt ij. riutzt ijoxelq asj eriʼkʼ olikj asrir ajt ij.
inx at inchʼ ay o.
n oʼj imch akw um al.
chʼur rij ochʼ.
ink inbʼ ijn ak ats acht aj.
ujm ay abʼ.
ri abʼ ajy atz alik.
t aj inkep ixbʼ axri akʼ al abʼ.
chomri aq.
xinw arik.
elem enk on ojelri akʼ al abʼ.
t aj inkqʼ an arikriw ereʼ aj.
leukem iklep asutz (ch awe).
xuy up ubʼ auw achr aʼchi,k ach aʼ,.
ris at an ask okp arijud asr ikbʼ ixisk ariʼ otech rech,ri areʼj unchk ixoʼlriek abʼl aj uj.
chuchurip ar.
k inq um ujrin uj ochʼ.
chechp unciónlumb ar am aqʼ elr aj aw axikchechr ilikleukʼ exbʼ emw ilen abʼ erukʼleuk abʼ ukʼ ut unemley abʼ il al.
qʼ al ajchin ak aw ajt ajk abʼ ij.
kʼ oqʼ olch irijris iʼ.
j aw ixojʼew ichul oqʼ ik?
kʼ oul ochʼrit alin.
qʼ anrijri at iʼtn ukej.
l axtz alijl aiw ir?
xesikʼ ixik,kʼ atekʼ uriʼxey ajik, xuq ujeʼxet aqbʼ icheusikʼ iklem es.
l akixw arik?
arekʼ ulep alom axxubʼ ijche:-m amk atbʼ isont aj,k insikʼ ijnikʼ ajw achiʼlker ap ap ik.
aʼreet ijoxel abʼ.
ri al aj alis iʼlxubʼ ijxq ach app autz alrity ox.
xs ach onchkej achinxe at inik.
j asxur ay ijle an anxut ijo?
xink osik.
r axr on ojelriqʼ ay esrum all ej abʼ.
k iny aw aʼw echʼ ichʼp inemn autz.
n oʼjim up achʼ uxiklen uwiʼ.
n ajkʼ ow ilew oʼchchuw achlet ijobʼ al.
ri okibʼ alkʼ ochiuw achris aqj a.
xen ut aqchʼ ijkek ille akʼ al abʼ.
kʼ oj unqʼ oxow emchiwe.
tz arich oʼm.
wech ojbʼ ep alenim aqʼ ij, keq ille ajxoj olobʼ.
xojʼ ekxeʼq il al arq asok.
ri ateʼkx ut aʼchechrin ant oʼn: -n anj asch eʼchim ank ajt al aq akʼ atis ajrij oʼq.
rip alsibʼ al ajxuʼy.
k ink ojrijokbʼ al ulew.
ink inbʼ ijn ak ats acht aj
atr ajk unlen un an.
kuq am uj ujor onri ajtz ij.
l uʼtzʼ al amubʼ iʼri achik elp anim cheʼ.
jeʼlik utiʼj ol alris aqk oʼr.
kʼ ojunx aʼrp aj a.
x inl oqʼj unkʼ akʼp at an.
kʼ axukem iklep as aw um al.
anin aq ukem iklep as aw um al
richʼ aʼns achin aqp at aq abʼ ix.
r axt aqlek otzʼ iʼj.
m esomk an oqriup amj a.
m an aret ar al axk osik.
rikom onxechp up rechuqʼ abʼt in am itxoʼl abʼ ajrechqʼ um ark aj.
l autz akikkʼ usubʼt ajinkuʼ ano?
k atel a!
n axut ijt aj.
x arum alket aʼmk on ojelriw in aqkk iq um ujl ej aʼ.
iw irx ujtz alijl ap akʼ aybʼ al.
q et aʼm cheriq aw akuj ut oʼo.
ri ajt ij, ky aj onchik echri akʼ al abʼ.
j asubʼ anoml enuchʼ ut it at?
chw eʼqk inbʼ ep animt in am it.
utzw ekiw et aʼm ajj askubʼ ijrich olbʼ alqʼ ij.
t ajink atj il owcheuqʼ oxomj olom aj.
x int ikqʼ axchiuw achrij a.
kʼ axlek ibʼ elew in aq.
l oqʼk atk unt ajcheley abʼ il( covid -19).
rin uxibʼ alk elp aq ajbʼ alqʼ ij.
xr ilri axw anchixw aʼri al a.
le alixk un at ajik.
w et ak ap elej abʼk am ik.
x inw et aʼm ajchin axatp et aj.
ripw aqrechw eqʼ at ajriʼkes axchechrit ojbʼ alkʼ ay inem.
kt ijriuw aʼlikrum alrik inim aqʼ ij.
xuch ap ukun axik.
ch at anl oq ali.
x inxuliʼq aj oq.
jeʼl ikkt ijowrit aq ikox.
kʼ atekʼ urilet atx oʼrxubʼ ij, m ank aw ajt aj, m ank aw ajt aj.
kʼ oj untzʼ iʼp abʼe.
k am ulx inpeche atz uk uxik.
m ant ajint ak inch akunik.
k inch ak unikrechk atw aʼik.
j asrukʼx aw ilw ichixk iq up ijw ilet iʼj.
j asubʼ ixik<unk>?
k oqʼri akʼ al.
k aw ajn ak atʼ et aj.
x atqʼ ajik.
w emn ach al oqʼ axiy al,n akimbʼ et aaw ukʼ.
xop anlew uj aw ukʼrum alw echin.
arekʼ utp alejuy ubʼkkʼ iyj oron, chil aʼxekikʼ am awirij aʼriw in aq.
k oqʼri akʼ al.
w ekʼo ar ajilch akʼ am aloq.
aresibʼ al ajk aqle ap oʼtchuw achlenup oʼt.
xinkʼ ast ajp ak abʼl ajujk ajbʼ al.
k aq oyʼ ejn akixp et aj.
kok aximrich ijx ajel aʼm ank anim ajt abʼ ik.
rikokn ojimxbʼ ek, xuchʼ ijoxop anp aukʼ isbʼ alille anim.
x ojkiʼk otik aret aqx at ulik.
k aq itzʼn ajriux aj abʼri akʼ al.
rijesuskw aʼk atp arinimr achochrid yos, chuxeʼrij unj acher achochris alom on.
w et aq anikriʼk ubʼ ijchir aj aw axikky aʼuqʼ ijriw in aqxuq ujeʼkt oʼ anin aq il.
ri axux aren ariuk unelrik in aqʼ.
aret aqw aʼriuqʼ ijolw et aq anik.
kʼ oj unt abʼ alp auw iʼrixk anulubʼ iʼl aj ujnoʼj.
y uʼlubʼ anomriuk olobʼrik ej.
x anim ajri akʼ alchiuw achriuch uch.
kk un anri achi.
k inw aʼikrechn akiny ow ajt aj.
ajx ikchʼ ichʼril uʼs.
kw ajcheixk ixbʼ anow ik.
aʼrexet oʼw al aq.
xojʼ ekxeʼq il al arq asok.
xinl oqʼj unchʼ ichʼ, q ajin aq uw ach.
k utʼ isrip ant alon.
ej anip ale aw alkʼw alekʼ olik?
utz ukem iklep asch awe.
rim axare ajqʼ aniy aʼ.
m at abʼ achiriqkʼ axp alebʼe.
t aj ink anim aj, rim eʼs.
ixixeʼl aqʼ om abʼ!
xs ach anchwe.
ekʼ okʼ icheʼ, chiuw achrijuy ubʼ.
arew aʼrinim al ajp ixabʼe arew aʼrin abʼe.
xret aʼm ajchir ukʼp akʼkut ijwi
j asutz akikles ubʼxuʼ ano?
ajx oʼy riw ik an.
w et ane aʼrexet ijowlerik il, arelekom onxet ijow ik.
sibʼ al aj anin aqk achʼ awle areʼch inuw achin.
utzw ekinch akuj.
m eʼsl aʼ.
kʼ ok anw arechk aq at ijo.
x insikʼ ijl a.
ri akʼ alxs achk an oqjel aʼp at aqʼ aj.
xesikʼ ijl a.
j aw ixkibʼ ijw ichikeʼ ewi?
rum alche,m anixt ariʼrik ixchʼ awik, areriruxl abʼ axelri it at riʼrikchʼ awn aiw ukʼ riix.
kʼ akʼriw achoch.
sibʼ al ajutzk inw ille atzʼy aqrechn ahu al a.
s aqp orkk ayrik ip oʼt rin an.
xs ach onrinuch akchwe.
w aʼimxuch apo.
riqʼ aqʼt ajink ajuluw ik.
n aj ilup amrisiw an.
ekʼ oriq ach al alp achiuw iʼl a.
j asx at aqch iʼjle akʼ alch ut ijik?
n oʼjim ukem iklep as aw um al.
kʼ ojunk ukubʼ iʼt int in,w aʼlel ajkukm amk ajeq it aj,k ap aqik axulikp auw iʼuqʼ abʼt aqcheʼ, sibʼ al ajs akʼ aj, keʼut oleenim aʼq, chʼut in,r achiʼl, ajsip anelsibʼ al ajutzr anim aʼ.
riup ixabʼl eqʼ atbʼ altz ijkiy aʼubʼ ixik.
n axs ach ont achkexe at inik.
xeq illechik opp uw ilej a.
xl oʼt ajri akʼ al.
q on ojelk ujw aʼp auw iʼrim exa.
xsik irlew aq an.
l ax atw aʼkʼ ut?
nim ubʼ aqʼrit ulul.
k inxikʼ ikʼ ikxinqʼ axik.
l ak atbʼ ep alet in am it?
rip alsibʼ al ajs aqʼ or.
kqʼ oxown uj alom.
x inn aʼochik atp etik.
xl oqʼ ulew iw echix.
xinch akunrukʼ rinum am.
n axq abʼ ant aj.
kkʼ ojiʼbʼ aʼriusip anikri aj awx eljesusk rist orukʼri aw uxl abʼ al!
k inchʼ awrukʼ len un anp alechʼ aw ebʼ al.
sibʼ al ajqʼ equʼm rum alrim ay ul.
areleb axulik.
xek osleixoq ibʼp alebʼe.
kʼ axrilikle akʼ alch awe.
xinqʼ iʼoxin at inp aj oron.
sibʼ al ajnim let in am it.
kʼ axukem iklep as aw um al.
x ins achik.
t ajink elukikʼ elp ar aq anritzʼ iʼ.
xinw et aʼm ajrilikw ibʼ
riqʼ uqʼ arejunj eʼlchik op.
kʼ op aj at ijobʼ alriwik aqʼ.
ris achibʼ alm akr ajw axikchiq axoʼl.
j eʼ,k imbʼ ek.
jel aleʼrin upw iʼ.
xubʼ ijche:- j asx abʼ anot int in?
k abʼ anj unt oqʼ obʼky akrin uj al.
k atʼekx int a.
j asleukʼ exbʼ emribʼ lej unrukʼl ej unchik?
ajchi uwiʼm iqʼ inj aʼriluʼ.
rit ijon eln ajkp ewi.
teʼk ixchobʼ ubʼ iʼrin ut at.
rij aʼk am iqʼ ikchiuw achriqʼ aqʼ.
ritʼ uʼy kp aqʼ owik.
k inm esonn a.
n aq aj atkʼ ow ichiw ech.
x inbʼ isonikt aqn axatp ett aj.
wexk amriw in aq, ripw aqrecht ojbʼ alm ak ajky aʼchik echrir al axik.
rin un anxbʼ ep akʼ aybʼ al.
xoj ukʼ amul oqrechk ojrilo
xkʼ otoch inchikiw achchik inw aʼ aw ukʼ.
n axkik ams ajt ajxk ikʼ ambʼ ich oj a.
kʼ akʼriikʼk amik.
ximbʼ erukʼle ajk uniw ir.
rilik.
letzʼ iʼxek osik.
xink ikot aw um al.
riim ulxum ajri anim, xuy akanlek ok.
kʼo ojcheri akʼ al.
xujbʼ ep aj unkʼ ul anem.
utzw ekw ar al aq.
k aq il ochin ak ojukʼ amt aj.
xret aʼm ajchir ukʼp akʼkut ijwi.
sibʼ al ajxinkʼ aʼn arik.
xink ochijrin uw a.
m ank atkow int ajk atch akunik,w em ankʼ ot ari ajil abʼ al.
wew on onxubʼ ijchike:- k ixinto.
ri al animk rilw irium am.
xk aʼy chirij, xk aʼy chuw ach, m akʼ ot achij unks ilobʼ ik, xoqʼ ikxuxeʼj ribʼ xchʼ op inikxtz alijl oqxuriqt achikri ubʼe.
kʼ op uscheriw a.
p inemn ak abʼ elew atz, k imbʼ ewi inp ak aʼy ibʼ al.
rin ant oʼnnimw in aqchik, s aq uwiʼ,r on ojel aqʼ abʼ utzk un aʼok atʼuy iʼp autem, kum iqʼ is ajribʼch oriqʼ ij,kʼ oj unuwiʼum am ubʼiʼ ateʼk.
m anekʼ it ajriq ul aʼ.
qʼ al ajchin ak aw ajt ajk abʼ ij
xp aq abʼ is axr ajilr on ojelrik em.
kʼ op arij ulrikum atz.
r on ojelqʼ ijk inchʼ ajl enuw are.
s aqchik anleich ajrechk atz ako.
chuxeleq achom alk aq at ijw ijunq am eqʼ in.
ch awil aʼ.
ekʼ ojobʼ umiʼ al,rin ut at.
j asrukʼx aw ilwi
jeʼj asriw in aqrechriuw ach ulew, xoq ujeʼkep en ariʼrieʼ areʼche erechriuw ach ulew ;jeʼj asriw in aqrechrik aj, xoq ujeʼkep en ariʼrieʼ areʼ erechrik aj.
xint ijo.
k tzʼ ujuw rir achochrip oʼx.
xuqʼ iʼo areleukʼ ulelxy aʼow uw a.
ri aw elxret aʼm ajchir aj aw axikm ank uxejt aribʼ cherit ukur.
jukʼ ul ajw in aqxeʼ anim ajbʼ ik.
jeʼ, x intz al ijik.
x ojp etikx olq akʼ am aʼ.
m ajj achin xʼek.
in ajt ij; att ij oxel.
s aq uwiʼrit at aʼ.
w echrik em.
leroʼchle ateʼkkʼ ochw achleukʼ ayl en un an.
kbʼ ep arisiriʼ aep aris ilisiʼ a,j aw ijeʼkuy awirik ichuqʼ abʼrikom onty ox.
p ixabʼ :m anutzt ajkʼ axk ujchʼ awchik ijnikʼ ajq achil.
xk un at ajle ali( kum alri ixoq ibʼ).
rixibʼ ibʼ alchikʼ owip at aqriq akʼ aslem alr on ojelqʼ ij.
n akujw art aw ar al.
onchekkʼ ojiʼriutz ilch ixoʼl, arechj un amriq akoj onik, jun amriiw echixrukʼ riw echin.
p aoxqʼ ijris aʼnkbʼ en arukʼri ajk un.
k aw in aqw uq ubʼ.
j ask aw ajk int ijo?
w et ax atbʼ ewukʼp alet in am it,x al oqʼt al aʼleuj ast aqle akʼ ajol.
kebʼ ep aw aʼim.
x inl oqʼkʼ iw a.
p aj unnimkʼ acheʼl aj,kʼ ojunkʼw aʼsibʼ al ajs aql ol oj,nim uw ach.
kw ajk at ijjubʼ aʼw a.
r on ojelw in aqkr iln ariuk ol onem ridy os<unk>.
xkʼ otoch inchikiw achchik inw aʼ aw ukʼ
kw ajn ak atʼ et aj.
l ax al oqʼj un alej?
ekʼ oriel oqʼ om anel.
riuk abʼ ubʼ iʼrinum am arey ay.
k injop ijri ij aʼrecht riko.
xn aʼt ajchkexe at inik.
x ateʼq il aʼ.
k akit ij al anx axriw in aq.
. . . k inbʼ ijchi arew aʼs inxiʼ an.
n axinn abʼ ejt achut asikq akʼ olibʼ al.
rum alrechchew eriin,k inchʼ awrukʼ ridy osp achʼ abʼ al, kchʼ awn akʼ uriʼriw uxl abʼ alrukʼ ridy os,kʼ atekʼ utm ankʼ ot aup at anriʼch rechrin uchom abʼ al.
xep etikxk ilo.
xut awek atʼek.
utz ukem iklep asch awe.
rinuw ak axxut ijj unqʼ oqʼrum alriʼxk amik.
rum alrikʼ ix,m ankew aʼt ajriw in aq.
xeʼulik.
qʼ eqrijri am aʼch ij.
xr ajk aʼeleun an.
j un amk ijun abʼ.
n aqʼ al ajt ajw ek aʼek.
riw ixn amchʼ ajchʼ ojrir ach och.
w ar alm ankʼ ot aj aj aw al.
n aiw irt axr illekʼ am olbʼe.
xinp el oqtekʼ uriʼx intz ukujr on ojelrinur ajil.
ri ajtik onelkut ikritz ij.
kʼ oekikʼ ajolle ach ij abʼ.
kut ijqʼ ay esriixp aʼch.
p ariw aʼbʼ alekʼok aw in aq achij abʼ.
sip ojin aqrin up am.
k ay aʼt ajikrukʼ utiʼ onemj unriuriq omley abʼ il amol otsetsé xuq ujeʼ arek ay aʼt ajp at aqrij uy ubʼ.
j achinri achi?
rinum amxk amik aret aqkʼ ojum uchʼl ajuj uj un abʼ.
k inkow inikk inkʼ ambʼ ilepw aq.
k inw iloch iutzri ajiʼ.
xinqʼ ilri ap oʼxchem ank ach akunt aj.
kw aʼchiuw achlet aqʼ ajri am aʼ akʼ.
riim ulxep oqʼ ikp aj unikʼ.
xkʼ isk an oqriq ach ak.
areri alix ojilowk an oq.
sibʼ al ajchʼ uʼjri am ax.
kʼ onuw achiʼ.
inch ajinelk echle akʼ al abʼ.
xek osletzʼ iʼ.
k inbʼ en akukʼ rim ol aj.
r on ojel aqʼ abʼk iny itzʼ riw ak ax.
k ar ap inikxutz uk ujchij un aw aj.
leukem iklep as anin aq( aw um al).
m ajur ajill eqʼ abʼ arel.
kʼ axriʼrik achʼ awik.
xoj ut aqch iʼjle achich ul oqʼik ich aj.
sibʼ al ajkʼ axrixkʼ ulm axik.
xk il ochin ak inkʼ oxom ajt aj.
xn aʼt ajchk echixe at inik.
xkʼ otoch inchikiw achchixoj alw oʼq akukʼ.
j unqʼ uʼqr ajilrik axl aʼnw a.
x inw il ochixeʼ elik.
ekʼ oixoq ibʼp alekʼ aybʼ al.
m ankʼ ot ajukʼ isikrim ay abʼ ajl abʼ alil.
ris inkkʼ iyp at aqʼ aj.
richʼ im am ankkʼ iyt ajp at aqʼ aj.
r aj aw axikkj ikikriw aq än.
k aw ajk inʼek.
ekʼ ooxibʼ akʼ.
xubʼ ijchw ej awi atkʼ owi.
chw eʼqk ujbʼeʼp am uq uj.
p as aqkʼ aj aʼkbʼ anw iriuq.
x ojk isikʼ ij.
x inw ilw ibʼ.
ch aqʼch ikriw a.
k imbʼ en ak ap alew oʼch.
k aw ajk inʼek.
richʼ uʼkt ijrukʼ lej.
p arikiqʼ ijk am in aq ibʼkbʼ anqʼ orikʼy aʼrech aj:n abʼ erin ankutz ukujk anri aj, kuj achʼ oʼxuq ujekukʼ eto.
j ask ajbʼ alch anim?
utz uchom anikri ali.
p ariqʼ ijoxl ajujt ij axk inkʼ isk ebʼj un abʼk inch akunw ar al.
sibʼ al ajk o,rikʼ akʼchʼ at.
j ask ar ajkubʼ ij<unk>?
richʼ ichʼk asil abʼ ik.
p aojerqʼ alp ulx aqxuw irinimw in aqkekʼ am owbʼe.
leukun axikleuk abʼukʼ ut unik arerukʼef lornit in aonut unibʼ axikl enifurt im oxchiʼlef lorn it in ach echt.b. g.
areri achix inchʼ ay owik.
jun achiubʼ ikuʼxusip ajk ebʼkʼ aʼm ulew rechk abʼ anrit ijobʼ al,k amik, kʼ ochik ajt ijrechrik om onxechp up.
xum alty oxijcheri ajt ijr on ojellexukʼ utchiuw ach.
p aribʼ exkir aqj un al ajim uls aqrij, xk ikʼ ambʼ ik.
xr illebʼ ale al a.
j askubʼ ijchw e?
leukun at ajem arerukʼ utzuk uxikl euchikop ilp ajunus olik uxeʼlekikʼ onlej aʼrechj unnodo.
utzw enutzʼ iʼ.
jeʼ, t ajink ach ap onik.
k in ul oqʼ ojlen ut at.
k aw ajk imbʼ ep at in am it.
arel aʼk inch akuj.
rinim aʼqt aqw in aqkʼ oket aʼm abʼ al.
w et ax atbʼ ewukʼp alet in am it,x al oqʼt aw aʼw ej ast aq.
rikikʼ aslem al. w aixim ulewx aj unchim aaret at inim itrim a
riukʼy abʼ aln ajup am.
x atq ajchiup amri il.
n ojimk atw aʼik.
w ekʼ ojunkt uq aʼrik, ¿l am anxoq ujeʼt ajk int uq aʼrri in?
oj ojw okolj a.
aw askbʼ ankʼ axchej unnimw in aq.
x inchʼ aw ap anrukʼ lew an abʼ.
kʼ axriup am rijuʼl.
t aj inkew aʼri im ul.
l ak ajl ak ujtz al ijl a anin aq?
rum alrechch erim ak ajm ankʼ ot aukow inemp iwiʼri ix: riixm anixkʼ ot achich uxeʼrip ixabʼ, x aneixkʼ och uxeʼrisip anik.
nimr aq anlecheʼ.
xinch ap o.
arelet uʼrl eloqʼ om anel.
xask atkʼ ojiʼchiup am richʼ ichʼ.
sibʼ al ajnimr aq anrikʼ am albʼe.
letzʼ ibʼ abʼ alw echin.
inx int oʼwl a.
x ajekʼ uriʼriixk amikriʼm anixk axl anw in aqt achik; riix, ixrechrik it inim itriety oxl ajt aqw in aq, ixrechrir ach ochridy os.
x int ikoxl ajkʼ alich aj.
k aq ariqq ibʼchw eʼq.
sibʼ al aj utzch eriwiʼ ajrit uney.
w en ajup ulikt axeq ajik...
x int oʼt ajcherin uch ak.
kʼ oj unchikop ubʼ iʼp um.
p oqonri ik.
x ojbʼ inik.
xuchʼekr on ojelleret am anikxp aq iʼkkʼ axkwʼ inikxubʼ an ajk un.
kelubʼ ikp arijudeʼ aektz al ijchiubʼ ijum ulp arig al ileʼa.
xin axibʼ ijp abʼe.
j eʼlkʼ olemchi aw achoch.
r on ojelriy aʼt alilp aw eqʼ at aj, tzʼ aq atk iw ach, m anktz aqt ak an oqxuq ujeʼm ankt ast aj.
xuk un ajley aw abʼle ajqʼ ij.
chit at abʼ ejj aslek imbʼ ij.
chʼ an alri achi.
p abʼ okoʼk ach akunw irit ax.
ujkʼ op auw uqqʼ ij.
k iʼriuk abʼri aq aj.
kʼ orach al alp atzʼ ol ojcheʼrip eʼl.
xk ilochik inkʼ oxom aj.
riukis akʼ utzky aʼikchi uxeʼritik oʼn.
aret aqchiʼk aqʼ anp uwiʼrij ukubʼ, ri achich exkʼ ojiʼri itz eluxl abʼ alrukʼ, kut achrechri areʼ, arechkkʼ ojiʼrukʼ ri areʼ.
n ak abʼ ant ajt aw um al.
xn aʼt ajchkexe at inik.
x inp ajrin ut riko.
xeʼ okrip okʼp arium exarip oʼx.
k ajuluw ri aqʼ aʼlchi uxeʼritʼ uʼy.
aw echlej a.
xujbʼ ep atz urik.
n abʼ exatop anik.
riuk abʼ ubʼ iʼrinum am arey ay.
uw ajx aquk akʼ alt aq anik(28).
m at akʼ ojunk ak an ajk anoq, q on ojelk ojbʼ ek.
enim aʼqle alt om abʼ.
nim uw achrip oʼt.
k ojonikp ariutz ijw aixim ulew.
j asxukʼ ambʼ iletzʼ iʼx aw ilo?
x inp et ik,t at.
ribʼ el ajuw ach.
chit at abʼ ejj asrik imbʼ ij.
jeʼlk un aʼri abʼ ixchiup amriq uq ulew.
k inbʼ is ojuw achlew al.
xut ʼuy ubʼ aʼ.
nimri aweq eleʼnx ariqo.
xin eʼw aʼoq.
chiʼkew arw ileakʼ al abʼ.
rinumiʼ alxut aql oqj unt aq oʼmw ujchiwe.
qʼ eʼlik, rich ajp aribʼe.
l autz aw ach? -utzm alty ox,ekʼuri at? –utzm alty ox.
xink osrum aln uch ak.
kbʼ ekukʼrieʼ areʼektz alijp arin as aretek eʼunim aj.
rij ojxukʼ ambʼ ikri akʼ.
kʼ ochiw achiʼlch anim.
kubʼ ijchechn aʼlk abʼ ancheri atzʼ ibʼ.
e. . . ink aw ajk atzj ojbʼ il achwe.
m at axiny ajle ali.
j ach inrukʼk atbʼ ewi?
kʼ osibʼ al ajet aʼm abʼ alp arim ay abʼn oʼj ibʼ al.
em anx orijup uqk ej.
k asum umrik aq iqʼ.
ekʼ ok ajibʼ akʼ al abʼp alebʼe.
jeʼj asriut atkk aʼy ik.
xaq atm ol oneltz ijt al.
len ut atk al oqʼ onchwe.
x aqt anek imbʼ eiw ukʼ.
xret aʼm ajuchʼ ajik.
rum all aʼxk oj“x alqʼ at ”cheubʼ iʼrikom on.
areleukem ikp asxret aʼm aj.
riw at iʼtk ubʼ ann ariup at an.
kʼ akʼlep oʼt.
ret aʼmuw achj ach inxl oqʼ owrip as.
k enchʼ abʼ ejle akʼ al abʼ.
y aʼt alch aqeq on ojelri ujw in aq utzk aq ilq ibʼ.
xk otiʼp aqʼ ay esxoqʼ ik.
k aw in aqbʼ elejebʼqʼ at aj.
ekʼok ajibʼr alriim ul, juns aq, j unqʼ an, j unqʼ eq, j unqʼ eq oj, sibʼ al ajk etzʼ anik, kechʼ op inikri al ajt aq im ul.
kch ololri ach ach al.
ket ekikri ikʼ.
xep et ikrechkew aʼiw ukʼ.
tz atz riuqʼ anilri akʼ.
x ojtz al ijikxixeʼq aqʼ at ujkukʼ leit at in an.
riy oʼxt aq akʼ al abʼk ekikʼuxri atzʼy aq.
we achiw exusip ajj unp oʼtchw exk am ik.
kk ow inrik un an elchekun anik.
xj iqʼp arip olow.
x arum alsibʼ al ajr aj aw axiklel oqʼ al ajj aʼ, lew in aqxk ibʼ ij: chew eikʼriʼq on ojelk ujbʼ echeut ikikt aqcheʼ.
riun anerier ach al alk epeul oqrukʼri areʼ, kʼ atekʼ uriʼ,m ankekow int ajkeq ibʼuk oqrukʼ, rum alrechche ekʼ osibʼ al ajw in aq.
rum alrech, chem ankʼ ot ajunkk ow incheuk ojikj unt ikibʼ alilch ikchuw achrik ojomch ikchearer ijesusk risto.
tekʼ uriʼxutzʼ ibʼ ajribʼp arinim al ajt ijobʼ alrech ajk uʼn.
k ajuluw richʼum ilch aqʼ abʼ.
kʼ isbʼ alk an oq, xoq ujeʼkk amri ixoq.
le al axokik.
kʼ opw aqp auw iʼrim exa.
arek aw ajn akinʼ et aj.
riy aw alkuk ojri alichi uxeʼrich ak ach areusuʼt.
n ak aq akʼ amt uʼbʼ ik amik.
ri ajt ijkubʼ ijchike:r aj aw axikkeq ach ajijri aw aj, areutik oʼnri aj aw.
x int ijm uk uniw ir.
kʼ axleuw iʼt aqlen uqʼ abʼ.
x inl oqʼj unilbʼ alw ibʼ.
w aʼw eqʼ ij,nim ubʼ ant ajik.
riuxeʼ alriq at in am itm ank as acht aj.
x ojbʼ inik.
ri ach al alj un amk iw ach.
xinw et aʼm ajrilikw ibʼ.
nim riun aʼojw ajt ij.
m iqʼ inrikʼ ul.
ajqʼ ojomri ateʼk.
cheles anikch eʼkbʼ anw iriqʼ ojom.
k ap eleaw elp an aw alj aʼ.
rimes onelt aj inkch akunik.
utzch aqek aq at oʼq ibʼ,t aqkʼ okʼ axkʼ olil,k atew echiʼnri aj awp aq awiʼ.
x awilo, xqʼ at anleibʼ oy.
x atk ow inikx abʼ ano.
k iʼrikʼ awex.
k aj ililribʼ e.
le alixelbʼ ik.
areʼxr ajxinbʼ ano.
nimwe abʼ aj.
jeʼlik utiʼj ol alris aqk oʼr.
n ojin aqrik ej.
wek at ij anxuxm ank at ut oʼt achiuqʼ at ixiklekʼ akʼy abʼ ilcoron avirus (2019-nc ov).
n animt ar aq anw aʼw echeʼ.
utz al aj ajch ak, riw el.
¿j amp aʼk ujbʼ ep anim aqʼ ij?
r aj aw axikt anel aʼk atch akunw ukʼ.
xut aqch iʼjp aw ar amp ulew.
m an aret ari axw anx elik.
ri aw ixxul oqʼr ach ochrenim al.
areri ixoqx insikʼ in ul oq.
richʼ im akʼ atʼ onn a.
l axibʼ anleich ak?
kʼ it in am itekʼ op achʼ oʼj.
kʼ ojup uqch ijchi uxeʼrich eʼ.
riux aqri abʼ ix areuw arik ej.
k aw in aqqʼ at aj.
l ak ixpep at ijobʼ al?
wekech ajixt aqlekʼw aj ach akinbʼ ij; jun alikkʼ oj aʼxuq ujeʼsibʼ al ajs aql oloj.
xret aʼm aj.
ri al abʼ omri alitom abʼt ajink ikit ijojk ibʼ rechsut aq, arek ak ajk ikibʼ annim aq achij abʼch up amrik ikʼ aslem al, xuq ujekʼ ochikj up uqbʼ ixon elchup amrikom on.
l atzʼ uw achribʼe.
kʼ akʼri achʼ ichʼ.
q on ojel uj,ujm ay abʼt aqw in aq.
n ojelqʼ ijri at iʼxkuy uqʼ ujlet aq aw ajjel aʼp anikʼ ajj aʼ, chirij rijuy ubʼ ubʼ iʼt en aʼ.
p aqʼ omchikris iʼ.
k intz uk unchel a.
k akit ijlek in aqʼ, leich aj, leuw aʼl ikrukʼ lej.
xek an ajk anle ajch akibʼ.
ket ikonri ach ij abʼ.
sibʼ al ajitz elubʼ ant ajikrichʼ il ak an.
ri ateʼkxum alty oxijcherir at iʼt, rum alriutz al ajn oʼjibʼ alxukʼ utchech.
kk am ulixuch akri abʼ ix.
l axin utz uk ujlet ij oxel?
areʼk ach akunr on ojelqʼ ij.
leekʼ aʼn at aqtzʼ iʼ.
s aqr ijripl am ux.
j asx aqʼ iʼox at ijo.
j asrukʼxk ich apw iut ijiklerik il?
wek at at inrukʼkʼ at anj aʼm ankuqʼ atejt alekʼ akʼy abʼ ilcoron avirus.
l ak atbʼ inp aleuxl anbʼ al?
l aw ar alkʼ uxixw aʼw i?
arelen ut atk inl oqʼ onik.
t aj inkch akunri al a.
kʼ orikiʼk otem al aw ukʼ.
xut aj achink aʼek.
x atw aʼikxinw ilo.
xtz aqrir achochrum alrij abʼ.
p alej unikʼchik arenim aqʼ ij.
ekebʼ ämkebʼ inp auw iʼritem.
m emri achi.
riwik anch aliʼyk elp ajuy ubʼchw itz iribʼ al.
ler ajil,l ap aj axel aqʼ axw uʼbʼ ik?
p aris uʼtp isomw irilej.
k ojp etikk olq akʼ am aʼ.
t ajink atchʼ op inchiuw achrit aqʼ aj.
leqʼ orxchʼuq ik.
kʼ axw aʼim aw um al.
k inbʼ is onch elew al.
sibʼ al ajkʼ okʼri aw atzʼy aq.
k am ikxujbʼ echeut ikikt aqcheʼp arijuy ubʼ.
k in ul oqʼ ojlen ut at.
ch aq iʼjchik rich aj.
xy ilixh aw ayi.
n axn aʼt ajt achkechixe at inik.
rukʼkʼ uw aʼw eriʼ, ri ixkkʼ ojiʼj unutz al ajikʼ aslem alriʼchk iw achriw in aqchem anekʼ ot aiw ukʼ, kʼ atekʼ uriʼm ankʼ ot aj unw in aqriʼr aj aw axikchiw ech.
epet in aqp abʼ eler ach al axik.
k ak ajle akʼ al abʼkew aʼik.
x ujchʼ aybʼ ik.
rinuch ak areqʼ axeltz ij.
kʼ on aruxl abʼri aw aj.
t aj ink ell oq, riqʼ ij.
xuqʼ iʼoxk ams axrir ach al alch och.
rinum am arekʼ ouqʼ inom al.
xkʼ ulm at ajjum ul, xubʼ anj unnim al ajj abʼ, m anxbʼ ey et ajt an axukʼ isleuy uqʼchike.
am aʼrin utzʼ iʼ.
jew aʼk atp etik.
xink osikrum alx inch akunik
iw echchij uj un al,riw a.
xuqʼ iʼon ax at at int aj.
inriqt ajin aqp arikʼ ay ibʼ al.
n aw et aʼmt aj.
kʼ axlen uqʼ abʼ.
utz lexubʼ ijle achi.
kem atzʼ ibʼ.
kʼ orach al alp atzʼ ol ojcheʼrip eʼl.
r on ojelw aʼw ej ast aqriʼ,x asks achw iuw achw aʼ;rukʼw eriʼ, riix, r aj aw axikchekʼ oj unty oxl ajikʼ aslem alekkʼ ojiʼri ichʼ aw emrukʼ ridy os,
xm uqt ajrip atzʼ an.
richʼ ichʼtz ijomk anoqp ariukʼ olbʼ al.
m ankʼ ot auch ol ajp at aqri aw uj.
j achik eikʼle unim aqʼ ijlet in am itn aw alj aʼ?
xep etikx olkikʼ am aʼ.
k ach uqʼch utrij aʼchi ap am.
xinbʼ ijiw irchixebʼ ep aarm it a.
areʼuxeʼ ojertz ijw ar alkʼ icheʼubʼ iʼ.
xkʼ isrin usiʼ.
j aw ixkibʼ ijw ichikeʼ ewi?
¡x ajekʼ uriʼ,j ach int aqriekʼ op arij udeʼa, chich animcheʼ anim ajubʼ ip at aqrijuy ubʼ,
kʼ akʼri abʼ.
l akʼ ojunn ak akʼ oxom ajt aj?
n autzt aleutʼ isomle alm ariy.
m any aʼt alt ajchi awek at okp aj a.
jeʼ, x at utz ukuj.
arek elw ajx aq ibʼ uqʼ ijrixkʼ ojik.
rixunk urkkʼ ojiʼp at aqrit riko.
x ins achik.
xutʼuy ubʼ aʼ
n anut omt aletz ij<unk>
w achʼ omrikiw arinoʼs.
ekʼ ojobʼchʼ ilw akʼ.
r aj aw ixikchip at aqrit ijobʼ al,p anikʼ ajubʼ ixikchik
rir aj awr ulew areʼt atk el.
w ekʼuxok ik,w ekʼn axokt a
we achixusip ajj unpʼ otchwe.
at at ut aqoʼnl eqʼ at altz ij.
n aqʼ ant auw achleq aprut.
rix aʼrkʼ op auw iʼriqʼ aqʼkp oqʼ owik.
riroqʼ ejri alij ach akp ejun akʼ al.
kʼ ojun al ap at ijobʼ al.
säq uwiʼrit at aʼ.
riw itz ikʼt ajinkp eloq.
j aw ixs ach onw ik anuy aʼikl epw aqche.
utzwe achiw exinkun anik.
q on ojelk ujw aʼp auw iʼrim exa.
rik axl aʼnikm anp oq ont aj.
inx inbʼ erukʼ riw achiʼl.
sibʼ al ajj eʼlxk iloxek itz oqop ijrikich ijchil aʼ.
k inbʼ inikxinʼ ek.
kʼ axkʼ olik,k ach aʼ.
kut ijiximri akʼ.
ri alixch el, xuqʼ iʼox ajun akʼxsip axche.
xq asikʼ ijle ixoqch utz akiks ubʼ.
m at axabʼ ins ajlechʼ ichʼ.
rip ixtzʼ ar alikrum alri eq aʼn.
¿j amp aʼk elchi3%
kʼ oj unnukʼ ot ojchiʼ aj.
t aj inkew aʼk atri al abʼ om.
x inl oqʼl enukʼ akʼ ap oʼt.
n autz akikt asubʼt ajinkuʼ ano
xoj ut aqchiʼ ijxojw aʼik.
iw echri abʼ ix.
s aqr ijrich ij.
ajs ikcherit in am itk elw irit at aʼ.
-¡ ay! x axintz aqul oq, kʼ axw ew aq an.
xkʼ ulm at ajp ajunk om onchiʼuw achj unjuy ubʼ, xuriq aj unqʼ ijxk iriqk ibʼj unim ulrukʼl ekok.
j asx at aqch iʼjle akʼ alch ut ijik?
x inch ap osuxul oqʼo.
qʼ inomri achi.
rikʼ umkt ijow rukʼk abʼ.
t aj inkej achʼ anik.
tz ebʼ alukem iklep as aw um al.
arek ay oʼw leuchikop illeubʼ ant ajikt ryp anosom abrucei.
wek atnim anik utzk elik.
p er onoʼj im alp etn aql oq,.
arel enuch akj untz uqbʼ alw ibʼ.
xk un axley aw abʼrum alle ajqʼ ij.
riukʼ uʼxtzʼ ibʼp aq atz ijel ajuj.
sibʼ al ajj eʼlikrieq abʼ alxubʼ anriluʼs.
sibʼ al aj atk on.
em anx orijup uqk ej.
n axn aʼt ajt achkexe at inik.
rikʼ am albʼ exubʼ ijchike, chim aj ari anim.
j um uchʼrin uj un abʼ.
qʼ ipt ajin aqrir aq anritem.
kch akunrukʼ rijosbʼ alcheʼri aj anel.
x at aqch iʼjle akʼ alchut ijikk ar.
ojkʼ op al eroʼchle aw el.
¿l ak atp eq ukʼchw eʼq?
lew in aqp alechʼ ichʼ etʼuy ull owi.
xk an ajk an oqchi uxeʼrij abʼ richʼ aʼn.
nim rij a.
w et axakun ajle at atm at axk aml aʼ.
n anukʼ am omt uʼl ariʼ.
chq anukʼ uʼriq atz ij.
k imbʼ ep alet in am it.
xinqʼ iʼon axin at int aj.
r aj aw axikk akʼ am anch aweleut ijiklel ej.
kʼ isbʼ alt aqn oʼj ibʼ al.
xin eʼw aʼoq.
xk ibʼ ankʼ axcheleuw os aqrum alm anutzt achik ak ay ik.
riqʼ utuʼmm ankecht ale akʼ al abʼ.
aren animt ale atzʼ iʼchuw achlen utzʼ iʼ.
xep et ikxolk il aʼ.
¿j awchiʼx at aʼchexk amrium am rip oʼx?
ekebʼk ekʼ ambʼ ikp at uj.
x inl oqʼj unj ap ariwok ajj a.
ri axt uʼbʼ, kʼ oqul ajchech.
j ask ar ajk aʼ anch utz akikletiʼ ij.
xut ijlew a.
ximbʼ alretz ij.
xp axribʼ oʼj.
wek aw ajk at int oʼox aqxuwik abʼ ijchiwe.
j asnukʼ ukuchʼ obʼo.
j ask ar ajk ut ijo?
xexr uxl abʼririk il.
enitzʼ aʼql et aq im ul.
w et aneinx inbʼ anowik, arele at eʼkxbʼ anow ik.
k intz alijp alen ut in am it.
rinuch aqʼkʼ op auroʼqʼ at ojt ijonikp arit ijobʼ al.
xin xiʼjw ibʼx inchʼ awik.
kʼ ochw aroʼchlep are.
chir aq ank abʼ inw irit at aʼ.
xs achonk anuy aʼikl epw aqchech oj a.
xinqʼ axchik ixoʼlriw in aq.
k etik onik.
ri ulewm anq echt aj, kechriq at iʼtq am am.
xep elew in aqx olkikʼ am aʼ.
xul oqʼriw ujrum alri ali.
chew eqʼ ijk amikkʼ ojunn utz ij onemch irijl enut in am it.
k ejriʼ.
xk un an al aqchwe.
k inusikʼ ijlen un an.
riim ulxuchʼ ijt aj, xk an ajp abʼ e,rum alrinim alkuj alujriim ul, xutz aqri anim.
kubʼ anriuxoqʼ oʼlri ajtzʼ aq.
ril asibʼ al ajutz chekun abʼ al.
kʼ ikiw achrieʼ ajch akibʼp arikom onty ox,kʼ atekʼ utx aj unchi aj awxel;
xq at achix at ulik.
k aw ajchik atʼek.
chʼut iʼnkek an ajrix aj abʼchech.
k aq axiʼjq ibʼk aq ach apo.
ekʼ okebʼ ukʼ ajollet atxw an.
luʼs ubʼ iʼrirech am.
ajchi uwiʼm iqʼ inj aʼriluʼ.
xiny ak anl enuch imp akʼ aybʼ al.
kʼ atexril o,xp eriun ancheutz ukuxik, xk ikotik, xus al abʼ is ajrit aquxk in.
xk ikʼ utchiuw achri ajt ijxuq ujeʼchikiw achrit aqnikʼ ajk achil.
utz lenuqʼ abʼ.
kulle alw eʼlp aaust inch aqʼ abʼk am ik.
ri ateʼk xtz aql oq arechikʼ op auw iʼriqʼ aʼm.
ajp at anrit eʼk.
x atq ajchiup amri il.
l akʼ otz ijn akikʼ oxom ajt aj?
xs ach onchk echixe at inik.
r on ojelle ulew ech al aq.
l axebʼ ekʼul axeʼk ij aq akʼ uleuchiʼj a?
x aqk atchʼ okn ajiwir.
k am ikkʼ ochirij ast aq awe.
arechiʼk akʼ isrijun abʼkʼ oqʼ inom.
p an aw alj aʼxin alexik.
n axint at ajwe areri akʼ alk ixtz uquw ik.
¡ rulewris abʼul onerulewr ineft ali,ubʼ erip olow, rulew rijord an,g alileʼ akechrijet aq am aqʼ!
r ax, r ax, r ax,kʼ okʼ, kʼ okʼ, kʼ okʼleruxl abʼlet aqt ikoʼn.
achix atw ilo.
p aq alr ajillep ixk amik.
x ojbʼ inik.
p aj unjeʼlt ijobʼ alkut ij ojribʼj un akʼ al,ubʼ iʼp oʼx, utzk urilokep at ijobʼ alr on ojelt aqqʼ ij.
xw ajchix atʼ et aj.
utzl aʼlexubʼ ijle achi.
w et aʼ amj achink ap etik.
k inqʼ ojom anik.
xinqʼ iʼot akʼ alikxinp etik.
areʼret aʼmch ekinop anik.
aret abʼ aleq aq aj awch att oʼw ik.
k aw in aqw aq ibʼqʼ at aj.
n aq ajch ikcheriuw aqk ajbʼ al aret aqchiʼks achuw achriqʼ ij,k okriqʼeq uʼm chuw ach ulew, chikʼ ateʼn aribʼ elejebʼk ajbʼ al.
j obʼr aq anritzʼ al amxep or oxik.
sibʼ al ajk orijrim op.
arew aʼ.
jel aʼp aritim in itchw ik aby okrechxel ajuʼ, leq an anq at atk akitik ojeʼl al ajt aquw achich aj.
kʼ axn uq ul.
xuʼl ukʼ am aʼ.
k ojulk itz uk uj.
arem ankʼ axt aukun axik aret aq anin aqk aʼilit ajw ey abʼ il alxuq ujeʼm ojoʼq akuy aʼlekʼ axkʼ ol ilchechl ejolom aj.
riw elkʼ op at ij onik.
k aw ajk inbʼ ij.
rik otzʼ iʼjkq ak ojchiup am rija.
qʼ eqqʼ ojrijri am aʼk ej.
n axw ajt ajx inchʼ awik.
chp et abʼ alel oqʼ al ajj abʼ.
xs ach onchkex atk isikʼ ij.
eleqʼ alchʼ ichʼ.
j achinx awil ochi arext ijowrit iʼj?
m at ak abʼ elenuxbʼ alp alet in am it.
pim ruq, ri ali.
¿kʼ orim uqʼechi aw ech?
kq abʼ ijm ankekow int aj.
k int ijn a.
kʼ ojunq atʼ uʼyp aj a!
kʼ op ujchiup am richʼ aʼk.
aret aqk ink osikk inw arik.
x atw aʼikxinw ilo
inx inchʼ ay owle achi.
k on ojelri al axikkeʼ etzʼ anik.
j asrukʼxk it ijw ilekirik il?
anin aqilk atp etik.
n ar axt auw achlejuy ubʼ.
ritzʼ al amtzʼ ibʼ abʼ alr axkk ay ik.
wech atch ak unik,kʼo aw a.
m aʼt amx atp echeriw aʼim.
k am ulk inw aʼn a.
risik ilkt ijowr ukʼ ik.
k imbʼe aqʼ anrukʼle alt alin.
xojʼ ekxeʼq il al arq asok.
xekiqʼ ille ajch akibʼxk iwokl eja.
m at anexw ajlekʼ uhjnemr ukʼle ateʼk.
arexeʼop anchiuch iʼrijuy ubʼ, xk ilochim anq ast akʼ oqʼ ay es.
kʼ atekʼ ut, rijesusm ankk ojont achk echrieʼ areʼ, rum alrechchek on ojelret aʼmk iw ach,
p aʼtz rijritzʼ iʼ.
juw in aqw aq ibʼqʼ at aj.
atel aqʼ om.
xaq atj oʼs.
riqʼ atzu, areqʼ al ajriuqʼ ijil.
ajch akwe al a.
ubʼ elejuk akʼ alt aq anik(29).
k ebʼnubʼ iʼkʼ olik.
l ak atz alijl uʼl a anin aq?
k atz ukunl achwe.
l ak ajl akojbʼ eʼp alechom alchw eʼq?
xinn abʼ ejchut asikq akʼ olibʼ al.
l alx int oʼw ik.
sibʼ al aj anoʼjibʼ al.
x ojp etikx olq akʼ am aʼ.
sibʼ al ajjeʼl ikriuw aʼlri ich aj.
kʼ axw ijrum alinp ach alik.
aret aqxukʼ ulm ajw aʼxul riuchom anikxubʼ ij: areutzw a aqʼ abʼk inw al ijik, arech aʼch animk inop anp at ijobʼ al,m ajchik inkʼ ulm aj.
oj ajx ojolobʼp aaw asqʼ ij.
xins achch eleuw okikletz ij.
ejul ajujri akʼ.
xut aj amp aʼk ojʼek.
q ilik.
rit ijoxelm an aret animch uw achrir ajt ij. riutzt ijoxelq asj eriʼkʼ olikj asrir ajt ij.
inx at inchʼ ay o.
n oʼj imch akw um al.
chʼur rij ochʼ.
ink inbʼ ijn ak ats acht aj.
ujm ay abʼ.
ri abʼ ajy atz alik.
t aj inkep ixbʼ axri akʼ al abʼ.
chomri aq.
xinw arik.
elem enk on ojelri akʼ al abʼ.
t aj inkqʼ an arikriw ereʼ aj.
leukem iklep asutz (ch awe).
xuy up ubʼ auw achr aʼchi,k ach aʼ,.
ris at an ask okp arijud asr ikbʼ ixisk ariʼ otech rech,ri areʼj unchk ixoʼlriek abʼl aj uj.
chuchurip ar.
k inq um ujrin uj ochʼ.
chechp unciónlumb ar am aqʼ elr aj aw axikchechr ilikleukʼ exbʼ emw ilen abʼ erukʼleuk abʼ ukʼ ut unemley abʼ il al.
qʼ al ajchin ak aw ajt ajk abʼ ij.
kʼ oqʼ olch irijris iʼ.
j aw ixojʼew ichul oqʼ ik?
kʼ oul ochʼrit alin.
qʼ anrijri at iʼtn ukej.
l axtz alijl aiw ir?
xesikʼ ixik,kʼ atekʼ uriʼxey ajik, xuq ujeʼxet aqbʼ icheusikʼ iklem es.
l akixw arik?
arekʼ ulep alom axxubʼ ijche:-m amk atbʼ isont aj,k insikʼ ijnikʼ ajw achiʼlker ap ap ik.
aʼreet ijoxel abʼ.
ri al aj alis iʼlxubʼ ijxq ach app autz alrity ox.
xs ach onchkej achinxe at inik.
j asxur ay ijle an anxut ijo?
xink osik.
r axr on ojelriqʼ ay esrum all ej abʼ.
k iny aw aʼw echʼ ichʼp inemn autz.
n oʼjim up achʼ uxiklen uwiʼ.
n ajkʼ ow ilew oʼchchuw achlet ijobʼ al.
ri okibʼ alkʼ ochiuw achris aqj a.
xen ut aqchʼ ijkek ille akʼ al abʼ.
kʼ oj unqʼ oxow emchiwe.
tz arich oʼm.
wech ojbʼ ep alenim aqʼ ij, keq ille ajxoj olobʼ.
xojʼ ekxeʼq il al arq asok.
ri ateʼkx ut aʼchechrin ant oʼn: -n anj asch eʼchim ank ajt al aq akʼ atis ajrij oʼq.
rip alsibʼ al ajxuʼy.
k ink ojrijokbʼ al ulew.
ink inbʼ ijn ak ats acht aj
atr ajk unlen un an.
kuq am uj ujor onri ajtz ij.
l uʼtzʼ al amubʼ iʼri achik elp anim cheʼ.
jeʼlik utiʼj ol alris aqk oʼr.
kʼ ojunx aʼrp aj a.
x inl oqʼj unkʼ akʼp at an.
kʼ axukem iklep as aw um al.
anin aq ukem iklep as aw um al
richʼ aʼns achin aqp at aq abʼ ix.
r axt aqlek otzʼ iʼj.
m esomk an oqriup amj a.
m an aret ar al axk osik.
rikom onxechp up rechuqʼ abʼt in am itxoʼl abʼ ajrechqʼ um ark aj.
l autz akikkʼ usubʼt ajinkuʼ ano?
k atel a!
n axut ijt aj.
x arum alket aʼmk on ojelriw in aqkk iq um ujl ej aʼ.
iw irx ujtz alijl ap akʼ aybʼ al.
q et aʼm cheriq aw akuj ut oʼo.
ri ajt ij, ky aj onchik echri akʼ al abʼ.
j asubʼ anoml enuchʼ ut it at?
chw eʼqk inbʼ ep animt in am it.
utzw ekiw et aʼm ajj askubʼ ijrich olbʼ alqʼ ij.
t ajink atj il owcheuqʼ oxomj olom aj.
x int ikqʼ axchiuw achrij a.
kʼ axlek ibʼ elew in aq.
l oqʼk atk unt ajcheley abʼ il( covid -19).
rin uxibʼ alk elp aq ajbʼ alqʼ ij.
xr ilri axw anchixw aʼri al a.
le alixk un at ajik.
w et ak ap elej abʼk am ik.
x inw et aʼm ajchin axatp et aj.
ripw aqrechw eqʼ at ajriʼkes axchechrit ojbʼ alkʼ ay inem.
kt ijriuw aʼlikrum alrik inim aqʼ ij.
xuch ap ukun axik.
ch at anl oq ali.
x inxuliʼq aj oq.
jeʼl ikkt ijowrit aq ikox.
kʼ atekʼ urilet atx oʼrxubʼ ij, m ank aw ajt aj, m ank aw ajt aj.
kʼ oj untzʼ iʼp abʼe.
k am ulx inpeche atz uk uxik.
m ant ajint ak inch akunik.
k inch ak unikrechk atw aʼik.
j asrukʼx aw ilw ichixk iq up ijw ilet iʼj.
j asubʼ ixik<unk>?
k oqʼri akʼ al.
k aw ajn ak atʼ et aj.
x atqʼ ajik.
w emn ach al oqʼ axiy al,n akimbʼ et aaw ukʼ.
xop anlew uj aw ukʼrum alw echin.
arekʼ utp alejuy ubʼkkʼ iyj oron, chil aʼxekikʼ am awirij aʼriw in aq.
k oqʼri akʼ al.
w ekʼo ar ajilch akʼ am aloq.
aresibʼ al ajk aqle ap oʼtchuw achlenup oʼt.
xinkʼ ast ajp ak abʼl ajujk ajbʼ al.
k aq oyʼ ejn akixp et aj.
kok aximrich ijx ajel aʼm ank anim ajt abʼ ik.
rikokn ojimxbʼ ek, xuchʼ ijoxop anp aukʼ isbʼ alille anim.
x ojkiʼk otik aret aqx at ulik.
k aq itzʼn ajriux aj abʼri akʼ al.
rijesuskw aʼk atp arinimr achochrid yos, chuxeʼrij unj acher achochris alom on.
w et aq anikriʼk ubʼ ijchir aj aw axikky aʼuqʼ ijriw in aqxuq ujeʼkt oʼ anin aq il.
ri axux aren ariuk unelrik in aqʼ.
aret aqw aʼriuqʼ ijolw et aq anik.
kʼ oj unt abʼ alp auw iʼrixk anulubʼ iʼl aj ujnoʼj.
y uʼlubʼ anomriuk olobʼrik ej.
x anim ajri akʼ alchiuw achriuch uch.
kk un anri achi.
k inw aʼikrechn akiny ow ajt aj.
ajx ikchʼ ichʼril uʼs.
kw ajcheixk ixbʼ anow ik.
aʼrexet oʼw al aq.
xojʼ ekxeʼq il al arq asok.
xinl oqʼj unchʼ ichʼ, q ajin aq uw ach.
k utʼ isrip ant alon.
ej anip ale aw alkʼw alekʼ olik?
utz ukem iklep asch awe.
rim axare ajqʼ aniy aʼ.
m at abʼ achiriqkʼ axp alebʼe.
t aj ink anim aj, rim eʼs.
ixixeʼl aqʼ om abʼ!
xs ach anchwe.
ekʼ okʼ icheʼ, chiuw achrijuy ubʼ.
arew aʼrinim al ajp ixabʼe arew aʼrin abʼe.
xret aʼm ajchir ukʼp akʼkut ijwi
j asutz akikles ubʼxuʼ ano?
ajx oʼy riw ik an.
w et ane aʼrexet ijowlerik il, arelekom onxet ijow ik.
sibʼ al aj anin aqk achʼ awle areʼch inuw achin.
utzw ekinch akuj.
m eʼsl aʼ.
kʼ ok anw arechk aq at ijo.
x insikʼ ijl a.
ri akʼ alxs achk an oqjel aʼp at aqʼ aj.
xesikʼ ijl a.
j aw ixkibʼ ijw ichikeʼ ewi?
rum alche,m anixt ariʼrik ixchʼ awik, areriruxl abʼ axelri it at riʼrikchʼ awn aiw ukʼ riix.
kʼ akʼriw achoch.
sibʼ al ajutzk inw ille atzʼy aqrechn ahu al a.
s aqp orkk ayrik ip oʼt rin an.
xs ach onrinuch akchwe.
w aʼimxuch apo.
riqʼ aqʼt ajink ajuluw ik.
n aj ilup amrisiw an.
ekʼ oriq ach al alp achiuw iʼl a.
j asx at aqch iʼjle akʼ alch ut ijik?
n oʼjim ukem iklep as aw um al.
kʼ ojunk ukubʼ iʼt int in,w aʼlel ajkukm amk ajeq it aj,k ap aqik axulikp auw iʼuqʼ abʼt aqcheʼ, sibʼ al ajs akʼ aj, keʼut oleenim aʼq, chʼut in,r achiʼl, ajsip anelsibʼ al ajutzr anim aʼ.
riup ixabʼl eqʼ atbʼ altz ijkiy aʼubʼ ixik.
n axs ach ont achkexe at inik.
xeq illechik opp uw ilej a.
xl oʼt ajri akʼ al.
q on ojelk ujw aʼp auw iʼrim exa.
xsik irlew aq an.
l ax atw aʼkʼ ut?
nim ubʼ aqʼrit ulul.
k inxikʼ ikʼ ikxinqʼ axik.
l ak atbʼ ep alet in am it?
rip alsibʼ al ajs aqʼ or.
kqʼ oxown uj alom.
x inn aʼochik atp etik.
xl oqʼ ulew iw echix.
xinch akunrukʼ rinum am.
n axq abʼ ant aj.
kkʼ ojiʼbʼ aʼriusip anikri aj awx eljesusk rist orukʼri aw uxl abʼ al!
k inchʼ awrukʼ len un anp alechʼ aw ebʼ al.
sibʼ al ajqʼ equʼm rum alrim ay ul.
areleb axulik.
xek osleixoq ibʼp alebʼe.
kʼ axrilikle akʼ alch awe.
xinqʼ iʼoxin at inp aj oron.
sibʼ al ajnim let in am it.
kʼ axukem iklep as aw um al.
x ins achik.
t ajink elukikʼ elp ar aq anritzʼ iʼ.
xinw et aʼm ajrilikw ibʼ
riqʼ uqʼ arejunj eʼlchik op.
kʼ op aj at ijobʼ alriwik aqʼ.
ris achibʼ alm akr ajw axikchiq axoʼl.
j eʼ,k imbʼ ek.
jel aleʼrin upw iʼ.
xubʼ ijche:- j asx abʼ anot int in?
k abʼ anj unt oqʼ obʼky akrin uj al.
k atʼekx int a.
j asleukʼ exbʼ emribʼ lej unrukʼl ej unchik?
ajchi uwiʼm iqʼ inj aʼriluʼ.
rit ijon eln ajkp ewi.
teʼk ixchobʼ ubʼ iʼrin ut at.
rij aʼk am iqʼ ikchiuw achriqʼ aqʼ.
ritʼ uʼy kp aqʼ owik.
k inm esonn a.
n aq aj atkʼ ow ichiw ech.
x inbʼ isonikt aqn axatp ett aj.
wexk amriw in aq, ripw aqrecht ojbʼ alm ak ajky aʼchik echrir al axik.
rin un anxbʼ ep akʼ aybʼ al.
xoj ukʼ amul oqrechk ojrilo
xkʼ otoch inchikiw achchik inw aʼ aw ukʼ.
n axkik ams ajt ajxk ikʼ ambʼ ich oj a.
kʼ akʼriikʼk amik.
ximbʼ erukʼle ajk uniw ir.
rilik.
letzʼ iʼxek osik.
xink ikot aw um al.
riim ulxum ajri anim, xuy akanlek ok.
kʼo ojcheri akʼ al.
xujbʼ ep aj unkʼ ul anem.
utzw ekw ar al aq.
k aq il ochin ak ojukʼ amt aj.
xret aʼm ajchir ukʼp akʼkut ijwi.
sibʼ al ajxinkʼ aʼn arik.
xink ochijrin uw a.
m ank atkow int ajk atch akunik,w em ankʼ ot ari ajil abʼ al.
wew on onxubʼ ijchike:- k ixinto.
ri al animk rilw irium am.
xk aʼy chirij, xk aʼy chuw ach, m akʼ ot achij unks ilobʼ ik, xoqʼ ikxuxeʼj ribʼ xchʼ op inikxtz alijl oqxuriqt achikri ubʼe.
kʼ op uscheriw a.
p inemn ak abʼ elew atz, k imbʼ ewi inp ak aʼy ibʼ al.
rin ant oʼnnimw in aqchik, s aq uwiʼ,r on ojel aqʼ abʼ utzk un aʼok atʼuy iʼp autem, kum iqʼ is ajribʼch oriqʼ ij,kʼ oj unuwiʼum am ubʼiʼ ateʼk.
m anekʼ it ajriq ul aʼ.
qʼ al ajchin ak aw ajt ajk abʼ ij
xp aq abʼ is axr ajilr on ojelrik em.
kʼ op arij ulrikum atz.
r on ojelqʼ ijk inchʼ ajl enuw are.
s aqchik anleich ajrechk atz ako.
chuxeleq achom alk aq at ijw ijunq am eqʼ in.
ch awil aʼ.
ekʼ ojobʼ umiʼ al,rin ut at.
j asrukʼx aw ilwi
jeʼj asriw in aqrechriuw ach ulew, xoq ujeʼkep en ariʼrieʼ areʼche erechriuw ach ulew ;jeʼj asriw in aqrechrik aj, xoq ujeʼkep en ariʼrieʼ areʼ erechrik aj.
xint ijo.
k tzʼ ujuw rir achochrip oʼx.
xuqʼ iʼo areleukʼ ulelxy aʼow uw a.
ri aw elxret aʼm ajchir aj aw axikm ank uxejt aribʼ cherit ukur.
jukʼ ul ajw in aqxeʼ anim ajbʼ ik.
jeʼ, x intz al ijik.
x ojp etikx olq akʼ am aʼ.
m ajj achin xʼek.
in ajt ij; att ij oxel.
s aq uwiʼrit at aʼ.
w echrik em.
leroʼchle ateʼkkʼ ochw achleukʼ ayl en un an.
kbʼ ep arisiriʼ aep aris ilisiʼ a,j aw ijeʼkuy awirik ichuqʼ abʼrikom onty ox.
p ixabʼ :m anutzt ajkʼ axk ujchʼ awchik ijnikʼ ajq achil.
xk un at ajle ali( kum alri ixoq ibʼ).
rixibʼ ibʼ alchikʼ owip at aqriq akʼ aslem alr on ojelqʼ ij.
n akujw art aw ar al.
onchekkʼ ojiʼriutz ilch ixoʼl, arechj un amriq akoj onik, jun amriiw echixrukʼ riw echin.
p aoxqʼ ijris aʼnkbʼ en arukʼri ajk un.
k aw in aqw uq ubʼ.
j ask aw ajk int ijo?
w et ax atbʼ ewukʼp alet in am it,x al oqʼt al aʼleuj ast aqle akʼ ajol.
kebʼ ep aw aʼim.
x inl oqʼkʼ iw a.
p aj unnimkʼ acheʼl aj,kʼ ojunkʼw aʼsibʼ al ajs aql ol oj,nim uw ach.
kw ajk at ijjubʼ aʼw a.
r on ojelw in aqkr iln ariuk ol onem ridy os<unk>.
xkʼ otoch inchikiw achchik inw aʼ aw ukʼ
kw ajn ak atʼ et aj.
l ax al oqʼj un alej?
ekʼ oriel oqʼ om anel.
riuk abʼ ubʼ iʼrinum am arey ay.
k injop ijri ij aʼrecht riko.
xn aʼt ajchkexe at inik.
x ateʼq il aʼ.
k akit ij al anx axriw in aq.
. . . k inbʼ ijchi arew aʼs inxiʼ an.
n axinn abʼ ejt achut asikq akʼ olibʼ al.
rum alrechchew eriin,k inchʼ awrukʼ ridy osp achʼ abʼ al, kchʼ awn akʼ uriʼriw uxl abʼ alrukʼ ridy os,kʼ atekʼ utm ankʼ ot aup at anriʼch rechrin uchom abʼ al.
xep etikxk ilo.
xut awek atʼek.
utz ukem iklep asch awe.
rinuw ak axxut ijj unqʼ oqʼrum alriʼxk amik.
rum alrikʼ ix,m ankew aʼt ajriw in aq.
xeʼulik.
qʼ eqrijri am aʼch ij.
xr ajk aʼeleun an.
j un amk ijun abʼ.
n aqʼ al ajt ajw ek aʼek.
riw ixn amchʼ ajchʼ ojrir ach och.
w ar alm ankʼ ot aj aj aw al.
n aiw irt axr illekʼ am olbʼe.
xinp el oqtekʼ uriʼx intz ukujr on ojelrinur ajil.
ri ajtik onelkut ikritz ij.
kʼ oekikʼ ajolle ach ij abʼ.
kut ijqʼ ay esriixp aʼch.
p ariw aʼbʼ alekʼok aw in aq achij abʼ.
sip ojin aqrin up am.
k ay aʼt ajikrukʼ utiʼ onemj unriuriq omley abʼ il amol otsetsé xuq ujeʼ arek ay aʼt ajp at aqrij uy ubʼ.
j achinri achi?
rinum amxk amik aret aqkʼ ojum uchʼl ajuj uj un abʼ.
k inkow inikk inkʼ ambʼ ilepw aq.
k inw iloch iutzri ajiʼ.
xinqʼ ilri ap oʼxchem ank ach akunt aj.
kw aʼchiuw achlet aqʼ ajri am aʼ akʼ.
riim ulxep oqʼ ikp aj unikʼ.
xkʼ isk an oqriq ach ak.
areri alix ojilowk an oq.
sibʼ al ajchʼ uʼjri am ax.
kʼ onuw achiʼ.
inch ajinelk echle akʼ al abʼ.
xek osletzʼ iʼ.
k inbʼ en akukʼ rim ol aj.
r on ojel aqʼ abʼk iny itzʼ riw ak ax.
k ar ap inikxutz uk ujchij un aw aj.
leukem iklep as anin aq( aw um al).
m ajur ajill eqʼ abʼ arel.
kʼ axriʼrik achʼ awik.
xoj ut aqch iʼjle achich ul oqʼik ich aj.
sibʼ al ajkʼ axrixkʼ ulm axik.
xk il ochin ak inkʼ oxom ajt aj.
xn aʼt ajchk echixe at inik.
xkʼ otoch inchikiw achchixoj alw oʼq akukʼ.
j unqʼ uʼqr ajilrik axl aʼnw a.
x inw il ochixeʼ elik.
ekʼ oixoq ibʼp alekʼ aybʼ al.
m ankʼ ot ajukʼ isikrim ay abʼ ajl abʼ alil.
ris inkkʼ iyp at aqʼ aj.
richʼ im am ankkʼ iyt ajp at aqʼ aj.
r aj aw axikkj ikikriw aq än.
k aw ajk inʼek.
ekʼ ooxibʼ akʼ.
xubʼ ijchw ej awi atkʼ owi.
chw eʼqk ujbʼeʼp am uq uj.
p as aqkʼ aj aʼkbʼ anw iriuq.
x ojk isikʼ ij.
x inw ilw ibʼ.
ch aqʼch ikriw a.
k imbʼ en ak ap alew oʼch.
k aw ajk inʼek.
richʼ uʼkt ijrukʼ lej.
p arikiqʼ ijk am in aq ibʼkbʼ anqʼ orikʼy aʼrech aj:n abʼ erin ankutz ukujk anri aj, kuj achʼ oʼxuq ujekukʼ eto.
j ask ajbʼ alch anim?
utz uchom anikri ali.
p ariqʼ ijoxl ajujt ij axk inkʼ isk ebʼj un abʼk inch akunw ar al.
sibʼ al ajk o,rikʼ akʼchʼ at.
j ask ar ajkubʼ ij<unk>?
richʼ ichʼk asil abʼ ik.
p aojerqʼ alp ulx aqxuw irinimw in aqkekʼ am owbʼe.
leukun axikleuk abʼukʼ ut unik arerukʼef lornit in aonut unibʼ axikl enifurt im oxchiʼlef lorn it in ach echt.b. g.
areri achix inchʼ ay owik.
jun achiubʼ ikuʼxusip ajk ebʼkʼ aʼm ulew rechk abʼ anrit ijobʼ al,k amik, kʼ ochik ajt ijrechrik om onxechp up.
xum alty oxijcheri ajt ijr on ojellexukʼ utchiuw ach.
p aribʼ exkir aqj un al ajim uls aqrij, xk ikʼ ambʼ ik.
xr illebʼ ale al a.
j askubʼ ijchw e?
leukun at ajem arerukʼ utzuk uxikl euchikop ilp ajunus olik uxeʼlekikʼ onlej aʼrechj unnodo.
utzw enutzʼ iʼ.
jeʼ, t ajink ach ap onik.
k in ul oqʼ ojlen ut at.
k aw ajk imbʼ ep at in am it.
arel aʼk inch akuj.
rinim aʼqt aqw in aqkʼ oket aʼm abʼ al.
w et ax atbʼ ewukʼp alet in am it,x al oqʼt aw aʼw ej ast aq.
rikikʼ aslem al. w aixim ulewx aj unchim aaret at inim itrim a
riukʼy abʼ aln ajup am.
x atq ajchiup amri il.
n ojimk atw aʼik.
w ekʼ ojunkt uq aʼrik, ¿l am anxoq ujeʼt ajk int uq aʼrri in?
oj ojw okolj a.
aw askbʼ ankʼ axchej unnimw in aq.
x inchʼ aw ap anrukʼ lew an abʼ.
kʼ axriup am rijuʼl.
t aj inkew aʼri im ul.
l ak ajl ak ujtz al ijl a anin aq?
rum alrechch erim ak ajm ankʼ ot aukow inemp iwiʼri ix: riixm anixkʼ ot achich uxeʼrip ixabʼ, x aneixkʼ och uxeʼrisip anik.
nimr aq anlecheʼ.
xinch ap o.
arelet uʼrl eloqʼ om anel.
xask atkʼ ojiʼchiup am richʼ ichʼ.
sibʼ al ajnimr aq anrikʼ am albʼe.
letzʼ ibʼ abʼ alw echin.
inx int oʼwl a.
x ajekʼ uriʼriixk amikriʼm anixk axl anw in aqt achik; riix, ixrechrik it inim itriety oxl ajt aqw in aq, ixrechrir ach ochridy os.
x int ikoxl ajkʼ alich aj.
k aq ariqq ibʼchw eʼq.
sibʼ al aj utzch eriwiʼ ajrit uney.
w en ajup ulikt axeq ajik...
x int oʼt ajcherin uch ak.
kʼ oj unchikop ubʼ iʼp um.
p oqonri ik.
x ojbʼ inik.
xuchʼekr on ojelleret am anikxp aq iʼkkʼ axkwʼ inikxubʼ an ajk un.
kelubʼ ikp arijudeʼ aektz al ijchiubʼ ijum ulp arig al ileʼa.
xin axibʼ ijp abʼe.
j eʼlkʼ olemchi aw achoch.
r on ojelriy aʼt alilp aw eqʼ at aj, tzʼ aq atk iw ach, m anktz aqt ak an oqxuq ujeʼm ankt ast aj.
xuk un ajley aw abʼle ajqʼ ij.
chit at abʼ ejj aslek imbʼ ij.
chʼ an alri achi.
p abʼ okoʼk ach akunw irit ax.
ujkʼ op auw uqqʼ ij.
k iʼriuk abʼri aq aj.
kʼ orach al alp atzʼ ol ojcheʼrip eʼl.
xk ilochik inkʼ oxom aj.
riukis akʼ utzky aʼikchi uxeʼritik oʼn.
aret aqchiʼk aqʼ anp uwiʼrij ukubʼ, ri achich exkʼ ojiʼri itz eluxl abʼ alrukʼ, kut achrechri areʼ, arechkkʼ ojiʼrukʼ ri areʼ.
n ak abʼ ant ajt aw um al.
xn aʼt ajchkexe at inik.
x inp ajrin ut riko.
xeʼ okrip okʼp arium exarip oʼx.
k ajuluw ri aqʼ aʼlchi uxeʼritʼ uʼy.
aw echlej a.
xujbʼ ep atz urik.
n abʼ exatop anik.
riuk abʼ ubʼ iʼrinum am arey ay.
uw ajx aquk akʼ alt aq anik(28).
m at akʼ ojunk ak an ajk anoq, q on ojelk ojbʼ ek.
enim aʼqle alt om abʼ.
nim uw achrip oʼt.
k ojonikp ariutz ijw aixim ulew.
j asxukʼ ambʼ iletzʼ iʼx aw ilo?
x inp et ik,t at.
ribʼ el ajuw ach.
chit at abʼ ejj asrik imbʼ ij.
jeʼlk un aʼri abʼ ixchiup amriq uq ulew.
k inbʼ is ojuw achlew al.
xut ʼuy ubʼ aʼ.
nimri aweq eleʼnx ariqo.
xin eʼw aʼoq.
chiʼkew arw ileakʼ al abʼ.
rinumiʼ alxut aql oqj unt aq oʼmw ujchiwe.
qʼ eʼlik, rich ajp aribʼe.
l autz aw ach? -utzm alty ox,ekʼuri at? –utzm alty ox.
xink osrum aln uch ak.
kbʼ ekukʼrieʼ areʼektz alijp arin as aretek eʼunim aj.
rij ojxukʼ ambʼ ikri akʼ.
kʼ ochiw achiʼlch anim.
kubʼ ijchechn aʼlk abʼ ancheri atzʼ ibʼ.
e. . . ink aw ajk atzj ojbʼ il achwe.
m at axiny ajle ali.
j ach inrukʼk atbʼ ewi?
kʼ osibʼ al ajet aʼm abʼ alp arim ay abʼn oʼj ibʼ al.
em anx orijup uqk ej.
k asum umrik aq iqʼ.
ekʼ ok ajibʼ akʼ al abʼp alebʼe.
jeʼj asriut atkk aʼy ik.
xaq atm ol oneltz ijt al.
len ut atk al oqʼ onchwe.
x aqt anek imbʼ eiw ukʼ.
xret aʼm ajuchʼ ajik.
rum all aʼxk oj“x alqʼ at ”cheubʼ iʼrikom on.
areleukem ikp asxret aʼm aj.
riw at iʼtk ubʼ ann ariup at an.
kʼ akʼlep oʼt.
ret aʼmuw achj ach inxl oqʼ owrip as.
k enchʼ abʼ ejle akʼ al abʼ.
y aʼt alch aqeq on ojelri ujw in aq utzk aq ilq ibʼ.
xk otiʼp aqʼ ay esxoqʼ ik.
k aw in aqbʼ elejebʼqʼ at aj.
ekʼok ajibʼr alriim ul, juns aq, j unqʼ an, j unqʼ eq, j unqʼ eq oj, sibʼ al ajk etzʼ anik, kechʼ op inikri al ajt aq im ul.
kch ololri ach ach al.
ket ekikri ikʼ.
xep et ikrechkew aʼiw ukʼ.
tz atz riuqʼ anilri akʼ.
x ojtz al ijikxixeʼq aqʼ at ujkukʼ leit at in an.
riy oʼxt aq akʼ al abʼk ekikʼuxri atzʼy aq.
we achiw exusip ajj unp oʼtchw exk am ik.
kk ow inrik un an elchekun anik.
xj iqʼp arip olow.
x arum alsibʼ al ajr aj aw axiklel oqʼ al ajj aʼ, lew in aqxk ibʼ ij: chew eikʼriʼq on ojelk ujbʼ echeut ikikt aqcheʼ.
riun anerier ach al alk epeul oqrukʼri areʼ, kʼ atekʼ uriʼ,m ankekow int ajkeq ibʼuk oqrukʼ, rum alrechche ekʼ osibʼ al ajw in aq.
rum alrech, chem ankʼ ot ajunkk ow incheuk ojikj unt ikibʼ alilch ikchuw achrik ojomch ikchearer ijesusk risto.
tekʼ uriʼxutzʼ ibʼ ajribʼp arinim al ajt ijobʼ alrech ajk uʼn.
k ajuluw richʼum ilch aqʼ abʼ.
kʼ isbʼ alk an oq, xoq ujeʼkk amri ixoq.
le al axokik.
kʼ opw aqp auw iʼrim exa.
arek aw ajn akinʼ et aj.
riy aw alkuk ojri alichi uxeʼrich ak ach areusuʼt.
n ak aq akʼ amt uʼbʼ ik amik.
ri ajt ijkubʼ ijchike:r aj aw axikkeq ach ajijri aw aj, areutik oʼnri aj aw.
x int ijm uk uniw ir.
kʼ axleuw iʼt aqlen uqʼ abʼ.
x inl oqʼj unilbʼ alw ibʼ.
w aʼw eqʼ ij,nim ubʼ ant ajik.
riuxeʼ alriq at in am itm ank as acht aj.
x ojbʼ inik.
ri ach al alj un amk iw ach.
xinw et aʼm ajrilikw ibʼ.
nim riun aʼojw ajt ij.
m iqʼ inrikʼ ul.
ajqʼ ojomri ateʼk.
cheles anikch eʼkbʼ anw iriqʼ ojom.
k ap eleaw elp an aw alj aʼ.
rimes onelt aj inkch akunik.
utzch aqek aq at oʼq ibʼ,t aqkʼ okʼ axkʼ olil,k atew echiʼnri aj awp aq awiʼ.
x awilo, xqʼ at anleibʼ oy.
x atk ow inikx abʼ ano.
k iʼrikʼ awex.
k aj ililribʼ e.
le alixelbʼ ik.
areʼxr ajxinbʼ ano.
nimwe abʼ aj.
jeʼlik utiʼj ol alris aqk oʼr.
n ojin aqrik ej.
wek at ij anxuxm ank at ut oʼt achiuqʼ at ixiklekʼ akʼy abʼ ilcoron avirus (2019-nc ov).
n animt ar aq anw aʼw echeʼ.
utz al aj ajch ak, riw el.
¿j amp aʼk ujbʼ ep anim aqʼ ij?
r aj aw axikt anel aʼk atch akunw ukʼ.
xut aqch iʼjp aw ar amp ulew.
m an aret ari axw anx elik.
ri aw ixxul oqʼr ach ochrenim al.
areri ixoqx insikʼ in ul oq.
richʼ im akʼ atʼ onn a.
l axibʼ anleich ak?
kʼ it in am itekʼ op achʼ oʼj.
kʼ ojup uqch ijchi uxeʼrich eʼ.
riux aqri abʼ ix areuw arik ej.
k aw in aqqʼ at aj.
l ak ixpep at ijobʼ al?
wekech ajixt aqlekʼw aj ach akinbʼ ij; jun alikkʼ oj aʼxuq ujeʼsibʼ al ajs aql oloj.
xret aʼm aj.
ri al abʼ omri alitom abʼt ajink ikit ijojk ibʼ rechsut aq, arek ak ajk ikibʼ annim aq achij abʼch up amrik ikʼ aslem al, xuq ujekʼ ochikj up uqbʼ ixon elchup amrikom on.
l atzʼ uw achribʼe.
kʼ akʼri achʼ ichʼ.
q on ojel uj,ujm ay abʼt aqw in aq.
n ojelqʼ ijri at iʼxkuy uqʼ ujlet aq aw ajjel aʼp anikʼ ajj aʼ, chirij rijuy ubʼ ubʼ iʼt en aʼ.
p aqʼ omchikris iʼ.
k intz uk unchel a.
k akit ijlek in aqʼ, leich aj, leuw aʼl ikrukʼ lej.
xek an ajk anle ajch akibʼ.
ket ikonri ach ij abʼ.
sibʼ al ajitz elubʼ ant ajikrichʼ il ak an.
ri ateʼkxum alty oxijcherir at iʼt, rum alriutz al ajn oʼjibʼ alxukʼ utchech.
kk am ulixuch akri abʼ ix.
l axin utz uk ujlet ij oxel?
areʼk ach akunr on ojelqʼ ij.
leekʼ aʼn at aqtzʼ iʼ.
s aqr ijripl am ux.
j asx aqʼ iʼox at ijo.
j asrukʼxk ich apw iut ijiklerik il?
wek at at inrukʼkʼ at anj aʼm ankuqʼ atejt alekʼ akʼy abʼ ilcoron avirus.
l ak atbʼ inp aleuxl anbʼ al?
l aw ar alkʼ uxixw aʼw i?
arelen ut atk inl oqʼ onik.
t aj inkch akunri al a.
kʼ orikiʼk otem al aw ukʼ.
xut aj achink aʼek.
x atw aʼikxinw ilo.
xtz aqrir achochrum alrij abʼ.
p alej unikʼchik arenim aqʼ ij.
ekebʼ ämkebʼ inp auw iʼritem.
m emri achi.
riwik anch aliʼyk elp ajuy ubʼchw itz iribʼ al.
ler ajil,l ap aj axel aqʼ axw uʼbʼ ik?
p aris uʼtp isomw irilej.
k ojp etikk olq akʼ am aʼ.
t ajink atchʼ op inchiuw achrit aqʼ aj.
leqʼ orxchʼuq ik.
kʼ axw aʼim aw um al.
k inbʼ is onch elew al.
sibʼ al ajkʼ okʼri aw atzʼy aq.
k am ikxujbʼ echeut ikikt aqcheʼp arijuy ubʼ.
k in ul oqʼ ojlen ut at.
ch aq iʼjchik rich aj.
xy ilixh aw ayi.
n axn aʼt ajt achkechixe at inik.
rukʼkʼ uw aʼw eriʼ, ri ixkkʼ ojiʼj unutz al ajikʼ aslem alriʼchk iw achriw in aqchem anekʼ ot aiw ukʼ, kʼ atekʼ uriʼm ankʼ ot aj unw in aqriʼr aj aw axikchiw ech.
epet in aqp abʼ eler ach al axik.
k ak ajle akʼ al abʼkew aʼik.
x ujchʼ aybʼ ik.
rinuch ak areqʼ axeltz ij.
kʼ on aruxl abʼri aw aj.
t aj ink ell oq, riqʼ ij.
xuqʼ iʼoxk ams axrir ach al alch och.
rinum am arekʼ ouqʼ inom al.
xkʼ ulm at ajjum ul, xubʼ anj unnim al ajj abʼ, m anxbʼ ey et ajt an axukʼ isleuy uqʼchike.
am aʼrin utzʼ iʼ.
jew aʼk atp etik.
xink osikrum alx inch akunik
iw echchij uj un al,riw a.
xuqʼ iʼon ax at at int aj.
inriqt ajin aqp arikʼ ay ibʼ al.
n aw et aʼmt aj.
kʼ axlen uqʼ abʼ.
utz lexubʼ ijle achi.
kem atzʼ ibʼ.
kʼ orach al alp atzʼ ol ojcheʼrip eʼl.
r on ojelw aʼw ej ast aqriʼ,x asks achw iuw achw aʼ;rukʼw eriʼ, riix, r aj aw axikchekʼ oj unty oxl ajikʼ aslem alekkʼ ojiʼri ichʼ aw emrukʼ ridy os,
xm uqt ajrip atzʼ an.
richʼ ichʼtz ijomk anoqp ariukʼ olbʼ al.
m ankʼ ot auch ol ajp at aqri aw uj.
j achik eikʼle unim aqʼ ijlet in am itn aw alj aʼ?
xep etikx olkikʼ am aʼ.
k ach uqʼch utrij aʼchi ap am.
xinbʼ ijiw irchixebʼ ep aarm it a.
areʼuxeʼ ojertz ijw ar alkʼ icheʼubʼ iʼ.
xkʼ isrin usiʼ.
j aw ixkibʼ ijw ichikeʼ ewi?
¡x ajekʼ uriʼ,j ach int aqriekʼ op arij udeʼa, chich animcheʼ anim ajubʼ ip at aqrijuy ubʼ,
kʼ akʼri abʼ.
l akʼ ojunn ak akʼ oxom ajt aj?
n autzt aleutʼ isomle alm ariy.
m any aʼt alt ajchi awek at okp aj a.
jeʼ, x at utz ukuj.
arek elw ajx aq ibʼ uqʼ ijrixkʼ ojik.
rixunk urkkʼ ojiʼp at aqrit riko.
x ins achik.
xutʼuy ubʼ aʼ
n anut omt aletz ij<unk>
w achʼ omrikiw arinoʼs.
ekʼ ojobʼchʼ ilw akʼ.
r aj aw ixikchip at aqrit ijobʼ al,p anikʼ ajubʼ ixikchik
rir aj awr ulew areʼt atk el.
w ekʼuxok ik,w ekʼn axokt a
we achixusip ajj unpʼ otchwe.
at at ut aqoʼnl eqʼ at altz ij.
n aqʼ ant auw achleq aprut.
rix aʼrkʼ op auw iʼriqʼ aqʼkp oqʼ owik.
riroqʼ ejri alij ach akp ejun akʼ al.
kʼ ojun al ap at ijobʼ al.
säq uwiʼrit at aʼ.
riw itz ikʼt ajinkp eloq.
j aw ixs ach onw ik anuy aʼikl epw aqche.
utzwe achiw exinkun anik.
q on ojelk ujw aʼp auw iʼrim exa.
rik axl aʼnikm anp oq ont aj.
inx inbʼ erukʼ riw achiʼl.
sibʼ al ajj eʼlxk iloxek itz oqop ijrikich ijchil aʼ.
k inbʼ inikxinʼ ek.
kʼ axkʼ olik,k ach aʼ.
kut ijiximri akʼ.
ri alixch el, xuqʼ iʼox ajun akʼxsip axche.
xq asikʼ ijle ixoqch utz akiks ubʼ.
m at axabʼ ins ajlechʼ ichʼ.
rip ixtzʼ ar alikrum alri eq aʼn.
¿j amp aʼk elchi3%
kʼ oj unnukʼ ot ojchiʼ aj.
t aj inkew aʼk atri al abʼ om.
x inl oqʼl enukʼ akʼ ap oʼt.
n autz akikt asubʼt ajinkuʼ ano
xoj ut aqchiʼ ijxojw aʼik.
iw echri abʼ ix.
s aqr ijrich ij.
ajs ikcherit in am itk elw irit at aʼ.
-¡ ay! x axintz aqul oq, kʼ axw ew aq an.
xkʼ ulm at ajp ajunk om onchiʼuw achj unjuy ubʼ, xuriq aj unqʼ ijxk iriqk ibʼj unim ulrukʼl ekok.
j asx at aqch iʼjle akʼ alch ut ijik?
x inch ap osuxul oqʼo.
qʼ inomri achi.
rikʼ umkt ijow rukʼk abʼ.
t aj inkej achʼ anik.
tz ebʼ alukem iklep as aw um al.
arek ay oʼw leuchikop illeubʼ ant ajikt ryp anosom abrucei.
wek atnim anik utzk elik.
p er onoʼj im alp etn aql oq,.
arel enuch akj untz uqbʼ alw ibʼ.
xk un axley aw abʼrum alle ajqʼ ij.
riukʼ uʼxtzʼ ibʼp aq atz ijel ajuj.
sibʼ al ajj eʼlikrieq abʼ alxubʼ anriluʼs.
sibʼ al aj atk on.
em anx orijup uqk ej.
n axn aʼt ajt achkexe at inik.
rikʼ am albʼ exubʼ ijchike, chim aj ari anim.
j um uchʼrin uj un abʼ.
qʼ ipt ajin aqrir aq anritem.
kch akunrukʼ rijosbʼ alcheʼri aj anel.
x at aqch iʼjle akʼ alchut ijikk ar.
ojkʼ op al eroʼchle aw el.
¿l ak atp eq ukʼchw eʼq?
lew in aqp alechʼ ichʼ etʼuy ull owi.
xk an ajk an oqchi uxeʼrij abʼ richʼ aʼn.
nim rij a.
w et axakun ajle at atm at axk aml aʼ.
n anukʼ am omt uʼl ariʼ.
chq anukʼ uʼriq atz ij.
k imbʼ ep alet in am it.
xinqʼ iʼon axin at int aj.
r aj aw axikk akʼ am anch aweleut ijiklel ej.
kʼ isbʼ alt aqn oʼj ibʼ al.
