xi neʼw aʼoq.
xkibʼ ankʼ axche leuwos aq rum al manutzt achikak ayik.
ri qʼut uʼm mankecht ale akʼ alabʼ.
are n animtalea tzʼ iʼchuw achle nutzʼiʼ.
xe petik xol kilaʼ.
¿jawch iʼxat aʼche xk amrium amri poʼx?
e kebʼ kekʼ ambʼikpat uj.
x inloqʼ junjap ariwok ajja.
ri ax tuʼbʼ, kʼoq ulaj chech.
jaska rajkaʼ anchutzak ikletiʼ ij.
xutij lew a.
ximbʼ alretzij.
xp axribʼ oʼj.
we kawajkat int oʼo xaqxuwi kabʼij chiwe.
jasnukʼu kuchʼobʼ o.
jask araj kutijo?
xex ruxlabʼri rikil.
enitzʼ aʼqlet aqimul.
we t ane inxinbʼ anowik, are le ateʼkxbʼ anowik.
kin tzalijp alenutin amit.
ri nuchaqʼ kʼo pa uroʼqʼ atojtij onikpari tij obʼ al.
xinxiʼj wibʼxin chʼawik.
kʼo chw aroʼchle p are.
chi raqankabʼ inwi rit at aʼ.
x sach onkanuy aʼik lep waqchech oja.
x inqʼ axchik ixoʼl riwin aq.
ketik onik.
ri ulew manqecht aj, kechri qat iʼt qam am.
xe pe lewin aqxol kikʼam aʼ.
xuloqʼri wuj rum alri ali.
che we qʼij kamik kʼo junnutzij onem chirij lenutin amit.
k ejriʼ.
xkun analaq chwe.
k inusikʼ ijlenun an.
ri im ul xuchʼij taj, xk anajp abʼe, rum al rinim alk ujal ujri im ul, xutz aqri anim.
kubʼ anri ux oqʼoʼl ri ajtzʼ aq.
ri lasibʼ alajutz che kunabʼ al.
kʼi kiw achrieʼ ajchakibʼ parik omontyox, kʼate kʼut xajunchi ajawxel ;
xqat achix atulik.
kaw ajchik atʼek.
chʼut iʼnkek anaj rix ajabʼ chech.
kaqaxiʼj qibʼ kaqach apo.
ekʼo kebʼ ukʼajollet atxw an.
luʼsubʼ iʼri recham.
ajchi uw iʼmi qʼi njaʼri luʼ.
xiny akanle nuch impa kʼaybʼ al.
kʼatex rilo, xpe riun anche utzuk uxik, xkik otik, xus al abʼis ajrit aq uxkin.
xkikʼut chiuw achri ajtij xuqujeʼ chikiw achrit aqnikʼ ajkachil.
utz lenuqʼ abʼ.
kul le al weʼlpa aus tin chaqʼabʼ k amik.
ri ateʼkx tzaq loqare chi kʼo pa uw iʼriqʼ aʼm.
ajpat anriteʼk.
xat qajchiup amriil.
lakʼo tzij nakikʼ oxom ajtaj?
x sachon chkechixe atinik.
r onojel leulewe chalaq.
la xebʼe kʼul axeʼki jaqakʼ ule uchiʼja?
xaqkat chʼok najiwir.
k amik kʼo chi rijast aqawe.
are chiʼ kakʼis ri junabʼ kʼoqʼ inom.
pa naw al jaʼxinal exik.
naxint atajwe are riakʼ alkix tzuq uwik.
¡ rulewri sabʼul one rulewri neftali, ubʼe ri polow, rulewri jord an,g alileʼa kechrijet aqam aqʼ!
r ax, r ax, rax, kʼo kʼ, kʼo kʼ, kʼo kʼ le ruxl abʼlet aqtik oʼn.
achix atwilo.
p aqal rajil lepixk amik.
xoj bʼinik.
pa junjeʼl tij obʼ alk utijoj ribʼ junakʼ al,ubʼiʼp oʼx, utzku riloke patij obʼ alr onojelt aqqʼij.
xw ajchi xa tʼet aj.
utzlaʼle xubʼijle achi.
we t aʼam jachink apetik.
kinqʼ ojom anik.
xinqʼiʼot akʼ alikx inpetik.
areʼ ret aʼm chek inop anik.
aret abʼaleq aqajawch att oʼwik.
kawin aqw aqibʼ qʼat aj.
n aqajchik cheri uw aqk ajbʼ al aret aqchiʼk s achuw achri qʼij, kokri qʼeq uʼm chuw achulew, chikʼat eʼnaribʼe le jebʼk ajbʼ al.
jobʼ raqanri tzʼ alamxe por oxik.
sibʼ alajk or ijrimop.
arew aʼ.
jelaʼpa rit iminit chwi kaby ok rechxe lajuʼ, leqan anqat at kakitik ojeʼl alajt aquw achichaj.
kʼ axn uqul.
xuʼlukʼ am aʼ.
ko julki tzukuj.
are mankʼ axtauk unaxik aret aqanin aqkaʼilit ajwe yabʼilal xuqujeʼmoj oʼqa kuy aʼlekʼ axkʼolil chechlej olomaj.
ri wel kʼo pa tijonik.
kaw ajkinbʼ ij.
ri kotzʼ iʼjk qak ojchi upamrija.
qʼeq qʼoj rijri am aʼk ej.
naxw ajtajxin chʼawik.
chpet abʼale loqʼ alaj jabʼ.
x sachon chke xatki sikʼij.
eleqʼ al chʼichʼ.
jachin xawi lo chi arex tij owrit iʼj?
mat akabʼe lenuxbʼ alp aletin amit.
p im ruq, ri ali.
¿ kʼo ri mu qʼe chiawech?
k qabʼij mankek owintaj.
kint ijna.
kʼo jun qa tʼuʼy paja!
kʼo puj chi upamrichʼ aʼk.
aret aqkink osikkinw arik.
xatw aʼikxinwi lo
inx in chʼ ayowle achi.
k onojel ri alaxik keʼ etzʼ anik.
jasrukʼ xkit ijwi leki rikil ?
anin aqilk atpetik.
nar axta uwachle juy ubʼ.
ri tzʼal amtzʼibʼ abʼ alraxk kayik.
we chat chak unik, kʼo aw a.
m aʼt amxatpe cheriw aʼim.
ka mulkinw aʼna.
r isikilk t ijowrukʼ ik.
kim bʼe aqʼ anrukʼle alt alin.
xo jʼek xeʼq ilal arqasok.
xe kiqʼ ille ajchakibʼ xkiwok leja.
mat anexwaj lekʼuhj nem rukʼle ateʼk.
are xeʼop anchi uchiʼri juy ubʼ, xkilo chi manqasta kʼoqʼ ayes.
kʼate kʼut, rijesus mankk ojont achkechri eʼareʼ, rum alrechchek onojel ret aʼmkiw ach,
paʼtzrijri tzʼiʼ.
juwin aqw aqibʼ qʼat aj.
atel aqʼom.
xaq atjoʼs.
ri qʼa tzu, are qʼ alajri uqʼijil.
ajchakwe ala.
ubʼe leju kakʼ alt aqanik (29).
kebʼ nubʼiʼ kʼolik.
laka tzalijl uʼla anin aq?
katzukunl achwe.
lakaj lakoj bʼeʼp ale chom al chweʼq?
xinn abʼej chut asik qakʼolibʼ al.
lal xint oʼwik.
sibʼ alaja noʼjibʼ al.
xojpetik xol qakʼ am aʼ.
sibʼ alaj jeʼlikri uw aʼlri ichaj.
kʼa xwij rum al inp achalik.
aret aqxukʼul majw aʼxul ri uchom anik xubʼij: are utzwa aqʼabʼ kinw alijik, are chaʼcha nimki nop anpatij obʼ al, majchiki nkʼul maj.
ojaj xoj olobʼpa aw asqʼij.
x ins achche leuwok ikletzij.
e julajujri akʼ.
xutaj ampaʼk ojʼek.
qilik.
ritij oxel manaret anim chuw achri rajtij. ri utztij oxel qasje riʼkʼ olikjas ri rajtij.
inxatin chʼayo.
noʼjim chakwum al.
chʼurri jochʼ.
inkinbʼ ijnak atsacht aj.
ujmay abʼ.
riabʼ ajy atzalik.
t ajinkep ixbʼ ax riakʼ alabʼ.
chomri aq.
xinw arik.
e le menk onojel riakʼ alabʼ.
t ajink qʼ anarik riwereʼ aj.
leuk emikle pa sutz( chawe).
xuy up ubʼ auwach raʼchi, kachaʼ, .
ri satanas kokpa ri judas rikbʼ ixis kariʼ otechrech, ri areʼjun chkixoʼl rie kabʼ lajuj.
chuchurip ar.
k inqum ujri nujochʼ.
chechp unción lumb aram aqʼel rajaw axik chechrilik leukʼ exbʼ em wi len abʼe rukʼle ukabʼ ukʼut unemley abʼil al.
qʼ alaj chin ak awajt ajkabʼij.
kʼoqʼ olchirijri siʼ.
jaw ixo jʼewi chul oqʼik?
kʼo ul ochʼrit alin.
qʼ anrij riat iʼtnuk ej.
lax tzalij laiwir?
xesikʼ ixik, kʼate kʼu riʼxey ajik, xuqujeʼxet aqbʼi che usikʼ iklemes.
lak ixw arik?
are kʼulep alom axxubʼij che: -m amkatbʼis ontaj, kinsikʼij nikʼajw achiʼl kerapap ik.
aʼre etij oxelabʼ.
ri alajal isiʼl xubʼij xqach appa utzal ri tyox.
x sachon chke jachinxe atinik.
jas xu rayij lean anxutijo?
xinkosik.
r axr onojel riqʼ ayes rum allejabʼ.
kin yaw aʼwe chʼichʼp inem nautz.
noʼjim upa chʼ uxikle nuwiʼ.
naj kʼowi lew oʼchchuw achletij obʼ al.
ri okibʼ alkʼo chi uwachris aqja.
xe nut aqchʼij kekil leakʼ alabʼ.
kʼo junqʼ oxowem chiwe.
tzarich oʼm.
we choj bʼep alenim aqʼij, keq illeaj xoj olobʼ.
xo jʼek xeʼq ilal arqasok.
ri ateʼk xut aʼchechri nant oʼn: -nanjas cheʼchi mankajt al aqakʼ atis ajri joʼq.
ri p alsibʼ alaj xuʼy.
kink oj rijokbʼ alulew.
inkinbʼ ijnak atsachtaj
atrajk unlenun an.
kuq am ujuj or onriaj tzij.
l uʼtzʼ al am ubʼiʼri achikelpa nim cheʼ.
jeʼlik utiʼjolal ris aqkoʼr.
kʼo junxaʼrp aja.
xin loqʼjunkʼ akʼpat an.
kʼa xukemik lep asawum al.
anin aqukemik lep asawum al
ri chʼ aʼnsachin aqpat aqabʼ ix.
r axt aqlekotzʼ iʼj.
mes omkanoqri upamja.
manaret aralaxk osik.
rik omonxechp uprech uqʼabʼtin amitx oʼlabʼ ajrechqʼ umark aj.
lautzakik kʼusubʼt ajinkuʼ ano?
katela!
naxutij taj.
xa rum alket aʼmk onojel riwin aqk kiqum uj lejaʼ.
iw irxujtz alijlap akʼaybʼ al.
qet aʼm cheri qawak ujutoʼo.
ri ajtij, k yaj on chikechri akʼ alabʼ.
jasubʼ anomle nuchʼutit at?
chweʼq kinbʼe pa nimtin amit.
utz we kiwet aʼmajjas kubʼij rich olbʼ alqʼij.
t ajinkatj ilowche uqʼ oxomj olomaj.
x intik qʼ axchiuw achrija.
kʼ axlekibʼe lewin aq.
loqʼ katk untaj cheley abʼil (covid -19).
ri nuxibʼ alkelp aqajbʼ alqʼij.
x ril riaxw anchixw aʼri ala.
leal ixkun at ajik.
wet akape lejabʼk amik.
x inwet aʼmajchina xatpet aj.
ripw aqrechwe qʼataj riʼkes axchechri tojbʼ alkʼ ayinem.
k tij riuw aʼlikrum alri kinim aqʼij.
xuch apukun axik.
chat anloq ali.
xin xuliʼq ajoq.
jeʼlik ktij owrit aqikox.
kʼate kʼu ri let atxoʼr xubʼij, mankaw ajtaj, mankaw ajtaj.
kʼo juntzʼiʼp abʼe.
kam ulx inpe cheatzuk uxik.
mant ajintak inchak unik.
k inchak unik rechkatw aʼik.
jas rukʼx awil wich ixkiqup ijwi letiʼj.
jasubʼ ixik<unk>?
koqʼ riakʼ al.
kaw ajnak atʼet aj.
xat qʼ ajik.
we mnacha loqʼ axiy al, n akimbʼe t aaw ukʼ.
x opanlew ujaw ukʼ rum alwechin.
are kʼutp alejuy ubʼ k kʼiyj or on, chilaʼ xekikʼ amawi ri jaʼriwin aq.
koqʼ riakʼ al.
we kʼo arajil chakʼ amaloq.
are sibʼ alajkaq leapoʼt chuw achle nupoʼt.
x inkʼ astajpa kabʼ lajujk ajbʼ al.
kaqoyʼ ejnakix pet aj.
kok axim ri chijxajel aʼmanka nimajt abʼik.
rikok nojimx bʼek, xuchʼij ox opanp aukʼisbʼ alille anim.
xoj kiʼkotik aret aqxat ulik.
kaqi tzʼ naj ri ux ajabʼ riakʼ al.
rijesus kw aʼkatpa rinimr achochrid yos, ch uxeʼri junjache rach ochrisal omon.
we t aqanikriʼ kubʼijchi rajaw axikky aʼuqʼij riwin aq xuqujeʼk t oʼanin aqil.
ri ax ux are nariuk unel rikin aqʼ.
aret aqw aʼri uqʼijol wet aqanik.
kʼo junt abʼ alpa uw iʼri xkanul ubʼiʼ lajuj noʼj.
y uʼlubʼ anomriuk olobʼ rikej.
xa nimaj riakʼ alchi uwachri uch uch.
k kun anri achi.
kinw aʼikrechn aki nyow ajtaj.
ajxik chʼichʼri luʼs.
k waj che ixk ixbʼ anowik.
aʼre xetoʼw al aq.
xo jʼek xeʼq ilal arqasok.
xin loqʼjun chʼichʼ, qajin aquwach.
kutʼis rip antalon.
ejanip aleawalkʼ walekʼ olik?
utzuk emik lepas chawe.
rim axare aj qʼaniy aʼ.
matabʼ achiriqkʼ axp alebʼe.
t ajinka nimaj, ri meʼs.
ixi xeʼlaqʼom abʼ!
xsach anchwe.
ekʼokʼi cheʼ, chiuw achri juy ubʼ.
arew aʼrinim alajp ixabʼe arew aʼrin abʼe.
x ret aʼmajchi rukʼp akʼ kutijwi
jasutz akiklesubʼ xuʼ ano?
ajx oʼyriwi kan.
we t ane aʼre xetij owleri kil, are lek omonxe tij owik.
sibʼ alaj anin aqka chʼawle areʼchi nuw achin.
utz we kinchak uj.
meʼslaʼ.
kʼo kanw arechkaq atijo.
xinsikʼij la.
riakʼ alx sachk anoqjel aʼpat aqʼaj.
xesikʼij la.
jawix kibʼijwi chikeʼewi ?
rum al che, manixt ariʼ rikix chʼawik, are ri ruxlabʼ axel ri it atriʼri k chʼawna iw ukʼri ix.
kʼa kʼ riwach och.
sibʼ alaj utzkinwil leatzʼ yaq rechnah uala.
s aq pork kayri kip oʼtrin an.
x sachonri nuch akchwe.
w aʼimxuch apo.
riqʼ aqʼt ajinka juluw ik.
najil upam risiw an.
ekʼo riq achalalpa chi uwiʼla.
jasxat aqchiʼj leakʼ alchutij ik?
noʼjim ukemikle pa sawum al.
kʼo junkuk ubʼiʼt intin,w aʼlelaj kuk mamkajeqit aj, kap aqikax ulikpa uwiʼ uqʼabʼt aqcheʼ, sibʼ alajs akʼaj, keʼutole enim aʼq, chʼut in, rachiʼl, ajsip anel sibʼ alajutz ra nimaʼ.
ri up ixabʼ leqʼ atbʼ altzij kiy aʼubʼ ixik.
nax sachont achke xe atinik.
xeqil lechi kopp uwi leja.
xloʼt ajriakʼ al.
q onojel kujw aʼpa uw iʼrime xa.
xsik irlew aqan.
la xatw aʼkʼut?
nimubʼ aqʼri tul ul.
kinx ikʼikʼ ikxinqʼ axik.
lakat bʼe pa letin amit?
ri pa lsibʼ alajs aqʼor.
k qʼ oxownuj alom.
xinn aʼochik atpetik.
xloqʼ ulewiwe chix.
x inchak un rukʼri num am.
n axqabʼ antaj.
k kʼojiʼbʼ aʼri usip anikri ajawxel jesus kristo rukʼri aw uxlabʼ al!
kin chʼawrukʼ lenun anp ale chʼawebʼ al.
sibʼ alaj qʼeq uʼm rum alrimay ul.
are leb axulik.
xekosle ixoqibʼp alebʼe.
kʼ axrilik leakʼ al chawe.
xinqʼiʼ oxin atinpa jor on.
sibʼ alajnim letin amit.
kʼa xukemik lep asawum al.
xins achik.
t ajinkeluk ikʼelpa raqanri tzʼiʼ.
x inwet aʼmajrilik wibʼ
ri qʼuqʼ are junjeʼl chi kop.
kʼo pa jatij obʼ alri wi kaqʼ.
ri sachibʼ al mak rajw axikchiq axoʼl.
jeʼ, kim bʼek.
jela leʼri nupwiʼ.
xubʼij che: - jasxabʼ anotintin ?
kabʼ anjunt oqʼobʼ kyak rin ujal.
kat ʼekxint a.
jasleukʼ exbʼ emribʼ lejun rukʼle junchik?
ajchi uw iʼmi qʼi njaʼri luʼ.
ritij onelnajk pewi.
teʼki xchobʼ ubʼiʼri nut at.
rijaʼk ami qʼik chi uwachriqʼ aqʼ.
ri tʼuʼy k paqʼ owik.
k inmesonn a.
naqajat kʼowi chiwech.
xinbʼis onik t aqna xatpett aj.
we xk amriwin aq, ripw aq rechtojbʼ al makajk y aʼchikechr iral axik.
ri nun anxbʼe pa kʼaybʼ al.
xo jukʼ am uloqrechk oj rilo
xkʼot ochin chikiw achchikinw aʼaw ukʼ.
naxki kamsajtaj xkikʼ ambʼich oja.
kʼa kʼ riikʼk amik.
ximbʼe rukʼ leajk uniwir.
rilik.
letzʼ iʼxek osik.
xinkik otawum al.
ri im ulxum ajri anim, xuy akanlek ok.
kʼooj cheriakʼ al.
xujbʼe pa junkʼul anem.
utz wek w aral aq.
kaqil ochinak ojukʼ amtaj.
x ret aʼmajchi rukʼp akʼ kutijwi.
sibʼ alajx inkʼ aʼn arik.
xin kochijri nuwa.
mankatk owintaj kat chak unik, we mankʼot ari ajilabʼ al.
we won onxubʼij chike: -k ixinto.
ri alanimk rilwi rium am.
xkaʼy chirij, xkaʼy chuw ach, makʼotachi junksilobʼ ik, x oqʼikx uxeʼj ribʼ x chʼ opinikx tzalij loq xuriqt achik riubʼe.
kʼo pus cheriwa.
p inemn akabʼe lew atz, kim bʼewi inpa kaʼyibʼ al.
ri nant oʼnnimwin aqchik, s aquwiʼ, r onojel aqʼabʼ utzk unaʼo katʼuy iʼpautem, kum iqʼis ajribʼ chori qʼij, kʼo junuwiʼ um amubʼiʼ ateʼk.
manekʼit ajri qulaʼ.
qʼ alaj chin ak awajtaj kabʼij
xpa qabʼis ax rajil r onojel rikem.
kʼo pari julri kumatz.
r onojel qʼij kin chʼaj lenuw are.
s aqchi kanle ichaj rechka tzako.
chuxeleq achom al kaqatij wi junqam eqʼin.
chawilaʼ.
ekʼojobʼ umiʼ al, ri nut at.
jasrukʼ xawilwi
jeʼjas riwin aqrechri uw achulew, xoqujeʼke pe nariʼ rieʼ areʼ chee rechri uw achulew; jeʼjas riwin aqrechri kaj, xoqujeʼ ke pe nariʼrie ʼareʼe rechri kaj.
xintijo.
k tzʼu juwri rach ochri poʼx.
x uqʼiʼo are leukʼ ulelxy aʼowuw a.
ri awelx ret aʼmajchi rajaw axik mank uxejt aribʼ cherit ukur.
jukʼ ulajwin aqxeʼ anim ajbʼik.
jeʼ, xintz alijik.
xojpetik xol qakʼ am aʼ.
majjachin xʼek.
in ajtij ; attij oxel.
saquw iʼrit at aʼ.
wechrik em.
le roʼchle ateʼk kʼo chw achleukʼ aylenun an.
kbʼe parisi riʼa eparis ilisiʼa, jawi jeʼk uyawi ri kich uqʼabʼrik omontyox.
p ixabʼ: manutztaj kʼ axk ujchʼaw chikij nikʼaj qachil.
xkun ataj leali( kum alri ixoqibʼ).
ri xibʼibʼ alchi kʼowi pat aqri qakʼ aslem alr onojel qʼij .
nak ujw artawar al.
on chek kʼojiʼri utzil chixoʼl, arech junamri qak ojonik, junamri iwechix rukʼri wechin.
pa oxqʼij ris aʼnk bʼena rukʼriajk un.
kawin aqwuqubʼ.
jaskaw ajkintij o?
we tax atbʼe wukʼp aletin amit, xa loqʼt al aʼleujast aqleakʼ ajol.
kebʼe paw aʼim.
xinloqʼ kʼiw a.
pa junnimkʼ acheʼlaj, kʼo junkʼw aʼsibʼ alajs aqloloj, nim uwach.
k w ajkatij jubʼ aʼwa.
r onojel win aqk ril nariuk olonem ridyos ».
xkʼot ochin chikiw achchi kinw aʼawukʼ
k w ajnak atʼet aj.
la xa loqʼjun alej?
ekʼo rie loqʼom anel.
riukabʼ ubʼiʼri num amareyay.
kinj opijri ijaʼ rechtri ko.
x naʼt ajchke xe atinik.
xa teʼ qilaʼ.
kakitij al anx ax riwin aq.
. . . kinbʼ ijchi arew aʼsinxiʼ an.
nax inn abʼej tach utasik qakʼolibʼ al.
rum al rechche we ri in, kin chʼaw rukʼri dyospa chʼabʼ al, k chʼawna kʼu riʼri w uxlabʼ alrukʼri dyos, kʼate kʼut mankʼot aupat anriʼch rechri nuchom abʼ al.
xe petik xkilo.
xut awe katʼek.
utzuk emik lepas chawe.
ri nuwak ax xutij junqʼoqʼ rum alriʼxk amik.
rum alrikʼ ix, mankew aʼt ajriwin aq.
xeʼulik.
qʼe qrij ri am aʼchij.
x raj kaʼeleun an.
junamki junabʼ.
naqʼ alajt ajwe kaʼek.
riwix nam chʼajchʼoj ri rach och.
w ar al mankʼot ajajaw al.
na iwirt axril lekʼ am olbʼe.
x inpe loqte kʼuriʼx intzukuj r onojel rinur ajil.
riajt ikonel kutikri tzij.
kʼo e kikʼaj olle achijabʼ.
kutij qʼayes riixp aʼch.
pariw aʼbʼ alekʼo kawin aq achijabʼ.
si pojin aqri nupam.
kay aʼtajik rukʼut iʼonem junri uriqom leyabʼ ilam olotsetsé xuqujeʼare kay aʼtajpat aqri juy ubʼ.
jachinri achi?
ri num amxk amikaret aqkʼo jumuchʼ lajujujun abʼ.
kink owinik kinkʼ ambʼi lepw aq.
kinwi lo chi utzriaj iʼ.
x inqʼil riap oʼxche mankachak untaj.
k w aʼchiuw achlet aqʼaj riam aʼakʼ.
ri im ulxep oqʼikpa junikʼ.
xkʼis kanoqriq achak.
are ri al ixoj ilowk anoq.
sibʼ alaj chʼuʼjri am ax.
kʼo nuw achiʼ.
inch ajinel kechle akʼ alabʼ.
xekosle tzʼiʼ.
kinbʼ ena kukʼrim olaj.
r onojel aqʼabʼ kinyi tzʼriw akax.
ka rapinik xutzukuj chijunaw aj.
leukemik lepas anin aq( aw um al).
majurajil leqʼabʼ arel.
kʼ axriʼri kachʼaw ik.
xojut aqchiʼj le achich uloqʼ ikichaj.
sibʼ alajkʼ axri xkʼulm axik.
xkilo chin akinkʼ oxom ajtaj.
x naʼt ajchke chixe atinik.
xkʼot ochin chikiw achchixoj alw oʼq akukʼ.
junqʼ uʼq rajil rika xl aʼnwa.
xinwi lochixeʼ elik.
ekʼo ixoqibʼp alekʼ aybʼ al.
mankʼotaj ukʼisikri mayabʼ ajl abʼ alil.
ri sin k kʼiypat aqʼaj.
ri chʼim amank kʼiyt ajpat aqʼaj.
rajaw axikkj ikikriw aq än.
kaw ajkinʼek.
ekʼo oxibʼ akʼ.
xubʼij chwe jawiat kʼowi.
chweʼq kuj bʼeʼp amuquj.
pas aqkʼaj aʼkbʼ anwi riuq.
xojkisikʼ ij.
xinwil wibʼ.
chaqʼ chikriw a.
k imbʼe nakapa lew oʼch.
kaw ajkinʼek.
ri chʼuʼ ktij rukʼlej.
pa riki qʼij kamin aqibʼkbʼ anqʼ orikʼy aʼrechaj : nabʼ erin ank utzukuj kanri aj, ku jachʼoʼ xuquje kukʼet o.
jask ajbʼ alch anim?
utzuchom anikri ali.
pari qʼij oxlajujtij ax kinkʼis kebʼ junabʼkin chak unwar al.
sibʼ alajk o, rikʼ akʼchʼ at.
jask araj kubʼij<unk> ?
ri chʼichʼ kasil abʼik.
pa ojerqʼ alpul xaq xuwiri nimwin aqkekʼ amowbʼe.
leuk unaxik leukabʼ ukʼut unikare rukʼ eflorni tina onut unibʼ axikleni furtimo xchiʼl eflorni tin achecht .b.g.
are ri achixinchʼ ayowik.
junachi ubʼik uʼxusipaj kebʼkʼ aʼm ulewrechka bʼ anritij obʼ al, k amik, kʼo chikajtij rechrik omonxechp up.
xum altyo xijcheri ajtijr onojel lexukʼut chi uwach.
pa ribʼexki raqjun alajim uls aqrij, xkikʼ ambʼik.
xri l lebʼale ala.
jaskubʼ ijchwe ?
leuk una tajemare rukʼutzuk uxik leuchik opilpa junus olik uxeʼlek ikʼonle jaʼrech junnodo.
utz we nutzʼiʼ.
jeʼ, t ajinkach aponik.
ki nuloqʼoj lenut at.
kaw ajkimbʼe patin amit.
are laʼ kinchak uj.
ri nimaʼqt aqwin aqkʼo ket aʼmabʼ al.
we tax atbʼe wukʼp aletin amit, xa loqʼ taw aʼwe jast aq.
rikikʼ aslem al. wa ixim ulewxa junchima aret at inimitri ma
riukʼ yabʼ alnajup am.
xat qajchiup amriil.
noj imkatw aʼik.
we kʼo junk t uqaʼrik, ¿lam anxoqujeʼt ajkint uqaʼr ri in?
oj ojwok olja.
awaskbʼ ankʼ axche junnimwin aq.
xin chʼaw apan rukʼlew anabʼ.
kʼ axri upamri juʼl.
t ajinkew aʼri im ul.
lak ajlakuj tzalijla anin aq?
rum alrechche ri makaj mankʼot auk owinempiw iʼri ix: ri ixm anixkʼot achich uxeʼri p ixabʼ, xane ixkʼo ch uxeʼri sip anik.
nim raqanle cheʼ.
xinch apo.
are letuʼr leloqʼom anel.
xaskat kʼojiʼ chi upamri chʼichʼ.
sibʼ alaj nim raqanri kʼam albʼe.
le tzʼibʼ abʼ alwechin.
inxint oʼwla.
xaje kʼuriʼri ixk amikriʼm anixkax lanwin aqt achik; ri ix, ix rechrikit inimitri etyox lajt aqwin aq, ix rechri rach ochridyos.
x intik oxlajkʼ alich aj.
kaqari qqibʼ chweʼq.
sibʼ alajutz cheriw iʼajri tuney.
we najup ulik t axeq ajik...
xint oʼtaj cheri nuch ak.
kʼo junchik op ubʼiʼp um.
p oqonri ik.
xoj bʼinik.
xuchʼek r onojel le ret am anikx paq iʼk kʼ axkwʼ inikxubʼ anajk un.
kel ubʼ ikpa ri judeʼ aek tzalij chi ubʼijum ulparig alileʼa.
xina xibʼijp abʼe.
jeʼl kʼolem chiaw achoch.
r onojel riy aʼtalil pa we qʼat aj, tzʼ aqatkiw ach, mank tz aqt akanoq xuqujeʼ mankt astaj.
xuk unaj leyaw abʼle aj qʼij.
chit at abʼej jaslekim bʼij.
chʼan alri achi.
p abʼok oʼkachak unwi rit ax.
ujkʼo pauw uqqʼij.
kiʼri ukabʼri aq aj.
kʼo rachal alpa tzʼoloj cheʼri p eʼl.
xkilo chi kinkʼ oxom aj.
riu kisakʼ utzk y aʼikchi uxeʼri tikoʼn.
aret aqchiʼ kaqʼ anp uwiʼri jukubʼ, ri achiche xkʼojiʼri itzel uxl abʼ alrukʼ, kut achrechri areʼ, are chk kʼojiʼ rukʼri areʼ.
nakabʼ antajtawum al.
x naʼt ajchke xe atinik.
xinpaj rin utriko.
xeʼokri pokʼpa rium exari poʼx.
ka juluw riaqʼ aʼl chi uxeʼri tʼuʼ y.
a wechle ja.
xuj bʼepa tzurik.
nabʼ ex atop anik.
riukabʼ ubʼiʼri num amareyay.
uw ajxaqu kakʼ alt aqanik (28).
matakʼo junkak anaj kanoq, q onojel kojbʼ ek.
e nim aʼqle altom abʼ.
nim uwachrip oʼt.
k ojonikpa ri utzijwa ixim ulew.
jasxukʼ ambʼil etzʼ iʼx awilo?
xinpetik, t at.
ribʼ elajuw ach.
chit at abʼej jas rikim bʼij.
jeʼl kun aʼriabʼ ixchi upam riquq ulew.
kinbʼ isojuw achlew al.
xutʼuyubʼ aʼ.
nim riaweq eleʼnxa riqo.
xi neʼw aʼoq.
chiʼkew arwi leakʼ alabʼ.
ri numiʼ al xut aqloq junt aq oʼmwuj chiwe.
qʼeʼ lik, rich ajpari bʼe.
lautzawach ?-utz m altyox, e kʼu ri at? – utz m altyox.
xinkos rum alnuch ak.
kbʼe kukʼrie ʼareʼek tz alijpar inas are te keʼunim aj.
rijojx ukʼ ambʼikri akʼ.
kʼo chiw achiʼl chanim.
kubʼij chechn aʼl kabʼ ancheri atzʼibʼ.
e. ..in kaw ajka tzjoj bʼil achwe.
mat axiny ajle ali.
jachin rukʼk atbʼewi?
kʼo sibʼ alajet aʼmabʼ alpa ri mayabʼ noʼjibʼ al.
e manxori jupuqk ej.
kasumum rikaqi qʼ.
ekʼo kajibʼ akʼ alabʼp alebʼe.
jeʼjas ri ut atk kaʼy ik.
xaqat molonel tzijt al.
lenut atkaloqʼon chwe.
xaqt anekim bʼeiw ukʼ.
x ret aʼmajuchʼ ajik.
rum allaʼxk oj“ xal qʼat” che ubʼiʼrik omon.
are leukemik pas xret aʼmaj.
ri wat iʼt kubʼ annari upat an.
kʼ akʼlep oʼt.
ret aʼmuw achjachin xloqʼow ripas.
ken chʼabʼej leakʼ alabʼ.
y aʼtal chaqeq onojel ri ujwin aq utzkaqil qibʼ.
xkotiʼp aqʼ ayesx oqʼik.
kawin aqbʼe le jebʼ qʼat aj.
ekʼo kajibʼ ral ri im ul, juns aq, junqʼ an, jun qʼeq, jun qʼeq oj, sibʼ alaj ketzʼ anik, ke chʼ opinikri alajt aqim ul.
k ch olol riach achal.
ke te kikri ikʼ.
xe petik rechkew aʼiwukʼ.
tzatz riuqʼ anilri akʼ.
x oj tzalij ikx ixeʼqa qʼatuj kukʼleit atin an.
riy oʼxt aqakʼ alabʼ kekikʼ ux riatzʼ y aq.
we achiwe xusipaj junpoʼt chwe xk amik.
k k owinrik unanel chek unanik.
x jiqʼ pari polow.
xarum al sibʼ alaj rajaw axikle loqʼ alaj jaʼ, lewin aqxkibʼ ij: che we ikʼ riʼq onojel kujbʼe cheut ikikt aqcheʼ.
riun ane rie rachal alke pe uloq rukʼri areʼ, kʼate kʼu riʼ, mankek owintaj keqibʼ uk oq rukʼ, rum alrechche ekʼosibʼ alajwin aq.
rum alrech, che mankʼot ajunk k owincheuk ojikjunt ikibʼ alilchik chuw achrik ojomchik che are rijesus kristo.
te kʼuriʼ xutzʼibʼ ajribʼ parinim alajtij obʼ alrechajk uʼn.
ka juluwri chʼum ilchaqʼ abʼ.
kʼisbʼ alkanoq, xoqujeʼk kam ri ixoq.
le alaxokik.
kʼo pw aqpa uw iʼrime xa.
are kawaj na kinʼet aj.
ri yaw al kuk oj ri alichi uxeʼri ch akach areus uʼt.
na kaqakʼ amt uʼbʼik amik.
ri ajtij kubʼij chike: rajaw axik keqa chajij riawaj, areutik oʼnri ajaw.
xintij muk uniwir.
kʼ ax leuw iʼt aqlenuqʼ abʼ.
xinloqʼ junilbʼ alwibʼ.
w aʼwe qʼij, nimubʼ antajik.
riuxeʼ alri qatin amit mankas achtaj.
xoj bʼinik.
ri achalal junamkiw ach.
x inwet aʼmaj rilikw ibʼ.
nim riun aʼojw ajtij.
miqʼinri kʼul.
ajqʼ ojomri ateʼk.
cheles anikch eʼkbʼ anwi riqʼ ojom.
kape leawel panaw aljaʼ.
rimes onelt ajinkchak unik.
utz chaqe kaqat oʼqibʼ, t aqkʼokʼ axkʼolil, kate we chiʼnri ajawp aqaw iʼ.
xawi lo, xqʼat anleibʼ oy.
xatk owinikxabʼ ano.
kiʼri kʼawe x.
kaj ililribʼe .
le alixel bʼik.
areʼx rajxinbʼ ano.
nim we abʼ aj.
jeʼlik utiʼjolal ris aqkoʼr.
nojin aqrik ej.
we katij anx ux mankatut oʼtachi uqʼatixik lekʼ akʼy abʼil cor onavirus ( 2019 -ncov).
n animta raqanw aʼwe cheʼ.
utzalaj ajchak, ri wel.
¿jamp aʼk ujbʼ epanim aqʼij?
rajaw axik t anelaʼkat chak unwukʼ.
xut aqchiʼj paw aramp ulew.
manaret ariaxw anxelik.
ri awix xuloqʼ rach ochre nim al.
are ri ixoqx insikʼ inuloq.
ri chʼim akʼ atʼonn a.
laxibʼ anle ichak?
kʼi tin amite kʼo pa chʼoʼj.
kʼo jupuq chijchi uxeʼri cheʼ.
ri uxaqri abʼ ixare uw arik ej.
kawin aq qʼat aj.
lak ixpe pa tijobʼ al?
we kech ajixt aqle kʼwa jachakin bʼij ; junalikkʼo jaʼ xuqujeʼ sibʼ alajs aqloloj.
xret aʼmaj.
ri alabʼomri alitom abʼt ajinkiki tijoj kibʼ rechsut aq, are kakajki kibʼ annim aqachij abʼch upamri kikʼ aslem al, xuquje kʼo chik jupuqbʼ ixonelch upamrik omon.
la tzʼuw achribʼe.
kʼa kʼ ria chʼichʼ.
q onojel uj,uj mayabʼt aqwin aq.
nojel qʼij riat iʼxkuy uqʼuj let aqawaj jelaʼpa nikʼajjaʼ, chirij ri juyubʼ ubʼiʼ ten aʼ.
pa qʼ omchikri siʼ.
k intzukun chela.
kakitij leki naqʼ, le ichaj, leuw aʼlik rukʼlej .
xe kanaj kanle ajch akibʼ.
ketik onri achijabʼ.
sibʼ alaj itzel ubʼ antajikri chʼilak an.
riateʼk xum altyox ijcheri rat iʼt, rum alri utzalaj noʼjibʼ alxukʼut chech.
k kam ulixuch akriabʼ ix.
la xinutzukuj letij oxel ?
areʼ kachak unr onojel qʼij.
le ekʼ aʼnat aqtzʼiʼ.
saq rijri plam ux.
jasxaqʼiʼo xatijo.
jasrukʼ xkich apwi utij ikle rikil ?
we kat atin rukʼkʼat anjaʼ mankuqʼ atejt ale kʼ akʼy abʼil cor onavirus.
lakat bʼinp aleuxl anbʼ al?
law aralkʼ uxixw aʼwi?
are lenut atkinloqʼ onik.
taj ink chak unriala.
kʼo ri kiʼkotem al awukʼ.
xut ajachin kaʼek.
xatw aʼikxinwi lo.
x tzaqri rachoch rum alrijabʼ.
p ale junikʼ chik arenim aqʼij.
e kebʼ äm kebʼinp auw iʼritem.
memri achi.
riwik anchaliʼy kelpa juy ubʼ chwi tzi ribʼ al.
le rajil, la paj axel aqʼ axw uʼbʼik?
pari suʼtpis omwiril ej.
k ojpetik kol qakʼ am aʼ.
t ajinkat chʼop in chiuw achrit aqʼaj.
leqʼ orx chʼuq ik.
kʼ axw aʼimaw umal.
k inbʼis onchelew al.
sibʼ alajkʼo kʼri awatzʼ y aq.
k amikxuj bʼe cheut ikikt aqcheʼpari juy ubʼ.
ki nuloqʼoj lenut at.
chaqiʼj chikrich aj.
xyil ixhaw ayi.
nax naʼtaj tachke chixe atinik.
rukʼkʼuw aʼwe riʼ, ri ixk kʼojiʼjun utzalaj ikʼ aslem alriʼ chkiw achriwin aqche manekʼot aiw ukʼ, kʼate kʼu riʼ mankʼot ajunwin aqriʼ rajaw axik chiwech.
e petin aqp abʼe le rachal axik.
kak ajleakʼ alabʼ kew aʼik.
xujchʼ aybʼik.
ri nuchak are qʼ axeltzij.
kʼo nar uxlabʼri aw aj.
t ajinkel loq, ri qʼij .
x uqʼiʼoxk ams axri rachalalch och.
ri num am are kʼo uqʼinom al.
xkʼul matajjum ul, xubʼ anjunnim alaj jabʼ, manxbʼ eyetajta na xukʼisle uy uqʼ chike.
am aʼri nutzʼiʼ.
jew aʼkatpe tik.
xink osik rum alx inchak unik
iwe chchi jujun al, riw a.
x uqʼiʼo nax atatint aj.
in riq tajin aqpari kʼayibʼ al.
nawet aʼmt aj.
kʼa x lenuqʼ abʼ.
utzle xubʼijle achi.
ke matzʼibʼ.
kʼo rachal alpa tzʼoloj cheʼri p eʼl.
r onojelw aʼwe jast aqriʼ, xask sachwi uwachw aʼ; rukʼwe riʼ, ri ix, rajaw axikche kʼo juntyox lajikʼ aslem alek kʼojiʼri ichʼawem rukʼri dyos,
x muqtaj ripatzʼ an.
ri chʼichʼ tzijomk anoqpa ri ukʼolbʼ al.
mankʼot auchol ajpat aqriaw uj.
jachike ikʼ leunima qʼij letin amitnaw aljaʼ?
xe petikx olkikʼ am aʼ.
kach uqʼ chutrij aʼchi apam.
xinbʼ ijiwir chixebʼe pa ar mita.
areʼ uxeʼojer tzijw aral kʼicheʼ ubʼiʼ.
xkʼisri nusiʼ.
jawix kibʼijwi chikeʼewi ?
¡xaje kʼu riʼ, jachint aqrie kʼo pari judeʼa, chi chanim cheʼ anim ajubʼi pat aqri juy ubʼ,
kʼ akʼri abʼ.
lakʼo junna kakʼ oxom ajtaj?
na utzt aleutʼ isomle almariy.
many aʼt altaj chiawek atokpa ja.
jeʼ, xatutzukuj .
are kel waj xaqibʼ uqʼij rixkʼ ojik.
ri xun kurk kʼojiʼpat aqrit riko.
xins achik.
xutʼuyubʼ aʼ
n anutomtale tzij<unk>
wa chʼomri kiw arin oʼs.
ekʼojobʼ chʼilw akʼ.
rajaw ixikchi pat aqritij obʼ al, pa nikʼajubʼ ixikchik
ri rajaw rulew areʼt atkel.
we kʼ uxokik, wekʼ naxokta
we achi xusipaj junpʼot chwe.
at at ut aq oʼnleqʼ ataltzij.
naqʼ anta uwachleq aprut.
rixaʼr kʼo pa uw iʼri qʼ aqʼkp oqʼowik.
ri roqʼej ri alijach akpe junakʼ al.
kʼo junalapa tijobʼ al.
s äquw iʼrit at aʼ.
ri wi tzi kʼt ajinkp eloq.
jawixs achonwi kanuy aʼik lepw aqche.
utz we achiwe xinkun anik.
q onojel kujw aʼpa uw iʼrime xa.
ri kaxl aʼnik manpoq ontaj.
inx inbʼe rukʼriw achiʼl.
sibʼ alaj jeʼl xkilo xeki tzoq opijri kichij chilaʼ.
kinbʼ inikxinʼek .
kʼ axkʼolik, kachaʼ.
kutij ixim riakʼ.
ri alix chel, x uqʼiʼo xajun akʼ xsip axche.
xqasikʼij leixoqch utzakik subʼ.
mataxabʼ ins ajle chʼichʼ.
rip ixtzʼ aralik rum alrieq aʼn.
¿jamp aʼkel chi3%
kʼo junnukʼ otojchiʼ aj.
t ajinkew aʼkat ri alabʼom.
xinloqʼ lenukʼ akʼap oʼt.
nautzakik t asubʼt ajinkuʼ ano
xojut aqchiʼ ijx ojw aʼik.
iw echriabʼ ix.
saqrij richij.
ajsik che ritin amitkel wi rit at aʼ.
-¡ay! x ax intzaqu loq, kʼ axwew aqan.
xkʼul matajpa junk omonchiʼ uwachjunj uy ubʼ, xu riqa junqʼij xkiriq kibʼ junim ul rukʼlek ok.
jasxat aqchiʼj leakʼ alchutij ik?
xinch apo suxuloqʼo.
qʼ inomri achi.
ri kʼumktij owrukʼk abʼ.
t ajinke jachʼanik.
tze bʼ alukemik lep asawum al.
are kay oʼwleuch ikop illeubʼ antajik tr ypanos omabr uce i.
we katnim anikutzk elik.
per on oʼjim al petn aqloq,.
are lenuchak juntzuqbʼ alwibʼ.
xk unaxle yawabʼ rum alleaj qʼij.
riukʼ uʼx tzʼibʼp aqatzijel ajuj.
sibʼ alaj jeʼlik rieqabʼ alxubʼ anril uʼs.
sibʼ alaj atkon.
e manxori jupuqk ej.
nax naʼtajt achke xe atinik.
rikʼ am albʼe xubʼij chike, chi majari anim.
jum uchʼri nujunabʼ.
qʼip tajin aqri raq anritem.
k chak un rukʼri josbʼ al cheʼri ajanel.
xat aqchiʼj leakʼ alch utijik kar.
oj kʼop ale roʼchle awel.
¿lak atpe qukʼ chweʼq?
lewin aqp ale chʼichʼe tʼuy ullowi.
x kanaj kanoqchi uxeʼri jabʼri chʼaʼn.
nim rija.
we t axak unaj leat at mat axkam laʼ.
na nukʼ amomt uʼla riʼ.
chqa nukʼuʼri qatzij.
k imbʼe pa letin amit.
xinqʼiʼo nax inatint aj.
rajaw axikkakʼ am anchawe leutij iklelej.
kʼisbʼ alt aqnoʼjibʼ al.
xi neʼw aʼoq.
xkibʼ ankʼ axche leuwos aq rum al manutzt achikak ayik.
ri qʼut uʼm mankecht ale akʼ alabʼ.
are n animtalea tzʼ iʼchuw achle nutzʼiʼ.
xe petik xol kilaʼ.
¿jawch iʼxat aʼche xk amrium amri poʼx?
e kebʼ kekʼ ambʼikpat uj.
x inloqʼ junjap ariwok ajja.
ri ax tuʼbʼ, kʼoq ulaj chech.
jaska rajkaʼ anchutzak ikletiʼ ij.
xutij lew a.
ximbʼ alretzij.
xp axribʼ oʼj.
we kawajkat int oʼo xaqxuwi kabʼij chiwe.
jasnukʼu kuchʼobʼ o.
jask araj kutijo?
xex ruxlabʼri rikil.
enitzʼ aʼqlet aqimul.
we t ane inxinbʼ anowik, are le ateʼkxbʼ anowik.
kin tzalijp alenutin amit.
ri nuchaqʼ kʼo pa uroʼqʼ atojtij onikpari tij obʼ al.
xinxiʼj wibʼxin chʼawik.
kʼo chw aroʼchle p are.
chi raqankabʼ inwi rit at aʼ.
x sach onkanuy aʼik lep waqchech oja.
x inqʼ axchik ixoʼl riwin aq.
ketik onik.
ri ulew manqecht aj, kechri qat iʼt qam am.
xe pe lewin aqxol kikʼam aʼ.
xuloqʼri wuj rum alri ali.
che we qʼij kamik kʼo junnutzij onem chirij lenutin amit.
k ejriʼ.
xkun analaq chwe.
k inusikʼ ijlenun an.
ri im ul xuchʼij taj, xk anajp abʼe, rum al rinim alk ujal ujri im ul, xutz aqri anim.
kubʼ anri ux oqʼoʼl ri ajtzʼ aq.
ri lasibʼ alajutz che kunabʼ al.
kʼi kiw achrieʼ ajchakibʼ parik omontyox, kʼate kʼut xajunchi ajawxel ;
xqat achix atulik.
kaw ajchik atʼek.
chʼut iʼnkek anaj rix ajabʼ chech.
kaqaxiʼj qibʼ kaqach apo.
ekʼo kebʼ ukʼajollet atxw an.
luʼsubʼ iʼri recham.
ajchi uw iʼmi qʼi njaʼri luʼ.
xiny akanle nuch impa kʼaybʼ al.
kʼatex rilo, xpe riun anche utzuk uxik, xkik otik, xus al abʼis ajrit aq uxkin.
xkikʼut chiuw achri ajtij xuqujeʼ chikiw achrit aqnikʼ ajkachil.
utz lenuqʼ abʼ.
kul le al weʼlpa aus tin chaqʼabʼ k amik.
ri ateʼkx tzaq loqare chi kʼo pa uw iʼriqʼ aʼm.
ajpat anriteʼk.
xat qajchiup amriil.
lakʼo tzij nakikʼ oxom ajtaj?
x sachon chkechixe atinik.
r onojel leulewe chalaq.
la xebʼe kʼul axeʼki jaqakʼ ule uchiʼja?
xaqkat chʼok najiwir.
k amik kʼo chi rijast aqawe.
are chiʼ kakʼis ri junabʼ kʼoqʼ inom.
pa naw al jaʼxinal exik.
naxint atajwe are riakʼ alkix tzuq uwik.
¡ rulewri sabʼul one rulewri neftali, ubʼe ri polow, rulewri jord an,g alileʼa kechrijet aqam aqʼ!
r ax, r ax, rax, kʼo kʼ, kʼo kʼ, kʼo kʼ le ruxl abʼlet aqtik oʼn.
achix atwilo.
p aqal rajil lepixk amik.
xoj bʼinik.
pa junjeʼl tij obʼ alk utijoj ribʼ junakʼ al,ubʼiʼp oʼx, utzku riloke patij obʼ alr onojelt aqqʼij.
xw ajchi xa tʼet aj.
utzlaʼle xubʼijle achi.
we t aʼam jachink apetik.
kinqʼ ojom anik.
xinqʼiʼot akʼ alikx inpetik.
areʼ ret aʼm chek inop anik.
aret abʼaleq aqajawch att oʼwik.
kawin aqw aqibʼ qʼat aj.
n aqajchik cheri uw aqk ajbʼ al aret aqchiʼk s achuw achri qʼij, kokri qʼeq uʼm chuw achulew, chikʼat eʼnaribʼe le jebʼk ajbʼ al.
jobʼ raqanri tzʼ alamxe por oxik.
sibʼ alajk or ijrimop.
arew aʼ.
jelaʼpa rit iminit chwi kaby ok rechxe lajuʼ, leqan anqat at kakitik ojeʼl alajt aquw achichaj.
kʼ axn uqul.
xuʼlukʼ am aʼ.
ko julki tzukuj.
are mankʼ axtauk unaxik aret aqanin aqkaʼilit ajwe yabʼilal xuqujeʼmoj oʼqa kuy aʼlekʼ axkʼolil chechlej olomaj.
ri wel kʼo pa tijonik.
kaw ajkinbʼ ij.
ri kotzʼ iʼjk qak ojchi upamrija.
qʼeq qʼoj rijri am aʼk ej.
naxw ajtajxin chʼawik.
chpet abʼale loqʼ alaj jabʼ.
x sachon chke xatki sikʼij.
eleqʼ al chʼichʼ.
jachin xawi lo chi arex tij owrit iʼj?
mat akabʼe lenuxbʼ alp aletin amit.
p im ruq, ri ali.
¿ kʼo ri mu qʼe chiawech?
k qabʼij mankek owintaj.
kint ijna.
kʼo jun qa tʼuʼy paja!
kʼo puj chi upamrichʼ aʼk.
aret aqkink osikkinw arik.
xatw aʼikxinwi lo
inx in chʼ ayowle achi.
k onojel ri alaxik keʼ etzʼ anik.
jasrukʼ xkit ijwi leki rikil ?
anin aqilk atpetik.
nar axta uwachle juy ubʼ.
ri tzʼal amtzʼibʼ abʼ alraxk kayik.
we chat chak unik, kʼo aw a.
m aʼt amxatpe cheriw aʼim.
ka mulkinw aʼna.
r isikilk t ijowrukʼ ik.
kim bʼe aqʼ anrukʼle alt alin.
xo jʼek xeʼq ilal arqasok.
xe kiqʼ ille ajchakibʼ xkiwok leja.
mat anexwaj lekʼuhj nem rukʼle ateʼk.
are xeʼop anchi uchiʼri juy ubʼ, xkilo chi manqasta kʼoqʼ ayes.
kʼate kʼut, rijesus mankk ojont achkechri eʼareʼ, rum alrechchek onojel ret aʼmkiw ach,
paʼtzrijri tzʼiʼ.
juwin aqw aqibʼ qʼat aj.
atel aqʼom.
xaq atjoʼs.
ri qʼa tzu, are qʼ alajri uqʼijil.
ajchakwe ala.
ubʼe leju kakʼ alt aqanik (29).
kebʼ nubʼiʼ kʼolik.
laka tzalijl uʼla anin aq?
katzukunl achwe.
lakaj lakoj bʼeʼp ale chom al chweʼq?
xinn abʼej chut asik qakʼolibʼ al.
lal xint oʼwik.
sibʼ alaja noʼjibʼ al.
xojpetik xol qakʼ am aʼ.
sibʼ alaj jeʼlikri uw aʼlri ichaj.
kʼa xwij rum al inp achalik.
aret aqxukʼul majw aʼxul ri uchom anik xubʼij: are utzwa aqʼabʼ kinw alijik, are chaʼcha nimki nop anpatij obʼ al, majchiki nkʼul maj.
ojaj xoj olobʼpa aw asqʼij.
x ins achche leuwok ikletzij.
e julajujri akʼ.
xutaj ampaʼk ojʼek.
qilik.
ritij oxel manaret anim chuw achri rajtij. ri utztij oxel qasje riʼkʼ olikjas ri rajtij.
inxatin chʼayo.
noʼjim chakwum al.
chʼurri jochʼ.
inkinbʼ ijnak atsacht aj.
ujmay abʼ.
riabʼ ajy atzalik.
t ajinkep ixbʼ ax riakʼ alabʼ.
chomri aq.
xinw arik.
e le menk onojel riakʼ alabʼ.
t ajink qʼ anarik riwereʼ aj.
leuk emikle pa sutz( chawe).
xuy up ubʼ auwach raʼchi, kachaʼ, .
ri satanas kokpa ri judas rikbʼ ixis kariʼ otechrech, ri areʼjun chkixoʼl rie kabʼ lajuj.
chuchurip ar.
k inqum ujri nujochʼ.
chechp unción lumb aram aqʼel rajaw axik chechrilik leukʼ exbʼ em wi len abʼe rukʼle ukabʼ ukʼut unemley abʼil al.
qʼ alaj chin ak awajt ajkabʼij.
kʼoqʼ olchirijri siʼ.
jaw ixo jʼewi chul oqʼik?
kʼo ul ochʼrit alin.
qʼ anrij riat iʼtnuk ej.
lax tzalij laiwir?
xesikʼ ixik, kʼate kʼu riʼxey ajik, xuqujeʼxet aqbʼi che usikʼ iklemes.
lak ixw arik?
are kʼulep alom axxubʼij che: -m amkatbʼis ontaj, kinsikʼij nikʼajw achiʼl kerapap ik.
aʼre etij oxelabʼ.
ri alajal isiʼl xubʼij xqach appa utzal ri tyox.
x sachon chke jachinxe atinik.
jas xu rayij lean anxutijo?
xinkosik.
r axr onojel riqʼ ayes rum allejabʼ.
kin yaw aʼwe chʼichʼp inem nautz.
noʼjim upa chʼ uxikle nuwiʼ.
naj kʼowi lew oʼchchuw achletij obʼ al.
ri okibʼ alkʼo chi uwachris aqja.
xe nut aqchʼij kekil leakʼ alabʼ.
kʼo junqʼ oxowem chiwe.
tzarich oʼm.
we choj bʼep alenim aqʼij, keq illeaj xoj olobʼ.
xo jʼek xeʼq ilal arqasok.
ri ateʼk xut aʼchechri nant oʼn: -nanjas cheʼchi mankajt al aqakʼ atis ajri joʼq.
ri p alsibʼ alaj xuʼy.
kink oj rijokbʼ alulew.
inkinbʼ ijnak atsachtaj
atrajk unlenun an.
kuq am ujuj or onriaj tzij.
l uʼtzʼ al am ubʼiʼri achikelpa nim cheʼ.
jeʼlik utiʼjolal ris aqkoʼr.
kʼo junxaʼrp aja.
xin loqʼjunkʼ akʼpat an.
kʼa xukemik lep asawum al.
anin aqukemik lep asawum al
ri chʼ aʼnsachin aqpat aqabʼ ix.
r axt aqlekotzʼ iʼj.
mes omkanoqri upamja.
manaret aralaxk osik.
rik omonxechp uprech uqʼabʼtin amitx oʼlabʼ ajrechqʼ umark aj.
lautzakik kʼusubʼt ajinkuʼ ano?
katela!
naxutij taj.
xa rum alket aʼmk onojel riwin aqk kiqum uj lejaʼ.
iw irxujtz alijlap akʼaybʼ al.
qet aʼm cheri qawak ujutoʼo.
ri ajtij, k yaj on chikechri akʼ alabʼ.
jasubʼ anomle nuchʼutit at?
chweʼq kinbʼe pa nimtin amit.
utz we kiwet aʼmajjas kubʼij rich olbʼ alqʼij.
t ajinkatj ilowche uqʼ oxomj olomaj.
x intik qʼ axchiuw achrija.
kʼ axlekibʼe lewin aq.
loqʼ katk untaj cheley abʼil (covid -19).
ri nuxibʼ alkelp aqajbʼ alqʼij.
x ril riaxw anchixw aʼri ala.
leal ixkun at ajik.
wet akape lejabʼk amik.
x inwet aʼmajchina xatpet aj.
ripw aqrechwe qʼataj riʼkes axchechri tojbʼ alkʼ ayinem.
k tij riuw aʼlikrum alri kinim aqʼij.
xuch apukun axik.
chat anloq ali.
xin xuliʼq ajoq.
jeʼlik ktij owrit aqikox.
kʼate kʼu ri let atxoʼr xubʼij, mankaw ajtaj, mankaw ajtaj.
kʼo juntzʼiʼp abʼe.
kam ulx inpe cheatzuk uxik.
mant ajintak inchak unik.
k inchak unik rechkatw aʼik.
jas rukʼx awil wich ixkiqup ijwi letiʼj.
jasubʼ ixik<unk>?
koqʼ riakʼ al.
kaw ajnak atʼet aj.
xat qʼ ajik.
we mnacha loqʼ axiy al, n akimbʼe t aaw ukʼ.
x opanlew ujaw ukʼ rum alwechin.
are kʼutp alejuy ubʼ k kʼiyj or on, chilaʼ xekikʼ amawi ri jaʼriwin aq.
koqʼ riakʼ al.
we kʼo arajil chakʼ amaloq.
are sibʼ alajkaq leapoʼt chuw achle nupoʼt.
x inkʼ astajpa kabʼ lajujk ajbʼ al.
kaqoyʼ ejnakix pet aj.
kok axim ri chijxajel aʼmanka nimajt abʼik.
rikok nojimx bʼek, xuchʼij ox opanp aukʼisbʼ alille anim.
xoj kiʼkotik aret aqxat ulik.
kaqi tzʼ naj ri ux ajabʼ riakʼ al.
rijesus kw aʼkatpa rinimr achochrid yos, ch uxeʼri junjache rach ochrisal omon.
we t aqanikriʼ kubʼijchi rajaw axikky aʼuqʼij riwin aq xuqujeʼk t oʼanin aqil.
ri ax ux are nariuk unel rikin aqʼ.
aret aqw aʼri uqʼijol wet aqanik.
kʼo junt abʼ alpa uw iʼri xkanul ubʼiʼ lajuj noʼj.
y uʼlubʼ anomriuk olobʼ rikej.
xa nimaj riakʼ alchi uwachri uch uch.
k kun anri achi.
kinw aʼikrechn aki nyow ajtaj.
ajxik chʼichʼri luʼs.
k waj che ixk ixbʼ anowik.
aʼre xetoʼw al aq.
xo jʼek xeʼq ilal arqasok.
xin loqʼjun chʼichʼ, qajin aquwach.
kutʼis rip antalon.
ejanip aleawalkʼ walekʼ olik?
utzuk emik lepas chawe.
rim axare aj qʼaniy aʼ.
matabʼ achiriqkʼ axp alebʼe.
t ajinka nimaj, ri meʼs.
ixi xeʼlaqʼom abʼ!
xsach anchwe.
ekʼokʼi cheʼ, chiuw achri juy ubʼ.
arew aʼrinim alajp ixabʼe arew aʼrin abʼe.
x ret aʼmajchi rukʼp akʼ kutijwi
jasutz akiklesubʼ xuʼ ano?
ajx oʼyriwi kan.
we t ane aʼre xetij owleri kil, are lek omonxe tij owik.
sibʼ alaj anin aqka chʼawle areʼchi nuw achin.
utz we kinchak uj.
meʼslaʼ.
kʼo kanw arechkaq atijo.
xinsikʼij la.
riakʼ alx sachk anoqjel aʼpat aqʼaj.
xesikʼij la.
jawix kibʼijwi chikeʼewi ?
rum al che, manixt ariʼ rikix chʼawik, are ri ruxlabʼ axel ri it atriʼri k chʼawna iw ukʼri ix.
kʼa kʼ riwach och.
sibʼ alaj utzkinwil leatzʼ yaq rechnah uala.
s aq pork kayri kip oʼtrin an.
x sachonri nuch akchwe.
w aʼimxuch apo.
riqʼ aqʼt ajinka juluw ik.
najil upam risiw an.
ekʼo riq achalalpa chi uwiʼla.
jasxat aqchiʼj leakʼ alchutij ik?
noʼjim ukemikle pa sawum al.
kʼo junkuk ubʼiʼt intin,w aʼlelaj kuk mamkajeqit aj, kap aqikax ulikpa uwiʼ uqʼabʼt aqcheʼ, sibʼ alajs akʼaj, keʼutole enim aʼq, chʼut in, rachiʼl, ajsip anel sibʼ alajutz ra nimaʼ.
ri up ixabʼ leqʼ atbʼ altzij kiy aʼubʼ ixik.
nax sachont achke xe atinik.
xeqil lechi kopp uwi leja.
xloʼt ajriakʼ al.
q onojel kujw aʼpa uw iʼrime xa.
xsik irlew aqan.
la xatw aʼkʼut?
nimubʼ aqʼri tul ul.
kinx ikʼikʼ ikxinqʼ axik.
lakat bʼe pa letin amit?
ri pa lsibʼ alajs aqʼor.
k qʼ oxownuj alom.
xinn aʼochik atpetik.
xloqʼ ulewiwe chix.
x inchak un rukʼri num am.
n axqabʼ antaj.
k kʼojiʼbʼ aʼri usip anikri ajawxel jesus kristo rukʼri aw uxlabʼ al!
kin chʼawrukʼ lenun anp ale chʼawebʼ al.
sibʼ alaj qʼeq uʼm rum alrimay ul.
are leb axulik.
xekosle ixoqibʼp alebʼe.
kʼ axrilik leakʼ al chawe.
xinqʼiʼ oxin atinpa jor on.
sibʼ alajnim letin amit.
kʼa xukemik lep asawum al.
xins achik.
t ajinkeluk ikʼelpa raqanri tzʼiʼ.
x inwet aʼmajrilik wibʼ
ri qʼuqʼ are junjeʼl chi kop.
kʼo pa jatij obʼ alri wi kaqʼ.
ri sachibʼ al mak rajw axikchiq axoʼl.
jeʼ, kim bʼek.
jela leʼri nupwiʼ.
xubʼij che: - jasxabʼ anotintin ?
kabʼ anjunt oqʼobʼ kyak rin ujal.
kat ʼekxint a.
jasleukʼ exbʼ emribʼ lejun rukʼle junchik?
ajchi uw iʼmi qʼi njaʼri luʼ.
ritij onelnajk pewi.
teʼki xchobʼ ubʼiʼri nut at.
rijaʼk ami qʼik chi uwachriqʼ aqʼ.
ri tʼuʼy k paqʼ owik.
k inmesonn a.
naqajat kʼowi chiwech.
xinbʼis onik t aqna xatpett aj.
we xk amriwin aq, ripw aq rechtojbʼ al makajk y aʼchikechr iral axik.
ri nun anxbʼe pa kʼaybʼ al.
xo jukʼ am uloqrechk oj rilo
xkʼot ochin chikiw achchikinw aʼaw ukʼ.
naxki kamsajtaj xkikʼ ambʼich oja.
kʼa kʼ riikʼk amik.
ximbʼe rukʼ leajk uniwir.
rilik.
letzʼ iʼxek osik.
xinkik otawum al.
ri im ulxum ajri anim, xuy akanlek ok.
kʼooj cheriakʼ al.
xujbʼe pa junkʼul anem.
utz wek w aral aq.
kaqil ochinak ojukʼ amtaj.
x ret aʼmajchi rukʼp akʼ kutijwi.
sibʼ alajx inkʼ aʼn arik.
xin kochijri nuwa.
mankatk owintaj kat chak unik, we mankʼot ari ajilabʼ al.
we won onxubʼij chike: -k ixinto.
ri alanimk rilwi rium am.
xkaʼy chirij, xkaʼy chuw ach, makʼotachi junksilobʼ ik, x oqʼikx uxeʼj ribʼ x chʼ opinikx tzalij loq xuriqt achik riubʼe.
kʼo pus cheriwa.
p inemn akabʼe lew atz, kim bʼewi inpa kaʼyibʼ al.
ri nant oʼnnimwin aqchik, s aquwiʼ, r onojel aqʼabʼ utzk unaʼo katʼuy iʼpautem, kum iqʼis ajribʼ chori qʼij, kʼo junuwiʼ um amubʼiʼ ateʼk.
manekʼit ajri qulaʼ.
qʼ alaj chin ak awajtaj kabʼij
xpa qabʼis ax rajil r onojel rikem.
kʼo pari julri kumatz.
r onojel qʼij kin chʼaj lenuw are.
s aqchi kanle ichaj rechka tzako.
chuxeleq achom al kaqatij wi junqam eqʼin.
chawilaʼ.
ekʼojobʼ umiʼ al, ri nut at.
jasrukʼ xawilwi
jeʼjas riwin aqrechri uw achulew, xoqujeʼke pe nariʼ rieʼ areʼ chee rechri uw achulew; jeʼjas riwin aqrechri kaj, xoqujeʼ ke pe nariʼrie ʼareʼe rechri kaj.
xintijo.
k tzʼu juwri rach ochri poʼx.
x uqʼiʼo are leukʼ ulelxy aʼowuw a.
ri awelx ret aʼmajchi rajaw axik mank uxejt aribʼ cherit ukur.
jukʼ ulajwin aqxeʼ anim ajbʼik.
jeʼ, xintz alijik.
xojpetik xol qakʼ am aʼ.
majjachin xʼek.
in ajtij ; attij oxel.
saquw iʼrit at aʼ.
wechrik em.
le roʼchle ateʼk kʼo chw achleukʼ aylenun an.
kbʼe parisi riʼa eparis ilisiʼa, jawi jeʼk uyawi ri kich uqʼabʼrik omontyox.
p ixabʼ: manutztaj kʼ axk ujchʼaw chikij nikʼaj qachil.
xkun ataj leali( kum alri ixoqibʼ).
ri xibʼibʼ alchi kʼowi pat aqri qakʼ aslem alr onojel qʼij .
nak ujw artawar al.
on chek kʼojiʼri utzil chixoʼl, arech junamri qak ojonik, junamri iwechix rukʼri wechin.
pa oxqʼij ris aʼnk bʼena rukʼriajk un.
kawin aqwuqubʼ.
jaskaw ajkintij o?
we tax atbʼe wukʼp aletin amit, xa loqʼt al aʼleujast aqleakʼ ajol.
kebʼe paw aʼim.
xinloqʼ kʼiw a.
pa junnimkʼ acheʼlaj, kʼo junkʼw aʼsibʼ alajs aqloloj, nim uwach.
k w ajkatij jubʼ aʼwa.
r onojel win aqk ril nariuk olonem ridyos ».
xkʼot ochin chikiw achchi kinw aʼawukʼ
k w ajnak atʼet aj.
la xa loqʼjun alej?
ekʼo rie loqʼom anel.
riukabʼ ubʼiʼri num amareyay.
kinj opijri ijaʼ rechtri ko.
x naʼt ajchke xe atinik.
xa teʼ qilaʼ.
kakitij al anx ax riwin aq.
. . . kinbʼ ijchi arew aʼsinxiʼ an.
nax inn abʼej tach utasik qakʼolibʼ al.
rum al rechche we ri in, kin chʼaw rukʼri dyospa chʼabʼ al, k chʼawna kʼu riʼri w uxlabʼ alrukʼri dyos, kʼate kʼut mankʼot aupat anriʼch rechri nuchom abʼ al.
xe petik xkilo.
xut awe katʼek.
utzuk emik lepas chawe.
ri nuwak ax xutij junqʼoqʼ rum alriʼxk amik.
rum alrikʼ ix, mankew aʼt ajriwin aq.
xeʼulik.
qʼe qrij ri am aʼchij.
x raj kaʼeleun an.
junamki junabʼ.
naqʼ alajt ajwe kaʼek.
riwix nam chʼajchʼoj ri rach och.
w ar al mankʼot ajajaw al.
na iwirt axril lekʼ am olbʼe.
x inpe loqte kʼuriʼx intzukuj r onojel rinur ajil.
riajt ikonel kutikri tzij.
kʼo e kikʼaj olle achijabʼ.
kutij qʼayes riixp aʼch.
pariw aʼbʼ alekʼo kawin aq achijabʼ.
si pojin aqri nupam.
kay aʼtajik rukʼut iʼonem junri uriqom leyabʼ ilam olotsetsé xuqujeʼare kay aʼtajpat aqri juy ubʼ.
jachinri achi?
ri num amxk amikaret aqkʼo jumuchʼ lajujujun abʼ.
kink owinik kinkʼ ambʼi lepw aq.
kinwi lo chi utzriaj iʼ.
x inqʼil riap oʼxche mankachak untaj.
k w aʼchiuw achlet aqʼaj riam aʼakʼ.
ri im ulxep oqʼikpa junikʼ.
xkʼis kanoqriq achak.
are ri al ixoj ilowk anoq.
sibʼ alaj chʼuʼjri am ax.
kʼo nuw achiʼ.
inch ajinel kechle akʼ alabʼ.
xekosle tzʼiʼ.
kinbʼ ena kukʼrim olaj.
r onojel aqʼabʼ kinyi tzʼriw akax.
ka rapinik xutzukuj chijunaw aj.
leukemik lepas anin aq( aw um al).
majurajil leqʼabʼ arel.
kʼ axriʼri kachʼaw ik.
xojut aqchiʼj le achich uloqʼ ikichaj.
sibʼ alajkʼ axri xkʼulm axik.
xkilo chin akinkʼ oxom ajtaj.
x naʼt ajchke chixe atinik.
xkʼot ochin chikiw achchixoj alw oʼq akukʼ.
junqʼ uʼq rajil rika xl aʼnwa.
xinwi lochixeʼ elik.
ekʼo ixoqibʼp alekʼ aybʼ al.
mankʼotaj ukʼisikri mayabʼ ajl abʼ alil.
ri sin k kʼiypat aqʼaj.
ri chʼim amank kʼiyt ajpat aqʼaj.
rajaw axikkj ikikriw aq än.
kaw ajkinʼek.
ekʼo oxibʼ akʼ.
xubʼij chwe jawiat kʼowi.
chweʼq kuj bʼeʼp amuquj.
pas aqkʼaj aʼkbʼ anwi riuq.
xojkisikʼ ij.
xinwil wibʼ.
chaqʼ chikriw a.
k imbʼe nakapa lew oʼch.
kaw ajkinʼek.
ri chʼuʼ ktij rukʼlej.
pa riki qʼij kamin aqibʼkbʼ anqʼ orikʼy aʼrechaj : nabʼ erin ank utzukuj kanri aj, ku jachʼoʼ xuquje kukʼet o.
jask ajbʼ alch anim?
utzuchom anikri ali.
pari qʼij oxlajujtij ax kinkʼis kebʼ junabʼkin chak unwar al.
sibʼ alajk o, rikʼ akʼchʼ at.
jask araj kubʼij<unk> ?
ri chʼichʼ kasil abʼik.
pa ojerqʼ alpul xaq xuwiri nimwin aqkekʼ amowbʼe.
leuk unaxik leukabʼ ukʼut unikare rukʼ eflorni tina onut unibʼ axikleni furtimo xchiʼl eflorni tin achecht .b.g.
are ri achixinchʼ ayowik.
junachi ubʼik uʼxusipaj kebʼkʼ aʼm ulewrechka bʼ anritij obʼ al, k amik, kʼo chikajtij rechrik omonxechp up.
xum altyo xijcheri ajtijr onojel lexukʼut chi uwach.
pa ribʼexki raqjun alajim uls aqrij, xkikʼ ambʼik.
xri l lebʼale ala.
jaskubʼ ijchwe ?
leuk una tajemare rukʼutzuk uxik leuchik opilpa junus olik uxeʼlek ikʼonle jaʼrech junnodo.
utz we nutzʼiʼ.
jeʼ, t ajinkach aponik.
ki nuloqʼoj lenut at.
kaw ajkimbʼe patin amit.
are laʼ kinchak uj.
ri nimaʼqt aqwin aqkʼo ket aʼmabʼ al.
we tax atbʼe wukʼp aletin amit, xa loqʼ taw aʼwe jast aq.
rikikʼ aslem al. wa ixim ulewxa junchima aret at inimitri ma
riukʼ yabʼ alnajup am.
xat qajchiup amriil.
noj imkatw aʼik.
we kʼo junk t uqaʼrik, ¿lam anxoqujeʼt ajkint uqaʼr ri in?
oj ojwok olja.
awaskbʼ ankʼ axche junnimwin aq.
xin chʼaw apan rukʼlew anabʼ.
kʼ axri upamri juʼl.
t ajinkew aʼri im ul.
lak ajlakuj tzalijla anin aq?
rum alrechche ri makaj mankʼot auk owinempiw iʼri ix: ri ixm anixkʼot achich uxeʼri p ixabʼ, xane ixkʼo ch uxeʼri sip anik.
nim raqanle cheʼ.
xinch apo.
are letuʼr leloqʼom anel.
xaskat kʼojiʼ chi upamri chʼichʼ.
sibʼ alaj nim raqanri kʼam albʼe.
le tzʼibʼ abʼ alwechin.
inxint oʼwla.
xaje kʼuriʼri ixk amikriʼm anixkax lanwin aqt achik; ri ix, ix rechrikit inimitri etyox lajt aqwin aq, ix rechri rach ochridyos.
x intik oxlajkʼ alich aj.
kaqari qqibʼ chweʼq.
sibʼ alajutz cheriw iʼajri tuney.
we najup ulik t axeq ajik...
xint oʼtaj cheri nuch ak.
kʼo junchik op ubʼiʼp um.
p oqonri ik.
xoj bʼinik.
xuchʼek r onojel le ret am anikx paq iʼk kʼ axkwʼ inikxubʼ anajk un.
kel ubʼ ikpa ri judeʼ aek tzalij chi ubʼijum ulparig alileʼa.
xina xibʼijp abʼe.
jeʼl kʼolem chiaw achoch.
r onojel riy aʼtalil pa we qʼat aj, tzʼ aqatkiw ach, mank tz aqt akanoq xuqujeʼ mankt astaj.
xuk unaj leyaw abʼle aj qʼij.
chit at abʼej jaslekim bʼij.
chʼan alri achi.
p abʼok oʼkachak unwi rit ax.
ujkʼo pauw uqqʼij.
kiʼri ukabʼri aq aj.
kʼo rachal alpa tzʼoloj cheʼri p eʼl.
xkilo chi kinkʼ oxom aj.
riu kisakʼ utzk y aʼikchi uxeʼri tikoʼn.
aret aqchiʼ kaqʼ anp uwiʼri jukubʼ, ri achiche xkʼojiʼri itzel uxl abʼ alrukʼ, kut achrechri areʼ, are chk kʼojiʼ rukʼri areʼ.
nakabʼ antajtawum al.
x naʼt ajchke xe atinik.
xinpaj rin utriko.
xeʼokri pokʼpa rium exari poʼx.
ka juluw riaqʼ aʼl chi uxeʼri tʼuʼ y.
a wechle ja.
xuj bʼepa tzurik.
nabʼ ex atop anik.
riukabʼ ubʼiʼri num amareyay.
uw ajxaqu kakʼ alt aqanik (28).
matakʼo junkak anaj kanoq, q onojel kojbʼ ek.
e nim aʼqle altom abʼ.
nim uwachrip oʼt.
k ojonikpa ri utzijwa ixim ulew.
jasxukʼ ambʼil etzʼ iʼx awilo?
xinpetik, t at.
ribʼ elajuw ach.
chit at abʼej jas rikim bʼij.
jeʼl kun aʼriabʼ ixchi upam riquq ulew.
kinbʼ isojuw achlew al.
xutʼuyubʼ aʼ.
nim riaweq eleʼnxa riqo.
xi neʼw aʼoq.
chiʼkew arwi leakʼ alabʼ.
ri numiʼ al xut aqloq junt aq oʼmwuj chiwe.
qʼeʼ lik, rich ajpari bʼe.
lautzawach ?-utz m altyox, e kʼu ri at? – utz m altyox.
xinkos rum alnuch ak.
kbʼe kukʼrie ʼareʼek tz alijpar inas are te keʼunim aj.
rijojx ukʼ ambʼikri akʼ.
kʼo chiw achiʼl chanim.
kubʼij chechn aʼl kabʼ ancheri atzʼibʼ.
e. ..in kaw ajka tzjoj bʼil achwe.
mat axiny ajle ali.
jachin rukʼk atbʼewi?
kʼo sibʼ alajet aʼmabʼ alpa ri mayabʼ noʼjibʼ al.
e manxori jupuqk ej.
kasumum rikaqi qʼ.
ekʼo kajibʼ akʼ alabʼp alebʼe.
jeʼjas ri ut atk kaʼy ik.
xaqat molonel tzijt al.
lenut atkaloqʼon chwe.
xaqt anekim bʼeiw ukʼ.
x ret aʼmajuchʼ ajik.
rum allaʼxk oj“ xal qʼat” che ubʼiʼrik omon.
are leukemik pas xret aʼmaj.
ri wat iʼt kubʼ annari upat an.
kʼ akʼlep oʼt.
ret aʼmuw achjachin xloqʼow ripas.
ken chʼabʼej leakʼ alabʼ.
y aʼtal chaqeq onojel ri ujwin aq utzkaqil qibʼ.
xkotiʼp aqʼ ayesx oqʼik.
kawin aqbʼe le jebʼ qʼat aj.
ekʼo kajibʼ ral ri im ul, juns aq, junqʼ an, jun qʼeq, jun qʼeq oj, sibʼ alaj ketzʼ anik, ke chʼ opinikri alajt aqim ul.
k ch olol riach achal.
ke te kikri ikʼ.
xe petik rechkew aʼiwukʼ.
tzatz riuqʼ anilri akʼ.
x oj tzalij ikx ixeʼqa qʼatuj kukʼleit atin an.
riy oʼxt aqakʼ alabʼ kekikʼ ux riatzʼ y aq.
we achiwe xusipaj junpoʼt chwe xk amik.
k k owinrik unanel chek unanik.
x jiqʼ pari polow.
xarum al sibʼ alaj rajaw axikle loqʼ alaj jaʼ, lewin aqxkibʼ ij: che we ikʼ riʼq onojel kujbʼe cheut ikikt aqcheʼ.
riun ane rie rachal alke pe uloq rukʼri areʼ, kʼate kʼu riʼ, mankek owintaj keqibʼ uk oq rukʼ, rum alrechche ekʼosibʼ alajwin aq.
rum alrech, che mankʼot ajunk k owincheuk ojikjunt ikibʼ alilchik chuw achrik ojomchik che are rijesus kristo.
te kʼuriʼ xutzʼibʼ ajribʼ parinim alajtij obʼ alrechajk uʼn.
ka juluwri chʼum ilchaqʼ abʼ.
kʼisbʼ alkanoq, xoqujeʼk kam ri ixoq.
le alaxokik.
kʼo pw aqpa uw iʼrime xa.
are kawaj na kinʼet aj.
ri yaw al kuk oj ri alichi uxeʼri ch akach areus uʼt.
na kaqakʼ amt uʼbʼik amik.
ri ajtij kubʼij chike: rajaw axik keqa chajij riawaj, areutik oʼnri ajaw.
xintij muk uniwir.
kʼ ax leuw iʼt aqlenuqʼ abʼ.
xinloqʼ junilbʼ alwibʼ.
w aʼwe qʼij, nimubʼ antajik.
riuxeʼ alri qatin amit mankas achtaj.
xoj bʼinik.
ri achalal junamkiw ach.
x inwet aʼmaj rilikw ibʼ.
nim riun aʼojw ajtij.
miqʼinri kʼul.
ajqʼ ojomri ateʼk.
cheles anikch eʼkbʼ anwi riqʼ ojom.
kape leawel panaw aljaʼ.
rimes onelt ajinkchak unik.
utz chaqe kaqat oʼqibʼ, t aqkʼokʼ axkʼolil, kate we chiʼnri ajawp aqaw iʼ.
xawi lo, xqʼat anleibʼ oy.
xatk owinikxabʼ ano.
kiʼri kʼawe x.
kaj ililribʼe .
le alixel bʼik.
areʼx rajxinbʼ ano.
nim we abʼ aj.
jeʼlik utiʼjolal ris aqkoʼr.
nojin aqrik ej.
we katij anx ux mankatut oʼtachi uqʼatixik lekʼ akʼy abʼil cor onavirus ( 2019 -ncov).
n animta raqanw aʼwe cheʼ.
utzalaj ajchak, ri wel.
¿jamp aʼk ujbʼ epanim aqʼij?
rajaw axik t anelaʼkat chak unwukʼ.
xut aqchiʼj paw aramp ulew.
manaret ariaxw anxelik.
ri awix xuloqʼ rach ochre nim al.
are ri ixoqx insikʼ inuloq.
ri chʼim akʼ atʼonn a.
laxibʼ anle ichak?
kʼi tin amite kʼo pa chʼoʼj.
kʼo jupuq chijchi uxeʼri cheʼ.
ri uxaqri abʼ ixare uw arik ej.
kawin aq qʼat aj.
lak ixpe pa tijobʼ al?
we kech ajixt aqle kʼwa jachakin bʼij ; junalikkʼo jaʼ xuqujeʼ sibʼ alajs aqloloj.
xret aʼmaj.
ri alabʼomri alitom abʼt ajinkiki tijoj kibʼ rechsut aq, are kakajki kibʼ annim aqachij abʼch upamri kikʼ aslem al, xuquje kʼo chik jupuqbʼ ixonelch upamrik omon.
la tzʼuw achribʼe.
kʼa kʼ ria chʼichʼ.
q onojel uj,uj mayabʼt aqwin aq.
nojel qʼij riat iʼxkuy uqʼuj let aqawaj jelaʼpa nikʼajjaʼ, chirij ri juyubʼ ubʼiʼ ten aʼ.
pa qʼ omchikri siʼ.
k intzukun chela.
kakitij leki naqʼ, le ichaj, leuw aʼlik rukʼlej .
xe kanaj kanle ajch akibʼ.
ketik onri achijabʼ.
sibʼ alaj itzel ubʼ antajikri chʼilak an.
riateʼk xum altyox ijcheri rat iʼt, rum alri utzalaj noʼjibʼ alxukʼut chech.
k kam ulixuch akriabʼ ix.
la xinutzukuj letij oxel ?
areʼ kachak unr onojel qʼij.
le ekʼ aʼnat aqtzʼiʼ.
saq rijri plam ux.
jasxaqʼiʼo xatijo.
jasrukʼ xkich apwi utij ikle rikil ?
we kat atin rukʼkʼat anjaʼ mankuqʼ atejt ale kʼ akʼy abʼil cor onavirus.
lakat bʼinp aleuxl anbʼ al?
law aralkʼ uxixw aʼwi?
are lenut atkinloqʼ onik.
taj ink chak unriala.
kʼo ri kiʼkotem al awukʼ.
xut ajachin kaʼek.
xatw aʼikxinwi lo.
x tzaqri rachoch rum alrijabʼ.
p ale junikʼ chik arenim aqʼij.
e kebʼ äm kebʼinp auw iʼritem.
memri achi.
riwik anchaliʼy kelpa juy ubʼ chwi tzi ribʼ al.
le rajil, la paj axel aqʼ axw uʼbʼik?
pari suʼtpis omwiril ej.
k ojpetik kol qakʼ am aʼ.
t ajinkat chʼop in chiuw achrit aqʼaj.
leqʼ orx chʼuq ik.
kʼ axw aʼimaw umal.
k inbʼis onchelew al.
sibʼ alajkʼo kʼri awatzʼ y aq.
k amikxuj bʼe cheut ikikt aqcheʼpari juy ubʼ.
ki nuloqʼoj lenut at.
chaqiʼj chikrich aj.
xyil ixhaw ayi.
nax naʼtaj tachke chixe atinik.
rukʼkʼuw aʼwe riʼ, ri ixk kʼojiʼjun utzalaj ikʼ aslem alriʼ chkiw achriwin aqche manekʼot aiw ukʼ, kʼate kʼu riʼ mankʼot ajunwin aqriʼ rajaw axik chiwech.
e petin aqp abʼe le rachal axik.
kak ajleakʼ alabʼ kew aʼik.
xujchʼ aybʼik.
ri nuchak are qʼ axeltzij.
kʼo nar uxlabʼri aw aj.
t ajinkel loq, ri qʼij .
x uqʼiʼoxk ams axri rachalalch och.
ri num am are kʼo uqʼinom al.
xkʼul matajjum ul, xubʼ anjunnim alaj jabʼ, manxbʼ eyetajta na xukʼisle uy uqʼ chike.
am aʼri nutzʼiʼ.
jew aʼkatpe tik.
xink osik rum alx inchak unik
iwe chchi jujun al, riw a.
x uqʼiʼo nax atatint aj.
in riq tajin aqpari kʼayibʼ al.
nawet aʼmt aj.
kʼa x lenuqʼ abʼ.
utzle xubʼijle achi.
ke matzʼibʼ.
kʼo rachal alpa tzʼoloj cheʼri p eʼl.
r onojelw aʼwe jast aqriʼ, xask sachwi uwachw aʼ; rukʼwe riʼ, ri ix, rajaw axikche kʼo juntyox lajikʼ aslem alek kʼojiʼri ichʼawem rukʼri dyos,
x muqtaj ripatzʼ an.
ri chʼichʼ tzijomk anoqpa ri ukʼolbʼ al.
mankʼot auchol ajpat aqriaw uj.
jachike ikʼ leunima qʼij letin amitnaw aljaʼ?
xe petikx olkikʼ am aʼ.
kach uqʼ chutrij aʼchi apam.
xinbʼ ijiwir chixebʼe pa ar mita.
areʼ uxeʼojer tzijw aral kʼicheʼ ubʼiʼ.
xkʼisri nusiʼ.
jawix kibʼijwi chikeʼewi ?
¡xaje kʼu riʼ, jachint aqrie kʼo pari judeʼa, chi chanim cheʼ anim ajubʼi pat aqri juy ubʼ,
kʼ akʼri abʼ.
lakʼo junna kakʼ oxom ajtaj?
na utzt aleutʼ isomle almariy.
many aʼt altaj chiawek atokpa ja.
jeʼ, xatutzukuj .
are kel waj xaqibʼ uqʼij rixkʼ ojik.
ri xun kurk kʼojiʼpat aqrit riko.
xins achik.
xutʼuyubʼ aʼ
n anutomtale tzij<unk>
wa chʼomri kiw arin oʼs.
ekʼojobʼ chʼilw akʼ.
rajaw ixikchi pat aqritij obʼ al, pa nikʼajubʼ ixikchik
ri rajaw rulew areʼt atkel.
we kʼ uxokik, wekʼ naxokta
we achi xusipaj junpʼot chwe.
at at ut aq oʼnleqʼ ataltzij.
naqʼ anta uwachleq aprut.
rixaʼr kʼo pa uw iʼri qʼ aqʼkp oqʼowik.
ri roqʼej ri alijach akpe junakʼ al.
kʼo junalapa tijobʼ al.
s äquw iʼrit at aʼ.
ri wi tzi kʼt ajinkp eloq.
jawixs achonwi kanuy aʼik lepw aqche.
utz we achiwe xinkun anik.
q onojel kujw aʼpa uw iʼrime xa.
ri kaxl aʼnik manpoq ontaj.
inx inbʼe rukʼriw achiʼl.
sibʼ alaj jeʼl xkilo xeki tzoq opijri kichij chilaʼ.
kinbʼ inikxinʼek .
kʼ axkʼolik, kachaʼ.
kutij ixim riakʼ.
ri alix chel, x uqʼiʼo xajun akʼ xsip axche.
xqasikʼij leixoqch utzakik subʼ.
mataxabʼ ins ajle chʼichʼ.
rip ixtzʼ aralik rum alrieq aʼn.
¿jamp aʼkel chi3%
kʼo junnukʼ otojchiʼ aj.
t ajinkew aʼkat ri alabʼom.
xinloqʼ lenukʼ akʼap oʼt.
nautzakik t asubʼt ajinkuʼ ano
xojut aqchiʼ ijx ojw aʼik.
iw echriabʼ ix.
saqrij richij.
ajsik che ritin amitkel wi rit at aʼ.
-¡ay! x ax intzaqu loq, kʼ axwew aqan.
xkʼul matajpa junk omonchiʼ uwachjunj uy ubʼ, xu riqa junqʼij xkiriq kibʼ junim ul rukʼlek ok.
jasxat aqchiʼj leakʼ alchutij ik?
xinch apo suxuloqʼo.
qʼ inomri achi.
ri kʼumktij owrukʼk abʼ.
t ajinke jachʼanik.
tze bʼ alukemik lep asawum al.
are kay oʼwleuch ikop illeubʼ antajik tr ypanos omabr uce i.
we katnim anikutzk elik.
per on oʼjim al petn aqloq,.
are lenuchak juntzuqbʼ alwibʼ.
xk unaxle yawabʼ rum alleaj qʼij.
riukʼ uʼx tzʼibʼp aqatzijel ajuj.
sibʼ alaj jeʼlik rieqabʼ alxubʼ anril uʼs.
sibʼ alaj atkon.
e manxori jupuqk ej.
nax naʼtajt achke xe atinik.
rikʼ am albʼe xubʼij chike, chi majari anim.
jum uchʼri nujunabʼ.
qʼip tajin aqri raq anritem.
k chak un rukʼri josbʼ al cheʼri ajanel.
xat aqchiʼj leakʼ alch utijik kar.
oj kʼop ale roʼchle awel.
¿lak atpe qukʼ chweʼq?
lewin aqp ale chʼichʼe tʼuy ullowi.
x kanaj kanoqchi uxeʼri jabʼri chʼaʼn.
nim rija.
we t axak unaj leat at mat axkam laʼ.
na nukʼ amomt uʼla riʼ.
chqa nukʼuʼri qatzij.
k imbʼe pa letin amit.
xinqʼiʼo nax inatint aj.
rajaw axikkakʼ am anchawe leutij iklelej.
kʼisbʼ alt aqnoʼjibʼ al.
