xin e ʼ wa ʼ oq .
x kibʼan kʼax che leu wo saq r umal man utz tachik akayik .
riq ʼutu ʼm man kech ta le akʼala bʼ .
are na nim ta le atz ʼi ʼ chu wach lenutz ʼi ʼ .
xep etik xol kila ʼ .
¿jaw chi ʼ xata ʼ chex kam ri u mam ri po ʼx ?
e kebʼ kekʼam bʼik p atuj .
xin loq ʼ jun ja pari wokaj ja .
ria xtu ʼbʼ, kʼo qulaj chech .
jas karaj kaʼan chu tzakik leti ʼij .
xutij lewa .
xim bʼal re tzij .
x pa x ri b ʼo ʼj .
we kawaj k atin to ʼo xaq xu wi kabʼij chiwe .
jas nu kʼu ku ch ʼo bʼo .
jas karaj ku tijo ?
xe x ru xla bʼ ri ri kil .
e ni tz ʼa ʼq le taqimul .
we tane in xin bʼanowik , are le ate ʼ k x bʼanowik .
kin tzalij pa le nu tina mit .
ri nu chaq ʼ kʼo pauro ʼq ʼatoj tijonik pari tijo bʼal .
xin xi ʼj wi bʼ xin ch ʼawik .
kʼoch wa ro ʼ ch le pare .
chi raqan kabʼin wiri tata ʼ .
x sachon kanu ya ʼik le p waq che choja .
xin q ʼax chikixo ʼl ri win aq .
ke tikonik .
ri u lew man q ech taj , kech riqati ʼ tqamam .
xepe le win aq xol kikʼama ʼ .
xu loq ʼri wuj r umal ri ali .
chewe q ʼij kamik kʼo jun nu tzijonem chirij le nutina mit .
kej ri ʼ .
x kunan alaq ch we .
kin u sikʼij le nu nan .
ri i mul xu ch ʼij taj , x kanaj pa bʼe, r umal ri nimal ku jal uj ri i mul , x utz aqri a nim .
kubʼan ri uxoq ʼo ʼl ri aj tz ʼaq .
ri la sibʼalaj utz che kuna bʼal .
kʼi kiwach rie ʼ ajchaki bʼ pari komonty ox , kʼate kʼut xa jun chi ajaw xel ;
x qata chi xatu lik .
kawaj chik at ʼek .
ch ʼuti ʼn kekanaj ri xa ja bʼ chech .
kaqa xi ʼj q ibʼ kaqachapo .
e kʼokebʼ u kʼajol le tat x wan .
lu ʼ su bʼi ʼ ri rech am .
aj chi u wi ʼ mi q ʼin ja ʼ r il u ʼ .
xin yakan le nuchim pa kʼay bʼal .
kʼatex r ilo, xpe ri unan che utzukuxik , x kikotik , xu sala bʼisaj ri taq uxkin .
x kikʼut chi u wach ri ajtij xuquje ʼ chikiwach ri taq ni kʼaj kach il .
utz len uq ʼabʼ .
kul le al we ʼl pa a ustin chaq ʼabʼ kamik .
ri ate ʼ k x tz aq loq arechi kʼopa u wi ʼ ri q ʼa ʼm .
aj p atan ri te ʼk .
xatqaj chiupam ri il .
la kʼo tzij naki kʼoxomaj taj ?
x sachon chkechi xe atin ik .
ro nojel leu lew echala q .
laxe bʼe kʼulaxe ʼ kijaqa kʼule uchi ʼja ?
xaq kat ch ʼok na jiwir .
kamik kʼo chiri jas taq awe .
arechi ʼ kakʼis ri juna bʼ kʼoq ʼinom .
pana walja ʼ xina lexik .
na xintataj we are ri akʼal kix tz uquwik .
¡ ru lew ri sa bʼ u lo neru lew ri nef tal i, u bʼe ri polow , ru lew ri jordan, galile ʼ a kech ri je taq amaq ʼ !
rax , rax , rax , kʼokʼ , kʼokʼ , kʼokʼ le ruxla bʼ le taq tiko ʼn .
achi x at wilo .
paqal rajil le p ix kamik .
xoj bʼinik .
pajun je ʼl tijo bʼal ku tijoj ri bʼ jun akʼal , u bʼi ʼ po ʼ x , utz ku ri loke pa tijo bʼal ro nojel taq q ʼij .
x waj chi x at ʼe taj .
utz la ʼle xubʼij le achi .
weta ʼam jachin kap etik .
kin q ʼojoman ik .
xin q ʼi ʼo takʼalik xin p etik .
are ʼ reta ʼm che kinopan ik .
areta bʼal eqa qajaw ch at to ʼwik .
kawin aq waqibʼ q ʼataj .
naqaj chik cheri u waq kaj bʼal aretaq chi ʼ ksach u wach riq ʼij , kok ri q ʼeq u ʼm chu wachu lew , chi kʼate ʼ nari bʼeleje bʼ kaj bʼal .
jo bʼ raqan ri tz ʼalam xe poroxik .
sibʼalaj korij ri mop .
arewa ʼ .
jela ʼ pari ti minit ch wi kaby ok rech xelaj u ʼ, leq anan qa tat kakitikoj e ʼl alaj taqu wach ichaj .
kʼax nuqu l .
xu ʼl u kʼama ʼ .
ko jul kitzukuj .
are man kʼax tau kunaxik aretaq anin aq ka ʼilitaj we ya bʼil al xuquje ʼ mojo ʼ qakuya ʼ le kʼax kʼol il chech le jolomaj .
ri wel kʼopa tijonik .
kawaj kin bʼij .
ri kotz ʼi ʼj kqakoj chiupam ri ja .
q ʼeq q ʼoj rij ri ama ʼkej .
na x waj taj xin ch ʼawik .
chpe tabʼa le loq ʼalaj ja bʼ .
x sachon chke xat kisikʼij .
e leq ʼal ch ʼich ʼ .
jachin xa wilo chi arex tijow ri ti ʼj ?
mata kabʼe le nu x bʼal pa le tina mit .
pim ru q, ri ali .
¿ kʼori muq ʼe chi awech ?
kqabʼij man kekowin taj .
kintij na.
kʼo jun q at ʼu ʼ y paja !
kʼo puj chiupam rich ʼa ʼk .
aretaq kin kosik kin war ik .
xat wa ʼik xin wilo
in xin ch ʼayow le achi .
ko nojel ri ala xik ke ʼ etz ʼanik .
jas ru kʼ xkitij wile kirik il ?
anin aqil kat p etik .
na rax tau wach le juyu bʼ .
ri tz ʼalam tz ʼibʼa bʼal raxk kayik .
we ch at chakunik , kʼo awa.
ma ʼ tam xatpe cheri wa ʼim .
kamul kin wa ʼ na.
ri sikil k tijow ru kʼik .
kim bʼe aq ʼan ru kʼ le al tal in .
xoj ʼ e k xe ʼ qil alar qasok .
xe kiq ʼil le ajchaki bʼ x kiwok leja .
matane x waj le kʼu hj nem ru kʼ le ate ʼ k .
arexe ʼopan chiuchi ʼ ri juyu bʼ, xkilo chiman qas tak ʼo q ʼay es .
kʼate kʼut , ri jesusman k kojon tachkech rie ʼ are ʼ , r umal rech cheko nojel reta ʼm kiwach ,
pa ʼ tz rij ri tz ʼi ʼ .
juwin aq waqibʼ q ʼataj .
atel aq ʼom .
xaqat jo ʼs .
ri q ʼa tzu, are q ʼalaj ri uq ʼij il .
ajchak we ala.
u bʼelej u kakʼal taqanik (29) .
kebʼ nu bʼi ʼ kʼolik .
la katzalij l u ʼla anin aq ?
katzukun lach we .
lakaj la koj bʼe ʼ pa lechomal chwe ʼ q ?
xin na bʼej chu tasik qa kʼoli bʼal .
lal xin to ʼwik .
sibʼalaj ano ʼji bʼal .
xoj p etik xol q akʼama ʼ .
sibʼalaj je ʼ lik ri u wa ʼl ri ichaj .
kʼax wij r umal in pachalik .
aretaq xu kʼulmaj wa ʼ x ul ri u chomanik xubʼij : are utz wa aq ʼabʼ kin walij ik , arecha ʼ chanim kin opan pa tijo bʼal , maj chikin kʼulmaj .
ojaj xojo lo bʼ pa awasq ʼij .
xin sach che leu wokik le tzij .
e julajuj ri akʼ .
xuta jampa ʼ koj ʼek .
qil ik .
ri tijo xel man areta nim chu wach ri rajtij . ri utz tijo xel qas jeri ʼ kʼolik jas ri rajtij .
in x atin ch ʼayo .
no ʼjim chak wumal .
ch ʼu r ri jo ch ʼ .
inkin bʼij na kat sach taj .
uj maya bʼ .
ri abʼaj y atzalik .
tajin kepix bʼax ri akʼala bʼ .
chom ri aq .
xin wa rik .
elemen ko nojel ri akʼala bʼ .
tajin kq ʼ anarik ri we re ʼaj .
leu kemik lepas utz ( chawe ).
xuyu pubʼa u wach ra ʼ chi, kacha ʼ, .
ri satanas kok pari judas ri kbʼix iska ri ʼo tech rech , ri are ʼ jun ch kixo ʼl rie kabʼ lajuj .
chu chu ri par.
kinqumuj ri nu joch ʼ.
chech punción lumbar amaq ʼel rajawa xik chech ri lik leu kʼex bʼem wile na bʼe ru kʼ leu kabʼ u kʼutunem leya bʼil al .
q ʼalaj chi na kawaj taj kabʼij .
kʼoq ʼol chirij ri si ʼ .
jawi x oj ʼ ewi chu loq ʼik ?
kʼou loch ʼri tal in .
q ʼan rij ri ati ʼ tnukej .
la x tzalij la iwir ?
xe sikʼixik , kʼate kʼu ri ʼ xeyaj ik , xuquje ʼ xetaq bʼi cheu sikʼik lemes .
la kix warik ?
are kʼule paloma x xubʼij che : - mam kat bʼison taj , kin sikʼij ni kʼaj wachi ʼl kerapa pik .
a ʼ re e tijo xela bʼ .
ri alajali si ʼl xubʼij x q achappa utzal ri ty ox .
x sachon chke jachin xe atin ik .
jas xu rayij le anan xu tijo ?
xin kosik .
raxro nojel ri q ʼayes r umal leja bʼ .
kin yawa ʼwech ʼich ʼ pinem nautz .
no ʼjimu pach ʼuxik le nu wi ʼ .
naj kʼowi le wo ʼ ch chu wach le tijo bʼal .
ri okibʼal kʼochi u wach ri saq ja .
xe nu taq ch ʼij ke kil le akʼala bʼ .
kʼo jun q ʼo xowem chiwe .
tzari cho ʼm .
we choj bʼe pa le nimaq ʼij , keqil le aj xojo lo bʼ .
xoj ʼ e k xe ʼ qil alar qasok .
ri ate ʼ k xuta ʼ chech rinan to ʼn :-nan jas che ʼ chiman kaj tal aq akʼati saj ri jo ʼq .
ri pal sibʼalaj xu ʼ y .
kin koj ri jok bʼal u lew .
inkin bʼij na kat sach taj
atraj kun le nu nan .
ku qamuju joron ri aj tzij .
lu ʼ tz ʼalam u bʼi ʼ ri achi kel pa nim che ʼ .
je ʼ lik uti ʼjol al ri saq ko ʼ r .
kʼo jun xa ʼ r paja .
xin loq ʼ jun kʼakʼ p atan .
kʼax u kemik lepas awumal .
anin aq u kemik le pasa wumal
rich ʼa ʼn sachin aq pataq abʼix .
rax taq le kotz ʼi ʼj .
mesom kanoq riupam ja .
man are tar ala x kosik .
ri komon xech pu p rech uq ʼabʼ tina mit xo ʼl abʼaj rech q ʼu markaj .
lautz akik kʼu su bʼ tajin ku ʼ ano ?
katela !
na xutij taj .
xar umal keta ʼm ko nojel ri win aq kkiqumuj leja ʼ .
iwir xuj tzalij la pa kʼay bʼal .
qeta ʼm cheri qawaku ju to ʼo .
ri ajtij , kya jon chikech ri akʼala bʼ .
jas u bʼanom le nu ch ʼuti tat ?
chwe ʼ q kin bʼe pa nim tina mit .
utz we kiweta ʼmaj jas ku bʼij ri chol bʼal q ʼij .
tajin kat j ilow che uq ʼoxom jolomaj .
xin tik q ʼax chiu wach ri ja .
kʼax le kibʼe le win aq .
loq ʼ kat kun taj che leya bʼil (covid-19) .
ri nu xibʼal kel pa qaj bʼal q ʼij .
xril ri axwan chi x wa ʼ ri ala .
lea lix kunatajik .
weta kape leja bʼ kamik .
xin weta ʼmaj china xat pe taj .
ri p waq rech we q ʼataj ri ʼ kesax chech ri toj bʼal kʼayin em .
k tij ri u wa ʼlik r umal ri kinimaq ʼij .
xuchapuku na xik .
chatan loq al i.
xin xu li ʼ q aj oq .
je ʼ lik k tijow ri taqik ox .
kʼate kʼu ri le tat xo ʼ r xubʼij , man kawaj taj , man kawaj taj .
kʼo jun tz ʼi ʼ pa bʼe .
kamul xin peche atzukuxik .
man tajin takin chakunik .
kin chakunik rech kat wa ʼik .
jas ru kʼ x awil wichi xkiqupij wile ti ʼj .
jas u bʼixik … ?
koq ʼri akʼal .
kawaj na kat ʼe taj .
xat q ʼajik .
we m nacha loq ʼaxiy al , na kim bʼe ta awu kʼ .
xopan le wuj awu kʼ r umal wech in .
are kʼut pa le juyu bʼ kkʼiy joron, chila ʼ xe kikʼam awiri ja ʼri win aq .
koq ʼri akʼal .
we kʼo a rajil cha kʼamal oq .
are sibʼalaj kaq leapo ʼt chu wach le nu po ʼt .
xin kʼas taj paka bʼ lajuj kaj bʼal .
kaqoy ʼej na kixpe taj .
kokaxim ri chij x ajela ʼman kanimaj ta bʼik .
ri kokno jim x bʼe k , xu ch ʼijo xopan pau kʼis bʼalil lea nim .
xoj ki ʼ kotik aretaq xatulik .
kaq itz ʼ naj ri uxa ja bʼ ri akʼal .
ri jesusk wa ʼkat pari nim rachoch ri dyos, chuxe ʼ ri jun jache rachoch ri salomon .
we taqanik ri ʼ ku bʼij chi rajawa xik kya ʼ uq ʼij ri win aq xuquje ʼ kto ʼanin aqil .
ria xu x are na ri ukunel ri kin aq ʼ .
aretaq wa ʼri uq ʼijol we taqanik .
kʼo jun ta bʼal pau wi ʼ r ixkan ul u bʼi ʼ lajuj no ʼj .
yu ʼl u bʼanom ri u kolo bʼri kej .
xa nimaj ri akʼal chi u wach ri u chu ch .
k kunan ri achi .
kin wa ʼik rech na kin yowaj taj .
aj xik ch ʼich ʼri lu ʼ s .
kwaj che ix kix bʼanowik .
a ʼre xeto ʼwal aq .
xoj ʼ e k xe ʼ qil alar qasok .
xin loq ʼ jun ch ʼich ʼ, qajin aq u wach .
ku tʼis ri p an tal on .
e janipa le awal kʼwa le kʼolik ?
utzu kemik lepas chawe .
ri max are aj q ʼani ya ʼ .
mat abʼa chiri q kʼaxpa le bʼe .
tajin kanimaj , ri me ʼ s .
ix i xe ʼl aq ʼoma bʼ !
x sachan chwe.
e kʼokʼi che ʼ , chi u wach ri juyu bʼ .
arewa ʼ ri nimalaj p ixa bʼe arewa ʼ ri na bʼe .
x reta ʼmaj chiru kʼ p akʼ ku tij wi
jas utz akik lesu bʼ xu ʼ ano ?
aj xo ʼy ri wikan .
we tane a ʼ re xetijow le ri kil , are le komon xetijowik .
sibʼalaj anin aq kach ʼaw le are ʼ chi nu wach in .
utz we kin chakuj .
me ʼ s la ʼ .
kʼo kan wa rech kaqatijo .
xin sikʼij la .
ri akʼal x sach kanoq jela ʼ pataq ʼaj .
xe sikʼij la.
jawi x kibʼij wi chike ʼe wi?
r umal che, man ixta ri ʼ ri kix ch ʼawik , are ri ru xla bʼa xel ri i tat ri ʼ ri kch ʼaw na iwu kʼ ri ix .
kʼakʼ r iwachoch .
sibʼalaj utz kin wil le atz ʼ yaq rech nahuala .
saq por k kay ri kipo ʼt ri nan .
x sachon ri nu chak chwe.
wa ʼim xuchapo .
ri q ʼaq ʼ tajin kajuluwik .
najil u pam ri si wan .
e kʼo ri qachalal pa chi u wi ʼ la.
jas xa taq chi ʼj le akʼal chu tijik ?
no ʼ jimu kemik le pasa wumal .
kʼo jun ku ku bʼi ʼ t intin , wa ʼle laj ku kmam kaj e qitaj , kap aqi kax u lik pau wi ʼ uq ʼabʼ taq che ʼ , sibʼalaj sakʼaj , ke ʼ uto lee nima ʼ q , ch ʼutin , rachi ʼl , aj sipanel sibʼalaj utz ra nima ʼ .
ri u p ixa bʼ leq ʼat bʼal tzij kiya ʼu bʼixik .
na x sachon tachke xe atin ik .
xeqil le chik oppu wi leja .
x lo ʼ taj ri akʼal .
qo nojel kuj wa ʼ pau wi ʼ rimexa.
xsik ir le waq an .
la x at wa ʼ kʼut ?
nimu bʼaq ʼri tulul .
kin x ikʼik ʼik xin q ʼaxik .
la kat bʼe pa le tina mit ?
ri pal sibʼalaj saq ʼor .
k q ʼo xow nu jalom .
xin na ʼo chi kat p etik .
x loq ʼu lew iwech ix .
x inchakun ru kʼ ri nu mam .
na x qabʼantaj .
k kʼoji ʼ bʼa ʼri u sipanik ri ajaw xel jesusk ri stor u kʼ ri awuxla bʼal !
kin ch ʼaw ru kʼ le nu nan pa lech ʼawe bʼal .
sibʼalaj q ʼeq u ʼm r umal ri may ul .
are leba xulik .
xe kos le ixoqi bʼ pa le bʼe .
kʼax ri lik le akʼal chawe .
xin q ʼi ʼo xin atin pa joron .
sibʼalaj nim le tina mit .
kʼax u kemik lepas awumal .
xin sachik .
tajin kelu kikʼel pa raqan ri tz ʼi ʼ .
x inweta ʼmaj ri lik wibʼ
ri q ʼuq ʼ are jun je ʼl chiko p.
kʼopa ja tijo bʼal ri wikaq ʼ .
ri sachi bʼal mak rajwa xik chiqa xo ʼl .
je ʼ, kim bʼek .
jela le ʼ ri nu p wi ʼ .
xubʼij che: - jas xa bʼanot intin ?
kabʼan jun toq ʼobʼ kyak ri nu jal .
kat ʼek xin ta.
jas leu kʼex bʼem ri bʼ lejun ru kʼ le jun chik ?
aj chi u wi ʼ mi q ʼin ja ʼ r il u ʼ .
ri tijonel naj kpe wi.
te ʼ kix cho bʼ u bʼi ʼ ri nu tat .
ri ja ʼ kamiq ʼik chi u wach ri q ʼaq ʼ .
ri tʼu ʼ yk paq ʼowik .
kin meson na.
naqaj at kʼowichi wech .
xin bʼisonik taq na xat p et taj .
we x kam ri win aq, ri p waq rech toj bʼal makaj kya ʼ chikech ri r ala xik .
ri nu nan x bʼe pa kʼay bʼal .
xoj u kʼam u loq rech koj ri lo
x kʼoto chin chikiwach chikin wa ʼ awu kʼ .
na x kikamsaj taj x kikʼam bʼi choja .
kʼakʼ ri ikʼ kamik .
xim bʼe ru kʼ leaj kun iwir .
ri lik .
le tz ʼi ʼ xekosik .
xin kikota wumal .
ri i mul xu maj ri a nim , xu yakan lekok .
kʼo oj cheri akʼal .
xuj bʼe pajun kʼulanem .
utz we k waral aq .
kaqilo china koju kʼam taj .
x reta ʼmaj chiru kʼ p akʼ ku tij wi.
sibʼalaj xin kʼa ʼ narik .
xin kochij ri nu wa .
man kat kowin taj kat chakunik , we man kʼotari ajila bʼal .
we wo non xubʼij chike : - kixin to .
ri ala nim k r il wiri u mam .
x ka ʼy chirij , xka ʼych u wach , ma kʼotachi jun k silo bʼik , xoq ʼik xu xe ʼ j ri bʼ x ch ʼopin ik x tzalij loq xu riqtachik ri u bʼe .
kʼopu s cheri wa.
pinem na kabʼ elewatz , kim bʼe wi in paka ʼyi bʼal .
ri na nto ʼn nim win aq chik , saqu wi ʼ, ro nojel aq ʼabʼ utz kuna ʼo ka tʼuyi ʼ pau tem , ku miq ʼisaj ri bʼ chori q ʼij , kʼo junu wi ʼ umam u bʼi ʼ ate ʼ k .
man e kʼi taj ri qula ʼ .
q ʼalaj chi na kawaj taj kabʼij
x paq abʼisax rajil ro nojel ri kem .
kʼopa ri jul ri kumatz .
ro nojel q ʼij kin ch ʼaj le nu ware .
saq chikan le ichaj rech katz ako .
chuxe leq achomal kaqatij wi jun q ameq ʼin .
chawila ʼ .
e kʼojo bʼ u mi ʼ al, ri nu tat .
jas ru kʼ x awil wi
je ʼ jas ri win aq rech ri u wachu lew , xoquje ʼ kepena ri ʼ rie ʼ are ʼ chee rech ri u wachu lew ; je ʼ jas ri win aq rech ri kaj , xoquje ʼ kepena ri ʼ rie ʼ are ʼ e rech ri kaj .
xin tijo .
k tz ʼu ju wri rachoch ripo ʼx .
xuq ʼi ʼo are leu kʼulel x ya ʼow u wa.
ri awel x reta ʼmaj chi rajawa xik man ku xej tari bʼ cheri tuku r .
ju kʼulaj win aq xe ʼa nimaj bʼik .
je ʼ, xin tzalij ik .
xoj p etik xol q akʼama ʼ .
maj jachin x ʼek .
in ajtij ; at tijo xel .
saqu wi ʼ ri tata ʼ .
we ch rik em .
le ro ʼ ch le ate ʼ k kʼoch wach leu kʼay lenun an .
kbʼe pari siri ʼ a e pari silisi ʼ a, jawi je ʼ kuya wiri kichuq ʼabʼ ri komonty ox .
p ixa bʼ : man utz taj kʼax kujch ʼaw chikij ni kʼaj qach il .
x kunataj le ali ( kumal ri ixoqi bʼ ).
ri xibʼi bʼal chi kʼowi pataq riq akʼas lemal ro nojel q ʼij .
na kuj warta waral .
on che kkʼoji ʼ ri utzil chixo ʼl , arech junam ri qa kojonik, junam ri iwechi x ru kʼ ri wech in .
pa ox q ʼij ri sa ʼn kbʼe naru kʼ ri aj kun .
kawin aq wuqu bʼ .
jas kawaj kin tijo ?
we taxat bʼew u kʼ pa le tina mit , xa loq ʼ tala ʼ leu jas taq le akʼajol .
kebʼe pa wa ʼim .
xin loq ʼkʼi wa.
pajun nim kʼache ʼlaj , kʼo jun kʼwa ʼ sibʼalaj saq loloj , nimu wach .
kwaj katij ju bʼa ʼwa.
ro nojel win aq k r il nari u kolonem ri dy os » .
x kʼoto chin chikiwach chikin wa ʼ awu kʼ
kwaj na kat ʼe taj .
laxa loq ʼ juna lej ?
e kʼo rie loq ʼoman el .
riu kabʼ u bʼi ʼ ri nu mama rey ay .
kin jopij ri ija ʼ rech triko .
x na ʼ taj chkexe atin ik .
xate ʼ q ila ʼ .
kakitij alan xa x ri win aq .
. . . kin bʼij chi arewa ʼsinxi ʼ an.
na xin na bʼej tach u tasik qa kʼoli bʼal .
r umal rech cheweri in, kin ch ʼaw ru kʼ ri dyos pach ʼabʼal , kch ʼaw na kʼu ri ʼ ri wuxla bʼal ru kʼ ri dyos, kʼate kʼut man kʼota u p atan ri ʼ ch rech ri nu choma bʼal .
xepe tik xkilo .
xuta we kat ʼek .
utzu kemik lepas chawe .
ri nu wa kax xutij jun q ʼoq ʼ r umal ri ʼ x kamik .
r umal ri kʼix , man kewa ʼ taj ri win aq .
xe ʼu lik .
q ʼeq rij ri ama ʼ chij .
x rajka ʼ ele unan .
junam kijuna bʼ .
naq ʼalaj taj we kaʼek .
ri wix nam ch ʼajch ʼoj ri rachoch .
waral man kʼotaj ajawa l .
na iwir ta xril le kʼamol bʼe .
xin peloqte kʼu ri ʼ xin tzukuj ro nojel ri nu rajil .
ri aj tiko nel kutik ri tzij .
kʼo e ki kʼajol le achija bʼ .
ku tij q ʼayes ri ixpa ʼ ch .
pari wa ʼbʼa le kʼo kawin aq achija bʼ .
sipoj in aqri nu pam .
kaya ʼ tajik ru kʼuti ʼonem jun ri u riqom leya bʼilam olot setsé xuquje ʼ are kaya ʼ taj pataq ri juyu bʼ .
jachin ri achi ?
ri nu mam x kamik aretaq kʼo jumuch ʼ lajujujuna bʼ .
kin kowinik kin kʼam bʼi le p waq .
kin wilo chi utz ri aji ʼ .
xin q ʼil ri apo ʼ x che man kachakun taj .
k wa ʼ chi u wach le taq ʼaj r iama ʼ akʼ .
ri i mul xepoq ʼik pajun ikʼ .
x kʼis kanoq ri qachak .
are ri ali xoj ilow kanoq .
sibʼalaj ch ʼu ʼj ri ama x .
kʼo nu wachi ʼ .
in chajin el kech le akʼala bʼ .
xekos letz ʼi ʼ .
kin bʼe naku kʼ ri molaj .
ro nojel aq ʼabʼ kinyi tz ʼ ri wa kax .
karapin ik xu tzukuj chi jun awaj .
leu kemik le pasan in aq ( awumal ).
maju rajil leq ʼabʼ arel .
kʼax ri ʼ ri kach ʼawik .
x oj u taq chi ʼj le achi chu loq ʼik ichaj .
sibʼalaj kʼax ri x kʼulmaxik .
xkilo china kin kʼoxomaj taj .
x na ʼ taj chkechi xe atin ik .
x kʼoto chin chikiwach chixoj al wo ʼ qaku kʼ .
jun q ʼu ʼ q rajil ri kaxla ʼn wa.
xin wilo chi xe ʼel ik .
e kʼo ixoqi bʼ pa le kʼay bʼal .
man kʼotaj u kʼisik ri maya bʼaj la bʼalil .
ri sin k kʼiy pataq ʼaj .
rich ʼi ma man k kʼiy taj pataq ʼaj .
rajawa xik kjik ik ri waq än .
kawaj kin ʼek .
e kʼo oxibʼakʼ .
xubʼij chwe jawi at kʼowi.
chwe ʼ q kuj bʼe ʼ pa muq uj .
pasaq kʼaj a ʼ kbʼan wiri uq .
xoj kisikʼij .
xin wil wi bʼ .
chaq ʼ chik ri wa.
kim bʼe na kapa le wo ʼ ch .
kawaj kin ʼek .
rich ʼu ʼ k tij ru kʼlej .
pari kiq ʼij kamin aq ibʼ kbʼan q ʼori kʼya ʼ rech aj : na bʼe rinan kutzukuj kan ri aj , kujach ʼo ʼ xuquje ku kʼ e to .
jas kaj bʼal chanim ?
utzu chomanik ri ali .
pari q ʼij oxlajuj tijax kin kʼis kebʼ juna bʼ kin chakun waral .
sibʼalaj ko , ri kʼakʼ ch ʼat .
jas karaj kubʼij … ?
rich ʼich ʼ kasila bʼik .
pa ojerq ʼal p ul xaq xu wiri nim win aq kekʼamow bʼe .
leu kunaxik leu kabʼ u kʼutunik are ru kʼ e flor ni tina on u tuni bʼaxik le ni furtimo x chi ʼ le flor ni tina chech t . b . g .
are ri achi xin ch ʼayowik .
jun achi u bʼi ku ʼ x u sipaj kebʼ kʼa ʼm u lew rech kabʼan ri tijo bʼal , kamik , kʼochik ajtij rech ri komon xech pu p .
xu malty oxij cheri ajtij ro nojel le xu kʼut chi u wach .
pari bʼex kiraq junala jimul saq rij , x kikʼam bʼik .
xril le bʼa le ala .
jas ku bʼij chwe?
leu kunataj em are ru kʼ utzukuxik le uchi kopil pajun u soliku xe ʼ le kikʼ on leja ʼ rech jun nodo .
utz wen utz ʼi ʼ .
je ʼ, tajin kachaponik .
kin u loq ʼoj le nu tat .
kawaj kim bʼe pa tina mit .
arela ʼ kin chakuj .
ri nima ʼ q taq win aq kʼoketa ʼma bʼal .
weta xat bʼew u kʼ pa le tina mit , xa loq ʼ tawa ʼwe jas taq .
ri kikʼas lemal . wa iximu lew xa jun chima areta tini mit ri ma
riu kʼya bʼal na jupam .
xatqaj chiupam ri il .
no jim kat wa ʼik .
we kʼo jun ktu qa ʼ rik , ¿ la man xoquje ʼ taj kin tuqa ʼ r ri in ?
oj oj wokol ja .
awas kbʼan kʼax che jun nim win aq .
xin ch ʼaw apan ru kʼ lewa na bʼ .
kʼax ri u pam ri ju ʼl .
tajin kewa ʼri i mul .
lakaj lakuj tzalij la anin aq ?
r umal rech cheri makaj man kʼota u kowinem p iwi ʼ ri ix : ri ixman ix kʼota chi chuxe ʼ ri p ixa bʼ, xane ix kʼo chuxe ʼ ri sipanik .
nim raqan leche ʼ .
xin chapo .
are le tu ʼ r le loq ʼoman el .
xas kat kʼoji ʼ chiupam rich ʼich ʼ .
sibʼalaj nim raqan ri kʼamal bʼe .
le tz ʼibʼa bʼal wech in .
in xin to ʼw la .
xa je kʼu ri ʼ ri ix kamik ri ʼ man ix kaxlan win aq tachik ; ri ix , ix rech ri kitini mit ri ety oxlaj taq win aq, ix rech ri rachoch ri dyos .
xin tiko xlaj kʼal ichaj .
kaqariq q ibʼ chwe ʼq .
sibʼalaj utz cheri wi ʼaj ri tuney .
we na jupulik ta xeqajik . . .
xin to ʼ taj cheri nu chak .
kʼo jun chiko pu bʼi ʼ pu m .
poq on ri ik .
xoj bʼinik .
xu ch ʼe kro nojel le reta man ik x paq i ʼ k kʼax kwʼin ik xubʼan aj kun .
kel u bʼik pari jude ʼa e k tzalij chiu bʼi jumul pari galile ʼ a.
xina xibʼij pa bʼe .
je ʼl kʼolem chi awachoch .
ro nojel ri ya ʼ tal il pa we q ʼataj , tz ʼaqat kiwach , man k tz aq ta kanoq xuquje ʼ man ktas taj .
x u kunaj leyawa bʼ leaj q ʼij .
chi tata bʼej jas le kimbʼij .
ch ʼanal ri achi .
pa bʼo ko ʼ kachakun wiri tax .
uj kʼopa u wuqq ʼij .
ki ʼri u kabʼ ri aqaj .
kʼo rachalal pa tz ʼoloj che ʼri p e ʼl .
xkilochi kin kʼoxomaj .
ri u ki sakʼu tz kya ʼik chiuxe ʼri tiko ʼn .
aretaq chi ʼ kaq ʼan pu wi ʼ ri juku bʼ, ri achi che x kʼoji ʼ ri itzel uxla bʼal ru kʼ , ku tach rech ri are ʼ , arechk kʼoji ʼ ru kʼ ri are ʼ .
na kabʼan taj ta wumal .
x na ʼ taj chkexe atin ik .
xin paj ri nu triko .
xe ʼ ok rip ok ʼ pa ri u mexaripo ʼx .
kajul u wri aq ʼa ʼl chiuxe ʼri tʼu ʼ y .
awech leja .
xuj bʼe pa tzur ik .
na bʼe x at opan ik .
riu kabʼ u bʼi ʼ ri nu mama rey ay .
u waj xaq u kakʼal taqanik (28) .
mata kʼo jun kakanaj kanoq , qo nojel koj bʼe k .
e nima ʼq le al toma bʼ .
nimu wach ripo ʼt .
kojonik pari utzij wa iximu lew .
jas xu kʼam bʼi letz ʼi ʼ xa wilo ?
xin p etik , tat .
ri bʼelaju wach .
chi tata bʼej jas ri kim bʼij .
je ʼl kuna ʼri abʼix chiupam ri ququ lew .
kin bʼisoj u wach lew al .
xu tʼuyu bʼa ʼ .
nim ri aw eqele ʼn xa riqo .
xin e ʼ wa ʼ oq .
chi ʼ kewa r wile akʼala bʼ .
ri nu mi ʼal xu taq loq jun taqo ʼm wuj chiwe .
q ʼe ʼ lik , rich aj pari bʼe .
lautz awach ? - utz malty ox , e kʼu ri at ? – utz malty ox .
xin kos r umal nu chak .
kbʼe ku kʼ rie ʼ are ʼ e k tzalij pari na sarete ke ʼu nimaj .
ri joj xu kʼam bʼik ri akʼ .
kʼochi wachi ʼl chanim .
ku bʼij chech na ʼl kabʼan cheri atz ʼibʼ .
e . . . in kawaj katz joj bʼi la chwe.
mata xin yaj le ali .
jachin ru kʼ kat bʼewi?
kʼo sibʼalaj eta ʼma bʼal pari maya bʼ no ʼji bʼal .
e man xo ri jupuq kej .
kasu mum ri kaqiq ʼ .
e kʼokaji bʼ akʼala bʼ pa le bʼe .
je ʼ jas ri u tat k kaʼyik .
xaq at molon el tzij tal .
le nu tat kaloq ʼon chwe .
xaqtane kim bʼe iwu kʼ .
x reta ʼmaju ch ʼajik .
r umal la ʼ x koj “ xal q ʼat ” cheu bʼi ʼ ri komon .
are leu kemik pas x reta ʼmaj .
ri wa ti ʼt kubʼan nari u p atan .
kʼakʼ lepo ʼt .
reta ʼm u wach jachin x loq ʼow ripas .
kench ʼa bʼej le akʼala bʼ .
ya ʼ tal chaqe qo nojel ri uj win aq utz kaqilq ibʼ .
x koti ʼ paq ʼayes x oq ʼik .
kawin aq bʼeleje bʼ q ʼataj .
e kʼokaji bʼ r al ri imul, jun saq , jun q ʼan , jun q ʼeq , jun q ʼeq oj , sibʼalaj ketz ʼanik , kech ʼopin ik ri alaj taqimul .
kcholol ri achachal .
ke te kik ri ikʼ .
xep etik rechkewa ʼiwu kʼ .
tz atz ri uq ʼan il ri akʼ .
xoj tzalij ik xi xe ʼ qaq ʼat uj ku kʼ le itatinan .
ri yo ʼ x taq akʼala bʼ ke kikʼux ri atz ʼy aq .
we achiwe xu sipaj jun po ʼt chwe x kamik .
k kowin ri kunan el che kunanik .
x ji q ʼ pari polow .
xar umal sibʼalaj rajawa xik le loq ʼalaj ja ʼ, le win aq x kibʼij : chewe ikʼ ri ʼ qo nojel kuj bʼe cheu tikik taq che ʼ .
ri u na ne rie rachalal kepe u loq ru kʼ ri are ʼ , kʼate kʼu ri ʼ, man kekowin taj keq ibʼ u koq ru kʼ , r umal rech chee kʼo sibʼalaj win aq .
r umal rech , che man kʼota jun kkowin cheu kojik jun tiki bʼalil chik chu wach ri kojom chik che are ri jesus kristo .
te kʼu ri ʼ x utz ʼibʼaj ri bʼ pari nimalaj tijo bʼal rech aj ku ʼ n .
kajul u wrich ʼu mil chaq ʼabʼ .
kʼis bʼal kanoq , xoquje ʼ kkam ri ixoq .
le ala xokik .
kʼo p waq pau wi ʼ rimexa.
are kawaj na kin ʼe taj .
ri yawal ku koj ri ali chiuxe ʼ ri chak ach are u su ʼ t .
na kaqakʼam tu ʼ bʼi kamik .
ri ajtij ku bʼij chike: rajawa xik keqachajij ri awaj , are u tiko ʼn ri ajaw .
xintij mukuni wir.
kʼax leu wi ʼ taq le nuq ʼabʼ .
xin loq ʼjunil bʼal wi bʼ .
wa ʼweq ʼij , nimu bʼantajik .
ri uxe ʼ al ri qatina mit man kasach taj .
xoj bʼinik .
ri achalal junam kiwach .
x inweta ʼmaj ri lik wibʼ .
nim ri una ʼoj w ajtij .
mi q ʼin ri kʼul .
aj q ʼojom ri ate ʼ k .
che le san ik che ʼ kbʼan wiriq ʼojom .
kape le awel pa nawal ja ʼ .
ri meso nel tajin kchakunik .
utz chaqe kaqato ʼq ibʼ , taq kʼokʼax kʼol il , kat e we chi ʼ n ri ajaw paqawi ʼ .
xa wilo, x q ʼatan le ibʼoy .
xat kowinik xa bʼano .
ki ʼri kʼawex .
kajil il ri bʼe .
le ali xel bʼik .
are ʼ x raj xin bʼano .
nim we abʼaj .
je ʼ lik uti ʼjol al ri saq ko ʼ r .
noj in aqri kej .
we katijan xu x man katuto ʼ tachi uq ʼatixik le kʼakʼ ya bʼil corona virus ( 2019 -ncov) .
na nim ta raqan wa ʼwe che ʼ .
utzalaj ajchak , ri wel .
¿jampa ʼ kuj bʼe pa nimaq ʼij ?
rajawa xik tane la ʼkat chakun wu kʼ .
xutaq chi ʼj pa waram pu lew .
man aretaria x wan xelik .
ri awix xu loq ʼ rachoch re nima l .
are ri ixoq xin sikʼin u loq .
rich ʼi ma kʼat ʼon na.
la xibʼan le ichak ?
kʼi tina mite kʼopach ʼo ʼj .
kʼo jupuq chij chiuxe ʼ ri che ʼ .
ri u xaq ri abʼix areu wari kej .
kawin aq q ʼataj .
la kixpe p atijo bʼal ?
we kechajix taq le kʼwa jachakin bʼij ; juna lik kʼo ja ʼ xuquje ʼ sibʼalaj saq loloj .
x reta ʼmaj .
ri ala bʼom ri al itoma bʼ tajin kikitijoj kibʼ rech su taq , arekakaj kikibʼan nimaq achija bʼ chupam ri kikʼas lemal, xuquje kʼochik jupuq bʼixonel chupam ri komon .
la tz ʼu wach ri bʼe .
kʼakʼ ri ach ʼich ʼ .
qo nojel uj , uj maya bʼ taq win aq .
nojel q ʼij ri ati ʼ x kuyuq ʼuj le taq awaj jela ʼ pani kʼaj ja ʼ, chirij ri juyu bʼ u bʼi ʼ tena ʼ .
paq ʼom chik risi ʼ .
kin tzukun che la.
kakitij le kin aq ʼ, le ichaj , leu wa ʼlik ru kʼlej .
xe kanaj kan le ajchaki bʼ .
ketik on ri achija bʼ .
sibʼalaj itzel u bʼantajik rich ʼil akan .
ri ate ʼ k xu malty oxij cheri rati ʼ t , r umal ri utzalaj no ʼj ibʼal xu kʼut chech .
k kamulixu chak ri abʼix .
la xin utzukuj le tijo xel ?
are ʼ kachakun ro nojel q ʼij .
lee kʼa ʼ na taq tz ʼi ʼ .
saq rij ri pla mux .
jas xaq ʼi ʼ ox atijo .
jas ru kʼ xkichap wi u tijik le ri kil ?
we katatin ru kʼ kʼatanja ʼman kuq ʼatej ta le kʼakʼ ya bʼil corona virus .
la kat bʼin pa le uxlan bʼal ?
la waral kʼux ix wa ʼ wi?
are le nu tat kin loq ʼon ik .
tajin kchakun ri ala.
kʼori ki ʼ kotemal awu kʼ .
xuta jachin ka ʼek .
xat wa ʼik xin wilo .
x tz aqri rachoch r umal ri ja bʼ .
pa le jun ikʼ chik are nimaq ʼij .
e kebʼäm kebʼin pau wi ʼ ri tem .
mem ri achi .
ri wikan ch ali ʼykel pa juyu bʼ ch wi tz iri bʼal .
le rajil , la paja xel aq ʼax wu ʼ bʼik ?
pari su ʼ t pisom wiri lej .
koj p etik kol q akʼama ʼ .
tajin kat ch ʼo p in chiu wach ri taq ʼaj .
leq ʼo r xch ʼuqik .
kʼax wa ʼim awumal .
kin bʼison che le wal .
sibʼalaj kʼokʼri awatz ʼy aq .
kamik xuj bʼe cheu tikik taq che ʼ pari juyu bʼ .
kin u loq ʼoj le nu tat .
chaqi ʼj chik ri chaj .
x yi lix h awayi .
na x na ʼ taj tachkechi xe atin ik .
ru kʼ kʼu wa ʼwe ri ʼ, ri ixk kʼoji ʼ jun utzalaj ikʼas lemal ri ʼ ch kiwach ri win aq che man e kʼota iwu kʼ , kʼate kʼu ri ʼ man kʼota jun win aqri ʼ rajawa xik chiwech .
e p etin aq pa bʼe le rachala xik .
kakaj le akʼala bʼ kewa ʼik .
xuj ch ʼay bʼik .
ri nu chak are q ʼaxel tzij .
kʼo naru xla bʼ ri awaj .
tajin kel loq , ri q ʼij .
x uq ʼi ʼ ox kamsax ri rachalal choch .
ri nu mam are kʼo uq ʼinomal .
x kʼulmataj jumul , xubʼan jun nimalaj ja bʼ, man x bʼeyetaj tana xu kʼis leu yuq ʼ chike .
ama ʼri nu tz ʼi ʼ .
jewa ʼkat p etik .
xin kosik r umal xin chakunik
iwe ch chi jujunal , ri wa .
xuq ʼi ʼo na xata tin taj .
in ri q tajin aq pari kʼayi bʼal .
na weta ʼm taj .
kʼax le nuq ʼabʼ .
utz le xubʼij le achi .
kematz ʼibʼ .
kʼo rachalal pa tz ʼoloj che ʼri p e ʼl .
ro nojel wa ʼwe jas taqri ʼ, xas ksach wi u wach wa ʼ ; ru kʼ we ri ʼ, ri ix , rajawa xik che kʼo junty oxlaji kʼas lemal e kkʼoji ʼ ri ich ʼawem ru kʼ ri dyos,
x muq taj rip atz ʼan .
rich ʼich ʼ tzijom kanoq pari u kʼol bʼal .
man kʼota u cholaj pataq ri a wuj .
jachike ikʼ leu nimaq ʼij le tina mit nawal ja ʼ ?
xep etik xol kikʼama ʼ .
kachuq ʼ chu t ri ja ʼ chi apam .
xin bʼij iwir chi xebʼe pa armita.
are ʼ uxe ʼ ojertzij waral kʼi che ʼu bʼi ʼ .
x kʼis ri nu si ʼ .
jawi x kibʼij wi chike ʼe wi?
¡ xa je kʼu ri ʼ, jachin taq rie kʼo pari jude ʼ a, chi chanim che ʼ a nima ju bʼi pataq ri juyu bʼ,
kʼakʼ ri a bʼ .
la kʼo jun naka kʼoxomaj taj ?
nautz ta leu tʼisom le almariy .
man ya ʼ tal taj chi awekatok paja.
je ʼ, xatu tzukuj .
are kel waj xaq ibʼ uq ʼij rix kʼojik .
rix unku rk kʼoji ʼ pataq ri triko .
xin sachik .
xu tʼuyu bʼa ʼ
na nu tom ta letzij …
wa ch ʼom ri kiwa ri no ʼs .
e kʼojo bʼ ch ʼil wa kʼ .
rajawi xik chi pataq ri tijo bʼal , pani kʼaj u bʼixik chik
ri rajaw ru lew are ʼ tat kel .
we kʼu xokik , we kʼ na xok ta
we achi xu sipaj jun pʼot chwe.
atat u taqo ʼn leq ʼatal tzij .
naq ʼan tau wach le qap rut .
rixa ʼ r kʼopa u wi ʼ ri q ʼaq ʼ kpoq ʼowik .
ri ro q ʼej ri ali jacha kpejuna kʼal .
kʼo junalap atijo bʼal .
säq u wi ʼ ri tata ʼ .
ri wi tz ikʼ tajin kpe loq .
jawi x sachon wi kanu ya ʼik le p waq che .
utz we achi we xin kunanik .
qo nojel kuj wa ʼ pau wi ʼ rimexa.
ri kaxla ʼn ik man poq on taj .
in xin bʼe ru kʼ ri wachi ʼl .
sibʼalaj je ʼl x kilo xekitz oqopij ri kichij chila ʼ .
kin bʼinik xin ʼek .
kʼax kʼolik , kacha ʼ .
kutij ixim ri akʼ .
ri alixch el, xuq ʼi ʼo xa jun akʼ xsipax che .
x qa sikʼij le ixoq ch utz akiksu bʼ .
ma taxa bʼinsaj lech ʼich ʼ.
ri p ix tz ʼaralik r umal rieqa ʼn .
¿jampa ʼkel chi 3%
kʼo jun nu kʼotoj chi ʼaj .
tajin kewa ʼkat ri ala bʼom .
xin loq ʼ le nu kʼa kʼapo ʼt .
nautz akik tasu bʼ tajin ku ʼ ano
xoj u taq chi ʼij xoj wa ʼik .
iwech ri a bʼix .
saq rij ri chij .
aj sik cheri tina mit kel wiri tata ʼ .
- ¡ ay ! xa xin tz aq u loq , kʼax we waq an.
x kʼulmataj pajun komon chi ʼ u wach jun juyu bʼ, xu ri qa jun q ʼij x kiriq kibʼ junimul ru kʼ le kok .
jas xa taq chi ʼj le akʼal chu tijik ?
xin chapo suxu loq ʼo .
q ʼinom ri achi .
ri kʼum k tijow ru kʼ kabʼ .
tajin kejach ʼanik .
tz e bʼal u kemik le pasa wumal .
are kayo ʼw leu chi kopil leu bʼantajik t ry pa nosom ab ru cei.
we kat niman ik utz kelik .
perono ʼjimal p et naq loq , .
are le nuchak jun tz uq bʼal wi bʼ .
x kunax leyawa bʼ r umal leaj q ʼij .
ri u kʼu ʼ x tz ʼibʼ pa qatzij e lajuj .
sibʼalaj je ʼ lik rieqa bʼal xubʼan r il u ʼ s .
sibʼalaj at kon .
e man xo ri jupuq kej .
na x na ʼ taj tachke xe atin ik .
ri kʼamal bʼe xubʼij chike, chi maja ri a nim .
jumuch ʼri nu juna bʼ .
q ʼip tajin aqri raqan ri tem .
kchakun ru kʼ ri jos bʼal che ʼri ajan el .
xataq chi ʼj le akʼal chu tijik kar .
oj kʼopa le ro ʼch le awel .
¿ la kat pequ kʼ chwe ʼ q ?
le win aq pa lech ʼich ʼe tʼuyullo wi.
x kanaj kanoq chiuxe ʼ ri ja bʼ rich ʼa ʼn .
nim ri ja .
weta xaku naj le atat mata x kam la ʼ .
na nu kʼamom tu ʼla ri ʼ .
ch qa nu kʼu ʼ riqatzij .
kim bʼe pa le tina mit .
xin q ʼi ʼo na xin atin taj .
rajawa xik kakʼaman chawe leu tijik le lej .
kʼis bʼal taqno ʼji bʼal .
xin e ʼ wa ʼ oq .
x kibʼan kʼax che leu wo saq r umal man utz tachik akayik .
riq ʼutu ʼm man kech ta le akʼala bʼ .
are na nim ta le atz ʼi ʼ chu wach lenutz ʼi ʼ .
xep etik xol kila ʼ .
¿jaw chi ʼ xata ʼ chex kam ri u mam ri po ʼx ?
e kebʼ kekʼam bʼik p atuj .
xin loq ʼ jun ja pari wokaj ja .
ria xtu ʼbʼ, kʼo qulaj chech .
jas karaj kaʼan chu tzakik leti ʼij .
xutij lewa .
xim bʼal re tzij .
x pa x ri b ʼo ʼj .
we kawaj k atin to ʼo xaq xu wi kabʼij chiwe .
jas nu kʼu ku ch ʼo bʼo .
jas karaj ku tijo ?
xe x ru xla bʼ ri ri kil .
e ni tz ʼa ʼq le taqimul .
we tane in xin bʼanowik , are le ate ʼ k x bʼanowik .
kin tzalij pa le nu tina mit .
ri nu chaq ʼ kʼo pauro ʼq ʼatoj tijonik pari tijo bʼal .
xin xi ʼj wi bʼ xin ch ʼawik .
kʼoch wa ro ʼ ch le pare .
chi raqan kabʼin wiri tata ʼ .
x sachon kanu ya ʼik le p waq che choja .
xin q ʼax chikixo ʼl ri win aq .
ke tikonik .
ri u lew man q ech taj , kech riqati ʼ tqamam .
xepe le win aq xol kikʼama ʼ .
xu loq ʼri wuj r umal ri ali .
chewe q ʼij kamik kʼo jun nu tzijonem chirij le nutina mit .
kej ri ʼ .
x kunan alaq ch we .
kin u sikʼij le nu nan .
ri i mul xu ch ʼij taj , x kanaj pa bʼe, r umal ri nimal ku jal uj ri i mul , x utz aqri a nim .
kubʼan ri uxoq ʼo ʼl ri aj tz ʼaq .
ri la sibʼalaj utz che kuna bʼal .
kʼi kiwach rie ʼ ajchaki bʼ pari komonty ox , kʼate kʼut xa jun chi ajaw xel ;
x qata chi xatu lik .
kawaj chik at ʼek .
ch ʼuti ʼn kekanaj ri xa ja bʼ chech .
kaqa xi ʼj q ibʼ kaqachapo .
e kʼokebʼ u kʼajol le tat x wan .
lu ʼ su bʼi ʼ ri rech am .
aj chi u wi ʼ mi q ʼin ja ʼ r il u ʼ .
xin yakan le nuchim pa kʼay bʼal .
kʼatex r ilo, xpe ri unan che utzukuxik , x kikotik , xu sala bʼisaj ri taq uxkin .
x kikʼut chi u wach ri ajtij xuquje ʼ chikiwach ri taq ni kʼaj kach il .
utz len uq ʼabʼ .
kul le al we ʼl pa a ustin chaq ʼabʼ kamik .
ri ate ʼ k x tz aq loq arechi kʼopa u wi ʼ ri q ʼa ʼm .
aj p atan ri te ʼk .
xatqaj chiupam ri il .
la kʼo tzij naki kʼoxomaj taj ?
x sachon chkechi xe atin ik .
ro nojel leu lew echala q .
laxe bʼe kʼulaxe ʼ kijaqa kʼule uchi ʼja ?
xaq kat ch ʼok na jiwir .
kamik kʼo chiri jas taq awe .
arechi ʼ kakʼis ri juna bʼ kʼoq ʼinom .
pana walja ʼ xina lexik .
na xintataj we are ri akʼal kix tz uquwik .
¡ ru lew ri sa bʼ u lo neru lew ri nef tal i, u bʼe ri polow , ru lew ri jordan, galile ʼ a kech ri je taq amaq ʼ !
rax , rax , rax , kʼokʼ , kʼokʼ , kʼokʼ le ruxla bʼ le taq tiko ʼn .
achi x at wilo .
paqal rajil le p ix kamik .
xoj bʼinik .
pajun je ʼl tijo bʼal ku tijoj ri bʼ jun akʼal , u bʼi ʼ po ʼ x , utz ku ri loke pa tijo bʼal ro nojel taq q ʼij .
x waj chi x at ʼe taj .
utz la ʼle xubʼij le achi .
weta ʼam jachin kap etik .
kin q ʼojoman ik .
xin q ʼi ʼo takʼalik xin p etik .
are ʼ reta ʼm che kinopan ik .
areta bʼal eqa qajaw ch at to ʼwik .
kawin aq waqibʼ q ʼataj .
naqaj chik cheri u waq kaj bʼal aretaq chi ʼ ksach u wach riq ʼij , kok ri q ʼeq u ʼm chu wachu lew , chi kʼate ʼ nari bʼeleje bʼ kaj bʼal .
jo bʼ raqan ri tz ʼalam xe poroxik .
sibʼalaj korij ri mop .
arewa ʼ .
jela ʼ pari ti minit ch wi kaby ok rech xelaj u ʼ, leq anan qa tat kakitikoj e ʼl alaj taqu wach ichaj .
kʼax nuqu l .
xu ʼl u kʼama ʼ .
ko jul kitzukuj .
are man kʼax tau kunaxik aretaq anin aq ka ʼilitaj we ya bʼil al xuquje ʼ mojo ʼ qakuya ʼ le kʼax kʼol il chech le jolomaj .
ri wel kʼopa tijonik .
kawaj kin bʼij .
ri kotz ʼi ʼj kqakoj chiupam ri ja .
q ʼeq q ʼoj rij ri ama ʼkej .
na x waj taj xin ch ʼawik .
chpe tabʼa le loq ʼalaj ja bʼ .
x sachon chke xat kisikʼij .
e leq ʼal ch ʼich ʼ .
jachin xa wilo chi arex tijow ri ti ʼj ?
mata kabʼe le nu x bʼal pa le tina mit .
pim ru q, ri ali .
¿ kʼori muq ʼe chi awech ?
kqabʼij man kekowin taj .
kintij na.
kʼo jun q at ʼu ʼ y paja !
kʼo puj chiupam rich ʼa ʼk .
aretaq kin kosik kin war ik .
xat wa ʼik xin wilo
in xin ch ʼayow le achi .
ko nojel ri ala xik ke ʼ etz ʼanik .
jas ru kʼ xkitij wile kirik il ?
anin aqil kat p etik .
na rax tau wach le juyu bʼ .
ri tz ʼalam tz ʼibʼa bʼal raxk kayik .
we ch at chakunik , kʼo awa.
ma ʼ tam xatpe cheri wa ʼim .
kamul kin wa ʼ na.
ri sikil k tijow ru kʼik .
kim bʼe aq ʼan ru kʼ le al tal in .
xoj ʼ e k xe ʼ qil alar qasok .
xe kiq ʼil le ajchaki bʼ x kiwok leja .
matane x waj le kʼu hj nem ru kʼ le ate ʼ k .
arexe ʼopan chiuchi ʼ ri juyu bʼ, xkilo chiman qas tak ʼo q ʼay es .
kʼate kʼut , ri jesusman k kojon tachkech rie ʼ are ʼ , r umal rech cheko nojel reta ʼm kiwach ,
pa ʼ tz rij ri tz ʼi ʼ .
juwin aq waqibʼ q ʼataj .
atel aq ʼom .
xaqat jo ʼs .
ri q ʼa tzu, are q ʼalaj ri uq ʼij il .
ajchak we ala.
u bʼelej u kakʼal taqanik (29) .
kebʼ nu bʼi ʼ kʼolik .
la katzalij l u ʼla anin aq ?
katzukun lach we .
lakaj la koj bʼe ʼ pa lechomal chwe ʼ q ?
xin na bʼej chu tasik qa kʼoli bʼal .
lal xin to ʼwik .
sibʼalaj ano ʼji bʼal .
xoj p etik xol q akʼama ʼ .
sibʼalaj je ʼ lik ri u wa ʼl ri ichaj .
kʼax wij r umal in pachalik .
aretaq xu kʼulmaj wa ʼ x ul ri u chomanik xubʼij : are utz wa aq ʼabʼ kin walij ik , arecha ʼ chanim kin opan pa tijo bʼal , maj chikin kʼulmaj .
ojaj xojo lo bʼ pa awasq ʼij .
xin sach che leu wokik le tzij .
e julajuj ri akʼ .
xuta jampa ʼ koj ʼek .
qil ik .
ri tijo xel man areta nim chu wach ri rajtij . ri utz tijo xel qas jeri ʼ kʼolik jas ri rajtij .
in x atin ch ʼayo .
no ʼjim chak wumal .
ch ʼu r ri jo ch ʼ .
inkin bʼij na kat sach taj .
uj maya bʼ .
ri abʼaj y atzalik .
tajin kepix bʼax ri akʼala bʼ .
chom ri aq .
xin wa rik .
elemen ko nojel ri akʼala bʼ .
tajin kq ʼ anarik ri we re ʼaj .
leu kemik lepas utz ( chawe ).
xuyu pubʼa u wach ra ʼ chi, kacha ʼ, .
ri satanas kok pari judas ri kbʼix iska ri ʼo tech rech , ri are ʼ jun ch kixo ʼl rie kabʼ lajuj .
chu chu ri par.
kinqumuj ri nu joch ʼ.
chech punción lumbar amaq ʼel rajawa xik chech ri lik leu kʼex bʼem wile na bʼe ru kʼ leu kabʼ u kʼutunem leya bʼil al .
q ʼalaj chi na kawaj taj kabʼij .
kʼoq ʼol chirij ri si ʼ .
jawi x oj ʼ ewi chu loq ʼik ?
kʼou loch ʼri tal in .
q ʼan rij ri ati ʼ tnukej .
la x tzalij la iwir ?
xe sikʼixik , kʼate kʼu ri ʼ xeyaj ik , xuquje ʼ xetaq bʼi cheu sikʼik lemes .
la kix warik ?
are kʼule paloma x xubʼij che : - mam kat bʼison taj , kin sikʼij ni kʼaj wachi ʼl kerapa pik .
a ʼ re e tijo xela bʼ .
ri alajali si ʼl xubʼij x q achappa utzal ri ty ox .
x sachon chke jachin xe atin ik .
jas xu rayij le anan xu tijo ?
xin kosik .
raxro nojel ri q ʼayes r umal leja bʼ .
kin yawa ʼwech ʼich ʼ pinem nautz .
no ʼjimu pach ʼuxik le nu wi ʼ .
naj kʼowi le wo ʼ ch chu wach le tijo bʼal .
ri okibʼal kʼochi u wach ri saq ja .
xe nu taq ch ʼij ke kil le akʼala bʼ .
kʼo jun q ʼo xowem chiwe .
tzari cho ʼm .
we choj bʼe pa le nimaq ʼij , keqil le aj xojo lo bʼ .
xoj ʼ e k xe ʼ qil alar qasok .
ri ate ʼ k xuta ʼ chech rinan to ʼn :-nan jas che ʼ chiman kaj tal aq akʼati saj ri jo ʼq .
ri pal sibʼalaj xu ʼ y .
kin koj ri jok bʼal u lew .
inkin bʼij na kat sach taj
atraj kun le nu nan .
ku qamuju joron ri aj tzij .
lu ʼ tz ʼalam u bʼi ʼ ri achi kel pa nim che ʼ .
je ʼ lik uti ʼjol al ri saq ko ʼ r .
kʼo jun xa ʼ r paja .
xin loq ʼ jun kʼakʼ p atan .
kʼax u kemik lepas awumal .
anin aq u kemik le pasa wumal
rich ʼa ʼn sachin aq pataq abʼix .
rax taq le kotz ʼi ʼj .
mesom kanoq riupam ja .
man are tar ala x kosik .
ri komon xech pu p rech uq ʼabʼ tina mit xo ʼl abʼaj rech q ʼu markaj .
lautz akik kʼu su bʼ tajin ku ʼ ano ?
katela !
na xutij taj .
xar umal keta ʼm ko nojel ri win aq kkiqumuj leja ʼ .
iwir xuj tzalij la pa kʼay bʼal .
qeta ʼm cheri qawaku ju to ʼo .
ri ajtij , kya jon chikech ri akʼala bʼ .
jas u bʼanom le nu ch ʼuti tat ?
chwe ʼ q kin bʼe pa nim tina mit .
utz we kiweta ʼmaj jas ku bʼij ri chol bʼal q ʼij .
tajin kat j ilow che uq ʼoxom jolomaj .
xin tik q ʼax chiu wach ri ja .
kʼax le kibʼe le win aq .
loq ʼ kat kun taj che leya bʼil (covid-19) .
ri nu xibʼal kel pa qaj bʼal q ʼij .
xril ri axwan chi x wa ʼ ri ala .
lea lix kunatajik .
weta kape leja bʼ kamik .
xin weta ʼmaj china xat pe taj .
ri p waq rech we q ʼataj ri ʼ kesax chech ri toj bʼal kʼayin em .
k tij ri u wa ʼlik r umal ri kinimaq ʼij .
xuchapuku na xik .
chatan loq al i.
xin xu li ʼ q aj oq .
je ʼ lik k tijow ri taqik ox .
kʼate kʼu ri le tat xo ʼ r xubʼij , man kawaj taj , man kawaj taj .
kʼo jun tz ʼi ʼ pa bʼe .
kamul xin peche atzukuxik .
man tajin takin chakunik .
kin chakunik rech kat wa ʼik .
jas ru kʼ x awil wichi xkiqupij wile ti ʼj .
jas u bʼixik … ?
koq ʼri akʼal .
kawaj na kat ʼe taj .
xat q ʼajik .
we m nacha loq ʼaxiy al , na kim bʼe ta awu kʼ .
xopan le wuj awu kʼ r umal wech in .
are kʼut pa le juyu bʼ kkʼiy joron, chila ʼ xe kikʼam awiri ja ʼri win aq .
koq ʼri akʼal .
we kʼo a rajil cha kʼamal oq .
are sibʼalaj kaq leapo ʼt chu wach le nu po ʼt .
xin kʼas taj paka bʼ lajuj kaj bʼal .
kaqoy ʼej na kixpe taj .
kokaxim ri chij x ajela ʼman kanimaj ta bʼik .
ri kokno jim x bʼe k , xu ch ʼijo xopan pau kʼis bʼalil lea nim .
xoj ki ʼ kotik aretaq xatulik .
kaq itz ʼ naj ri uxa ja bʼ ri akʼal .
ri jesusk wa ʼkat pari nim rachoch ri dyos, chuxe ʼ ri jun jache rachoch ri salomon .
we taqanik ri ʼ ku bʼij chi rajawa xik kya ʼ uq ʼij ri win aq xuquje ʼ kto ʼanin aqil .
ria xu x are na ri ukunel ri kin aq ʼ .
aretaq wa ʼri uq ʼijol we taqanik .
kʼo jun ta bʼal pau wi ʼ r ixkan ul u bʼi ʼ lajuj no ʼj .
yu ʼl u bʼanom ri u kolo bʼri kej .
xa nimaj ri akʼal chi u wach ri u chu ch .
k kunan ri achi .
kin wa ʼik rech na kin yowaj taj .
aj xik ch ʼich ʼri lu ʼ s .
kwaj che ix kix bʼanowik .
a ʼre xeto ʼwal aq .
xoj ʼ e k xe ʼ qil alar qasok .
xin loq ʼ jun ch ʼich ʼ, qajin aq u wach .
ku tʼis ri p an tal on .
e janipa le awal kʼwa le kʼolik ?
utzu kemik lepas chawe .
ri max are aj q ʼani ya ʼ .
mat abʼa chiri q kʼaxpa le bʼe .
tajin kanimaj , ri me ʼ s .
ix i xe ʼl aq ʼoma bʼ !
x sachan chwe.
e kʼokʼi che ʼ , chi u wach ri juyu bʼ .
arewa ʼ ri nimalaj p ixa bʼe arewa ʼ ri na bʼe .
x reta ʼmaj chiru kʼ p akʼ ku tij wi
jas utz akik lesu bʼ xu ʼ ano ?
aj xo ʼy ri wikan .
we tane a ʼ re xetijow le ri kil , are le komon xetijowik .
sibʼalaj anin aq kach ʼaw le are ʼ chi nu wach in .
utz we kin chakuj .
me ʼ s la ʼ .
kʼo kan wa rech kaqatijo .
xin sikʼij la .
ri akʼal x sach kanoq jela ʼ pataq ʼaj .
xe sikʼij la.
jawi x kibʼij wi chike ʼe wi?
r umal che, man ixta ri ʼ ri kix ch ʼawik , are ri ru xla bʼa xel ri i tat ri ʼ ri kch ʼaw na iwu kʼ ri ix .
kʼakʼ r iwachoch .
sibʼalaj utz kin wil le atz ʼ yaq rech nahuala .
saq por k kay ri kipo ʼt ri nan .
x sachon ri nu chak chwe.
wa ʼim xuchapo .
ri q ʼaq ʼ tajin kajuluwik .
najil u pam ri si wan .
e kʼo ri qachalal pa chi u wi ʼ la.
jas xa taq chi ʼj le akʼal chu tijik ?
no ʼ jimu kemik le pasa wumal .
kʼo jun ku ku bʼi ʼ t intin , wa ʼle laj ku kmam kaj e qitaj , kap aqi kax u lik pau wi ʼ uq ʼabʼ taq che ʼ , sibʼalaj sakʼaj , ke ʼ uto lee nima ʼ q , ch ʼutin , rachi ʼl , aj sipanel sibʼalaj utz ra nima ʼ .
ri u p ixa bʼ leq ʼat bʼal tzij kiya ʼu bʼixik .
na x sachon tachke xe atin ik .
xeqil le chik oppu wi leja .
x lo ʼ taj ri akʼal .
qo nojel kuj wa ʼ pau wi ʼ rimexa.
xsik ir le waq an .
la x at wa ʼ kʼut ?
nimu bʼaq ʼri tulul .
kin x ikʼik ʼik xin q ʼaxik .
la kat bʼe pa le tina mit ?
ri pal sibʼalaj saq ʼor .
k q ʼo xow nu jalom .
xin na ʼo chi kat p etik .
x loq ʼu lew iwech ix .
x inchakun ru kʼ ri nu mam .
na x qabʼantaj .
k kʼoji ʼ bʼa ʼri u sipanik ri ajaw xel jesusk ri stor u kʼ ri awuxla bʼal !
kin ch ʼaw ru kʼ le nu nan pa lech ʼawe bʼal .
sibʼalaj q ʼeq u ʼm r umal ri may ul .
are leba xulik .
xe kos le ixoqi bʼ pa le bʼe .
kʼax ri lik le akʼal chawe .
xin q ʼi ʼo xin atin pa joron .
sibʼalaj nim le tina mit .
kʼax u kemik lepas awumal .
xin sachik .
tajin kelu kikʼel pa raqan ri tz ʼi ʼ .
x inweta ʼmaj ri lik wibʼ
ri q ʼuq ʼ are jun je ʼl chiko p.
kʼopa ja tijo bʼal ri wikaq ʼ .
ri sachi bʼal mak rajwa xik chiqa xo ʼl .
je ʼ, kim bʼek .
jela le ʼ ri nu p wi ʼ .
xubʼij che: - jas xa bʼanot intin ?
kabʼan jun toq ʼobʼ kyak ri nu jal .
kat ʼek xin ta.
jas leu kʼex bʼem ri bʼ lejun ru kʼ le jun chik ?
aj chi u wi ʼ mi q ʼin ja ʼ r il u ʼ .
ri tijonel naj kpe wi.
te ʼ kix cho bʼ u bʼi ʼ ri nu tat .
ri ja ʼ kamiq ʼik chi u wach ri q ʼaq ʼ .
ri tʼu ʼ yk paq ʼowik .
kin meson na.
naqaj at kʼowichi wech .
xin bʼisonik taq na xat p et taj .
we x kam ri win aq, ri p waq rech toj bʼal makaj kya ʼ chikech ri r ala xik .
ri nu nan x bʼe pa kʼay bʼal .
xoj u kʼam u loq rech koj ri lo
x kʼoto chin chikiwach chikin wa ʼ awu kʼ .
na x kikamsaj taj x kikʼam bʼi choja .
kʼakʼ ri ikʼ kamik .
xim bʼe ru kʼ leaj kun iwir .
ri lik .
le tz ʼi ʼ xekosik .
xin kikota wumal .
ri i mul xu maj ri a nim , xu yakan lekok .
kʼo oj cheri akʼal .
xuj bʼe pajun kʼulanem .
utz we k waral aq .
kaqilo china koju kʼam taj .
x reta ʼmaj chiru kʼ p akʼ ku tij wi.
sibʼalaj xin kʼa ʼ narik .
xin kochij ri nu wa .
man kat kowin taj kat chakunik , we man kʼotari ajila bʼal .
we wo non xubʼij chike : - kixin to .
ri ala nim k r il wiri u mam .
x ka ʼy chirij , xka ʼych u wach , ma kʼotachi jun k silo bʼik , xoq ʼik xu xe ʼ j ri bʼ x ch ʼopin ik x tzalij loq xu riqtachik ri u bʼe .
kʼopu s cheri wa.
pinem na kabʼ elewatz , kim bʼe wi in paka ʼyi bʼal .
ri na nto ʼn nim win aq chik , saqu wi ʼ, ro nojel aq ʼabʼ utz kuna ʼo ka tʼuyi ʼ pau tem , ku miq ʼisaj ri bʼ chori q ʼij , kʼo junu wi ʼ umam u bʼi ʼ ate ʼ k .
man e kʼi taj ri qula ʼ .
q ʼalaj chi na kawaj taj kabʼij
x paq abʼisax rajil ro nojel ri kem .
kʼopa ri jul ri kumatz .
ro nojel q ʼij kin ch ʼaj le nu ware .
saq chikan le ichaj rech katz ako .
chuxe leq achomal kaqatij wi jun q ameq ʼin .
chawila ʼ .
e kʼojo bʼ u mi ʼ al, ri nu tat .
jas ru kʼ x awil wi
je ʼ jas ri win aq rech ri u wachu lew , xoquje ʼ kepena ri ʼ rie ʼ are ʼ chee rech ri u wachu lew ; je ʼ jas ri win aq rech ri kaj , xoquje ʼ kepena ri ʼ rie ʼ are ʼ e rech ri kaj .
xin tijo .
k tz ʼu ju wri rachoch ripo ʼx .
xuq ʼi ʼo are leu kʼulel x ya ʼow u wa.
ri awel x reta ʼmaj chi rajawa xik man ku xej tari bʼ cheri tuku r .
ju kʼulaj win aq xe ʼa nimaj bʼik .
je ʼ, xin tzalij ik .
xoj p etik xol q akʼama ʼ .
maj jachin x ʼek .
in ajtij ; at tijo xel .
saqu wi ʼ ri tata ʼ .
we ch rik em .
le ro ʼ ch le ate ʼ k kʼoch wach leu kʼay lenun an .
kbʼe pari siri ʼ a e pari silisi ʼ a, jawi je ʼ kuya wiri kichuq ʼabʼ ri komonty ox .
p ixa bʼ : man utz taj kʼax kujch ʼaw chikij ni kʼaj qach il .
x kunataj le ali ( kumal ri ixoqi bʼ ).
ri xibʼi bʼal chi kʼowi pataq riq akʼas lemal ro nojel q ʼij .
na kuj warta waral .
on che kkʼoji ʼ ri utzil chixo ʼl , arech junam ri qa kojonik, junam ri iwechi x ru kʼ ri wech in .
pa ox q ʼij ri sa ʼn kbʼe naru kʼ ri aj kun .
kawin aq wuqu bʼ .
jas kawaj kin tijo ?
we taxat bʼew u kʼ pa le tina mit , xa loq ʼ tala ʼ leu jas taq le akʼajol .
kebʼe pa wa ʼim .
xin loq ʼkʼi wa.
pajun nim kʼache ʼlaj , kʼo jun kʼwa ʼ sibʼalaj saq loloj , nimu wach .
kwaj katij ju bʼa ʼwa.
ro nojel win aq k r il nari u kolonem ri dy os » .
x kʼoto chin chikiwach chikin wa ʼ awu kʼ
kwaj na kat ʼe taj .
laxa loq ʼ juna lej ?
e kʼo rie loq ʼoman el .
riu kabʼ u bʼi ʼ ri nu mama rey ay .
kin jopij ri ija ʼ rech triko .
x na ʼ taj chkexe atin ik .
xate ʼ q ila ʼ .
kakitij alan xa x ri win aq .
. . . kin bʼij chi arewa ʼsinxi ʼ an.
na xin na bʼej tach u tasik qa kʼoli bʼal .
r umal rech cheweri in, kin ch ʼaw ru kʼ ri dyos pach ʼabʼal , kch ʼaw na kʼu ri ʼ ri wuxla bʼal ru kʼ ri dyos, kʼate kʼut man kʼota u p atan ri ʼ ch rech ri nu choma bʼal .
xepe tik xkilo .
xuta we kat ʼek .
utzu kemik lepas chawe .
ri nu wa kax xutij jun q ʼoq ʼ r umal ri ʼ x kamik .
r umal ri kʼix , man kewa ʼ taj ri win aq .
xe ʼu lik .
q ʼeq rij ri ama ʼ chij .
x rajka ʼ ele unan .
junam kijuna bʼ .
naq ʼalaj taj we kaʼek .
ri wix nam ch ʼajch ʼoj ri rachoch .
waral man kʼotaj ajawa l .
na iwir ta xril le kʼamol bʼe .
xin peloqte kʼu ri ʼ xin tzukuj ro nojel ri nu rajil .
ri aj tiko nel kutik ri tzij .
kʼo e ki kʼajol le achija bʼ .
ku tij q ʼayes ri ixpa ʼ ch .
pari wa ʼbʼa le kʼo kawin aq achija bʼ .
sipoj in aqri nu pam .
kaya ʼ tajik ru kʼuti ʼonem jun ri u riqom leya bʼilam olot setsé xuquje ʼ are kaya ʼ taj pataq ri juyu bʼ .
jachin ri achi ?
ri nu mam x kamik aretaq kʼo jumuch ʼ lajujujuna bʼ .
kin kowinik kin kʼam bʼi le p waq .
kin wilo chi utz ri aji ʼ .
xin q ʼil ri apo ʼ x che man kachakun taj .
k wa ʼ chi u wach le taq ʼaj r iama ʼ akʼ .
ri i mul xepoq ʼik pajun ikʼ .
x kʼis kanoq ri qachak .
are ri ali xoj ilow kanoq .
sibʼalaj ch ʼu ʼj ri ama x .
kʼo nu wachi ʼ .
in chajin el kech le akʼala bʼ .
xekos letz ʼi ʼ .
kin bʼe naku kʼ ri molaj .
ro nojel aq ʼabʼ kinyi tz ʼ ri wa kax .
karapin ik xu tzukuj chi jun awaj .
leu kemik le pasan in aq ( awumal ).
maju rajil leq ʼabʼ arel .
kʼax ri ʼ ri kach ʼawik .
x oj u taq chi ʼj le achi chu loq ʼik ichaj .
sibʼalaj kʼax ri x kʼulmaxik .
xkilo china kin kʼoxomaj taj .
x na ʼ taj chkechi xe atin ik .
x kʼoto chin chikiwach chixoj al wo ʼ qaku kʼ .
jun q ʼu ʼ q rajil ri kaxla ʼn wa.
xin wilo chi xe ʼel ik .
e kʼo ixoqi bʼ pa le kʼay bʼal .
man kʼotaj u kʼisik ri maya bʼaj la bʼalil .
ri sin k kʼiy pataq ʼaj .
rich ʼi ma man k kʼiy taj pataq ʼaj .
rajawa xik kjik ik ri waq än .
kawaj kin ʼek .
e kʼo oxibʼakʼ .
xubʼij chwe jawi at kʼowi.
chwe ʼ q kuj bʼe ʼ pa muq uj .
pasaq kʼaj a ʼ kbʼan wiri uq .
xoj kisikʼij .
xin wil wi bʼ .
chaq ʼ chik ri wa.
kim bʼe na kapa le wo ʼ ch .
kawaj kin ʼek .
rich ʼu ʼ k tij ru kʼlej .
pari kiq ʼij kamin aq ibʼ kbʼan q ʼori kʼya ʼ rech aj : na bʼe rinan kutzukuj kan ri aj , kujach ʼo ʼ xuquje ku kʼ e to .
jas kaj bʼal chanim ?
utzu chomanik ri ali .
pari q ʼij oxlajuj tijax kin kʼis kebʼ juna bʼ kin chakun waral .
sibʼalaj ko , ri kʼakʼ ch ʼat .
jas karaj kubʼij … ?
rich ʼich ʼ kasila bʼik .
pa ojerq ʼal p ul xaq xu wiri nim win aq kekʼamow bʼe .
leu kunaxik leu kabʼ u kʼutunik are ru kʼ e flor ni tina on u tuni bʼaxik le ni furtimo x chi ʼ le flor ni tina chech t . b . g .
are ri achi xin ch ʼayowik .
jun achi u bʼi ku ʼ x u sipaj kebʼ kʼa ʼm u lew rech kabʼan ri tijo bʼal , kamik , kʼochik ajtij rech ri komon xech pu p .
xu malty oxij cheri ajtij ro nojel le xu kʼut chi u wach .
pari bʼex kiraq junala jimul saq rij , x kikʼam bʼik .
xril le bʼa le ala .
jas ku bʼij chwe?
leu kunataj em are ru kʼ utzukuxik le uchi kopil pajun u soliku xe ʼ le kikʼ on leja ʼ rech jun nodo .
utz wen utz ʼi ʼ .
je ʼ, tajin kachaponik .
kin u loq ʼoj le nu tat .
kawaj kim bʼe pa tina mit .
arela ʼ kin chakuj .
ri nima ʼ q taq win aq kʼoketa ʼma bʼal .
weta xat bʼew u kʼ pa le tina mit , xa loq ʼ tawa ʼwe jas taq .
ri kikʼas lemal . wa iximu lew xa jun chima areta tini mit ri ma
riu kʼya bʼal na jupam .
xatqaj chiupam ri il .
no jim kat wa ʼik .
we kʼo jun ktu qa ʼ rik , ¿ la man xoquje ʼ taj kin tuqa ʼ r ri in ?
oj oj wokol ja .
awas kbʼan kʼax che jun nim win aq .
xin ch ʼaw apan ru kʼ lewa na bʼ .
kʼax ri u pam ri ju ʼl .
tajin kewa ʼri i mul .
lakaj lakuj tzalij la anin aq ?
r umal rech cheri makaj man kʼota u kowinem p iwi ʼ ri ix : ri ixman ix kʼota chi chuxe ʼ ri p ixa bʼ, xane ix kʼo chuxe ʼ ri sipanik .
nim raqan leche ʼ .
xin chapo .
are le tu ʼ r le loq ʼoman el .
xas kat kʼoji ʼ chiupam rich ʼich ʼ .
sibʼalaj nim raqan ri kʼamal bʼe .
le tz ʼibʼa bʼal wech in .
in xin to ʼw la .
xa je kʼu ri ʼ ri ix kamik ri ʼ man ix kaxlan win aq tachik ; ri ix , ix rech ri kitini mit ri ety oxlaj taq win aq, ix rech ri rachoch ri dyos .
xin tiko xlaj kʼal ichaj .
kaqariq q ibʼ chwe ʼq .
sibʼalaj utz cheri wi ʼaj ri tuney .
we na jupulik ta xeqajik . . .
xin to ʼ taj cheri nu chak .
kʼo jun chiko pu bʼi ʼ pu m .
poq on ri ik .
xoj bʼinik .
xu ch ʼe kro nojel le reta man ik x paq i ʼ k kʼax kwʼin ik xubʼan aj kun .
kel u bʼik pari jude ʼa e k tzalij chiu bʼi jumul pari galile ʼ a.
xina xibʼij pa bʼe .
je ʼl kʼolem chi awachoch .
ro nojel ri ya ʼ tal il pa we q ʼataj , tz ʼaqat kiwach , man k tz aq ta kanoq xuquje ʼ man ktas taj .
x u kunaj leyawa bʼ leaj q ʼij .
chi tata bʼej jas le kimbʼij .
ch ʼanal ri achi .
pa bʼo ko ʼ kachakun wiri tax .
uj kʼopa u wuqq ʼij .
ki ʼri u kabʼ ri aqaj .
kʼo rachalal pa tz ʼoloj che ʼri p e ʼl .
xkilochi kin kʼoxomaj .
ri u ki sakʼu tz kya ʼik chiuxe ʼri tiko ʼn .
aretaq chi ʼ kaq ʼan pu wi ʼ ri juku bʼ, ri achi che x kʼoji ʼ ri itzel uxla bʼal ru kʼ , ku tach rech ri are ʼ , arechk kʼoji ʼ ru kʼ ri are ʼ .
na kabʼan taj ta wumal .
x na ʼ taj chkexe atin ik .
xin paj ri nu triko .
xe ʼ ok rip ok ʼ pa ri u mexaripo ʼx .
kajul u wri aq ʼa ʼl chiuxe ʼri tʼu ʼ y .
awech leja .
xuj bʼe pa tzur ik .
na bʼe x at opan ik .
riu kabʼ u bʼi ʼ ri nu mama rey ay .
u waj xaq u kakʼal taqanik (28) .
mata kʼo jun kakanaj kanoq , qo nojel koj bʼe k .
e nima ʼq le al toma bʼ .
nimu wach ripo ʼt .
kojonik pari utzij wa iximu lew .
jas xu kʼam bʼi letz ʼi ʼ xa wilo ?
xin p etik , tat .
ri bʼelaju wach .
chi tata bʼej jas ri kim bʼij .
je ʼl kuna ʼri abʼix chiupam ri ququ lew .
kin bʼisoj u wach lew al .
xu tʼuyu bʼa ʼ .
nim ri aw eqele ʼn xa riqo .
xin e ʼ wa ʼ oq .
chi ʼ kewa r wile akʼala bʼ .
ri nu mi ʼal xu taq loq jun taqo ʼm wuj chiwe .
q ʼe ʼ lik , rich aj pari bʼe .
lautz awach ? - utz malty ox , e kʼu ri at ? – utz malty ox .
xin kos r umal nu chak .
kbʼe ku kʼ rie ʼ are ʼ e k tzalij pari na sarete ke ʼu nimaj .
ri joj xu kʼam bʼik ri akʼ .
kʼochi wachi ʼl chanim .
ku bʼij chech na ʼl kabʼan cheri atz ʼibʼ .
e . . . in kawaj katz joj bʼi la chwe.
mata xin yaj le ali .
jachin ru kʼ kat bʼewi?
kʼo sibʼalaj eta ʼma bʼal pari maya bʼ no ʼji bʼal .
e man xo ri jupuq kej .
kasu mum ri kaqiq ʼ .
e kʼokaji bʼ akʼala bʼ pa le bʼe .
je ʼ jas ri u tat k kaʼyik .
xaq at molon el tzij tal .
le nu tat kaloq ʼon chwe .
xaqtane kim bʼe iwu kʼ .
x reta ʼmaju ch ʼajik .
r umal la ʼ x koj “ xal q ʼat ” cheu bʼi ʼ ri komon .
are leu kemik pas x reta ʼmaj .
ri wa ti ʼt kubʼan nari u p atan .
kʼakʼ lepo ʼt .
reta ʼm u wach jachin x loq ʼow ripas .
kench ʼa bʼej le akʼala bʼ .
ya ʼ tal chaqe qo nojel ri uj win aq utz kaqilq ibʼ .
x koti ʼ paq ʼayes x oq ʼik .
kawin aq bʼeleje bʼ q ʼataj .
e kʼokaji bʼ r al ri imul, jun saq , jun q ʼan , jun q ʼeq , jun q ʼeq oj , sibʼalaj ketz ʼanik , kech ʼopin ik ri alaj taqimul .
kcholol ri achachal .
ke te kik ri ikʼ .
xep etik rechkewa ʼiwu kʼ .
tz atz ri uq ʼan il ri akʼ .
xoj tzalij ik xi xe ʼ qaq ʼat uj ku kʼ le itatinan .
ri yo ʼ x taq akʼala bʼ ke kikʼux ri atz ʼy aq .
we achiwe xu sipaj jun po ʼt chwe x kamik .
k kowin ri kunan el che kunanik .
x ji q ʼ pari polow .
xar umal sibʼalaj rajawa xik le loq ʼalaj ja ʼ, le win aq x kibʼij : chewe ikʼ ri ʼ qo nojel kuj bʼe cheu tikik taq che ʼ .
ri u na ne rie rachalal kepe u loq ru kʼ ri are ʼ , kʼate kʼu ri ʼ, man kekowin taj keq ibʼ u koq ru kʼ , r umal rech chee kʼo sibʼalaj win aq .
r umal rech , che man kʼota jun kkowin cheu kojik jun tiki bʼalil chik chu wach ri kojom chik che are ri jesus kristo .
te kʼu ri ʼ x utz ʼibʼaj ri bʼ pari nimalaj tijo bʼal rech aj ku ʼ n .
kajul u wrich ʼu mil chaq ʼabʼ .
kʼis bʼal kanoq , xoquje ʼ kkam ri ixoq .
le ala xokik .
kʼo p waq pau wi ʼ rimexa.
are kawaj na kin ʼe taj .
ri yawal ku koj ri ali chiuxe ʼ ri chak ach are u su ʼ t .
na kaqakʼam tu ʼ bʼi kamik .
ri ajtij ku bʼij chike: rajawa xik keqachajij ri awaj , are u tiko ʼn ri ajaw .
xintij mukuni wir.
kʼax leu wi ʼ taq le nuq ʼabʼ .
xin loq ʼjunil bʼal wi bʼ .
wa ʼweq ʼij , nimu bʼantajik .
ri uxe ʼ al ri qatina mit man kasach taj .
xoj bʼinik .
ri achalal junam kiwach .
x inweta ʼmaj ri lik wibʼ .
nim ri una ʼoj w ajtij .
mi q ʼin ri kʼul .
aj q ʼojom ri ate ʼ k .
che le san ik che ʼ kbʼan wiriq ʼojom .
kape le awel pa nawal ja ʼ .
ri meso nel tajin kchakunik .
utz chaqe kaqato ʼq ibʼ , taq kʼokʼax kʼol il , kat e we chi ʼ n ri ajaw paqawi ʼ .
xa wilo, x q ʼatan le ibʼoy .
xat kowinik xa bʼano .
ki ʼri kʼawex .
kajil il ri bʼe .
le ali xel bʼik .
are ʼ x raj xin bʼano .
nim we abʼaj .
je ʼ lik uti ʼjol al ri saq ko ʼ r .
noj in aqri kej .
we katijan xu x man katuto ʼ tachi uq ʼatixik le kʼakʼ ya bʼil corona virus ( 2019 -ncov) .
na nim ta raqan wa ʼwe che ʼ .
utzalaj ajchak , ri wel .
¿jampa ʼ kuj bʼe pa nimaq ʼij ?
rajawa xik tane la ʼkat chakun wu kʼ .
xutaq chi ʼj pa waram pu lew .
man aretaria x wan xelik .
ri awix xu loq ʼ rachoch re nima l .
are ri ixoq xin sikʼin u loq .
rich ʼi ma kʼat ʼon na.
la xibʼan le ichak ?
kʼi tina mite kʼopach ʼo ʼj .
kʼo jupuq chij chiuxe ʼ ri che ʼ .
ri u xaq ri abʼix areu wari kej .
kawin aq q ʼataj .
la kixpe p atijo bʼal ?
we kechajix taq le kʼwa jachakin bʼij ; juna lik kʼo ja ʼ xuquje ʼ sibʼalaj saq loloj .
x reta ʼmaj .
ri ala bʼom ri al itoma bʼ tajin kikitijoj kibʼ rech su taq , arekakaj kikibʼan nimaq achija bʼ chupam ri kikʼas lemal, xuquje kʼochik jupuq bʼixonel chupam ri komon .
la tz ʼu wach ri bʼe .
kʼakʼ ri ach ʼich ʼ .
qo nojel uj , uj maya bʼ taq win aq .
nojel q ʼij ri ati ʼ x kuyuq ʼuj le taq awaj jela ʼ pani kʼaj ja ʼ, chirij ri juyu bʼ u bʼi ʼ tena ʼ .
paq ʼom chik risi ʼ .
kin tzukun che la.
kakitij le kin aq ʼ, le ichaj , leu wa ʼlik ru kʼlej .
xe kanaj kan le ajchaki bʼ .
ketik on ri achija bʼ .
sibʼalaj itzel u bʼantajik rich ʼil akan .
ri ate ʼ k xu malty oxij cheri rati ʼ t , r umal ri utzalaj no ʼj ibʼal xu kʼut chech .
k kamulixu chak ri abʼix .
la xin utzukuj le tijo xel ?
are ʼ kachakun ro nojel q ʼij .
lee kʼa ʼ na taq tz ʼi ʼ .
saq rij ri pla mux .
jas xaq ʼi ʼ ox atijo .
jas ru kʼ xkichap wi u tijik le ri kil ?
we katatin ru kʼ kʼatanja ʼman kuq ʼatej ta le kʼakʼ ya bʼil corona virus .
la kat bʼin pa le uxlan bʼal ?
la waral kʼux ix wa ʼ wi?
are le nu tat kin loq ʼon ik .
tajin kchakun ri ala.
kʼori ki ʼ kotemal awu kʼ .
xuta jachin ka ʼek .
xat wa ʼik xin wilo .
x tz aqri rachoch r umal ri ja bʼ .
pa le jun ikʼ chik are nimaq ʼij .
e kebʼäm kebʼin pau wi ʼ ri tem .
mem ri achi .
ri wikan ch ali ʼykel pa juyu bʼ ch wi tz iri bʼal .
le rajil , la paja xel aq ʼax wu ʼ bʼik ?
pari su ʼ t pisom wiri lej .
koj p etik kol q akʼama ʼ .
tajin kat ch ʼo p in chiu wach ri taq ʼaj .
leq ʼo r xch ʼuqik .
kʼax wa ʼim awumal .
kin bʼison che le wal .
sibʼalaj kʼokʼri awatz ʼy aq .
kamik xuj bʼe cheu tikik taq che ʼ pari juyu bʼ .
kin u loq ʼoj le nu tat .
chaqi ʼj chik ri chaj .
x yi lix h awayi .
na x na ʼ taj tachkechi xe atin ik .
ru kʼ kʼu wa ʼwe ri ʼ, ri ixk kʼoji ʼ jun utzalaj ikʼas lemal ri ʼ ch kiwach ri win aq che man e kʼota iwu kʼ , kʼate kʼu ri ʼ man kʼota jun win aqri ʼ rajawa xik chiwech .
e p etin aq pa bʼe le rachala xik .
kakaj le akʼala bʼ kewa ʼik .
xuj ch ʼay bʼik .
ri nu chak are q ʼaxel tzij .
kʼo naru xla bʼ ri awaj .
tajin kel loq , ri q ʼij .
x uq ʼi ʼ ox kamsax ri rachalal choch .
ri nu mam are kʼo uq ʼinomal .
x kʼulmataj jumul , xubʼan jun nimalaj ja bʼ, man x bʼeyetaj tana xu kʼis leu yuq ʼ chike .
ama ʼri nu tz ʼi ʼ .
jewa ʼkat p etik .
xin kosik r umal xin chakunik
iwe ch chi jujunal , ri wa .
xuq ʼi ʼo na xata tin taj .
in ri q tajin aq pari kʼayi bʼal .
na weta ʼm taj .
kʼax le nuq ʼabʼ .
utz le xubʼij le achi .
kematz ʼibʼ .
kʼo rachalal pa tz ʼoloj che ʼri p e ʼl .
ro nojel wa ʼwe jas taqri ʼ, xas ksach wi u wach wa ʼ ; ru kʼ we ri ʼ, ri ix , rajawa xik che kʼo junty oxlaji kʼas lemal e kkʼoji ʼ ri ich ʼawem ru kʼ ri dyos,
x muq taj rip atz ʼan .
rich ʼich ʼ tzijom kanoq pari u kʼol bʼal .
man kʼota u cholaj pataq ri a wuj .
jachike ikʼ leu nimaq ʼij le tina mit nawal ja ʼ ?
xep etik xol kikʼama ʼ .
kachuq ʼ chu t ri ja ʼ chi apam .
xin bʼij iwir chi xebʼe pa armita.
are ʼ uxe ʼ ojertzij waral kʼi che ʼu bʼi ʼ .
x kʼis ri nu si ʼ .
jawi x kibʼij wi chike ʼe wi?
¡ xa je kʼu ri ʼ, jachin taq rie kʼo pari jude ʼ a, chi chanim che ʼ a nima ju bʼi pataq ri juyu bʼ,
kʼakʼ ri a bʼ .
la kʼo jun naka kʼoxomaj taj ?
nautz ta leu tʼisom le almariy .
man ya ʼ tal taj chi awekatok paja.
je ʼ, xatu tzukuj .
are kel waj xaq ibʼ uq ʼij rix kʼojik .
rix unku rk kʼoji ʼ pataq ri triko .
xin sachik .
xu tʼuyu bʼa ʼ
na nu tom ta letzij …
wa ch ʼom ri kiwa ri no ʼs .
e kʼojo bʼ ch ʼil wa kʼ .
rajawi xik chi pataq ri tijo bʼal , pani kʼaj u bʼixik chik
ri rajaw ru lew are ʼ tat kel .
we kʼu xokik , we kʼ na xok ta
we achi xu sipaj jun pʼot chwe.
atat u taqo ʼn leq ʼatal tzij .
naq ʼan tau wach le qap rut .
rixa ʼ r kʼopa u wi ʼ ri q ʼaq ʼ kpoq ʼowik .
ri ro q ʼej ri ali jacha kpejuna kʼal .
kʼo junalap atijo bʼal .
säq u wi ʼ ri tata ʼ .
ri wi tz ikʼ tajin kpe loq .
jawi x sachon wi kanu ya ʼik le p waq che .
utz we achi we xin kunanik .
qo nojel kuj wa ʼ pau wi ʼ rimexa.
ri kaxla ʼn ik man poq on taj .
in xin bʼe ru kʼ ri wachi ʼl .
sibʼalaj je ʼl x kilo xekitz oqopij ri kichij chila ʼ .
kin bʼinik xin ʼek .
kʼax kʼolik , kacha ʼ .
kutij ixim ri akʼ .
ri alixch el, xuq ʼi ʼo xa jun akʼ xsipax che .
x qa sikʼij le ixoq ch utz akiksu bʼ .
ma taxa bʼinsaj lech ʼich ʼ.
ri p ix tz ʼaralik r umal rieqa ʼn .
¿jampa ʼkel chi 3%
kʼo jun nu kʼotoj chi ʼaj .
tajin kewa ʼkat ri ala bʼom .
xin loq ʼ le nu kʼa kʼapo ʼt .
nautz akik tasu bʼ tajin ku ʼ ano
xoj u taq chi ʼij xoj wa ʼik .
iwech ri a bʼix .
saq rij ri chij .
aj sik cheri tina mit kel wiri tata ʼ .
- ¡ ay ! xa xin tz aq u loq , kʼax we waq an.
x kʼulmataj pajun komon chi ʼ u wach jun juyu bʼ, xu ri qa jun q ʼij x kiriq kibʼ junimul ru kʼ le kok .
jas xa taq chi ʼj le akʼal chu tijik ?
xin chapo suxu loq ʼo .
q ʼinom ri achi .
ri kʼum k tijow ru kʼ kabʼ .
tajin kejach ʼanik .
tz e bʼal u kemik le pasa wumal .
are kayo ʼw leu chi kopil leu bʼantajik t ry pa nosom ab ru cei.
we kat niman ik utz kelik .
perono ʼjimal p et naq loq , .
are le nuchak jun tz uq bʼal wi bʼ .
x kunax leyawa bʼ r umal leaj q ʼij .
ri u kʼu ʼ x tz ʼibʼ pa qatzij e lajuj .
sibʼalaj je ʼ lik rieqa bʼal xubʼan r il u ʼ s .
sibʼalaj at kon .
e man xo ri jupuq kej .
na x na ʼ taj tachke xe atin ik .
ri kʼamal bʼe xubʼij chike, chi maja ri a nim .
jumuch ʼri nu juna bʼ .
q ʼip tajin aqri raqan ri tem .
kchakun ru kʼ ri jos bʼal che ʼri ajan el .
xataq chi ʼj le akʼal chu tijik kar .
oj kʼopa le ro ʼch le awel .
¿ la kat pequ kʼ chwe ʼ q ?
le win aq pa lech ʼich ʼe tʼuyullo wi.
x kanaj kanoq chiuxe ʼ ri ja bʼ rich ʼa ʼn .
nim ri ja .
weta xaku naj le atat mata x kam la ʼ .
na nu kʼamom tu ʼla ri ʼ .
ch qa nu kʼu ʼ riqatzij .
kim bʼe pa le tina mit .
xin q ʼi ʼo na xin atin taj .
rajawa xik kakʼaman chawe leu tijik le lej .
kʼis bʼal taqno ʼji bʼal .
