x ine ʼ wa ʼoq .
xki bʼan kʼax che le u wosaq ru mal man utz ta chika kayik .
ri q ʼutu ʼm man kech ta lea kʼala bʼ .
are na nim ta leatz ʼi ʼ chu wach le nutz ʼi ʼ.
xepe tik xol kila ʼ.
¿jaw chi ʼ xa ta ʼ che xkam ri u mam ri po ʼ x ?
e ke bʼ ke kʼam bʼik pa tuj .
xin loq ʼ jun japa ri wokaj ja .
ri ax tu ʼ bʼ, kʼo qulaj chech .
jas karaj ka ʼ an ch utz akik leti ʼij .
xutij le wa .
xim bʼal re tzij .
xpax ri bʼo ʼ j.
we kawaj ka tinto ʼo xaq xu wika bʼij chi we .
jas nu kʼu kuch ʼo bʼo .
jas karaj ku tijo ?
xex ru x la bʼ ri rik il .
enitz ʼa ʼ q le taq imul .
we tane inxin bʼano wik , are le ate ʼ kx bʼano wik.
ki n tzalij pa le nu tina mit .
ri nuchaq ʼ kʼo pa u ro ʼ q ʼatoj tijo nik pa ri tijo bʼal .
x in xi ʼ jwi bʼ xin ch ʼawik .
kʼo chwa ro ʼ ch le pare .
chi raqan ka bʼin wiri tata ʼ.
x sa chonka nu ya ʼik lep waq che choja .
xin q ʼax chi kixo ʼl ri winaq .
ketiko nik.
ri u lew man q ech taj , kech ri qati ʼt q amam .
xepe le winaq xol ki kʼama ʼ.
xu loq ʼ ri wuj ru mal ri ali .
che we q ʼij kamik kʼo jun nutzijo nem chirij le nu tina mit .
kej ri ʼ .
x ku na na laq ch we .
ki nu si kʼij le nu na n.
ri i mul xu ch ʼij taj , xka naj pa bʼe, ru mal ri nimal kuja luj ri imul , xutzaq ria nim .
ku bʼan ri u xoq ʼo ʼl ri aj tz ʼaq .
ri la si bʼalaj utz cheku na bʼal .
kʼiki wach rie ʼ ajchaki bʼ pa ri komon tyo x , kʼate kʼut xajun chi aj aw xel ;
x qata chixa tulik .
kawaj chik at ʼe k.
ch ʼuti ʼ nkekan aj ri xaj a bʼ chech .
kaqa xi ʼj q i bʼ kaqa chapo .
e kʼo ke bʼ u kʼajol le tat x wan .
lu ʼ su bʼi ʼ ri recham .
aj chi u wi ʼmi q ʼi nja ʼ ri lu ʼ .
xin ya kan le nu chi mpa kʼay bʼal .
kʼate x ri lo, x peri u na n che u tzuku xik , xki ko tik, xu sala bʼisaj ri taq u xki n.
xki kʼut chi u wach ri aj tij xuquje ʼ chiki wach ri taq ni kʼaj kach il .
utz le nu q ʼa bʼ .
kul le al we ʼ l pa aust inchaq ʼa bʼ kamik .
ri ate ʼ kx tzaq loq are chi kʼopa u wi ʼ ri q ʼa ʼm .
aj pa tan ri te ʼ k.
xa tqaj chiupam ri il .
la kʼo tzij naki kʼoxo maj taj ?
xsachon chke chi xe ati nik .
ro nojel le u le wech alaq .
la xe bʼe kʼula xe ʼ ki jaqa kʼu le u chi ʼ ja ?
xaq kat ch ʼok naji wi r.
kamik kʼo chi ri jastaqa we .
are chi ʼ ka kʼis ri juna bʼ kʼo q ʼi nom .
pa na wal ja ʼ xina le xik .
na xin tataj we are ria kʼal kix tzuqu wik .
¡ ru lew ri sa bʼ u lone ru lew ri ne ftali, u bʼe ri polo w , ru lew ri jordan , gali le ʼa kech ri je taq amaq ʼ !
rax , rax , rax , kʼo kʼ, kʼo kʼ, kʼo kʼ le ru x la bʼ le taq tiko ʼ n.
a chixa twi lo .
pa qal raj il lep ix kamik .
xoj bʼinik .
pa jun je ʼl tijo bʼal ku tijoj ri bʼ juna kʼal , u bʼi ʼ po ʼ x , utz ku ri lo ke pa tijo bʼal ro nojel taq q ʼij .
x waj chi x at ʼe taj .
utz la ʼ le xu bʼij le achi .
weta ʼam jachin kape tik .
ki n q ʼo joma nik .
xin q ʼi ʼota kʼalik x inpe tik .
are ʼ reta ʼm cheki nopa nik .
areta bʼal e q aqa jaw chat to ʼwik .
ka winaq waqi bʼ q ʼataj .
naq aj chik cheri u waq kaj bʼal aretaq chi ʼ ksa chu wach riq ʼij , kok ri q ʼe q u ʼm chu wach u lew , chi kʼate ʼ na ri bʼe leje bʼ kaj bʼal .
jo bʼ raqan ri tzʼalam xeporo xik .
si bʼalaj korij ri mop .
arewa ʼ.
jela ʼ pa ri ti minit ch wika byok rech xelaj u ʼ, leq ana nqa tat kaki tikoje ʼ la laj taq u wach ichaj .
kʼax nuqul .
xu ʼ lu kʼama ʼ .
ko jul ki tzukuj .
areman kʼax ta uku na xik aretaqa ninaq ka ʼ ili taj we ya bʼil al xuquje ʼmojo ʼ qa kuya ʼ le kʼax kʼol il chech le jolomaj .
ri we l kʼopa tijo nik .
kawaj ki n bʼij .
ri ko tz ʼi ʼ jkqa koj chiupam ri ja .
q ʼe q q ʼoj rij ri ama ʼke j.
na x waj taj xin ch ʼa wik .
ch peta bʼale loq ʼalaj ja bʼ .
xsachon chke x at kisi kʼij .
e le q ʼal ch ʼich ʼ.
jachin xa wi lo chi arex tijo w ri ti ʼ j ?
ma taka bʼe le nu x bʼal pa le tina mit .
pim ru q , ri ali .
¿ kʼo ri muq ʼe chia wech ?
kqa bʼij man ke ko win taj .
ki ntij na .
kʼo jun qat ʼu ʼ y pa ja!
kʼopuj chiupam ri ch ʼa ʼ k.
aretaq ki nko sik ki nwa rik .
xatwa ʼik xin wi lo
in xi n ch ʼa yo w le achi .
ko nojel ri ala xik ke ʼetz ʼa nik .
jas ru kʼ xki tij wi le ki rik il ?
ani naq il kat pe tik .
na raxta u wach le juyu bʼ .
ri tz ʼalam tz ʼi bʼa bʼal ra xkka yik .
we ch at chaku nik, kʼo awa .
ma ʼ tam x at pe cheri wa ʼim .
kamul ki n wa ʼ na .
ri sik il k tijo w ru kʼik .
kim bʼe aq ʼan ru kʼ le al tal in .
xoj ʼek xe ʼ q il al arqa sok .
xe ki q ʼil le ajchaki bʼ xki wok le ja .
ma tane x waj le kʼuhj nem ru kʼ le ate ʼ k.
are xe ʼopan chi u chi ʼ ri juyu bʼ, xki lo chiman q as ta kʼo q ʼayes .
kʼate kʼut , ri jesus man k kojon tach kech rie ʼ are ʼ, ru mal rech cheko nojel reta ʼm ki wach ,
pa ʼ tz rij ri tz ʼi ʼ.
ju winaq waqi bʼ q ʼataj .
atel aq ʼom .
xaqa tjo ʼ s .
ri q ʼatzu, are q ʼalaj ri uq ʼij il .
ajchak we ala .
u bʼe leju ka kʼal taqa nik (29) .
ke bʼ nu bʼi ʼ kʼolik .
laka tzalij lu ʼ la aninaq ?
ka tzuku n la ch we .
lakaj la koj bʼe ʼ pa le chomal ch we ʼ q ?
x in na bʼe jchuta sik qa kʼoli bʼal .
lal xin to ʼ wik.
si bʼalaj ano ʼji bʼal .
xoj pe tik xolqa kʼama ʼ.
si bʼalaj je ʼlik ri u wa ʼl ri ich aj .
kʼax wij ru mal in pa cha lik .
aretaq xu kʼul maj wa ʼ xul ri u chomanik xu bʼij : are utz wa aq ʼa bʼ kin wali jik, are cha ʼ chanim ki nopan pa tijo bʼal , maj chik in kʼul maj .
ojaj xojo lo bʼ pa awasq ʼij .
xin sach che le u wokik le tzij .
e julaj uj ri ak ʼ.
xutaj ampa ʼ koj ʼe k.
q ilik .
ri tijo xel man areta nim chu wach ri raj tij. ri utz tijo xel q as jeri ʼ kʼolik jas ri raj tij .
in xa tinch ʼa yo .
no ʼ jim chak wu mal .
ch ʼu r ri joch ʼ.
inkin bʼij naka tsach taj .
uj ma ya bʼ .
ria bʼaj ya tzalik .
tajin kepix bʼax ria kʼala bʼ .
chom ri aq .
xin wa rik .
e le men ko nojel ria kʼala bʼ .
tajin k q ʼa na rik ri we re ʼaj .
le u kemik lepas utz ( cha we ).
xuyupu bʼa u wach ra ʼ chi, kacha ʼ, .
ri sa tan askok pa ri judas ri kbʼi xiska ri ʼo tech rech , ri are ʼ jun ch kixo ʼ l rie ka bʼ la juj .
chu churi par.
ki nqumuj ri nu joch ʼ.
chech punción lumba ramaq ʼel ra jawa xik chech ri lik le u kʼex bʼem wi le na bʼe ru kʼ le u ka bʼ u kʼutu nem le ya bʼil al .
q ʼalaj china kawaj taj ka bʼij .
kʼo q ʼol chirij ri si ʼ.
jawi xoj ʼe wich u loq ʼik ?
kʼo u loch ʼ ri tali n.
q ʼan rij ri ati ʼt nu ke j.
la x tzalij la i wi r ?
xesi kʼi xik , kʼate kʼu ri ʼ xe ya jik, xuquje ʼ xe taq bʼi che u sik ʼik le mes .
lak ix wari k?
are kʼu le pa lom ax xu bʼij che: -mam kat bʼison taj , kin si kʼij ni kʼaj wa chi ʼl ke rapa pik .
a ʼ re e tijo xela bʼ .
ri alaj ali si ʼl xu bʼij xqa chap pa utzal ri tyo x.
xsachon chke jachin xe ati nik .
jas xuray ij le ana nxu tijo ?
xinko sik .
rax ro nojel ri q ʼayes ru mal le ja bʼ .
ki n ya wa ʼ we ch ʼich ʼ pi nem na utz .
no ʼ jimupa ch ʼu xik le nu wi ʼ.
naj kʼo wi le wo ʼ ch chu wach le tijo bʼal .
ri ok i bʼal kʼo chi u wach ri saq ja .
xe nu taq ch ʼij ke kil lea kʼala bʼ .
kʼo jun q ʼoxo wem chi we .
tza ri cho ʼ m.
we choj bʼe pa le nimaq ʼij , ke q il le aj xojolo bʼ .
xoj ʼek xe ʼ q il al arqa sok .
ri ate ʼ k xuta ʼ chech ri na nto ʼ n :- na njas che ʼ chiman kaj tal aqa kʼa tisaj ri jo ʼ q .
ri pa l si bʼalaj xu ʼ y.
ki n koj ri jok bʼal u lew .
inkin bʼij naka tsach taj
a traj kun le nu na n.
ku qa muj u joron ri aj tzij .
lu ʼ tz ʼalam u bʼi ʼ ria chike l pa nim che ʼ.
je ʼ lik uti ʼ jol al ri saq ko ʼ r.
kʼo jun xa ʼ r pa ja .
xin loq ʼ jun kʼak ʼ pa tan .
kʼax u ke mik le pa sa wu mal .
an inaq u ke mik le pa sa wu mal
ri ch ʼa ʼ n sach inaq pa taqa bʼix .
rax taq le ko tz ʼi ʼ j.
me som kanoq ri u pa mja .
manaretar alax ko sik .
ri komon xech pup rech uq ʼa bʼ tina mit xo ʼ la bʼaj rech q ʼu markaj .
lautza kik kʼus u bʼ tajin ku ʼ ano ?
kate la !
na xu tij taj .
xa ru mal keta ʼm ko nojel ri winaq k ki qumuj le ja ʼ.
iw ir xuj tzalij la pa kʼay bʼal .
qeta ʼm cheri q awa ku juto ʼo .
ri aj tij , kya jon chike ch ria kʼala bʼ .
jasu bʼanom le nuch ʼuti tat ?
ch we ʼ q ki n bʼe pa nim tina mit .
utz we ki weta ʼmaj jas ku bʼij ri chol bʼal q ʼij .
tajin kat jilo w che uq ʼo xom jolom aj .
x intik q ʼax chi u wach ri ja .
kʼax le ki bʼe le winaq .
loq ʼkat kun taj che le ya bʼil (covid - 19).
ri nu xi bʼal kel pa q aj bʼal q ʼij .
x ri l ri axwan chi x wa ʼ ri ala .
le al ix ku na tajik .
weta ka pe le ja bʼ kamik .
x in weta ʼ maj chi na x at pe taj .
rip waq rech we q ʼataj ri ʼ kesa x chech ri toj bʼal kʼayi nem .
k tij ri u wa ʼ lik ru mal ri ki nimaq ʼij .
xuchapuku na xik .
cha tan loq ali .
xin xu li ʼ q aj oq .
je ʼ lik k tijo w ri taqi kox .
kʼate kʼu ri le tat xo ʼ r xu bʼij , man kawaj taj , man kawaj taj .
kʼo jun tz ʼi ʼ pa bʼe .
kamul x inpe chea tzuku xik .
man tajin takin chaku nik .
ki n chaku nik rechka twa ʼik .
jas ru kʼ xa wil wi chi xki qupij wi le ti ʼ j.
jasu bʼixik … ?
koq ʼ ria kʼal .
kawaj na ka tʼe taj .
x at q ʼa jik .
we m na cha loq ʼaxi ya l, na kim bʼe ta a wu kʼ .
xopan lew u jaw u kʼ ru mal we chi n.
are kʼut pa le juyu bʼ k kʼi yjo ro n, chila ʼ xe ki kʼama wiri ja ʼ ri winaq .
koq ʼ ria kʼal .
we kʼo araj il cha kʼamaloq .
are si bʼalaj kaq lea po ʼt chu wach le nupo ʼ t.
xin kʼas taj pa ka bʼ laj uj kaj bʼal .
kaqoy ʼej nak ixpe taj .
ko ka xim ri chij xajela ʼ man ka nimaj ta bʼik .
ri ko knoj im x bʼek, xu ch ʼi jo xopan pa u kʼis bʼalil le a nim .
xoj ki ʼ ko tik aretaq xa tulik .
kaqi tz ʼ naj ri uxa ja bʼ ria kʼal .
ri jesusk wa ʼ kat pa ri nim ra choch ri dyos, chu xe ʼ ri jun jachera choch ri salo mon .
we taqa nik ri ʼ ku bʼij chiraj awa xik kya ʼ uq ʼij ri winaq xuquje ʼ kto ʼ aninaq il .
ria xux are na ri u ku nel ri ki naq ʼ.
aretaq wa ʼ ri uq ʼij ol we taqa nik .
kʼo junta bʼal pa u wi ʼ ri xka nulu bʼi ʼ la juj no ʼ j.
yu ʼ lu bʼanom ri u kolo bʼ ri ke j.
xa nimaj ria kʼal chi u wach ri u chuch .
k ku na n ria chi .
ki nwa ʼik rech nakin yowaj taj .
aj xik ch ʼich ʼ ri lu ʼ s .
k waj che ix kix bʼano wik.
a ʼ re xeto ʼ wa laq .
xoj ʼek xe ʼ q il al arqa sok .
xin loq ʼ jun ch ʼich ʼ, qa jinaq u wach .
ku tʼis rip anta lon .
e janipa le awal kʼ wa le kʼolik ?
utz u ke mik lepas chawe .
ri max are aj q ʼa ni ya ʼ.
ma ta bʼa chiriq kʼax pa le bʼe .
tajin ka nimaj , ri me ʼ s .
ixi xe ʼ laq ʼoma bʼ !
xsachan ch we .
e kʼo kʼi che ʼ, chi u wach ri juyu bʼ .
arewa ʼ ri nimalaj pixa bʼe arewa ʼ ri na bʼe .
x reta ʼmaj chi ru kʼ pa kʼ kutij wi
jas utz akik le su bʼ xu ʼ ano ?
aj xo ʼ yri wikan .
we tanea ʼ re xe tijo w le ri kil , are le komon xe tijo wik.
si bʼal ajan inaq kach ʼaw le are ʼ chi nu wach in .
utz wekin chakuj .
me ʼs la ʼ.
kʼok anwa rechkaqa tijo .
xin si kʼij la .
ria kʼal x sach kanoq jela ʼ pa taq ʼaj .
xe si kʼij la .
jawi xki bʼij wi chike ʼe wi ?
ru mal che, manix ta ri ʼ ri kix ch ʼa wik , are ri ru x la bʼ axel ri i tat ri ʼ ri kch ʼaw na iw u kʼ ri ix .
kʼa kʼ ri wach och .
si bʼalaj utz ki nwil leatz ʼya q rech na hu ala .
saq por k kay ri kipo ʼ trina n.
xsachon ri nu chak ch we .
wa ʼim xu chapo .
ri q ʼaq ʼ tajin kajulu wik .
najil u pam ri siwan .
e kʼo riqa chal al pa chi u wi ʼla .
jas xa taq chi ʼ j lea kʼal chu tijik ?
no ʼ jim u ke mik le pa sa wu mal .
kʼo jun ku ku bʼi ʼt intin, wa ʼ le laj ku kmam kaj eqi taj , kapaqi ka xulik pa u wi ʼ uq ʼa bʼ taq che ʼ, si bʼalaj sa kʼaj , ke ʼ uto le e nima ʼ q , ch ʼut in, ra chi ʼl , aj sipa nel si bʼalaj utzra nima ʼ.
ri u pixa bʼ leq ʼat bʼaltzij ki ya ʼu bʼixik .
na x sa chonta chke xe ati nik .
xeq il le chi kop pu wi le ja .
x lo ʼ taj ria kʼal .
qo nojel kuj wa ʼ pa u wi ʼ ri mexa .
xsik ir le waq an .
la xa twa ʼ kʼut ?
nim u bʼ aq ʼritulul .
ki n xik ʼi kʼik xinq ʼa xik .
lak at bʼe pa le tina mit ?
ri pa l si bʼalaj saq ʼo r.
k q ʼo xow nu jalom .
xin na ʼo chik at pe tik .
x loq ʼu le wi we chi x.
xin chakun ru kʼ ri nu mam .
na xqa bʼantaj .
k kʼo ji ʼ bʼa ʼ ri u sipa nik ria jaw xel jesusk ri sto ru kʼ ria wux la bʼal !
ki n ch ʼaw ru kʼ le nunan pa lech ʼa we bʼal .
si bʼalaj q ʼe q u ʼm ru mal ri mayul .
are leba xulik .
xekos le i xoqi bʼ pa le bʼe .
kʼax ri lik lea kʼal chawe .
xin q ʼi ʼ oxi na tin pa joron .
si bʼalaj nim le tina mit .
kʼax u ke mik le pa sa wu mal .
x in sachik .
tajin ke lu ki kʼel pa raqan ri tz ʼi ʼ.
xin weta ʼ maj ri lik wi bʼ
riq ʼuq ʼ are jun je ʼl chi ko p.
kʼo pa ja tijo bʼal ri wikaq ʼ.
ri sa chi bʼal mak raj wa xik chiqa xo ʼl .
je ʼ, kim bʼe k.
jela le ʼ ri nu p wi ʼ.
xu bʼij che :-jas xa bʼanot intin ?
ka bʼan junto q ʼo bʼ kyak ri nuj al .
kat ʼe kxi nta .
jas le u kʼex bʼem ri bʼ le jun ru kʼ le jun chik ?
aj chi u wi ʼmi q ʼi nja ʼ ri lu ʼ .
ri tijo nel naj kpe wi .
te ʼ kix cho bʼ u bʼi ʼ ri nu tat .
ri ja ʼ kamiq ʼik chi u wach riq ʼaq ʼ.
ri t ʼu ʼ yk pa q ʼo wik.
kinme son na .
naqa jat kʼo wi chi wech .
xin bʼiso nik taq na xat pe ttaj .
we x kam ri winaq , rip waq rech toj bʼal ma kaj kya ʼ chike ch ri rala xik .
ri nu na nx bʼe pa kʼay bʼal .
xoj u kʼam u loq rech koj ri lo
x kʼo to ch in chiki wach chik in wa ʼa wu kʼ .
na xki kamsaj taj xki kʼam bʼi choja .
kʼa kʼ ri ik ʼ kamik .
xim bʼe ru kʼ le aj kuni wi r.
ri lik .
letz ʼi ʼ xeko sik .
xin kikota wu mal .
ri i mul xumaj ria nim, xuyak an le ko k.
kʼo oj cheria kʼal .
xuj bʼe pa jun kʼula nem .
utz we k waralaq .
kaqi lo chi nakoju kʼam taj .
x reta ʼmaj chi ru kʼ pa kʼ kutij wi .
si bʼalaj xink ʼa ʼ na rik .
xinko chij ri nuwa .
man katko win taj kat chakunik , we man kʼo ta ria jila bʼal .
we wonon xu bʼij chike :-ki xinto .
ri ala nim k ri l wiri u mam .
xka ʼ y chirij , xka ʼ ych u wach , ma kʼo ta chi jun k silo bʼik , xoq ʼik xu xe ʼ j ri bʼ x ch ʼo pi nik x tzalij loq xu riqta chik ri u bʼe .
kʼo pus cheri wa .
pi nem na ka bʼe le wa tz, kim bʼe wi in pa ka ʼ yi bʼal .
ri na nto ʼ n nim winaq chik, saq u wi ʼ, ro nojel aq ʼa bʼ utz ku na ʼo ka tʼuyi ʼ pa u tem , ku miq ʼisaj ri bʼ chori q ʼij , kʼo junu wi ʼ u mam u bʼi ʼate ʼ k.
man e kʼi taj riqula ʼ.
q ʼalaj china kawaj taj ka bʼij
x paqa bʼisax raj il ro nojel ri kem .
kʼopa ri jul ri ku matz .
ro nojel q ʼij kin ch ʼaj le nu w are .
saq chik an le ich aj rechka tzako.
chu xe le qa chomal kaqa tij wi jun q ameq ʼin .
cha wila ʼ.
e kʼo jo bʼ u mi ʼ al, ri nu tat .
jas ru kʼ xa wil wi
je ʼ jas ri winaq rech ri u wach u lew , xoquje ʼ ke pe na ri ʼ rie ʼ are ʼ che e rech ri u wach u lew ; je ʼ jas ri winaq rech ri kaj , xoquje ʼ ke pe na ri ʼ ri e ʼ are ʼ e rech ri kaj .
xin tijo .
k tz ʼuju w ri ra choch ripo ʼ x.
xuq ʼi ʼo are le u kʼu lel xya ʼo wuwa.
ria we l xreta ʼmaj chi raj awa xik man ku xej ta ri bʼ cheri tukur .
ju kʼulaj winaq xe ʼa nimaj bʼik .
je ʼ, xin tzalij ik .
xoj pe tik xolqa kʼama ʼ.
maj jachin x ʼe k.
inaj tij ; at tijo xel .
saq u wi ʼ ri tata ʼ.
wech ri kem .
le ro ʼ ch le ate ʼ k kʼo ch wach le u kʼay le nu na n.
k bʼe pa ri si ri ʼa e pa ri sili si ʼa, jawi je ʼ ku ya wiri ki chuq ʼa bʼ ri komon tyo x .
pixa bʼ : man utz taj kʼax kuj ch ʼaw chikij ni kʼaj q ach il .
x ku na taj le ali ( ku mal ri i xoqi bʼ ).
ri xi bʼi bʼal chi kʼo wi pa taq riqa kʼas le mal ro nojel q ʼij .
na kuj war ta waral .
on chek kʼo ji ʼ ri utzil chixo ʼ l , arech junam riqa kojo nik, junam ri i we chi x ru kʼ ri we chi n.
pa ox q ʼij ri sa ʼ nk bʼe na ru kʼ ri aj kun .
ka winaq wuq u bʼ .
jas kawaj ki ntijo ?
we taxat bʼe wu kʼ pa le tina mit , xa loq ʼ tala ʼ le u jastaq lea kʼajol .
ke bʼe pa wa ʼim .
xin loq ʼ kʼiwa .
pa jun nim kʼa che ʼ laj , kʼo jun kʼ wa ʼ si bʼalaj saq loloj , nim u wach .
k waj katij ju bʼa ʼ wa .
ro nojel winaq kril na ri u kolo nem ri dyos » .
x kʼo to ch in chiki wach chik in wa ʼa wu kʼ
k waj na kat ʼe taj .
la xa loq ʼ jun alej ?
e kʼo rie loq ʼoma nel .
ri u ka bʼ u bʼi ʼ ri nu mam are ya y.
kinjopij ri i ja ʼ rech triko .
x na ʼ taj chke xe ati nik .
xate ʼ q ila ʼ.
kaki tij alan x ax ri winaq .
. . . kin bʼij chi arewa ʼ sin xi ʼan .
na xin na bʼej tach u tasik qa kʼoli bʼal .
ru mal rech cheweri in, kin ch ʼaw ru kʼ ri dyos pa ch ʼa bʼal , k ch ʼaw na kʼu ri ʼ ri wux la bʼal ru kʼ ri dyos, kʼate kʼut man kʼo ta u pa tan ri ʼ ch rech ri nu choma bʼal .
xepe tik xki lo .
xuta wekat ʼe k.
utz u ke mik lepas chawe .
ri nu wakax xutij jun q ʼo q ʼ ru mal ri ʼ x kamik .
ru mal ri kʼix , man kewa ʼ taj ri winaq .
xe ʼu lik .
q ʼe q rij ri ama ʼ chi j.
x raj ka ʼe le u na n.
junam ki juna bʼ .
naq ʼalaj taj we ka ʼe k.
ri wix nam ch ʼaj ch ʼoj ri ra choch .
wara l man kʼo taj aj awa l.
na iw ir tax ri l le kʼamol bʼe .
x inpe loq te kʼu ri ʼ x in tzukuj ro nojel ri nu raj il .
ri aj tiko nel ku tik ri tzij .
kʼo e ki kʼajol lea chija bʼ .
kutij q ʼayes ri ixpa ʼ ch .
pa ri wa ʼ bʼale kʼo ka winaqa chija bʼ .
si po jinaq ri nu pam .
ka ya ʼ tajik ru kʼuti ʼo nem jun ri u riqom le ya bʼil amolot setsé xuquje ʼ areka ya ʼ taj pa taq ri juyu bʼ .
jachin ria chi ?
ri numam x kamik aretaq kʼo jumuch ʼ la juju juna bʼ .
ki nko winik ki n kʼam bʼi lep waq .
ki nwi lo chi utz ri aji ʼ.
xinq ʼil ria po ʼ x che man kachakun taj .
k wa ʼ chi u wach le taq ʼaj ri ama ʼa kʼ .
ri i mul xep oq ʼik pa juni kʼ.
x kʼis kanoq riqa chak .
are ri al ixo jilo w kanoq .
si bʼalaj ch ʼu ʼj ri amax .
kʼo nu wachi ʼ.
inchaji nel kech lea kʼala bʼ .
xeko s letz ʼi ʼ.
ki n bʼe na ku kʼ ri molaj .
ro nojel aq ʼa bʼ kin yi tz ʼ ri wakax .
karapi nik xu tzukuj chi juna waj .
leu ke mik le pa san inaq ( a wu mal ).
maj u raj il leq ʼa bʼarel .
kʼax ri ʼ ri kach ʼa wik .
xoj u taq chi ʼj lea chich u loq ʼik ich aj .
si bʼalaj kʼax ri x kʼul maxik .
xki lo chinakin kʼoxo maj taj .
x na ʼ taj chke chi xe ati nik .
x kʼo to chi n chiki wach chixoj al wo ʼqa ku kʼ .
jun q ʼu ʼ q raj il ri kax la ʼ n wa .
xin wi lo chi xe ʼe lik .
e kʼo i xoqi bʼ pa le kʼay bʼal .
man kʼo taj u kʼisik ri maya bʼaj la bʼalil .
ris ink kʼiy pa taq ʼaj .
rich ʼima mank kʼiy taj pa taq ʼaj .
ra jawa xik kjikik ri waq än.
kawaj ki nʼe k.
e kʼo oxi bʼa kʼ.
xu bʼij ch we jawi at kʼo wi.
ch we ʼ q kuj bʼe ʼ pa muquj .
pa saq kʼaja ʼk bʼan wiri uq .
xoj kisi kʼij .
xin wil wi bʼ .
chaq ʼchik ri wa.
kim bʼen akapa le wo ʼ ch .
kawaj ki nʼe k.
rich ʼu ʼk tij ru kʼ le j.
pa ri ki q ʼij kaminaq i bʼ k bʼan q ʼo ri kʼya ʼ rech aj :na bʼerinan kutzukuj kan ri aj, kujach ʼo ʼ xuquje ku kʼeto .
jas kaj bʼal cha nim ?
utz u chomanik ri ali .
pa riq ʼijo x laj uj tij axkin kʼis ke bʼ juna bʼ kin chakun wara l.
si bʼalaj ko , ri kʼak ʼ ch ʼat .
jas karaj ku bʼij … ?
rich ʼich ʼ ka sila bʼik .
pa ojer q ʼal pul xaq xu wiri nim winaq ke kʼamo w bʼe .
le u ku na xik le u ka bʼ u kʼutu nik are ru kʼ e flor ni tina on u tuni bʼaxik le ni furtimo x chi ʼ le flor ni tina chech t. b. g.
are ria chi xin ch ʼayo wik.
juna chi u bʼik u ʼ xu sipaj ke bʼ kʼa ʼm u lew rechka bʼan ri tijo bʼal , kamik , kʼo chikaj tij rech ri komon xech pup.
xu mal tyo xij cheri aj tij ro nojel le xu kʼut chi u wach .
pa ri bʼex ki raq jun alaj imul saq ri j, xki kʼam bʼik .
x ri l le bʼale ala .
jas ku bʼij ch we ?
le u ku na tajem are ru kʼu tzuku xik le u chikopil pa junu soli ku xe ʼ le ki kʼon le ja ʼ rech jun nodo .
utz we nutz ʼi ʼ.
je ʼ, tajin kachapo nik .
ki nu loq ʼoj le nu tat .
kawaj kim bʼe pa tina mit .
arela ʼ ki nchakuj .
ri nima ʼ q taq winaq kʼo keta ʼma bʼal .
we taxat bʼe wu kʼ pa le tina mit , xa loq ʼ tawa ʼ we jastaq .
ri ki kʼas le mal . wa ixim u lew xa jun chima areta tini mit ri ma
ri u kʼ ya bʼal na jupam .
xa tqaj chiupam ri il .
noj im ka twa ʼik .
we kʼo jun ktuqa ʼ ri k, ¿ la man xoquje ʼ taj kin tuqa ʼ r ri in ?
ojoj wokolja .
awask bʼan kʼax che jun nim winaq .
x in ch ʼawa pan ru kʼ le wana bʼ .
kʼax ri u pam ri ju ʼ l.
tajin kewa ʼ ri i mul .
lakaj la kuj tzalij la ani naq ?
ru mal rech cheri ma kaj man kʼo ta u ko wi nem pi wi ʼ ri ix : ri ix man ix kʼo ta chi chuxe ʼ ri pixa bʼ, xane ix kʼo chu xe ʼ ri sipa nik .
nim raqan le che ʼ.
x inchapo .
are let u ʼ rle loq ʼoma nel .
xaskat kʼoji ʼ chiupam rich ʼich ʼ.
si bʼalaj nim raqan ri kʼamal bʼe .
letz ʼi bʼa bʼal we chi n.
inxin to ʼ wla .
xaje kʼu ri ʼ ri ix kamik ri ʼ mani xka xlan winaq ta chik ; ri ix , ix rech ri ki tini mit rie tyo x laj taq winaq , ix rech ri ra choch ri dyos .
xin tiko xlaj kʼali chaj.
kaqa riq qi bʼ ch we ʼ q .
si bʼalaj utz cheri wi ʼ aj ri tuney .
we na jupulik ta xeqa jik . . .
x into ʼ taj cheri nu chak .
kʼo jun chikopu bʼi ʼ pu m .
poqon ri ik .
xoj bʼinik .
xu ch ʼek ro nojel le reta manik x pa q i ʼ k kʼax kwʼi nik xu bʼanaj kun .
ke lu bʼik parijude ʼa ek tzalij chi u bʼi jumul parigali le ʼa .
xina xi bʼij pa bʼe.
je ʼ l kʼo lem chi awa choch .
ro nojel ri ya ʼ tal il pa we q ʼataj , tz ʼaqat ki wach , mank tzaqta kanoq xuquje ʼ mank tas taj .
xuku naj le ya wa bʼ le aj q ʼij .
chi tata bʼej jas le kim bʼij .
ch ʼan al ri achi .
pa bʼo ko ʼ kachakun wiri tax .
uj kʼopa u wuq q ʼij .
ki ʼ ri u ka bʼ ri aq aj .
kʼo ra chal al pa tz ʼo loj che ʼripe ʼl .
xki lo chik in kʼo xom aj .
ri u kisa kʼutz kya ʼik chi u xe ʼ ri tiko ʼ n.
aretaq chi ʼ kaq ʼan pu wi ʼ ri juku bʼ, ria chi chex kʼo ji ʼ ri itzel ux la bʼal ru kʼ , ku tach rech ri are ʼ, arechk kʼo ji ʼ ru kʼ ri are ʼ.
na ka bʼantaj ta wu mal .
x na ʼ taj chke xe ati nik .
xin pa j ri nut ri ko .
xe ʼ ok ri po kʼ pa ri u mexaripo ʼ x .
ka julu w ri aq ʼa ʼl chi u xe ʼ ri tʼu ʼ y.
awech le ja .
xuj bʼe pa tzur ik .
na bʼexa to pa nik .
ri u ka bʼ u bʼi ʼ ri nu mam are ya y.
uwaj xaqu ka kʼal taqa nik (28) .
ma ta kʼo jun kakan aj kanoq , qo nojel koj bʼe k.
e nima ʼ q le al to ma bʼ .
nim u wach ripo ʼ t.
kojo nik pa ri utzij wa ixim u lew .
jas xu kʼam bʼi letz ʼi ʼ xa wi lo ?
x inpe tik, tat .
ri bʼel aj u wach .
chi tata bʼej jas ri kim bʼij .
je ʼl ku na ʼ ria bʼix chiupam ri ququ lew .
ki n bʼis oj u wach le wal .
xu tʼuyu bʼa ʼ .
nim ria we q e le ʼ nxa riqo .
x ine ʼ wa ʼoq .
chi ʼ kewar wi lea kʼala bʼ .
ri nu mi ʼ al xutaq loq jun taqo ʼm wuj chi we .
q ʼe ʼ lik , richaj pa ri bʼe .
la utz awach ? - utz mal tyo x , e kʼu ria t? – utz malty ox .
xin kos ru mal nu chak .
k bʼe ku kʼ ri e ʼ are ʼ ek tzalij pa r inas arete ke ʼu nimaj .
ri joj xu kʼam bʼik ria kʼ .
kʼo chi wachi ʼl cha nim .
ku bʼij chech na ʼ l ka bʼan cheri atz ʼi bʼ .
e . . . in kawaj ka tzjoj bʼil ach we .
ma taxi nyaj le ali .
jachin ru kʼ kat bʼe wi ?
kʼosi bʼalaj eta ʼma bʼal pa ri maya bʼ no ʼji bʼal .
emanxo ri jupu q ke j.
kasum um ri kaqi q ʼ.
e kʼo kaji bʼa kʼala bʼ pa le bʼe .
je ʼ jas ri u tat k ka ʼ yik .
xaqa tmo lo nel tzij tal .
le nu tat ka loq ʼon ch we .
xaq tane kim bʼei wu kʼ .
x reta ʼ maj uch ʼa jik .
ru mal la ʼ x koj “ xal q ʼat ” che u bʼi ʼ ri komon .
are le u ke mik pas x reta ʼmaj .
ri wa ti ʼt ku bʼan na ri u pa tan .
kʼa kʼ le po ʼ t.
reta ʼm u wach jachin x loq ʼo w ri pas .
kench ʼa bʼej lea kʼala bʼ .
ya ʼ tal chaq eqo nojel ri uj winaq utz ka qilqi bʼ .
x koti ʼ pa q ʼayes xoq ʼik .
ka winaq bʼe le je bʼ q ʼataj .
e kʼo kaji bʼral ri i mul , jun saq , jun q ʼan , jun q ʼe q , jun q ʼe q oj , si bʼalaj ketz ʼa nik, kech ʼo p inik ri alaj taq imul .
k chol ol ri acha chal .
kete kik ri ikʼ.
xepe tik rechkewa ʼi wu kʼ .
tzatz ri uq ʼa nil ria kʼ.
xoj tzalijik xi xe ʼ q aq ʼat uj ku kʼ le ita tina n.
ri yo ʼ x taqa kʼala bʼ ke ki kʼux ri atz ʼya q .
we a chi we xu sipaj jun po ʼt ch we x kamik .
k ko win ri ku na nel cheku na nik .
xji q ʼ paripolo w.
xa ru mal si bʼalaj ra jawa xik le loq ʼalaj ja ʼ, le winaq xki bʼij : che we i kʼ ri ʼ qo nojel kuj bʼe che u tik ik taq che ʼ.
ri u na ne ri erachal al ke pe u loq ru kʼ ri are ʼ, kʼate kʼu ri ʼ, man ke ko win taj keqi bʼ u ko q ru kʼ , ru mal rech che e kʼosi bʼalaj winaq .
ru mal rech , che man kʼo tajun k ko win che u kojik juntiki bʼal il chik chu wach ri kojom chik che are ri jesusk ri sto .
te kʼu ri ʼ x utz ʼi bʼaj ri bʼ pa ri nimalaj tijo bʼal rech aj ku ʼ n.
kajulu w ri ch ʼu mil chaq ʼa bʼ .
kʼis bʼal kanoq , xoquje ʼk kam ri ixoq .
le ala xokik .
kʼo p waq pa u wi ʼ ri mexa .
are kawaj nakin ʼe taj .
ri ya wal ku koj ri ali chi u xe ʼ ri chak ach are u su ʼ t.
na kaqa kʼam tu ʼ bʼi kamik .
ri aj tij ku bʼij chike : ra jawa xik keqa chajij ri awaj , are u tiko ʼ n ri ajaw .
x intij mukuni wi r.
kʼax le u wi ʼ taq le nu q ʼa bʼ .
xin loq ʼ jun il bʼal wi bʼ .
wa ʼ we q ʼij , nim u bʼantajik .
ri u xe ʼ al riqa tina mit man kasach taj .
xoj bʼinik .
ria chal al junam ki wach .
xin weta ʼ maj ri lik wi bʼ .
nim ri u na ʼoj waj tij .
mi q ʼin ri kʼul .
aj q ʼojom ri ate ʼ k.
che le sa nik che ʼ k bʼan wiri q ʼo jom .
kape le awel pa nawa lja ʼ.
ri me so nel tajin k chaku nik .
utz chaq e kaqa to ʼ q i bʼ, taq kʼo kʼax kʼol il , kate we chi ʼ n ri aj awpaqa wi ʼ.
xa wi lo, x q ʼa tan le i bʼo y.
xa tko winik xa bʼano .
ki ʼ ri kʼa we x.
kajil il ri bʼe.
le ali xel bʼik .
are ʼ x raj xin bʼano .
nim we a bʼaj .
je ʼ lik uti ʼ jol al ri saq ko ʼ r.
no jinaq ri ke j.
we katijan xux man katuto ʼ ta chiuq ʼati xik le kʼa kʼya bʼil coro na virus ( 2019- ncov).
na nim ta raqan wa ʼ we che ʼ.
utzalaj ajchak, ri we l.
¿jam pa ʼ kuj bʼe pa nimaq ʼij ?
ra jawa xik ta nela ʼ kat chakun wu kʼ .
xutaq chi ʼj pa wara mpu lew .
man areta ri axwan xe lik .
ria wix xu loq ʼ ra choch re nimal .
are ri ix oq xin si kʼin u loq .
rich ʼima kʼat ʼon na .
la xi bʼan le ichak ?
kʼi tina mite kʼopach ʼo ʼ j.
kʼo jupuq chij chi u xe ʼ ri che ʼ.
ri u xaq ria bʼix are u wari kej .
ka winaq q ʼataj .
lak ixpe pa tijo bʼal ?
we ke chajix taq le kʼ wa jachakin bʼij ; juna lik kʼo ja ʼ xuquje ʼ si bʼalaj saq loloj .
xreta ʼmaj .
ri ala bʼom ri al ito ma bʼ tajin kiki tijoj ki bʼ rech su taq , areka kajkiki bʼan nima qa chija bʼ chupam ri ki kʼas le mal , xuquje kʼo chik jupuq bʼixo nel chupam ri komon .
la tz ʼu wach ri bʼe .
kʼak ʼ ri ach ʼich ʼ.
qo nojel u j, uj ma ya bʼ taq winaq .
nojel q ʼij ri ati ʼ x kuyu q ʼuj le taqa waj jela ʼ pa ni kʼaj ja ʼ, chirij ri juyu bʼ u bʼi ʼ te na ʼ .
pa q ʼom chik ri si ʼ.
ki n tzuku n chela .
kaki tij le kinaq ʼ, le ich aj, le u wa ʼ lik ru kʼlej .
xekan ajkan le ajchaki bʼ .
ke tikon ria chija bʼ .
si bʼalaj itzel u bʼantajik ri ch ʼil akan .
ri ate ʼ kxu mal tyo xij cheri rati ʼt , ru mal ri utzalaj no ʼ ji bʼal xu kʼut chech .
k kamul ix u chak ria bʼix .
la xin u tzukuj le tijo xel ?
are ʼ kachakun ro nojel q ʼij .
le e kʼa ʼ na taq tz ʼi ʼ.
saq rij ri plam ux .
jas xaq ʼi ʼo xa tijo .
jas ru kʼ xki chap wi u tijik le rik il ?
we ka tat in ru kʼ kʼa tanja ʼ man kuq ʼatej ta le kʼa kʼya bʼil corona virus .
lak at bʼin pa le uxlan bʼal ?
lawar al kʼux ix wa ʼ wi ?
are le nuta tkin loq ʼo nik .
tajin k chakun ri ala .
kʼo ri ki ʼ ko te mala wu kʼ .
xuta jachinka ʼe k.
xatwa ʼik xin wi lo .
x tz aq ri ra choch ru mal ri ja bʼ .
pa le juni kʼ chik are nimaq ʼij .
e ke bʼäm ke bʼin pa u wi ʼ ri tem .
mem ria chi .
ri wikan chali ʼ yke l pa juyu bʼ ch wi tzi ri bʼal .
le raj il , lapaj axel aq ʼax wu ʼ bʼik ?
pa ri su ʼt pis om wiri le j.
koj pe tik kolqa kʼama ʼ .
tajin kat ch ʼopin chi u wach ri taq ʼaj .
leq ʼ orxch ʼuq ik .
kʼax wa ʼ ima wu mal .
ki n bʼison che lew al .
si bʼalaj kʼo kʼ ri awa tz ʼya q .
kamik xuj bʼe cheuti kik taq che ʼ pa ri juyu bʼ .
ki nu loq ʼoj le nu tat .
chaq i ʼ jchik ri chaj.
xy ili xha wayi .
na x na ʼ taj ta chke chi xe ati nik .
ru kʼ kʼu wa ʼ we ri ʼ, ri ixk kʼo ji ʼ jun utzalaj i kʼas le mal ri ʼ ch ki wach ri winaq che man e kʼo taiw u kʼ , kʼate kʼu ri ʼ man kʼo ta jun winaq ri ʼ ra jawa xik chi wech .
e pe tina q pa bʼe le rach ala xik .
kakaj lea kʼala bʼ kewa ʼik .
xuj ch ʼay bʼik .
ri nu chak are q ʼa xel tzij .
kʼo na ru x la bʼ ri awaj .
tajin ke lloq, ri q ʼij .
xuq ʼi ʼoxkam sax ri ra chal al choch .
ri nu mam are kʼo uq ʼi nomal .
x kʼul ma taj jumul , xu bʼan jun nimalaj ja bʼ, man x bʼeye taj tana xu kʼis le uyu q ʼ chike .
ama ʼ ri nutz ʼi ʼ.
jewa ʼkat pe tik .
xinko sik ru mal xin chaku nik
i we ch chi jujun al, ri wa .
xu q ʼi ʼo na xa tat in taj .
in ri q taj inaq pa ri kʼayi bʼal .
naweta ʼm taj .
kʼax le nuq ʼa bʼ .
utz le xu bʼij le achi .
ke ma tz ʼi bʼ .
kʼo ra chal al pa tz ʼo loj che ʼripe ʼl .
ro nojel wa ʼ we jastaq ri ʼ, xask sach wi u wach wa ʼ ; ru kʼ we ri ʼ, ri ix , ra jawa xik che kʼo juntyo x laji kʼas le mal ek kʼo ji ʼ ri ich ʼa wem ru kʼ ri dyos,
xmuq taj ri pa tz ʼan .
rich ʼich ʼ tzijom kanoq pa ri u kʼol bʼal .
man kʼo ta u cholaj pa taq ria wuj .
ja chike ik ʼ le u nimaq ʼij le tina mit nawa lja ʼ ?
xepe tik xol ki kʼama ʼ.
kachuq ʼ chu trija ʼ chiapam .
x in bʼiji wi r chi xe bʼe pa armita .
are ʼ u xe ʼ ojer tzij wara l kʼi che ʼu bʼi ʼ.
x kʼis ri nu si ʼ.
jawi xki bʼij wi chike ʼe wi ?
¡ xaje kʼu ri ʼ, jachin taq rie kʼo parijude ʼa, chi chanim che ʼa nimaj u bʼi pa taq ri juyu bʼ,
kʼa kʼ ria bʼ .
la kʼo jun naka kʼoxo maj taj ?
na utz ta le u tʼis om le al mari y.
man ya ʼ tal taj chia we katok pa ja .
je ʼ, xa tutzukuj .
are kel waj xaqi bʼ uq ʼij ri x kʼo jik .
ri xunkurk kʼo ji ʼ pa taq ri t ri ko .
x in sachik .
xu tʼuyu bʼa ʼ
na nutom ta le tzij …
wach ʼom ri ki wari no ʼ s .
e kʼo jo bʼ ch ʼil wa kʼ.
ra jawi xik chi pa taq ri tijo bʼal , pa nik ʼaj u bʼixik chik
ri ra jaw ru lew are ʼ tat kel .
we kʼu xokik, we kʼ na xok ta
we ach ixusipaj jun p ʼot ch we .
a tat u taqo ʼ n leq ʼatal tzij .
naq ʼanta u wach le qap rut .
ri xa ʼ r kʼopa u wi ʼ ri q ʼaq ʼ kpo q ʼo wik.
ri ro q ʼej ri ali jachak pe juna kʼal .
kʼo jun alapa tijo bʼal .
säq u wi ʼ ri tata ʼ.
ri wi tzik ʼ taj inkpe loq .
ja wixsa chon wikan uya ʼik lep waq che .
utz we a chi we xin ku na nik .
qo nojel kuj wa ʼ pa u wi ʼ ri mexa .
ri kax la ʼ nik man poqon taj .
inxin bʼe ru kʼ ri wa chi ʼl .
si bʼalaj je ʼl xki lo xe kitzoqopij ri ki chi jchila ʼ.
ki n bʼinik xin ʼe k.
kʼax kʼolik , kacha ʼ.
ku tiji xim ri ak ʼ.
ri al ix chel , xu q ʼi ʼo xa juna kʼ xsipa xche .
xqasi kʼij le ix oq ch utz akik su bʼ .
ma taxa bʼinsaj lech ʼich ʼ.
rip ix tz ʼara lik ru mal rieqa ʼ n.
¿jam pa ʼ kel chi 3%
kʼo jun nu kʼo toj chi ʼ aj .
tajin kewa ʼkat ri ala bʼom .
xin loq ʼ le nu kʼa kʼapo ʼ t.
na utz akik tas u bʼ tajin ku ʼ ano
xoj u taq chi ʼij xoj wa ʼik .
i wech ria bʼix .
saq rij ri chij.
aj sik cheri tina mit kel wiri tata ʼ.
- ¡ay! x axin tzaqu loq , kʼax we waqa n.
x kʼul ma taj pa jun komon chi ʼ u wach jun juyu bʼ, xuriqa jun q ʼij xki riq ki bʼ juni mul ru kʼ le ko k.
jas xa taq chi ʼ j lea kʼal chu tijik ?
x in chapo suxuloq ʼo .
q ʼi nom ri achi .
ri kʼum k tijo w ru kʼ ka bʼ .
tajin kejach ʼa nik .
tze bʼal u ke mik le pa sa wu mal .
areka yo ʼ w le u chikopil le u bʼantajik try pa no somab ru cei .
we kat nima nik utz ke lik .
pero no ʼji malpet naq loq , .
are le nu chak jun tz uq bʼal wi bʼ .
x ku na x ley awa bʼ ru mal le aj q ʼij .
ri u kʼu ʼ x tz ʼi bʼ paqa tzijelaj uj .
si bʼalaj je ʼ lik rieqa bʼal xu bʼan ri lu ʼ s .
si bʼalaj atko n.
emanxo ri jupu q ke j.
na x na ʼ taj ta chke xe ati nik .
ri kʼamal bʼe xu bʼij chike, chi maj aria nim .
jumu ch ʼ ri nu juna bʼ .
q ʼip taj inaq ri raqan ri tem .
k chakun ru kʼ ri jos bʼal che ʼ ri aja nel .
xa taq chi ʼj lea kʼal chu tijik kar.
oj kʼopa le ro ʼ ch le awel .
¿ lak at pe q u kʼ ch we ʼ q ?
le winaq pa lech ʼich ʼe tʼuyu llo wi.
xkanaj kanoq chi u xe ʼ ri ja bʼ rich ʼa ʼ n.
nim ri ja.
we taxa ku naj lea tat ma tax kam la ʼ.
na nu kʼamom tu ʼ la ri ʼ.
chqa nu kʼu ʼ riqa tzij .
kim bʼe pa le tina mit .
xin q ʼi ʼo na xina tin taj .
ra jawa xik kakʼaman chawe le u tijik le le j.
kʼis bʼal taq no ʼji bʼal .
x ine ʼ wa ʼoq .
xki bʼan kʼax che le u wosaq ru mal man utz ta chika kayik .
ri q ʼutu ʼm man kech ta lea kʼala bʼ .
are na nim ta leatz ʼi ʼ chu wach le nutz ʼi ʼ.
xepe tik xol kila ʼ.
¿jaw chi ʼ xa ta ʼ che xkam ri u mam ri po ʼ x ?
e ke bʼ ke kʼam bʼik pa tuj .
xin loq ʼ jun japa ri wokaj ja .
ri ax tu ʼ bʼ, kʼo qulaj chech .
jas karaj ka ʼ an ch utz akik leti ʼij .
xutij le wa .
xim bʼal re tzij .
xpax ri bʼo ʼ j.
we kawaj ka tinto ʼo xaq xu wika bʼij chi we .
jas nu kʼu kuch ʼo bʼo .
jas karaj ku tijo ?
xex ru x la bʼ ri rik il .
enitz ʼa ʼ q le taq imul .
we tane inxin bʼano wik , are le ate ʼ kx bʼano wik.
ki n tzalij pa le nu tina mit .
ri nuchaq ʼ kʼo pa u ro ʼ q ʼatoj tijo nik pa ri tijo bʼal .
x in xi ʼ jwi bʼ xin ch ʼawik .
kʼo chwa ro ʼ ch le pare .
chi raqan ka bʼin wiri tata ʼ.
x sa chonka nu ya ʼik lep waq che choja .
xin q ʼax chi kixo ʼl ri winaq .
ketiko nik.
ri u lew man q ech taj , kech ri qati ʼt q amam .
xepe le winaq xol ki kʼama ʼ.
xu loq ʼ ri wuj ru mal ri ali .
che we q ʼij kamik kʼo jun nutzijo nem chirij le nu tina mit .
kej ri ʼ .
x ku na na laq ch we .
ki nu si kʼij le nu na n.
ri i mul xu ch ʼij taj , xka naj pa bʼe, ru mal ri nimal kuja luj ri imul , xutzaq ria nim .
ku bʼan ri u xoq ʼo ʼl ri aj tz ʼaq .
ri la si bʼalaj utz cheku na bʼal .
kʼiki wach rie ʼ ajchaki bʼ pa ri komon tyo x , kʼate kʼut xajun chi aj aw xel ;
x qata chixa tulik .
kawaj chik at ʼe k.
ch ʼuti ʼ nkekan aj ri xaj a bʼ chech .
kaqa xi ʼj q i bʼ kaqa chapo .
e kʼo ke bʼ u kʼajol le tat x wan .
lu ʼ su bʼi ʼ ri recham .
aj chi u wi ʼmi q ʼi nja ʼ ri lu ʼ .
xin ya kan le nu chi mpa kʼay bʼal .
kʼate x ri lo, x peri u na n che u tzuku xik , xki ko tik, xu sala bʼisaj ri taq u xki n.
xki kʼut chi u wach ri aj tij xuquje ʼ chiki wach ri taq ni kʼaj kach il .
utz le nu q ʼa bʼ .
kul le al we ʼ l pa aust inchaq ʼa bʼ kamik .
ri ate ʼ kx tzaq loq are chi kʼopa u wi ʼ ri q ʼa ʼm .
aj pa tan ri te ʼ k.
xa tqaj chiupam ri il .
la kʼo tzij naki kʼoxo maj taj ?
xsachon chke chi xe ati nik .
ro nojel le u le wech alaq .
la xe bʼe kʼula xe ʼ ki jaqa kʼu le u chi ʼ ja ?
xaq kat ch ʼok naji wi r.
kamik kʼo chi ri jastaqa we .
are chi ʼ ka kʼis ri juna bʼ kʼo q ʼi nom .
pa na wal ja ʼ xina le xik .
na xin tataj we are ria kʼal kix tzuqu wik .
¡ ru lew ri sa bʼ u lone ru lew ri ne ftali, u bʼe ri polo w , ru lew ri jordan , gali le ʼa kech ri je taq amaq ʼ !
rax , rax , rax , kʼo kʼ, kʼo kʼ, kʼo kʼ le ru x la bʼ le taq tiko ʼ n.
a chixa twi lo .
pa qal raj il lep ix kamik .
xoj bʼinik .
pa jun je ʼl tijo bʼal ku tijoj ri bʼ juna kʼal , u bʼi ʼ po ʼ x , utz ku ri lo ke pa tijo bʼal ro nojel taq q ʼij .
x waj chi x at ʼe taj .
utz la ʼ le xu bʼij le achi .
weta ʼam jachin kape tik .
ki n q ʼo joma nik .
xin q ʼi ʼota kʼalik x inpe tik .
are ʼ reta ʼm cheki nopa nik .
areta bʼal e q aqa jaw chat to ʼwik .
ka winaq waqi bʼ q ʼataj .
naq aj chik cheri u waq kaj bʼal aretaq chi ʼ ksa chu wach riq ʼij , kok ri q ʼe q u ʼm chu wach u lew , chi kʼate ʼ na ri bʼe leje bʼ kaj bʼal .
jo bʼ raqan ri tzʼalam xeporo xik .
si bʼalaj korij ri mop .
arewa ʼ.
jela ʼ pa ri ti minit ch wika byok rech xelaj u ʼ, leq ana nqa tat kaki tikoje ʼ la laj taq u wach ichaj .
kʼax nuqul .
xu ʼ lu kʼama ʼ .
ko jul ki tzukuj .
areman kʼax ta uku na xik aretaqa ninaq ka ʼ ili taj we ya bʼil al xuquje ʼmojo ʼ qa kuya ʼ le kʼax kʼol il chech le jolomaj .
ri we l kʼopa tijo nik .
kawaj ki n bʼij .
ri ko tz ʼi ʼ jkqa koj chiupam ri ja .
q ʼe q q ʼoj rij ri ama ʼke j.
na x waj taj xin ch ʼa wik .
ch peta bʼale loq ʼalaj ja bʼ .
xsachon chke x at kisi kʼij .
e le q ʼal ch ʼich ʼ.
jachin xa wi lo chi arex tijo w ri ti ʼ j ?
ma taka bʼe le nu x bʼal pa le tina mit .
pim ru q , ri ali .
¿ kʼo ri muq ʼe chia wech ?
kqa bʼij man ke ko win taj .
ki ntij na .
kʼo jun qat ʼu ʼ y pa ja!
kʼopuj chiupam ri ch ʼa ʼ k.
aretaq ki nko sik ki nwa rik .
xatwa ʼik xin wi lo
in xi n ch ʼa yo w le achi .
ko nojel ri ala xik ke ʼetz ʼa nik .
jas ru kʼ xki tij wi le ki rik il ?
ani naq il kat pe tik .
na raxta u wach le juyu bʼ .
ri tz ʼalam tz ʼi bʼa bʼal ra xkka yik .
we ch at chaku nik, kʼo awa .
ma ʼ tam x at pe cheri wa ʼim .
kamul ki n wa ʼ na .
ri sik il k tijo w ru kʼik .
kim bʼe aq ʼan ru kʼ le al tal in .
xoj ʼek xe ʼ q il al arqa sok .
xe ki q ʼil le ajchaki bʼ xki wok le ja .
ma tane x waj le kʼuhj nem ru kʼ le ate ʼ k.
are xe ʼopan chi u chi ʼ ri juyu bʼ, xki lo chiman q as ta kʼo q ʼayes .
kʼate kʼut , ri jesus man k kojon tach kech rie ʼ are ʼ, ru mal rech cheko nojel reta ʼm ki wach ,
pa ʼ tz rij ri tz ʼi ʼ.
ju winaq waqi bʼ q ʼataj .
atel aq ʼom .
xaqa tjo ʼ s .
ri q ʼatzu, are q ʼalaj ri uq ʼij il .
ajchak we ala .
u bʼe leju ka kʼal taqa nik (29) .
ke bʼ nu bʼi ʼ kʼolik .
laka tzalij lu ʼ la aninaq ?
ka tzuku n la ch we .
lakaj la koj bʼe ʼ pa le chomal ch we ʼ q ?
x in na bʼe jchuta sik qa kʼoli bʼal .
lal xin to ʼ wik.
si bʼalaj ano ʼji bʼal .
xoj pe tik xolqa kʼama ʼ.
si bʼalaj je ʼlik ri u wa ʼl ri ich aj .
kʼax wij ru mal in pa cha lik .
aretaq xu kʼul maj wa ʼ xul ri u chomanik xu bʼij : are utz wa aq ʼa bʼ kin wali jik, are cha ʼ chanim ki nopan pa tijo bʼal , maj chik in kʼul maj .
ojaj xojo lo bʼ pa awasq ʼij .
xin sach che le u wokik le tzij .
e julaj uj ri ak ʼ.
xutaj ampa ʼ koj ʼe k.
q ilik .
ri tijo xel man areta nim chu wach ri raj tij. ri utz tijo xel q as jeri ʼ kʼolik jas ri raj tij .
in xa tinch ʼa yo .
no ʼ jim chak wu mal .
ch ʼu r ri joch ʼ.
inkin bʼij naka tsach taj .
uj ma ya bʼ .
ria bʼaj ya tzalik .
tajin kepix bʼax ria kʼala bʼ .
chom ri aq .
xin wa rik .
e le men ko nojel ria kʼala bʼ .
tajin k q ʼa na rik ri we re ʼaj .
le u kemik lepas utz ( cha we ).
xuyupu bʼa u wach ra ʼ chi, kacha ʼ, .
ri sa tan askok pa ri judas ri kbʼi xiska ri ʼo tech rech , ri are ʼ jun ch kixo ʼ l rie ka bʼ la juj .
chu churi par.
ki nqumuj ri nu joch ʼ.
chech punción lumba ramaq ʼel ra jawa xik chech ri lik le u kʼex bʼem wi le na bʼe ru kʼ le u ka bʼ u kʼutu nem le ya bʼil al .
q ʼalaj china kawaj taj ka bʼij .
kʼo q ʼol chirij ri si ʼ.
jawi xoj ʼe wich u loq ʼik ?
kʼo u loch ʼ ri tali n.
q ʼan rij ri ati ʼt nu ke j.
la x tzalij la i wi r ?
xesi kʼi xik , kʼate kʼu ri ʼ xe ya jik, xuquje ʼ xe taq bʼi che u sik ʼik le mes .
lak ix wari k?
are kʼu le pa lom ax xu bʼij che: -mam kat bʼison taj , kin si kʼij ni kʼaj wa chi ʼl ke rapa pik .
a ʼ re e tijo xela bʼ .
ri alaj ali si ʼl xu bʼij xqa chap pa utzal ri tyo x.
xsachon chke jachin xe ati nik .
jas xuray ij le ana nxu tijo ?
xinko sik .
rax ro nojel ri q ʼayes ru mal le ja bʼ .
ki n ya wa ʼ we ch ʼich ʼ pi nem na utz .
no ʼ jimupa ch ʼu xik le nu wi ʼ.
naj kʼo wi le wo ʼ ch chu wach le tijo bʼal .
ri ok i bʼal kʼo chi u wach ri saq ja .
xe nu taq ch ʼij ke kil lea kʼala bʼ .
kʼo jun q ʼoxo wem chi we .
tza ri cho ʼ m.
we choj bʼe pa le nimaq ʼij , ke q il le aj xojolo bʼ .
xoj ʼek xe ʼ q il al arqa sok .
ri ate ʼ k xuta ʼ chech ri na nto ʼ n :- na njas che ʼ chiman kaj tal aqa kʼa tisaj ri jo ʼ q .
ri pa l si bʼalaj xu ʼ y.
ki n koj ri jok bʼal u lew .
inkin bʼij naka tsach taj
a traj kun le nu na n.
ku qa muj u joron ri aj tzij .
lu ʼ tz ʼalam u bʼi ʼ ria chike l pa nim che ʼ.
je ʼ lik uti ʼ jol al ri saq ko ʼ r.
kʼo jun xa ʼ r pa ja .
xin loq ʼ jun kʼak ʼ pa tan .
kʼax u ke mik le pa sa wu mal .
an inaq u ke mik le pa sa wu mal
ri ch ʼa ʼ n sach inaq pa taqa bʼix .
rax taq le ko tz ʼi ʼ j.
me som kanoq ri u pa mja .
manaretar alax ko sik .
ri komon xech pup rech uq ʼa bʼ tina mit xo ʼ la bʼaj rech q ʼu markaj .
lautza kik kʼus u bʼ tajin ku ʼ ano ?
kate la !
na xu tij taj .
xa ru mal keta ʼm ko nojel ri winaq k ki qumuj le ja ʼ.
iw ir xuj tzalij la pa kʼay bʼal .
qeta ʼm cheri q awa ku juto ʼo .
ri aj tij , kya jon chike ch ria kʼala bʼ .
jasu bʼanom le nuch ʼuti tat ?
ch we ʼ q ki n bʼe pa nim tina mit .
utz we ki weta ʼmaj jas ku bʼij ri chol bʼal q ʼij .
tajin kat jilo w che uq ʼo xom jolom aj .
x intik q ʼax chi u wach ri ja .
kʼax le ki bʼe le winaq .
loq ʼkat kun taj che le ya bʼil (covid - 19).
ri nu xi bʼal kel pa q aj bʼal q ʼij .
x ri l ri axwan chi x wa ʼ ri ala .
le al ix ku na tajik .
weta ka pe le ja bʼ kamik .
x in weta ʼ maj chi na x at pe taj .
rip waq rech we q ʼataj ri ʼ kesa x chech ri toj bʼal kʼayi nem .
k tij ri u wa ʼ lik ru mal ri ki nimaq ʼij .
xuchapuku na xik .
cha tan loq ali .
xin xu li ʼ q aj oq .
je ʼ lik k tijo w ri taqi kox .
kʼate kʼu ri le tat xo ʼ r xu bʼij , man kawaj taj , man kawaj taj .
kʼo jun tz ʼi ʼ pa bʼe .
kamul x inpe chea tzuku xik .
man tajin takin chaku nik .
ki n chaku nik rechka twa ʼik .
jas ru kʼ xa wil wi chi xki qupij wi le ti ʼ j.
jasu bʼixik … ?
koq ʼ ria kʼal .
kawaj na ka tʼe taj .
x at q ʼa jik .
we m na cha loq ʼaxi ya l, na kim bʼe ta a wu kʼ .
xopan lew u jaw u kʼ ru mal we chi n.
are kʼut pa le juyu bʼ k kʼi yjo ro n, chila ʼ xe ki kʼama wiri ja ʼ ri winaq .
koq ʼ ria kʼal .
we kʼo araj il cha kʼamaloq .
are si bʼalaj kaq lea po ʼt chu wach le nupo ʼ t.
xin kʼas taj pa ka bʼ laj uj kaj bʼal .
kaqoy ʼej nak ixpe taj .
ko ka xim ri chij xajela ʼ man ka nimaj ta bʼik .
ri ko knoj im x bʼek, xu ch ʼi jo xopan pa u kʼis bʼalil le a nim .
xoj ki ʼ ko tik aretaq xa tulik .
kaqi tz ʼ naj ri uxa ja bʼ ria kʼal .
ri jesusk wa ʼ kat pa ri nim ra choch ri dyos, chu xe ʼ ri jun jachera choch ri salo mon .
we taqa nik ri ʼ ku bʼij chiraj awa xik kya ʼ uq ʼij ri winaq xuquje ʼ kto ʼ aninaq il .
ria xux are na ri u ku nel ri ki naq ʼ.
aretaq wa ʼ ri uq ʼij ol we taqa nik .
kʼo junta bʼal pa u wi ʼ ri xka nulu bʼi ʼ la juj no ʼ j.
yu ʼ lu bʼanom ri u kolo bʼ ri ke j.
xa nimaj ria kʼal chi u wach ri u chuch .
k ku na n ria chi .
ki nwa ʼik rech nakin yowaj taj .
aj xik ch ʼich ʼ ri lu ʼ s .
k waj che ix kix bʼano wik.
a ʼ re xeto ʼ wa laq .
xoj ʼek xe ʼ q il al arqa sok .
xin loq ʼ jun ch ʼich ʼ, qa jinaq u wach .
ku tʼis rip anta lon .
e janipa le awal kʼ wa le kʼolik ?
utz u ke mik lepas chawe .
ri max are aj q ʼa ni ya ʼ.
ma ta bʼa chiriq kʼax pa le bʼe .
tajin ka nimaj , ri me ʼ s .
ixi xe ʼ laq ʼoma bʼ !
xsachan ch we .
e kʼo kʼi che ʼ, chi u wach ri juyu bʼ .
arewa ʼ ri nimalaj pixa bʼe arewa ʼ ri na bʼe .
x reta ʼmaj chi ru kʼ pa kʼ kutij wi
jas utz akik le su bʼ xu ʼ ano ?
aj xo ʼ yri wikan .
we tanea ʼ re xe tijo w le ri kil , are le komon xe tijo wik.
si bʼal ajan inaq kach ʼaw le are ʼ chi nu wach in .
utz wekin chakuj .
me ʼs la ʼ.
kʼok anwa rechkaqa tijo .
xin si kʼij la .
ria kʼal x sach kanoq jela ʼ pa taq ʼaj .
xe si kʼij la .
jawi xki bʼij wi chike ʼe wi ?
ru mal che, manix ta ri ʼ ri kix ch ʼa wik , are ri ru x la bʼ axel ri i tat ri ʼ ri kch ʼaw na iw u kʼ ri ix .
kʼa kʼ ri wach och .
si bʼalaj utz ki nwil leatz ʼya q rech na hu ala .
saq por k kay ri kipo ʼ trina n.
xsachon ri nu chak ch we .
wa ʼim xu chapo .
ri q ʼaq ʼ tajin kajulu wik .
najil u pam ri siwan .
e kʼo riqa chal al pa chi u wi ʼla .
jas xa taq chi ʼ j lea kʼal chu tijik ?
no ʼ jim u ke mik le pa sa wu mal .
kʼo jun ku ku bʼi ʼt intin, wa ʼ le laj ku kmam kaj eqi taj , kapaqi ka xulik pa u wi ʼ uq ʼa bʼ taq che ʼ, si bʼalaj sa kʼaj , ke ʼ uto le e nima ʼ q , ch ʼut in, ra chi ʼl , aj sipa nel si bʼalaj utzra nima ʼ.
ri u pixa bʼ leq ʼat bʼaltzij ki ya ʼu bʼixik .
na x sa chonta chke xe ati nik .
xeq il le chi kop pu wi le ja .
x lo ʼ taj ria kʼal .
qo nojel kuj wa ʼ pa u wi ʼ ri mexa .
xsik ir le waq an .
la xa twa ʼ kʼut ?
nim u bʼ aq ʼritulul .
ki n xik ʼi kʼik xinq ʼa xik .
lak at bʼe pa le tina mit ?
ri pa l si bʼalaj saq ʼo r.
k q ʼo xow nu jalom .
xin na ʼo chik at pe tik .
x loq ʼu le wi we chi x.
xin chakun ru kʼ ri nu mam .
na xqa bʼantaj .
k kʼo ji ʼ bʼa ʼ ri u sipa nik ria jaw xel jesusk ri sto ru kʼ ria wux la bʼal !
ki n ch ʼaw ru kʼ le nunan pa lech ʼa we bʼal .
si bʼalaj q ʼe q u ʼm ru mal ri mayul .
are leba xulik .
xekos le i xoqi bʼ pa le bʼe .
kʼax ri lik lea kʼal chawe .
xin q ʼi ʼ oxi na tin pa joron .
si bʼalaj nim le tina mit .
kʼax u ke mik le pa sa wu mal .
x in sachik .
tajin ke lu ki kʼel pa raqan ri tz ʼi ʼ.
xin weta ʼ maj ri lik wi bʼ
riq ʼuq ʼ are jun je ʼl chi ko p.
kʼo pa ja tijo bʼal ri wikaq ʼ.
ri sa chi bʼal mak raj wa xik chiqa xo ʼl .
je ʼ, kim bʼe k.
jela le ʼ ri nu p wi ʼ.
xu bʼij che :-jas xa bʼanot intin ?
ka bʼan junto q ʼo bʼ kyak ri nuj al .
kat ʼe kxi nta .
jas le u kʼex bʼem ri bʼ le jun ru kʼ le jun chik ?
aj chi u wi ʼmi q ʼi nja ʼ ri lu ʼ .
ri tijo nel naj kpe wi .
te ʼ kix cho bʼ u bʼi ʼ ri nu tat .
ri ja ʼ kamiq ʼik chi u wach riq ʼaq ʼ.
ri t ʼu ʼ yk pa q ʼo wik.
kinme son na .
naqa jat kʼo wi chi wech .
xin bʼiso nik taq na xat pe ttaj .
we x kam ri winaq , rip waq rech toj bʼal ma kaj kya ʼ chike ch ri rala xik .
ri nu na nx bʼe pa kʼay bʼal .
xoj u kʼam u loq rech koj ri lo
x kʼo to ch in chiki wach chik in wa ʼa wu kʼ .
na xki kamsaj taj xki kʼam bʼi choja .
kʼa kʼ ri ik ʼ kamik .
xim bʼe ru kʼ le aj kuni wi r.
ri lik .
letz ʼi ʼ xeko sik .
xin kikota wu mal .
ri i mul xumaj ria nim, xuyak an le ko k.
kʼo oj cheria kʼal .
xuj bʼe pa jun kʼula nem .
utz we k waralaq .
kaqi lo chi nakoju kʼam taj .
x reta ʼmaj chi ru kʼ pa kʼ kutij wi .
si bʼalaj xink ʼa ʼ na rik .
xinko chij ri nuwa .
man katko win taj kat chakunik , we man kʼo ta ria jila bʼal .
we wonon xu bʼij chike :-ki xinto .
ri ala nim k ri l wiri u mam .
xka ʼ y chirij , xka ʼ ych u wach , ma kʼo ta chi jun k silo bʼik , xoq ʼik xu xe ʼ j ri bʼ x ch ʼo pi nik x tzalij loq xu riqta chik ri u bʼe .
kʼo pus cheri wa .
pi nem na ka bʼe le wa tz, kim bʼe wi in pa ka ʼ yi bʼal .
ri na nto ʼ n nim winaq chik, saq u wi ʼ, ro nojel aq ʼa bʼ utz ku na ʼo ka tʼuyi ʼ pa u tem , ku miq ʼisaj ri bʼ chori q ʼij , kʼo junu wi ʼ u mam u bʼi ʼate ʼ k.
man e kʼi taj riqula ʼ.
q ʼalaj china kawaj taj ka bʼij
x paqa bʼisax raj il ro nojel ri kem .
kʼopa ri jul ri ku matz .
ro nojel q ʼij kin ch ʼaj le nu w are .
saq chik an le ich aj rechka tzako.
chu xe le qa chomal kaqa tij wi jun q ameq ʼin .
cha wila ʼ.
e kʼo jo bʼ u mi ʼ al, ri nu tat .
jas ru kʼ xa wil wi
je ʼ jas ri winaq rech ri u wach u lew , xoquje ʼ ke pe na ri ʼ rie ʼ are ʼ che e rech ri u wach u lew ; je ʼ jas ri winaq rech ri kaj , xoquje ʼ ke pe na ri ʼ ri e ʼ are ʼ e rech ri kaj .
xin tijo .
k tz ʼuju w ri ra choch ripo ʼ x.
xuq ʼi ʼo are le u kʼu lel xya ʼo wuwa.
ria we l xreta ʼmaj chi raj awa xik man ku xej ta ri bʼ cheri tukur .
ju kʼulaj winaq xe ʼa nimaj bʼik .
je ʼ, xin tzalij ik .
xoj pe tik xolqa kʼama ʼ.
maj jachin x ʼe k.
inaj tij ; at tijo xel .
saq u wi ʼ ri tata ʼ.
wech ri kem .
le ro ʼ ch le ate ʼ k kʼo ch wach le u kʼay le nu na n.
k bʼe pa ri si ri ʼa e pa ri sili si ʼa, jawi je ʼ ku ya wiri ki chuq ʼa bʼ ri komon tyo x .
pixa bʼ : man utz taj kʼax kuj ch ʼaw chikij ni kʼaj q ach il .
x ku na taj le ali ( ku mal ri i xoqi bʼ ).
ri xi bʼi bʼal chi kʼo wi pa taq riqa kʼas le mal ro nojel q ʼij .
na kuj war ta waral .
on chek kʼo ji ʼ ri utzil chixo ʼ l , arech junam riqa kojo nik, junam ri i we chi x ru kʼ ri we chi n.
pa ox q ʼij ri sa ʼ nk bʼe na ru kʼ ri aj kun .
ka winaq wuq u bʼ .
jas kawaj ki ntijo ?
we taxat bʼe wu kʼ pa le tina mit , xa loq ʼ tala ʼ le u jastaq lea kʼajol .
ke bʼe pa wa ʼim .
xin loq ʼ kʼiwa .
pa jun nim kʼa che ʼ laj , kʼo jun kʼ wa ʼ si bʼalaj saq loloj , nim u wach .
k waj katij ju bʼa ʼ wa .
ro nojel winaq kril na ri u kolo nem ri dyos » .
x kʼo to ch in chiki wach chik in wa ʼa wu kʼ
k waj na kat ʼe taj .
la xa loq ʼ jun alej ?
e kʼo rie loq ʼoma nel .
ri u ka bʼ u bʼi ʼ ri nu mam are ya y.
kinjopij ri i ja ʼ rech triko .
x na ʼ taj chke xe ati nik .
xate ʼ q ila ʼ.
kaki tij alan x ax ri winaq .
. . . kin bʼij chi arewa ʼ sin xi ʼan .
na xin na bʼej tach u tasik qa kʼoli bʼal .
ru mal rech cheweri in, kin ch ʼaw ru kʼ ri dyos pa ch ʼa bʼal , k ch ʼaw na kʼu ri ʼ ri wux la bʼal ru kʼ ri dyos, kʼate kʼut man kʼo ta u pa tan ri ʼ ch rech ri nu choma bʼal .
xepe tik xki lo .
xuta wekat ʼe k.
utz u ke mik lepas chawe .
ri nu wakax xutij jun q ʼo q ʼ ru mal ri ʼ x kamik .
ru mal ri kʼix , man kewa ʼ taj ri winaq .
xe ʼu lik .
q ʼe q rij ri ama ʼ chi j.
x raj ka ʼe le u na n.
junam ki juna bʼ .
naq ʼalaj taj we ka ʼe k.
ri wix nam ch ʼaj ch ʼoj ri ra choch .
wara l man kʼo taj aj awa l.
na iw ir tax ri l le kʼamol bʼe .
x inpe loq te kʼu ri ʼ x in tzukuj ro nojel ri nu raj il .
ri aj tiko nel ku tik ri tzij .
kʼo e ki kʼajol lea chija bʼ .
kutij q ʼayes ri ixpa ʼ ch .
pa ri wa ʼ bʼale kʼo ka winaqa chija bʼ .
si po jinaq ri nu pam .
ka ya ʼ tajik ru kʼuti ʼo nem jun ri u riqom le ya bʼil amolot setsé xuquje ʼ areka ya ʼ taj pa taq ri juyu bʼ .
jachin ria chi ?
ri numam x kamik aretaq kʼo jumuch ʼ la juju juna bʼ .
ki nko winik ki n kʼam bʼi lep waq .
ki nwi lo chi utz ri aji ʼ.
xinq ʼil ria po ʼ x che man kachakun taj .
k wa ʼ chi u wach le taq ʼaj ri ama ʼa kʼ .
ri i mul xep oq ʼik pa juni kʼ.
x kʼis kanoq riqa chak .
are ri al ixo jilo w kanoq .
si bʼalaj ch ʼu ʼj ri amax .
kʼo nu wachi ʼ.
inchaji nel kech lea kʼala bʼ .
xeko s letz ʼi ʼ.
ki n bʼe na ku kʼ ri molaj .
ro nojel aq ʼa bʼ kin yi tz ʼ ri wakax .
karapi nik xu tzukuj chi juna waj .
leu ke mik le pa san inaq ( a wu mal ).
maj u raj il leq ʼa bʼarel .
kʼax ri ʼ ri kach ʼa wik .
xoj u taq chi ʼj lea chich u loq ʼik ich aj .
si bʼalaj kʼax ri x kʼul maxik .
xki lo chinakin kʼoxo maj taj .
x na ʼ taj chke chi xe ati nik .
x kʼo to chi n chiki wach chixoj al wo ʼqa ku kʼ .
jun q ʼu ʼ q raj il ri kax la ʼ n wa .
xin wi lo chi xe ʼe lik .
e kʼo i xoqi bʼ pa le kʼay bʼal .
man kʼo taj u kʼisik ri maya bʼaj la bʼalil .
ris ink kʼiy pa taq ʼaj .
rich ʼima mank kʼiy taj pa taq ʼaj .
ra jawa xik kjikik ri waq än.
kawaj ki nʼe k.
e kʼo oxi bʼa kʼ.
xu bʼij ch we jawi at kʼo wi.
ch we ʼ q kuj bʼe ʼ pa muquj .
pa saq kʼaja ʼk bʼan wiri uq .
xoj kisi kʼij .
xin wil wi bʼ .
chaq ʼchik ri wa.
kim bʼen akapa le wo ʼ ch .
kawaj ki nʼe k.
rich ʼu ʼk tij ru kʼ le j.
pa ri ki q ʼij kaminaq i bʼ k bʼan q ʼo ri kʼya ʼ rech aj :na bʼerinan kutzukuj kan ri aj, kujach ʼo ʼ xuquje ku kʼeto .
jas kaj bʼal cha nim ?
utz u chomanik ri ali .
pa riq ʼijo x laj uj tij axkin kʼis ke bʼ juna bʼ kin chakun wara l.
si bʼalaj ko , ri kʼak ʼ ch ʼat .
jas karaj ku bʼij … ?
rich ʼich ʼ ka sila bʼik .
pa ojer q ʼal pul xaq xu wiri nim winaq ke kʼamo w bʼe .
le u ku na xik le u ka bʼ u kʼutu nik are ru kʼ e flor ni tina on u tuni bʼaxik le ni furtimo x chi ʼ le flor ni tina chech t. b. g.
are ria chi xin ch ʼayo wik.
juna chi u bʼik u ʼ xu sipaj ke bʼ kʼa ʼm u lew rechka bʼan ri tijo bʼal , kamik , kʼo chikaj tij rech ri komon xech pup.
xu mal tyo xij cheri aj tij ro nojel le xu kʼut chi u wach .
pa ri bʼex ki raq jun alaj imul saq ri j, xki kʼam bʼik .
x ri l le bʼale ala .
jas ku bʼij ch we ?
le u ku na tajem are ru kʼu tzuku xik le u chikopil pa junu soli ku xe ʼ le ki kʼon le ja ʼ rech jun nodo .
utz we nutz ʼi ʼ.
je ʼ, tajin kachapo nik .
ki nu loq ʼoj le nu tat .
kawaj kim bʼe pa tina mit .
arela ʼ ki nchakuj .
ri nima ʼ q taq winaq kʼo keta ʼma bʼal .
we taxat bʼe wu kʼ pa le tina mit , xa loq ʼ tawa ʼ we jastaq .
ri ki kʼas le mal . wa ixim u lew xa jun chima areta tini mit ri ma
ri u kʼ ya bʼal na jupam .
xa tqaj chiupam ri il .
noj im ka twa ʼik .
we kʼo jun ktuqa ʼ ri k, ¿ la man xoquje ʼ taj kin tuqa ʼ r ri in ?
ojoj wokolja .
awask bʼan kʼax che jun nim winaq .
x in ch ʼawa pan ru kʼ le wana bʼ .
kʼax ri u pam ri ju ʼ l.
tajin kewa ʼ ri i mul .
lakaj la kuj tzalij la ani naq ?
ru mal rech cheri ma kaj man kʼo ta u ko wi nem pi wi ʼ ri ix : ri ix man ix kʼo ta chi chuxe ʼ ri pixa bʼ, xane ix kʼo chu xe ʼ ri sipa nik .
nim raqan le che ʼ.
x inchapo .
are let u ʼ rle loq ʼoma nel .
xaskat kʼoji ʼ chiupam rich ʼich ʼ.
si bʼalaj nim raqan ri kʼamal bʼe .
letz ʼi bʼa bʼal we chi n.
inxin to ʼ wla .
xaje kʼu ri ʼ ri ix kamik ri ʼ mani xka xlan winaq ta chik ; ri ix , ix rech ri ki tini mit rie tyo x laj taq winaq , ix rech ri ra choch ri dyos .
xin tiko xlaj kʼali chaj.
kaqa riq qi bʼ ch we ʼ q .
si bʼalaj utz cheri wi ʼ aj ri tuney .
we na jupulik ta xeqa jik . . .
x into ʼ taj cheri nu chak .
kʼo jun chikopu bʼi ʼ pu m .
poqon ri ik .
xoj bʼinik .
xu ch ʼek ro nojel le reta manik x pa q i ʼ k kʼax kwʼi nik xu bʼanaj kun .
ke lu bʼik parijude ʼa ek tzalij chi u bʼi jumul parigali le ʼa .
xina xi bʼij pa bʼe.
je ʼ l kʼo lem chi awa choch .
ro nojel ri ya ʼ tal il pa we q ʼataj , tz ʼaqat ki wach , mank tzaqta kanoq xuquje ʼ mank tas taj .
xuku naj le ya wa bʼ le aj q ʼij .
chi tata bʼej jas le kim bʼij .
ch ʼan al ri achi .
pa bʼo ko ʼ kachakun wiri tax .
uj kʼopa u wuq q ʼij .
ki ʼ ri u ka bʼ ri aq aj .
kʼo ra chal al pa tz ʼo loj che ʼripe ʼl .
xki lo chik in kʼo xom aj .
ri u kisa kʼutz kya ʼik chi u xe ʼ ri tiko ʼ n.
aretaq chi ʼ kaq ʼan pu wi ʼ ri juku bʼ, ria chi chex kʼo ji ʼ ri itzel ux la bʼal ru kʼ , ku tach rech ri are ʼ, arechk kʼo ji ʼ ru kʼ ri are ʼ.
na ka bʼantaj ta wu mal .
x na ʼ taj chke xe ati nik .
xin pa j ri nut ri ko .
xe ʼ ok ri po kʼ pa ri u mexaripo ʼ x .
ka julu w ri aq ʼa ʼl chi u xe ʼ ri tʼu ʼ y.
awech le ja .
xuj bʼe pa tzur ik .
na bʼexa to pa nik .
ri u ka bʼ u bʼi ʼ ri nu mam are ya y.
uwaj xaqu ka kʼal taqa nik (28) .
ma ta kʼo jun kakan aj kanoq , qo nojel koj bʼe k.
e nima ʼ q le al to ma bʼ .
nim u wach ripo ʼ t.
kojo nik pa ri utzij wa ixim u lew .
jas xu kʼam bʼi letz ʼi ʼ xa wi lo ?
x inpe tik, tat .
ri bʼel aj u wach .
chi tata bʼej jas ri kim bʼij .
je ʼl ku na ʼ ria bʼix chiupam ri ququ lew .
ki n bʼis oj u wach le wal .
xu tʼuyu bʼa ʼ .
nim ria we q e le ʼ nxa riqo .
x ine ʼ wa ʼoq .
chi ʼ kewar wi lea kʼala bʼ .
ri nu mi ʼ al xutaq loq jun taqo ʼm wuj chi we .
q ʼe ʼ lik , richaj pa ri bʼe .
la utz awach ? - utz mal tyo x , e kʼu ria t? – utz malty ox .
xin kos ru mal nu chak .
k bʼe ku kʼ ri e ʼ are ʼ ek tzalij pa r inas arete ke ʼu nimaj .
ri joj xu kʼam bʼik ria kʼ .
kʼo chi wachi ʼl cha nim .
ku bʼij chech na ʼ l ka bʼan cheri atz ʼi bʼ .
e . . . in kawaj ka tzjoj bʼil ach we .
ma taxi nyaj le ali .
jachin ru kʼ kat bʼe wi ?
kʼosi bʼalaj eta ʼma bʼal pa ri maya bʼ no ʼji bʼal .
emanxo ri jupu q ke j.
kasum um ri kaqi q ʼ.
e kʼo kaji bʼa kʼala bʼ pa le bʼe .
je ʼ jas ri u tat k ka ʼ yik .
xaqa tmo lo nel tzij tal .
le nu tat ka loq ʼon ch we .
xaq tane kim bʼei wu kʼ .
x reta ʼ maj uch ʼa jik .
ru mal la ʼ x koj “ xal q ʼat ” che u bʼi ʼ ri komon .
are le u ke mik pas x reta ʼmaj .
ri wa ti ʼt ku bʼan na ri u pa tan .
kʼa kʼ le po ʼ t.
reta ʼm u wach jachin x loq ʼo w ri pas .
kench ʼa bʼej lea kʼala bʼ .
ya ʼ tal chaq eqo nojel ri uj winaq utz ka qilqi bʼ .
x koti ʼ pa q ʼayes xoq ʼik .
ka winaq bʼe le je bʼ q ʼataj .
e kʼo kaji bʼral ri i mul , jun saq , jun q ʼan , jun q ʼe q , jun q ʼe q oj , si bʼalaj ketz ʼa nik, kech ʼo p inik ri alaj taq imul .
k chol ol ri acha chal .
kete kik ri ikʼ.
xepe tik rechkewa ʼi wu kʼ .
tzatz ri uq ʼa nil ria kʼ.
xoj tzalijik xi xe ʼ q aq ʼat uj ku kʼ le ita tina n.
ri yo ʼ x taqa kʼala bʼ ke ki kʼux ri atz ʼya q .
we a chi we xu sipaj jun po ʼt ch we x kamik .
k ko win ri ku na nel cheku na nik .
xji q ʼ paripolo w.
xa ru mal si bʼalaj ra jawa xik le loq ʼalaj ja ʼ, le winaq xki bʼij : che we i kʼ ri ʼ qo nojel kuj bʼe che u tik ik taq che ʼ.
ri u na ne ri erachal al ke pe u loq ru kʼ ri are ʼ, kʼate kʼu ri ʼ, man ke ko win taj keqi bʼ u ko q ru kʼ , ru mal rech che e kʼosi bʼalaj winaq .
ru mal rech , che man kʼo tajun k ko win che u kojik juntiki bʼal il chik chu wach ri kojom chik che are ri jesusk ri sto .
te kʼu ri ʼ x utz ʼi bʼaj ri bʼ pa ri nimalaj tijo bʼal rech aj ku ʼ n.
kajulu w ri ch ʼu mil chaq ʼa bʼ .
kʼis bʼal kanoq , xoquje ʼk kam ri ixoq .
le ala xokik .
kʼo p waq pa u wi ʼ ri mexa .
are kawaj nakin ʼe taj .
ri ya wal ku koj ri ali chi u xe ʼ ri chak ach are u su ʼ t.
na kaqa kʼam tu ʼ bʼi kamik .
ri aj tij ku bʼij chike : ra jawa xik keqa chajij ri awaj , are u tiko ʼ n ri ajaw .
x intij mukuni wi r.
kʼax le u wi ʼ taq le nu q ʼa bʼ .
xin loq ʼ jun il bʼal wi bʼ .
wa ʼ we q ʼij , nim u bʼantajik .
ri u xe ʼ al riqa tina mit man kasach taj .
xoj bʼinik .
ria chal al junam ki wach .
xin weta ʼ maj ri lik wi bʼ .
nim ri u na ʼoj waj tij .
mi q ʼin ri kʼul .
aj q ʼojom ri ate ʼ k.
che le sa nik che ʼ k bʼan wiri q ʼo jom .
kape le awel pa nawa lja ʼ.
ri me so nel tajin k chaku nik .
utz chaq e kaqa to ʼ q i bʼ, taq kʼo kʼax kʼol il , kate we chi ʼ n ri aj awpaqa wi ʼ.
xa wi lo, x q ʼa tan le i bʼo y.
xa tko winik xa bʼano .
ki ʼ ri kʼa we x.
kajil il ri bʼe.
le ali xel bʼik .
are ʼ x raj xin bʼano .
nim we a bʼaj .
je ʼ lik uti ʼ jol al ri saq ko ʼ r.
no jinaq ri ke j.
we katijan xux man katuto ʼ ta chiuq ʼati xik le kʼa kʼya bʼil coro na virus ( 2019- ncov).
na nim ta raqan wa ʼ we che ʼ.
utzalaj ajchak, ri we l.
¿jam pa ʼ kuj bʼe pa nimaq ʼij ?
ra jawa xik ta nela ʼ kat chakun wu kʼ .
xutaq chi ʼj pa wara mpu lew .
man areta ri axwan xe lik .
ria wix xu loq ʼ ra choch re nimal .
are ri ix oq xin si kʼin u loq .
rich ʼima kʼat ʼon na .
la xi bʼan le ichak ?
kʼi tina mite kʼopach ʼo ʼ j.
kʼo jupuq chij chi u xe ʼ ri che ʼ.
ri u xaq ria bʼix are u wari kej .
ka winaq q ʼataj .
lak ixpe pa tijo bʼal ?
we ke chajix taq le kʼ wa jachakin bʼij ; juna lik kʼo ja ʼ xuquje ʼ si bʼalaj saq loloj .
xreta ʼmaj .
ri ala bʼom ri al ito ma bʼ tajin kiki tijoj ki bʼ rech su taq , areka kajkiki bʼan nima qa chija bʼ chupam ri ki kʼas le mal , xuquje kʼo chik jupuq bʼixo nel chupam ri komon .
la tz ʼu wach ri bʼe .
kʼak ʼ ri ach ʼich ʼ.
qo nojel u j, uj ma ya bʼ taq winaq .
nojel q ʼij ri ati ʼ x kuyu q ʼuj le taqa waj jela ʼ pa ni kʼaj ja ʼ, chirij ri juyu bʼ u bʼi ʼ te na ʼ .
pa q ʼom chik ri si ʼ.
ki n tzuku n chela .
kaki tij le kinaq ʼ, le ich aj, le u wa ʼ lik ru kʼlej .
xekan ajkan le ajchaki bʼ .
ke tikon ria chija bʼ .
si bʼalaj itzel u bʼantajik ri ch ʼil akan .
ri ate ʼ kxu mal tyo xij cheri rati ʼt , ru mal ri utzalaj no ʼ ji bʼal xu kʼut chech .
k kamul ix u chak ria bʼix .
la xin u tzukuj le tijo xel ?
are ʼ kachakun ro nojel q ʼij .
le e kʼa ʼ na taq tz ʼi ʼ.
saq rij ri plam ux .
jas xaq ʼi ʼo xa tijo .
jas ru kʼ xki chap wi u tijik le rik il ?
we ka tat in ru kʼ kʼa tanja ʼ man kuq ʼatej ta le kʼa kʼya bʼil corona virus .
lak at bʼin pa le uxlan bʼal ?
lawar al kʼux ix wa ʼ wi ?
are le nuta tkin loq ʼo nik .
tajin k chakun ri ala .
kʼo ri ki ʼ ko te mala wu kʼ .
xuta jachinka ʼe k.
xatwa ʼik xin wi lo .
x tz aq ri ra choch ru mal ri ja bʼ .
pa le juni kʼ chik are nimaq ʼij .
e ke bʼäm ke bʼin pa u wi ʼ ri tem .
mem ria chi .
ri wikan chali ʼ yke l pa juyu bʼ ch wi tzi ri bʼal .
le raj il , lapaj axel aq ʼax wu ʼ bʼik ?
pa ri su ʼt pis om wiri le j.
koj pe tik kolqa kʼama ʼ .
tajin kat ch ʼopin chi u wach ri taq ʼaj .
leq ʼ orxch ʼuq ik .
kʼax wa ʼ ima wu mal .
ki n bʼison che lew al .
si bʼalaj kʼo kʼ ri awa tz ʼya q .
kamik xuj bʼe cheuti kik taq che ʼ pa ri juyu bʼ .
ki nu loq ʼoj le nu tat .
chaq i ʼ jchik ri chaj.
xy ili xha wayi .
na x na ʼ taj ta chke chi xe ati nik .
ru kʼ kʼu wa ʼ we ri ʼ, ri ixk kʼo ji ʼ jun utzalaj i kʼas le mal ri ʼ ch ki wach ri winaq che man e kʼo taiw u kʼ , kʼate kʼu ri ʼ man kʼo ta jun winaq ri ʼ ra jawa xik chi wech .
e pe tina q pa bʼe le rach ala xik .
kakaj lea kʼala bʼ kewa ʼik .
xuj ch ʼay bʼik .
ri nu chak are q ʼa xel tzij .
kʼo na ru x la bʼ ri awaj .
tajin ke lloq, ri q ʼij .
xuq ʼi ʼoxkam sax ri ra chal al choch .
ri nu mam are kʼo uq ʼi nomal .
x kʼul ma taj jumul , xu bʼan jun nimalaj ja bʼ, man x bʼeye taj tana xu kʼis le uyu q ʼ chike .
ama ʼ ri nutz ʼi ʼ.
jewa ʼkat pe tik .
xinko sik ru mal xin chaku nik
i we ch chi jujun al, ri wa .
xu q ʼi ʼo na xa tat in taj .
in ri q taj inaq pa ri kʼayi bʼal .
naweta ʼm taj .
kʼax le nuq ʼa bʼ .
utz le xu bʼij le achi .
ke ma tz ʼi bʼ .
kʼo ra chal al pa tz ʼo loj che ʼripe ʼl .
ro nojel wa ʼ we jastaq ri ʼ, xask sach wi u wach wa ʼ ; ru kʼ we ri ʼ, ri ix , ra jawa xik che kʼo juntyo x laji kʼas le mal ek kʼo ji ʼ ri ich ʼa wem ru kʼ ri dyos,
xmuq taj ri pa tz ʼan .
rich ʼich ʼ tzijom kanoq pa ri u kʼol bʼal .
man kʼo ta u cholaj pa taq ria wuj .
ja chike ik ʼ le u nimaq ʼij le tina mit nawa lja ʼ ?
xepe tik xol ki kʼama ʼ.
kachuq ʼ chu trija ʼ chiapam .
x in bʼiji wi r chi xe bʼe pa armita .
are ʼ u xe ʼ ojer tzij wara l kʼi che ʼu bʼi ʼ.
x kʼis ri nu si ʼ.
jawi xki bʼij wi chike ʼe wi ?
¡ xaje kʼu ri ʼ, jachin taq rie kʼo parijude ʼa, chi chanim che ʼa nimaj u bʼi pa taq ri juyu bʼ,
kʼa kʼ ria bʼ .
la kʼo jun naka kʼoxo maj taj ?
na utz ta le u tʼis om le al mari y.
man ya ʼ tal taj chia we katok pa ja .
je ʼ, xa tutzukuj .
are kel waj xaqi bʼ uq ʼij ri x kʼo jik .
ri xunkurk kʼo ji ʼ pa taq ri t ri ko .
x in sachik .
xu tʼuyu bʼa ʼ
na nutom ta le tzij …
wach ʼom ri ki wari no ʼ s .
e kʼo jo bʼ ch ʼil wa kʼ.
ra jawi xik chi pa taq ri tijo bʼal , pa nik ʼaj u bʼixik chik
ri ra jaw ru lew are ʼ tat kel .
we kʼu xokik, we kʼ na xok ta
we ach ixusipaj jun p ʼot ch we .
a tat u taqo ʼ n leq ʼatal tzij .
naq ʼanta u wach le qap rut .
ri xa ʼ r kʼopa u wi ʼ ri q ʼaq ʼ kpo q ʼo wik.
ri ro q ʼej ri ali jachak pe juna kʼal .
kʼo jun alapa tijo bʼal .
säq u wi ʼ ri tata ʼ.
ri wi tzik ʼ taj inkpe loq .
ja wixsa chon wikan uya ʼik lep waq che .
utz we a chi we xin ku na nik .
qo nojel kuj wa ʼ pa u wi ʼ ri mexa .
ri kax la ʼ nik man poqon taj .
inxin bʼe ru kʼ ri wa chi ʼl .
si bʼalaj je ʼl xki lo xe kitzoqopij ri ki chi jchila ʼ.
ki n bʼinik xin ʼe k.
kʼax kʼolik , kacha ʼ.
ku tiji xim ri ak ʼ.
ri al ix chel , xu q ʼi ʼo xa juna kʼ xsipa xche .
xqasi kʼij le ix oq ch utz akik su bʼ .
ma taxa bʼinsaj lech ʼich ʼ.
rip ix tz ʼara lik ru mal rieqa ʼ n.
¿jam pa ʼ kel chi 3%
kʼo jun nu kʼo toj chi ʼ aj .
tajin kewa ʼkat ri ala bʼom .
xin loq ʼ le nu kʼa kʼapo ʼ t.
na utz akik tas u bʼ tajin ku ʼ ano
xoj u taq chi ʼij xoj wa ʼik .
i wech ria bʼix .
saq rij ri chij.
aj sik cheri tina mit kel wiri tata ʼ.
- ¡ay! x axin tzaqu loq , kʼax we waqa n.
x kʼul ma taj pa jun komon chi ʼ u wach jun juyu bʼ, xuriqa jun q ʼij xki riq ki bʼ juni mul ru kʼ le ko k.
jas xa taq chi ʼ j lea kʼal chu tijik ?
x in chapo suxuloq ʼo .
q ʼi nom ri achi .
ri kʼum k tijo w ru kʼ ka bʼ .
tajin kejach ʼa nik .
tze bʼal u ke mik le pa sa wu mal .
areka yo ʼ w le u chikopil le u bʼantajik try pa no somab ru cei .
we kat nima nik utz ke lik .
pero no ʼji malpet naq loq , .
are le nu chak jun tz uq bʼal wi bʼ .
x ku na x ley awa bʼ ru mal le aj q ʼij .
ri u kʼu ʼ x tz ʼi bʼ paqa tzijelaj uj .
si bʼalaj je ʼ lik rieqa bʼal xu bʼan ri lu ʼ s .
si bʼalaj atko n.
emanxo ri jupu q ke j.
na x na ʼ taj ta chke xe ati nik .
ri kʼamal bʼe xu bʼij chike, chi maj aria nim .
jumu ch ʼ ri nu juna bʼ .
q ʼip taj inaq ri raqan ri tem .
k chakun ru kʼ ri jos bʼal che ʼ ri aja nel .
xa taq chi ʼj lea kʼal chu tijik kar.
oj kʼopa le ro ʼ ch le awel .
¿ lak at pe q u kʼ ch we ʼ q ?
le winaq pa lech ʼich ʼe tʼuyu llo wi.
xkanaj kanoq chi u xe ʼ ri ja bʼ rich ʼa ʼ n.
nim ri ja.
we taxa ku naj lea tat ma tax kam la ʼ.
na nu kʼamom tu ʼ la ri ʼ.
chqa nu kʼu ʼ riqa tzij .
kim bʼe pa le tina mit .
xin q ʼi ʼo na xina tin taj .
ra jawa xik kakʼaman chawe le u tijik le le j.
kʼis bʼal taq no ʼji bʼal .
