xi ne ʼ waʼ oq.
xkib ʼan kʼax che le u wosaq rumal man u tz tachika kay ik.
ri qʼu tu ʼ m man kech talea kʼalab ʼ .
are na nim talea tz ʼiʼ chu wach le nu tz ʼiʼ.
xe petik x olk ilaʼ.
¿jaw chiʼ xa taʼ che x kam rium am ri po ʼ x ?
e keb ʼ ke kʼam b ʼik patuj.
x in loq ʼ jun japa ri w okajja.
ria x tu ʼ b ʼ, kʼoqu laj chech.
jas ka raj ka ʼan chu tz ak ikleti ʼ i j.
xu tij le wa.
x imb ʼal re tzi j.
x pa x ri b ʼo ʼ j.
we kawaj katinto ʼo x aq xu wi kab ʼij chiwe.
jas nu kʼu ku chʼo b ʼo.
jaska raj ku tijo?
xe x ru x lab ʼ ri rik il.
e ni tz ʼaʼ q le taq im ul.
we tane in x in b ʼanow ik, are le ate ʼ k xb ʼanow ik.
kin tz alij pale nu tinamit.
ri nu chaqʼ kʼopa uro ʼ qʼatoj tijonik pa ri tijob ʼal .
x in x iʼ j wib ʼ x in chʼaw ik.
kʼo chwaro ʼ chle p are.
chi raqan kab ʼin wiri tataʼ.
x sachon kan u yaʼik le p waq chechoja.
x in qʼax chiki xo ʼ l ri winaq.
ketiko nik.
ri ulew man qech taj, kech ri qatiʼ tqamam.
xe pele winaq x ol ki kʼam aʼ.
xu loqʼ ri w uj rumal ri ali.
chewe qʼij kamik kʼo jun nu tzi jo nem chirij le nu tinamit.
kej riʼ.
x kuna na laq chwe.
ki nu si kʼij le nu na n.
ri i mul xu chʼi j taj , x kanaj pa b ʼe , rumal ri nim al kujal uj ri im ul, xu tz aq ria nim.
kub ʼan ri u xo qʼo ʼ l riaj tz ʼaq.
ri la sib ʼalaj u tz che kunab ʼal .
kʼiki wach rie ʼ aj chak ib ʼ pa ri komon tyox , kʼate kʼut xa jun chia jaw xe l;
x qa tachix atulik.
kawaj chik atʼek.
chʼu tiʼ n ke kanaj ri x aj ab ʼ chech.
kaqa xiʼ j qib ʼ kaqa chapo.
e kʼo keb ʼ u kʼa jol le tat x wan.
lu ʼ sub ʼiʼ ri rech am.
aj chiu wiʼ mi qʼin jaʼ ri lu ʼ.
x in ya kan le nu chimpa kʼay b ʼal .
kʼate x ri lo, x pe ri u na n cheu tzu kuxik, x kikotik, xu sal ab ʼisaj ri taqu x kin.
xki kʼut chiu wach ri aj tij xu qujeʼ chiki wach ri taqni kʼaj kachil.
u tz le nu qʼab ʼ.
ku lle al we ʼ l pa austin cha qʼab ʼ kamik.
ria te ʼ k x tzaq loq are chi kʼopa u wiʼ ri qʼaʼm.
aj patan ri teʼk.
xat qaj chiu pam ri il.
la kʼo tzi j naki kʼo xo maj taj ?
x sachon chke chi xe atinik.
rono jel le ulewe chalaq.
la xe b ʼe kʼula xe ʼ ki jaqa kʼu leu chiʼ ja ?
xaq kat chʼo knaj iwir.
kamik kʼochiri jastaqa we.
are chiʼ kakʼis ri jun ab ʼ kʼo qʼi nom.
pa na waljaʼ x inale xik.
na x in tataj we are ria kʼal ki x tzu quwik.
¡ rulew risab ʼ u loner ulew ri neftali, ub ʼe ri polow, r ulew ri jord an, gal ile ʼ a kech ri je taqam aqʼ !
ra x , rax , ra x , kʼo kʼ, kʼo kʼ, kʼo kʼ le ru x lab ʼ le taq tiko ʼ n.
achix at wi lo.
paqa l raj il le p ix kamik.
xo j b ʼinik .
pa jun jeʼ l tijob ʼal ku tijoj ri b ʼ jun akʼal , ub ʼiʼ po ʼ x , u tz kuri lo kepa tijob ʼal rono jel taq qʼij.
x waj chix atʼe taj.
u tz laʼ le xub ʼij le achi.
we taʼam jachin ka petik.
kin qʼojom anik.
x in qʼiʼota kʼalik x in petik.
are ʼ re taʼm che kino panik.
are tab ʼale qa qajaw chat to ʼ wik.
ka winaq waq ib ʼ qʼataj.
na qaj chik cheri u waq kaj b ʼal are taq chiʼ ksa chu wach ri qʼij , kok ri qʼe quʼ m chu wach ulew, chi kʼate ʼ nari b ʼe le jeb ʼ kaj b ʼal .
job ʼ raqan ri tz ʼal am xe poro xik.
sib ʼal aj kori j ri mop.
are waʼ.
je laʼ pa ri timinit chwi kab yok rech xel aj uʼ, le qananqa tat kaki tikoje ʼ l alaj taq u wachich aj.
kʼax nu qul.
xu ʼ lu kʼam aʼ.
ko jul ki tzu kuj.
are man kʼax ta u kuna xik are taqanin aqkaʼili taj we yab ʼilal xu qujeʼ mojo ʼ qa kuyaʼ le kʼax kʼolil chech le jolom aj.
ri wel kʼopa tijonik.
kawaj kinb ʼi j.
riko tz ʼiʼ j kqa koj chiu pam ri ja.
qʼeq qʼoj ri j ri am aʼ ke j.
na x waj taj x in chʼaw ik.
ch pe tab ʼal elo qʼalaj jab ʼ .
x sachon chke xat kisi kʼij.
e le qʼal chʼi chʼ.
jachin xawi lo chi are x tijow ri tiʼ j ?
mata kab ʼe le nu x b ʼal pale tinamit.
p im ru q, ri ali.
¿ kʼo ri mu qʼe chia wech ?
kqab ʼij man ke kowinta j.
kin tij na.
kʼo jun qat ʼu ʼ y pa ja!
kʼo p uj chiu pam ri chʼaʼk.
are taq kin kosik kin warik.
xat waʼik x in wi lo
in x in chʼayow le achi.
kono jel ri ala xik ke ʼ etz ʼanik.
jas ru kʼ xki tij wile ki rik il ?
aninaq il kat petik.
na ra x ta u wach le juy ub ʼ.
ri tz ʼal am tz ʼib ʼ ab ʼal raxk kay ik.
we chat cha kunik, kʼo awa.
ma ʼ tam xat pe cheri waʼim.
ka mul kin waʼ na.
ri sik il k tijow ru kʼik.
kimb ʼe a qʼan ru kʼ le altalin.
xo jʼe k xe ʼ qilala rqas ok.
xe ki qʼil le aj chak ib ʼ xki w ok leja.
ma tane xwa j le kʼuh jnem ru kʼ le ate ʼ k.
are xe ʼo pan chiu chiʼ ri juy ub ʼ, xki lo chi man qas tak ʼo qʼayes.
kʼate kʼut , ri jesusman kkojon tach kech rie ʼ are ʼ , rumal rech che kono jel re taʼm ki wach,
pa ʼ tz ri j ri tz ʼiʼ.
ju winaq waq ib ʼ qʼataj.
a te laqʼom.
xaqat jo ʼ s.
ri qʼatzu, are qʼalaj ri u qʼij il.
aj chak we ala.
ub ʼe le ju ka kʼal taqanik (29).
keb ʼ nub ʼiʼ kʼolik.
la ka tz alij lu ʼ la aninaq ?
ka tzu kun la chwe.
la kaj la koj b ʼe ʼ pale choma l chwe ʼ q?
x in nab ʼej chu ta si kqa kʼolib ʼal .
la l x in to ʼ wik.
sib ʼalaja no ʼ j ib ʼal .
x oj petik x olqa kʼam aʼ.
sib ʼalaj jeʼ lik ri u waʼ l ri ich aj.
kʼax wi j rumal in pa cha lik.
are taq xu kʼul maj waʼ xu l ri u choma nik xub ʼij : are u tz waa qʼab ʼ kinwalij ik, are chaʼ cha nim kino pan pa tijob ʼal , maj chik in kʼul maj.
o jaj xo jolob ʼ pa awas qʼij.
x in sach che leu w okikle tzi j.
e jul aj uj ri akʼ.
xu ta jampa ʼ kojʼek.
qi lik.
ri tijoxel man are ta nim chu wach ri raj tij. ri u tz tijoxel qas je riʼ kʼolik jas ri raj tij.
in x atin chʼayo.
no ʼ j im chak w umal.
chʼur ri jo chʼ.
in kinb ʼij na katsach taj.
ujmay ab ʼ.
ria b ʼaj ya tzalik.
taj in kep ixb ʼax ria kʼalab ʼ .
chom ri aq.
x in warik.
e lemen kono jel ria kʼalab ʼ .
taj in kqʼa narik ri we re ʼ aj.
le u kemik le pa su tz ( cha we ).
xu y u p ub ʼau wach raʼ chi, ka chaʼ,.
ri satanas kok pa ri judas ri kb ʼix iskar iʼotech rech , ri are ʼ jun chki xo ʼ l rie kab ʼ laj uj.
chu chu ri par.
kinqum uj ri nu jo chʼ.
chech punción lumbar am aqʼel rajawa xik chech ri lik le u kʼ e xb ʼem wile nab ʼe ru kʼ leu kab ʼ u kʼutu nem ley ab ʼ ilal.
qʼalaj china kawaj taj kab ʼij .
kʼo qʼo l chirij risiʼ.
jawi xo jʼe wi chu lo qʼik ?
kʼo u lo chʼ ri talin.
qʼan ri j ria tiʼt nu ke j.
la x tz alij la iwir?
xe si kʼixik, kʼate kʼu riʼ xe ya j ik, xu qujeʼ xe taq b ʼi cheu si kʼik lemes.
lak ix warik?
are kʼul e pa loma x xub ʼij che :- mam katb ʼison taj, kin si kʼij ni kʼaj wa chiʼ l ke rapa p ik.
aʼre e tijoxel ab ʼ.
ri alajalis iʼ l xub ʼij x qa chappa u tz al ri tyox.
x sachon chke jachin xe atinik.
jas xu ray ij le a nan xu tijo?
x in kosik.
ra x rono jel ri qʼay es rumal le jab ʼ.
kin ya waʼ we chʼi chʼ p inem nau tz .
no ʼ j im u pa chʼu xik le nu wiʼ.
na j kʼowilew o ʼ ch chu wach le tijob ʼal .
ri ok ib ʼal kʼo chiu wach ri saq ja.
xe nu taq chʼi j kekillea kʼalab ʼ .
kʼo jun qʼoxo we m chiwe.
tza ri choʼ m.
we choj b ʼe pale nim aqʼij, keq il le ajxo jol ob ʼ .
xo jʼe k xe ʼ qilala rqas ok.
ria te ʼ k xu taʼ chech ri nanto ʼ n :- nan jas che ʼ chi man kaj talaq akʼati saj ri jo ʼ q.
ri p al sib ʼalaj xu ʼ y.
kinkoj ri jo kb ʼal ulew.
in kinb ʼij na kat sachtaj
at raj kun le nu na n.
ku qam uj uj oron ri aj tzi j.
lu ʼ tz ʼalam ub ʼiʼ ria chikel pa nim cheʼ.
je ʼ lik u tiʼjol al ri saq ko ʼ r.
kʼo jun xaʼ r pa ja.
x in loq ʼ jun kʼakʼ patan.
kʼax u kemik le pa saw umal.
aninaq u kemik le pasaw umal
ri chʼaʼ n sachinaq pataq ab ʼix .
ra x taq le ko tz ʼiʼ j.
me som ka noq riu pam ja.
man are ta ralax kosik.
ri komon xech pu p rech u qʼab ʼ tinamit xo ʼ l ab ʼaj rech qʼumar ka j.
la u tz ak ikkʼu sub ʼ taj in kuʼano?
kate la!
na xu tij taj.
xa rumal ke taʼm kono jel ri winaq kki qum uj le jaʼ.
i wir x uj tz alij la pa kʼay b ʼal .
qe taʼm cheriqawa kuj u toʼo.
ri aj tij, kya jon chikech ria kʼalab ʼ .
jasub ʼanom le nu chʼu ti tat ?
chwe ʼ q kinb ʼepa nim tinamit.
u tz we ki we taʼma j jas kub ʼij ri chol b ʼal qʼij.
taj in kat ji lo w cheu qʼoxom jolom aj.
x in tik qʼax chiu wach ri ja.
kʼax le kib ʼe le winaq.
loq ʼ kat kuntaj che ley ab ʼil (covid-19) .
ri nu x ib ʼal kel paqa j b ʼal qʼij.
x ri l ria x wan chi xwaʼ ri ala.
le alix kuna tajik.
we ta ka pe le jab ʼ kamik.
x in we taʼma j china x at petaj.
ri p waq rech we qʼataj riʼ ke sax chech ri toj b ʼal kʼay inem .
k tij ri u waʼ lik rumal riki nim aqʼij.
xu chapu kuna xik.
chatan loq ali.
x in xu liʼ qaj oq.
je ʼ lik k tijow ri taq ikox.
kʼate kʼu ri le tat xo ʼ r xub ʼij , man kawaj taj , man kawaj taj.
kʼo jun tz ʼiʼ pa b ʼe .
ka mul x in pe chea tzu kuxik.
man taj in tak in cha kunik.
kincha kunik rech kat waʼik.
jas ru kʼ xaw il wichix ki qupi j wileti ʼ j.
jasub ʼixik … ?
koqʼ ria kʼal.
kawaj na kat ʼe taj.
xat qʼaj ik.
we m na cha lo qʼaxiy al , na kimb ʼeta aw u kʼ.
xo panlew ujaw u kʼ rumal we chin.
are kʼut pale juy ub ʼ k kʼiy jo ron, chilaʼ xe ki kʼama wiri jaʼ ri winaq.
koqʼ ria kʼal.
we kʼo ara jil cha kʼamal oq.
are sib ʼalaj kaqle apoʼt chu wach le nu po ʼ t.
x in kʼastaj pa kab ʼ laj uj kaj b ʼal .
kaqoy ʼe j nak ix petaj.
koka xim ri chi j xa jel aʼ man ka nima j tab ʼik .
ri kokno jim x b ʼek, xu chʼi joxo pan pa u kʼisb ʼal il le anim.
x oj kiʼkotik are taq x atulik.
kaqi tz ʼ na j ri u x aj ab ʼ ri akʼal.
ri jesusk waʼ kat pa ri nim rachoch ri dyos, chu xe ʼ ri jun jache rachoch risa lomon.
we taqanik riʼ kub ʼij chi rajawa xik kyaʼu qʼij ri winaq xu qujeʼ kto ʼ aninaq il.
ria xu x are nari u kunel ri kinaqʼ.
are taq waʼ ri u qʼi jol we taqanik.
kʼo jun tab ʼal pa u wiʼ ri x kanul ub ʼiʼ laj uj no ʼ j.
yuʼ l ub ʼanom riu kolob ʼ ri ke j.
xa nim aj ri akʼal chiu wach ri u chu ch.
k kunan riachi.
kin waʼ ik rech na kin y owaj taj.
aj xik chʼi chʼ ri lu ʼ s.
kwaj che ix kixb ʼanow ik.
aʼre xe to ʼwalaq.
xo jʼe k xe ʼ qilala rqas ok.
x in lo qʼjun chʼi chʼ, qaj inaq u wach.
ku tʼis ri panta lon.
e jani pale awal kʼwale kʼolik ?
u tz u kemik le pa s cha we.
ri max are aj qʼani yaʼ.
mata b ʼ achi riq kʼax pale b ʼe .
taj in ka nima j, ri me ʼ s.
ix i xe ʼ la qʼom ab ʼ !
x sachan chwe.
e kʼo kʼi cheʼ, chiu wach ri juy ub ʼ.
are waʼ ri nim alaj p ix ab ʼe are waʼ ri n ab ʼe .
x re taʼma j chi ru kʼ pa kʼ ku tij wi
jasu tz ak ik le sub ʼ xu ʼano?
aj xo ʼ y ri wi kan.
we tane aʼ re xe tijow le rik il, are le komon xe tijowik.
sib ʼalaj aninaq ka chʼaw le are ʼ chin u wach in.
u tz we kin chak uj.
me ʼ slaʼ.
kʼo kanwa rech kaqa tijo.
x in si kʼij la.
ria kʼal x sach ka noq je laʼ pa taqʼaj.
xe si kʼij la.
jawi xkib ʼij wi chike ʼ e wi?
rumal che, man ix ta riʼ ri ki x chʼaw ik, are ri ru x lab ʼa xel ri i tat riʼ rik chʼaw nai w u kʼ ri ix.
kʼakʼ ri wa choch.
sib ʼalaj u tz kin wille a tz ʼyaq rech nahuala.
saq pork kay ri kipo ʼ trinan.
x sachon ri nu chak chwe.
waʼ im xu chapo.
ri qʼaqʼ taj in kaj uluw ik.
na j il u pam ri si wan.
e kʼo riqa chalal pa chiu wiʼ la.
jas xa taq chiʼ j le akʼal chu tijik ?
no ʼ j im u kemik le pa saw umal.
kʼo jun ku kub ʼiʼ tintin, waʼ le laj ku kmam ka jeqi taj , kapaqi ka xu lik pa u wiʼ u qʼab ʼ taq cheʼ, sib ʼalaj sa kʼaj , ke ʼuto le e nim aʼq, chʼu tin, rachiʼ l, aj sipa nel sib ʼalaj u tz ra nim aʼ.
ri u p ix ab ʼ le qʼatb ʼal tzi j ki yaʼub ʼixik .
na x sachonta chke xe atinik.
xe qil le chikopp uwileja.
x lo ʼ taj ri akʼal.
qono jel kuj waʼ pa u wiʼ ri me xa.
x si ki r le waqan.
la xat waʼ kʼut ?
nim ub ʼaqʼ ri tulul.
kin xi kʼi kʼik x in qʼaxik.
la katb ʼe pale tinamit ?
ri pa l sib ʼalaj saqʼo r.
kqʼo xo w nu j alom.
x in naʼo chik at petik.
x loq ʼ ulewi we chix.
x in cha kun ru kʼ ri nu m am.
na x qab ʼan taj.
kkʼo jiʼ b ʼaʼ ri u sipa nik ria jaw xel jesusk ristor u kʼ ria w ux lab ʼal !
kin chʼaw ru kʼ le nu na n pale chʼawe b ʼal .
sib ʼal aj qʼe quʼ m rumal rimay ul.
are leba xulik.
xe kosle ix oq ib ʼ pale b ʼe .
kʼax ri lik le akʼal chawe.
x in qʼiʼo x ina tinpa j oron.
sib ʼal aj nim le tinamit.
kʼax u kemik le pa saw umal.
x in sachik.
taj in kelu kikʼel pa raqan ri tz ʼiʼ.
x in we taʼma j ri lik wib ʼ
ri qʼu qʼ are jun jeʼ l chikop.
kʼopa ja tijob ʼal ri wik aqʼ.
ri sachib ʼal mak raj wa xik chiqa xo ʼ l.
je ʼ , kimb ʼe k.
je la le ʼ ri nu p wiʼ.
xub ʼij che :- jas x ab ʼan otintin ?
kab ʼanjun to qʼob ʼ kyakri nu jal.
kat ʼek xin ta.
jas leu kʼex b ʼem ri b ʼ le jun ru kʼ le jun chik ?
aj chiu wiʼ mi qʼin jaʼ ri lu ʼ.
ri tijonel naj kpe wi.
te ʼ ki x cho b ʼ ub ʼiʼ ri nu tat.
ri jaʼ kami qʼik chiu wach ri qʼaqʼ.
rit ʼu ʼ y kpa qʼowik.
kin me son na.
na qajat kʼowichi wech.
x in b ʼisonik taqna xat pet taj.
we x kam ri winaq , ri p waq rech toj b ʼal ma kaj kyaʼ chikech ri ra la xik.
ri nunan x b ʼe pa kʼay b ʼal .
xo ju kʼamu loq rech koj ri lo
x kʼoto chin chiki wach chik in waʼ aw u kʼ.
na xki kamsaj taj xki kʼam b ʼi choja.
kʼakʼ ri ikʼ kamik.
x im b ʼe ru kʼ le aj kuniwir.
ri lik.
le tz ʼiʼ xe kosik.
x in kikotaw umal.
ri im ul xu maj ria nim , xuya kanlekok.
kʼo oj cheriak ʼal.
x uj b ʼepa jun kʼu lanem.
u tz we kwa ral aq.
kaq ilo china koj u kʼam taj.
x re taʼma j chi ru kʼ pa kʼkutij wi.
sib ʼalaj x in kʼaʼ narik.
x in kochij ri nu wa.
man kat kowin taj katcha kunik , we man kʼo taria jil ab ʼal .
we w onon xub ʼij chike:-k ix into.
ri ala nim k ri l wiri u m am.
x kaʼ y chirij , x kaʼ y chu wach , ma kʼota chi jun ksi lo b ʼik, xo qʼik xu xe ʼ j ri b ʼ x chʼo p inik x tz alij loq xu riq tachik riub ʼe .
kʼo pu scheri wa.
p inem na kab ʼe le wa tz , kimb ʼe wi in pa kaʼ y ib ʼal .
ri nanto ʼ n nim winaq chik, saq u wiʼ, rono jela qʼab ʼ u tz ku naʼo kat ʼuy iʼ pa u tem, kum iqʼi saj ri b ʼ chori qʼij , kʼo jun u wiʼ u mam ub ʼiʼ ate ʼ k.
man e kʼi taj riqu laʼ.
qʼalaj china kawaj taj kab ʼij
x paqa b ʼisax raj il rono jel ri kem.
kʼopa ri jul ri ku matz.
rono jel qʼij kin chʼaj le nu ware.
saq chi kan lei chaj rech katzako.
chu xe le qa choma l kaqatij wi jun qam e qʼin.
cha wilaʼ.
e kʼojob ʼ u miʼal, ri nu tat.
jas ru kʼ xaw il wi
je ʼ jas ri winaq rech ri u wach ulew, x oqujeʼ ke pena riʼ rie ʼ are ʼ chee rech ri u wach ulew; je ʼ jas ri winaq rech ri kaj , x oqujeʼ ke pena riʼ rie ʼ are ʼ e rech ri kaj.
x in tijo.
k tz ʼujuw ri rachoch ri po ʼ x.
xu qʼiʼo are le u kʼulel x yaʼow uwa.
ria wel x re taʼma j chi rajawa xik man kux ej tarib ʼ cheri tu kur.
ju kʼul aj winaq xe ʼ a nima j b ʼik .
jeʼ, x in tz alij ik.
x oj petik x olqa kʼam aʼ.
maj jachin x ʼek.
in aj tij ; at tijoxel.
saq u wiʼ ri tataʼ.
wech ri kem.
le ro ʼ ch le ate ʼ kkʼo chwach le u kʼay le nu na n.
kb ʼepa ri si riʼ a e pa ri si li siʼa, jawi jeʼ kuya wiri kichu qʼab ʼ ri komon tyox.
p ix ab ʼ : man u tz taj kʼax kuj chʼaw chiki j ni kʼaj qa chil.
x kuna taj le ali( kumal ri ix oq ib ʼ ).
ri xib ʼib ʼal chi kʼowi pataq riqa kʼaslemal rono jel qʼij.
na kuj war ta waral.
on chek kʼo jiʼ ri u tz il chi xo ʼ l, are ch jun am riqa kojonik, jun am ri iwe chi x ru kʼ ri we chin.
pa ox qʼij ri saʼ n kb ʼena ru kʼ ri aj kun.
ka winaq w uq ub ʼ.
jas kawaj kin tijo?
we tax atb ʼew u kʼ pale tinamit, xa lo qʼtal aʼ le u jastaq le akʼa jol.
keb ʼepa waʼim.
x in loq ʼ kʼiwa.
pa jun nim kʼa cheʼ laj , kʼo jun kʼ waʼ sib ʼalaj saq lo lo j, nim u wach.
kwaj katij jub ʼaʼ wa.
rono jel winaqk ri l nari u kolo nem ri dyos ».
x kʼoto chin chiki wach chik in waʼ aw u kʼ
kwaj na kat ʼe taj.
la xa loq ʼ jun alej ?
e kʼo rie lo qʼom anel.
ri u kab ʼ ub ʼiʼ ri nu m am are ya y.
kinjo pi j ri i jaʼ rech triko.
x naʼ taj chke xe atinik.
xa te ʼ qilaʼ.
kaki tij alan xa x ri winaq.
. . . kinb ʼij chi are waʼ si n xi ʼan.
na x in nab ʼej ta chu ta si kqa kʼolib ʼal .
rumal rech chewe ri in , kin chʼaw ru kʼ ri dyos pa chʼab ʼal , k chʼaw na kʼu riʼ ri w ux lab ʼal ru kʼ ri dyos, kʼate kʼut man kʼota u patan riʼ ch rech ri nu choma b ʼal .
xe petik xki lo.
xu ta we katʼek.
u tz u kemik le pa s cha we.
ri nu wakax xu tij jun qʼo qʼ rumal riʼ x kamik.
rumal ri kʼix , man ke waʼ taj ri winaq.
xe ʼ u lik.
qʼe qrij ri am aʼ chi j.
x raj kaʼ eleu nan.
jun am ki jun ab ʼ.
na qʼalaj taj we ka ʼek.
ri wixnam chʼaj chʼo j ri rachoch.
waral man kʼotaj aj awal.
nai wir tax ri lle kʼamol b ʼe .
x in pe loq te kʼu riʼ x in tzu kuj rono jel ri nu raj il.
ri aj tiko nel kutik ri tzi j.
kʼo e ki kʼaj ol le achi jab ʼ .
kutij qʼayes ri ix paʼch.
pa ri waʼ b ʼal e kʼoka winaq achi jab ʼ.
si po j inaq ri nu pam.
kayaʼtaj ik ru kʼu tiʼonem jun ri u riqom le yab ʼilam olot setsé xu qujeʼ are kayaʼtaj pataq ri juy ub ʼ .
jachin ria chi?
ri nu m am x kamik are taq kʼo jum u chʼ laj uj ujun ab ʼ.
kin kowinik kin kʼam b ʼile p waq.
kin wi lo chiu tz ria jiʼ.
x in qʼil ria po ʼ x che man kacha kun taj.
k waʼ chiu wach le taqʼ aj ri am aʼ akʼ.
ri i mul xe po qʼik pa jun ikʼ.
x kʼiska noq riqa chak.
are ri alix oj ilow ka noq.
sib ʼal aj chʼu ʼ j ri amax.
kʼo nu wach iʼ.
in chaj inel kech lea kʼalab ʼ .
xe ko sletz ʼiʼ.
kinb ʼenak u kʼ ri molaj.
rono jela qʼab ʼ kin y i tz ʼ ri wakax.
kara p inik xu tz u kuj chi jun awaj.
le u kemik le pa saninaq ( awumal ).
maj u raj il le qʼab ʼ are l.
kʼax riʼ ri kachʼaw ik.
x oj u taq chiʼ j le achi chu lo qʼi kichaj.
sib ʼalaj kʼax ri x kʼul ma xik.
xki lo chinak in kʼo xom aj taj.
x naʼ taj chke chi xe atinik.
x kʼoto chin chiki wach chi xo jal w o ʼ qa ku kʼ.
jun qʼu ʼ qraj il ri kax laʼ n wa.
x in wi lo chi xe ʼelik.
e kʼo ix oq ib ʼ pale kʼay b ʼal .
man kʼotaj u kʼisik rimay ab ʼaj lab ʼal il.
ri sink kʼiypata qʼaj.
ri chʼi ma man k kʼiy taj pa taqʼaj.
rajawa xikk j ik ik ri waqän .
kawaj kinʼek.
e kʼo oxib ʼ akʼ.
xub ʼij chwe jawi at kʼowi.
chwe ʼ q kuj b ʼe ʼ pam uq uj.
pa saq kʼajaʼ kb ʼan wiri uq.
xo j ki si kʼij.
xi nwil wib ʼ.
chaqʼ chik ri wa.
kimb ʼena kapalew o ʼ ch.
kawaj kinʼek.
ri chʼu ʼ k tij ru kʼ le j.
pa riki qʼij kaminaq ib ʼ kb ʼan qʼo ri kʼyaʼ rech aj : n ab ʼe ri nan ku tzu kuj kan ri aj , kuja chʼo ʼ xu quje ku kʼe to.
jas kaj b ʼal cha nim ?
u tzu choma nik ri ali.
pa ri qʼi jox laj uj tijax kin kʼis keb ʼ jun ab ʼ kincha kunwar al.
sib ʼalaj ko, ri kʼakʼ chʼat.
jas karaj kub ʼij … ?
ri chʼi chʼ kas il ab ʼik .
pa ojer qʼal pul xaq xu wiri nim winaq ke kʼamow b ʼe .
le u kuna xik le u kab ʼ u kʼutunik are ru kʼ e flor nitinao nu tunib ʼaxik le nif urtimo x chiʼ le flor nitina chech t. b. g.
are ria chix in chʼay owik.
jun achi ub ʼik u ʼ xu sipa j keb ʼ kʼaʼ m ulew rech kab ʼan ri tijob ʼal , kamik, kʼo chi kaj tij rech ri komon xech pup.
xumal tyoxij cheri aj tij rono jel le xu kʼut chiu wach.
pa ri b ʼex ki raq jun alaj im ul saq ri j, xki kʼam b ʼik .
x ri lle b ʼale ala.
jas kub ʼij chwe ?
le u kuna tajem are ru kʼu tzu kuxik le u chiko p il pa jun u solik u xe ʼ le ki kʼon le jaʼ rech jun no do.
u tz we nu tz ʼiʼ.
je ʼ , taj in ka chaponik.
ki nu lo qʼoj le nu tat.
kawaj kimb ʼepa tinamit.
are laʼ kin chak uj.
ri nim aʼqtaq winaq kʼo ke taʼma b ʼal .
we tax atb ʼew u kʼ pale tinamit, xa lo qʼ ta waʼ we jas taq.
riki kʼaslemal. wa ixim ulew xa jun chima are ta tinimit rima
ri u kʼyab ʼal na ju pam.
xat qaj chiu pam ri il.
no j im kat waʼik.
we kʼo junk tu qaʼ rik, ¿ la man x oqujeʼ taj kin tuqa ʼ r ri in ?
ojoj w okolja.
awas kb ʼan kʼax che jun nim winaq.
x in chʼawa pan ru kʼ le wan ab ʼ.
kʼax riu pam ri ju ʼ l.
taj in ke waʼ ri im ul.
la kaj la kuj tz alij la aninaq ?
rumal rech cherima kaj man kʼota u kowinempi wiʼ ri ix : ri ix man ix kʼo tachi chu xe ʼ ri p ix ab ʼ, x ane ix kʼochu xe ʼ ri sipa nik.
nim raqan le cheʼ.
x in chapo.
are le tu ʼ r le lo qʼom anel.
x as kat kʼo jiʼ chiu pam ri chʼi chʼ.
sib ʼalaj nim raqan ri kʼamal b ʼe .
le tz ʼib ʼab ʼal we chin.
in xin to ʼ w la.
x aje kʼu riʼ ri ix kamik riʼ man ix ka x lan winaq tachik; ri ix , ix rech ri ki tinimit rie tyox laj taq winaq , ix rech ri rachoch ri dyos.
x in tiko x laj kʼali cha j.
kaqa riq qib ʼ chwe ʼ q.
sib ʼalaj u tz cheri wiʼ aj ri tuney.
we na jup ulik ta xe qaj ik. . .
x in to ʼ taj cheri nu chak.
kʼo jun chiko pub ʼiʼ pum.
poqon ri ik.
xo j b ʼinik .
xu chʼe k rono jel le re tamanik x pa qiʼk kʼax k wʼinik xub ʼan aj kun.
kel ub ʼik pa ri jude ʼaek tz alij chiub ʼij u mul pa rigal ile ʼa.
x in axib ʼij pa b ʼe.
je ʼ l kʼo lem chi awachoch.
rono jel ri yaʼtal il pa we qʼataj , tz ʼaqat ki wach, man k tz aqta ka noq xu qujeʼ man ktas taj.
xu kunaj le yawab ʼ le aj qʼij.
chi tatab ʼej jas le kimb ʼij .
chʼan al riachi.
pa b ʼ oko ʼ kacha kun wiri ta x.
uj kʼopa u wuq qʼij.
ki ʼ ri u kab ʼ ri aqaj.
kʼo rachalal pa tz ʼoloj cheʼ ri pe ʼ l.
xki lo chik in kʼo xom aj.
ri u kisa kʼu tz kyaʼik chiu xe ʼ ri tiko ʼ n.
are taq chiʼ ka qʼan pu wiʼ ri ju kub ʼ, ri achi chex kʼo jiʼ ri itzel u x lab ʼal ru kʼ , ku tach rech ri are ʼ , are chk kʼo jiʼ ru kʼ ri are ʼ.
na kab ʼantaj taw umal.
x naʼ taj chke xe atinik.
x in pa j ri nu triko.
xe ʼ ok ri po kʼ pa riumexa ri po ʼ x.
kaj uluw ria qʼaʼ l chiu xe ʼ ri tʼu ʼ y.
awech leja.
x uj b ʼepa tzu rik.
nab ʼe xa to panik.
ri u kab ʼ ub ʼiʼ ri nu m am are ya y.
u waj xaq u ka kʼal taqanik (28).
mata kʼo jun ka kanaj ka noq, qono jel koj b ʼe k.
e nim aʼq le al tom ab ʼ.
nim u wach ri po ʼ t.
kojonik pa ri u tzi j wa ixim ulew.
jas xu kʼamb ʼil etz ʼiʼ xawi lo ?
x in petik, tat.
ri b ʼe laj u wach.
chi tatab ʼej jas ri kimb ʼij .
jeʼ l kunaʼ ri ab ʼix chi u pam ri quq ulew.
kinb ʼisoj u wach le wal.
xu t ʼuy ub ʼaʼ.
nim ria we qe le ʼ n xa riqo.
xi ne ʼ waʼ oq.
chiʼke war wilea kʼalab ʼ .
ri nu miʼal xu taq loq jun taqo ʼ mw uj chiwe.
qʼe ʼ lik, ri chaj pa ri b ʼe .
la u tz awach? -u tz mal tyox , e kʼu ri at ? –u tz mal tyox.
x in ko s rumal nu chak.
kb ʼe ku kʼ rie ʼ are ʼ e k tz alij pa rinas are te ke ʼu nima j.
ri joj xu kʼamb ʼik ria kʼ.
kʼochiwa chiʼ l cha nim.
kub ʼij chech naʼ l kab ʼan che ria tz ʼib ʼ .
e. . . in kawaj ka tz joj b ʼila chwe.
mataxin ya j le ali.
jachin ru kʼ katb ʼe wi?
kʼo sib ʼal aje taʼma b ʼal pa rimay ab ʼ no ʼ j ib ʼal .
e man xo ri ju puq ke j.
ka sum um ri kaqi qʼ.
e kʼo kaj ib ʼa kʼalab ʼ pale b ʼe .
je ʼ jas ri u tatk kaʼ y ik.
x aqat molonel tzi j tal.
le nu tat ka lo qʼon chwe.
xaq tane kimb ʼe iw u kʼ.
x re taʼma ju chʼaj ik.
rumal laʼ x koj “ x al qʼat ” cheub ʼiʼ ri komon.
are le u kemik pa s xre taʼmaj.
ri wa tiʼt kub ʼan nari u patan.
kʼakʼ le po ʼ t.
re taʼm u wach jachin x lo qʼow ri pas.
ken chʼab ʼejlea kʼalab ʼ .
yaʼtal chaqe qono jel ri uj winaq u tz kaq il qib ʼ .
xkot iʼ pa qʼay esxo qʼik.
ka winaq b ʼe le jeb ʼ qʼataj.
e kʼo kaj ib ʼ ral ri im ul, jun saq , jun qʼan , jun qʼeq, jun qʼe qoj , sib ʼalaj ke tz ʼanik , ke chʼo p inik ri alaj taq im ul.
k chol ol riacha chal.
kete kik ri ikʼ.
xe petik rech ke waʼiw u kʼ.
tza tz riu qʼan il ri akʼ.
x oj tz alij ik x ix e ʼ qa qʼatuj ku kʼ le i tatinan.
ri yo ʼ x taqa kʼalab ʼ ke ki kʼux ria tz ʼyaq.
we achiwe xu sipa j jun po ʼ t chwe x kamik.
k kowin ri kuna nel che kuna nik.
x j iqʼ pa ri polow.
xa rumal sib ʼalaj rajawa xik le lo qʼalaj jaʼ, le winaq xkib ʼij : che we ikʼ riʼ qono jel kuj b ʼe che u tik ik taq cheʼ.
ri u na ne rie rachalal ke pe u loq ru kʼ ri are ʼ , kʼate kʼu riʼ, man ke kowinta j keqib ʼ u koq ru kʼ , rumal rech chee kʼo sib ʼalaj winaq.
rumal rech , cheman kʼota junk kowin cheu kojik juntik ib ʼal il chik chu wach ri kojom chik che are ri jesusk risto.
te kʼu riʼ xu tz ʼib ʼaj ri b ʼ pa ri nim alaj tijob ʼal rech aj ku ʼ n.
kaj uluw ri chʼu m il cha qʼab ʼ.
kʼisb ʼal ka noq, x oqujeʼ k kam ri ix oq.
le alax okik.
kʼo p waq pa u wiʼ ri me xa.
are kawaj nak in ʼe taj.
ri ya wal ku koj ri alichi u xe ʼ ri cha kacha re usu ʼ t.
na kaqa kʼam tu ʼ b ʼi kamik.
ri aj tij kub ʼij chike: rajawa xikke qa cha ji j ri awaj , are u tiko ʼ n ri ajaw.
x in tij mu kuni wir.
kʼax le u wiʼ taqle nu qʼab ʼ.
x in loq ʼ jun il b ʼal wib ʼ.
waʼ we qʼij , nim ub ʼantaj ik.
ri u xe ʼal riqa tinamit man ka sach taj.
xo j b ʼinik .
ria chalal jun am ki wach.
x in we taʼma j ri lik wib ʼ.
nim ri u naʼo j wa j tij.
mi qʼin ri kʼul.
aj qʼojom ria teʼk.
che le sa nik che ʼ kb ʼan wiri qʼojom.
ka pe le awel pa na waljaʼ.
ri meso nel taj ink cha kunik.
u tz chaqe kaqato ʼ qib ʼ, taq kʼo kʼax kʼolil, kate we chiʼ n ria jaw paqa wiʼ.
xawi lo, x qʼatan le ib ʼo y.
xat kowinik x ab ʼano.
ki ʼ ri kʼawex.
kaj il il ri b ʼe.
le ali xel b ʼik.
are ʼ x raj x inb ʼano.
nim we ab ʼaj.
je ʼ lik u tiʼjol al ri saq ko ʼ r.
no j inaq rikej.
we ka tijan xu x man kat uto ʼ tachi u qʼati xik le kʼakʼy ab ʼil corona virus ( 2019 -n co v).
na nim ta raqan waʼ we cheʼ.
u tz alaj aj chak , ri wel.
¿jampa ʼ kuj b ʼe pa nima qʼij ?
rajawa xik tane laʼ kat cha kunw u kʼ.
xu taq chiʼ j pa waram pulew.
man are taria x wan xelik.
ri awi x xu loqʼ rachoch re nimal.
are ri ix oq x in si kʼin u loq.
ri chʼi ma kʼatʼon na.
la xib ʼan lei chak ?
kʼi tinamit e kʼopa chʼo ʼ j.
kʼo ju puq chi j chiu xe ʼ ri cheʼ.
ri u x aq ri ab ʼix are u warikej.
ka winaq qʼataj.
la ki x pe pa tijob ʼal ?
we kech aj ix taq le kʼwa jacha kinb ʼij ; jun alik kʼo jaʼ xu qujeʼ sib ʼalaj saq lo lo j.
x re taʼma j.
ri alab ʼom ri alitom ab ʼ taj in ki ki tijoj kib ʼ rech su taq , are kakaj kikib ʼan nim aqachi jab ʼ chu pam ri ki kʼaslemal, xu quje kʼochik jupu qb ʼix o nel chu pam ri komon.
la tz ʼu wach ri b ʼe.
kʼakʼ ria chʼi chʼ.
qono jel uj, uj may ab ʼ taq winaq.
no jel qʼij ri at iʼ x ku yu qʼuj le taqaw aj je laʼ pa ni kʼaj jaʼ, chirij ri juy ub ʼ ub ʼiʼ te naʼ.
pa qʼom chik risiʼ.
kin tzu kun che la.
kaki tij le kin aqʼ, le ichaj , le u waʼ lik ru kʼ le j.
xe kan aj kan le aj chak ib ʼ.
ketikon riachi j ab ʼ.
sib ʼalaj itzel ub ʼantaj ik ri chʼi la kan.
ria teʼk xumal tyoxij cheri ra tiʼt , rumal ri u tz alaj no ʼ j ib ʼal xu kʼut chech.
k kamul ix u chak ri ab ʼix .
la x in u tzu kuj le tijoxel ?
are ʼ kacha kun rono jel qʼij.
lee kʼaʼ na taq tz ʼiʼ.
saq ri j ri plam ux.
jas xa qʼiʼ ox a tijo.
jas ru kʼ xkichap wi u tijikle rik il ?
we katat in ru kʼ kʼatan jaʼ man ku qʼate j tale kʼakʼy ab ʼil corona virus.
la katb ʼin pale u x la nb ʼal ?
la waral kʼux ix waʼ wi?
are le nu tatk in lo qʼonik.
taj ink cha kun ri ala.
kʼo ri kiʼkotemal aw u kʼ.
xu ta jachin kaʼ ek.
xat waʼik x in wi lo.
x tzaq ri rachoch rumal ri j ab ʼ.
pale jun ikʼ chik are nima qʼij.
e keb ʼäm keb ʼin pa u wiʼ ri tem.
me m riachi.
ri wi kan cha li ʼ ykel pa juy ub ʼ chwi tzi ri b ʼal .
le raj il , la pa ja xel a qʼaxw u ʼ b ʼik ?
pa risu ʼ t p isom wiri le j.
koj petikkol qa kʼam aʼ.
taj in kat chʼo p in chiu wach ri taqʼ aj.
le qʼor x chʼu qik.
kʼax waʼ im aw umal.
kinb ʼi son che le wal.
sib ʼalaj kʼo kʼ ri awa tz ʼyaq.
kamik x uj b ʼe che u tikik taq che ʼ pa ri juy ub ʼ .
ki nu lo qʼoj le nu tat.
cha qiʼ j chik ri cha j.
x y il ix haway i.
na x naʼ taj tach ke chi xe atinik.
ru kʼ kʼu waʼ we riʼ, ri ixk kʼo jiʼ jun u tz alaj i kʼaslemal riʼ ch ki wach ri winaq che mane kʼo ta iw u kʼ , kʼate kʼu riʼ man kʼota jun winaq riʼ rajawa xik chiwech.
e petinaq pa b ʼe le rachala xik.
ka kaj le a kʼalab ʼ ke waʼik.
x uj chʼay b ʼik .
ri nu chak are qʼaxel tzi j.
kʼo na ru x lab ʼ ri awaj.
taj in kel loq, ri qʼij.
xu qʼiʼo x kamsa x ri rachalal choch.
ri num am are kʼo u qʼi nomal.
x kʼul mataj ju mul , xub ʼanjun nim alaj jab ʼ, man x b ʼey e taj tana xu kʼis leuy uqʼ chike.
am aʼ ri nu tz ʼiʼ.
je waʼ kat petik.
x in kosik rumal x in cha kunik
i wech chi j ujun al, ri wa.
xu qʼiʼo na xa tatintaj.
in riq taj inaq pa ri kʼay ib ʼal .
na we taʼm taj.
kʼax le nu qʼab ʼ.
u tz le xub ʼij le achi.
kematz ʼib ʼ .
kʼo rachalal pa tz ʼoloj cheʼ ri pe ʼ l.
rono jel waʼ we jastaq riʼ, xas ksa chwi u wach waʼ; ru kʼ we riʼ, ri ix , rajawa xik che kʼo jun tyox la ji kʼaslemal e k kʼo jiʼ ri ichʼa we m ru kʼ ri dyos,
x m uq taj ri pa tz ʼan.
ri chʼi chʼ tzi jom ka noq pa ri u kʼolb ʼal .
man kʼota u cholaj pataq ria w uj.
jachik e ikʼ le u nima qʼij le tinamit na wal jaʼ ?
xe petik x ol ki kʼam aʼ.
kachu qʼ chu t ri jaʼ chi apam.
x in b ʼij i wir chi xe b ʼe pa armita.
are ʼu xe ʼojer tzi j war al kʼi cheʼ ub ʼiʼ .
x kʼis ri nu siʼ.
jawi xkib ʼij wi chike ʼ e wi?
¡ x aje kʼu riʼ, jachin taq rie kʼopa ri jude ʼ a, chi cha nim cheʼa nim aj ub ʼi pataq ri juy ub ʼ,
kʼakʼ ria b ʼ.
la kʼo jun na ka kʼo xom aj taj ?
nau tz tale u tʼi som le alma riy.
man yaʼtal taj chia we katok pa ja.
jeʼ, xat u tzu kuj.
are kel waj xaq ib ʼ u qʼij ri x kʼojik.
ri xu n ku rk kʼo jiʼ pataq ri triko.
x in sachik.
xu t ʼuy ub ʼaʼ
na nu tom tale tzi j …
wach ʼom ri ki wa ri no ʼ s.
e kʼo job ʼ chʼ il wakʼ.
rajawi xik chi pataq ri tijob ʼal , pa ni kʼaj ub ʼixik chik
ri rajawr ulew are ʼ tatkel.
we kʼu xokik, we kʼ na xok ta
we achi xu sipa j jun p ʼot chwe.
a tat u taqo ʼ n le qʼatal tzi j.
na qʼanta u wach leqap rut.
ri xaʼ r kʼopa u wiʼ ri qʼaqʼ kpo qʼowik.
ri ro qʼej ri alija chak pe jun akʼal.
kʼo jun alapa tijob ʼal .
säq u wiʼ ri tataʼ.
ri wi tzi kʼ taj in kpeloq.
jawixsa chon wi kan u yaʼik le p waq che.
u tz we achi we x in kuna nik.
qono jel kuj waʼ pa u wiʼ ri me xa.
rika x laʼ nik man poqon taj.
in x in b ʼe ru kʼ ri wa chiʼ l.
sib ʼalaj jeʼ l xki lo xe ki tz oqopi j ri kichij chilaʼ.
kinb ʼinik x inʼek.
kʼax kʼolik, ka chaʼ.
kutij ixim ri akʼ.
ri alix chel, xu qʼiʼo xa jun akʼ x sipa x che.
x qasi kʼij le ix oq chu tz akiksub ʼ .
mata x ab ʼinsaj le chʼi chʼ.
ri p ix tz ʼara lik rumal rie qaʼ n.
¿jampa ʼ kel chi 3%
kʼo jun nu kʼotoj chiʼaj.
taj in ke waʼ kat ri alab ʼom .
x in loq ʼ le nu kʼa kʼapo ʼ t.
na u tz ak ik ta sub ʼ taj in kuʼa no
xo j u taq chiʼ i j x oj waʼik.
i wech ri ab ʼix.
saq ri j ri chi j.
aj sik cheri tinamit kel wiri tataʼ.
- ¡ ay ! xa x in tzaq u loq, kʼax we waqan .
x kʼul mataj pa jun komon chiʼ u wach jun juy ub ʼ, xu riqa jun qʼij xki riq kib ʼ juni mul ru kʼ le kok.
jas xa taq chiʼ j le akʼal chu tijik ?
x in chapo su xu lo qʼo.
qʼi nom riachi.
ri kʼum k tijow ru kʼ kab ʼ.
taj in ke jach ʼanik.
tz eb ʼal u kemik le pa saw umal.
are kayoʼw leu chiko p il le ub ʼantaj ik try pa no soma brucei.
we kat nima nik u tz kelik.
pe rono ʼ jimal petnaq loq, .
are le nu chak jun tzu qb ʼal wib ʼ.
x kuna x le yawab ʼ rumal le aj qʼij.
ri u kʼu ʼ x tz ʼib ʼ paqa tzi jel aj uj.
sib ʼalaj jeʼ lik rie qab ʼal xub ʼan ri lu ʼ s.
sib ʼalaj atkon.
e man xo ri ju puq ke j.
na x naʼ taj tachke xe atinik.
ri kʼamal b ʼe xub ʼij chike, chi maja ria nim.
jum u chʼ ri nu jun ab ʼ.
qʼip taj inaq ri raqan ri tem.
kcha kun ru kʼ ri josb ʼal cheʼ ri aj anel.
xa taq chiʼ j le akʼal chu tijik ka r.
oj kʼo pale ro ʼ chle awel.
¿ la kat peq u kʼ chwe ʼ q?
le winaq pale chʼi chʼet ʼuy ul lowi.
x kanaj ka noq chiu xe ʼ ri jab ʼ ri chʼaʼn.
nim ri ja.
we ta xa kun aj le a tat mata x kam laʼ.
na nu kʼamom tu ʼ la riʼ.
ch qa nu kʼu ʼ riqa tzi j.
kimb ʼe pale tinamit.
x in qʼiʼona xin atintaj.
rajawa xikka kʼaman cha we le u tijik le le j.
kʼisb ʼal taq no ʼ j ib ʼal .
xi ne ʼ waʼ oq.
xkib ʼan kʼax che le u wosaq rumal man u tz tachika kay ik.
ri qʼu tu ʼ m man kech talea kʼalab ʼ .
are na nim talea tz ʼiʼ chu wach le nu tz ʼiʼ.
xe petik x olk ilaʼ.
¿jaw chiʼ xa taʼ che x kam rium am ri po ʼ x ?
e keb ʼ ke kʼam b ʼik patuj.
x in loq ʼ jun japa ri w okajja.
ria x tu ʼ b ʼ, kʼoqu laj chech.
jas ka raj ka ʼan chu tz ak ikleti ʼ i j.
xu tij le wa.
x imb ʼal re tzi j.
x pa x ri b ʼo ʼ j.
we kawaj katinto ʼo x aq xu wi kab ʼij chiwe.
jas nu kʼu ku chʼo b ʼo.
jaska raj ku tijo?
xe x ru x lab ʼ ri rik il.
e ni tz ʼaʼ q le taq im ul.
we tane in x in b ʼanow ik, are le ate ʼ k xb ʼanow ik.
kin tz alij pale nu tinamit.
ri nu chaqʼ kʼopa uro ʼ qʼatoj tijonik pa ri tijob ʼal .
x in x iʼ j wib ʼ x in chʼaw ik.
kʼo chwaro ʼ chle p are.
chi raqan kab ʼin wiri tataʼ.
x sachon kan u yaʼik le p waq chechoja.
x in qʼax chiki xo ʼ l ri winaq.
ketiko nik.
ri ulew man qech taj, kech ri qatiʼ tqamam.
xe pele winaq x ol ki kʼam aʼ.
xu loqʼ ri w uj rumal ri ali.
chewe qʼij kamik kʼo jun nu tzi jo nem chirij le nu tinamit.
kej riʼ.
x kuna na laq chwe.
ki nu si kʼij le nu na n.
ri i mul xu chʼi j taj , x kanaj pa b ʼe , rumal ri nim al kujal uj ri im ul, xu tz aq ria nim.
kub ʼan ri u xo qʼo ʼ l riaj tz ʼaq.
ri la sib ʼalaj u tz che kunab ʼal .
kʼiki wach rie ʼ aj chak ib ʼ pa ri komon tyox , kʼate kʼut xa jun chia jaw xe l;
x qa tachix atulik.
kawaj chik atʼek.
chʼu tiʼ n ke kanaj ri x aj ab ʼ chech.
kaqa xiʼ j qib ʼ kaqa chapo.
e kʼo keb ʼ u kʼa jol le tat x wan.
lu ʼ sub ʼiʼ ri rech am.
aj chiu wiʼ mi qʼin jaʼ ri lu ʼ.
x in ya kan le nu chimpa kʼay b ʼal .
kʼate x ri lo, x pe ri u na n cheu tzu kuxik, x kikotik, xu sal ab ʼisaj ri taqu x kin.
xki kʼut chiu wach ri aj tij xu qujeʼ chiki wach ri taqni kʼaj kachil.
u tz le nu qʼab ʼ.
ku lle al we ʼ l pa austin cha qʼab ʼ kamik.
ria te ʼ k x tzaq loq are chi kʼopa u wiʼ ri qʼaʼm.
aj patan ri teʼk.
xat qaj chiu pam ri il.
la kʼo tzi j naki kʼo xo maj taj ?
x sachon chke chi xe atinik.
rono jel le ulewe chalaq.
la xe b ʼe kʼula xe ʼ ki jaqa kʼu leu chiʼ ja ?
xaq kat chʼo knaj iwir.
kamik kʼochiri jastaqa we.
are chiʼ kakʼis ri jun ab ʼ kʼo qʼi nom.
pa na waljaʼ x inale xik.
na x in tataj we are ria kʼal ki x tzu quwik.
¡ rulew risab ʼ u loner ulew ri neftali, ub ʼe ri polow, r ulew ri jord an, gal ile ʼ a kech ri je taqam aqʼ !
ra x , rax , ra x , kʼo kʼ, kʼo kʼ, kʼo kʼ le ru x lab ʼ le taq tiko ʼ n.
achix at wi lo.
paqa l raj il le p ix kamik.
xo j b ʼinik .
pa jun jeʼ l tijob ʼal ku tijoj ri b ʼ jun akʼal , ub ʼiʼ po ʼ x , u tz kuri lo kepa tijob ʼal rono jel taq qʼij.
x waj chix atʼe taj.
u tz laʼ le xub ʼij le achi.
we taʼam jachin ka petik.
kin qʼojom anik.
x in qʼiʼota kʼalik x in petik.
are ʼ re taʼm che kino panik.
are tab ʼale qa qajaw chat to ʼ wik.
ka winaq waq ib ʼ qʼataj.
na qaj chik cheri u waq kaj b ʼal are taq chiʼ ksa chu wach ri qʼij , kok ri qʼe quʼ m chu wach ulew, chi kʼate ʼ nari b ʼe le jeb ʼ kaj b ʼal .
job ʼ raqan ri tz ʼal am xe poro xik.
sib ʼal aj kori j ri mop.
are waʼ.
je laʼ pa ri timinit chwi kab yok rech xel aj uʼ, le qananqa tat kaki tikoje ʼ l alaj taq u wachich aj.
kʼax nu qul.
xu ʼ lu kʼam aʼ.
ko jul ki tzu kuj.
are man kʼax ta u kuna xik are taqanin aqkaʼili taj we yab ʼilal xu qujeʼ mojo ʼ qa kuyaʼ le kʼax kʼolil chech le jolom aj.
ri wel kʼopa tijonik.
kawaj kinb ʼi j.
riko tz ʼiʼ j kqa koj chiu pam ri ja.
qʼeq qʼoj ri j ri am aʼ ke j.
na x waj taj x in chʼaw ik.
ch pe tab ʼal elo qʼalaj jab ʼ .
x sachon chke xat kisi kʼij.
e le qʼal chʼi chʼ.
jachin xawi lo chi are x tijow ri tiʼ j ?
mata kab ʼe le nu x b ʼal pale tinamit.
p im ru q, ri ali.
¿ kʼo ri mu qʼe chia wech ?
kqab ʼij man ke kowinta j.
kin tij na.
kʼo jun qat ʼu ʼ y pa ja!
kʼo p uj chiu pam ri chʼaʼk.
are taq kin kosik kin warik.
xat waʼik x in wi lo
in x in chʼayow le achi.
kono jel ri ala xik ke ʼ etz ʼanik.
jas ru kʼ xki tij wile ki rik il ?
aninaq il kat petik.
na ra x ta u wach le juy ub ʼ.
ri tz ʼal am tz ʼib ʼ ab ʼal raxk kay ik.
we chat cha kunik, kʼo awa.
ma ʼ tam xat pe cheri waʼim.
ka mul kin waʼ na.
ri sik il k tijow ru kʼik.
kimb ʼe a qʼan ru kʼ le altalin.
xo jʼe k xe ʼ qilala rqas ok.
xe ki qʼil le aj chak ib ʼ xki w ok leja.
ma tane xwa j le kʼuh jnem ru kʼ le ate ʼ k.
are xe ʼo pan chiu chiʼ ri juy ub ʼ, xki lo chi man qas tak ʼo qʼayes.
kʼate kʼut , ri jesusman kkojon tach kech rie ʼ are ʼ , rumal rech che kono jel re taʼm ki wach,
pa ʼ tz ri j ri tz ʼiʼ.
ju winaq waq ib ʼ qʼataj.
a te laqʼom.
xaqat jo ʼ s.
ri qʼatzu, are qʼalaj ri u qʼij il.
aj chak we ala.
ub ʼe le ju ka kʼal taqanik (29).
keb ʼ nub ʼiʼ kʼolik.
la ka tz alij lu ʼ la aninaq ?
ka tzu kun la chwe.
la kaj la koj b ʼe ʼ pale choma l chwe ʼ q?
x in nab ʼej chu ta si kqa kʼolib ʼal .
la l x in to ʼ wik.
sib ʼalaja no ʼ j ib ʼal .
x oj petik x olqa kʼam aʼ.
sib ʼalaj jeʼ lik ri u waʼ l ri ich aj.
kʼax wi j rumal in pa cha lik.
are taq xu kʼul maj waʼ xu l ri u choma nik xub ʼij : are u tz waa qʼab ʼ kinwalij ik, are chaʼ cha nim kino pan pa tijob ʼal , maj chik in kʼul maj.
o jaj xo jolob ʼ pa awas qʼij.
x in sach che leu w okikle tzi j.
e jul aj uj ri akʼ.
xu ta jampa ʼ kojʼek.
qi lik.
ri tijoxel man are ta nim chu wach ri raj tij. ri u tz tijoxel qas je riʼ kʼolik jas ri raj tij.
in x atin chʼayo.
no ʼ j im chak w umal.
chʼur ri jo chʼ.
in kinb ʼij na katsach taj.
ujmay ab ʼ.
ria b ʼaj ya tzalik.
taj in kep ixb ʼax ria kʼalab ʼ .
chom ri aq.
x in warik.
e lemen kono jel ria kʼalab ʼ .
taj in kqʼa narik ri we re ʼ aj.
le u kemik le pa su tz ( cha we ).
xu y u p ub ʼau wach raʼ chi, ka chaʼ,.
ri satanas kok pa ri judas ri kb ʼix iskar iʼotech rech , ri are ʼ jun chki xo ʼ l rie kab ʼ laj uj.
chu chu ri par.
kinqum uj ri nu jo chʼ.
chech punción lumbar am aqʼel rajawa xik chech ri lik le u kʼ e xb ʼem wile nab ʼe ru kʼ leu kab ʼ u kʼutu nem ley ab ʼ ilal.
qʼalaj china kawaj taj kab ʼij .
kʼo qʼo l chirij risiʼ.
jawi xo jʼe wi chu lo qʼik ?
kʼo u lo chʼ ri talin.
qʼan ri j ria tiʼt nu ke j.
la x tz alij la iwir?
xe si kʼixik, kʼate kʼu riʼ xe ya j ik, xu qujeʼ xe taq b ʼi cheu si kʼik lemes.
lak ix warik?
are kʼul e pa loma x xub ʼij che :- mam katb ʼison taj, kin si kʼij ni kʼaj wa chiʼ l ke rapa p ik.
aʼre e tijoxel ab ʼ.
ri alajalis iʼ l xub ʼij x qa chappa u tz al ri tyox.
x sachon chke jachin xe atinik.
jas xu ray ij le a nan xu tijo?
x in kosik.
ra x rono jel ri qʼay es rumal le jab ʼ.
kin ya waʼ we chʼi chʼ p inem nau tz .
no ʼ j im u pa chʼu xik le nu wiʼ.
na j kʼowilew o ʼ ch chu wach le tijob ʼal .
ri ok ib ʼal kʼo chiu wach ri saq ja.
xe nu taq chʼi j kekillea kʼalab ʼ .
kʼo jun qʼoxo we m chiwe.
tza ri choʼ m.
we choj b ʼe pale nim aqʼij, keq il le ajxo jol ob ʼ .
xo jʼe k xe ʼ qilala rqas ok.
ria te ʼ k xu taʼ chech ri nanto ʼ n :- nan jas che ʼ chi man kaj talaq akʼati saj ri jo ʼ q.
ri p al sib ʼalaj xu ʼ y.
kinkoj ri jo kb ʼal ulew.
in kinb ʼij na kat sachtaj
at raj kun le nu na n.
ku qam uj uj oron ri aj tzi j.
lu ʼ tz ʼalam ub ʼiʼ ria chikel pa nim cheʼ.
je ʼ lik u tiʼjol al ri saq ko ʼ r.
kʼo jun xaʼ r pa ja.
x in loq ʼ jun kʼakʼ patan.
kʼax u kemik le pa saw umal.
aninaq u kemik le pasaw umal
ri chʼaʼ n sachinaq pataq ab ʼix .
ra x taq le ko tz ʼiʼ j.
me som ka noq riu pam ja.
man are ta ralax kosik.
ri komon xech pu p rech u qʼab ʼ tinamit xo ʼ l ab ʼaj rech qʼumar ka j.
la u tz ak ikkʼu sub ʼ taj in kuʼano?
kate la!
na xu tij taj.
xa rumal ke taʼm kono jel ri winaq kki qum uj le jaʼ.
i wir x uj tz alij la pa kʼay b ʼal .
qe taʼm cheriqawa kuj u toʼo.
ri aj tij, kya jon chikech ria kʼalab ʼ .
jasub ʼanom le nu chʼu ti tat ?
chwe ʼ q kinb ʼepa nim tinamit.
u tz we ki we taʼma j jas kub ʼij ri chol b ʼal qʼij.
taj in kat ji lo w cheu qʼoxom jolom aj.
x in tik qʼax chiu wach ri ja.
kʼax le kib ʼe le winaq.
loq ʼ kat kuntaj che ley ab ʼil (covid-19) .
ri nu x ib ʼal kel paqa j b ʼal qʼij.
x ri l ria x wan chi xwaʼ ri ala.
le alix kuna tajik.
we ta ka pe le jab ʼ kamik.
x in we taʼma j china x at petaj.
ri p waq rech we qʼataj riʼ ke sax chech ri toj b ʼal kʼay inem .
k tij ri u waʼ lik rumal riki nim aqʼij.
xu chapu kuna xik.
chatan loq ali.
x in xu liʼ qaj oq.
je ʼ lik k tijow ri taq ikox.
kʼate kʼu ri le tat xo ʼ r xub ʼij , man kawaj taj , man kawaj taj.
kʼo jun tz ʼiʼ pa b ʼe .
ka mul x in pe chea tzu kuxik.
man taj in tak in cha kunik.
kincha kunik rech kat waʼik.
jas ru kʼ xaw il wichix ki qupi j wileti ʼ j.
jasub ʼixik … ?
koqʼ ria kʼal.
kawaj na kat ʼe taj.
xat qʼaj ik.
we m na cha lo qʼaxiy al , na kimb ʼeta aw u kʼ.
xo panlew ujaw u kʼ rumal we chin.
are kʼut pale juy ub ʼ k kʼiy jo ron, chilaʼ xe ki kʼama wiri jaʼ ri winaq.
koqʼ ria kʼal.
we kʼo ara jil cha kʼamal oq.
are sib ʼalaj kaqle apoʼt chu wach le nu po ʼ t.
x in kʼastaj pa kab ʼ laj uj kaj b ʼal .
kaqoy ʼe j nak ix petaj.
koka xim ri chi j xa jel aʼ man ka nima j tab ʼik .
ri kokno jim x b ʼek, xu chʼi joxo pan pa u kʼisb ʼal il le anim.
x oj kiʼkotik are taq x atulik.
kaqi tz ʼ na j ri u x aj ab ʼ ri akʼal.
ri jesusk waʼ kat pa ri nim rachoch ri dyos, chu xe ʼ ri jun jache rachoch risa lomon.
we taqanik riʼ kub ʼij chi rajawa xik kyaʼu qʼij ri winaq xu qujeʼ kto ʼ aninaq il.
ria xu x are nari u kunel ri kinaqʼ.
are taq waʼ ri u qʼi jol we taqanik.
kʼo jun tab ʼal pa u wiʼ ri x kanul ub ʼiʼ laj uj no ʼ j.
yuʼ l ub ʼanom riu kolob ʼ ri ke j.
xa nim aj ri akʼal chiu wach ri u chu ch.
k kunan riachi.
kin waʼ ik rech na kin y owaj taj.
aj xik chʼi chʼ ri lu ʼ s.
kwaj che ix kixb ʼanow ik.
aʼre xe to ʼwalaq.
xo jʼe k xe ʼ qilala rqas ok.
x in lo qʼjun chʼi chʼ, qaj inaq u wach.
ku tʼis ri panta lon.
e jani pale awal kʼwale kʼolik ?
u tz u kemik le pa s cha we.
ri max are aj qʼani yaʼ.
mata b ʼ achi riq kʼax pale b ʼe .
taj in ka nima j, ri me ʼ s.
ix i xe ʼ la qʼom ab ʼ !
x sachan chwe.
e kʼo kʼi cheʼ, chiu wach ri juy ub ʼ.
are waʼ ri nim alaj p ix ab ʼe are waʼ ri n ab ʼe .
x re taʼma j chi ru kʼ pa kʼ ku tij wi
jasu tz ak ik le sub ʼ xu ʼano?
aj xo ʼ y ri wi kan.
we tane aʼ re xe tijow le rik il, are le komon xe tijowik.
sib ʼalaj aninaq ka chʼaw le are ʼ chin u wach in.
u tz we kin chak uj.
me ʼ slaʼ.
kʼo kanwa rech kaqa tijo.
x in si kʼij la.
ria kʼal x sach ka noq je laʼ pa taqʼaj.
xe si kʼij la.
jawi xkib ʼij wi chike ʼ e wi?
rumal che, man ix ta riʼ ri ki x chʼaw ik, are ri ru x lab ʼa xel ri i tat riʼ rik chʼaw nai w u kʼ ri ix.
kʼakʼ ri wa choch.
sib ʼalaj u tz kin wille a tz ʼyaq rech nahuala.
saq pork kay ri kipo ʼ trinan.
x sachon ri nu chak chwe.
waʼ im xu chapo.
ri qʼaqʼ taj in kaj uluw ik.
na j il u pam ri si wan.
e kʼo riqa chalal pa chiu wiʼ la.
jas xa taq chiʼ j le akʼal chu tijik ?
no ʼ j im u kemik le pa saw umal.
kʼo jun ku kub ʼiʼ tintin, waʼ le laj ku kmam ka jeqi taj , kapaqi ka xu lik pa u wiʼ u qʼab ʼ taq cheʼ, sib ʼalaj sa kʼaj , ke ʼuto le e nim aʼq, chʼu tin, rachiʼ l, aj sipa nel sib ʼalaj u tz ra nim aʼ.
ri u p ix ab ʼ le qʼatb ʼal tzi j ki yaʼub ʼixik .
na x sachonta chke xe atinik.
xe qil le chikopp uwileja.
x lo ʼ taj ri akʼal.
qono jel kuj waʼ pa u wiʼ ri me xa.
x si ki r le waqan.
la xat waʼ kʼut ?
nim ub ʼaqʼ ri tulul.
kin xi kʼi kʼik x in qʼaxik.
la katb ʼe pale tinamit ?
ri pa l sib ʼalaj saqʼo r.
kqʼo xo w nu j alom.
x in naʼo chik at petik.
x loq ʼ ulewi we chix.
x in cha kun ru kʼ ri nu m am.
na x qab ʼan taj.
kkʼo jiʼ b ʼaʼ ri u sipa nik ria jaw xel jesusk ristor u kʼ ria w ux lab ʼal !
kin chʼaw ru kʼ le nu na n pale chʼawe b ʼal .
sib ʼal aj qʼe quʼ m rumal rimay ul.
are leba xulik.
xe kosle ix oq ib ʼ pale b ʼe .
kʼax ri lik le akʼal chawe.
x in qʼiʼo x ina tinpa j oron.
sib ʼal aj nim le tinamit.
kʼax u kemik le pa saw umal.
x in sachik.
taj in kelu kikʼel pa raqan ri tz ʼiʼ.
x in we taʼma j ri lik wib ʼ
ri qʼu qʼ are jun jeʼ l chikop.
kʼopa ja tijob ʼal ri wik aqʼ.
ri sachib ʼal mak raj wa xik chiqa xo ʼ l.
je ʼ , kimb ʼe k.
je la le ʼ ri nu p wiʼ.
xub ʼij che :- jas x ab ʼan otintin ?
kab ʼanjun to qʼob ʼ kyakri nu jal.
kat ʼek xin ta.
jas leu kʼex b ʼem ri b ʼ le jun ru kʼ le jun chik ?
aj chiu wiʼ mi qʼin jaʼ ri lu ʼ.
ri tijonel naj kpe wi.
te ʼ ki x cho b ʼ ub ʼiʼ ri nu tat.
ri jaʼ kami qʼik chiu wach ri qʼaqʼ.
rit ʼu ʼ y kpa qʼowik.
kin me son na.
na qajat kʼowichi wech.
x in b ʼisonik taqna xat pet taj.
we x kam ri winaq , ri p waq rech toj b ʼal ma kaj kyaʼ chikech ri ra la xik.
ri nunan x b ʼe pa kʼay b ʼal .
xo ju kʼamu loq rech koj ri lo
x kʼoto chin chiki wach chik in waʼ aw u kʼ.
na xki kamsaj taj xki kʼam b ʼi choja.
kʼakʼ ri ikʼ kamik.
x im b ʼe ru kʼ le aj kuniwir.
ri lik.
le tz ʼiʼ xe kosik.
x in kikotaw umal.
ri im ul xu maj ria nim , xuya kanlekok.
kʼo oj cheriak ʼal.
x uj b ʼepa jun kʼu lanem.
u tz we kwa ral aq.
kaq ilo china koj u kʼam taj.
x re taʼma j chi ru kʼ pa kʼkutij wi.
sib ʼalaj x in kʼaʼ narik.
x in kochij ri nu wa.
man kat kowin taj katcha kunik , we man kʼo taria jil ab ʼal .
we w onon xub ʼij chike:-k ix into.
ri ala nim k ri l wiri u m am.
x kaʼ y chirij , x kaʼ y chu wach , ma kʼota chi jun ksi lo b ʼik, xo qʼik xu xe ʼ j ri b ʼ x chʼo p inik x tz alij loq xu riq tachik riub ʼe .
kʼo pu scheri wa.
p inem na kab ʼe le wa tz , kimb ʼe wi in pa kaʼ y ib ʼal .
ri nanto ʼ n nim winaq chik, saq u wiʼ, rono jela qʼab ʼ u tz ku naʼo kat ʼuy iʼ pa u tem, kum iqʼi saj ri b ʼ chori qʼij , kʼo jun u wiʼ u mam ub ʼiʼ ate ʼ k.
man e kʼi taj riqu laʼ.
qʼalaj china kawaj taj kab ʼij
x paqa b ʼisax raj il rono jel ri kem.
kʼopa ri jul ri ku matz.
rono jel qʼij kin chʼaj le nu ware.
saq chi kan lei chaj rech katzako.
chu xe le qa choma l kaqatij wi jun qam e qʼin.
cha wilaʼ.
e kʼojob ʼ u miʼal, ri nu tat.
jas ru kʼ xaw il wi
je ʼ jas ri winaq rech ri u wach ulew, x oqujeʼ ke pena riʼ rie ʼ are ʼ chee rech ri u wach ulew; je ʼ jas ri winaq rech ri kaj , x oqujeʼ ke pena riʼ rie ʼ are ʼ e rech ri kaj.
x in tijo.
k tz ʼujuw ri rachoch ri po ʼ x.
xu qʼiʼo are le u kʼulel x yaʼow uwa.
ria wel x re taʼma j chi rajawa xik man kux ej tarib ʼ cheri tu kur.
ju kʼul aj winaq xe ʼ a nima j b ʼik .
jeʼ, x in tz alij ik.
x oj petik x olqa kʼam aʼ.
maj jachin x ʼek.
in aj tij ; at tijoxel.
saq u wiʼ ri tataʼ.
wech ri kem.
le ro ʼ ch le ate ʼ kkʼo chwach le u kʼay le nu na n.
kb ʼepa ri si riʼ a e pa ri si li siʼa, jawi jeʼ kuya wiri kichu qʼab ʼ ri komon tyox.
p ix ab ʼ : man u tz taj kʼax kuj chʼaw chiki j ni kʼaj qa chil.
x kuna taj le ali( kumal ri ix oq ib ʼ ).
ri xib ʼib ʼal chi kʼowi pataq riqa kʼaslemal rono jel qʼij.
na kuj war ta waral.
on chek kʼo jiʼ ri u tz il chi xo ʼ l, are ch jun am riqa kojonik, jun am ri iwe chi x ru kʼ ri we chin.
pa ox qʼij ri saʼ n kb ʼena ru kʼ ri aj kun.
ka winaq w uq ub ʼ.
jas kawaj kin tijo?
we tax atb ʼew u kʼ pale tinamit, xa lo qʼtal aʼ le u jastaq le akʼa jol.
keb ʼepa waʼim.
x in loq ʼ kʼiwa.
pa jun nim kʼa cheʼ laj , kʼo jun kʼ waʼ sib ʼalaj saq lo lo j, nim u wach.
kwaj katij jub ʼaʼ wa.
rono jel winaqk ri l nari u kolo nem ri dyos ».
x kʼoto chin chiki wach chik in waʼ aw u kʼ
kwaj na kat ʼe taj.
la xa loq ʼ jun alej ?
e kʼo rie lo qʼom anel.
ri u kab ʼ ub ʼiʼ ri nu m am are ya y.
kinjo pi j ri i jaʼ rech triko.
x naʼ taj chke xe atinik.
xa te ʼ qilaʼ.
kaki tij alan xa x ri winaq.
. . . kinb ʼij chi are waʼ si n xi ʼan.
na x in nab ʼej ta chu ta si kqa kʼolib ʼal .
rumal rech chewe ri in , kin chʼaw ru kʼ ri dyos pa chʼab ʼal , k chʼaw na kʼu riʼ ri w ux lab ʼal ru kʼ ri dyos, kʼate kʼut man kʼota u patan riʼ ch rech ri nu choma b ʼal .
xe petik xki lo.
xu ta we katʼek.
u tz u kemik le pa s cha we.
ri nu wakax xu tij jun qʼo qʼ rumal riʼ x kamik.
rumal ri kʼix , man ke waʼ taj ri winaq.
xe ʼ u lik.
qʼe qrij ri am aʼ chi j.
x raj kaʼ eleu nan.
jun am ki jun ab ʼ.
na qʼalaj taj we ka ʼek.
ri wixnam chʼaj chʼo j ri rachoch.
waral man kʼotaj aj awal.
nai wir tax ri lle kʼamol b ʼe .
x in pe loq te kʼu riʼ x in tzu kuj rono jel ri nu raj il.
ri aj tiko nel kutik ri tzi j.
kʼo e ki kʼaj ol le achi jab ʼ .
kutij qʼayes ri ix paʼch.
pa ri waʼ b ʼal e kʼoka winaq achi jab ʼ.
si po j inaq ri nu pam.
kayaʼtaj ik ru kʼu tiʼonem jun ri u riqom le yab ʼilam olot setsé xu qujeʼ are kayaʼtaj pataq ri juy ub ʼ .
jachin ria chi?
ri nu m am x kamik are taq kʼo jum u chʼ laj uj ujun ab ʼ.
kin kowinik kin kʼam b ʼile p waq.
kin wi lo chiu tz ria jiʼ.
x in qʼil ria po ʼ x che man kacha kun taj.
k waʼ chiu wach le taqʼ aj ri am aʼ akʼ.
ri i mul xe po qʼik pa jun ikʼ.
x kʼiska noq riqa chak.
are ri alix oj ilow ka noq.
sib ʼal aj chʼu ʼ j ri amax.
kʼo nu wach iʼ.
in chaj inel kech lea kʼalab ʼ .
xe ko sletz ʼiʼ.
kinb ʼenak u kʼ ri molaj.
rono jela qʼab ʼ kin y i tz ʼ ri wakax.
kara p inik xu tz u kuj chi jun awaj.
le u kemik le pa saninaq ( awumal ).
maj u raj il le qʼab ʼ are l.
kʼax riʼ ri kachʼaw ik.
x oj u taq chiʼ j le achi chu lo qʼi kichaj.
sib ʼalaj kʼax ri x kʼul ma xik.
xki lo chinak in kʼo xom aj taj.
x naʼ taj chke chi xe atinik.
x kʼoto chin chiki wach chi xo jal w o ʼ qa ku kʼ.
jun qʼu ʼ qraj il ri kax laʼ n wa.
x in wi lo chi xe ʼelik.
e kʼo ix oq ib ʼ pale kʼay b ʼal .
man kʼotaj u kʼisik rimay ab ʼaj lab ʼal il.
ri sink kʼiypata qʼaj.
ri chʼi ma man k kʼiy taj pa taqʼaj.
rajawa xikk j ik ik ri waqän .
kawaj kinʼek.
e kʼo oxib ʼ akʼ.
xub ʼij chwe jawi at kʼowi.
chwe ʼ q kuj b ʼe ʼ pam uq uj.
pa saq kʼajaʼ kb ʼan wiri uq.
xo j ki si kʼij.
xi nwil wib ʼ.
chaqʼ chik ri wa.
kimb ʼena kapalew o ʼ ch.
kawaj kinʼek.
ri chʼu ʼ k tij ru kʼ le j.
pa riki qʼij kaminaq ib ʼ kb ʼan qʼo ri kʼyaʼ rech aj : n ab ʼe ri nan ku tzu kuj kan ri aj , kuja chʼo ʼ xu quje ku kʼe to.
jas kaj b ʼal cha nim ?
u tzu choma nik ri ali.
pa ri qʼi jox laj uj tijax kin kʼis keb ʼ jun ab ʼ kincha kunwar al.
sib ʼalaj ko, ri kʼakʼ chʼat.
jas karaj kub ʼij … ?
ri chʼi chʼ kas il ab ʼik .
pa ojer qʼal pul xaq xu wiri nim winaq ke kʼamow b ʼe .
le u kuna xik le u kab ʼ u kʼutunik are ru kʼ e flor nitinao nu tunib ʼaxik le nif urtimo x chiʼ le flor nitina chech t. b. g.
are ria chix in chʼay owik.
jun achi ub ʼik u ʼ xu sipa j keb ʼ kʼaʼ m ulew rech kab ʼan ri tijob ʼal , kamik, kʼo chi kaj tij rech ri komon xech pup.
xumal tyoxij cheri aj tij rono jel le xu kʼut chiu wach.
pa ri b ʼex ki raq jun alaj im ul saq ri j, xki kʼam b ʼik .
x ri lle b ʼale ala.
jas kub ʼij chwe ?
le u kuna tajem are ru kʼu tzu kuxik le u chiko p il pa jun u solik u xe ʼ le ki kʼon le jaʼ rech jun no do.
u tz we nu tz ʼiʼ.
je ʼ , taj in ka chaponik.
ki nu lo qʼoj le nu tat.
kawaj kimb ʼepa tinamit.
are laʼ kin chak uj.
ri nim aʼqtaq winaq kʼo ke taʼma b ʼal .
we tax atb ʼew u kʼ pale tinamit, xa lo qʼ ta waʼ we jas taq.
riki kʼaslemal. wa ixim ulew xa jun chima are ta tinimit rima
ri u kʼyab ʼal na ju pam.
xat qaj chiu pam ri il.
no j im kat waʼik.
we kʼo junk tu qaʼ rik, ¿ la man x oqujeʼ taj kin tuqa ʼ r ri in ?
ojoj w okolja.
awas kb ʼan kʼax che jun nim winaq.
x in chʼawa pan ru kʼ le wan ab ʼ.
kʼax riu pam ri ju ʼ l.
taj in ke waʼ ri im ul.
la kaj la kuj tz alij la aninaq ?
rumal rech cherima kaj man kʼota u kowinempi wiʼ ri ix : ri ix man ix kʼo tachi chu xe ʼ ri p ix ab ʼ, x ane ix kʼochu xe ʼ ri sipa nik.
nim raqan le cheʼ.
x in chapo.
are le tu ʼ r le lo qʼom anel.
x as kat kʼo jiʼ chiu pam ri chʼi chʼ.
sib ʼalaj nim raqan ri kʼamal b ʼe .
le tz ʼib ʼab ʼal we chin.
in xin to ʼ w la.
x aje kʼu riʼ ri ix kamik riʼ man ix ka x lan winaq tachik; ri ix , ix rech ri ki tinimit rie tyox laj taq winaq , ix rech ri rachoch ri dyos.
x in tiko x laj kʼali cha j.
kaqa riq qib ʼ chwe ʼ q.
sib ʼalaj u tz cheri wiʼ aj ri tuney.
we na jup ulik ta xe qaj ik. . .
x in to ʼ taj cheri nu chak.
kʼo jun chiko pub ʼiʼ pum.
poqon ri ik.
xo j b ʼinik .
xu chʼe k rono jel le re tamanik x pa qiʼk kʼax k wʼinik xub ʼan aj kun.
kel ub ʼik pa ri jude ʼaek tz alij chiub ʼij u mul pa rigal ile ʼa.
x in axib ʼij pa b ʼe.
je ʼ l kʼo lem chi awachoch.
rono jel ri yaʼtal il pa we qʼataj , tz ʼaqat ki wach, man k tz aqta ka noq xu qujeʼ man ktas taj.
xu kunaj le yawab ʼ le aj qʼij.
chi tatab ʼej jas le kimb ʼij .
chʼan al riachi.
pa b ʼ oko ʼ kacha kun wiri ta x.
uj kʼopa u wuq qʼij.
ki ʼ ri u kab ʼ ri aqaj.
kʼo rachalal pa tz ʼoloj cheʼ ri pe ʼ l.
xki lo chik in kʼo xom aj.
ri u kisa kʼu tz kyaʼik chiu xe ʼ ri tiko ʼ n.
are taq chiʼ ka qʼan pu wiʼ ri ju kub ʼ, ri achi chex kʼo jiʼ ri itzel u x lab ʼal ru kʼ , ku tach rech ri are ʼ , are chk kʼo jiʼ ru kʼ ri are ʼ.
na kab ʼantaj taw umal.
x naʼ taj chke xe atinik.
x in pa j ri nu triko.
xe ʼ ok ri po kʼ pa riumexa ri po ʼ x.
kaj uluw ria qʼaʼ l chiu xe ʼ ri tʼu ʼ y.
awech leja.
x uj b ʼepa tzu rik.
nab ʼe xa to panik.
ri u kab ʼ ub ʼiʼ ri nu m am are ya y.
u waj xaq u ka kʼal taqanik (28).
mata kʼo jun ka kanaj ka noq, qono jel koj b ʼe k.
e nim aʼq le al tom ab ʼ.
nim u wach ri po ʼ t.
kojonik pa ri u tzi j wa ixim ulew.
jas xu kʼamb ʼil etz ʼiʼ xawi lo ?
x in petik, tat.
ri b ʼe laj u wach.
chi tatab ʼej jas ri kimb ʼij .
jeʼ l kunaʼ ri ab ʼix chi u pam ri quq ulew.
kinb ʼisoj u wach le wal.
xu t ʼuy ub ʼaʼ.
nim ria we qe le ʼ n xa riqo.
xi ne ʼ waʼ oq.
chiʼke war wilea kʼalab ʼ .
ri nu miʼal xu taq loq jun taqo ʼ mw uj chiwe.
qʼe ʼ lik, ri chaj pa ri b ʼe .
la u tz awach? -u tz mal tyox , e kʼu ri at ? –u tz mal tyox.
x in ko s rumal nu chak.
kb ʼe ku kʼ rie ʼ are ʼ e k tz alij pa rinas are te ke ʼu nima j.
ri joj xu kʼamb ʼik ria kʼ.
kʼochiwa chiʼ l cha nim.
kub ʼij chech naʼ l kab ʼan che ria tz ʼib ʼ .
e. . . in kawaj ka tz joj b ʼila chwe.
mataxin ya j le ali.
jachin ru kʼ katb ʼe wi?
kʼo sib ʼal aje taʼma b ʼal pa rimay ab ʼ no ʼ j ib ʼal .
e man xo ri ju puq ke j.
ka sum um ri kaqi qʼ.
e kʼo kaj ib ʼa kʼalab ʼ pale b ʼe .
je ʼ jas ri u tatk kaʼ y ik.
x aqat molonel tzi j tal.
le nu tat ka lo qʼon chwe.
xaq tane kimb ʼe iw u kʼ.
x re taʼma ju chʼaj ik.
rumal laʼ x koj “ x al qʼat ” cheub ʼiʼ ri komon.
are le u kemik pa s xre taʼmaj.
ri wa tiʼt kub ʼan nari u patan.
kʼakʼ le po ʼ t.
re taʼm u wach jachin x lo qʼow ri pas.
ken chʼab ʼejlea kʼalab ʼ .
yaʼtal chaqe qono jel ri uj winaq u tz kaq il qib ʼ .
xkot iʼ pa qʼay esxo qʼik.
ka winaq b ʼe le jeb ʼ qʼataj.
e kʼo kaj ib ʼ ral ri im ul, jun saq , jun qʼan , jun qʼeq, jun qʼe qoj , sib ʼalaj ke tz ʼanik , ke chʼo p inik ri alaj taq im ul.
k chol ol riacha chal.
kete kik ri ikʼ.
xe petik rech ke waʼiw u kʼ.
tza tz riu qʼan il ri akʼ.
x oj tz alij ik x ix e ʼ qa qʼatuj ku kʼ le i tatinan.
ri yo ʼ x taqa kʼalab ʼ ke ki kʼux ria tz ʼyaq.
we achiwe xu sipa j jun po ʼ t chwe x kamik.
k kowin ri kuna nel che kuna nik.
x j iqʼ pa ri polow.
xa rumal sib ʼalaj rajawa xik le lo qʼalaj jaʼ, le winaq xkib ʼij : che we ikʼ riʼ qono jel kuj b ʼe che u tik ik taq cheʼ.
ri u na ne rie rachalal ke pe u loq ru kʼ ri are ʼ , kʼate kʼu riʼ, man ke kowinta j keqib ʼ u koq ru kʼ , rumal rech chee kʼo sib ʼalaj winaq.
rumal rech , cheman kʼota junk kowin cheu kojik juntik ib ʼal il chik chu wach ri kojom chik che are ri jesusk risto.
te kʼu riʼ xu tz ʼib ʼaj ri b ʼ pa ri nim alaj tijob ʼal rech aj ku ʼ n.
kaj uluw ri chʼu m il cha qʼab ʼ.
kʼisb ʼal ka noq, x oqujeʼ k kam ri ix oq.
le alax okik.
kʼo p waq pa u wiʼ ri me xa.
are kawaj nak in ʼe taj.
ri ya wal ku koj ri alichi u xe ʼ ri cha kacha re usu ʼ t.
na kaqa kʼam tu ʼ b ʼi kamik.
ri aj tij kub ʼij chike: rajawa xikke qa cha ji j ri awaj , are u tiko ʼ n ri ajaw.
x in tij mu kuni wir.
kʼax le u wiʼ taqle nu qʼab ʼ.
x in loq ʼ jun il b ʼal wib ʼ.
waʼ we qʼij , nim ub ʼantaj ik.
ri u xe ʼal riqa tinamit man ka sach taj.
xo j b ʼinik .
ria chalal jun am ki wach.
x in we taʼma j ri lik wib ʼ.
nim ri u naʼo j wa j tij.
mi qʼin ri kʼul.
aj qʼojom ria teʼk.
che le sa nik che ʼ kb ʼan wiri qʼojom.
ka pe le awel pa na waljaʼ.
ri meso nel taj ink cha kunik.
u tz chaqe kaqato ʼ qib ʼ, taq kʼo kʼax kʼolil, kate we chiʼ n ria jaw paqa wiʼ.
xawi lo, x qʼatan le ib ʼo y.
xat kowinik x ab ʼano.
ki ʼ ri kʼawex.
kaj il il ri b ʼe.
le ali xel b ʼik.
are ʼ x raj x inb ʼano.
nim we ab ʼaj.
je ʼ lik u tiʼjol al ri saq ko ʼ r.
no j inaq rikej.
we ka tijan xu x man kat uto ʼ tachi u qʼati xik le kʼakʼy ab ʼil corona virus ( 2019 -n co v).
na nim ta raqan waʼ we cheʼ.
u tz alaj aj chak , ri wel.
¿jampa ʼ kuj b ʼe pa nima qʼij ?
rajawa xik tane laʼ kat cha kunw u kʼ.
xu taq chiʼ j pa waram pulew.
man are taria x wan xelik.
ri awi x xu loqʼ rachoch re nimal.
are ri ix oq x in si kʼin u loq.
ri chʼi ma kʼatʼon na.
la xib ʼan lei chak ?
kʼi tinamit e kʼopa chʼo ʼ j.
kʼo ju puq chi j chiu xe ʼ ri cheʼ.
ri u x aq ri ab ʼix are u warikej.
ka winaq qʼataj.
la ki x pe pa tijob ʼal ?
we kech aj ix taq le kʼwa jacha kinb ʼij ; jun alik kʼo jaʼ xu qujeʼ sib ʼalaj saq lo lo j.
x re taʼma j.
ri alab ʼom ri alitom ab ʼ taj in ki ki tijoj kib ʼ rech su taq , are kakaj kikib ʼan nim aqachi jab ʼ chu pam ri ki kʼaslemal, xu quje kʼochik jupu qb ʼix o nel chu pam ri komon.
la tz ʼu wach ri b ʼe.
kʼakʼ ria chʼi chʼ.
qono jel uj, uj may ab ʼ taq winaq.
no jel qʼij ri at iʼ x ku yu qʼuj le taqaw aj je laʼ pa ni kʼaj jaʼ, chirij ri juy ub ʼ ub ʼiʼ te naʼ.
pa qʼom chik risiʼ.
kin tzu kun che la.
kaki tij le kin aqʼ, le ichaj , le u waʼ lik ru kʼ le j.
xe kan aj kan le aj chak ib ʼ.
ketikon riachi j ab ʼ.
sib ʼalaj itzel ub ʼantaj ik ri chʼi la kan.
ria teʼk xumal tyoxij cheri ra tiʼt , rumal ri u tz alaj no ʼ j ib ʼal xu kʼut chech.
k kamul ix u chak ri ab ʼix .
la x in u tzu kuj le tijoxel ?
are ʼ kacha kun rono jel qʼij.
lee kʼaʼ na taq tz ʼiʼ.
saq ri j ri plam ux.
jas xa qʼiʼ ox a tijo.
jas ru kʼ xkichap wi u tijikle rik il ?
we katat in ru kʼ kʼatan jaʼ man ku qʼate j tale kʼakʼy ab ʼil corona virus.
la katb ʼin pale u x la nb ʼal ?
la waral kʼux ix waʼ wi?
are le nu tatk in lo qʼonik.
taj ink cha kun ri ala.
kʼo ri kiʼkotemal aw u kʼ.
xu ta jachin kaʼ ek.
xat waʼik x in wi lo.
x tzaq ri rachoch rumal ri j ab ʼ.
pale jun ikʼ chik are nima qʼij.
e keb ʼäm keb ʼin pa u wiʼ ri tem.
me m riachi.
ri wi kan cha li ʼ ykel pa juy ub ʼ chwi tzi ri b ʼal .
le raj il , la pa ja xel a qʼaxw u ʼ b ʼik ?
pa risu ʼ t p isom wiri le j.
koj petikkol qa kʼam aʼ.
taj in kat chʼo p in chiu wach ri taqʼ aj.
le qʼor x chʼu qik.
kʼax waʼ im aw umal.
kinb ʼi son che le wal.
sib ʼalaj kʼo kʼ ri awa tz ʼyaq.
kamik x uj b ʼe che u tikik taq che ʼ pa ri juy ub ʼ .
ki nu lo qʼoj le nu tat.
cha qiʼ j chik ri cha j.
x y il ix haway i.
na x naʼ taj tach ke chi xe atinik.
ru kʼ kʼu waʼ we riʼ, ri ixk kʼo jiʼ jun u tz alaj i kʼaslemal riʼ ch ki wach ri winaq che mane kʼo ta iw u kʼ , kʼate kʼu riʼ man kʼota jun winaq riʼ rajawa xik chiwech.
e petinaq pa b ʼe le rachala xik.
ka kaj le a kʼalab ʼ ke waʼik.
x uj chʼay b ʼik .
ri nu chak are qʼaxel tzi j.
kʼo na ru x lab ʼ ri awaj.
taj in kel loq, ri qʼij.
xu qʼiʼo x kamsa x ri rachalal choch.
ri num am are kʼo u qʼi nomal.
x kʼul mataj ju mul , xub ʼanjun nim alaj jab ʼ, man x b ʼey e taj tana xu kʼis leuy uqʼ chike.
am aʼ ri nu tz ʼiʼ.
je waʼ kat petik.
x in kosik rumal x in cha kunik
i wech chi j ujun al, ri wa.
xu qʼiʼo na xa tatintaj.
in riq taj inaq pa ri kʼay ib ʼal .
na we taʼm taj.
kʼax le nu qʼab ʼ.
u tz le xub ʼij le achi.
kematz ʼib ʼ .
kʼo rachalal pa tz ʼoloj cheʼ ri pe ʼ l.
rono jel waʼ we jastaq riʼ, xas ksa chwi u wach waʼ; ru kʼ we riʼ, ri ix , rajawa xik che kʼo jun tyox la ji kʼaslemal e k kʼo jiʼ ri ichʼa we m ru kʼ ri dyos,
x m uq taj ri pa tz ʼan.
ri chʼi chʼ tzi jom ka noq pa ri u kʼolb ʼal .
man kʼota u cholaj pataq ria w uj.
jachik e ikʼ le u nima qʼij le tinamit na wal jaʼ ?
xe petik x ol ki kʼam aʼ.
kachu qʼ chu t ri jaʼ chi apam.
x in b ʼij i wir chi xe b ʼe pa armita.
are ʼu xe ʼojer tzi j war al kʼi cheʼ ub ʼiʼ .
x kʼis ri nu siʼ.
jawi xkib ʼij wi chike ʼ e wi?
¡ x aje kʼu riʼ, jachin taq rie kʼopa ri jude ʼ a, chi cha nim cheʼa nim aj ub ʼi pataq ri juy ub ʼ,
kʼakʼ ria b ʼ.
la kʼo jun na ka kʼo xom aj taj ?
nau tz tale u tʼi som le alma riy.
man yaʼtal taj chia we katok pa ja.
jeʼ, xat u tzu kuj.
are kel waj xaq ib ʼ u qʼij ri x kʼojik.
ri xu n ku rk kʼo jiʼ pataq ri triko.
x in sachik.
xu t ʼuy ub ʼaʼ
na nu tom tale tzi j …
wach ʼom ri ki wa ri no ʼ s.
e kʼo job ʼ chʼ il wakʼ.
rajawi xik chi pataq ri tijob ʼal , pa ni kʼaj ub ʼixik chik
ri rajawr ulew are ʼ tatkel.
we kʼu xokik, we kʼ na xok ta
we achi xu sipa j jun p ʼot chwe.
a tat u taqo ʼ n le qʼatal tzi j.
na qʼanta u wach leqap rut.
ri xaʼ r kʼopa u wiʼ ri qʼaqʼ kpo qʼowik.
ri ro qʼej ri alija chak pe jun akʼal.
kʼo jun alapa tijob ʼal .
säq u wiʼ ri tataʼ.
ri wi tzi kʼ taj in kpeloq.
jawixsa chon wi kan u yaʼik le p waq che.
u tz we achi we x in kuna nik.
qono jel kuj waʼ pa u wiʼ ri me xa.
rika x laʼ nik man poqon taj.
in x in b ʼe ru kʼ ri wa chiʼ l.
sib ʼalaj jeʼ l xki lo xe ki tz oqopi j ri kichij chilaʼ.
kinb ʼinik x inʼek.
kʼax kʼolik, ka chaʼ.
kutij ixim ri akʼ.
ri alix chel, xu qʼiʼo xa jun akʼ x sipa x che.
x qasi kʼij le ix oq chu tz akiksub ʼ .
mata x ab ʼinsaj le chʼi chʼ.
ri p ix tz ʼara lik rumal rie qaʼ n.
¿jampa ʼ kel chi 3%
kʼo jun nu kʼotoj chiʼaj.
taj in ke waʼ kat ri alab ʼom .
x in loq ʼ le nu kʼa kʼapo ʼ t.
na u tz ak ik ta sub ʼ taj in kuʼa no
xo j u taq chiʼ i j x oj waʼik.
i wech ri ab ʼix.
saq ri j ri chi j.
aj sik cheri tinamit kel wiri tataʼ.
- ¡ ay ! xa x in tzaq u loq, kʼax we waqan .
x kʼul mataj pa jun komon chiʼ u wach jun juy ub ʼ, xu riqa jun qʼij xki riq kib ʼ juni mul ru kʼ le kok.
jas xa taq chiʼ j le akʼal chu tijik ?
x in chapo su xu lo qʼo.
qʼi nom riachi.
ri kʼum k tijow ru kʼ kab ʼ.
taj in ke jach ʼanik.
tz eb ʼal u kemik le pa saw umal.
are kayoʼw leu chiko p il le ub ʼantaj ik try pa no soma brucei.
we kat nima nik u tz kelik.
pe rono ʼ jimal petnaq loq, .
are le nu chak jun tzu qb ʼal wib ʼ.
x kuna x le yawab ʼ rumal le aj qʼij.
ri u kʼu ʼ x tz ʼib ʼ paqa tzi jel aj uj.
sib ʼalaj jeʼ lik rie qab ʼal xub ʼan ri lu ʼ s.
sib ʼalaj atkon.
e man xo ri ju puq ke j.
na x naʼ taj tachke xe atinik.
ri kʼamal b ʼe xub ʼij chike, chi maja ria nim.
jum u chʼ ri nu jun ab ʼ.
qʼip taj inaq ri raqan ri tem.
kcha kun ru kʼ ri josb ʼal cheʼ ri aj anel.
xa taq chiʼ j le akʼal chu tijik ka r.
oj kʼo pale ro ʼ chle awel.
¿ la kat peq u kʼ chwe ʼ q?
le winaq pale chʼi chʼet ʼuy ul lowi.
x kanaj ka noq chiu xe ʼ ri jab ʼ ri chʼaʼn.
nim ri ja.
we ta xa kun aj le a tat mata x kam laʼ.
na nu kʼamom tu ʼ la riʼ.
ch qa nu kʼu ʼ riqa tzi j.
kimb ʼe pale tinamit.
x in qʼiʼona xin atintaj.
rajawa xikka kʼaman cha we le u tijik le le j.
kʼisb ʼal taq no ʼ j ib ʼal .
