xin eʼw aʼoq.
xk ibʼ ankʼ axcheleuw os aqrum alm anutzt achikak ay ik.
riqʼ utuʼmm ankecht ale akʼ al abʼ.
aren animt aleatzʼ iʼchuw achl enutzʼ iʼ.
xep etikxolk il aʼ.
¿j awchiʼx at aʼchexk amrium amrip oʼx?
ek ebʼkekʼ ambʼikp at uj.
xinl oqʼj unj ap ariwok ajj a.
ri axt uʼbʼ, kʼoq ul ajchech.
j ask ar ajk aʼ anchutz akikl et iʼij.
xut ij lew a.
xim bʼ alretz ij.
xp axribʼ oʼj.
wek aw ajk at intoʼox aqxuwik abʼ ijchiwe.
j asnukʼuk uchʼobʼo.
j ask ar ajk ut ijo?
xexruxl abʼririk il.
enitzʼ aʼqlet aqimul.
wet an einxinbʼ anowik, arel eateʼkxbʼ anowik.
k intz al ijp al enut in am it.
rinuch aqʼkʼop auroʼqʼ at ojt ijonikp arit ij obʼ al.
xin xiʼjw ibʼx inchʼ awik.
kʼ ochw aroʼchlep are.
chir aq ank abʼ inw irit at aʼ.
xs achonk anuy aʼikl epw aqchech oja.
xinqʼ axchik ixoʼlriw in aq.
k etik onik.
ri ulewm anqecht aj, kechriq at iʼtq am am.
xep elew in aqxolk ikʼ am aʼ.
x ul oqʼriw ujrum alri ali.
cheweqʼ ijk am ikkʼoj unnutz ij onemchi rijl enut in amit.
k ejriʼ.
xk un an al aqchwe.
k inusikʼ ijlenun an.
riim ulxuchʼ ijt aj, xk an ajp abʼe, rum alrinim alk uj al ujriimul, xutz aqri anim.
k ubʼ anriuxoqʼ oʼlri ajtzʼ aq.
ril asibʼ al aj utz chek un abʼ al.
kʼ ikiw achrieʼ ajch akibʼp arikom onty ox,kʼ atekʼ utx aj unchi aj awxel;
xq at achixat ulik.
k aw ajchik atʼek.
chʼ ut iʼnk ek an ajrix aj abʼchech.
k aq axiʼjq ibʼk aq ach apo.
ekʼok ebʼukʼ ajollet atxw an.
l uʼsubʼ iʼrirech am.
ajchiuw iʼm iqʼ inj aʼril uʼ.
xiny akanl enuchimp akʼ aybʼ al.
kʼ atexrilo, xp eriun ancheutzuk uxik, xk ikotik, xus al abʼis ajrit aq uxk in.
xkikʼ utchiuw achri ajt ijxuq ujeʼchikiw achrit aqnikʼ ajk achil.
utz len uqʼ abʼ.
k ulle alw eʼlp aaust inch aqʼabʼk amik.
ri ateʼk xtz aqloq arechikʼop auwiʼriqʼ aʼm.
ajp at an riteʼk.
x atq ajchiup am riil.
l akʼ otz ijn akikʼ oxom ajt aj?
xs ach onchk echixe at inik.
r on ojell eulew ech al aq.
l axebʼ ekʼul axeʼkij aq akʼ uleuchiʼj a?
x aqk atchʼokn ajiw ir.
k amikkʼ ochirij ast aq awe.
arechiʼk akʼ is rij un abʼkʼ oqʼ inom.
p an aw alj aʼxin alexik.
n axint at ajwe areri akʼ alk ixtz uq uw ik.
¡ rulewris abʼul on erulewr ineft ali,ubʼ erip olow, rulew rijord an,g alileʼ akechrij et aqam aqʼ!
r ax, r ax, r ax, kʼokʼ, kʼ okʼ, kʼ okʼleruxl abʼl et aqt ik oʼn.
achix atw ilo.
p aqalr ajillep ixk amik.
xojbʼ inik.
p aj unjeʼlt ijobʼ alk ut ijojribʼj un akʼ al,ubʼ iʼpoʼx, utzk urilokep at ijobʼ alr on ojelt aqqʼ ij.
xw ajchix atʼ et aj.
utzl aʼlexubʼ ijle achi.
w et aʼamj achink apet ik.
k inqʼ ojom anik.
xinqʼ iʼot akʼ alikxinp etik.
areʼret aʼmchek in op anik.
aret abʼ aleq aq aj awch att oʼw ik.
k aw in aqw aqibʼqʼ at aj.
n aq ajchik cheriuw aqk ajbʼ al aret aqchiʼks achuw achriqʼ ij, k okriqʼeq uʼmchuw achulew, chikʼ ateʼn aribʼel ejebʼk ajbʼ al.
jobʼr aqan ritzʼ al amxep or oxik.
sibʼ al ajk orijrim op.
arew aʼ.
jel aʼp aritim initchwik aby okrechxel aj uʼ, leq an anq at atk akitik ojeʼl al ajt aq uw achich aj.
kʼ axn uqul.
xuʼ lukʼ am aʼ.
k oj ulk itz uk uj.
arem ankʼ axt auk un axik aret aq anin aqk aʼilit ajwey abʼil alxuq ujeʼmojoʼq akuy aʼlekʼ axkʼ olilch echlejolom aj.
riw elkʼop at ijonik.
k aw ajk inbʼ ij.
rik otzʼ iʼjkq ak ojchiup am rija.
qʼ eqqʼ ojrijri am aʼkej.
n axw ajt ajxinchʼ awik.
chp et abʼ aleloqʼ al ajj abʼ.
xs ach onchkex atk is ikʼ ij.
el eqʼ alchʼ ichʼ.
jach inxaw ilochi arext ijowrit iʼj?
m at ak abʼ elenuxbʼ alp alet in amit.
p im ruq, ri ali.
¿ kʼ orim uqʼechi aw ech?
kq abʼ ijm ankekow int aj.
k int ijn a.
kʼ ojunq atʼuʼyp aj a!
kʼ op ujchiup amrichʼ aʼk.
aret aqk ink osikk inw arik.
x atw aʼikxinw ilo
inx inchʼ ayow le achi.
k on ojelri al axikk eʼetzʼ anik.
j asrukʼxk it ijw ilek irik il?
an in aqilk atp et ik.
n ar axt auw achlej uy ubʼ.
ritzʼ al amtzʼ ibʼ abʼ alr axkk ayik.
wech atch ak unik, kʼo aw a.
m aʼt amx atp echeriw aʼim.
k am ulk inw aʼn a.
risik ilkt ijowrukʼ ik.
k imbʼe aqʼ anrukʼle alt alin.
x ojʼekxeʼq il al arq asok.
xekiqʼ ill eajch akibʼxk iwokl eja.
m at anexw ajlekʼuhj nemrukʼ leat eʼk.
arexeʼop anchi uchiʼrij uyubʼ, xk ilochim anq ast akʼoqʼ ayes.
kʼ atekʼ ut, rij esusm ankk ojont achkechri eʼ areʼ, rum alrechchek on ojelret aʼmk iw ach,
p aʼtz rijritzʼ iʼ.
j uw in aqw aqibʼqʼ at aj.
at el aqʼ om.
xaq atjoʼs .
riqʼ atzu, areqʼ al ajriuqʼ ijil.
ajch akwe al a.
ubʼ elejuk akʼ alt aq anik( 2 9).
k ebʼnubʼ iʼkʼ olik.
l ak atz al ijl uʼl aanin aq?
k atzuk unl achwe.
l ak ajl akojbʼ eʼp alechom alchw eʼq?
xinn abʼ ejchut asikq akʼ olibʼ al.
l al x int oʼw ik.
sibʼ al aj anoʼjibʼ al.
x ojp etikxolq akʼ am aʼ.
sibʼ al aj jeʼl ikriuw aʼlriich aj.
kʼ axw ijrum alinp ach alik.
aret aqxukʼ ulm ajw aʼxul riuchom anikxubʼ ij: areutzw aaqʼ abʼk inw al ijik, arech aʼch animk inop anp at ijobʼ al, m ajchik inkʼ ulm aj.
oj ajx ojolobʼp aaw asqʼ ij.
xins achch eleuwok ik l etz ij.
ej ul aj uj ri akʼ.
xut aj amp aʼk ojʼek.
q ilik.
rit ijoxelm an aret animchuw achrir ajt ij. ri utzt ijoxelq as jeriʼkʼ olikj asrir ajt ij.
in x at inchʼ ay o.
n oʼj imch akw um al.
chʼ urrij ochʼ.
ink inbʼ ijn ak ats acht aj.
ujm ay abʼ.
ri abʼ ajy atz alik.
t aj ink epixbʼ axri akʼ al abʼ.
ch omri aq.
xinw arik.
elem enk on ojelri akʼ al abʼ.
t aj inkqʼ an arikriwe reʼ aj.
leuk emiklep asutz ( ch awe).
xuy upubʼ auw achr aʼchi,k ach aʼ,.
ris at an askokp arij ud as rikbʼ ixisk ariʼot echrech, ri areʼj unchk ixoʼl riek abʼl aj uj.
ch uchurip ar.
k inq umujrin uj ochʼ.
chechp unciónlumb ar am aqʼelr ajaw axikchech rilikleukʼ exbʼ emw ilen abʼ erukʼleuk abʼukʼ ut unemley abʼ ilal.
qʼ al ajchin akaw ajt ajk abʼ ij.
kʼ oqʼ olchirijri siʼ.
j aw ixojʼew ichul oqʼ ik?
kʼ oulochʼrit alin.
qʼ anrijri at iʼtn ukej.
l axtz al ijl aiw ir?
xesikʼ ixik, kʼ atekʼ uriʼxey ajik, xuq ujeʼxet aqbʼ icheusikʼ ikl emes.
l ak ixw arik?
arekʼ ulep alom axxubʼ ijche: - m amk atbʼ isont aj, k insikʼ ijnikʼ ajw achiʼlk er ap ap ik.
aʼre etijoxel abʼ.
ri al ajalis iʼlxubʼ ijxq ach app autz al rity ox.
xs ach onchk ej ach inxe at inik.
j as xur ay ijle an anx ut ijo?
xink osik.
r axr on oj elriqʼ ay esrum all ejabʼ.
k iny aw aʼw echʼ ichʼp inemn autz.
noʼj imup achʼ uxiklenuw iʼ.
n ajkʼow ilew oʼchchuw achl etijobʼ al.
ri okibʼ alkʼ ochiuw achris aqj a.
xenut aqchʼ ijk ekille akʼ al abʼ.
kʼ ojunqʼ oxowem chiwe.
tz arich oʼm.
w echojbʼ ep alenim aqʼ ij, k eqill eajxojol obʼ.
x ojʼekxeʼq il al arq asok.
ri ateʼkx ut aʼchechrin ant oʼn: -n anj ascheʼchim ank ajt al aq akʼ atis aj rijoʼq.
rip alsibʼ al ajxuʼy.
k ink ojrijokbʼ al ulew.
ink inbʼ ijn ak ats acht aj
atr ajk unlenun an.
kuq amuj ujoronri ajtz ij.
l uʼtzʼ al amubʼ iʼri achikelp anim cheʼ.
jeʼlik utiʼjol alris aqk oʼr.
kʼ ojunx aʼrp aja.
xinl oqʼj unkʼ akʼp at an.
kʼ axukem iklep as awum al.
an in aq ukemiklep as aw um al
richʼ aʼns achin aqp at aq abʼ ix.
r axt aql ekotzʼ iʼj.
m esomk anoqriup amj a.
m an aret ar al axk osik.
rikom onxechp uprechuqʼ abʼt in am itxoʼl abʼ ajrechqʼum ark aj.
l autz akikkʼ usubʼt aj inkuʼ ano?
k atel a!
n ax ut ijt aj.
xarum alket aʼmk on ojelriw in aqkkiq um ujl ej aʼ.
iw irx ujtz al ijl ap akʼ aybʼ al.
q et aʼmcheriq aw ak uj utoʼo.
ri ajt ij, ky ajonchik echri akʼ al abʼ.
j asubʼ anoml en uchʼut it at?
chw eʼqk inbʼ ep animt in amit.
utzw ekiwet aʼm ajj askubʼ ijrich olbʼ alqʼ ij.
t ajink at jil owcheuqʼ oxomjolom aj.
x int ikqʼ axchiuw achrija.
kʼ axlekibʼ elew in aq.
l oqʼk atk unt ajcheley abʼil( covid- 19).
rin uxibʼ alk elp aq ajbʼ alqʼ ij.
xr ilri axw anchixw aʼri al a.
le al ixk un at ajik.
w et ak apel ejabʼk amik.
xinw et aʼm ajchin axatp et aj.
ripw aqrechw eqʼ at ajriʼkes axchechrit ojbʼ alkʼ ay inem.
kt ijriuw aʼlikrum alrik inim aqʼ ij.
xuch ap uk un axik.
ch at anl oq al i.
xinx uliʼq aj oq.
jeʼl ikkt ijowrit aq ikox.
kʼ atekʼuri let atxoʼrx ubʼ ij, m ank aw ajt aj, m ank aw ajt aj.
kʼoj untzʼ iʼp abʼe.
k am ulxinp echeatzuk uxik.
m ant ajint ak inch ak unik.
k inchak unikrechk atw aʼik.
j asrukʼx awilw ichixkiq upijw il et iʼj.
j as ubʼ ixik<unk>?
k oqʼri akʼ al.
k aw ajn ak atʼet aj.
x at qʼ ajik.
wemn ach aloqʼ axiy al,n akimbʼ et aaw ukʼ.
xop anlew ujaw ukʼrum alw echin.
arekʼ utp alejuy ubʼkkʼ iyjor on, chil aʼxekikʼ am awirij aʼriw in aq.
k oqʼri akʼ al.
wekʼo ar ajilch akʼ am aloq.
aresibʼ al ajk aqle ap oʼtchuw achl enup oʼt.
xinkʼ ast ajp akabʼl aj ujk ajbʼ al.
k aq oyʼ ejn akixp et aj.
kok aximri chijx ajel aʼm ank anim ajt abʼik.
rikokn ojimxbʼ ek, xuchʼ ijoxop anp aukʼ isbʼ alille anim.
xojk iʼk otik aret aqx at ulik.
kaq itzʼn ajriuxaj abʼri akʼ al.
rij esuskw aʼk atp arinimr achochrid yos, chuxeʼrij unj acher achochris alom on.
wet aq anikriʼk ubʼ ijchir ajaw axikky aʼuqʼ ijriw in aqxuq ujeʼktoʼ anin aqil.
ri axux aren ariuk unelrik in aqʼ.
aret aqw aʼriuqʼ ijolw et aq anik.
kʼoj unt abʼ alp auw iʼrixk anulubʼ iʼl aj ujnoʼj.
y uʼlubʼ anomriuk olobʼrik ej.
x anim ajriakʼ alchiuw achriuch uch.
kk un anri achi.
k inw aʼikrechn akiny ow ajt aj.
aj xikchʼ ichʼril uʼs.
kw ajcheixk ixbʼ anow ik.
aʼ rexetoʼw al aq.
x ojʼekxeʼq il al arq asok.
xinl oqʼj unchʼ ichʼ, q ajin aq uw ach.
k utʼ isrip ant al on.
ej anip al eaw alkʼw alekʼ olik?
utz uk emiklep asch awe.
rim axare ajqʼ aniy aʼ.
m at abʼ achiriqkʼ axp al ebʼe.
t aj ink anim aj, rim eʼs.
ixixeʼl aqʼ om abʼ!
xs ach anchwe.
ekʼokʼ icheʼ, chiuw achrij uy ubʼ.
arew aʼrinim al ajp ixabʼe arew aʼrin abʼe.
xret aʼm ajchirukʼp akʼk ut ijwi
j asutz akikles ubʼxuʼ ano?
aj xoʼy riw ik an.
wet ane aʼrexet ijowlerik il, ar elekom onxet ijow ik.
sibʼ al aj anin aqk achʼ awle areʼch inuw achin.
utzw ekinch akuj.
m eʼsl aʼ.
kʼok anw arechk aq at ijo.
xins ikʼ ijl a.
ri akʼ alxs achk an oqjel aʼp at aqʼ aj.
xes ikʼ ijl a.
j aw ixk ibʼ ijw ichik eʼewi?
rum alche, m anixt ariʼrik ixchʼ awik, are riruxl abʼ axelriit at riʼrikchʼ awn aiwukʼ riix.
kʼ akʼriw achoch.
sibʼ al aj utzk inw ille atzʼy aqrechn a hu al a.
s aqp orkk ayrik ipoʼt rin an.
xs achonrin uch akchwe.
w aʼ imxuch ap o.
riqʼ aqʼt ajink ajuluwik.
n ajil up am risiw an.
ekʼoriq ach al alp achiuw iʼl a.
jasx at aqchiʼj leakʼ alchut ijik?
n oʼj imuk emiklep as awum al.
kʼoj unkuk ubʼ iʼt int in,w aʼlel ajk ukm amk ajeq it aj, k ap aqik axulikp auw iʼuqʼ abʼt aqcheʼ, sibʼ al ajs akʼ aj, keʼut oleenim aʼq, chʼut in, r achiʼl, ajsip anelsibʼ al aj utzr anim aʼ.
riup ixabʼl eqʼ atbʼ altz ijkiy aʼubʼ ixik.
n axs achont achke xe at in ik.
xeq illechik opp uw il eja.
xl oʼt ajri akʼ al.
q on ojelk ujw aʼp auw iʼrim exa.
xs ik irlew aq an.
l a x atw aʼkʼ ut?
nim ubʼ aqʼrit ulul.
k inxikʼ ikʼ ikxinqʼ axik.
l ak atbʼ ep alet in am it?
rip alsibʼ al ajs aqʼor.
k qʼ oxownuj alom.
xinn aʼochik atp et ik.
xl oqʼ ulewiw echix.
x inch ak unrukʼ rinum am.
n axq abʼ ant aj.
kkʼ ojiʼbʼ aʼriusip anikri ajawxel jesusk rist orukʼri aw uxl abʼ al!
k inchʼ awrukʼ lenun anp alechʼ awebʼ al.
sibʼ al ajqʼeq uʼmrum alrim ay ul.
ar eleb axul ik.
xek osl eixoqibʼp al ebʼe.
kʼ axrilikle akʼ alch awe.
xinqʼ iʼoxin atinp ajor on.
sibʼ al ajniml etin amit.
kʼ axukem iklep as awum al.
x ins achik.
t ajink elukikʼ elp ar aq anritzʼ iʼ.
xinw et aʼm ajrilikw ibʼ
riqʼ uqʼ arej unj eʼlchik op.
kʼ op aj at ijobʼ alriwik aqʼ.
ris achibʼ alm akr ajw axikchiq axoʼl.
jeʼ,k imbʼ ek.
j el aleʼrinupw iʼ.
x ubʼ ijche: -j asx abʼ anot int in?
k abʼ anj unt oqʼ obʼky akrin ujal.
k at ʼekx int a.
j asleukʼ exbʼ emribʼ lej unrukʼl ej unchik?
ajchiuw iʼm iqʼ inj aʼril uʼ.
rit ij oneln ajkp ewi.
teʼk ixchobʼ ubʼ iʼrinut at.
rijaʼk am iqʼikchiuw achriqʼ aqʼ.
ritʼuʼy kp aqʼ owik.
k inm esonn a.
n aq aj atkʼ owichiw ech.
xinbʼ isonikt aqn axatp ett aj.
wexk amriw in aq, ripw aqrecht ojbʼ alm ak ajky aʼchik echrir al axik.
rin un anxbʼ ep akʼ aybʼ al.
xoj ukʼ amul oqrechk ojrilo
xkʼ otoch inchikiw achchik inw aʼaw ukʼ.
n axkik ams ajt ajxkikʼ ambʼ ich oja.
kʼ akʼriikʼk amik.
ximbʼ erukʼle ajk uniwir.
ril ik.
l etzʼ iʼxek osik.
x ink ikot aw um al.
riim ulxum ajri anim, xuy akanl ekok.
kʼo ojcheri akʼ al.
x ujbʼep aj unkʼul anem.
utzw ekw ar al aq.
k aqil ochin ak oj ukʼ amt aj.
xret aʼm ajchirukʼp akʼk ut ijwi.
sibʼ al ajxinkʼ aʼn arik.
x ink ochijrinuw a.
m ank atkow int ajk atch akunik, wem ankʼot ari ajil abʼ al.
wew ononxubʼ ijchike :- k ixinto.
ri al animk rilw iri um am.
xk aʼychi rij, xk aʼy chuw ach, m akʼot achij unk silobʼ ik, xoqʼ ikx uxeʼjribʼ xchʼop inik xtz alijl oqxuriqt achikriubʼ e.
kʼ opuscheriw a.
p inemn akabʼelew atz, k imbʼew iinp ak aʼy ibʼ al.
rin ant oʼnnimw in aqchik, s aq uwiʼ, r on ojel aqʼ abʼ utzk un aʼok atʼuy iʼp autem, kum iqʼis ajribʼch oriqʼ ij, kʼoj unuw iʼum amubʼ iʼ ateʼk.
m anekʼit ajriq ul aʼ.
qʼ al ajchin akaw ajt ajk abʼ ij
xp aqabʼ is axr ajilr on ojelrik em.
kʼ op arij ulrikum atz.
r on oj elqʼ ijk inchʼ ajl enuw are.
saqchik anl eich ajrechk atz ako.
chuxeleq achom alk aq at ijw ij unq am eqʼ in.
ch awil aʼ.
ekʼ ojobʼumiʼ al, ri nut at.
j asrukʼx aw ilwi
jeʼj asriw in aqrechriuw achulew, xoq ujeʼkep en ariʼrieʼ areʼche erechriuw achulew; jeʼj asriw in aqrechrik aj, xoq ujeʼkep en ariʼri eʼareʼe rechrik aj.
xint ijo.
k tzʼ ujuwrir achochrip oʼx.
xuqʼ iʼo areleukʼ ulelxy aʼowuw a.
ri aw elxret aʼm ajchir ajaw axikm ank uxejt aribʼ cherituk ur.
j ukʼ ul ajw in aqxeʼ anim ajbʼ ik.
jeʼ,x intz al ijik.
x ojp etikxolq akʼ am aʼ.
m ajj achin xʼek.
in ajt ij; att ij oxel.
s aq uwiʼrit at aʼ.
w echrikem.
leroʼchle ateʼkkʼ ochw achleukʼ ayl enun an.
kbʼep arisiriʼ aep aris ilisiʼa, jaw ijeʼkuy awirik ichuqʼ abʼrikom onty ox.
p ixabʼ: m anutzt ajkʼ axk ujchʼ awchik ijnikʼ ajq achil.
xk un at ajleali(k um alriixoq ibʼ) .
rixibʼ ibʼ alchikʼow ip at aqriq akʼ aslem alr on ojelqʼ ij.
n ak ujw art aw ar al.
onchekkʼ ojiʼriutz ilchix oʼl, arechj un amriq ak oj onik, j un amriiw echixrukʼ riw echin.
p aoxqʼ ijris aʼnk bʼ en arukʼri ajk un.
k aw in aqw uqubʼ.
j ask aw ajk int ijo?
wet axatbʼ ewukʼp alet in amit, xal oqʼt al aʼleuj ast aqleakʼ ajol.
k ebʼep aw aʼim.
xin l oqʼ kʼiw a.
p aj unnimkʼ acheʼl aj, kʼoj unkʼw aʼsibʼ al ajs aqlol oj,nimuw ach.
kw ajk at ijj ubʼ aʼw a.
r on ojelw in aqkri ln ariukol onemrid y os<unk>.
xkʼ otoch inchikiw achchik inw aʼ awukʼ
kw ajn ak atʼet aj.
l ax al oqʼj un al ej?
ekʼ orieloqʼom anel.
riuk abʼ ubʼ iʼrinum am arey ay.
k inj opijri ij aʼrecht riko.
xn aʼt ajchkexe at inik.
x ateʼq il aʼ.
k akit ijal anx axriw in aq.
. . . k inbʼ ijchi arew aʼsinxiʼ an.
n axinn abʼ ejt achut asikq akʼolibʼ al.
rum alrechchew eriin,k inchʼ awrukʼ rid yosp achʼ abʼ al, kchʼ awn akʼuriʼriw uxl abʼ alrukʼrid yos, kʼ atekʼ utm ankʼot aup at anriʼch rechri nuchom abʼ al.
xep et ikxk ilo.
x ut awek atʼek.
utz uk emiklep asch awe.
rinuw akaxxut ijj unqʼ oqʼrum alriʼxk amik.
rum alrikʼ ix, m ankew aʼt ajriw in aq.
xeʼ ulik.
qʼ eqrijri am aʼchij.
xr ajk aʼeleun an.
j un amk ij un abʼ.
n aqʼ al ajt ajwek aʼek.
riw ixn amchʼ ajchʼ ojrir achoch.
w ar alm ankʼ ot aj aj aw al.
n aiw irt axril lekʼ amolbʼe.
xinp eloqt ekʼuriʼx intzuk ujr on ojelri nur ajil.
ri ajt ikonelk utikritz ij.
kʼo ekikʼ ajolle achij abʼ.
k ut ijqʼ ayesriixp aʼch.
p ariw aʼbʼ alekʼok aw in aq ach ijabʼ.
sip ojin aqrin up am.
kay aʼt ajikrukʼ utiʼ onemj unriuriqom ley abʼil amol otsetsé xuq ujeʼ arek ay aʼt ajp at aqrij uy ubʼ.
j ach inri achi?
rinum amxk amik aret aqkʼoj umuchʼl aj uj uj un abʼ.
k inkow inikk inkʼ ambʼ ilepw aq.
k inw il ochiutzri ajiʼ.
xinqʼ ilri ap oʼxchem ank achak unt aj.
kw aʼchiuw achlet aqʼ ajri am aʼ akʼ.
riim ulxep oqʼ ikp aj unikʼ.
xkʼ isk anoqriq ach ak.
areri alix ojilowk an oq.
sibʼ al ajchʼ uʼjri am ax.
kʼ onuw achiʼ.
inch ajinelk echle akʼ al abʼ.
xek osletzʼ iʼ.
k inbʼ enakukʼrim ol aj.
r on ojel aqʼ abʼk iny itzʼ riw ak ax.
kar ap inikx utzuk ujchij un aw aj.
leuk emikl ep as anin aq( aw um al) .
m ajur ajilleqʼ abʼ arel.
kʼ axriʼrik achʼ awik.
xoj ut aqchiʼjle achichul oqʼikich aj.
sibʼ al ajkʼ axrixkʼ ulm axik.
xk il ochin akinkʼ oxom ajt aj.
xn aʼt ajchk echixeat inik.
xkʼ otoch inchikiw achchixoj alwoʼq ak ukʼ.
j unqʼ uʼqr ajilrik axl aʼnw a.
xinw ilochixeʼ elik.
ekʼoixoq ibʼp alekʼ aybʼ al.
m ankʼot ajukʼ isikrim ay abʼ ajl abʼ alil.
risinkkʼ iyp at aqʼ aj.
richʼim am ank kʼ iyt ajp at aqʼ aj.
r aj aw axikkj ikikriw aqän.
k aw ajk inʼek.
ekʼ ooxibʼ akʼ.
xubʼ ijchw ej awi atkʼ owi.
chweʼqk ujbʼeʼp am uq uj.
p as aqkʼ ajaʼkbʼ anw iriuq.
xojk isikʼ ij.
xinw ilw ibʼ.
ch aqʼ chikriw a.
k imbʼ en akap alew oʼch.
k aw ajk inʼek.
richʼ uʼkt ijrukʼ lej.
p arikiqʼ ijk amin aqibʼkbʼ anqʼ orikʼy aʼrech aj:n abʼerin ank utzuk ujk anri aj, kuj achʼoʼxuq ujekukʼ eto.
j ask ajbʼ alch anim?
utz uchom anikri ali.
p ariqʼ ijoxl aj ujt ijaxk inkʼ iskebʼj un abʼk inchak unw ar al.
sibʼ al ajk o,rikʼ akʼchʼ at.
j ask ar ajkubʼ ij<unk>?
richʼ ichʼk asil abʼ ik.
p aojerqʼ alpulx aqxuw irinimw in aqkekʼ amowbʼe.
leuk un axikleuk abʼukʼ utunik arerukʼef lornit in aonut unibʼ axikl enifurt im oxchiʼlef lornit in achecht .b.g.
areri achix inchʼ ay ow ik.
j un achiubʼik uʼxusip ajk ebʼkʼ aʼm ulewrechk abʼ anrit ijobʼ al, k amik, kʼ ochik ajt ijrechrik om onxechp up.
xum alty oxijcheri ajt ijr on ojellexukʼ utchiuw ach.
p aribʼexk ir aqj un al ajimuls aqrij, xk ikʼ ambʼ ik.
xr ill ebʼ ale al a.
j ask ubʼ ijchwe?
leuk un at ajem arerukʼ utzuk uxikl euchik opilp aj unus olik uxeʼlekikʼ onl ejaʼrechj unn odo.
utzw enutzʼ iʼ.
jeʼ,t ajink ach ap onik.
k inul oqʼ ojlenut at.
k aw ajk imbʼep atin amit.
arel aʼk inch akuj.
rinim aʼqt aqw in aqkʼok et aʼm abʼ al.
wet axatbʼ ewukʼp alet in amit, x al oqʼt aw aʼw ej ast aq.
rikikʼ aslem al.w aixim ulewx aj unchim aaret atinim itrim a
riukʼy abʼ aln ajup am.
x atq ajchiup am riil.
n oj imk atw aʼik.
wekʼoj unkt uq aʼrik, ¿l am anxoq ujeʼt ajk int uqaʼrri in?
oj ojwok olj a.
aw askbʼ ankʼ axchej unnimw in aq.
xinchʼ aw ap anrukʼ lew an abʼ.
kʼ axriup am rij uʼl.
t aj inkew aʼri imul.
l ak ajl ak ujtz al ijl a anin aq?
rum al rechcherim ak ajm ankʼot aukow inemp iw iʼriix: riixm anixkʼot achich uxeʼrip ixabʼ, x aneixkʼ ochuxeʼri sip anik.
n imr aqanl echeʼ.
x inch ap o.
arel etuʼr lel oqʼom anel.
xask atkʼ ojiʼchiup am richʼ ichʼ.
sibʼ al ajnimr aq anrikʼ am albʼe.
letzʼ ibʼ abʼ alw echin.
in x int oʼwl a.
xajekʼ uriʼriixk am ikriʼm anixk axl anw in aqt achik; riix,ix rechrik it inim itriety oxl ajt aqw in aq,i xrechrir achochrid yos.
xint ikoxl ajkʼ al ich aj.
k aq ariqq ibʼ chweʼq.
sibʼ al aj utzcheriw iʼ ajrit uney.
w en aj up ulikt axeq ajik...
x int oʼt ajcherin uch ak.
kʼ ojunchik opubʼ iʼp um.
p oq on riik.
xojbʼ inik.
xuchʼekr on ojell eret am anikxp aqiʼkkʼ axkwʼ inikxubʼ an ajk un.
k elubʼ ikp arijudeʼ aektz alijchiubʼ ijumulp arig alil eʼa.
xin axibʼ ijp abʼe.
j eʼlkʼ olemchi aw achoch.
r on ojelriy aʼt alilp aweqʼ at aj,tzʼ aqatkiw ach, m anktz aqt ak anoqxuq ujeʼm ankt ast aj.
xuk un ajley aw abʼle ajqʼ ij.
chit at abʼ ejj aslek imbʼ ij.
chʼ an alri achi.
p abʼ okoʼk ach akunw irit ax.
ujkʼ op auw uqqʼ ij.
kiʼriuk abʼri aq aj.
kʼo rach alalp atzʼol ojcheʼri peʼl.
xk ilochik inkʼo xom aj.
riukis akʼ utzky aʼikchi uxeʼrit ikoʼn.
aret aqchiʼk aqʼ anpuw iʼrijuk ubʼ, ri achich exkʼ ojiʼriitz eluxl abʼ alrukʼ, kut achrechri areʼ, arechk kʼ ojiʼrukʼri areʼ.
n ak abʼ ant ajt awum al.
xn aʼt ajchkexe at inik.
x inp ajrin ut riko.
xeʼokrip okʼp arium exarip oʼx.
k aj uluwri aqʼ aʼlchi uxeʼritʼ uʼy.
aw echlej a.
x ujbʼ ep atz urik.
n abʼ exatop anik.
riuk abʼ ubʼ iʼrinum am arey ay.
uw ajxaq uk akʼ alt aq anik( 2 8 ).
m at akʼoj unk ak an ajk anoq, q on ojelk ojbʼek.
enim aʼqle alt om abʼ.
n imuw achrip oʼt.
k oj onikp ariutz ijw aixim ulew.
j asxukʼ ambʼ iletzʼ iʼxaw ilo?
xinp et ik, t at.
r ibʼ el ajuw ach.
chit at abʼ ejj asrik imbʼ ij.
jeʼlk un aʼri abʼ ixchiup amriq uq ulew.
k inbʼ is ojuw achlew al.
x ut ʼuy ubʼ aʼ.
nimri aweqeleʼnx ariqo.
xin eʼw aʼoq.
chiʼkew arwile akʼ al abʼ.
rinum iʼalxut aql oqj unt aqoʼmw ujchiwe.
qʼ eʼlik, rich ajp aribʼe.
l autz aw ach? - utzm alty ox,ekʼuri at ?–utz m alt y ox.
xink osrum aln uch ak.
kbʼ ekukʼrieʼ areʼektz alijp arin as aret ekeʼunim aj.
rij ojxukʼ ambʼikri akʼ.
kʼ ochiw achiʼlch anim.
kubʼ ijchechn aʼlk abʼ ancheri atzʼ ibʼ.
e. . . ink aw ajk atz j ojbʼ il achwe.
m at axiny ajle ali.
j achinrukʼk atbʼ ew i?
kʼ osibʼ al ajet aʼm abʼ alp arim ay abʼnoʼj ibʼ al.
em anxorij up uqk ej.
k asumumrik aqiqʼ.
ekʼok ajibʼ akʼ al abʼp alebʼe.
jeʼj asriut atkk aʼy ik.
xaq atm oloneltz ijt al.
l enut atk al oqʼ onchwe.
x aqt anekimbʼ eiw ukʼ.
xret aʼm aj uchʼ ajik.
rum all aʼxk oj“x alqʼ at”cheubʼ iʼrikom on.
areleuk emikp as xret aʼm aj.
riw at iʼtk ubʼ ann ariup at an.
kʼ akʼlep oʼt.
ret aʼmuw achj achinxl oqʼow rip as.
k enchʼ abʼejle akʼ al abʼ.
y aʼt alch aqeqon ojelriujw in aqutzk aqil qibʼ.
xk otiʼp aqʼ ayesxoqʼ ik.
k aw in aqbʼel ejebʼqʼ at aj.
ekʼok ajibʼr alriimul ,j uns aq, j unqʼ an, j unqʼeq, j unqʼeq oj, sibʼ al ajk etzʼ anik, kechʼop inikri al ajt aqimul.
kch ololri ach ach al.
k et ekikri ikʼ.
xep etikrechk ew aʼiw ukʼ.
tz atzri uqʼ anilri akʼ.
xojtz al ijikxixeʼq aqʼ at ujk ukʼ leit at in an.
riy oʼxt aqakʼ al abʼk ekikʼuxri atzʼy aq.
weachiw exusip ajj unp oʼtchwe xk am ik.
kk ow inrik un anelchek un anik.
xj iqʼp arip olow.
xarum alsibʼ al ajr ajaw axiklel oqʼ al ajj aʼ, lew in aqxk ibʼ ij: chew eikʼriʼq onojelk ujbʼ echeut ikikt aqcheʼ.
riun anerierach al alk epeul oqrukʼri areʼ, kʼ atekʼuriʼ, m ankekow int ajk eqibʼuk oqrukʼ, rum al rechcheekʼ osibʼ al ajw in aq.
rum alrech, chem ankʼot aj unkk ow incheuk ojikj unt ikibʼ alilchik chuw achrik ojomchik che arerij esusk risto.
tekʼ uriʼxutzʼ ibʼ ajribʼp arinim al ajt ijobʼ alrech ajk uʼn.
k aj uluw richʼum ilch aqʼ abʼ.
kʼ isbʼ alk an oq, xoq ujeʼkk amri ixoq.
le al axok ik.
kʼ opw aqp auwiʼrim exa.
arek aw ajn akinʼet aj.
riy awalkuk ojri alichi uxeʼrich ak ach areusuʼt.
n ak aq akʼ amt uʼbʼik amik.
ri ajt ijk ubʼ ijchike: r ajaw axikkeq ach ajijri aw aj, areut ikoʼnri ajaw.
x int ijm uk uniw ir.
kʼ axleuw iʼt aqlenuqʼ abʼ.
xinl oqʼj unilbʼ alw ibʼ.
w aʼw eqʼ ij,nimubʼ ant ajik.
riuxeʼ alriq atin amitm ank as acht aj.
xojbʼ inik.
ri ach al alj un amk iw ach.
xinw et aʼm ajrilikw ibʼ.
nim riun aʼojw ajt ij.
m iqʼ inrikʼ ul.
ajqʼ ojomri ateʼk.
cheles anik cheʼkbʼ anw iriqʼ ojom.
k apele awelp an aw alj aʼ.
rimes onelt aj inkch ak unik.
utzch aqekaq atoʼq ibʼ ,t aqkʼokʼ axkʼ olil, k atew echiʼnri ajawp aq aw iʼ.
x awilo, xqʼ at anl eibʼoy.
x atk owinikx abʼ ano.
k iʼrikʼ awex.
k aj ililribʼ e.
le al ixelbʼ ik.
areʼxr ajxinbʼ ano.
nim we abʼ aj.
jeʼlik utiʼjol alris aqk oʼr.
n oj in aqrik ej.
wek at ij anxuxm ank atut oʼt achiuqʼ atixikl ekʼ akʼy abʼ ilcoron avi rus( 2 019-ncov) .
n animt ar aq anw aʼw echeʼ.
utz al aj ajch ak, riw el.
¿j amp aʼk ujbʼ ep anim aqʼ ij?
r ajaw axikt anel aʼk atch akunw ukʼ.
x ut aq chiʼjp aw ar amp ulew.
m an aret ari axw anxel ik.
ri aw ixxul oqʼr achochre nim al.
are ri ixoqx insikʼ inul oq.
richʼim akʼ atʼ onn a.
l axibʼ anleich ak?
kʼ itin amitekʼ op achʼ oʼj.
kʼ oj up uqchijchi uxeʼrich eʼ.
riuxaqri abʼ ix areuw arik ej.
k aw in aqqʼ at aj.
l ak ixpep at ijobʼ al?
wekech ajixt aqlekʼw aj ach akinbʼ ij; j un alikkʼ ojaʼxuq ujeʼsibʼ al ajs aql ol oj.
xr et aʼm aj.
ri al abʼomri alitom abʼt ajinkik it ijojk ibʼ rechsut aq, arek ak ajk ikibʼ annim aq achij abʼchup amrikikʼ aslem al, xuq ujekʼ ochikj up uqbʼ ixonelchup amrikom on.
l atzʼuw achribʼe.
kʼ akʼri achʼ ichʼ.
q on ojel uj,ujm ay abʼt aqw in aq.
n ojelqʼ ijri at iʼxk uyuqʼ ujlet aqaw ajjel aʼp anikʼ ajj aʼ, chi rijrij uyubʼ ubʼ iʼten aʼ.
p aqʼ omchikris iʼ.
k intz ukunchel a.
k akit ijlek in aqʼ, leich aj, leuw aʼl ikrukʼl ej.
xek an ajk anle ajch akibʼ.
k etikonri achij abʼ.
sibʼ al ajitz elubʼ ant ajikrichʼ il ak an.
ri at eʼkxum alty oxijcherir atiʼt, rum alriutz al ajn oʼjibʼ alxukʼ utchech.
kk am ulixuch akri abʼ ix.
l ax inutz uk ujl et ij oxel?
areʼk achak unr onojelqʼ ij.
leekʼ aʼn at aqtzʼ iʼ.
s aqr ijrip l amux.
j asx aqʼ iʼox at ijo.
j asrukʼxk ich apw iut ij iklerik il?
wek at at inrukʼkʼ at anj aʼm ankuqʼ at ejt alekʼ akʼy abʼ ilcoron avirus.
l ak atbʼ inp aleuxl anbʼ al?
l aw ar alkʼ uxixw aʼwi?
arel enut atk inl oqʼ onik.
t aj inkch akunri al a.
kʼ orikiʼk otem al aw ukʼ.
xut aj achink aʼek.
x atw aʼikxinw ilo.
xtz aqrir achochrum alrij abʼ.
p al ej unikʼchik arenim aqʼ ij.
ek ebʼ ämk ebʼ inp auw iʼritem.
m emri achi.
riwik anch aliʼyk elp aj uy ubʼchw itz iribʼ al.
ler ajil, l ap aj axel aqʼ axw uʼbʼ ik?
p aris uʼt pis omw iril ej.
k ojp etikk olq akʼ am aʼ.
t ajink atchʼop inchiuw achrit aqʼ aj.
leqʼ orxchʼ uqik.
kʼ axw aʼim awum al.
k inbʼ isonchelew al.
sibʼ al ajkʼ okʼri aw atzʼy aq.
k amikx ujbʼ echeut ikikt aqcheʼp arij uy ubʼ.
k inul oqʼ ojlenut at.
ch aq iʼj chikrich aj.
xy ilixh aw ayi.
n axn aʼt ajt achk echixe at inik.
rukʼkʼuw aʼw eriʼ, riixkkʼ ojiʼj unutz al ajikʼ aslem alriʼchkiw achriw in aqchem anekʼot aiwukʼ, kʼ atekʼuriʼm ankʼot aj unw in aqriʼr ajaw axikchiw ech.
ep et in aqp abʼ eler ach al axik.
k ak ajleakʼ al abʼkew aʼik.
x ujchʼ aybʼ ik.
rinuch ak areqʼ axeltz ij.
kʼ on aruxl abʼri aw aj.
t aj ink ell oq, riqʼ ij.
xuqʼ iʼoxk ams axri rach al alchoch.
rinum am arekʼo uqʼ inom al.
xkʼ ulm at ajj umul, xubʼ anj unnim al ajj abʼ, m anxbʼey et ajt an axukʼ isleuy uqʼchike.
am aʼrin utzʼ iʼ.
j ew aʼk atp etik.
xink osikrum alx inch ak unik
iw echchij uj un al, riw a.
xuqʼ iʼon axat at int aj.
inriqt ajin aqp arikʼ ayibʼ al.
n aw et aʼmt aj.
kʼ axlenuqʼ abʼ.
utz lexubʼ ijle achi.
k em atzʼ ibʼ.
kʼo rach alalp atzʼol ojcheʼri peʼl.
r on ojelw aʼw ejast aqriʼ, x asks achwiuw achw aʼ; rukʼw eriʼ, riix, r ajaw axik chekʼoj unty oxl ajikʼ aslem alekkʼ ojiʼriichʼ awemrukʼ rid yos,
xm uqt ajrip atzʼ an.
richʼ ichʼtz ijomk anoqp ariukʼolbʼ al.
m ankʼ ot auchol ajp at aqri aw uj.
j achik eikʼle unim aqʼ ijlet in am itn aw alj aʼ?
xep etikxolk ikʼ am aʼ.
k achuqʼ chutrij aʼchi ap am.
xinbʼ ijiw irchixebʼ ep aarm it a.
areʼuxeʼ ojertz ijwar alkʼ icheʼubʼ iʼ.
xkʼ isrin usiʼ.
j aw ixk ibʼ ijw ichik eʼewi?
¡ x ajekʼuriʼ, j achint aqriekʼop arij udeʼa, chich animcheʼ anim aj ubʼ ip at aqrij uy ubʼ,
kʼ akʼri abʼ.
l akʼ oj unn ak akʼoxom ajt aj?
n autzt aleutʼ isoml ealm ariy.
m any aʼt alt ajchi awek atokp aja.
jeʼ,x atutzuk uj.
arek elw ajxaq ibʼ uqʼ ijrixkʼ ojik.
rixunk urkkʼ ojiʼp at aqrit riko.
x ins achik.
x ut ʼuy ubʼ aʼ
n an ut omt aletz ij<unk>
w achʼom rikiw arin oʼs.
ekʼ ojobʼchʼ ilw akʼ.
r ajaw ixikchip at aqrit ijobʼ al, p anikʼ ajubʼ ixikchik
rir aj awrulew areʼt atk el.
wekʼ uxokik,w ekʼn axokt a
we achix usip ajj unpʼ otchwe.
at at ut aqoʼnl eqʼ at altz ij.
n aqʼ ant auw achleq aprut.
rixaʼrkʼ op auw iʼriqʼ aqʼkp oqʼ owik.
riroqʼ ejri al ijach akp ej un akʼ al.
kʼ ojun al ap at ijobʼ al.
s äq uwiʼrit at aʼ.
riw itz ikʼt ajinkp el oq.
jaw ixs achonwik anuy aʼikl epw aqche.
utzwe achiw exink un anik.
q on ojelk ujw aʼp auw iʼrim exa.
rik axl aʼnikm anp oq ont aj.
inx inbʼ erukʼriw achiʼl.
sibʼ al ajj eʼlxk iloxek itz oqop ijrik ichijchil aʼ.
k inbʼ inikx inʼek.
kʼ axkʼ olik, k ach aʼ.
k ut ij iximri akʼ.
ri al ixchel, xuq ʼiʼox aj un akʼxsip axche.
xq asikʼ ijleixoqch utz ak iksubʼ.
m at axabʼ ins ajlechʼ ichʼ.
rip ixtzʼ ar al ikrum alri eqaʼn.
¿ j amp aʼk elchi3 %
kʼ oj unnukʼ otojchiʼ aj.
t aj inkew aʼk atri al abʼom.
xinl oqʼ lenukʼ akʼ ap oʼt.
n autz akikt asubʼt aj inkuʼ ano
xoj ut aqchiʼ ijxojw aʼik.
iw echri abʼ ix.
s aq rijrich ij.
ajs ikcherit in amitk elw irit at aʼ.
- ¡ay !x axintz aqul oq, kʼ axwew aqan.
xkʼ ulm at ajp aj unkom onchiʼuw achj unj uyubʼ, xuriq aj unqʼ ijxk iriqk ibʼj unim ulrukʼl ekok.
jasx at aqchiʼj leakʼ alchut ijik?
xinch apos uxul oqʼo.
qʼ inomri achi.
rikʼ umkt ijowrukʼk abʼ.
t aj inkej achʼ anik.
tz ebʼ alukem iklep as awum al.
arek ay oʼwleuchik op illeubʼ ant ajikt ryp anosom ab rucei.
wek atnim anikutzk elik.
p er on oʼjim alp etn aql oq,.
arel enuch akj untz uqbʼ alw ibʼ.
xk un axley aw abʼrum alle ajqʼ ij.
riukʼ uʼxtzʼ ibʼp aq atz ijel aj uj.
sibʼ al ajj eʼlikri eqabʼ alxubʼ anriluʼs.
sibʼ al aj atk on.
em anxorij up uqk ej.
n axn aʼt ajt achke xe at inik.
rikʼ am albʼexubʼ ijchike, chim ajari anim.
j um uchʼrinuj un abʼ.
qʼ ipt ajin aqrir aq anritem.
kchak unrukʼ rijosbʼ alcheʼri aj anel.
xat aqchiʼj le akʼ alch ut ijikk ar.
ojkʼ op aleroʼchle aw el.
¿l ak atp eq ukʼchweʼq?
lew in aqp alechʼ ichʼ etʼuy ull owi.
xk an ajk an oqchi uxeʼrij abʼrichʼ aʼn.
nim rija.
w et axak un ajle at atm at axk aml aʼ.
n anukʼ amomtuʼl ariʼ.
chq anukʼ uʼriq atz ij.
k imbʼep alet in amit.
xinqʼ iʼon axin at int aj.
r ajaw axikk akʼ am anch aweleut ijiklel ej.
kʼ isbʼ alt aq noʼjibʼ al.
xin eʼw aʼoq.
xk ibʼ ankʼ axcheleuw os aqrum alm anutzt achikak ay ik.
riqʼ utuʼmm ankecht ale akʼ al abʼ.
aren animt aleatzʼ iʼchuw achl enutzʼ iʼ.
xep etikxolk il aʼ.
¿j awchiʼx at aʼchexk amrium amrip oʼx?
ek ebʼkekʼ ambʼikp at uj.
xinl oqʼj unj ap ariwok ajj a.
ri axt uʼbʼ, kʼoq ul ajchech.
j ask ar ajk aʼ anchutz akikl et iʼij.
xut ij lew a.
xim bʼ alretz ij.
xp axribʼ oʼj.
wek aw ajk at intoʼox aqxuwik abʼ ijchiwe.
j asnukʼuk uchʼobʼo.
j ask ar ajk ut ijo?
xexruxl abʼririk il.
enitzʼ aʼqlet aqimul.
wet an einxinbʼ anowik, arel eateʼkxbʼ anowik.
k intz al ijp al enut in am it.
rinuch aqʼkʼop auroʼqʼ at ojt ijonikp arit ij obʼ al.
xin xiʼjw ibʼx inchʼ awik.
kʼ ochw aroʼchlep are.
chir aq ank abʼ inw irit at aʼ.
xs achonk anuy aʼikl epw aqchech oja.
xinqʼ axchik ixoʼlriw in aq.
k etik onik.
ri ulewm anqecht aj, kechriq at iʼtq am am.
xep elew in aqxolk ikʼ am aʼ.
x ul oqʼriw ujrum alri ali.
cheweqʼ ijk am ikkʼoj unnutz ij onemchi rijl enut in amit.
k ejriʼ.
xk un an al aqchwe.
k inusikʼ ijlenun an.
riim ulxuchʼ ijt aj, xk an ajp abʼe, rum alrinim alk uj al ujriimul, xutz aqri anim.
k ubʼ anriuxoqʼ oʼlri ajtzʼ aq.
ril asibʼ al aj utz chek un abʼ al.
kʼ ikiw achrieʼ ajch akibʼp arikom onty ox,kʼ atekʼ utx aj unchi aj awxel;
xq at achixat ulik.
k aw ajchik atʼek.
chʼ ut iʼnk ek an ajrix aj abʼchech.
k aq axiʼjq ibʼk aq ach apo.
ekʼok ebʼukʼ ajollet atxw an.
l uʼsubʼ iʼrirech am.
ajchiuw iʼm iqʼ inj aʼril uʼ.
xiny akanl enuchimp akʼ aybʼ al.
kʼ atexrilo, xp eriun ancheutzuk uxik, xk ikotik, xus al abʼis ajrit aq uxk in.
xkikʼ utchiuw achri ajt ijxuq ujeʼchikiw achrit aqnikʼ ajk achil.
utz len uqʼ abʼ.
k ulle alw eʼlp aaust inch aqʼabʼk amik.
ri ateʼk xtz aqloq arechikʼop auwiʼriqʼ aʼm.
ajp at an riteʼk.
x atq ajchiup am riil.
l akʼ otz ijn akikʼ oxom ajt aj?
xs ach onchk echixe at inik.
r on ojell eulew ech al aq.
l axebʼ ekʼul axeʼkij aq akʼ uleuchiʼj a?
x aqk atchʼokn ajiw ir.
k amikkʼ ochirij ast aq awe.
arechiʼk akʼ is rij un abʼkʼ oqʼ inom.
p an aw alj aʼxin alexik.
n axint at ajwe areri akʼ alk ixtz uq uw ik.
¡ rulewris abʼul on erulewr ineft ali,ubʼ erip olow, rulew rijord an,g alileʼ akechrij et aqam aqʼ!
r ax, r ax, r ax, kʼokʼ, kʼ okʼ, kʼ okʼleruxl abʼl et aqt ik oʼn.
achix atw ilo.
p aqalr ajillep ixk amik.
xojbʼ inik.
p aj unjeʼlt ijobʼ alk ut ijojribʼj un akʼ al,ubʼ iʼpoʼx, utzk urilokep at ijobʼ alr on ojelt aqqʼ ij.
xw ajchix atʼ et aj.
utzl aʼlexubʼ ijle achi.
w et aʼamj achink apet ik.
k inqʼ ojom anik.
xinqʼ iʼot akʼ alikxinp etik.
areʼret aʼmchek in op anik.
aret abʼ aleq aq aj awch att oʼw ik.
k aw in aqw aqibʼqʼ at aj.
n aq ajchik cheriuw aqk ajbʼ al aret aqchiʼks achuw achriqʼ ij, k okriqʼeq uʼmchuw achulew, chikʼ ateʼn aribʼel ejebʼk ajbʼ al.
jobʼr aqan ritzʼ al amxep or oxik.
sibʼ al ajk orijrim op.
arew aʼ.
jel aʼp aritim initchwik aby okrechxel aj uʼ, leq an anq at atk akitik ojeʼl al ajt aq uw achich aj.
kʼ axn uqul.
xuʼ lukʼ am aʼ.
k oj ulk itz uk uj.
arem ankʼ axt auk un axik aret aq anin aqk aʼilit ajwey abʼil alxuq ujeʼmojoʼq akuy aʼlekʼ axkʼ olilch echlejolom aj.
riw elkʼop at ijonik.
k aw ajk inbʼ ij.
rik otzʼ iʼjkq ak ojchiup am rija.
qʼ eqqʼ ojrijri am aʼkej.
n axw ajt ajxinchʼ awik.
chp et abʼ aleloqʼ al ajj abʼ.
xs ach onchkex atk is ikʼ ij.
el eqʼ alchʼ ichʼ.
jach inxaw ilochi arext ijowrit iʼj?
m at ak abʼ elenuxbʼ alp alet in amit.
p im ruq, ri ali.
¿ kʼ orim uqʼechi aw ech?
kq abʼ ijm ankekow int aj.
k int ijn a.
kʼ ojunq atʼuʼyp aj a!
kʼ op ujchiup amrichʼ aʼk.
aret aqk ink osikk inw arik.
x atw aʼikxinw ilo
inx inchʼ ayow le achi.
k on ojelri al axikk eʼetzʼ anik.
j asrukʼxk it ijw ilek irik il?
an in aqilk atp et ik.
n ar axt auw achlej uy ubʼ.
ritzʼ al amtzʼ ibʼ abʼ alr axkk ayik.
wech atch ak unik, kʼo aw a.
m aʼt amx atp echeriw aʼim.
k am ulk inw aʼn a.
risik ilkt ijowrukʼ ik.
k imbʼe aqʼ anrukʼle alt alin.
x ojʼekxeʼq il al arq asok.
xekiqʼ ill eajch akibʼxk iwokl eja.
m at anexw ajlekʼuhj nemrukʼ leat eʼk.
arexeʼop anchi uchiʼrij uyubʼ, xk ilochim anq ast akʼoqʼ ayes.
kʼ atekʼ ut, rij esusm ankk ojont achkechri eʼ areʼ, rum alrechchek on ojelret aʼmk iw ach,
p aʼtz rijritzʼ iʼ.
j uw in aqw aqibʼqʼ at aj.
at el aqʼ om.
xaq atjoʼs .
riqʼ atzu, areqʼ al ajriuqʼ ijil.
ajch akwe al a.
ubʼ elejuk akʼ alt aq anik( 2 9).
k ebʼnubʼ iʼkʼ olik.
l ak atz al ijl uʼl aanin aq?
k atzuk unl achwe.
l ak ajl akojbʼ eʼp alechom alchw eʼq?
xinn abʼ ejchut asikq akʼ olibʼ al.
l al x int oʼw ik.
sibʼ al aj anoʼjibʼ al.
x ojp etikxolq akʼ am aʼ.
sibʼ al aj jeʼl ikriuw aʼlriich aj.
kʼ axw ijrum alinp ach alik.
aret aqxukʼ ulm ajw aʼxul riuchom anikxubʼ ij: areutzw aaqʼ abʼk inw al ijik, arech aʼch animk inop anp at ijobʼ al, m ajchik inkʼ ulm aj.
oj ajx ojolobʼp aaw asqʼ ij.
xins achch eleuwok ik l etz ij.
ej ul aj uj ri akʼ.
xut aj amp aʼk ojʼek.
q ilik.
rit ijoxelm an aret animchuw achrir ajt ij. ri utzt ijoxelq as jeriʼkʼ olikj asrir ajt ij.
in x at inchʼ ay o.
n oʼj imch akw um al.
chʼ urrij ochʼ.
ink inbʼ ijn ak ats acht aj.
ujm ay abʼ.
ri abʼ ajy atz alik.
t aj ink epixbʼ axri akʼ al abʼ.
ch omri aq.
xinw arik.
elem enk on ojelri akʼ al abʼ.
t aj inkqʼ an arikriwe reʼ aj.
leuk emiklep asutz ( ch awe).
xuy upubʼ auw achr aʼchi,k ach aʼ,.
ris at an askokp arij ud as rikbʼ ixisk ariʼot echrech, ri areʼj unchk ixoʼl riek abʼl aj uj.
ch uchurip ar.
k inq umujrin uj ochʼ.
chechp unciónlumb ar am aqʼelr ajaw axikchech rilikleukʼ exbʼ emw ilen abʼ erukʼleuk abʼukʼ ut unemley abʼ ilal.
qʼ al ajchin akaw ajt ajk abʼ ij.
kʼ oqʼ olchirijri siʼ.
j aw ixojʼew ichul oqʼ ik?
kʼ oulochʼrit alin.
qʼ anrijri at iʼtn ukej.
l axtz al ijl aiw ir?
xesikʼ ixik, kʼ atekʼ uriʼxey ajik, xuq ujeʼxet aqbʼ icheusikʼ ikl emes.
l ak ixw arik?
arekʼ ulep alom axxubʼ ijche: - m amk atbʼ isont aj, k insikʼ ijnikʼ ajw achiʼlk er ap ap ik.
aʼre etijoxel abʼ.
ri al ajalis iʼlxubʼ ijxq ach app autz al rity ox.
xs ach onchk ej ach inxe at inik.
j as xur ay ijle an anx ut ijo?
xink osik.
r axr on oj elriqʼ ay esrum all ejabʼ.
k iny aw aʼw echʼ ichʼp inemn autz.
noʼj imup achʼ uxiklenuw iʼ.
n ajkʼow ilew oʼchchuw achl etijobʼ al.
ri okibʼ alkʼ ochiuw achris aqj a.
xenut aqchʼ ijk ekille akʼ al abʼ.
kʼ ojunqʼ oxowem chiwe.
tz arich oʼm.
w echojbʼ ep alenim aqʼ ij, k eqill eajxojol obʼ.
x ojʼekxeʼq il al arq asok.
ri ateʼkx ut aʼchechrin ant oʼn: -n anj ascheʼchim ank ajt al aq akʼ atis aj rijoʼq.
rip alsibʼ al ajxuʼy.
k ink ojrijokbʼ al ulew.
ink inbʼ ijn ak ats acht aj
atr ajk unlenun an.
kuq amuj ujoronri ajtz ij.
l uʼtzʼ al amubʼ iʼri achikelp anim cheʼ.
jeʼlik utiʼjol alris aqk oʼr.
kʼ ojunx aʼrp aja.
xinl oqʼj unkʼ akʼp at an.
kʼ axukem iklep as awum al.
an in aq ukemiklep as aw um al
richʼ aʼns achin aqp at aq abʼ ix.
r axt aql ekotzʼ iʼj.
m esomk anoqriup amj a.
m an aret ar al axk osik.
rikom onxechp uprechuqʼ abʼt in am itxoʼl abʼ ajrechqʼum ark aj.
l autz akikkʼ usubʼt aj inkuʼ ano?
k atel a!
n ax ut ijt aj.
xarum alket aʼmk on ojelriw in aqkkiq um ujl ej aʼ.
iw irx ujtz al ijl ap akʼ aybʼ al.
q et aʼmcheriq aw ak uj utoʼo.
ri ajt ij, ky ajonchik echri akʼ al abʼ.
j asubʼ anoml en uchʼut it at?
chw eʼqk inbʼ ep animt in amit.
utzw ekiwet aʼm ajj askubʼ ijrich olbʼ alqʼ ij.
t ajink at jil owcheuqʼ oxomjolom aj.
x int ikqʼ axchiuw achrija.
kʼ axlekibʼ elew in aq.
l oqʼk atk unt ajcheley abʼil( covid- 19).
rin uxibʼ alk elp aq ajbʼ alqʼ ij.
xr ilri axw anchixw aʼri al a.
le al ixk un at ajik.
w et ak apel ejabʼk amik.
xinw et aʼm ajchin axatp et aj.
ripw aqrechw eqʼ at ajriʼkes axchechrit ojbʼ alkʼ ay inem.
kt ijriuw aʼlikrum alrik inim aqʼ ij.
xuch ap uk un axik.
ch at anl oq al i.
xinx uliʼq aj oq.
jeʼl ikkt ijowrit aq ikox.
kʼ atekʼuri let atxoʼrx ubʼ ij, m ank aw ajt aj, m ank aw ajt aj.
kʼoj untzʼ iʼp abʼe.
k am ulxinp echeatzuk uxik.
m ant ajint ak inch ak unik.
k inchak unikrechk atw aʼik.
j asrukʼx awilw ichixkiq upijw il et iʼj.
j as ubʼ ixik<unk>?
k oqʼri akʼ al.
k aw ajn ak atʼet aj.
x at qʼ ajik.
wemn ach aloqʼ axiy al,n akimbʼ et aaw ukʼ.
xop anlew ujaw ukʼrum alw echin.
arekʼ utp alejuy ubʼkkʼ iyjor on, chil aʼxekikʼ am awirij aʼriw in aq.
k oqʼri akʼ al.
wekʼo ar ajilch akʼ am aloq.
aresibʼ al ajk aqle ap oʼtchuw achl enup oʼt.
xinkʼ ast ajp akabʼl aj ujk ajbʼ al.
k aq oyʼ ejn akixp et aj.
kok aximri chijx ajel aʼm ank anim ajt abʼik.
rikokn ojimxbʼ ek, xuchʼ ijoxop anp aukʼ isbʼ alille anim.
xojk iʼk otik aret aqx at ulik.
kaq itzʼn ajriuxaj abʼri akʼ al.
rij esuskw aʼk atp arinimr achochrid yos, chuxeʼrij unj acher achochris alom on.
wet aq anikriʼk ubʼ ijchir ajaw axikky aʼuqʼ ijriw in aqxuq ujeʼktoʼ anin aqil.
ri axux aren ariuk unelrik in aqʼ.
aret aqw aʼriuqʼ ijolw et aq anik.
kʼoj unt abʼ alp auw iʼrixk anulubʼ iʼl aj ujnoʼj.
y uʼlubʼ anomriuk olobʼrik ej.
x anim ajriakʼ alchiuw achriuch uch.
kk un anri achi.
k inw aʼikrechn akiny ow ajt aj.
aj xikchʼ ichʼril uʼs.
kw ajcheixk ixbʼ anow ik.
aʼ rexetoʼw al aq.
x ojʼekxeʼq il al arq asok.
xinl oqʼj unchʼ ichʼ, q ajin aq uw ach.
k utʼ isrip ant al on.
ej anip al eaw alkʼw alekʼ olik?
utz uk emiklep asch awe.
rim axare ajqʼ aniy aʼ.
m at abʼ achiriqkʼ axp al ebʼe.
t aj ink anim aj, rim eʼs.
ixixeʼl aqʼ om abʼ!
xs ach anchwe.
ekʼokʼ icheʼ, chiuw achrij uy ubʼ.
arew aʼrinim al ajp ixabʼe arew aʼrin abʼe.
xret aʼm ajchirukʼp akʼk ut ijwi
j asutz akikles ubʼxuʼ ano?
aj xoʼy riw ik an.
wet ane aʼrexet ijowlerik il, ar elekom onxet ijow ik.
sibʼ al aj anin aqk achʼ awle areʼch inuw achin.
utzw ekinch akuj.
m eʼsl aʼ.
kʼok anw arechk aq at ijo.
xins ikʼ ijl a.
ri akʼ alxs achk an oqjel aʼp at aqʼ aj.
xes ikʼ ijl a.
j aw ixk ibʼ ijw ichik eʼewi?
rum alche, m anixt ariʼrik ixchʼ awik, are riruxl abʼ axelriit at riʼrikchʼ awn aiwukʼ riix.
kʼ akʼriw achoch.
sibʼ al aj utzk inw ille atzʼy aqrechn a hu al a.
s aqp orkk ayrik ipoʼt rin an.
xs achonrin uch akchwe.
w aʼ imxuch ap o.
riqʼ aqʼt ajink ajuluwik.
n ajil up am risiw an.
ekʼoriq ach al alp achiuw iʼl a.
jasx at aqchiʼj leakʼ alchut ijik?
n oʼj imuk emiklep as awum al.
kʼoj unkuk ubʼ iʼt int in,w aʼlel ajk ukm amk ajeq it aj, k ap aqik axulikp auw iʼuqʼ abʼt aqcheʼ, sibʼ al ajs akʼ aj, keʼut oleenim aʼq, chʼut in, r achiʼl, ajsip anelsibʼ al aj utzr anim aʼ.
riup ixabʼl eqʼ atbʼ altz ijkiy aʼubʼ ixik.
n axs achont achke xe at in ik.
xeq illechik opp uw il eja.
xl oʼt ajri akʼ al.
q on ojelk ujw aʼp auw iʼrim exa.
xs ik irlew aq an.
l a x atw aʼkʼ ut?
nim ubʼ aqʼrit ulul.
k inxikʼ ikʼ ikxinqʼ axik.
l ak atbʼ ep alet in am it?
rip alsibʼ al ajs aqʼor.
k qʼ oxownuj alom.
xinn aʼochik atp et ik.
xl oqʼ ulewiw echix.
x inch ak unrukʼ rinum am.
n axq abʼ ant aj.
kkʼ ojiʼbʼ aʼriusip anikri ajawxel jesusk rist orukʼri aw uxl abʼ al!
k inchʼ awrukʼ lenun anp alechʼ awebʼ al.
sibʼ al ajqʼeq uʼmrum alrim ay ul.
ar eleb axul ik.
xek osl eixoqibʼp al ebʼe.
kʼ axrilikle akʼ alch awe.
xinqʼ iʼoxin atinp ajor on.
sibʼ al ajniml etin amit.
kʼ axukem iklep as awum al.
x ins achik.
t ajink elukikʼ elp ar aq anritzʼ iʼ.
xinw et aʼm ajrilikw ibʼ
riqʼ uqʼ arej unj eʼlchik op.
kʼ op aj at ijobʼ alriwik aqʼ.
ris achibʼ alm akr ajw axikchiq axoʼl.
jeʼ,k imbʼ ek.
j el aleʼrinupw iʼ.
x ubʼ ijche: -j asx abʼ anot int in?
k abʼ anj unt oqʼ obʼky akrin ujal.
k at ʼekx int a.
j asleukʼ exbʼ emribʼ lej unrukʼl ej unchik?
ajchiuw iʼm iqʼ inj aʼril uʼ.
rit ij oneln ajkp ewi.
teʼk ixchobʼ ubʼ iʼrinut at.
rijaʼk am iqʼikchiuw achriqʼ aqʼ.
ritʼuʼy kp aqʼ owik.
k inm esonn a.
n aq aj atkʼ owichiw ech.
xinbʼ isonikt aqn axatp ett aj.
wexk amriw in aq, ripw aqrecht ojbʼ alm ak ajky aʼchik echrir al axik.
rin un anxbʼ ep akʼ aybʼ al.
xoj ukʼ amul oqrechk ojrilo
xkʼ otoch inchikiw achchik inw aʼaw ukʼ.
n axkik ams ajt ajxkikʼ ambʼ ich oja.
kʼ akʼriikʼk amik.
ximbʼ erukʼle ajk uniwir.
ril ik.
l etzʼ iʼxek osik.
x ink ikot aw um al.
riim ulxum ajri anim, xuy akanl ekok.
kʼo ojcheri akʼ al.
x ujbʼep aj unkʼul anem.
utzw ekw ar al aq.
k aqil ochin ak oj ukʼ amt aj.
xret aʼm ajchirukʼp akʼk ut ijwi.
sibʼ al ajxinkʼ aʼn arik.
x ink ochijrinuw a.
m ank atkow int ajk atch akunik, wem ankʼot ari ajil abʼ al.
wew ononxubʼ ijchike :- k ixinto.
ri al animk rilw iri um am.
xk aʼychi rij, xk aʼy chuw ach, m akʼot achij unk silobʼ ik, xoqʼ ikx uxeʼjribʼ xchʼop inik xtz alijl oqxuriqt achikriubʼ e.
kʼ opuscheriw a.
p inemn akabʼelew atz, k imbʼew iinp ak aʼy ibʼ al.
rin ant oʼnnimw in aqchik, s aq uwiʼ, r on ojel aqʼ abʼ utzk un aʼok atʼuy iʼp autem, kum iqʼis ajribʼch oriqʼ ij, kʼoj unuw iʼum amubʼ iʼ ateʼk.
m anekʼit ajriq ul aʼ.
qʼ al ajchin akaw ajt ajk abʼ ij
xp aqabʼ is axr ajilr on ojelrik em.
kʼ op arij ulrikum atz.
r on oj elqʼ ijk inchʼ ajl enuw are.
saqchik anl eich ajrechk atz ako.
chuxeleq achom alk aq at ijw ij unq am eqʼ in.
ch awil aʼ.
ekʼ ojobʼumiʼ al, ri nut at.
j asrukʼx aw ilwi
jeʼj asriw in aqrechriuw achulew, xoq ujeʼkep en ariʼrieʼ areʼche erechriuw achulew; jeʼj asriw in aqrechrik aj, xoq ujeʼkep en ariʼri eʼareʼe rechrik aj.
xint ijo.
k tzʼ ujuwrir achochrip oʼx.
xuqʼ iʼo areleukʼ ulelxy aʼowuw a.
ri aw elxret aʼm ajchir ajaw axikm ank uxejt aribʼ cherituk ur.
j ukʼ ul ajw in aqxeʼ anim ajbʼ ik.
jeʼ,x intz al ijik.
x ojp etikxolq akʼ am aʼ.
m ajj achin xʼek.
in ajt ij; att ij oxel.
s aq uwiʼrit at aʼ.
w echrikem.
leroʼchle ateʼkkʼ ochw achleukʼ ayl enun an.
kbʼep arisiriʼ aep aris ilisiʼa, jaw ijeʼkuy awirik ichuqʼ abʼrikom onty ox.
p ixabʼ: m anutzt ajkʼ axk ujchʼ awchik ijnikʼ ajq achil.
xk un at ajleali(k um alriixoq ibʼ) .
rixibʼ ibʼ alchikʼow ip at aqriq akʼ aslem alr on ojelqʼ ij.
n ak ujw art aw ar al.
onchekkʼ ojiʼriutz ilchix oʼl, arechj un amriq ak oj onik, j un amriiw echixrukʼ riw echin.
p aoxqʼ ijris aʼnk bʼ en arukʼri ajk un.
k aw in aqw uqubʼ.
j ask aw ajk int ijo?
wet axatbʼ ewukʼp alet in amit, xal oqʼt al aʼleuj ast aqleakʼ ajol.
k ebʼep aw aʼim.
xin l oqʼ kʼiw a.
p aj unnimkʼ acheʼl aj, kʼoj unkʼw aʼsibʼ al ajs aqlol oj,nimuw ach.
kw ajk at ijj ubʼ aʼw a.
r on ojelw in aqkri ln ariukol onemrid y os<unk>.
xkʼ otoch inchikiw achchik inw aʼ awukʼ
kw ajn ak atʼet aj.
l ax al oqʼj un al ej?
ekʼ orieloqʼom anel.
riuk abʼ ubʼ iʼrinum am arey ay.
k inj opijri ij aʼrecht riko.
xn aʼt ajchkexe at inik.
x ateʼq il aʼ.
k akit ijal anx axriw in aq.
. . . k inbʼ ijchi arew aʼsinxiʼ an.
n axinn abʼ ejt achut asikq akʼolibʼ al.
rum alrechchew eriin,k inchʼ awrukʼ rid yosp achʼ abʼ al, kchʼ awn akʼuriʼriw uxl abʼ alrukʼrid yos, kʼ atekʼ utm ankʼot aup at anriʼch rechri nuchom abʼ al.
xep et ikxk ilo.
x ut awek atʼek.
utz uk emiklep asch awe.
rinuw akaxxut ijj unqʼ oqʼrum alriʼxk amik.
rum alrikʼ ix, m ankew aʼt ajriw in aq.
xeʼ ulik.
qʼ eqrijri am aʼchij.
xr ajk aʼeleun an.
j un amk ij un abʼ.
n aqʼ al ajt ajwek aʼek.
riw ixn amchʼ ajchʼ ojrir achoch.
w ar alm ankʼ ot aj aj aw al.
n aiw irt axril lekʼ amolbʼe.
xinp eloqt ekʼuriʼx intzuk ujr on ojelri nur ajil.
ri ajt ikonelk utikritz ij.
kʼo ekikʼ ajolle achij abʼ.
k ut ijqʼ ayesriixp aʼch.
p ariw aʼbʼ alekʼok aw in aq ach ijabʼ.
sip ojin aqrin up am.
kay aʼt ajikrukʼ utiʼ onemj unriuriqom ley abʼil amol otsetsé xuq ujeʼ arek ay aʼt ajp at aqrij uy ubʼ.
j ach inri achi?
rinum amxk amik aret aqkʼoj umuchʼl aj uj uj un abʼ.
k inkow inikk inkʼ ambʼ ilepw aq.
k inw il ochiutzri ajiʼ.
xinqʼ ilri ap oʼxchem ank achak unt aj.
kw aʼchiuw achlet aqʼ ajri am aʼ akʼ.
riim ulxep oqʼ ikp aj unikʼ.
xkʼ isk anoqriq ach ak.
areri alix ojilowk an oq.
sibʼ al ajchʼ uʼjri am ax.
kʼ onuw achiʼ.
inch ajinelk echle akʼ al abʼ.
xek osletzʼ iʼ.
k inbʼ enakukʼrim ol aj.
r on ojel aqʼ abʼk iny itzʼ riw ak ax.
kar ap inikx utzuk ujchij un aw aj.
leuk emikl ep as anin aq( aw um al) .
m ajur ajilleqʼ abʼ arel.
kʼ axriʼrik achʼ awik.
xoj ut aqchiʼjle achichul oqʼikich aj.
sibʼ al ajkʼ axrixkʼ ulm axik.
xk il ochin akinkʼ oxom ajt aj.
xn aʼt ajchk echixeat inik.
xkʼ otoch inchikiw achchixoj alwoʼq ak ukʼ.
j unqʼ uʼqr ajilrik axl aʼnw a.
xinw ilochixeʼ elik.
ekʼoixoq ibʼp alekʼ aybʼ al.
m ankʼot ajukʼ isikrim ay abʼ ajl abʼ alil.
risinkkʼ iyp at aqʼ aj.
richʼim am ank kʼ iyt ajp at aqʼ aj.
r aj aw axikkj ikikriw aqän.
k aw ajk inʼek.
ekʼ ooxibʼ akʼ.
xubʼ ijchw ej awi atkʼ owi.
chweʼqk ujbʼeʼp am uq uj.
p as aqkʼ ajaʼkbʼ anw iriuq.
xojk isikʼ ij.
xinw ilw ibʼ.
ch aqʼ chikriw a.
k imbʼ en akap alew oʼch.
k aw ajk inʼek.
richʼ uʼkt ijrukʼ lej.
p arikiqʼ ijk amin aqibʼkbʼ anqʼ orikʼy aʼrech aj:n abʼerin ank utzuk ujk anri aj, kuj achʼoʼxuq ujekukʼ eto.
j ask ajbʼ alch anim?
utz uchom anikri ali.
p ariqʼ ijoxl aj ujt ijaxk inkʼ iskebʼj un abʼk inchak unw ar al.
sibʼ al ajk o,rikʼ akʼchʼ at.
j ask ar ajkubʼ ij<unk>?
richʼ ichʼk asil abʼ ik.
p aojerqʼ alpulx aqxuw irinimw in aqkekʼ amowbʼe.
leuk un axikleuk abʼukʼ utunik arerukʼef lornit in aonut unibʼ axikl enifurt im oxchiʼlef lornit in achecht .b.g.
areri achix inchʼ ay ow ik.
j un achiubʼik uʼxusip ajk ebʼkʼ aʼm ulewrechk abʼ anrit ijobʼ al, k amik, kʼ ochik ajt ijrechrik om onxechp up.
xum alty oxijcheri ajt ijr on ojellexukʼ utchiuw ach.
p aribʼexk ir aqj un al ajimuls aqrij, xk ikʼ ambʼ ik.
xr ill ebʼ ale al a.
j ask ubʼ ijchwe?
leuk un at ajem arerukʼ utzuk uxikl euchik opilp aj unus olik uxeʼlekikʼ onl ejaʼrechj unn odo.
utzw enutzʼ iʼ.
jeʼ,t ajink ach ap onik.
k inul oqʼ ojlenut at.
k aw ajk imbʼep atin amit.
arel aʼk inch akuj.
rinim aʼqt aqw in aqkʼok et aʼm abʼ al.
wet axatbʼ ewukʼp alet in amit, x al oqʼt aw aʼw ej ast aq.
rikikʼ aslem al.w aixim ulewx aj unchim aaret atinim itrim a
riukʼy abʼ aln ajup am.
x atq ajchiup am riil.
n oj imk atw aʼik.
wekʼoj unkt uq aʼrik, ¿l am anxoq ujeʼt ajk int uqaʼrri in?
oj ojwok olj a.
aw askbʼ ankʼ axchej unnimw in aq.
xinchʼ aw ap anrukʼ lew an abʼ.
kʼ axriup am rij uʼl.
t aj inkew aʼri imul.
l ak ajl ak ujtz al ijl a anin aq?
rum al rechcherim ak ajm ankʼot aukow inemp iw iʼriix: riixm anixkʼot achich uxeʼrip ixabʼ, x aneixkʼ ochuxeʼri sip anik.
n imr aqanl echeʼ.
x inch ap o.
arel etuʼr lel oqʼom anel.
xask atkʼ ojiʼchiup am richʼ ichʼ.
sibʼ al ajnimr aq anrikʼ am albʼe.
letzʼ ibʼ abʼ alw echin.
in x int oʼwl a.
xajekʼ uriʼriixk am ikriʼm anixk axl anw in aqt achik; riix,ix rechrik it inim itriety oxl ajt aqw in aq,i xrechrir achochrid yos.
xint ikoxl ajkʼ al ich aj.
k aq ariqq ibʼ chweʼq.
sibʼ al aj utzcheriw iʼ ajrit uney.
w en aj up ulikt axeq ajik...
x int oʼt ajcherin uch ak.
kʼ ojunchik opubʼ iʼp um.
p oq on riik.
xojbʼ inik.
xuchʼekr on ojell eret am anikxp aqiʼkkʼ axkwʼ inikxubʼ an ajk un.
k elubʼ ikp arijudeʼ aektz alijchiubʼ ijumulp arig alil eʼa.
xin axibʼ ijp abʼe.
j eʼlkʼ olemchi aw achoch.
r on ojelriy aʼt alilp aweqʼ at aj,tzʼ aqatkiw ach, m anktz aqt ak anoqxuq ujeʼm ankt ast aj.
xuk un ajley aw abʼle ajqʼ ij.
chit at abʼ ejj aslek imbʼ ij.
chʼ an alri achi.
p abʼ okoʼk ach akunw irit ax.
ujkʼ op auw uqqʼ ij.
kiʼriuk abʼri aq aj.
kʼo rach alalp atzʼol ojcheʼri peʼl.
xk ilochik inkʼo xom aj.
riukis akʼ utzky aʼikchi uxeʼrit ikoʼn.
aret aqchiʼk aqʼ anpuw iʼrijuk ubʼ, ri achich exkʼ ojiʼriitz eluxl abʼ alrukʼ, kut achrechri areʼ, arechk kʼ ojiʼrukʼri areʼ.
n ak abʼ ant ajt awum al.
xn aʼt ajchkexe at inik.
x inp ajrin ut riko.
xeʼokrip okʼp arium exarip oʼx.
k aj uluwri aqʼ aʼlchi uxeʼritʼ uʼy.
aw echlej a.
x ujbʼ ep atz urik.
n abʼ exatop anik.
riuk abʼ ubʼ iʼrinum am arey ay.
uw ajxaq uk akʼ alt aq anik( 2 8 ).
m at akʼoj unk ak an ajk anoq, q on ojelk ojbʼek.
enim aʼqle alt om abʼ.
n imuw achrip oʼt.
k oj onikp ariutz ijw aixim ulew.
j asxukʼ ambʼ iletzʼ iʼxaw ilo?
xinp et ik, t at.
r ibʼ el ajuw ach.
chit at abʼ ejj asrik imbʼ ij.
jeʼlk un aʼri abʼ ixchiup amriq uq ulew.
k inbʼ is ojuw achlew al.
x ut ʼuy ubʼ aʼ.
nimri aweqeleʼnx ariqo.
xin eʼw aʼoq.
chiʼkew arwile akʼ al abʼ.
rinum iʼalxut aql oqj unt aqoʼmw ujchiwe.
qʼ eʼlik, rich ajp aribʼe.
l autz aw ach? - utzm alty ox,ekʼuri at ?–utz m alt y ox.
xink osrum aln uch ak.
kbʼ ekukʼrieʼ areʼektz alijp arin as aret ekeʼunim aj.
rij ojxukʼ ambʼikri akʼ.
kʼ ochiw achiʼlch anim.
kubʼ ijchechn aʼlk abʼ ancheri atzʼ ibʼ.
e. . . ink aw ajk atz j ojbʼ il achwe.
m at axiny ajle ali.
j achinrukʼk atbʼ ew i?
kʼ osibʼ al ajet aʼm abʼ alp arim ay abʼnoʼj ibʼ al.
em anxorij up uqk ej.
k asumumrik aqiqʼ.
ekʼok ajibʼ akʼ al abʼp alebʼe.
jeʼj asriut atkk aʼy ik.
xaq atm oloneltz ijt al.
l enut atk al oqʼ onchwe.
x aqt anekimbʼ eiw ukʼ.
xret aʼm aj uchʼ ajik.
rum all aʼxk oj“x alqʼ at”cheubʼ iʼrikom on.
areleuk emikp as xret aʼm aj.
riw at iʼtk ubʼ ann ariup at an.
kʼ akʼlep oʼt.
ret aʼmuw achj achinxl oqʼow rip as.
k enchʼ abʼejle akʼ al abʼ.
y aʼt alch aqeqon ojelriujw in aqutzk aqil qibʼ.
xk otiʼp aqʼ ayesxoqʼ ik.
k aw in aqbʼel ejebʼqʼ at aj.
ekʼok ajibʼr alriimul ,j uns aq, j unqʼ an, j unqʼeq, j unqʼeq oj, sibʼ al ajk etzʼ anik, kechʼop inikri al ajt aqimul.
kch ololri ach ach al.
k et ekikri ikʼ.
xep etikrechk ew aʼiw ukʼ.
tz atzri uqʼ anilri akʼ.
xojtz al ijikxixeʼq aqʼ at ujk ukʼ leit at in an.
riy oʼxt aqakʼ al abʼk ekikʼuxri atzʼy aq.
weachiw exusip ajj unp oʼtchwe xk am ik.
kk ow inrik un anelchek un anik.
xj iqʼp arip olow.
xarum alsibʼ al ajr ajaw axiklel oqʼ al ajj aʼ, lew in aqxk ibʼ ij: chew eikʼriʼq onojelk ujbʼ echeut ikikt aqcheʼ.
riun anerierach al alk epeul oqrukʼri areʼ, kʼ atekʼuriʼ, m ankekow int ajk eqibʼuk oqrukʼ, rum al rechcheekʼ osibʼ al ajw in aq.
rum alrech, chem ankʼot aj unkk ow incheuk ojikj unt ikibʼ alilchik chuw achrik ojomchik che arerij esusk risto.
tekʼ uriʼxutzʼ ibʼ ajribʼp arinim al ajt ijobʼ alrech ajk uʼn.
k aj uluw richʼum ilch aqʼ abʼ.
kʼ isbʼ alk an oq, xoq ujeʼkk amri ixoq.
le al axok ik.
kʼ opw aqp auwiʼrim exa.
arek aw ajn akinʼet aj.
riy awalkuk ojri alichi uxeʼrich ak ach areusuʼt.
n ak aq akʼ amt uʼbʼik amik.
ri ajt ijk ubʼ ijchike: r ajaw axikkeq ach ajijri aw aj, areut ikoʼnri ajaw.
x int ijm uk uniw ir.
kʼ axleuw iʼt aqlenuqʼ abʼ.
xinl oqʼj unilbʼ alw ibʼ.
w aʼw eqʼ ij,nimubʼ ant ajik.
riuxeʼ alriq atin amitm ank as acht aj.
xojbʼ inik.
ri ach al alj un amk iw ach.
xinw et aʼm ajrilikw ibʼ.
nim riun aʼojw ajt ij.
m iqʼ inrikʼ ul.
ajqʼ ojomri ateʼk.
cheles anik cheʼkbʼ anw iriqʼ ojom.
k apele awelp an aw alj aʼ.
rimes onelt aj inkch ak unik.
utzch aqekaq atoʼq ibʼ ,t aqkʼokʼ axkʼ olil, k atew echiʼnri ajawp aq aw iʼ.
x awilo, xqʼ at anl eibʼoy.
x atk owinikx abʼ ano.
k iʼrikʼ awex.
k aj ililribʼ e.
le al ixelbʼ ik.
areʼxr ajxinbʼ ano.
nim we abʼ aj.
jeʼlik utiʼjol alris aqk oʼr.
n oj in aqrik ej.
wek at ij anxuxm ank atut oʼt achiuqʼ atixikl ekʼ akʼy abʼ ilcoron avi rus( 2 019-ncov) .
n animt ar aq anw aʼw echeʼ.
utz al aj ajch ak, riw el.
¿j amp aʼk ujbʼ ep anim aqʼ ij?
r ajaw axikt anel aʼk atch akunw ukʼ.
x ut aq chiʼjp aw ar amp ulew.
m an aret ari axw anxel ik.
ri aw ixxul oqʼr achochre nim al.
are ri ixoqx insikʼ inul oq.
richʼim akʼ atʼ onn a.
l axibʼ anleich ak?
kʼ itin amitekʼ op achʼ oʼj.
kʼ oj up uqchijchi uxeʼrich eʼ.
riuxaqri abʼ ix areuw arik ej.
k aw in aqqʼ at aj.
l ak ixpep at ijobʼ al?
wekech ajixt aqlekʼw aj ach akinbʼ ij; j un alikkʼ ojaʼxuq ujeʼsibʼ al ajs aql ol oj.
xr et aʼm aj.
ri al abʼomri alitom abʼt ajinkik it ijojk ibʼ rechsut aq, arek ak ajk ikibʼ annim aq achij abʼchup amrikikʼ aslem al, xuq ujekʼ ochikj up uqbʼ ixonelchup amrikom on.
l atzʼuw achribʼe.
kʼ akʼri achʼ ichʼ.
q on ojel uj,ujm ay abʼt aqw in aq.
n ojelqʼ ijri at iʼxk uyuqʼ ujlet aqaw ajjel aʼp anikʼ ajj aʼ, chi rijrij uyubʼ ubʼ iʼten aʼ.
p aqʼ omchikris iʼ.
k intz ukunchel a.
k akit ijlek in aqʼ, leich aj, leuw aʼl ikrukʼl ej.
xek an ajk anle ajch akibʼ.
k etikonri achij abʼ.
sibʼ al ajitz elubʼ ant ajikrichʼ il ak an.
ri at eʼkxum alty oxijcherir atiʼt, rum alriutz al ajn oʼjibʼ alxukʼ utchech.
kk am ulixuch akri abʼ ix.
l ax inutz uk ujl et ij oxel?
areʼk achak unr onojelqʼ ij.
leekʼ aʼn at aqtzʼ iʼ.
s aqr ijrip l amux.
j asx aqʼ iʼox at ijo.
j asrukʼxk ich apw iut ij iklerik il?
wek at at inrukʼkʼ at anj aʼm ankuqʼ at ejt alekʼ akʼy abʼ ilcoron avirus.
l ak atbʼ inp aleuxl anbʼ al?
l aw ar alkʼ uxixw aʼwi?
arel enut atk inl oqʼ onik.
t aj inkch akunri al a.
kʼ orikiʼk otem al aw ukʼ.
xut aj achink aʼek.
x atw aʼikxinw ilo.
xtz aqrir achochrum alrij abʼ.
p al ej unikʼchik arenim aqʼ ij.
ek ebʼ ämk ebʼ inp auw iʼritem.
m emri achi.
riwik anch aliʼyk elp aj uy ubʼchw itz iribʼ al.
ler ajil, l ap aj axel aqʼ axw uʼbʼ ik?
p aris uʼt pis omw iril ej.
k ojp etikk olq akʼ am aʼ.
t ajink atchʼop inchiuw achrit aqʼ aj.
leqʼ orxchʼ uqik.
kʼ axw aʼim awum al.
k inbʼ isonchelew al.
sibʼ al ajkʼ okʼri aw atzʼy aq.
k amikx ujbʼ echeut ikikt aqcheʼp arij uy ubʼ.
k inul oqʼ ojlenut at.
ch aq iʼj chikrich aj.
xy ilixh aw ayi.
n axn aʼt ajt achk echixe at inik.
rukʼkʼuw aʼw eriʼ, riixkkʼ ojiʼj unutz al ajikʼ aslem alriʼchkiw achriw in aqchem anekʼot aiwukʼ, kʼ atekʼuriʼm ankʼot aj unw in aqriʼr ajaw axikchiw ech.
ep et in aqp abʼ eler ach al axik.
k ak ajleakʼ al abʼkew aʼik.
x ujchʼ aybʼ ik.
rinuch ak areqʼ axeltz ij.
kʼ on aruxl abʼri aw aj.
t aj ink ell oq, riqʼ ij.
xuqʼ iʼoxk ams axri rach al alchoch.
rinum am arekʼo uqʼ inom al.
xkʼ ulm at ajj umul, xubʼ anj unnim al ajj abʼ, m anxbʼey et ajt an axukʼ isleuy uqʼchike.
am aʼrin utzʼ iʼ.
j ew aʼk atp etik.
xink osikrum alx inch ak unik
iw echchij uj un al, riw a.
xuqʼ iʼon axat at int aj.
inriqt ajin aqp arikʼ ayibʼ al.
n aw et aʼmt aj.
kʼ axlenuqʼ abʼ.
utz lexubʼ ijle achi.
k em atzʼ ibʼ.
kʼo rach alalp atzʼol ojcheʼri peʼl.
r on ojelw aʼw ejast aqriʼ, x asks achwiuw achw aʼ; rukʼw eriʼ, riix, r ajaw axik chekʼoj unty oxl ajikʼ aslem alekkʼ ojiʼriichʼ awemrukʼ rid yos,
xm uqt ajrip atzʼ an.
richʼ ichʼtz ijomk anoqp ariukʼolbʼ al.
m ankʼ ot auchol ajp at aqri aw uj.
j achik eikʼle unim aqʼ ijlet in am itn aw alj aʼ?
xep etikxolk ikʼ am aʼ.
k achuqʼ chutrij aʼchi ap am.
xinbʼ ijiw irchixebʼ ep aarm it a.
areʼuxeʼ ojertz ijwar alkʼ icheʼubʼ iʼ.
xkʼ isrin usiʼ.
j aw ixk ibʼ ijw ichik eʼewi?
¡ x ajekʼuriʼ, j achint aqriekʼop arij udeʼa, chich animcheʼ anim aj ubʼ ip at aqrij uy ubʼ,
kʼ akʼri abʼ.
l akʼ oj unn ak akʼoxom ajt aj?
n autzt aleutʼ isoml ealm ariy.
m any aʼt alt ajchi awek atokp aja.
jeʼ,x atutzuk uj.
arek elw ajxaq ibʼ uqʼ ijrixkʼ ojik.
rixunk urkkʼ ojiʼp at aqrit riko.
x ins achik.
x ut ʼuy ubʼ aʼ
n an ut omt aletz ij<unk>
w achʼom rikiw arin oʼs.
ekʼ ojobʼchʼ ilw akʼ.
r ajaw ixikchip at aqrit ijobʼ al, p anikʼ ajubʼ ixikchik
rir aj awrulew areʼt atk el.
wekʼ uxokik,w ekʼn axokt a
we achix usip ajj unpʼ otchwe.
at at ut aqoʼnl eqʼ at altz ij.
n aqʼ ant auw achleq aprut.
rixaʼrkʼ op auw iʼriqʼ aqʼkp oqʼ owik.
riroqʼ ejri al ijach akp ej un akʼ al.
kʼ ojun al ap at ijobʼ al.
s äq uwiʼrit at aʼ.
riw itz ikʼt ajinkp el oq.
jaw ixs achonwik anuy aʼikl epw aqche.
utzwe achiw exink un anik.
q on ojelk ujw aʼp auw iʼrim exa.
rik axl aʼnikm anp oq ont aj.
inx inbʼ erukʼriw achiʼl.
sibʼ al ajj eʼlxk iloxek itz oqop ijrik ichijchil aʼ.
k inbʼ inikx inʼek.
kʼ axkʼ olik, k ach aʼ.
k ut ij iximri akʼ.
ri al ixchel, xuq ʼiʼox aj un akʼxsip axche.
xq asikʼ ijleixoqch utz ak iksubʼ.
m at axabʼ ins ajlechʼ ichʼ.
rip ixtzʼ ar al ikrum alri eqaʼn.
¿ j amp aʼk elchi3 %
kʼ oj unnukʼ otojchiʼ aj.
t aj inkew aʼk atri al abʼom.
xinl oqʼ lenukʼ akʼ ap oʼt.
n autz akikt asubʼt aj inkuʼ ano
xoj ut aqchiʼ ijxojw aʼik.
iw echri abʼ ix.
s aq rijrich ij.
ajs ikcherit in amitk elw irit at aʼ.
- ¡ay !x axintz aqul oq, kʼ axwew aqan.
xkʼ ulm at ajp aj unkom onchiʼuw achj unj uyubʼ, xuriq aj unqʼ ijxk iriqk ibʼj unim ulrukʼl ekok.
jasx at aqchiʼj leakʼ alchut ijik?
xinch apos uxul oqʼo.
qʼ inomri achi.
rikʼ umkt ijowrukʼk abʼ.
t aj inkej achʼ anik.
tz ebʼ alukem iklep as awum al.
arek ay oʼwleuchik op illeubʼ ant ajikt ryp anosom ab rucei.
wek atnim anikutzk elik.
p er on oʼjim alp etn aql oq,.
arel enuch akj untz uqbʼ alw ibʼ.
xk un axley aw abʼrum alle ajqʼ ij.
riukʼ uʼxtzʼ ibʼp aq atz ijel aj uj.
sibʼ al ajj eʼlikri eqabʼ alxubʼ anriluʼs.
sibʼ al aj atk on.
em anxorij up uqk ej.
n axn aʼt ajt achke xe at inik.
rikʼ am albʼexubʼ ijchike, chim ajari anim.
j um uchʼrinuj un abʼ.
qʼ ipt ajin aqrir aq anritem.
kchak unrukʼ rijosbʼ alcheʼri aj anel.
xat aqchiʼj le akʼ alch ut ijikk ar.
ojkʼ op aleroʼchle aw el.
¿l ak atp eq ukʼchweʼq?
lew in aqp alechʼ ichʼ etʼuy ull owi.
xk an ajk an oqchi uxeʼrij abʼrichʼ aʼn.
nim rija.
w et axak un ajle at atm at axk aml aʼ.
n anukʼ amomtuʼl ariʼ.
chq anukʼ uʼriq atz ij.
k imbʼep alet in amit.
xinqʼ iʼon axin at int aj.
r ajaw axikk akʼ am anch aweleut ijiklel ej.
kʼ isbʼ alt aq noʼjibʼ al.
