xi neʼ waʼ oq .
xkibʼan kʼax che leu wosaq rumal man utzta chi kakayik .
ri qʼutuʼm man kech ta lea kʼalabʼ .
are na nim ta lea tzʼiʼ chu wach lenu tzʼiʼ .
xepetik xol kilaʼ .
¿ jaw chiʼ xa taʼ che xkam riu mam ri poʼx ?
e kebʼ kekʼambʼik pa tuj .
xin loqʼ jun ja pari wokaj ja .
ria xtuʼbʼ , kʼoqulaj chech .
jas karaj kaʼan chu tzakik le tiʼij .
xu tij lewa .
ximbʼal re tzij .
xpax ribʼoʼj .
we kawaj katin toʼo xaq xuwi kabʼij chiwe .
jas nukʼuku chʼobʼo .
jas karaj kutijo ?
xe xru xlabʼ ri ri kil .
eni tzʼaʼq le taqim ul .
we tane in xin bʼanowik , are lea teʼ k xbʼanowik .
kin tzalij pale nu tinamit .
rinu chaqʼ kʼo pau roʼ qʼatoj tijonik pari tijobʼal .
xin xiʼj wibʼ xin chʼawik .
kʼo chwaroʼ chle pare .
chi raqan kabʼin wiri tataʼ .
xsachon kan uyaʼik le pwaq chech oj a .
xin qʼax chi kixoʼl riwinaq .
ketikonik .
riu lew man qech taj , kechri qatiʼ tqamam .
xepe le winaq xol kikʼamaʼ .
xu loqʼ ri wuj rumal ri ali .
chewe qʼij kamik kʼojunnu tzijonem chirij le nu tinamit .
kej riʼ.
x kunan alaq chwe .
kin u sikʼij lenunan .
rii mul xuchʼij taj , xkanaj pabʼe , rumal ri nimal kujal uj rii mul , xu tzaq ria nim .
kubʼan riu xoqʼoʼl riaj tzʼaq .
ri la sibʼalaju tzche kunabʼal .
kʼi ki wachri eʼ aj chakibʼ pari komon tyox , kʼate kʼut xajun chiaj awxel ;
xqata chi xatulik .
kawaj chi katʼek .
chʼutiʼn ke kanaj ri xaj abʼ chech .
kaqaxiʼj qibʼ kaqachapo .
e kʼokebʼ ukʼajol le tat x wan .
luʼ su bʼiʼ ri rech am .
aj chiu wiʼ miqʼin jaʼ ri luʼ .
xinya kan le nuchim pakʼaybʼal .
kʼate xrilo , xpe riunan cheu tzukuxik , xkikotik , xu salabʼisaj ri taqu xkin .
xkikʼut chiu wach riaj tij xuqujeʼ chiki wachri taq nikʼaj kachil .
utz lenu qʼabʼ .
kul le al weʼl paa ustin cha qʼabʼ kamik .
ria teʼk xtzaqloq are chi kʼo pau wiʼ riqʼaʼm .
aj patan ri teʼk .
xat qaj chiupam ri il .
lakʼo tzij na kikʼoxo majtaj ?
x sachon chke chixea tinik .
ronojel leu lewe chalaq .
la xebʼe kʼulaxeʼ ki jaqa kʼu leu chiʼ ja ?
xaq kat chʼok naj iwir .
kamik kʼo chiri jastaq a we .
are chiʼ kakʼisri junabʼ kʼoqʼinom .
pan awal jaʼ xin alexik .
na xin tataj we are ria kʼal ki xtzuquwik .
¡ ru lew ri sabʼul one ru lew ri neftali, ubʼe ri polow , ru lew ri jor dan, gali leʼa kechrije taq amaqʼ !
rax , rax , rax , kʼokʼ, kʼokʼ , kʼokʼ le ruxlabʼ le taq tikoʼn .
a chi xat wilo .
paqal rajil le pix kamik .
xoj bʼinik .
pajun jeʼl tijobʼal ku tijoj ribʼ juna kʼal , ubʼiʼ poʼx , utz kurilo kepa tijobʼal ronojel taq qʼij .
xwaj chi xatʼe taj .
utz laʼ le xubʼij lea chi .
wetaʼam jachin kapetik .
kin qʼojomanik .
xin qʼiʼo ta kʼal ik xin petik .
areʼ retaʼm che kinopan ik .
are tabʼale qaqaj aw chat toʼwik .
kawinaq waqibʼ qʼataj .
naqaj chik cheri u waq kajbʼal are taq chiʼ ksach u wachri qʼij , kok ri qʼequʼm chu wachulew , chi kʼateʼ naribʼe lejebʼ kajbʼal .
jobʼ raqan ri tzʼalam xeporoxik .
sibʼalaj korij rimop .
are waʼ .
jelaʼ pari timinit chwik ab yok rech xelajuʼ , le qa nan qatat kakitiko jeʼlalaj taq u wachichaj .
kʼax nuqul .
xuʼ lukʼ amaʼ .
kojul kitzukuj .
are man kʼax ta u kunaxik are taqaninaq kaʼilitaj we yabʼilal xuqujeʼ mojoʼ qa kuyaʼ le kʼax kʼolil chech le jolomaj .
riwel kʼo patijonik .
kawaj kinbʼij .
ri kotzʼiʼj kqa koj chiupam ri ja .
qʼeq qʼoj rij ri amaʼkej .
na xwajtaj xin chʼawik .
ch petabʼale loqʼalaj jabʼ .
xsachon chke xat ki sikʼij .
eleqʼ al chʼi chʼ .
jachin xa wilo chi arex tijow ri tiʼj ?
ma takabʼe le nuxbʼal pale tinamit .
pim ruq , ri ali .
¿ kʼorim uqʼe chia wech ?
kqabʼij man kekowin taj .
kin tij na .
kʼojun qa tʼuʼy paja !
kʼo puj chiupam ri chʼaʼ k .
are taq kin kosik kin warik .
xat waʼ ik xin wilo
in xin chʼayow lea chi .
konojel ri alaxik keʼe tzʼanik .
jas rukʼ xkitij wi le kirikil ?
aninaqil kat petik .
nara xta u wachle juyubʼ .
ri tzʼalam tzʼibʼa bʼal rax kkayik .
wechat chakunik , kʼoa wa .
maʼtam xat pe cheri waʼ im .
kamul kin waʼ na .
risikil ktijow rukʼ ik .
kimbʼe aqʼan rukʼ le al talin .
xoj ʼe k xeʼ qilal ar qasok .
xe kiqʼil le aj chakibʼ xkiwok le ja .
matanex waj le kʼuhjnem rukʼ le ateʼk .
are xeʼopan chiu chiʼ ri juyubʼ , xkilo chi man qasta kʼo qʼayes .
kʼate kʼut , rijesus man kkojon ta chkech rie ʼareʼ, rumal rech che konojel retaʼm ki wach,
paʼ tzrij ri tzʼiʼ .
juwinaq waqibʼ qʼataj .
at elaqʼom .
xaqat joʼs .
ri qʼatzu, are qʼalaj riu qʼijil .
aj chak we ala .
ubʼe le jukakʼal taqanik (29) .
kebʼ nu bʼiʼ kʼolik .
la katzalij lu ʼla aninaq ?
katzukun la chwe .
la kaj la koj bʼeʼ pale chomal chweʼq ?
xin nabʼej chu tasik qa kʼolibʼal .
lal xin toʼwik .
sibʼalaj a noʼjibʼal .
xojpetik xol qa kʼamaʼ .
sibʼalaj jeʼ lik riu waʼl rii chaj .
kʼax wij rumal in pachalik .
are taq xukʼulmaj waʼ xul riu chomanik xubʼij : are utz waa qʼabʼ kin walijik , are chaʼ chanim kinopan pa tijobʼal , maj chik in kʼulmaj .
oj aj xojol obʼ pa awasqʼij .
xin sach che leu wokik le tzij .
e julajuj ri akʼ .
xuta jampaʼ kojʼek .
qilik .
ri tijoxel man are tanim chu wachri raj tij . riu tztijoxel qas jeriʼ kʼolik jasri raj tij .
in xa tin chʼayo .
noʼjim chak wumal .
chʼur rijochʼ .
in kinbʼij na kat sachtaj .
uj mayabʼ .
ri abʼaj yatzalik .
tajin ke pixbʼax ria kʼalabʼ .
chom ri aq .
xin warik .
elemen konojel ria kʼalabʼ .
tajin kqʼanarik riwe reʼ aj .
le u kemik lepas utz ( chawe ).
xuyu pubʼau wach raʼ chi , kachaʼ, .
ri satanas kok pari judas ri kbʼix is kariʼo tech rech , ri areʼ jun chki xoʼl rie kabʼ lajuj .
chu chu ripar .
kinqu muj ri nu jochʼ .
chech punción lumbar amaqʼel raj awaxik chech rilik leu kʼexbʼem wi le nabʼe rukʼ leu kabʼ u kʼutunem le yabʼilal .
qʼalaj chi na kawaj taj kabʼij .
kʼoqʼol chirij ri siʼ .
jawix ojʼewichu loqʼik ?
kʼo u lochʼ ri talin .
qʼan rij ria tiʼt nu kej .
lax tzalij la iwir ?
xesikʼixik , kʼate kʼuriʼ xeyajik , xuqujeʼ xetaqbʼi cheu sikʼik le mes .
lak ix warik ?
are kʼu lepalo max xubʼij che :- mam kat bʼison taj , kin sikʼij nikʼaj wachiʼl kerapapik .
aʼre e tijoxel abʼ .
ri alaj ali siʼl xubʼij xqachap pau tzal ri tyox .
xsachon chke jachin xea tinik .
jas xu rayij lea nan xutijo ?
xin kosik .
rax ronojel ri qʼay es rumal le jabʼ .
kin yawaʼ we chʼi chʼpinem na utz .
noʼjimu pachʼuxik le nu wiʼ .
naj kʼowi le woʼ ch chu wach le tijobʼal .
ri okibʼal kʼo chiu wachri saq ja .
xe nu taq chʼij ke kil lea kʼalabʼ .
kʼojun qʼoxowem chiwe .
tzari choʼm .
we choj bʼe pale nimaqʼij , keqil le aj xojol obʼ.
xoj ʼe k xeʼ qilal ar qasok .
ria teʼ k xutaʼ chechri nantoʼn : -nan jas cheʼ chi man kajtal aqa kʼatisaj ri joʼ q .
ri pal sibʼalaj xuʼy .
kin koj ri jokbʼal u lew .
in kinbʼij na kat sachtaj
at raj kun lenunan .
ku qamuju joron riaj tzij .
luʼ tzʼalam ubʼiʼ ria chik elpanim cheʼ .
jeʼ liku tiʼjo lal ri saq koʼr .
kʼojun xaʼ rpaja .
xin loqʼ jun kʼakʼ patan .
kʼax u kemik le pasa wumal .
aninaq u kemik le pasa wumal
ri chʼaʼn sachinaq pataq abʼ ix .
rax taq le kotzʼiʼj .
mesom kanoq riupam ja .
man are tar alax kosik .
ri komon xechpup rech uqʼabʼ tinamit xoʼl abʼ aj rech qʼumar kaj .
lau tzakik kʼusubʼ tajin kuʼano ?
katela !
na xutij taj .
xa rumal ketaʼm konojel riwinaq kkiqumuj lejaʼ .
iwir xuj tzalij la pa kʼaybʼal .
qetaʼm cheri qa wakuj u toʼo .
riaj tij , kyaj on chikechri a kʼalabʼ .
jas u bʼanom le nu chʼu titat ?
chweʼq kinbʼe panim tinamit .
utz we ki wetaʼmaj jas kubʼij ri cholbʼal qʼij .
tajin kat jilow che uqʼoxom jolomaj .
xin tik qʼax chiu wachri ja .
kʼax le kibʼe le winaq .
loqʼ kat kun taj che le yabʼil (covid-19) .
ri nuxibʼal kel paqajbʼal qʼij .
xril riax wan chi x waʼ ri ala .
le al ix kun atajik .
we ta kapelej abʼ kamik .
xin wetaʼmaj chi na xat petaj .
ri pwaq rech we qʼataj riʼ kesax chechri tojbʼal kʼayinem .
ktij riu waʼlik rumal ri ki nimaqʼij .
xuchapu kunaxik .
chatan loq ali .
xin xu liʼ qaj oq .
jeʼ lik ktijow ri taqik ox .
kʼate kʼuri le tat xoʼr xubʼij , man kawaj taj , man kawaj taj .
kʼojun tzʼiʼ pabʼe .
kamul xin pechea tzukuxik .
man tajin takin chakunik .
kin chakunik rech kat waʼ ik .
jas rukʼ xawil wi chi xkiqupij wile tiʼj .
jas ubʼixik … ?
koqʼ ri akʼal .
kawaj na katʼe taj .
xat qʼaj ik .
wem na cha loqʼaxiyal , nakimbʼe ta a wukʼ .
xopan le wuj awukʼ rumal wechin .
are kʼut pale juyubʼ kkʼiy joron , chilaʼ xe kikʼama wiri jaʼ ri winaq .
koqʼ ri akʼal .
we kʼo a rajil cha kʼama loq .
are sibʼalaj kaq le apoʼt chu wachle nu poʼt .
xin kʼastaj pakabʼ lajuj kajbʼal .
kaqoyʼej na ki xpetaj .
kok axim richij xa jelaʼ man kanimaj tabʼik .
ri kok nojim xbʼek , xuchʼijo xopan pau kʼisbʼalil lea nim .
xoj kiʼkotik are taq xatulik .
kaqi tzʼnaj riu xaj abʼ ri akʼal .
rijesus k waʼ kat pari nim rachochri dyos , chu xeʼ ri jun ja che rachochri salomon .
wetaqanik riʼ kubʼij chi raj awaxik kyaʼ uqʼij ri winaq xuqujeʼ ktoʼ aninaqil .
ria xux are na riu kunel ri kinaqʼ .
are taq waʼ ri uqʼijol wetaqanik .
kʼojun tabʼal pau wiʼ ri xkan ul ubʼiʼ lajuj noʼj .
yuʼl u bʼanom riu kol obʼri kej .
xanimaj ria kʼal chiu wachriu chu ch .
k kunan ria chi .
kin waʼ ik rech na kin yowaj taj .
aj xik chʼi chʼ riluʼs .
kwaj che ix kixbʼanow ik .
aʼre xetoʼw alaq .
xoj ʼe k xeʼ qilal ar qasok .
xin loqʼ jun chʼi chʼ , qajinaq u wach .
k utʼis ripan talon .
e janipa le awal kʼwal e kʼolik ?
utz u kemik lepas chawe .
rimax are aj qʼaniyaʼ .
matabʼa chiriq kʼax pale bʼe .
tajin kanimaj , rimeʼs .
ix ixeʼ laqʼom abʼ !
x sachan chwe .
e kʼo kʼicheʼ , chiu wachri juyubʼ .
are waʼ ri nimalaj pixabʼ e are waʼ ri nabʼe .
xretaʼmaj chi rukʼ pa kʼkutij wi
jas u tzakik le subʼxuʼ ano ?
aj xoʼy ri wi kan .
we tane aʼre xetijow le ri kil , are le komon xetijowik .
sibʼalaj aninaq kachʼaw le areʼ chi nu wachin .
utz we kin chakuj .
meʼs laʼ .
kʼo kan wa rech kaqatijo .
xin sikʼij la .
ria kʼal xsach kanoq jelaʼ pataqʼaj .
xe sikʼij la .
jawi xkibʼij wi chikeʼe wi ?
rumal che , man ix tariʼ ri ki xchʼawik , are ri ru xlabʼaxel rii tat riʼ ri kchʼaw nai wukʼ ri ix .
kʼakʼ ri wachoch .
sibʼalaj utz kin wil lea tzʼyaq rech na hu ala .
saq por kkayri ki poʼtrinan .
x sachon ri nu chak chwe .
waʼ im xuchapo .
ri qʼaqʼ tajin kajuluwik .
naj il upam ri siwan .
e kʼo ri qachalal pa chiu wiʼ la .
jas xa taq chiʼj lea kʼal chu tijik ?
noʼjimu kemik le pasa wumal .
kʼojun kuku bʼiʼ tintin, waʼlelaj kukmam kajeqitaj , kapaqik axulik pau wiʼ uqʼabʼ taq cheʼ, sibʼalaj sakʼaj , keʼu to lee nimaʼq , chʼutin, rachiʼl , aj sipanel sibʼalaju tzranimaʼ .
riu pixabʼ le qʼatbʼal tzij kiyaʼu bʼixik .
na xsachonta chkexe atinik .
xeqil le chikop pu wile ja .
xloʼtaj ri akʼal .
qonojel kuj waʼ pau wiʼ rimexa .
xsik irle waqan .
la xat waʼ kʼut ?
nim ubʼaqʼ ri tul ul .
kin xi kʼikʼik xin qʼaxik .
la katbʼe pale tinamit ?
ri pal sibʼalaj saq ʼor .
k qʼoxow nu jalom .
xin naʼo chi kat petik .
x loqʼule wi wechix .
xin chakun rukʼ ri numam .
na xqabʼantaj .
kkʼojiʼ bʼaʼ riu sipanik riaj awxel jesus kristo rukʼ ria wu xlabʼal !
kin chʼaw rukʼ le nunan pale chʼawebʼal .
sibʼalaj qʼequʼm rumal ri may ul .
are leb axulik .
xekos le ixoqibʼ pale bʼe .
kʼax rilik lea kʼal chawe .
xin qʼiʼ oxina tinpa joron .
sibʼalaj nim le tinamit .
kʼax u kemik le pasa wumal .
xin sachik .
tajin kel u kikʼel paraqan ri tzʼiʼ .
xin wetaʼmaj rilik wibʼ
ri qʼuqʼ are jun jeʼl chikop .
kʼo paja tijobʼal ri wikaqʼ .
ri sachibʼal mak raj waxik chiqa xoʼl .
jeʼ , kimbʼek .
jel aleʼ rinup wiʼ .
xubʼij che :- jas xa bʼano tintin ?
kabʼan jun toqʼobʼ kyak ri nujal .
katʼek xinta .
jasleu kʼexbʼem ribʼ lejun rukʼ lejun chik ?
aj chiu wiʼ miqʼin jaʼ ri luʼ .
ri tijonel naj kpe wi .
teʼ ki xchobʼ ubʼiʼ ri nu tat .
rijaʼ kamiqʼik chiu wachri qʼaqʼ .
ri tʼuʼy k paqʼowik .
kinmes onna .
na qajat kʼowi chiwech .
xin bʼisonik taq na xat pet taj .
we xkam ri winaq , ri pwaq rech tojbʼal makaj kyaʼ chikechri ralaxik .
ri nunan xbʼe pakʼaybʼal .
xoj u kʼam u loq rech koj rilo
x kʼoto chin chiki wach chik in waʼ a wukʼ .
na xkikamsaj taj xkikʼambʼi choja .
kʼakʼ ri ikʼ kamik .
ximbʼe rukʼ le aj kun iwir .
rilik .
le tzʼiʼ xekosik .
xin kikota wumal .
rii mul xumaj ria nim , xuya kan le kok .
kʼo oj cheri akʼal .
xujbʼe pajun kʼulanem .
utz we k waralaq .
kaqilo chi na koj u kʼamtaj .
xretaʼmaj chi rukʼ pa kʼkutij wi .
sibʼalaj xin kʼaʼnarik .
xin kochij ri nuwa .
man kat kowin taj kat chakunik , we man kʼota ri ajilabʼal .
we wonon xubʼij chike :- ki xin to .
ri alanim kril wiri umam .
xkaʼy chirij ,xkaʼy chu wach , ma kʼota chi jun ksilobʼik , xoqʼik xu xeʼj ribʼ xchʼopi nik xtzalij loq xuriq tachik ri ubʼe .
kʼopu scheri wa .
pinem na kabʼe lewatz , kimbʼe wi in pa kaʼyibʼal .
ri nantoʼn nim winaq chik , saqu wiʼ , ronojel aqʼabʼ utz kunaʼo ka tʼuyiʼ pau tem , ku miqʼisaj ribʼ chori qʼij , kʼojunu wiʼ u mam ubʼiʼ a teʼ k .
man e kʼitaj riqulaʼ .
qʼalaj chi na kawaj taj kabʼij
x paqabʼisax rajil ronojel ri kem .
kʼo pari jul ri kumatz .
ronojel qʼij kin chʼaj le nu ware .
saq chi kan le ichaj rech katzako .
chu xele qachomal kaqatij wi jun q ameqʼin .
cha wilaʼ .
e kʼojobʼu miʼal , ri nu tat .
jas rukʼ xa wil wi
jeʼ jasri winaq rechri u wachulew , xoqujeʼ ke pena riʼ rie ʼareʼ chee rechri u wachulew ; jeʼ jasri winaq rechri kaj , xoqujeʼ ke pena riʼ rie ʼareʼ e rechri kaj .
xin tijo .
k tzʼujuw ri rachochri poʼx .
x uqʼiʼo are leu kʼulel xyaʼow uwa .
ri awel xretaʼmaj chi raj awaxik man ku xej taribʼ cheri tuk ur .
jukʼulaj winaq xeʼa nimajbʼik .
jeʼ,xin tzalij ik .
xojpetik xol qa kʼamaʼ .
maj jachin xʼe k .
in aj tij ; at tijoxel .
saqu wiʼ ri tataʼ .
wechri kem .
leroʼ ch le ateʼ kkʼo chwachle u kʼay lenunan .
kbʼe pari siriʼa e pari silisiʼ a, jawijeʼ kuya wiri ki chuqʼabʼ ri komon tyox .
pixabʼ : man u tztaj kʼax kuj chʼaw chikij nikʼaj qachil .
xkunataj le ali ( kumal ri ixoqibʼ ).
ri xibʼibʼal chi kʼowi pataq ri qa kʼaslemal ronojel qʼij .
na kuj war ta waral .
on che kkʼojiʼ riu tzil chi xoʼl , are ch junam ri qa kojonik , junam rii wechix rukʼ ri wechin .
pa ox qʼij ri saʼn kbʼe na rukʼ riaj kun .
ka winaq wuqubʼ .
jas kawaj kin tijo ?
we ta xatbʼe wukʼ pale tinamit , xa loqʼ talaʼ leu jastaq lea kʼajol .
kebʼe pa waʼ im .
xin loqʼ kʼiwa .
pajunnim kʼacheʼlaj , kʼojun kʼ waʼ sibʼalaj saq loloj , nimu wach .
kwaj katij jubʼaʼ wa .
ronojel winaq kril na riu kolonem ridyos ».
x kʼoto chin chiki wach chik in waʼ a wukʼ
kwaj na katʼe taj .
la xa loqʼ junalej ?
e kʼorie loqʼ omanel .
riu kabʼ ubʼiʼ rinu mamareyay .
kinjopij rii jaʼ rech triko .
xnaʼtaj chkexe atinik .
xateʼ qilaʼ .
kakitij alan xax riwinaq .
. .. kinbʼij chi are waʼ sinxiʼan .
na xin nabʼej ta chu tasik qa kʼolibʼal .
rumal rech chewe ri in , kin chʼaw rukʼ ri dyos pa chʼabʼal , k chʼaw na kʼuriʼ ri wuxlabʼal rukʼ ri dyos , kʼate kʼut man kʼota u patan riʼ chrechri nu chomabʼal .
xepetik xkilo .
xuta we katʼek .
utz u kemik lepas chawe .
rinu wakax xutij jun qʼoqʼ rumal riʼ xkamik .
rumal ri kʼix , man kewaʼ taj riwinaq .
xeʼulik .
qʼeq rij ri amaʼ chij .
xraj kaʼe leu nan .
junam ki junabʼ .
na qʼalajtaj wekaʼek .
ri wi xnam chʼaj chʼoj ri rachoch .
waral man kʼotaj aj awal .
na iwir ta xril le kʼamolbʼe .
xin pe loq te kʼuriʼ xintzukuj ronojel ri nu rajil .
riaj tikonel kutik ri tzij .
kʼo e ki kʼajol lea chijabʼ .
kutij qʼayes ri ix paʼ ch .
pari waʼbʼal e kʼo kawinaqa chijabʼ .
sipojinaq ri nupam .
kayaʼtajik rukʼ u tiʼonem jun riu riqom le yabʼil a molot setsé xuqujeʼ are kayaʼtaj pataq ri juyubʼ .
jachin ria chi ?
ri numam xkamik are taq kʼo jumuchʼ lajuju junabʼ .
kin kowinik kin kʼambʼi le pwaq .
kin wilo chi utz ria jiʼ .
xin qʼil ri apoʼx che man kachakun taj .
k waʼ chiu wach letaqʼaj ri amaʼakʼ .
rii mul xepoqʼik pajun ikʼ .
xkʼis kanoq riqa chak .
are ri alixoj ilow kanoq .
sibʼalaj chʼuʼj ri amax .
kʼonu wachiʼ .
in chajinel kech lea kʼalabʼ .
xeko sle tzʼiʼ .
kinbʼena kukʼ ri molaj .
ronojel aqʼabʼ kinyi tzʼri wakax .
karap in ik xutzukuj chi jun awaj .
leu kemik le pasan inaq (a wumal ).
maj u rajil le qʼabʼ arel .
kʼax riʼ ri kachʼawik .
xoj u taq chiʼj lea chi chu loqʼi kichaj .
sibʼalaj kʼax ri xkʼulmaxik .
xkilo chi na kin kʼoxomaj taj .
xnaʼtaj chkechixe atinik .
x kʼoto chin chiki wach chi xojal woʼ qa kukʼ .
jun qʼuʼq rajil ri kaxlaʼn wa .
xin wilo chi xeʼelik .
e kʼo ixoqibʼ pale kʼaybʼal .
man kʼotaju kʼisik ri mayabʼ aj la bʼalil .
ri sin kkʼiy pataqʼaj .
ri chʼi ma man kkʼiy taj pataqʼaj .
raj awaxik kjik ik ri waqän .
kawaj kinʼek .
e kʼooxibʼ akʼ .
xubʼij chwe jawi at kʼowi .
chweʼq kuj bʼeʼ pamuquj .
pasaq kʼa jaʼ kbʼan wiriuq .
xoj ki sikʼij .
xin wil wibʼ .
cha qʼ chik ri wa .
kimbʼe na ka pale woʼch .
kawaj kinʼek .
ri chʼuʼ ktij rukʼ lej .
pari ki qʼij kaminaqibʼ kbʼan qʼo ri kʼyaʼ rech aj : nabʼe ri nan kutzukuj kan riaj , kujachʼoʼ xuquje kukʼeto .
jas kajbʼal chanim ?
utzu chomanik ri ali .
pari qʼij oxlajuj tijax kin kʼis kebʼ junabʼ kin chakun waral .
sibʼalaj ko , ri kʼakʼ chʼat .
jas karaj kubʼij … ?
ri chʼi chʼ kasil abʼik .
paojerqʼal pul xaq xuwiri nim winaq ke kʼamowbʼe .
le u kunaxik le u kabʼ u kʼutunik are rukʼ e flor nitinao nutu nibʼaxik lenifur timox chiʼ le flor nitina chech t .b.g .
are ria chi xin chʼayowik .
junachi u bʼi kuʼx u sipaj kebʼ kʼaʼmulew rech kabʼan ri tijobʼal , kamik , kʼochik aj tij rechri komon xechpup .
xumal tyoxij che riaj tij ronojel le xukʼut chiu wach .
paribʼe xkiraq jun alajimul saq rij , xki kʼambʼik .
xril lebʼal e ala .
jas kubʼij chwe ?
leu kunataj em are rukʼ u tzukuxik leu chik opil pajun u solik u xeʼ le kikʼon le jaʼ rech jun nodo .
utz we nu tzʼiʼ .
jeʼ , tajin kachapon ik .
kin u loqʼoj le nu tat .
kawaj kimbʼe patinamit .
are laʼ kinchakuj .
ri nimaʼq taq winaq kʼoke taʼmabʼal .
we ta xatbʼe wukʼ pale tinamit ,xa loqʼta waʼ we jastaq .
ri ki kʼaslemal . wa iximulew xa jun chima are ta tinimit ri ma
ri ukʼyabʼal naj upam .
xat qaj chiupam ri il .
nojim kat waʼ ik .
we kʼojun ktuqaʼ rik , ¿la man xoqujeʼ taj kin tuq aʼr ri in ?
oj oj wokol ja .
awas kbʼan kʼax che junnim winaq .
xin chʼaw apan rukʼ le wanabʼ .
kʼax riupam rijuʼl .
tajin kewaʼ rii mul .
la kaj lakuj tzalij la aninaq ?
rumal rech cheri makaj man kʼota u kowinem pi wiʼ ri ix : riixmanix kʼota chichu xeʼ ri pixabʼ ,xane ix kʼo chu xeʼ ri sipanik .
nim raqan lecheʼ .
xin chapo .
are le tuʼrle loqʼ omanel .
xas kat kʼojiʼ chiupam ri chʼi chʼ .
sibʼalaj nim raqan ri kʼamalbʼe .
le tzʼibʼ abʼal wechin .
in xin toʼw la .
xaj e kʼuriʼ ri ixkamik riʼ man ix kaxlan winaq tachik ; ri ix,ix rechri ki tinimit rie tyoxlaj taq winaq ,ix rechri rachochri dyos .
xin tikoxlaj kʼalichaj .
kaqariq qibʼ chweʼq .
sibʼalaj u tzcheri wiʼ aj ri tuney .
we naj u pulik ta xeqajik . ..
xin toʼtaj cheri nu chak .
kʼojun chikopu bʼiʼ pum .
poqon ri ik .
xoj bʼinik .
xu chʼek ronojel le re tamanik xpaqiʼ k kʼax kwʼinik xubʼan aj kun .
kel u bʼik pari judeʼa e ktzalij chiu bʼi jumul pari galileʼa .
xina xibʼij pabʼe .
jeʼl kʼolem chia wachoch .
ronojel ri yaʼtalil pawe qʼataj , tzʼaqat ki wach , man ktzaqta kanoq xuqujeʼ man ktastaj .
xukunaj le yawabʼ le aj qʼij .
chi tatabʼej jasle kimbʼij .
chʼanal ria chi .
pabʼokoʼ kachakun wiri tax .
uj kʼo pau wuq qʼij .
kiʼ riu kabʼ ri aqaj .
kʼo rachalal patzʼoloj cheʼ ri peʼl .
xkilo chik in kʼoxomaj .
riu kisakʼ utz k yaʼik chiu xeʼ ri tikoʼn .
are taq chiʼ kaqʼan pu wiʼ ri jukubʼ , ria chiche xkʼojiʼ ri itzel uxlabʼal rukʼ , kutach rechri areʼ, a rech kkʼojiʼ rukʼ ri areʼ .
na kabʼantaj ta wumal .
xnaʼtaj chkexe atinik .
xinpaj ri nu triko .
xeʼok ri pokʼ pariu mexa ripoʼx .
ka juluw ria qʼaʼl chiu xeʼ ri tʼuʼy .
a wechlej a .
xujbʼe pa tzurik .
nabʼe xa topanik .
riu kabʼ ubʼiʼ rinu mamareyay .
u waj xaq u kakʼal taqanik (28).
mata kʼojun kakanaj kanoq , qonojel kojbʼek .
e nimaʼq le altomabʼ .
nim u wachri poʼt .
kojonik pariu tzij wa iximulew .
jas xukʼambʼi le tzʼiʼxa wilo ?
xin petik , tat .
ri bʼelaj u wach .
chi tatabʼej jasri kimbʼij .
jeʼl kunaʼ ria bʼix chiupam riququ lew .
kinbʼisoj u wachlewal .
x utʼuy ubʼaʼ .
nim ria we qeleʼn xa riqo .
xi neʼ waʼ oq .
chiʼ kewar wi lea kʼalabʼ .
ri nu miʼal xutaq loq jun taqoʼm wuj chiwe .
qʼeʼ lik , ri chaj paribʼe .
la utz a wach ?- utz mal tyox , e kʼuri at ?– utz mal tyox .
xin kos rumal nu chak .
kbʼe kukʼ rie ʼareʼ e ktzalij parinas are te keʼu nimaj .
rij oj xukʼambʼik ri akʼ .
kʼo chi wachiʼl chanim .
kubʼij chech naʼl kabʼan cheri atzʼibʼ .
e . .. in kawaj katzjoj bʼila chwe .
mata xinyaj le ali .
jachin rukʼ katbʼe wi ?
kʼo sibʼalaj e taʼmabʼal pari mayabʼ noʼjibʼal .
e man xori ju puqkej .
kasumum ri ka qiqʼ .
e kʼo kajibʼ a kʼalabʼ pale bʼe .
jeʼ jasri u tat kkaʼyik .
xaqat molonel tzijtal .
le nu tat kaloqʼon chwe .
xaq tanek imbʼei wukʼ .
xretaʼmaj u chʼajik .
rumal laʼ xkoj “ xal qʼat” che ubʼiʼ ri komon .
are leu kemik pas xretaʼmaj .
ri watiʼt kubʼan na riu patan .
kʼakʼ lepoʼt .
retaʼm u wach jachin xloqʼow ri pas .
ken chʼabʼej lea kʼalabʼ .
yaʼtal chaqe qonojel ri uj winaq u tzkaqil qibʼ .
xkotiʼ paqʼayes xoqʼik .
kawinaq bʼe lejebʼ qʼataj .
e kʼo kajibʼ ral rii mul , jun saq , jun qʼan , jun qʼeq , jun qʼeqoj , sibʼalaj ke tzʼanik , kechʼopin ik ri alaj taqimul .
k cholol ri achachal .
kete kik ri ikʼ .
xepetik rech kewaʼ i wukʼ .
tzatz ri uqʼanil ri akʼ .
xoj tzalij ik xi xeʼqa qʼatuj kukʼ le i tatinan .
ri yoʼx taqa kʼalabʼ kekikʼux ria tzʼyaq .
wea chiwe xu sipaj jun poʼt chwe xkamik .
kkowin ri kunanel che kunanik .
xjiqʼ pari polow .
xa rumal sibʼalaj raj awaxik le loqʼalaj jaʼ , le winaq xkibʼij : chewe ikʼ riʼ qonojel kuj bʼe cheu tikik taq cheʼ .
ri unan erie rachalal kepe u loq rukʼ ri areʼ, kʼate kʼuriʼ, man kekowin taj keqibʼ u koq rukʼ , rumal rech che e kʼo sibʼalaj winaq .
rumal rech , che man kʼota jun kkowin cheu kojik juntik ibʼalil chik chu wachri kojom chik che are rijesus kristo .
te kʼuriʼ xutzʼibʼaj ribʼ pari nimalaj tijobʼal rech aj kuʼn .
kajuluw ri chʼu mil cha qʼabʼ .
kʼisbʼal kanoq ,xoqujeʼ kkamri ixoq .
le alaxok ik .
kʼo pwaq pau wiʼ rimexa .
are kawaj na kinʼe taj .
ri yawal ku koj ri ali chiu xeʼ ri chakach are u suʼt .
na kaqa kʼamtuʼbʼi kamik .
riaj tij kubʼij chike : raj awaxik keqa chajij ri awaj , are u tikoʼn riaj aw .
xin tij muku niwir .
kʼax leu wiʼ taqlen uqʼabʼ .
xin loqʼ jun ilbʼal wibʼ .
waʼ we qʼij , nimu bʼantajik .
ri uxeʼal ri qa tinamit man kasachtaj .
xoj bʼinik .
ri achalal junam kiwach .
xin wetaʼmaj rilik wibʼ .
nim riu naʼoj waj tij .
miqʼin ri kʼul .
aj qʼojom ri ateʼk .
che le sanik cheʼ kbʼan wiri qʼojom .
kape le aw elpana wal jaʼ .
rimes onel tajin kchakunik .
u tzchaqe kaqatoʼ qibʼ , taq kʼo kʼax kʼolil , kate wechiʼn riaj aw paqa wiʼ .
xa wilo , xqʼatan le ibʼ oy .
xat kowinik xabʼano .
kiʼ ri kʼawex .
kajil il ribʼe .
le al ix elbʼik .
areʼ xraj xinbʼano .
nim we abʼaj .
jeʼ liku tiʼjo lal ri saq koʼr .
nojinaq rikej .
wekatijan xux man katu toʼta chiu qʼatixik le kʼakʼ yabʼil corona virus ( 2019-ncov) .
na nim ta raqan waʼ we cheʼ .
u tzalaj aj chak , riwel .
¿ jampaʼ kuj bʼe panimaqʼij ?
raj awaxik tane laʼ kat chakun wukʼ .
xutaq chiʼj pa waram pu lew .
man are tariax wan xelik .
ria wix xu loqʼ rachochre nimal .
are ri ixoq xin sikʼinu loq .
ri chʼi ma kʼatʼ onna .
la xibʼan lei chak ?
kʼi tinamit e kʼo pachʼoʼj .
kʼo jupuq chij chiu xeʼ ri cheʼ .
riu xaq ria bʼix are u wari kej .
kawinaq qʼataj .
lak ix pepa tijobʼal ?
we kechajix taq le kʼwa jacha kinbʼij ; junal ik kʼo jaʼ xuqujeʼ sibʼalaj saq loloj .
xretaʼmaj .
ri alabʼom ri alitomabʼ tajin ki kitijoj kibʼ rech su taq , are kakaj ki kibʼan nimaqa chijabʼ chupam ri ki kʼaslemal , xuquje kʼochik jupuq bʼixonel chupam ri komon .
la tzʼu wach ribʼe .
kʼakʼ ria chʼi chʼ .
qonojel uj , uj mayabʼ taq winaq .
nojel qʼij ria tiʼx kuyuqʼuj le taq awaj jelaʼ panikʼaj jaʼ , chirij ri juyubʼ ubʼiʼ tenaʼ .
pa qʼom chik risiʼ.
kintzukun che la .
kakitij le kinaqʼ, le ichaj , leu waʼlik rukʼ lej .
xe kanaj kan le aj chakibʼ .
ketikon ria chijabʼ .
sibʼalaj itzel u bʼantajik ri chʼi lakan .
ria teʼk xumal tyoxij cheri ra tiʼt , rumal riu tzalaj noʼjibʼal xukʼut chech .
kkamulixu chak ria bʼix .
la xin utzukuj le tijoxel ?
areʼ kachakun ronojel qʼij .
lee kʼaʼ na taq tzʼiʼ .
saq rij ri plamux .
jas xa qʼiʼo xatijo .
jas rukʼ xkichapwi u tijik le ri kil ?
we katat in rukʼ kʼatan jaʼ man kuqʼatej ta le kʼakʼ yabʼil corona virus .
la katbʼin paleu xlanbʼal ?
la waral kʼux ix waʼ wi ?
are le nu tat kin loqʼonik .
tajin kchakun ri ala .
kʼorikiʼ kotemal a wukʼ .
xuta jachin kaʼek .
xat waʼ ik xin wilo .
xtzaq ri rachoch rumal rij abʼ .
pale jun ikʼ chik are nimaqʼij .
e kebʼäm kebʼ in pau wiʼ ri tem .
mem ri achi .
ri wi kan chaliʼykel pajuyubʼ chwi tziribʼal .
le rajil , la paja xelaqʼax wuʼ bʼik ?
pari suʼt pisom wirilej .
koj petik kol qa kʼamaʼ .
tajin kat chʼopin chiu wachri ta qʼaj .
leqʼ or xchʼuqik .
kʼax waʼi ma wumal .
kinbʼison chelewal .
sibʼalaj kʼokʼ ri awa tzʼyaq .
kamik xuj bʼe cheu tikik taq cheʼ pari juyubʼ .
kin u loqʼoj le nu tat .
chaqiʼj chik ri chaj .
xyil ix ha wayi .
na xnaʼtaj ta chkechixe atinik .
rukʼ kʼuwaʼ we riʼ, ri ix kkʼojiʼ jun u tzalaji kʼaslemal riʼ chki wachri winaq che man e kʼo tai wukʼ, kʼate kʼuriʼ man kʼotajun winaq riʼ raj awaxik chiwech .
e petinaq pabʼe le rachalaxik .
kakaj lea kʼalabʼ kewaʼik .
xuj chʼaybʼik .
ri nu chak are qʼaxel tzij .
kʼo naru xlabʼ ri awaj .
tajin kel loq , ri qʼij .
xu qʼiʼo xkamsax ri rachalal choch .
ri numam are kʼo uqʼinomal .
xkʼulmataj jumul , xubʼan junnimalaj jabʼ , man xbʼeye taj ta na xukʼisle uyuqʼ chike .
amaʼ rinu tzʼiʼ .
jewaʼ katpetik .
xin kosik rumal xin chakunik
i wech chi jujunal , ri wa .
x uqʼiʼo na xata tintaj .
in riq tajinaq pari kʼayibʼal .
na wetaʼmtaj .
kʼax len uqʼabʼ .
utz le xubʼij lea chi .
kematzʼibʼ .
kʼo rachalal patzʼoloj cheʼ ri peʼl .
ronojel waʼ we jastaq riʼ, xas ksach wi u wach waʼ ; rukʼ weriʼ , ri ix , raj awaxik che kʼojun tyoxlaji kʼaslemal e kkʼojiʼ rii chʼawem rukʼ ri dyos ,
xmuq taj ri patzʼan .
ri chʼi chʼ tzijom kanoq pariu kʼolbʼal .
man kʼota u cholaj pataq ria wuj .
ja chike ikʼ leu nimaqʼij le tinamit na wal jaʼ ?
xepetik xol kikʼamaʼ .
kachuqʼ chu tri jaʼ chi apam .
xinbʼij iwir chi xebʼe paarmita .
areʼ u xeʼ ojer tzij waral kʼicheʼ ubʼiʼ .
xkʼisri nu siʼ .
jawi xkibʼij wi chikeʼe wi ?
¡ xa je kʼuriʼ, jachin taq rie kʼo pari judeʼa, chi chanim cheʼa nimaj ubʼi pataq ri juyubʼ ,
kʼakʼ ri abʼ .
la kʼojun na kakʼoxo majtaj ?
na utzta le utʼisom le almariy .
man yaʼtal taj chia we katok paja .
jeʼ, xat utzukuj .
are kel waj xaqibʼ uqʼij ri xkʼojik .
ri xun kur kkʼojiʼ pataq ri triko .
xin sachik .
x utʼuy ubʼaʼ
nan utom tale tzij …
wachʼom riki wari noʼs .
e kʼojobʼ chʼi l wa kʼ .
raj awixik chi pataq ri tijobʼal , panikʼaj u bʼixik chik
ri raj aw ru lew areʼ tat kel .
we kʼu xokik , we kʼnaxok ta
wea chi xu sipaj junpʼot chwe .
atat u taqoʼn leqʼatal tzij .
na qʼanta u wachle qap rut .
ri xaʼr kʼo pau wiʼ ri qʼaqʼ kpoqʼowik .
ri roqʼej ri ali ja chakpe juna kʼal .
kʼojun alapa tijobʼal .
säqu wiʼ ri tataʼ .
ri witzi kʼ tajin kpeloq .
jawi xsachon wi kan uyaʼik le pwaq che .
utz wea chiwe xin kunanik .
qonojel kuj waʼ pau wiʼ rimexa .
ri ka xlaʼnik man poqon taj .
in xinbʼe rukʼ ri wachiʼl .
sibʼalaj jeʼl xkilo xe kitzoqopij ri kichij chilaʼ .
kin bʼinik xinʼe k .
kʼax kʼolik , kachaʼ .
kutij ixim ri akʼ .
ri alix chel , xu qʼiʼo xa junakʼ x sipax che .
xqa sikʼij le ixoq chu tzakik subʼ .
mata xa bʼinsaj le chʼi chʼ .
ripix tzʼaralik rumal rie qaʼn .
¿ jampaʼ kel chi 3%
kʼojun nu kʼotoj chiʼ aj .
tajin kewaʼ kat ri alabʼom .
xin loqʼ le nu kʼakʼ apoʼt .
na u tzakik ta subʼ tajin kuʼano
xoj u taq chiʼ ij xoj waʼ ik .
i wechri abʼix .
saq rij richij .
aj sik cheri tinamit kel wiri tataʼ .
-¡ay !xa xin tzaq u loq , kʼax we waqan .
xkʼulmataj pajun komon chiʼ u wach jun juyubʼ , xuriqa jun qʼij xkiriq kibʼ junimul rukʼ le kok .
jas xa taq chiʼj lea kʼal chu tijik ?
xin chapo su xu loqʼo .
qʼinom ri a chi .
ri kʼum ktijow rukʼ kabʼ .
tajin kejachʼa nik .
tzebʼal u kemik le pasa wumal .
are kayoʼw leu chi kopil leu bʼantajik try pano som ab ruc ei .
we kat nimanik u tzkelik .
pero noʼjimal petnaq loq , .
are le nu chak jun tzuqbʼal wibʼ .
x kunax le yawabʼ rumal le aj qʼij .
riu kʼuʼx tzʼibʼ paqa tzij e lajuj .
sibʼalaj jeʼ lik rie qabʼal xubʼan ri luʼs .
sibʼalaj at kon .
e man xori ju puqkej .
na xnaʼtaj ta chkexe atinik .
ri kʼamalbʼe xubʼij chike , chi maj aria nim .
jumuchʼ rinu junabʼ .
qʼip tajinaq ri raqan ri tem .
kchakun rukʼ rijosbʼal cheʼ riaj anel .
xa taq chiʼj lea kʼal chu tijik kar .
oj kʼo paleroʼ chle awel .
¿la kat pequ kʼchweʼq ?
le winaq pale chʼi chʼe tʼuyul lo wi .
xkanaj kanoq chiu xeʼ rijabʼ ri chʼaʼn .
nim ri ja .
we ta xa kunaj lea tatmata xkam laʼ .
na nu kʼamom tuʼ la riʼ.
chqa nukʼuʼ riqa tzij .
kimbʼe pale tinamit .
xin qʼiʼo na xin atintaj .
raj awaxik kakʼaman chawe leu tijik le lej .
kʼisbʼal taq noʼjibʼal .
xi neʼ waʼ oq .
xkibʼan kʼax che leu wosaq rumal man utzta chi kakayik .
ri qʼutuʼm man kech ta lea kʼalabʼ .
are na nim ta lea tzʼiʼ chu wach lenu tzʼiʼ .
xepetik xol kilaʼ .
¿ jaw chiʼ xa taʼ che xkam riu mam ri poʼx ?
e kebʼ kekʼambʼik pa tuj .
xin loqʼ jun ja pari wokaj ja .
ria xtuʼbʼ , kʼoqulaj chech .
jas karaj kaʼan chu tzakik le tiʼij .
xu tij lewa .
ximbʼal re tzij .
xpax ribʼoʼj .
we kawaj katin toʼo xaq xuwi kabʼij chiwe .
jas nukʼuku chʼobʼo .
jas karaj kutijo ?
xe xru xlabʼ ri ri kil .
eni tzʼaʼq le taqim ul .
we tane in xin bʼanowik , are lea teʼ k xbʼanowik .
kin tzalij pale nu tinamit .
rinu chaqʼ kʼo pau roʼ qʼatoj tijonik pari tijobʼal .
xin xiʼj wibʼ xin chʼawik .
kʼo chwaroʼ chle pare .
chi raqan kabʼin wiri tataʼ .
xsachon kan uyaʼik le pwaq chech oj a .
xin qʼax chi kixoʼl riwinaq .
ketikonik .
riu lew man qech taj , kechri qatiʼ tqamam .
xepe le winaq xol kikʼamaʼ .
xu loqʼ ri wuj rumal ri ali .
chewe qʼij kamik kʼojunnu tzijonem chirij le nu tinamit .
kej riʼ.
x kunan alaq chwe .
kin u sikʼij lenunan .
rii mul xuchʼij taj , xkanaj pabʼe , rumal ri nimal kujal uj rii mul , xu tzaq ria nim .
kubʼan riu xoqʼoʼl riaj tzʼaq .
ri la sibʼalaju tzche kunabʼal .
kʼi ki wachri eʼ aj chakibʼ pari komon tyox , kʼate kʼut xajun chiaj awxel ;
xqata chi xatulik .
kawaj chi katʼek .
chʼutiʼn ke kanaj ri xaj abʼ chech .
kaqaxiʼj qibʼ kaqachapo .
e kʼokebʼ ukʼajol le tat x wan .
luʼ su bʼiʼ ri rech am .
aj chiu wiʼ miqʼin jaʼ ri luʼ .
xinya kan le nuchim pakʼaybʼal .
kʼate xrilo , xpe riunan cheu tzukuxik , xkikotik , xu salabʼisaj ri taqu xkin .
xkikʼut chiu wach riaj tij xuqujeʼ chiki wachri taq nikʼaj kachil .
utz lenu qʼabʼ .
kul le al weʼl paa ustin cha qʼabʼ kamik .
ria teʼk xtzaqloq are chi kʼo pau wiʼ riqʼaʼm .
aj patan ri teʼk .
xat qaj chiupam ri il .
lakʼo tzij na kikʼoxo majtaj ?
x sachon chke chixea tinik .
ronojel leu lewe chalaq .
la xebʼe kʼulaxeʼ ki jaqa kʼu leu chiʼ ja ?
xaq kat chʼok naj iwir .
kamik kʼo chiri jastaq a we .
are chiʼ kakʼisri junabʼ kʼoqʼinom .
pan awal jaʼ xin alexik .
na xin tataj we are ria kʼal ki xtzuquwik .
¡ ru lew ri sabʼul one ru lew ri neftali, ubʼe ri polow , ru lew ri jor dan, gali leʼa kechrije taq amaqʼ !
rax , rax , rax , kʼokʼ, kʼokʼ , kʼokʼ le ruxlabʼ le taq tikoʼn .
a chi xat wilo .
paqal rajil le pix kamik .
xoj bʼinik .
pajun jeʼl tijobʼal ku tijoj ribʼ juna kʼal , ubʼiʼ poʼx , utz kurilo kepa tijobʼal ronojel taq qʼij .
xwaj chi xatʼe taj .
utz laʼ le xubʼij lea chi .
wetaʼam jachin kapetik .
kin qʼojomanik .
xin qʼiʼo ta kʼal ik xin petik .
areʼ retaʼm che kinopan ik .
are tabʼale qaqaj aw chat toʼwik .
kawinaq waqibʼ qʼataj .
naqaj chik cheri u waq kajbʼal are taq chiʼ ksach u wachri qʼij , kok ri qʼequʼm chu wachulew , chi kʼateʼ naribʼe lejebʼ kajbʼal .
jobʼ raqan ri tzʼalam xeporoxik .
sibʼalaj korij rimop .
are waʼ .
jelaʼ pari timinit chwik ab yok rech xelajuʼ , le qa nan qatat kakitiko jeʼlalaj taq u wachichaj .
kʼax nuqul .
xuʼ lukʼ amaʼ .
kojul kitzukuj .
are man kʼax ta u kunaxik are taqaninaq kaʼilitaj we yabʼilal xuqujeʼ mojoʼ qa kuyaʼ le kʼax kʼolil chech le jolomaj .
riwel kʼo patijonik .
kawaj kinbʼij .
ri kotzʼiʼj kqa koj chiupam ri ja .
qʼeq qʼoj rij ri amaʼkej .
na xwajtaj xin chʼawik .
ch petabʼale loqʼalaj jabʼ .
xsachon chke xat ki sikʼij .
eleqʼ al chʼi chʼ .
jachin xa wilo chi arex tijow ri tiʼj ?
ma takabʼe le nuxbʼal pale tinamit .
pim ruq , ri ali .
¿ kʼorim uqʼe chia wech ?
kqabʼij man kekowin taj .
kin tij na .
kʼojun qa tʼuʼy paja !
kʼo puj chiupam ri chʼaʼ k .
are taq kin kosik kin warik .
xat waʼ ik xin wilo
in xin chʼayow lea chi .
konojel ri alaxik keʼe tzʼanik .
jas rukʼ xkitij wi le kirikil ?
aninaqil kat petik .
nara xta u wachle juyubʼ .
ri tzʼalam tzʼibʼa bʼal rax kkayik .
wechat chakunik , kʼoa wa .
maʼtam xat pe cheri waʼ im .
kamul kin waʼ na .
risikil ktijow rukʼ ik .
kimbʼe aqʼan rukʼ le al talin .
xoj ʼe k xeʼ qilal ar qasok .
xe kiqʼil le aj chakibʼ xkiwok le ja .
matanex waj le kʼuhjnem rukʼ le ateʼk .
are xeʼopan chiu chiʼ ri juyubʼ , xkilo chi man qasta kʼo qʼayes .
kʼate kʼut , rijesus man kkojon ta chkech rie ʼareʼ, rumal rech che konojel retaʼm ki wach,
paʼ tzrij ri tzʼiʼ .
juwinaq waqibʼ qʼataj .
at elaqʼom .
xaqat joʼs .
ri qʼatzu, are qʼalaj riu qʼijil .
aj chak we ala .
ubʼe le jukakʼal taqanik (29) .
kebʼ nu bʼiʼ kʼolik .
la katzalij lu ʼla aninaq ?
katzukun la chwe .
la kaj la koj bʼeʼ pale chomal chweʼq ?
xin nabʼej chu tasik qa kʼolibʼal .
lal xin toʼwik .
sibʼalaj a noʼjibʼal .
xojpetik xol qa kʼamaʼ .
sibʼalaj jeʼ lik riu waʼl rii chaj .
kʼax wij rumal in pachalik .
are taq xukʼulmaj waʼ xul riu chomanik xubʼij : are utz waa qʼabʼ kin walijik , are chaʼ chanim kinopan pa tijobʼal , maj chik in kʼulmaj .
oj aj xojol obʼ pa awasqʼij .
xin sach che leu wokik le tzij .
e julajuj ri akʼ .
xuta jampaʼ kojʼek .
qilik .
ri tijoxel man are tanim chu wachri raj tij . riu tztijoxel qas jeriʼ kʼolik jasri raj tij .
in xa tin chʼayo .
noʼjim chak wumal .
chʼur rijochʼ .
in kinbʼij na kat sachtaj .
uj mayabʼ .
ri abʼaj yatzalik .
tajin ke pixbʼax ria kʼalabʼ .
chom ri aq .
xin warik .
elemen konojel ria kʼalabʼ .
tajin kqʼanarik riwe reʼ aj .
le u kemik lepas utz ( chawe ).
xuyu pubʼau wach raʼ chi , kachaʼ, .
ri satanas kok pari judas ri kbʼix is kariʼo tech rech , ri areʼ jun chki xoʼl rie kabʼ lajuj .
chu chu ripar .
kinqu muj ri nu jochʼ .
chech punción lumbar amaqʼel raj awaxik chech rilik leu kʼexbʼem wi le nabʼe rukʼ leu kabʼ u kʼutunem le yabʼilal .
qʼalaj chi na kawaj taj kabʼij .
kʼoqʼol chirij ri siʼ .
jawix ojʼewichu loqʼik ?
kʼo u lochʼ ri talin .
qʼan rij ria tiʼt nu kej .
lax tzalij la iwir ?
xesikʼixik , kʼate kʼuriʼ xeyajik , xuqujeʼ xetaqbʼi cheu sikʼik le mes .
lak ix warik ?
are kʼu lepalo max xubʼij che :- mam kat bʼison taj , kin sikʼij nikʼaj wachiʼl kerapapik .
aʼre e tijoxel abʼ .
ri alaj ali siʼl xubʼij xqachap pau tzal ri tyox .
xsachon chke jachin xea tinik .
jas xu rayij lea nan xutijo ?
xin kosik .
rax ronojel ri qʼay es rumal le jabʼ .
kin yawaʼ we chʼi chʼpinem na utz .
noʼjimu pachʼuxik le nu wiʼ .
naj kʼowi le woʼ ch chu wach le tijobʼal .
ri okibʼal kʼo chiu wachri saq ja .
xe nu taq chʼij ke kil lea kʼalabʼ .
kʼojun qʼoxowem chiwe .
tzari choʼm .
we choj bʼe pale nimaqʼij , keqil le aj xojol obʼ.
xoj ʼe k xeʼ qilal ar qasok .
ria teʼ k xutaʼ chechri nantoʼn : -nan jas cheʼ chi man kajtal aqa kʼatisaj ri joʼ q .
ri pal sibʼalaj xuʼy .
kin koj ri jokbʼal u lew .
in kinbʼij na kat sachtaj
at raj kun lenunan .
ku qamuju joron riaj tzij .
luʼ tzʼalam ubʼiʼ ria chik elpanim cheʼ .
jeʼ liku tiʼjo lal ri saq koʼr .
kʼojun xaʼ rpaja .
xin loqʼ jun kʼakʼ patan .
kʼax u kemik le pasa wumal .
aninaq u kemik le pasa wumal
ri chʼaʼn sachinaq pataq abʼ ix .
rax taq le kotzʼiʼj .
mesom kanoq riupam ja .
man are tar alax kosik .
ri komon xechpup rech uqʼabʼ tinamit xoʼl abʼ aj rech qʼumar kaj .
lau tzakik kʼusubʼ tajin kuʼano ?
katela !
na xutij taj .
xa rumal ketaʼm konojel riwinaq kkiqumuj lejaʼ .
iwir xuj tzalij la pa kʼaybʼal .
qetaʼm cheri qa wakuj u toʼo .
riaj tij , kyaj on chikechri a kʼalabʼ .
jas u bʼanom le nu chʼu titat ?
chweʼq kinbʼe panim tinamit .
utz we ki wetaʼmaj jas kubʼij ri cholbʼal qʼij .
tajin kat jilow che uqʼoxom jolomaj .
xin tik qʼax chiu wachri ja .
kʼax le kibʼe le winaq .
loqʼ kat kun taj che le yabʼil (covid-19) .
ri nuxibʼal kel paqajbʼal qʼij .
xril riax wan chi x waʼ ri ala .
le al ix kun atajik .
we ta kapelej abʼ kamik .
xin wetaʼmaj chi na xat petaj .
ri pwaq rech we qʼataj riʼ kesax chechri tojbʼal kʼayinem .
ktij riu waʼlik rumal ri ki nimaqʼij .
xuchapu kunaxik .
chatan loq ali .
xin xu liʼ qaj oq .
jeʼ lik ktijow ri taqik ox .
kʼate kʼuri le tat xoʼr xubʼij , man kawaj taj , man kawaj taj .
kʼojun tzʼiʼ pabʼe .
kamul xin pechea tzukuxik .
man tajin takin chakunik .
kin chakunik rech kat waʼ ik .
jas rukʼ xawil wi chi xkiqupij wile tiʼj .
jas ubʼixik … ?
koqʼ ri akʼal .
kawaj na katʼe taj .
xat qʼaj ik .
wem na cha loqʼaxiyal , nakimbʼe ta a wukʼ .
xopan le wuj awukʼ rumal wechin .
are kʼut pale juyubʼ kkʼiy joron , chilaʼ xe kikʼama wiri jaʼ ri winaq .
koqʼ ri akʼal .
we kʼo a rajil cha kʼama loq .
are sibʼalaj kaq le apoʼt chu wachle nu poʼt .
xin kʼastaj pakabʼ lajuj kajbʼal .
kaqoyʼej na ki xpetaj .
kok axim richij xa jelaʼ man kanimaj tabʼik .
ri kok nojim xbʼek , xuchʼijo xopan pau kʼisbʼalil lea nim .
xoj kiʼkotik are taq xatulik .
kaqi tzʼnaj riu xaj abʼ ri akʼal .
rijesus k waʼ kat pari nim rachochri dyos , chu xeʼ ri jun ja che rachochri salomon .
wetaqanik riʼ kubʼij chi raj awaxik kyaʼ uqʼij ri winaq xuqujeʼ ktoʼ aninaqil .
ria xux are na riu kunel ri kinaqʼ .
are taq waʼ ri uqʼijol wetaqanik .
kʼojun tabʼal pau wiʼ ri xkan ul ubʼiʼ lajuj noʼj .
yuʼl u bʼanom riu kol obʼri kej .
xanimaj ria kʼal chiu wachriu chu ch .
k kunan ria chi .
kin waʼ ik rech na kin yowaj taj .
aj xik chʼi chʼ riluʼs .
kwaj che ix kixbʼanow ik .
aʼre xetoʼw alaq .
xoj ʼe k xeʼ qilal ar qasok .
xin loqʼ jun chʼi chʼ , qajinaq u wach .
k utʼis ripan talon .
e janipa le awal kʼwal e kʼolik ?
utz u kemik lepas chawe .
rimax are aj qʼaniyaʼ .
matabʼa chiriq kʼax pale bʼe .
tajin kanimaj , rimeʼs .
ix ixeʼ laqʼom abʼ !
x sachan chwe .
e kʼo kʼicheʼ , chiu wachri juyubʼ .
are waʼ ri nimalaj pixabʼ e are waʼ ri nabʼe .
xretaʼmaj chi rukʼ pa kʼkutij wi
jas u tzakik le subʼxuʼ ano ?
aj xoʼy ri wi kan .
we tane aʼre xetijow le ri kil , are le komon xetijowik .
sibʼalaj aninaq kachʼaw le areʼ chi nu wachin .
utz we kin chakuj .
meʼs laʼ .
kʼo kan wa rech kaqatijo .
xin sikʼij la .
ria kʼal xsach kanoq jelaʼ pataqʼaj .
xe sikʼij la .
jawi xkibʼij wi chikeʼe wi ?
rumal che , man ix tariʼ ri ki xchʼawik , are ri ru xlabʼaxel rii tat riʼ ri kchʼaw nai wukʼ ri ix .
kʼakʼ ri wachoch .
sibʼalaj utz kin wil lea tzʼyaq rech na hu ala .
saq por kkayri ki poʼtrinan .
x sachon ri nu chak chwe .
waʼ im xuchapo .
ri qʼaqʼ tajin kajuluwik .
naj il upam ri siwan .
e kʼo ri qachalal pa chiu wiʼ la .
jas xa taq chiʼj lea kʼal chu tijik ?
noʼjimu kemik le pasa wumal .
kʼojun kuku bʼiʼ tintin, waʼlelaj kukmam kajeqitaj , kapaqik axulik pau wiʼ uqʼabʼ taq cheʼ, sibʼalaj sakʼaj , keʼu to lee nimaʼq , chʼutin, rachiʼl , aj sipanel sibʼalaju tzranimaʼ .
riu pixabʼ le qʼatbʼal tzij kiyaʼu bʼixik .
na xsachonta chkexe atinik .
xeqil le chikop pu wile ja .
xloʼtaj ri akʼal .
qonojel kuj waʼ pau wiʼ rimexa .
xsik irle waqan .
la xat waʼ kʼut ?
nim ubʼaqʼ ri tul ul .
kin xi kʼikʼik xin qʼaxik .
la katbʼe pale tinamit ?
ri pal sibʼalaj saq ʼor .
k qʼoxow nu jalom .
xin naʼo chi kat petik .
x loqʼule wi wechix .
xin chakun rukʼ ri numam .
na xqabʼantaj .
kkʼojiʼ bʼaʼ riu sipanik riaj awxel jesus kristo rukʼ ria wu xlabʼal !
kin chʼaw rukʼ le nunan pale chʼawebʼal .
sibʼalaj qʼequʼm rumal ri may ul .
are leb axulik .
xekos le ixoqibʼ pale bʼe .
kʼax rilik lea kʼal chawe .
xin qʼiʼ oxina tinpa joron .
sibʼalaj nim le tinamit .
kʼax u kemik le pasa wumal .
xin sachik .
tajin kel u kikʼel paraqan ri tzʼiʼ .
xin wetaʼmaj rilik wibʼ
ri qʼuqʼ are jun jeʼl chikop .
kʼo paja tijobʼal ri wikaqʼ .
ri sachibʼal mak raj waxik chiqa xoʼl .
jeʼ , kimbʼek .
jel aleʼ rinup wiʼ .
xubʼij che :- jas xa bʼano tintin ?
kabʼan jun toqʼobʼ kyak ri nujal .
katʼek xinta .
jasleu kʼexbʼem ribʼ lejun rukʼ lejun chik ?
aj chiu wiʼ miqʼin jaʼ ri luʼ .
ri tijonel naj kpe wi .
teʼ ki xchobʼ ubʼiʼ ri nu tat .
rijaʼ kamiqʼik chiu wachri qʼaqʼ .
ri tʼuʼy k paqʼowik .
kinmes onna .
na qajat kʼowi chiwech .
xin bʼisonik taq na xat pet taj .
we xkam ri winaq , ri pwaq rech tojbʼal makaj kyaʼ chikechri ralaxik .
ri nunan xbʼe pakʼaybʼal .
xoj u kʼam u loq rech koj rilo
x kʼoto chin chiki wach chik in waʼ a wukʼ .
na xkikamsaj taj xkikʼambʼi choja .
kʼakʼ ri ikʼ kamik .
ximbʼe rukʼ le aj kun iwir .
rilik .
le tzʼiʼ xekosik .
xin kikota wumal .
rii mul xumaj ria nim , xuya kan le kok .
kʼo oj cheri akʼal .
xujbʼe pajun kʼulanem .
utz we k waralaq .
kaqilo chi na koj u kʼamtaj .
xretaʼmaj chi rukʼ pa kʼkutij wi .
sibʼalaj xin kʼaʼnarik .
xin kochij ri nuwa .
man kat kowin taj kat chakunik , we man kʼota ri ajilabʼal .
we wonon xubʼij chike :- ki xin to .
ri alanim kril wiri umam .
xkaʼy chirij ,xkaʼy chu wach , ma kʼota chi jun ksilobʼik , xoqʼik xu xeʼj ribʼ xchʼopi nik xtzalij loq xuriq tachik ri ubʼe .
kʼopu scheri wa .
pinem na kabʼe lewatz , kimbʼe wi in pa kaʼyibʼal .
ri nantoʼn nim winaq chik , saqu wiʼ , ronojel aqʼabʼ utz kunaʼo ka tʼuyiʼ pau tem , ku miqʼisaj ribʼ chori qʼij , kʼojunu wiʼ u mam ubʼiʼ a teʼ k .
man e kʼitaj riqulaʼ .
qʼalaj chi na kawaj taj kabʼij
x paqabʼisax rajil ronojel ri kem .
kʼo pari jul ri kumatz .
ronojel qʼij kin chʼaj le nu ware .
saq chi kan le ichaj rech katzako .
chu xele qachomal kaqatij wi jun q ameqʼin .
cha wilaʼ .
e kʼojobʼu miʼal , ri nu tat .
jas rukʼ xa wil wi
jeʼ jasri winaq rechri u wachulew , xoqujeʼ ke pena riʼ rie ʼareʼ chee rechri u wachulew ; jeʼ jasri winaq rechri kaj , xoqujeʼ ke pena riʼ rie ʼareʼ e rechri kaj .
xin tijo .
k tzʼujuw ri rachochri poʼx .
x uqʼiʼo are leu kʼulel xyaʼow uwa .
ri awel xretaʼmaj chi raj awaxik man ku xej taribʼ cheri tuk ur .
jukʼulaj winaq xeʼa nimajbʼik .
jeʼ,xin tzalij ik .
xojpetik xol qa kʼamaʼ .
maj jachin xʼe k .
in aj tij ; at tijoxel .
saqu wiʼ ri tataʼ .
wechri kem .
leroʼ ch le ateʼ kkʼo chwachle u kʼay lenunan .
kbʼe pari siriʼa e pari silisiʼ a, jawijeʼ kuya wiri ki chuqʼabʼ ri komon tyox .
pixabʼ : man u tztaj kʼax kuj chʼaw chikij nikʼaj qachil .
xkunataj le ali ( kumal ri ixoqibʼ ).
ri xibʼibʼal chi kʼowi pataq ri qa kʼaslemal ronojel qʼij .
na kuj war ta waral .
on che kkʼojiʼ riu tzil chi xoʼl , are ch junam ri qa kojonik , junam rii wechix rukʼ ri wechin .
pa ox qʼij ri saʼn kbʼe na rukʼ riaj kun .
ka winaq wuqubʼ .
jas kawaj kin tijo ?
we ta xatbʼe wukʼ pale tinamit , xa loqʼ talaʼ leu jastaq lea kʼajol .
kebʼe pa waʼ im .
xin loqʼ kʼiwa .
pajunnim kʼacheʼlaj , kʼojun kʼ waʼ sibʼalaj saq loloj , nimu wach .
kwaj katij jubʼaʼ wa .
ronojel winaq kril na riu kolonem ridyos ».
x kʼoto chin chiki wach chik in waʼ a wukʼ
kwaj na katʼe taj .
la xa loqʼ junalej ?
e kʼorie loqʼ omanel .
riu kabʼ ubʼiʼ rinu mamareyay .
kinjopij rii jaʼ rech triko .
xnaʼtaj chkexe atinik .
xateʼ qilaʼ .
kakitij alan xax riwinaq .
. .. kinbʼij chi are waʼ sinxiʼan .
na xin nabʼej ta chu tasik qa kʼolibʼal .
rumal rech chewe ri in , kin chʼaw rukʼ ri dyos pa chʼabʼal , k chʼaw na kʼuriʼ ri wuxlabʼal rukʼ ri dyos , kʼate kʼut man kʼota u patan riʼ chrechri nu chomabʼal .
xepetik xkilo .
xuta we katʼek .
utz u kemik lepas chawe .
rinu wakax xutij jun qʼoqʼ rumal riʼ xkamik .
rumal ri kʼix , man kewaʼ taj riwinaq .
xeʼulik .
qʼeq rij ri amaʼ chij .
xraj kaʼe leu nan .
junam ki junabʼ .
na qʼalajtaj wekaʼek .
ri wi xnam chʼaj chʼoj ri rachoch .
waral man kʼotaj aj awal .
na iwir ta xril le kʼamolbʼe .
xin pe loq te kʼuriʼ xintzukuj ronojel ri nu rajil .
riaj tikonel kutik ri tzij .
kʼo e ki kʼajol lea chijabʼ .
kutij qʼayes ri ix paʼ ch .
pari waʼbʼal e kʼo kawinaqa chijabʼ .
sipojinaq ri nupam .
kayaʼtajik rukʼ u tiʼonem jun riu riqom le yabʼil a molot setsé xuqujeʼ are kayaʼtaj pataq ri juyubʼ .
jachin ria chi ?
ri numam xkamik are taq kʼo jumuchʼ lajuju junabʼ .
kin kowinik kin kʼambʼi le pwaq .
kin wilo chi utz ria jiʼ .
xin qʼil ri apoʼx che man kachakun taj .
k waʼ chiu wach letaqʼaj ri amaʼakʼ .
rii mul xepoqʼik pajun ikʼ .
xkʼis kanoq riqa chak .
are ri alixoj ilow kanoq .
sibʼalaj chʼuʼj ri amax .
kʼonu wachiʼ .
in chajinel kech lea kʼalabʼ .
xeko sle tzʼiʼ .
kinbʼena kukʼ ri molaj .
ronojel aqʼabʼ kinyi tzʼri wakax .
karap in ik xutzukuj chi jun awaj .
leu kemik le pasan inaq (a wumal ).
maj u rajil le qʼabʼ arel .
kʼax riʼ ri kachʼawik .
xoj u taq chiʼj lea chi chu loqʼi kichaj .
sibʼalaj kʼax ri xkʼulmaxik .
xkilo chi na kin kʼoxomaj taj .
xnaʼtaj chkechixe atinik .
x kʼoto chin chiki wach chi xojal woʼ qa kukʼ .
jun qʼuʼq rajil ri kaxlaʼn wa .
xin wilo chi xeʼelik .
e kʼo ixoqibʼ pale kʼaybʼal .
man kʼotaju kʼisik ri mayabʼ aj la bʼalil .
ri sin kkʼiy pataqʼaj .
ri chʼi ma man kkʼiy taj pataqʼaj .
raj awaxik kjik ik ri waqän .
kawaj kinʼek .
e kʼooxibʼ akʼ .
xubʼij chwe jawi at kʼowi .
chweʼq kuj bʼeʼ pamuquj .
pasaq kʼa jaʼ kbʼan wiriuq .
xoj ki sikʼij .
xin wil wibʼ .
cha qʼ chik ri wa .
kimbʼe na ka pale woʼch .
kawaj kinʼek .
ri chʼuʼ ktij rukʼ lej .
pari ki qʼij kaminaqibʼ kbʼan qʼo ri kʼyaʼ rech aj : nabʼe ri nan kutzukuj kan riaj , kujachʼoʼ xuquje kukʼeto .
jas kajbʼal chanim ?
utzu chomanik ri ali .
pari qʼij oxlajuj tijax kin kʼis kebʼ junabʼ kin chakun waral .
sibʼalaj ko , ri kʼakʼ chʼat .
jas karaj kubʼij … ?
ri chʼi chʼ kasil abʼik .
paojerqʼal pul xaq xuwiri nim winaq ke kʼamowbʼe .
le u kunaxik le u kabʼ u kʼutunik are rukʼ e flor nitinao nutu nibʼaxik lenifur timox chiʼ le flor nitina chech t .b.g .
are ria chi xin chʼayowik .
junachi u bʼi kuʼx u sipaj kebʼ kʼaʼmulew rech kabʼan ri tijobʼal , kamik , kʼochik aj tij rechri komon xechpup .
xumal tyoxij che riaj tij ronojel le xukʼut chiu wach .
paribʼe xkiraq jun alajimul saq rij , xki kʼambʼik .
xril lebʼal e ala .
jas kubʼij chwe ?
leu kunataj em are rukʼ u tzukuxik leu chik opil pajun u solik u xeʼ le kikʼon le jaʼ rech jun nodo .
utz we nu tzʼiʼ .
jeʼ , tajin kachapon ik .
kin u loqʼoj le nu tat .
kawaj kimbʼe patinamit .
are laʼ kinchakuj .
ri nimaʼq taq winaq kʼoke taʼmabʼal .
we ta xatbʼe wukʼ pale tinamit ,xa loqʼta waʼ we jastaq .
ri ki kʼaslemal . wa iximulew xa jun chima are ta tinimit ri ma
ri ukʼyabʼal naj upam .
xat qaj chiupam ri il .
nojim kat waʼ ik .
we kʼojun ktuqaʼ rik , ¿la man xoqujeʼ taj kin tuq aʼr ri in ?
oj oj wokol ja .
awas kbʼan kʼax che junnim winaq .
xin chʼaw apan rukʼ le wanabʼ .
kʼax riupam rijuʼl .
tajin kewaʼ rii mul .
la kaj lakuj tzalij la aninaq ?
rumal rech cheri makaj man kʼota u kowinem pi wiʼ ri ix : riixmanix kʼota chichu xeʼ ri pixabʼ ,xane ix kʼo chu xeʼ ri sipanik .
nim raqan lecheʼ .
xin chapo .
are le tuʼrle loqʼ omanel .
xas kat kʼojiʼ chiupam ri chʼi chʼ .
sibʼalaj nim raqan ri kʼamalbʼe .
le tzʼibʼ abʼal wechin .
in xin toʼw la .
xaj e kʼuriʼ ri ixkamik riʼ man ix kaxlan winaq tachik ; ri ix,ix rechri ki tinimit rie tyoxlaj taq winaq ,ix rechri rachochri dyos .
xin tikoxlaj kʼalichaj .
kaqariq qibʼ chweʼq .
sibʼalaj u tzcheri wiʼ aj ri tuney .
we naj u pulik ta xeqajik . ..
xin toʼtaj cheri nu chak .
kʼojun chikopu bʼiʼ pum .
poqon ri ik .
xoj bʼinik .
xu chʼek ronojel le re tamanik xpaqiʼ k kʼax kwʼinik xubʼan aj kun .
kel u bʼik pari judeʼa e ktzalij chiu bʼi jumul pari galileʼa .
xina xibʼij pabʼe .
jeʼl kʼolem chia wachoch .
ronojel ri yaʼtalil pawe qʼataj , tzʼaqat ki wach , man ktzaqta kanoq xuqujeʼ man ktastaj .
xukunaj le yawabʼ le aj qʼij .
chi tatabʼej jasle kimbʼij .
chʼanal ria chi .
pabʼokoʼ kachakun wiri tax .
uj kʼo pau wuq qʼij .
kiʼ riu kabʼ ri aqaj .
kʼo rachalal patzʼoloj cheʼ ri peʼl .
xkilo chik in kʼoxomaj .
riu kisakʼ utz k yaʼik chiu xeʼ ri tikoʼn .
are taq chiʼ kaqʼan pu wiʼ ri jukubʼ , ria chiche xkʼojiʼ ri itzel uxlabʼal rukʼ , kutach rechri areʼ, a rech kkʼojiʼ rukʼ ri areʼ .
na kabʼantaj ta wumal .
xnaʼtaj chkexe atinik .
xinpaj ri nu triko .
xeʼok ri pokʼ pariu mexa ripoʼx .
ka juluw ria qʼaʼl chiu xeʼ ri tʼuʼy .
a wechlej a .
xujbʼe pa tzurik .
nabʼe xa topanik .
riu kabʼ ubʼiʼ rinu mamareyay .
u waj xaq u kakʼal taqanik (28).
mata kʼojun kakanaj kanoq , qonojel kojbʼek .
e nimaʼq le altomabʼ .
nim u wachri poʼt .
kojonik pariu tzij wa iximulew .
jas xukʼambʼi le tzʼiʼxa wilo ?
xin petik , tat .
ri bʼelaj u wach .
chi tatabʼej jasri kimbʼij .
jeʼl kunaʼ ria bʼix chiupam riququ lew .
kinbʼisoj u wachlewal .
x utʼuy ubʼaʼ .
nim ria we qeleʼn xa riqo .
xi neʼ waʼ oq .
chiʼ kewar wi lea kʼalabʼ .
ri nu miʼal xutaq loq jun taqoʼm wuj chiwe .
qʼeʼ lik , ri chaj paribʼe .
la utz a wach ?- utz mal tyox , e kʼuri at ?– utz mal tyox .
xin kos rumal nu chak .
kbʼe kukʼ rie ʼareʼ e ktzalij parinas are te keʼu nimaj .
rij oj xukʼambʼik ri akʼ .
kʼo chi wachiʼl chanim .
kubʼij chech naʼl kabʼan cheri atzʼibʼ .
e . .. in kawaj katzjoj bʼila chwe .
mata xinyaj le ali .
jachin rukʼ katbʼe wi ?
kʼo sibʼalaj e taʼmabʼal pari mayabʼ noʼjibʼal .
e man xori ju puqkej .
kasumum ri ka qiqʼ .
e kʼo kajibʼ a kʼalabʼ pale bʼe .
jeʼ jasri u tat kkaʼyik .
xaqat molonel tzijtal .
le nu tat kaloqʼon chwe .
xaq tanek imbʼei wukʼ .
xretaʼmaj u chʼajik .
rumal laʼ xkoj “ xal qʼat” che ubʼiʼ ri komon .
are leu kemik pas xretaʼmaj .
ri watiʼt kubʼan na riu patan .
kʼakʼ lepoʼt .
retaʼm u wach jachin xloqʼow ri pas .
ken chʼabʼej lea kʼalabʼ .
yaʼtal chaqe qonojel ri uj winaq u tzkaqil qibʼ .
xkotiʼ paqʼayes xoqʼik .
kawinaq bʼe lejebʼ qʼataj .
e kʼo kajibʼ ral rii mul , jun saq , jun qʼan , jun qʼeq , jun qʼeqoj , sibʼalaj ke tzʼanik , kechʼopin ik ri alaj taqimul .
k cholol ri achachal .
kete kik ri ikʼ .
xepetik rech kewaʼ i wukʼ .
tzatz ri uqʼanil ri akʼ .
xoj tzalij ik xi xeʼqa qʼatuj kukʼ le i tatinan .
ri yoʼx taqa kʼalabʼ kekikʼux ria tzʼyaq .
wea chiwe xu sipaj jun poʼt chwe xkamik .
kkowin ri kunanel che kunanik .
xjiqʼ pari polow .
xa rumal sibʼalaj raj awaxik le loqʼalaj jaʼ , le winaq xkibʼij : chewe ikʼ riʼ qonojel kuj bʼe cheu tikik taq cheʼ .
ri unan erie rachalal kepe u loq rukʼ ri areʼ, kʼate kʼuriʼ, man kekowin taj keqibʼ u koq rukʼ , rumal rech che e kʼo sibʼalaj winaq .
rumal rech , che man kʼota jun kkowin cheu kojik juntik ibʼalil chik chu wachri kojom chik che are rijesus kristo .
te kʼuriʼ xutzʼibʼaj ribʼ pari nimalaj tijobʼal rech aj kuʼn .
kajuluw ri chʼu mil cha qʼabʼ .
kʼisbʼal kanoq ,xoqujeʼ kkamri ixoq .
le alaxok ik .
kʼo pwaq pau wiʼ rimexa .
are kawaj na kinʼe taj .
ri yawal ku koj ri ali chiu xeʼ ri chakach are u suʼt .
na kaqa kʼamtuʼbʼi kamik .
riaj tij kubʼij chike : raj awaxik keqa chajij ri awaj , are u tikoʼn riaj aw .
xin tij muku niwir .
kʼax leu wiʼ taqlen uqʼabʼ .
xin loqʼ jun ilbʼal wibʼ .
waʼ we qʼij , nimu bʼantajik .
ri uxeʼal ri qa tinamit man kasachtaj .
xoj bʼinik .
ri achalal junam kiwach .
xin wetaʼmaj rilik wibʼ .
nim riu naʼoj waj tij .
miqʼin ri kʼul .
aj qʼojom ri ateʼk .
che le sanik cheʼ kbʼan wiri qʼojom .
kape le aw elpana wal jaʼ .
rimes onel tajin kchakunik .
u tzchaqe kaqatoʼ qibʼ , taq kʼo kʼax kʼolil , kate wechiʼn riaj aw paqa wiʼ .
xa wilo , xqʼatan le ibʼ oy .
xat kowinik xabʼano .
kiʼ ri kʼawex .
kajil il ribʼe .
le al ix elbʼik .
areʼ xraj xinbʼano .
nim we abʼaj .
jeʼ liku tiʼjo lal ri saq koʼr .
nojinaq rikej .
wekatijan xux man katu toʼta chiu qʼatixik le kʼakʼ yabʼil corona virus ( 2019-ncov) .
na nim ta raqan waʼ we cheʼ .
u tzalaj aj chak , riwel .
¿ jampaʼ kuj bʼe panimaqʼij ?
raj awaxik tane laʼ kat chakun wukʼ .
xutaq chiʼj pa waram pu lew .
man are tariax wan xelik .
ria wix xu loqʼ rachochre nimal .
are ri ixoq xin sikʼinu loq .
ri chʼi ma kʼatʼ onna .
la xibʼan lei chak ?
kʼi tinamit e kʼo pachʼoʼj .
kʼo jupuq chij chiu xeʼ ri cheʼ .
riu xaq ria bʼix are u wari kej .
kawinaq qʼataj .
lak ix pepa tijobʼal ?
we kechajix taq le kʼwa jacha kinbʼij ; junal ik kʼo jaʼ xuqujeʼ sibʼalaj saq loloj .
xretaʼmaj .
ri alabʼom ri alitomabʼ tajin ki kitijoj kibʼ rech su taq , are kakaj ki kibʼan nimaqa chijabʼ chupam ri ki kʼaslemal , xuquje kʼochik jupuq bʼixonel chupam ri komon .
la tzʼu wach ribʼe .
kʼakʼ ria chʼi chʼ .
qonojel uj , uj mayabʼ taq winaq .
nojel qʼij ria tiʼx kuyuqʼuj le taq awaj jelaʼ panikʼaj jaʼ , chirij ri juyubʼ ubʼiʼ tenaʼ .
pa qʼom chik risiʼ.
kintzukun che la .
kakitij le kinaqʼ, le ichaj , leu waʼlik rukʼ lej .
xe kanaj kan le aj chakibʼ .
ketikon ria chijabʼ .
sibʼalaj itzel u bʼantajik ri chʼi lakan .
ria teʼk xumal tyoxij cheri ra tiʼt , rumal riu tzalaj noʼjibʼal xukʼut chech .
kkamulixu chak ria bʼix .
la xin utzukuj le tijoxel ?
areʼ kachakun ronojel qʼij .
lee kʼaʼ na taq tzʼiʼ .
saq rij ri plamux .
jas xa qʼiʼo xatijo .
jas rukʼ xkichapwi u tijik le ri kil ?
we katat in rukʼ kʼatan jaʼ man kuqʼatej ta le kʼakʼ yabʼil corona virus .
la katbʼin paleu xlanbʼal ?
la waral kʼux ix waʼ wi ?
are le nu tat kin loqʼonik .
tajin kchakun ri ala .
kʼorikiʼ kotemal a wukʼ .
xuta jachin kaʼek .
xat waʼ ik xin wilo .
xtzaq ri rachoch rumal rij abʼ .
pale jun ikʼ chik are nimaqʼij .
e kebʼäm kebʼ in pau wiʼ ri tem .
mem ri achi .
ri wi kan chaliʼykel pajuyubʼ chwi tziribʼal .
le rajil , la paja xelaqʼax wuʼ bʼik ?
pari suʼt pisom wirilej .
koj petik kol qa kʼamaʼ .
tajin kat chʼopin chiu wachri ta qʼaj .
leqʼ or xchʼuqik .
kʼax waʼi ma wumal .
kinbʼison chelewal .
sibʼalaj kʼokʼ ri awa tzʼyaq .
kamik xuj bʼe cheu tikik taq cheʼ pari juyubʼ .
kin u loqʼoj le nu tat .
chaqiʼj chik ri chaj .
xyil ix ha wayi .
na xnaʼtaj ta chkechixe atinik .
rukʼ kʼuwaʼ we riʼ, ri ix kkʼojiʼ jun u tzalaji kʼaslemal riʼ chki wachri winaq che man e kʼo tai wukʼ, kʼate kʼuriʼ man kʼotajun winaq riʼ raj awaxik chiwech .
e petinaq pabʼe le rachalaxik .
kakaj lea kʼalabʼ kewaʼik .
xuj chʼaybʼik .
ri nu chak are qʼaxel tzij .
kʼo naru xlabʼ ri awaj .
tajin kel loq , ri qʼij .
xu qʼiʼo xkamsax ri rachalal choch .
ri numam are kʼo uqʼinomal .
xkʼulmataj jumul , xubʼan junnimalaj jabʼ , man xbʼeye taj ta na xukʼisle uyuqʼ chike .
amaʼ rinu tzʼiʼ .
jewaʼ katpetik .
xin kosik rumal xin chakunik
i wech chi jujunal , ri wa .
x uqʼiʼo na xata tintaj .
in riq tajinaq pari kʼayibʼal .
na wetaʼmtaj .
kʼax len uqʼabʼ .
utz le xubʼij lea chi .
kematzʼibʼ .
kʼo rachalal patzʼoloj cheʼ ri peʼl .
ronojel waʼ we jastaq riʼ, xas ksach wi u wach waʼ ; rukʼ weriʼ , ri ix , raj awaxik che kʼojun tyoxlaji kʼaslemal e kkʼojiʼ rii chʼawem rukʼ ri dyos ,
xmuq taj ri patzʼan .
ri chʼi chʼ tzijom kanoq pariu kʼolbʼal .
man kʼota u cholaj pataq ria wuj .
ja chike ikʼ leu nimaqʼij le tinamit na wal jaʼ ?
xepetik xol kikʼamaʼ .
kachuqʼ chu tri jaʼ chi apam .
xinbʼij iwir chi xebʼe paarmita .
areʼ u xeʼ ojer tzij waral kʼicheʼ ubʼiʼ .
xkʼisri nu siʼ .
jawi xkibʼij wi chikeʼe wi ?
¡ xa je kʼuriʼ, jachin taq rie kʼo pari judeʼa, chi chanim cheʼa nimaj ubʼi pataq ri juyubʼ ,
kʼakʼ ri abʼ .
la kʼojun na kakʼoxo majtaj ?
na utzta le utʼisom le almariy .
man yaʼtal taj chia we katok paja .
jeʼ, xat utzukuj .
are kel waj xaqibʼ uqʼij ri xkʼojik .
ri xun kur kkʼojiʼ pataq ri triko .
xin sachik .
x utʼuy ubʼaʼ
nan utom tale tzij …
wachʼom riki wari noʼs .
e kʼojobʼ chʼi l wa kʼ .
raj awixik chi pataq ri tijobʼal , panikʼaj u bʼixik chik
ri raj aw ru lew areʼ tat kel .
we kʼu xokik , we kʼnaxok ta
wea chi xu sipaj junpʼot chwe .
atat u taqoʼn leqʼatal tzij .
na qʼanta u wachle qap rut .
ri xaʼr kʼo pau wiʼ ri qʼaqʼ kpoqʼowik .
ri roqʼej ri ali ja chakpe juna kʼal .
kʼojun alapa tijobʼal .
säqu wiʼ ri tataʼ .
ri witzi kʼ tajin kpeloq .
jawi xsachon wi kan uyaʼik le pwaq che .
utz wea chiwe xin kunanik .
qonojel kuj waʼ pau wiʼ rimexa .
ri ka xlaʼnik man poqon taj .
in xinbʼe rukʼ ri wachiʼl .
sibʼalaj jeʼl xkilo xe kitzoqopij ri kichij chilaʼ .
kin bʼinik xinʼe k .
kʼax kʼolik , kachaʼ .
kutij ixim ri akʼ .
ri alix chel , xu qʼiʼo xa junakʼ x sipax che .
xqa sikʼij le ixoq chu tzakik subʼ .
mata xa bʼinsaj le chʼi chʼ .
ripix tzʼaralik rumal rie qaʼn .
¿ jampaʼ kel chi 3%
kʼojun nu kʼotoj chiʼ aj .
tajin kewaʼ kat ri alabʼom .
xin loqʼ le nu kʼakʼ apoʼt .
na u tzakik ta subʼ tajin kuʼano
xoj u taq chiʼ ij xoj waʼ ik .
i wechri abʼix .
saq rij richij .
aj sik cheri tinamit kel wiri tataʼ .
-¡ay !xa xin tzaq u loq , kʼax we waqan .
xkʼulmataj pajun komon chiʼ u wach jun juyubʼ , xuriqa jun qʼij xkiriq kibʼ junimul rukʼ le kok .
jas xa taq chiʼj lea kʼal chu tijik ?
xin chapo su xu loqʼo .
qʼinom ri a chi .
ri kʼum ktijow rukʼ kabʼ .
tajin kejachʼa nik .
tzebʼal u kemik le pasa wumal .
are kayoʼw leu chi kopil leu bʼantajik try pano som ab ruc ei .
we kat nimanik u tzkelik .
pero noʼjimal petnaq loq , .
are le nu chak jun tzuqbʼal wibʼ .
x kunax le yawabʼ rumal le aj qʼij .
riu kʼuʼx tzʼibʼ paqa tzij e lajuj .
sibʼalaj jeʼ lik rie qabʼal xubʼan ri luʼs .
sibʼalaj at kon .
e man xori ju puqkej .
na xnaʼtaj ta chkexe atinik .
ri kʼamalbʼe xubʼij chike , chi maj aria nim .
jumuchʼ rinu junabʼ .
qʼip tajinaq ri raqan ri tem .
kchakun rukʼ rijosbʼal cheʼ riaj anel .
xa taq chiʼj lea kʼal chu tijik kar .
oj kʼo paleroʼ chle awel .
¿la kat pequ kʼchweʼq ?
le winaq pale chʼi chʼe tʼuyul lo wi .
xkanaj kanoq chiu xeʼ rijabʼ ri chʼaʼn .
nim ri ja .
we ta xa kunaj lea tatmata xkam laʼ .
na nu kʼamom tuʼ la riʼ.
chqa nukʼuʼ riqa tzij .
kimbʼe pale tinamit .
xin qʼiʼo na xin atintaj .
raj awaxik kakʼaman chawe leu tijik le lej .
kʼisbʼal taq noʼjibʼal .
