x ineʼw aʼoq.
xkibʼ ankʼ axchel euw os aqrum alm anutzt achik ak ayik.
riqʼ utuʼmm ank echt aleakʼ alabʼ.
aren animt aleatzʼ iʼchuw achl enutzʼ iʼ.
x ep etikx olk il aʼ.
¿ j awch iʼxat aʼche xk am rium am rip oʼx ?
ek ebʼk ekʼ ambʼikp atuj.
xinl oqʼj unj ap ariw ok ajj a.
riaxt uʼbʼ, kʼ oqul ajch ech.
j askar ajk aʼanch utz ak ikl et iʼij.
xutijl ew a.
xim bʼ alretzij.
xp axribʼ oʼj.
w ek aw ajk atint oʼoxaqx uwik abʼijchiw e.
j asnukʼ ukuchʼ obʼ o.
j askar ajkutij o?
xexruxl abʼririk il.
enitzʼ aʼqlet aqim ul.
w et aneinxinbʼ anowik, arele at eʼkxbʼ anowik.
k intz alijp alenutin amit.
rinuch aqʼkʼ op auroʼqʼ atojtij onikp aritij obʼ al.
xinxiʼjw ibʼxinchʼ awik.
kʼ ochw aroʼchl ep are.
chir aqank abʼinwi rit at aʼ.
xs achonk anuy aʼikl epw aqchech oja.
xinqʼ axchikix oʼl riwin aq.
k etik onik.
ri ulewm anqecht aj, k echriq atiʼt qam am.
x epel ewin aqx olk ikʼ am aʼ.
xul oqʼriwuj rum alrial i.
chew eqʼijk amikkʼ oj unnutzij onemch irijl enutin amit.
kejriʼ.
xkun anal aqchw e.
kinusikʼ ijlenun an.
riim ulx uchʼijt aj, xk an ajp abʼe, rum alrinim alkuj al ujriim ul, xutz aqri anim.
kubʼ anriux oqʼ oʼl riajtzʼ aq.
ril asibʼ al ajutz ch ekunabʼ al.
kʼikiw achri eʼajch akibʼp arik om ont yox, kʼ atekʼ utxaj unch iajawx el;
xq at achix atul ik.
k aw ajchik at ʼek.
chʼ ut iʼnk ekan ajrixaj abʼch ech.
k aqax iʼjqibʼk aqach ap o.
ekʼ okebʼukʼ ajoll et atxw an.
l uʼsubʼ iʼrirech am.
ajch iuw iʼmi qʼinj aʼriluʼ.
xiny akanl enuch imp akʼ aybʼ al.
kʼ atexril o, xp eriun ancheutz ukuxik, xk ik ot ik, xus alabʼis ajrit aquxkin.
xk ikʼ utch iuw achri ajtijx uquj eʼchikiw achrit aqnikʼ ajk achil.
utz lenuqʼ abʼ.
k ull ealw eʼlp aaustin chaqʼ abʼk amik.
riateʼkx tz aql oqarech ikʼ op auw iʼriqʼ aʼm.
ajp at anriteʼk.
x atq ajchiup am riil.
lakʼ otzijnak ikʼ oxom ajt aj?
x s achonchk echixe at inik.
r onojell eulew ech al aq.
lax ebʼekʼ ul ax eʼkij aq akʼuleuch iʼj a?
xaqk at chʼokn ajiwir.
k amikkʼoch irijast aqawe.
arech iʼk akʼisrij unabʼkʼ oqʼinom.
p anaw alj aʼxin alexik.
n axint at ajwe areriakʼ alk ixtz uquw ik.
¡ rulewris abʼ ul onerul ewrineft ali,ubʼe rip ol ow, rul ewrijord an,g alil eʼak echrij et aqam aqʼ!
r ax, r ax, r ax, kʼ okʼ, kʼ okʼ, kʼ okʼl eruxl abʼl et aqtik oʼn.
achix atwil o.
p aq alr ajillep ixk amik.
x ojbʼinik.
p aj unj eʼltij obʼ alk utij ojribʼj unakʼ al,ubʼ iʼp oʼx, utzk uril ok ep atij obʼ alr onojelt aqqʼij.
xw ajchix atʼ et aj.
utzl aʼlex ubʼijle achi.
w et aʼamj achink ap et ik.
k inqʼoj om anik.
xinqʼiʼ ot akʼ alikxinp etik.
areʼret aʼmch ekinop anik.
aret abʼ al eq aqajawch att oʼwik.
k awin aqw aqibʼqʼ at aj.
n aqajch ikch eriuw aqk ajbʼ alaret aqchiʼks achuw ach riqʼij, k okriqʼ equʼm chuw achulew, chikʼ ateʼn aribʼel ej ebʼk ajbʼ al.
j obʼr aqanritzʼ alamx ep or oxik.
sibʼ al ajk orijrim op.
arew aʼ.
j el aʼp arit iminitch wik aby ok rechxel aj uʼ, leqan anq at atk akitik oj eʼlal ajt aquw achich aj.
kʼ axnuqul.
xuʼlukʼ am aʼ.
k ojulk itz ukuj.
arem ankʼ axt aukun axikaret aqanin aqk aʼilit ajw ey abʼil alx uquj eʼm oj oʼq akuy aʼl ekʼ axkʼ olilch echl ej ol om aj.
riw elkʼ op atij onik.
k aw ajkinbʼ ij.
rik otzʼ iʼjkq akojchiup am rija.
qʼe qqʼ ojrijri am aʼk ej.
n axw ajt ajxinchʼ awik.
chp et abʼ alel oqʼ al ajj abʼ.
xs achonchk exatk isikʼij.
el eqʼ alchʼ ichʼ.
jach inxawil och iare xtij ow ritiʼj ?
m at akabʼ elenuxbʼ alp aletin amit.
pim ruq, ri ali.
¿ kʼ orim uqʼechi awe ch?
kq abʼijm ank ek owint aj.
kintijn a.
kʼ oj unq atʼ uʼyp aja!
kʼ opujch iup am richʼ aʼk.
aret aqkink osikkinw arik.
x atw aʼikxin wilo
inxinchʼ ayowle achi.
k onoj elrial axikk eʼetzʼ anik.
j as rukʼxk itijwil ek irikil?
anin aqilk atp etik.
nar axt auw achlej uyubʼ.
ritzʼ alamtzʼibʼ abʼ alr axkk ayik.
w ech atch akunik, kʼ oaw a.
m aʼt amxatp echeriw aʼim.
k am ulkinw aʼn a.
risik ilk tij ow rukʼik.
k imbʼe aqʼ anrukʼl ealt alin.
xoj ʼekx eʼq ilalarq asok.
xek iqʼille ajch akibʼxkiw okl ej a.
m at anexw ajl ekʼ uhjnem rukʼl eat eʼk.
arex eʼop anchiuch iʼrij uyubʼ, xk ilochim anq ast akʼ oqʼ ayes.
kʼ atekʼ ut, rij esusm ankk oj ont achk echri eʼareʼ, rum alrechch ek onojelret aʼmkiw ach,
p aʼtz rijritzʼ iʼ.
juwin aqw aqibʼqʼ at aj.
atel aqʼom.
xaq atj oʼs.
riqʼ atzu, areqʼ alajriuqʼ ijil.
ajch akwe al a.
ubʼ el ejuk akʼ alt aqanik( 29).
k ebʼ nubʼiʼkʼ olik.
l ak atz alijl uʼlaanin aq?
k atz ukunl achwe.
l ak ajl akojbʼ eʼp alechom alchw eʼq?
xinn abʼejch ut asikq akʼ olibʼ al.
l alx int oʼw ik.
sibʼ al aj anoʼjibʼ al.
x ojp etikx olq akʼ am aʼ.
sibʼ alajj eʼl ikriuw aʼlriich aj.
kʼ axwij rum alinp ach alik.
aret aqxukʼ ulm ajw aʼxulriuch om anikx ubʼij: areutzw aaqʼ abʼkinw alijik, arech aʼch animkinop anp atij obʼ al, m ajch ikinkʼ ulm aj.
ojajx oj olobʼp aaw asqʼij.
xins achchel euw ok ikl etzij.
e jul ajujri akʼ.
xut ajamp aʼk ojʼek.
qilik.
ritij oxelm anaret animchuw achrir ajt ij.riutz tij oxelq asj eriʼkʼ olikj asri r ajtij.
inx atinchʼ ayo.
noʼj imch akw um al.
chʼurrij ochʼ.
ink inbʼijn akats acht aj.
ujm ay abʼ.
riabʼ ajy atz alik.
t ajink epixbʼ axriakʼ alabʼ.
chomri aq.
xinw arik.
el em enk onoj elriakʼ alabʼ.
t ajink qʼ anarikriw ereʼaj.
leuk emiklep asutz (chawe) .
xuy upubʼ auw achr aʼchi,k ach aʼ, .
ris atanask okp arij udas rikbʼ ixisk ariʼotech rech, riareʼj unchkix oʼl riekabʼl ajuj.
ch uchurip ar.
k inqum ujrinuj ochʼ.
chech punciónl umb aram aqʼelr ajaw axikch echrilikl eukʼ exbʼ emwil enabʼe rukʼl euk abʼukʼ utuneml ey abʼil al.
qʼ alajchin akaw ajt ajk abʼij.
kʼ oqʼolch irijrisiʼ.
j awix ojʼew ichul oqʼik?
kʼ oul ochʼrit alin.
qʼ anrijri at iʼtnuk ej.
l axtz alijl aiwir?
xesikʼ ixik, kʼ atekʼ uriʼxey ajik, x uquj eʼxet aqbʼich eusikʼ iklemes.
l akixw arik?
arekʼ ul ep alom axx ubʼijch e: -m amk atbʼis ont aj, k insikʼ ijnikʼ ajw achiʼlk erap apik.
aʼre etij ox el abʼ.
rial ajalisiʼlx ubʼijxq achapp autz alrity ox.
xs achonchk ej achinxe at inik.
j asxur ayijlean anxutij o?
xink osik.
r axronoj elriqʼ ayesrum all ejabʼ.
kiny aw aʼw echʼ ichʼpin emnautz.
n oʼjimup achʼuxikl enuw iʼ.
najkʼ owil ew oʼchchuw achl etij obʼ al.
riokibʼ alkʼ ochiuw achris aqja.
xenut aqchʼijk ek ille akʼ alabʼ.
kʼ ojunqʼ oxowemchiw e.
tz arich oʼm.
wech ojbʼ ep alenim aqʼij, k eqill eajx oj olobʼ.
xoj ʼekx eʼq ilalarq asok.
riateʼkx ut aʼchechrin ant oʼn:-n anjasch eʼchim ank ajt al aqakʼ atis ajrij oʼq.
rip alsibʼ al ajx uʼy.
k inkoj rijokbʼ alulew.
ink inbʼijn akats acht aj
atr ajkun lenun an.
kuq am ujuj oron riajtzij.
luʼtzʼ al am ubʼiʼriach ikelp anim ch eʼ.
j eʼl ikutiʼj olalris aqk oʼr.
kʼ ojunx aʼrp aja.
xinl oqʼjunkʼ akʼp at an.
kʼ axuk emikl ep asawum al.
anin aquk emiklep asawum al
richʼ aʼns achin aqp at aqabʼix.
r axt aqlek otzʼ iʼj.
m es omkan oqriup amj a.
m an aretar al axk osik.
rik om onxech pup rechuqʼ abʼtin amitx oʼl abʼ ajrechqʼ um ark aj.
lautz akikkʼ usubʼt ajinkuʼ ano?
k atel a!
naxut ijt aj.
xarum alk et aʼmk onoj elriwin aqkk iqum ujl ej aʼ.
iwirx ujtz alijl ap akʼ aybʼ al.
qet aʼmch eriqaw akuj ut oʼo.
riajt ij, ky ajonchik echriakʼ alabʼ.
j asubʼ anoml enuchʼ utit at?
chw eʼqkinbʼ ep animtin amit.
utzw ekiw et aʼm ajj askubʼijri ch olbʼ alqʼij.
t ajink at jilowch euqʼ oxomj ol om aj.
xint ikqʼ axchiuw achrija.
kʼ axl ekibʼ elewin aq.
l oqʼk atk unt ajch eleyabʼ il(covid- 19).
rinuxibʼ alk elp aq ajbʼ alqʼij.
xril riaxw anchixw aʼrial a.
l ealixkun at ajik.
w et akapelej abʼk amik.
xinw et aʼm ajchin axatp et aj.
ripw aqrechw eqʼ at ajriʼk es axch echrit ojbʼ alkʼ ayinem.
k tij riuw aʼlikrum alrik inim aqʼij.
xuch ap ukun axik.
ch at anloq ali.
xinxul iʼqaj oq.
j eʼl ikk tij owrit aqikox.
kʼ atekʼuril et atx oʼrx ubʼij, m ank aw ajt aj, m ank aw ajt aj.
kʼ ojuntzʼ iʼp abʼe.
k am ulxinpech eatz ukuxik.
m ant ajint akinch akunik.
kinch ak unikrechk atw aʼik.
j asrukʼ xawilwi chixkiqu pijwil et iʼj.
j asubʼixik<unk> ?
k oqʼriakʼ al.
k aw ajn akatʼ et aj.
x atqʼ ajik.
w emnachal oqʼ axiy al, n akimbʼet aaw ukʼ.
x op anl ew ujaw ukʼrum alw echin.
arekʼ utp alej uyubʼk kʼiyj oron, chil aʼxek ikʼ amawirij aʼriwin aq.
k oqʼriakʼ al.
w ekʼ oar ajilch akʼ am al oq.
aresibʼ al ajk aql eap oʼt chuw achl enup oʼt .
xinkʼ ast ajp akabʼl ajujk ajbʼ al.
k aqoyʼejn akixp et aj.
k ok aximrich ijx ajel aʼm ank anim ajt abʼik.
rik okn ojimxbʼek, x uchʼij oxop anp aukʼ isbʼ alill eanim.
xojk iʼk otik aret aqx atul ik.
k aqitzʼn ajriux ajabʼriakʼ al.
rij esuskw aʼk atp arinim rachoch ridyos, chux eʼrij unj acherach ochris alom on.
wet aqanikriʼk ubʼijchir ajaw axikk y aʼuqʼij riwin aqx uquj eʼkt oʼanin aqil.
riax uxaren ariukunel rikin aqʼ.
aret aqw aʼriuqʼ ijolwet aqanik.
kʼ oj unt abʼ alp auw iʼrixk anulubʼ iʼl ajujn oʼj.
y uʼlubʼ anomriuk olobʼrik ej.
xanim ajriakʼ alchiuw achriuch uch.
kkun anriachi.
kinw aʼikrechn akiny ow ajt aj.
aj xikchʼ ichʼril uʼs.
kw ajcheixk ixbʼ anowik.
aʼrex et oʼw al aq.
xoj ʼekx eʼq ilalarq asok.
xinl oqʼj unchʼ ichʼ, qajin aquw ach.
ku tʼisrip ant alon.
ej anip aleaw alkʼw alekʼ olik?
utz uk emiklep asch awe.
rim axare ajqʼ aniy aʼ.
m at abʼach iriqkʼ axp alebʼe.
t ajink anim aj, rim eʼs.
ixix eʼl aqʼ om abʼ!
xs ach anchw e.
ekʼ okʼicheʼ, chiuw achrij uyubʼ.
arew aʼrinim al ajp ixabʼe arew aʼrin abʼe.
xret aʼm ajchi rukʼp akʼ kutijwi
j asutz akikles ubʼx uʼ ano?
ajx oʼy riwik an.
wet ane aʼrex etij owl erikil, arelek om onx etij owik.
sibʼ al ajanin aqk achʼ awle areʼch inuw ach in.
utzw ekinch akuj.
m eʼsl aʼ.
kʼ okanw arechk aq atij o.
x insikʼijl a.
riakʼ alxs achk anoqj el aʼp at aqʼaj.
x esikʼijl a.
j awixk ibʼijwi chik eʼewi?
rum alche, m anixt ariʼrik ixchʼ awik, areri ruxl abʼ axelriit atriʼrik chʼ awn aiw ukʼriix.
kʼ akʼriw achoch.
sibʼ al ajutzk inwille atzʼy aqrechn ahuala.
s aqp orkk ayrik ip oʼt rinan.
x sach onrinuch akchw e.
w aʼimxuch ap o.
riqʼ aqʼt ajink aj uluwik.
n ajilup amrisiw an.
ekʼ oriq achal alp achiuw iʼl a.
j asxat aqchiʼjl eakʼ alchut ijik?
n oʼjimuk emikl ep asawum al.
kʼ oj unkukubʼ iʼtintin, w aʼlel ajk ukm amk ajeqit aj, k ap aqik axulikp auw iʼuqʼ abʼt aqcheʼ, sibʼ al ajs akʼ aj, k eʼut ole enim aʼq, chʼ utin, rach iʼl, ajsip anelsibʼ al ajutzr anim aʼ.
riup ixabʼl eqʼ atbʼ altzijk iy aʼubʼ ixik.
n axs achont achk exe atinik.
x eq illechik op puwil eja.
xl oʼt ajriakʼ al.
q onojelk ujw aʼp auw iʼrimexa.
x sikirlew aqan.
l axatw aʼkʼ ut?
nim ubʼ aqʼritul ul.
kinxikʼikʼ ikxinqʼ axik.
l ak atbʼ ep aletin amit?
rip alsibʼ al ajs aqʼor.
k qʼ oxownuj alom.
xinn aʼochik atp et ik.
x loqʼ ulewiw echix.
xinch akun rukʼrinum am.
n axqabʼ ant aj.
k kʼ ojiʼbʼ aʼriusip anikriaj awxel jesusk rist orukʼriaw uxl abʼ al!
kinchʼ awrukʼl enun anp alechʼ awebʼ al.
sibʼ al ajqʼequʼm rum alrim ay ul.
areleb ax ul ik.
xek osleix oqibʼp alebʼe.
kʼ axril ikle akʼ alch awe.
xinqʼiʼ oxin atinp aj oron.
sibʼ al ajnimletin amit.
kʼ axuk emikl ep asawum al.
xins achik.
t ajink eluk ikʼelp ar aqanritzʼ iʼ.
xinw et aʼm ajril ikwibʼ
riqʼuqʼ arej unj eʼlchik op.
kʼ op aj atij obʼ alriwik aqʼ.
ris achibʼ alm akr ajw axikch iqax oʼl.
j eʼ,k imbʼek.
j el aleʼrinupw iʼ.
xubʼij che: -j asxabʼ anot intin?
k abʼ anjunt oqʼobʼky akrinuj al.
k atʼ ekxint a.
j asl eukʼ exbʼ em ribʼl ej unrukʼl ej unchik?
ajch iuw iʼmi qʼinj aʼriluʼ.
ritij oneln ajk pewi.
t eʼkixch obʼ ubʼiʼrinut at.
rij aʼk am iqʼikchiuw achriqʼ aqʼ.
ritʼ uʼykp aqʼ owik.
kinm esonna.
naqaj atkʼ owichiw ech.
xinbʼis onikt aqn axat pett aj.
we xk amriwin aq, ripw aqrecht ojbʼ alm ak ajky aʼchik echrir alaxik.
rinun anxbʼep akʼ aybʼ al.
x ojukʼ am ul oqrechk ojrilo
xkʼ ot ochinch ikiw achch ikinw aʼaw ukʼ.
n axk ik ams ajt ajxk ikʼ ambʼich oja.
kʼ akʼriikʼk amik.
ximbʼe rukʼle ajkuniwir.
rilik.
l etzʼ iʼx ek osik.
xink ik ot awum al.
riim ulxum ajri anim, xuy akanl ek ok.
kʼ oojche riakʼ al.
xujbʼ ep aj unkʼul anem.
utzw ekw ar al aq.
k aqil ochinak ojukʼ amt aj.
xret aʼm ajchi rukʼp akʼ kutijwi.
sibʼ al ajxinkʼ aʼn arik.
xink och ijrinuw a.
m ank atk owint ajk atch akunik, w em ankʼ ot ariajil abʼ al.
w ewononx ubʼijchik e:-k ixint o.
rial animkrilwi rium am.
xk aʼych irij, xk aʼy chuw ach, m akʼ ot achij unksil obʼik, x oqʼikx ux eʼj ribʼx chʼ opinikxtz alijl oqx uriqt ach ikriubʼe.
kʼ opuscheriw a.
pinemn akabʼel ew atz, k imbʼ ewiinp ak aʼyibʼ al.
rin ant oʼnnimwin aqchik, s aquwiʼ, r onojel aqʼ abʼ utzkun aʼok atʼuy iʼp autem , k umiqʼis ajribʼch oriqʼij, kʼ oj unuw iʼum am ubʼiʼ ateʼk.
m anekʼ it ajriqul aʼ.
qʼ alajchin akaw ajt ajk abʼij
xp aqabʼis axr ajilr onojelrik em.
kʼ op arij ulrikum atz.
r onojel qʼijkinchʼ ajlenuw are.
s aqchik anleich ajrechk atz ak o.
chux el eq achom alk aq atijwij unq am eqʼ in.
chawil aʼ.
ekʼ ojobʼ umiʼal,ri nut at.
j asrukʼx awilwi
j eʼj asriwin aqrechriuw achulew, x oquj eʼkepen ariʼrieʼ areʼche erechriuw achulew; j eʼjas riwin aqrechrik aj, x oquj eʼkepen ariʼrieʼ areʼe rechrik aj.
xintij o.
k tzʼujuwri rach ochrip oʼx.
xuqʼ iʼoarel eukʼ ulelxy aʼowuw a.
riaw elx ret aʼm ajchir ajaw axikm anku xejt aribʼch erit ukur.
jukʼ ulajwin aqx eʼ anim ajbʼik.
j eʼ, xintz alijik.
x ojp etikx olq akʼ am aʼ.
m ajj achinxʼek.
in ajtij; attij oxel.
saquw iʼrit at aʼ.
w echrik em.
leroʼchl eateʼk kʼochw achl eukʼ ayl enun an.
kbʼ ep arisi riʼaep ari silisiʼa, jawij eʼkuy awirik ichuqʼ abʼrik om ont yox.
pix abʼ: m anutzt ajkʼ axkujchʼ awchik ijnikʼ ajq achil.
xkun at ajl eali(kum alriix oqibʼ) .
rixibʼibʼ alchikʼ owip at aqriq akʼ aslem alr onoj elqʼij.
nakujw art aw ar al.
onch ek kʼ ojiʼriutz ilchix oʼl, arech junamriq ak oj onik, jun amriiw ech ixrukʼriw echin.
p aoxqʼijris aʼnkbʼ enarukʼri ajkun.
k awin aqw uqubʼ.
j ask aw ajkintij o?
w et axatbʼ ew ukʼp aletin amit, xal oqʼt alaʼl eujast aqleakʼ ajol.
k ebʼep aw aʼim.
xinl oqʼkʼiw a.
p aj unnimkʼ acheʼl aj, kʼ ojunkʼw aʼsibʼ alajs aql oloj, nimuw ach.
kw ajk atijj ubʼ aʼw a.
ronoj elwin aqk riln ariuk ol onemridyo s».
xkʼ ot ochinch ikiw achch ikinw aʼaw ukʼ
kw ajn akatʼ et aj.
l axal oqʼjun alej?
ekʼ oriel oqʼom anel.
riuk abʼ ubʼiʼrinum am arey ay.
kinj opijriij aʼrecht riko.
xn aʼt ajchk exe atinik.
x ateʼqil aʼ.
k ak itij alanx axriwin aq.
. . . k inbʼijch iarew aʼsinxiʼ an.
n axinn abʼejt achut asikq akʼ olibʼ al.
rum alrechch eweriin ,kinchʼ awrukʼrid yosp achʼ abʼ al, kchʼ awnakʼ uriʼriw uxl abʼ alrukʼrid yos, kʼ atekʼ utm ankʼ ot aup at anriʼch rechrinuch om abʼ al.
x epet ikxkil o.
xut awek at ʼek.
utz uk emiklep asch awe.
rinuw ak axx utijj unqʼ oqʼ rum alriʼxk amik.
rum alrikʼ ix, m ank ew aʼt ajriwin aq.
x eʼulik.
qʼ eqrijri am aʼchij.
x r ajk aʼeleun an.
jun amkijun abʼ.
n aqʼal ajt ajw ek aʼek.
riwixn amchʼaj chʼoj rirach och.
w ar alm ankʼ ot ajajaw al.
n aiwirt axrillekʼ amolbʼe.
xinp el oqt ekʼu riʼxintz ukuj ronoj elrinur ajil.
riajt ikonelkut ikritzij.
kʼ oek ikʼ ajolle achij abʼ.
kut ijqʼ ayes riixp aʼch.
p ariw aʼbʼ alekʼ ok awin aqach ijabʼ.
sip ojin aqrinup am.
k ay aʼt ajikrukʼ utiʼ onemj unriuriq oml ey abʼil am ol otsetsé x uquj eʼarek ay aʼt ajp at aqrij uyubʼ.
j achinri achi?
rinum amxk amikaret aqkʼ ojumuchʼl ajujuj unabʼ.
k ink owinikk inkʼ ambʼilepw aq.
k inwil och iutzriaj iʼ.
xin qʼilriap oʼxch em ank ach akunt aj.
kw aʼchiuw achl et aqʼajriam aʼakʼ.
riim ulx ep oqʼ ikp ajunikʼ.
xkʼ isk anoqriq ach ak.
are rialix ojilowk anoq.
sibʼ al ajchʼuʼjri am ax.
kʼ onuw achiʼ.
inch ajinelk echle akʼ alabʼ.
x ek osletzʼ iʼ.
kinbʼ enakukʼrim ol aj.
r onojel aqʼ abʼkiny itzʼ riw ak ax.
kar apinikx utz ukujchij unaw aj.
l euk emiklep as anin aq(awum al) .
m aj urajilleqʼ abʼ arel.
kʼ axriʼrik achʼ awik.
x ojut aqchiʼj leach ichul oqʼik ich aj.
sibʼ alajkʼ axrixkʼ ulm axik.
xk iloch in akinkʼ oxom ajt aj.
xn aʼt ajchk echixe atinik.
xkʼ ot ochinch ikiw achch ixojalw oʼq akukʼ.
j unqʼuʼqr ajilrik axl aʼnw a.
xinwil ochix eʼel ik.
ekʼ oix oqibʼp alekʼ aybʼ al.
m ankʼ ot ajukʼ isikrim ay abʼ ajl abʼ alil.
risink kʼiyp at aqʼaj.
richʼim am ank kʼiyt ajp at aqʼaj.
r ajaw axikk jik ikriw aq än.
k aw ajk inʼek.
ekʼ ooxibʼ akʼ.
x ubʼijchw ej awi atkʼ owi.
chw eʼqk ujbʼ eʼp am uquj.
p as aqkʼ ajaʼkbʼ anwi riuq.
x ojk isikʼij.
x inwil wibʼ.
ch aqʼ chikriw a.
k imbʼenak ap alew oʼch.
k aw ajk inʼek.
richʼ uʼktij rukʼl ej.
p arik iqʼijk amin aqibʼkbʼ anqʼ orikʼy aʼrech aj:n abʼerin ankutz ukujk anriaj, kuj achʼ oʼx uquj ekukʼ et o.
j ask ajbʼ alch anim?
utz uchom anikri ali.
p ariqʼij oxl ajujtij axk inkʼisk ebʼj unabʼkinch akunw ar al.
sibʼ alajk o,rikʼ akʼchʼ at.
j ask ar ajkubʼij<unk> ?
richʼ ichʼk asil abʼik.
p aoj erqʼ alpulxaqx uw irinimwin aqk ekʼ amowbʼe.
leukun axikle ukabʼukʼ utunikare rukʼefl ornitin aonutunibʼ axikl enifurtim oxch iʼlefl ornitin achecht .b.g.
are riach ixinchʼ ayowik.
j unach iubʼikuʼx usip ajk ebʼkʼ aʼm ulewrechk abʼ anritij obʼ al, k amik, kʼ ochik ajtij rechrik om onxech pup.
xum alty oxijch eriajtij ronoj elle xukʼ utch iuw ach.
p aribʼ exkir aqj unal ajim uls aqrij, xk ikʼ ambʼik.
x rillebʼ ale ala.
j askubʼijch we?
l eukun at ajem arerukʼ utz ukuxikl euchik opilp aj unus olikux eʼlek ikʼ onl ej aʼrechj unnodo.
utzw enutzʼ iʼ.
j eʼ, t ajink ach ap onik.
kinul oqʼojlenut at.
k aw ajk imbʼep atin amit.
arel aʼkinch akuj.
rinim aʼqt aqwin aqkʼ ok et aʼm abʼ al.
wet axatbʼ ew ukʼp aletin amit, xal oqʼt aw aʼwej ast aq.
rik ikʼ aslem al. w aixim ulewxaj unchim aaret atin imitrima
riukʼy abʼ alnajup am.
x atq ajchiup am riil.
n ojimk atw aʼik.
w ekʼ oj unk tuq aʼrik, ¿ l am anx oquj eʼt ajkintuq aʼrriin?
oj ojw ok olj a.
aw askbʼ ankʼ axch ej unnimwin aq.
xinchʼ aw ap anrukʼl ewan abʼ.
kʼ axriup am rij uʼl.
t ajink ew aʼriim ul.
l akajl akujtz alijl aanin aq?
rum alrechch erim ak ajm ankʼ ot auk owinemp iw iʼriix: riixm anixkʼ ot achichux eʼrip ixabʼ, xaneixkʼ ochux eʼrisip anik.
nimr aqanlech eʼ.
xinch ap o.
arel etuʼrlel oqʼ om anel.
xask atkʼ ojiʼchiup am richʼ ichʼ.
sibʼ alajnimr aqanrikʼ am albʼe.
l etzʼibʼ abʼ alw echin.
inx int oʼwl a.
xaj ekʼ uriʼriixk amikriʼm anixk axl anwin aqt achik; riix, ixrechrik itin imitriety oxl ajt aqwin aq, ixrechri rachoch ridyos.
xint ikoxl ajkʼ alich aj.
k aqar iqqibʼchw eʼq.
sibʼ alajutzch eriw iʼajritun ey.
wen ajupul ikt axeq ajik. . .
xint oʼt ajch erinuch ak.
kʼ ojunchik opubʼ iʼpum.
p oqonri ik.
x ojbʼinik.
xuchʼekr onojell eret am anikxp aq iʼkkʼ axk wʼinikx ubʼ anajkun.
k el ubʼikp arijudeʼ aektz alijch iubʼijum ulp arig alil eʼa.
xin axibʼijp abʼe.
j eʼl kʼ olemchi aw achoch.
r onoj elriy aʼt alilp aweqʼ at aj,tzʼ aq atk iw ach, m ank tz aqt akanoqx uquj eʼm ankt ast aj.
xukun ajl ey aw abʼle aj qʼij.
chit at abʼejj aslek imbʼij.
chʼ analri achi.
p abʼ ok oʼk ach akunwirit ax.
ujkʼ op auw uqqʼij.
kiʼriuk abʼri aqaj.
kʼ orach alalp atzʼ olojch eʼrip eʼl.
xkil ochikinkʼ oxom aj.
riuk is akʼutzk y aʼikchiux eʼrit ikoʼn.
aret aqchiʼk aqʼ anpuw iʼrij ukubʼ, riach ichexkʼ ojiʼriitz eluxl abʼ alrukʼ, kut achrechri areʼ, arechk kʼ ojiʼrukʼ riareʼ.
n akabʼ ant ajt awum al.
xn aʼt ajchk exe atinik.
xinp ajrinut riko.
x eʼok ripokʼp arium exa ripoʼx.
kaj uluwriaqʼ aʼlchiux eʼritʼ uʼy.
aw echleja.
x ujbʼ ep atzu rik.
n abʼexat op anik.
riuk abʼ ubʼiʼrinum am arey ay.
uw ajx aquk akʼ alt aqanik( 28).
m at akʼojunk akanajkan oq, q onojelk ojbʼek.
enim aʼqle alt om abʼ.
nimuw achrip oʼt .
k oj onikp ariutzijw aixim ulew.
j asxukʼ ambʼil etzʼ iʼxawil o?
xinp et ik, t at.
ribʼ el ajuw ach.
chit at abʼejj asrik imbʼij.
j eʼlkun aʼriabʼ ixchiup am riququl ew.
kinbʼis ojuw achl ew al.
xut ʼuyubʼ aʼ.
nimri aweqel eʼnxariq o.
x ineʼw aʼoq.
chiʼk ew arwile akʼ alabʼ.
rinum iʼalx ut aql oqj unt aqoʼm wuj chiw e.
qʼ eʼlik, rich ajp aribʼe.
lautz aw ach? -utzm alty ox, ekʼu riat ?–utzm alty ox.
xink osrum alnuch ak.
kbʼek ukʼrieʼ areʼektz alijp arin asaretek eʼunim aj.
rij ojxukʼ ambʼikri akʼ.
kʼ ochiw achiʼlch anim.
kubʼijch echn aʼlk abʼ anch eriatzʼ ibʼ.
e. ..ink aw ajk atzj ojbʼil achw e.
m at axiny ajle ali.
j achin rukʼk atbʼ ewi?
kʼ osibʼ al ajet aʼm abʼ alp arim ay abʼ noʼjibʼ al.
em anx orijup uqk ej.
k asumumrik aqiqʼ.
ekʼ ok ajibʼ akʼ alabʼp alebʼe.
j eʼj asriut atkk aʼyik.
xaq atm ol oneltzijt al.
l enut atk aloqʼ onchwe.
x aqt anek imbʼeiw ukʼ.
x ret aʼm aj uchʼ ajik.
rum all aʼxk oj“ xalqʼ at” ch eubʼiʼrik om on.
arel euk emikp as xret aʼm aj.
riw at iʼtkubʼ annariup at an.
kʼ akʼlep oʼt.
ret aʼmuw achj achinxl oqʼ ow ripas.
kenchʼ abʼejl eakʼ alabʼ.
y aʼt alch aqeq onojelri ujwin aqutzk aqil qibʼ.
xk otiʼp aqʼ ayesx oqʼik.
k awin aqbʼel ej ebʼqʼ at aj.
ekʼ ok ajibʼr alriim ul, j uns aq, j unqʼ an, j unqʼeq, j unqʼ eqoj, sibʼ al ajk etzʼ anik, k echʼ opinikrial ajt aqim ul.
kch ol olriach ach al.
k etek ikriikʼ.
xe pet ikrechk ew aʼiw ukʼ.
tz atz riuqʼ anilriakʼ.
xojtz alijikxix eʼq aqʼ at ujkukʼl eit atinan.
riy oʼxt aqakʼ alabʼk ek ikʼ uxriatzʼy aq.
w eachiw ex usip ajj unp oʼt chwexk amik.
kk owinrikun anelchekun anik.
xj iqʼp arip ol ow.
xarum alsibʼ alajr ajaw axiklel oqʼ al ajj aʼ,l ewin aqxk ibʼij: chew eikʼriʼq onojelk ujbʼech eutik ikt aqcheʼ.
riun aneri erachal alk ep eul oqrukʼ riareʼ, kʼ atekʼuriʼ, m ank ek owint ajk eqibʼ uk oqrukʼ, rum alrechche ekʼ osibʼ alajwin aq.
rum alrech, chem ankʼ ot ajunkk owinch euk ojikj untikibʼ alilchik chuw achrik ojomch ikche are rijesusk risto.
t ekʼuriʼx utzʼ ibʼ ajribʼp arinim al ajtij obʼ alrech ajkuʼn.
k ajuluwri chʼumilch aqʼ abʼ.
kʼ isbʼ alk anoq, x oquj eʼkk am riix oq.
le alaxok ik.
kʼ opw aqp auw iʼrimexa.
arek aw ajn akinʼet aj.
riy aw alkuk ojri alichiux eʼrich ak ach areus uʼt.
nak aqakʼ amtuʼbʼik amik.
riajt ijk ubʼijchik e: r ajaw axikk eq ach ajijriaw aj, areut ik oʼnri ajaw.
xint ijm ukuniwir.
kʼ axl euw iʼt aqlenuqʼ abʼ.
xinl oqʼj unilbʼ alwibʼ.
w aʼw eqʼij, nimubʼ ant ajik.
riux eʼalriq atin amitm ank as acht aj.
x ojbʼinik.
riach al aljun amkiw ach.
xinw et aʼm ajril ikwibʼ.
nim riun aʼojw ajt ij.
miqʼ inrikʼ ul.
ajqʼ ojomriat eʼk.
ch el es anikch eʼkbʼ anwi riqʼ ojom.
k apel eawelp anaw alj aʼ.
rimes onelt ajinkch akunik.
utzch aqek aq at oʼqibʼ, t aqkʼ okʼ axkʼ olil, k atew echiʼnri ajawp aqaw iʼ.
xawil o, xqʼ at anleibʼ oy.
xatk owinikx abʼ ano.
k iʼrikʼ awex.
k ajililribʼ e.
le alix elbʼ ik.
areʼxr ajxinbʼ ano.
nimwe abʼaj.
j eʼl ikutiʼj olalris aqk oʼr.
n ojin aqrikej.
w ek atij anxuxm ank at ut oʼtach iuqʼ atixikl ekʼ akʼy abʼilc oronav irus( 2019-ncov) .
n animt ar aqanw aʼwech eʼ.
utz al ajajch ak, riw el.
¿ j amp aʼkujbʼ ep anim aqʼij?
r ajaw axikt anel aʼk atch akunw ukʼ.
xut aqchiʼj p aw ar ampul ew.
m an aret ariaxw anx el ik.
riaw ixx ul oqʼ rachoch renim al.
areriix oqxin sikʼinul oq.
richʼim akʼ atʼ onn a.
l axibʼ anleich ak?
kʼitin amitekʼ op achʼ oʼj.
kʼ ojupuqch ijchiux eʼrich eʼ.
riuxaqri abʼixareuw arik ej.
k awin aqqʼ at aj.
l akixp ep atij obʼ al?
w ek ech ajixt aql ekʼw aj ach akinbʼij; jun alikkʼ oj aʼx uquj eʼsibʼ al ajs aql ol oj.
x ret aʼm aj.
rial abʼ om rial it om abʼt ajink ik itij ojkibʼ rechsut aq, arek ak ajk ikibʼ annim aq achijabʼch up am rik ikʼ aslem al, x uquj ekʼ ochikj upuqbʼ ixonelch up am rik om on.
l atzʼuw achribʼe.
kʼ akʼriachʼ ichʼ.
q onoj el uj,ujm ay abʼt aqwin aq.
noj elqʼij riat iʼxkuy uqʼujl et aqaw ajj el aʼp anikʼ ajj aʼ, ch irijrij uyubʼ ubʼiʼten aʼ.
p aqʼ omchikri siʼ.
k intz ukunchel a.
k ak itijl ekin aqʼ, leich aj, l euw aʼl ikrukʼl ej.
xekan ajkanle ajch akibʼ.
k et ikonriach ijabʼ.
sibʼ al ajitz elubʼ ant ajikrichʼ il akan.
riat eʼkx um alty oxijch erirat iʼt, rum alriutz al ajn oʼjibʼ alxukʼ utch ech.
kk am ulixuch akriabʼ ix.
l axinutz ukuj letij oxel?
areʼk ach akunronoj elqʼij.
l eekʼ aʼnat aqtzʼ iʼ.
s aqrij ripl am ux.
j asxaqʼ iʼox atij o.
j asrukʼxk ich apw iut ijikl erik il?
w ek at atinrukʼkʼ atanj aʼm ankuqʼ atejt alekʼ akʼy abʼilc oronav irus.
lak atbʼinp aleuxl anbʼ al?
l aw ar alkʼ uxixw aʼwi?
arel enut atkinl oqʼ onik.
t ajinkch akunrial a.
kʼ orik iʼk otem al aw ukʼ.
xut ajachink aʼek.
xatw aʼikxin wilo.
xtz aqri rachoch rum alrij abʼ.
p alej unikʼchik arenim aqʼij.
ek ebʼ ämk ebʼinp auw iʼritem.
m emriachi.
riwik anch al iʼyk elp aj uyubʼch witzi ribʼ al.
ler ajil,l ap aj axel aqʼ axw uʼbʼik?
p aris uʼtpis omwiril ej.
k ojp etikk olq akʼ am aʼ.
t ajink atchʼ opinch iuw achrit aqʼaj.
l eqʼ orxchʼuq ik.
kʼ axw aʼimaw um al.
kinbʼis onchel ew al.
sibʼ alajkʼ okʼriaw atzʼy aq.
k amikx ujbʼech eutik ikt aqcheʼp arij uyubʼ.
kinul oqʼojlenut at.
ch aqiʼj chikrich aj.
xy ilixhaw ayi.
n axn aʼt ajt achk ech ixe atinik.
rukʼkʼuw aʼw eriʼ, riixk kʼ ojiʼj unutzal ajikʼ aslem alriʼchk iw achriwin aqchem anekʼ ot aiw ukʼ, kʼ atekʼ uriʼm ankʼ ot ajunwin aqriʼr ajaw axikchiw ech.
ep etin aqp abʼelerach al axik.
k ak ajl eakʼ alabʼk ew aʼik.
xuj chʼ aybʼ ik.
rinuch ak areqʼ axeltzij.
kʼ onaruxl abʼriaw aj.
t ajink ell oq,riqʼ ij.
xuqʼ iʼoxk ams axrir achal alch och.
rinum am arekʼ ouqʼinom al.
xkʼ ulm at ajjum ul, xubʼ anj unnim al ajj abʼ, m anxbʼey et ajt anaxukʼ isleuyuqʼ chik e.
am aʼrinutzʼ iʼ.
j ew aʼk atp et ik.
xink osikrum alxinch akunik
iw echchij ujunal, riw a.
xuqʼiʼ on axat atint aj.
inriqt ajin aqp arikʼ ayibʼ al.
nawet aʼmt aj.
kʼ axlenuqʼ abʼ.
utz lexubʼij le achi.
k em atzʼibʼ.
kʼ orach alalp atzʼ olojch eʼrip eʼl.
r onojelw aʼwej ast aqriʼ, xasks achw iuw achw aʼ; rukʼw eriʼ, riix, r ajaw axikch ekʼ ojunty oxl ajikʼ aslem alekkʼ ojiʼriichʼ awem rukʼrid yos,
xm uqt ajrip atzʼ an.
richʼ ichʼ tzijomk anoqp ariukʼ olbʼ al.
m ankʼ ot auchol ajp at aqriaw uj.
j achik eikʼl eunim aqʼijl etin amitnaw alj aʼ?
x ep etikx olk ikʼ am aʼ.
k achuqʼ chutrij aʼchiap am.
xinbʼ ijiwirchix ebʼ ep aarmit a.
areʼux eʼoj ertzijw ar alkʼich eʼubʼiʼ.
x kʼ isrinusiʼ.
j awixk ibʼijwi chik eʼewi?
¡ xaj ekʼuriʼ, jach int aqriekʼ op arijud eʼa, chich animch eʼanim ajubʼi p at aqrij uyubʼ,
kʼ akʼri abʼ.
lakʼ oj unnak akʼ oxom ajt aj?
n autzt aleutʼ isomlealm ariy.
m any aʼt alt ajchi awek at okp aja.
j eʼ, xatutz ukuj.
arek elw ajx aqibʼ uqʼijrixkʼ ojik.
rix unkurkkʼ ojiʼp at aqrit riko.
xins achik.
xut ʼuyubʼ aʼ
n anut omt aletzij<unk>
w achʼomrik iw arinoʼs.
ekʼ ojobʼchʼ ilw akʼ.
r ajaw ixikch ip at aqritij obʼ al, p anikʼ ajubʼ ixikchik
rir ajawrulew areʼt atk el.
w ekʼ uxokik,w ekʼn axokt a
w eachix usip ajj unpʼ otchw e.
at atut aq oʼnleqʼ at altzij.
naqʼ ant auw achl eq aprut.
rixaʼrkʼ op auw iʼriqʼ aqʼk poqʼ owik.
rir oqʼejrial ijach akp ej unakʼ al.
kʼ oj unal ap atij obʼ al.
s äquw iʼrit at aʼ.
riwitz ikʼt ajinkp el oq.
j awixs achonwik anuy aʼikl epw aqche.
utzw eachiw exinkun anik.
q onojelk ujw aʼp auw iʼrimexa.
rik axl aʼnikm an poqont aj.
inxinbʼ erukʼriw ach iʼl.
sibʼ alajj eʼl xk il oxek itz oq opijrik ich ijchil aʼ.
k inbʼinikx inʼek.
kʼ axkʼ olik, k ach aʼ.
k utij iximri akʼ.
rial ixch el, xuqʼ iʼox ajun akʼxsip ax ch e.
xq asikʼijl eix oqch utz ak iks ubʼ.
m at axabʼins ajlechʼ ichʼ.
ripixtzʼ aralikrum alrieq aʼn.
¿ j amp aʼk elchi3%
kʼ ojunnukʼ otojch iʼaj.
t ajink ew aʼk atri alabʼ om.
xinl oqʼlenukʼ akʼ ap oʼt.
nautz ak ikt asubʼt ajinkuʼ ano
x ojut aqchiʼijx ojw aʼik.
iw echri abʼix.
s aqrij richij.
ajs ikch eritin amitk elwi rit at aʼ.
-¡ay! x axintz aqul oq, kʼ axw ew aq an.
xkʼ ulm at ajp aj unk om onchiʼuw achj unjuyubʼ, xu riqaj unqʼijxk iriqkibʼj unim ulrukʼl ek ok.
j asxat aqchiʼjl eakʼ alchut ijik?
xinch aposuxul oqʼ o.
qʼ inomriach i.
rikʼ umktij ow rukʼk abʼ.
t ajink ej achʼ anik.
tz ebʼ aluk emikl ep as aw um al.
arek ay oʼwl euchik opill eubʼ ant ajikt ry panosomab rucei.
w ek atnim anikutzk elik.
p eron oʼjim alp etn aql oq, .
arel enuch akj untz uqbʼ alwibʼ.
xkun axley aw abʼrum alle ajqʼij.
riukʼ uʼxtzʼ ibʼp aq atzij el ajuj.
sibʼ al ajj eʼl ikrieqabʼ alxubʼ anriluʼs.
sibʼ al ajatk on.
em anx orijup uqk ej.
n axn aʼt ajt achk exe atinik.
rikʼ am albʼ ex ubʼijchik e, chim ajari anim.
jum uchʼ rinujun abʼ.
qʼ ipt ajin aqrir aqanrit em.
kch akun rukʼrij osbʼ alch eʼriaj anel.
xat aqchiʼjl eakʼ alch ut ijikk ar.
ojkʼ op aleroʼchl eawel.
¿ l ak atp eq ukʼchw eʼq?
lewin aqp alechʼ ichʼ etʼ uyullowi.
xk anajkan oqchiux eʼrij abʼrichʼ aʼn.
nimrija.
w et axakun ajl eat atm at axk aml aʼ.
n anukʼ amomtuʼl ariʼ.
chq anukʼuʼriq atzij.
k imbʼep aletin amit.
xinqʼiʼ on axin atint aj.
r ajaw axikk akʼ am anch awel eut ijiklel ej.
kʼ isbʼ alt aqnoʼjibʼ al.
x ineʼw aʼoq.
xkibʼ ankʼ axchel euw os aqrum alm anutzt achik ak ayik.
riqʼ utuʼmm ank echt aleakʼ alabʼ.
aren animt aleatzʼ iʼchuw achl enutzʼ iʼ.
x ep etikx olk il aʼ.
¿ j awch iʼxat aʼche xk am rium am rip oʼx ?
ek ebʼk ekʼ ambʼikp atuj.
xinl oqʼj unj ap ariw ok ajj a.
riaxt uʼbʼ, kʼ oqul ajch ech.
j askar ajk aʼanch utz ak ikl et iʼij.
xutijl ew a.
xim bʼ alretzij.
xp axribʼ oʼj.
w ek aw ajk atint oʼoxaqx uwik abʼijchiw e.
j asnukʼ ukuchʼ obʼ o.
j askar ajkutij o?
xexruxl abʼririk il.
enitzʼ aʼqlet aqim ul.
w et aneinxinbʼ anowik, arele at eʼkxbʼ anowik.
k intz alijp alenutin amit.
rinuch aqʼkʼ op auroʼqʼ atojtij onikp aritij obʼ al.
xinxiʼjw ibʼxinchʼ awik.
kʼ ochw aroʼchl ep are.
chir aqank abʼinwi rit at aʼ.
xs achonk anuy aʼikl epw aqchech oja.
xinqʼ axchikix oʼl riwin aq.
k etik onik.
ri ulewm anqecht aj, k echriq atiʼt qam am.
x epel ewin aqx olk ikʼ am aʼ.
xul oqʼriwuj rum alrial i.
chew eqʼijk amikkʼ oj unnutzij onemch irijl enutin amit.
kejriʼ.
xkun anal aqchw e.
kinusikʼ ijlenun an.
riim ulx uchʼijt aj, xk an ajp abʼe, rum alrinim alkuj al ujriim ul, xutz aqri anim.
kubʼ anriux oqʼ oʼl riajtzʼ aq.
ril asibʼ al ajutz ch ekunabʼ al.
kʼikiw achri eʼajch akibʼp arik om ont yox, kʼ atekʼ utxaj unch iajawx el;
xq at achix atul ik.
k aw ajchik at ʼek.
chʼ ut iʼnk ekan ajrixaj abʼch ech.
k aqax iʼjqibʼk aqach ap o.
ekʼ okebʼukʼ ajoll et atxw an.
l uʼsubʼ iʼrirech am.
ajch iuw iʼmi qʼinj aʼriluʼ.
xiny akanl enuch imp akʼ aybʼ al.
kʼ atexril o, xp eriun ancheutz ukuxik, xk ik ot ik, xus alabʼis ajrit aquxkin.
xk ikʼ utch iuw achri ajtijx uquj eʼchikiw achrit aqnikʼ ajk achil.
utz lenuqʼ abʼ.
k ull ealw eʼlp aaustin chaqʼ abʼk amik.
riateʼkx tz aql oqarech ikʼ op auw iʼriqʼ aʼm.
ajp at anriteʼk.
x atq ajchiup am riil.
lakʼ otzijnak ikʼ oxom ajt aj?
x s achonchk echixe at inik.
r onojell eulew ech al aq.
lax ebʼekʼ ul ax eʼkij aq akʼuleuch iʼj a?
xaqk at chʼokn ajiwir.
k amikkʼoch irijast aqawe.
arech iʼk akʼisrij unabʼkʼ oqʼinom.
p anaw alj aʼxin alexik.
n axint at ajwe areriakʼ alk ixtz uquw ik.
¡ rulewris abʼ ul onerul ewrineft ali,ubʼe rip ol ow, rul ewrijord an,g alil eʼak echrij et aqam aqʼ!
r ax, r ax, r ax, kʼ okʼ, kʼ okʼ, kʼ okʼl eruxl abʼl et aqtik oʼn.
achix atwil o.
p aq alr ajillep ixk amik.
x ojbʼinik.
p aj unj eʼltij obʼ alk utij ojribʼj unakʼ al,ubʼ iʼp oʼx, utzk uril ok ep atij obʼ alr onojelt aqqʼij.
xw ajchix atʼ et aj.
utzl aʼlex ubʼijle achi.
w et aʼamj achink ap et ik.
k inqʼoj om anik.
xinqʼiʼ ot akʼ alikxinp etik.
areʼret aʼmch ekinop anik.
aret abʼ al eq aqajawch att oʼwik.
k awin aqw aqibʼqʼ at aj.
n aqajch ikch eriuw aqk ajbʼ alaret aqchiʼks achuw ach riqʼij, k okriqʼ equʼm chuw achulew, chikʼ ateʼn aribʼel ej ebʼk ajbʼ al.
j obʼr aqanritzʼ alamx ep or oxik.
sibʼ al ajk orijrim op.
arew aʼ.
j el aʼp arit iminitch wik aby ok rechxel aj uʼ, leqan anq at atk akitik oj eʼlal ajt aquw achich aj.
kʼ axnuqul.
xuʼlukʼ am aʼ.
k ojulk itz ukuj.
arem ankʼ axt aukun axikaret aqanin aqk aʼilit ajw ey abʼil alx uquj eʼm oj oʼq akuy aʼl ekʼ axkʼ olilch echl ej ol om aj.
riw elkʼ op atij onik.
k aw ajkinbʼ ij.
rik otzʼ iʼjkq akojchiup am rija.
qʼe qqʼ ojrijri am aʼk ej.
n axw ajt ajxinchʼ awik.
chp et abʼ alel oqʼ al ajj abʼ.
xs achonchk exatk isikʼij.
el eqʼ alchʼ ichʼ.
jach inxawil och iare xtij ow ritiʼj ?
m at akabʼ elenuxbʼ alp aletin amit.
pim ruq, ri ali.
¿ kʼ orim uqʼechi awe ch?
kq abʼijm ank ek owint aj.
kintijn a.
kʼ oj unq atʼ uʼyp aja!
kʼ opujch iup am richʼ aʼk.
aret aqkink osikkinw arik.
x atw aʼikxin wilo
inxinchʼ ayowle achi.
k onoj elrial axikk eʼetzʼ anik.
j as rukʼxk itijwil ek irikil?
anin aqilk atp etik.
nar axt auw achlej uyubʼ.
ritzʼ alamtzʼibʼ abʼ alr axkk ayik.
w ech atch akunik, kʼ oaw a.
m aʼt amxatp echeriw aʼim.
k am ulkinw aʼn a.
risik ilk tij ow rukʼik.
k imbʼe aqʼ anrukʼl ealt alin.
xoj ʼekx eʼq ilalarq asok.
xek iqʼille ajch akibʼxkiw okl ej a.
m at anexw ajl ekʼ uhjnem rukʼl eat eʼk.
arex eʼop anchiuch iʼrij uyubʼ, xk ilochim anq ast akʼ oqʼ ayes.
kʼ atekʼ ut, rij esusm ankk oj ont achk echri eʼareʼ, rum alrechch ek onojelret aʼmkiw ach,
p aʼtz rijritzʼ iʼ.
juwin aqw aqibʼqʼ at aj.
atel aqʼom.
xaq atj oʼs.
riqʼ atzu, areqʼ alajriuqʼ ijil.
ajch akwe al a.
ubʼ el ejuk akʼ alt aqanik( 29).
k ebʼ nubʼiʼkʼ olik.
l ak atz alijl uʼlaanin aq?
k atz ukunl achwe.
l ak ajl akojbʼ eʼp alechom alchw eʼq?
xinn abʼejch ut asikq akʼ olibʼ al.
l alx int oʼw ik.
sibʼ al aj anoʼjibʼ al.
x ojp etikx olq akʼ am aʼ.
sibʼ alajj eʼl ikriuw aʼlriich aj.
kʼ axwij rum alinp ach alik.
aret aqxukʼ ulm ajw aʼxulriuch om anikx ubʼij: areutzw aaqʼ abʼkinw alijik, arech aʼch animkinop anp atij obʼ al, m ajch ikinkʼ ulm aj.
ojajx oj olobʼp aaw asqʼij.
xins achchel euw ok ikl etzij.
e jul ajujri akʼ.
xut ajamp aʼk ojʼek.
qilik.
ritij oxelm anaret animchuw achrir ajt ij.riutz tij oxelq asj eriʼkʼ olikj asri r ajtij.
inx atinchʼ ayo.
noʼj imch akw um al.
chʼurrij ochʼ.
ink inbʼijn akats acht aj.
ujm ay abʼ.
riabʼ ajy atz alik.
t ajink epixbʼ axriakʼ alabʼ.
chomri aq.
xinw arik.
el em enk onoj elriakʼ alabʼ.
t ajink qʼ anarikriw ereʼaj.
leuk emiklep asutz (chawe) .
xuy upubʼ auw achr aʼchi,k ach aʼ, .
ris atanask okp arij udas rikbʼ ixisk ariʼotech rech, riareʼj unchkix oʼl riekabʼl ajuj.
ch uchurip ar.
k inqum ujrinuj ochʼ.
chech punciónl umb aram aqʼelr ajaw axikch echrilikl eukʼ exbʼ emwil enabʼe rukʼl euk abʼukʼ utuneml ey abʼil al.
qʼ alajchin akaw ajt ajk abʼij.
kʼ oqʼolch irijrisiʼ.
j awix ojʼew ichul oqʼik?
kʼ oul ochʼrit alin.
qʼ anrijri at iʼtnuk ej.
l axtz alijl aiwir?
xesikʼ ixik, kʼ atekʼ uriʼxey ajik, x uquj eʼxet aqbʼich eusikʼ iklemes.
l akixw arik?
arekʼ ul ep alom axx ubʼijch e: -m amk atbʼis ont aj, k insikʼ ijnikʼ ajw achiʼlk erap apik.
aʼre etij ox el abʼ.
rial ajalisiʼlx ubʼijxq achapp autz alrity ox.
xs achonchk ej achinxe at inik.
j asxur ayijlean anxutij o?
xink osik.
r axronoj elriqʼ ayesrum all ejabʼ.
kiny aw aʼw echʼ ichʼpin emnautz.
n oʼjimup achʼuxikl enuw iʼ.
najkʼ owil ew oʼchchuw achl etij obʼ al.
riokibʼ alkʼ ochiuw achris aqja.
xenut aqchʼijk ek ille akʼ alabʼ.
kʼ ojunqʼ oxowemchiw e.
tz arich oʼm.
wech ojbʼ ep alenim aqʼij, k eqill eajx oj olobʼ.
xoj ʼekx eʼq ilalarq asok.
riateʼkx ut aʼchechrin ant oʼn:-n anjasch eʼchim ank ajt al aqakʼ atis ajrij oʼq.
rip alsibʼ al ajx uʼy.
k inkoj rijokbʼ alulew.
ink inbʼijn akats acht aj
atr ajkun lenun an.
kuq am ujuj oron riajtzij.
luʼtzʼ al am ubʼiʼriach ikelp anim ch eʼ.
j eʼl ikutiʼj olalris aqk oʼr.
kʼ ojunx aʼrp aja.
xinl oqʼjunkʼ akʼp at an.
kʼ axuk emikl ep asawum al.
anin aquk emiklep asawum al
richʼ aʼns achin aqp at aqabʼix.
r axt aqlek otzʼ iʼj.
m es omkan oqriup amj a.
m an aretar al axk osik.
rik om onxech pup rechuqʼ abʼtin amitx oʼl abʼ ajrechqʼ um ark aj.
lautz akikkʼ usubʼt ajinkuʼ ano?
k atel a!
naxut ijt aj.
xarum alk et aʼmk onoj elriwin aqkk iqum ujl ej aʼ.
iwirx ujtz alijl ap akʼ aybʼ al.
qet aʼmch eriqaw akuj ut oʼo.
riajt ij, ky ajonchik echriakʼ alabʼ.
j asubʼ anoml enuchʼ utit at?
chw eʼqkinbʼ ep animtin amit.
utzw ekiw et aʼm ajj askubʼijri ch olbʼ alqʼij.
t ajink at jilowch euqʼ oxomj ol om aj.
xint ikqʼ axchiuw achrija.
kʼ axl ekibʼ elewin aq.
l oqʼk atk unt ajch eleyabʼ il(covid- 19).
rinuxibʼ alk elp aq ajbʼ alqʼij.
xril riaxw anchixw aʼrial a.
l ealixkun at ajik.
w et akapelej abʼk amik.
xinw et aʼm ajchin axatp et aj.
ripw aqrechw eqʼ at ajriʼk es axch echrit ojbʼ alkʼ ayinem.
k tij riuw aʼlikrum alrik inim aqʼij.
xuch ap ukun axik.
ch at anloq ali.
xinxul iʼqaj oq.
j eʼl ikk tij owrit aqikox.
kʼ atekʼuril et atx oʼrx ubʼij, m ank aw ajt aj, m ank aw ajt aj.
kʼ ojuntzʼ iʼp abʼe.
k am ulxinpech eatz ukuxik.
m ant ajint akinch akunik.
kinch ak unikrechk atw aʼik.
j asrukʼ xawilwi chixkiqu pijwil et iʼj.
j asubʼixik<unk> ?
k oqʼriakʼ al.
k aw ajn akatʼ et aj.
x atqʼ ajik.
w emnachal oqʼ axiy al, n akimbʼet aaw ukʼ.
x op anl ew ujaw ukʼrum alw echin.
arekʼ utp alej uyubʼk kʼiyj oron, chil aʼxek ikʼ amawirij aʼriwin aq.
k oqʼriakʼ al.
w ekʼ oar ajilch akʼ am al oq.
aresibʼ al ajk aql eap oʼt chuw achl enup oʼt .
xinkʼ ast ajp akabʼl ajujk ajbʼ al.
k aqoyʼejn akixp et aj.
k ok aximrich ijx ajel aʼm ank anim ajt abʼik.
rik okn ojimxbʼek, x uchʼij oxop anp aukʼ isbʼ alill eanim.
xojk iʼk otik aret aqx atul ik.
k aqitzʼn ajriux ajabʼriakʼ al.
rij esuskw aʼk atp arinim rachoch ridyos, chux eʼrij unj acherach ochris alom on.
wet aqanikriʼk ubʼijchir ajaw axikk y aʼuqʼij riwin aqx uquj eʼkt oʼanin aqil.
riax uxaren ariukunel rikin aqʼ.
aret aqw aʼriuqʼ ijolwet aqanik.
kʼ oj unt abʼ alp auw iʼrixk anulubʼ iʼl ajujn oʼj.
y uʼlubʼ anomriuk olobʼrik ej.
xanim ajriakʼ alchiuw achriuch uch.
kkun anriachi.
kinw aʼikrechn akiny ow ajt aj.
aj xikchʼ ichʼril uʼs.
kw ajcheixk ixbʼ anowik.
aʼrex et oʼw al aq.
xoj ʼekx eʼq ilalarq asok.
xinl oqʼj unchʼ ichʼ, qajin aquw ach.
ku tʼisrip ant alon.
ej anip aleaw alkʼw alekʼ olik?
utz uk emiklep asch awe.
rim axare ajqʼ aniy aʼ.
m at abʼach iriqkʼ axp alebʼe.
t ajink anim aj, rim eʼs.
ixix eʼl aqʼ om abʼ!
xs ach anchw e.
ekʼ okʼicheʼ, chiuw achrij uyubʼ.
arew aʼrinim al ajp ixabʼe arew aʼrin abʼe.
xret aʼm ajchi rukʼp akʼ kutijwi
j asutz akikles ubʼx uʼ ano?
ajx oʼy riwik an.
wet ane aʼrex etij owl erikil, arelek om onx etij owik.
sibʼ al ajanin aqk achʼ awle areʼch inuw ach in.
utzw ekinch akuj.
m eʼsl aʼ.
kʼ okanw arechk aq atij o.
x insikʼijl a.
riakʼ alxs achk anoqj el aʼp at aqʼaj.
x esikʼijl a.
j awixk ibʼijwi chik eʼewi?
rum alche, m anixt ariʼrik ixchʼ awik, areri ruxl abʼ axelriit atriʼrik chʼ awn aiw ukʼriix.
kʼ akʼriw achoch.
sibʼ al ajutzk inwille atzʼy aqrechn ahuala.
s aqp orkk ayrik ip oʼt rinan.
x sach onrinuch akchw e.
w aʼimxuch ap o.
riqʼ aqʼt ajink aj uluwik.
n ajilup amrisiw an.
ekʼ oriq achal alp achiuw iʼl a.
j asxat aqchiʼjl eakʼ alchut ijik?
n oʼjimuk emikl ep asawum al.
kʼ oj unkukubʼ iʼtintin, w aʼlel ajk ukm amk ajeqit aj, k ap aqik axulikp auw iʼuqʼ abʼt aqcheʼ, sibʼ al ajs akʼ aj, k eʼut ole enim aʼq, chʼ utin, rach iʼl, ajsip anelsibʼ al ajutzr anim aʼ.
riup ixabʼl eqʼ atbʼ altzijk iy aʼubʼ ixik.
n axs achont achk exe atinik.
x eq illechik op puwil eja.
xl oʼt ajriakʼ al.
q onojelk ujw aʼp auw iʼrimexa.
x sikirlew aqan.
l axatw aʼkʼ ut?
nim ubʼ aqʼritul ul.
kinxikʼikʼ ikxinqʼ axik.
l ak atbʼ ep aletin amit?
rip alsibʼ al ajs aqʼor.
k qʼ oxownuj alom.
xinn aʼochik atp et ik.
x loqʼ ulewiw echix.
xinch akun rukʼrinum am.
n axqabʼ ant aj.
k kʼ ojiʼbʼ aʼriusip anikriaj awxel jesusk rist orukʼriaw uxl abʼ al!
kinchʼ awrukʼl enun anp alechʼ awebʼ al.
sibʼ al ajqʼequʼm rum alrim ay ul.
areleb ax ul ik.
xek osleix oqibʼp alebʼe.
kʼ axril ikle akʼ alch awe.
xinqʼiʼ oxin atinp aj oron.
sibʼ al ajnimletin amit.
kʼ axuk emikl ep asawum al.
xins achik.
t ajink eluk ikʼelp ar aqanritzʼ iʼ.
xinw et aʼm ajril ikwibʼ
riqʼuqʼ arej unj eʼlchik op.
kʼ op aj atij obʼ alriwik aqʼ.
ris achibʼ alm akr ajw axikch iqax oʼl.
j eʼ,k imbʼek.
j el aleʼrinupw iʼ.
xubʼij che: -j asxabʼ anot intin?
k abʼ anjunt oqʼobʼky akrinuj al.
k atʼ ekxint a.
j asl eukʼ exbʼ em ribʼl ej unrukʼl ej unchik?
ajch iuw iʼmi qʼinj aʼriluʼ.
ritij oneln ajk pewi.
t eʼkixch obʼ ubʼiʼrinut at.
rij aʼk am iqʼikchiuw achriqʼ aqʼ.
ritʼ uʼykp aqʼ owik.
kinm esonna.
naqaj atkʼ owichiw ech.
xinbʼis onikt aqn axat pett aj.
we xk amriwin aq, ripw aqrecht ojbʼ alm ak ajky aʼchik echrir alaxik.
rinun anxbʼep akʼ aybʼ al.
x ojukʼ am ul oqrechk ojrilo
xkʼ ot ochinch ikiw achch ikinw aʼaw ukʼ.
n axk ik ams ajt ajxk ikʼ ambʼich oja.
kʼ akʼriikʼk amik.
ximbʼe rukʼle ajkuniwir.
rilik.
l etzʼ iʼx ek osik.
xink ik ot awum al.
riim ulxum ajri anim, xuy akanl ek ok.
kʼ oojche riakʼ al.
xujbʼ ep aj unkʼul anem.
utzw ekw ar al aq.
k aqil ochinak ojukʼ amt aj.
xret aʼm ajchi rukʼp akʼ kutijwi.
sibʼ al ajxinkʼ aʼn arik.
xink och ijrinuw a.
m ank atk owint ajk atch akunik, w em ankʼ ot ariajil abʼ al.
w ewononx ubʼijchik e:-k ixint o.
rial animkrilwi rium am.
xk aʼych irij, xk aʼy chuw ach, m akʼ ot achij unksil obʼik, x oqʼikx ux eʼj ribʼx chʼ opinikxtz alijl oqx uriqt ach ikriubʼe.
kʼ opuscheriw a.
pinemn akabʼel ew atz, k imbʼ ewiinp ak aʼyibʼ al.
rin ant oʼnnimwin aqchik, s aquwiʼ, r onojel aqʼ abʼ utzkun aʼok atʼuy iʼp autem , k umiqʼis ajribʼch oriqʼij, kʼ oj unuw iʼum am ubʼiʼ ateʼk.
m anekʼ it ajriqul aʼ.
qʼ alajchin akaw ajt ajk abʼij
xp aqabʼis axr ajilr onojelrik em.
kʼ op arij ulrikum atz.
r onojel qʼijkinchʼ ajlenuw are.
s aqchik anleich ajrechk atz ak o.
chux el eq achom alk aq atijwij unq am eqʼ in.
chawil aʼ.
ekʼ ojobʼ umiʼal,ri nut at.
j asrukʼx awilwi
j eʼj asriwin aqrechriuw achulew, x oquj eʼkepen ariʼrieʼ areʼche erechriuw achulew; j eʼjas riwin aqrechrik aj, x oquj eʼkepen ariʼrieʼ areʼe rechrik aj.
xintij o.
k tzʼujuwri rach ochrip oʼx.
xuqʼ iʼoarel eukʼ ulelxy aʼowuw a.
riaw elx ret aʼm ajchir ajaw axikm anku xejt aribʼch erit ukur.
jukʼ ulajwin aqx eʼ anim ajbʼik.
j eʼ, xintz alijik.
x ojp etikx olq akʼ am aʼ.
m ajj achinxʼek.
in ajtij; attij oxel.
saquw iʼrit at aʼ.
w echrik em.
leroʼchl eateʼk kʼochw achl eukʼ ayl enun an.
kbʼ ep arisi riʼaep ari silisiʼa, jawij eʼkuy awirik ichuqʼ abʼrik om ont yox.
pix abʼ: m anutzt ajkʼ axkujchʼ awchik ijnikʼ ajq achil.
xkun at ajl eali(kum alriix oqibʼ) .
rixibʼibʼ alchikʼ owip at aqriq akʼ aslem alr onoj elqʼij.
nakujw art aw ar al.
onch ek kʼ ojiʼriutz ilchix oʼl, arech junamriq ak oj onik, jun amriiw ech ixrukʼriw echin.
p aoxqʼijris aʼnkbʼ enarukʼri ajkun.
k awin aqw uqubʼ.
j ask aw ajkintij o?
w et axatbʼ ew ukʼp aletin amit, xal oqʼt alaʼl eujast aqleakʼ ajol.
k ebʼep aw aʼim.
xinl oqʼkʼiw a.
p aj unnimkʼ acheʼl aj, kʼ ojunkʼw aʼsibʼ alajs aql oloj, nimuw ach.
kw ajk atijj ubʼ aʼw a.
ronoj elwin aqk riln ariuk ol onemridyo s».
xkʼ ot ochinch ikiw achch ikinw aʼaw ukʼ
kw ajn akatʼ et aj.
l axal oqʼjun alej?
ekʼ oriel oqʼom anel.
riuk abʼ ubʼiʼrinum am arey ay.
kinj opijriij aʼrecht riko.
xn aʼt ajchk exe atinik.
x ateʼqil aʼ.
k ak itij alanx axriwin aq.
. . . k inbʼijch iarew aʼsinxiʼ an.
n axinn abʼejt achut asikq akʼ olibʼ al.
rum alrechch eweriin ,kinchʼ awrukʼrid yosp achʼ abʼ al, kchʼ awnakʼ uriʼriw uxl abʼ alrukʼrid yos, kʼ atekʼ utm ankʼ ot aup at anriʼch rechrinuch om abʼ al.
x epet ikxkil o.
xut awek at ʼek.
utz uk emiklep asch awe.
rinuw ak axx utijj unqʼ oqʼ rum alriʼxk amik.
rum alrikʼ ix, m ank ew aʼt ajriwin aq.
x eʼulik.
qʼ eqrijri am aʼchij.
x r ajk aʼeleun an.
jun amkijun abʼ.
n aqʼal ajt ajw ek aʼek.
riwixn amchʼaj chʼoj rirach och.
w ar alm ankʼ ot ajajaw al.
n aiwirt axrillekʼ amolbʼe.
xinp el oqt ekʼu riʼxintz ukuj ronoj elrinur ajil.
riajt ikonelkut ikritzij.
kʼ oek ikʼ ajolle achij abʼ.
kut ijqʼ ayes riixp aʼch.
p ariw aʼbʼ alekʼ ok awin aqach ijabʼ.
sip ojin aqrinup am.
k ay aʼt ajikrukʼ utiʼ onemj unriuriq oml ey abʼil am ol otsetsé x uquj eʼarek ay aʼt ajp at aqrij uyubʼ.
j achinri achi?
rinum amxk amikaret aqkʼ ojumuchʼl ajujuj unabʼ.
k ink owinikk inkʼ ambʼilepw aq.
k inwil och iutzriaj iʼ.
xin qʼilriap oʼxch em ank ach akunt aj.
kw aʼchiuw achl et aqʼajriam aʼakʼ.
riim ulx ep oqʼ ikp ajunikʼ.
xkʼ isk anoqriq ach ak.
are rialix ojilowk anoq.
sibʼ al ajchʼuʼjri am ax.
kʼ onuw achiʼ.
inch ajinelk echle akʼ alabʼ.
x ek osletzʼ iʼ.
kinbʼ enakukʼrim ol aj.
r onojel aqʼ abʼkiny itzʼ riw ak ax.
kar apinikx utz ukujchij unaw aj.
l euk emiklep as anin aq(awum al) .
m aj urajilleqʼ abʼ arel.
kʼ axriʼrik achʼ awik.
x ojut aqchiʼj leach ichul oqʼik ich aj.
sibʼ alajkʼ axrixkʼ ulm axik.
xk iloch in akinkʼ oxom ajt aj.
xn aʼt ajchk echixe atinik.
xkʼ ot ochinch ikiw achch ixojalw oʼq akukʼ.
j unqʼuʼqr ajilrik axl aʼnw a.
xinwil ochix eʼel ik.
ekʼ oix oqibʼp alekʼ aybʼ al.
m ankʼ ot ajukʼ isikrim ay abʼ ajl abʼ alil.
risink kʼiyp at aqʼaj.
richʼim am ank kʼiyt ajp at aqʼaj.
r ajaw axikk jik ikriw aq än.
k aw ajk inʼek.
ekʼ ooxibʼ akʼ.
x ubʼijchw ej awi atkʼ owi.
chw eʼqk ujbʼ eʼp am uquj.
p as aqkʼ ajaʼkbʼ anwi riuq.
x ojk isikʼij.
x inwil wibʼ.
ch aqʼ chikriw a.
k imbʼenak ap alew oʼch.
k aw ajk inʼek.
richʼ uʼktij rukʼl ej.
p arik iqʼijk amin aqibʼkbʼ anqʼ orikʼy aʼrech aj:n abʼerin ankutz ukujk anriaj, kuj achʼ oʼx uquj ekukʼ et o.
j ask ajbʼ alch anim?
utz uchom anikri ali.
p ariqʼij oxl ajujtij axk inkʼisk ebʼj unabʼkinch akunw ar al.
sibʼ alajk o,rikʼ akʼchʼ at.
j ask ar ajkubʼij<unk> ?
richʼ ichʼk asil abʼik.
p aoj erqʼ alpulxaqx uw irinimwin aqk ekʼ amowbʼe.
leukun axikle ukabʼukʼ utunikare rukʼefl ornitin aonutunibʼ axikl enifurtim oxch iʼlefl ornitin achecht .b.g.
are riach ixinchʼ ayowik.
j unach iubʼikuʼx usip ajk ebʼkʼ aʼm ulewrechk abʼ anritij obʼ al, k amik, kʼ ochik ajtij rechrik om onxech pup.
xum alty oxijch eriajtij ronoj elle xukʼ utch iuw ach.
p aribʼ exkir aqj unal ajim uls aqrij, xk ikʼ ambʼik.
x rillebʼ ale ala.
j askubʼijch we?
l eukun at ajem arerukʼ utz ukuxikl euchik opilp aj unus olikux eʼlek ikʼ onl ej aʼrechj unnodo.
utzw enutzʼ iʼ.
j eʼ, t ajink ach ap onik.
kinul oqʼojlenut at.
k aw ajk imbʼep atin amit.
arel aʼkinch akuj.
rinim aʼqt aqwin aqkʼ ok et aʼm abʼ al.
wet axatbʼ ew ukʼp aletin amit, xal oqʼt aw aʼwej ast aq.
rik ikʼ aslem al. w aixim ulewxaj unchim aaret atin imitrima
riukʼy abʼ alnajup am.
x atq ajchiup am riil.
n ojimk atw aʼik.
w ekʼ oj unk tuq aʼrik, ¿ l am anx oquj eʼt ajkintuq aʼrriin?
oj ojw ok olj a.
aw askbʼ ankʼ axch ej unnimwin aq.
xinchʼ aw ap anrukʼl ewan abʼ.
kʼ axriup am rij uʼl.
t ajink ew aʼriim ul.
l akajl akujtz alijl aanin aq?
rum alrechch erim ak ajm ankʼ ot auk owinemp iw iʼriix: riixm anixkʼ ot achichux eʼrip ixabʼ, xaneixkʼ ochux eʼrisip anik.
nimr aqanlech eʼ.
xinch ap o.
arel etuʼrlel oqʼ om anel.
xask atkʼ ojiʼchiup am richʼ ichʼ.
sibʼ alajnimr aqanrikʼ am albʼe.
l etzʼibʼ abʼ alw echin.
inx int oʼwl a.
xaj ekʼ uriʼriixk amikriʼm anixk axl anwin aqt achik; riix, ixrechrik itin imitriety oxl ajt aqwin aq, ixrechri rachoch ridyos.
xint ikoxl ajkʼ alich aj.
k aqar iqqibʼchw eʼq.
sibʼ alajutzch eriw iʼajritun ey.
wen ajupul ikt axeq ajik. . .
xint oʼt ajch erinuch ak.
kʼ ojunchik opubʼ iʼpum.
p oqonri ik.
x ojbʼinik.
xuchʼekr onojell eret am anikxp aq iʼkkʼ axk wʼinikx ubʼ anajkun.
k el ubʼikp arijudeʼ aektz alijch iubʼijum ulp arig alil eʼa.
xin axibʼijp abʼe.
j eʼl kʼ olemchi aw achoch.
r onoj elriy aʼt alilp aweqʼ at aj,tzʼ aq atk iw ach, m ank tz aqt akanoqx uquj eʼm ankt ast aj.
xukun ajl ey aw abʼle aj qʼij.
chit at abʼejj aslek imbʼij.
chʼ analri achi.
p abʼ ok oʼk ach akunwirit ax.
ujkʼ op auw uqqʼij.
kiʼriuk abʼri aqaj.
kʼ orach alalp atzʼ olojch eʼrip eʼl.
xkil ochikinkʼ oxom aj.
riuk is akʼutzk y aʼikchiux eʼrit ikoʼn.
aret aqchiʼk aqʼ anpuw iʼrij ukubʼ, riach ichexkʼ ojiʼriitz eluxl abʼ alrukʼ, kut achrechri areʼ, arechk kʼ ojiʼrukʼ riareʼ.
n akabʼ ant ajt awum al.
xn aʼt ajchk exe atinik.
xinp ajrinut riko.
x eʼok ripokʼp arium exa ripoʼx.
kaj uluwriaqʼ aʼlchiux eʼritʼ uʼy.
aw echleja.
x ujbʼ ep atzu rik.
n abʼexat op anik.
riuk abʼ ubʼiʼrinum am arey ay.
uw ajx aquk akʼ alt aqanik( 28).
m at akʼojunk akanajkan oq, q onojelk ojbʼek.
enim aʼqle alt om abʼ.
nimuw achrip oʼt .
k oj onikp ariutzijw aixim ulew.
j asxukʼ ambʼil etzʼ iʼxawil o?
xinp et ik, t at.
ribʼ el ajuw ach.
chit at abʼejj asrik imbʼij.
j eʼlkun aʼriabʼ ixchiup am riququl ew.
kinbʼis ojuw achl ew al.
xut ʼuyubʼ aʼ.
nimri aweqel eʼnxariq o.
x ineʼw aʼoq.
chiʼk ew arwile akʼ alabʼ.
rinum iʼalx ut aql oqj unt aqoʼm wuj chiw e.
qʼ eʼlik, rich ajp aribʼe.
lautz aw ach? -utzm alty ox, ekʼu riat ?–utzm alty ox.
xink osrum alnuch ak.
kbʼek ukʼrieʼ areʼektz alijp arin asaretek eʼunim aj.
rij ojxukʼ ambʼikri akʼ.
kʼ ochiw achiʼlch anim.
kubʼijch echn aʼlk abʼ anch eriatzʼ ibʼ.
e. ..ink aw ajk atzj ojbʼil achw e.
m at axiny ajle ali.
j achin rukʼk atbʼ ewi?
kʼ osibʼ al ajet aʼm abʼ alp arim ay abʼ noʼjibʼ al.
em anx orijup uqk ej.
k asumumrik aqiqʼ.
ekʼ ok ajibʼ akʼ alabʼp alebʼe.
j eʼj asriut atkk aʼyik.
xaq atm ol oneltzijt al.
l enut atk aloqʼ onchwe.
x aqt anek imbʼeiw ukʼ.
x ret aʼm aj uchʼ ajik.
rum all aʼxk oj“ xalqʼ at” ch eubʼiʼrik om on.
arel euk emikp as xret aʼm aj.
riw at iʼtkubʼ annariup at an.
kʼ akʼlep oʼt.
ret aʼmuw achj achinxl oqʼ ow ripas.
kenchʼ abʼejl eakʼ alabʼ.
y aʼt alch aqeq onojelri ujwin aqutzk aqil qibʼ.
xk otiʼp aqʼ ayesx oqʼik.
k awin aqbʼel ej ebʼqʼ at aj.
ekʼ ok ajibʼr alriim ul, j uns aq, j unqʼ an, j unqʼeq, j unqʼ eqoj, sibʼ al ajk etzʼ anik, k echʼ opinikrial ajt aqim ul.
kch ol olriach ach al.
k etek ikriikʼ.
xe pet ikrechk ew aʼiw ukʼ.
tz atz riuqʼ anilriakʼ.
xojtz alijikxix eʼq aqʼ at ujkukʼl eit atinan.
riy oʼxt aqakʼ alabʼk ek ikʼ uxriatzʼy aq.
w eachiw ex usip ajj unp oʼt chwexk amik.
kk owinrikun anelchekun anik.
xj iqʼp arip ol ow.
xarum alsibʼ alajr ajaw axiklel oqʼ al ajj aʼ,l ewin aqxk ibʼij: chew eikʼriʼq onojelk ujbʼech eutik ikt aqcheʼ.
riun aneri erachal alk ep eul oqrukʼ riareʼ, kʼ atekʼuriʼ, m ank ek owint ajk eqibʼ uk oqrukʼ, rum alrechche ekʼ osibʼ alajwin aq.
rum alrech, chem ankʼ ot ajunkk owinch euk ojikj untikibʼ alilchik chuw achrik ojomch ikche are rijesusk risto.
t ekʼuriʼx utzʼ ibʼ ajribʼp arinim al ajtij obʼ alrech ajkuʼn.
k ajuluwri chʼumilch aqʼ abʼ.
kʼ isbʼ alk anoq, x oquj eʼkk am riix oq.
le alaxok ik.
kʼ opw aqp auw iʼrimexa.
arek aw ajn akinʼet aj.
riy aw alkuk ojri alichiux eʼrich ak ach areus uʼt.
nak aqakʼ amtuʼbʼik amik.
riajt ijk ubʼijchik e: r ajaw axikk eq ach ajijriaw aj, areut ik oʼnri ajaw.
xint ijm ukuniwir.
kʼ axl euw iʼt aqlenuqʼ abʼ.
xinl oqʼj unilbʼ alwibʼ.
w aʼw eqʼij, nimubʼ ant ajik.
riux eʼalriq atin amitm ank as acht aj.
x ojbʼinik.
riach al aljun amkiw ach.
xinw et aʼm ajril ikwibʼ.
nim riun aʼojw ajt ij.
miqʼ inrikʼ ul.
ajqʼ ojomriat eʼk.
ch el es anikch eʼkbʼ anwi riqʼ ojom.
k apel eawelp anaw alj aʼ.
rimes onelt ajinkch akunik.
utzch aqek aq at oʼqibʼ, t aqkʼ okʼ axkʼ olil, k atew echiʼnri ajawp aqaw iʼ.
xawil o, xqʼ at anleibʼ oy.
xatk owinikx abʼ ano.
k iʼrikʼ awex.
k ajililribʼ e.
le alix elbʼ ik.
areʼxr ajxinbʼ ano.
nimwe abʼaj.
j eʼl ikutiʼj olalris aqk oʼr.
n ojin aqrikej.
w ek atij anxuxm ank at ut oʼtach iuqʼ atixikl ekʼ akʼy abʼilc oronav irus( 2019-ncov) .
n animt ar aqanw aʼwech eʼ.
utz al ajajch ak, riw el.
¿ j amp aʼkujbʼ ep anim aqʼij?
r ajaw axikt anel aʼk atch akunw ukʼ.
xut aqchiʼj p aw ar ampul ew.
m an aret ariaxw anx el ik.
riaw ixx ul oqʼ rachoch renim al.
areriix oqxin sikʼinul oq.
richʼim akʼ atʼ onn a.
l axibʼ anleich ak?
kʼitin amitekʼ op achʼ oʼj.
kʼ ojupuqch ijchiux eʼrich eʼ.
riuxaqri abʼixareuw arik ej.
k awin aqqʼ at aj.
l akixp ep atij obʼ al?
w ek ech ajixt aql ekʼw aj ach akinbʼij; jun alikkʼ oj aʼx uquj eʼsibʼ al ajs aql ol oj.
x ret aʼm aj.
rial abʼ om rial it om abʼt ajink ik itij ojkibʼ rechsut aq, arek ak ajk ikibʼ annim aq achijabʼch up am rik ikʼ aslem al, x uquj ekʼ ochikj upuqbʼ ixonelch up am rik om on.
l atzʼuw achribʼe.
kʼ akʼriachʼ ichʼ.
q onoj el uj,ujm ay abʼt aqwin aq.
noj elqʼij riat iʼxkuy uqʼujl et aqaw ajj el aʼp anikʼ ajj aʼ, ch irijrij uyubʼ ubʼiʼten aʼ.
p aqʼ omchikri siʼ.
k intz ukunchel a.
k ak itijl ekin aqʼ, leich aj, l euw aʼl ikrukʼl ej.
xekan ajkanle ajch akibʼ.
k et ikonriach ijabʼ.
sibʼ al ajitz elubʼ ant ajikrichʼ il akan.
riat eʼkx um alty oxijch erirat iʼt, rum alriutz al ajn oʼjibʼ alxukʼ utch ech.
kk am ulixuch akriabʼ ix.
l axinutz ukuj letij oxel?
areʼk ach akunronoj elqʼij.
l eekʼ aʼnat aqtzʼ iʼ.
s aqrij ripl am ux.
j asxaqʼ iʼox atij o.
j asrukʼxk ich apw iut ijikl erik il?
w ek at atinrukʼkʼ atanj aʼm ankuqʼ atejt alekʼ akʼy abʼilc oronav irus.
lak atbʼinp aleuxl anbʼ al?
l aw ar alkʼ uxixw aʼwi?
arel enut atkinl oqʼ onik.
t ajinkch akunrial a.
kʼ orik iʼk otem al aw ukʼ.
xut ajachink aʼek.
xatw aʼikxin wilo.
xtz aqri rachoch rum alrij abʼ.
p alej unikʼchik arenim aqʼij.
ek ebʼ ämk ebʼinp auw iʼritem.
m emriachi.
riwik anch al iʼyk elp aj uyubʼch witzi ribʼ al.
ler ajil,l ap aj axel aqʼ axw uʼbʼik?
p aris uʼtpis omwiril ej.
k ojp etikk olq akʼ am aʼ.
t ajink atchʼ opinch iuw achrit aqʼaj.
l eqʼ orxchʼuq ik.
kʼ axw aʼimaw um al.
kinbʼis onchel ew al.
sibʼ alajkʼ okʼriaw atzʼy aq.
k amikx ujbʼech eutik ikt aqcheʼp arij uyubʼ.
kinul oqʼojlenut at.
ch aqiʼj chikrich aj.
xy ilixhaw ayi.
n axn aʼt ajt achk ech ixe atinik.
rukʼkʼuw aʼw eriʼ, riixk kʼ ojiʼj unutzal ajikʼ aslem alriʼchk iw achriwin aqchem anekʼ ot aiw ukʼ, kʼ atekʼ uriʼm ankʼ ot ajunwin aqriʼr ajaw axikchiw ech.
ep etin aqp abʼelerach al axik.
k ak ajl eakʼ alabʼk ew aʼik.
xuj chʼ aybʼ ik.
rinuch ak areqʼ axeltzij.
kʼ onaruxl abʼriaw aj.
t ajink ell oq,riqʼ ij.
xuqʼ iʼoxk ams axrir achal alch och.
rinum am arekʼ ouqʼinom al.
xkʼ ulm at ajjum ul, xubʼ anj unnim al ajj abʼ, m anxbʼey et ajt anaxukʼ isleuyuqʼ chik e.
am aʼrinutzʼ iʼ.
j ew aʼk atp et ik.
xink osikrum alxinch akunik
iw echchij ujunal, riw a.
xuqʼiʼ on axat atint aj.
inriqt ajin aqp arikʼ ayibʼ al.
nawet aʼmt aj.
kʼ axlenuqʼ abʼ.
utz lexubʼij le achi.
k em atzʼibʼ.
kʼ orach alalp atzʼ olojch eʼrip eʼl.
r onojelw aʼwej ast aqriʼ, xasks achw iuw achw aʼ; rukʼw eriʼ, riix, r ajaw axikch ekʼ ojunty oxl ajikʼ aslem alekkʼ ojiʼriichʼ awem rukʼrid yos,
xm uqt ajrip atzʼ an.
richʼ ichʼ tzijomk anoqp ariukʼ olbʼ al.
m ankʼ ot auchol ajp at aqriaw uj.
j achik eikʼl eunim aqʼijl etin amitnaw alj aʼ?
x ep etikx olk ikʼ am aʼ.
k achuqʼ chutrij aʼchiap am.
xinbʼ ijiwirchix ebʼ ep aarmit a.
areʼux eʼoj ertzijw ar alkʼich eʼubʼiʼ.
x kʼ isrinusiʼ.
j awixk ibʼijwi chik eʼewi?
¡ xaj ekʼuriʼ, jach int aqriekʼ op arijud eʼa, chich animch eʼanim ajubʼi p at aqrij uyubʼ,
kʼ akʼri abʼ.
lakʼ oj unnak akʼ oxom ajt aj?
n autzt aleutʼ isomlealm ariy.
m any aʼt alt ajchi awek at okp aja.
j eʼ, xatutz ukuj.
arek elw ajx aqibʼ uqʼijrixkʼ ojik.
rix unkurkkʼ ojiʼp at aqrit riko.
xins achik.
xut ʼuyubʼ aʼ
n anut omt aletzij<unk>
w achʼomrik iw arinoʼs.
ekʼ ojobʼchʼ ilw akʼ.
r ajaw ixikch ip at aqritij obʼ al, p anikʼ ajubʼ ixikchik
rir ajawrulew areʼt atk el.
w ekʼ uxokik,w ekʼn axokt a
w eachix usip ajj unpʼ otchw e.
at atut aq oʼnleqʼ at altzij.
naqʼ ant auw achl eq aprut.
rixaʼrkʼ op auw iʼriqʼ aqʼk poqʼ owik.
rir oqʼejrial ijach akp ej unakʼ al.
kʼ oj unal ap atij obʼ al.
s äquw iʼrit at aʼ.
riwitz ikʼt ajinkp el oq.
j awixs achonwik anuy aʼikl epw aqche.
utzw eachiw exinkun anik.
q onojelk ujw aʼp auw iʼrimexa.
rik axl aʼnikm an poqont aj.
inxinbʼ erukʼriw ach iʼl.
sibʼ alajj eʼl xk il oxek itz oq opijrik ich ijchil aʼ.
k inbʼinikx inʼek.
kʼ axkʼ olik, k ach aʼ.
k utij iximri akʼ.
rial ixch el, xuqʼ iʼox ajun akʼxsip ax ch e.
xq asikʼijl eix oqch utz ak iks ubʼ.
m at axabʼins ajlechʼ ichʼ.
ripixtzʼ aralikrum alrieq aʼn.
¿ j amp aʼk elchi3%
kʼ ojunnukʼ otojch iʼaj.
t ajink ew aʼk atri alabʼ om.
xinl oqʼlenukʼ akʼ ap oʼt.
nautz ak ikt asubʼt ajinkuʼ ano
x ojut aqchiʼijx ojw aʼik.
iw echri abʼix.
s aqrij richij.
ajs ikch eritin amitk elwi rit at aʼ.
-¡ay! x axintz aqul oq, kʼ axw ew aq an.
xkʼ ulm at ajp aj unk om onchiʼuw achj unjuyubʼ, xu riqaj unqʼijxk iriqkibʼj unim ulrukʼl ek ok.
j asxat aqchiʼjl eakʼ alchut ijik?
xinch aposuxul oqʼ o.
qʼ inomriach i.
rikʼ umktij ow rukʼk abʼ.
t ajink ej achʼ anik.
tz ebʼ aluk emikl ep as aw um al.
arek ay oʼwl euchik opill eubʼ ant ajikt ry panosomab rucei.
w ek atnim anikutzk elik.
p eron oʼjim alp etn aql oq, .
arel enuch akj untz uqbʼ alwibʼ.
xkun axley aw abʼrum alle ajqʼij.
riukʼ uʼxtzʼ ibʼp aq atzij el ajuj.
sibʼ al ajj eʼl ikrieqabʼ alxubʼ anriluʼs.
sibʼ al ajatk on.
em anx orijup uqk ej.
n axn aʼt ajt achk exe atinik.
rikʼ am albʼ ex ubʼijchik e, chim ajari anim.
jum uchʼ rinujun abʼ.
qʼ ipt ajin aqrir aqanrit em.
kch akun rukʼrij osbʼ alch eʼriaj anel.
xat aqchiʼjl eakʼ alch ut ijikk ar.
ojkʼ op aleroʼchl eawel.
¿ l ak atp eq ukʼchw eʼq?
lewin aqp alechʼ ichʼ etʼ uyullowi.
xk anajkan oqchiux eʼrij abʼrichʼ aʼn.
nimrija.
w et axakun ajl eat atm at axk aml aʼ.
n anukʼ amomtuʼl ariʼ.
chq anukʼuʼriq atzij.
k imbʼep aletin amit.
xinqʼiʼ on axin atint aj.
r ajaw axikk akʼ am anch awel eut ijiklel ej.
kʼ isbʼ alt aqnoʼjibʼ al.
