xine ʼ wa ʼ oq .
x kibʼan kʼaxche leu wosaq r umal man utztachi ka kayik .
riq ʼut u ʼm man kech ta le akʼala bʼ .
are na nim tal eatz ʼi ʼ chu wach le nu tz ʼi ʼ .
xep etik xol kila ʼ .
¿jaw chi ʼ xata ʼ che x kam ri u mam ri po ʼx ?
e kebʼ kekʼambʼik p atuj .
xin loq ʼjun japa ri wokaj ja.
ri ax tu ʼbʼ , kʼo qulaj chech .
jas karaj kaʼan chu tzakik leti ʼij .
xu tij lewa .
x im bʼal re tzij .
x pa x ri bʼo ʼj .
we kawaj katin to ʼo xaq xu wi kabʼij chiwe.
jas nu kʼu ku ch ʼobʼo .
jas karajku tijo ?
xe x r uxla bʼ ri rikil .
e ni tz ʼa ʼq le taq imul .
we tane in xin bʼanow ik , are le ate ʼ k x bʼanow ik .
kin tzalij pa le nu tin amit .
ri nu chaq ʼ kʼo pauro ʼq ʼatoj tijonik pari tijo bʼal .
xin xi ʼj wi bʼ xin ch ʼaw ik .
kʼoch wa ro ʼch le pa re.
chi raqan kabʼin wiri tata ʼ .
x sachon kanu ya ʼik le p waq che choja .
xin q ʼax chikixo ʼl ri win aq .
ke tikonik .
riu lew man q ech taj , kech ri qati ʼ tqamam .
xepe lewin aq xol kikʼama ʼ .
xu loq ʼri wuj r umal ri ali .
chewe q ʼij kamik kʼo jun nu tzijonem chirij le nu tin amit .
kej ri ʼ .
x kunan alaq chwe .
kin u sikʼij le nu na n .
ri imul xu ch ʼij taj , x kanaj pa bʼe, r umal ri nimalkuj al uj ri i mul , xu tzaqri a nim .
ku bʼan ri u xoq ʼo ʼl ri ajtz ʼaq .
ri la sibʼalaj utz che kunabʼal .
kʼi kiwach rie ʼ ajchakibʼ pari komonty ox , kʼate kʼut xa jun chi ajaw xel ;
x qata chix atulik .
kawaj chik at ʼek .
ch ʼuti ʼn kekanaj ri xa ja bʼ chech .
kaqa xi ʼj qibʼ kaqachapo .
e kʼokebʼ u kʼ aj ol le tat x wa n.
lu ʼ su bʼi ʼri rech am .
aj chi u wi ʼm iq ʼinja ʼri lu ʼ .
xin yakan le nu chimpa kʼay bʼal .
kʼatex ri lo, xpe ri unan che utz ukuxik , x kikotik , xu sala bʼisaj ri taqux kin .
xki kʼut chi u wach ri ajtij xuquje ʼ chi kiwach ritaq nikʼaj kachil .
utz le nu q ʼabʼ .
ku l le al we ʼl pa a u s tin chaq ʼabʼ kamik .
ri ate ʼ k x tzaq loq arechi kʼopa u wi ʼ riq ʼa ʼm .
aj p atan ri te ʼ k .
x at qaj chiupam ri il .
la kʼo tzij na ki kʼoxomaj taj ?
x sachon chkechi xe atin ik .
ro nojel leu lew echal aq .
la xe bʼe kʼula xe ʼ kijaqa kʼule uchi ʼ ja ?
xaq kat ch ʼok naj iwir .
kamik kʼochi ri jas taq a we .
arechi ʼ kakʼis ri juna bʼ kʼoq ʼinom .
pa nawal ja ʼ xin alexik .
na xintataj we areri akʼal kix tzuquwik .
¡ r u lew ri sabʼu lo ne ru lew ri nef tal i, u bʼeri polow , ru lew ri jordan, galile ʼ a kech ri je taqam aq ʼ !
rax , rax , rax , kʼokʼ , kʼokʼ , kʼokʼ le r uxla bʼ le taq tiko ʼn .
achix at wilo .
paqal rajil lepix kamik .
xoj bʼin ik .
pa jun je ʼl tijo bʼal ku tijoj ri bʼ jun akʼal , u bʼi ʼ p o ʼx , utz ku rilo kepa tijo bʼal ro nojel taq q ʼij .
x waj chixa tʼe taj .
utz la ʼ le xu bʼij le achi .
weta ʼ am jachin kap etik .
kinq ʼojomanik .
xin q ʼi ʼ o takʼalik xin p etik .
are ʼ reta ʼm chekin opan ik .
aretabʼa le qaq ajawchat to ʼwik .
kawin aq waqibʼ q ʼataj .
na qaj chik cheri u waq kaj bʼal aretaq chi ʼ ksach u wach riq ʼij , kok riq ʼequ ʼm chu wachu lew , chi kʼate ʼ nari bʼelejebʼ kaj bʼal .
jobʼ raqan ri tz ʼalam xe poroxik .
sibʼalaj ko ri j ri mop.
arewa ʼ .
jela ʼ pari ti minit chwi kaby ok rech xe laju ʼ, le qana nqa tat kakitikoj e ʼ lalaj taqu wachi chaj .
kʼax nuqul .
xu ʼl u kʼama ʼ .
ko jul kitzukuj .
are man kʼax tau kunaxik aretaq anin aq ka ʼilitaj we ya bʼilal xuquje ʼ mojo ʼ qakuya ʼ le kʼax kʼol il chech le jolomaj .
ri wel kʼopa tijonik .
kawaj kinbʼij .
ri kotz ʼi ʼj kqakoj chiupam ri ja .
q ʼeq q ʼoj rij ri ama ʼkej .
na x waj taj x inch ʼawik .
ch peta bʼal e loq ʼalaj ja bʼ .
x sachon chkex at ki sikʼij .
e leq ʼal ch ʼich ʼ .
jachin xa wilo chi arex tijow ri ti ʼj ?
mata kabʼe le nu x bʼal pa letin amit .
pim ru q , ri ali .
¿ kʼo ri muq ʼe chi awech ?
kqabʼij man kekowin taj .
kintij na.
kʼo jun qa tʼu ʼ y pa ja!
kʼo puj chiupam rich ʼa ʼk .
aretaq kin kosik kinwa rik .
x at wa ʼik xin wilo
in x inch ʼayow le achi .
ko nojel ri ala xik keʼetz ʼanik .
jas ru kʼ x kitij wi le kir ikil ?
anin aqil kat p etik .
na rax tau wach le juyu bʼ .
ri tz ʼalam tz ʼibʼabʼal rax kkayik .
we chat chakunik , kʼo awa.
ma ʼ tam x at pe cheri wa ʼim .
kamul kinwa ʼ na.
ri sikil ktijow ru kʼ ik .
kimbʼe aq ʼan ru kʼ le altal in .
x oj ʼek xe ʼ q ilal arqasok .
xe kiq ʼil le ajchakibʼ x kiwok leja .
matanex waj le kʼu h j nem ru kʼ le ate ʼ k .
are xe ʼopan chiuchi ʼ ri juyu bʼ , x kilo chiman qas tak ʼoq ʼayes .
kʼate kʼut , ri jesus man kkojon tachkech ri e ʼ are ʼ , r umal rech che ko nojel reta ʼm kiwach ,
pa ʼ tz ri j ri tz ʼi ʼ .
juwin aq waqibʼ q ʼataj .
atel aq ʼom .
xaq atjo ʼs .
riq ʼatzu, are q ʼalaj ri u q ʼij il .
ajchak we ala.
u bʼelej u kakʼal taqanik (29) .
kebʼ nu bʼi ʼ kʼolik .
la katzalij lu ʼ la anin aq ?
katz ukun la chwe .
la kaj la koj bʼe ʼ pa le chomal ch we ʼ q ?
xin na bʼej chu tasik q akʼolibʼal .
lal xinto ʼwik .
sibʼalaj a no ʼjibʼal .
x oj p etik xol q akʼama ʼ .
sibʼalaj je ʼ lik ri u wa ʼl ri ichaj .
kʼaxwij r umal in pa chal ik .
aretaq xu kʼulmaj wa ʼ xu l ri u chomanik xu bʼij : areutz wa aq ʼabʼ kin walij ik , are cha ʼ chanim kin opan pa tijo bʼal , maj chi kinkʼulmaj .
ojaj xo jolo bʼ pa awasq ʼij .
xin sach che leu wokik le tzij .
e julajuj ri akʼ .
xuta jampa ʼ koj ʼek .
qilik .
ri tijo xel manareta nim chu wach ri rajtij . ri utztijo xel qas jeri ʼ kʼolik jas ri rajtij .
in x atin ch ʼayo .
no ʼjim chak wumal .
ch ʼu r ri jo ch ʼ.
inkin bʼij na kat sachtaj .
uj maya bʼ .
ri abʼaj ya tzalik .
tajin kepix bʼax ri akʼala bʼ .
chom ri aq .
xin wa rik .
e le men ko nojel ri akʼala bʼ .
tajin kq ʼanarik ri we re ʼ aj .
leu kemik le pas utz ( chawe ).
xuyu pu bʼa u wach ra ʼ chi, kacha ʼ, .
ri satanas kok pari judas ri kbʼix is kariʼo tech rech , ri are ʼ jun chkixo ʼl rie kabʼ lajuj .
chu chu rip ar .
kin qumuj ri nu joch ʼ.
chech punción lumbar am aq ʼel rajawa xik chech ri lik leu kʼex bʼem wile na bʼe ru kʼ leu kabʼ u kʼutunem leya bʼ ilal .
q ʼalaj china kawajtaj kabʼij .
kʼoq ʼol chirij risi ʼ .
jawix oj ʼe wichu loq ʼik ?
kʼou lo ch ʼri tal in .
q ʼan rij ri ati ʼ tnukej .
la x tzalij la iwir ?
xe sikʼixik , kʼate kʼuri ʼ xe yajik , xuquje ʼ xetaq bʼi cheu sikʼik le mes .
la kix war ik ?
are kʼule palo max xu bʼij che: -mam kat bʼison taj , kin sikʼij nikʼaj wachi ʼl kerapa p ik .
a ʼ re e tijo xela bʼ .
ri alajali si ʼl xu bʼij x qachapp autzal ri ty ox .
x sachon chke jachin xe atin ik .
jas xu rayij le anan xu tijo ?
xin ko sik .
rax ro nojel riq ʼayes r umal leja bʼ .
kin yawa ʼwe ch ʼich ʼ pinem na utz .
no ʼjimu p ach ʼuxik le nu wi ʼ .
naj kʼowi le wo ʼch chu wach le tijo bʼal .
ri okibʼal kʼochi u wach ri saq ja .
xe nu taq ch ʼij kekil le akʼala bʼ .
kʼo jun q ʼox owem chiwe.
tzaricho ʼm .
we choj bʼepa le nimaq ʼij , keqil leaj xojo lo bʼ .
x oj ʼek xe ʼ q ilal arqasok .
ri ate ʼ kxuta ʼ chech rina nto ʼn : - nan jas che ʼ chi mankaj tal aq akʼatisaj ri jo ʼq .
rip al sibʼalaj xu ʼ y .
kin koj ri jokbʼal u lew .
inkin bʼij na kat sachtaj
at rajkun le nunan .
ku qamujuj oron ri aj tzij .
lu ʼ tz ʼalam u bʼi ʼri achikel pa nim che ʼ .
je ʼ lik u ti ʼjol al ri saq ko ʼr .
kʼo jun xa ʼr pa ja .
xin loq ʼjun kʼakʼ p atan .
kʼax u kemik le pa saw umal .
anin aqu kemik le pa saw umal
rich ʼa ʼn sachin aqp ataq abʼix .
rax taq le kotz ʼi ʼj .
mesom kanoq riupam ja .
manaretar alax kosik .
ri komon xech pu p rech uq ʼabʼ tin amit xo ʼl abʼaj rech q ʼu markaj .
la utz akik kʼu su bʼ tajin kuʼano ?
katela !
na xu tij taj .
xar umal keta ʼm ko nojel ri win aq kkiq umuj leja ʼ .
iwir xuj tzalij lapa kʼay bʼal .
qeta ʼm cheriqawa kuju to ʼo .
ri ajtij , kya jon chikech ri akʼala bʼ .
jasu bʼanom le nu ch ʼuti tat ?
chwe ʼ q kin bʼepa nim tin amit .
utz we kiweta ʼmaj jas ku bʼij ri chol bʼal q ʼij .
tajin kat j ilow che uq ʼoxom jolomaj .
xintik q ʼax chi u wach rij a.
kʼax le kibʼe le win aq .
loq ʼ kat kun taj che leya bʼil (covid-19) .
ri nu x ibʼal kel pa qaj bʼal q ʼij .
x r il ri axwan chi x wa ʼ ri ala.
le alix kunatajik .
weta kape leja bʼ kamik .
x inweta ʼmaj china x at pe taj .
rip waq rech weq ʼataj ri ʼ kesax chech ri toj bʼal kʼayin em .
ktij ri u wa ʼlik r umal ri kinimaq ʼij .
xu chapu kunaxik .
chatan loq ali .
xin xu li ʼqaj oq .
je ʼ lik ktijow ritaqik ox .
kʼate kʼuri le tat xo ʼr xu bʼij , man kawajtaj , man kawajtaj .
kʼo jun tz ʼi ʼ pa bʼe.
kamul xin pe che atz ukuxik .
man tajin takin chakunik .
kin chakunik rech kat wa ʼik .
jas ru kʼ xawil wichi x kiqupij wile ti ʼj .
jas u bʼixik … ?
koq ʼri akʼal .
kawaj naka tʼe taj .
xat q ʼaj ik .
wem na cha loq ʼax iyal , nakim bʼe ta awu kʼ .
xopan le wuj awu kʼ r umal wechin .
are kʼut pa le juyu bʼ kkʼiy joron, chila ʼ xe kikʼam awiri ja ʼri win aq .
koq ʼri akʼal .
we kʼoa rajil cha kʼamal oq .
are sibʼalaj kaq leapo ʼt chu wach le nu po ʼt .
xin kʼas taj p aka bʼ lajuj kaj bʼal .
kaqoy ʼej na kix p etaj .
ko kax im ri chij xa jela ʼman kanimaj ta bʼ ik .
ri kok nojim x bʼek , xu ch ʼijo xopan pa u kʼisbʼalil lea nim .
xoj ki ʼ kotik aretaq x atulik .
kaq itz ʼ naj ri u xa ja bʼ ri akʼal .
ri jesusk wa ʼkat pari nim rachoch ri dyos, chuxe ʼ ri jun jache rachoch ri salomon .
we taqanik ri ʼ ku bʼij chi rajawa xik kya ʼ uq ʼij ri win aq xuquje ʼ kto ʼ anin aqil .
ria xu x are na ri ukunel ri kin aq ʼ .
aretaq wa ʼri uq ʼijol we taqanik .
kʼo jun ta bʼal pa u wi ʼ rix kanul u bʼi ʼ lajuj no ʼj .
yu ʼl u bʼanom ri u kolo bʼri kej .
xa nimaj ri akʼal chi u wach riu chu ch .
k kunan ri achi.
kinwa ʼik rech na kiny owaj taj .
aj xik ch ʼich ʼri lu ʼs .
kwaj che ix kix bʼanow ik .
a ʼ re xeto ʼwal aq .
x oj ʼek xe ʼ q ilal arqasok .
xin loq ʼ junch ʼich ʼ, qajin aqu wach .
ku tʼis ri pa ntal on .
e janipa le awal kʼwa le kʼolik ?
utz ukemik le pas chawe.
rimax areaj q ʼani ya ʼ .
mata bʼ achiri q kʼaxpa le bʼe.
tajin kanimaj , ri me ʼ s .
ix ixe ʼ laq ʼomabʼ !
x sachan chwe.
e kʼo kʼiche ʼ , chi u wach ri juyu bʼ .
arewa ʼri nimalaj p ixa bʼe arewa ʼri na bʼe.
x reta ʼmaj chi r u kʼ p akʼ ku tijwi
jas utz akik le su bʼ xu ʼ ano ?
aj xo ʼy ri wikan .
we tane a ʼ re xe tijow le ri kil , are le komon xe tijowik .
sibʼalaj anin aq kach ʼaw le are ʼ chi nu wachin .
utz we kinchakuj .
me ʼ sla ʼ .
kʼo kan wa rech kaqatijo .
xin sikʼij la.
ri akʼal x sach kanoq jela ʼpa taq ʼaj .
xe sikʼij la.
jawix kibʼij wichike ʼ e wi?
r umal che, man ix tari ʼ ri kixch ʼawik , areri r uxla bʼa xel ri i tat ri ʼ ri kch ʼaw na iwu kʼ ri ix .
kʼakʼ ri wachoch .
sibʼalaj utzkin wil le atz ʼyaq rech nahuala.
saq por kkayri kipo ʼt ri nan .
x sachon ri nu chak chwe.
wa ʼ im xu chapo .
riq ʼaq ʼtajin kajuluwik .
najil u p am ri siwan .
e kʼori qachalal pa chiu wi ʼ la.
jas xataq chi ʼj le akʼal chu tijik ?
no ʼji mukemik le pa saw umal .
kʼo jun ku ku bʼi ʼ tin tin , wa ʼ le laj ku kmam kajeqitaj , kapaqik ax u lik pa u wi ʼ uq ʼabʼ taq che ʼ , sibʼalaj sakʼaj , keʼu to lee nima ʼq , ch ʼutin, rachi ʼl , aj sipanel sibʼalaj utzra nima ʼ .
riu p ixa bʼ leq ʼat bʼal tzij kiya ʼu bʼixik .
na xsach on tachke xe atin ik .
xeq il le chik oppu wi leja .
x lo ʼtaj ri akʼal .
qo nojel kuj wa ʼ pa u wi ʼri me xa .
x sikir le waqan .
la x at wa ʼ kʼut ?
nimu bʼaq ʼri tulul .
kin x ikʼ ikʼ ik xin q ʼaxik .
la kat bʼe pa letin amit ?
rip al sibʼalaj saq ʼo r .
kq ʼox ow nu jalom .
xin na ʼo chik at p etik .
x loq ʼu lew iwech ix .
xin chakun ru kʼ ri nu mam .
na x qabʼantaj .
kkʼoji ʼbʼa ʼ ri u sipanik ri ajaw xel jesusk ri stor u kʼ ri aw uxla bʼal !
kinch ʼaw ru kʼ le nunan pa le ch ʼawebʼal .
sibʼalaj q ʼequ ʼm r umal ri may ul .
are leba xu lik .
xe ko s le ix oqibʼ pa le bʼe.
kʼax ri lik le akʼal chawe .
xin q ʼi ʼ oxin atin pa joron .
sibʼalaj nim le tin amit .
kʼax u kemik le pa saw umal .
xin sachik .
tajinkel u kikʼel pa raqan ri tz ʼi ʼ .
x inweta ʼmaj ri lik wi bʼ
riq ʼuq ʼ are jun je ʼl chiko p.
kʼopa ja tijo bʼal ri wi kaq ʼ .
ri sachi bʼal mak rajwa xik chi qa xo ʼl .
je ʼ, kim bʼek .
jela le ʼ ri nu p wi ʼ .
xu bʼij che: - jas x abʼano tin tin ?
kabʼan juntoq ʼobʼ kyak ri nu jal .
kat ʼek xinta.
jas leu kʼex bʼem ri bʼ le jun ru kʼ le jun chik ?
aj chi u wi ʼm iq ʼinja ʼri lu ʼ .
ri tijonel naj kpe wi.
te ʼ kixcho bʼ u bʼi ʼ ri nu tat .
ri ja ʼ kamiq ʼik chi u wach riq ʼaq ʼ .
ri tʼu ʼ yk paq ʼowik .
kin meson na.
na qaj at kʼo wichiwech .
xin bʼisonik taq na x at p et taj .
we x kam ri win aq , rip waq rech toj bʼal makaj kya ʼ chikech ri rala xik .
ri nunan x bʼepa kʼay bʼal .
xoju kʼamu loq rech koj ri lo
x kʼoto chinchi kiwach chi kinwa ʼ awu kʼ .
na x kikamsaj taj x kikʼambʼi choja .
kʼakʼ ri ikʼ kamik .
xim bʼe ru kʼ le ajkun iwir .
ri lik .
le tz ʼi ʼ xe ko sik .
xin kikot awu mal .
ri imul xu maj ri a nim , xu yakan lekok .
kʼo oj cheri akʼal .
xuj bʼepa jun kʼulanem .
utz we k waral aq .
kaqilo china koju kʼam taj .
x reta ʼmaj chi r u kʼ p akʼ ku tij wi.
sibʼalaj xin kʼa ʼ nar ik .
xin ko chij ri nu wa .
man kat kowin taj kat chakunik , weman kʼota ri ajila bʼal .
we wo non xu bʼij chike: - ki xinto .
ri alanim k ri lwiri u mam .
x kaʼy chirij , x kaʼy chu wach , makʼo tachi jun k silo bʼik , x oq ʼik xu xe ʼj ri bʼ xch ʼopin ik x tzalij loq xu riq tachik ri u bʼe .
kʼo pus cheri wa .
pinem naka bʼelew atz , kim bʼewi in pa kaʼy ibʼal .
ri nanto ʼn nim win aq chik , saqu wi ʼ, ro nojel aq ʼabʼ utz kuna ʼo ka tʼuyi ʼ pa utem , ku mi q ʼisaj ri bʼ chori q ʼij , kʼo junu wi ʼ u mamu bʼi ʼ ate ʼ k .
mane kʼitaj ri qula ʼ .
q ʼalaj china kawajtaj kabʼij
x paqa bʼisax rajil ro nojel ri kem .
kʼo pari jul ri kumatz .
ro nojel q ʼij kinch ʼaj le nu ware .
saq chikan le ichaj rech katz ako .
chuxe le qachomal kaqatij wi junqam eq ʼin .
chawila ʼ .
e kʼo jobʼ u mi ʼ al, ri nu tat .
jas ru kʼ x awilwi
je ʼ jas ri win aq rech riu wachu lew , xoquje ʼ kepena ri ʼ rie ʼ are ʼ chee rech riu wachu lew ; je ʼ jas ri win aq rech ri kaj , xoquje ʼ kepena ri ʼ rie ʼ are ʼerech ri kaj .
xin tijo .
k tzʼujuw ri rachoch rip o ʼx .
xuq ʼi ʼo are leu kʼu lel x ya ʼow u wa .
ri awel x reta ʼmaj chi rajawa xik manku xej tari bʼ cheri tukur .
ju kʼulaj win aq xe ʼa nimaj bʼik .
je ʼ , xin tzalij ik .
x oj p etik xol q akʼama ʼ .
maj jachin x ʼek .
in ajtij ; at tijo xel .
saqu wi ʼ ri tata ʼ .
we ch ri kem .
le ro ʼch le ate ʼ kkʼoch wach leu kʼay le nunan .
k bʼe pari siri ʼa e parisilisi ʼ a, jawi je ʼ ku ya wiri kichuq ʼabʼ ri komonty ox .
p ixa bʼ : man utztaj kʼax kujch ʼaw chikij nikʼaj qachil .
x kunataj le ali ( kumal ri ix oqibʼ ).
rix ibʼibʼal chi kʼowi p ataq riq akʼas lemal ro nojel q ʼij .
na kuj war ta waral .
on che kkʼoji ʼ ri utzil chixo ʼl , are ch junam ri q akojonik , junam ri iwech ix ru kʼ ri wechin .
pa ox q ʼij ri sa ʼn kbʼe na ru kʼ ri aj kun .
kawin aq wuqu bʼ .
jas kawajkin tijo ?
we taxat bʼew u kʼ pa letin amit , xa loq ʼta la ʼ leu jas taq le akʼajol .
kebʼepa wa ʼ im .
xin loq ʼ kʼi wa.
pa jun nim kʼache ʼlaj , kʼo jun kʼwa ʼ sibʼalaj saq loloj , nimu wach .
kwaj katij ju bʼa ʼ wa.
ro nojel win aq kril nari u kolo nem ri dyos » .
x kʼoto chinchi kiwach chi kinwa ʼ awu kʼ
kwaj na kat ʼetaj .
la xa loq ʼjuna lej ?
e kʼori e loq ʼomanel .
ri u kabʼ u bʼi ʼ ri nu mam are yay .
kinjopij ri i ja ʼ rech triko .
x na ʼtaj chkexe atin ik .
xate ʼ qila ʼ .
kakitij alan xa x ri win aq .
. . . kinbʼij chi arewa ʼ sinxi ʼ an.
na xin na bʼej tach u tasik qa kʼolibʼal .
r umal rech chewe ri in, kinch ʼaw ru kʼ ridy ospach ʼabʼal, kch ʼaw na kʼuri ʼ ri wuxla bʼal ru kʼ ri dyos, kʼate kʼut man kʼota u p atan ri ʼ ch rech ri nu chomabʼal .
xep etik x kilo .
xuta we katʼek .
utz ukemik le pas chawe.
ri nu wa kax xu tij jun q ʼoq ʼ r umal ri ʼ x kamik .
r umal ri kʼix , man kewa ʼtaj ri win aq .
xe ʼ u lik .
q ʼeq rij ri ama ʼ chij .
x raj kaʼele unan .
junam ki juna bʼ .
naq ʼalaj taj weka ʼek .
ri wi x nam ch ʼajch ʼoj ri rachoch .
waral man kʼotaj ajawal .
na iwir tax ri l le kʼamol bʼe.
xin pe loq te kʼuri ʼ xin tz ukuj ro nojel ri nu rajil .
ri ajtikonel kutik ri tzij .
kʼo e kikʼaj ol le achija bʼ .
ku tij q ʼayes ri ix pa ʼ ch .
p ariwa ʼbʼal e kʼo kawin aq achija bʼ .
sipojin aq ri nu p am .
kaya ʼtajik ru kʼuti ʼonem jun ri u riqom leya bʼil am olot set sé xuquje ʼ are kaya ʼtaj p ataq ri juyu bʼ .
jachin ri achi?
ri numam x kamik aretaq kʼo jumuch ʼ lajuju juna bʼ .
kin kowinik kinkʼam bʼi le p waq .
kin wilo chi utz ri aji ʼ .
xin q ʼil ri apo ʼx che man kachakun taj .
k wa ʼ chi u wach le taq ʼaj ri ama ʼ akʼ .
ri imul xe poq ʼik pa jun ikʼ .
x kʼis kanoq ri qachak .
areri alixoj ilow kanoq .
sibʼalaj ch ʼu ʼj ri amax .
kʼo nu wachi ʼ .
in chajin el kech le akʼala bʼ .
xekos letz ʼi ʼ .
kin bʼe na ku kʼ ri molaj .
ro nojel aq ʼabʼ kinyi tz ʼri wa kax .
karapinik xu tzukuj chi jun awaj .
leu kemik lepas anin aq ( awu mal ).
maju rajil leq ʼabʼ are l .
kʼax ri ʼ ri kach ʼawik .
xoj u taq chi ʼj le achi chu loq ʼi kichaj .
sibʼalaj kʼax rix kʼulmaxik .
x kilo china kin kʼoxomaj taj .
x na ʼtaj chkechi xe atin ik .
x kʼoto chinchi kiwach chixoj al wo ʼ qaku kʼ .
jun q ʼu ʼ q rajil ri kax la ʼn wa.
xin wilo chi xe ʼ el ik .
e kʼo ix oqibʼ pa le kʼay bʼal .
man kʼotaj u kʼisik ri maya bʼ aj la bʼalil .
risin kkʼiy p ataq ʼaj .
rich ʼima man kkʼiy taj p ataq ʼaj .
rajawa xik kjik ik ri waq än .
kawaj kinʼ e k .
e kʼo oxibʼ akʼ .
xu bʼij chwe jawi at kʼo wi.
chwe ʼ q kuj bʼe ʼpa muquj .
pa saq kʼa ja ʼ kbʼan wiri uq .
x oj kisikʼij .
xin wil wib ʼ .
chaq ʼ chik ri wa.
kimbʼen akapa le wo ʼch .
kawaj kinʼ e k .
rich ʼu ʼ ktij ru kʼ lej .
pari kiq ʼij kamin aqibʼ kbʼan q ʼo ri kʼya ʼ rech aj : na bʼeri nan ku tzukuj kan ri aj , kujach ʼo ʼ xuquje ku kʼ e to .
jas kaj bʼal chanim ?
utzu chomanik ri ali .
pari q ʼijox lajuj tijax kin kʼis kebʼ juna bʼ kinchakun waral .
sibʼalaj ko , ri kʼakʼ ch ʼat .
jas karajku bʼij … ?
rich ʼich ʼ kasila bʼ ik .
pa ojerq ʼal p ul xaq xu wiri nim win aq kekʼamow bʼe.
leu kunaxik leu kabʼ u kʼutunik are ru kʼ e florni tin aon u tuni bʼaxik le nifurtimo x chi ʼ le florni tin achech t. b. g .
areri achi xin ch ʼayow ik .
junachi u bʼi ku ʼx u sipaj kebʼ kʼa ʼm u lew rech kabʼan ri tijo bʼal , kamik , kʼo chik ajtij rech ri komon xech pu p .
xu malty oxij cheri ajtij ro nojel le xu kʼut chiu wach .
pari bʼex kiraq junala jimul saq rij , x kikʼambʼik .
x r il lebʼa le ala.
jas ku bʼij chwe?
leu kuna taj em are ru kʼ utz ukuxik leu chikopil pa junu soliku xe ʼ lekikʼ on leja ʼ rech jun no do .
utz we nu tz ʼi ʼ .
je ʼ , tajin kachaponik .
kin u loq ʼoj le nu tat .
kawajkim bʼep atin amit .
are la ʼ kinchakuj .
ri nima ʼq taq win aq kʼo keta ʼmabʼal .
we taxat bʼew u kʼ pa letin amit , xa loq ʼ tawa ʼwe jas taq .
ri kikʼas lemal . wa ix imu lew xa jun chima are tati nimit ri ma
riu kʼya bʼal na jupam .
x at qaj chiupam ri il .
nojim kat wa ʼik .
we kʼo jun ktu qa ʼ rik , ¿ la man xoquje ʼ taj kintu qa ʼr ri in ?
ojoj wokol ja .
awas kbʼan kʼaxche jun nim win aq .
xin ch ʼaw apan ru kʼ le wa na bʼ .
kʼax riu p am ri ju ʼl .
tajin kewa ʼri imul .
la kaj la kuj tzalij la anin aq ?
r umal rech cheri makaj man kʼota u kowinem p iwi ʼ ri ix : ri ix man ix kʼota chi chuxe ʼ rip ixa bʼ, xane ix kʼo chuxe ʼ ri sipanik .
nim raqan le che ʼ .
xin chapo .
are letu ʼ r le loq ʼoman el .
xa skat kʼoji ʼ chiupam rich ʼich ʼ.
sibʼalaj nim raqan ri kʼamal bʼe.
le tz ʼibʼabʼal wechin .
in xinto ʼw la.
xa je kʼuri ʼ ri ix kamik ri ʼ man ix kaxlan win aq tachik ; ri ix , ix rech ri kiti nimit ri ety ox laj taq win aq , ix rech ri rachoch ri dyos .
xin tiko xlaj kʼali chaj .
kaqariq qibʼ chwe ʼ q .
sibʼalaj utz cheri wi ʼ aj ri tuney .
we na jupulik ta xe qajik . . .
xinto ʼtaj cheri nu chak .
kʼo jun chiko pu bʼi ʼ p um .
poq on ri ik .
xoj bʼin ik .
xu ch ʼek ro nojel le reta man ik xpaqi ʼ kkʼax kwʼin ik xu bʼan ajkun .
kelu bʼik pari jude ʼ a e k tzalij chi u bʼi jumul pari galile ʼ a.
xin ax ibʼij pa bʼe.
je ʼ l kʼolem chi awachoch .
ro nojel riya ʼtal il pa weq ʼataj , tz ʼaqat kiwach , mank tzaqta kanoq xuquje ʼ mank tastaj .
xu kunaj le yawa bʼ le aj q ʼij .
chi tata bʼej jas lekim bʼij .
ch ʼanal ri achi.
pa bʼo ko ʼ kachakun wiri tax .
uj kʼopa u wuq q ʼij .
ki ʼ riu kabʼ ri a qaj .
kʼo rachalal pa tz ʼo loj che ʼri pe ʼl .
x kilo chi kin kʼoxomaj .
ri u kisakʼ utz kya ʼik chiuxe ʼri tiko ʼn .
aretaq chi ʼ kaq ʼan pu wi ʼ ri juku bʼ , ri achi che x kʼoji ʼ ri itzel uxla bʼal ru kʼ , ku tach rech ri are ʼ, are ch kkʼoji ʼ ru kʼ ri are ʼ .
na kabʼantaj taw umal .
x na ʼtaj chkexe atin ik .
xin paj ri nu triko .
xe ʼ ok ri p ok ʼ pari umexa ripo ʼx .
ka juluw ri aq ʼa ʼl chiuxe ʼri tʼu ʼ y .
awech leja .
x uj bʼepa tzur ik .
na bʼe x atopan ik .
ri u kabʼ u bʼi ʼ ri nu mam are yay .
uwaj xaqu kakʼal taqanik (28) .
mata kʼo jun kakanaj kanoq , qo nojel koj bʼek .
e nima ʼq le altoma bʼ .
nimu wach rip o ʼt .
kojonik pari u tzij wa ix imu lew .
jas xu kʼambʼi letz ʼi ʼ x awilo ?
xin p etik , tat .
ri bʼelaju wach .
chi tata bʼej jas ri kim bʼij .
je ʼ l kuna ʼri abʼix chiupam ri ququ lew .
kin bʼisoj u wach le wal .
xu tʼuyu bʼa ʼ .
nim ri aweqele ʼn xa riqo .
xine ʼ wa ʼ oq .
chi ʼ kewa r wile akʼala bʼ .
ri nu mi ʼal xu taq loq jun taqo ʼm wuj chiwe.
q ʼe ʼ lik , ri chaj pari bʼe .
la utz awach ? - utz malty ox , e kʼuri at ? – utz malty ox .
xin kos r umal nu chak .
kbʼe ku kʼ rie ʼ are ʼ e k tzalij p arinasare te keʼu nimaj .
ri joj xu kʼambʼik ri akʼ .
kʼochi wachi ʼl chanim .
ku bʼij chech na ʼl kabʼan cheri atz ʼibʼ .
e . . . in kawaj katzjoj bʼi la chwe.
mata xin yaj le ali .
jachin ru kʼ kat bʼewi?
kʼo sibʼalaj eta ʼmabʼal pari maya bʼ no ʼjibʼal .
e man xo ri jupuq kej .
kasu mum ri kaq iq ʼ .
e kʼokajibʼ akʼala bʼ pa le bʼe.
je ʼ jas ri u tat kkaʼyik .
xaq at molon el tzij tal .
le nu tat kaloq ʼon ch we .
xaqtane kimbʼe iwu kʼ .
x reta ʼ maju ch ʼaj ik .
r umal la ʼ x koj “ xal q ʼat ” cheu bʼi ʼ ri komon .
are leu kemik pas x reta ʼmaj .
ri wa ti ʼt ku bʼan nari u p atan .
kʼakʼ le po ʼt .
reta ʼm u wach jachin x loq ʼow ri pas .
kench ʼabʼej le akʼala bʼ .
ya ʼtal chaqe qo nojel ri uj win aq utz kaqil qibʼ .
x koti ʼ paq ʼayes x oq ʼik .
kawin aq bʼelejebʼ q ʼataj .
e kʼokajibʼ r al ri imul , jun saq , jun q ʼan , jun q ʼeq , jun q ʼeq oj , sibʼalaj ketz ʼanik , kech ʼopin ik ri alaj taq imul .
kcholol ri achachal .
ketekik ri ikʼ .
xep etik rech kewa ʼ iwu kʼ .
tz atz ri uq ʼanil ri akʼ .
x oj tzalij ik x ix e ʼ qaq ʼat uj ku kʼ lei tat inan .
ri yo ʼx taq akʼala bʼ kekikʼux ri atz ʼyaq .
we achiwe xu sipaj jun po ʼt chwex kamik .
k kowin ri kunan el che kunanik .
x jiq ʼ pari polow .
xar umal sibʼalaj rajawa xik le loq ʼalaj ja ʼ, lewin aq x kibʼij : chewe ikʼ ri ʼ qo nojel kuj bʼe cheu tikik taq che ʼ .
riu na ne rie rachalal kepe u loq ru kʼ ri are ʼ , kʼate kʼuri ʼ, man kekowin taj keq ibʼ u koq ru kʼ , r umal rech chee kʼo sibʼalaj win aq .
r umal rech , che man kʼota jun kkowin cheu kojik jun tikibʼalil chik chu wach ri kojom chik che areri jesusk ri sto .
te kʼuri ʼ xu tz ʼibʼaj ri bʼ pari nimalaj tijo bʼal rech ajku ʼn .
ka juluw rich ʼu mil chaq ʼabʼ .
kʼis bʼal kanoq , xoquje ʼ k kam ri ix oq .
le alax okik .
kʼop waq pa u wi ʼ ri me xa .
are kawaj na kinʼ e taj .
ri ya wal ku koj ri ali chiuxe ʼ ri chak ach areu su ʼt .
na kaqakʼam tu ʼbʼi kamik .
ri ajtij ku bʼij chike: rajawa xik keqachajij ri awaj , areuti ko ʼn ri ajaw .
xin tij mukun iwir .
kʼax leu wi ʼ taq le nu q ʼabʼ .
xin loq ʼjun il bʼalwibʼ .
wa ʼwe q ʼij , nimu bʼantajik .
riu xe ʼ al ri qatin amit man kasach taj .
xoj bʼin ik .
ri achalal junam kiwach .
x inweta ʼmaj ri lik wi bʼ .
nim ri u na ʼojw ajtij .
mi q ʼin ri kʼul .
aj q ʼojom ri ate ʼ k .
che le san ik che ʼ kbʼan wiriq ʼojom .
kape le awel pa nawal ja ʼ .
ri meso nel tajin kchakunik .
utz chaqe kaqato ʼqibʼ , taq kʼokʼax kʼol il , katew e chi ʼn ri ajawp aqawi ʼ .
xa wilo, x q ʼatan le ibʼo y .
xat kowinik x abʼano .
ki ʼ ri kʼawex .
kajilil ri bʼe.
le alixel bʼik .
are ʼ x raj xin bʼano .
nim we abʼaj .
je ʼ lik u ti ʼjol al ri saq ko ʼr .
nojin aq ri kej .
we katijan xux mankat u to ʼ tachi uq ʼat ix ik le kʼakʼ ya bʼil corona virus ( 2019- ncov) .
na nim ta raqan wa ʼwe che ʼ .
utzalaj ajchak , r iwel .
¿jam pa ʼ kuj bʼepa nimaq ʼij ?
rajawa xik tane la ʼkat chakunwu kʼ .
xutaq chi ʼj p awaram pu lew .
manareta ri axwan xel ik .
ri awix xu loq ʼ rachoch re nimal .
areri ix oq xin sikʼinu loq .
rich ʼim akʼat ʼon na.
la xibʼan le ichak ?
kʼi tin amite kʼopa ch ʼo ʼj .
kʼo jupuq chij chiuxe ʼri che ʼ .
riu xaq ri abʼix areu wari kej .
kawin aq q ʼataj .
la ki xpe pa tijo bʼal ?
we kechajix taq le kʼwa jacha kinbʼij ; jun alik kʼo ja ʼ xuquje ʼ sibʼalaj saq loloj .
x reta ʼmaj .
ri ala bʼom ri alitoma bʼ tajin kikitijoj kibʼ rech su taq , are kakaj ki kibʼan nim aq achija bʼ chupam ri kikʼas lemal , xuquje kʼo chik jupuq bʼixonel chupam ri komon .
la tz ʼu wach ri bʼe.
kʼakʼ ri ach ʼich ʼ .
qo nojel uj , uj maya bʼ taq win aq .
nojel q ʼij ri ati ʼ x kuy uq ʼuj le taqaw aj jela ʼpa nikʼaj ja ʼ, chirij ri juyu bʼu bʼi ʼ te na ʼ .
paq ʼom chik risi ʼ .
kin tz ukun che la.
kakitij lekin aq ʼ, le ichaj , leu wa ʼ lik ru kʼ lej .
xe kanaj kan le ajchakibʼ .
ketik on ri achija bʼ .
sibʼalaj itzel u bʼantajik rich ʼilakan .
ri ate ʼ k xu malty oxij cheri r ati ʼt , r umal ri utzalaj no ʼjibʼal xu kʼut chech .
k kamulixu chak ri abʼix .
la xin utz ukuj le tijo xel ?
are ʼ kachakun ro nojel q ʼij .
lee kʼa ʼna taq tz ʼi ʼ .
saq rij ri pla mux .
jas xaq ʼi ʼ oxa tijo .
jas ru kʼ x kichap wi u tijik le rikil ?
we katatin ru kʼ kʼatan ja ʼman ku q ʼatej ta le kʼakʼ ya bʼil corona virus .
la kat bʼin pa le uxlan bʼal ?
la waral kʼux ix wa ʼ wi?
are le nu tat kin loq ʼonik .
tajin kchakun ri ala.
kʼori ki ʼ kotemal awu kʼ .
xuta jachin ka ʼek .
xat wa ʼik xin wilo .
x tzaqri rachoch r umal ri ja bʼ .
pa le jun ikʼ chik are nim aq ʼij .
e kebʼ äm kebʼin pa u wi ʼri tem .
mem ri achi.
ri wi kan chali ʼ y kel pa juyu bʼ chwi tzir ibʼal .
le rajil , la paja xel aq ʼax wu ʼbʼik ?
pari su ʼt pisom wiri lej .
koj p etik kol q akʼama ʼ .
tajin kat ch ʼopin chi u wach ritaq ʼaj .
leq ʼo r xch ʼuqik .
kʼax wa ʼimaw umal .
kin bʼison che le wal .
sibʼalaj kʼokʼ ri awatz ʼyaq .
kamik xuj bʼe cheu tikik taq che ʼ pari juyu bʼ .
kin u loq ʼoj le nu tat .
chaqi ʼj chik ri chaj .
x yi lix hawayi .
na x na ʼtaj tachke chi xe atin ik .
ru kʼ kʼuwa ʼwe ri ʼ, ri ix kkʼoji ʼ jun utzalaj ikʼas lemal ri ʼ ch kiwach ri win aq che mane kʼota iwu kʼ , kʼate kʼuri ʼ man kʼota jun win aqri ʼ rajawa xik chiwech .
e p etin aqpa bʼe le rachala xik .
kakaj le akʼala bʼ kewa ʼik .
xujch ʼay bʼik .
ri nu chak are q ʼaxel tzij .
kʼo nar uxla bʼri awaj .
tajinkel loq , riq ʼij .
xu q ʼi ʼ ox kamsax ri rachalal choch .
ri nu mam are kʼo uq ʼinomal .
x kʼulmataj jumul , xu bʼan jun nimalajja bʼ , man x bʼeyetaj tana xu kʼis leu y uq ʼ chike.
ama ʼri nu tz ʼi ʼ .
jewa ʼkat p etik .
xin ko sik r umal xin chakunik
iwech chi jujunal , ri wa .
xuq ʼi ʼ on a xata tin taj .
in riqtajin aq pari kʼayibʼal .
naweta ʼm taj .
kʼax le nu q ʼabʼ .
utz le xu bʼij le achi .
kematz ʼibʼ .
kʼo rachalal pa tz ʼo loj che ʼri pe ʼl .
ro nojel wa ʼwe jas taqri ʼ, xas ksach wi u wach wa ʼ ; ru kʼ we ri ʼ, ri ix, rajawa xik che kʼo junty ox la ji kʼas lemal e kkʼoji ʼ ri ich ʼawem ru kʼ ri dyos,
x muq taj ri pa tz ʼan .
rich ʼich ʼ tzijom kanoq pari u kʼol bʼal .
man kʼota u cholaj p ataq ri awuj .
jachike ikʼ leu nimaq ʼij letin amit nawal ja ʼ ?
xep etik xol kikʼama ʼ .
kachuq ʼchut ri ja ʼ chiap am .
xin bʼij iwir chi xe bʼe pa armita.
are ʼu xe ʼ ojertzij waral kʼiche ʼu bʼi ʼ .
x kʼis ri nu si ʼ .
jawix kibʼij wichike ʼ e wi?
¡ xa je kʼuri ʼ, jachin taq rie kʼo pari jude ʼ a, chi chanim che ʼ a nima ju bʼi p ataq ri juyu bʼ,
kʼakʼ ri a bʼ .
la kʼo jun naka kʼoxomaj taj ?
na utzta leu tʼisom le almariy .
man ya ʼtal taj chi awe kat okpa ja .
je ʼ, xatu tzukuj .
are kel waj xaqibʼ uq ʼij rix kʼojik .
rix unku r k kʼoji ʼ p ataq ri triko .
xin sachik .
xu tʼuyu bʼa ʼ
na nu tom ta le tzij …
wach ʼom ri kiwari no ʼs .
e kʼo jobʼ ch ʼil wakʼ .
rajawixik chip ataq ri tijo bʼal , pa nikʼaj u bʼixik chik
ri rajaw ru lew are ʼ tat kel .
we kʼux okik , we kʼnax okta
we achi xu sipaj jun pʼo t chwe.
atat u taqo ʼn leq ʼat al tzij .
naq ʼan tau wach le qap ru t .
ri xa ʼr kʼopa u wi ʼ riq ʼaq ʼ kpoq ʼow ik .
ri ro q ʼej ri alija chakpe jun akʼal .
kʼo junalapa tijo bʼal .
säq u wi ʼ ri tata ʼ .
ri wi tz ikʼ tajin kpe loq .
jawix sachon wi kanu ya ʼik le p waq che.
utz we achiwe xin kunanik .
qo nojel kuj wa ʼ pa u wi ʼri me xa .
ri kax la ʼn ik man poq on taj .
in xin bʼe ru kʼ ri wachi ʼl .
sibʼalaj je ʼl x kilo xe kitz oqopij ri kichij chila ʼ .
kinbʼinik x inʼek .
kʼax kʼolik , kacha ʼ .
ku tijix im ri akʼ .
ri alix che l , xu q ʼi ʼ oxa jun akʼ xsipax che.
x qa sikʼij le ix oq ch utz akiksu bʼ .
matax abʼinsaj lech ʼich ʼ .
rip ix tz ʼaralik r umal ri eqa ʼn .
¿jam pa ʼkel chi 3%
kʼo jun nu kʼo toj chi ʼaj .
tajin kewa ʼkat ri ala bʼom .
xin loq ʼ le nu kʼakʼ apo ʼt .
na utz akik tasu bʼ tajin kuʼano
x oj u taq chi ʼij x oj wa ʼik .
iwech ri a bʼix .
saq rij ri chij .
aj sik cheri tin amit kelwiri tata ʼ .
- ¡ ay ! xa xin tz aq u loq , kʼax we waqan .
x kʼulmataj pa jun komon chi ʼ u wach jun juyu bʼ , xu riqa jun q ʼij x kiriq kibʼ junimul ru kʼ lekok .
jas xataq chi ʼj le akʼal chu tijik ?
xin chapo suxu loq ʼo .
q ʼinom ri achi.
ri kʼum ktijow ru kʼ kabʼ .
tajin kejach ʼanik .
tz ebʼal u kemik le pa saw umal .
are kayo ʼw leu chikopil leu bʼantajik try pa no som abr uc e i.
we kat nimanik utzkelik .
pero no ʼjimal p et n aq loq , .
are le nu chak jun tz uq bʼalwibʼ .
x kunax le yawa bʼ r umal le aj q ʼij .
riu kʼu ʼx tz ʼibʼ pa qatzije lajuj .
sibʼalaj je ʼ lik ri eqa bʼal xu bʼan rilu ʼs .
sibʼalaj at kon .
e man xo ri jupuq kej .
na x na ʼtaj tachke xe atin ik .
ri kʼamal bʼe xu bʼij chike, chi maja ri a nim .
jumuch ʼri nu juna bʼ .
q ʼip tajin aq ri raqan ri tem .
kchakun ru kʼ ri jos bʼal che ʼri ajan el .
xataq chi ʼj le akʼal chu tijik kar .
oj kʼopa le ro ʼch le awel .
¿ la kat pequ kʼ chwe ʼ q ?
le win aqpa le ch ʼich ʼe tʼuyu l lowi .
x kanaj kanoq chiuxe ʼ ri ja bʼ rich ʼa ʼn .
nim ri ja .
we taxak u naj le at at matax kamla ʼ .
na nu kʼamom tu ʼ la ri ʼ .
ch qa nu kʼu ʼri qatzij .
kim bʼepa le tin amit .
xin q ʼi ʼ on axin atin taj .
rajawa xik kakʼaman chawe leu tijik le lej .
kʼis bʼal taq no ʼjibʼal .
xine ʼ wa ʼ oq .
x kibʼan kʼaxche leu wosaq r umal man utztachi ka kayik .
riq ʼut u ʼm man kech ta le akʼala bʼ .
are na nim tal eatz ʼi ʼ chu wach le nu tz ʼi ʼ .
xep etik xol kila ʼ .
¿jaw chi ʼ xata ʼ che x kam ri u mam ri po ʼx ?
e kebʼ kekʼambʼik p atuj .
xin loq ʼjun japa ri wokaj ja.
ri ax tu ʼbʼ , kʼo qulaj chech .
jas karaj kaʼan chu tzakik leti ʼij .
xu tij lewa .
x im bʼal re tzij .
x pa x ri bʼo ʼj .
we kawaj katin to ʼo xaq xu wi kabʼij chiwe.
jas nu kʼu ku ch ʼobʼo .
jas karajku tijo ?
xe x r uxla bʼ ri rikil .
e ni tz ʼa ʼq le taq imul .
we tane in xin bʼanow ik , are le ate ʼ k x bʼanow ik .
kin tzalij pa le nu tin amit .
ri nu chaq ʼ kʼo pauro ʼq ʼatoj tijonik pari tijo bʼal .
xin xi ʼj wi bʼ xin ch ʼaw ik .
kʼoch wa ro ʼch le pa re.
chi raqan kabʼin wiri tata ʼ .
x sachon kanu ya ʼik le p waq che choja .
xin q ʼax chikixo ʼl ri win aq .
ke tikonik .
riu lew man q ech taj , kech ri qati ʼ tqamam .
xepe lewin aq xol kikʼama ʼ .
xu loq ʼri wuj r umal ri ali .
chewe q ʼij kamik kʼo jun nu tzijonem chirij le nu tin amit .
kej ri ʼ .
x kunan alaq chwe .
kin u sikʼij le nu na n .
ri imul xu ch ʼij taj , x kanaj pa bʼe, r umal ri nimalkuj al uj ri i mul , xu tzaqri a nim .
ku bʼan ri u xoq ʼo ʼl ri ajtz ʼaq .
ri la sibʼalaj utz che kunabʼal .
kʼi kiwach rie ʼ ajchakibʼ pari komonty ox , kʼate kʼut xa jun chi ajaw xel ;
x qata chix atulik .
kawaj chik at ʼek .
ch ʼuti ʼn kekanaj ri xa ja bʼ chech .
kaqa xi ʼj qibʼ kaqachapo .
e kʼokebʼ u kʼ aj ol le tat x wa n.
lu ʼ su bʼi ʼri rech am .
aj chi u wi ʼm iq ʼinja ʼri lu ʼ .
xin yakan le nu chimpa kʼay bʼal .
kʼatex ri lo, xpe ri unan che utz ukuxik , x kikotik , xu sala bʼisaj ri taqux kin .
xki kʼut chi u wach ri ajtij xuquje ʼ chi kiwach ritaq nikʼaj kachil .
utz le nu q ʼabʼ .
ku l le al we ʼl pa a u s tin chaq ʼabʼ kamik .
ri ate ʼ k x tzaq loq arechi kʼopa u wi ʼ riq ʼa ʼm .
aj p atan ri te ʼ k .
x at qaj chiupam ri il .
la kʼo tzij na ki kʼoxomaj taj ?
x sachon chkechi xe atin ik .
ro nojel leu lew echal aq .
la xe bʼe kʼula xe ʼ kijaqa kʼule uchi ʼ ja ?
xaq kat ch ʼok naj iwir .
kamik kʼochi ri jas taq a we .
arechi ʼ kakʼis ri juna bʼ kʼoq ʼinom .
pa nawal ja ʼ xin alexik .
na xintataj we areri akʼal kix tzuquwik .
¡ r u lew ri sabʼu lo ne ru lew ri nef tal i, u bʼeri polow , ru lew ri jordan, galile ʼ a kech ri je taqam aq ʼ !
rax , rax , rax , kʼokʼ , kʼokʼ , kʼokʼ le r uxla bʼ le taq tiko ʼn .
achix at wilo .
paqal rajil lepix kamik .
xoj bʼin ik .
pa jun je ʼl tijo bʼal ku tijoj ri bʼ jun akʼal , u bʼi ʼ p o ʼx , utz ku rilo kepa tijo bʼal ro nojel taq q ʼij .
x waj chixa tʼe taj .
utz la ʼ le xu bʼij le achi .
weta ʼ am jachin kap etik .
kinq ʼojomanik .
xin q ʼi ʼ o takʼalik xin p etik .
are ʼ reta ʼm chekin opan ik .
aretabʼa le qaq ajawchat to ʼwik .
kawin aq waqibʼ q ʼataj .
na qaj chik cheri u waq kaj bʼal aretaq chi ʼ ksach u wach riq ʼij , kok riq ʼequ ʼm chu wachu lew , chi kʼate ʼ nari bʼelejebʼ kaj bʼal .
jobʼ raqan ri tz ʼalam xe poroxik .
sibʼalaj ko ri j ri mop.
arewa ʼ .
jela ʼ pari ti minit chwi kaby ok rech xe laju ʼ, le qana nqa tat kakitikoj e ʼ lalaj taqu wachi chaj .
kʼax nuqul .
xu ʼl u kʼama ʼ .
ko jul kitzukuj .
are man kʼax tau kunaxik aretaq anin aq ka ʼilitaj we ya bʼilal xuquje ʼ mojo ʼ qakuya ʼ le kʼax kʼol il chech le jolomaj .
ri wel kʼopa tijonik .
kawaj kinbʼij .
ri kotz ʼi ʼj kqakoj chiupam ri ja .
q ʼeq q ʼoj rij ri ama ʼkej .
na x waj taj x inch ʼawik .
ch peta bʼal e loq ʼalaj ja bʼ .
x sachon chkex at ki sikʼij .
e leq ʼal ch ʼich ʼ .
jachin xa wilo chi arex tijow ri ti ʼj ?
mata kabʼe le nu x bʼal pa letin amit .
pim ru q , ri ali .
¿ kʼo ri muq ʼe chi awech ?
kqabʼij man kekowin taj .
kintij na.
kʼo jun qa tʼu ʼ y pa ja!
kʼo puj chiupam rich ʼa ʼk .
aretaq kin kosik kinwa rik .
x at wa ʼik xin wilo
in x inch ʼayow le achi .
ko nojel ri ala xik keʼetz ʼanik .
jas ru kʼ x kitij wi le kir ikil ?
anin aqil kat p etik .
na rax tau wach le juyu bʼ .
ri tz ʼalam tz ʼibʼabʼal rax kkayik .
we chat chakunik , kʼo awa.
ma ʼ tam x at pe cheri wa ʼim .
kamul kinwa ʼ na.
ri sikil ktijow ru kʼ ik .
kimbʼe aq ʼan ru kʼ le altal in .
x oj ʼek xe ʼ q ilal arqasok .
xe kiq ʼil le ajchakibʼ x kiwok leja .
matanex waj le kʼu h j nem ru kʼ le ate ʼ k .
are xe ʼopan chiuchi ʼ ri juyu bʼ , x kilo chiman qas tak ʼoq ʼayes .
kʼate kʼut , ri jesus man kkojon tachkech ri e ʼ are ʼ , r umal rech che ko nojel reta ʼm kiwach ,
pa ʼ tz ri j ri tz ʼi ʼ .
juwin aq waqibʼ q ʼataj .
atel aq ʼom .
xaq atjo ʼs .
riq ʼatzu, are q ʼalaj ri u q ʼij il .
ajchak we ala.
u bʼelej u kakʼal taqanik (29) .
kebʼ nu bʼi ʼ kʼolik .
la katzalij lu ʼ la anin aq ?
katz ukun la chwe .
la kaj la koj bʼe ʼ pa le chomal ch we ʼ q ?
xin na bʼej chu tasik q akʼolibʼal .
lal xinto ʼwik .
sibʼalaj a no ʼjibʼal .
x oj p etik xol q akʼama ʼ .
sibʼalaj je ʼ lik ri u wa ʼl ri ichaj .
kʼaxwij r umal in pa chal ik .
aretaq xu kʼulmaj wa ʼ xu l ri u chomanik xu bʼij : areutz wa aq ʼabʼ kin walij ik , are cha ʼ chanim kin opan pa tijo bʼal , maj chi kinkʼulmaj .
ojaj xo jolo bʼ pa awasq ʼij .
xin sach che leu wokik le tzij .
e julajuj ri akʼ .
xuta jampa ʼ koj ʼek .
qilik .
ri tijo xel manareta nim chu wach ri rajtij . ri utztijo xel qas jeri ʼ kʼolik jas ri rajtij .
in x atin ch ʼayo .
no ʼjim chak wumal .
ch ʼu r ri jo ch ʼ.
inkin bʼij na kat sachtaj .
uj maya bʼ .
ri abʼaj ya tzalik .
tajin kepix bʼax ri akʼala bʼ .
chom ri aq .
xin wa rik .
e le men ko nojel ri akʼala bʼ .
tajin kq ʼanarik ri we re ʼ aj .
leu kemik le pas utz ( chawe ).
xuyu pu bʼa u wach ra ʼ chi, kacha ʼ, .
ri satanas kok pari judas ri kbʼix is kariʼo tech rech , ri are ʼ jun chkixo ʼl rie kabʼ lajuj .
chu chu rip ar .
kin qumuj ri nu joch ʼ.
chech punción lumbar am aq ʼel rajawa xik chech ri lik leu kʼex bʼem wile na bʼe ru kʼ leu kabʼ u kʼutunem leya bʼ ilal .
q ʼalaj china kawajtaj kabʼij .
kʼoq ʼol chirij risi ʼ .
jawix oj ʼe wichu loq ʼik ?
kʼou lo ch ʼri tal in .
q ʼan rij ri ati ʼ tnukej .
la x tzalij la iwir ?
xe sikʼixik , kʼate kʼuri ʼ xe yajik , xuquje ʼ xetaq bʼi cheu sikʼik le mes .
la kix war ik ?
are kʼule palo max xu bʼij che: -mam kat bʼison taj , kin sikʼij nikʼaj wachi ʼl kerapa p ik .
a ʼ re e tijo xela bʼ .
ri alajali si ʼl xu bʼij x qachapp autzal ri ty ox .
x sachon chke jachin xe atin ik .
jas xu rayij le anan xu tijo ?
xin ko sik .
rax ro nojel riq ʼayes r umal leja bʼ .
kin yawa ʼwe ch ʼich ʼ pinem na utz .
no ʼjimu p ach ʼuxik le nu wi ʼ .
naj kʼowi le wo ʼch chu wach le tijo bʼal .
ri okibʼal kʼochi u wach ri saq ja .
xe nu taq ch ʼij kekil le akʼala bʼ .
kʼo jun q ʼox owem chiwe.
tzaricho ʼm .
we choj bʼepa le nimaq ʼij , keqil leaj xojo lo bʼ .
x oj ʼek xe ʼ q ilal arqasok .
ri ate ʼ kxuta ʼ chech rina nto ʼn : - nan jas che ʼ chi mankaj tal aq akʼatisaj ri jo ʼq .
rip al sibʼalaj xu ʼ y .
kin koj ri jokbʼal u lew .
inkin bʼij na kat sachtaj
at rajkun le nunan .
ku qamujuj oron ri aj tzij .
lu ʼ tz ʼalam u bʼi ʼri achikel pa nim che ʼ .
je ʼ lik u ti ʼjol al ri saq ko ʼr .
kʼo jun xa ʼr pa ja .
xin loq ʼjun kʼakʼ p atan .
kʼax u kemik le pa saw umal .
anin aqu kemik le pa saw umal
rich ʼa ʼn sachin aqp ataq abʼix .
rax taq le kotz ʼi ʼj .
mesom kanoq riupam ja .
manaretar alax kosik .
ri komon xech pu p rech uq ʼabʼ tin amit xo ʼl abʼaj rech q ʼu markaj .
la utz akik kʼu su bʼ tajin kuʼano ?
katela !
na xu tij taj .
xar umal keta ʼm ko nojel ri win aq kkiq umuj leja ʼ .
iwir xuj tzalij lapa kʼay bʼal .
qeta ʼm cheriqawa kuju to ʼo .
ri ajtij , kya jon chikech ri akʼala bʼ .
jasu bʼanom le nu ch ʼuti tat ?
chwe ʼ q kin bʼepa nim tin amit .
utz we kiweta ʼmaj jas ku bʼij ri chol bʼal q ʼij .
tajin kat j ilow che uq ʼoxom jolomaj .
xintik q ʼax chi u wach rij a.
kʼax le kibʼe le win aq .
loq ʼ kat kun taj che leya bʼil (covid-19) .
ri nu x ibʼal kel pa qaj bʼal q ʼij .
x r il ri axwan chi x wa ʼ ri ala.
le alix kunatajik .
weta kape leja bʼ kamik .
x inweta ʼmaj china x at pe taj .
rip waq rech weq ʼataj ri ʼ kesax chech ri toj bʼal kʼayin em .
ktij ri u wa ʼlik r umal ri kinimaq ʼij .
xu chapu kunaxik .
chatan loq ali .
xin xu li ʼqaj oq .
je ʼ lik ktijow ritaqik ox .
kʼate kʼuri le tat xo ʼr xu bʼij , man kawajtaj , man kawajtaj .
kʼo jun tz ʼi ʼ pa bʼe.
kamul xin pe che atz ukuxik .
man tajin takin chakunik .
kin chakunik rech kat wa ʼik .
jas ru kʼ xawil wichi x kiqupij wile ti ʼj .
jas u bʼixik … ?
koq ʼri akʼal .
kawaj naka tʼe taj .
xat q ʼaj ik .
wem na cha loq ʼax iyal , nakim bʼe ta awu kʼ .
xopan le wuj awu kʼ r umal wechin .
are kʼut pa le juyu bʼ kkʼiy joron, chila ʼ xe kikʼam awiri ja ʼri win aq .
koq ʼri akʼal .
we kʼoa rajil cha kʼamal oq .
are sibʼalaj kaq leapo ʼt chu wach le nu po ʼt .
xin kʼas taj p aka bʼ lajuj kaj bʼal .
kaqoy ʼej na kix p etaj .
ko kax im ri chij xa jela ʼman kanimaj ta bʼ ik .
ri kok nojim x bʼek , xu ch ʼijo xopan pa u kʼisbʼalil lea nim .
xoj ki ʼ kotik aretaq x atulik .
kaq itz ʼ naj ri u xa ja bʼ ri akʼal .
ri jesusk wa ʼkat pari nim rachoch ri dyos, chuxe ʼ ri jun jache rachoch ri salomon .
we taqanik ri ʼ ku bʼij chi rajawa xik kya ʼ uq ʼij ri win aq xuquje ʼ kto ʼ anin aqil .
ria xu x are na ri ukunel ri kin aq ʼ .
aretaq wa ʼri uq ʼijol we taqanik .
kʼo jun ta bʼal pa u wi ʼ rix kanul u bʼi ʼ lajuj no ʼj .
yu ʼl u bʼanom ri u kolo bʼri kej .
xa nimaj ri akʼal chi u wach riu chu ch .
k kunan ri achi.
kinwa ʼik rech na kiny owaj taj .
aj xik ch ʼich ʼri lu ʼs .
kwaj che ix kix bʼanow ik .
a ʼ re xeto ʼwal aq .
x oj ʼek xe ʼ q ilal arqasok .
xin loq ʼ junch ʼich ʼ, qajin aqu wach .
ku tʼis ri pa ntal on .
e janipa le awal kʼwa le kʼolik ?
utz ukemik le pas chawe.
rimax areaj q ʼani ya ʼ .
mata bʼ achiri q kʼaxpa le bʼe.
tajin kanimaj , ri me ʼ s .
ix ixe ʼ laq ʼomabʼ !
x sachan chwe.
e kʼo kʼiche ʼ , chi u wach ri juyu bʼ .
arewa ʼri nimalaj p ixa bʼe arewa ʼri na bʼe.
x reta ʼmaj chi r u kʼ p akʼ ku tijwi
jas utz akik le su bʼ xu ʼ ano ?
aj xo ʼy ri wikan .
we tane a ʼ re xe tijow le ri kil , are le komon xe tijowik .
sibʼalaj anin aq kach ʼaw le are ʼ chi nu wachin .
utz we kinchakuj .
me ʼ sla ʼ .
kʼo kan wa rech kaqatijo .
xin sikʼij la.
ri akʼal x sach kanoq jela ʼpa taq ʼaj .
xe sikʼij la.
jawix kibʼij wichike ʼ e wi?
r umal che, man ix tari ʼ ri kixch ʼawik , areri r uxla bʼa xel ri i tat ri ʼ ri kch ʼaw na iwu kʼ ri ix .
kʼakʼ ri wachoch .
sibʼalaj utzkin wil le atz ʼyaq rech nahuala.
saq por kkayri kipo ʼt ri nan .
x sachon ri nu chak chwe.
wa ʼ im xu chapo .
riq ʼaq ʼtajin kajuluwik .
najil u p am ri siwan .
e kʼori qachalal pa chiu wi ʼ la.
jas xataq chi ʼj le akʼal chu tijik ?
no ʼji mukemik le pa saw umal .
kʼo jun ku ku bʼi ʼ tin tin , wa ʼ le laj ku kmam kajeqitaj , kapaqik ax u lik pa u wi ʼ uq ʼabʼ taq che ʼ , sibʼalaj sakʼaj , keʼu to lee nima ʼq , ch ʼutin, rachi ʼl , aj sipanel sibʼalaj utzra nima ʼ .
riu p ixa bʼ leq ʼat bʼal tzij kiya ʼu bʼixik .
na xsach on tachke xe atin ik .
xeq il le chik oppu wi leja .
x lo ʼtaj ri akʼal .
qo nojel kuj wa ʼ pa u wi ʼri me xa .
x sikir le waqan .
la x at wa ʼ kʼut ?
nimu bʼaq ʼri tulul .
kin x ikʼ ikʼ ik xin q ʼaxik .
la kat bʼe pa letin amit ?
rip al sibʼalaj saq ʼo r .
kq ʼox ow nu jalom .
xin na ʼo chik at p etik .
x loq ʼu lew iwech ix .
xin chakun ru kʼ ri nu mam .
na x qabʼantaj .
kkʼoji ʼbʼa ʼ ri u sipanik ri ajaw xel jesusk ri stor u kʼ ri aw uxla bʼal !
kinch ʼaw ru kʼ le nunan pa le ch ʼawebʼal .
sibʼalaj q ʼequ ʼm r umal ri may ul .
are leba xu lik .
xe ko s le ix oqibʼ pa le bʼe.
kʼax ri lik le akʼal chawe .
xin q ʼi ʼ oxin atin pa joron .
sibʼalaj nim le tin amit .
kʼax u kemik le pa saw umal .
xin sachik .
tajinkel u kikʼel pa raqan ri tz ʼi ʼ .
x inweta ʼmaj ri lik wi bʼ
riq ʼuq ʼ are jun je ʼl chiko p.
kʼopa ja tijo bʼal ri wi kaq ʼ .
ri sachi bʼal mak rajwa xik chi qa xo ʼl .
je ʼ, kim bʼek .
jela le ʼ ri nu p wi ʼ .
xu bʼij che: - jas x abʼano tin tin ?
kabʼan juntoq ʼobʼ kyak ri nu jal .
kat ʼek xinta.
jas leu kʼex bʼem ri bʼ le jun ru kʼ le jun chik ?
aj chi u wi ʼm iq ʼinja ʼri lu ʼ .
ri tijonel naj kpe wi.
te ʼ kixcho bʼ u bʼi ʼ ri nu tat .
ri ja ʼ kamiq ʼik chi u wach riq ʼaq ʼ .
ri tʼu ʼ yk paq ʼowik .
kin meson na.
na qaj at kʼo wichiwech .
xin bʼisonik taq na x at p et taj .
we x kam ri win aq , rip waq rech toj bʼal makaj kya ʼ chikech ri rala xik .
ri nunan x bʼepa kʼay bʼal .
xoju kʼamu loq rech koj ri lo
x kʼoto chinchi kiwach chi kinwa ʼ awu kʼ .
na x kikamsaj taj x kikʼambʼi choja .
kʼakʼ ri ikʼ kamik .
xim bʼe ru kʼ le ajkun iwir .
ri lik .
le tz ʼi ʼ xe ko sik .
xin kikot awu mal .
ri imul xu maj ri a nim , xu yakan lekok .
kʼo oj cheri akʼal .
xuj bʼepa jun kʼulanem .
utz we k waral aq .
kaqilo china koju kʼam taj .
x reta ʼmaj chi r u kʼ p akʼ ku tij wi.
sibʼalaj xin kʼa ʼ nar ik .
xin ko chij ri nu wa .
man kat kowin taj kat chakunik , weman kʼota ri ajila bʼal .
we wo non xu bʼij chike: - ki xinto .
ri alanim k ri lwiri u mam .
x kaʼy chirij , x kaʼy chu wach , makʼo tachi jun k silo bʼik , x oq ʼik xu xe ʼj ri bʼ xch ʼopin ik x tzalij loq xu riq tachik ri u bʼe .
kʼo pus cheri wa .
pinem naka bʼelew atz , kim bʼewi in pa kaʼy ibʼal .
ri nanto ʼn nim win aq chik , saqu wi ʼ, ro nojel aq ʼabʼ utz kuna ʼo ka tʼuyi ʼ pa utem , ku mi q ʼisaj ri bʼ chori q ʼij , kʼo junu wi ʼ u mamu bʼi ʼ ate ʼ k .
mane kʼitaj ri qula ʼ .
q ʼalaj china kawajtaj kabʼij
x paqa bʼisax rajil ro nojel ri kem .
kʼo pari jul ri kumatz .
ro nojel q ʼij kinch ʼaj le nu ware .
saq chikan le ichaj rech katz ako .
chuxe le qachomal kaqatij wi junqam eq ʼin .
chawila ʼ .
e kʼo jobʼ u mi ʼ al, ri nu tat .
jas ru kʼ x awilwi
je ʼ jas ri win aq rech riu wachu lew , xoquje ʼ kepena ri ʼ rie ʼ are ʼ chee rech riu wachu lew ; je ʼ jas ri win aq rech ri kaj , xoquje ʼ kepena ri ʼ rie ʼ are ʼerech ri kaj .
xin tijo .
k tzʼujuw ri rachoch rip o ʼx .
xuq ʼi ʼo are leu kʼu lel x ya ʼow u wa .
ri awel x reta ʼmaj chi rajawa xik manku xej tari bʼ cheri tukur .
ju kʼulaj win aq xe ʼa nimaj bʼik .
je ʼ , xin tzalij ik .
x oj p etik xol q akʼama ʼ .
maj jachin x ʼek .
in ajtij ; at tijo xel .
saqu wi ʼ ri tata ʼ .
we ch ri kem .
le ro ʼch le ate ʼ kkʼoch wach leu kʼay le nunan .
k bʼe pari siri ʼa e parisilisi ʼ a, jawi je ʼ ku ya wiri kichuq ʼabʼ ri komonty ox .
p ixa bʼ : man utztaj kʼax kujch ʼaw chikij nikʼaj qachil .
x kunataj le ali ( kumal ri ix oqibʼ ).
rix ibʼibʼal chi kʼowi p ataq riq akʼas lemal ro nojel q ʼij .
na kuj war ta waral .
on che kkʼoji ʼ ri utzil chixo ʼl , are ch junam ri q akojonik , junam ri iwech ix ru kʼ ri wechin .
pa ox q ʼij ri sa ʼn kbʼe na ru kʼ ri aj kun .
kawin aq wuqu bʼ .
jas kawajkin tijo ?
we taxat bʼew u kʼ pa letin amit , xa loq ʼta la ʼ leu jas taq le akʼajol .
kebʼepa wa ʼ im .
xin loq ʼ kʼi wa.
pa jun nim kʼache ʼlaj , kʼo jun kʼwa ʼ sibʼalaj saq loloj , nimu wach .
kwaj katij ju bʼa ʼ wa.
ro nojel win aq kril nari u kolo nem ri dyos » .
x kʼoto chinchi kiwach chi kinwa ʼ awu kʼ
kwaj na kat ʼetaj .
la xa loq ʼjuna lej ?
e kʼori e loq ʼomanel .
ri u kabʼ u bʼi ʼ ri nu mam are yay .
kinjopij ri i ja ʼ rech triko .
x na ʼtaj chkexe atin ik .
xate ʼ qila ʼ .
kakitij alan xa x ri win aq .
. . . kinbʼij chi arewa ʼ sinxi ʼ an.
na xin na bʼej tach u tasik qa kʼolibʼal .
r umal rech chewe ri in, kinch ʼaw ru kʼ ridy ospach ʼabʼal, kch ʼaw na kʼuri ʼ ri wuxla bʼal ru kʼ ri dyos, kʼate kʼut man kʼota u p atan ri ʼ ch rech ri nu chomabʼal .
xep etik x kilo .
xuta we katʼek .
utz ukemik le pas chawe.
ri nu wa kax xu tij jun q ʼoq ʼ r umal ri ʼ x kamik .
r umal ri kʼix , man kewa ʼtaj ri win aq .
xe ʼ u lik .
q ʼeq rij ri ama ʼ chij .
x raj kaʼele unan .
junam ki juna bʼ .
naq ʼalaj taj weka ʼek .
ri wi x nam ch ʼajch ʼoj ri rachoch .
waral man kʼotaj ajawal .
na iwir tax ri l le kʼamol bʼe.
xin pe loq te kʼuri ʼ xin tz ukuj ro nojel ri nu rajil .
ri ajtikonel kutik ri tzij .
kʼo e kikʼaj ol le achija bʼ .
ku tij q ʼayes ri ix pa ʼ ch .
p ariwa ʼbʼal e kʼo kawin aq achija bʼ .
sipojin aq ri nu p am .
kaya ʼtajik ru kʼuti ʼonem jun ri u riqom leya bʼil am olot set sé xuquje ʼ are kaya ʼtaj p ataq ri juyu bʼ .
jachin ri achi?
ri numam x kamik aretaq kʼo jumuch ʼ lajuju juna bʼ .
kin kowinik kinkʼam bʼi le p waq .
kin wilo chi utz ri aji ʼ .
xin q ʼil ri apo ʼx che man kachakun taj .
k wa ʼ chi u wach le taq ʼaj ri ama ʼ akʼ .
ri imul xe poq ʼik pa jun ikʼ .
x kʼis kanoq ri qachak .
areri alixoj ilow kanoq .
sibʼalaj ch ʼu ʼj ri amax .
kʼo nu wachi ʼ .
in chajin el kech le akʼala bʼ .
xekos letz ʼi ʼ .
kin bʼe na ku kʼ ri molaj .
ro nojel aq ʼabʼ kinyi tz ʼri wa kax .
karapinik xu tzukuj chi jun awaj .
leu kemik lepas anin aq ( awu mal ).
maju rajil leq ʼabʼ are l .
kʼax ri ʼ ri kach ʼawik .
xoj u taq chi ʼj le achi chu loq ʼi kichaj .
sibʼalaj kʼax rix kʼulmaxik .
x kilo china kin kʼoxomaj taj .
x na ʼtaj chkechi xe atin ik .
x kʼoto chinchi kiwach chixoj al wo ʼ qaku kʼ .
jun q ʼu ʼ q rajil ri kax la ʼn wa.
xin wilo chi xe ʼ el ik .
e kʼo ix oqibʼ pa le kʼay bʼal .
man kʼotaj u kʼisik ri maya bʼ aj la bʼalil .
risin kkʼiy p ataq ʼaj .
rich ʼima man kkʼiy taj p ataq ʼaj .
rajawa xik kjik ik ri waq än .
kawaj kinʼ e k .
e kʼo oxibʼ akʼ .
xu bʼij chwe jawi at kʼo wi.
chwe ʼ q kuj bʼe ʼpa muquj .
pa saq kʼa ja ʼ kbʼan wiri uq .
x oj kisikʼij .
xin wil wib ʼ .
chaq ʼ chik ri wa.
kimbʼen akapa le wo ʼch .
kawaj kinʼ e k .
rich ʼu ʼ ktij ru kʼ lej .
pari kiq ʼij kamin aqibʼ kbʼan q ʼo ri kʼya ʼ rech aj : na bʼeri nan ku tzukuj kan ri aj , kujach ʼo ʼ xuquje ku kʼ e to .
jas kaj bʼal chanim ?
utzu chomanik ri ali .
pari q ʼijox lajuj tijax kin kʼis kebʼ juna bʼ kinchakun waral .
sibʼalaj ko , ri kʼakʼ ch ʼat .
jas karajku bʼij … ?
rich ʼich ʼ kasila bʼ ik .
pa ojerq ʼal p ul xaq xu wiri nim win aq kekʼamow bʼe.
leu kunaxik leu kabʼ u kʼutunik are ru kʼ e florni tin aon u tuni bʼaxik le nifurtimo x chi ʼ le florni tin achech t. b. g .
areri achi xin ch ʼayow ik .
junachi u bʼi ku ʼx u sipaj kebʼ kʼa ʼm u lew rech kabʼan ri tijo bʼal , kamik , kʼo chik ajtij rech ri komon xech pu p .
xu malty oxij cheri ajtij ro nojel le xu kʼut chiu wach .
pari bʼex kiraq junala jimul saq rij , x kikʼambʼik .
x r il lebʼa le ala.
jas ku bʼij chwe?
leu kuna taj em are ru kʼ utz ukuxik leu chikopil pa junu soliku xe ʼ lekikʼ on leja ʼ rech jun no do .
utz we nu tz ʼi ʼ .
je ʼ , tajin kachaponik .
kin u loq ʼoj le nu tat .
kawajkim bʼep atin amit .
are la ʼ kinchakuj .
ri nima ʼq taq win aq kʼo keta ʼmabʼal .
we taxat bʼew u kʼ pa letin amit , xa loq ʼ tawa ʼwe jas taq .
ri kikʼas lemal . wa ix imu lew xa jun chima are tati nimit ri ma
riu kʼya bʼal na jupam .
x at qaj chiupam ri il .
nojim kat wa ʼik .
we kʼo jun ktu qa ʼ rik , ¿ la man xoquje ʼ taj kintu qa ʼr ri in ?
ojoj wokol ja .
awas kbʼan kʼaxche jun nim win aq .
xin ch ʼaw apan ru kʼ le wa na bʼ .
kʼax riu p am ri ju ʼl .
tajin kewa ʼri imul .
la kaj la kuj tzalij la anin aq ?
r umal rech cheri makaj man kʼota u kowinem p iwi ʼ ri ix : ri ix man ix kʼota chi chuxe ʼ rip ixa bʼ, xane ix kʼo chuxe ʼ ri sipanik .
nim raqan le che ʼ .
xin chapo .
are letu ʼ r le loq ʼoman el .
xa skat kʼoji ʼ chiupam rich ʼich ʼ.
sibʼalaj nim raqan ri kʼamal bʼe.
le tz ʼibʼabʼal wechin .
in xinto ʼw la.
xa je kʼuri ʼ ri ix kamik ri ʼ man ix kaxlan win aq tachik ; ri ix , ix rech ri kiti nimit ri ety ox laj taq win aq , ix rech ri rachoch ri dyos .
xin tiko xlaj kʼali chaj .
kaqariq qibʼ chwe ʼ q .
sibʼalaj utz cheri wi ʼ aj ri tuney .
we na jupulik ta xe qajik . . .
xinto ʼtaj cheri nu chak .
kʼo jun chiko pu bʼi ʼ p um .
poq on ri ik .
xoj bʼin ik .
xu ch ʼek ro nojel le reta man ik xpaqi ʼ kkʼax kwʼin ik xu bʼan ajkun .
kelu bʼik pari jude ʼ a e k tzalij chi u bʼi jumul pari galile ʼ a.
xin ax ibʼij pa bʼe.
je ʼ l kʼolem chi awachoch .
ro nojel riya ʼtal il pa weq ʼataj , tz ʼaqat kiwach , mank tzaqta kanoq xuquje ʼ mank tastaj .
xu kunaj le yawa bʼ le aj q ʼij .
chi tata bʼej jas lekim bʼij .
ch ʼanal ri achi.
pa bʼo ko ʼ kachakun wiri tax .
uj kʼopa u wuq q ʼij .
ki ʼ riu kabʼ ri a qaj .
kʼo rachalal pa tz ʼo loj che ʼri pe ʼl .
x kilo chi kin kʼoxomaj .
ri u kisakʼ utz kya ʼik chiuxe ʼri tiko ʼn .
aretaq chi ʼ kaq ʼan pu wi ʼ ri juku bʼ , ri achi che x kʼoji ʼ ri itzel uxla bʼal ru kʼ , ku tach rech ri are ʼ, are ch kkʼoji ʼ ru kʼ ri are ʼ .
na kabʼantaj taw umal .
x na ʼtaj chkexe atin ik .
xin paj ri nu triko .
xe ʼ ok ri p ok ʼ pari umexa ripo ʼx .
ka juluw ri aq ʼa ʼl chiuxe ʼri tʼu ʼ y .
awech leja .
x uj bʼepa tzur ik .
na bʼe x atopan ik .
ri u kabʼ u bʼi ʼ ri nu mam are yay .
uwaj xaqu kakʼal taqanik (28) .
mata kʼo jun kakanaj kanoq , qo nojel koj bʼek .
e nima ʼq le altoma bʼ .
nimu wach rip o ʼt .
kojonik pari u tzij wa ix imu lew .
jas xu kʼambʼi letz ʼi ʼ x awilo ?
xin p etik , tat .
ri bʼelaju wach .
chi tata bʼej jas ri kim bʼij .
je ʼ l kuna ʼri abʼix chiupam ri ququ lew .
kin bʼisoj u wach le wal .
xu tʼuyu bʼa ʼ .
nim ri aweqele ʼn xa riqo .
xine ʼ wa ʼ oq .
chi ʼ kewa r wile akʼala bʼ .
ri nu mi ʼal xu taq loq jun taqo ʼm wuj chiwe.
q ʼe ʼ lik , ri chaj pari bʼe .
la utz awach ? - utz malty ox , e kʼuri at ? – utz malty ox .
xin kos r umal nu chak .
kbʼe ku kʼ rie ʼ are ʼ e k tzalij p arinasare te keʼu nimaj .
ri joj xu kʼambʼik ri akʼ .
kʼochi wachi ʼl chanim .
ku bʼij chech na ʼl kabʼan cheri atz ʼibʼ .
e . . . in kawaj katzjoj bʼi la chwe.
mata xin yaj le ali .
jachin ru kʼ kat bʼewi?
kʼo sibʼalaj eta ʼmabʼal pari maya bʼ no ʼjibʼal .
e man xo ri jupuq kej .
kasu mum ri kaq iq ʼ .
e kʼokajibʼ akʼala bʼ pa le bʼe.
je ʼ jas ri u tat kkaʼyik .
xaq at molon el tzij tal .
le nu tat kaloq ʼon ch we .
xaqtane kimbʼe iwu kʼ .
x reta ʼ maju ch ʼaj ik .
r umal la ʼ x koj “ xal q ʼat ” cheu bʼi ʼ ri komon .
are leu kemik pas x reta ʼmaj .
ri wa ti ʼt ku bʼan nari u p atan .
kʼakʼ le po ʼt .
reta ʼm u wach jachin x loq ʼow ri pas .
kench ʼabʼej le akʼala bʼ .
ya ʼtal chaqe qo nojel ri uj win aq utz kaqil qibʼ .
x koti ʼ paq ʼayes x oq ʼik .
kawin aq bʼelejebʼ q ʼataj .
e kʼokajibʼ r al ri imul , jun saq , jun q ʼan , jun q ʼeq , jun q ʼeq oj , sibʼalaj ketz ʼanik , kech ʼopin ik ri alaj taq imul .
kcholol ri achachal .
ketekik ri ikʼ .
xep etik rech kewa ʼ iwu kʼ .
tz atz ri uq ʼanil ri akʼ .
x oj tzalij ik x ix e ʼ qaq ʼat uj ku kʼ lei tat inan .
ri yo ʼx taq akʼala bʼ kekikʼux ri atz ʼyaq .
we achiwe xu sipaj jun po ʼt chwex kamik .
k kowin ri kunan el che kunanik .
x jiq ʼ pari polow .
xar umal sibʼalaj rajawa xik le loq ʼalaj ja ʼ, lewin aq x kibʼij : chewe ikʼ ri ʼ qo nojel kuj bʼe cheu tikik taq che ʼ .
riu na ne rie rachalal kepe u loq ru kʼ ri are ʼ , kʼate kʼuri ʼ, man kekowin taj keq ibʼ u koq ru kʼ , r umal rech chee kʼo sibʼalaj win aq .
r umal rech , che man kʼota jun kkowin cheu kojik jun tikibʼalil chik chu wach ri kojom chik che areri jesusk ri sto .
te kʼuri ʼ xu tz ʼibʼaj ri bʼ pari nimalaj tijo bʼal rech ajku ʼn .
ka juluw rich ʼu mil chaq ʼabʼ .
kʼis bʼal kanoq , xoquje ʼ k kam ri ix oq .
le alax okik .
kʼop waq pa u wi ʼ ri me xa .
are kawaj na kinʼ e taj .
ri ya wal ku koj ri ali chiuxe ʼ ri chak ach areu su ʼt .
na kaqakʼam tu ʼbʼi kamik .
ri ajtij ku bʼij chike: rajawa xik keqachajij ri awaj , areuti ko ʼn ri ajaw .
xin tij mukun iwir .
kʼax leu wi ʼ taq le nu q ʼabʼ .
xin loq ʼjun il bʼalwibʼ .
wa ʼwe q ʼij , nimu bʼantajik .
riu xe ʼ al ri qatin amit man kasach taj .
xoj bʼin ik .
ri achalal junam kiwach .
x inweta ʼmaj ri lik wi bʼ .
nim ri u na ʼojw ajtij .
mi q ʼin ri kʼul .
aj q ʼojom ri ate ʼ k .
che le san ik che ʼ kbʼan wiriq ʼojom .
kape le awel pa nawal ja ʼ .
ri meso nel tajin kchakunik .
utz chaqe kaqato ʼqibʼ , taq kʼokʼax kʼol il , katew e chi ʼn ri ajawp aqawi ʼ .
xa wilo, x q ʼatan le ibʼo y .
xat kowinik x abʼano .
ki ʼ ri kʼawex .
kajilil ri bʼe.
le alixel bʼik .
are ʼ x raj xin bʼano .
nim we abʼaj .
je ʼ lik u ti ʼjol al ri saq ko ʼr .
nojin aq ri kej .
we katijan xux mankat u to ʼ tachi uq ʼat ix ik le kʼakʼ ya bʼil corona virus ( 2019- ncov) .
na nim ta raqan wa ʼwe che ʼ .
utzalaj ajchak , r iwel .
¿jam pa ʼ kuj bʼepa nimaq ʼij ?
rajawa xik tane la ʼkat chakunwu kʼ .
xutaq chi ʼj p awaram pu lew .
manareta ri axwan xel ik .
ri awix xu loq ʼ rachoch re nimal .
areri ix oq xin sikʼinu loq .
rich ʼim akʼat ʼon na.
la xibʼan le ichak ?
kʼi tin amite kʼopa ch ʼo ʼj .
kʼo jupuq chij chiuxe ʼri che ʼ .
riu xaq ri abʼix areu wari kej .
kawin aq q ʼataj .
la ki xpe pa tijo bʼal ?
we kechajix taq le kʼwa jacha kinbʼij ; jun alik kʼo ja ʼ xuquje ʼ sibʼalaj saq loloj .
x reta ʼmaj .
ri ala bʼom ri alitoma bʼ tajin kikitijoj kibʼ rech su taq , are kakaj ki kibʼan nim aq achija bʼ chupam ri kikʼas lemal , xuquje kʼo chik jupuq bʼixonel chupam ri komon .
la tz ʼu wach ri bʼe.
kʼakʼ ri ach ʼich ʼ .
qo nojel uj , uj maya bʼ taq win aq .
nojel q ʼij ri ati ʼ x kuy uq ʼuj le taqaw aj jela ʼpa nikʼaj ja ʼ, chirij ri juyu bʼu bʼi ʼ te na ʼ .
paq ʼom chik risi ʼ .
kin tz ukun che la.
kakitij lekin aq ʼ, le ichaj , leu wa ʼ lik ru kʼ lej .
xe kanaj kan le ajchakibʼ .
ketik on ri achija bʼ .
sibʼalaj itzel u bʼantajik rich ʼilakan .
ri ate ʼ k xu malty oxij cheri r ati ʼt , r umal ri utzalaj no ʼjibʼal xu kʼut chech .
k kamulixu chak ri abʼix .
la xin utz ukuj le tijo xel ?
are ʼ kachakun ro nojel q ʼij .
lee kʼa ʼna taq tz ʼi ʼ .
saq rij ri pla mux .
jas xaq ʼi ʼ oxa tijo .
jas ru kʼ x kichap wi u tijik le rikil ?
we katatin ru kʼ kʼatan ja ʼman ku q ʼatej ta le kʼakʼ ya bʼil corona virus .
la kat bʼin pa le uxlan bʼal ?
la waral kʼux ix wa ʼ wi?
are le nu tat kin loq ʼonik .
tajin kchakun ri ala.
kʼori ki ʼ kotemal awu kʼ .
xuta jachin ka ʼek .
xat wa ʼik xin wilo .
x tzaqri rachoch r umal ri ja bʼ .
pa le jun ikʼ chik are nim aq ʼij .
e kebʼ äm kebʼin pa u wi ʼri tem .
mem ri achi.
ri wi kan chali ʼ y kel pa juyu bʼ chwi tzir ibʼal .
le rajil , la paja xel aq ʼax wu ʼbʼik ?
pari su ʼt pisom wiri lej .
koj p etik kol q akʼama ʼ .
tajin kat ch ʼopin chi u wach ritaq ʼaj .
leq ʼo r xch ʼuqik .
kʼax wa ʼimaw umal .
kin bʼison che le wal .
sibʼalaj kʼokʼ ri awatz ʼyaq .
kamik xuj bʼe cheu tikik taq che ʼ pari juyu bʼ .
kin u loq ʼoj le nu tat .
chaqi ʼj chik ri chaj .
x yi lix hawayi .
na x na ʼtaj tachke chi xe atin ik .
ru kʼ kʼuwa ʼwe ri ʼ, ri ix kkʼoji ʼ jun utzalaj ikʼas lemal ri ʼ ch kiwach ri win aq che mane kʼota iwu kʼ , kʼate kʼuri ʼ man kʼota jun win aqri ʼ rajawa xik chiwech .
e p etin aqpa bʼe le rachala xik .
kakaj le akʼala bʼ kewa ʼik .
xujch ʼay bʼik .
ri nu chak are q ʼaxel tzij .
kʼo nar uxla bʼri awaj .
tajinkel loq , riq ʼij .
xu q ʼi ʼ ox kamsax ri rachalal choch .
ri nu mam are kʼo uq ʼinomal .
x kʼulmataj jumul , xu bʼan jun nimalajja bʼ , man x bʼeyetaj tana xu kʼis leu y uq ʼ chike.
ama ʼri nu tz ʼi ʼ .
jewa ʼkat p etik .
xin ko sik r umal xin chakunik
iwech chi jujunal , ri wa .
xuq ʼi ʼ on a xata tin taj .
in riqtajin aq pari kʼayibʼal .
naweta ʼm taj .
kʼax le nu q ʼabʼ .
utz le xu bʼij le achi .
kematz ʼibʼ .
kʼo rachalal pa tz ʼo loj che ʼri pe ʼl .
ro nojel wa ʼwe jas taqri ʼ, xas ksach wi u wach wa ʼ ; ru kʼ we ri ʼ, ri ix, rajawa xik che kʼo junty ox la ji kʼas lemal e kkʼoji ʼ ri ich ʼawem ru kʼ ri dyos,
x muq taj ri pa tz ʼan .
rich ʼich ʼ tzijom kanoq pari u kʼol bʼal .
man kʼota u cholaj p ataq ri awuj .
jachike ikʼ leu nimaq ʼij letin amit nawal ja ʼ ?
xep etik xol kikʼama ʼ .
kachuq ʼchut ri ja ʼ chiap am .
xin bʼij iwir chi xe bʼe pa armita.
are ʼu xe ʼ ojertzij waral kʼiche ʼu bʼi ʼ .
x kʼis ri nu si ʼ .
jawix kibʼij wichike ʼ e wi?
¡ xa je kʼuri ʼ, jachin taq rie kʼo pari jude ʼ a, chi chanim che ʼ a nima ju bʼi p ataq ri juyu bʼ,
kʼakʼ ri a bʼ .
la kʼo jun naka kʼoxomaj taj ?
na utzta leu tʼisom le almariy .
man ya ʼtal taj chi awe kat okpa ja .
je ʼ, xatu tzukuj .
are kel waj xaqibʼ uq ʼij rix kʼojik .
rix unku r k kʼoji ʼ p ataq ri triko .
xin sachik .
xu tʼuyu bʼa ʼ
na nu tom ta le tzij …
wach ʼom ri kiwari no ʼs .
e kʼo jobʼ ch ʼil wakʼ .
rajawixik chip ataq ri tijo bʼal , pa nikʼaj u bʼixik chik
ri rajaw ru lew are ʼ tat kel .
we kʼux okik , we kʼnax okta
we achi xu sipaj jun pʼo t chwe.
atat u taqo ʼn leq ʼat al tzij .
naq ʼan tau wach le qap ru t .
ri xa ʼr kʼopa u wi ʼ riq ʼaq ʼ kpoq ʼow ik .
ri ro q ʼej ri alija chakpe jun akʼal .
kʼo junalapa tijo bʼal .
säq u wi ʼ ri tata ʼ .
ri wi tz ikʼ tajin kpe loq .
jawix sachon wi kanu ya ʼik le p waq che.
utz we achiwe xin kunanik .
qo nojel kuj wa ʼ pa u wi ʼri me xa .
ri kax la ʼn ik man poq on taj .
in xin bʼe ru kʼ ri wachi ʼl .
sibʼalaj je ʼl x kilo xe kitz oqopij ri kichij chila ʼ .
kinbʼinik x inʼek .
kʼax kʼolik , kacha ʼ .
ku tijix im ri akʼ .
ri alix che l , xu q ʼi ʼ oxa jun akʼ xsipax che.
x qa sikʼij le ix oq ch utz akiksu bʼ .
matax abʼinsaj lech ʼich ʼ .
rip ix tz ʼaralik r umal ri eqa ʼn .
¿jam pa ʼkel chi 3%
kʼo jun nu kʼo toj chi ʼaj .
tajin kewa ʼkat ri ala bʼom .
xin loq ʼ le nu kʼakʼ apo ʼt .
na utz akik tasu bʼ tajin kuʼano
x oj u taq chi ʼij x oj wa ʼik .
iwech ri a bʼix .
saq rij ri chij .
aj sik cheri tin amit kelwiri tata ʼ .
- ¡ ay ! xa xin tz aq u loq , kʼax we waqan .
x kʼulmataj pa jun komon chi ʼ u wach jun juyu bʼ , xu riqa jun q ʼij x kiriq kibʼ junimul ru kʼ lekok .
jas xataq chi ʼj le akʼal chu tijik ?
xin chapo suxu loq ʼo .
q ʼinom ri achi.
ri kʼum ktijow ru kʼ kabʼ .
tajin kejach ʼanik .
tz ebʼal u kemik le pa saw umal .
are kayo ʼw leu chikopil leu bʼantajik try pa no som abr uc e i.
we kat nimanik utzkelik .
pero no ʼjimal p et n aq loq , .
are le nu chak jun tz uq bʼalwibʼ .
x kunax le yawa bʼ r umal le aj q ʼij .
riu kʼu ʼx tz ʼibʼ pa qatzije lajuj .
sibʼalaj je ʼ lik ri eqa bʼal xu bʼan rilu ʼs .
sibʼalaj at kon .
e man xo ri jupuq kej .
na x na ʼtaj tachke xe atin ik .
ri kʼamal bʼe xu bʼij chike, chi maja ri a nim .
jumuch ʼri nu juna bʼ .
q ʼip tajin aq ri raqan ri tem .
kchakun ru kʼ ri jos bʼal che ʼri ajan el .
xataq chi ʼj le akʼal chu tijik kar .
oj kʼopa le ro ʼch le awel .
¿ la kat pequ kʼ chwe ʼ q ?
le win aqpa le ch ʼich ʼe tʼuyu l lowi .
x kanaj kanoq chiuxe ʼ ri ja bʼ rich ʼa ʼn .
nim ri ja .
we taxak u naj le at at matax kamla ʼ .
na nu kʼamom tu ʼ la ri ʼ .
ch qa nu kʼu ʼri qatzij .
kim bʼepa le tin amit .
xin q ʼi ʼ on axin atin taj .
rajawa xik kakʼaman chawe leu tijik le lej .
kʼis bʼal taq no ʼjibʼal .
