xineʼ waʼ oq.
xkibʼan kʼax che le uwosaq rumal man utzta chi kakayik .
ri qʼutuʼm man kech ta le akʼalabʼ .
are na nim talea tzʼiʼ chuwachle nutzʼiʼ .
xe petik xol kilaʼ .
¿jawchiʼ xataʼ che xkam ri umam ri poʼx ?
e kebʼ kekʼambʼik pa tuj .
xin loqʼ jun ja pa riwokaj ja .
ria xtuʼ bʼ , kʼoqulaj chech .
jas karaj kaʼan chu tzakik le tiʼ ij .
xutij le wa .
ximbʼal retzij .
xpax ribʼoʼj .
we kawaj katin toʼo xaq xuwi kabʼij chiwe .
jas nukʼu kuchʼobʼo .
jas karaj kutijo?
xex ruxlabʼ ri ri kil .
e nitzʼaʼq le taqimul .
wetane in xin bʼanow ik , are le ateʼk xbʼanow ik .
kin tzalij pale nutinamit .
rin uchaqʼ kʼo pa uroʼqʼatoj tijonik pa ritijobʼal .
xin xiʼj wi bʼxin chʼawik .
kʼoch waroʼ chle pare .
chi raqan kabʼin wi ritataʼ .
xsach on kan uyaʼik le pwaq che cho ja .
xinqʼax chi kixoʼl riwinaq .
ke tikonik .
riulew man qech taj , kech ri qatiʼt qamam .
xe pe le winaq xol kikʼamaʼ .
xuloqʼ riwuj rumal rial i .
che we qʼij kamik kʼojun nutzijonem chirij le nutinamit .
kej riʼ.
xkuna na laq chwe .
kin usikʼij le nunan .
rii mul xuchʼij taj ,x kanaj pabʼe, rumal ri nimal kujal uj rii mul, xutzaq ria nim .
kubʼan ri uxoqʼoʼl riaj tzʼaq .
ri la sibʼalaj utz che kunabʼal .
kʼi kiwachri eʼ ajchakibʼ pa rikomon tyox, kʼate kʼut xajun chi ajawxel ;
xqata chi xatulik .
kawaj chi katʼek .
chʼutiʼn ke kanaj ri xajabʼ chech .
kaqaxiʼj qibʼ kaqachapo .
ekʼo kebʼ ukʼajol letat xwan .
luʼ subʼiʼ ri rech am .
aj chi uwiʼ miqʼ in jaʼ riluʼ .
xinya kan le nu chim pa kʼaybʼal .
kʼatex rilo ,x peri unan che utzukuxik , xkikotik , xusal abʼisaj ritaq ux kin .
xkikʼut chi uwachri ajtij xuqujeʼ chi kiwach ritaq nikʼaj kachil.
utz le nuqʼabʼ .
kul le alweʼl pa a ustin chaqʼabʼ kamik .
ri ateʼk xtzaq loq are chi kʼo pa uwiʼ riqʼaʼm .
aj patan riteʼk .
xatqaj chiupam ri il .
la kʼo tzij na kikʼoxomaj taj ?
xsach on chke chi xeatinik .
ronojel leulewe chalaq .
la xebʼe kʼulaxeʼ ki jaqa kʼu le uchiʼ ja ?
xaq katchʼok naj iw ir .
kamik kʼo chi rijastaqa we .
are chiʼ kakʼis rijunabʼ kʼo qʼinom.
pan awal jaʼxinal exik .
na xintataj we are riakʼal ki xtzuquwik .
¡ rulew risabʼul one rulew ri neftali, ubʼe ripolow, rulew ri jor dan, galileʼa kech rijetaq amaqʼ!
rax, rax, rax, kʼokʼ , kʼokʼ , kʼokʼ le ruxlabʼ le taq tikoʼn .
a chi xatwilo .
pa qal rajil le pixkamik .
xoj bʼinik .
pajun jeʼl tijobʼal kutijoj ribʼ jun akʼal, ubʼiʼ poʼx, utz kurilo ke pa tijobʼal ronojel taq qʼij .
xwaj chi xatʼetaj .
utz laʼ le xubʼij lea chi .
we taʼam jachin ka petik .
kin qʼojomanik .
xin qʼiʼo takʼalik xin petik .
areʼ retaʼm che kin opanik .
aretabʼal e qa qajawchat toʼwik .
kawinaq waqibʼ qʼataj .
naqaj chik cheri uwaq kajbʼal aretaq chiʼ ksach uwachri qʼij, kok ri qʼequʼmch uwachulew, chi kʼateʼ na ribʼe lejebʼ kajbʼal .
jobʼ raqan ri tzʼalam xeporoxik .
sibʼalaj korij rimop.
arewaʼ .
jelaʼ pa ritiminit chwi kab yok rech xelajuʼ, le qanan qatat kakitiko jeʼlalaj taq uwach ichaj.
kʼaxnuqul .
xuʼ lukʼamaʼ .
kojul kitzukuj .
are man kʼax ta ukunaxik aretaq aninaq kaʼilitaj we yabʼilal xuqujeʼ mo joʼ qa kuyaʼ le kʼax kʼolil chech le jolomaj .
ri wel kʼo pa tijonik .
kawaj kinbʼij .
ri kotzʼiʼj kqakoj chiupam rija .
qʼeq qʼoj rij riamaʼ kej .
na xwaj taj xin chʼawik .
ch petabʼal e loqʼalaj jabʼ .
xsach on chke xat kisikʼij .
e leqʼal chʼichʼ .
jachin xawilo chi are xtijow ritiʼj ?
mata kabʼ elen uxbʼal pale tinamit .
pimruq, ria li .
¿ kʼo rimuqʼe chia wech ?
kqabʼij man kekowintaj .
kintij na .
kʼojun qatʼuʼy paja !
kʼo puj chiupam richʼaʼk .
aretaq kin kosik kin warik .
xat waʼ ik xinwilo
in xin chʼayow lea chi .
konojel rialaxik keʼe tzʼanik .
jas rukʼ xkitij wi le kirikil?
aninaqil kat petik .
nara xta uwachle juyubʼ .
ri tzʼalam tzʼibʼa bʼal rax kkayik .
we chat chakunik , kʼo awa .
maʼtam xatpe cheri waʼ im .
kamul kin waʼ na .
risikil ktijow rukʼ ik .
kimbʼe aqʼan rukʼ le al talin .
xojʼ ekxeʼ qil alar qasok .
xe ki qʼil le ajchakibʼ xkiwok le ja .
matanex waj le kʼuh j nem rukʼ leateʼk .
are xeʼopan chi uchiʼ ri juyubʼ, xkilo chiman qastakʼo qʼayes.
kʼate kʼut, rijesus man kkojon ta chkech rie ʼareʼ, rumal rech che konojel retaʼm kiwach,
paʼ tzrij ritzʼiʼ.
juwinaq waqibʼ qʼataj .
at elaqʼom .
xaq atjoʼs .
ri qʼatzu, are qʼalaj ri uqʼij il .
ajchak we ala .
ubʼe leju kakʼal taqanik (29).
kebʼ nubʼiʼ kʼolik .
la katzalij luʼ la aninaq?
katzukun la chwe .
lakaj la kojbʼeʼ palechomal chweʼq?
xin nabʼej chuta si kqa kʼolibʼal .
lal xin toʼwik .
sibʼalaj a noʼjibʼal .
xoj petik xol qakʼamaʼ.
sibʼalaj jeʼl ik ri uwaʼl ri ichaj.
kʼax wij rumal in pa chalik .
aretaq xukʼul maj waʼ xul ri uchomanik xubʼij : are utz wa aqʼabʼ kin walijik, are chaʼcha nim ki nopan pa tijobʼal , maj chi kin kʼul maj .
oj aj xojolobʼ pa awasqʼij .
xin sach che le uwokikle tzij .
e ju lajuj riakʼ .
xuta jampaʼ koj ʼek .
qilik .
ri tijoxel man areta nim chuwach ri raj tij. ri utz tijoxel qas jeriʼ kʼolik jas ri rajtij.
in xatin chʼayo .
noʼjim chak wumal .
chʼur rijochʼ .
in kinbʼij na katsa chtaj .
uj ma yabʼ .
riabʼaj yatzalik .
tajin ke pixbʼax riakʼalabʼ .
chom ri aq.
xin warik .
elemen konojel riakʼalabʼ .
tajin kqʼana rik ri we reʼ aj .
le ukemik le pa sutz ( chawe ).
xuyu pubʼa uwach raʼ chi , kachaʼ, .
risatanas kok pa ri judas ri kbʼixis kariʼo tech rech , ri areʼ jun ch kixoʼl rie kabʼ lajuj .
chuchu ri par .
kinqumuj ri nujochʼ .
chech punción lum bar amaqʼel rajawaxik chech rilik le ukʼexbʼem wi lenabʼe rukʼ le ukabʼ ukʼutunem le yabʼilal .
qʼalaj chi na kawajtaj kabʼij .
kʼoqʼol chirij risiʼ.
jawixoj ʼe wi chuloqʼik ?
kʼo ulo chʼ ritalin .
qʼan rij ria tiʼt nu kej .
la xtzalij la iwir ?
xe sikʼixik , kʼate kʼu riʼ xeyajik , xuqujeʼ xetaqbʼi che usikʼik lemes .
lak ix warik ?
are kʼu le pa lomax xubʼij che : -mam katbʼi sontaj, kin sikʼij nikʼaj wachiʼl kera pa pik .
aʼre e tijoxel abʼ .
rialaja lisiʼl xubʼij xqachap pa utzal rityox .
xsach on chke jachin xeatinik .
jas xurayij le anan xutijo?
xin kosik .
rax ronojel ri qʼayes rumal lejabʼ .
kinya waʼ we chʼichʼ pinem na utz .
noʼjim upa chʼuxik le nuwiʼ .
naj kʼowi le woʼ ch chuwachle tijobʼal .
ri okibʼal kʼo chi uwach risaq ja .
xe nu taq chʼij ke kil le akʼalabʼ .
kʼojun qʼoxowem chiwe .
tza richoʼm .
we choj bʼe pale nimaqʼij, ke qil le aj xojolobʼ .
xojʼ ekxeʼ qil alar qasok .
ri ateʼk xutaʼ chech ri nantoʼn :-nan jas cheʼ chiman kajtalaq akʼatisaj rijoʼq .
ripal sibʼalaj xuʼy .
kin koj rijokbʼal ulew .
in kinbʼij na katsa chtaj
atrajkun le nunan .
kuqamuj ujoron riaj tzij .
luʼ tzʼalam ubʼiʼ ri achikel pa nim cheʼ .
jeʼl ik utiʼjolal risaq koʼr .
kʼojun xaʼr paja .
xin loqʼ jun kʼakʼ patan .
kʼax ukemik le pasa wumal .
aninaq ukemik le pasa wumal
ri chʼaʼnsa chinaq pa taqabʼix.
rax taq le kotzʼiʼj .
m esom kanoq riupam ja .
man areta ralax kosik .
rikomon xechpup rech uqʼabʼ tinamit xoʼlabʼaj rech qʼumar kaj .
la utzakik kʼusubʼ tajin kuʼ ano ?
kate la !
na xutij taj .
xa rumal ketaʼm konojel riwinaq kkiqumuj le jaʼ .
iw ir xujtzalij la pakʼaybʼal .
qetaʼm che riqawak uj utoʼo .
ri ajtij, kya jon chikech riakʼalabʼ .
jas ubʼanom le nu chʼut itat ?
chweʼq kin bʼe pa nim tinamit .
utz we kiwetaʼmaj jas kubʼij richolbʼal qʼij .
tajin kat jilow che uqʼoxom jolomaj .
xinti kqʼax chi uwachri ja .
kʼax le kibʼe le winaq .
loqʼ katkuntaj che leyabʼil (covid -19).
ri nuxibʼal kel paqajbʼal qʼij .
xril ria xwan chix waʼ riala .
le alix kunatajik .
we ta ka pe lejabʼ kamik .
xin wetaʼmaj chi na xatpetaj .
ri pwaq rech we qʼataj riʼ kesax chech ri tojbʼal kʼayinem .
ktij ri uwaʼlik rumal ri kinimaqʼij .
xuchap ukunaxik .
chatan loq ali .
xin xuliʼ qajoq .
jeʼ lik ktijow ritaqik ox .
kʼate kʼu riletat xoʼr xubʼij , man kawaj taj , man kawajtaj .
kʼojun tzʼiʼ pabʼe .
kamul xin pe che atzukuxik .
man tajin takin chakunik .
kin chakunik rech katwaʼik .
jas rukʼ xawil wi chi xkiqupij wi le tiʼj .
jas ubʼixik …?
koqʼ riakʼal .
kawaj na katʼetaj .
xatqʼajik .
we m na chaloqʼ axiyal, nakimbʼe ta awukʼ .
xopan le wuj awukʼ rumal we chin .
are kʼut pale juyubʼ kkʼiy joron, chilaʼ xe kikʼama wi rijaʼ riwinaq .
koqʼ riakʼal .
we kʼo a rajil cha kʼamaloq .
are sibʼalaj kaqlea poʼt chuwachle nupoʼt .
xin kʼastaj pa kabʼ lajuj kajbʼal .
kaqoy ʼej nak ix pe taj .
kokaxim ri chij xajelaʼ man kanimaj tabʼik .
ri kok nojim xbʼek ,xuchʼijo xopan pa ukʼisbʼal il lea nim .
xoj kiʼ kotik aretaq xatulik .
kaqitzʼ naj riu xajabʼ riakʼal .
rijesus kwaʼkat pa ri nim rachoch ridyos, chu xeʼ ri jun jache rachoch risalom on .
we taqanik riʼ kubʼij chi rajawaxik kyaʼ uqʼij riwinaq xuqujeʼ ktoʼ aninaqil .
ria xu xare na ri ukunel rikinaqʼ .
aretaq waʼ ri uqʼijol wetaqanik .
kʼojun tabʼal pa uwiʼ rixkanul ubʼiʼ lajuj noʼj .
yuʼl ubʼanom ri ukolobʼ rikej .
xanimaj riakʼal chi uwachri uchuch .
kkunan ria chi .
kin waʼ ik rech na kin yowajtaj .
aj xik chʼichʼ riluʼs .
kwaj che ix ki xbʼanow ik .
aʼre xetoʼwa laq .
xojʼ ekxeʼ qil alar qasok .
xin loqʼ jun chʼichʼ, qajinaq uwach .
kutʼis ripantal on .
e ja nipa le awal kʼwa lekʼolik ?
utz ukemik lepas chawe .
rimax are aj qʼaniyaʼ .
ma tabʼa chiriq kʼax palebʼe .
tajin kanimaj , rimeʼs .
ixi xeʼla qʼomabʼ!
xsachan chwe .
ekʼo kʼicheʼ, chi uwachri juyubʼ .
arewaʼ rinimalaj pixabʼe arewaʼ rinabʼe .
xretaʼmaj chi rukʼ pa kʼ kutij wi
jas utzak ik le subʼ xuʼano ?
aj xoʼy riwikan .
we taneaʼ re xetijow le ri kil, are le komon xetijow ik .
sibʼalaj aninaq kachʼaw le areʼ chin uwach in .
utz we kin chakuj .
meʼs laʼ .
kʼo kan wa rech kaqatijo .
xin sikʼij la .
riakʼal xsach kanoq jelaʼ pa taqʼaj .
xe sikʼij la .
ja wi xkibʼij wi chi keʼe wi ?
rumal che, man ixta riʼ ri ki xchʼawik, are ri ruxlabʼ axel riitat riʼ rik chʼaw na iwukʼ riix .
kʼakʼ ri wa choch .
sibʼalaj utz kinwil le atzʼyaq rech na hu ala .
saq por kkay ri ki poʼt rinan .
xsach on ri nu chak chwe .
waʼ im xuchapo .
ri qʼaqʼ tajin kajul uwik .
najil upam risiwan .
ekʼo ri qachalal pa chi uwiʼ la .
jas xa taq chiʼj le akʼal chutijik?
noʼjim ukemik le pasa wumal .
kʼojun kukubʼiʼ tintin, waʼ lelaj kuk mam kajeqitaj , kapaqi kaxulik pa uwiʼ uqʼabʼ taq cheʼ, sibʼalaj sakʼaj , keʼuto le e nimaʼq, chʼutin, rachiʼl, aj sipanel sibʼalaj utz ranimaʼ .
riu pixabʼ le qʼatbʼal tzij kiyaʼ ubʼixik .
na xsach onta chke xeatinik .
xeqil le chi kop puwi leja .
xloʼtaj riakʼal .
qonojel kuj waʼ pa uwiʼ rimexa .
xsikirle waqan .
la xat waʼ kʼut ?
nim ubʼaqʼ ritulul .
kin xi kʼikʼik xinqʼaxik .
lakatbʼe pale tinamit ?
ripal sibʼalaj saqʼ or .
kqʼoxown ujalom .
xin naʼo chi kat petik .
xloqʼulew iwech ix .
xin chakun rukʼ rinumam .
na xqabʼan taj .
kkʼojiʼ bʼaʼ riu sipanik riajawxel jesus kristo rukʼ ri aw uxlabʼal !
kin chʼaw rukʼ le nunan pale chʼawebʼal .
sibʼalaj qʼequʼm rumal ri mayul .
are leba xulik .
xekos le ixoqibʼ palebʼe .
kʼax rilik le akʼal chawe .
xin qʼiʼ oxinat in pa joron .
sibʼalaj nim le tinamit .
kʼax ukemik le pasa wumal .
xinsa chik .
tajin kel ukikʼ el pa raqan ritzʼiʼ .
xin wetaʼmaj rilik wibʼ
ri qʼuqʼ are jun jeʼl chikop .
kʼo pa ja tijobʼal ri wi kaqʼ .
ri sachibʼal mak rajwaxik chi qaxoʼl .
jeʼ, kimbʼek .
je laleʼ ri nupwiʼ .
xubʼij che :- jas xabʼano tintin ?
kabʼan jun toqʼobʼ kyak rinujal .
katʼekxin ta .
jas le ukʼexbʼem ribʼ le jun rukʼ lejun chik?
aj chi uwiʼ miqʼ in jaʼ riluʼ .
ritijonel naj k pe wi .
teʼ kixchobʼ ubʼiʼ ri nutat .
ri jaʼ kamiqʼik chi uwach riqʼaqʼ .
ri tʼuʼy k pa qʼowik .
kinmes on na .
naqaj at kʼowi chiwech .
xin bʼisonik taq na xatpet taj .
wexkam riwinaq, ri pwaq rech tojbʼal ma kaj kyaʼ chi kech riralaxik .
ri nunan xbʼe pa kʼaybʼal .
xo jukʼam uloq rech koj rilo
x kʼoto chin chi kiwach chi kin waʼ awukʼ .
na xkikamsaj taj xkikʼambʼi cho ja .
kʼakʼ ri ikʼ kamik .
ximbʼe rukʼ leaj kuniwir .
rilik .
le tzʼiʼ xekosik .
xin ki kotawumal .
rii mul xumaj ria nim , xuya kanlekok .
kʼooj che riakʼal .
xujbʼe pajun kʼulanem .
utz wek wara laq .
kaqilo chi na koj ukʼamtaj .
xretaʼmaj chi rukʼ pa kʼ kutij wi .
sibʼalaj xinkʼaʼ na rik .
xin ko chij ri nu wa .
man kat kowin taj kat chakunik , we man kʼota ri ajilabʼal .
we wo non xubʼij chike :- ki xinto .
riala nim kril wi ri umam .
xkaʼy chirij, xkaʼy chuwach, ma kʼota chi jun ks ilobʼik, xoqʼik xuxeʼj ribʼ xchʼo pinik xtzalij loq xuriq ta chik riubʼe .
kʼo pus cheri wa .
pinem na kabʼe lewatz, kimbʼe wi in pa kaʼyibʼal .
ri nantoʼn nim winaq chik, saq uwiʼ, ronojel aqʼabʼ utz kunaʼo katʼuyiʼ pa utem, ku mi qʼisaj ribʼ cho ri qʼij, kʼojun uwiʼ umam ubʼiʼ ateʼk .
mane kʼitaj riqulaʼ .
qʼalaj chi na kawajtaj kabʼij
x paqabʼisax rajil ronojel rikem .
kʼo pa rijul ri ku matz .
ronojel qʼij kin chʼaj le nuw are .
saq chikan le ichaj rech katzako .
chu xele qachomal kaqatij wi jun qameqʼin .
chawilaʼ .
ekʼo jobʼumiʼal , ri nutat .
jas rukʼ xawil wi
jeʼ jas riwinaq rech ri uwachulew, xoqujeʼ ke pe na riʼ rie ʼareʼ che e rech ri uwachulew; jeʼ jas riwinaq rech ri kaj, xoqujeʼ ke pe na riʼ rie ʼareʼ e rech rikaj .
xintijo .
ktzʼujuw ri rachoch ri poʼx .
xuqʼiʼo are le ukʼulel xyaʼow uwa .
ri awel xretaʼmaj chi rajawaxik man ku xej ta ribʼ cheri tukur .
ju kʼulaj winaq xeʼa nimaj bʼik .
jeʼ ,xin tzalijik .
xoj petik xol qakʼamaʼ.
maj jachin xʼek .
in ajtij; at tijoxel .
saq uwiʼ ritataʼ.
wech rikem .
le roʼch le ateʼk kʼo chwach leukʼaylen unan .
kbʼe pa ri si riʼ a eparis ilisiʼa, ja wi jeʼ kuya wi ri kichuqʼabʼ rikomon tyox .
pixabʼ : man utztaj kʼax kuj chʼaw chikij nikʼaj qachil.
xkuna taj le ali ( kumal ri ixoqibʼ ).
rixibʼ ibʼal chi kʼowi pataq riqakʼas lemal ronojel qʼij .
nakuj warta waral .
on che kkʼojiʼ ri utzil chixoʼl, arech junam riqa kojonik, junam ri iwech ix rukʼ ri we chin .
pa oxqʼij risaʼn kbʼena rukʼ riaj kun .
kawinaq wuqubʼ .
jas kawaj kintijo?
we ta xatbʼe wukʼ pale tinamit, xa loqʼ talaʼ leu jastaqle akʼajol .
kebʼe pawaʼim .
xin loqʼ kʼi wa .
pajunnim kʼacheʼlaj , kʼojun kʼwaʼ sibʼalaj saq loloj , nim uwach .
kwaj katij jubʼaʼ wa .
ronojel winaq kril na ri ukolonem ridyos ».
x kʼoto chin chi kiwach chi kin waʼ awukʼ
kwaj na katʼetaj .
la xa loqʼjunal ej ?
ekʼo ri eloqʼom anel .
ri ukabʼ ubʼiʼ rinumam areyay .
kin jo pij rii jaʼ rech triko .
xnaʼtaj chke xeatinik .
xateʼqi laʼ .
kakitij alan xax riwinaq .
. . . kinbʼij chi arewaʼ sin xiʼ an .
na xin nabʼej ta chuta si kqa kʼolibʼal .
rumal rech chewe riin, kin chʼaw rukʼ ri dyos pa chʼabʼal , kchʼaw na kʼu riʼ riw uxlabʼal rukʼ ri dyos, kʼate kʼut man kʼota upatan riʼ chrech ri nu chomabʼal .
xe petik xkilo .
xuta we katʼek .
utz ukemik lepas chawe .
rinuwakax xutij jun qʼoqʼ rumal riʼxkamik .
rumal rikʼix, man kewaʼtaj riwinaq .
xeʼulik .
qʼe qrij riamaʼ chij .
xraj kaʼele unan .
junam kijunabʼ .
na qʼalajtaj we kaʼek .
ri wi x nam chʼaj chʼoj ri rachoch .
waral man kʼotaj ajawal .
na iwir ta xril le kʼamolbʼe .
xin pe loq te kʼu riʼ xin tzukuj ronojel ri nurajil .
riaj tikonel kutik ritzij .
kʼo e kikʼajol lea chijabʼ .
kutij qʼayes riix paʼ ch .
pa ri waʼ bʼal ekʼo kawinaq a chijabʼ .
si pojinaq ri nupam .
kayaʼtajik rukʼu tiʼonem jun ri uriqom le yabʼil amo lotsetsé xuqujeʼ are kayaʼtaj pataq ri juyubʼ .
jachin ria chi ?
rinumam xkamik aretaq kʼo jumuchʼ lajuj ujunabʼ .
kin kowinik kin kʼambʼi le pwaq .
kinwilo chi utz ri ajiʼ .
xinqʼil ria poʼx che man kachakun taj .
k waʼ chi uwachle taqʼaj riamaʼakʼ .
rii mul xepoqʼik pajunikʼ .
xkʼis kanoq riqachak .
are ri alixojil ow kanoq .
sibʼalaj chʼuʼj ria max .
kʼo nu wachiʼ.
in chajinel kech le akʼalabʼ .
xekos le tzʼiʼ .
kin bʼe na kukʼ rimolaj .
ronojel aqʼabʼ kinyitzʼ riwakax .
kara pinik xutzukuj chi jun awaj .
le ukemik lepas aninaq (awumal) .
maj urajil leqʼabʼ arel .
kʼax riʼ ri kachʼaw ik .
xoj utaq chiʼj le achich uloqʼik ichaj.
sibʼalaj kʼax rixkʼul maxik .
xkilo chi na kin kʼoxom aj taj .
xnaʼtaj chke chi xeatinik .
x kʼoto chin chi kiwach chixojal woʼ qakukʼ .
jun qʼuʼq rajil ri kaxlaʼn wa .
xinwi lo chi xeʼelik .
ekʼo ixoqibʼ pale kʼaybʼal .
man kʼotaj ukʼisik ri mayabʼ aj labʼalil .
risin kkʼiy pa taqʼaj .
ri chʼima man kkʼiytaj pa taqʼaj .
rajawaxik kjikik riwaqän .
kawaj kin ʼek .
ekʼo oxibʼakʼ .
xubʼij chwe jawiat kʼowi .
chweʼq kuj bʼeʼ pa muquj .
pasaq kʼa jaʼ kbʼan wi ri uq .
xoj ki sikʼij .
xinwil wibʼ .
chaqʼ chik ri wa .
kimbʼe na ka pale woʼ ch .
kawaj kin ʼek .
ri chʼuʼ ktij rukʼ lej .
pa ri kiqʼij kaminaqibʼ kbʼan qʼo rikʼyaʼ rech aj : nabʼe ri nan kutzukuj kan riaj , kuja chʼoʼ xuquje kukʼeto .
jas kajbʼal chanim ?
utz uchomanik rial i .
pa ri qʼijox lajuj tijax kinkʼis kebʼ junabʼ kin chakun waral .
sibʼalaj ko, rikʼakʼ chʼat .
jas karaj kubʼij…?
ri chʼichʼ kas ilabʼik .
pa ojerqʼal pul xaq xuwi ri nim winaq ke kʼamowbʼe .
le ukunaxik le ukabʼ ukʼutunik are rukʼ ef lor nitinao nutuni bʼaxik le nifur timox chiʼ lef lor nitina chech t. b. g.
are ria chi xin chʼayow ik .
junachi ubʼik uʼ xusipaj kebʼ kʼaʼmulew rech kabʼan ritijobʼal , kamik, kʼo chikaj tij rech rikomon xechpup .
xumal tyoxij cheri ajtij ronojel le xukʼut chi uwach .
paribʼe xkiraq juna lajimul saq rij, x kikʼambʼik .
xril lebʼal e ala .
jas kubʼij chwe?
leu kuna tajem are rukʼ utzukuxik le uchikopil pajun usolik uxeʼle kikʼon le jaʼ rech jun nodo .
utz we nutzʼiʼ .
jeʼ, tajin kachaponik .
kin uloqʼoj le nutat .
kawaj kimbʼe patinamit .
are laʼ kin chakuj .
ri nimaʼq taq winaq kʼo ke taʼmabʼal .
we ta xatbʼe wukʼ pale tinamit, xa loqʼ ta waʼ we jastaq .
rikikʼas lemal . wa iximulew xa jun chima areta tinimit rima
ri ukʼyabʼal na jupam .
xatqaj chiupam ri il .
nojim katwaʼik .
we kʼojun ktuqaʼ rik, ¿la man xoqujeʼ taj kintuq aʼr riin ?
ojoj wokol ja .
awas kbʼan kʼax che junnim winaq .
xin chʼaw apan rukʼ le wanabʼ .
kʼax riupam ri juʼl .
tajin kewaʼ riimul .
lakaj lakuj tzalij la aninaq?
rumal rech che rimakaj man kʼota u kowinem piwiʼ riix: riix man ix kʼota chich uxeʼ ri pixabʼ, xane ix kʼo chu xeʼ ri sipanik .
nim raqan le cheʼ .
xinchapo .
are letuʼrle loqʼo manel .
xas kat kʼojiʼ chiupam ri chʼichʼ .
sibʼalaj nim raqan ri kʼamalbʼe .
le tzʼibʼa bʼal we chin .
in xin toʼw la .
xaje kʼu riʼ riixkamik riʼ man ix kaxlan winaq ta chik; riix, ix rech ri ki tinimit rie tyox laj taq winaq, ix rech ri rachoch ridyos .
xintiko xlaj kʼalichaj .
ka qariqqibʼ chweʼq .
sibʼalaj utz che ri wiʼ aj rituney .
we na ju pulik ta xeqajik . . .
xin toʼ taj cheri nu chak .
kʼojun chi kop ubʼiʼ pum .
poqon ri ik .
xoj bʼinik .
xuchʼek ronojel le re tamanik xpaqiʼ kkʼax kwʼinik xubʼan aj kun .
kelubʼik pa ri ju de ʼa e ktzalij chiubʼi jumul pa ri galileʼa.
xina xibʼij pabʼe .
jeʼl kʼolem chi awachoch .
ronojel riyaʼtalil pawe qʼataj, tzʼaqat kiwach, man ktzaqta kanoq xuqujeʼ man ktastaj .
xukunaj leyawabʼ leaj qʼij .
chi tatabʼej jas le kimbʼij .
chʼanal ria chi .
pa bʼo koʼ kachakun wi ritax .
uj kʼo pa uwuq qʼij .
kiʼ ri ukabʼ riaqaj .
kʼo rachalal patzʼoloj cheʼ ri peʼl .
xkilo chi kin kʼoxom aj .
ri ukisakʼ utz kyaʼik chi uxeʼ ritikoʼn .
aretaq chiʼ kaqʼan puwiʼ rijukubʼ, ria chi che xkʼojiʼ ri itzel uxlabʼal rukʼ , kutach rech riareʼ, arech kkʼojiʼ rukʼ riareʼ .
na kabʼan tajta wumal .
xnaʼtaj chke xeatinik .
xin paj rinutriko .
xeʼok ri pokʼ pa riumexar ipoʼx .
kajuluw riaqʼaʼl chi uxeʼ ri tʼuʼy .
awechle ja .
xuj bʼe pa tzurik .
nabʼe xatopanik .
ri ukabʼ ubʼiʼ rinumam areyay .
uwaj xaqu kakʼal taqanik (28) .
mata kʼojun ka kanaj kanoq, qonojel kojbʼek .
e nimaʼq le al tomabʼ.
nim uwachri poʼt .
kojonik pa ri utzij wa iximulew .
jas xukʼambʼi le tzʼiʼ xawilo?
xin petik, tat .
ri bʼelaj uwach .
chi tatabʼej jas rikimbʼij .
jeʼl kunaʼ ri abʼix chiupam riququlew .
kinbʼisoj uwachle wal .
xutʼuy ubʼaʼ .
nim ria we qeleʼn xariqo .
xineʼ waʼ oq.
chiʼ kewar wi le akʼalabʼ .
ri numiʼ al xutaq loq jun taqoʼm wuj chiwe .
qʼeʼ lik, richaj paribʼe .
la utz awach ? - utz mal tyox, ekʼu ri at? – utz mal tyox .
xin kos rumal nuchak .
kbʼe kukʼ rie ʼareʼ e ktzalij pa ri nas are te keʼunimaj .
ri joj xukʼambʼik riakʼ .
kʼo chi wachiʼl chanim .
kubʼij chech naʼl kabʼan che riatzʼibʼ .
e . . . in kawaj katzjoj bʼi la chwe.
mat axinyaj leal i .
jachin rukʼ katbʼe wi ?
kʼo sibʼalaj etaʼmabʼal pa rimayabʼ noʼjibʼal .
e man xo riju puq kej .
kas umum ri kaqiqʼ .
ekʼo kajibʼ akʼalabʼ palebʼe .
jeʼ jas ri utat kkaʼyik .
xaq at molonel tzij tal .
le nutat kaloqʼon chwe .
xaqtane kimbʼe iwukʼ .
xretaʼmaj uchʼajik .
rumal laʼ xkoj“ xal qʼat ” che ubʼiʼ rikomon .
are le ukemik pas xretaʼmaj .
ri wa tiʼt kubʼan na ri upatan .
kʼakʼ lepoʼt .
retaʼm uwach jachin xloqʼow ri pas .
ken chʼabʼej le akʼalabʼ .
yaʼtal chaqe qonojel riuj winaq utzkaqil qibʼ .
x kotiʼ pa qʼayes xoqʼik .
kawinaq bʼe lejebʼ qʼataj .
ekʼo kajibʼ ral ri imul, jun saq , jun qʼan, jun qʼeq, jun qʼeqoj, sibʼalaj ketzʼanik , kechʼo pinik rialaj taqimul .
kcholol ri achachal .
ketekik ri ikʼ .
xe petik rech kewaʼ iwukʼ .
tz atz ri uqʼan il riakʼ .
xoj tzalijik xi xeʼ qaqʼatuj kukʼ le itatinan .
ri yoʼx taq akʼalabʼ kekikʼux riatzʼyaq .
wea chiwe xusipaj jun poʼt chwe xkamik .
kkowin ri kunanel che kunanik .
xjiqʼ pa ripolow .
xa rumal sibʼalaj rajawaxik le loqʼalaj jaʼ, le winaq xkibʼij : chewe ikʼ riʼ qonojel kuj bʼe che utikik taq cheʼ .
ri unan erie rachalal ke pe uloq rukʼ riareʼ, kʼate kʼu riʼ, man kekowintaj keqibʼ ukoq rukʼ , rumal rech che ekʼo sibʼalaj winaq .
rumal rech , che man kʼota jun kkowin che ukojik juntik ibʼalil chik chuwach rikojom chik che are rijesus kristo .
te kʼu riʼxu tzʼibʼaj ribʼ pa rinimalaj tijobʼal rech aj kuʼn .
kajuluw ri chʼu mil chaqʼabʼ .
kʼisbʼal kanoq, xoqujeʼ kkam riixoq .
lea laxok ik .
kʼo pwaq pa uwiʼ rimexa .
are kawaj na kin ʼetaj .
riyawal kukoj riali chi uxeʼ ri chakach are usuʼt .
na kaqakʼam tuʼ bʼi kamik .
ri ajtij kubʼij chike : rajawaxik keqachajij riawaj , are utikoʼn riajaw.
xintij mukun iw ir .
kʼax le uwiʼ taqlen uqʼabʼ .
xin loqʼ jun ilbʼalwibʼ .
waʼ we qʼij, nim ubʼantajik .
ri uxeʼal ri qatinamit man kasach taj .
xoj bʼinik .
riachalal junam kiwach .
xin wetaʼmaj rilik wibʼ .
nim ri unaʼoj waj tij .
mi qʼin ri kʼul .
aj qʼojom riateʼk .
che lesanik cheʼ kbʼan wi ri qʼojom .
ka pe le awel pa na wal jaʼ .
rimesonel tajin kchakunik .
utz chaqe kaqatoʼ qibʼ, taq kʼo kʼax kʼolil, kate we chiʼ nriajaw pa qawiʼ.
xawilo, xqʼatan le ibʼoy .
xat kowinik xabʼano .
kiʼ ri kʼawex .
kajil il ribʼe .
le al ixelbʼik .
areʼ xraj xinbʼano .
nim we abʼaj .
jeʼl ik utiʼjolal risaq koʼr .
nojinaq rikej .
we katijan xux man katutoʼta chi uqʼatixik le kʼakʼ yabʼil coronavir us ( 2019-ncov) .
na nim ta raqan waʼ we cheʼ .
utzalaj ajchak, ri wel .
¿jampaʼ kuj bʼe pa nimaqʼij ?
rajawaxik ta nelaʼ katchakun wukʼ .
xutaq chiʼj pa waram pulew .
man areta ria xwan xelik .
ri awix xuloqʼ rachoch renimal .
are riixoq xin sikʼin uloq .
ri chʼima kʼatʼon na .
la xibʼan le ichak?
kʼi tinamit ekʼo pa chʼoʼj .
kʼoju puq chij chi uxeʼ ri cheʼ .
riu xaq ri abʼix areuwa rikej .
kawinaq qʼataj .
lak ix pe patijobʼal ?
we kechajix taq le kʼwa jacha kinbʼij ; junalik kʼo jaʼ xuqujeʼ sibʼalaj saq loloj .
xretaʼmaj .
rialabʼom ri alitomabʼ tajin kikitijoj kibʼ rech sutaq , are kakaj kikibʼan nima qa chijabʼ chupam rikikʼas lemal, xuquje kʼo chik ju puq bʼixonel chupam rikomon .
latzʼ uwachri bʼe .
kʼakʼ riachʼichʼ .
qonojel uj, uj ma yabʼ taq winaq .
nojel qʼij ri atiʼxkuy uqʼuj le taq awaj jelaʼ pa nikʼaj jaʼ, chirij ri juyubʼ ubʼiʼ tenaʼ .
paqʼom chik risiʼ.
kin tzukun che la .
kakitij le kinaqʼ, le ichaj, le uwaʼlik rukʼ lej .
xe kanaj kan le ajchakibʼ .
ketikon ria chijabʼ .
sibʼalaj itzel ubʼantajik ri chʼi la kan .
ri ateʼk xumal tyoxij cheri ratiʼt, rumal ri utzalaj noʼjibʼal xukʼut chech .
kkamul ix uchak riabʼ ix .
laxin utzukuj le tijoxel ?
areʼ kachakun ronojel qʼij .
leekʼaʼ na taq tzʼiʼ .
saq rij ri pla mux .
jas xa qʼiʼo xatijo.
jas rukʼ xkichapwi utijikle ri kil ?
we katatin rukʼ kʼatan jaʼ man kuqʼatej ta le kʼakʼ yabʼil coronavir us .
la katbʼin pale uxlanbʼal ?
la waral kʼux ix waʼ wi ?
are le nutat kin loqʼonik .
tajin kchakun riala .
kʼo ri kiʼ kotemal awukʼ .
xuta jachin kaʼek .
xat waʼ ik xinwilo .
xtzaq ri rachoch rumal rijabʼ .
pale junikʼ chik are nimaqʼij .
e kebʼäm kebʼin pa uwiʼ ritem .
mem ria chi .
ri wikan chaliʼy kel pa juyubʼ chwi tziribʼal .
le rajil, la paja xelaqʼax wuʼ bʼik ?
pa ri suʼt pisom wi rilej .
koj petik kol qakʼamaʼ.
tajin katchʼopin chi uwach ritaqʼaj .
le qʼ or xchʼuq ik .
kʼax waʼima wumal .
kinbʼison che lewal .
sibʼalaj kʼokʼ ri awatzʼyaq .
kamik xuj bʼe che utikik taq cheʼ pa ri juyubʼ .
kin uloqʼoj le nutat .
cha qiʼj chik richaj .
xyil ix ha wayi .
na xnaʼtaj ta chke chi xeatinik .
rukʼ kʼu waʼ we riʼ, riix kkʼojiʼ jun utzalaj ikʼas lemal riʼ ch kiwachri winaq che man ekʼo ta iwukʼ, kʼate kʼu riʼ man kʼota jun winaq riʼ rajawaxik chiwech .
e petinaq pabʼe le rachalaxik .
kakaj le akʼalabʼ kewaʼik .
xuj chʼaybʼik .
ri nu chak are qʼaxel tzij .
kʼo na ruxlabʼ riawaj .
tajin kel loq, ri qʼij .
xuqʼiʼo xkamsax ri rachalal choch .
rinumam are kʼo uqʼinomal .
xkʼul mataj jumul, xubʼan jun nimalaj jabʼ, man xbʼe yetajta na xukʼis leuy uqʼ chike .
amaʼ ri nutzʼiʼ .
jewaʼ kat petik .
xin kosik rumal xin chakunik
iwech chi jujunal , ri wa .
x uqʼiʼo na xatat in taj .
in riq tajinaq pa ri kʼayibʼal .
na wetaʼmtaj .
kʼax le nuqʼabʼ .
utz le xubʼij lea chi .
ke matzʼibʼ .
kʼo rachalal patzʼoloj cheʼ ri peʼl .
ronojel waʼ we jastaq riʼ, xas ksach wi uwach waʼ; rukʼ we riʼ, riix, rajawaxik che kʼojun tyox laji kʼas lemal e kkʼojiʼ rii chʼawem rukʼ ridyos,
xmuqtaj ripatzʼan .
ri chʼichʼ tzijom kanoq pa ri ukʼolbʼal .
man kʼota ucholaj pataq ria wuj .
ja chike ikʼ leunima qʼij le tinamit na wal jaʼ ?
xe petik xol kikʼamaʼ .
kachuqʼ chut ri jaʼ chiapam .
xinbʼij iwi rchi xebʼe pa ar mita .
areʼ uxeʼ ojer tzij waral kʼicheʼ ubʼiʼ .
xkʼis rinusiʼ .
ja wi xkibʼij wi chi keʼe wi ?
¡ xaje kʼu riʼ, jachin taq rie kʼo pa ri judeʼa, chi chanim cheʼa nima jubʼi pataq ri juyubʼ,
kʼakʼ riabʼ .
la kʼojun na kakʼoxomaj taj ?
na utztale utʼisom leal mariy .
man yaʼtaltaj chiawe katok paja .
jeʼ, xatutzukuj .
are kel waj xaqibʼ uqʼij rixkʼojik .
rixun kur kkʼojiʼ pataq ri triko .
xinsa chik .
xutʼuy ubʼaʼ
na nutom tale tzij …
wachʼom rikiwa rinoʼs .
ekʼo jobʼ chʼilwa kʼ .
rajawixik chi pataq ritijobʼal , pa nikʼaj ubʼixik chik
ri rajaw rulew areʼ tatkel .
we kʼu xok ik , we kʼnax okta
wea chi xusipaj jun pʼot chwe .
a tat utaqoʼn leqʼatal tzij .
naqʼan ta uwachle qaprut .
rixaʼ r kʼo pa uwiʼ riqʼaqʼ k poqʼowik .
ri roqʼej ri ali jachak pe jun akʼal .
kʼojun ala patijobʼal .
säq uwiʼ ritataʼ .
ri wi tz ikʼ tajin k pe loq .
ja wi xsach on wi kan uyaʼik le pwaq che .
utz wea chiwe xin kunanik .
qonojel kuj waʼ pa uwiʼ rimexa .
ri kaxlaʼnik man poqon taj .
in xinbʼe rukʼ ri wachiʼl .
sibʼalaj jeʼl xkilo xe kitzoqopij rikichij chilaʼ .
kinbʼinik xin ʼek .
kʼax kʼolik, kachaʼ.
kutij ixim riakʼ .
rial ix chel ,x uqʼiʼox ajunakʼ xsipax che .
xqa sikʼij le ixoq chutzakik subʼ .
mata xabʼinsaj le chʼichʼ .
ri pix tzʼaral ik rumal rie qaʼn .
¿jampaʼ kel chi 3%
kʼojun nu kʼotoj chiʼaj .
tajin kewaʼ kat rialabʼom .
xin loqʼ le nu kʼakʼapoʼt .
na utzakik ta subʼ tajin kuʼ ano
xo ju taq chiʼ ij xoj waʼ ik .
iwech riabʼix.
saqrij ri chij .
aj sik che ritinamit kel wi ritataʼ .
-¡ ay! xa xintzaq uloq, kʼax we waqan .
xkʼul mataj pajun komon chiʼ uwach jun juyubʼ ,xu ri qajun qʼij xkiriq kibʼ junimul rukʼ le kok .
jas xa taq chiʼj le akʼal chutijik?
xinchapo su xuloqʼo .
qʼinom ria chi .
rikʼum ktijow rukʼ kabʼ .
tajin ke jachʼanik .
tzebʼal ukemik le pasa wumal .
are ka yoʼw le uchikopil le ubʼantajik try pa nosom ab ruce i .
we kat nimanik utzkelik .
pero noʼjimal petnaq loq, .
are le nu chak jun tz uqbʼalwibʼ .
xkunax leyawabʼ rumal leaj qʼij .
ri ukʼuʼx tzʼibʼ pa qatzije lajuj .
sibʼalaj jeʼl ik rie qabʼal xubʼan riluʼs .
sibʼalaj atkon .
e man xo riju puq kej .
na xnaʼtaj ta chke xeatinik .
ri kʼamalbʼe xubʼij chike, chimaj aria nim .
jumuchʼ rin ujunabʼ .
qʼi ptajinaq riraqan ritem .
kchakun rukʼ rijosbʼal cheʼ riajanel .
xa taq chiʼj le akʼal ch utijik kar .
oj kʼo paleroʼ chle awel .
¿la katpequkʼ chweʼq?
le winaq pale chʼichʼ e tʼuyul lo wi .
x kanaj kanoq chi uxeʼ rijabʼ richʼaʼn .
nim rija .
we ta xakunaj le atat mata xkam laʼ .
nan ukʼamom tuʼla riʼ.
chqa nukʼuʼ ri qatzij .
kimbʼe pale tinamit .
xin qʼiʼo naxinat in taj .
rajawaxik kakʼaman chawe le utijikle lej .
kʼisbʼal taq noʼjibʼal .
xineʼ waʼ oq.
xkibʼan kʼax che le uwosaq rumal man utzta chi kakayik .
ri qʼutuʼm man kech ta le akʼalabʼ .
are na nim talea tzʼiʼ chuwachle nutzʼiʼ .
xe petik xol kilaʼ .
¿jawchiʼ xataʼ che xkam ri umam ri poʼx ?
e kebʼ kekʼambʼik pa tuj .
xin loqʼ jun ja pa riwokaj ja .
ria xtuʼ bʼ , kʼoqulaj chech .
jas karaj kaʼan chu tzakik le tiʼ ij .
xutij le wa .
ximbʼal retzij .
xpax ribʼoʼj .
we kawaj katin toʼo xaq xuwi kabʼij chiwe .
jas nukʼu kuchʼobʼo .
jas karaj kutijo?
xex ruxlabʼ ri ri kil .
e nitzʼaʼq le taqimul .
wetane in xin bʼanow ik , are le ateʼk xbʼanow ik .
kin tzalij pale nutinamit .
rin uchaqʼ kʼo pa uroʼqʼatoj tijonik pa ritijobʼal .
xin xiʼj wi bʼxin chʼawik .
kʼoch waroʼ chle pare .
chi raqan kabʼin wi ritataʼ .
xsach on kan uyaʼik le pwaq che cho ja .
xinqʼax chi kixoʼl riwinaq .
ke tikonik .
riulew man qech taj , kech ri qatiʼt qamam .
xe pe le winaq xol kikʼamaʼ .
xuloqʼ riwuj rumal rial i .
che we qʼij kamik kʼojun nutzijonem chirij le nutinamit .
kej riʼ.
xkuna na laq chwe .
kin usikʼij le nunan .
rii mul xuchʼij taj ,x kanaj pabʼe, rumal ri nimal kujal uj rii mul, xutzaq ria nim .
kubʼan ri uxoqʼoʼl riaj tzʼaq .
ri la sibʼalaj utz che kunabʼal .
kʼi kiwachri eʼ ajchakibʼ pa rikomon tyox, kʼate kʼut xajun chi ajawxel ;
xqata chi xatulik .
kawaj chi katʼek .
chʼutiʼn ke kanaj ri xajabʼ chech .
kaqaxiʼj qibʼ kaqachapo .
ekʼo kebʼ ukʼajol letat xwan .
luʼ subʼiʼ ri rech am .
aj chi uwiʼ miqʼ in jaʼ riluʼ .
xinya kan le nu chim pa kʼaybʼal .
kʼatex rilo ,x peri unan che utzukuxik , xkikotik , xusal abʼisaj ritaq ux kin .
xkikʼut chi uwachri ajtij xuqujeʼ chi kiwach ritaq nikʼaj kachil.
utz le nuqʼabʼ .
kul le alweʼl pa a ustin chaqʼabʼ kamik .
ri ateʼk xtzaq loq are chi kʼo pa uwiʼ riqʼaʼm .
aj patan riteʼk .
xatqaj chiupam ri il .
la kʼo tzij na kikʼoxomaj taj ?
xsach on chke chi xeatinik .
ronojel leulewe chalaq .
la xebʼe kʼulaxeʼ ki jaqa kʼu le uchiʼ ja ?
xaq katchʼok naj iw ir .
kamik kʼo chi rijastaqa we .
are chiʼ kakʼis rijunabʼ kʼo qʼinom.
pan awal jaʼxinal exik .
na xintataj we are riakʼal ki xtzuquwik .
¡ rulew risabʼul one rulew ri neftali, ubʼe ripolow, rulew ri jor dan, galileʼa kech rijetaq amaqʼ!
rax, rax, rax, kʼokʼ , kʼokʼ , kʼokʼ le ruxlabʼ le taq tikoʼn .
a chi xatwilo .
pa qal rajil le pixkamik .
xoj bʼinik .
pajun jeʼl tijobʼal kutijoj ribʼ jun akʼal, ubʼiʼ poʼx, utz kurilo ke pa tijobʼal ronojel taq qʼij .
xwaj chi xatʼetaj .
utz laʼ le xubʼij lea chi .
we taʼam jachin ka petik .
kin qʼojomanik .
xin qʼiʼo takʼalik xin petik .
areʼ retaʼm che kin opanik .
aretabʼal e qa qajawchat toʼwik .
kawinaq waqibʼ qʼataj .
naqaj chik cheri uwaq kajbʼal aretaq chiʼ ksach uwachri qʼij, kok ri qʼequʼmch uwachulew, chi kʼateʼ na ribʼe lejebʼ kajbʼal .
jobʼ raqan ri tzʼalam xeporoxik .
sibʼalaj korij rimop.
arewaʼ .
jelaʼ pa ritiminit chwi kab yok rech xelajuʼ, le qanan qatat kakitiko jeʼlalaj taq uwach ichaj.
kʼaxnuqul .
xuʼ lukʼamaʼ .
kojul kitzukuj .
are man kʼax ta ukunaxik aretaq aninaq kaʼilitaj we yabʼilal xuqujeʼ mo joʼ qa kuyaʼ le kʼax kʼolil chech le jolomaj .
ri wel kʼo pa tijonik .
kawaj kinbʼij .
ri kotzʼiʼj kqakoj chiupam rija .
qʼeq qʼoj rij riamaʼ kej .
na xwaj taj xin chʼawik .
ch petabʼal e loqʼalaj jabʼ .
xsach on chke xat kisikʼij .
e leqʼal chʼichʼ .
jachin xawilo chi are xtijow ritiʼj ?
mata kabʼ elen uxbʼal pale tinamit .
pimruq, ria li .
¿ kʼo rimuqʼe chia wech ?
kqabʼij man kekowintaj .
kintij na .
kʼojun qatʼuʼy paja !
kʼo puj chiupam richʼaʼk .
aretaq kin kosik kin warik .
xat waʼ ik xinwilo
in xin chʼayow lea chi .
konojel rialaxik keʼe tzʼanik .
jas rukʼ xkitij wi le kirikil?
aninaqil kat petik .
nara xta uwachle juyubʼ .
ri tzʼalam tzʼibʼa bʼal rax kkayik .
we chat chakunik , kʼo awa .
maʼtam xatpe cheri waʼ im .
kamul kin waʼ na .
risikil ktijow rukʼ ik .
kimbʼe aqʼan rukʼ le al talin .
xojʼ ekxeʼ qil alar qasok .
xe ki qʼil le ajchakibʼ xkiwok le ja .
matanex waj le kʼuh j nem rukʼ leateʼk .
are xeʼopan chi uchiʼ ri juyubʼ, xkilo chiman qastakʼo qʼayes.
kʼate kʼut, rijesus man kkojon ta chkech rie ʼareʼ, rumal rech che konojel retaʼm kiwach,
paʼ tzrij ritzʼiʼ.
juwinaq waqibʼ qʼataj .
at elaqʼom .
xaq atjoʼs .
ri qʼatzu, are qʼalaj ri uqʼij il .
ajchak we ala .
ubʼe leju kakʼal taqanik (29).
kebʼ nubʼiʼ kʼolik .
la katzalij luʼ la aninaq?
katzukun la chwe .
lakaj la kojbʼeʼ palechomal chweʼq?
xin nabʼej chuta si kqa kʼolibʼal .
lal xin toʼwik .
sibʼalaj a noʼjibʼal .
xoj petik xol qakʼamaʼ.
sibʼalaj jeʼl ik ri uwaʼl ri ichaj.
kʼax wij rumal in pa chalik .
aretaq xukʼul maj waʼ xul ri uchomanik xubʼij : are utz wa aqʼabʼ kin walijik, are chaʼcha nim ki nopan pa tijobʼal , maj chi kin kʼul maj .
oj aj xojolobʼ pa awasqʼij .
xin sach che le uwokikle tzij .
e ju lajuj riakʼ .
xuta jampaʼ koj ʼek .
qilik .
ri tijoxel man areta nim chuwach ri raj tij. ri utz tijoxel qas jeriʼ kʼolik jas ri rajtij.
in xatin chʼayo .
noʼjim chak wumal .
chʼur rijochʼ .
in kinbʼij na katsa chtaj .
uj ma yabʼ .
riabʼaj yatzalik .
tajin ke pixbʼax riakʼalabʼ .
chom ri aq.
xin warik .
elemen konojel riakʼalabʼ .
tajin kqʼana rik ri we reʼ aj .
le ukemik le pa sutz ( chawe ).
xuyu pubʼa uwach raʼ chi , kachaʼ, .
risatanas kok pa ri judas ri kbʼixis kariʼo tech rech , ri areʼ jun ch kixoʼl rie kabʼ lajuj .
chuchu ri par .
kinqumuj ri nujochʼ .
chech punción lum bar amaqʼel rajawaxik chech rilik le ukʼexbʼem wi lenabʼe rukʼ le ukabʼ ukʼutunem le yabʼilal .
qʼalaj chi na kawajtaj kabʼij .
kʼoqʼol chirij risiʼ.
jawixoj ʼe wi chuloqʼik ?
kʼo ulo chʼ ritalin .
qʼan rij ria tiʼt nu kej .
la xtzalij la iwir ?
xe sikʼixik , kʼate kʼu riʼ xeyajik , xuqujeʼ xetaqbʼi che usikʼik lemes .
lak ix warik ?
are kʼu le pa lomax xubʼij che : -mam katbʼi sontaj, kin sikʼij nikʼaj wachiʼl kera pa pik .
aʼre e tijoxel abʼ .
rialaja lisiʼl xubʼij xqachap pa utzal rityox .
xsach on chke jachin xeatinik .
jas xurayij le anan xutijo?
xin kosik .
rax ronojel ri qʼayes rumal lejabʼ .
kinya waʼ we chʼichʼ pinem na utz .
noʼjim upa chʼuxik le nuwiʼ .
naj kʼowi le woʼ ch chuwachle tijobʼal .
ri okibʼal kʼo chi uwach risaq ja .
xe nu taq chʼij ke kil le akʼalabʼ .
kʼojun qʼoxowem chiwe .
tza richoʼm .
we choj bʼe pale nimaqʼij, ke qil le aj xojolobʼ .
xojʼ ekxeʼ qil alar qasok .
ri ateʼk xutaʼ chech ri nantoʼn :-nan jas cheʼ chiman kajtalaq akʼatisaj rijoʼq .
ripal sibʼalaj xuʼy .
kin koj rijokbʼal ulew .
in kinbʼij na katsa chtaj
atrajkun le nunan .
kuqamuj ujoron riaj tzij .
luʼ tzʼalam ubʼiʼ ri achikel pa nim cheʼ .
jeʼl ik utiʼjolal risaq koʼr .
kʼojun xaʼr paja .
xin loqʼ jun kʼakʼ patan .
kʼax ukemik le pasa wumal .
aninaq ukemik le pasa wumal
ri chʼaʼnsa chinaq pa taqabʼix.
rax taq le kotzʼiʼj .
m esom kanoq riupam ja .
man areta ralax kosik .
rikomon xechpup rech uqʼabʼ tinamit xoʼlabʼaj rech qʼumar kaj .
la utzakik kʼusubʼ tajin kuʼ ano ?
kate la !
na xutij taj .
xa rumal ketaʼm konojel riwinaq kkiqumuj le jaʼ .
iw ir xujtzalij la pakʼaybʼal .
qetaʼm che riqawak uj utoʼo .
ri ajtij, kya jon chikech riakʼalabʼ .
jas ubʼanom le nu chʼut itat ?
chweʼq kin bʼe pa nim tinamit .
utz we kiwetaʼmaj jas kubʼij richolbʼal qʼij .
tajin kat jilow che uqʼoxom jolomaj .
xinti kqʼax chi uwachri ja .
kʼax le kibʼe le winaq .
loqʼ katkuntaj che leyabʼil (covid -19).
ri nuxibʼal kel paqajbʼal qʼij .
xril ria xwan chix waʼ riala .
le alix kunatajik .
we ta ka pe lejabʼ kamik .
xin wetaʼmaj chi na xatpetaj .
ri pwaq rech we qʼataj riʼ kesax chech ri tojbʼal kʼayinem .
ktij ri uwaʼlik rumal ri kinimaqʼij .
xuchap ukunaxik .
chatan loq ali .
xin xuliʼ qajoq .
jeʼ lik ktijow ritaqik ox .
kʼate kʼu riletat xoʼr xubʼij , man kawaj taj , man kawajtaj .
kʼojun tzʼiʼ pabʼe .
kamul xin pe che atzukuxik .
man tajin takin chakunik .
kin chakunik rech katwaʼik .
jas rukʼ xawil wi chi xkiqupij wi le tiʼj .
jas ubʼixik …?
koqʼ riakʼal .
kawaj na katʼetaj .
xatqʼajik .
we m na chaloqʼ axiyal, nakimbʼe ta awukʼ .
xopan le wuj awukʼ rumal we chin .
are kʼut pale juyubʼ kkʼiy joron, chilaʼ xe kikʼama wi rijaʼ riwinaq .
koqʼ riakʼal .
we kʼo a rajil cha kʼamaloq .
are sibʼalaj kaqlea poʼt chuwachle nupoʼt .
xin kʼastaj pa kabʼ lajuj kajbʼal .
kaqoy ʼej nak ix pe taj .
kokaxim ri chij xajelaʼ man kanimaj tabʼik .
ri kok nojim xbʼek ,xuchʼijo xopan pa ukʼisbʼal il lea nim .
xoj kiʼ kotik aretaq xatulik .
kaqitzʼ naj riu xajabʼ riakʼal .
rijesus kwaʼkat pa ri nim rachoch ridyos, chu xeʼ ri jun jache rachoch risalom on .
we taqanik riʼ kubʼij chi rajawaxik kyaʼ uqʼij riwinaq xuqujeʼ ktoʼ aninaqil .
ria xu xare na ri ukunel rikinaqʼ .
aretaq waʼ ri uqʼijol wetaqanik .
kʼojun tabʼal pa uwiʼ rixkanul ubʼiʼ lajuj noʼj .
yuʼl ubʼanom ri ukolobʼ rikej .
xanimaj riakʼal chi uwachri uchuch .
kkunan ria chi .
kin waʼ ik rech na kin yowajtaj .
aj xik chʼichʼ riluʼs .
kwaj che ix ki xbʼanow ik .
aʼre xetoʼwa laq .
xojʼ ekxeʼ qil alar qasok .
xin loqʼ jun chʼichʼ, qajinaq uwach .
kutʼis ripantal on .
e ja nipa le awal kʼwa lekʼolik ?
utz ukemik lepas chawe .
rimax are aj qʼaniyaʼ .
ma tabʼa chiriq kʼax palebʼe .
tajin kanimaj , rimeʼs .
ixi xeʼla qʼomabʼ!
xsachan chwe .
ekʼo kʼicheʼ, chi uwachri juyubʼ .
arewaʼ rinimalaj pixabʼe arewaʼ rinabʼe .
xretaʼmaj chi rukʼ pa kʼ kutij wi
jas utzak ik le subʼ xuʼano ?
aj xoʼy riwikan .
we taneaʼ re xetijow le ri kil, are le komon xetijow ik .
sibʼalaj aninaq kachʼaw le areʼ chin uwach in .
utz we kin chakuj .
meʼs laʼ .
kʼo kan wa rech kaqatijo .
xin sikʼij la .
riakʼal xsach kanoq jelaʼ pa taqʼaj .
xe sikʼij la .
ja wi xkibʼij wi chi keʼe wi ?
rumal che, man ixta riʼ ri ki xchʼawik, are ri ruxlabʼ axel riitat riʼ rik chʼaw na iwukʼ riix .
kʼakʼ ri wa choch .
sibʼalaj utz kinwil le atzʼyaq rech na hu ala .
saq por kkay ri ki poʼt rinan .
xsach on ri nu chak chwe .
waʼ im xuchapo .
ri qʼaqʼ tajin kajul uwik .
najil upam risiwan .
ekʼo ri qachalal pa chi uwiʼ la .
jas xa taq chiʼj le akʼal chutijik?
noʼjim ukemik le pasa wumal .
kʼojun kukubʼiʼ tintin, waʼ lelaj kuk mam kajeqitaj , kapaqi kaxulik pa uwiʼ uqʼabʼ taq cheʼ, sibʼalaj sakʼaj , keʼuto le e nimaʼq, chʼutin, rachiʼl, aj sipanel sibʼalaj utz ranimaʼ .
riu pixabʼ le qʼatbʼal tzij kiyaʼ ubʼixik .
na xsach onta chke xeatinik .
xeqil le chi kop puwi leja .
xloʼtaj riakʼal .
qonojel kuj waʼ pa uwiʼ rimexa .
xsikirle waqan .
la xat waʼ kʼut ?
nim ubʼaqʼ ritulul .
kin xi kʼikʼik xinqʼaxik .
lakatbʼe pale tinamit ?
ripal sibʼalaj saqʼ or .
kqʼoxown ujalom .
xin naʼo chi kat petik .
xloqʼulew iwech ix .
xin chakun rukʼ rinumam .
na xqabʼan taj .
kkʼojiʼ bʼaʼ riu sipanik riajawxel jesus kristo rukʼ ri aw uxlabʼal !
kin chʼaw rukʼ le nunan pale chʼawebʼal .
sibʼalaj qʼequʼm rumal ri mayul .
are leba xulik .
xekos le ixoqibʼ palebʼe .
kʼax rilik le akʼal chawe .
xin qʼiʼ oxinat in pa joron .
sibʼalaj nim le tinamit .
kʼax ukemik le pasa wumal .
xinsa chik .
tajin kel ukikʼ el pa raqan ritzʼiʼ .
xin wetaʼmaj rilik wibʼ
ri qʼuqʼ are jun jeʼl chikop .
kʼo pa ja tijobʼal ri wi kaqʼ .
ri sachibʼal mak rajwaxik chi qaxoʼl .
jeʼ, kimbʼek .
je laleʼ ri nupwiʼ .
xubʼij che :- jas xabʼano tintin ?
kabʼan jun toqʼobʼ kyak rinujal .
katʼekxin ta .
jas le ukʼexbʼem ribʼ le jun rukʼ lejun chik?
aj chi uwiʼ miqʼ in jaʼ riluʼ .
ritijonel naj k pe wi .
teʼ kixchobʼ ubʼiʼ ri nutat .
ri jaʼ kamiqʼik chi uwach riqʼaqʼ .
ri tʼuʼy k pa qʼowik .
kinmes on na .
naqaj at kʼowi chiwech .
xin bʼisonik taq na xatpet taj .
wexkam riwinaq, ri pwaq rech tojbʼal ma kaj kyaʼ chi kech riralaxik .
ri nunan xbʼe pa kʼaybʼal .
xo jukʼam uloq rech koj rilo
x kʼoto chin chi kiwach chi kin waʼ awukʼ .
na xkikamsaj taj xkikʼambʼi cho ja .
kʼakʼ ri ikʼ kamik .
ximbʼe rukʼ leaj kuniwir .
rilik .
le tzʼiʼ xekosik .
xin ki kotawumal .
rii mul xumaj ria nim , xuya kanlekok .
kʼooj che riakʼal .
xujbʼe pajun kʼulanem .
utz wek wara laq .
kaqilo chi na koj ukʼamtaj .
xretaʼmaj chi rukʼ pa kʼ kutij wi .
sibʼalaj xinkʼaʼ na rik .
xin ko chij ri nu wa .
man kat kowin taj kat chakunik , we man kʼota ri ajilabʼal .
we wo non xubʼij chike :- ki xinto .
riala nim kril wi ri umam .
xkaʼy chirij, xkaʼy chuwach, ma kʼota chi jun ks ilobʼik, xoqʼik xuxeʼj ribʼ xchʼo pinik xtzalij loq xuriq ta chik riubʼe .
kʼo pus cheri wa .
pinem na kabʼe lewatz, kimbʼe wi in pa kaʼyibʼal .
ri nantoʼn nim winaq chik, saq uwiʼ, ronojel aqʼabʼ utz kunaʼo katʼuyiʼ pa utem, ku mi qʼisaj ribʼ cho ri qʼij, kʼojun uwiʼ umam ubʼiʼ ateʼk .
mane kʼitaj riqulaʼ .
qʼalaj chi na kawajtaj kabʼij
x paqabʼisax rajil ronojel rikem .
kʼo pa rijul ri ku matz .
ronojel qʼij kin chʼaj le nuw are .
saq chikan le ichaj rech katzako .
chu xele qachomal kaqatij wi jun qameqʼin .
chawilaʼ .
ekʼo jobʼumiʼal , ri nutat .
jas rukʼ xawil wi
jeʼ jas riwinaq rech ri uwachulew, xoqujeʼ ke pe na riʼ rie ʼareʼ che e rech ri uwachulew; jeʼ jas riwinaq rech ri kaj, xoqujeʼ ke pe na riʼ rie ʼareʼ e rech rikaj .
xintijo .
ktzʼujuw ri rachoch ri poʼx .
xuqʼiʼo are le ukʼulel xyaʼow uwa .
ri awel xretaʼmaj chi rajawaxik man ku xej ta ribʼ cheri tukur .
ju kʼulaj winaq xeʼa nimaj bʼik .
jeʼ ,xin tzalijik .
xoj petik xol qakʼamaʼ.
maj jachin xʼek .
in ajtij; at tijoxel .
saq uwiʼ ritataʼ.
wech rikem .
le roʼch le ateʼk kʼo chwach leukʼaylen unan .
kbʼe pa ri si riʼ a eparis ilisiʼa, ja wi jeʼ kuya wi ri kichuqʼabʼ rikomon tyox .
pixabʼ : man utztaj kʼax kuj chʼaw chikij nikʼaj qachil.
xkuna taj le ali ( kumal ri ixoqibʼ ).
rixibʼ ibʼal chi kʼowi pataq riqakʼas lemal ronojel qʼij .
nakuj warta waral .
on che kkʼojiʼ ri utzil chixoʼl, arech junam riqa kojonik, junam ri iwech ix rukʼ ri we chin .
pa oxqʼij risaʼn kbʼena rukʼ riaj kun .
kawinaq wuqubʼ .
jas kawaj kintijo?
we ta xatbʼe wukʼ pale tinamit, xa loqʼ talaʼ leu jastaqle akʼajol .
kebʼe pawaʼim .
xin loqʼ kʼi wa .
pajunnim kʼacheʼlaj , kʼojun kʼwaʼ sibʼalaj saq loloj , nim uwach .
kwaj katij jubʼaʼ wa .
ronojel winaq kril na ri ukolonem ridyos ».
x kʼoto chin chi kiwach chi kin waʼ awukʼ
kwaj na katʼetaj .
la xa loqʼjunal ej ?
ekʼo ri eloqʼom anel .
ri ukabʼ ubʼiʼ rinumam areyay .
kin jo pij rii jaʼ rech triko .
xnaʼtaj chke xeatinik .
xateʼqi laʼ .
kakitij alan xax riwinaq .
. . . kinbʼij chi arewaʼ sin xiʼ an .
na xin nabʼej ta chuta si kqa kʼolibʼal .
rumal rech chewe riin, kin chʼaw rukʼ ri dyos pa chʼabʼal , kchʼaw na kʼu riʼ riw uxlabʼal rukʼ ri dyos, kʼate kʼut man kʼota upatan riʼ chrech ri nu chomabʼal .
xe petik xkilo .
xuta we katʼek .
utz ukemik lepas chawe .
rinuwakax xutij jun qʼoqʼ rumal riʼxkamik .
rumal rikʼix, man kewaʼtaj riwinaq .
xeʼulik .
qʼe qrij riamaʼ chij .
xraj kaʼele unan .
junam kijunabʼ .
na qʼalajtaj we kaʼek .
ri wi x nam chʼaj chʼoj ri rachoch .
waral man kʼotaj ajawal .
na iwir ta xril le kʼamolbʼe .
xin pe loq te kʼu riʼ xin tzukuj ronojel ri nurajil .
riaj tikonel kutik ritzij .
kʼo e kikʼajol lea chijabʼ .
kutij qʼayes riix paʼ ch .
pa ri waʼ bʼal ekʼo kawinaq a chijabʼ .
si pojinaq ri nupam .
kayaʼtajik rukʼu tiʼonem jun ri uriqom le yabʼil amo lotsetsé xuqujeʼ are kayaʼtaj pataq ri juyubʼ .
jachin ria chi ?
rinumam xkamik aretaq kʼo jumuchʼ lajuj ujunabʼ .
kin kowinik kin kʼambʼi le pwaq .
kinwilo chi utz ri ajiʼ .
xinqʼil ria poʼx che man kachakun taj .
k waʼ chi uwachle taqʼaj riamaʼakʼ .
rii mul xepoqʼik pajunikʼ .
xkʼis kanoq riqachak .
are ri alixojil ow kanoq .
sibʼalaj chʼuʼj ria max .
kʼo nu wachiʼ.
in chajinel kech le akʼalabʼ .
xekos le tzʼiʼ .
kin bʼe na kukʼ rimolaj .
ronojel aqʼabʼ kinyitzʼ riwakax .
kara pinik xutzukuj chi jun awaj .
le ukemik lepas aninaq (awumal) .
maj urajil leqʼabʼ arel .
kʼax riʼ ri kachʼaw ik .
xoj utaq chiʼj le achich uloqʼik ichaj.
sibʼalaj kʼax rixkʼul maxik .
xkilo chi na kin kʼoxom aj taj .
xnaʼtaj chke chi xeatinik .
x kʼoto chin chi kiwach chixojal woʼ qakukʼ .
jun qʼuʼq rajil ri kaxlaʼn wa .
xinwi lo chi xeʼelik .
ekʼo ixoqibʼ pale kʼaybʼal .
man kʼotaj ukʼisik ri mayabʼ aj labʼalil .
risin kkʼiy pa taqʼaj .
ri chʼima man kkʼiytaj pa taqʼaj .
rajawaxik kjikik riwaqän .
kawaj kin ʼek .
ekʼo oxibʼakʼ .
xubʼij chwe jawiat kʼowi .
chweʼq kuj bʼeʼ pa muquj .
pasaq kʼa jaʼ kbʼan wi ri uq .
xoj ki sikʼij .
xinwil wibʼ .
chaqʼ chik ri wa .
kimbʼe na ka pale woʼ ch .
kawaj kin ʼek .
ri chʼuʼ ktij rukʼ lej .
pa ri kiqʼij kaminaqibʼ kbʼan qʼo rikʼyaʼ rech aj : nabʼe ri nan kutzukuj kan riaj , kuja chʼoʼ xuquje kukʼeto .
jas kajbʼal chanim ?
utz uchomanik rial i .
pa ri qʼijox lajuj tijax kinkʼis kebʼ junabʼ kin chakun waral .
sibʼalaj ko, rikʼakʼ chʼat .
jas karaj kubʼij…?
ri chʼichʼ kas ilabʼik .
pa ojerqʼal pul xaq xuwi ri nim winaq ke kʼamowbʼe .
le ukunaxik le ukabʼ ukʼutunik are rukʼ ef lor nitinao nutuni bʼaxik le nifur timox chiʼ lef lor nitina chech t. b. g.
are ria chi xin chʼayow ik .
junachi ubʼik uʼ xusipaj kebʼ kʼaʼmulew rech kabʼan ritijobʼal , kamik, kʼo chikaj tij rech rikomon xechpup .
xumal tyoxij cheri ajtij ronojel le xukʼut chi uwach .
paribʼe xkiraq juna lajimul saq rij, x kikʼambʼik .
xril lebʼal e ala .
jas kubʼij chwe?
leu kuna tajem are rukʼ utzukuxik le uchikopil pajun usolik uxeʼle kikʼon le jaʼ rech jun nodo .
utz we nutzʼiʼ .
jeʼ, tajin kachaponik .
kin uloqʼoj le nutat .
kawaj kimbʼe patinamit .
are laʼ kin chakuj .
ri nimaʼq taq winaq kʼo ke taʼmabʼal .
we ta xatbʼe wukʼ pale tinamit, xa loqʼ ta waʼ we jastaq .
rikikʼas lemal . wa iximulew xa jun chima areta tinimit rima
ri ukʼyabʼal na jupam .
xatqaj chiupam ri il .
nojim katwaʼik .
we kʼojun ktuqaʼ rik, ¿la man xoqujeʼ taj kintuq aʼr riin ?
ojoj wokol ja .
awas kbʼan kʼax che junnim winaq .
xin chʼaw apan rukʼ le wanabʼ .
kʼax riupam ri juʼl .
tajin kewaʼ riimul .
lakaj lakuj tzalij la aninaq?
rumal rech che rimakaj man kʼota u kowinem piwiʼ riix: riix man ix kʼota chich uxeʼ ri pixabʼ, xane ix kʼo chu xeʼ ri sipanik .
nim raqan le cheʼ .
xinchapo .
are letuʼrle loqʼo manel .
xas kat kʼojiʼ chiupam ri chʼichʼ .
sibʼalaj nim raqan ri kʼamalbʼe .
le tzʼibʼa bʼal we chin .
in xin toʼw la .
xaje kʼu riʼ riixkamik riʼ man ix kaxlan winaq ta chik; riix, ix rech ri ki tinimit rie tyox laj taq winaq, ix rech ri rachoch ridyos .
xintiko xlaj kʼalichaj .
ka qariqqibʼ chweʼq .
sibʼalaj utz che ri wiʼ aj rituney .
we na ju pulik ta xeqajik . . .
xin toʼ taj cheri nu chak .
kʼojun chi kop ubʼiʼ pum .
poqon ri ik .
xoj bʼinik .
xuchʼek ronojel le re tamanik xpaqiʼ kkʼax kwʼinik xubʼan aj kun .
kelubʼik pa ri ju de ʼa e ktzalij chiubʼi jumul pa ri galileʼa.
xina xibʼij pabʼe .
jeʼl kʼolem chi awachoch .
ronojel riyaʼtalil pawe qʼataj, tzʼaqat kiwach, man ktzaqta kanoq xuqujeʼ man ktastaj .
xukunaj leyawabʼ leaj qʼij .
chi tatabʼej jas le kimbʼij .
chʼanal ria chi .
pa bʼo koʼ kachakun wi ritax .
uj kʼo pa uwuq qʼij .
kiʼ ri ukabʼ riaqaj .
kʼo rachalal patzʼoloj cheʼ ri peʼl .
xkilo chi kin kʼoxom aj .
ri ukisakʼ utz kyaʼik chi uxeʼ ritikoʼn .
aretaq chiʼ kaqʼan puwiʼ rijukubʼ, ria chi che xkʼojiʼ ri itzel uxlabʼal rukʼ , kutach rech riareʼ, arech kkʼojiʼ rukʼ riareʼ .
na kabʼan tajta wumal .
xnaʼtaj chke xeatinik .
xin paj rinutriko .
xeʼok ri pokʼ pa riumexar ipoʼx .
kajuluw riaqʼaʼl chi uxeʼ ri tʼuʼy .
awechle ja .
xuj bʼe pa tzurik .
nabʼe xatopanik .
ri ukabʼ ubʼiʼ rinumam areyay .
uwaj xaqu kakʼal taqanik (28) .
mata kʼojun ka kanaj kanoq, qonojel kojbʼek .
e nimaʼq le al tomabʼ.
nim uwachri poʼt .
kojonik pa ri utzij wa iximulew .
jas xukʼambʼi le tzʼiʼ xawilo?
xin petik, tat .
ri bʼelaj uwach .
chi tatabʼej jas rikimbʼij .
jeʼl kunaʼ ri abʼix chiupam riququlew .
kinbʼisoj uwachle wal .
xutʼuy ubʼaʼ .
nim ria we qeleʼn xariqo .
xineʼ waʼ oq.
chiʼ kewar wi le akʼalabʼ .
ri numiʼ al xutaq loq jun taqoʼm wuj chiwe .
qʼeʼ lik, richaj paribʼe .
la utz awach ? - utz mal tyox, ekʼu ri at? – utz mal tyox .
xin kos rumal nuchak .
kbʼe kukʼ rie ʼareʼ e ktzalij pa ri nas are te keʼunimaj .
ri joj xukʼambʼik riakʼ .
kʼo chi wachiʼl chanim .
kubʼij chech naʼl kabʼan che riatzʼibʼ .
e . . . in kawaj katzjoj bʼi la chwe.
mat axinyaj leal i .
jachin rukʼ katbʼe wi ?
kʼo sibʼalaj etaʼmabʼal pa rimayabʼ noʼjibʼal .
e man xo riju puq kej .
kas umum ri kaqiqʼ .
ekʼo kajibʼ akʼalabʼ palebʼe .
jeʼ jas ri utat kkaʼyik .
xaq at molonel tzij tal .
le nutat kaloqʼon chwe .
xaqtane kimbʼe iwukʼ .
xretaʼmaj uchʼajik .
rumal laʼ xkoj“ xal qʼat ” che ubʼiʼ rikomon .
are le ukemik pas xretaʼmaj .
ri wa tiʼt kubʼan na ri upatan .
kʼakʼ lepoʼt .
retaʼm uwach jachin xloqʼow ri pas .
ken chʼabʼej le akʼalabʼ .
yaʼtal chaqe qonojel riuj winaq utzkaqil qibʼ .
x kotiʼ pa qʼayes xoqʼik .
kawinaq bʼe lejebʼ qʼataj .
ekʼo kajibʼ ral ri imul, jun saq , jun qʼan, jun qʼeq, jun qʼeqoj, sibʼalaj ketzʼanik , kechʼo pinik rialaj taqimul .
kcholol ri achachal .
ketekik ri ikʼ .
xe petik rech kewaʼ iwukʼ .
tz atz ri uqʼan il riakʼ .
xoj tzalijik xi xeʼ qaqʼatuj kukʼ le itatinan .
ri yoʼx taq akʼalabʼ kekikʼux riatzʼyaq .
wea chiwe xusipaj jun poʼt chwe xkamik .
kkowin ri kunanel che kunanik .
xjiqʼ pa ripolow .
xa rumal sibʼalaj rajawaxik le loqʼalaj jaʼ, le winaq xkibʼij : chewe ikʼ riʼ qonojel kuj bʼe che utikik taq cheʼ .
ri unan erie rachalal ke pe uloq rukʼ riareʼ, kʼate kʼu riʼ, man kekowintaj keqibʼ ukoq rukʼ , rumal rech che ekʼo sibʼalaj winaq .
rumal rech , che man kʼota jun kkowin che ukojik juntik ibʼalil chik chuwach rikojom chik che are rijesus kristo .
te kʼu riʼxu tzʼibʼaj ribʼ pa rinimalaj tijobʼal rech aj kuʼn .
kajuluw ri chʼu mil chaqʼabʼ .
kʼisbʼal kanoq, xoqujeʼ kkam riixoq .
lea laxok ik .
kʼo pwaq pa uwiʼ rimexa .
are kawaj na kin ʼetaj .
riyawal kukoj riali chi uxeʼ ri chakach are usuʼt .
na kaqakʼam tuʼ bʼi kamik .
ri ajtij kubʼij chike : rajawaxik keqachajij riawaj , are utikoʼn riajaw.
xintij mukun iw ir .
kʼax le uwiʼ taqlen uqʼabʼ .
xin loqʼ jun ilbʼalwibʼ .
waʼ we qʼij, nim ubʼantajik .
ri uxeʼal ri qatinamit man kasach taj .
xoj bʼinik .
riachalal junam kiwach .
xin wetaʼmaj rilik wibʼ .
nim ri unaʼoj waj tij .
mi qʼin ri kʼul .
aj qʼojom riateʼk .
che lesanik cheʼ kbʼan wi ri qʼojom .
ka pe le awel pa na wal jaʼ .
rimesonel tajin kchakunik .
utz chaqe kaqatoʼ qibʼ, taq kʼo kʼax kʼolil, kate we chiʼ nriajaw pa qawiʼ.
xawilo, xqʼatan le ibʼoy .
xat kowinik xabʼano .
kiʼ ri kʼawex .
kajil il ribʼe .
le al ixelbʼik .
areʼ xraj xinbʼano .
nim we abʼaj .
jeʼl ik utiʼjolal risaq koʼr .
nojinaq rikej .
we katijan xux man katutoʼta chi uqʼatixik le kʼakʼ yabʼil coronavir us ( 2019-ncov) .
na nim ta raqan waʼ we cheʼ .
utzalaj ajchak, ri wel .
¿jampaʼ kuj bʼe pa nimaqʼij ?
rajawaxik ta nelaʼ katchakun wukʼ .
xutaq chiʼj pa waram pulew .
man areta ria xwan xelik .
ri awix xuloqʼ rachoch renimal .
are riixoq xin sikʼin uloq .
ri chʼima kʼatʼon na .
la xibʼan le ichak?
kʼi tinamit ekʼo pa chʼoʼj .
kʼoju puq chij chi uxeʼ ri cheʼ .
riu xaq ri abʼix areuwa rikej .
kawinaq qʼataj .
lak ix pe patijobʼal ?
we kechajix taq le kʼwa jacha kinbʼij ; junalik kʼo jaʼ xuqujeʼ sibʼalaj saq loloj .
xretaʼmaj .
rialabʼom ri alitomabʼ tajin kikitijoj kibʼ rech sutaq , are kakaj kikibʼan nima qa chijabʼ chupam rikikʼas lemal, xuquje kʼo chik ju puq bʼixonel chupam rikomon .
latzʼ uwachri bʼe .
kʼakʼ riachʼichʼ .
qonojel uj, uj ma yabʼ taq winaq .
nojel qʼij ri atiʼxkuy uqʼuj le taq awaj jelaʼ pa nikʼaj jaʼ, chirij ri juyubʼ ubʼiʼ tenaʼ .
paqʼom chik risiʼ.
kin tzukun che la .
kakitij le kinaqʼ, le ichaj, le uwaʼlik rukʼ lej .
xe kanaj kan le ajchakibʼ .
ketikon ria chijabʼ .
sibʼalaj itzel ubʼantajik ri chʼi la kan .
ri ateʼk xumal tyoxij cheri ratiʼt, rumal ri utzalaj noʼjibʼal xukʼut chech .
kkamul ix uchak riabʼ ix .
laxin utzukuj le tijoxel ?
areʼ kachakun ronojel qʼij .
leekʼaʼ na taq tzʼiʼ .
saq rij ri pla mux .
jas xa qʼiʼo xatijo.
jas rukʼ xkichapwi utijikle ri kil ?
we katatin rukʼ kʼatan jaʼ man kuqʼatej ta le kʼakʼ yabʼil coronavir us .
la katbʼin pale uxlanbʼal ?
la waral kʼux ix waʼ wi ?
are le nutat kin loqʼonik .
tajin kchakun riala .
kʼo ri kiʼ kotemal awukʼ .
xuta jachin kaʼek .
xat waʼ ik xinwilo .
xtzaq ri rachoch rumal rijabʼ .
pale junikʼ chik are nimaqʼij .
e kebʼäm kebʼin pa uwiʼ ritem .
mem ria chi .
ri wikan chaliʼy kel pa juyubʼ chwi tziribʼal .
le rajil, la paja xelaqʼax wuʼ bʼik ?
pa ri suʼt pisom wi rilej .
koj petik kol qakʼamaʼ.
tajin katchʼopin chi uwach ritaqʼaj .
le qʼ or xchʼuq ik .
kʼax waʼima wumal .
kinbʼison che lewal .
sibʼalaj kʼokʼ ri awatzʼyaq .
kamik xuj bʼe che utikik taq cheʼ pa ri juyubʼ .
kin uloqʼoj le nutat .
cha qiʼj chik richaj .
xyil ix ha wayi .
na xnaʼtaj ta chke chi xeatinik .
rukʼ kʼu waʼ we riʼ, riix kkʼojiʼ jun utzalaj ikʼas lemal riʼ ch kiwachri winaq che man ekʼo ta iwukʼ, kʼate kʼu riʼ man kʼota jun winaq riʼ rajawaxik chiwech .
e petinaq pabʼe le rachalaxik .
kakaj le akʼalabʼ kewaʼik .
xuj chʼaybʼik .
ri nu chak are qʼaxel tzij .
kʼo na ruxlabʼ riawaj .
tajin kel loq, ri qʼij .
xuqʼiʼo xkamsax ri rachalal choch .
rinumam are kʼo uqʼinomal .
xkʼul mataj jumul, xubʼan jun nimalaj jabʼ, man xbʼe yetajta na xukʼis leuy uqʼ chike .
amaʼ ri nutzʼiʼ .
jewaʼ kat petik .
xin kosik rumal xin chakunik
iwech chi jujunal , ri wa .
x uqʼiʼo na xatat in taj .
in riq tajinaq pa ri kʼayibʼal .
na wetaʼmtaj .
kʼax le nuqʼabʼ .
utz le xubʼij lea chi .
ke matzʼibʼ .
kʼo rachalal patzʼoloj cheʼ ri peʼl .
ronojel waʼ we jastaq riʼ, xas ksach wi uwach waʼ; rukʼ we riʼ, riix, rajawaxik che kʼojun tyox laji kʼas lemal e kkʼojiʼ rii chʼawem rukʼ ridyos,
xmuqtaj ripatzʼan .
ri chʼichʼ tzijom kanoq pa ri ukʼolbʼal .
man kʼota ucholaj pataq ria wuj .
ja chike ikʼ leunima qʼij le tinamit na wal jaʼ ?
xe petik xol kikʼamaʼ .
kachuqʼ chut ri jaʼ chiapam .
xinbʼij iwi rchi xebʼe pa ar mita .
areʼ uxeʼ ojer tzij waral kʼicheʼ ubʼiʼ .
xkʼis rinusiʼ .
ja wi xkibʼij wi chi keʼe wi ?
¡ xaje kʼu riʼ, jachin taq rie kʼo pa ri judeʼa, chi chanim cheʼa nima jubʼi pataq ri juyubʼ,
kʼakʼ riabʼ .
la kʼojun na kakʼoxomaj taj ?
na utztale utʼisom leal mariy .
man yaʼtaltaj chiawe katok paja .
jeʼ, xatutzukuj .
are kel waj xaqibʼ uqʼij rixkʼojik .
rixun kur kkʼojiʼ pataq ri triko .
xinsa chik .
xutʼuy ubʼaʼ
na nutom tale tzij …
wachʼom rikiwa rinoʼs .
ekʼo jobʼ chʼilwa kʼ .
rajawixik chi pataq ritijobʼal , pa nikʼaj ubʼixik chik
ri rajaw rulew areʼ tatkel .
we kʼu xok ik , we kʼnax okta
wea chi xusipaj jun pʼot chwe .
a tat utaqoʼn leqʼatal tzij .
naqʼan ta uwachle qaprut .
rixaʼ r kʼo pa uwiʼ riqʼaqʼ k poqʼowik .
ri roqʼej ri ali jachak pe jun akʼal .
kʼojun ala patijobʼal .
säq uwiʼ ritataʼ .
ri wi tz ikʼ tajin k pe loq .
ja wi xsach on wi kan uyaʼik le pwaq che .
utz wea chiwe xin kunanik .
qonojel kuj waʼ pa uwiʼ rimexa .
ri kaxlaʼnik man poqon taj .
in xinbʼe rukʼ ri wachiʼl .
sibʼalaj jeʼl xkilo xe kitzoqopij rikichij chilaʼ .
kinbʼinik xin ʼek .
kʼax kʼolik, kachaʼ.
kutij ixim riakʼ .
rial ix chel ,x uqʼiʼox ajunakʼ xsipax che .
xqa sikʼij le ixoq chutzakik subʼ .
mata xabʼinsaj le chʼichʼ .
ri pix tzʼaral ik rumal rie qaʼn .
¿jampaʼ kel chi 3%
kʼojun nu kʼotoj chiʼaj .
tajin kewaʼ kat rialabʼom .
xin loqʼ le nu kʼakʼapoʼt .
na utzakik ta subʼ tajin kuʼ ano
xo ju taq chiʼ ij xoj waʼ ik .
iwech riabʼix.
saqrij ri chij .
aj sik che ritinamit kel wi ritataʼ .
-¡ ay! xa xintzaq uloq, kʼax we waqan .
xkʼul mataj pajun komon chiʼ uwach jun juyubʼ ,xu ri qajun qʼij xkiriq kibʼ junimul rukʼ le kok .
jas xa taq chiʼj le akʼal chutijik?
xinchapo su xuloqʼo .
qʼinom ria chi .
rikʼum ktijow rukʼ kabʼ .
tajin ke jachʼanik .
tzebʼal ukemik le pasa wumal .
are ka yoʼw le uchikopil le ubʼantajik try pa nosom ab ruce i .
we kat nimanik utzkelik .
pero noʼjimal petnaq loq, .
are le nu chak jun tz uqbʼalwibʼ .
xkunax leyawabʼ rumal leaj qʼij .
ri ukʼuʼx tzʼibʼ pa qatzije lajuj .
sibʼalaj jeʼl ik rie qabʼal xubʼan riluʼs .
sibʼalaj atkon .
e man xo riju puq kej .
na xnaʼtaj ta chke xeatinik .
ri kʼamalbʼe xubʼij chike, chimaj aria nim .
jumuchʼ rin ujunabʼ .
qʼi ptajinaq riraqan ritem .
kchakun rukʼ rijosbʼal cheʼ riajanel .
xa taq chiʼj le akʼal ch utijik kar .
oj kʼo paleroʼ chle awel .
¿la katpequkʼ chweʼq?
le winaq pale chʼichʼ e tʼuyul lo wi .
x kanaj kanoq chi uxeʼ rijabʼ richʼaʼn .
nim rija .
we ta xakunaj le atat mata xkam laʼ .
nan ukʼamom tuʼla riʼ.
chqa nukʼuʼ ri qatzij .
kimbʼe pale tinamit .
xin qʼiʼo naxinat in taj .
rajawaxik kakʼaman chawe le utijikle lej .
kʼisbʼal taq noʼjibʼal .
