x ine ʼ wa ʼ oq .
x kibʼan kʼax che leu wosaq ru mal man utz ta chik akayik .
ri q ʼutu ʼm man kech ta le akʼala bʼ .
are na nim ta leatz ʼi ʼ chu wach le n utz ʼi ʼ .
xe petik xol ki la ʼ .
¿jaw chi ʼ xata ʼ che x kam ri u mam ri po ʼx ?
e kebʼ kekʼam bʼik pa tuj .
xin loq ʼ jun japa ri wokaj ja .
ria x tu ʼbʼ , kʼo qulaj chech .
jas karajka ʼan chu tzak ik le ti ʼij .
xu tij le wa.
xim bʼal retzij .
x pa x ri bʼo ʼj .
we kawaj katin to ʼo xaq xu wi kabʼij chiwe .
jas nu kʼu kuch ʼo bʼo .
jas karaj ku tijo ?
xe x ru x la bʼ ri rikil .
enitz ʼa ʼ q le taqimul .
we tane inxin bʼano w ik , are le ate ʼ k x bʼano w ik .
kin tzalij pa le nu tina mit .
ri nu chaq ʼ kʼopa u ro ʼ q ʼatoj tijo nik pari tijo bʼal .
xin xi ʼj wi bʼ xin ch ʼaw ik .
kʼo ch waro ʼch le pare .
chi raqan kabʼin wiri tata ʼ .
x sachon kan u ya ʼik le p waq che choja .
xin q ʼax chi kixo ʼl ri winaq .
ketiko nik .
ri u lew man q ech taj , kech riqati ʼt qamam .
xepe le winaq xol kikʼama ʼ .
xu loq ʼri wuj ru mal ri ali .
chewe q ʼij kamik kʼo jun nu tzijo nem chirij le nu tina mit .
kej ri ʼ .
x kuna na laq ch we .
kin u si kʼij le nu nan .
ri i mul xuch ʼij taj , xkan aj pa bʼe , ru mal ri nimalkuj al uj ri i mul , xu tzaq ri a nim .
ku bʼan ri uxoq ʼo ʼl ri ajtz ʼaq .
ri la si bʼalaj utz chekuna bʼal .
kʼi kiwach rie ʼ ajchaki bʼ pari komonty ox , kʼate kʼut xa jun chi ajaw xel ;
x qata chixa tulik .
kawaj chi ka tʼe k .
ch ʼuti ʼ n kekan aj ri xa ja bʼ chech .
kaqa xi ʼj q i bʼ kaqa chapo .
e kʼo kebʼ u kʼ ajol le tat x wan .
lu ʼ su bʼi ʼ ri recham .
aj chiu wi ʼ mi q ʼinja ʼ ri lu ʼ .
xin ya kan le nu chi mpa kʼay bʼal .
kʼate x ri lo, x peri u nan che utzuku xik , xki kotik , xu sala bʼisaj ritaqu x kin .
x kikʼut chi u wach ri ajtij xuquje ʼ chikiwach ri taqnik ʼaj kach il .
utz le nu q ʼa bʼ .
ku l le al we ʼl pa austin chaq ʼa bʼ kamik .
riate ʼ k x tzaq loq are chi kʼopa u wi ʼ ri q ʼa ʼm .
aj pa tan ri te ʼ k .
xat qaj chiupam ri il .
la kʼo tzij naki kʼoxo maj taj ?
x sachon chke chi xea tinik .
ro nojel leu lewe cha laq .
la xe bʼe kʼula xe ʼ ki jaqa kʼu leu chi ʼ ja ?
xaq kat ch ʼok na jiwir .
kamik kʼo chiri jastaqa we .
are chi ʼ kakʼis ri juna bʼ kʼo q ʼi nom .
pa nawal ja ʼ xina le xik .
na xin ta taj we are ri akʼal kix tzuqu wi k .
¡ ru lew ri sa bʼ u lo ne ru lew ri neftali, u bʼeri polo w , ru lew ri jordan, gali le ʼ a kech ri je taq amaq ʼ !
rax , rax , rax , kʼo k ʼ, kʼo k ʼ, kʼo kʼle ru x la bʼ le taq tiko ʼn .
achi xat wilo .
paq al rajil le pix kamik .
xoj bʼi nik .
pa jun je ʼl tijo bʼal ku tijoj ri bʼ juna kʼal , u bʼi ʼ po ʼx , utzku ri lok e pa tijo bʼal ro nojel taq q ʼij .
x waj chixa tʼe taj .
utz la ʼle xu bʼij le achi .
weta ʼam jachin ka petik .
kin q ʼojoma nik .
xin q ʼi ʼota kʼal ik xin petik .
are ʼ reta ʼm cheki nopan ik .
areta bʼal eqa qajaw chat to ʼw ik .
kawinaq waqi bʼ q ʼataj .
naqaj chik cheri u waq kaj bʼal aretaq chi ʼ k sach u wach riq ʼij , kok ri q ʼe q u ʼm chu wachu lew , chi kʼate ʼ nari bʼe leje bʼ kaj bʼal .
jo bʼ raqan ri tz ʼalam xe poro xik .
si bʼalaj korij ri mop .
arewa ʼ .
jela ʼ pari ti minit ch wi kaby ok rech xelaj u ʼ, leqa nan qa tat kakitikoj e ʼl alaj taq u wachi chaj .
kʼax nuqul .
xu ʼl u kʼama ʼ .
koj ul kitzukuj .
are man kʼax ta u kuna xik aretaq aninaq ka ʼilitaj we ya bʼil al xuquje ʼ mojo ʼ qakuya ʼle kʼax kʼol il chech le jolom aj .
ri wel kʼopa tijon ik .
kawaj kin bʼij .
ri kotz ʼi ʼj k qa koj chiupam ri ja .
q ʼe q q ʼoj rij ri ama ʼ kej .
na x waj taj xin ch ʼaw ik .
ch peta bʼal e loq ʼalaj ja bʼ .
x sachon chke xat kisi kʼij .
e leq ʼal ch ʼich ʼ .
jachin xa wilo chi are x tijo w ri ti ʼj ?
ma taka bʼe le nu x bʼal pa le tina mit .
pim ru q , ri ali .
¿ kʼo ri muq ʼe chi awech ?
k qa bʼij man kekowin taj .
kin tij na.
kʼo jun qa tʼu ʼy paja !
kʼo puj chiupam ri ch ʼa ʼk .
aretaq kin kos ik kin warik .
xat wa ʼ ik xin wilo
in xin ch ʼayow lea chi .
konojel ri ala xik keʼetz ʼa nik .
jas ru kʼ x ki tij wi le kirik il ?
aninaq il kat petik .
nara xtau wach le juyu bʼ .
ri tz ʼalam tz ʼi bʼa bʼal rax k kayik .
we chat chaku nik , kʼo awa.
ma ʼtam xat pe cheriwa ʼim .
kamul kin wa ʼna .
ri sik il k tijo w ru kʼ ik .
kim bʼe aq ʼan ru kʼ le al tal in .
xoj ʼe k xe ʼ q ilal arqasok .
xe kiq ʼil le ajchaki bʼ x kiwok leja .
ma tane x waj le kʼu hj nem ru kʼ le ate ʼ k .
are xe ʼopan chiuchi ʼ ri juyu bʼ, x kilo chiman qasta kʼo q ʼayes .
kʼate kʼut , ri jesus man k kojon ta chkech rie ʼ are ʼ , ru mal rech che konojel reta ʼm kiwach ,
pa ʼ tz rij ri tz ʼi ʼ .
juwinaq waqi bʼ q ʼataj .
atel aq ʼom .
xaq atjo ʼ s.
ri q ʼatzu, are q ʼalaj ri uq ʼij il .
ajchak we ala .
u bʼe leju ka kʼal taqanik (29).
kebʼ nu bʼi ʼ kʼolik .
la katzalij lu ʼla aninaq ?
katzuku n la chwe .
lakaj lakoj bʼe ʼ pa le chomal chwe ʼ q ?
xin na bʼej chu tasik qa kʼoli bʼal .
la l xinto ʼw ik .
si bʼalaja no ʼji bʼal .
xoj petik xol qa kʼama ʼ .
si bʼalaj je ʼl ik ri u wa ʼl ri ichaj .
kʼax wij ru mal in pa cha lik .
aretaq xu kʼu lmaj wa ʼ xu l ri u choman ik xu bʼij : are utz wa aq ʼa bʼ kin walij ik , are cha ʼ chanim ki nopan pa tijo bʼal , maj chik in kʼu lmaj .
ojaj xojo lo bʼ pa awasq ʼij .
xin sach che leu wokik le tzij .
e jula juj ri akʼ .
xuta jam pa ʼ koj ʼek .
q ilik .
ri tijo xel man areta nim chu wach ri rajtij . ri utz tijo xel qas jeri ʼ kʼolik jas ri raj tij .
in xa tin ch ʼayo .
no ʼjim chak wu mal .
ch ʼu r ri joch ʼ .
inkin bʼij na kat sach taj .
uj maya bʼ .
ria bʼ aj ya tzalik .
tajin kepix bʼax ri akʼala bʼ .
chom ri aq .
xin warik .
elemen konojel ri akʼala bʼ .
tajin k q ʼana rik ri we re ʼ aj .
leu kemik lepas utz ( chawe ).
xuyu pu bʼa u wach ra ʼ chi , kacha ʼ , .
ri sa tanas kok pari judas rik bʼixiska ri ʼo tech rech , ri are ʼ jun ch kixo ʼl rie kabʼla juj .
chu chu ri par.
kinqumuj ri nu joch ʼ .
chech punción lumbar amaq ʼel rajawa xik chech ri lik leu kʼex bʼem wi le na bʼe ru kʼ leu kabʼ u kʼutu nem leya bʼil al .
q ʼalaj chi nakawaj taj kabʼij .
kʼo q ʼol chirij ri si ʼ .
jawi xoj ʼe wi chu loq ʼik ?
kʼo u loch ʼri tal in .
q ʼan rij ri ati ʼ tnukej .
la x tzalij la iwir?
xe si kʼixik , kʼate kʼu ri ʼ xe ya jik , xuquje ʼ xetaq bʼi cheusi kʼik lemes .
la kix warik ?
are kʼu le pa loma x xu bʼij che: - mam kat bʼi son taj , kin si kʼij nik ʼaj wachi ʼl kerapa pik .
a ʼ re e tijo xela bʼ .
ri alaj ali si ʼl xu bʼij x qachap pa utzal ri tyo x.
x sachon chke jachin xe a tinik .
jas xu rayij le anan xu tijo ?
xin kos ik .
rax ro nojel ri q ʼayes ru mal leja bʼ .
kin ya wa ʼ wech ʼich ʼpi nem na utz .
no ʼji mu pach ʼu xik le nu wi ʼ .
naj kʼowi le wo ʼch chu wach le tijo bʼal .
rio kibʼal kʼo chiu wach ri saq ja .
xe nu taq ch ʼij kekil le akʼala bʼ .
kʼo jun q ʼoxo w em chiwe .
tzari cho ʼm .
we choj bʼe pa le nimaq ʼij , keq il le ajxojolo bʼ .
xoj ʼe k xe ʼ q ilal arqasok .
riate ʼ k xuta ʼ chech rinan to ʼn :- nan jas che ʼ chiman k ajtala qa kʼa tisaj ri jo ʼ q .
ri pa l si bʼalaj xu ʼy .
kin koj ri jok bʼal u lew .
inkin bʼij na kat sach taj
at raj kun le nu nan .
ku qamuj u joron ri aj tzij .
lu ʼ tz ʼalam u bʼi ʼ ri achikel pa nim che ʼ .
je ʼ lik uti ʼ jo lal ri saq ko ʼ r.
kʼo jun xa ʼr paja .
xin loq ʼ jun kʼakʼ pa tan .
kʼax u kemik le pa sa wu mal .
aninaq u kemik le pasa wu mal
rich ʼa ʼn sachinaq pataqa bʼix .
rax taq le kotz ʼi ʼj .
me som kanoq riupam ja .
man areta ral axko sik .
ri komon xe ch pu p rech uq ʼa bʼ tina mit xo ʼla bʼ aj rech q ʼu markaj .
la u tzak ik kʼu su bʼ tajin ku ʼa no ?
katel a!
na xu tij taj .
xa ru mal keta ʼm konojel ri winaq k kiqumuj leja ʼ .
iwir xuj tzalij la pakʼay bʼal .
q eta ʼm cheri qawakuj u to ʼo .
ri ajtij , kyaj on chikech ri akʼala bʼ .
jas u bʼanom le nu ch ʼuti tat ?
ch we ʼ q kin bʼe pa nim tina mit .
utz we k iweta ʼmaj jasku bʼij ri chol bʼal q ʼij .
tajin kat ji lo w che uq ʼoxom jolom aj .
xin tik q ʼax chiu wach ri ja .
kʼax le ki bʼe le winaq .
loq ʼ katkun taj che leya bʼil (covid- 19).
ri nu xi bʼal kel pa qaj bʼal q ʼij .
x ril ri axwan chi x wa ʼ ri ala .
le ali x kuna tajik .
we taka pe leja bʼ kamik .
xin we ta ʼmaj china xat pe taj .
rip waq rech we q ʼa taj ri ʼ kesax chech ri toj bʼal kʼayin em .
k tij ri u wa ʼlik ru mal ri ki nimaq ʼij .
xuchapuku na xik .
chatan loq ali .
xin xu li ʼ qaj oq .
je ʼ lik k tijo w ri taqik ox .
kʼate kʼu ri le tat xo ʼr xu bʼij , man kawaj taj , man kawaj taj .
kʼo jun tz ʼi ʼ pa bʼe .
kamul xin pe che atzuku xik .
man tajin takin chaku nik .
kin chaku nik rech kat wa ʼik .
jas ru kʼ xa wil wichi xki qupij wi le ti ʼj .
jas u bʼixik … ?
koq ʼri akʼal .
kawaj na kat ʼe taj .
xat q ʼaj ik .
wem nacha loq ʼaxiyal , na kim bʼe ta a wu kʼ .
xopan le wuja wu kʼ ru mal wech in .
are kʼut pa le juyu bʼ k kʼiy joron, chila ʼ xe kikʼama wiri ja ʼ ri winaq .
koq ʼri akʼal .
we kʼo arajil chak ʼama loq .
are si bʼalaj kaq le apo ʼt chu wach le nu po ʼt .
xin kʼas taj pa kabʼla juj kaj bʼal .
kaqoy ʼej nakix pe taj .
ko kaxim ri chij xa jela ʼman kanima jta bʼ ik .
ri koknoj im x bʼek , xu ch ʼi jo xopan pa u kʼis bʼal il le anim .
xoj ki ʼ kotik aretaq xa tulik .
kaq itz ʼ naj ri uxa ja bʼ ri akʼal .
ri jesusk wa ʼkat pari nim rachoch ri dyos, chu xe ʼ ri jun ja che rachoch risa lo mon .
we taqanik ri ʼ ku bʼij chi rajawa xik k ya ʼ uq ʼij ri winaq xuquje ʼ k to ʼ aninaq il .
ria xu x are nari uku nel ri kinaq ʼ .
aretaq wa ʼri uq ʼijol we taqanik .
kʼo jun ta bʼal pa u wi ʼ ri xkan u lu bʼi ʼ la juj no ʼj .
yu ʼl u bʼanom ri u kolo bʼrikej .
xa nimaj ri akʼal chiu wach ri u chuch .
k ku nan ri achi .
kin wa ʼik rech na kin yowaj taj .
aj xik ch ʼich ʼri lu ʼs .
k waj che ix kix bʼano w ik .
a ʼ re xeto ʼ wa laq .
xoj ʼe k xe ʼ q ilal arqasok .
xin loq ʼ jun ch ʼich ʼ, qaj inaqu wach .
ku tʼis rip antalon .
e janipa le awal k ʼwa le kʼolik ?
utz u kemik le pas chawe .
ri max are aj q ʼa niya ʼ .
ma ta bʼ achiri q kʼax pa le bʼe .
tajin kanima j, ri me ʼ s.
ix i xe ʼ laq ʼoma bʼ !
x sa chan chwe .
e kʼo kʼi che ʼ, chi u wach ri juyu bʼ .
arewa ʼ ri nimalaj pixa bʼe arewa ʼ ri na bʼe .
x reta ʼmaj chi ru kʼ pakʼ ku tij wi
jas u tzak ik le su bʼ xu ʼa no ?
aj xo ʼy ri wi kan .
we tanea ʼ re xe tijo w le ri kil , are le komon xe tijo w ik .
si bʼalaj aninaq kach ʼaw le are ʼ chi nu wach in .
utz we kin chakuj .
me ʼ s la ʼ .
kʼo kan wa rech kaqatijo .
xin si kʼij la .
ri akʼal x sach kanoq jela ʼ pataq ʼaj .
xe si kʼij la .
jawi x kibʼij wi chike ʼe wi ?
ru mal che, man ix tari ʼ ri kix ch ʼaw ik , are ri ru xla bʼ axel ri i tat ri ʼ rik ch ʼaw na i wu kʼ ri ix .
kʼakʼ ri wachoch .
si bʼalaj utz kin wil le atz ʼya q rech nahuala .
saq por k kayri kipo ʼt ri nan .
x sachon ri nu chak chwe.
wa ʼim xu chapo .
ri q ʼaq ʼ tajin kajulu wi k .
naj il upam ri si wan .
e kʼo ri qachalal pa chiu wi ʼ la .
jas xa taq chi ʼj le akʼal chu tijik ?
no ʼji mu kemik le pasa wu mal .
kʼo jun ku ku bʼi ʼ tintin, wa ʼle laj ku kmam kaj e qitaj , kapaq ika xu lik pa u wi ʼ uq ʼa bʼ taq che ʼ, si bʼalaj sak ʼaj , ke ʼ uto lee nima ʼ q , ch ʼu tin , rachi ʼl , aj si pa nel si bʼalaj utzra nima ʼ .
ri u pixa bʼ leq ʼat bʼaltzij kiya ʼu bʼixik .
na x sachonta chke xea tinik .
xeq il le chi kop pu wi leja .
x lo ʼtaj ri akʼal .
qo nojel kuj wa ʼpa u wi ʼ ri me xa .
xsik irle waqan .
la xat wa ʼ kʼut ?
nim u bʼaq ʼri tulul .
kin xik ʼi kʼik xin q ʼa xik .
la kat bʼe pa le tina mit ?
ri pa l si bʼal aj saq ʼo r.
k q ʼoxo w nu jalom .
xin na ʼo chi kat petik .
x loq ʼu lewiwe chi x .
xin chakun ru kʼ ri nu mam .
na x qa bʼantaj .
k kʼoji ʼ bʼa ʼ ri u sipa nik ri ajaw xel jesus k ri sto ru kʼ ria wuxla bʼal !
kin ch ʼaw ru kʼ le nu nan pa lech ʼawe bʼal .
si bʼalaj q ʼe q u ʼm ru mal ri may ul .
are leba xu lik .
xe kos le ixoqi bʼ pa le bʼe .
kʼax ri lik le akʼal chawe .
xin q ʼi ʼ oxi na tin pa joron .
sibʼ alaj nim le tina mit .
kʼax u kemik le pa sa wu mal .
xin sachik .
tajin kelu kikʼel pa raqan ri tz ʼi ʼ .
xin weta ʼmaj ri lik wi bʼ
ri q ʼuq ʼ are jun je ʼl chi kop .
kʼopa jatijo bʼal ri wikaq ʼ .
ri sachi bʼal mak raj wa xik chi qaxo ʼl .
je ʼ, kim bʼek .
je la le ʼ ri nu p wi ʼ .
xu bʼij che: - jas xa bʼano tintin ?
kabʼan jun toq ʼo bʼ k ya k ri nuj al .
kat ʼe k xin ta .
jas leu kʼex bʼem ri bʼ le jun ru kʼ le jun chik ?
aj chiu wi ʼ mi q ʼinja ʼ ri lu ʼ .
ri tijo nel naj kpe wi.
te ʼ kix cho bʼ u bʼi ʼ ri nu tat .
ri ja ʼ kamiq ʼik chi u wach ri q ʼaq ʼ .
ri tʼu ʼyk paq ʼowik .
kin meson na .
naq ajat kʼowi chiwech .
xin bʼiso nik taq na xat pet taj .
we x kam ri winaq , rip waq rech toj bʼal makaj k ya ʼ chikech ri rala xik .
ri nu nan x bʼe pakʼay bʼal .
xoj u kʼam u loq rech koj ri lo
x kʼoto ch in chikiwach chi kin wa ʼaw u kʼ .
na xkikamsaj taj x kikʼam bʼi choja .
kʼakʼ ri ikʼ kamik .
xim bʼe ru kʼ le aj ku ni wir .
ri lik .
letz ʼi ʼ xekos ik .
xin kiko ta wu mal .
ri i mul xumaj ria nim , xuya kan le kok .
kʼo oj cheri akʼal .
xuj bʼe pa jun kʼula nem .
utz we k waral aq .
kaq ilo chi nakoj u kʼam taj .
x reta ʼmaj chi ru kʼ pa kʼ ku tij wi.
si bʼalaj xin kʼa ʼna rik .
xin kochij ri nu wa .
man kat kowin taj kat chakun ik , we man kʼota ri ajila bʼal .
we wonon xu bʼij chike :- k ixinto .
ri ala nim k ril wiri u mam .
x ka ʼy chirij , x ka ʼy chu wach , ma kʼota chi jun k si lo bʼik , xoq ʼik xu xe ʼj ri bʼ xch ʼopi nik x tzalij loq xu ri q ta chik ri u bʼe .
kʼo pus cheri wa.
pin em na kabʼe lewatz, kim bʼe wi in paka ʼyi bʼal .
ri nan to ʼn nim winaq chik , saq u wi ʼ, ro nojel aq ʼa bʼ utz kuna ʼo ka tʼuyi ʼ pa utem , ku mi q ʼisaj ri bʼ chori q ʼij , kʼo jun u wi ʼ umam u bʼi ʼate ʼ k .
man e kʼi taj ri q u la ʼ .
q ʼalaj chi nakawaj taj kabʼij
x paqa bʼi sax rajil ro nojel ri kem .
kʼo pari jul ri ku matz .
ro nojel q ʼij kin ch ʼaj le nu ware .
saq chi kan le ichaj rech katzako .
chu xel eqa chomal kaqatij wi jun qa me q ʼin .
chawila ʼ .
e kʼojo bʼ u mi ʼ al, ri nu tat .
jas ru kʼxa wil wi
je ʼjas ri winaq rech ri u wachu lew , xoquje ʼ kepe nari ʼ rie ʼ are ʼ che e rech ri u wachu lew ; je ʼ jas ri winaq rech ri kaj , xoquje ʼ kepe nari ʼ rie ʼ are ʼ e rech ri kaj .
xin tijo .
k tz ʼuj u w ri rachoch ripo ʼx .
xuq ʼi ʼo are leu kʼu lel xya ʼo w u wa .
ri awel x reta ʼmaj chi rajawa xik man ku xej tari bʼ cheri tukur .
ju kʼulaj winaq xe ʼa nimaj bʼik .
je ʼ, xin tzalij ik .
xoj petik xol qa kʼama ʼ .
maj jachin x ʼek .
in ajtij ; at tijo xel .
saq u wi ʼ ri tata ʼ .
wech ri kem .
le ro ʼch le ate ʼ k kʼo ch wach leu kʼay le nu nan .
k bʼe pari si ri ʼa e pari silisi ʼ a, jawi je ʼ kuya wiri kichuq ʼa bʼ ri komonty ox.
pixa bʼ : man utz taj kʼax kuj ch ʼaw chikij nik ʼaj qach il .
x kuna taj le ali ( ku mal ri ixoqi bʼ ).
ri xi bʼi bʼal chi kʼowi pataq ri qa kʼas lemal ro nojel q ʼij .
na kuj wart awaral .
on che k kʼoji ʼ ri utzil chixo ʼl , arech junam ri qa kojo nik , junam ri iwe chi x ru kʼ ri wech in .
pa ox q ʼij risa ʼn k bʼe naru kʼ ri aj kun .
kawinaq wuqu bʼ .
jas kawaj kin tijo ?
we taxat bʼe wu kʼ pa le tina mit , xa loq ʼtala ʼle u jastaq le akʼajol .
kebʼe pa wa ʼim .
xin loq ʼ kʼi wa.
pa jun nim kʼa che ʼlaj , kʼo jun k ʼwa ʼ si bʼalaj saq lo loj , nim u wach .
k waj katij ju bʼa ʼ wa.
ro nojel winaq k ril nari u kolo nem ri dyos » .
x kʼoto ch in chikiwach chi kin wa ʼaw u kʼ
k waj na kat ʼe taj .
la xa loq ʼ juna lej ?
e kʼo rie loq ʼoma nel .
riu kabʼ u bʼi ʼ ri nu mam are ya y .
kin jo pij ri i ja ʼ rech triko .
x na ʼtaj chke xe ati nik .
x ate ʼ q ila ʼ .
kakitij alan xa x ri winaq .
. . . kin bʼij chi arewa ʼ sin xi ʼ an.
na xin na bʼej ta chu tasik qa kʼoli bʼal .
ru mal rech cheweri in, kin ch ʼaw ru kʼ ri dyos pa ch ʼa bʼal , kch ʼaw na kʼu ri ʼ ri wuxla bʼal ru kʼ ri dyos, kʼate kʼut man kʼota u pa tan ri ʼ ch rech ri nu choma bʼal .
xe petik xkilo .
xuta we ka tʼek .
utz u kemik le pas chawe .
ri nu wa kax xu tij jun q ʼo q ʼ ru mal ri ʼ x kamik .
ru mal ri kʼix , man kewa ʼtaj ri winaq .
xe ʼu lik .
q ʼe q rij ri ama ʼ chij .
x raj ka ʼ e leu nan .
junam ki juna bʼ .
naq ʼalaj taj weka ʼe k .
ri wi x nam ch ʼaj ch ʼoj ri rachoch .
waral man kʼotaj aj awal .
na iwirta x ri lle kʼamol bʼe .
xin pe loq te kʼu ri ʼ xin tzukuj ro nojel ri nu rajil .
ri aj tiko nel kutik ri tzij .
kʼo e kikʼajol le achija bʼ .
ku tij q ʼayes ri ixpa ʼch .
pari wa ʼ bʼa le kʼo kawinaq achija bʼ .
si poj inaq ri nupam .
kaya ʼtajik ru kʼuti ʼo nem jun ri u riqom leya bʼil amolot setsé xuquje ʼ are kaya ʼtaj pataq ri juyu bʼ .
jachin ri achi ?
ri numam x kamik aretaq kʼo jumuch ʼla juj u juna bʼ .
kin kowin ik kin kʼam bʼi le p waq .
kin wilo chi utz ri aji ʼ .
xin q ʼil ri apo ʼx che man kachakun taj .
k wa ʼ chiu wach le taq ʼaj ri ama ʼ akʼ .
ri i mul xe poq ʼik pa jun ikʼ .
x kʼis kanoq ri qachak .
are ri ali xoj ilo w kanoq .
si bʼalaj ch ʼu ʼj ri amax .
kʼo nu wachi ʼ .
in chajin el kech le akʼala bʼ .
xe kos letz ʼi ʼ .
kin bʼe naku kʼ ri molaj .
ro nojel aq ʼa bʼ kin yi tz ʼri wakax .
karapi nik xu tzukuj chi jun awaj .
leu kemik lepas aninaq ( a wu mal ).
maj u rajil leq ʼa bʼarel .
kʼax ri ʼri kach ʼawi k .
xoj utaq chi ʼj le achi chu loq ʼi kichaj .
si bʼalaj kʼax ri x kʼu lma xik .
x kilo china kin kʼoxo maj taj .
x na ʼtaj chkech ixeatin ik .
x kʼoto ch in chikiwach chi xoj al wo ʼ qaku kʼ .
jun q ʼu ʼ q rajil ri kaxla ʼn wa.
xin wilo chi xe ʼel ik .
e kʼo ixoqi bʼ pa le kʼay bʼal .
man kʼotaj u kʼisik ri maya bʼaj la bʼal il .
risin k kʼiy pataq ʼaj .
rich ʼima man k kʼiytaj pataq ʼaj .
rajawa xik k ji kik ri waqän .
kawaj kin ʼek .
e kʼo oxi bʼakʼ .
xu bʼij ch we jawi at kʼo wi.
ch we ʼ q kuj bʼe ʼ pa muquj .
pa saq kʼa ja ʼ k bʼan wiri uq .
xoj ki si kʼij .
xin wil wi bʼ .
chaq ʼ chik ri wa.
kim bʼe nakapa le wo ʼch .
kawaj kin ʼek .
ri ch ʼu ʼ k tij ru kʼlej .
pari kiq ʼij kaminaq i bʼ k bʼan q ʼo ri kʼya ʼ rech aj : na bʼeri nan kutzukuj kan ri aj , kujach ʼo ʼ xuquje ku kʼeto .
jas kaj bʼal chanim ?
utz u choma nik ri ali .
pari q ʼij oxla juj tijax kin kʼis kebʼ juna bʼ kin chakun waral .
si bʼalaj ko , ri kʼakʼ ch ʼat .
jas karaj ku bʼij … ?
rich ʼich ʼ kasila bʼ ik .
pa ojer q ʼal pu l xaq xu wiri nim winaq ke kʼamow bʼe .
leu kuna xik leu kabʼ u kʼutu nik are ru kʼ e flor ni tina on u tuni bʼaxik le nifurtimo x chi ʼ le flor ni tina chech t. b. g.
are ri achi xin ch ʼayow ik .
juna chi u bʼi ku ʼx u sipaj kebʼ kʼa ʼm u lew rech kabʼan ri tijo bʼal , kamik , kʼo chik ajtij rech ri komon xech pu p .
xu malty oxij cheri ajtij ro nojel le xu kʼut chi u wach .
pari bʼe xkiraq junala ji mul saq rij , x kikʼam bʼik .
x ril le bʼa le ala .
jas ku bʼij chwe ?
leu kuna tajem are ru kʼ utzuku xik leu chi kopil pa jun u soli ku xe ʼ le kikʼ on leja ʼ rech jun nodo .
utz we n utz ʼi ʼ .
je ʼ, tajin kachapon ik .
kin u loq ʼoj le nu tat .
kawaj kim bʼe pa tina mit .
are la ʼ kin chakuj .
ri nima ʼ q taq winaq kʼo keta ʼma bʼal .
we taxat bʼe wu kʼ pa le tina mit , xa loq ʼ tawa ʼwe jastaq .
ri kikʼas lemal . wa iximu lew xa jun chima areta tini mit ri ma
riu kʼ ya bʼal naj upam .
xat qaj chiupam ri il .
noji mkat wa ʼik .
we kʼo jun k tuqa ʼ rik , ¿ la man xoquje ʼ taj kin tuqa ʼr ri in ?
ojoj woko lja .
awas k bʼan kʼax che jun nim winaq .
xin ch ʼaw apan ru kʼ lewana bʼ .
kʼax riupam ri ju ʼl .
tajin kewa ʼri i mul .
lakaj la kuj tzalij la aninaq ?
ru mal rech cheri makaj man kʼota u kowin em pi wi ʼ ri ix : ri ixman ix kʼota chi chuxe ʼ ri pixa bʼ, xa ne ix kʼo chuxe ʼ ri sipa nik .
nim raqan le che ʼ .
xin chapo .
are le tu ʼr le loq ʼoma nel .
xaskat kʼoji ʼ chiupam ri ch ʼich ʼ .
si bʼalaj nim raqan ri kʼamal bʼe .
letz ʼi bʼa bʼal wech in .
in xin to ʼw la .
xa je kʼu ri ʼ ri ix kamik ri ʼ man ix kaxlan winaq ta chik ; ri ix , ix rech riki tini mit rie ty oxlaj taq winaq , ix rech ri rachoch ri dyos .
xin tiko xlaj kʼal ichaj .
kaqa riq q i bʼ chwe ʼ q .
si bʼalaj utz cheri wi ʼ aj ri tuney .
we na jupulik ta xeqaj ik . . .
xin to ʼtaj cheri nu chak .
kʼo jun chikopu bʼi ʼpum .
poqon ri ik .
xoj bʼi nik .
xu ch ʼe k ro nojel le reta man ik x paqi ʼ k kʼax k wʼin ik xu bʼanaj kun .
kel u bʼik pari jude ʼaek tzalij chiu bʼi jumul pari gali le ʼ a.
xina xi bʼij pa bʼe .
je ʼl kʼolem chi awachoch .
ro nojel ri ya ʼtal il pa we q ʼataj , tz ʼaqat kiwach , man k tzaq ta kanoq xuquje ʼ man k tastaj .
xukunaj leya wa bʼ le aj q ʼij .
chi tata bʼej jas le kim bʼij .
ch ʼan al ri achi .
pa bʼo ko ʼ kachakun wiritax.
uj kʼopa u wuq q ʼij .
ki ʼ riu kabʼ ri aq aj .
kʼo rachalal pa tz ʼoloj che ʼ ri pe ʼl .
x kilo chi kin kʼoxo maj .
ri u kisak ʼ utzk ya ʼik chi u xe ʼ ri tiko ʼn .
aretaq chi ʼ kaq ʼan pu wi ʼ ri juku bʼ, ri achi che x kʼoji ʼ ri itzel uxla bʼal ru kʼ , kutach rech ri are ʼ, arechk kʼoji ʼ ru kʼ ri are ʼ .
na kabʼantaj ta wu mal .
x na ʼtaj chke xe ati nik .
xin paj ri nu t ri ko .
xe ʼok ri pok ʼ pari umexaripo ʼx .
kajuluw ri aq ʼa ʼl chiu xe ʼ ri tʼu ʼy .
awech le ja .
xuj bʼe patz u rik .
na bʼe xa topan ik .
riu kabʼ u bʼi ʼ ri nu mam are ya y .
u waj xaq u ka kʼal taqanik (28).
ma tak ʼo jun kakan aj kanoq , qo nojel koj bʼe k .
e nima ʼ q le altoma bʼ .
nim u wach ripo ʼt .
kojo nik pari utzij wa iximu lew .
jas xu kʼam bʼi letz ʼi ʼ xa wilo ?
xin petik , tat .
ri bʼelaj u wach .
chi tata bʼej jas ri kim bʼij .
je ʼl kuna ʼ ria bʼix chiupam ri ququ lew .
kin bʼiso ju wach lewal .
xu tʼuyu b ʼa ʼ .
nim ri awe q e le ʼ n xa riqo .
x ine ʼ wa ʼ oq .
chi ʼ kewa rwi le akʼala bʼ .
ri nu mi ʼ al xutaq loq jun taqo ʼm wuj chiwe .
q ʼe ʼ lik , rich aj pari bʼe .
la utz awach ? - utz malty ox , e kʼu ri at ? – utz malty ox .
xin kos ru mal nu chak .
k bʼe ku kʼ rie ʼ are ʼ e k tzalij pari nas are te ke ʼ u nimaj .
ri joj xu kʼam bʼik ri akʼ .
kʼo chi wachi ʼl chanim .
ku bʼij chech na ʼl kabʼan cheri atz ʼi bʼ .
e . . . in kawaj katzjoj bʼilach we .
mata xin ya j le ali .
jachin ru kʼ kat bʼe wi ?
kʼo si bʼalaj eta ʼma bʼal pari maya bʼ no ʼji bʼal .
e man xo ri jupuq kej .
kasumum ri kaq iq ʼ.
e kʼo kaji bʼa kʼala bʼ pa le bʼe .
je ʼ jas riu tat k ka ʼ yik .
xaqat molo nel tzij tal .
le nu tat kaloq ʼon chwe .
xaq tane kim bʼei wu kʼ .
x reta ʼma juch ʼaj ik .
ru mal la ʼx koj “ x al q ʼat ” cheu bʼi ʼ ri komon .
are leu kemik pas x reta ʼmaj .
ri wa ti ʼt ku bʼan nari u pa tan .
kʼakʼ le po ʼt .
reta ʼm u wach jachin x loq ʼo w ri pas .
kench ʼa bʼej le akʼala bʼ .
ya ʼtal chaq eqo nojel ri uj winaq utz kaq ilqi bʼ .
x koti ʼ paq ʼayes xoq ʼik .
kawinaq bʼe leje bʼ q ʼataj .
e kʼo kaji bʼ ral ri i mul , jun saq , jun q ʼan , jun q ʼe q , jun q ʼeqoj , si bʼalaj ketz ʼa nik , kech ʼopi nik ri alaj taqimul .
kcholol ri achachal .
kete kik ri ikʼ .
xe petik rechkewa ʼiw u kʼ .
tza tz ri uq ʼan il ri akʼ .
xoj tzalij ik xi xe ʼ qaq ʼat uj ku kʼ leita tina n .
ri yo ʼ xtaqa kʼala bʼ keki kʼux ri atz ʼya q .
we achi we xu sipaj jun po ʼt chwe x kamik .
k kowin ri kuna nel chekuna nik .
x ji q ʼ pari polo w .
xa ru mal si bʼalaj rajawa xik le loq ʼalaj ja ʼ, le winaq x kibʼij : chewe ikʼ ri ʼ qo nojel kuj bʼe cheutik ik taq che ʼ .
ri u nan erie rachalal kepe u loq ru kʼ ri are ʼ, kʼate kʼu ri ʼ, man kekowin taj keq i bʼ u koq ru kʼ , ru mal rech che e kʼo si bʼalaj winaq .
ru mal rech , che man kʼota jun k kowin cheu kojik jun tiki bʼal il chik chu wach ri kojom chik che are ri jesusk ri sto .
te kʼu ri ʼ xu tz ʼi bʼaj ri bʼ pari nimalaj tijo bʼal rech aj ku ʼn .
kajuluw rich ʼu mil chaq ʼa bʼ .
kʼis bʼal kanoq , xoquje ʼ k kam ri ixoq .
le ala xokik .
kʼo p waq pa u wi ʼ ri me xa .
are kawaj na kin ʼe taj .
ri ya wal ku koj ri ali chi u xe ʼ ri cha kach are usu ʼt .
nakaqa kʼam tu ʼ bʼi kamik .
ri ajtij ku bʼij chike: rajawa xik keqa chajij ri awaj , are u tiko ʼn ri ajaw .
xin tij mukuni wir .
kʼax leu wi ʼ taq le n uq ʼa bʼ .
xin loq ʼjunil bʼal wi bʼ .
wa ʼwe q ʼij , nim u bʼantajik .
riu xe ʼ al ri qa tina mit man kasach taj .
xoj bʼi nik .
ria chalal junam kiwach .
xin weta ʼmaj ri lik wi bʼ .
nim ri una ʼoj waj tij .
mi q ʼin ri kʼul .
aj q ʼojom ri ate ʼ k .
che le san ik che ʼ k bʼan wiri q ʼojom .
ka pe le awel pana walja ʼ .
ri meso nel tajin k chakun ik .
utz chaq e kaqato ʼ q i bʼ, taq kʼo kʼax kʼol il , kate we chi ʼ n ri ajaw paqa wi ʼ .
xa wilo, x q ʼa tan le ibʼoy .
xat kowin ik xa bʼano .
ki ʼri kʼawex .
kajil il ri bʼe .
le ali xel bʼik .
are ʼ x raj xin bʼano .
nim we abʼaj .
je ʼ lik uti ʼ jo lal ri saq ko ʼ r.
noj inaq ri kej .
we katijan xu xman katuto ʼta chi uq ʼat ixik le kʼakʼ ya bʼil corona virus ( 2019- nc ov).
na nim ta raqan wa ʼwe che ʼ .
utzalaj ajchak , ri we l .
¿jam pa ʼ kuj bʼe pa nimaq ʼij ?
rajawa xik ta nela ʼkat chakun wu kʼ .
xutaq chi ʼj pa wa ram pu lew .
man aretari axwan xel ik .
ria wi x xu loq ʼ rachoch re nimal .
are ri ixoq xin si kʼin u loq .
rich ʼi makʼat ʼon na .
la xi bʼan le ichak ?
kʼi tina mit e kʼopa ch ʼo ʼj .
kʼo jupuq chij chiu xe ʼ ri che ʼ .
ri u xaq ri abʼix are u warikej .
kawinaq q ʼataj .
la kix pe pa tijo bʼal ?
we kechajix taq le kʼ wa jachakin bʼij ; juna lik kʼo ja ʼ xuquje ʼ si bʼalaj saq lo loj .
x reta ʼ maj .
ri ala bʼom ri alitoma bʼ tajin kiki tijoj kibʼ rech su taq , are kakaj ki kibʼan nimaq achija bʼ chupam ri kikʼas lemal , xuquje kʼo chik jupuq bʼixo nel chupam ri komon .
la tz ʼu wach ri bʼe .
kʼakʼ ria ch ʼich ʼ .
qo nojel uj , uj maya bʼ taq winaq .
nojel q ʼij ri ati ʼ x kuyuq ʼuj le taqa waj jela ʼ pa nik ʼaj ja ʼ, chirij ri juyu bʼ u bʼi ʼ te na ʼ .
paq ʼom chik risi ʼ .
kin tzuku n che la .
kakitij le kinaq ʼ, le ichaj , leu wa ʼlik ru kʼlej .
xe kanaj kan le ajchaki bʼ .
ketikon ri achija bʼ .
si bʼalaj itzel u bʼantajik rich ʼi lakan .
ri ate ʼ k xu malty oxij cheri rati ʼt , ru mal ri utzalaj no ʼji bʼal xu kʼut chech .
k kamuli xu chak ri abʼix .
la xin utzukuj le tijo xel ?
are ʼ kachakun ro nojel q ʼij .
lee kʼa ʼna taq tz ʼi ʼ .
saq rij ri plam u x .
jas xaq ʼi ʼ oxa tijo .
jas ru kʼ xkichap wi u tijik le rik il ?
we katatin ru kʼ kʼa tan ja ʼman kuq ʼatej ta le kʼakʼ ya bʼil corona virus .
la kat bʼin pa le uxlan bʼal ?
la waral kʼux ixwa ʼwi ?
are le nu tat kin loq ʼo nik .
tajin k chakun ri ala .
kʼo ri ki ʼ kotem ala wu kʼ .
xuta jachin ka ʼek .
xat wa ʼik xin wilo .
x tzaq ri rachoch ru mal ri ja bʼ .
pa le jun ikʼ chik are nimaq ʼij .
e kebʼäm kebʼin pa u wi ʼ ri tem .
mem ri achi .
ri wi kanchali ʼ y kel pa juyu bʼ ch wi tziri bʼal .
le rajil , la paja xe laq ʼax wu ʼ bʼik ?
pari su ʼt pisom wiri lej .
koj petik kol qa kʼama ʼ .
tajin kat ch ʼopin chiu wach ritaq ʼaj .
leq ʼo rx ch ʼuq ik .
kʼax wa ʼimaw u mal .
kin bʼis on che lewal .
si bʼalaj kʼok ʼri awatz ʼya q .
kamik xuj bʼe cheutik ik taq che ʼ pari juyu bʼ .
kin u loq ʼoj le nu tat .
chaq i ʼj chik ri cha j .
xyi lix hawa yi .
na x na ʼtaj ta chke chi xe a tinik .
ru kʼ kʼu wa ʼwe ri ʼ, ri ix k kʼoji ʼ jun utzalaj i kʼas lemal ri ʼ ch kiwach ri winaq che man e kʼota iw u kʼ , kʼate kʼu ri ʼ man kʼota jun winaq ri ʼ rajawa xik chiwech .
e petinaq pa bʼe le rachala xik .
kakaj le akʼala bʼ kewa ʼik .
xuj ch ʼay bʼik .
ri nu chak are q ʼa xel tzij .
kʼo nar uxla bʼ ri awaj .
tajin kel loq , riq ʼij .
xu q ʼi ʼo x kamsax ri rachalal choch .
ri nu mam are kʼo uq ʼi nomal .
x kʼu lma taj jumul , xu bʼan jun nimalaj ja bʼ , man x bʼe yetaj tana xu kʼis leu yuq ʼ chike .
ama ʼri nu tz ʼi ʼ .
jewa ʼkat petik .
xin kos ik ru mal xin chaku nik
iwech chi jujunal , ri wa .
xuq ʼi ʼo na xata tin taj .
in ri q taj inaq pari kʼayi bʼal .
naweta ʼm taj .
kʼax le nuq ʼa bʼ .
utz le xu bʼij le achi .
kematz ʼi bʼ .
kʼo rachalal pa tz ʼoloj che ʼ ri pe ʼl .
ro nojel wa ʼwe jastaq ri ʼ, xa s k sach wi u wach wa ʼ ; ru kʼ we ri ʼ, ri ix , rajawa xik che kʼo junty oxlaji kʼas lemal e k kʼoji ʼ ri ich ʼawem ru kʼ ri dyos,
x muq taj ri patz ʼan .
rich ʼich ʼ tzijom kanoq pari u kʼol bʼal .
man kʼota u cholaj pataq ri a wuj .
ja chike ikʼ leu nimaq ʼij le tina mit nawal ja ʼ ?
xe petik xol kikʼama ʼ .
kachuq ʼ chu t ri ja ʼ chi apam .
xin bʼij iwir chi xe bʼe pa armita .
are ʼ u xe ʼ ojer tzij waral kʼi che ʼ u bʼi ʼ .
x kʼis ri nu si ʼ .
jawi x kibʼij wi chike ʼe wi ?
¡ xa je kʼu ri ʼ, jachin taq rie kʼo pari jude ʼ a , chi chanim che ʼ a nima ju bʼi pataq ri juyu bʼ,
kʼakʼ ria bʼ .
la kʼo jun naka kʼoxo maj taj ?
nau tz ta leu tʼisom le almariy .
man ya ʼtal taj chi awe katok paja .
je ʼ, xat utzukuj .
are kel waj xaqi bʼ uq ʼij rix kʼojik .
rix unkur k kʼoji ʼ pataq ri t ri ko .
xin sachik .
xu tʼuyu b ʼa ʼ
na nutom ta le tzij …
wach ʼom ri ki wari no ʼs .
e kʼojo bʼ ch ʼil wa kʼ .
rajawi xik chi pataq ri tijo bʼal , pa nik ʼaj u bʼixik chik
ri rajaw ru lew are ʼ tat kel .
we kʼu xokik , we kʼ na xok ta
we achi xu sipaj jun pʼot chwe .
a tat utaqo ʼn leq ʼatal tzij .
naq ʼan ta u wach le qap ru t .
ri xa ʼr kʼopa u wi ʼ ri q ʼaq ʼ k poq ʼowik .
ri roq ʼej ri alija chak pe juna kʼal .
kʼo jun alapa tijo bʼal .
säq u wi ʼ ri tata ʼ .
ri wi tz ikʼ tajin kpe loq .
jawi x sachon wi kan u ya ʼik le p waq che .
utz we achi we xin kuna nik .
qo nojel kuj wa ʼpa u wi ʼ ri me xa .
ri kaxla ʼnik man poqon taj .
in xin bʼe ru kʼ ri wachi ʼl .
si bʼalaj je ʼl x kilo xe kitz oqopij ri kichij chila ʼ .
kin bʼinik xin ʼek .
kʼax kʼolik , kacha ʼ .
kutij ixim ri akʼ .
ri ali x che l , xu q ʼi ʼo xa juna kʼ xsipa x che .
x qasi kʼij le ixoq chu tzak ik su bʼ .
ma taxa bʼinsaj lech ʼich ʼ .
ri pix tz ʼaral ik ru mal ri eqa ʼn .
¿jam pa ʼ kel chi 3%
kʼo jun nu kʼotoj chi ʼ aj .
tajin kewa ʼkat ri ala bʼom .
xin loq ʼ le nu kʼ akʼapo ʼt .
nau tzak ik ta su bʼ tajin ku ʼa no
xoj u taq chi ʼij xoj wa ʼik .
iwech ri abʼix .
saq rij ri chij .
aj sik cheri tina mit kel wiri tata ʼ .
- ¡ a y! xa xin tzaq u loq , kʼax we waqan .
x kʼu lma taj pa jun komon chi ʼ u wach jun juyu bʼ, xu ri qa jun q ʼij xki riq kibʼ junimul ru kʼlek ok .
jas xa taq chi ʼj le akʼal chu tijik ?
xin chapo su xu loq ʼo .
q ʼi nom ri achi .
ri kʼum k tijo w ru kʼ ka bʼ .
tajin kejach ʼa nik .
tze bʼal u kemik le pasa wu mal .
are kayo ʼw leu chi kopil leu bʼantajik try pano soma b ru cei .
we kat nima nik utzke lik .
perono ʼji mal pet naq loq , .
are le nu chak jun tz uq bʼal wi bʼ .
x kuna x leya wa bʼ ru mal le aj q ʼij .
ri u kʼu ʼx tz ʼi bʼ pa qatzijela juj .
si bʼalaj je ʼ lik rieqa bʼal xu bʼan ri lu ʼ s.
si bʼ alaja tkon .
e man xo ri jupuq kej .
na x na ʼtaj ta chke xea tinik .
ri kʼamal bʼe xu bʼij chike, chi maja ri a nim .
jumuch ʼri nu juna bʼ .
q ʼip taj inaq ri raqan ri tem .
k chakun ru kʼ ri jos bʼal che ʼ ri aja nel .
xataq chi ʼj le akʼal chu tijik kar .
oj kʼopa le ro ʼch le awel .
¿ la kat peq u kʼ chwe ʼ q ?
le winaq pa lech ʼich ʼe tʼuyu llo wi.
x kanaj kanoq chi u xe ʼ ri ja bʼ ri ch ʼa ʼn .
nim ri ja .
weta xaku naj lea tat ma tax kam la ʼ .
na nu kʼamom tu ʼla ri ʼ .
ch qa nu kʼu ʼri qatzij .
kim bʼe pa le tina mit .
xin q ʼi ʼo naxina tin taj .
rajawa xik kakʼaman chawe leu tijik le lej .
kʼis bʼal taqno ʼji bʼal .
x ine ʼ wa ʼ oq .
x kibʼan kʼax che leu wosaq ru mal man utz ta chik akayik .
ri q ʼutu ʼm man kech ta le akʼala bʼ .
are na nim ta leatz ʼi ʼ chu wach le n utz ʼi ʼ .
xe petik xol ki la ʼ .
¿jaw chi ʼ xata ʼ che x kam ri u mam ri po ʼx ?
e kebʼ kekʼam bʼik pa tuj .
xin loq ʼ jun japa ri wokaj ja .
ria x tu ʼbʼ , kʼo qulaj chech .
jas karajka ʼan chu tzak ik le ti ʼij .
xu tij le wa.
xim bʼal retzij .
x pa x ri bʼo ʼj .
we kawaj katin to ʼo xaq xu wi kabʼij chiwe .
jas nu kʼu kuch ʼo bʼo .
jas karaj ku tijo ?
xe x ru x la bʼ ri rikil .
enitz ʼa ʼ q le taqimul .
we tane inxin bʼano w ik , are le ate ʼ k x bʼano w ik .
kin tzalij pa le nu tina mit .
ri nu chaq ʼ kʼopa u ro ʼ q ʼatoj tijo nik pari tijo bʼal .
xin xi ʼj wi bʼ xin ch ʼaw ik .
kʼo ch waro ʼch le pare .
chi raqan kabʼin wiri tata ʼ .
x sachon kan u ya ʼik le p waq che choja .
xin q ʼax chi kixo ʼl ri winaq .
ketiko nik .
ri u lew man q ech taj , kech riqati ʼt qamam .
xepe le winaq xol kikʼama ʼ .
xu loq ʼri wuj ru mal ri ali .
chewe q ʼij kamik kʼo jun nu tzijo nem chirij le nu tina mit .
kej ri ʼ .
x kuna na laq ch we .
kin u si kʼij le nu nan .
ri i mul xuch ʼij taj , xkan aj pa bʼe , ru mal ri nimalkuj al uj ri i mul , xu tzaq ri a nim .
ku bʼan ri uxoq ʼo ʼl ri ajtz ʼaq .
ri la si bʼalaj utz chekuna bʼal .
kʼi kiwach rie ʼ ajchaki bʼ pari komonty ox , kʼate kʼut xa jun chi ajaw xel ;
x qata chixa tulik .
kawaj chi ka tʼe k .
ch ʼuti ʼ n kekan aj ri xa ja bʼ chech .
kaqa xi ʼj q i bʼ kaqa chapo .
e kʼo kebʼ u kʼ ajol le tat x wan .
lu ʼ su bʼi ʼ ri recham .
aj chiu wi ʼ mi q ʼinja ʼ ri lu ʼ .
xin ya kan le nu chi mpa kʼay bʼal .
kʼate x ri lo, x peri u nan che utzuku xik , xki kotik , xu sala bʼisaj ritaqu x kin .
x kikʼut chi u wach ri ajtij xuquje ʼ chikiwach ri taqnik ʼaj kach il .
utz le nu q ʼa bʼ .
ku l le al we ʼl pa austin chaq ʼa bʼ kamik .
riate ʼ k x tzaq loq are chi kʼopa u wi ʼ ri q ʼa ʼm .
aj pa tan ri te ʼ k .
xat qaj chiupam ri il .
la kʼo tzij naki kʼoxo maj taj ?
x sachon chke chi xea tinik .
ro nojel leu lewe cha laq .
la xe bʼe kʼula xe ʼ ki jaqa kʼu leu chi ʼ ja ?
xaq kat ch ʼok na jiwir .
kamik kʼo chiri jastaqa we .
are chi ʼ kakʼis ri juna bʼ kʼo q ʼi nom .
pa nawal ja ʼ xina le xik .
na xin ta taj we are ri akʼal kix tzuqu wi k .
¡ ru lew ri sa bʼ u lo ne ru lew ri neftali, u bʼeri polo w , ru lew ri jordan, gali le ʼ a kech ri je taq amaq ʼ !
rax , rax , rax , kʼo k ʼ, kʼo k ʼ, kʼo kʼle ru x la bʼ le taq tiko ʼn .
achi xat wilo .
paq al rajil le pix kamik .
xoj bʼi nik .
pa jun je ʼl tijo bʼal ku tijoj ri bʼ juna kʼal , u bʼi ʼ po ʼx , utzku ri lok e pa tijo bʼal ro nojel taq q ʼij .
x waj chixa tʼe taj .
utz la ʼle xu bʼij le achi .
weta ʼam jachin ka petik .
kin q ʼojoma nik .
xin q ʼi ʼota kʼal ik xin petik .
are ʼ reta ʼm cheki nopan ik .
areta bʼal eqa qajaw chat to ʼw ik .
kawinaq waqi bʼ q ʼataj .
naqaj chik cheri u waq kaj bʼal aretaq chi ʼ k sach u wach riq ʼij , kok ri q ʼe q u ʼm chu wachu lew , chi kʼate ʼ nari bʼe leje bʼ kaj bʼal .
jo bʼ raqan ri tz ʼalam xe poro xik .
si bʼalaj korij ri mop .
arewa ʼ .
jela ʼ pari ti minit ch wi kaby ok rech xelaj u ʼ, leqa nan qa tat kakitikoj e ʼl alaj taq u wachi chaj .
kʼax nuqul .
xu ʼl u kʼama ʼ .
koj ul kitzukuj .
are man kʼax ta u kuna xik aretaq aninaq ka ʼilitaj we ya bʼil al xuquje ʼ mojo ʼ qakuya ʼle kʼax kʼol il chech le jolom aj .
ri wel kʼopa tijon ik .
kawaj kin bʼij .
ri kotz ʼi ʼj k qa koj chiupam ri ja .
q ʼe q q ʼoj rij ri ama ʼ kej .
na x waj taj xin ch ʼaw ik .
ch peta bʼal e loq ʼalaj ja bʼ .
x sachon chke xat kisi kʼij .
e leq ʼal ch ʼich ʼ .
jachin xa wilo chi are x tijo w ri ti ʼj ?
ma taka bʼe le nu x bʼal pa le tina mit .
pim ru q , ri ali .
¿ kʼo ri muq ʼe chi awech ?
k qa bʼij man kekowin taj .
kin tij na.
kʼo jun qa tʼu ʼy paja !
kʼo puj chiupam ri ch ʼa ʼk .
aretaq kin kos ik kin warik .
xat wa ʼ ik xin wilo
in xin ch ʼayow lea chi .
konojel ri ala xik keʼetz ʼa nik .
jas ru kʼ x ki tij wi le kirik il ?
aninaq il kat petik .
nara xtau wach le juyu bʼ .
ri tz ʼalam tz ʼi bʼa bʼal rax k kayik .
we chat chaku nik , kʼo awa.
ma ʼtam xat pe cheriwa ʼim .
kamul kin wa ʼna .
ri sik il k tijo w ru kʼ ik .
kim bʼe aq ʼan ru kʼ le al tal in .
xoj ʼe k xe ʼ q ilal arqasok .
xe kiq ʼil le ajchaki bʼ x kiwok leja .
ma tane x waj le kʼu hj nem ru kʼ le ate ʼ k .
are xe ʼopan chiuchi ʼ ri juyu bʼ, x kilo chiman qasta kʼo q ʼayes .
kʼate kʼut , ri jesus man k kojon ta chkech rie ʼ are ʼ , ru mal rech che konojel reta ʼm kiwach ,
pa ʼ tz rij ri tz ʼi ʼ .
juwinaq waqi bʼ q ʼataj .
atel aq ʼom .
xaq atjo ʼ s.
ri q ʼatzu, are q ʼalaj ri uq ʼij il .
ajchak we ala .
u bʼe leju ka kʼal taqanik (29).
kebʼ nu bʼi ʼ kʼolik .
la katzalij lu ʼla aninaq ?
katzuku n la chwe .
lakaj lakoj bʼe ʼ pa le chomal chwe ʼ q ?
xin na bʼej chu tasik qa kʼoli bʼal .
la l xinto ʼw ik .
si bʼalaja no ʼji bʼal .
xoj petik xol qa kʼama ʼ .
si bʼalaj je ʼl ik ri u wa ʼl ri ichaj .
kʼax wij ru mal in pa cha lik .
aretaq xu kʼu lmaj wa ʼ xu l ri u choman ik xu bʼij : are utz wa aq ʼa bʼ kin walij ik , are cha ʼ chanim ki nopan pa tijo bʼal , maj chik in kʼu lmaj .
ojaj xojo lo bʼ pa awasq ʼij .
xin sach che leu wokik le tzij .
e jula juj ri akʼ .
xuta jam pa ʼ koj ʼek .
q ilik .
ri tijo xel man areta nim chu wach ri rajtij . ri utz tijo xel qas jeri ʼ kʼolik jas ri raj tij .
in xa tin ch ʼayo .
no ʼjim chak wu mal .
ch ʼu r ri joch ʼ .
inkin bʼij na kat sach taj .
uj maya bʼ .
ria bʼ aj ya tzalik .
tajin kepix bʼax ri akʼala bʼ .
chom ri aq .
xin warik .
elemen konojel ri akʼala bʼ .
tajin k q ʼana rik ri we re ʼ aj .
leu kemik lepas utz ( chawe ).
xuyu pu bʼa u wach ra ʼ chi , kacha ʼ , .
ri sa tanas kok pari judas rik bʼixiska ri ʼo tech rech , ri are ʼ jun ch kixo ʼl rie kabʼla juj .
chu chu ri par.
kinqumuj ri nu joch ʼ .
chech punción lumbar amaq ʼel rajawa xik chech ri lik leu kʼex bʼem wi le na bʼe ru kʼ leu kabʼ u kʼutu nem leya bʼil al .
q ʼalaj chi nakawaj taj kabʼij .
kʼo q ʼol chirij ri si ʼ .
jawi xoj ʼe wi chu loq ʼik ?
kʼo u loch ʼri tal in .
q ʼan rij ri ati ʼ tnukej .
la x tzalij la iwir?
xe si kʼixik , kʼate kʼu ri ʼ xe ya jik , xuquje ʼ xetaq bʼi cheusi kʼik lemes .
la kix warik ?
are kʼu le pa loma x xu bʼij che: - mam kat bʼi son taj , kin si kʼij nik ʼaj wachi ʼl kerapa pik .
a ʼ re e tijo xela bʼ .
ri alaj ali si ʼl xu bʼij x qachap pa utzal ri tyo x.
x sachon chke jachin xe a tinik .
jas xu rayij le anan xu tijo ?
xin kos ik .
rax ro nojel ri q ʼayes ru mal leja bʼ .
kin ya wa ʼ wech ʼich ʼpi nem na utz .
no ʼji mu pach ʼu xik le nu wi ʼ .
naj kʼowi le wo ʼch chu wach le tijo bʼal .
rio kibʼal kʼo chiu wach ri saq ja .
xe nu taq ch ʼij kekil le akʼala bʼ .
kʼo jun q ʼoxo w em chiwe .
tzari cho ʼm .
we choj bʼe pa le nimaq ʼij , keq il le ajxojolo bʼ .
xoj ʼe k xe ʼ q ilal arqasok .
riate ʼ k xuta ʼ chech rinan to ʼn :- nan jas che ʼ chiman k ajtala qa kʼa tisaj ri jo ʼ q .
ri pa l si bʼalaj xu ʼy .
kin koj ri jok bʼal u lew .
inkin bʼij na kat sach taj
at raj kun le nu nan .
ku qamuj u joron ri aj tzij .
lu ʼ tz ʼalam u bʼi ʼ ri achikel pa nim che ʼ .
je ʼ lik uti ʼ jo lal ri saq ko ʼ r.
kʼo jun xa ʼr paja .
xin loq ʼ jun kʼakʼ pa tan .
kʼax u kemik le pa sa wu mal .
aninaq u kemik le pasa wu mal
rich ʼa ʼn sachinaq pataqa bʼix .
rax taq le kotz ʼi ʼj .
me som kanoq riupam ja .
man areta ral axko sik .
ri komon xe ch pu p rech uq ʼa bʼ tina mit xo ʼla bʼ aj rech q ʼu markaj .
la u tzak ik kʼu su bʼ tajin ku ʼa no ?
katel a!
na xu tij taj .
xa ru mal keta ʼm konojel ri winaq k kiqumuj leja ʼ .
iwir xuj tzalij la pakʼay bʼal .
q eta ʼm cheri qawakuj u to ʼo .
ri ajtij , kyaj on chikech ri akʼala bʼ .
jas u bʼanom le nu ch ʼuti tat ?
ch we ʼ q kin bʼe pa nim tina mit .
utz we k iweta ʼmaj jasku bʼij ri chol bʼal q ʼij .
tajin kat ji lo w che uq ʼoxom jolom aj .
xin tik q ʼax chiu wach ri ja .
kʼax le ki bʼe le winaq .
loq ʼ katkun taj che leya bʼil (covid- 19).
ri nu xi bʼal kel pa qaj bʼal q ʼij .
x ril ri axwan chi x wa ʼ ri ala .
le ali x kuna tajik .
we taka pe leja bʼ kamik .
xin we ta ʼmaj china xat pe taj .
rip waq rech we q ʼa taj ri ʼ kesax chech ri toj bʼal kʼayin em .
k tij ri u wa ʼlik ru mal ri ki nimaq ʼij .
xuchapuku na xik .
chatan loq ali .
xin xu li ʼ qaj oq .
je ʼ lik k tijo w ri taqik ox .
kʼate kʼu ri le tat xo ʼr xu bʼij , man kawaj taj , man kawaj taj .
kʼo jun tz ʼi ʼ pa bʼe .
kamul xin pe che atzuku xik .
man tajin takin chaku nik .
kin chaku nik rech kat wa ʼik .
jas ru kʼ xa wil wichi xki qupij wi le ti ʼj .
jas u bʼixik … ?
koq ʼri akʼal .
kawaj na kat ʼe taj .
xat q ʼaj ik .
wem nacha loq ʼaxiyal , na kim bʼe ta a wu kʼ .
xopan le wuja wu kʼ ru mal wech in .
are kʼut pa le juyu bʼ k kʼiy joron, chila ʼ xe kikʼama wiri ja ʼ ri winaq .
koq ʼri akʼal .
we kʼo arajil chak ʼama loq .
are si bʼalaj kaq le apo ʼt chu wach le nu po ʼt .
xin kʼas taj pa kabʼla juj kaj bʼal .
kaqoy ʼej nakix pe taj .
ko kaxim ri chij xa jela ʼman kanima jta bʼ ik .
ri koknoj im x bʼek , xu ch ʼi jo xopan pa u kʼis bʼal il le anim .
xoj ki ʼ kotik aretaq xa tulik .
kaq itz ʼ naj ri uxa ja bʼ ri akʼal .
ri jesusk wa ʼkat pari nim rachoch ri dyos, chu xe ʼ ri jun ja che rachoch risa lo mon .
we taqanik ri ʼ ku bʼij chi rajawa xik k ya ʼ uq ʼij ri winaq xuquje ʼ k to ʼ aninaq il .
ria xu x are nari uku nel ri kinaq ʼ .
aretaq wa ʼri uq ʼijol we taqanik .
kʼo jun ta bʼal pa u wi ʼ ri xkan u lu bʼi ʼ la juj no ʼj .
yu ʼl u bʼanom ri u kolo bʼrikej .
xa nimaj ri akʼal chiu wach ri u chuch .
k ku nan ri achi .
kin wa ʼik rech na kin yowaj taj .
aj xik ch ʼich ʼri lu ʼs .
k waj che ix kix bʼano w ik .
a ʼ re xeto ʼ wa laq .
xoj ʼe k xe ʼ q ilal arqasok .
xin loq ʼ jun ch ʼich ʼ, qaj inaqu wach .
ku tʼis rip antalon .
e janipa le awal k ʼwa le kʼolik ?
utz u kemik le pas chawe .
ri max are aj q ʼa niya ʼ .
ma ta bʼ achiri q kʼax pa le bʼe .
tajin kanima j, ri me ʼ s.
ix i xe ʼ laq ʼoma bʼ !
x sa chan chwe .
e kʼo kʼi che ʼ, chi u wach ri juyu bʼ .
arewa ʼ ri nimalaj pixa bʼe arewa ʼ ri na bʼe .
x reta ʼmaj chi ru kʼ pakʼ ku tij wi
jas u tzak ik le su bʼ xu ʼa no ?
aj xo ʼy ri wi kan .
we tanea ʼ re xe tijo w le ri kil , are le komon xe tijo w ik .
si bʼalaj aninaq kach ʼaw le are ʼ chi nu wach in .
utz we kin chakuj .
me ʼ s la ʼ .
kʼo kan wa rech kaqatijo .
xin si kʼij la .
ri akʼal x sach kanoq jela ʼ pataq ʼaj .
xe si kʼij la .
jawi x kibʼij wi chike ʼe wi ?
ru mal che, man ix tari ʼ ri kix ch ʼaw ik , are ri ru xla bʼ axel ri i tat ri ʼ rik ch ʼaw na i wu kʼ ri ix .
kʼakʼ ri wachoch .
si bʼalaj utz kin wil le atz ʼya q rech nahuala .
saq por k kayri kipo ʼt ri nan .
x sachon ri nu chak chwe.
wa ʼim xu chapo .
ri q ʼaq ʼ tajin kajulu wi k .
naj il upam ri si wan .
e kʼo ri qachalal pa chiu wi ʼ la .
jas xa taq chi ʼj le akʼal chu tijik ?
no ʼji mu kemik le pasa wu mal .
kʼo jun ku ku bʼi ʼ tintin, wa ʼle laj ku kmam kaj e qitaj , kapaq ika xu lik pa u wi ʼ uq ʼa bʼ taq che ʼ, si bʼalaj sak ʼaj , ke ʼ uto lee nima ʼ q , ch ʼu tin , rachi ʼl , aj si pa nel si bʼalaj utzra nima ʼ .
ri u pixa bʼ leq ʼat bʼaltzij kiya ʼu bʼixik .
na x sachonta chke xea tinik .
xeq il le chi kop pu wi leja .
x lo ʼtaj ri akʼal .
qo nojel kuj wa ʼpa u wi ʼ ri me xa .
xsik irle waqan .
la xat wa ʼ kʼut ?
nim u bʼaq ʼri tulul .
kin xik ʼi kʼik xin q ʼa xik .
la kat bʼe pa le tina mit ?
ri pa l si bʼal aj saq ʼo r.
k q ʼoxo w nu jalom .
xin na ʼo chi kat petik .
x loq ʼu lewiwe chi x .
xin chakun ru kʼ ri nu mam .
na x qa bʼantaj .
k kʼoji ʼ bʼa ʼ ri u sipa nik ri ajaw xel jesus k ri sto ru kʼ ria wuxla bʼal !
kin ch ʼaw ru kʼ le nu nan pa lech ʼawe bʼal .
si bʼalaj q ʼe q u ʼm ru mal ri may ul .
are leba xu lik .
xe kos le ixoqi bʼ pa le bʼe .
kʼax ri lik le akʼal chawe .
xin q ʼi ʼ oxi na tin pa joron .
sibʼ alaj nim le tina mit .
kʼax u kemik le pa sa wu mal .
xin sachik .
tajin kelu kikʼel pa raqan ri tz ʼi ʼ .
xin weta ʼmaj ri lik wi bʼ
ri q ʼuq ʼ are jun je ʼl chi kop .
kʼopa jatijo bʼal ri wikaq ʼ .
ri sachi bʼal mak raj wa xik chi qaxo ʼl .
je ʼ, kim bʼek .
je la le ʼ ri nu p wi ʼ .
xu bʼij che: - jas xa bʼano tintin ?
kabʼan jun toq ʼo bʼ k ya k ri nuj al .
kat ʼe k xin ta .
jas leu kʼex bʼem ri bʼ le jun ru kʼ le jun chik ?
aj chiu wi ʼ mi q ʼinja ʼ ri lu ʼ .
ri tijo nel naj kpe wi.
te ʼ kix cho bʼ u bʼi ʼ ri nu tat .
ri ja ʼ kamiq ʼik chi u wach ri q ʼaq ʼ .
ri tʼu ʼyk paq ʼowik .
kin meson na .
naq ajat kʼowi chiwech .
xin bʼiso nik taq na xat pet taj .
we x kam ri winaq , rip waq rech toj bʼal makaj k ya ʼ chikech ri rala xik .
ri nu nan x bʼe pakʼay bʼal .
xoj u kʼam u loq rech koj ri lo
x kʼoto ch in chikiwach chi kin wa ʼaw u kʼ .
na xkikamsaj taj x kikʼam bʼi choja .
kʼakʼ ri ikʼ kamik .
xim bʼe ru kʼ le aj ku ni wir .
ri lik .
letz ʼi ʼ xekos ik .
xin kiko ta wu mal .
ri i mul xumaj ria nim , xuya kan le kok .
kʼo oj cheri akʼal .
xuj bʼe pa jun kʼula nem .
utz we k waral aq .
kaq ilo chi nakoj u kʼam taj .
x reta ʼmaj chi ru kʼ pa kʼ ku tij wi.
si bʼalaj xin kʼa ʼna rik .
xin kochij ri nu wa .
man kat kowin taj kat chakun ik , we man kʼota ri ajila bʼal .
we wonon xu bʼij chike :- k ixinto .
ri ala nim k ril wiri u mam .
x ka ʼy chirij , x ka ʼy chu wach , ma kʼota chi jun k si lo bʼik , xoq ʼik xu xe ʼj ri bʼ xch ʼopi nik x tzalij loq xu ri q ta chik ri u bʼe .
kʼo pus cheri wa.
pin em na kabʼe lewatz, kim bʼe wi in paka ʼyi bʼal .
ri nan to ʼn nim winaq chik , saq u wi ʼ, ro nojel aq ʼa bʼ utz kuna ʼo ka tʼuyi ʼ pa utem , ku mi q ʼisaj ri bʼ chori q ʼij , kʼo jun u wi ʼ umam u bʼi ʼate ʼ k .
man e kʼi taj ri q u la ʼ .
q ʼalaj chi nakawaj taj kabʼij
x paqa bʼi sax rajil ro nojel ri kem .
kʼo pari jul ri ku matz .
ro nojel q ʼij kin ch ʼaj le nu ware .
saq chi kan le ichaj rech katzako .
chu xel eqa chomal kaqatij wi jun qa me q ʼin .
chawila ʼ .
e kʼojo bʼ u mi ʼ al, ri nu tat .
jas ru kʼxa wil wi
je ʼjas ri winaq rech ri u wachu lew , xoquje ʼ kepe nari ʼ rie ʼ are ʼ che e rech ri u wachu lew ; je ʼ jas ri winaq rech ri kaj , xoquje ʼ kepe nari ʼ rie ʼ are ʼ e rech ri kaj .
xin tijo .
k tz ʼuj u w ri rachoch ripo ʼx .
xuq ʼi ʼo are leu kʼu lel xya ʼo w u wa .
ri awel x reta ʼmaj chi rajawa xik man ku xej tari bʼ cheri tukur .
ju kʼulaj winaq xe ʼa nimaj bʼik .
je ʼ, xin tzalij ik .
xoj petik xol qa kʼama ʼ .
maj jachin x ʼek .
in ajtij ; at tijo xel .
saq u wi ʼ ri tata ʼ .
wech ri kem .
le ro ʼch le ate ʼ k kʼo ch wach leu kʼay le nu nan .
k bʼe pari si ri ʼa e pari silisi ʼ a, jawi je ʼ kuya wiri kichuq ʼa bʼ ri komonty ox.
pixa bʼ : man utz taj kʼax kuj ch ʼaw chikij nik ʼaj qach il .
x kuna taj le ali ( ku mal ri ixoqi bʼ ).
ri xi bʼi bʼal chi kʼowi pataq ri qa kʼas lemal ro nojel q ʼij .
na kuj wart awaral .
on che k kʼoji ʼ ri utzil chixo ʼl , arech junam ri qa kojo nik , junam ri iwe chi x ru kʼ ri wech in .
pa ox q ʼij risa ʼn k bʼe naru kʼ ri aj kun .
kawinaq wuqu bʼ .
jas kawaj kin tijo ?
we taxat bʼe wu kʼ pa le tina mit , xa loq ʼtala ʼle u jastaq le akʼajol .
kebʼe pa wa ʼim .
xin loq ʼ kʼi wa.
pa jun nim kʼa che ʼlaj , kʼo jun k ʼwa ʼ si bʼalaj saq lo loj , nim u wach .
k waj katij ju bʼa ʼ wa.
ro nojel winaq k ril nari u kolo nem ri dyos » .
x kʼoto ch in chikiwach chi kin wa ʼaw u kʼ
k waj na kat ʼe taj .
la xa loq ʼ juna lej ?
e kʼo rie loq ʼoma nel .
riu kabʼ u bʼi ʼ ri nu mam are ya y .
kin jo pij ri i ja ʼ rech triko .
x na ʼtaj chke xe ati nik .
x ate ʼ q ila ʼ .
kakitij alan xa x ri winaq .
. . . kin bʼij chi arewa ʼ sin xi ʼ an.
na xin na bʼej ta chu tasik qa kʼoli bʼal .
ru mal rech cheweri in, kin ch ʼaw ru kʼ ri dyos pa ch ʼa bʼal , kch ʼaw na kʼu ri ʼ ri wuxla bʼal ru kʼ ri dyos, kʼate kʼut man kʼota u pa tan ri ʼ ch rech ri nu choma bʼal .
xe petik xkilo .
xuta we ka tʼek .
utz u kemik le pas chawe .
ri nu wa kax xu tij jun q ʼo q ʼ ru mal ri ʼ x kamik .
ru mal ri kʼix , man kewa ʼtaj ri winaq .
xe ʼu lik .
q ʼe q rij ri ama ʼ chij .
x raj ka ʼ e leu nan .
junam ki juna bʼ .
naq ʼalaj taj weka ʼe k .
ri wi x nam ch ʼaj ch ʼoj ri rachoch .
waral man kʼotaj aj awal .
na iwirta x ri lle kʼamol bʼe .
xin pe loq te kʼu ri ʼ xin tzukuj ro nojel ri nu rajil .
ri aj tiko nel kutik ri tzij .
kʼo e kikʼajol le achija bʼ .
ku tij q ʼayes ri ixpa ʼch .
pari wa ʼ bʼa le kʼo kawinaq achija bʼ .
si poj inaq ri nupam .
kaya ʼtajik ru kʼuti ʼo nem jun ri u riqom leya bʼil amolot setsé xuquje ʼ are kaya ʼtaj pataq ri juyu bʼ .
jachin ri achi ?
ri numam x kamik aretaq kʼo jumuch ʼla juj u juna bʼ .
kin kowin ik kin kʼam bʼi le p waq .
kin wilo chi utz ri aji ʼ .
xin q ʼil ri apo ʼx che man kachakun taj .
k wa ʼ chiu wach le taq ʼaj ri ama ʼ akʼ .
ri i mul xe poq ʼik pa jun ikʼ .
x kʼis kanoq ri qachak .
are ri ali xoj ilo w kanoq .
si bʼalaj ch ʼu ʼj ri amax .
kʼo nu wachi ʼ .
in chajin el kech le akʼala bʼ .
xe kos letz ʼi ʼ .
kin bʼe naku kʼ ri molaj .
ro nojel aq ʼa bʼ kin yi tz ʼri wakax .
karapi nik xu tzukuj chi jun awaj .
leu kemik lepas aninaq ( a wu mal ).
maj u rajil leq ʼa bʼarel .
kʼax ri ʼri kach ʼawi k .
xoj utaq chi ʼj le achi chu loq ʼi kichaj .
si bʼalaj kʼax ri x kʼu lma xik .
x kilo china kin kʼoxo maj taj .
x na ʼtaj chkech ixeatin ik .
x kʼoto ch in chikiwach chi xoj al wo ʼ qaku kʼ .
jun q ʼu ʼ q rajil ri kaxla ʼn wa.
xin wilo chi xe ʼel ik .
e kʼo ixoqi bʼ pa le kʼay bʼal .
man kʼotaj u kʼisik ri maya bʼaj la bʼal il .
risin k kʼiy pataq ʼaj .
rich ʼima man k kʼiytaj pataq ʼaj .
rajawa xik k ji kik ri waqän .
kawaj kin ʼek .
e kʼo oxi bʼakʼ .
xu bʼij ch we jawi at kʼo wi.
ch we ʼ q kuj bʼe ʼ pa muquj .
pa saq kʼa ja ʼ k bʼan wiri uq .
xoj ki si kʼij .
xin wil wi bʼ .
chaq ʼ chik ri wa.
kim bʼe nakapa le wo ʼch .
kawaj kin ʼek .
ri ch ʼu ʼ k tij ru kʼlej .
pari kiq ʼij kaminaq i bʼ k bʼan q ʼo ri kʼya ʼ rech aj : na bʼeri nan kutzukuj kan ri aj , kujach ʼo ʼ xuquje ku kʼeto .
jas kaj bʼal chanim ?
utz u choma nik ri ali .
pari q ʼij oxla juj tijax kin kʼis kebʼ juna bʼ kin chakun waral .
si bʼalaj ko , ri kʼakʼ ch ʼat .
jas karaj ku bʼij … ?
rich ʼich ʼ kasila bʼ ik .
pa ojer q ʼal pu l xaq xu wiri nim winaq ke kʼamow bʼe .
leu kuna xik leu kabʼ u kʼutu nik are ru kʼ e flor ni tina on u tuni bʼaxik le nifurtimo x chi ʼ le flor ni tina chech t. b. g.
are ri achi xin ch ʼayow ik .
juna chi u bʼi ku ʼx u sipaj kebʼ kʼa ʼm u lew rech kabʼan ri tijo bʼal , kamik , kʼo chik ajtij rech ri komon xech pu p .
xu malty oxij cheri ajtij ro nojel le xu kʼut chi u wach .
pari bʼe xkiraq junala ji mul saq rij , x kikʼam bʼik .
x ril le bʼa le ala .
jas ku bʼij chwe ?
leu kuna tajem are ru kʼ utzuku xik leu chi kopil pa jun u soli ku xe ʼ le kikʼ on leja ʼ rech jun nodo .
utz we n utz ʼi ʼ .
je ʼ, tajin kachapon ik .
kin u loq ʼoj le nu tat .
kawaj kim bʼe pa tina mit .
are la ʼ kin chakuj .
ri nima ʼ q taq winaq kʼo keta ʼma bʼal .
we taxat bʼe wu kʼ pa le tina mit , xa loq ʼ tawa ʼwe jastaq .
ri kikʼas lemal . wa iximu lew xa jun chima areta tini mit ri ma
riu kʼ ya bʼal naj upam .
xat qaj chiupam ri il .
noji mkat wa ʼik .
we kʼo jun k tuqa ʼ rik , ¿ la man xoquje ʼ taj kin tuqa ʼr ri in ?
ojoj woko lja .
awas k bʼan kʼax che jun nim winaq .
xin ch ʼaw apan ru kʼ lewana bʼ .
kʼax riupam ri ju ʼl .
tajin kewa ʼri i mul .
lakaj la kuj tzalij la aninaq ?
ru mal rech cheri makaj man kʼota u kowin em pi wi ʼ ri ix : ri ixman ix kʼota chi chuxe ʼ ri pixa bʼ, xa ne ix kʼo chuxe ʼ ri sipa nik .
nim raqan le che ʼ .
xin chapo .
are le tu ʼr le loq ʼoma nel .
xaskat kʼoji ʼ chiupam ri ch ʼich ʼ .
si bʼalaj nim raqan ri kʼamal bʼe .
letz ʼi bʼa bʼal wech in .
in xin to ʼw la .
xa je kʼu ri ʼ ri ix kamik ri ʼ man ix kaxlan winaq ta chik ; ri ix , ix rech riki tini mit rie ty oxlaj taq winaq , ix rech ri rachoch ri dyos .
xin tiko xlaj kʼal ichaj .
kaqa riq q i bʼ chwe ʼ q .
si bʼalaj utz cheri wi ʼ aj ri tuney .
we na jupulik ta xeqaj ik . . .
xin to ʼtaj cheri nu chak .
kʼo jun chikopu bʼi ʼpum .
poqon ri ik .
xoj bʼi nik .
xu ch ʼe k ro nojel le reta man ik x paqi ʼ k kʼax k wʼin ik xu bʼanaj kun .
kel u bʼik pari jude ʼaek tzalij chiu bʼi jumul pari gali le ʼ a.
xina xi bʼij pa bʼe .
je ʼl kʼolem chi awachoch .
ro nojel ri ya ʼtal il pa we q ʼataj , tz ʼaqat kiwach , man k tzaq ta kanoq xuquje ʼ man k tastaj .
xukunaj leya wa bʼ le aj q ʼij .
chi tata bʼej jas le kim bʼij .
ch ʼan al ri achi .
pa bʼo ko ʼ kachakun wiritax.
uj kʼopa u wuq q ʼij .
ki ʼ riu kabʼ ri aq aj .
kʼo rachalal pa tz ʼoloj che ʼ ri pe ʼl .
x kilo chi kin kʼoxo maj .
ri u kisak ʼ utzk ya ʼik chi u xe ʼ ri tiko ʼn .
aretaq chi ʼ kaq ʼan pu wi ʼ ri juku bʼ, ri achi che x kʼoji ʼ ri itzel uxla bʼal ru kʼ , kutach rech ri are ʼ, arechk kʼoji ʼ ru kʼ ri are ʼ .
na kabʼantaj ta wu mal .
x na ʼtaj chke xe ati nik .
xin paj ri nu t ri ko .
xe ʼok ri pok ʼ pari umexaripo ʼx .
kajuluw ri aq ʼa ʼl chiu xe ʼ ri tʼu ʼy .
awech le ja .
xuj bʼe patz u rik .
na bʼe xa topan ik .
riu kabʼ u bʼi ʼ ri nu mam are ya y .
u waj xaq u ka kʼal taqanik (28).
ma tak ʼo jun kakan aj kanoq , qo nojel koj bʼe k .
e nima ʼ q le altoma bʼ .
nim u wach ripo ʼt .
kojo nik pari utzij wa iximu lew .
jas xu kʼam bʼi letz ʼi ʼ xa wilo ?
xin petik , tat .
ri bʼelaj u wach .
chi tata bʼej jas ri kim bʼij .
je ʼl kuna ʼ ria bʼix chiupam ri ququ lew .
kin bʼiso ju wach lewal .
xu tʼuyu b ʼa ʼ .
nim ri awe q e le ʼ n xa riqo .
x ine ʼ wa ʼ oq .
chi ʼ kewa rwi le akʼala bʼ .
ri nu mi ʼ al xutaq loq jun taqo ʼm wuj chiwe .
q ʼe ʼ lik , rich aj pari bʼe .
la utz awach ? - utz malty ox , e kʼu ri at ? – utz malty ox .
xin kos ru mal nu chak .
k bʼe ku kʼ rie ʼ are ʼ e k tzalij pari nas are te ke ʼ u nimaj .
ri joj xu kʼam bʼik ri akʼ .
kʼo chi wachi ʼl chanim .
ku bʼij chech na ʼl kabʼan cheri atz ʼi bʼ .
e . . . in kawaj katzjoj bʼilach we .
mata xin ya j le ali .
jachin ru kʼ kat bʼe wi ?
kʼo si bʼalaj eta ʼma bʼal pari maya bʼ no ʼji bʼal .
e man xo ri jupuq kej .
kasumum ri kaq iq ʼ.
e kʼo kaji bʼa kʼala bʼ pa le bʼe .
je ʼ jas riu tat k ka ʼ yik .
xaqat molo nel tzij tal .
le nu tat kaloq ʼon chwe .
xaq tane kim bʼei wu kʼ .
x reta ʼma juch ʼaj ik .
ru mal la ʼx koj “ x al q ʼat ” cheu bʼi ʼ ri komon .
are leu kemik pas x reta ʼmaj .
ri wa ti ʼt ku bʼan nari u pa tan .
kʼakʼ le po ʼt .
reta ʼm u wach jachin x loq ʼo w ri pas .
kench ʼa bʼej le akʼala bʼ .
ya ʼtal chaq eqo nojel ri uj winaq utz kaq ilqi bʼ .
x koti ʼ paq ʼayes xoq ʼik .
kawinaq bʼe leje bʼ q ʼataj .
e kʼo kaji bʼ ral ri i mul , jun saq , jun q ʼan , jun q ʼe q , jun q ʼeqoj , si bʼalaj ketz ʼa nik , kech ʼopi nik ri alaj taqimul .
kcholol ri achachal .
kete kik ri ikʼ .
xe petik rechkewa ʼiw u kʼ .
tza tz ri uq ʼan il ri akʼ .
xoj tzalij ik xi xe ʼ qaq ʼat uj ku kʼ leita tina n .
ri yo ʼ xtaqa kʼala bʼ keki kʼux ri atz ʼya q .
we achi we xu sipaj jun po ʼt chwe x kamik .
k kowin ri kuna nel chekuna nik .
x ji q ʼ pari polo w .
xa ru mal si bʼalaj rajawa xik le loq ʼalaj ja ʼ, le winaq x kibʼij : chewe ikʼ ri ʼ qo nojel kuj bʼe cheutik ik taq che ʼ .
ri u nan erie rachalal kepe u loq ru kʼ ri are ʼ, kʼate kʼu ri ʼ, man kekowin taj keq i bʼ u koq ru kʼ , ru mal rech che e kʼo si bʼalaj winaq .
ru mal rech , che man kʼota jun k kowin cheu kojik jun tiki bʼal il chik chu wach ri kojom chik che are ri jesusk ri sto .
te kʼu ri ʼ xu tz ʼi bʼaj ri bʼ pari nimalaj tijo bʼal rech aj ku ʼn .
kajuluw rich ʼu mil chaq ʼa bʼ .
kʼis bʼal kanoq , xoquje ʼ k kam ri ixoq .
le ala xokik .
kʼo p waq pa u wi ʼ ri me xa .
are kawaj na kin ʼe taj .
ri ya wal ku koj ri ali chi u xe ʼ ri cha kach are usu ʼt .
nakaqa kʼam tu ʼ bʼi kamik .
ri ajtij ku bʼij chike: rajawa xik keqa chajij ri awaj , are u tiko ʼn ri ajaw .
xin tij mukuni wir .
kʼax leu wi ʼ taq le n uq ʼa bʼ .
xin loq ʼjunil bʼal wi bʼ .
wa ʼwe q ʼij , nim u bʼantajik .
riu xe ʼ al ri qa tina mit man kasach taj .
xoj bʼi nik .
ria chalal junam kiwach .
xin weta ʼmaj ri lik wi bʼ .
nim ri una ʼoj waj tij .
mi q ʼin ri kʼul .
aj q ʼojom ri ate ʼ k .
che le san ik che ʼ k bʼan wiri q ʼojom .
ka pe le awel pana walja ʼ .
ri meso nel tajin k chakun ik .
utz chaq e kaqato ʼ q i bʼ, taq kʼo kʼax kʼol il , kate we chi ʼ n ri ajaw paqa wi ʼ .
xa wilo, x q ʼa tan le ibʼoy .
xat kowin ik xa bʼano .
ki ʼri kʼawex .
kajil il ri bʼe .
le ali xel bʼik .
are ʼ x raj xin bʼano .
nim we abʼaj .
je ʼ lik uti ʼ jo lal ri saq ko ʼ r.
noj inaq ri kej .
we katijan xu xman katuto ʼta chi uq ʼat ixik le kʼakʼ ya bʼil corona virus ( 2019- nc ov).
na nim ta raqan wa ʼwe che ʼ .
utzalaj ajchak , ri we l .
¿jam pa ʼ kuj bʼe pa nimaq ʼij ?
rajawa xik ta nela ʼkat chakun wu kʼ .
xutaq chi ʼj pa wa ram pu lew .
man aretari axwan xel ik .
ria wi x xu loq ʼ rachoch re nimal .
are ri ixoq xin si kʼin u loq .
rich ʼi makʼat ʼon na .
la xi bʼan le ichak ?
kʼi tina mit e kʼopa ch ʼo ʼj .
kʼo jupuq chij chiu xe ʼ ri che ʼ .
ri u xaq ri abʼix are u warikej .
kawinaq q ʼataj .
la kix pe pa tijo bʼal ?
we kechajix taq le kʼ wa jachakin bʼij ; juna lik kʼo ja ʼ xuquje ʼ si bʼalaj saq lo loj .
x reta ʼ maj .
ri ala bʼom ri alitoma bʼ tajin kiki tijoj kibʼ rech su taq , are kakaj ki kibʼan nimaq achija bʼ chupam ri kikʼas lemal , xuquje kʼo chik jupuq bʼixo nel chupam ri komon .
la tz ʼu wach ri bʼe .
kʼakʼ ria ch ʼich ʼ .
qo nojel uj , uj maya bʼ taq winaq .
nojel q ʼij ri ati ʼ x kuyuq ʼuj le taqa waj jela ʼ pa nik ʼaj ja ʼ, chirij ri juyu bʼ u bʼi ʼ te na ʼ .
paq ʼom chik risi ʼ .
kin tzuku n che la .
kakitij le kinaq ʼ, le ichaj , leu wa ʼlik ru kʼlej .
xe kanaj kan le ajchaki bʼ .
ketikon ri achija bʼ .
si bʼalaj itzel u bʼantajik rich ʼi lakan .
ri ate ʼ k xu malty oxij cheri rati ʼt , ru mal ri utzalaj no ʼji bʼal xu kʼut chech .
k kamuli xu chak ri abʼix .
la xin utzukuj le tijo xel ?
are ʼ kachakun ro nojel q ʼij .
lee kʼa ʼna taq tz ʼi ʼ .
saq rij ri plam u x .
jas xaq ʼi ʼ oxa tijo .
jas ru kʼ xkichap wi u tijik le rik il ?
we katatin ru kʼ kʼa tan ja ʼman kuq ʼatej ta le kʼakʼ ya bʼil corona virus .
la kat bʼin pa le uxlan bʼal ?
la waral kʼux ixwa ʼwi ?
are le nu tat kin loq ʼo nik .
tajin k chakun ri ala .
kʼo ri ki ʼ kotem ala wu kʼ .
xuta jachin ka ʼek .
xat wa ʼik xin wilo .
x tzaq ri rachoch ru mal ri ja bʼ .
pa le jun ikʼ chik are nimaq ʼij .
e kebʼäm kebʼin pa u wi ʼ ri tem .
mem ri achi .
ri wi kanchali ʼ y kel pa juyu bʼ ch wi tziri bʼal .
le rajil , la paja xe laq ʼax wu ʼ bʼik ?
pari su ʼt pisom wiri lej .
koj petik kol qa kʼama ʼ .
tajin kat ch ʼopin chiu wach ritaq ʼaj .
leq ʼo rx ch ʼuq ik .
kʼax wa ʼimaw u mal .
kin bʼis on che lewal .
si bʼalaj kʼok ʼri awatz ʼya q .
kamik xuj bʼe cheutik ik taq che ʼ pari juyu bʼ .
kin u loq ʼoj le nu tat .
chaq i ʼj chik ri cha j .
xyi lix hawa yi .
na x na ʼtaj ta chke chi xe a tinik .
ru kʼ kʼu wa ʼwe ri ʼ, ri ix k kʼoji ʼ jun utzalaj i kʼas lemal ri ʼ ch kiwach ri winaq che man e kʼota iw u kʼ , kʼate kʼu ri ʼ man kʼota jun winaq ri ʼ rajawa xik chiwech .
e petinaq pa bʼe le rachala xik .
kakaj le akʼala bʼ kewa ʼik .
xuj ch ʼay bʼik .
ri nu chak are q ʼa xel tzij .
kʼo nar uxla bʼ ri awaj .
tajin kel loq , riq ʼij .
xu q ʼi ʼo x kamsax ri rachalal choch .
ri nu mam are kʼo uq ʼi nomal .
x kʼu lma taj jumul , xu bʼan jun nimalaj ja bʼ , man x bʼe yetaj tana xu kʼis leu yuq ʼ chike .
ama ʼri nu tz ʼi ʼ .
jewa ʼkat petik .
xin kos ik ru mal xin chaku nik
iwech chi jujunal , ri wa .
xuq ʼi ʼo na xata tin taj .
in ri q taj inaq pari kʼayi bʼal .
naweta ʼm taj .
kʼax le nuq ʼa bʼ .
utz le xu bʼij le achi .
kematz ʼi bʼ .
kʼo rachalal pa tz ʼoloj che ʼ ri pe ʼl .
ro nojel wa ʼwe jastaq ri ʼ, xa s k sach wi u wach wa ʼ ; ru kʼ we ri ʼ, ri ix , rajawa xik che kʼo junty oxlaji kʼas lemal e k kʼoji ʼ ri ich ʼawem ru kʼ ri dyos,
x muq taj ri patz ʼan .
rich ʼich ʼ tzijom kanoq pari u kʼol bʼal .
man kʼota u cholaj pataq ri a wuj .
ja chike ikʼ leu nimaq ʼij le tina mit nawal ja ʼ ?
xe petik xol kikʼama ʼ .
kachuq ʼ chu t ri ja ʼ chi apam .
xin bʼij iwir chi xe bʼe pa armita .
are ʼ u xe ʼ ojer tzij waral kʼi che ʼ u bʼi ʼ .
x kʼis ri nu si ʼ .
jawi x kibʼij wi chike ʼe wi ?
¡ xa je kʼu ri ʼ, jachin taq rie kʼo pari jude ʼ a , chi chanim che ʼ a nima ju bʼi pataq ri juyu bʼ,
kʼakʼ ria bʼ .
la kʼo jun naka kʼoxo maj taj ?
nau tz ta leu tʼisom le almariy .
man ya ʼtal taj chi awe katok paja .
je ʼ, xat utzukuj .
are kel waj xaqi bʼ uq ʼij rix kʼojik .
rix unkur k kʼoji ʼ pataq ri t ri ko .
xin sachik .
xu tʼuyu b ʼa ʼ
na nutom ta le tzij …
wach ʼom ri ki wari no ʼs .
e kʼojo bʼ ch ʼil wa kʼ .
rajawi xik chi pataq ri tijo bʼal , pa nik ʼaj u bʼixik chik
ri rajaw ru lew are ʼ tat kel .
we kʼu xokik , we kʼ na xok ta
we achi xu sipaj jun pʼot chwe .
a tat utaqo ʼn leq ʼatal tzij .
naq ʼan ta u wach le qap ru t .
ri xa ʼr kʼopa u wi ʼ ri q ʼaq ʼ k poq ʼowik .
ri roq ʼej ri alija chak pe juna kʼal .
kʼo jun alapa tijo bʼal .
säq u wi ʼ ri tata ʼ .
ri wi tz ikʼ tajin kpe loq .
jawi x sachon wi kan u ya ʼik le p waq che .
utz we achi we xin kuna nik .
qo nojel kuj wa ʼpa u wi ʼ ri me xa .
ri kaxla ʼnik man poqon taj .
in xin bʼe ru kʼ ri wachi ʼl .
si bʼalaj je ʼl x kilo xe kitz oqopij ri kichij chila ʼ .
kin bʼinik xin ʼek .
kʼax kʼolik , kacha ʼ .
kutij ixim ri akʼ .
ri ali x che l , xu q ʼi ʼo xa juna kʼ xsipa x che .
x qasi kʼij le ixoq chu tzak ik su bʼ .
ma taxa bʼinsaj lech ʼich ʼ .
ri pix tz ʼaral ik ru mal ri eqa ʼn .
¿jam pa ʼ kel chi 3%
kʼo jun nu kʼotoj chi ʼ aj .
tajin kewa ʼkat ri ala bʼom .
xin loq ʼ le nu kʼ akʼapo ʼt .
nau tzak ik ta su bʼ tajin ku ʼa no
xoj u taq chi ʼij xoj wa ʼik .
iwech ri abʼix .
saq rij ri chij .
aj sik cheri tina mit kel wiri tata ʼ .
- ¡ a y! xa xin tzaq u loq , kʼax we waqan .
x kʼu lma taj pa jun komon chi ʼ u wach jun juyu bʼ, xu ri qa jun q ʼij xki riq kibʼ junimul ru kʼlek ok .
jas xa taq chi ʼj le akʼal chu tijik ?
xin chapo su xu loq ʼo .
q ʼi nom ri achi .
ri kʼum k tijo w ru kʼ ka bʼ .
tajin kejach ʼa nik .
tze bʼal u kemik le pasa wu mal .
are kayo ʼw leu chi kopil leu bʼantajik try pano soma b ru cei .
we kat nima nik utzke lik .
perono ʼji mal pet naq loq , .
are le nu chak jun tz uq bʼal wi bʼ .
x kuna x leya wa bʼ ru mal le aj q ʼij .
ri u kʼu ʼx tz ʼi bʼ pa qatzijela juj .
si bʼalaj je ʼ lik rieqa bʼal xu bʼan ri lu ʼ s.
si bʼ alaja tkon .
e man xo ri jupuq kej .
na x na ʼtaj ta chke xea tinik .
ri kʼamal bʼe xu bʼij chike, chi maja ri a nim .
jumuch ʼri nu juna bʼ .
q ʼip taj inaq ri raqan ri tem .
k chakun ru kʼ ri jos bʼal che ʼ ri aja nel .
xataq chi ʼj le akʼal chu tijik kar .
oj kʼopa le ro ʼch le awel .
¿ la kat peq u kʼ chwe ʼ q ?
le winaq pa lech ʼich ʼe tʼuyu llo wi.
x kanaj kanoq chi u xe ʼ ri ja bʼ ri ch ʼa ʼn .
nim ri ja .
weta xaku naj lea tat ma tax kam la ʼ .
na nu kʼamom tu ʼla ri ʼ .
ch qa nu kʼu ʼri qatzij .
kim bʼe pa le tina mit .
xin q ʼi ʼo naxina tin taj .
rajawa xik kakʼaman chawe leu tijik le lej .
kʼis bʼal taqno ʼji bʼal .
