x ineʼ waʼo q.
xkibʼan kʼax che le u wo saq rumal man utz ta chika kayik .
ri qʼutuʼm man kech ta lea kʼalabʼ .
are na nim ta lea tzʼiʼ chu wach le nu tzʼiʼ .
xe petik x ol ki laʼ .
¿jaw chiʼ xa taʼ che x kam riu mam ri poʼx ?
e kebʼ kekʼambʼik pa tuj .
x in loqʼ jun ja pari wokaj ja .
riax tuʼ bʼ , kʼo qu laj chech .
jas karaj kaʼan chu tzakik le tiʼ ij .
xutij le wa .
ximbʼal re tzij .
x pa x ri bʼoʼj .
weka waj kat in toʼo xaq xuwi kabʼij chiwe .
jas nu kʼuku chʼobʼo .
jas karaj kutijo ?
xe x ru x labʼ ri rikil .
e ni tzʼaʼq le taqim ul .
weta ne in x inbʼanow ik , are lea teʼk xbʼanow ik .
kin tzalij pale nu tinamit .
ri nu chaqʼ kʼo pau roʼ qʼatoj tijonik pari tijobʼal .
x in xiʼ jwibʼ x in chʼawik .
kʼo ch waroʼ ch le pare .
chi raqan kabʼin wiritataʼ .
xsachon ka nu yaʼik le pwaq chech oja .
xinqʼax chikixoʼl riwinaq .
ke tikonik .
ri ulew man qechtaj , kech riqa tiʼt qa mam .
xepe lewinaq x ol kikʼamaʼ .
xu loqʼ ri wuj rumal riali .
che we qʼij kamik kʼojun nu tzijonem chirij le nu tinamit .
kej riʼ.
xkuna na laq chwe .
kinu sikʼij le nu nan .
rii mul xu chʼij taj , xkanaj pabʼe , rumal ri nimal ku jaluj rii mul , xu tzaq rianim .
kubʼan ri u xoqʼoʼl riaj tzʼaq .
rila sibʼalaj utz che kunabʼal .
kʼi kiwach rieʼ aj chakibʼ pari komon tyox , kʼate kʼut xa jun chia jaw xel ;
xqata chixa tulik .
ka waj chi katʼek .
chʼu tiʼn kekanaj ri xa jabʼ chech .
kaqaxiʼj qibʼ kaqachapo .
ekʼokebʼ u kʼajol le tat x wan .
luʼ su bʼiʼ ri rech am .
aj chiu wiʼ mi qʼinjaʼ riluʼ .
x in yakan le nu ch im pakʼaybʼal .
kʼatex ri lo , x peri unan che u tzukuxik , xkikotik , xu sa la bʼisaj ri taqux kin .
xkikʼut chiu wach riaj tij xuqujeʼ chikiwach ri taq nikʼaj kachil .
utz le nuqʼabʼ .
kul le al weʼl paa u stin chaqʼabʼ kamik .
ria teʼk x tzaq loq are chi kʼo pau wiʼ riqʼaʼm .
aj patan ri teʼ k.
xat qaj chiupam riil .
la kʼo tzij na ki kʼoxomaj taj ?
xsachon chke chixe atinik .
ronojel le ulew e cha laq .
la xebʼe kʼulaxeʼ kijaqa kʼule u chiʼ ja ?
xaq kat chʼoknaj iwir .
kamik kʼo chiri jastaq a we .
arechiʼ kakʼis ri junabʼ kʼo qʼinom .
pa na wal jaʼ x inalexik .
na xin tataj we are ria kʼal kix tzuquwik .
¡ rulew ri sabʼul oner ulew ri ne ftali, ubʼe ri polow , rulew ri jord an ,g alileʼa kech rijetaqa maqʼ !
rax , rax , rax , kʼo kʼ, kʼo kʼ, kʼo kʼ le rux labʼ le taq tikoʼn .
achix at wilo .
paqal rajil le pixkamik .
x oj bʼinik .
pajun jeʼl tijobʼal kutijoj ribʼ jun akʼal , ubʼiʼ poʼx , utz kurilo kepa tijobʼal ronojel taq qʼij .
x waj chixa tʼe taj .
utz laʼ le xubʼij le a chi .
wetaʼam jach in kapetik .
kin qʼojomanik .
x inqʼiʼota kʼalik xin petik .
areʼ retaʼm che kin opanik .
aretabʼa le qa qajaw ch at toʼwik .
kawinaq waqibʼ qʼataj .
naqaj chik cheri u waq kajbʼal aretaq chiʼ ksach u wach ri qʼij , kok ri qʼequʼm chu wach ulew , chi kʼateʼ na ri bʼe le jebʼ kajbʼal .
jobʼ raqan ri tzʼalam xe poroxik .
sibʼalaj korij ri mop .
arewaʼ .
jelaʼ pari timinit chwi kab y ok rech xelajuʼ , le qanan qatat kakitiko jeʼlalaj taq u wach ichaj .
kʼaxnuqul .
xuʼl u kʼamaʼ .
koj ul kitzukuj .
are man kʼax ta u kunaxik aretaq an inaq kaʼilitaj we yabʼilal xuqujeʼ mojoʼ qa kuyaʼ le kʼax kʼolil chech le jolomaj .
ri wel kʼo pa tijonik .
ka waj kinbʼij .
rikotzʼiʼj kqakoj chiupam rija .
qʼeqqʼoj rij ria maʼ kej .
na x waj taj x in chʼawik .
chpetabʼal e loqʼalaj jabʼ .
xsachon chke xat kisikʼij .
eleqʼal chʼi chʼ .
jach in xa wilo chi are xtijow ri tiʼj ?
ma takabʼe le nu x bʼal pale tinamit .
p im ruq , riali .
¿ kʼo ri muqʼe chia wech ?
kqabʼij man kekowintaj .
kin tijna .
kʼo jun qa tʼuʼy paja !
kʼo puj chiupam ri chʼaʼ k.
aretaq kin kosik kin warik .
xat waʼ ik xin wilo
in x in chʼayow lea chi .
konojel ria laxik keʼetzʼan ik .
jas rukʼ xkitij wi le ki ri kil ?
an inaqil kat petik .
na rax ta u wach le juyubʼ .
ri tzʼalam tzʼibʼa bʼal rax kkayik .
wech at chakunik , kʼo a wa .
maʼtam xat pecheriwaʼ im .
kamul kin waʼ na .
ri sikil ktijow rukʼ ik .
ki mbʼeaqʼ an rukʼ le altalin .
x ojʼek xeʼqil al ar qas ok .
xekiqʼil leaj chakibʼ xkiwok le ja .
mat anex waj le kʼuh j nem rukʼ le a teʼk .
are xeʼopan chiuchiʼ ri juyubʼ , xkilo chiman qas takʼo qʼayes .
kʼate kʼut , ri jesus man kkoj on ta chkech ri eʼareʼ , rumal rech che konojel retaʼm kiwach ,
paʼ tzrij ri tzʼiʼ .
juwinaq waqibʼ qʼataj .
ate laqʼom .
xaq at joʼs .
ri qʼatzu, are qʼalaj ri u qʼijil .
aj chak wea la .
ubʼe le ju kakʼal taqanik (29) .
kebʼ nu bʼiʼ kʼolik .
la katzalij luʼ laan inaq ?
katzukun la chwe .
la kaj la kojbʼeʼ pale chomal chweʼq ?
x in nabʼej chu tasik qa kʼolibʼal .
lal xintoʼw ik .
sibʼalaj a noʼjibʼal .
x oj petik x ol qa kʼamaʼ .
sibʼalaj jeʼl ik riu waʼl ri ichaj .
kʼax wij rumal in pachalik .
aretaq xukʼul maj waʼ x ul ri u chomanik xubʼij : are utz waa qʼabʼ kin walijik , are chaʼ chanim kin opan pa tijobʼal , maj chikin kʼul maj .
oj aj x ojolobʼ paa wasqʼij .
x in sach chele u wokik le tzij .
e julajuj ri akʼ .
xuta jampaʼ kojʼ e k.
qilik .
ri tijoxel man areta nim chu wach ri raj tij. ri utz tijoxel qas jeriʼ kʼolik jas ri raj tij .
in xat in chʼayo .
noʼjim chak wumal .
chʼ ur ri jochʼ .
in kinbʼij na kat sachtaj .
uj mayabʼ .
ri abʼaj ya tzalik .
tajin kepix bʼax ria kʼalabʼ .
chom ria q.
x in warik .
elemen konojel ria kʼalabʼ .
tajin kqʼana rik ri wereʼ aj .
le u kemik le pas utz ( chawe ) .
xuyu pubʼa u wachraʼ chi , kachaʼ, .
risatanas kok pari judas ri kbʼixis kariʼ otech rech , ria reʼ junch kixoʼl rie kabʼ lajuj .
chu chu ripar .
kinqu muj ri nu jochʼ .
chech punción lumb ara maqʼel raja waxik chech rilik le u kʼex bʼem wi le nabʼe rukʼ le u kabʼ u kʼutunem le yabʼilal .
qʼalaj chi na ka waj taj kabʼij .
kʼoqʼol chirij ri siʼ .
jawi xoj ʼewi chu loqʼik ?
kʼo u lo chʼ ri talin .
qʼan rij ria tiʼt nu kej .
la x tzalij la iwir ?
xesikʼixik , kʼate kʼuriʼ xe yajik , xuqujeʼ xetaqbʼi cheu sikʼik lemes .
lak ix warik ?
are kʼule palo max xubʼij che :-mam katbʼi son taj , kin sikʼij nikʼaj wachiʼl kerapa pik .
aʼ re e tijoxelabʼ .
rialaj ali siʼl xubʼij xqachap pa utzal ri tyox .
xsachon chke jach in xeatinik .
jas xu rayij lea nan xutijo ?
x in kosik .
rax ronojel ri qʼayes rumal le jabʼ .
kinya waʼ we chʼi chʼ pinem na utz .
noʼjim u pachʼuxik le nu wiʼ .
naj kʼowi le woʼch chu wach le tijobʼal .
ri okibʼal kʼo chiu wach ri saq ja .
xe nu taq chʼij ke kil lea kʼalabʼ .
kʼo jun qʼoxowem chiwe .
tzari choʼm .
wech ojbʼe pale nimaqʼij , keqil leaj xo jolobʼ .
x ojʼek xeʼqil al ar qas ok .
ria teʼk xutaʼ chech ri nantoʼn :- nan jas cheʼ chiman kaj ta la qakʼatisaj ri joʼq .
ripal sibʼalaj xuʼy .
kin koj ri jokbʼal ulew .
in kinbʼij na kat sachtaj
at raj kunlen unan .
ku qa muju joron riaj tzij .
luʼ tzʼalam ubʼiʼ riachikel panim cheʼ .
jeʼl ik u tiʼ jolal ri saq koʼr .
kʼojun xaʼ rpaja .
xinloqʼ jun kʼakʼ patan .
kʼax u kemik le pasa wumal .
an inaqu kemik le pasa wumal
ri chʼaʼn sachinaq pataqa bʼix .
rax taq le kotzʼiʼj .
mesom kanoq riupam ja .
man aretar al ax kosik .
rikomon xechpup rech uqʼabʼ tinamit xoʼl abʼ aj rech qʼum ar kaj .
la u tzakik kʼusubʼ tajin kuʼano ?
kate la !
na xutij taj .
xa rumal ketaʼm konojel ri winaq kkiqu muj le jaʼ .
iwir xuj tzalij la pakʼaybʼal .
qetaʼm che riqa wakuj u toʼo .
riaj tij , kyaj on chikech ria kʼalabʼ .
jas ubʼanom le nu chʼu titat ?
chweʼq kin bʼe panim tinamit .
utz we ki wetaʼmaj jas kubʼij ri cholbʼal qʼij .
tajin kat jilow che u qʼoxom jolom aj .
x intik qʼax chiu wach rija .
kʼax le kibʼe le winaq .
loqʼ katkuntaj che le yabʼil (covid- 19 ).
ri nu x ibʼal kel paqajbʼal qʼij .
x ril ria x wan chi x waʼ ria la .
le alix kunatajik .
weta kape le jabʼ kamik .
x in wetaʼmaj chinax at pe taj .
ri pwaq rech weqʼataj riʼ kesax chech ri tojbʼal kʼayinem .
ktij ri u waʼlik rumal ri ki nimaqʼij .
xuchapu kunaxik .
cha ta nloq ali .
x in xu liʼ qajoq .
jeʼl ik ktijow ri taqik ox .
kʼate kʼuri letat x oʼr xubʼij , man ka waj taj , man ka waj taj .
kʼojun tzʼiʼ pabʼe .
kamul xin pechea tzukuxik .
man tajin tak in chakunik .
kin chakunik rech kat waʼ ik .
jas rukʼ xawil wi chi xkiqupij wile tiʼj .
jas ubʼixik … ?
koqʼ ria kʼal .
ka waj na ka tʼe taj .
xat qʼajik .
wem na cha loqʼ axiyal , na kimbʼe taa wukʼ .
x opan le wuj a wukʼ rumal wech in .
are kʼut pale juyubʼ kkʼiy joron , chilaʼ xekikʼam awiri jaʼ riwinaq .
koqʼ ria kʼal .
we kʼo a rajil cha kʼamaloq .
are sibʼalaj kaq le ap oʼt chu wach le nu poʼt .
x in kʼastaj pakabʼ lajuj kajbʼal .
kaqoyʼej na kix pe taj .
kok axim ri chij xa jelaʼ man kanimaj ta bʼik .
ri kok nojim xbʼek , xu chʼij ox opan pau kʼisbʼalil lea nim .
x oj kiʼ kotik aretaq xa tu lik .
kaqitzʼ naj ri u xa jabʼ ria kʼal .
rijesusk waʼ kat pari nim rachoch ri dyos , chu xeʼ ri jun jache rachoch ri salom on .
wetaqanik riʼ kubʼij chi raja waxik kyaʼ uqʼij ri winaq xuqujeʼ ktoʼ an inaqil .
ria xux are na riu kunel ri kinaqʼ .
aretaq waʼ riu qʼijol wetaqanik .
kʼo jun tabʼal pau wiʼ ri xkan ul ubʼiʼ lajuj noʼj .
yuʼl ubʼanom riu kolobʼ ri kej .
xa nimaj ria kʼal chi u wach riu chuch .
kkunan ria chi .
kin waʼik rech na kin yowaj taj .
aj xik chʼi chʼ ri luʼs .
kwaj che ixkix bʼanow ik .
aʼre xetoʼwa laq .
x ojʼek xeʼqil al ar qas ok .
x inloqʼ junchʼi chʼ , qajinaq u wach .
ku tʼis ripan talon .
e janipa lea wal kʼwal ekʼolik ?
u tzukemik le pas chawe .
rimax areaj qʼaniyaʼ .
matabʼa chiriq kʼax pale bʼe .
tajin kanimaj , rimeʼs .
ixi xeʼlaqʼom abʼ !
x sach an chwe .
ekʼo kʼi cheʼ , chiu wach ri juyubʼ .
arewaʼ ri nimalaj pixabʼ earewaʼ rinabʼe .
x retaʼmaj chi rukʼ pa kʼkutij wi
jas utz a kik le subʼ xuʼa no ?
aj x oʼy ri wi kan .
weta ne aʼre xetijow le ri kil , are le komon xetijow ik .
sibʼalaj an inaq ka chʼaw le areʼ chi nu wach in .
utz we kin chakuj .
meʼs laʼ .
kʼo kan wa rech kaqatijo .
x in sikʼij la .
ria kʼal xsach kanoq jelaʼ pataqʼ aj .
xesikʼij la .
jawi xkibʼij wi chikeʼe wi ?
rumal che , man ix tariʼ rikix chʼawik , are ri rux labʼ axel riitat riʼ ri kchʼaw na iwukʼ riix.
kʼakʼ ri wachoch .
sibʼalaj utz kin wil le a tzʼyaq rech na h uala .
saq por kkay ri kip oʼt ri nan .
xsachon ri nu chak chwe .
waʼim xuchapo .
ri qʼaqʼ tajin ka juluwik .
na jilupam risiwan .
ekʼo ri qachalal pachiu wiʼ la .
jas xa taq chiʼj le akʼal chu tijik ?
noʼjim u kemik le pasa wumal .
kʼojun kuku bʼiʼt intin, waʼ le laj kukmam ka jeqitaj , kapaqi kax u lik pau wiʼ uqʼabʼ taq cheʼ , sibʼalaj sakʼaj , keʼuto le e nimaʼq , chʼ utin , rachiʼl , aj sipanel sibʼalaj utz ranimaʼ .
riu pixabʼ le qʼatbʼal tzij kiyaʼ ubʼixik .
na xsachon ta chke xe atinik .
xeqil le chikop puwil eja .
xloʼtaj ria kʼal .
qonojel kuj waʼ pau wiʼ rimexa .
xsik ir le waqan .
la xat waʼ kʼut ?
nimu bʼaqʼ ri tulul .
kin xikʼi kʼik xinqʼaxik .
la katbʼe pale tinamit ?
ripal sibʼalaj saqʼ or .
kqʼoxow nu jalom .
x in naʼo chi kat petik .
xloqʼ ulewi we chix.
x in chakun rukʼ ri nu mam .
na xqabʼantaj .
kkʼojiʼ bʼaʼ riu sipanik riajaw xel jesus kristo rukʼ ria wux labʼal !
kin chʼaw rukʼ le nu nan pale chʼawebʼal .
sibʼalaj qʼequʼm rumal ri may ul .
are le b a x ulik .
xekos le ixoqibʼ pale bʼe .
kʼax rilik le akʼal chawe .
x in qʼiʼo xin at in pa joron .
sibʼalaj nim le tinamit .
kʼax u kemik le pasa wumal .
x in sachik .
tajin kel u kikʼel paraqan ri tzʼiʼ .
x in wetaʼmaj rilik wibʼ
ri qʼuqʼ are jun jeʼl chikop .
kʼo paja tijobʼal ri wikaqʼ .
ri sachibʼal mak raj waxik chi qaxoʼl .
jeʼ, kimbʼek .
jela leʼ ri nu pwiʼ .
xubʼij che :-jas xabʼanot intin ?
kabʼan jun toqʼobʼ kyak ri nu jal .
katʼekxin ta .
jasleu kʼex bʼem ribʼ le jun rukʼ le junchik ?
aj chiu wiʼ mi qʼinjaʼ riluʼ .
ri tijonel naj kpe wi .
teʼ kix chobʼ ubʼiʼ ri nu tat .
ri jaʼ kamiqʼik chiu wach ri qʼaqʼ .
ri tʼuʼy kpaqʼowik .
kin meson na .
na qaj at kʼowi chiwech .
x inbʼi sonik taq na xat pet taj .
we xkam riwinaq , ri pwaq rech tojbʼal makaj kyaʼ chikech ri ralaxik .
ri nu nan xbʼe pakʼaybʼal .
x oju kʼam u loq rech koj ri lo
x kʼotochin chikiwach chi kin waʼ a wukʼ .
na xkikam saj taj xkikʼambʼi ch oja .
kʼakʼ ri ikʼ kamik .
ximbʼe rukʼ leaj kun iwir .
rilik .
le tzʼiʼ xekos ik .
x inkiko ta wumal .
rii mul xumaj ria nim , xuya kan le kok .
kʼo oj cheria kʼal .
xuj bʼe pajun kʼulanem .
utz we k waral aq .
kaqilo chi na koju kʼam taj .
x retaʼmaj chi rukʼ pa kʼkutij wi .
sibʼalaj x inkʼaʼ na rik .
x in kochij ri nu wa .
man kat kowintaj kat chakunik , weman kʼota ri ajilabʼal .
we wonon xubʼij chike :- kix into .
riala nim kril wiri u mam .
x kaʼy chirij , x kaʼy chu wach , ma kʼota chi jun ksilo bʼik , xoqʼik x u xeʼj ribʼ x chʼopinik x tzalij loq x u riq tachik ri ubʼe .
kʼo pus cheri wa .
pinem na kabʼe lewa tz, kimbʼe wi in pa kaʼyibʼal .
ri nantoʼn nim winaq chik , saqu wiʼ , ronojela qʼabʼ utz kunaʼo katʼuyiʼ pautem , ku miqʼisaj ribʼ cho ri qʼij , kʼojun u wiʼ u mam ubʼiʼ a teʼk .
man ekʼitaj riqu laʼ .
qʼalaj chi na ka waj taj kabʼij
x paqabʼi sax rajil ronojel ri kem .
kʼo pari jul riku matz .
ronojel qʼij kin chʼaj le nu wa re .
saq chi kan le ichaj rech katzako .
chu xe le qachomal kaqatij wi jun qa meqʼin .
chawilaʼ .
e kʼojobʼ u miʼ al , ri nu tat .
jas rukʼ xa wilwi
jeʼ jas ri winaq rech ri u wach ulew , xoqujeʼ kepe na riʼ ri eʼareʼ che e rech ri u wach ulew ; jeʼ jas ri winaq rech ri kaj , xoqujeʼ kepe na riʼ ri eʼareʼ e rech ri kaj .
x intijo .
ktzʼujuw ri rachoch ri poʼx .
xu qʼiʼo are le u kʼulel x yaʼow u wa .
ria wel x retaʼmaj chiraja waxik man kuxej taribʼ che ri tukur .
ju kʼulaj winaq xeʼa nimaj bʼik .
jeʼ, x in tzalij ik .
x oj petik x ol qa kʼamaʼ .
maj jach in x ʼek .
in aj tij ; at tijoxel .
saqu wiʼ ritataʼ .
wech ri kem .
le roʼ ch le a teʼk kʼo chwach le u kʼay le nu nan .
kbʼe pari si riʼ a e pari silisiʼ a , jawi jeʼ kuya wi rikich uqʼabʼ rikomon tyox .
pixabʼ : man utz taj kʼax kuj chʼaw chikij nikʼaj qa chil .
xkunataj leali ( kumal ri ixoqibʼ ).
ri xibʼibʼal chi kʼowi pataq riqa kʼaslemal ronojel qʼij .
na kuj warta waral .
on che kkʼojiʼ ri utzil chi xoʼl , are ch junam riqa kojonik , junam ri iwech ix rukʼ ri wech in .
paox qʼij ri saʼn kbʼe na rukʼ riaj kun .
kawinaq wuqubʼ .
jas ka waj kin tijo ?
weta xa tbʼew ukʼ pale tinamit , xa loqʼ ta laʼ le u jastaq le a kʼajol .
kebʼe pawaʼ im .
xinloqʼ kʼiwa .
pajun nim kʼa cheʼlaj , kʼojun kʼwaʼ sibʼalaj saq loloj , nimu wach .
kwaj katij ju bʼaʼ wa .
ronojel winaq kril na riu kolonem ri dyos ».
x kʼotochin chikiwach chi kin waʼ a wukʼ
kwaj na katʼe taj .
la xa loqʼ junalej ?
ekʼo rie loqʼomanel .
riu kabʼ ubʼiʼ ri nu mam are yay .
kin jopij rii jaʼ rech triko .
x naʼtaj chke xe atinik .
xa teʼqilaʼ .
kakitija lan xax riwinaq .
. . . kinbʼij chi arewaʼ sinxiʼ an .
na xin nabʼej ta chu tasik qa kʼolibʼal .
rumal rech chewe riin, kin chʼaw rukʼ ri dyos pachʼabʼal , kchʼaw na kʼuriʼ ri wuxla bʼal rukʼ ri dyos , kʼate kʼut man kʼota u patan riʼ ch rech rinu chomabʼal .
xe petik xkilo .
xuta wekatʼek .
u tzukemik le pas chawe .
ri nu wakax xutij jun qʼoqʼ rumal riʼ xkamik .
rumal ri kʼix , man kewaʼ taj riwinaq .
xeʼulik .
qʼe qrij ria maʼ chij .
x raj kaʼel e unan .
junam ki junabʼ .
na qʼalaj taj we kaʼek .
ri wixnam chʼaj chʼoj ri rachoch .
waral man kʼo taj aja wal .
na iwir ta xril le kʼamolbʼe .
x in peloq te kʼuriʼ x in tzukuj ronojel ri nu rajil .
riaj tikonel kutik ri tzij .
kʼo e ki kʼajol le achijabʼ .
kutij qʼayes ri ix paʼ ch .
pari waʼbʼal ekʼo kawinaq achijabʼ .
sipoj inaq ri nupam .
kayaʼtajik rukʼ u tiʼonem jun ri u riqom le yabʼila molotsetsé xuqujeʼ are kayaʼtaj pataq ri juyubʼ .
jach in ria chi ?
ri nu mam x kamik aretaq kʼoju muchʼ lajuj u junabʼ .
kin kowinik kinkʼambʼi le pwaq .
kin wilo chi utz riaj iʼ .
x inqʼil ri apoʼx che man kachakun taj .
kwaʼ chiu wach le taqʼaj ria maʼ akʼ .
rii mul xepoqʼik pajun ikʼ .
x kʼis kanoq riqa chak .
are rialix oj ilow kanoq .
sibʼalaj chʼuʼj ria max .
kʼo nu wachiʼ .
in chajinel kech le a kʼalabʼ .
xekos le tzʼiʼ .
kinbʼe na kukʼ ri molaj .
ronojela qʼabʼ kiny itzʼ ri wa kax .
kar apinik xutzukuj chi juna waj .
le u kemik le pasan inaq ( a wumal ).
maj u rajil leqʼabʼ arel .
kʼax riʼ rika chʼawik .
xoju taq chiʼj lea chi chu loqʼik ichaj .
sibʼalaj kʼax ri xkʼul maxik .
xkilo chinak in kʼoxomaj taj .
x naʼtaj chke chixe atinik .
x kʼotochin chikiwach chi xojal woʼ qa kukʼ .
jun qʼuʼq rajil ri kax laʼn wa .
x in wilo chi xeʼel ik .
ekʼo ixoqibʼ pale kʼaybʼal .
man kʼotaj u kʼisik ri mayabʼ aj labʼal il .
ri sin kkʼiy pataqʼ aj .
ri chʼi ma man kkʼiy taj pataqʼ aj .
raja waxik k jik ik ri waqän .
ka waj kinʼ e k.
ekʼo oxibʼ akʼ .
xubʼij chwe jawi at kʼowi .
chweʼq kuj bʼeʼ pa muquj .
pasaq kʼajaʼ kbʼan wiriuq .
x oj kisikʼij .
x in wilwibʼ .
chaqʼ chik ri wa .
kimbʼe na ka pale woʼ ch .
ka waj kinʼ e k.
ri chʼuʼ ktij rukʼ lej .
pari ki qʼij kaminaqibʼ kbʼan qʼo ri kʼyaʼ rech aj : nabʼe ri nan kutzukuj kan riaj , kujach ʼoʼxuquje kukʼet o .
jas kajbʼal chanim ?
utz u chomanik riali .
pari qʼij ox lajuj tijax kinkʼis kebʼ junabʼ kin chakun waral .
sibʼalaj ko , ri kʼakʼ chʼat .
jas karaj kubʼij … ?
ri chʼi chʼ kasil abʼik .
paojer qʼalpul xaq xuwi ri nim winaq ke kʼamowbʼe .
le u kunaxik le u kabʼ u kʼutunik are rukʼ e flor nitina on u tunibʼaxik le nifur timo x chiʼ le flor nitina chech t .b .g .
are ria chi x in chʼayowik .
junachi u bʼi kuʼx u sipaj kebʼ kʼaʼmulew rech kabʼan ri tijobʼal , kamik , kʼo chi kaj tij rech rikomon xechpup .
xumal tyoxij che riaj tij ronojel le xukʼut chiu wach .
pari bʼe xkiraq junalaji mul saqrij , xki kʼambʼik .
x ril lebʼal e al a .
jas kubʼij chwe ?
le u kunatajem are rukʼ u tzukuxik le u chikopil pajun u solik u xeʼ le kikʼon le jaʼ rech jun nodo .
utz we nu tzʼiʼ .
jeʼ , tajin ka chaponik .
kinu loqʼoj le nu tat .
ka waj kimbʼe patinamit .
arelaʼ kin chakuj .
ri nimaʼq taq winaq kʼo ketaʼma bʼal .
weta xa tbʼew ukʼ pale tinamit , xa loqʼ ta waʼ we jastaq .
riki kʼaslemal . wa iximulew xa junchima areta tinimit rima
riu kʼyabʼal na jupam .
xat qaj chiupam riil .
nojim kat waʼ ik .
we kʼojun ktuqaʼ rik ,¿la man xoqujeʼ taj kintuq aʼr ri in ?
oj oj wokol ja .
a was kbʼan kʼax che jun nim winaq .
xin chʼaw apan rukʼ le wanabʼ .
kʼax ri upam ri juʼl .
tajin kewaʼ rii mul .
la kaj la kuj tzalij laan inaq ?
rumal rech cheri makaj man kʼota u kowinem pi wiʼ ri ix: riix man ix kʼota chi chu xeʼ ri pixabʼ , xa ne ix kʼo chu xeʼ ri sipanik .
nim raqan le cheʼ .
x in chapo .
are le tuʼrle loqʼomanel .
xas kat kʼojiʼ chiupam ri chʼi chʼ .
sibʼalaj nim raqan ri kʼamalbʼe .
le tzʼibʼa bʼal wech in .
in x in toʼw la .
xaj e kʼuriʼ riix kamik riʼ man ix kax lan winaq tachik ; riix, ix rech ri ki tinimit ri etyoxlaj taq winaq , ix rech ri rachoch ridyos .
x in tikoxlaj kʼal ichaj .
kaqariq qibʼ chweʼq .
sibʼalaj utz che ri wiʼ aj ri tuney .
we na jupulik ta xeqaj ik . . .
x in toʼtaj che ri nu chak .
kʼo junchik opu bʼiʼ pum .
poqon ri ik .
x oj bʼinik .
x u chʼek ronojel le retamanik xpaqiʼ k kʼax kwʼi nik xubʼan aj kun .
kel u bʼik pari judeʼa e ktzalij chiu bʼi jumul parig alileʼa .
x ina xibʼij pabʼe .
jeʼl kʼolem chia wachoch .
ronojel ri yaʼtalil pawe qʼataj , tzʼaqat kiwach , man ktzaq ta kanoq xuqujeʼ man ktas taj .
xukunaj le yawabʼ leaj qʼij .
chi tatabʼej jasle kimbʼij .
chʼan al ria chi .
pa bʼokoʼ kachakun wiri ta x.
uj kʼo pau wuqqʼij .
kiʼ ri u kabʼ ria qaj .
kʼo rachalal pa tzʼoloj cheʼ ri peʼl .
xkilo chik in kʼoxomaj .
riu kisakʼ utz kyaʼik chiu xeʼ ri tikoʼn .
aretaq chiʼ kaqʼan puwiʼ ri jukubʼ , ria chiche xkʼojiʼ ri itzel u x labʼal rukʼ , kuta ch rechri areʼ, a rech kkʼojiʼ rukʼ ria reʼ .
na kabʼantaj ta wumal .
x naʼtaj chke xe atinik .
xinpaj ri nut riko .
xeʼok ri pokʼ pari umex ari poʼx .
ka juluw ri aqʼaʼl chiu xeʼ ri tʼuʼy .
a wech le ja .
xuj bʼe pa tzurik .
nabʼe xa topanik .
riu kabʼ ubʼiʼ ri nu mam are yay .
u waj xaq u kakʼal taqanik (28) .
mata kʼojun kakanaj kanoq , qonojel kojbʼek .
e nimaʼq le altom abʼ .
nimu wach ri p oʼt .
kojonik pari utzij wa iximulew .
jas xu kʼambʼi le tzʼiʼx a wilo ?
x in petik , tat .
ri bʼe laju wach .
chi tatabʼej jas ri kimbʼij .
jeʼl kunaʼ ria bʼix chiupam ri ququlew .
kinbʼis oju wach lewal .
xu tʼuyubʼaʼ .
nim ria we qeleʼn xa riqo .
x ineʼ waʼo q.
chiʼ kewar wile a kʼalabʼ .
ri nu miʼ al xutaq loq jun taqoʼm wuj chiwe .
qʼeʼl ik , richaj pari bʼe .
la utz a wach ?- utz maltyox , e kʼuria t ? – utz maltyox .
x in kos rumal nu chak .
kbʼe kukʼ ri eʼ areʼ e ktzalij pari nas are te keʼu nimaj .
rij oj xu kʼambʼik ria kʼ .
kʼo chi wachiʼl chanim .
kubʼij chech naʼl kabʼan cheria tzʼibʼ .
e. . . in ka waj katzjoj bʼi la chwe .
matax inya jlea li .
jach in rukʼ katbʼe wi ?
kʼo sibʼalaj etaʼmabʼal pari mayabʼ noʼjibʼal .
e man x ori jupuq kej .
kasumum ri kaqiqʼ .
ekʼo kajibʼ a kʼalabʼ pale bʼe .
jeʼ jas ri u tat kkaʼyik .
xaq at molonel tzij tal .
le nu tat kaloqʼ on chwe .
xaqta ne kimbʼe iwukʼ .
x retaʼmaj u chʼajik .
rumal laʼ xkoj “xal qʼat ” che ubʼiʼ rikomon .
are le u kemik pas x retaʼmaj .
ri watiʼt kubʼan na riu patan .
kʼakʼ le poʼt .
retaʼm u wach jach in x loqʼow ri pas .
ken chʼabʼej lea kʼalabʼ .
yaʼtal chaqe qonojel ri uj winaq utz kaqil qibʼ .
xkotiʼpa qʼayesx oqʼik .
kawinaq bʼe le jebʼ qʼataj .
ekʼo kajibʼ ral rii mul, jun saq , jun qʼan , jun qʼeq , jun qʼeqoj , sibʼalaj ketzʼanik , ke chʼopinik ria laj taq i mul .
k cholol riachach al .
ketekik ri ikʼ .
xe petik rech kewaʼ iwukʼ .
tz atz ri uqʼanil ri akʼ .
xoj tzalijik xixeʼ qa qʼatuj kukʼ le itat inan .
ri yoʼx taqa kʼalabʼ kekikʼux ria tzʼyaq .
wea chiwe xu sipaj jun poʼt chwe xkamik .
kkowin ri kunanel che kunanik .
xjiqʼ pari polow .
xa rumal sibʼalaj raja waxik le loqʼalaj jaʼ , lewinaq xkibʼij : che we ikʼ riʼ qonojel kuj bʼe che u tikik taq cheʼ .
riu na ne rie rachalal kepe u loq rukʼ ri areʼ, kʼate kʼuriʼ , man kekowintaj keqibʼ u koq rukʼ , rumal rech che ekʼo sibʼalaj winaq .
rumal rech , che man kʼota jun kkowin cheu kojik juntik ibʼalil chik chu wach ri kojom chik che are rijesus kristo .
te kʼuriʼ xu tzʼibʼaj ribʼ pari nimalaj tijobʼal rech aj kuʼn .
ka juluw ri chʼu mil chaqʼabʼ .
kʼisbʼal kanoq , xoqujeʼ kkam ri ixoq .
lea la xokik .
kʼo pwaq pau wiʼ rimexa .
are ka waj na kinʼ e taj .
riya wal kukoj riali chiu xeʼ richakach are u suʼt .
na kaqakʼam tuʼbʼi kamik .
riaj tij kubʼij chike : raja waxik keqachajij ria waj , are u tikoʼn riajaw .
x in tijmukun iwir .
kʼax le u wiʼ taqlen uqʼabʼ .
x inloqʼ jun ilbʼal wibʼ .
waʼ we qʼij , nimu bʼantajik .
ri uxeʼal riqa tinamit man kasachtaj .
x oj bʼinik .
riachalal junam kiwach .
x in wetaʼmaj rilik wibʼ .
nim riu naʼoj waj tij .
miqʼin ri kʼul .
aj qʼojom ria teʼk .
che lesanik cheʼ kbʼan wiri qʼojom .
kape le awel pana wal jaʼ .
rimes onel tajin kchakunik .
utz chaqe kaqa toʼqibʼ , taq kʼo kʼax kʼolil , kate wechiʼn riajaw paqa wiʼ .
xa wilo , xqʼatan le ibʼoy .
xa tkowinik xabʼano .
kiʼ ri kʼawex .
kajil il ri bʼe .
lealixel bʼik .
areʼ x raj xinbʼano .
nim we abʼaj .
jeʼl ik u tiʼ jolal ri saq koʼr .
nojinaq rikej .
weka tijan x u x man katu toʼta chiu qʼatixik le kʼakʼ yabʼil cor onavirus ( 2019 -ncov) .
na nim ta raqan waʼ we cheʼ .
utzalaj aj chak , ri wel .
¿jampaʼ kuj bʼe panimaqʼij ?
raja waxik ta ne laʼ kat chakun wukʼ .
xutaq chiʼj pa war amp ulew .
man are taria x wan xel ik .
ria wi x xu loqʼ rachoch re nimal .
are ri ixoq x in sikʼin uloq .
ri chʼi makʼ atʼon na .
la xibʼan le ichak ?
kʼi tinamit ekʼo pa chʼoʼj .
kʼo jupuq chij chiu xeʼ ri cheʼ .
riu xaq ria bʼix are u warikej .
kawinaq qʼataj .
la kix pe pa tijobʼal ?
we kechajix taq le kʼ wa jacha kinbʼij ; junalik kʼo jaʼ xuqujeʼ sibʼalaj saq loloj .
x retaʼmaj .
ria labʼom ri alitom abʼ tajin kikitijoj kibʼ rech su taq , are kakaj ki kibʼan nima qa chijabʼ chupam ri ki kʼaslemal , xuquje kʼo chik jupuq bʼix onel chupam rikomon .
la tzʼ uwach ribʼe .
kʼakʼ ria chʼi chʼ .
qonojel uj , uj mayabʼ taq winaq .
nojel qʼij ri atiʼ xkuyu qʼuj le taqa waj jelaʼ panikʼaj jaʼ , chirij ri juyubʼ ubʼiʼ te naʼ .
paqʼom chik risiʼ .
kin tzukun chela .
kakitij le kinaqʼ , le ichaj , leu waʼlik rukʼ lej .
xekanaj kan leaj chakibʼ .
ketik on ria chijabʼ .
sibʼalaj itzel u bʼantajik ri chʼi lakan .
ria teʼk xumal tyoxij che ri ra tiʼt , rumal ri utzalaj noʼjibʼal xukʼut chech .
kkamulix u chak ria bʼix .
la xinutzukuj le tijoxel ?
areʼ kachakun ronojel qʼij .
le ekʼaʼna taq tzʼiʼ .
saqrij riplam u x .
jas xa qʼiʼo xa tijo .
jas rukʼ xkichap wi u tijik le ri kil ?
wekatat in rukʼ kʼatan jaʼ man kuqʼatej ta le kʼakʼ yabʼil cor onavirus .
la katbʼin pale u x lanbʼal ?
la waral kʼux ix waʼ wi ?
are le nu tat kin loqʼonik .
tajin kchakun riala .
kʼo ri kiʼ kotemala wukʼ .
xuta jach in kaʼ e k.
xat waʼik xin wilo .
x tzaq ri rachoch rumal ri jabʼ .
pale jun ikʼ chik are nimaqʼij .
e kebʼäm kebʼin pau wiʼ ritem .
mem ria chi .
ri wikan chaliʼy kel pajuyubʼ chwi tziribʼal .
le rajil , la paja xelaqʼax wuʼ bʼik ?
pari suʼt pisom wirilej .
koj peti kkol qa kʼamaʼ .
tajin kat chʼopin chiu wach ri taqʼaj .
le qʼorx chʼuqik .
kʼax waʼ ima wumal .
kinbʼis on che le wal .
sibʼalaj kʼo kʼ ria watzʼyaq .
kamik xuj bʼe che u tikik taq cheʼ pari juyubʼ .
kinu loqʼoj le nu tat .
chaqiʼj chik ri chaj .
xyil ix ha wayi .
na x naʼtaj ta chke chixe atinik .
rukʼ kʼuwaʼ we riʼ, riix kkʼojiʼ jun utzalaji kʼaslemal riʼ chkiwach ri winaq che man ekʼota iwukʼ , kʼate kʼuriʼ man kʼota jun winaq riʼ raja waxik chiwech .
e petinaq pabʼe le rachalaxik .
kakaj lea kʼalabʼ kewaʼ ik .
xuj chʼaybʼik .
ri nu chak are qʼaxel tzij .
kʼo na rux labʼ ria waj .
tajin kelloq , ri qʼij .
xu qʼiʼo x kamsax ri rachalal choch .
ri nu mam are kʼo u qʼinomal .
xkʼul mataj jumul , xubʼan jun nimalaj jabʼ , man xbʼeyetaj tanax u kʼisleu yuqʼ chike .
a maʼ ri nu tzʼiʼ .
jewaʼ kat petik .
x in kosik rumal xin chakunik
iwech chi jujunal , ri wa .
xu qʼiʼo na xa tat in taj .
in riqtaj inaq pari kʼayibʼal .
na wetaʼmtaj .
kʼax le nuqʼabʼ .
utz le xubʼij le a chi .
ke matzʼibʼ .
kʼo rachalal pa tzʼoloj cheʼ ri peʼl .
ronojel waʼ we jastaq riʼ, xas ksach wi u wach waʼ ; rukʼ we riʼ, riix , raja waxik che kʼojun tyox laji kʼaslemal e kkʼojiʼ rii chʼawem rukʼ ridyos ,
x muqtaj ri pa tzʼan .
ri chʼi chʼ tzijom kanoq pari u kʼolbʼal .
man kʼota u cholaj pataq ria wuj .
jachike ikʼ le u nimaqʼij le tinamit na wal jaʼ ?
xepetik x ol kikʼamaʼ .
ka chuqʼ chu t ri jaʼ chiapam .
x inbʼij iwir chi xebʼe paar mita .
areʼu xeʼ ojer tzij waral kʼi cheʼ ubʼiʼ .
xkʼis ri nu siʼ .
jawi xkibʼij wi chikeʼe wi ?
¡ xa je kʼuriʼ , jach intaq riekʼo pari judeʼa, chi chanim cheʼ animaj ubʼi pataq ri juyubʼ ,
kʼakʼ ri abʼ.
la kʼojun na ka kʼoxomaj taj ?
na utz ta le u tʼisom le al mariy .
man yaʼtal taj chiawe katok paja .
jeʼ, xa tu tzukuj .
are kel waj xaqibʼ uqʼij rixkʼojik .
ri x un kur kkʼojiʼ pataq ritriko .
x in sachik .
xu tʼuyu bʼaʼ
nan utom ta le tzij …
wachʼom rikiwari noʼs .
ekʼo jobʼ chʼil wa kʼ.
raja wixik chi pataq ri tijobʼal , panikʼaj ubʼixik chik
ri rajaw rulew a reʼtat kel .
we kʼu xokik , we kʼ na xok ta
wea chi xu sipaj jun pʼot chwe .
a tat u taqoʼn le qʼatal tzij .
na qʼanta u wach le qa prut .
ri xaʼ r kʼo pau wiʼ ri qʼaqʼ kpoqʼowik .
ri roqʼej riali jachak pejun akʼal .
kʼojun alapa tijobʼal .
säqu wiʼ ritataʼ .
ri wi tz ikʼ tajin kpe loq .
jawi xsach on wi ka nu yaʼik le pwaq che .
utz wea chiwe x in kunanik .
qonojel kuj waʼ pau wiʼ rimexa .
ri kax laʼnik man poqon taj .
in x in bʼe rukʼ ri wachiʼl .
sibʼalaj jeʼl xkilo xeki tzoqopij ri ki chij chilaʼ .
kinbʼinik x in ʼek .
kʼax kʼolik , ka chaʼ .
kutij ixim ria kʼ .
rial ixchel , xu qʼiʼo xa jun akʼ xsipax che .
xqa sikʼij le ixoq chu tzakik subʼ .
mata xa bʼinsaj le chʼi chʼ .
ri pix tzʼa ralik rumal rie qaʼn .
¿jampaʼ kel chi 3%
kʼo jun nu kʼotoj chiʼ aj .
tajin kewaʼ kat ria labʼom .
xin loqʼ le nu kʼakʼ a poʼt .
nau tzakik tas ubʼ tajin kuʼano
x oju taq chiʼ ij x oj waʼ ik .
iwech ria bʼix .
saqrij ri chij .
aj sik che ri tinamit kel wiritataʼ .
- ¡ay !xax in tzaqu loq , kʼax we waqan .
xkʼul mataj pajun komon chiʼ u wach jun juyubʼ , xu riqa jun qʼij xkiriq kibʼ ju nimul rukʼ le kok .
jas xa taq chiʼj le akʼal chu tijik ?
x in chapo sux u loqʼo .
qʼinom ria chi .
ri kʼum ktijow rukʼ kabʼ .
tajin kejach ʼanik .
tzebʼal u kemik le pasa wumal .
are ka yoʼw le u chikopil le u bʼantajik tr y pano som ab ruc e i.
we kat nimanik utz kelik .
pero noʼjimal petnaq loq , .
are le nu chak jun tzuqbʼal wibʼ .
xkunax le yawabʼ rumal leaj qʼij .
riu kʼuʼx tzʼibʼ paqa tzij e lajuj .
sibʼalaj jeʼl ik rie qabʼal xubʼan ri luʼs .
sibʼalaj a tkon .
e man x ori jupuq kej .
na x naʼtaj ta chke xe atinik .
ri kʼamalbʼe xubʼij chike , chi maja ria nim .
jumuchʼ ri nu junabʼ .
qʼip tajinaq ri raqan ritem .
kchakun rukʼ ri josbʼal cheʼ riajanel .
xa taq chiʼj le akʼal chu tijikkar .
oj kʼo pale roʼ ch lea wel .
¿la katpe qukʼ chweʼq ?
le winaq pale chʼi chʼe tʼuyul lo wi .
xkanaj kanoq chiu xeʼ ri jabʼ ri chʼaʼn .
nim rija .
weta xa kunaj le atat matax kam laʼ .
na nu kʼamom tuʼla riʼ.
chqa nukʼuʼ riqa tzij .
kimbʼe pale tinamit .
x in qʼiʼo na xin at in taj .
raja waxik kakʼam an chawe le u tijik le lej .
kʼisbʼal taq noʼjibʼal .
x ineʼ waʼo q.
xkibʼan kʼax che le u wo saq rumal man utz ta chika kayik .
ri qʼutuʼm man kech ta lea kʼalabʼ .
are na nim ta lea tzʼiʼ chu wach le nu tzʼiʼ .
xe petik x ol ki laʼ .
¿jaw chiʼ xa taʼ che x kam riu mam ri poʼx ?
e kebʼ kekʼambʼik pa tuj .
x in loqʼ jun ja pari wokaj ja .
riax tuʼ bʼ , kʼo qu laj chech .
jas karaj kaʼan chu tzakik le tiʼ ij .
xutij le wa .
ximbʼal re tzij .
x pa x ri bʼoʼj .
weka waj kat in toʼo xaq xuwi kabʼij chiwe .
jas nu kʼuku chʼobʼo .
jas karaj kutijo ?
xe x ru x labʼ ri rikil .
e ni tzʼaʼq le taqim ul .
weta ne in x inbʼanow ik , are lea teʼk xbʼanow ik .
kin tzalij pale nu tinamit .
ri nu chaqʼ kʼo pau roʼ qʼatoj tijonik pari tijobʼal .
x in xiʼ jwibʼ x in chʼawik .
kʼo ch waroʼ ch le pare .
chi raqan kabʼin wiritataʼ .
xsachon ka nu yaʼik le pwaq chech oja .
xinqʼax chikixoʼl riwinaq .
ke tikonik .
ri ulew man qechtaj , kech riqa tiʼt qa mam .
xepe lewinaq x ol kikʼamaʼ .
xu loqʼ ri wuj rumal riali .
che we qʼij kamik kʼojun nu tzijonem chirij le nu tinamit .
kej riʼ.
xkuna na laq chwe .
kinu sikʼij le nu nan .
rii mul xu chʼij taj , xkanaj pabʼe , rumal ri nimal ku jaluj rii mul , xu tzaq rianim .
kubʼan ri u xoqʼoʼl riaj tzʼaq .
rila sibʼalaj utz che kunabʼal .
kʼi kiwach rieʼ aj chakibʼ pari komon tyox , kʼate kʼut xa jun chia jaw xel ;
xqata chixa tulik .
ka waj chi katʼek .
chʼu tiʼn kekanaj ri xa jabʼ chech .
kaqaxiʼj qibʼ kaqachapo .
ekʼokebʼ u kʼajol le tat x wan .
luʼ su bʼiʼ ri rech am .
aj chiu wiʼ mi qʼinjaʼ riluʼ .
x in yakan le nu ch im pakʼaybʼal .
kʼatex ri lo , x peri unan che u tzukuxik , xkikotik , xu sa la bʼisaj ri taqux kin .
xkikʼut chiu wach riaj tij xuqujeʼ chikiwach ri taq nikʼaj kachil .
utz le nuqʼabʼ .
kul le al weʼl paa u stin chaqʼabʼ kamik .
ria teʼk x tzaq loq are chi kʼo pau wiʼ riqʼaʼm .
aj patan ri teʼ k.
xat qaj chiupam riil .
la kʼo tzij na ki kʼoxomaj taj ?
xsachon chke chixe atinik .
ronojel le ulew e cha laq .
la xebʼe kʼulaxeʼ kijaqa kʼule u chiʼ ja ?
xaq kat chʼoknaj iwir .
kamik kʼo chiri jastaq a we .
arechiʼ kakʼis ri junabʼ kʼo qʼinom .
pa na wal jaʼ x inalexik .
na xin tataj we are ria kʼal kix tzuquwik .
¡ rulew ri sabʼul oner ulew ri ne ftali, ubʼe ri polow , rulew ri jord an ,g alileʼa kech rijetaqa maqʼ !
rax , rax , rax , kʼo kʼ, kʼo kʼ, kʼo kʼ le rux labʼ le taq tikoʼn .
achix at wilo .
paqal rajil le pixkamik .
x oj bʼinik .
pajun jeʼl tijobʼal kutijoj ribʼ jun akʼal , ubʼiʼ poʼx , utz kurilo kepa tijobʼal ronojel taq qʼij .
x waj chixa tʼe taj .
utz laʼ le xubʼij le a chi .
wetaʼam jach in kapetik .
kin qʼojomanik .
x inqʼiʼota kʼalik xin petik .
areʼ retaʼm che kin opanik .
aretabʼa le qa qajaw ch at toʼwik .
kawinaq waqibʼ qʼataj .
naqaj chik cheri u waq kajbʼal aretaq chiʼ ksach u wach ri qʼij , kok ri qʼequʼm chu wach ulew , chi kʼateʼ na ri bʼe le jebʼ kajbʼal .
jobʼ raqan ri tzʼalam xe poroxik .
sibʼalaj korij ri mop .
arewaʼ .
jelaʼ pari timinit chwi kab y ok rech xelajuʼ , le qanan qatat kakitiko jeʼlalaj taq u wach ichaj .
kʼaxnuqul .
xuʼl u kʼamaʼ .
koj ul kitzukuj .
are man kʼax ta u kunaxik aretaq an inaq kaʼilitaj we yabʼilal xuqujeʼ mojoʼ qa kuyaʼ le kʼax kʼolil chech le jolomaj .
ri wel kʼo pa tijonik .
ka waj kinbʼij .
rikotzʼiʼj kqakoj chiupam rija .
qʼeqqʼoj rij ria maʼ kej .
na x waj taj x in chʼawik .
chpetabʼal e loqʼalaj jabʼ .
xsachon chke xat kisikʼij .
eleqʼal chʼi chʼ .
jach in xa wilo chi are xtijow ri tiʼj ?
ma takabʼe le nu x bʼal pale tinamit .
p im ruq , riali .
¿ kʼo ri muqʼe chia wech ?
kqabʼij man kekowintaj .
kin tijna .
kʼo jun qa tʼuʼy paja !
kʼo puj chiupam ri chʼaʼ k.
aretaq kin kosik kin warik .
xat waʼ ik xin wilo
in x in chʼayow lea chi .
konojel ria laxik keʼetzʼan ik .
jas rukʼ xkitij wi le ki ri kil ?
an inaqil kat petik .
na rax ta u wach le juyubʼ .
ri tzʼalam tzʼibʼa bʼal rax kkayik .
wech at chakunik , kʼo a wa .
maʼtam xat pecheriwaʼ im .
kamul kin waʼ na .
ri sikil ktijow rukʼ ik .
ki mbʼeaqʼ an rukʼ le altalin .
x ojʼek xeʼqil al ar qas ok .
xekiqʼil leaj chakibʼ xkiwok le ja .
mat anex waj le kʼuh j nem rukʼ le a teʼk .
are xeʼopan chiuchiʼ ri juyubʼ , xkilo chiman qas takʼo qʼayes .
kʼate kʼut , ri jesus man kkoj on ta chkech ri eʼareʼ , rumal rech che konojel retaʼm kiwach ,
paʼ tzrij ri tzʼiʼ .
juwinaq waqibʼ qʼataj .
ate laqʼom .
xaq at joʼs .
ri qʼatzu, are qʼalaj ri u qʼijil .
aj chak wea la .
ubʼe le ju kakʼal taqanik (29) .
kebʼ nu bʼiʼ kʼolik .
la katzalij luʼ laan inaq ?
katzukun la chwe .
la kaj la kojbʼeʼ pale chomal chweʼq ?
x in nabʼej chu tasik qa kʼolibʼal .
lal xintoʼw ik .
sibʼalaj a noʼjibʼal .
x oj petik x ol qa kʼamaʼ .
sibʼalaj jeʼl ik riu waʼl ri ichaj .
kʼax wij rumal in pachalik .
aretaq xukʼul maj waʼ x ul ri u chomanik xubʼij : are utz waa qʼabʼ kin walijik , are chaʼ chanim kin opan pa tijobʼal , maj chikin kʼul maj .
oj aj x ojolobʼ paa wasqʼij .
x in sach chele u wokik le tzij .
e julajuj ri akʼ .
xuta jampaʼ kojʼ e k.
qilik .
ri tijoxel man areta nim chu wach ri raj tij. ri utz tijoxel qas jeriʼ kʼolik jas ri raj tij .
in xat in chʼayo .
noʼjim chak wumal .
chʼ ur ri jochʼ .
in kinbʼij na kat sachtaj .
uj mayabʼ .
ri abʼaj ya tzalik .
tajin kepix bʼax ria kʼalabʼ .
chom ria q.
x in warik .
elemen konojel ria kʼalabʼ .
tajin kqʼana rik ri wereʼ aj .
le u kemik le pas utz ( chawe ) .
xuyu pubʼa u wachraʼ chi , kachaʼ, .
risatanas kok pari judas ri kbʼixis kariʼ otech rech , ria reʼ junch kixoʼl rie kabʼ lajuj .
chu chu ripar .
kinqu muj ri nu jochʼ .
chech punción lumb ara maqʼel raja waxik chech rilik le u kʼex bʼem wi le nabʼe rukʼ le u kabʼ u kʼutunem le yabʼilal .
qʼalaj chi na ka waj taj kabʼij .
kʼoqʼol chirij ri siʼ .
jawi xoj ʼewi chu loqʼik ?
kʼo u lo chʼ ri talin .
qʼan rij ria tiʼt nu kej .
la x tzalij la iwir ?
xesikʼixik , kʼate kʼuriʼ xe yajik , xuqujeʼ xetaqbʼi cheu sikʼik lemes .
lak ix warik ?
are kʼule palo max xubʼij che :-mam katbʼi son taj , kin sikʼij nikʼaj wachiʼl kerapa pik .
aʼ re e tijoxelabʼ .
rialaj ali siʼl xubʼij xqachap pa utzal ri tyox .
xsachon chke jach in xeatinik .
jas xu rayij lea nan xutijo ?
x in kosik .
rax ronojel ri qʼayes rumal le jabʼ .
kinya waʼ we chʼi chʼ pinem na utz .
noʼjim u pachʼuxik le nu wiʼ .
naj kʼowi le woʼch chu wach le tijobʼal .
ri okibʼal kʼo chiu wach ri saq ja .
xe nu taq chʼij ke kil lea kʼalabʼ .
kʼo jun qʼoxowem chiwe .
tzari choʼm .
wech ojbʼe pale nimaqʼij , keqil leaj xo jolobʼ .
x ojʼek xeʼqil al ar qas ok .
ria teʼk xutaʼ chech ri nantoʼn :- nan jas cheʼ chiman kaj ta la qakʼatisaj ri joʼq .
ripal sibʼalaj xuʼy .
kin koj ri jokbʼal ulew .
in kinbʼij na kat sachtaj
at raj kunlen unan .
ku qa muju joron riaj tzij .
luʼ tzʼalam ubʼiʼ riachikel panim cheʼ .
jeʼl ik u tiʼ jolal ri saq koʼr .
kʼojun xaʼ rpaja .
xinloqʼ jun kʼakʼ patan .
kʼax u kemik le pasa wumal .
an inaqu kemik le pasa wumal
ri chʼaʼn sachinaq pataqa bʼix .
rax taq le kotzʼiʼj .
mesom kanoq riupam ja .
man aretar al ax kosik .
rikomon xechpup rech uqʼabʼ tinamit xoʼl abʼ aj rech qʼum ar kaj .
la u tzakik kʼusubʼ tajin kuʼano ?
kate la !
na xutij taj .
xa rumal ketaʼm konojel ri winaq kkiqu muj le jaʼ .
iwir xuj tzalij la pakʼaybʼal .
qetaʼm che riqa wakuj u toʼo .
riaj tij , kyaj on chikech ria kʼalabʼ .
jas ubʼanom le nu chʼu titat ?
chweʼq kin bʼe panim tinamit .
utz we ki wetaʼmaj jas kubʼij ri cholbʼal qʼij .
tajin kat jilow che u qʼoxom jolom aj .
x intik qʼax chiu wach rija .
kʼax le kibʼe le winaq .
loqʼ katkuntaj che le yabʼil (covid- 19 ).
ri nu x ibʼal kel paqajbʼal qʼij .
x ril ria x wan chi x waʼ ria la .
le alix kunatajik .
weta kape le jabʼ kamik .
x in wetaʼmaj chinax at pe taj .
ri pwaq rech weqʼataj riʼ kesax chech ri tojbʼal kʼayinem .
ktij ri u waʼlik rumal ri ki nimaqʼij .
xuchapu kunaxik .
cha ta nloq ali .
x in xu liʼ qajoq .
jeʼl ik ktijow ri taqik ox .
kʼate kʼuri letat x oʼr xubʼij , man ka waj taj , man ka waj taj .
kʼojun tzʼiʼ pabʼe .
kamul xin pechea tzukuxik .
man tajin tak in chakunik .
kin chakunik rech kat waʼ ik .
jas rukʼ xawil wi chi xkiqupij wile tiʼj .
jas ubʼixik … ?
koqʼ ria kʼal .
ka waj na ka tʼe taj .
xat qʼajik .
wem na cha loqʼ axiyal , na kimbʼe taa wukʼ .
x opan le wuj a wukʼ rumal wech in .
are kʼut pale juyubʼ kkʼiy joron , chilaʼ xekikʼam awiri jaʼ riwinaq .
koqʼ ria kʼal .
we kʼo a rajil cha kʼamaloq .
are sibʼalaj kaq le ap oʼt chu wach le nu poʼt .
x in kʼastaj pakabʼ lajuj kajbʼal .
kaqoyʼej na kix pe taj .
kok axim ri chij xa jelaʼ man kanimaj ta bʼik .
ri kok nojim xbʼek , xu chʼij ox opan pau kʼisbʼalil lea nim .
x oj kiʼ kotik aretaq xa tu lik .
kaqitzʼ naj ri u xa jabʼ ria kʼal .
rijesusk waʼ kat pari nim rachoch ri dyos , chu xeʼ ri jun jache rachoch ri salom on .
wetaqanik riʼ kubʼij chi raja waxik kyaʼ uqʼij ri winaq xuqujeʼ ktoʼ an inaqil .
ria xux are na riu kunel ri kinaqʼ .
aretaq waʼ riu qʼijol wetaqanik .
kʼo jun tabʼal pau wiʼ ri xkan ul ubʼiʼ lajuj noʼj .
yuʼl ubʼanom riu kolobʼ ri kej .
xa nimaj ria kʼal chi u wach riu chuch .
kkunan ria chi .
kin waʼik rech na kin yowaj taj .
aj xik chʼi chʼ ri luʼs .
kwaj che ixkix bʼanow ik .
aʼre xetoʼwa laq .
x ojʼek xeʼqil al ar qas ok .
x inloqʼ junchʼi chʼ , qajinaq u wach .
ku tʼis ripan talon .
e janipa lea wal kʼwal ekʼolik ?
u tzukemik le pas chawe .
rimax areaj qʼaniyaʼ .
matabʼa chiriq kʼax pale bʼe .
tajin kanimaj , rimeʼs .
ixi xeʼlaqʼom abʼ !
x sach an chwe .
ekʼo kʼi cheʼ , chiu wach ri juyubʼ .
arewaʼ ri nimalaj pixabʼ earewaʼ rinabʼe .
x retaʼmaj chi rukʼ pa kʼkutij wi
jas utz a kik le subʼ xuʼa no ?
aj x oʼy ri wi kan .
weta ne aʼre xetijow le ri kil , are le komon xetijow ik .
sibʼalaj an inaq ka chʼaw le areʼ chi nu wach in .
utz we kin chakuj .
meʼs laʼ .
kʼo kan wa rech kaqatijo .
x in sikʼij la .
ria kʼal xsach kanoq jelaʼ pataqʼ aj .
xesikʼij la .
jawi xkibʼij wi chikeʼe wi ?
rumal che , man ix tariʼ rikix chʼawik , are ri rux labʼ axel riitat riʼ ri kchʼaw na iwukʼ riix.
kʼakʼ ri wachoch .
sibʼalaj utz kin wil le a tzʼyaq rech na h uala .
saq por kkay ri kip oʼt ri nan .
xsachon ri nu chak chwe .
waʼim xuchapo .
ri qʼaqʼ tajin ka juluwik .
na jilupam risiwan .
ekʼo ri qachalal pachiu wiʼ la .
jas xa taq chiʼj le akʼal chu tijik ?
noʼjim u kemik le pasa wumal .
kʼojun kuku bʼiʼt intin, waʼ le laj kukmam ka jeqitaj , kapaqi kax u lik pau wiʼ uqʼabʼ taq cheʼ , sibʼalaj sakʼaj , keʼuto le e nimaʼq , chʼ utin , rachiʼl , aj sipanel sibʼalaj utz ranimaʼ .
riu pixabʼ le qʼatbʼal tzij kiyaʼ ubʼixik .
na xsachon ta chke xe atinik .
xeqil le chikop puwil eja .
xloʼtaj ria kʼal .
qonojel kuj waʼ pau wiʼ rimexa .
xsik ir le waqan .
la xat waʼ kʼut ?
nimu bʼaqʼ ri tulul .
kin xikʼi kʼik xinqʼaxik .
la katbʼe pale tinamit ?
ripal sibʼalaj saqʼ or .
kqʼoxow nu jalom .
x in naʼo chi kat petik .
xloqʼ ulewi we chix.
x in chakun rukʼ ri nu mam .
na xqabʼantaj .
kkʼojiʼ bʼaʼ riu sipanik riajaw xel jesus kristo rukʼ ria wux labʼal !
kin chʼaw rukʼ le nu nan pale chʼawebʼal .
sibʼalaj qʼequʼm rumal ri may ul .
are le b a x ulik .
xekos le ixoqibʼ pale bʼe .
kʼax rilik le akʼal chawe .
x in qʼiʼo xin at in pa joron .
sibʼalaj nim le tinamit .
kʼax u kemik le pasa wumal .
x in sachik .
tajin kel u kikʼel paraqan ri tzʼiʼ .
x in wetaʼmaj rilik wibʼ
ri qʼuqʼ are jun jeʼl chikop .
kʼo paja tijobʼal ri wikaqʼ .
ri sachibʼal mak raj waxik chi qaxoʼl .
jeʼ, kimbʼek .
jela leʼ ri nu pwiʼ .
xubʼij che :-jas xabʼanot intin ?
kabʼan jun toqʼobʼ kyak ri nu jal .
katʼekxin ta .
jasleu kʼex bʼem ribʼ le jun rukʼ le junchik ?
aj chiu wiʼ mi qʼinjaʼ riluʼ .
ri tijonel naj kpe wi .
teʼ kix chobʼ ubʼiʼ ri nu tat .
ri jaʼ kamiqʼik chiu wach ri qʼaqʼ .
ri tʼuʼy kpaqʼowik .
kin meson na .
na qaj at kʼowi chiwech .
x inbʼi sonik taq na xat pet taj .
we xkam riwinaq , ri pwaq rech tojbʼal makaj kyaʼ chikech ri ralaxik .
ri nu nan xbʼe pakʼaybʼal .
x oju kʼam u loq rech koj ri lo
x kʼotochin chikiwach chi kin waʼ a wukʼ .
na xkikam saj taj xkikʼambʼi ch oja .
kʼakʼ ri ikʼ kamik .
ximbʼe rukʼ leaj kun iwir .
rilik .
le tzʼiʼ xekos ik .
x inkiko ta wumal .
rii mul xumaj ria nim , xuya kan le kok .
kʼo oj cheria kʼal .
xuj bʼe pajun kʼulanem .
utz we k waral aq .
kaqilo chi na koju kʼam taj .
x retaʼmaj chi rukʼ pa kʼkutij wi .
sibʼalaj x inkʼaʼ na rik .
x in kochij ri nu wa .
man kat kowintaj kat chakunik , weman kʼota ri ajilabʼal .
we wonon xubʼij chike :- kix into .
riala nim kril wiri u mam .
x kaʼy chirij , x kaʼy chu wach , ma kʼota chi jun ksilo bʼik , xoqʼik x u xeʼj ribʼ x chʼopinik x tzalij loq x u riq tachik ri ubʼe .
kʼo pus cheri wa .
pinem na kabʼe lewa tz, kimbʼe wi in pa kaʼyibʼal .
ri nantoʼn nim winaq chik , saqu wiʼ , ronojela qʼabʼ utz kunaʼo katʼuyiʼ pautem , ku miqʼisaj ribʼ cho ri qʼij , kʼojun u wiʼ u mam ubʼiʼ a teʼk .
man ekʼitaj riqu laʼ .
qʼalaj chi na ka waj taj kabʼij
x paqabʼi sax rajil ronojel ri kem .
kʼo pari jul riku matz .
ronojel qʼij kin chʼaj le nu wa re .
saq chi kan le ichaj rech katzako .
chu xe le qachomal kaqatij wi jun qa meqʼin .
chawilaʼ .
e kʼojobʼ u miʼ al , ri nu tat .
jas rukʼ xa wilwi
jeʼ jas ri winaq rech ri u wach ulew , xoqujeʼ kepe na riʼ ri eʼareʼ che e rech ri u wach ulew ; jeʼ jas ri winaq rech ri kaj , xoqujeʼ kepe na riʼ ri eʼareʼ e rech ri kaj .
x intijo .
ktzʼujuw ri rachoch ri poʼx .
xu qʼiʼo are le u kʼulel x yaʼow u wa .
ria wel x retaʼmaj chiraja waxik man kuxej taribʼ che ri tukur .
ju kʼulaj winaq xeʼa nimaj bʼik .
jeʼ, x in tzalij ik .
x oj petik x ol qa kʼamaʼ .
maj jach in x ʼek .
in aj tij ; at tijoxel .
saqu wiʼ ritataʼ .
wech ri kem .
le roʼ ch le a teʼk kʼo chwach le u kʼay le nu nan .
kbʼe pari si riʼ a e pari silisiʼ a , jawi jeʼ kuya wi rikich uqʼabʼ rikomon tyox .
pixabʼ : man utz taj kʼax kuj chʼaw chikij nikʼaj qa chil .
xkunataj leali ( kumal ri ixoqibʼ ).
ri xibʼibʼal chi kʼowi pataq riqa kʼaslemal ronojel qʼij .
na kuj warta waral .
on che kkʼojiʼ ri utzil chi xoʼl , are ch junam riqa kojonik , junam ri iwech ix rukʼ ri wech in .
paox qʼij ri saʼn kbʼe na rukʼ riaj kun .
kawinaq wuqubʼ .
jas ka waj kin tijo ?
weta xa tbʼew ukʼ pale tinamit , xa loqʼ ta laʼ le u jastaq le a kʼajol .
kebʼe pawaʼ im .
xinloqʼ kʼiwa .
pajun nim kʼa cheʼlaj , kʼojun kʼwaʼ sibʼalaj saq loloj , nimu wach .
kwaj katij ju bʼaʼ wa .
ronojel winaq kril na riu kolonem ri dyos ».
x kʼotochin chikiwach chi kin waʼ a wukʼ
kwaj na katʼe taj .
la xa loqʼ junalej ?
ekʼo rie loqʼomanel .
riu kabʼ ubʼiʼ ri nu mam are yay .
kin jopij rii jaʼ rech triko .
x naʼtaj chke xe atinik .
xa teʼqilaʼ .
kakitija lan xax riwinaq .
. . . kinbʼij chi arewaʼ sinxiʼ an .
na xin nabʼej ta chu tasik qa kʼolibʼal .
rumal rech chewe riin, kin chʼaw rukʼ ri dyos pachʼabʼal , kchʼaw na kʼuriʼ ri wuxla bʼal rukʼ ri dyos , kʼate kʼut man kʼota u patan riʼ ch rech rinu chomabʼal .
xe petik xkilo .
xuta wekatʼek .
u tzukemik le pas chawe .
ri nu wakax xutij jun qʼoqʼ rumal riʼ xkamik .
rumal ri kʼix , man kewaʼ taj riwinaq .
xeʼulik .
qʼe qrij ria maʼ chij .
x raj kaʼel e unan .
junam ki junabʼ .
na qʼalaj taj we kaʼek .
ri wixnam chʼaj chʼoj ri rachoch .
waral man kʼo taj aja wal .
na iwir ta xril le kʼamolbʼe .
x in peloq te kʼuriʼ x in tzukuj ronojel ri nu rajil .
riaj tikonel kutik ri tzij .
kʼo e ki kʼajol le achijabʼ .
kutij qʼayes ri ix paʼ ch .
pari waʼbʼal ekʼo kawinaq achijabʼ .
sipoj inaq ri nupam .
kayaʼtajik rukʼ u tiʼonem jun ri u riqom le yabʼila molotsetsé xuqujeʼ are kayaʼtaj pataq ri juyubʼ .
jach in ria chi ?
ri nu mam x kamik aretaq kʼoju muchʼ lajuj u junabʼ .
kin kowinik kinkʼambʼi le pwaq .
kin wilo chi utz riaj iʼ .
x inqʼil ri apoʼx che man kachakun taj .
kwaʼ chiu wach le taqʼaj ria maʼ akʼ .
rii mul xepoqʼik pajun ikʼ .
x kʼis kanoq riqa chak .
are rialix oj ilow kanoq .
sibʼalaj chʼuʼj ria max .
kʼo nu wachiʼ .
in chajinel kech le a kʼalabʼ .
xekos le tzʼiʼ .
kinbʼe na kukʼ ri molaj .
ronojela qʼabʼ kiny itzʼ ri wa kax .
kar apinik xutzukuj chi juna waj .
le u kemik le pasan inaq ( a wumal ).
maj u rajil leqʼabʼ arel .
kʼax riʼ rika chʼawik .
xoju taq chiʼj lea chi chu loqʼik ichaj .
sibʼalaj kʼax ri xkʼul maxik .
xkilo chinak in kʼoxomaj taj .
x naʼtaj chke chixe atinik .
x kʼotochin chikiwach chi xojal woʼ qa kukʼ .
jun qʼuʼq rajil ri kax laʼn wa .
x in wilo chi xeʼel ik .
ekʼo ixoqibʼ pale kʼaybʼal .
man kʼotaj u kʼisik ri mayabʼ aj labʼal il .
ri sin kkʼiy pataqʼ aj .
ri chʼi ma man kkʼiy taj pataqʼ aj .
raja waxik k jik ik ri waqän .
ka waj kinʼ e k.
ekʼo oxibʼ akʼ .
xubʼij chwe jawi at kʼowi .
chweʼq kuj bʼeʼ pa muquj .
pasaq kʼajaʼ kbʼan wiriuq .
x oj kisikʼij .
x in wilwibʼ .
chaqʼ chik ri wa .
kimbʼe na ka pale woʼ ch .
ka waj kinʼ e k.
ri chʼuʼ ktij rukʼ lej .
pari ki qʼij kaminaqibʼ kbʼan qʼo ri kʼyaʼ rech aj : nabʼe ri nan kutzukuj kan riaj , kujach ʼoʼxuquje kukʼet o .
jas kajbʼal chanim ?
utz u chomanik riali .
pari qʼij ox lajuj tijax kinkʼis kebʼ junabʼ kin chakun waral .
sibʼalaj ko , ri kʼakʼ chʼat .
jas karaj kubʼij … ?
ri chʼi chʼ kasil abʼik .
paojer qʼalpul xaq xuwi ri nim winaq ke kʼamowbʼe .
le u kunaxik le u kabʼ u kʼutunik are rukʼ e flor nitina on u tunibʼaxik le nifur timo x chiʼ le flor nitina chech t .b .g .
are ria chi x in chʼayowik .
junachi u bʼi kuʼx u sipaj kebʼ kʼaʼmulew rech kabʼan ri tijobʼal , kamik , kʼo chi kaj tij rech rikomon xechpup .
xumal tyoxij che riaj tij ronojel le xukʼut chiu wach .
pari bʼe xkiraq junalaji mul saqrij , xki kʼambʼik .
x ril lebʼal e al a .
jas kubʼij chwe ?
le u kunatajem are rukʼ u tzukuxik le u chikopil pajun u solik u xeʼ le kikʼon le jaʼ rech jun nodo .
utz we nu tzʼiʼ .
jeʼ , tajin ka chaponik .
kinu loqʼoj le nu tat .
ka waj kimbʼe patinamit .
arelaʼ kin chakuj .
ri nimaʼq taq winaq kʼo ketaʼma bʼal .
weta xa tbʼew ukʼ pale tinamit , xa loqʼ ta waʼ we jastaq .
riki kʼaslemal . wa iximulew xa junchima areta tinimit rima
riu kʼyabʼal na jupam .
xat qaj chiupam riil .
nojim kat waʼ ik .
we kʼojun ktuqaʼ rik ,¿la man xoqujeʼ taj kintuq aʼr ri in ?
oj oj wokol ja .
a was kbʼan kʼax che jun nim winaq .
xin chʼaw apan rukʼ le wanabʼ .
kʼax ri upam ri juʼl .
tajin kewaʼ rii mul .
la kaj la kuj tzalij laan inaq ?
rumal rech cheri makaj man kʼota u kowinem pi wiʼ ri ix: riix man ix kʼota chi chu xeʼ ri pixabʼ , xa ne ix kʼo chu xeʼ ri sipanik .
nim raqan le cheʼ .
x in chapo .
are le tuʼrle loqʼomanel .
xas kat kʼojiʼ chiupam ri chʼi chʼ .
sibʼalaj nim raqan ri kʼamalbʼe .
le tzʼibʼa bʼal wech in .
in x in toʼw la .
xaj e kʼuriʼ riix kamik riʼ man ix kax lan winaq tachik ; riix, ix rech ri ki tinimit ri etyoxlaj taq winaq , ix rech ri rachoch ridyos .
x in tikoxlaj kʼal ichaj .
kaqariq qibʼ chweʼq .
sibʼalaj utz che ri wiʼ aj ri tuney .
we na jupulik ta xeqaj ik . . .
x in toʼtaj che ri nu chak .
kʼo junchik opu bʼiʼ pum .
poqon ri ik .
x oj bʼinik .
x u chʼek ronojel le retamanik xpaqiʼ k kʼax kwʼi nik xubʼan aj kun .
kel u bʼik pari judeʼa e ktzalij chiu bʼi jumul parig alileʼa .
x ina xibʼij pabʼe .
jeʼl kʼolem chia wachoch .
ronojel ri yaʼtalil pawe qʼataj , tzʼaqat kiwach , man ktzaq ta kanoq xuqujeʼ man ktas taj .
xukunaj le yawabʼ leaj qʼij .
chi tatabʼej jasle kimbʼij .
chʼan al ria chi .
pa bʼokoʼ kachakun wiri ta x.
uj kʼo pau wuqqʼij .
kiʼ ri u kabʼ ria qaj .
kʼo rachalal pa tzʼoloj cheʼ ri peʼl .
xkilo chik in kʼoxomaj .
riu kisakʼ utz kyaʼik chiu xeʼ ri tikoʼn .
aretaq chiʼ kaqʼan puwiʼ ri jukubʼ , ria chiche xkʼojiʼ ri itzel u x labʼal rukʼ , kuta ch rechri areʼ, a rech kkʼojiʼ rukʼ ria reʼ .
na kabʼantaj ta wumal .
x naʼtaj chke xe atinik .
xinpaj ri nut riko .
xeʼok ri pokʼ pari umex ari poʼx .
ka juluw ri aqʼaʼl chiu xeʼ ri tʼuʼy .
a wech le ja .
xuj bʼe pa tzurik .
nabʼe xa topanik .
riu kabʼ ubʼiʼ ri nu mam are yay .
u waj xaq u kakʼal taqanik (28) .
mata kʼojun kakanaj kanoq , qonojel kojbʼek .
e nimaʼq le altom abʼ .
nimu wach ri p oʼt .
kojonik pari utzij wa iximulew .
jas xu kʼambʼi le tzʼiʼx a wilo ?
x in petik , tat .
ri bʼe laju wach .
chi tatabʼej jas ri kimbʼij .
jeʼl kunaʼ ria bʼix chiupam ri ququlew .
kinbʼis oju wach lewal .
xu tʼuyubʼaʼ .
nim ria we qeleʼn xa riqo .
x ineʼ waʼo q.
chiʼ kewar wile a kʼalabʼ .
ri nu miʼ al xutaq loq jun taqoʼm wuj chiwe .
qʼeʼl ik , richaj pari bʼe .
la utz a wach ?- utz maltyox , e kʼuria t ? – utz maltyox .
x in kos rumal nu chak .
kbʼe kukʼ ri eʼ areʼ e ktzalij pari nas are te keʼu nimaj .
rij oj xu kʼambʼik ria kʼ .
kʼo chi wachiʼl chanim .
kubʼij chech naʼl kabʼan cheria tzʼibʼ .
e. . . in ka waj katzjoj bʼi la chwe .
matax inya jlea li .
jach in rukʼ katbʼe wi ?
kʼo sibʼalaj etaʼmabʼal pari mayabʼ noʼjibʼal .
e man x ori jupuq kej .
kasumum ri kaqiqʼ .
ekʼo kajibʼ a kʼalabʼ pale bʼe .
jeʼ jas ri u tat kkaʼyik .
xaq at molonel tzij tal .
le nu tat kaloqʼ on chwe .
xaqta ne kimbʼe iwukʼ .
x retaʼmaj u chʼajik .
rumal laʼ xkoj “xal qʼat ” che ubʼiʼ rikomon .
are le u kemik pas x retaʼmaj .
ri watiʼt kubʼan na riu patan .
kʼakʼ le poʼt .
retaʼm u wach jach in x loqʼow ri pas .
ken chʼabʼej lea kʼalabʼ .
yaʼtal chaqe qonojel ri uj winaq utz kaqil qibʼ .
xkotiʼpa qʼayesx oqʼik .
kawinaq bʼe le jebʼ qʼataj .
ekʼo kajibʼ ral rii mul, jun saq , jun qʼan , jun qʼeq , jun qʼeqoj , sibʼalaj ketzʼanik , ke chʼopinik ria laj taq i mul .
k cholol riachach al .
ketekik ri ikʼ .
xe petik rech kewaʼ iwukʼ .
tz atz ri uqʼanil ri akʼ .
xoj tzalijik xixeʼ qa qʼatuj kukʼ le itat inan .
ri yoʼx taqa kʼalabʼ kekikʼux ria tzʼyaq .
wea chiwe xu sipaj jun poʼt chwe xkamik .
kkowin ri kunanel che kunanik .
xjiqʼ pari polow .
xa rumal sibʼalaj raja waxik le loqʼalaj jaʼ , lewinaq xkibʼij : che we ikʼ riʼ qonojel kuj bʼe che u tikik taq cheʼ .
riu na ne rie rachalal kepe u loq rukʼ ri areʼ, kʼate kʼuriʼ , man kekowintaj keqibʼ u koq rukʼ , rumal rech che ekʼo sibʼalaj winaq .
rumal rech , che man kʼota jun kkowin cheu kojik juntik ibʼalil chik chu wach ri kojom chik che are rijesus kristo .
te kʼuriʼ xu tzʼibʼaj ribʼ pari nimalaj tijobʼal rech aj kuʼn .
ka juluw ri chʼu mil chaqʼabʼ .
kʼisbʼal kanoq , xoqujeʼ kkam ri ixoq .
lea la xokik .
kʼo pwaq pau wiʼ rimexa .
are ka waj na kinʼ e taj .
riya wal kukoj riali chiu xeʼ richakach are u suʼt .
na kaqakʼam tuʼbʼi kamik .
riaj tij kubʼij chike : raja waxik keqachajij ria waj , are u tikoʼn riajaw .
x in tijmukun iwir .
kʼax le u wiʼ taqlen uqʼabʼ .
x inloqʼ jun ilbʼal wibʼ .
waʼ we qʼij , nimu bʼantajik .
ri uxeʼal riqa tinamit man kasachtaj .
x oj bʼinik .
riachalal junam kiwach .
x in wetaʼmaj rilik wibʼ .
nim riu naʼoj waj tij .
miqʼin ri kʼul .
aj qʼojom ria teʼk .
che lesanik cheʼ kbʼan wiri qʼojom .
kape le awel pana wal jaʼ .
rimes onel tajin kchakunik .
utz chaqe kaqa toʼqibʼ , taq kʼo kʼax kʼolil , kate wechiʼn riajaw paqa wiʼ .
xa wilo , xqʼatan le ibʼoy .
xa tkowinik xabʼano .
kiʼ ri kʼawex .
kajil il ri bʼe .
lealixel bʼik .
areʼ x raj xinbʼano .
nim we abʼaj .
jeʼl ik u tiʼ jolal ri saq koʼr .
nojinaq rikej .
weka tijan x u x man katu toʼta chiu qʼatixik le kʼakʼ yabʼil cor onavirus ( 2019 -ncov) .
na nim ta raqan waʼ we cheʼ .
utzalaj aj chak , ri wel .
¿jampaʼ kuj bʼe panimaqʼij ?
raja waxik ta ne laʼ kat chakun wukʼ .
xutaq chiʼj pa war amp ulew .
man are taria x wan xel ik .
ria wi x xu loqʼ rachoch re nimal .
are ri ixoq x in sikʼin uloq .
ri chʼi makʼ atʼon na .
la xibʼan le ichak ?
kʼi tinamit ekʼo pa chʼoʼj .
kʼo jupuq chij chiu xeʼ ri cheʼ .
riu xaq ria bʼix are u warikej .
kawinaq qʼataj .
la kix pe pa tijobʼal ?
we kechajix taq le kʼ wa jacha kinbʼij ; junalik kʼo jaʼ xuqujeʼ sibʼalaj saq loloj .
x retaʼmaj .
ria labʼom ri alitom abʼ tajin kikitijoj kibʼ rech su taq , are kakaj ki kibʼan nima qa chijabʼ chupam ri ki kʼaslemal , xuquje kʼo chik jupuq bʼix onel chupam rikomon .
la tzʼ uwach ribʼe .
kʼakʼ ria chʼi chʼ .
qonojel uj , uj mayabʼ taq winaq .
nojel qʼij ri atiʼ xkuyu qʼuj le taqa waj jelaʼ panikʼaj jaʼ , chirij ri juyubʼ ubʼiʼ te naʼ .
paqʼom chik risiʼ .
kin tzukun chela .
kakitij le kinaqʼ , le ichaj , leu waʼlik rukʼ lej .
xekanaj kan leaj chakibʼ .
ketik on ria chijabʼ .
sibʼalaj itzel u bʼantajik ri chʼi lakan .
ria teʼk xumal tyoxij che ri ra tiʼt , rumal ri utzalaj noʼjibʼal xukʼut chech .
kkamulix u chak ria bʼix .
la xinutzukuj le tijoxel ?
areʼ kachakun ronojel qʼij .
le ekʼaʼna taq tzʼiʼ .
saqrij riplam u x .
jas xa qʼiʼo xa tijo .
jas rukʼ xkichap wi u tijik le ri kil ?
wekatat in rukʼ kʼatan jaʼ man kuqʼatej ta le kʼakʼ yabʼil cor onavirus .
la katbʼin pale u x lanbʼal ?
la waral kʼux ix waʼ wi ?
are le nu tat kin loqʼonik .
tajin kchakun riala .
kʼo ri kiʼ kotemala wukʼ .
xuta jach in kaʼ e k.
xat waʼik xin wilo .
x tzaq ri rachoch rumal ri jabʼ .
pale jun ikʼ chik are nimaqʼij .
e kebʼäm kebʼin pau wiʼ ritem .
mem ria chi .
ri wikan chaliʼy kel pajuyubʼ chwi tziribʼal .
le rajil , la paja xelaqʼax wuʼ bʼik ?
pari suʼt pisom wirilej .
koj peti kkol qa kʼamaʼ .
tajin kat chʼopin chiu wach ri taqʼaj .
le qʼorx chʼuqik .
kʼax waʼ ima wumal .
kinbʼis on che le wal .
sibʼalaj kʼo kʼ ria watzʼyaq .
kamik xuj bʼe che u tikik taq cheʼ pari juyubʼ .
kinu loqʼoj le nu tat .
chaqiʼj chik ri chaj .
xyil ix ha wayi .
na x naʼtaj ta chke chixe atinik .
rukʼ kʼuwaʼ we riʼ, riix kkʼojiʼ jun utzalaji kʼaslemal riʼ chkiwach ri winaq che man ekʼota iwukʼ , kʼate kʼuriʼ man kʼota jun winaq riʼ raja waxik chiwech .
e petinaq pabʼe le rachalaxik .
kakaj lea kʼalabʼ kewaʼ ik .
xuj chʼaybʼik .
ri nu chak are qʼaxel tzij .
kʼo na rux labʼ ria waj .
tajin kelloq , ri qʼij .
xu qʼiʼo x kamsax ri rachalal choch .
ri nu mam are kʼo u qʼinomal .
xkʼul mataj jumul , xubʼan jun nimalaj jabʼ , man xbʼeyetaj tanax u kʼisleu yuqʼ chike .
a maʼ ri nu tzʼiʼ .
jewaʼ kat petik .
x in kosik rumal xin chakunik
iwech chi jujunal , ri wa .
xu qʼiʼo na xa tat in taj .
in riqtaj inaq pari kʼayibʼal .
na wetaʼmtaj .
kʼax le nuqʼabʼ .
utz le xubʼij le a chi .
ke matzʼibʼ .
kʼo rachalal pa tzʼoloj cheʼ ri peʼl .
ronojel waʼ we jastaq riʼ, xas ksach wi u wach waʼ ; rukʼ we riʼ, riix , raja waxik che kʼojun tyox laji kʼaslemal e kkʼojiʼ rii chʼawem rukʼ ridyos ,
x muqtaj ri pa tzʼan .
ri chʼi chʼ tzijom kanoq pari u kʼolbʼal .
man kʼota u cholaj pataq ria wuj .
jachike ikʼ le u nimaqʼij le tinamit na wal jaʼ ?
xepetik x ol kikʼamaʼ .
ka chuqʼ chu t ri jaʼ chiapam .
x inbʼij iwir chi xebʼe paar mita .
areʼu xeʼ ojer tzij waral kʼi cheʼ ubʼiʼ .
xkʼis ri nu siʼ .
jawi xkibʼij wi chikeʼe wi ?
¡ xa je kʼuriʼ , jach intaq riekʼo pari judeʼa, chi chanim cheʼ animaj ubʼi pataq ri juyubʼ ,
kʼakʼ ri abʼ.
la kʼojun na ka kʼoxomaj taj ?
na utz ta le u tʼisom le al mariy .
man yaʼtal taj chiawe katok paja .
jeʼ, xa tu tzukuj .
are kel waj xaqibʼ uqʼij rixkʼojik .
ri x un kur kkʼojiʼ pataq ritriko .
x in sachik .
xu tʼuyu bʼaʼ
nan utom ta le tzij …
wachʼom rikiwari noʼs .
ekʼo jobʼ chʼil wa kʼ.
raja wixik chi pataq ri tijobʼal , panikʼaj ubʼixik chik
ri rajaw rulew a reʼtat kel .
we kʼu xokik , we kʼ na xok ta
wea chi xu sipaj jun pʼot chwe .
a tat u taqoʼn le qʼatal tzij .
na qʼanta u wach le qa prut .
ri xaʼ r kʼo pau wiʼ ri qʼaqʼ kpoqʼowik .
ri roqʼej riali jachak pejun akʼal .
kʼojun alapa tijobʼal .
säqu wiʼ ritataʼ .
ri wi tz ikʼ tajin kpe loq .
jawi xsach on wi ka nu yaʼik le pwaq che .
utz wea chiwe x in kunanik .
qonojel kuj waʼ pau wiʼ rimexa .
ri kax laʼnik man poqon taj .
in x in bʼe rukʼ ri wachiʼl .
sibʼalaj jeʼl xkilo xeki tzoqopij ri ki chij chilaʼ .
kinbʼinik x in ʼek .
kʼax kʼolik , ka chaʼ .
kutij ixim ria kʼ .
rial ixchel , xu qʼiʼo xa jun akʼ xsipax che .
xqa sikʼij le ixoq chu tzakik subʼ .
mata xa bʼinsaj le chʼi chʼ .
ri pix tzʼa ralik rumal rie qaʼn .
¿jampaʼ kel chi 3%
kʼo jun nu kʼotoj chiʼ aj .
tajin kewaʼ kat ria labʼom .
xin loqʼ le nu kʼakʼ a poʼt .
nau tzakik tas ubʼ tajin kuʼano
x oju taq chiʼ ij x oj waʼ ik .
iwech ria bʼix .
saqrij ri chij .
aj sik che ri tinamit kel wiritataʼ .
- ¡ay !xax in tzaqu loq , kʼax we waqan .
xkʼul mataj pajun komon chiʼ u wach jun juyubʼ , xu riqa jun qʼij xkiriq kibʼ ju nimul rukʼ le kok .
jas xa taq chiʼj le akʼal chu tijik ?
x in chapo sux u loqʼo .
qʼinom ria chi .
ri kʼum ktijow rukʼ kabʼ .
tajin kejach ʼanik .
tzebʼal u kemik le pasa wumal .
are ka yoʼw le u chikopil le u bʼantajik tr y pano som ab ruc e i.
we kat nimanik utz kelik .
pero noʼjimal petnaq loq , .
are le nu chak jun tzuqbʼal wibʼ .
xkunax le yawabʼ rumal leaj qʼij .
riu kʼuʼx tzʼibʼ paqa tzij e lajuj .
sibʼalaj jeʼl ik rie qabʼal xubʼan ri luʼs .
sibʼalaj a tkon .
e man x ori jupuq kej .
na x naʼtaj ta chke xe atinik .
ri kʼamalbʼe xubʼij chike , chi maja ria nim .
jumuchʼ ri nu junabʼ .
qʼip tajinaq ri raqan ritem .
kchakun rukʼ ri josbʼal cheʼ riajanel .
xa taq chiʼj le akʼal chu tijikkar .
oj kʼo pale roʼ ch lea wel .
¿la katpe qukʼ chweʼq ?
le winaq pale chʼi chʼe tʼuyul lo wi .
xkanaj kanoq chiu xeʼ ri jabʼ ri chʼaʼn .
nim rija .
weta xa kunaj le atat matax kam laʼ .
na nu kʼamom tuʼla riʼ.
chqa nukʼuʼ riqa tzij .
kimbʼe pale tinamit .
x in qʼiʼo na xin at in taj .
raja waxik kakʼam an chawe le u tijik le lej .
kʼisbʼal taq noʼjibʼal .
