xineʼ waʼ oq.
xkibʼ ankʼax che le uwo saq rum al man utzta chi kakayik .
riqʼut uʼm man kech ta le akʼalabʼ .
are na nim tale atzʼiʼ chuwach le nutzʼiʼ .
xepetikxol kilaʼ .
¿jawchiʼ xataʼ che x kam ri umam ripoʼx ?
e kebʼ kekʼambʼik pa tuj .
x in loqʼ jun japa riwokaj ja .
ria xtuʼbʼ , kʼo q ulaj chech .
jas karaj kaʼan chutzakik le tiʼij .
xutij le wa .
x im bʼ alre tzij .
x pa x ribʼ oʼj .
we kawaj katin toʼo xaq xuwi kabʼij chiwe .
jas nukʼuk uchʼobʼo .
jas karaj kutijo ?
xex ru x labʼ ri rikil .
e nitzʼaʼq le taqim ul .
we tane in x inbʼ anowik , are le ateʼk xbʼ anowik .
kintzalij pale nutin amit .
ri nuchaqʼ kʼopa uroʼ qʼatoj tijonik pa ri tijobʼal .
x in x iʼjwibʼ x inchʼawik .
kʼoch waroʼch le pa re .
chi raqan kabʼ inwi ritataʼ.
xsach on kan uyaʼik le p waq chechoja.
xinqʼax chi kixoʼl riwin aq .
ke tikonik .
ri ulew man qechtaj , kech riqat iʼ tqamam .
xe pe lewin aq x ol kikʼam aʼ .
xu loqʼ ri wuj rum al riali.
che we qʼij kamik kʼo junnu tzijonem chirij le nutin amit .
kej riʼ.
x kunanal aqchwe .
kinu sikʼij le nu nan .
riim ul xuchʼij taj, xkanaj pabʼe , rum alri nim al kujal uj rii mul, xutzaq ria nim .
kubʼ anri ux oqʼoʼl riajtzʼaq .
ri la sibʼ alaj utz che kunabʼ al .
kʼi kiwachri eʼ ajchakibʼ pa ri komon tyox , kʼate kʼut xa jun chi ajaw xel ;
xqata chi xat ulik .
kawaj chi kat ʼek .
chʼutiʼn kekanaj ri xajabʼ chech .
kaqax iʼj qibʼ kaqachapo .
ekʼo kebʼ ukʼajol le tat x wan .
luʼs ubʼiʼri recham .
aj chiuwiʼm iqʼinjaʼ ri luʼ.
x in yakanle nuchim pa kʼaybʼ al .
kʼatex rilo, x pe ri u nan che utzukuxik , x kikotik , xu salabʼ isaj ritaqu xkin .
xkikʼut chiuwach riajtij xuqujeʼ chikiwach ritaq nikʼaj kachil .
utz le nuqʼabʼ .
kul le al weʼl pa austin chaqʼabʼ kamik .
ria teʼk xtzaq loqare chi kʼopa uwiʼ ri qʼaʼm .
aj patanri teʼk .
xatqaj chiupam riil .
la kʼo tzij na ki kʼoxomaj taj ?
xsach on chkechixe at inik .
r onojel le ulew e chalaq.
la xebʼe kʼulaxeʼ kijaqa kʼuleu chiʼja ?
xaq kat chʼo knajiwir .
kamik kʼo chi rijastaq awe .
are chiʼ kakʼis ri junabʼ kʼo qʼinom .
pa na wal jaʼx in alexik .
na x inta taj we are ri akʼal kixtzuqu wik .
¡ rulew ri sabʼu lone rulew rine ftali, ubʼe ri p olow, rulew ri jordan, g alile ʼakech ri jetaq amaqʼ !
r ax, r ax, r ax, kʼokʼ , kʼokʼ , kʼokʼ le rux labʼ le taq tikoʼn .
achi xat wilo .
pa qal rajil le pix kamik .
xojbʼ inik .
pa jun jeʼl tijobʼal kutijoj ribʼ jun akʼal , ubʼiʼp oʼx, utz kurilo ke pa tijobʼal r onojel taq qʼij .
x waj chi xat ʼe taj .
utz laʼ le xubʼij le achi .
we taʼam jachin kapetik .
kin qʼojomanik .
xinqʼiʼot akʼalik x in petik .
areʼ retaʼm che kinopanik .
aretabʼ al eqa qajaw chat toʼwik .
kawin aq waqibʼ qʼataj .
na qajchik che riuwaq kajbʼ al aretaq chiʼ ksach uwachri qʼij , kok ri qʼeq uʼm chuwach ulew, chi kʼateʼ na ribʼ elejebʼ kajbʼ al .
jobʼ raqan ri tzʼalam xe por ox ik .
sibʼ alaj korij ri mop .
arewaʼ .
jelaʼpa ri ti minit chwi kab yok rech xelajuʼ, le qanan qatat kakitiko jeʼlalaj taq uwachichaj .
kʼaxnuqul .
xuʼlukʼa maʼ .
ko jul kitzukuj .
are man kʼaxta ukunaxik aretaq anin aq kaʼilitaj we yabʼilal xuqujeʼ mo joʼqa kuyaʼ le kʼax kʼolil chech le jolom aj .
ri wel kʼopa tijonik .
kawaj kinbʼij .
ri kotzʼiʼj kqakoj chiupamri ja .
qʼeq qʼoj rij riamaʼ kej .
na x wajtaj x in chʼawik .
ch petabʼ al eloqʼ alaj jabʼ .
xsach on chke xat kisikʼij .
eleqʼal chʼichʼ .
jachin xawi lo chi are xtijow ritiʼj ?
mata kabʼe le nu xbʼ al pale tin amit .
p im ruq, riali.
¿ kʼo rimuqʼe chiawech ?
kqabʼij man kekowintaj .
kintijna .
kʼo jun qa tʼuʼy pa ja !
kʼo puj chiupam ri chʼaʼk .
aretaq kinkosik kin warik .
xat waʼik x inwilo
in x inchʼayow lea chi .
konojel ri alaxik keʼ etzʼanik .
jas rukʼ xkitij wi le kirikil ?
anin aqil katpetik .
nar a xta uwach le juyubʼ .
ri tzʼalam tzʼibʼabʼ al r ax kkayik .
we chat chak unik, kʼo awa .
maʼ tam xat pe cheri waʼim .
kamul kinwaʼ na .
ri sikil ktijow rukʼik .
kimbʼ eaqʼ an rukʼ le al talin .
xojʼ ek xeʼqilal arqasok .
xe kiqʼil le ajchakibʼ xkiwok le ja .
matanex waj le kʼuh j nem rukʼ le ateʼk .
are xeʼopan chi uchiʼ ri juyubʼ, xkilo chi man qasta kʼo qʼay es .
kʼate kʼut, rijesus man kkojonta chkech rie ʼareʼ, rum alrech che konojel retaʼm kiwach,
paʼtzrij ritzʼiʼ .
juwin aq waqibʼ qʼataj .
at elaqʼom .
xaq at joʼs .
ri qʼatzu, are qʼ alaj ri uqʼijil .
aj chak we ala .
ubʼ eleju kakʼal taq anik (29) .
kebʼ nubʼ iʼkʼolik .
la katzalij luʼ la anin aq ?
katzukun la chwe .
la kaj la kojbʼ eʼ pale chomal chweʼq ?
x in nabʼej chutasik qakʼolibʼ al .
la l x in toʼwik .
sibʼ alaj a noʼjibʼ al .
xoj petik xol qakʼam aʼ .
sibʼ alaj jeʼlikri uwaʼl riichaj .
kʼax wij rum al inpa chalik .
aretaqx ukʼul maj waʼ xul ri uchomanik xubʼij: are utz wa aqʼabʼ kin walij ik, are chaʼ chanim kinopanpa tijobʼal , maj chi kinkʼul maj .
oj aj xo jolobʼ pa aw asqʼij .
x insach che le uwokik le tzij .
e julajuj ria kʼ .
xuta jampaʼ koj ʼe k .
qilik .
ri tijoxel man areta nim chuwachri rajtij. riutz tijoxel qas jeriʼ kʼolik jas ri rajtij .
in xat inchʼayo .
noʼjim chak wum al .
chʼur rijochʼ .
in kinbʼij na katsach taj .
uj mayabʼ .
ri abʼaj ya tzalik .
tajin kepixbʼ axri akʼalabʼ .
cho mri aq .
x in warik .
elemen konojel ri akʼalabʼ .
tajin kqʼanarik ri we reʼaj .
le ukemik le pa sutz ( chawe ) .
xuyup ubʼa uwach raʼchi, ka chaʼ, .
risatanas kok pa ri judas ri kbʼix is ka riʼotech rech, riareʼ jun chkixoʼl ri e kabʼ lajuj .
chuchuri par .
kin qum uj rinu jochʼ .
chech punción lumbar ama qʼel rajaw axik chech rilik le ukʼexbʼ em wi le nabʼe rukʼ le ukabʼ ukʼutunem le yabʼilal .
qʼalaj china kawajtaj kabʼij .
kʼoqʼol chirij risiʼ.
jawi xoj ʼewi chuloqʼik ?
kʼo ulo chʼri talin .
qʼanrij ria tiʼt nukej .
la xtzalij la iwir ?
xesikʼix ik, kʼate kʼuriʼ xeyajik , xuqujeʼ xe taq bʼiche usikʼik le mes .
la kix warik ?
are kʼule palomax xubʼijche : - mam kat bʼisontaj , kinsikʼij nikʼaj wachiʼl kerapapik .
aʼre e tijoxelabʼ .
ri alaj ali siʼl xubʼij xqachappa utz al rityox .
xsachon chke jachin xeat inik .
jas xurayij lea nan xutijo ?
x in kosik .
ra x r onojel riqʼay es rum al lejabʼ .
kinya waʼwe chʼichʼ pinem nautz .
noʼjim upachʼ uxik le nuwiʼ .
naj kʼowil ewoʼch chuwach le tijobʼal .
ri okibʼ al kʼo chi uwachri saq ja .
xen utaq chʼij kekil le akʼalabʼ .
kʼo jun qʼ ox owemchi we .
tz arichoʼm .
we chojbʼ epale nimaqʼij , keqil leaj xojolobʼ .
xojʼ ek xeʼqilal arqasok .
ria teʼk xutaʼ chechri nan toʼn :- nan jas cheʼ chiman kajta la qakʼat isaj ri joʼq .
ripal sibʼ alaj xuʼy .
kinkoj rijo kbʼ al ulew.
in kinbʼij na katsach taj
at rajkun le nu nan .
kuqam uj u joron riajtzij .
luʼ tzʼalam ubʼiʼria chikel pa nim cheʼ .
jeʼli kutiʼ jolal ri saq koʼr .
kʼo jun xaʼ r pa ja .
x in loqʼ junkʼakʼ patan.
kʼax ukemik le pa sawum al .
anin aq ukemik le pa sawum al
ri chʼaʼn sachin aq pa taqa bʼix .
r ax taq le kotzʼiʼj .
mesom kanoqri upam ja .
man aretar alaxkosik .
ri komon xe chpup rech uqʼabʼtin amit xoʼl abʼaj rech qʼumar kaj .
la utzakik kʼusubʼ tajin kuʼ ano ?
katela !
na xutijtaj .
xa rum al ketaʼm konojel riwin aq kkiqumuj le jaʼ .
iwir xuj tzalij la pa kʼaybʼ al .
qetaʼm che riqawa kuj utoʼo .
riajtij, kyaj on chikechri akʼalabʼ .
jasubʼ anomle nu chʼutitat ?
chweʼq kinbʼ epa nim tin amit .
utz we kiwetaʼmaj jas kubʼij richolbʼ al qʼij .
tajin kat jilow che uqʼoxom jolomaj .
x in tik qʼax chiuwach ri ja .
kʼax le kibʼe le win aq .
loqʼ katkun taj che le yabʼil (covid -19) .
rinuxibʼ al kel pa qajbʼ al qʼij .
x ril ria x wan chix waʼ riala.
le alix kunatajik .
weta kap elejabʼ kamik .
x in wetaʼmaj china xat pe taj .
ri p waq rech we qʼataj riʼ kesax chechri tojbʼ al kʼayinem .
ktij ri uwaʼlik rum al ri kinimaqʼij .
xuchap ukunaxik .
cha tan loq ali .
x in xuliʼ qaj oq.
jeʼlik ktijow ritaqik ox .
kʼate kʼuri le tat xoʼ r xubʼij, man kawajtaj , man kawajtaj .
kʼo juntzʼiʼ pabʼe .
kamul x in peche atzukuxik .
man tajin takinchak unik .
kin chak unik rech kat waʼik .
jas rukʼ xawil wi chi xkiqupij wi le tiʼj .
jas ubʼixik … ?
koqʼri akʼal .
kawaj na kat ʼe taj .
xat qʼaj ik .
we mna chaloqʼ axiyal , na kimbʼe ta awukʼ .
x opanle wuj awukʼ rum al we chin .
are kʼut pale juyubʼ kkʼiy joron, chilaʼ xe kikʼamawi ri jaʼ riwin aq .
koqʼri akʼal .
we kʼo arajil chakʼama loq.
are sibʼ alaj kaq le a poʼt chuwach le nu poʼt .
x in kʼastaj pa kabʼ lajuj kajbʼ al .
kaqoy ʼej na kix pe taj .
ko kaximri chij xa jelaʼ man kanimaj ta bʼik .
ri kok nojim xbʼek , xuchʼijox opanpa ukʼisbʼ alil le anim .
xoj kiʼkotik aretaqx at ulik .
kaqitzʼ naj ri uxa jabʼ ri akʼal .
rijesus k waʼkat pa rinim rachoch rid yos, chuxeʼ rijun jache rachochri sal omon .
wetaq anikriʼ kubʼij chi rajaw axik kyaʼ uqʼij riwin aq xuqujeʼ ktoʼ anin aqil .
ria xu x are na ri ukunel ri kin aqʼ.
aretaq waʼri uqʼijol we taq anik .
kʼo juntabʼ al pa uwiʼ ri x kanul ubʼiʼ lajuj noʼj .
yuʼl ubʼ anomri ukolobʼ ri kej .
xanimaj ri akʼal chiuwach riuchuch .
kkunan riachi .
kin waʼik rech na kin yowaj taj .
aj x ik chʼichʼ ri luʼs .
k waj che ix kixbʼ anowik .
aʼre xe toʼwalaq .
xojʼ ek xeʼqilal arqasok .
x in loqʼ junchʼichʼ , qajin aq uwach .
kutʼis ripanta lon .
e janipale awal kʼwal e kʼolik ?
utzukemik le pas chawe .
rimax areaj qʼa niyaʼ .
matabʼa chiriq kʼax pale bʼe .
tajin kanimaj , ri meʼs .
ix ix eʼ la qʼ omabʼ !
xsachan chwe .
ekʼo kʼicheʼ, chi uwachri juyubʼ .
arewaʼri nim alaj pixabʼe arewaʼri nabʼe .
x retaʼmaj chi rukʼ pa kʼ kutij wi
jas utzakik le subʼ xuʼ ano ?
aj xoʼy riwi kan .
we tane aʼre xetijow le rikil , arele komon xetijowik .
sibʼ alaj anin aq kachʼaw le areʼ chin uwachin .
utz we kin chak uj .
meʼs laʼ .
kʼo kan wa rech kaqatijo .
x insikʼij la .
ri akʼal xsach kanoq jelaʼ pataqʼaj .
xesikʼij la .
jawi xkibʼij wi chikeʼe wi ?
rum alche, man ixta riʼ ri kix chʼawik , are ri rux labʼ axel rii tat riʼ rikchʼaw na iwukʼ riix .
kʼakʼ riwachoch .
sibʼ alaj utz kinwil le atzʼyaq rech na hu ala .
saq por kkay ri kipoʼtri nan .
xsachon rinu chak chwe .
waʼim xuchapo .
ri qʼaqʼ tajin kajuluwik .
najil upamri siwan.
ekʼo riqachalal pa chi uwiʼ la .
jas xa taq chiʼj le akʼal chutijik ?
noʼjim ukemik le pa sawum al .
kʼo jun kuk ubʼiʼtin tin, waʼle laj kuk mam kaj eqitaj , kapa qi kaxulik pa uwiʼ uqʼabʼ taq cheʼ, sibʼ alaj sakʼaj , keʼuto le e nimaʼq , chʼutin, rachiʼl , aj sipanel sibʼ alaj utz ranimaʼ .
ri upixabʼ le qʼatbʼ altzij kiyaʼubʼ ixik .
na x sachonta chke xe at inik .
xeqil le chi koppuwi le ja .
x loʼtaj ri akʼal .
qonojel kuj waʼ pa uwiʼ ri me xa .
xsik irle waq an.
la xat waʼkʼut ?
nim ubʼaqʼ ri tulul .
kin xikʼi kʼikx inqʼaxik .
la katbʼe pale tin amit ?
ripal sibʼ alaj saqʼ or .
kqʼoxow nu jalom .
x in naʼo chi katpetik .
x loqʼu le wi we chix .
x inchak un rukʼ rinum am .
na xqabʼ antaj .
kkʼojiʼ bʼ aʼri u sipanik riajaw xel jesus k risto rukʼ ria wux labʼ al !
kin chʼaw rukʼ le nu nanpale chʼawebʼ al .
sibʼ alaj qʼeq uʼm rum alri mayul .
arele ba xulik .
xekos le ixoqibʼ pale bʼe .
kʼax rilik le akʼal chawe .
x in qʼiʼoxi na tin pa joron .
sibʼ alaj nim le tin amit .
kʼax ukemik le pa sawum al .
x insachik .
tajin kel ukikʼel pa raqan ritzʼiʼ .
x in wetaʼmaj rilik wibʼ
ri qʼuqʼ are jun jeʼl chi kop.
kʼopa ja tijobʼal ri wi kaqʼ .
ri sachibʼ al mak rajw axik chi qaxoʼl .
jeʼ, kimbʼek .
jela leʼrinu p wiʼ .
xubʼijche :- jas xabʼ ano tin tin ?
kabʼ an juntoqʼobʼ kyak rinujal .
kat ʼekx inta .
jasle ukʼexbʼ em ribʼ le jun rukʼ le junchik ?
aj chiuwiʼm iqʼinjaʼ ri luʼ.
ri tijonel naj k pe wi .
teʼkix cho bʼ ubʼiʼ rinutat .
ri jaʼ kamiqʼik chiuwachri qʼaqʼ .
ri tʼuʼy kpa qʼowik .
kin meson na .
naqaj at kʼowi chiwech .
x in bʼisonik taq na xatpet taj .
we x kam riwin aq, ri p waq rech tojbʼ al makaj kyaʼ chikechri ralaxik .
rinu nan xbʼ epa kʼaybʼ al .
xoj ukʼam uloq rech koj rilo
x kʼoto chin chikiwach chi kin waʼ awukʼ .
na xkikamsaj taj xkikʼambʼi cho ja .
kʼakʼ ri ikʼ kamik .
x im bʼe rukʼ leaj k uni wir .
rilik .
le tzʼiʼ xekosik .
x in kikota wum al .
riim ul xumaj ria nim, xuya kanle kok .
kʼo ojcheri akʼal .
xuj bʼ epa jun kʼulanem .
utz we k war al aq .
kaqilo china koj ukʼam taj .
x retaʼmaj chi rukʼ pa kʼkutij wi .
sibʼ alaj x in kʼaʼnarik .
x in kochij rinuwa .
man kat kowintaj kat chak unik , we man kʼota ri ajilabʼ al .
we wonon xubʼij chike :- kix in to .
ri ala nim krilwiri umam .
xkaʼy chirij , xkaʼy chuwach, ma kʼota chi jun ksilo bʼik , x oqʼikx uxeʼ j ribʼ x chʼopinik xtzalij loq xuriq tachik ri ubʼe .
kʼo pu s che riwa .
pinem na kabʼ elewatz, kimbʼ ewi inpa kaʼyibʼ al .
ri nan toʼn nim win aqchik , saquwiʼ , r onojel aqʼabʼ utz kunaʼo katʼuyiʼpa utem, kum iqʼisaj ribʼ cho ri qʼij , kʼo jun uwiʼ umam ubʼiʼ ateʼk .
man ekʼitaj ri q ulaʼ.
qʼalaj china kawajtaj kabʼij
x pa qabʼ isax rajil r onojel ri kem .
kʼopa ri jul ri kumatz .
r onojel qʼij kinchʼaj le nuw are .
saq chi kan le ichaj rech katzako .
chuxel eqachomal kaqatij wi junqam eqʼin .
chawilaʼ .
ekʼo jobʼum iʼal, rinutat .
jas rukʼ xawilwi
jeʼjas riwin aq rechri uwach ulew, xoqujeʼ ke pe nariʼ rieʼareʼ che e rech ri uwach ulew; jeʼjas riwin aq rech ri kaj , xoqujeʼ ke pe na riʼ rieʼareʼ e rechri kaj .
x in tijo .
ktzʼuj uw ri rachochri poʼx .
xuqʼ iʼo are le ukʼulel xyaʼow uwa .
riawel x retaʼmaj chi rajaw axik man kux ej ta ribʼ che rituku r .
jukʼulaj win aq xeʼa nimaj bʼik .
jeʼ, x in tzalij ik .
xoj petik xol qakʼam aʼ .
maj jachin xʼ ek .
inajtij; at tijoxel .
saquwiʼ ritataʼ .
wechri kem .
le roʼch le ateʼk kʼo chwach le ukʼay le nu nan .
kbʼe pa ri si riʼ aepar is ilisiʼa, jawi jeʼ kuya wirikich uqʼabʼ ri komon tyox .
pixabʼ : man utztaj kʼax kuj chʼaw chikij nikʼaj qachil .
x kunataj le ali ( kumal ri ixoqibʼ ) .
rixibʼibʼ al chi kʼowi pataqri qa kʼaslem al r onojel qʼij .
na kuj warta war al .
onche kkʼojiʼ riutzil chixoʼl , arech junamriqa kojonik , junam riiwe chi x rukʼ ri we chin .
pa ox qʼij ri saʼn kbʼe na rukʼ riaj kun .
kawin aq wuqubʼ .
jas kawaj kintijo ?
weta xatbʼ ewukʼ pale tin amit, xa loqʼ talaʼ le ujastaq le akʼajol .
kebʼepa waʼim .
x in loqʼ kʼi wa .
pa junnim kʼacheʼlaj , kʼo junkʼ waʼ sibʼ alaj saq loloj, nim uwach .
k waj katij jubʼ aʼ wa .
r onojel win aq kril na ri ukolonem ridyos ».
x kʼoto chin chikiwach chi kin waʼ awukʼ
k waj na kat ʼe taj .
la xa loqʼ junalej ?
ekʼo rieloqʼ omanel .
ri ukabʼ ubʼiʼri num amar ey ay .
kin jopij riijaʼ recht riko .
x naʼtaj chke xe atinik .
xateʼ qilaʼ.
kakitij alan xax riwin aq .
. . . kinbʼij chi arewaʼ sinxiʼ an.
na x in nabʼej ta chutasik qakʼolibʼ al .
rum alrech che weri in ,kinchʼaw rukʼrid y os pa chʼabʼ al, kchʼaw na kʼuriʼ riwux labʼ al rukʼrid y os , kʼate kʼut man kʼota upatanriʼ ch rechri nuchomabʼ al .
xe petik xkilo .
xuta we kat ʼek .
utzukemik le pas chawe .
rinuwa kax xutij junqʼoqʼ rum alriʼx kamik .
rum al rikʼix, man kewaʼtaj riwin aq .
xeʼulik .
qʼeqrij riamaʼ chij .
x raj kaʼel e u nan .
junam kijunabʼ .
na qʼalajtaj we kaʼek .
riwi x nam chʼajchʼoj ri rachoch .
war al man kʼotaj ajawal .
naiwir tax ril le kʼamolbʼe .
x inp eloqte kʼuriʼ x intzukuj r onojel rinu rajil .
riaj tikonel kutik ritzij .
kʼo e kikʼajol le achijabʼ .
kutij qʼay es riix paʼ ch.
pa ri waʼbʼ al ekʼo kawin aq achijabʼ .
sipojin aq rinupam.
kayaʼtajik rukʼ utiʼonem jun ri uriqom le yabʼil a molot setsé xuqujeʼ are kayaʼtaj pataqri juyubʼ .
jachin riachi ?
rinumam x kamik aretaq kʼo jumuchʼ lajuj u junabʼ .
kinkowinik kinkʼambʼi le p waq .
kinwilo chi utz riajiʼ.
x in qʼil riap oʼx che man kachak untaj .
k waʼ chiuwach le taqʼaj ria ma ʼakʼ .
rii mulxep oqʼikpa jun ikʼ .
xkʼis kanoq riqachak .
are riali xojilow kanoq .
sibʼ alaj chʼuʼj ri amax .
kʼo nuwa chiʼ.
in chajinel kech le akʼalabʼ .
xekos le tzʼiʼ .
kinbʼ ena kukʼri molaj .
r onojel aqʼabʼ kiny itzʼ ri wa kax .
karapinik xutzukuj chi junawaj .
le ukemik le pa sanin aq ( awum al ) .
maj urajil le qʼabʼarel .
kʼax riʼ rika chʼawik .
xoj utaq chiʼj le a chi chu loqʼ ikichaj .
sibʼ alaj kʼax ri xkʼul m axik .
xkilo china kin kʼoxomaj taj .
x naʼtaj chkechixe atinik .
x kʼoto chin chikiwach chi xoj al woʼqa kukʼ .
junqʼuʼq rajil ri kax laʼn wa .
x inwilo chi xeʼ elik .
ekʼo ixoqibʼ pale kʼaybʼ al .
man kʼotaj ukʼisik ri mayabʼ aj labʼ alil .
ri sin kkʼiy pataqʼaj .
ri chʼimam an kkʼiy taj pataqʼaj .
rajaw axik kjikik ri waq än.
kawaj kinʼ ek .
ekʼo oxibʼ akʼ .
xubʼij chwe jawi at kʼowi .
chweʼq kuj bʼ eʼpa muquj .
pa saq kʼa jaʼ kbʼ anwiri uq .
xoj kisikʼij .
x inwil wibʼ .
chaqʼ chik ri wa .
kimbʼ ena kapale woʼch .
kawaj kinʼ ek .
ri chʼuʼ ktij rukʼ lej .
pa ri kiqʼij kamin aqibʼ kbʼ an qʼo ri kʼyaʼ rechaj: nabʼe ri nan kutzukuj kan riaj, kujachʼoʼ xuquje kukʼ e to .
jas kajbʼ al chanim ?
utz uchomanik riali.
pa ri qʼij oxlajuj tijax kin kʼis kebʼ junabʼ kinchak un war al .
sibʼ alaj ko, ri kʼakʼ chʼat .
jas karaj kubʼij … ?
ri chʼichʼ ka silabʼik .
pa ojerqʼ al pul xaq xuwi ri nim win aq ke kʼamowbʼe .
le ukunaxik le ukabʼ ukʼutunik are rukʼ eflor nitina on utunibʼ axik le nifur timox chiʼle flor nitina checht . b. g .
are riachi x inchʼayow ik .
junachi ubʼikuʼ xu sipaj kebʼ kʼaʼm ulew rech kabʼ anri tijobʼal , kamik , kʼo chi kajtij rechri komonxech pu p .
xum alty oxij che riajtij r onojelle xukʼut chiuwach .
pa ribʼe xkiraq junalaj imul saqrij, xkikʼam bʼik .
x ril le bʼ al e ala.
jas kubʼij chwe ?
leu kunataj em are rukʼ utzukuxik le uchikopil pa jun usolik uxeʼ le kikʼonle jaʼ rech jun nodo .
utz we nu tzʼiʼ .
jeʼ, tajin kachaponik .
kinuloqʼoj le nutat .
kawaj kimbʼ epatin amit .
arelaʼ kinchak uj .
ri nimaʼqtaq win aq kʼo ketaʼmabʼ al .
weta xatbʼ ewukʼ pale tin amit, xa loqʼ ta waʼwe jastaq .
ri kikʼaslem al . wa ixim ulew xa jun chi ma are tat in imitr ima
riukʼ yabʼal naj upam .
xatqaj chiupam riil .
nojim kat waʼik .
we kʼo jun ktuqaʼ rik, ¿la man xoqujeʼ taj kintuqaʼ r riin ?
ojoj wokolja .
awas kbʼ ankʼax che junnim win aq .
x in chʼaw apan rukʼ le wanabʼ .
kʼax ri upam ri juʼl .
tajin kewaʼri imul .
la kaj la kuj tzalij la anin aq ?
rum alrech cheri makaj man kʼota ukowinem piwiʼ ri ix : ri ix man ix kʼota chi chuxeʼ ri pixabʼ , xane ix kʼo chuxeʼ ri sipanik .
nim raqan le cheʼ .
x inchap o.
are le tuʼ rle loqʼ omanel .
xas kat kʼojiʼ chiupam ri chʼichʼ .
sibʼ alaj nim raqan ri kʼamalbʼe .
le tzʼibʼabʼ al wechin .
in x in toʼw la .
xa je kʼuriʼ riix kamikriʼ man ix kax lanwin aq tachik ; riix, ix rechri ki tin imit ri e tyox laj taq win aq, ix rechri rachochrid y os .
x in tikox laj kʼal ichaj .
kaqariq qibʼ chweʼq .
sibʼ alaj utz che riwiʼ aj ritun ey .
we na jupulik ta xeqaj ik . ..
x in toʼtaj che rinuchak .
kʼo junchik opubʼiʼ pum .
p oq onri ik .
xojbʼ inik .
xu chʼek r onojel le retamanik x pa qiʼ kkʼax kwʼ inik xubʼ anaj kun .
kel ubʼikpa ri judeʼa e ktzalij chi ubʼi jumulpa ri g alileʼa .
xinaxibʼij pabʼe .
jeʼl kʼolem chi awachoch .
r onojel ri yaʼtalil pawe qʼataj , tzʼaqat kiwach, man ktzaqta kanoq xuqujeʼ man ktastaj .
xukunaj le yawabʼ leaj qʼij .
chitatabʼ ej jasle kimbʼij .
chʼa nal riachi.
pa bʼ okoʼ kachak unwiritax .
uj kʼopa uwuq qʼij .
kiʼ ri ukabʼ riaqaj .
kʼo rachalal pa tzʼoloj cheʼ ri peʼl .
xkilo chi kin kʼoxomaj .
ri ukisakʼ utz kyaʼik chi uxeʼ ri tikoʼn .
aretaq chiʼ kaqʼ anpuwiʼ ri jukubʼ, ria chi che xkʼojiʼ ri itzel ux labʼ al rukʼ , kutach rech riareʼ, are ch kkʼojiʼ rukʼ riareʼ.
na kabʼ antajta wum al .
x naʼtaj chke xe atinik .
x inpa j rinut riko .
xeʼok ri pokʼ pa ri ume xa ri poʼx .
kajuluw ria qʼaʼl chi uxeʼ ri tʼuʼy .
awech le ja .
xuj bʼ epatzu rik .
nabʼe xa topanik .
ri ukabʼ ubʼiʼri num amar ey ay .
uwaj xaqu kakʼal taq anik (28) .
mata kʼo jun kakanaj kanoq, qonojel kojbʼ ek .
e nimaʼq le al tomabʼ .
nim uwachri poʼt .
kojonik pa riutzij wa ixim ulew .
jas xukʼambʼi le tzʼiʼx awilo ?
x in petik, tat .
ri bʼ elaj uwach .
chitatabʼ ej jas ri kimbʼij .
jeʼl kunaʼ ria bʼix chiupamriq uq ulew.
kinbʼisoj uwach le wal .
xutʼuyubʼ aʼ .
nim riaw eqeleʼn xa riqo .
xineʼ waʼ oq.
chiʼ ke war wile akʼalabʼ .
rinum iʼal xutaq loq jun taqoʼm wuj chiwe .
qʼeʼl ik, ri chaj pa ribʼe .
la utz awach ? - utz mal tyox , e kʼuri at ? – utz mal tyox .
x in kos rum al nuchak .
kbʼe kukʼri eʼ areʼ e ktzalij pa ri nas are te keʼunimaj .
rijoj xukʼambʼik ria kʼ .
kʼo chi wachiʼl chanim .
kubʼij chech naʼl kabʼ anche riatzʼibʼ .
e . . . in kawaj katzjoj bʼilach we .
mata x iny aj le ali .
jachin rukʼ katbʼe wi ?
kʼo sibʼ alaj etaʼmabʼ al pa ri mayabʼ noʼjibʼ al .
e man xo ri jup uq kej .
kasum um ri kaqiqʼ .
ekʼo kajibʼ akʼalabʼ pale bʼe .
jeʼjas ri utatk kaʼyik .
xaqat molonel tzij tal .
le nutat kaloqʼonch we .
xaqta ne kimbʼe iwukʼ .
x retaʼmaj uchʼajik .
rum allaʼ xkoj “ xalqʼat ” che ubʼiʼri komon .
are le ukemik pas x retaʼmaj .
ri wa tiʼt kubʼ anna ri upatan .
kʼakʼ le poʼt .
retaʼm uwach jachin x loqʼow ripas .
ken chʼabʼej le akʼalabʼ .
yaʼtal chaqe qonojel ri uj win aq utz kaqil qibʼ .
xkotiʼ pa qʼay es x oqʼik .
kawin aqbʼ elejebʼ qʼataj .
ekʼo kajibʼ r al ri imul, jun saq, jun qʼan, junqʼeq , junqʼeq oj, sibʼ alaj ketzʼanik , kechʼopin ikri alaj taqim ul .
k cholol riachachal .
ke tekik ri ikʼ .
xe petik rech kewaʼ iwukʼ .
tza tz ri uqʼ anil ria kʼ .
x ojtzalij ik xi xeʼqa qʼat uj kukʼ le ita tin an .
ri yoʼx taq akʼalabʼ kekikʼux ri atzʼyaq .
wea chiwe xu sipaj jun poʼt chwe xkamik .
kkowinri kunanel che kunanik .
x ji qʼ pa ri p olow .
xa rum al sibʼ alaj rajaw axik le loqʼ alaj jaʼ, le win aq xkibʼij: che we ikʼ riʼ qonojel kuj bʼ eche utikik taq cheʼ .
ri una ne rie rachalal ke pe uloq rukʼ riareʼ, kʼate kʼuriʼ, man kekowintaj keqibʼ ukoq rukʼ , rum al rech che ekʼo sibʼ alaj win aq .
rum al rech, che man kʼota jun kkowinche ukojik junti kibʼ alil chik chuwachri kojomchik che are rijesus k risto .
te kʼuriʼ xutzʼibʼaj ribʼ pa ri nim alaj tijobʼ alrechaj kuʼn .
kajuluw ri chʼumil chaqʼabʼ .
kʼisbʼ al kanoq, xoqujeʼ kkam riixoq.
le ala xokik .
kʼo p waqpa uwiʼ ri me xa .
are kawaj na kinʼetaj .
ri yawal kukoj riali chiuxeʼ ri chakach are usuʼt .
na kaqakʼam tuʼ bʼikamik .
riajtij kubʼij chike : rajaw axik keqachajij riawaj , are utikoʼn riajaw.
x intij muk uni wir .
kʼax le uwiʼ taq le n uqʼabʼ .
x in loqʼ junilbʼ al wibʼ .
waʼwe qʼij, nim ubʼ antajik .
ri uxeʼ al riqatin amit man kasachtaj .
xojbʼ inik .
riachalal junam kiwach .
x in wetaʼmaj rilik wibʼ .
nim ri unaʼoj waj tij .
mi qʼinri kʼul .
aj qʼojom riateʼk .
che lesanik cheʼ kbʼ anwiri qʼojom .
ka pe le awel pa naw al jaʼ .
ri me sonel tajin kchak unik .
utz chaqe kaqatoʼ qibʼ , taq kʼo kʼax kʼolil , kate we chiʼn riajaw pa qawiʼ .
xa wilo, x qʼatanle ibʼ oy .
xat kowinik xa bʼ ano .
kiʼ rikʼawex .
kajilil ribʼe .
le alix el bʼik .
areʼ x raj x inbʼ ano .
nim we abʼaj .
jeʼli kutiʼ jolal ri saq koʼr .
nojin aq ri kej .
we ka tijan xux man katutoʼ ta chi uqʼatixik le kʼakʼ yabʼil coronav irus ( 2019-nc ov) .
nanim ta raqan waʼwe cheʼ .
utz alaj ajchak , ri wel .
¿jampaʼ kuj bʼe pa nimaqʼij ?
rajaw axik tanelaʼ kat chak unwukʼ .
xutaq chiʼj pa waram pulew.
man aretariax wan xelik .
riawi x xu loqʼ rachoch re nim al .
are riixoq x insikʼin uloq.
ri chʼi ma kʼatʼ onna .
la xibʼ anle ichak ?
kʼi tin amit ekʼopa chʼoʼj .
kʼo jup uq chij chiuxeʼ richeʼ .
ri uxaq ria bʼix areuwari kej .
kawin aq qʼataj .
la kix pe pa tijobʼal ?
we kechajix taq le kʼwa jacha kinbʼij ; junalik kʼo jaʼ xuqujeʼ sibʼ alaj saq loloj .
x retaʼmaj .
ri alabʼ om rialit omabʼ tajin kikitijoj kibʼ rech sutaq, are kakaj kikibʼ an nimaq achijabʼ chupamri kikʼaslem al , xuquje kʼochik jup uq bʼixonel chupamri komon .
latzʼ uwach ribʼe .
kʼakʼ ria chʼichʼ .
qonojel uj, uj mayabʼ taq win aq .
nojel qʼij riat iʼ xkuyuqʼuj le taq awaj jelaʼ pa nikʼaj jaʼ, chirij ri juyubʼ ubʼiʼt enaʼ .
pa qʼ omchik risiʼ.
kintzukun chela .
kakitij le kin aqʼ, le ichaj , le uwaʼlik rukʼ lej .
xe kanaj kanle ajchakibʼ .
ke tikon riachijabʼ .
sibʼ alaj itzel ubʼ antajikri chʼi la kan .
ria teʼk xum alty oxij che ri ra tiʼt, rum alri utz alaj noʼjibʼ al xukʼut chech .
kkamulix uchak ria bʼix .
la x inutzukuj le tijoxel ?
areʼ kachak un r onojel qʼij .
le e kʼaʼ na taq tzʼiʼ .
saqrij ri pla mux .
jas xa qʼiʼo xa tijo .
jas rukʼ xkichapwi utijik le rikil ?
we kata tin rukʼ kʼa tan jaʼ man kuqʼatejta le kʼakʼ yabʼil coronav irus .
la katbʼin pale ux lanbʼ al ?
la war al kʼux ix waʼwi ?
are le nutat kinloqʼ onik .
tajin kchak un riala .
kʼo ri kiʼkotem al awukʼ .
xuta jachin kaʼek .
xat waʼik x inwilo .
xtzaq ri rachoch rum al ri jabʼ .
pale junikʼchik are nimaqʼij .
e kebʼäm kebʼin pa uwiʼ ri tem .
mem riachi .
ri wi kan chaliʼy kel pa juyubʼ chwi tziribʼ al .
le rajil , la pajax elaqʼax wuʼ bʼik ?
pa ri suʼt pisom wiri lej .
koj petik kol qakʼam aʼ .
tajin kat chʼopin chiuwach ri taqʼaj .
le qʼo r xchʼuqik .
kʼax waʼi ma wum al .
kin bʼisonche le wal .
sibʼ alaj kʼokʼ riawa tzʼyaq .
kamik xuj bʼe che utikik taq cheʼ pa ri juyubʼ .
kinuloqʼoj le nutat .
chaqiʼj chi krichaj .
xy ilix ha wayi .
na x naʼtaj ta chkechixe atinik .
rukʼ kʼuwaʼ we riʼ, ri ix kkʼojiʼ junutz alaj ikʼaslem alriʼ chkiwach riwin aqche man ekʼota iwukʼ, kʼate kʼuriʼ man kʼota junwin aqriʼ rajaw axik chiwech .
e petin aq pabʼe le rachalaxik .
kakaj le akʼalabʼ kewaʼik .
x uj chʼaybʼik .
ri nuchak are qʼaxel tzij .
kʼo na rux labʼ riawaj .
tajin kel loq, ri qʼij .
x uqʼiʼox kamsax ri rachalal choch .
ri numam are kʼo uqʼinom al .
xkʼul mataj jumul, xubʼ anjunnim alaj jabʼ, man xbʼ ey etajta na xukʼis le uyuqʼ chike .
amaʼrin utzʼiʼ .
jewaʼkat petik .
x in kosik rum al x inchak unik
iwech chi jujunal, ri wa .
x uqʼiʼo na xatat intaj .
in riqtajin aq pa ri kʼayibʼ al .
nawetaʼm taj .
kʼax le nuqʼabʼ .
utz le xubʼij le achi .
kematzʼibʼ .
kʼo rachalal pa tzʼoloj cheʼ ri peʼl .
r onojel waʼwe jastaqriʼ, xas ksach wi uwach waʼ ; rukʼ weriʼ, riix, rajaw axikche kʼo jun tyox laj ikʼaslem al e kkʼojiʼ rii chʼawem rukʼ rid yos,
x muq taj ri patzʼan .
ri chʼichʼ tzijom kanoqpa ri ukʼolbʼ al .
man kʼota ucholaj pataqri awuj .
jachike ikʼ le unimaqʼij le tin amitnaw al jaʼ ?
xepetikxol kikʼam aʼ .
kachuqʼ ch ut ri jaʼ chiapam .
xinbʼij iwirchi xebʼe pa ar mita .
areʼ uxeʼ ojertzij war al kʼicheʼ ubʼiʼ.
xkʼis rinu siʼ.
jawi xkibʼij wi chikeʼe wi ?
¡ xaje kʼuriʼ, jachin taqri ekʼopa ri judeʼa, chi chanim che ʼa nima jubʼipa taqri juyubʼ ,
kʼakʼ ria bʼ .
la kʼo jun na ka kʼoxomaj taj ?
nautzta leutʼ isom le almari y .
man yaʼtaltaj chiawe ka tokpa ja .
jeʼ, xat utzukuj .
are kel waj xaqibʼ uqʼij ri xkʼojik .
ri xunkurk kʼojiʼ pataqri triko .
x insachik .
xutʼuyubʼ aʼ
nan utom ta le tzij …
wachʼom ri kiwari noʼs .
ekʼo jobʼ chʼilwa kʼ .
rajaw ixik chipataqri tijobʼal , pa nikʼaj ubʼixik chik
ri rajawr ulewareʼ tat kel .
we kʼu xokik , we kʼna xokta
we achi xu sipaj junp ʼot chwe .
atat utaq oʼnle qʼataltzij .
na qʼ anta uwach le qap rut .
ri xaʼr kʼo pa uwiʼ ri qʼaqʼ k p oqʼowik .
ri r oqʼej riali jachak pe jun akʼal .
kʼo junalapa tijobʼal .
säquwiʼ ritataʼ.
ri witz ikʼ tajin k pe loq .
jawi xsach onwi kan uyaʼik le p waqche .
utz wea chiwe x in kunanik .
qonojel kuj waʼ pa uwiʼ ri me xa .
ri kax laʼnik man p oq ontaj .
in x inbʼ e rukʼri wachiʼl .
sibʼ alaj jeʼl xkilo xeki tzoqopij ri kichij chilaʼ.
kinbʼ inikx inʼ ek .
kʼax kʼolik , kachaʼ .
kutij ixim ria kʼ .
riali x chel, x uqʼiʼo xa junakʼ xsipax che .
xqasikʼij le ixoq chu tzakik subʼ .
mata xa bʼ insaj le chʼichʼ .
ri pixtzʼa ralik rum alrieq aʼn .
¿jampaʼ kel chi 3%
kʼo jun nu kʼotoj chiʼaj .
tajin kewaʼkat rialabʼ om .
x in loqʼ le nukʼ akʼa poʼt .
na utzakik ta subʼ tajin kuʼ ano
xoj utaq chiʼij xoj waʼik .
iwech ria bʼix .
saqrij ri chij .
ajsik che ritin amit kel wi ritataʼ.
- ¡ay ! xax intzaq uloq, kʼax we waq an.
xkʼul matajpa jun komon chiʼ uwach jun juyubʼ , xuriqa jun qʼij xkiriq kibʼ junimul rukʼ le kok .
jas xa taq chiʼj le akʼal chutijik ?
x inchap osu xu loqʼ o .
qʼinomri achi .
ri kʼum ktijow rukʼ kabʼ .
tajin kejachʼ anik .
tz ebʼ al ukemik le pa sawum al .
are ka yoʼw le uchikopil le ubʼ antajik tr y panos omabru c ei .
we kat nimanik utz kelik .
per o noʼjimal petn aq loq, .
are le nuchak juntzuqbʼ al wibʼ .
x kunax le yawabʼ rum al leaj qʼij .
ri ukʼuʼx tzʼibʼ pa qatzij e lajuj .
sibʼ alaj jeʼlikri eqabʼ al xubʼ anri luʼs .
sibʼ alaj atkon .
e man xo ri jup uq kej .
na x naʼtaj ta chke xe atinik .
ri kʼamalbʼe xubʼij chike, chi maja ria nim .
jumuchʼ rinu junabʼ .
qʼi p tajin aq ri raqan ri tem .
kchak un rukʼ rijosbʼ al cheʼ riajanel .
xa taq chiʼj le akʼal chutijik kar .
ojkʼo pale roʼch le awel .
¿la kat pe qukʼ chweʼq ?
lewin aq pale chʼichʼ e tʼuyul lo wi .
x kanaj kanoq chiuxeʼ rijabʼ ri chʼaʼn .
nim ri ja .
we ta xa kunaj le atat matax kam laʼ.
na nukʼamom tuʼ la riʼ.
chqa nukʼuʼ riqatzij .
kimbʼ epale tin amit .
x in qʼiʼon axina tin taj .
rajaw axik kakʼa man chawe le utijik le lej .
kʼisbʼ al taq noʼjibʼ al .
xineʼ waʼ oq.
xkibʼ ankʼax che le uwo saq rum al man utzta chi kakayik .
riqʼut uʼm man kech ta le akʼalabʼ .
are na nim tale atzʼiʼ chuwach le nutzʼiʼ .
xepetikxol kilaʼ .
¿jawchiʼ xataʼ che x kam ri umam ripoʼx ?
e kebʼ kekʼambʼik pa tuj .
x in loqʼ jun japa riwokaj ja .
ria xtuʼbʼ , kʼo q ulaj chech .
jas karaj kaʼan chutzakik le tiʼij .
xutij le wa .
x im bʼ alre tzij .
x pa x ribʼ oʼj .
we kawaj katin toʼo xaq xuwi kabʼij chiwe .
jas nukʼuk uchʼobʼo .
jas karaj kutijo ?
xex ru x labʼ ri rikil .
e nitzʼaʼq le taqim ul .
we tane in x inbʼ anowik , are le ateʼk xbʼ anowik .
kintzalij pale nutin amit .
ri nuchaqʼ kʼopa uroʼ qʼatoj tijonik pa ri tijobʼal .
x in x iʼjwibʼ x inchʼawik .
kʼoch waroʼch le pa re .
chi raqan kabʼ inwi ritataʼ.
xsach on kan uyaʼik le p waq chechoja.
xinqʼax chi kixoʼl riwin aq .
ke tikonik .
ri ulew man qechtaj , kech riqat iʼ tqamam .
xe pe lewin aq x ol kikʼam aʼ .
xu loqʼ ri wuj rum al riali.
che we qʼij kamik kʼo junnu tzijonem chirij le nutin amit .
kej riʼ.
x kunanal aqchwe .
kinu sikʼij le nu nan .
riim ul xuchʼij taj, xkanaj pabʼe , rum alri nim al kujal uj rii mul, xutzaq ria nim .
kubʼ anri ux oqʼoʼl riajtzʼaq .
ri la sibʼ alaj utz che kunabʼ al .
kʼi kiwachri eʼ ajchakibʼ pa ri komon tyox , kʼate kʼut xa jun chi ajaw xel ;
xqata chi xat ulik .
kawaj chi kat ʼek .
chʼutiʼn kekanaj ri xajabʼ chech .
kaqax iʼj qibʼ kaqachapo .
ekʼo kebʼ ukʼajol le tat x wan .
luʼs ubʼiʼri recham .
aj chiuwiʼm iqʼinjaʼ ri luʼ.
x in yakanle nuchim pa kʼaybʼ al .
kʼatex rilo, x pe ri u nan che utzukuxik , x kikotik , xu salabʼ isaj ritaqu xkin .
xkikʼut chiuwach riajtij xuqujeʼ chikiwach ritaq nikʼaj kachil .
utz le nuqʼabʼ .
kul le al weʼl pa austin chaqʼabʼ kamik .
ria teʼk xtzaq loqare chi kʼopa uwiʼ ri qʼaʼm .
aj patanri teʼk .
xatqaj chiupam riil .
la kʼo tzij na ki kʼoxomaj taj ?
xsach on chkechixe at inik .
r onojel le ulew e chalaq.
la xebʼe kʼulaxeʼ kijaqa kʼuleu chiʼja ?
xaq kat chʼo knajiwir .
kamik kʼo chi rijastaq awe .
are chiʼ kakʼis ri junabʼ kʼo qʼinom .
pa na wal jaʼx in alexik .
na x inta taj we are ri akʼal kixtzuqu wik .
¡ rulew ri sabʼu lone rulew rine ftali, ubʼe ri p olow, rulew ri jordan, g alile ʼakech ri jetaq amaqʼ !
r ax, r ax, r ax, kʼokʼ , kʼokʼ , kʼokʼ le rux labʼ le taq tikoʼn .
achi xat wilo .
pa qal rajil le pix kamik .
xojbʼ inik .
pa jun jeʼl tijobʼal kutijoj ribʼ jun akʼal , ubʼiʼp oʼx, utz kurilo ke pa tijobʼal r onojel taq qʼij .
x waj chi xat ʼe taj .
utz laʼ le xubʼij le achi .
we taʼam jachin kapetik .
kin qʼojomanik .
xinqʼiʼot akʼalik x in petik .
areʼ retaʼm che kinopanik .
aretabʼ al eqa qajaw chat toʼwik .
kawin aq waqibʼ qʼataj .
na qajchik che riuwaq kajbʼ al aretaq chiʼ ksach uwachri qʼij , kok ri qʼeq uʼm chuwach ulew, chi kʼateʼ na ribʼ elejebʼ kajbʼ al .
jobʼ raqan ri tzʼalam xe por ox ik .
sibʼ alaj korij ri mop .
arewaʼ .
jelaʼpa ri ti minit chwi kab yok rech xelajuʼ, le qanan qatat kakitiko jeʼlalaj taq uwachichaj .
kʼaxnuqul .
xuʼlukʼa maʼ .
ko jul kitzukuj .
are man kʼaxta ukunaxik aretaq anin aq kaʼilitaj we yabʼilal xuqujeʼ mo joʼqa kuyaʼ le kʼax kʼolil chech le jolom aj .
ri wel kʼopa tijonik .
kawaj kinbʼij .
ri kotzʼiʼj kqakoj chiupamri ja .
qʼeq qʼoj rij riamaʼ kej .
na x wajtaj x in chʼawik .
ch petabʼ al eloqʼ alaj jabʼ .
xsach on chke xat kisikʼij .
eleqʼal chʼichʼ .
jachin xawi lo chi are xtijow ritiʼj ?
mata kabʼe le nu xbʼ al pale tin amit .
p im ruq, riali.
¿ kʼo rimuqʼe chiawech ?
kqabʼij man kekowintaj .
kintijna .
kʼo jun qa tʼuʼy pa ja !
kʼo puj chiupam ri chʼaʼk .
aretaq kinkosik kin warik .
xat waʼik x inwilo
in x inchʼayow lea chi .
konojel ri alaxik keʼ etzʼanik .
jas rukʼ xkitij wi le kirikil ?
anin aqil katpetik .
nar a xta uwach le juyubʼ .
ri tzʼalam tzʼibʼabʼ al r ax kkayik .
we chat chak unik, kʼo awa .
maʼ tam xat pe cheri waʼim .
kamul kinwaʼ na .
ri sikil ktijow rukʼik .
kimbʼ eaqʼ an rukʼ le al talin .
xojʼ ek xeʼqilal arqasok .
xe kiqʼil le ajchakibʼ xkiwok le ja .
matanex waj le kʼuh j nem rukʼ le ateʼk .
are xeʼopan chi uchiʼ ri juyubʼ, xkilo chi man qasta kʼo qʼay es .
kʼate kʼut, rijesus man kkojonta chkech rie ʼareʼ, rum alrech che konojel retaʼm kiwach,
paʼtzrij ritzʼiʼ .
juwin aq waqibʼ qʼataj .
at elaqʼom .
xaq at joʼs .
ri qʼatzu, are qʼ alaj ri uqʼijil .
aj chak we ala .
ubʼ eleju kakʼal taq anik (29) .
kebʼ nubʼ iʼkʼolik .
la katzalij luʼ la anin aq ?
katzukun la chwe .
la kaj la kojbʼ eʼ pale chomal chweʼq ?
x in nabʼej chutasik qakʼolibʼ al .
la l x in toʼwik .
sibʼ alaj a noʼjibʼ al .
xoj petik xol qakʼam aʼ .
sibʼ alaj jeʼlikri uwaʼl riichaj .
kʼax wij rum al inpa chalik .
aretaqx ukʼul maj waʼ xul ri uchomanik xubʼij: are utz wa aqʼabʼ kin walij ik, are chaʼ chanim kinopanpa tijobʼal , maj chi kinkʼul maj .
oj aj xo jolobʼ pa aw asqʼij .
x insach che le uwokik le tzij .
e julajuj ria kʼ .
xuta jampaʼ koj ʼe k .
qilik .
ri tijoxel man areta nim chuwachri rajtij. riutz tijoxel qas jeriʼ kʼolik jas ri rajtij .
in xat inchʼayo .
noʼjim chak wum al .
chʼur rijochʼ .
in kinbʼij na katsach taj .
uj mayabʼ .
ri abʼaj ya tzalik .
tajin kepixbʼ axri akʼalabʼ .
cho mri aq .
x in warik .
elemen konojel ri akʼalabʼ .
tajin kqʼanarik ri we reʼaj .
le ukemik le pa sutz ( chawe ) .
xuyup ubʼa uwach raʼchi, ka chaʼ, .
risatanas kok pa ri judas ri kbʼix is ka riʼotech rech, riareʼ jun chkixoʼl ri e kabʼ lajuj .
chuchuri par .
kin qum uj rinu jochʼ .
chech punción lumbar ama qʼel rajaw axik chech rilik le ukʼexbʼ em wi le nabʼe rukʼ le ukabʼ ukʼutunem le yabʼilal .
qʼalaj china kawajtaj kabʼij .
kʼoqʼol chirij risiʼ.
jawi xoj ʼewi chuloqʼik ?
kʼo ulo chʼri talin .
qʼanrij ria tiʼt nukej .
la xtzalij la iwir ?
xesikʼix ik, kʼate kʼuriʼ xeyajik , xuqujeʼ xe taq bʼiche usikʼik le mes .
la kix warik ?
are kʼule palomax xubʼijche : - mam kat bʼisontaj , kinsikʼij nikʼaj wachiʼl kerapapik .
aʼre e tijoxelabʼ .
ri alaj ali siʼl xubʼij xqachappa utz al rityox .
xsachon chke jachin xeat inik .
jas xurayij lea nan xutijo ?
x in kosik .
ra x r onojel riqʼay es rum al lejabʼ .
kinya waʼwe chʼichʼ pinem nautz .
noʼjim upachʼ uxik le nuwiʼ .
naj kʼowil ewoʼch chuwach le tijobʼal .
ri okibʼ al kʼo chi uwachri saq ja .
xen utaq chʼij kekil le akʼalabʼ .
kʼo jun qʼ ox owemchi we .
tz arichoʼm .
we chojbʼ epale nimaqʼij , keqil leaj xojolobʼ .
xojʼ ek xeʼqilal arqasok .
ria teʼk xutaʼ chechri nan toʼn :- nan jas cheʼ chiman kajta la qakʼat isaj ri joʼq .
ripal sibʼ alaj xuʼy .
kinkoj rijo kbʼ al ulew.
in kinbʼij na katsach taj
at rajkun le nu nan .
kuqam uj u joron riajtzij .
luʼ tzʼalam ubʼiʼria chikel pa nim cheʼ .
jeʼli kutiʼ jolal ri saq koʼr .
kʼo jun xaʼ r pa ja .
x in loqʼ junkʼakʼ patan.
kʼax ukemik le pa sawum al .
anin aq ukemik le pa sawum al
ri chʼaʼn sachin aq pa taqa bʼix .
r ax taq le kotzʼiʼj .
mesom kanoqri upam ja .
man aretar alaxkosik .
ri komon xe chpup rech uqʼabʼtin amit xoʼl abʼaj rech qʼumar kaj .
la utzakik kʼusubʼ tajin kuʼ ano ?
katela !
na xutijtaj .
xa rum al ketaʼm konojel riwin aq kkiqumuj le jaʼ .
iwir xuj tzalij la pa kʼaybʼ al .
qetaʼm che riqawa kuj utoʼo .
riajtij, kyaj on chikechri akʼalabʼ .
jasubʼ anomle nu chʼutitat ?
chweʼq kinbʼ epa nim tin amit .
utz we kiwetaʼmaj jas kubʼij richolbʼ al qʼij .
tajin kat jilow che uqʼoxom jolomaj .
x in tik qʼax chiuwach ri ja .
kʼax le kibʼe le win aq .
loqʼ katkun taj che le yabʼil (covid -19) .
rinuxibʼ al kel pa qajbʼ al qʼij .
x ril ria x wan chix waʼ riala.
le alix kunatajik .
weta kap elejabʼ kamik .
x in wetaʼmaj china xat pe taj .
ri p waq rech we qʼataj riʼ kesax chechri tojbʼ al kʼayinem .
ktij ri uwaʼlik rum al ri kinimaqʼij .
xuchap ukunaxik .
cha tan loq ali .
x in xuliʼ qaj oq.
jeʼlik ktijow ritaqik ox .
kʼate kʼuri le tat xoʼ r xubʼij, man kawajtaj , man kawajtaj .
kʼo juntzʼiʼ pabʼe .
kamul x in peche atzukuxik .
man tajin takinchak unik .
kin chak unik rech kat waʼik .
jas rukʼ xawil wi chi xkiqupij wi le tiʼj .
jas ubʼixik … ?
koqʼri akʼal .
kawaj na kat ʼe taj .
xat qʼaj ik .
we mna chaloqʼ axiyal , na kimbʼe ta awukʼ .
x opanle wuj awukʼ rum al we chin .
are kʼut pale juyubʼ kkʼiy joron, chilaʼ xe kikʼamawi ri jaʼ riwin aq .
koqʼri akʼal .
we kʼo arajil chakʼama loq.
are sibʼ alaj kaq le a poʼt chuwach le nu poʼt .
x in kʼastaj pa kabʼ lajuj kajbʼ al .
kaqoy ʼej na kix pe taj .
ko kaximri chij xa jelaʼ man kanimaj ta bʼik .
ri kok nojim xbʼek , xuchʼijox opanpa ukʼisbʼ alil le anim .
xoj kiʼkotik aretaqx at ulik .
kaqitzʼ naj ri uxa jabʼ ri akʼal .
rijesus k waʼkat pa rinim rachoch rid yos, chuxeʼ rijun jache rachochri sal omon .
wetaq anikriʼ kubʼij chi rajaw axik kyaʼ uqʼij riwin aq xuqujeʼ ktoʼ anin aqil .
ria xu x are na ri ukunel ri kin aqʼ.
aretaq waʼri uqʼijol we taq anik .
kʼo juntabʼ al pa uwiʼ ri x kanul ubʼiʼ lajuj noʼj .
yuʼl ubʼ anomri ukolobʼ ri kej .
xanimaj ri akʼal chiuwach riuchuch .
kkunan riachi .
kin waʼik rech na kin yowaj taj .
aj x ik chʼichʼ ri luʼs .
k waj che ix kixbʼ anowik .
aʼre xe toʼwalaq .
xojʼ ek xeʼqilal arqasok .
x in loqʼ junchʼichʼ , qajin aq uwach .
kutʼis ripanta lon .
e janipale awal kʼwal e kʼolik ?
utzukemik le pas chawe .
rimax areaj qʼa niyaʼ .
matabʼa chiriq kʼax pale bʼe .
tajin kanimaj , ri meʼs .
ix ix eʼ la qʼ omabʼ !
xsachan chwe .
ekʼo kʼicheʼ, chi uwachri juyubʼ .
arewaʼri nim alaj pixabʼe arewaʼri nabʼe .
x retaʼmaj chi rukʼ pa kʼ kutij wi
jas utzakik le subʼ xuʼ ano ?
aj xoʼy riwi kan .
we tane aʼre xetijow le rikil , arele komon xetijowik .
sibʼ alaj anin aq kachʼaw le areʼ chin uwachin .
utz we kin chak uj .
meʼs laʼ .
kʼo kan wa rech kaqatijo .
x insikʼij la .
ri akʼal xsach kanoq jelaʼ pataqʼaj .
xesikʼij la .
jawi xkibʼij wi chikeʼe wi ?
rum alche, man ixta riʼ ri kix chʼawik , are ri rux labʼ axel rii tat riʼ rikchʼaw na iwukʼ riix .
kʼakʼ riwachoch .
sibʼ alaj utz kinwil le atzʼyaq rech na hu ala .
saq por kkay ri kipoʼtri nan .
xsachon rinu chak chwe .
waʼim xuchapo .
ri qʼaqʼ tajin kajuluwik .
najil upamri siwan.
ekʼo riqachalal pa chi uwiʼ la .
jas xa taq chiʼj le akʼal chutijik ?
noʼjim ukemik le pa sawum al .
kʼo jun kuk ubʼiʼtin tin, waʼle laj kuk mam kaj eqitaj , kapa qi kaxulik pa uwiʼ uqʼabʼ taq cheʼ, sibʼ alaj sakʼaj , keʼuto le e nimaʼq , chʼutin, rachiʼl , aj sipanel sibʼ alaj utz ranimaʼ .
ri upixabʼ le qʼatbʼ altzij kiyaʼubʼ ixik .
na x sachonta chke xe at inik .
xeqil le chi koppuwi le ja .
x loʼtaj ri akʼal .
qonojel kuj waʼ pa uwiʼ ri me xa .
xsik irle waq an.
la xat waʼkʼut ?
nim ubʼaqʼ ri tulul .
kin xikʼi kʼikx inqʼaxik .
la katbʼe pale tin amit ?
ripal sibʼ alaj saqʼ or .
kqʼoxow nu jalom .
x in naʼo chi katpetik .
x loqʼu le wi we chix .
x inchak un rukʼ rinum am .
na xqabʼ antaj .
kkʼojiʼ bʼ aʼri u sipanik riajaw xel jesus k risto rukʼ ria wux labʼ al !
kin chʼaw rukʼ le nu nanpale chʼawebʼ al .
sibʼ alaj qʼeq uʼm rum alri mayul .
arele ba xulik .
xekos le ixoqibʼ pale bʼe .
kʼax rilik le akʼal chawe .
x in qʼiʼoxi na tin pa joron .
sibʼ alaj nim le tin amit .
kʼax ukemik le pa sawum al .
x insachik .
tajin kel ukikʼel pa raqan ritzʼiʼ .
x in wetaʼmaj rilik wibʼ
ri qʼuqʼ are jun jeʼl chi kop.
kʼopa ja tijobʼal ri wi kaqʼ .
ri sachibʼ al mak rajw axik chi qaxoʼl .
jeʼ, kimbʼek .
jela leʼrinu p wiʼ .
xubʼijche :- jas xabʼ ano tin tin ?
kabʼ an juntoqʼobʼ kyak rinujal .
kat ʼekx inta .
jasle ukʼexbʼ em ribʼ le jun rukʼ le junchik ?
aj chiuwiʼm iqʼinjaʼ ri luʼ.
ri tijonel naj k pe wi .
teʼkix cho bʼ ubʼiʼ rinutat .
ri jaʼ kamiqʼik chiuwachri qʼaqʼ .
ri tʼuʼy kpa qʼowik .
kin meson na .
naqaj at kʼowi chiwech .
x in bʼisonik taq na xatpet taj .
we x kam riwin aq, ri p waq rech tojbʼ al makaj kyaʼ chikechri ralaxik .
rinu nan xbʼ epa kʼaybʼ al .
xoj ukʼam uloq rech koj rilo
x kʼoto chin chikiwach chi kin waʼ awukʼ .
na xkikamsaj taj xkikʼambʼi cho ja .
kʼakʼ ri ikʼ kamik .
x im bʼe rukʼ leaj k uni wir .
rilik .
le tzʼiʼ xekosik .
x in kikota wum al .
riim ul xumaj ria nim, xuya kanle kok .
kʼo ojcheri akʼal .
xuj bʼ epa jun kʼulanem .
utz we k war al aq .
kaqilo china koj ukʼam taj .
x retaʼmaj chi rukʼ pa kʼkutij wi .
sibʼ alaj x in kʼaʼnarik .
x in kochij rinuwa .
man kat kowintaj kat chak unik , we man kʼota ri ajilabʼ al .
we wonon xubʼij chike :- kix in to .
ri ala nim krilwiri umam .
xkaʼy chirij , xkaʼy chuwach, ma kʼota chi jun ksilo bʼik , x oqʼikx uxeʼ j ribʼ x chʼopinik xtzalij loq xuriq tachik ri ubʼe .
kʼo pu s che riwa .
pinem na kabʼ elewatz, kimbʼ ewi inpa kaʼyibʼ al .
ri nan toʼn nim win aqchik , saquwiʼ , r onojel aqʼabʼ utz kunaʼo katʼuyiʼpa utem, kum iqʼisaj ribʼ cho ri qʼij , kʼo jun uwiʼ umam ubʼiʼ ateʼk .
man ekʼitaj ri q ulaʼ.
qʼalaj china kawajtaj kabʼij
x pa qabʼ isax rajil r onojel ri kem .
kʼopa ri jul ri kumatz .
r onojel qʼij kinchʼaj le nuw are .
saq chi kan le ichaj rech katzako .
chuxel eqachomal kaqatij wi junqam eqʼin .
chawilaʼ .
ekʼo jobʼum iʼal, rinutat .
jas rukʼ xawilwi
jeʼjas riwin aq rechri uwach ulew, xoqujeʼ ke pe nariʼ rieʼareʼ che e rech ri uwach ulew; jeʼjas riwin aq rech ri kaj , xoqujeʼ ke pe na riʼ rieʼareʼ e rechri kaj .
x in tijo .
ktzʼuj uw ri rachochri poʼx .
xuqʼ iʼo are le ukʼulel xyaʼow uwa .
riawel x retaʼmaj chi rajaw axik man kux ej ta ribʼ che rituku r .
jukʼulaj win aq xeʼa nimaj bʼik .
jeʼ, x in tzalij ik .
xoj petik xol qakʼam aʼ .
maj jachin xʼ ek .
inajtij; at tijoxel .
saquwiʼ ritataʼ .
wechri kem .
le roʼch le ateʼk kʼo chwach le ukʼay le nu nan .
kbʼe pa ri si riʼ aepar is ilisiʼa, jawi jeʼ kuya wirikich uqʼabʼ ri komon tyox .
pixabʼ : man utztaj kʼax kuj chʼaw chikij nikʼaj qachil .
x kunataj le ali ( kumal ri ixoqibʼ ) .
rixibʼibʼ al chi kʼowi pataqri qa kʼaslem al r onojel qʼij .
na kuj warta war al .
onche kkʼojiʼ riutzil chixoʼl , arech junamriqa kojonik , junam riiwe chi x rukʼ ri we chin .
pa ox qʼij ri saʼn kbʼe na rukʼ riaj kun .
kawin aq wuqubʼ .
jas kawaj kintijo ?
weta xatbʼ ewukʼ pale tin amit, xa loqʼ talaʼ le ujastaq le akʼajol .
kebʼepa waʼim .
x in loqʼ kʼi wa .
pa junnim kʼacheʼlaj , kʼo junkʼ waʼ sibʼ alaj saq loloj, nim uwach .
k waj katij jubʼ aʼ wa .
r onojel win aq kril na ri ukolonem ridyos ».
x kʼoto chin chikiwach chi kin waʼ awukʼ
k waj na kat ʼe taj .
la xa loqʼ junalej ?
ekʼo rieloqʼ omanel .
ri ukabʼ ubʼiʼri num amar ey ay .
kin jopij riijaʼ recht riko .
x naʼtaj chke xe atinik .
xateʼ qilaʼ.
kakitij alan xax riwin aq .
. . . kinbʼij chi arewaʼ sinxiʼ an.
na x in nabʼej ta chutasik qakʼolibʼ al .
rum alrech che weri in ,kinchʼaw rukʼrid y os pa chʼabʼ al, kchʼaw na kʼuriʼ riwux labʼ al rukʼrid y os , kʼate kʼut man kʼota upatanriʼ ch rechri nuchomabʼ al .
xe petik xkilo .
xuta we kat ʼek .
utzukemik le pas chawe .
rinuwa kax xutij junqʼoqʼ rum alriʼx kamik .
rum al rikʼix, man kewaʼtaj riwin aq .
xeʼulik .
qʼeqrij riamaʼ chij .
x raj kaʼel e u nan .
junam kijunabʼ .
na qʼalajtaj we kaʼek .
riwi x nam chʼajchʼoj ri rachoch .
war al man kʼotaj ajawal .
naiwir tax ril le kʼamolbʼe .
x inp eloqte kʼuriʼ x intzukuj r onojel rinu rajil .
riaj tikonel kutik ritzij .
kʼo e kikʼajol le achijabʼ .
kutij qʼay es riix paʼ ch.
pa ri waʼbʼ al ekʼo kawin aq achijabʼ .
sipojin aq rinupam.
kayaʼtajik rukʼ utiʼonem jun ri uriqom le yabʼil a molot setsé xuqujeʼ are kayaʼtaj pataqri juyubʼ .
jachin riachi ?
rinumam x kamik aretaq kʼo jumuchʼ lajuj u junabʼ .
kinkowinik kinkʼambʼi le p waq .
kinwilo chi utz riajiʼ.
x in qʼil riap oʼx che man kachak untaj .
k waʼ chiuwach le taqʼaj ria ma ʼakʼ .
rii mulxep oqʼikpa jun ikʼ .
xkʼis kanoq riqachak .
are riali xojilow kanoq .
sibʼ alaj chʼuʼj ri amax .
kʼo nuwa chiʼ.
in chajinel kech le akʼalabʼ .
xekos le tzʼiʼ .
kinbʼ ena kukʼri molaj .
r onojel aqʼabʼ kiny itzʼ ri wa kax .
karapinik xutzukuj chi junawaj .
le ukemik le pa sanin aq ( awum al ) .
maj urajil le qʼabʼarel .
kʼax riʼ rika chʼawik .
xoj utaq chiʼj le a chi chu loqʼ ikichaj .
sibʼ alaj kʼax ri xkʼul m axik .
xkilo china kin kʼoxomaj taj .
x naʼtaj chkechixe atinik .
x kʼoto chin chikiwach chi xoj al woʼqa kukʼ .
junqʼuʼq rajil ri kax laʼn wa .
x inwilo chi xeʼ elik .
ekʼo ixoqibʼ pale kʼaybʼ al .
man kʼotaj ukʼisik ri mayabʼ aj labʼ alil .
ri sin kkʼiy pataqʼaj .
ri chʼimam an kkʼiy taj pataqʼaj .
rajaw axik kjikik ri waq än.
kawaj kinʼ ek .
ekʼo oxibʼ akʼ .
xubʼij chwe jawi at kʼowi .
chweʼq kuj bʼ eʼpa muquj .
pa saq kʼa jaʼ kbʼ anwiri uq .
xoj kisikʼij .
x inwil wibʼ .
chaqʼ chik ri wa .
kimbʼ ena kapale woʼch .
kawaj kinʼ ek .
ri chʼuʼ ktij rukʼ lej .
pa ri kiqʼij kamin aqibʼ kbʼ an qʼo ri kʼyaʼ rechaj: nabʼe ri nan kutzukuj kan riaj, kujachʼoʼ xuquje kukʼ e to .
jas kajbʼ al chanim ?
utz uchomanik riali.
pa ri qʼij oxlajuj tijax kin kʼis kebʼ junabʼ kinchak un war al .
sibʼ alaj ko, ri kʼakʼ chʼat .
jas karaj kubʼij … ?
ri chʼichʼ ka silabʼik .
pa ojerqʼ al pul xaq xuwi ri nim win aq ke kʼamowbʼe .
le ukunaxik le ukabʼ ukʼutunik are rukʼ eflor nitina on utunibʼ axik le nifur timox chiʼle flor nitina checht . b. g .
are riachi x inchʼayow ik .
junachi ubʼikuʼ xu sipaj kebʼ kʼaʼm ulew rech kabʼ anri tijobʼal , kamik , kʼo chi kajtij rechri komonxech pu p .
xum alty oxij che riajtij r onojelle xukʼut chiuwach .
pa ribʼe xkiraq junalaj imul saqrij, xkikʼam bʼik .
x ril le bʼ al e ala.
jas kubʼij chwe ?
leu kunataj em are rukʼ utzukuxik le uchikopil pa jun usolik uxeʼ le kikʼonle jaʼ rech jun nodo .
utz we nu tzʼiʼ .
jeʼ, tajin kachaponik .
kinuloqʼoj le nutat .
kawaj kimbʼ epatin amit .
arelaʼ kinchak uj .
ri nimaʼqtaq win aq kʼo ketaʼmabʼ al .
weta xatbʼ ewukʼ pale tin amit, xa loqʼ ta waʼwe jastaq .
ri kikʼaslem al . wa ixim ulew xa jun chi ma are tat in imitr ima
riukʼ yabʼal naj upam .
xatqaj chiupam riil .
nojim kat waʼik .
we kʼo jun ktuqaʼ rik, ¿la man xoqujeʼ taj kintuqaʼ r riin ?
ojoj wokolja .
awas kbʼ ankʼax che junnim win aq .
x in chʼaw apan rukʼ le wanabʼ .
kʼax ri upam ri juʼl .
tajin kewaʼri imul .
la kaj la kuj tzalij la anin aq ?
rum alrech cheri makaj man kʼota ukowinem piwiʼ ri ix : ri ix man ix kʼota chi chuxeʼ ri pixabʼ , xane ix kʼo chuxeʼ ri sipanik .
nim raqan le cheʼ .
x inchap o.
are le tuʼ rle loqʼ omanel .
xas kat kʼojiʼ chiupam ri chʼichʼ .
sibʼ alaj nim raqan ri kʼamalbʼe .
le tzʼibʼabʼ al wechin .
in x in toʼw la .
xa je kʼuriʼ riix kamikriʼ man ix kax lanwin aq tachik ; riix, ix rechri ki tin imit ri e tyox laj taq win aq, ix rechri rachochrid y os .
x in tikox laj kʼal ichaj .
kaqariq qibʼ chweʼq .
sibʼ alaj utz che riwiʼ aj ritun ey .
we na jupulik ta xeqaj ik . ..
x in toʼtaj che rinuchak .
kʼo junchik opubʼiʼ pum .
p oq onri ik .
xojbʼ inik .
xu chʼek r onojel le retamanik x pa qiʼ kkʼax kwʼ inik xubʼ anaj kun .
kel ubʼikpa ri judeʼa e ktzalij chi ubʼi jumulpa ri g alileʼa .
xinaxibʼij pabʼe .
jeʼl kʼolem chi awachoch .
r onojel ri yaʼtalil pawe qʼataj , tzʼaqat kiwach, man ktzaqta kanoq xuqujeʼ man ktastaj .
xukunaj le yawabʼ leaj qʼij .
chitatabʼ ej jasle kimbʼij .
chʼa nal riachi.
pa bʼ okoʼ kachak unwiritax .
uj kʼopa uwuq qʼij .
kiʼ ri ukabʼ riaqaj .
kʼo rachalal pa tzʼoloj cheʼ ri peʼl .
xkilo chi kin kʼoxomaj .
ri ukisakʼ utz kyaʼik chi uxeʼ ri tikoʼn .
aretaq chiʼ kaqʼ anpuwiʼ ri jukubʼ, ria chi che xkʼojiʼ ri itzel ux labʼ al rukʼ , kutach rech riareʼ, are ch kkʼojiʼ rukʼ riareʼ.
na kabʼ antajta wum al .
x naʼtaj chke xe atinik .
x inpa j rinut riko .
xeʼok ri pokʼ pa ri ume xa ri poʼx .
kajuluw ria qʼaʼl chi uxeʼ ri tʼuʼy .
awech le ja .
xuj bʼ epatzu rik .
nabʼe xa topanik .
ri ukabʼ ubʼiʼri num amar ey ay .
uwaj xaqu kakʼal taq anik (28) .
mata kʼo jun kakanaj kanoq, qonojel kojbʼ ek .
e nimaʼq le al tomabʼ .
nim uwachri poʼt .
kojonik pa riutzij wa ixim ulew .
jas xukʼambʼi le tzʼiʼx awilo ?
x in petik, tat .
ri bʼ elaj uwach .
chitatabʼ ej jas ri kimbʼij .
jeʼl kunaʼ ria bʼix chiupamriq uq ulew.
kinbʼisoj uwach le wal .
xutʼuyubʼ aʼ .
nim riaw eqeleʼn xa riqo .
xineʼ waʼ oq.
chiʼ ke war wile akʼalabʼ .
rinum iʼal xutaq loq jun taqoʼm wuj chiwe .
qʼeʼl ik, ri chaj pa ribʼe .
la utz awach ? - utz mal tyox , e kʼuri at ? – utz mal tyox .
x in kos rum al nuchak .
kbʼe kukʼri eʼ areʼ e ktzalij pa ri nas are te keʼunimaj .
rijoj xukʼambʼik ria kʼ .
kʼo chi wachiʼl chanim .
kubʼij chech naʼl kabʼ anche riatzʼibʼ .
e . . . in kawaj katzjoj bʼilach we .
mata x iny aj le ali .
jachin rukʼ katbʼe wi ?
kʼo sibʼ alaj etaʼmabʼ al pa ri mayabʼ noʼjibʼ al .
e man xo ri jup uq kej .
kasum um ri kaqiqʼ .
ekʼo kajibʼ akʼalabʼ pale bʼe .
jeʼjas ri utatk kaʼyik .
xaqat molonel tzij tal .
le nutat kaloqʼonch we .
xaqta ne kimbʼe iwukʼ .
x retaʼmaj uchʼajik .
rum allaʼ xkoj “ xalqʼat ” che ubʼiʼri komon .
are le ukemik pas x retaʼmaj .
ri wa tiʼt kubʼ anna ri upatan .
kʼakʼ le poʼt .
retaʼm uwach jachin x loqʼow ripas .
ken chʼabʼej le akʼalabʼ .
yaʼtal chaqe qonojel ri uj win aq utz kaqil qibʼ .
xkotiʼ pa qʼay es x oqʼik .
kawin aqbʼ elejebʼ qʼataj .
ekʼo kajibʼ r al ri imul, jun saq, jun qʼan, junqʼeq , junqʼeq oj, sibʼ alaj ketzʼanik , kechʼopin ikri alaj taqim ul .
k cholol riachachal .
ke tekik ri ikʼ .
xe petik rech kewaʼ iwukʼ .
tza tz ri uqʼ anil ria kʼ .
x ojtzalij ik xi xeʼqa qʼat uj kukʼ le ita tin an .
ri yoʼx taq akʼalabʼ kekikʼux ri atzʼyaq .
wea chiwe xu sipaj jun poʼt chwe xkamik .
kkowinri kunanel che kunanik .
x ji qʼ pa ri p olow .
xa rum al sibʼ alaj rajaw axik le loqʼ alaj jaʼ, le win aq xkibʼij: che we ikʼ riʼ qonojel kuj bʼ eche utikik taq cheʼ .
ri una ne rie rachalal ke pe uloq rukʼ riareʼ, kʼate kʼuriʼ, man kekowintaj keqibʼ ukoq rukʼ , rum al rech che ekʼo sibʼ alaj win aq .
rum al rech, che man kʼota jun kkowinche ukojik junti kibʼ alil chik chuwachri kojomchik che are rijesus k risto .
te kʼuriʼ xutzʼibʼaj ribʼ pa ri nim alaj tijobʼ alrechaj kuʼn .
kajuluw ri chʼumil chaqʼabʼ .
kʼisbʼ al kanoq, xoqujeʼ kkam riixoq.
le ala xokik .
kʼo p waqpa uwiʼ ri me xa .
are kawaj na kinʼetaj .
ri yawal kukoj riali chiuxeʼ ri chakach are usuʼt .
na kaqakʼam tuʼ bʼikamik .
riajtij kubʼij chike : rajaw axik keqachajij riawaj , are utikoʼn riajaw.
x intij muk uni wir .
kʼax le uwiʼ taq le n uqʼabʼ .
x in loqʼ junilbʼ al wibʼ .
waʼwe qʼij, nim ubʼ antajik .
ri uxeʼ al riqatin amit man kasachtaj .
xojbʼ inik .
riachalal junam kiwach .
x in wetaʼmaj rilik wibʼ .
nim ri unaʼoj waj tij .
mi qʼinri kʼul .
aj qʼojom riateʼk .
che lesanik cheʼ kbʼ anwiri qʼojom .
ka pe le awel pa naw al jaʼ .
ri me sonel tajin kchak unik .
utz chaqe kaqatoʼ qibʼ , taq kʼo kʼax kʼolil , kate we chiʼn riajaw pa qawiʼ .
xa wilo, x qʼatanle ibʼ oy .
xat kowinik xa bʼ ano .
kiʼ rikʼawex .
kajilil ribʼe .
le alix el bʼik .
areʼ x raj x inbʼ ano .
nim we abʼaj .
jeʼli kutiʼ jolal ri saq koʼr .
nojin aq ri kej .
we ka tijan xux man katutoʼ ta chi uqʼatixik le kʼakʼ yabʼil coronav irus ( 2019-nc ov) .
nanim ta raqan waʼwe cheʼ .
utz alaj ajchak , ri wel .
¿jampaʼ kuj bʼe pa nimaqʼij ?
rajaw axik tanelaʼ kat chak unwukʼ .
xutaq chiʼj pa waram pulew.
man aretariax wan xelik .
riawi x xu loqʼ rachoch re nim al .
are riixoq x insikʼin uloq.
ri chʼi ma kʼatʼ onna .
la xibʼ anle ichak ?
kʼi tin amit ekʼopa chʼoʼj .
kʼo jup uq chij chiuxeʼ richeʼ .
ri uxaq ria bʼix areuwari kej .
kawin aq qʼataj .
la kix pe pa tijobʼal ?
we kechajix taq le kʼwa jacha kinbʼij ; junalik kʼo jaʼ xuqujeʼ sibʼ alaj saq loloj .
x retaʼmaj .
ri alabʼ om rialit omabʼ tajin kikitijoj kibʼ rech sutaq, are kakaj kikibʼ an nimaq achijabʼ chupamri kikʼaslem al , xuquje kʼochik jup uq bʼixonel chupamri komon .
latzʼ uwach ribʼe .
kʼakʼ ria chʼichʼ .
qonojel uj, uj mayabʼ taq win aq .
nojel qʼij riat iʼ xkuyuqʼuj le taq awaj jelaʼ pa nikʼaj jaʼ, chirij ri juyubʼ ubʼiʼt enaʼ .
pa qʼ omchik risiʼ.
kintzukun chela .
kakitij le kin aqʼ, le ichaj , le uwaʼlik rukʼ lej .
xe kanaj kanle ajchakibʼ .
ke tikon riachijabʼ .
sibʼ alaj itzel ubʼ antajikri chʼi la kan .
ria teʼk xum alty oxij che ri ra tiʼt, rum alri utz alaj noʼjibʼ al xukʼut chech .
kkamulix uchak ria bʼix .
la x inutzukuj le tijoxel ?
areʼ kachak un r onojel qʼij .
le e kʼaʼ na taq tzʼiʼ .
saqrij ri pla mux .
jas xa qʼiʼo xa tijo .
jas rukʼ xkichapwi utijik le rikil ?
we kata tin rukʼ kʼa tan jaʼ man kuqʼatejta le kʼakʼ yabʼil coronav irus .
la katbʼin pale ux lanbʼ al ?
la war al kʼux ix waʼwi ?
are le nutat kinloqʼ onik .
tajin kchak un riala .
kʼo ri kiʼkotem al awukʼ .
xuta jachin kaʼek .
xat waʼik x inwilo .
xtzaq ri rachoch rum al ri jabʼ .
pale junikʼchik are nimaqʼij .
e kebʼäm kebʼin pa uwiʼ ri tem .
mem riachi .
ri wi kan chaliʼy kel pa juyubʼ chwi tziribʼ al .
le rajil , la pajax elaqʼax wuʼ bʼik ?
pa ri suʼt pisom wiri lej .
koj petik kol qakʼam aʼ .
tajin kat chʼopin chiuwach ri taqʼaj .
le qʼo r xchʼuqik .
kʼax waʼi ma wum al .
kin bʼisonche le wal .
sibʼ alaj kʼokʼ riawa tzʼyaq .
kamik xuj bʼe che utikik taq cheʼ pa ri juyubʼ .
kinuloqʼoj le nutat .
chaqiʼj chi krichaj .
xy ilix ha wayi .
na x naʼtaj ta chkechixe atinik .
rukʼ kʼuwaʼ we riʼ, ri ix kkʼojiʼ junutz alaj ikʼaslem alriʼ chkiwach riwin aqche man ekʼota iwukʼ, kʼate kʼuriʼ man kʼota junwin aqriʼ rajaw axik chiwech .
e petin aq pabʼe le rachalaxik .
kakaj le akʼalabʼ kewaʼik .
x uj chʼaybʼik .
ri nuchak are qʼaxel tzij .
kʼo na rux labʼ riawaj .
tajin kel loq, ri qʼij .
x uqʼiʼox kamsax ri rachalal choch .
ri numam are kʼo uqʼinom al .
xkʼul mataj jumul, xubʼ anjunnim alaj jabʼ, man xbʼ ey etajta na xukʼis le uyuqʼ chike .
amaʼrin utzʼiʼ .
jewaʼkat petik .
x in kosik rum al x inchak unik
iwech chi jujunal, ri wa .
x uqʼiʼo na xatat intaj .
in riqtajin aq pa ri kʼayibʼ al .
nawetaʼm taj .
kʼax le nuqʼabʼ .
utz le xubʼij le achi .
kematzʼibʼ .
kʼo rachalal pa tzʼoloj cheʼ ri peʼl .
r onojel waʼwe jastaqriʼ, xas ksach wi uwach waʼ ; rukʼ weriʼ, riix, rajaw axikche kʼo jun tyox laj ikʼaslem al e kkʼojiʼ rii chʼawem rukʼ rid yos,
x muq taj ri patzʼan .
ri chʼichʼ tzijom kanoqpa ri ukʼolbʼ al .
man kʼota ucholaj pataqri awuj .
jachike ikʼ le unimaqʼij le tin amitnaw al jaʼ ?
xepetikxol kikʼam aʼ .
kachuqʼ ch ut ri jaʼ chiapam .
xinbʼij iwirchi xebʼe pa ar mita .
areʼ uxeʼ ojertzij war al kʼicheʼ ubʼiʼ.
xkʼis rinu siʼ.
jawi xkibʼij wi chikeʼe wi ?
¡ xaje kʼuriʼ, jachin taqri ekʼopa ri judeʼa, chi chanim che ʼa nima jubʼipa taqri juyubʼ ,
kʼakʼ ria bʼ .
la kʼo jun na ka kʼoxomaj taj ?
nautzta leutʼ isom le almari y .
man yaʼtaltaj chiawe ka tokpa ja .
jeʼ, xat utzukuj .
are kel waj xaqibʼ uqʼij ri xkʼojik .
ri xunkurk kʼojiʼ pataqri triko .
x insachik .
xutʼuyubʼ aʼ
nan utom ta le tzij …
wachʼom ri kiwari noʼs .
ekʼo jobʼ chʼilwa kʼ .
rajaw ixik chipataqri tijobʼal , pa nikʼaj ubʼixik chik
ri rajawr ulewareʼ tat kel .
we kʼu xokik , we kʼna xokta
we achi xu sipaj junp ʼot chwe .
atat utaq oʼnle qʼataltzij .
na qʼ anta uwach le qap rut .
ri xaʼr kʼo pa uwiʼ ri qʼaqʼ k p oqʼowik .
ri r oqʼej riali jachak pe jun akʼal .
kʼo junalapa tijobʼal .
säquwiʼ ritataʼ.
ri witz ikʼ tajin k pe loq .
jawi xsach onwi kan uyaʼik le p waqche .
utz wea chiwe x in kunanik .
qonojel kuj waʼ pa uwiʼ ri me xa .
ri kax laʼnik man p oq ontaj .
in x inbʼ e rukʼri wachiʼl .
sibʼ alaj jeʼl xkilo xeki tzoqopij ri kichij chilaʼ.
kinbʼ inikx inʼ ek .
kʼax kʼolik , kachaʼ .
kutij ixim ria kʼ .
riali x chel, x uqʼiʼo xa junakʼ xsipax che .
xqasikʼij le ixoq chu tzakik subʼ .
mata xa bʼ insaj le chʼichʼ .
ri pixtzʼa ralik rum alrieq aʼn .
¿jampaʼ kel chi 3%
kʼo jun nu kʼotoj chiʼaj .
tajin kewaʼkat rialabʼ om .
x in loqʼ le nukʼ akʼa poʼt .
na utzakik ta subʼ tajin kuʼ ano
xoj utaq chiʼij xoj waʼik .
iwech ria bʼix .
saqrij ri chij .
ajsik che ritin amit kel wi ritataʼ.
- ¡ay ! xax intzaq uloq, kʼax we waq an.
xkʼul matajpa jun komon chiʼ uwach jun juyubʼ , xuriqa jun qʼij xkiriq kibʼ junimul rukʼ le kok .
jas xa taq chiʼj le akʼal chutijik ?
x inchap osu xu loqʼ o .
qʼinomri achi .
ri kʼum ktijow rukʼ kabʼ .
tajin kejachʼ anik .
tz ebʼ al ukemik le pa sawum al .
are ka yoʼw le uchikopil le ubʼ antajik tr y panos omabru c ei .
we kat nimanik utz kelik .
per o noʼjimal petn aq loq, .
are le nuchak juntzuqbʼ al wibʼ .
x kunax le yawabʼ rum al leaj qʼij .
ri ukʼuʼx tzʼibʼ pa qatzij e lajuj .
sibʼ alaj jeʼlikri eqabʼ al xubʼ anri luʼs .
sibʼ alaj atkon .
e man xo ri jup uq kej .
na x naʼtaj ta chke xe atinik .
ri kʼamalbʼe xubʼij chike, chi maja ria nim .
jumuchʼ rinu junabʼ .
qʼi p tajin aq ri raqan ri tem .
kchak un rukʼ rijosbʼ al cheʼ riajanel .
xa taq chiʼj le akʼal chutijik kar .
ojkʼo pale roʼch le awel .
¿la kat pe qukʼ chweʼq ?
lewin aq pale chʼichʼ e tʼuyul lo wi .
x kanaj kanoq chiuxeʼ rijabʼ ri chʼaʼn .
nim ri ja .
we ta xa kunaj le atat matax kam laʼ.
na nukʼamom tuʼ la riʼ.
chqa nukʼuʼ riqatzij .
kimbʼ epale tin amit .
x in qʼiʼon axina tin taj .
rajaw axik kakʼa man chawe le utijik le lej .
kʼisbʼ al taq noʼjibʼ al .
