xi ne ʼ waʼoq.
xkib ʼan kʼax che leu w o saq rumal man utz ta chik akay ik.
ri qʼutu ʼ m man kech talea kʼalab ʼ.
are nanim ta leatz ʼiʼ ch uwa ch len utz ʼiʼ.
xe pet ik xol kilaʼ.
¿jaw chiʼ xa ta ʼ che xkam riu mam ri po ʼ x ?
e keb ʼ ke kʼam b ʼik patuj.
x in loq ʼ jun japa ri w okajja.
ria xtu ʼ b ʼ, kʼo qulaj chech.
jas ka raj kaʼan chu tza kik leti ʼij.
xu tij lewa.
xim b ʼal retzi j.
x pa xri b ʼo ʼ j.
we kawa j katinto ʼo x aqx uwi kab ʼij chiwe.
jas nu kʼu ku chʼob ʼo.
jas ka ra j ku tijo?
xex ru x lab ʼ ri rikil.
e nitz ʼa ʼ qleta qimul.
we tane in x in b ʼanow ik, are leate ʼ k xb ʼanow ik.
kin tzali j pale nu tinamit.
rinuch aqʼ kʼopa uro ʼ qʼatoj tijo nik pa ri tijob ʼal.
x in xiʼ j wib ʼ x in chʼa wik.
kʼo ch waro ʼ ch lepare.
chir aqan kab ʼin wirit ataʼ.
x sa chonk anu yaʼik lep waq chechoja.
x in qʼax chiki xo ʼ l ri winaq.
keti konik.
ri u lew man qech taj, kech ri qatiʼt qamam.
xe pele winaq xol kikʼam aʼ.
xu loq ʼ ri w uj rumal riali.
che we qʼij kamik kʼo jun nu tzi jo nem chirij le nu tinamit.
kej riʼ.
x kuna nalaq chwe.
kin usi kʼi j len unan.
ri imul xu chʼi j taj, x kanaj pa b ʼe , rumal ri nimal kuja luj rii mul, xu tzaq ri anim.
kub ʼan riu xo qʼo ʼ l ria j tz ʼaq.
ri la sib ʼalaj utz che kunab ʼal.
kʼiki wa ch rie ʼ aj chakib ʼ pa ri komon tyo x, kʼate kʼut xa jun chiaj aw xel;
x qa ta chix atulik.
kawa j chik atʼek.
ch ʼuti ʼ n kekana j ri xa jab ʼ chech.
kaqax iʼ j qib ʼ kaqa chapo.
e kʼo keb ʼu kʼa jol let at x wan.
lu ʼ sub ʼiʼ ri re cham.
aj chiu wiʼ miq ʼin jaʼ ri lu ʼ.
x inyak an le nu chimpa kʼay b ʼal.
kʼate x ri lo , x p eri una n che u tzu ku xik, xki kotik, xu salab ʼi saj ri taq u xkin.
xki kʼut chi uwa ch ri aj tij xu qujeʼ chikiwa ch ri taqni kʼaj kachil.
utz len u qʼab ʼ.
ku lleal we ʼ l pa a us tincha qʼab ʼ kamik.
ria te ʼ k x tzaq loq are chi kʼopa u wiʼ ri qʼaʼ m.
aj patan ri teʼk.
xat qaj chiu pam riil.
la kʼo tzi j naki kʼo xo maj taj ?
x sa chonch ke chi xeat inik.
rono jel leu lewe chalaq.
la xeb ʼe kʼula xe ʼ kij aqa kʼu leu chiʼ ja?
x aqkat chʼok na jiwi r.
kamik kʼo chiri jas taqawe.
are chiʼ kakʼis ri junab ʼ kʼo qʼi nom.
pan awalja ʼ x inale xik.
na xin tataj we are ria kʼal kix tzu quwik.
¡ ru lew ri sab ʼu lone ru lew ri nef tali, ub ʼe ri polow , ru lew ri jordan, galile ʼa kech ri j etaqam aqʼ !
ra x, ra x, ra x, kʼo kʼ, kʼo kʼ, kʼo kʼ le ru x lab ʼ le taq tiko ʼ n.
a chix atwilo.
paqal raj il lepi xkamik.
xoj b ʼi nik.
pa jun je ʼ l tijob ʼal ku tijoj ri b ʼ jun akʼal , ub ʼiʼ po ʼ x, utz kuri lo kepa tijob ʼal rono jel taq qʼij.
xwa j chixat ʼe taj.
utz la ʼ lex ub ʼij lea chi.
we taʼam jach in kap etik.
kin qʼo jom anik.
x inqʼi ʼo ta kʼalik x inp etik.
are ʼ reta ʼ m cheki nop anik.
are tab ʼaleq aqajaw chatto ʼ wik.
ka winaq wa qib ʼ qʼataj.
naq aj chik cheri uwa qkaj b ʼal are taq chiʼ ksa ch uwa ch ri qʼij, kok ri qʼe quʼ m ch uwa chu lew, chi kʼate ʼ nari b ʼe le jeb ʼ kaj b ʼal .
job ʼ raqan ri tz ʼalam xeporo xik.
sib ʼalaj ko ri j ri mop.
are waʼ.
je la ʼ pa ri ti minit chwi kab yok rech xela ju ʼ, le qananqa tat kaki tikoje ʼ la laj taq uwa chi chaj.
kʼax nuqul.
xu ʼ lu kʼam aʼ.
koj ul ki tzu ku j.
are man kʼaxta u kuna xik are taq aninaq kaʼil i taj weyab ʼilal xu qujeʼ mojo ʼ qa ku yaʼ le kʼax kʼo lil chech le jo lom aj.
ri wel kʼopa tijo nik.
kawa j kinb ʼi j.
ri kotz ʼiʼ j kqa koj chiu pa mrija.
qʼe q qʼoj ri j ri ama ʼ ke j.
na xwa j taj x in chʼa wik.
ch pe tab ʼale lo qʼalaj jab ʼ.
x sa chonch kexat ki sik ʼij.
ele qʼal chʼi chʼ.
jach in xawi lo chi are x tijow rit iʼ j?
mata kab ʼe le nu xb ʼal pale tinamit.
p im ruq, riali.
¿ kʼo ri m uqʼe chia we ch ?
kqab ʼij man keko win taj.
kin tij na.
kʼo jun qat ʼu ʼ y paja!
kʼop uj chiu pam ri chʼaʼk.
are taq kinko sik kinwa rik.
xat waʼ ik x in wi lo
in x in chʼa yow lea chi.
kono jel ria la xik ke ʼ etz ʼanik.
jas ru kʼ x ki tij wile kiri kil ?
an in aq il katp etik.
naraxta uwa ch le juy ub ʼ.
ri tz ʼalam tz ʼib ʼab ʼal raxk kay ik.
wechat chaku nik, kʼo awa.
ma ʼ tam xat pecheri waʼim.
kamul kin waʼ na.
ri sik il k tijo w ru kʼik.
kimb ʼe aq ʼan ru kʼ leal talin.
xo j ʼe k xe ʼ qil alarqas ok.
xeki qʼil lea j chakib ʼ xki w ok leja.
ma tane xwa j le kʼu hj nem ru kʼ leate ʼk.
are xe ʼo pan chiu chiʼ ri juy ub ʼ, xki lo chiman qas ta kʼo qʼayes.
kʼate kʼut, ri jesus man kko jon ta ch kech rie ʼ are ʼ, rumal rech che kono jel reta ʼ m ki wa ch,
pa ʼ tz ri j ri tz ʼiʼ.
ju winaq wa qib ʼ qʼataj.
atela qʼom.
xa qat jo ʼ s.
ri qʼatzu, are qʼalaj riu qʼij il.
aj chak we ala.
ub ʼe le ju kakʼal taqanik (29).
keb ʼ nub ʼiʼ kʼo lik.
l aka tzali j lu ʼ la aninaq?
katzu kun la chwe.
la kaj la koj b ʼe ʼ pale chomal chwe ʼ q?
x in nab ʼe j chu ta sik qa kʼo lib ʼal.
lal xin to ʼ wik.
sib ʼalaj ano ʼ jib ʼal.
xo j pet ik xol qa kʼam aʼ.
sib ʼalaj je ʼ lik ri uwa ʼ l rii chaj.
kʼax wij rumal in pa chalik.
are taq xu kʼul maj waʼ xu l riu chomanik xub ʼi j : are utz waa qʼab ʼ ki nwali j ik, are chaʼ cha nim kino pan pa tijob ʼal , maj chik in kʼu lmaj.
oja j xo jo lob ʼ pa a was qʼij.
x in sa ch che leu w okikle tzi j.
e j ulaj uj riakʼ.
xu taj ampa ʼ koj ʼek.
qil ik.
ri tijo xel man are tanim ch uwa ch ri raj tij. ri utz tijo xel qasje riʼ kʼo lik jas ri raj tij.
in xatin chʼa yo.
no ʼ j im chak w umal.
chʼu rrijo chʼ.
ink inb ʼi j na katsach taj.
uj ma yab ʼ.
riab ʼaj yatzalik.
taj in kep ixb ʼax ria kʼalab ʼ.
chom riaq.
xi n wa rik.
ele men kono jel ria kʼalab ʼ.
taj ink qʼanarik ri we re ʼ aj.
le u kem ik le pa su tz (chawe).
xuy u p ub ʼa uwa ch ra ʼ chi, ka chaʼ,.
ri satanas kok pa ri juda srik b ʼixi skari ʼotech rech , ri are ʼ jun chki xo ʼ l rie kab ʼ laj uj.
chu chu ri pa r.
kinqum uj ri nu jo chʼ.
chech pun ción lumbar am aqʼel ra jawa xik chech ri lik leu kʼe xb ʼem wi le nab ʼe ru kʼ le ukab ʼu kʼutu nem ley ab ʼil al.
qʼalaj chinak awa j taj kab ʼi j.
kʼo qʼol chirij risiʼ.
jawi xo jʼe wi chu loq ʼik ?
kʼo u lo chʼ ri talin.
qʼan ri j ria tiʼ tnu ke j.
la x tzali j la iwir?
xe si kʼi xik , kʼate kʼu riʼ xeya j ik, xu qujeʼ xe taq b ʼi cheusi kʼik lemes.
la kix warik?
are kʼu lepa loma x xub ʼi j che :- mam katb ʼi son taj, kinsi kʼi j ni kʼaj wa chiʼ l ke rapapik.
a ʼ re e tijo xel ab ʼ.
ri alaj al i siʼ l xub ʼij x qa chappa utzal ri tyox.
x sa chonch ke jach in xe atinik.
jas x uray ij le anan xu tijo?
xi n ko sik.
ra x rono jel ri qʼay es rumal lej ab ʼ.
kin ya waʼ we chʼi chʼpi nem nau tz.
no ʼ jimu pa chʼu xik len uwi ʼ.
na j kʼo wi lew o ʼ ch ch uwa ch le tijob ʼal.
rio kib ʼal kʼo chi uwa ch ri saqja.
xe nutaq chʼi j ke kil lea kʼalab ʼ.
kʼo jun qʼoxo we m chiwe.
tza ri choʼ m.
we choj b ʼe pale nima qʼij, ke qil leaj xo jo lob ʼ.
xo j ʼe k xe ʼ qil alarqas ok.
ria te ʼ k xu taʼ chech ri nan to ʼ n :- nanjas che ʼ chiman kaj talaqa kʼati saj ri jo ʼ q.
ri pal sib ʼalaj xu ʼ y.
kin koj ri jok b ʼalu lew.
ink inb ʼi j na katsach taj
atra j kunlen unan.
ku qam uj uj oron ria j tzi j.
lu ʼ tz ʼalam ub ʼiʼ ria chikel pa nim che ʼ.
je ʼ lik u tiʼ jol al ri saq ko ʼ r.
kʼo jun xa ʼ rpaja.
x in loq ʼ jun kʼa kʼpatan.
kʼax u kem ik le pa saw umal.
aninaq u kem ik le pa saw umal
ri chʼa ʼ nsa chi naq pataq ab ʼix.
ra x taq leko tz ʼiʼ j.
meso m kanoq riu p amja.
man are ta rala xko sik.
ri komon xe ch pupre chu qʼab ʼ tinamit xo ʼ lab ʼaj rech qʼumar ka j.
la u tza kik kʼu sub ʼ taj in kuʼano?
katel a!
na xu tij taj.
xa rumal keta ʼ m kono jel ri winaqk kiqum uj lej aʼ.
i wir x uj tzali j la pa kʼay b ʼal.
qeta ʼ m cheri qawa kuj uto ʼo.
ria j tij, kya jon chi kech ria kʼalab ʼ.
jas ub ʼanom len u chʼuti tat?
chwe ʼ qk in b ʼepa nim tinamit.
utz we ki weta ʼ maj jas kub ʼij ri chol b ʼal qʼij.
taj in kat jil ow che u qʼo xom jo lomaj.
x intik qʼax chi uwa chrija.
kʼax le kib ʼ ele winaq.
loq ʼ kat kuntaj che le yab ʼil ( covid - 19).
ri nu xib ʼal kel pa qaj b ʼal qʼij.
x ril ria x wan chix waʼ ri ala.
leal ix kunataj ik.
wetaka pele jab ʼ kamik.
x in weta ʼ maj chi naxat pe taj.
ri p waq rech we qʼataj riʼ kesa x chech ri toj b ʼal kʼay inem.
kti j ri u waʼ lik rumal ri ki nima qʼij.
xu chapu kuna xik.
chatan loq ali.
xin xu liʼ qajoq.
je ʼ lik k tijow ri taq iko x.
kʼate kʼu ri letat xo ʼ r xub ʼij, man kawa j taj , man kawa j taj.
kʼo jun tz ʼiʼ pa b ʼe.
kamul xin pe chea tzu ku xik.
man taj in tak in chaku nik.
kinchaku nik rech kat waʼik.
jas ru kʼ xa wil wi chix kiqupi j wileti ʼ j.
jas ub ʼi xik … ?
koq ʼ riak ʼal.
kawa j nakat ʼe taj.
xat qʼaj ik.
wem na cha lo qʼaxi yal, na kimb ʼeta awu kʼ.
xo pan lew ujaw u kʼ rumal we chin.
are kʼut pale juy ub ʼ k kʼi y jo ron, chi la ʼ xe ki kʼama wiri ja ʼ ri winaq.
koq ʼ riak ʼal.
we kʼo ara j il chak ʼama loq.
are sib ʼalaj kaq lea po ʼ t ch uwa ch len u po ʼ t.
x in kʼas taj pa kab ʼ laj uj kaj b ʼal.
kaqoy ʼe j naki x pe taj.
koka xim ri chi j xa jela ʼ man ka nima j tab ʼik.
ri kokno j im xb ʼe k, xu chʼi joxo pan pa u kʼi sb ʼalil le anim.
xo j kiʼ kotik are taq xatu lik.
kaqi tz ʼ na j ri ux aj ab ʼ ri akʼal.
ri jesusk waʼ kat pa ri nim rachoch ri dyos, chu xe ʼ ri jun jache rachoch ri sa lomon.
we taqanik riʼ kub ʼi j chira jawa xikk yaʼu qʼij ri winaq xu qujeʼ kto ʼ anina qil.
ria x ux are nariu ku nel ri kinaqʼ.
are taq waʼ ri uqʼi jol we taqanik.
kʼo jun tab ʼal pa u wiʼ ri x kanul ub ʼiʼ laj uj no ʼ j.
y u ʼ lub ʼanom riu kolob ʼ ri ke j.
xa nima j ri akʼal chi uwa ch riu chu ch.
k kunan ria chi.
kin waʼ ik rech nak in yowa j taj.
aj xik chʼi chʼ rilu ʼ s.
kwa j chei xki xb ʼanow ik.
aʼrexeto ʼwalaq.
xo j ʼe k xe ʼ qil alarqas ok.
x in loq ʼ jun chʼi chʼ, qaj inaq uwa ch.
kut ʼi sripanta lon.
e jani pale awal kʼwale kʼol ik?
u tzu kem ik lepas chawe.
ri max are aj qʼani yaʼ.
mata b ʼa chiriq kʼax pale b ʼe.
taj in ka nima j , ri me ʼ s.
i xi xe ʼ la qʼoma b ʼ !
x sa chan chwe.
e kʼo kʼi cheʼ, chi uwa ch ri juy ub ʼ.
are waʼ ri nimalaj pi xab ʼe are waʼ ri nab ʼe.
x reta ʼ maj chi ru kʼ pa kʼ kutij wi
jas utzak ik le sub ʼ xu ʼano?
aj xo ʼ y ri wikan.
we tane aʼ re xe tijo w le ri kil, are le komon xe tijow ik.
sib ʼalaj aninaq ka chʼa w le are ʼ ch in uwa chin.
utz we kinchaku j.
me ʼ sla ʼ.
kʼo kanwa rech kaqa tijo.
xi n sik ʼij la.
ria kʼal x sa ch kanoq jela ʼ pataqʼaj.
xe sik ʼij la.
jawi xkib ʼi j wi chike ʼe wi?
rumal che , man ix ta riʼ ri kix chʼa wik, are ri ru x lab ʼa xel rii tat riʼ rik chʼa w nai wu kʼ ri ix.
kʼa kʼri wa choch.
sib ʼalaj utz kin wil lea tz ʼyaq rech na huala.
saq pork kayri kipo ʼ trinan.
x sa chon ri n uchak chwe.
waʼ im xuchapo.
ri qʼaqʼ taj in kaj u luwik.
na j il u pam ri siwan.
e kʼo riqa ch alal pa chiu wiʼ la.
jas xa taq chiʼ j le akʼal chu tij ik?
no ʼ j im u kem ik le pa sa w umal.
kʼo jun ku kub ʼiʼ tintin, waʼ le laj kuk mam ka je qitaj, ka paqika xu lik pa u wiʼ u qʼab ʼ taq che ʼ, sib ʼalaj sa kʼaj , ke ʼutol ee nima ʼ q, chʼu tin, ra chiʼ l, aj sipa nel sib ʼalaj utz ra nima ʼ.
ri u pi xab ʼ le qʼatb ʼal tzi j ki yaʼub ʼi xik.
na x sachonta chke xeat inik.
xe qil le chikop p uw ileja.
x lo ʼ taj ri akʼal.
qono jel ku j waʼ pa u wiʼ ri mexa.
xsik ir lewaqan.
laxat waʼ kʼut ?
nim ub ʼaqʼ ri tulul.
kin xi kʼi kʼik x in qʼaxik.
la katb ʼe pale tinamit ?
ri pal sib ʼalaj sa qʼor.
k qʼo xow nuja lom.
x in na ʼo chik at pet ik.
x loq ʼ u lewi we chix.
x in chakun ru kʼ ri numam.
na x qab ʼantaj.
k kʼo jiʼ b ʼaʼ ri usipanik ria jaw xel jesusk ri sto ru kʼ ria w ux lab ʼal !
kin chʼa w ru kʼ len una n pale chʼa we b ʼal.
sib ʼalaj qʼe quʼ m rumal rima yul.
are leba xu lik.
xekos lei xo qib ʼ pale b ʼe.
kʼax ri lik le akʼal chawe.
x inqʼi ʼ oxi natinpa jo ron.
sib ʼalaj nim le tinamit.
kʼax u kem ik le pa saw umal.
xi n sa chik.
taj in kelu kikʼel pa raqan ri tz ʼiʼ.
x in weta ʼ maj ri lik wib ʼ
ri qʼu qʼ are jun je ʼ l chikop.
kʼo paja tijob ʼal ri wikaqʼ.
ri sa chib ʼal mak raj wa xik chi qa xo ʼ l.
je ʼ , kimb ʼek.
je la le ʼ ri nup wiʼ.
x ub ʼij che :- jas xab ʼano tintin?
kab ʼan jun to qʼob ʼ kyak rin uj al.
kat ʼek x inta.
jas leu kʼe xb ʼem ri b ʼ le jun ru kʼ le jun chik?
aj chiu wiʼ miq ʼin jaʼ ri lu ʼ.
ri tijo nel naj k pe wi.
te ʼ kix chob ʼ ub ʼiʼ ri nutat.
ri j aʼ kami qʼik chi uwa ch ri qʼaqʼ.
ri tʼ u ʼ y k pa qʼowik.
kin me sonna.
naq aj at kʼo wi chi we ch.
x in b ʼi son ik taq na xat pet taj.
wex kam ri winaq, ri p waq rech toj b ʼal ma kaj k yaʼ chikech ri ra la xik.
ri nun an xb ʼe pa kʼayb ʼal.
xo ju kʼam u loq rech koj ri lo
x kʼoto ch in chiki wa ch chik in waʼaw u kʼ.
na xki kamsaj taj xki kʼam b ʼi choja.
kʼa kʼri ik ʼ kamik.
ximb ʼe ru kʼ leaj kuniwi r.
ri lik.
letz ʼiʼ xeko sik.
x in ki kota w umal.
ri imul xu maj ri anim, xuy akan lek ok.
kʼo oj che riak ʼal.
x uj b ʼe pa jun kʼula nem.
utz we kwa ralaq.
kaqi lo china koj u kʼam taj.
x reta ʼ maj chi ru kʼ pa kʼ kutij wi.
sib ʼalaj x in kʼa ʼ narik.
x in kochi j ri nuwa.
man kat ko win taj kat chaku nik, we man kʼo taria j ilab ʼal.
we w onon xub ʼij chike :- kix into.
ria la nim k ri l wi riumam.
x kaʼ y chirij, x ka ʼ y ch uwa ch, ma kʼota chi jun ksi lob ʼik, xo qʼik xu xe ʼ j ri b ʼ x chʼop inik x tzali j loq xu riq ta chik riub ʼe .
kʼop us cheri wa.
p i nem na kab ʼe le wa tz, kimb ʼe wi in pa kaʼ y ib ʼal.
rinanto ʼ n nim winaq chik, saq u wiʼ, rono jela qʼab ʼutz kuna ʼ okat ʼ uy iʼ pa u tem, kum iqʼi saj ri b ʼ chori qʼij, kʼo jun u wiʼ u mam ub ʼiʼ ate ʼ k.
mane kʼi taj riqul aʼ.
qʼalaj chinak awa j taj kab ʼij
x pa qab ʼi sax raj il rono jel ri kem.
kʼo pa ri jul ri kuma tz.
rono jel qʼij ki n chʼa j len uwa re.
saq chik an lei chaj rech ka tza ko.
chu xeleqa chomal kaqatij wi jun qameq ʼin.
chawi laʼ.
e kʼo job ʼum iʼ al, ri nutat.
jas ru kʼ xa wil wi
je ʼ jas ri winaq rech ri uwa chu lew, xo qujeʼ ke pe na riʼ rie ʼ are ʼ che e rech ri uwa chu lew ; je ʼ jas ri winaq rech ri kaj , xo qujeʼ ke pe na riʼ rie ʼ are ʼ e rech ri kaj.
xi n tijo.
k tz ʼu juw ri rachoch ri po ʼ x.
xu qʼiʼo are leu kʼul el x yaʼow uwa.
ria wel x reta ʼ maj chi ra jawa xik man kux ej ta rib ʼ cheri tuku r.
ju kʼulaj winaq xe ʼa nima j b ʼik.
je ʼ, xin tzali j ik.
xo j pet ik xol qa kʼam aʼ.
maj jach in x ʼek.
ina j tij ; attijo xel.
sa quwiʼ rit ataʼ.
we ch ri kem.
lero ʼ ch le ate ʼ k kʼo chwa ch leu kʼay len unan.
kb ʼe pa ri si riʼa e pa ri si li siʼa, jawi je ʼ kuya wiri ki chu qʼab ʼ ri komon tyox.
pi xab ʼ : man utz taj kʼax kuj chʼa w chikij ni kʼaj qa chil.
x kuna taj lea li ( kumal rii xo qib ʼ ).
ri xib ʼib ʼal chi kʼo wi pataq riqa kʼa slemal rono jel qʼij.
nak uj w arta wa ral.
on chek kʼo j iʼ ri utzil chi xo ʼ l, are ch junam riqa kojo nik, junam rii we chix ru kʼ ri we chin.
pa o x qʼij ri sa ʼ n kb ʼe na ru kʼ ri aj kun.
ka winaq w u qub ʼ.
jas kawa j ki nti jo?
weta xatb ʼe w u kʼ pale tinamit , xa lo qʼtala ʼ leujas taq lea kʼaj ol.
keb ʼe pa waʼim.
x in loq ʼ kʼi wa.
pa jun nim kʼache ʼ laj , kʼo jun kʼ waʼ sib ʼalaj saq lo lo j, nim uwa ch.
kwaj katij jub ʼaʼ wa.
rono jel winaqk ril nari u kolo nem ri d yos ».
x kʼoto ch in chiki wa ch chik in waʼaw u kʼ
kwaj nakat ʼe taj.
la xa loq ʼ jun alej ?
e kʼo rie lo qʼo manel.
ri ukab ʼ ub ʼiʼ ri numam are ya y.
kinjo pi j rii jaʼ rech triko.
x naʼ taj ch ke xe atinik.
xa te ʼ qil aʼ.
kaki tija lan xa x ri winaq.
. . . kin b ʼij chi are waʼ sin xiʼan.
na xin nab ʼe j ta chu ta sik qa kʼo lib ʼal.
rumal rech chew eri in, ki n chʼa w ru kʼ rid yos pa chʼab ʼal , k chʼa w na kʼu riʼ ri w ux la b ʼal ru kʼ ri dyos, kʼate kʼut man kʼo ta u patan riʼ ch rech ri nu choma b ʼal .
xe pet ik xkilo.
xu ta we katʼek.
u tzu kem ik lepas chawe.
ri nuwa kax x utij jun qʼo qʼ rumal riʼ xkamik.
rumal ri kʼi x, man ke waʼ taj ri winaq.
xe ʼu lik.
qʼe qrij ria ma ʼ chij.
x raj kaʼ eleunan.
junam ki junab ʼ.
na qʼalaj taj wekaʼek.
ri wix nam chʼaj chʼo j ri rachoch.
waral man kʼo taj aj awal.
nai wir ta x ril le kʼamol b ʼe.
x in pe loq te kʼu riʼ x in tzu kuj rono jel ri nura jil.
ria j tiko nel ku tik ri tzi j.
kʼo e kikʼa jol lea chi jab ʼ.
kutij qʼayes rii x pa ʼ ch.
pa ri waʼ b ʼale kʼoka winaqa chi j ab ʼ.
sipo j ina q ri nup am.
ka yaʼtaj ik ru kʼuti ʼo nem jun riu ri qom le yab ʼi la molot setsé xu qujeʼ are ka yaʼtaj pataq ri juy ub ʼ.
ja chi n ria chi?
ri numam x kamik are taq kʼo ju mu chʼ laj uj u junab ʼ.
kinko winik kin kʼam b ʼilep waq.
kin wi lo chi utz ria j iʼ.
x in qʼil ria po ʼ x che man kachakun taj.
k waʼ chi uwa ch le taqʼaj ri ama ʼ akʼ.
ri imul xepo qʼik pa jun ikʼ.
x kʼi skanoq riqa chak.
are ria li xo j ilo wka noq.
sib ʼalaj chʼu ʼ j ri amax.
kʼon uwa chiʼ.
in chaj inel kech lea kʼalab ʼ.
xeko sle tz ʼiʼ.
kinb ʼe naku kʼ ri molaj.
rono jela qʼab ʼ ki nyitz ʼ riwakax.
ka ra p inik xu tzu kuj chi jun awaj.
le u kem ik le pa sa ninaq (aw umal ).
ma jura jil le qʼab ʼ arel.
kʼax riʼ ri kachʼa wik.
xo ju taq chiʼ j lea chi chu loq ʼiki chaj.
sib ʼalaj kʼax ri x kʼul ma xik.
xki lo chinak in kʼoxo maj taj.
x naʼ taj ch kech i xe atinik.
x kʼoto ch in chiki wa ch chi xo jal w o ʼ q aku kʼ.
jun qʼu ʼ qraj il ri kax la ʼ nwa.
x inwilo chi xe ʼelik.
e kʼoi xo qib ʼ pale kʼay b ʼal.
man kʼo taj u kʼi sik rima yab ʼaj lab ʼalil.
risink kʼi y pataqʼaj.
ri chʼi mam ank kʼi y taj pa taqʼaj.
ra jawa xik kj ik ik ri waqän.
kawa j kinʼe k.
e kʼoo xib ʼ akʼ.
xub ʼij chwe jawiat kʼo wi.
chwe ʼ qkuj b ʼe ʼ pamuquj.
pa saq kʼaja ʼ kb ʼan wiri uq.
xoj ki sik ʼij.
x inwil wib ʼ.
c haqʼ chik ri wa.
kimb ʼe naka pale w o ʼ ch.
kawa j kinʼe k.
ri chʼu ʼ ktij ru kʼ le j.
pa ri ki qʼij kaminaq ib ʼ kb ʼan qʼo ri kʼ yaʼ rech aj : nab ʼ eri nan ku tzu kuj kan ria j, kuja chʼo ʼ xu quje ku kʼe to.
jas kaj b ʼal cha nim?
u tzu chomanik riali.
pa riqʼi jox laj uj tija xkin kʼi s keb ʼ junab ʼ ki n chakun wa ral.
sib ʼalaj ko , ri kʼak ʼ chʼat.
jas karaj kub ʼij … ?
ri chʼi chʼk as ilab ʼik.
pa oje r qʼal pul x aqxu wiri nim winaq ke kʼamo wb ʼe.
le u kuna xik le ukab ʼu kʼut unik are ru kʼe flo rnitinao nutu nib ʼaxik le nif urtimo x chiʼ le flo rnitina chech t.b. g.
are ria chix in chʼa yowik.
juna chiub ʼi ku ʼ xu sipaj keb ʼ kʼa ʼ mu lew rech kab ʼan ri tijob ʼal , kamik , kʼo chikaj tij rech ri komon xe chpup.
xu malt yoxi j cheriaj tij rono jel le xu kʼut chi uwa ch.
pa rib ʼe xki raq jun alaj imul saqrij, x kikʼam b ʼik.
x ril le b ʼale ala.
jas kub ʼij chwe ?
le u kunatajem are ru kʼu tzu ku xik le uchikop il pa jun u solik u xe ʼ le kikʼon le ja ʼ rech jun nodo.
utz we nutz ʼiʼ.
je ʼ , taj in kachapo nik.
kin u lo qʼoj len utat.
ka wa j kimb ʼepa tinamit.
are la ʼ kinchaku j.
ri nima ʼ q taq winaq kʼo keta ʼ mab ʼal.
weta xatb ʼe w u kʼ pale tinamit , xa loq ʼ ta waʼ we jas taq.
ri kikʼa slemal. wai ximu lew xa jun chima are ta tinimit rima
ri u kʼ yab ʼal na jupam.
xat qaj chiu pam riil.
noj im kat waʼ ik.
we kʼo junk tu qaʼ rik, ¿la man xo qujeʼ taj ki ntu qaʼ r ri in ?
ojo j w okolja.
awa skb ʼan kʼax che jun nim winaq.
x in chʼa wa pan ru kʼ lew anab ʼ.
kʼax riu pam ri ju ʼ l.
taj in ke waʼ ri imul.
la kaj lak uj tzali j la aninaq?
rumal rech cherima kaj man kʼo ta u ko winempi wiʼ ri ix : ri ix man ix kʼota chi chu xe ʼ ri pi xab ʼ, x aneix kʼo chu xe ʼ ri sipanik.
nim raqan le cheʼ.
xi n chapo.
are letu ʼ r le loq ʼom anel.
x as katkʼo jiʼ chiu pam ri chʼi chʼ.
sib ʼalaj nim raqan ri kʼamal b ʼe.
le tzʼib ʼab ʼal we chin.
in x in to ʼ w la.
xa je kʼu riʼ ri ix kamik riʼ man ix kax la n winaq ta chik; ri ix, ix rech ri ki tinimit rie tyo x laj taq winaq , ix rech ri rachoch rid yos.
x intiko x la j kʼali chaj.
kaqariq qib ʼ chwe ʼ q.
sib ʼalaj utz cheri wiʼ aj ri tuney.
wena ju pulik ta xe qaj ik...
x into ʼ taj cherinu chak.
kʼo jun chikop ub ʼiʼp um.
po qon riik.
xoj b ʼi nik.
xu chʼek rono jel le retama nik x pa qiʼ k kʼaxk w ʼ inik xub ʼanaj kun.
kel ub ʼik pa ri jude ʼa ek tzali j chi ub ʼi ju mul pa ri galile ʼa.
x ina xib ʼij pab ʼe.
je ʼ l kʼo lem chi awa choch.
rono jel ri yaʼtal il pa we qʼataj , tz ʼaqat kiwa ch, man k tzaq tak anoq xu qujeʼ man ktastaj.
xu kunaj ley awab ʼ leaj qʼij.
chi tatab ʼe j jas le kimb ʼi j.
chʼa nal ria chi.
pa b ʼ oko ʼ kachakun wiri tax.
uj kʼopa uw uq qʼij.
kiʼ ri ukab ʼ riaqaj.
kʼo rachalal pa tz ʼo lo j che ʼ ri pe ʼ l.
xki lo chik in kʼo xom aj.
ri u ki sa kʼu tz kyaʼik chiu xe ʼ ri ti ko ʼ n.
are taq chiʼ ka qʼan pu wiʼ ri ju kub ʼ, ria chi che x kʼo jiʼ ri itzel ux lab ʼal ru kʼ, ku ta ch rech ri are ʼ, are chk kʼo jiʼ ru kʼ ri are ʼ.
na kab ʼantaj taw umal.
x naʼ taj ch ke xe atinik.
x in pa j ri nu triko.
xe ʼ ok ri po kʼ pa riu mex ari po ʼ x.
ka jul uw ria qʼaʼ l chiu xe ʼ rit ʼu ʼ y.
awe ch le ja.
x uj b ʼepa tzu rik.
nab ʼexatop anik.
ri ukab ʼ ub ʼiʼ ri numam are ya y.
uwa jxaq u kakʼal taqanik (28).
mata kʼo jun ka kanaj ka noq , qono jel koj b ʼek.
e nima ʼ qleal tom ab ʼ.
nim uwa ch ri po ʼ t.
kojo nik pa riu tzi j wai ximu lew.
jas xu kʼam b ʼi letz ʼi ʼ xa wi lo ?
xin pet ik, tat.
rib ʼelaj uwa ch.
chi tatab ʼe j jas ri kimb ʼi j.
je ʼ l kuna ʼ ria b ʼix chiu pamriququ lew.
kinb ʼi so j uwa ch lew al.
xu t ʼ uy ub ʼaʼ.
nim ria we qele ʼ n x ariqo.
xi ne ʼ waʼoq.
chiʼ ke war wi lea kʼalab ʼ.
ri nu miʼal xu taq loq jun taqo ʼ mw uj chiwe.
qʼe ʼ lik, ri chaj pa ri b ʼe.
la u tza wach? - utz malt yo x, e kʼu ria t? – utz mal tyox.
x in ko s rumal nu chak.
kb ʼe ku kʼ rie ʼ are ʼ ek tzali j pa rina sa rete ke ʼu nimaj.
ri joj xu kʼam b ʼik riakʼ.
kʼo chiwa chiʼ l cha nim.
kub ʼij che ch naʼ l kab ʼan che ria tz ʼib ʼ.
e. . . in kawa j katz jo j b ʼila chwe.
mata x in yaj leali.
ja ch in ru kʼ katb ʼe wi?
kʼo sib ʼalaj eta ʼ mab ʼal pa rima yab ʼ no ʼ jib ʼal .
e man xo ri ju p uq ke j.
ka sum um ri kaqi qʼ.
e kʼo kaj ib ʼa kʼalab ʼ pale b ʼe.
je ʼ jas riu tatk kaʼ y ik.
x aqat molo nel tzi j tal.
len ut at ka loq ʼon chwe.
xaq tane kimb ʼei w u kʼ.
x reta ʼ ma ju chʼaj ik.
rumal la ʼ x koj “ x al qʼat” che ub ʼiʼ ri komon.
are leu kemik pa sx reta ʼ ma j.
ri wat iʼt kub ʼan nariu patan.
kʼak ʼ lepo ʼ t.
reta ʼ m uwa ch jachin x loq ʼowripas.
ken chʼab ʼe j lea kʼalab ʼ.
yaʼtal chaqe qono jel ri uj winaq utz ka qil qib ʼ.
x kotiʼpa qʼayes xo qʼik.
ka winaq b ʼe le jeb ʼ qʼataj.
e kʼo kaj ib ʼ ral rii mul, jun saq, jun qʼan , jun qʼe q, jun qʼe qoj , sib ʼalaj ketz ʼanik , kechʼop inik ri alaj taq imul.
k chol ol ria chachal.
kete kik ri ikʼ.
xe pet ik rech ke waʼiw u kʼ.
tza tz riu qʼa nil riakʼ.
xo j tzali j ik xi xe ʼ qa qʼatuj ku kʼ lei tatinan.
ri yo ʼ x taqa kʼalab ʼ ke kikʼux ria tz ʼy aq.
wea chi wex usipa j jun poʼt chwe xkamik.
kko win ri kuna nel che kuna nik.
x jiq ʼ pa ri polow.
xa rumal sib ʼalaj ra jawa xik le lo qʼalaj ja ʼ, le winaq xkib ʼi j : che we ikʼ riʼ qono jel ku j b ʼe che utik ik taq cheʼ.
ri una nerie rachalal kepe u loq ru kʼ ri are ʼ, kʼate kʼu riʼ, man ke ko win taj ke qib ʼ u koq ru kʼ, rumal rech che e kʼo sib ʼalaj winaq.
rumal rech , che man kʼo ta junk ko win che u koj ik junti kib ʼalil chik ch uwa ch ri kojom chik che are ri jesusk ri sto.
te kʼu riʼ xu tz ʼib ʼaj ri b ʼ pa ri nimalaj tijob ʼal rech aj ku ʼ n.
ka jul uw ri chʼu mil cha qʼab ʼ.
kʼi sb ʼal kanoq , xo qujeʼ k kam rii xoq.
leala xok ik.
kʼop waq pa u wiʼ ri mexa.
are kawa j nak in ʼe taj.
ri yawal ku koj ria li chiu xe ʼ ri chakachare usu ʼ t.
na kaqa kʼam tu ʼ b ʼi kamik.
ria j tij kub ʼi j chike : ra jawa xik ke qa chaj ij ria waj, are utiko ʼ n ria jaw.
xi ntij muk uni wi r.
kʼax leu wiʼ taq len u qʼab ʼ.
x in loq ʼ jun il b ʼalwib ʼ.
waʼ we qʼij, nim ub ʼantaj ik.
ri u xe ʼal riqa tinamit man kasach taj.
xoj b ʼi nik.
ria ch alal junam ki wa ch.
x in weta ʼ maj ri lik wib ʼ.
nim riu naʼo j wa j tij.
miq ʼin rik ʼul.
aj qʼo jom ria te ʼk.
che le sa nik che ʼ kb ʼan wiri qʼo jom.
ka pe lea wel pan awal ja ʼ.
ri meso nel taj ink chaku nik.
utz chaqe kaqato ʼ qib ʼ, taq kʼo kʼax kʼo lil, kate we chiʼ n ria jaw paqa wiʼ.
xawi lo , x qʼatan lei b ʼoy.
xat ko w inik xab ʼano.
kiʼ ri kʼa we x.
kaj ilil ri b ʼ e.
lea li xel b ʼik.
are ʼ x raj xin b ʼano.
nim we ab ʼaj.
je ʼ lik u tiʼ jol al ri saq ko ʼ r.
noj in aqrike j.
we katijan xu x man kat uto ʼ ta chiu qʼati xik le kʼa kʼyab ʼil coro navirus ( 2019 -n cov).
nanim ta raqan waʼ we cheʼ.
utz alaj aj chak, ri wel.
¿jam pa ʼ ku j b ʼe pa nima qʼij ?
ra jawa xik tane la ʼ kat chakun wu kʼ.
xu taq chiʼ j pa waram pu lew.
mana reta ria xwan xelik.
ria wi xxu loq ʼ rachoch re nimal.
are rii xoq x insik ʼinu loq.
ri chʼima kʼatʼon na.
la xib ʼan lei chak?
kʼi tinamite kʼopa chʼo ʼ j.
kʼo ju p uq chij chiu xe ʼ ri cheʼ.
ri ux aq ri ab ʼix are uwa ri ke j.
ka winaq qʼataj.
la kixpe pa tijob ʼal?
we kechaj ix taq le kʼwa jachak in b ʼij; jun alik kʼo ja ʼ xu qujeʼ sib ʼalaj sa qlo loj.
x retaʼ ma j.
ria lab ʼom ria li tom ab ʼ taj in kiki tijoj kib ʼ rech su taq , are ka kaj kikib ʼan nim aqa chi jab ʼ chu pam ri kikʼa slemal, xu quje kʼo chik jupu qb ʼi xo nel chu pam ri komon.
la tz ʼ uwa ch ri b ʼe.
kʼa kʼ ria chʼi chʼ.
qono jelu j, uj may ab ʼ taq winaq.
no jel qʼij ria tiʼ x kuy u qʼuj le taqawaj jela ʼ pa ni kʼaj ja ʼ, chirij ri juy ub ʼ ub ʼiʼ te naʼ.
pa qʼom chik ri siʼ.
kin tzu kun chela.
kaki tij le kinaqʼ, le i chaj , le uwa ʼ lik ru kʼ le j.
xekana j kan le aj chakib ʼ.
keti kon ria chi j ab ʼ.
sib ʼalaj itzel ub ʼantaj ik ri chʼi lak an.
ri ate ʼ k xumal tyoxi j cheri ra tiʼt, rumal ri utz alaj no ʼ jib ʼal xu kʼut che ch.
k kamulix uchak ri ab ʼix.
la xin utzuk uj letijo xel?
are ʼ kachakun rono jel qʼij.
lee kʼaʼ na taq tz ʼiʼ.
saqri j ri plam ux.
jas x aqʼi ʼo x atijo.
jas ru kʼ x kichap wi utij ikle ri kil ?
weka tatin ru kʼ kʼatanja ʼ man ku qʼate j tale kʼa kʼyab ʼil coro navirus.
la katb ʼin pale ux lan b ʼal?
la war al kʼu xix waʼ wi?
are len utatk in loq ʼonik.
taj ink chakun ri ala.
kʼo ri kiʼ kotemala w u kʼ.
xu taja chin kaʼ ek.
xat waʼ ik x in wi lo.
x tzaq ri rachoch rumal ri j ab ʼ.
pale jun ikʼ chik are nima qʼij.
e keb ʼäm keb ʼin pa u wiʼ ri tem.
m em ria chi.
ri wikan cha li ʼ y kel pa j uy ub ʼ chwi tzi ri b ʼal.
le raj il, la paja xela qʼax wu ʼ b ʼik ?
pa ri su ʼt pi som wiri le j.
koj pet ik kolqa kʼam aʼ.
taj in kat chʼop in chi uwa ch ri taqʼaj.
le qʼor x chʼu qik.
kʼax waʼimaw umal.
kinb ʼi son che lewal.
sib ʼalaj kʼo kʼ ria wa tz ʼyaq.
kamik x uj b ʼe cheu tik ik taq che ʼ pa ri juy ub ʼ.
kin u lo qʼoj len utat.
chaqiʼ j chik ri chaj.
xy il ix haway i.
na x naʼ taj ta ch kech i xeat inik.
ru kʼ kʼu waʼ we riʼ, ri ixk kʼo j iʼ jun utz alaj i kʼa slemal riʼ ch ki wa ch ri winaq che mane kʼotai w u kʼ, kʼate kʼu riʼ man kʼo ta jun winaq riʼ ra jawa xik chi we ch.
e petinaq pab ʼe le rachala xik.
ka kaj lea kʼalab ʼ ke waʼik.
xu j chʼay b ʼik.
ri n uchak are qʼaxel tzi j.
kʼo nar ux lab ʼ ria wa j.
taj in kel loq, riqʼi j.
xu qʼiʼ oxk am sax ri rachalal choch.
ri num amare kʼo uqʼi nomal.
x kʼul mataj ju mul, xub ʼan jun nimalaj jab ʼ, man xb ʼe yetaj tana xu kʼi sle uy u qʼ chike.
am aʼ ri n utz ʼiʼ.
je waʼkat pe tik.
x in ko sik rumal x in chaku nik
i we ch chi ju junal, ri wa.
xu qʼiʼo nax at atintaj.
inriq taj i naq pa ri kʼay ib ʼal.
na wetaʼ m taj.
kʼax len u qʼab ʼ.
u tz le xub ʼij lea chi.
kema tz ʼib ʼ.
kʼo rachalal pa tz ʼo lo j che ʼ ri pe ʼ l.
rono jel waʼ we jas taq riʼ, xa sk sa ch wi uwa ch waʼ; ru kʼ we riʼ, ri ix, ra jawa xik che kʼo jun tyo x la ji kʼa slemale k kʼo jiʼ rii chʼa wem ru kʼ ri dyos,
x muq taj ri pa tz ʼan.
ri chʼi chʼ tzi jom kanoq pa riu kʼol b ʼal.
man kʼo ta u cholaj pataq ria w uj.
ja chike ikʼ leu nima qʼij le tinamit nawal jaʼ ?
xe pet ik xol kikʼam aʼ.
ka ch u qʼ chu trija ʼ chiapam.
x in b ʼi j i wir chi xeb ʼe paarmita.
are ʼux e ʼo je r tzi j wa ral kʼi che ʼub ʼiʼ.
x kʼi srinu siʼ.
jawi xkib ʼi j wi chike ʼe wi?
¡ xa je kʼu riʼ, jachin taq rie kʼopa ri jude ʼ a, chi chanim che ʼa nima jub ʼi pataqri j uy ub ʼ,
kʼak ʼ ria b ʼ.
la kʼo jun naka kʼo xom aj taj ?
na utz taleu tʼi som le alma ri y.
man yaʼtal taj chia we katok paja.
je ʼ, xatu tzu ku j.
are kel wa j xa qib ʼu qʼij ri xkʼo j ik.
ri xu nkurk kʼo j iʼ pataq ri triko.
xi n sa chik.
xu t ʼ uy ub ʼaʼ
na nutom tale tzi j …
wa chʼom ri kiwa ri no ʼ s.
e kʼo job ʼ ch ʼil wakʼ.
ra jawi xik chi pataq ri tijob ʼal , pa nik ʼa jub ʼi xik chik
ri ra jaw ru lew are ʼ tatkel.
we kʼux ok ik , we kʼna xok ta
we a chix usipa j jun pʼot chwe.
atat utaq o ʼ n le qʼatal tzi j.
naq ʼanta uwa ch leqap ru t.
ri xa ʼ r kʼopa u wiʼ ri qʼaqʼ kpo qʼowik.
ri ro qʼe j ria li jachak pe jun akʼal.
kʼo jun alap atijob ʼal.
säq u wiʼ rit ataʼ.
ri witz ikʼ taj ink pe loq.
jawixsa chon wikan u yaʼik lep waq che.
utz we achiwe xin kuna nik.
qono jel ku j waʼ pa u wiʼ ri mexa.
ri kax la ʼ nik man po qontaj.
in x in b ʼe ru kʼ ri wa chiʼ l.
sib ʼalaj je ʼ l xki lo xeki tzoqop i j ri ki chi j chilaʼ.
kinb ʼinik x in ʼek.
kʼax kʼo lik, kachaʼ.
kutiji xim riakʼ.
ria lix chel, xu qʼiʼoxa jun akʼ x sipa x che.
x qa si kʼi j lei xoq chu tza kiksub ʼ.
mata xab ʼi nsa j le chʼi chʼ.
ri p ixtz ʼara lik rumal rie qaʼ n.
¿ja m paʼkel chi 3%
kʼo jun nu kʼo toj chiʼaj.
taj in ke waʼ katri alab ʼom.
x in loq ʼ le nu kʼa kʼapo ʼ t.
nau tza kik ta sub ʼ taj in kuʼano
xo j utaq chiʼi j xoj waʼik.
iwe ch ri ab ʼix.
saq ri j ri chij.
aj sik cheri tinamit kel wirit ataʼ.
- ¡ ay ! x ax in tzaqu loq , kʼax wewaqan.
x kʼul mataj pa jun komon chiʼ uwa ch jun juy ub ʼ, xu riqa jun qʼij xki riq kib ʼjuni mul ru kʼ lek ok.
jas xa taq chiʼ j le akʼal chu tij ik?
x inchapo su xu lo qʼo.
qʼi nom ria chi.
ri kʼum k tijo w ru kʼ kab ʼ.
taj in ke ja chʼanik.
tze b ʼalu kemik le pa sa w umal.
are ka yo ʼ w le uchikop ille ub ʼantaj ikt ry panos oma brucei.
wekat nima nik utz ke lik.
pe rono ʼ j imal pet naq loq, .
are len uchak jun tzu qb ʼalwib ʼ.
x kunax leya wab ʼ rumal leaj qʼij.
ri u kʼu ʼ x tz ʼib ʼ paqa tzi jel aj uj.
sib ʼalaj je ʼ lik rie qab ʼal xub ʼan rilu ʼ s.
sib ʼalaj at kon.
e man xo ri ju p uq ke j.
na x naʼ taj ta ch ke xe atinik.
ri kʼamal b ʼe xub ʼi j chike , chimaja ria nim.
ju mu chʼrinu junab ʼ.
qʼiptaj inaq ri raqan ri tem.
k chakun ru kʼ ri jo sb ʼal che ʼ ri aj anel.
xa taq chiʼ j le akʼal ch utij ik ka r.
oj kʼo pale ro ʼ ch lea wel.
¿la kat pe qu kʼ chwe ʼ q?
le winaq pale chʼi chʼet ʼ uy ul lowi.
x kanaj kanoq chiu xe ʼ ri jab ʼ ri chʼa ʼ n.
nim ri ja.
weta xa kunaj leat at mat axkam laʼ.
nan u kʼam om tu ʼ la riʼ.
ch qan u kʼu ʼ riqa tzi j.
kimb ʼe pale tinamit.
x inqʼi ʼo naxina tintaj.
ra jawa xik ka kʼa man chawe le utij ik le le j.
kʼi sb ʼal taq no ʼ jib ʼal.
xi ne ʼ waʼoq.
xkib ʼan kʼax che leu w o saq rumal man utz ta chik akay ik.
ri qʼutu ʼ m man kech talea kʼalab ʼ.
are nanim ta leatz ʼiʼ ch uwa ch len utz ʼiʼ.
xe pet ik xol kilaʼ.
¿jaw chiʼ xa ta ʼ che xkam riu mam ri po ʼ x ?
e keb ʼ ke kʼam b ʼik patuj.
x in loq ʼ jun japa ri w okajja.
ria xtu ʼ b ʼ, kʼo qulaj chech.
jas ka raj kaʼan chu tza kik leti ʼij.
xu tij lewa.
xim b ʼal retzi j.
x pa xri b ʼo ʼ j.
we kawa j katinto ʼo x aqx uwi kab ʼij chiwe.
jas nu kʼu ku chʼob ʼo.
jas ka ra j ku tijo?
xex ru x lab ʼ ri rikil.
e nitz ʼa ʼ qleta qimul.
we tane in x in b ʼanow ik, are leate ʼ k xb ʼanow ik.
kin tzali j pale nu tinamit.
rinuch aqʼ kʼopa uro ʼ qʼatoj tijo nik pa ri tijob ʼal.
x in xiʼ j wib ʼ x in chʼa wik.
kʼo ch waro ʼ ch lepare.
chir aqan kab ʼin wirit ataʼ.
x sa chonk anu yaʼik lep waq chechoja.
x in qʼax chiki xo ʼ l ri winaq.
keti konik.
ri u lew man qech taj, kech ri qatiʼt qamam.
xe pele winaq xol kikʼam aʼ.
xu loq ʼ ri w uj rumal riali.
che we qʼij kamik kʼo jun nu tzi jo nem chirij le nu tinamit.
kej riʼ.
x kuna nalaq chwe.
kin usi kʼi j len unan.
ri imul xu chʼi j taj, x kanaj pa b ʼe , rumal ri nimal kuja luj rii mul, xu tzaq ri anim.
kub ʼan riu xo qʼo ʼ l ria j tz ʼaq.
ri la sib ʼalaj utz che kunab ʼal.
kʼiki wa ch rie ʼ aj chakib ʼ pa ri komon tyo x, kʼate kʼut xa jun chiaj aw xel;
x qa ta chix atulik.
kawa j chik atʼek.
ch ʼuti ʼ n kekana j ri xa jab ʼ chech.
kaqax iʼ j qib ʼ kaqa chapo.
e kʼo keb ʼu kʼa jol let at x wan.
lu ʼ sub ʼiʼ ri re cham.
aj chiu wiʼ miq ʼin jaʼ ri lu ʼ.
x inyak an le nu chimpa kʼay b ʼal.
kʼate x ri lo , x p eri una n che u tzu ku xik, xki kotik, xu salab ʼi saj ri taq u xkin.
xki kʼut chi uwa ch ri aj tij xu qujeʼ chikiwa ch ri taqni kʼaj kachil.
utz len u qʼab ʼ.
ku lleal we ʼ l pa a us tincha qʼab ʼ kamik.
ria te ʼ k x tzaq loq are chi kʼopa u wiʼ ri qʼaʼ m.
aj patan ri teʼk.
xat qaj chiu pam riil.
la kʼo tzi j naki kʼo xo maj taj ?
x sa chonch ke chi xeat inik.
rono jel leu lewe chalaq.
la xeb ʼe kʼula xe ʼ kij aqa kʼu leu chiʼ ja?
x aqkat chʼok na jiwi r.
kamik kʼo chiri jas taqawe.
are chiʼ kakʼis ri junab ʼ kʼo qʼi nom.
pan awalja ʼ x inale xik.
na xin tataj we are ria kʼal kix tzu quwik.
¡ ru lew ri sab ʼu lone ru lew ri nef tali, ub ʼe ri polow , ru lew ri jordan, galile ʼa kech ri j etaqam aqʼ !
ra x, ra x, ra x, kʼo kʼ, kʼo kʼ, kʼo kʼ le ru x lab ʼ le taq tiko ʼ n.
a chix atwilo.
paqal raj il lepi xkamik.
xoj b ʼi nik.
pa jun je ʼ l tijob ʼal ku tijoj ri b ʼ jun akʼal , ub ʼiʼ po ʼ x, utz kuri lo kepa tijob ʼal rono jel taq qʼij.
xwa j chixat ʼe taj.
utz la ʼ lex ub ʼij lea chi.
we taʼam jach in kap etik.
kin qʼo jom anik.
x inqʼi ʼo ta kʼalik x inp etik.
are ʼ reta ʼ m cheki nop anik.
are tab ʼaleq aqajaw chatto ʼ wik.
ka winaq wa qib ʼ qʼataj.
naq aj chik cheri uwa qkaj b ʼal are taq chiʼ ksa ch uwa ch ri qʼij, kok ri qʼe quʼ m ch uwa chu lew, chi kʼate ʼ nari b ʼe le jeb ʼ kaj b ʼal .
job ʼ raqan ri tz ʼalam xeporo xik.
sib ʼalaj ko ri j ri mop.
are waʼ.
je la ʼ pa ri ti minit chwi kab yok rech xela ju ʼ, le qananqa tat kaki tikoje ʼ la laj taq uwa chi chaj.
kʼax nuqul.
xu ʼ lu kʼam aʼ.
koj ul ki tzu ku j.
are man kʼaxta u kuna xik are taq aninaq kaʼil i taj weyab ʼilal xu qujeʼ mojo ʼ qa ku yaʼ le kʼax kʼo lil chech le jo lom aj.
ri wel kʼopa tijo nik.
kawa j kinb ʼi j.
ri kotz ʼiʼ j kqa koj chiu pa mrija.
qʼe q qʼoj ri j ri ama ʼ ke j.
na xwa j taj x in chʼa wik.
ch pe tab ʼale lo qʼalaj jab ʼ.
x sa chonch kexat ki sik ʼij.
ele qʼal chʼi chʼ.
jach in xawi lo chi are x tijow rit iʼ j?
mata kab ʼe le nu xb ʼal pale tinamit.
p im ruq, riali.
¿ kʼo ri m uqʼe chia we ch ?
kqab ʼij man keko win taj.
kin tij na.
kʼo jun qat ʼu ʼ y paja!
kʼop uj chiu pam ri chʼaʼk.
are taq kinko sik kinwa rik.
xat waʼ ik x in wi lo
in x in chʼa yow lea chi.
kono jel ria la xik ke ʼ etz ʼanik.
jas ru kʼ x ki tij wile kiri kil ?
an in aq il katp etik.
naraxta uwa ch le juy ub ʼ.
ri tz ʼalam tz ʼib ʼab ʼal raxk kay ik.
wechat chaku nik, kʼo awa.
ma ʼ tam xat pecheri waʼim.
kamul kin waʼ na.
ri sik il k tijo w ru kʼik.
kimb ʼe aq ʼan ru kʼ leal talin.
xo j ʼe k xe ʼ qil alarqas ok.
xeki qʼil lea j chakib ʼ xki w ok leja.
ma tane xwa j le kʼu hj nem ru kʼ leate ʼk.
are xe ʼo pan chiu chiʼ ri juy ub ʼ, xki lo chiman qas ta kʼo qʼayes.
kʼate kʼut, ri jesus man kko jon ta ch kech rie ʼ are ʼ, rumal rech che kono jel reta ʼ m ki wa ch,
pa ʼ tz ri j ri tz ʼiʼ.
ju winaq wa qib ʼ qʼataj.
atela qʼom.
xa qat jo ʼ s.
ri qʼatzu, are qʼalaj riu qʼij il.
aj chak we ala.
ub ʼe le ju kakʼal taqanik (29).
keb ʼ nub ʼiʼ kʼo lik.
l aka tzali j lu ʼ la aninaq?
katzu kun la chwe.
la kaj la koj b ʼe ʼ pale chomal chwe ʼ q?
x in nab ʼe j chu ta sik qa kʼo lib ʼal.
lal xin to ʼ wik.
sib ʼalaj ano ʼ jib ʼal.
xo j pet ik xol qa kʼam aʼ.
sib ʼalaj je ʼ lik ri uwa ʼ l rii chaj.
kʼax wij rumal in pa chalik.
are taq xu kʼul maj waʼ xu l riu chomanik xub ʼi j : are utz waa qʼab ʼ ki nwali j ik, are chaʼ cha nim kino pan pa tijob ʼal , maj chik in kʼu lmaj.
oja j xo jo lob ʼ pa a was qʼij.
x in sa ch che leu w okikle tzi j.
e j ulaj uj riakʼ.
xu taj ampa ʼ koj ʼek.
qil ik.
ri tijo xel man are tanim ch uwa ch ri raj tij. ri utz tijo xel qasje riʼ kʼo lik jas ri raj tij.
in xatin chʼa yo.
no ʼ j im chak w umal.
chʼu rrijo chʼ.
ink inb ʼi j na katsach taj.
uj ma yab ʼ.
riab ʼaj yatzalik.
taj in kep ixb ʼax ria kʼalab ʼ.
chom riaq.
xi n wa rik.
ele men kono jel ria kʼalab ʼ.
taj ink qʼanarik ri we re ʼ aj.
le u kem ik le pa su tz (chawe).
xuy u p ub ʼa uwa ch ra ʼ chi, ka chaʼ,.
ri satanas kok pa ri juda srik b ʼixi skari ʼotech rech , ri are ʼ jun chki xo ʼ l rie kab ʼ laj uj.
chu chu ri pa r.
kinqum uj ri nu jo chʼ.
chech pun ción lumbar am aqʼel ra jawa xik chech ri lik leu kʼe xb ʼem wi le nab ʼe ru kʼ le ukab ʼu kʼutu nem ley ab ʼil al.
qʼalaj chinak awa j taj kab ʼi j.
kʼo qʼol chirij risiʼ.
jawi xo jʼe wi chu loq ʼik ?
kʼo u lo chʼ ri talin.
qʼan ri j ria tiʼ tnu ke j.
la x tzali j la iwir?
xe si kʼi xik , kʼate kʼu riʼ xeya j ik, xu qujeʼ xe taq b ʼi cheusi kʼik lemes.
la kix warik?
are kʼu lepa loma x xub ʼi j che :- mam katb ʼi son taj, kinsi kʼi j ni kʼaj wa chiʼ l ke rapapik.
a ʼ re e tijo xel ab ʼ.
ri alaj al i siʼ l xub ʼij x qa chappa utzal ri tyox.
x sa chonch ke jach in xe atinik.
jas x uray ij le anan xu tijo?
xi n ko sik.
ra x rono jel ri qʼay es rumal lej ab ʼ.
kin ya waʼ we chʼi chʼpi nem nau tz.
no ʼ jimu pa chʼu xik len uwi ʼ.
na j kʼo wi lew o ʼ ch ch uwa ch le tijob ʼal.
rio kib ʼal kʼo chi uwa ch ri saqja.
xe nutaq chʼi j ke kil lea kʼalab ʼ.
kʼo jun qʼoxo we m chiwe.
tza ri choʼ m.
we choj b ʼe pale nima qʼij, ke qil leaj xo jo lob ʼ.
xo j ʼe k xe ʼ qil alarqas ok.
ria te ʼ k xu taʼ chech ri nan to ʼ n :- nanjas che ʼ chiman kaj talaqa kʼati saj ri jo ʼ q.
ri pal sib ʼalaj xu ʼ y.
kin koj ri jok b ʼalu lew.
ink inb ʼi j na katsach taj
atra j kunlen unan.
ku qam uj uj oron ria j tzi j.
lu ʼ tz ʼalam ub ʼiʼ ria chikel pa nim che ʼ.
je ʼ lik u tiʼ jol al ri saq ko ʼ r.
kʼo jun xa ʼ rpaja.
x in loq ʼ jun kʼa kʼpatan.
kʼax u kem ik le pa saw umal.
aninaq u kem ik le pa saw umal
ri chʼa ʼ nsa chi naq pataq ab ʼix.
ra x taq leko tz ʼiʼ j.
meso m kanoq riu p amja.
man are ta rala xko sik.
ri komon xe ch pupre chu qʼab ʼ tinamit xo ʼ lab ʼaj rech qʼumar ka j.
la u tza kik kʼu sub ʼ taj in kuʼano?
katel a!
na xu tij taj.
xa rumal keta ʼ m kono jel ri winaqk kiqum uj lej aʼ.
i wir x uj tzali j la pa kʼay b ʼal.
qeta ʼ m cheri qawa kuj uto ʼo.
ria j tij, kya jon chi kech ria kʼalab ʼ.
jas ub ʼanom len u chʼuti tat?
chwe ʼ qk in b ʼepa nim tinamit.
utz we ki weta ʼ maj jas kub ʼij ri chol b ʼal qʼij.
taj in kat jil ow che u qʼo xom jo lomaj.
x intik qʼax chi uwa chrija.
kʼax le kib ʼ ele winaq.
loq ʼ kat kuntaj che le yab ʼil ( covid - 19).
ri nu xib ʼal kel pa qaj b ʼal qʼij.
x ril ria x wan chix waʼ ri ala.
leal ix kunataj ik.
wetaka pele jab ʼ kamik.
x in weta ʼ maj chi naxat pe taj.
ri p waq rech we qʼataj riʼ kesa x chech ri toj b ʼal kʼay inem.
kti j ri u waʼ lik rumal ri ki nima qʼij.
xu chapu kuna xik.
chatan loq ali.
xin xu liʼ qajoq.
je ʼ lik k tijow ri taq iko x.
kʼate kʼu ri letat xo ʼ r xub ʼij, man kawa j taj , man kawa j taj.
kʼo jun tz ʼiʼ pa b ʼe.
kamul xin pe chea tzu ku xik.
man taj in tak in chaku nik.
kinchaku nik rech kat waʼik.
jas ru kʼ xa wil wi chix kiqupi j wileti ʼ j.
jas ub ʼi xik … ?
koq ʼ riak ʼal.
kawa j nakat ʼe taj.
xat qʼaj ik.
wem na cha lo qʼaxi yal, na kimb ʼeta awu kʼ.
xo pan lew ujaw u kʼ rumal we chin.
are kʼut pale juy ub ʼ k kʼi y jo ron, chi la ʼ xe ki kʼama wiri ja ʼ ri winaq.
koq ʼ riak ʼal.
we kʼo ara j il chak ʼama loq.
are sib ʼalaj kaq lea po ʼ t ch uwa ch len u po ʼ t.
x in kʼas taj pa kab ʼ laj uj kaj b ʼal.
kaqoy ʼe j naki x pe taj.
koka xim ri chi j xa jela ʼ man ka nima j tab ʼik.
ri kokno j im xb ʼe k, xu chʼi joxo pan pa u kʼi sb ʼalil le anim.
xo j kiʼ kotik are taq xatu lik.
kaqi tz ʼ na j ri ux aj ab ʼ ri akʼal.
ri jesusk waʼ kat pa ri nim rachoch ri dyos, chu xe ʼ ri jun jache rachoch ri sa lomon.
we taqanik riʼ kub ʼi j chira jawa xikk yaʼu qʼij ri winaq xu qujeʼ kto ʼ anina qil.
ria x ux are nariu ku nel ri kinaqʼ.
are taq waʼ ri uqʼi jol we taqanik.
kʼo jun tab ʼal pa u wiʼ ri x kanul ub ʼiʼ laj uj no ʼ j.
y u ʼ lub ʼanom riu kolob ʼ ri ke j.
xa nima j ri akʼal chi uwa ch riu chu ch.
k kunan ria chi.
kin waʼ ik rech nak in yowa j taj.
aj xik chʼi chʼ rilu ʼ s.
kwa j chei xki xb ʼanow ik.
aʼrexeto ʼwalaq.
xo j ʼe k xe ʼ qil alarqas ok.
x in loq ʼ jun chʼi chʼ, qaj inaq uwa ch.
kut ʼi sripanta lon.
e jani pale awal kʼwale kʼol ik?
u tzu kem ik lepas chawe.
ri max are aj qʼani yaʼ.
mata b ʼa chiriq kʼax pale b ʼe.
taj in ka nima j , ri me ʼ s.
i xi xe ʼ la qʼoma b ʼ !
x sa chan chwe.
e kʼo kʼi cheʼ, chi uwa ch ri juy ub ʼ.
are waʼ ri nimalaj pi xab ʼe are waʼ ri nab ʼe.
x reta ʼ maj chi ru kʼ pa kʼ kutij wi
jas utzak ik le sub ʼ xu ʼano?
aj xo ʼ y ri wikan.
we tane aʼ re xe tijo w le ri kil, are le komon xe tijow ik.
sib ʼalaj aninaq ka chʼa w le are ʼ ch in uwa chin.
utz we kinchaku j.
me ʼ sla ʼ.
kʼo kanwa rech kaqa tijo.
xi n sik ʼij la.
ria kʼal x sa ch kanoq jela ʼ pataqʼaj.
xe sik ʼij la.
jawi xkib ʼi j wi chike ʼe wi?
rumal che , man ix ta riʼ ri kix chʼa wik, are ri ru x lab ʼa xel rii tat riʼ rik chʼa w nai wu kʼ ri ix.
kʼa kʼri wa choch.
sib ʼalaj utz kin wil lea tz ʼyaq rech na huala.
saq pork kayri kipo ʼ trinan.
x sa chon ri n uchak chwe.
waʼ im xuchapo.
ri qʼaqʼ taj in kaj u luwik.
na j il u pam ri siwan.
e kʼo riqa ch alal pa chiu wiʼ la.
jas xa taq chiʼ j le akʼal chu tij ik?
no ʼ j im u kem ik le pa sa w umal.
kʼo jun ku kub ʼiʼ tintin, waʼ le laj kuk mam ka je qitaj, ka paqika xu lik pa u wiʼ u qʼab ʼ taq che ʼ, sib ʼalaj sa kʼaj , ke ʼutol ee nima ʼ q, chʼu tin, ra chiʼ l, aj sipa nel sib ʼalaj utz ra nima ʼ.
ri u pi xab ʼ le qʼatb ʼal tzi j ki yaʼub ʼi xik.
na x sachonta chke xeat inik.
xe qil le chikop p uw ileja.
x lo ʼ taj ri akʼal.
qono jel ku j waʼ pa u wiʼ ri mexa.
xsik ir lewaqan.
laxat waʼ kʼut ?
nim ub ʼaqʼ ri tulul.
kin xi kʼi kʼik x in qʼaxik.
la katb ʼe pale tinamit ?
ri pal sib ʼalaj sa qʼor.
k qʼo xow nuja lom.
x in na ʼo chik at pet ik.
x loq ʼ u lewi we chix.
x in chakun ru kʼ ri numam.
na x qab ʼantaj.
k kʼo jiʼ b ʼaʼ ri usipanik ria jaw xel jesusk ri sto ru kʼ ria w ux lab ʼal !
kin chʼa w ru kʼ len una n pale chʼa we b ʼal.
sib ʼalaj qʼe quʼ m rumal rima yul.
are leba xu lik.
xekos lei xo qib ʼ pale b ʼe.
kʼax ri lik le akʼal chawe.
x inqʼi ʼ oxi natinpa jo ron.
sib ʼalaj nim le tinamit.
kʼax u kem ik le pa saw umal.
xi n sa chik.
taj in kelu kikʼel pa raqan ri tz ʼiʼ.
x in weta ʼ maj ri lik wib ʼ
ri qʼu qʼ are jun je ʼ l chikop.
kʼo paja tijob ʼal ri wikaqʼ.
ri sa chib ʼal mak raj wa xik chi qa xo ʼ l.
je ʼ , kimb ʼek.
je la le ʼ ri nup wiʼ.
x ub ʼij che :- jas xab ʼano tintin?
kab ʼan jun to qʼob ʼ kyak rin uj al.
kat ʼek x inta.
jas leu kʼe xb ʼem ri b ʼ le jun ru kʼ le jun chik?
aj chiu wiʼ miq ʼin jaʼ ri lu ʼ.
ri tijo nel naj k pe wi.
te ʼ kix chob ʼ ub ʼiʼ ri nutat.
ri j aʼ kami qʼik chi uwa ch ri qʼaqʼ.
ri tʼ u ʼ y k pa qʼowik.
kin me sonna.
naq aj at kʼo wi chi we ch.
x in b ʼi son ik taq na xat pet taj.
wex kam ri winaq, ri p waq rech toj b ʼal ma kaj k yaʼ chikech ri ra la xik.
ri nun an xb ʼe pa kʼayb ʼal.
xo ju kʼam u loq rech koj ri lo
x kʼoto ch in chiki wa ch chik in waʼaw u kʼ.
na xki kamsaj taj xki kʼam b ʼi choja.
kʼa kʼri ik ʼ kamik.
ximb ʼe ru kʼ leaj kuniwi r.
ri lik.
letz ʼiʼ xeko sik.
x in ki kota w umal.
ri imul xu maj ri anim, xuy akan lek ok.
kʼo oj che riak ʼal.
x uj b ʼe pa jun kʼula nem.
utz we kwa ralaq.
kaqi lo china koj u kʼam taj.
x reta ʼ maj chi ru kʼ pa kʼ kutij wi.
sib ʼalaj x in kʼa ʼ narik.
x in kochi j ri nuwa.
man kat ko win taj kat chaku nik, we man kʼo taria j ilab ʼal.
we w onon xub ʼij chike :- kix into.
ria la nim k ri l wi riumam.
x kaʼ y chirij, x ka ʼ y ch uwa ch, ma kʼota chi jun ksi lob ʼik, xo qʼik xu xe ʼ j ri b ʼ x chʼop inik x tzali j loq xu riq ta chik riub ʼe .
kʼop us cheri wa.
p i nem na kab ʼe le wa tz, kimb ʼe wi in pa kaʼ y ib ʼal.
rinanto ʼ n nim winaq chik, saq u wiʼ, rono jela qʼab ʼutz kuna ʼ okat ʼ uy iʼ pa u tem, kum iqʼi saj ri b ʼ chori qʼij, kʼo jun u wiʼ u mam ub ʼiʼ ate ʼ k.
mane kʼi taj riqul aʼ.
qʼalaj chinak awa j taj kab ʼij
x pa qab ʼi sax raj il rono jel ri kem.
kʼo pa ri jul ri kuma tz.
rono jel qʼij ki n chʼa j len uwa re.
saq chik an lei chaj rech ka tza ko.
chu xeleqa chomal kaqatij wi jun qameq ʼin.
chawi laʼ.
e kʼo job ʼum iʼ al, ri nutat.
jas ru kʼ xa wil wi
je ʼ jas ri winaq rech ri uwa chu lew, xo qujeʼ ke pe na riʼ rie ʼ are ʼ che e rech ri uwa chu lew ; je ʼ jas ri winaq rech ri kaj , xo qujeʼ ke pe na riʼ rie ʼ are ʼ e rech ri kaj.
xi n tijo.
k tz ʼu juw ri rachoch ri po ʼ x.
xu qʼiʼo are leu kʼul el x yaʼow uwa.
ria wel x reta ʼ maj chi ra jawa xik man kux ej ta rib ʼ cheri tuku r.
ju kʼulaj winaq xe ʼa nima j b ʼik.
je ʼ, xin tzali j ik.
xo j pet ik xol qa kʼam aʼ.
maj jach in x ʼek.
ina j tij ; attijo xel.
sa quwiʼ rit ataʼ.
we ch ri kem.
lero ʼ ch le ate ʼ k kʼo chwa ch leu kʼay len unan.
kb ʼe pa ri si riʼa e pa ri si li siʼa, jawi je ʼ kuya wiri ki chu qʼab ʼ ri komon tyox.
pi xab ʼ : man utz taj kʼax kuj chʼa w chikij ni kʼaj qa chil.
x kuna taj lea li ( kumal rii xo qib ʼ ).
ri xib ʼib ʼal chi kʼo wi pataq riqa kʼa slemal rono jel qʼij.
nak uj w arta wa ral.
on chek kʼo j iʼ ri utzil chi xo ʼ l, are ch junam riqa kojo nik, junam rii we chix ru kʼ ri we chin.
pa o x qʼij ri sa ʼ n kb ʼe na ru kʼ ri aj kun.
ka winaq w u qub ʼ.
jas kawa j ki nti jo?
weta xatb ʼe w u kʼ pale tinamit , xa lo qʼtala ʼ leujas taq lea kʼaj ol.
keb ʼe pa waʼim.
x in loq ʼ kʼi wa.
pa jun nim kʼache ʼ laj , kʼo jun kʼ waʼ sib ʼalaj saq lo lo j, nim uwa ch.
kwaj katij jub ʼaʼ wa.
rono jel winaqk ril nari u kolo nem ri d yos ».
x kʼoto ch in chiki wa ch chik in waʼaw u kʼ
kwaj nakat ʼe taj.
la xa loq ʼ jun alej ?
e kʼo rie lo qʼo manel.
ri ukab ʼ ub ʼiʼ ri numam are ya y.
kinjo pi j rii jaʼ rech triko.
x naʼ taj ch ke xe atinik.
xa te ʼ qil aʼ.
kaki tija lan xa x ri winaq.
. . . kin b ʼij chi are waʼ sin xiʼan.
na xin nab ʼe j ta chu ta sik qa kʼo lib ʼal.
rumal rech chew eri in, ki n chʼa w ru kʼ rid yos pa chʼab ʼal , k chʼa w na kʼu riʼ ri w ux la b ʼal ru kʼ ri dyos, kʼate kʼut man kʼo ta u patan riʼ ch rech ri nu choma b ʼal .
xe pet ik xkilo.
xu ta we katʼek.
u tzu kem ik lepas chawe.
ri nuwa kax x utij jun qʼo qʼ rumal riʼ xkamik.
rumal ri kʼi x, man ke waʼ taj ri winaq.
xe ʼu lik.
qʼe qrij ria ma ʼ chij.
x raj kaʼ eleunan.
junam ki junab ʼ.
na qʼalaj taj wekaʼek.
ri wix nam chʼaj chʼo j ri rachoch.
waral man kʼo taj aj awal.
nai wir ta x ril le kʼamol b ʼe.
x in pe loq te kʼu riʼ x in tzu kuj rono jel ri nura jil.
ria j tiko nel ku tik ri tzi j.
kʼo e kikʼa jol lea chi jab ʼ.
kutij qʼayes rii x pa ʼ ch.
pa ri waʼ b ʼale kʼoka winaqa chi j ab ʼ.
sipo j ina q ri nup am.
ka yaʼtaj ik ru kʼuti ʼo nem jun riu ri qom le yab ʼi la molot setsé xu qujeʼ are ka yaʼtaj pataq ri juy ub ʼ.
ja chi n ria chi?
ri numam x kamik are taq kʼo ju mu chʼ laj uj u junab ʼ.
kinko winik kin kʼam b ʼilep waq.
kin wi lo chi utz ria j iʼ.
x in qʼil ria po ʼ x che man kachakun taj.
k waʼ chi uwa ch le taqʼaj ri ama ʼ akʼ.
ri imul xepo qʼik pa jun ikʼ.
x kʼi skanoq riqa chak.
are ria li xo j ilo wka noq.
sib ʼalaj chʼu ʼ j ri amax.
kʼon uwa chiʼ.
in chaj inel kech lea kʼalab ʼ.
xeko sle tz ʼiʼ.
kinb ʼe naku kʼ ri molaj.
rono jela qʼab ʼ ki nyitz ʼ riwakax.
ka ra p inik xu tzu kuj chi jun awaj.
le u kem ik le pa sa ninaq (aw umal ).
ma jura jil le qʼab ʼ arel.
kʼax riʼ ri kachʼa wik.
xo ju taq chiʼ j lea chi chu loq ʼiki chaj.
sib ʼalaj kʼax ri x kʼul ma xik.
xki lo chinak in kʼoxo maj taj.
x naʼ taj ch kech i xe atinik.
x kʼoto ch in chiki wa ch chi xo jal w o ʼ q aku kʼ.
jun qʼu ʼ qraj il ri kax la ʼ nwa.
x inwilo chi xe ʼelik.
e kʼoi xo qib ʼ pale kʼay b ʼal.
man kʼo taj u kʼi sik rima yab ʼaj lab ʼalil.
risink kʼi y pataqʼaj.
ri chʼi mam ank kʼi y taj pa taqʼaj.
ra jawa xik kj ik ik ri waqän.
kawa j kinʼe k.
e kʼoo xib ʼ akʼ.
xub ʼij chwe jawiat kʼo wi.
chwe ʼ qkuj b ʼe ʼ pamuquj.
pa saq kʼaja ʼ kb ʼan wiri uq.
xoj ki sik ʼij.
x inwil wib ʼ.
c haqʼ chik ri wa.
kimb ʼe naka pale w o ʼ ch.
kawa j kinʼe k.
ri chʼu ʼ ktij ru kʼ le j.
pa ri ki qʼij kaminaq ib ʼ kb ʼan qʼo ri kʼ yaʼ rech aj : nab ʼ eri nan ku tzu kuj kan ria j, kuja chʼo ʼ xu quje ku kʼe to.
jas kaj b ʼal cha nim?
u tzu chomanik riali.
pa riqʼi jox laj uj tija xkin kʼi s keb ʼ junab ʼ ki n chakun wa ral.
sib ʼalaj ko , ri kʼak ʼ chʼat.
jas karaj kub ʼij … ?
ri chʼi chʼk as ilab ʼik.
pa oje r qʼal pul x aqxu wiri nim winaq ke kʼamo wb ʼe.
le u kuna xik le ukab ʼu kʼut unik are ru kʼe flo rnitinao nutu nib ʼaxik le nif urtimo x chiʼ le flo rnitina chech t.b. g.
are ria chix in chʼa yowik.
juna chiub ʼi ku ʼ xu sipaj keb ʼ kʼa ʼ mu lew rech kab ʼan ri tijob ʼal , kamik , kʼo chikaj tij rech ri komon xe chpup.
xu malt yoxi j cheriaj tij rono jel le xu kʼut chi uwa ch.
pa rib ʼe xki raq jun alaj imul saqrij, x kikʼam b ʼik.
x ril le b ʼale ala.
jas kub ʼij chwe ?
le u kunatajem are ru kʼu tzu ku xik le uchikop il pa jun u solik u xe ʼ le kikʼon le ja ʼ rech jun nodo.
utz we nutz ʼiʼ.
je ʼ , taj in kachapo nik.
kin u lo qʼoj len utat.
ka wa j kimb ʼepa tinamit.
are la ʼ kinchaku j.
ri nima ʼ q taq winaq kʼo keta ʼ mab ʼal.
weta xatb ʼe w u kʼ pale tinamit , xa loq ʼ ta waʼ we jas taq.
ri kikʼa slemal. wai ximu lew xa jun chima are ta tinimit rima
ri u kʼ yab ʼal na jupam.
xat qaj chiu pam riil.
noj im kat waʼ ik.
we kʼo junk tu qaʼ rik, ¿la man xo qujeʼ taj ki ntu qaʼ r ri in ?
ojo j w okolja.
awa skb ʼan kʼax che jun nim winaq.
x in chʼa wa pan ru kʼ lew anab ʼ.
kʼax riu pam ri ju ʼ l.
taj in ke waʼ ri imul.
la kaj lak uj tzali j la aninaq?
rumal rech cherima kaj man kʼo ta u ko winempi wiʼ ri ix : ri ix man ix kʼota chi chu xe ʼ ri pi xab ʼ, x aneix kʼo chu xe ʼ ri sipanik.
nim raqan le cheʼ.
xi n chapo.
are letu ʼ r le loq ʼom anel.
x as katkʼo jiʼ chiu pam ri chʼi chʼ.
sib ʼalaj nim raqan ri kʼamal b ʼe.
le tzʼib ʼab ʼal we chin.
in x in to ʼ w la.
xa je kʼu riʼ ri ix kamik riʼ man ix kax la n winaq ta chik; ri ix, ix rech ri ki tinimit rie tyo x laj taq winaq , ix rech ri rachoch rid yos.
x intiko x la j kʼali chaj.
kaqariq qib ʼ chwe ʼ q.
sib ʼalaj utz cheri wiʼ aj ri tuney.
wena ju pulik ta xe qaj ik...
x into ʼ taj cherinu chak.
kʼo jun chikop ub ʼiʼp um.
po qon riik.
xoj b ʼi nik.
xu chʼek rono jel le retama nik x pa qiʼ k kʼaxk w ʼ inik xub ʼanaj kun.
kel ub ʼik pa ri jude ʼa ek tzali j chi ub ʼi ju mul pa ri galile ʼa.
x ina xib ʼij pab ʼe.
je ʼ l kʼo lem chi awa choch.
rono jel ri yaʼtal il pa we qʼataj , tz ʼaqat kiwa ch, man k tzaq tak anoq xu qujeʼ man ktastaj.
xu kunaj ley awab ʼ leaj qʼij.
chi tatab ʼe j jas le kimb ʼi j.
chʼa nal ria chi.
pa b ʼ oko ʼ kachakun wiri tax.
uj kʼopa uw uq qʼij.
kiʼ ri ukab ʼ riaqaj.
kʼo rachalal pa tz ʼo lo j che ʼ ri pe ʼ l.
xki lo chik in kʼo xom aj.
ri u ki sa kʼu tz kyaʼik chiu xe ʼ ri ti ko ʼ n.
are taq chiʼ ka qʼan pu wiʼ ri ju kub ʼ, ria chi che x kʼo jiʼ ri itzel ux lab ʼal ru kʼ, ku ta ch rech ri are ʼ, are chk kʼo jiʼ ru kʼ ri are ʼ.
na kab ʼantaj taw umal.
x naʼ taj ch ke xe atinik.
x in pa j ri nu triko.
xe ʼ ok ri po kʼ pa riu mex ari po ʼ x.
ka jul uw ria qʼaʼ l chiu xe ʼ rit ʼu ʼ y.
awe ch le ja.
x uj b ʼepa tzu rik.
nab ʼexatop anik.
ri ukab ʼ ub ʼiʼ ri numam are ya y.
uwa jxaq u kakʼal taqanik (28).
mata kʼo jun ka kanaj ka noq , qono jel koj b ʼek.
e nima ʼ qleal tom ab ʼ.
nim uwa ch ri po ʼ t.
kojo nik pa riu tzi j wai ximu lew.
jas xu kʼam b ʼi letz ʼi ʼ xa wi lo ?
xin pet ik, tat.
rib ʼelaj uwa ch.
chi tatab ʼe j jas ri kimb ʼi j.
je ʼ l kuna ʼ ria b ʼix chiu pamriququ lew.
kinb ʼi so j uwa ch lew al.
xu t ʼ uy ub ʼaʼ.
nim ria we qele ʼ n x ariqo.
xi ne ʼ waʼoq.
chiʼ ke war wi lea kʼalab ʼ.
ri nu miʼal xu taq loq jun taqo ʼ mw uj chiwe.
qʼe ʼ lik, ri chaj pa ri b ʼe.
la u tza wach? - utz malt yo x, e kʼu ria t? – utz mal tyox.
x in ko s rumal nu chak.
kb ʼe ku kʼ rie ʼ are ʼ ek tzali j pa rina sa rete ke ʼu nimaj.
ri joj xu kʼam b ʼik riakʼ.
kʼo chiwa chiʼ l cha nim.
kub ʼij che ch naʼ l kab ʼan che ria tz ʼib ʼ.
e. . . in kawa j katz jo j b ʼila chwe.
mata x in yaj leali.
ja ch in ru kʼ katb ʼe wi?
kʼo sib ʼalaj eta ʼ mab ʼal pa rima yab ʼ no ʼ jib ʼal .
e man xo ri ju p uq ke j.
ka sum um ri kaqi qʼ.
e kʼo kaj ib ʼa kʼalab ʼ pale b ʼe.
je ʼ jas riu tatk kaʼ y ik.
x aqat molo nel tzi j tal.
len ut at ka loq ʼon chwe.
xaq tane kimb ʼei w u kʼ.
x reta ʼ ma ju chʼaj ik.
rumal la ʼ x koj “ x al qʼat” che ub ʼiʼ ri komon.
are leu kemik pa sx reta ʼ ma j.
ri wat iʼt kub ʼan nariu patan.
kʼak ʼ lepo ʼ t.
reta ʼ m uwa ch jachin x loq ʼowripas.
ken chʼab ʼe j lea kʼalab ʼ.
yaʼtal chaqe qono jel ri uj winaq utz ka qil qib ʼ.
x kotiʼpa qʼayes xo qʼik.
ka winaq b ʼe le jeb ʼ qʼataj.
e kʼo kaj ib ʼ ral rii mul, jun saq, jun qʼan , jun qʼe q, jun qʼe qoj , sib ʼalaj ketz ʼanik , kechʼop inik ri alaj taq imul.
k chol ol ria chachal.
kete kik ri ikʼ.
xe pet ik rech ke waʼiw u kʼ.
tza tz riu qʼa nil riakʼ.
xo j tzali j ik xi xe ʼ qa qʼatuj ku kʼ lei tatinan.
ri yo ʼ x taqa kʼalab ʼ ke kikʼux ria tz ʼy aq.
wea chi wex usipa j jun poʼt chwe xkamik.
kko win ri kuna nel che kuna nik.
x jiq ʼ pa ri polow.
xa rumal sib ʼalaj ra jawa xik le lo qʼalaj ja ʼ, le winaq xkib ʼi j : che we ikʼ riʼ qono jel ku j b ʼe che utik ik taq cheʼ.
ri una nerie rachalal kepe u loq ru kʼ ri are ʼ, kʼate kʼu riʼ, man ke ko win taj ke qib ʼ u koq ru kʼ, rumal rech che e kʼo sib ʼalaj winaq.
rumal rech , che man kʼo ta junk ko win che u koj ik junti kib ʼalil chik ch uwa ch ri kojom chik che are ri jesusk ri sto.
te kʼu riʼ xu tz ʼib ʼaj ri b ʼ pa ri nimalaj tijob ʼal rech aj ku ʼ n.
ka jul uw ri chʼu mil cha qʼab ʼ.
kʼi sb ʼal kanoq , xo qujeʼ k kam rii xoq.
leala xok ik.
kʼop waq pa u wiʼ ri mexa.
are kawa j nak in ʼe taj.
ri yawal ku koj ria li chiu xe ʼ ri chakachare usu ʼ t.
na kaqa kʼam tu ʼ b ʼi kamik.
ria j tij kub ʼi j chike : ra jawa xik ke qa chaj ij ria waj, are utiko ʼ n ria jaw.
xi ntij muk uni wi r.
kʼax leu wiʼ taq len u qʼab ʼ.
x in loq ʼ jun il b ʼalwib ʼ.
waʼ we qʼij, nim ub ʼantaj ik.
ri u xe ʼal riqa tinamit man kasach taj.
xoj b ʼi nik.
ria ch alal junam ki wa ch.
x in weta ʼ maj ri lik wib ʼ.
nim riu naʼo j wa j tij.
miq ʼin rik ʼul.
aj qʼo jom ria te ʼk.
che le sa nik che ʼ kb ʼan wiri qʼo jom.
ka pe lea wel pan awal ja ʼ.
ri meso nel taj ink chaku nik.
utz chaqe kaqato ʼ qib ʼ, taq kʼo kʼax kʼo lil, kate we chiʼ n ria jaw paqa wiʼ.
xawi lo , x qʼatan lei b ʼoy.
xat ko w inik xab ʼano.
kiʼ ri kʼa we x.
kaj ilil ri b ʼ e.
lea li xel b ʼik.
are ʼ x raj xin b ʼano.
nim we ab ʼaj.
je ʼ lik u tiʼ jol al ri saq ko ʼ r.
noj in aqrike j.
we katijan xu x man kat uto ʼ ta chiu qʼati xik le kʼa kʼyab ʼil coro navirus ( 2019 -n cov).
nanim ta raqan waʼ we cheʼ.
utz alaj aj chak, ri wel.
¿jam pa ʼ ku j b ʼe pa nima qʼij ?
ra jawa xik tane la ʼ kat chakun wu kʼ.
xu taq chiʼ j pa waram pu lew.
mana reta ria xwan xelik.
ria wi xxu loq ʼ rachoch re nimal.
are rii xoq x insik ʼinu loq.
ri chʼima kʼatʼon na.
la xib ʼan lei chak?
kʼi tinamite kʼopa chʼo ʼ j.
kʼo ju p uq chij chiu xe ʼ ri cheʼ.
ri ux aq ri ab ʼix are uwa ri ke j.
ka winaq qʼataj.
la kixpe pa tijob ʼal?
we kechaj ix taq le kʼwa jachak in b ʼij; jun alik kʼo ja ʼ xu qujeʼ sib ʼalaj sa qlo loj.
x retaʼ ma j.
ria lab ʼom ria li tom ab ʼ taj in kiki tijoj kib ʼ rech su taq , are ka kaj kikib ʼan nim aqa chi jab ʼ chu pam ri kikʼa slemal, xu quje kʼo chik jupu qb ʼi xo nel chu pam ri komon.
la tz ʼ uwa ch ri b ʼe.
kʼa kʼ ria chʼi chʼ.
qono jelu j, uj may ab ʼ taq winaq.
no jel qʼij ria tiʼ x kuy u qʼuj le taqawaj jela ʼ pa ni kʼaj ja ʼ, chirij ri juy ub ʼ ub ʼiʼ te naʼ.
pa qʼom chik ri siʼ.
kin tzu kun chela.
kaki tij le kinaqʼ, le i chaj , le uwa ʼ lik ru kʼ le j.
xekana j kan le aj chakib ʼ.
keti kon ria chi j ab ʼ.
sib ʼalaj itzel ub ʼantaj ik ri chʼi lak an.
ri ate ʼ k xumal tyoxi j cheri ra tiʼt, rumal ri utz alaj no ʼ jib ʼal xu kʼut che ch.
k kamulix uchak ri ab ʼix.
la xin utzuk uj letijo xel?
are ʼ kachakun rono jel qʼij.
lee kʼaʼ na taq tz ʼiʼ.
saqri j ri plam ux.
jas x aqʼi ʼo x atijo.
jas ru kʼ x kichap wi utij ikle ri kil ?
weka tatin ru kʼ kʼatanja ʼ man ku qʼate j tale kʼa kʼyab ʼil coro navirus.
la katb ʼin pale ux lan b ʼal?
la war al kʼu xix waʼ wi?
are len utatk in loq ʼonik.
taj ink chakun ri ala.
kʼo ri kiʼ kotemala w u kʼ.
xu taja chin kaʼ ek.
xat waʼ ik x in wi lo.
x tzaq ri rachoch rumal ri j ab ʼ.
pale jun ikʼ chik are nima qʼij.
e keb ʼäm keb ʼin pa u wiʼ ri tem.
m em ria chi.
ri wikan cha li ʼ y kel pa j uy ub ʼ chwi tzi ri b ʼal.
le raj il, la paja xela qʼax wu ʼ b ʼik ?
pa ri su ʼt pi som wiri le j.
koj pet ik kolqa kʼam aʼ.
taj in kat chʼop in chi uwa ch ri taqʼaj.
le qʼor x chʼu qik.
kʼax waʼimaw umal.
kinb ʼi son che lewal.
sib ʼalaj kʼo kʼ ria wa tz ʼyaq.
kamik x uj b ʼe cheu tik ik taq che ʼ pa ri juy ub ʼ.
kin u lo qʼoj len utat.
chaqiʼ j chik ri chaj.
xy il ix haway i.
na x naʼ taj ta ch kech i xeat inik.
ru kʼ kʼu waʼ we riʼ, ri ixk kʼo j iʼ jun utz alaj i kʼa slemal riʼ ch ki wa ch ri winaq che mane kʼotai w u kʼ, kʼate kʼu riʼ man kʼo ta jun winaq riʼ ra jawa xik chi we ch.
e petinaq pab ʼe le rachala xik.
ka kaj lea kʼalab ʼ ke waʼik.
xu j chʼay b ʼik.
ri n uchak are qʼaxel tzi j.
kʼo nar ux lab ʼ ria wa j.
taj in kel loq, riqʼi j.
xu qʼiʼ oxk am sax ri rachalal choch.
ri num amare kʼo uqʼi nomal.
x kʼul mataj ju mul, xub ʼan jun nimalaj jab ʼ, man xb ʼe yetaj tana xu kʼi sle uy u qʼ chike.
am aʼ ri n utz ʼiʼ.
je waʼkat pe tik.
x in ko sik rumal x in chaku nik
i we ch chi ju junal, ri wa.
xu qʼiʼo nax at atintaj.
inriq taj i naq pa ri kʼay ib ʼal.
na wetaʼ m taj.
kʼax len u qʼab ʼ.
u tz le xub ʼij lea chi.
kema tz ʼib ʼ.
kʼo rachalal pa tz ʼo lo j che ʼ ri pe ʼ l.
rono jel waʼ we jas taq riʼ, xa sk sa ch wi uwa ch waʼ; ru kʼ we riʼ, ri ix, ra jawa xik che kʼo jun tyo x la ji kʼa slemale k kʼo jiʼ rii chʼa wem ru kʼ ri dyos,
x muq taj ri pa tz ʼan.
ri chʼi chʼ tzi jom kanoq pa riu kʼol b ʼal.
man kʼo ta u cholaj pataq ria w uj.
ja chike ikʼ leu nima qʼij le tinamit nawal jaʼ ?
xe pet ik xol kikʼam aʼ.
ka ch u qʼ chu trija ʼ chiapam.
x in b ʼi j i wir chi xeb ʼe paarmita.
are ʼux e ʼo je r tzi j wa ral kʼi che ʼub ʼiʼ.
x kʼi srinu siʼ.
jawi xkib ʼi j wi chike ʼe wi?
¡ xa je kʼu riʼ, jachin taq rie kʼopa ri jude ʼ a, chi chanim che ʼa nima jub ʼi pataqri j uy ub ʼ,
kʼak ʼ ria b ʼ.
la kʼo jun naka kʼo xom aj taj ?
na utz taleu tʼi som le alma ri y.
man yaʼtal taj chia we katok paja.
je ʼ, xatu tzu ku j.
are kel wa j xa qib ʼu qʼij ri xkʼo j ik.
ri xu nkurk kʼo j iʼ pataq ri triko.
xi n sa chik.
xu t ʼ uy ub ʼaʼ
na nutom tale tzi j …
wa chʼom ri kiwa ri no ʼ s.
e kʼo job ʼ ch ʼil wakʼ.
ra jawi xik chi pataq ri tijob ʼal , pa nik ʼa jub ʼi xik chik
ri ra jaw ru lew are ʼ tatkel.
we kʼux ok ik , we kʼna xok ta
we a chix usipa j jun pʼot chwe.
atat utaq o ʼ n le qʼatal tzi j.
naq ʼanta uwa ch leqap ru t.
ri xa ʼ r kʼopa u wiʼ ri qʼaqʼ kpo qʼowik.
ri ro qʼe j ria li jachak pe jun akʼal.
kʼo jun alap atijob ʼal.
säq u wiʼ rit ataʼ.
ri witz ikʼ taj ink pe loq.
jawixsa chon wikan u yaʼik lep waq che.
utz we achiwe xin kuna nik.
qono jel ku j waʼ pa u wiʼ ri mexa.
ri kax la ʼ nik man po qontaj.
in x in b ʼe ru kʼ ri wa chiʼ l.
sib ʼalaj je ʼ l xki lo xeki tzoqop i j ri ki chi j chilaʼ.
kinb ʼinik x in ʼek.
kʼax kʼo lik, kachaʼ.
kutiji xim riakʼ.
ria lix chel, xu qʼiʼoxa jun akʼ x sipa x che.
x qa si kʼi j lei xoq chu tza kiksub ʼ.
mata xab ʼi nsa j le chʼi chʼ.
ri p ixtz ʼara lik rumal rie qaʼ n.
¿ja m paʼkel chi 3%
kʼo jun nu kʼo toj chiʼaj.
taj in ke waʼ katri alab ʼom.
x in loq ʼ le nu kʼa kʼapo ʼ t.
nau tza kik ta sub ʼ taj in kuʼano
xo j utaq chiʼi j xoj waʼik.
iwe ch ri ab ʼix.
saq ri j ri chij.
aj sik cheri tinamit kel wirit ataʼ.
- ¡ ay ! x ax in tzaqu loq , kʼax wewaqan.
x kʼul mataj pa jun komon chiʼ uwa ch jun juy ub ʼ, xu riqa jun qʼij xki riq kib ʼjuni mul ru kʼ lek ok.
jas xa taq chiʼ j le akʼal chu tij ik?
x inchapo su xu lo qʼo.
qʼi nom ria chi.
ri kʼum k tijo w ru kʼ kab ʼ.
taj in ke ja chʼanik.
tze b ʼalu kemik le pa sa w umal.
are ka yo ʼ w le uchikop ille ub ʼantaj ikt ry panos oma brucei.
wekat nima nik utz ke lik.
pe rono ʼ j imal pet naq loq, .
are len uchak jun tzu qb ʼalwib ʼ.
x kunax leya wab ʼ rumal leaj qʼij.
ri u kʼu ʼ x tz ʼib ʼ paqa tzi jel aj uj.
sib ʼalaj je ʼ lik rie qab ʼal xub ʼan rilu ʼ s.
sib ʼalaj at kon.
e man xo ri ju p uq ke j.
na x naʼ taj ta ch ke xe atinik.
ri kʼamal b ʼe xub ʼi j chike , chimaja ria nim.
ju mu chʼrinu junab ʼ.
qʼiptaj inaq ri raqan ri tem.
k chakun ru kʼ ri jo sb ʼal che ʼ ri aj anel.
xa taq chiʼ j le akʼal ch utij ik ka r.
oj kʼo pale ro ʼ ch lea wel.
¿la kat pe qu kʼ chwe ʼ q?
le winaq pale chʼi chʼet ʼ uy ul lowi.
x kanaj kanoq chiu xe ʼ ri jab ʼ ri chʼa ʼ n.
nim ri ja.
weta xa kunaj leat at mat axkam laʼ.
nan u kʼam om tu ʼ la riʼ.
ch qan u kʼu ʼ riqa tzi j.
kimb ʼe pale tinamit.
x inqʼi ʼo naxina tintaj.
ra jawa xik ka kʼa man chawe le utij ik le le j.
kʼi sb ʼal taq no ʼ jib ʼal.
