xineʼ waʼ oq .
xkibʼan kʼax che le uwosaq rumal man utz ta chi kakayik .
ri qʼutuʼm man kech talea kʼalabʼ .
are na nim ta lea tzʼiʼ chuwach le nu tzʼiʼ .
xepetik xol kilaʼ .
¿jaw chiʼ xataʼ che xkam ri umam ri poʼx ?
ekebʼ kekʼambʼik pa tuj .
xin loqʼ jun ja pari wokaj ja .
ria xtuʼbʼ , kʼo qu laj chech .
jas karaj kaʼan ch utzakik le tiʼ ij .
xutij le wa .
ximbʼal re tzij .
xpax ribʼ oʼj .
we kawaj kat in toʼo xaq xuwi kabʼij chiwe .
jas nu kʼu kuchʼobʼo .
jas karaj kutijo ?
xex ru xlabʼ ri rikil .
eni tzʼaʼq le taq imul .
we tane in xin bʼanow ik , are leateʼk xbʼanow ik .
kin tzalij pale nu tinamit .
ri nuchaqʼ kʼo pau roʼ qʼatoj tijonik pari tijobʼal .
xin xiʼ jwibʼ xin chʼawik .
kʼo chwa roʼ chlep are .
chi raqan kabʼin wi ritataʼ .
xsach on kan uyaʼik le pwaq chech o ja .
xin qʼax chi kixoʼl riwinaq .
ketikonik .
riulew man qech taj , kech riqa tiʼt qamam .
xepe le winaq xol kikʼamaʼ .
xuloqʼ ri wuj rumal ri ali .
chewe qʼij kamik kʼo jun nu tzijonem chirij le nu tinamit .
kej riʼ.
xkunan alaq chwe .
ki nu sikʼij le nunan .
rii mul xuchʼij taj , xkanaj pabʼe , rumal ri nimal kujal uj ri imul , xutzaq ria nim .
kubʼan ri uxoqʼoʼl riaj tzʼaq .
rila sibʼalaj utz che kunabʼal .
kʼi kiwach rieʼaj chakibʼ pari komon tyox , kʼate kʼut xa jun chiaj awxel ;
xqata chi xa tulik .
kawaj chi katʼek .
chʼutiʼn kekanaj ri xa jabʼ chech .
kaqaxiʼj qibʼ kaqachapo .
ekʼo kebʼ ukʼajol le tat xwan .
luʼs ubʼiʼ ri rech am .
aj chi uwiʼ miqʼ in jaʼ ri luʼ .
xin yakan le nu chim pakʼaybʼal .
kʼate xrilo , xpe ri unan che utzukuxik , xkikotik , xu salabʼisaj ritaq ux kin .
xkikʼut chiuwach riaj tij xuqujeʼ chi kiwach ritaq nikʼaj kachil .
utz le nuqʼabʼ .
kul le al we ʼl paaustin chaqʼabʼ kamik .
ria teʼk xtzaqloq are chi kʼo pauwiʼ ri qʼaʼm .
aj patan riteʼk .
xat qaj chiupam ri il .
la kʼo tzij na ki kʼoxomaj taj ?
xsach on chke chi xea tinik .
ronojel le ulewe chalaq .
la xebʼe kʼulaxeʼ ki jaqa kʼu le uchiʼ ja ?
xaq kat chʼok naj iwir .
kamik kʼo chi ri jastaq awe .
are chiʼ kakʼis ri junabʼ kʼo qʼinom .
pana wal jaʼ xin alexik .
na xin tataj we are riakʼal ki xtzuquwik .
¡rulew ri sabʼ ulo ne rulew ri nef tali, ubʼe ri polow , rulew ri jordan ,g alileʼa kech rijetaq amaqʼ !
rax , rax , rax , kʼokʼ , kʼokʼ , kʼokʼ le ru xlabʼ le taq tikoʼn .
a chi xat wilo .
paqal rajil le pixkamik .
xojbʼinik .
pajun jeʼl tijobʼal kutijoj ribʼ juna kʼal , ubʼiʼ poʼx , utz ku rilo kepa tijobʼal ronojel taq qʼij .
xwaj chi xa tʼetaj .
utz laʼ le xubʼij lea chi .
wetaʼam jachin kapetik .
kin qʼojomanik .
xin qʼiʼo takʼal ik xinpetik .
areʼ retaʼm che kinopanik .
aretabʼal eqa qajaw chat toʼwik .
kawinaq waqibʼ qʼataj .
naqaj chik cheri uwaq kajbʼal aretaq chiʼ ksach uwach ri qʼij , kok ri qʼequʼm ch uwachulew , chi kʼateʼna ri bʼe lejebʼ kajbʼal .
jobʼ raqan ri tzʼalam xeporoxik .
sibʼalaj korij rimop.
arewaʼ .
jelaʼ pari timinit chwi kab yok rech xelajuʼ, le qa nan qatat kakitiko jeʼlalaj taq uwach ichaj .
kʼaxnuqul .
xuʼ lu kʼamaʼ .
kojul kitzukuj .
are man kʼax ta ukunaxik aretaq aninaq kaʼilitaj we yabʼilal xuqujeʼ mojoʼ qa kuyaʼ le kʼax kʼolil chech le jolom aj .
ri wel kʼo pa tijonik .
kawaj kinbʼij .
ri kotzʼiʼj kqakoj chiupam ri ja .
qʼeq qʼoj rij ria maʼ kej .
na xwajtaj xin chʼawik .
chpetabʼal e loqʼalaj jabʼ .
xsach on chke xat ki sikʼij .
eleqʼal chʼi chʼ .
jachin xa wilo chi are xtijow ri tiʼj ?
mata kabʼe le nu xbʼal pale tinamit .
pim ruq , ri ali .
¿ kʼo ri mu qʼe chiawech ?
kqabʼij man kekowin taj .
kin tijna .
kʼo jun qa tʼuʼy paja !
kʼo puj chiupam ri chʼaʼk .
aretaq kin kosik kin warik .
xat waʼ ik xin wilo
in xin chʼayow lea chi .
konojel ri alaxik keʼ etzʼanik .
jas rukʼ xkitij wi le kirikil ?
aninaqil katpetik .
na raxta uwachle juyubʼ .
ri tzʼalam tzʼibʼa bʼal rax kkayik .
we chat chakunik , kʼo awa .
maʼtam xat pe cheri waʼ im .
kamul kin waʼ na .
ri sikil ktijow rukʼik .
kim bʼe aqʼan rukʼ le al talin .
xoj ʼekxeʼ qil alar qas ok .
xe kiqʼil leaj chakibʼ xkiwok leja .
matanex waj le kʼu h j nem rukʼ lea teʼ k .
are xeʼopan chi uchiʼ ri juyubʼ , xkilo chiman qas takʼo qʼayes .
kʼate kʼut , ri jesus man kkojon ta chkech ri eʼareʼ , rumal rech che konojel retaʼm kiwach ,
paʼ tzrij ri tzʼiʼ .
juwinaq waqibʼ qʼataj .
at elaqʼom .
xaqat joʼs .
ri qʼatzu, are qʼalaj ri uqʼijil .
aj chak we ala .
ubʼe lej ukakʼal taqanik (29) .
kebʼ nu bʼiʼ kʼolik .
la katzalij luʼ la aninaq ?
katzukun la chwe .
la kaj lakoj bʼeʼ pale chomal chweʼq ?
xin nabʼej chu tasik qa kʼolibʼal .
la l xin toʼwik .
sibʼalaj a noʼjibʼal .
xoj petikxol qa kʼa maʼ .
sibʼalaj jeʼlik ri uwaʼl ri ichaj .
kʼax wij rumal in pach alik .
aretaq xukʼul maj waʼ xul ri uchomanik xubʼij : are utz wa aqʼabʼ kin walij ik , are chaʼ cha nim kinopan pa tijobʼal , maj chi kinkʼul maj .
oj aj xojol obʼ pa awas qʼij .
xin sach che le uwokik le tzij .
e ju lajuj riakʼ .
xuta jam paʼ kojʼek .
qilik .
ri tijoxel man areta nim chuwach ri raj tij. ri utz tijoxel qas jeriʼ kʼolik jas riraj tij .
in xat in chʼayo .
noʼjim chak wumal .
chʼu rrijochʼ .
in kinbʼij na kat sachtaj .
uj mayabʼ .
ri abʼaj ya tzalik .
tajin ke pixbʼax ria kʼalabʼ .
chomriaq .
xin warik .
elemen konojel ria kʼalabʼ .
tajin kqʼa na rik ri we reʼ aj .
le ukemik le pas utz ( chawe ).
xuyu pubʼa uwach raʼ chi , kachaʼ, .
risatanas kok pari judas ri kbʼixiska riʼ ote chrech , riareʼ junch kixoʼl rie kabʼ lajuj .
chu chu ripar .
kin qumuj ri nujochʼ .
chech punción lu mbara maqʼel raj awaxik chech rilik le ukʼex bʼem wi lenabʼe rukʼ le ukabʼ ukʼutunem le yabʼilal .
qʼalaj chi na kawajtaj kabʼij .
kʼoqʼol chirij ri siʼ.
ja wi xoj ʼe wi chuloqʼik ?
kʼo ulo chʼ ritalin .
qʼan rij ria tiʼt nukej .
la xtzalij la iwir ?
xesikʼixik , kʼate kʼu riʼ xeyaj ik , xuqujeʼ xetaqbʼi che usikʼik le mes .
la kix warik ?
are kʼu lepalomax xubʼij che :-mam kat bʼison taj , kin sikʼij nikʼaj wachiʼl kerapapik .
aʼre e tijoxelabʼ .
ri alaj ali siʼl xubʼij xqachap pautzal ri tyox .
xsach on chke jachin xea tinik .
jas xurayij leanan xutijo ?
xin kosik .
rax ronojel ri qʼayes rumal lejabʼ .
kinya waʼ we chʼi chʼpinem na utz .
noʼjim upa chʼuxik le nuwiʼ .
naj kʼowi le woʼ ch chuwach le tijobʼal .
riokibʼal kʼo chiuwach risaq ja .
xenutaq chʼij kekil lea kʼalabʼ .
kʼo jun qʼoxowem chiwe .
tzari choʼm .
we chojbʼe pale nimaqʼij , keqil leaj xojol obʼ.
xoj ʼekxeʼ qil alar qas ok .
ria teʼ k xutaʼ chech rinan toʼn :- nan jascheʼ chiman kajtal aqa kʼatisaj ri joʼq .
ri pal sibʼalaj xuʼy .
kin koj ri jokbʼal ulew .
in kinbʼij na kat sachtaj
at raj kun le nunan .
kuqa muju joron riaj tzij .
luʼ tzʼalam ubʼiʼ ri achikel pa nim cheʼ .
jeʼlik u tiʼjolal ri saq koʼr .
kʼo jun xaʼr paja .
xin loqʼ jun kʼakʼ patan .
kʼax ukemik le pasa wumal .
aninaq ukemik le pasa wumal
ri chʼaʼn sachinaq pataqabʼ ix .
rax taqle kotzʼiʼj .
mesom kanoq ri upam ja .
man aretar ala xkosik .
ri komon xechpup rech uqʼabʼ tinamit xoʼl abʼaj rech qʼu mar kaj .
la utzakik kʼu subʼ tajin kuʼano ?
kate la !
na xutij taj .
xa rumal ketaʼm konojel ri winaq kkiq umuj le jaʼ .
iwir xuj tzalij la pakʼaybʼal .
qetaʼm cheri qawakuj utoʼo .
riaj tij , kyaj on chikech riakʼalabʼ .
jas ubʼanom le nu chʼu titat ?
chweʼq kinbʼe panim tinamit .
utz we kiwetaʼmaj jas kubʼij ri cholbʼal qʼij .
tajin kat jilow che uqʼoxom jolom aj .
xintik qʼax chiuwach ri ja .
kʼax le kibʼe le winaq .
loqʼ katkun taj che le yabʼil ( covid -19 ).
ri nu xibʼal kel paqajbʼal qʼij .
xril riax wan chix waʼ riala.
le alix kunatajik .
we ta kape lejabʼ kamik .
xin wetaʼmaj chi na xatpe taj .
ri pwaq rech we qʼataj riʼ kesax chech ri tojbʼal kʼayinem .
ktij ri uwaʼlik rumal ri kinimaqʼij .
xuchap ukunaxik .
cha tan loq ali .
xin xuliʼq aj oq .
jeʼlik ktijow ri taqik ox .
kʼate kʼu riletat xoʼr xubʼij ,man kawajtaj ,man kawajtaj .
kʼo jun tzʼiʼ pa bʼe .
kamul xinpe che atzukuxik .
man tajin ta kin chakunik .
kin chakunik rech katwaʼik .
jas rukʼ xa wil wi chi xkiqupij wi le tiʼj .
jas ubʼixik … ?
koqʼ ria kʼal .
kawaj na katʼe taj .
xat qʼajik .
wem na cha lo qʼaxiyal , na kimbʼe ta awukʼ .
xopan le wuj awukʼ rumal wechin .
are kʼut pale juyubʼ kkʼiy joron, chilaʼ xekikʼam a wi ri jaʼ riwinaq .
koqʼ ria kʼal .
we kʼo a rajil cha kʼamaloq .
are sibʼalaj kaq le apoʼt chuwach le nupoʼt .
xin kʼastaj pakabʼ lajuj kajbʼal .
kaqoyʼej na ki xpe taj .
kok axim richij xa jelaʼ man kanimaj tabʼik .
ri koknojim xbʼek , xuchʼijo xopan pau kʼisbʼalil lea nim .
xoj kiʼkotik aretaq xa tulik .
kaqitzʼ naj ri uxaj abʼ riakʼal .
rijesus kwaʼkat pari nim rachoch ridyos , chuxeʼ ri jun ja che rachoch risalomon .
wetaqanik riʼ kubʼij chiraj awaxik kyaʼ uqʼij ri winaq xuqujeʼ ktoʼ aninaqil .
ria xux are na riukunel ri kinaqʼ .
aretaq waʼ ri uqʼijol wetaqanik .
kʼo jun ta bʼal pauwiʼ ri xkanul ubʼiʼ lajuj noʼj .
yuʼl ubʼanom riu kolobʼ rikej .
xa nimaj riakʼal chiuwach riuchuch .
kkunan ria chi .
kin waʼ ik rech na kin yowajtaj .
aj xik chʼi chʼ ri luʼs .
kwaj che ix ki xbʼanow ik .
aʼre xetoʼw alaq .
xoj ʼekxeʼ qil alar qas ok .
xin loqʼ junchʼi chʼ , qajinaq uwach .
kutʼis ripanta lon .
e ja ni pale awal kʼwal ekʼolik ?
utzukem ik le pas chawe .
rimax are aj qʼaniyaʼ .
mat abʼ achiriq kʼax pale bʼe .
tajin kanimaj , ri meʼs .
ix ixeʼ laqʼomabʼ !
xsach an chwe .
ekʼo kʼi cheʼ , chiuwach ri juyubʼ .
arewaʼ ri nimalaj pixabʼ earewaʼ rinabʼe .
xretaʼmaj chi rukʼ pakʼkutij wi
jas utzakik le subʼxuʼ ano ?
aj xoʼy riwikan .
weta ne aʼ re xetijow le rikil , are le komon xetijowik .
sibʼalaj aninaq kachʼaw le areʼ chinuwach in .
utz we kin chakuj .
meʼs laʼ .
kʼo kan wa rech kaqatijo .
xin sikʼij la .
ria kʼal xsach kanoq jelaʼ pataqʼ aj .
xe sikʼij la .
ja wi xkibʼij wi chikeʼe wi ?
rumal che , man ixta riʼ ri ki xchʼawik , are ri ru xlabʼ axel riitat riʼ ri kchʼaw na iwukʼ riix.
kʼakʼ ri wachoch .
sibʼalaj utz kin wil lea tzʼyaq rech na hu ala .
saq por kkay ri kipoʼt rinan .
xsach on ri nu chak chwe .
waʼim xuchapo .
ri qʼaqʼ tajin ka juluwik .
najil upam ri si wan .
ekʼo riqachalal pachi uwiʼ la .
jas xa taq chiʼj lea kʼal chutijik ?
noʼjim ukemik le pasa wumal .
kʼo jun kukubʼiʼ tintin, waʼ le laj kukmam kajeqitaj , kapaqik a xulik pauwiʼ uqʼabʼ taq cheʼ , sibʼalaj sakʼaj , keʼuto le e nimaʼq , chʼutin , rachiʼl , aj sipanel sibʼalaj utz ranimaʼ .
ri upixabʼ leqʼatbʼal tzij kiyaʼ ubʼixik .
na xsach on ta chke xea tinik .
xeqil le chikop puwi leja .
xloʼtaj riakʼal .
qonojel kuj waʼ pauwiʼ ri mexa .
xsikir lewaqan .
la xat waʼ kʼut ?
nim ubʼaqʼ ri tulul .
kin xikʼ ikʼik xin qʼaxik .
la katbʼe pale tinamit ?
ri pal sibʼalaj saqʼ or .
kqʼoxow nu jalom .
xin naʼo chi katpetik .
x loqʼulew iwech ix .
xin chakun rukʼ ri numam .
na xqabʼantaj .
kkʼojiʼ bʼaʼ riu sipanik riaj awxel jesus kristo rukʼ ria wu xlabʼal !
kin chʼaw rukʼ le nunan pale chʼawe bʼal .
sibʼalaj qʼequʼm rumal ri mayul .
are leba xulik .
xekos le ixoqibʼ pale bʼe .
kʼax rilik lea kʼal chawe .
xin qʼiʼo xin at in pajoron .
sibʼalaj nim le tinamit .
kʼax ukemik le pasa wumal .
xin sachik .
tajin kel ukikʼel pa raqan ri tzʼiʼ .
xin wetaʼmaj rilik wibʼ
ri qʼuqʼ are jun jeʼl chikop .
kʼo paja tijobʼal riwikaqʼ .
ri sachibʼal mak raj waxik chi qa xoʼl .
jeʼ, kim bʼek .
jelaleʼ ri nupwiʼ .
xubʼij che : - jas xabʼano tintin ?
kabʼan jun toqʼobʼ kyak ri nu jal .
katʼek xinta .
jas le ukʼex bʼem ribʼ le jun rukʼ le junchik ?
aj chi uwiʼ miqʼ in jaʼ ri luʼ .
ri tijonel naj kpewi .
teʼ ki xchobʼ ubʼiʼ ri nutat .
ri jaʼ kamiqʼik chiuwach ri qʼaqʼ .
ri tʼuʼy k paqʼowik .
kin mes on na .
naqaj at kʼowi chiwech .
xin bʼisonik taq na xatpet taj .
we xkam ri winaq , ri pwaq rech tojbʼal makaj kyaʼ chikech riralaxik .
ri nunan xbʼe pakʼaybʼal .
xo jukʼam uloq rech koj rilo
xkʼoto chin chikiwach chik in waʼ awukʼ .
na xki kamsaj taj xkikʼambʼi cho ja .
kʼakʼ ri ikʼ kamik .
ximbʼe rukʼ leaj kun iwir .
rilik .
le tzʼiʼ xekosik .
xin kikota wumal .
rii mul xumaj ria nim , xu yakan le kok .
kʼooj che riakʼal .
xuj bʼe pajun kʼulanem .
utz we k waralaq .
kaqilo chi nakoj ukʼamtaj .
xretaʼmaj chi rukʼ pakʼkutij wi .
sibʼalaj xin kʼaʼn arik .
xin kochij ri nuwa .
man kat kowin taj kat chakunik , weman kʼota ri ajilabʼal .
we won on xubʼij chike : - ki xin to .
ria la nim kril wi ri umam .
xkaʼy chirij , xkaʼy chuwach ,ma kʼo ta chi jun ksilo bʼik , xoqʼik xuxeʼj ribʼ xchʼopinik xtzalij loq xu riq tachik ri ubʼe .
kʼo pus cheri wa .
pinem na kabʼe lewa tz , kimbʼe wi in pa kaʼyibʼal .
rinan toʼn nim winaq chik , saq uwiʼ , ronojel aqʼabʼ utz kunaʼo katʼuyiʼ pautem , ku miqʼisaj ribʼ cho ri qʼij , kʼo jun uwiʼ umam ubʼiʼ ate ʼk .
man ekʼitaj riqu laʼ .
qʼalaj chi na kawajtaj kabʼij
x paqabʼisax rajil ronojel rikem .
kʼo pari jul riku matz .
ronojel qʼij kinchʼaj le nuw are .
saq chikan le ichaj rech katzako .
chuxe le qachomal kaqatij wi jun qa meqʼin .
chawilaʼ .
ekʼo jobʼ u miʼ al, ri nutat .
jas rukʼ xawil wi
jeʼ jas ri winaq rech ri uwachulew , xoqujeʼ kepe na riʼ ri eʼareʼ che e rech ri uwachulew ; jeʼ jas ri winaq rech ri kaj , xoqujeʼ kepe na riʼ rieʼ areʼe rech rikaj .
xin tijo .
ktzʼuj uw ri rachoch ri poʼx .
xuqʼiʼo are le ukʼulel xyaʼow uwa .
ri awel xretaʼmaj chiraj awaxik man kuxej taribʼ cheri tukur .
jukʼulaj winaq xeʼ animaj bʼik .
jeʼ, xin tzalijik .
xoj petikxol qa kʼa maʼ .
maj jachin xʼek .
in aj tij ; at tijoxel .
saquwiʼ ritataʼ .
we chrikem .
le roʼ ch lea teʼ kkʼo chwach le u kʼaylen unan .
kbʼe pari si riʼ ae pari silisiʼa, ja wi jeʼ kuya wi ri kichuqʼabʼ rikomon tyox .
pixabʼ : man utz taj kʼax kuj chʼaw chikij nikʼaj qachil .
xkunataj le ali (kumal ri ixoqibʼ ).
ri xibʼ ibʼal chi kʼowi pataq riqa kʼaslemal ronojel qʼij .
nakuj war ta waral .
on che kkʼojiʼ ri utzil chi xoʼl , arech junam riqa kojonik , junam ri iwech ix rukʼ ri wechin .
paox qʼij ri saʼn kbʼe na rukʼ riaj kun .
kawinaq wuqubʼ .
jas kawaj kintijo ?
weta xatbʼe wukʼ pale tinamit, xa loqʼ ta laʼ le ujastaq le akʼajol .
kebʼe pawaʼim .
xin loqʼ kʼi wa .
pajun nim kʼa cheʼlaj , kʼo jun kʼwaʼ sibʼalaj saq loloj , nim uwach .
kwajkatij jubʼaʼ wa .
ronojel winaq kril na ri ukolonem ridyos ».
xkʼoto chin chikiwach chik in waʼ awukʼ
kwaj na katʼe taj .
la xaloqʼ juna lej ?
ekʼo rie loqʼomanel .
riukabʼ ubʼiʼ ri numa mareya y .
kin jopij rii jaʼ rech triko .
xnaʼtaj chke xea tinik .
xate ʼqilaʼ .
kakitij alan xax riwinaq .
. . . kinbʼij chi arewaʼ sin xiʼ an .
na xin nabʼej ta chu tasik qa kʼolibʼal .
rumal rech cheweri in, kin chʼaw rukʼ ridyos pachʼabʼal , kchʼaw na kʼu riʼ ri wu xlabʼal rukʼ ridyos , kʼate kʼut man kʼota upatan riʼ ch rech ri nu chomabʼal .
xepetik xkilo .
xutaw ekatʼek .
utzukem ik le pas chawe .
ri nu wakax xutij jun qʼoqʼ rumal riʼ xkamik .
rumal ri kʼix ,man kewaʼtaj riwinaq .
xeʼulik .
qʼeqrij ria maʼchij .
xraj kaʼele unan .
junam ki junabʼ .
na qʼalaj taj wekaʼek .
riwix nam chʼaj chʼoj rirachoch .
waral man kʼotaj ajawal .
na iwir ta xrille kʼamolbʼe .
xin peloq te kʼu riʼ xin tzukuj ronojel ri nurajil .
riaj tikonel kutik ri tzij .
kʼo e kikʼajol le achijabʼ .
kutij qʼayes riix paʼ ch .
pari waʼ bʼal ekʼo kawinaq achijabʼ .
sipo jinaq ri nupam .
kayaʼtajik rukʼ utiʼonem jun riu riqom le yabʼil amo lots etsé xuqujeʼ are kayaʼtaj pataq ri juyubʼ .
jachin ria chi ?
ri numam xkamik aretaq kʼo jumuchʼ lajuj ujunabʼ .
kin kowinik kinkʼambʼi le pwaq .
kin wilo chi utz riajiʼ.
xin qʼil riapoʼx che man kachakun taj .
kwaʼ chiuwach le taqʼaj ria maʼ akʼ .
ri imul xepoqʼik pajun ikʼ .
xkʼis kanoq riqa chak .
are ria li xojilow kanoq .
sibʼalaj chʼuʼj ria max .
kʼo nuwachiʼ .
in chajinel kech lea kʼalabʼ .
xekos le tzʼiʼ .
kinbʼe na kukʼ ri molaj .
ronojel aqʼabʼ kinyi tzʼ riwakax .
kara pinik xutzukuj chi jun awaj .
le ukemik le pas aninaq ( a wumal ).
maj urajil le qʼabʼarel .
kʼax riʼ ri kachʼawik .
xoj utaq chiʼj le achich uloqʼik ichaj .
sibʼalaj kʼax ri xkʼul maxik .
xkilo chinak in kʼoxomaj taj .
xnaʼtaj chke chi xea tinik .
xkʼoto chin chikiwach chi xojal woʼ qa kukʼ .
jun qʼuʼq rajil ri ka xlaʼn wa .
xin wilo chi xeʼelik .
ekʼo ixoqibʼ pale kʼaybʼal .
man kʼotaj ukʼisik ri mayabʼ aj labʼalil .
ri sin kkʼiy pataqʼ aj .
ri chʼi ma man kkʼiy taj pata qʼaj .
raj awaxik kjikik ri waq än .
kawaj kin ʼek .
ekʼooxibʼ akʼ .
xubʼij chwe ja wi at kʼowi .
chweʼq kuj bʼeʼ pamuquj .
pasaq kʼa jaʼ kbʼan wi riu q.
xoj kisikʼij .
xin wil wibʼ .
chaqʼ chik ri wa .
kim bʼenak a pale woʼ ch .
kawaj kin ʼek .
ri chʼuʼ ktij rukʼ lej .
pari kiqʼij kaminaqibʼ kbʼan qʼo ri kʼyaʼ rech aj : nabʼe rinan kutzukuj kan riaj , kujachʼoʼ xuquje kukʼeto .
jas kajbʼal cha nim ?
utz uchomanik ri ali .
pari qʼij ox lajuj tijax kinkʼis kebʼ junabʼ kin chakun waral .
sibʼalaj ko , ri kʼakʼ chʼat .
jas karaj kubʼij … ?
ri chʼi chʼ kasilabʼik .
paojerqʼal pul xaq xuwi ri nim winaq ke kʼamowbʼe .
le ukunaxik le ukabʼ ukʼutunik are rukʼ eflor nitinao nutunibʼa xik le nif urtim ox chiʼ le flor nitina chech t . b.g .
are ria chi xin chʼayowik .
junachi ubʼikuʼ xu sipaj kebʼ kʼaʼmulew rech kabʼan ri tijobʼal , kamik , kʼo chikaj tij rech ri komon xechpup .
xumal tyoxij che riaj tij ronojel le xukʼut chiuwach .
paribʼe xkiraq jun alaj imul saq rij , xki kʼambʼik .
xril lebʼal e ala .
jas kubʼij chwe ?
le ukunatajem are rukʼ utzukuxik le uchikopil pajun usolik uxeʼ le kikʼ on le jaʼ rech jun no do .
utz we nu tzʼiʼ .
jeʼ, tajin ka chaponik .
kin uloqʼoj le nutat .
kawaj kimbʼe patinamit .
arelaʼ kin chakuj .
ri nimaʼq taq winaq kʼok etaʼmabʼal .
weta xatbʼe wukʼ pale tinamit ,xa loqʼ ta waʼ we jastaq .
riki kʼaslemal . wa iximulew xa jun chima areta tinimit rima
riukʼ yabʼal naj upam .
xat qaj chiupam ri il .
nojim kat waʼ ik .
we kʼo jun k tuqaʼ ri k ,¿la man xoqujeʼ taj kin tuq aʼr riin ?
ojoj wokol ja .
awas kbʼan kʼax che jun nim winaq .
xin chʼaw apan rukʼ le wanabʼ .
kʼax ri upam ri juʼl .
tajin kewaʼ ri imul .
lakaj lakuj tzalij la aninaq ?
rumal rech cheri makaj man kʼota ukowinem piwiʼ ri ix: ri ixman ix kʼota chi chuxeʼ ri pixabʼ ,xane ix kʼo chuxeʼ ri sipanik .
nim raqan le cheʼ .
xin chapo .
are le tuʼrle loqʼomanel .
xas kat kʼojiʼ chiupam ri chʼi chʼ .
sibʼalaj nim raqan ri kʼamalbʼe .
le tzʼibʼa bʼal wechin .
in xin toʼw la .
xa je kʼu riʼ riix kamik riʼ man ixkaxlan winaq tachik ; ri ix , ix rech ri ki tinimit rie tyoxlaj taq winaq , ix rech ri rachoch ridyos .
xin tikoxlaj kʼal ichaj .
kaqariq qibʼ chweʼq .
sibʼalaj utzcheri wiʼ aj ri tuney .
we naj upulik ta xeqajik . . .
xin toʼtaj cheri nu chak .
kʼo jun chiko pubʼiʼ pum .
poq on ri ik .
xojbʼinik .
xuchʼek ronojel le retamanik xpaqiʼ kkʼax kwʼinik xubʼan aj kun .
kel ubʼik pari judeʼa ektzalij chi u bʼi jumul pari g alileʼa .
xina xibʼij pa bʼe .
jeʼl kʼolem chi awachoch .
ronojel ri yaʼtalil pawe qʼataj , tzʼaqat kiwach , man ktzaqta kanoq xuqujeʼ man ktastaj .
xukunaj le yawabʼ leaj qʼij .
chi tatabʼej jas le kimbʼij .
chʼa nal ria chi .
pabʼokoʼ kachakun wi ri ta x.
uj kʼo pauwuq qʼij .
kiʼ ri ukabʼ ri aqaj .
kʼo rachalal pa tzʼoloj cheʼ ri peʼl .
xkilo chi kin kʼoxomaj .
riukisakʼ utz kyaʼik chiuxeʼ ri tikoʼn .
aretaq chiʼ kaqʼan puwiʼ ri jukubʼ , ri achiche xkʼojiʼ ri itzel u xlabʼal rukʼ , kutach rech riareʼ,a rech kkʼojiʼ rukʼ riareʼ .
na kabʼantaj ta wumal .
xnaʼtaj chke xea tinik .
xin paj ri nutriko .
xeʼok ri pokʼ pariu mexa ri poʼx .
ka juluw riaqʼaʼl chiuxeʼ ri tʼuʼy .
a wech leja .
xuj bʼe patzurik .
nabʼe xa topanik .
riukabʼ ubʼiʼ ri numa mareya y .
uwaj xaq ukakʼal taqanik (28) .
mata kʼo jun kakanaj kanoq , qonojel kojbʼek .
e nimaʼq le altomabʼ .
nim uwach ri poʼt .
kojonik pari utzij wa iximulew .
jas xukʼambʼi le tzʼiʼx awilo ?
xin petik, tat .
ri bʼelaj uwach .
chi tatabʼej jas rikim bʼij .
jeʼl kunaʼ ria bʼix chiupam riqu qulew .
kinbʼisoj uwachlew al .
xutʼuy ubʼaʼ .
nim ria we qeleʼn xa riqo .
xineʼ waʼ oq .
chiʼ kewar wi le a kʼalabʼ .
ri nu miʼ al xutaq loq jun taqoʼm wuj chiwe .
qʼeʼl ik , richaj paribʼe .
la utz awach ? - utz maltyox , e kʼu riat ? – utz maltyox .
xin kos rumal nu chak .
kbʼe kukʼ ri eʼareʼ e ktzalij parinas are te keʼunimaj .
rijoj xukʼambʼik riakʼ .
kʼo chi wachiʼl cha nim .
kubʼij chech naʼl kabʼan che ria tzʼibʼ .
e. . . in kawaj katzjoj bʼila chwe .
mata xinyaj le ali .
jachin rukʼ katbʼe wi ?
kʼo sibʼalaj etaʼmabʼal pari mayabʼ noʼjibʼal .
eman xo ri ju puqkej .
kasumum rikaqiqʼ .
ekʼo kajibʼ a kʼalabʼ pale bʼe .
jeʼ jas ri utat kkaʼyik .
xaqat molonel tzij tal .
le nutat kaloqʼon chwe .
xaqta ne kimbʼe iwukʼ .
xretaʼmaj uchʼajik .
rumal laʼ xkoj“ xal qʼat” che ubʼiʼ ri komon .
are le ukemik pas xretaʼmaj .
riwa tiʼt kubʼan na ri upatan .
kʼakʼ le poʼt .
retaʼm uwach jachin xloqʼow ri pas .
ken chʼabʼej lea kʼalabʼ .
yaʼtal chaqe qonojel riuj winaq utzkaqil qibʼ .
xkotiʼ paqʼayes xoqʼik .
kawinaq bʼe lejebʼ qʼataj .
ekʼo kajibʼ ral ri imul , jun saq , jun qʼan , jun qʼeq , jun qʼeqoj , sibʼalaj ketzʼanik , ke chʼopinik ri alaj taq i mul .
kcholol ri achachal .
ketekik ri ikʼ .
xepetik rech kewaʼ iwukʼ .
tza tz ri uqʼanil riakʼ .
xoj tzalijik xi xeʼqaqʼat uj kukʼ le ita tinan .
ri yoʼx taqa kʼalabʼ kekikʼux ria tzʼyaq .
wea chiwe xu sipaj jun poʼt chwe xkamik .
kkowin ri kunanel che kunanik .
xjiqʼ pari polow .
xa rumal sibʼalaj raj awaxik le loqʼalaj jaʼ , le winaq xkibʼij : chewe ikʼ riʼ qonojel kuj bʼe che utikik taq cheʼ .
riuna nerie rachalal kepe uloq rukʼ riareʼ , kʼate kʼu riʼ , man kekowin taj keqibʼ ukoq rukʼ , rumal rech che ekʼo sibʼalaj winaq .
rumal rech , che man kʼota jun kkowin che ukojik junti kibʼalil chik chuwach ri kojom chik che are ri jesus kristo .
te kʼu riʼ xutzʼibʼaj ribʼ pari nimalaj tijobʼal rech aj kuʼn .
ka juluw ri chʼumil chaqʼabʼ .
kʼisbʼal kanoq , xoqujeʼ kkam ri ixoq .
le ala xokik .
kʼo pwaq pauwiʼ ri mexa .
are kawaj na ki nʼetaj .
riyawal kukoj ri ali chiuxeʼ ri chakach areu suʼt .
na kaqakʼam tuʼ bʼi kamik .
riaj tij kubʼij chike : raj awaxik keqachajij ri awaj , are utikoʼn riaj aw .
xin tij muku niwir .
kʼax le uwiʼ taqle nuqʼabʼ .
xin loqʼ jun ilbʼal wibʼ .
waʼ we qʼij , nim ubʼantajik .
ri uxeʼal riqa tinamit man kasach taj .
xojbʼinik .
riachalal junam kiwach .
xin wetaʼmaj rilik wibʼ .
nim riunaʼoj waj tij .
miqʼ in ri kʼul .
aj qʼojom riateʼ k .
che lesanik cheʼ kbʼan wi ri qʼojom .
kape le aw elpan awal jaʼ .
ri mesonel tajin kchakunik .
utz chaqe kaqatoʼ qibʼ , taq kʼo kʼax kʼolil , katewe chiʼn riaj aw paqawiʼ .
xa wilo, xqʼatan le ibʼ oy .
xat kowinik xabʼano .
kiʼ rikʼawex .
kajil il ribʼe .
le ali xelbʼik .
areʼ xraj xinbʼano .
nim we abʼaj .
jeʼlik u tiʼjolal ri saq koʼr .
nojinaq rikej .
we ka tijan xu xman kat utoʼta chi uqʼatixik le kʼakʼ yabʼil corona virus (2019 -nc ov).
na nim ta raqan waʼ we cheʼ .
utzalaj aj chak , ri wel .
¿jam paʼ kuj bʼe panimaqʼij ?
raj awaxik tanelaʼ kat chakun wukʼ .
xutaq chiʼj pawaram pulew .
man are taria xwan xelik .
riaw ix xuloqʼ rachoch re nimal .
are ri ixoq xin sikʼin uloq .
ri chʼima kʼatʼ on na .
la xibʼan le i chak ?
kʼi tinamit ekʼo pa chʼoʼj .
kʼo ju puq chij chiuxeʼ ri cheʼ .
riu xaq riabʼix are uwarikej .
kawinaq qʼataj .
la ki xpe patijobʼal ?
we kechajix taq le kʼwa jacha kinbʼij ; jun alik kʼo jaʼ xuqujeʼ sibʼalaj saq lo loj .
xretaʼmaj .
ri alabʼom ri alitomabʼ tajin ki kitijoj kibʼ rech sutaq , are kakaj kikibʼan nimaq achijabʼ chupam ri ki kʼaslemal , xuquje kʼo chik ju puq bʼixonel chupam ri komon .
la tzʼ uwach ribʼe .
kʼakʼ ria chʼi chʼ .
qonojel uj , uj mayabʼ taq winaq .
nojel qʼij ria tiʼ xkuyu qʼuj le taqa waj jelaʼ panikʼaj jaʼ , chirij ri juyubʼ ubʼiʼ te naʼ .
paqʼom chikri siʼ.
kin tzukun che la .
kakitij le kinaqʼ, le ichaj , le uwaʼlik rukʼ lej .
xekanaj kan leaj chakibʼ .
ketikon riachijabʼ .
sibʼalaj itzel ubʼantajik ri chʼi lakan .
riateʼk xumal tyoxij cheri ra tiʼt , rumal riutzalaj noʼjibʼal xukʼut chech .
kkamulix uchak riabʼix .
la xin utzukuj le tijoxel ?
areʼ kachakun ronojel qʼij .
le ekʼaʼ na taq tzʼiʼ .
saqrij ri plamu x.
jas xa qʼiʼo xa tijo .
jas rukʼ xkichapwi utijik le rikil ?
we katat in rukʼ kʼatan jaʼ man kuqʼatej ta le kʼakʼ yabʼil corona virus .
la kat bʼin pale u xlanbʼal ?
la waral kʼux ix waʼ wi ?
are le nutat kin loqʼonik .
tajin kchakun ri ala .
kʼo ri kiʼkotemal awukʼ .
xuta jachin kaʼek .
xat waʼ ik xin wilo .
xtzaq ri rachoch rumal ri jabʼ .
pale jun ikʼ chik are nimaqʼij .
ekebʼäm kebʼin pauwiʼ ri tem .
me mria chi .
riwikan chaliʼy kel pajuyubʼ chwi tziribʼal .
le rajil, la paja xelaqʼax wuʼ bʼik ?
pari suʼt pisom wi rilej .
koj petikkol qa kʼa maʼ .
tajin kat chʼopin chiuwach ritaqʼaj .
le qʼ orx chʼuqik .
kʼax waʼ im awumal .
kinbʼison che lewal .
sibʼalaj kʼokʼ ri awa tzʼyaq .
kamik xuj bʼe che utikik taq cheʼ pari juyubʼ .
kin uloqʼoj le nutat .
chaqiʼj chik richaj .
xyil ixh awayi .
na xnaʼtaj ta chke chi xea tinik .
rukʼ kʼu waʼ we riʼ, ri ix kkʼojiʼ jun utzalaj i kʼaslemal riʼ chkiwach ri winaq che man ekʼo ta iwukʼ , kʼate kʼu riʼ man kʼota jun winaq riʼ raj awaxik chiwech .
epetinaq pa bʼe le rachalaxik .
kakaj lea kʼalabʼ kewaʼik .
xuj chʼaybʼik .
ri nuchak are qʼaxel tzij .
kʼo na ru xlabʼ ri awaj .
tajin kel loq , ri qʼij .
xu qʼiʼo xkam sax ri rachalal choch .
ri numam are kʼo uqʼinomal .
xkʼul mataj jumul , xubʼan jun nimalaj jabʼ , man xbʼeyetaj ta na xukʼis le u yuqʼ chike .
a maʼ ri nutzʼiʼ .
jewaʼkat petik .
xin kosik rumal xin chakunik
iwech chi jujunal , riwa .
xuqʼiʼo na xatatin taj .
in riq tajinaq pari kʼayibʼal .
na wetaʼmtaj .
kʼax le nuqʼabʼ .
utz le xubʼij lea chi .
kema tzʼibʼ .
kʼo rachalal pa tzʼoloj cheʼ ri peʼl .
ronojel waʼ we jastaq riʼ, xas ksach wi uwach waʼ ; rukʼ we riʼ, ri ix , raj awaxik che kʼo jun tyox la ji kʼaslemal e kkʼojiʼ rii chʼawem rukʼ ridyos,
xmuq taj ri patzʼan .
ri chʼi chʼ tzijom kanoq pari ukʼolbʼal .
man kʼota ucholaj pataq ria wuj .
ja chike ikʼ le unimaqʼij le tinamit na wal jaʼ ?
xepetik xol kikʼamaʼ .
ka chuqʼ chut ri jaʼ chi apam .
xinbʼij iwir chi xebʼe paarmita .
areʼ uxeʼ ojer tzij waral kʼicheʼ ubʼiʼ .
xkʼis ri nu siʼ .
ja wi xkibʼij wi chikeʼe wi ?
¡ xa je kʼu riʼ, jachin taq rie kʼo pari judeʼa , chi cha nim cheʼa nima jubʼi pataq ri juyubʼ ,
kʼakʼ riabʼ .
la kʼo jun na ka kʼoxomaj taj ?
na utz ta le utʼisom le almariy .
man yaʼtal taj chiawe katok paja .
jeʼ, xat utzukuj .
are kel waj xaqibʼ uqʼij ri xkʼojik .
ri xunkur kkʼojiʼ pataq ritriko .
xin sachik .
xutʼuy ubʼaʼ
na nutom tal etzij …
wa chʼom rikiwa ri noʼs .
ekʼo jobʼ chʼi lwakʼ .
raj awixik chi pataq ri tijobʼal ,panikʼaj ubʼixik chik
ri raj aw rulew areʼ tatkel .
we kʼu xokik , we kʼna xok ta
wea chi xu sipaj junpʼot chwe .
a tat utaqoʼn leqʼatal tzij .
na qʼanta uwach le qaprut .
ri xaʼ r kʼo pauwiʼ ri qʼaqʼ kpoqʼowik .
ri roqʼej ria li ja chakpe juna kʼal .
kʼo jun alapa tijobʼal .
säquwiʼ ritataʼ .
ri wi tz ikʼ tajin kpeloq .
ja wi xsach on wi kan uyaʼik le pwaq che .
utz wea chiwe xin kunanik .
qonojel kuj waʼ pauwiʼ ri mexa .
rika xlaʼnik man poq on taj .
in xinbʼe rukʼ ri wachiʼl .
sibʼalaj jeʼl xkilo xe ki tzoqopij ri kichij chilaʼ .
kinbʼinik xin ʼek .
kʼax kʼolik , kachaʼ .
kutij ixim riakʼ .
rial ix chel , xu qʼiʼo xa jun akʼ xsipax che .
xqasikʼij le ixoq ch utzakik subʼ .
mata xa bʼinsaj le chʼi chʼ .
ripix tzʼa ralik rumal ri eqaʼn .
¿jam paʼ kel chi 3%
kʼo jun nu kʼotoj chiʼ aj .
tajin kewaʼkat ri alabʼom .
xin loqʼle nu kʼakʼ apoʼt .
na utzakik ta subʼ tajin kuʼano
xoj utaq chiʼ ij xoj waʼ ik .
iwech riabʼix .
saqrij richij .
aj sik cheri tinamit kel wi ritataʼ .
-¡ ay ! xa xin tzaq uloq , kʼax we waqan .
xkʼul mataj pajun komon chiʼ uwach jun juyubʼ , xu riqa jun qʼij xkiriq kibʼ junimul rukʼ le kok .
jas xa taq chiʼj lea kʼal chutijik ?
xin chapo su xuloqʼo .
qʼinom riachi .
ri kʼum ktijow rukʼ kabʼ .
tajin kejachʼa nik .
tzebʼal ukemik le pasa wumal .
are kayoʼw le uchikopil le ubʼantajik try pano somab ruc e i.
we kat nimanik utz kelik .
pero noʼjimal petnaq loq , .
are le nu chak jun tzuqbʼal wibʼ .
xkunax le yawabʼ rumal leaj qʼij .
ri ukʼuʼx tzʼibʼ paqa tzij e lajuj .
sibʼalaj jeʼlik ri eqabʼal xubʼan riluʼs .
sibʼalaj at kon .
eman xo ri ju puqkej .
na xnaʼtaj ta chke xea tinik .
ri kʼamalbʼe xubʼij chike , chima ja ria nim .
jumuchʼ ri nu junabʼ .
qʼip tajinaq ri raqan ri tem .
kchakun rukʼ ri josbʼal cheʼ riaj anel .
xa taq chiʼj lea kʼal chutijik kar .
oj kʼo pale roʼch le awel .
¿la kat pequkʼ chweʼq ?
le winaq pale chʼi chʼe tʼuyul lo wi .
xkanaj kanoq chiuxeʼ ri jabʼ ri chʼaʼn .
nim ri ja .
we ta xakunaj lea tat mata xkam laʼ .
nan ukʼamom tuʼla riʼ.
chqa nukʼuʼ riqatzij .
kimbʼe pale tinamit .
xin qʼiʼo na xinat in taj .
raj awaxik kakʼaman chawe le utijik le lej .
kʼisbʼal taq noʼjibʼal .
xineʼ waʼ oq .
xkibʼan kʼax che le uwosaq rumal man utz ta chi kakayik .
ri qʼutuʼm man kech talea kʼalabʼ .
are na nim ta lea tzʼiʼ chuwach le nu tzʼiʼ .
xepetik xol kilaʼ .
¿jaw chiʼ xataʼ che xkam ri umam ri poʼx ?
ekebʼ kekʼambʼik pa tuj .
xin loqʼ jun ja pari wokaj ja .
ria xtuʼbʼ , kʼo qu laj chech .
jas karaj kaʼan ch utzakik le tiʼ ij .
xutij le wa .
ximbʼal re tzij .
xpax ribʼ oʼj .
we kawaj kat in toʼo xaq xuwi kabʼij chiwe .
jas nu kʼu kuchʼobʼo .
jas karaj kutijo ?
xex ru xlabʼ ri rikil .
eni tzʼaʼq le taq imul .
we tane in xin bʼanow ik , are leateʼk xbʼanow ik .
kin tzalij pale nu tinamit .
ri nuchaqʼ kʼo pau roʼ qʼatoj tijonik pari tijobʼal .
xin xiʼ jwibʼ xin chʼawik .
kʼo chwa roʼ chlep are .
chi raqan kabʼin wi ritataʼ .
xsach on kan uyaʼik le pwaq chech o ja .
xin qʼax chi kixoʼl riwinaq .
ketikonik .
riulew man qech taj , kech riqa tiʼt qamam .
xepe le winaq xol kikʼamaʼ .
xuloqʼ ri wuj rumal ri ali .
chewe qʼij kamik kʼo jun nu tzijonem chirij le nu tinamit .
kej riʼ.
xkunan alaq chwe .
ki nu sikʼij le nunan .
rii mul xuchʼij taj , xkanaj pabʼe , rumal ri nimal kujal uj ri imul , xutzaq ria nim .
kubʼan ri uxoqʼoʼl riaj tzʼaq .
rila sibʼalaj utz che kunabʼal .
kʼi kiwach rieʼaj chakibʼ pari komon tyox , kʼate kʼut xa jun chiaj awxel ;
xqata chi xa tulik .
kawaj chi katʼek .
chʼutiʼn kekanaj ri xa jabʼ chech .
kaqaxiʼj qibʼ kaqachapo .
ekʼo kebʼ ukʼajol le tat xwan .
luʼs ubʼiʼ ri rech am .
aj chi uwiʼ miqʼ in jaʼ ri luʼ .
xin yakan le nu chim pakʼaybʼal .
kʼate xrilo , xpe ri unan che utzukuxik , xkikotik , xu salabʼisaj ritaq ux kin .
xkikʼut chiuwach riaj tij xuqujeʼ chi kiwach ritaq nikʼaj kachil .
utz le nuqʼabʼ .
kul le al we ʼl paaustin chaqʼabʼ kamik .
ria teʼk xtzaqloq are chi kʼo pauwiʼ ri qʼaʼm .
aj patan riteʼk .
xat qaj chiupam ri il .
la kʼo tzij na ki kʼoxomaj taj ?
xsach on chke chi xea tinik .
ronojel le ulewe chalaq .
la xebʼe kʼulaxeʼ ki jaqa kʼu le uchiʼ ja ?
xaq kat chʼok naj iwir .
kamik kʼo chi ri jastaq awe .
are chiʼ kakʼis ri junabʼ kʼo qʼinom .
pana wal jaʼ xin alexik .
na xin tataj we are riakʼal ki xtzuquwik .
¡rulew ri sabʼ ulo ne rulew ri nef tali, ubʼe ri polow , rulew ri jordan ,g alileʼa kech rijetaq amaqʼ !
rax , rax , rax , kʼokʼ , kʼokʼ , kʼokʼ le ru xlabʼ le taq tikoʼn .
a chi xat wilo .
paqal rajil le pixkamik .
xojbʼinik .
pajun jeʼl tijobʼal kutijoj ribʼ juna kʼal , ubʼiʼ poʼx , utz ku rilo kepa tijobʼal ronojel taq qʼij .
xwaj chi xa tʼetaj .
utz laʼ le xubʼij lea chi .
wetaʼam jachin kapetik .
kin qʼojomanik .
xin qʼiʼo takʼal ik xinpetik .
areʼ retaʼm che kinopanik .
aretabʼal eqa qajaw chat toʼwik .
kawinaq waqibʼ qʼataj .
naqaj chik cheri uwaq kajbʼal aretaq chiʼ ksach uwach ri qʼij , kok ri qʼequʼm ch uwachulew , chi kʼateʼna ri bʼe lejebʼ kajbʼal .
jobʼ raqan ri tzʼalam xeporoxik .
sibʼalaj korij rimop.
arewaʼ .
jelaʼ pari timinit chwi kab yok rech xelajuʼ, le qa nan qatat kakitiko jeʼlalaj taq uwach ichaj .
kʼaxnuqul .
xuʼ lu kʼamaʼ .
kojul kitzukuj .
are man kʼax ta ukunaxik aretaq aninaq kaʼilitaj we yabʼilal xuqujeʼ mojoʼ qa kuyaʼ le kʼax kʼolil chech le jolom aj .
ri wel kʼo pa tijonik .
kawaj kinbʼij .
ri kotzʼiʼj kqakoj chiupam ri ja .
qʼeq qʼoj rij ria maʼ kej .
na xwajtaj xin chʼawik .
chpetabʼal e loqʼalaj jabʼ .
xsach on chke xat ki sikʼij .
eleqʼal chʼi chʼ .
jachin xa wilo chi are xtijow ri tiʼj ?
mata kabʼe le nu xbʼal pale tinamit .
pim ruq , ri ali .
¿ kʼo ri mu qʼe chiawech ?
kqabʼij man kekowin taj .
kin tijna .
kʼo jun qa tʼuʼy paja !
kʼo puj chiupam ri chʼaʼk .
aretaq kin kosik kin warik .
xat waʼ ik xin wilo
in xin chʼayow lea chi .
konojel ri alaxik keʼ etzʼanik .
jas rukʼ xkitij wi le kirikil ?
aninaqil katpetik .
na raxta uwachle juyubʼ .
ri tzʼalam tzʼibʼa bʼal rax kkayik .
we chat chakunik , kʼo awa .
maʼtam xat pe cheri waʼ im .
kamul kin waʼ na .
ri sikil ktijow rukʼik .
kim bʼe aqʼan rukʼ le al talin .
xoj ʼekxeʼ qil alar qas ok .
xe kiqʼil leaj chakibʼ xkiwok leja .
matanex waj le kʼu h j nem rukʼ lea teʼ k .
are xeʼopan chi uchiʼ ri juyubʼ , xkilo chiman qas takʼo qʼayes .
kʼate kʼut , ri jesus man kkojon ta chkech ri eʼareʼ , rumal rech che konojel retaʼm kiwach ,
paʼ tzrij ri tzʼiʼ .
juwinaq waqibʼ qʼataj .
at elaqʼom .
xaqat joʼs .
ri qʼatzu, are qʼalaj ri uqʼijil .
aj chak we ala .
ubʼe lej ukakʼal taqanik (29) .
kebʼ nu bʼiʼ kʼolik .
la katzalij luʼ la aninaq ?
katzukun la chwe .
la kaj lakoj bʼeʼ pale chomal chweʼq ?
xin nabʼej chu tasik qa kʼolibʼal .
la l xin toʼwik .
sibʼalaj a noʼjibʼal .
xoj petikxol qa kʼa maʼ .
sibʼalaj jeʼlik ri uwaʼl ri ichaj .
kʼax wij rumal in pach alik .
aretaq xukʼul maj waʼ xul ri uchomanik xubʼij : are utz wa aqʼabʼ kin walij ik , are chaʼ cha nim kinopan pa tijobʼal , maj chi kinkʼul maj .
oj aj xojol obʼ pa awas qʼij .
xin sach che le uwokik le tzij .
e ju lajuj riakʼ .
xuta jam paʼ kojʼek .
qilik .
ri tijoxel man areta nim chuwach ri raj tij. ri utz tijoxel qas jeriʼ kʼolik jas riraj tij .
in xat in chʼayo .
noʼjim chak wumal .
chʼu rrijochʼ .
in kinbʼij na kat sachtaj .
uj mayabʼ .
ri abʼaj ya tzalik .
tajin ke pixbʼax ria kʼalabʼ .
chomriaq .
xin warik .
elemen konojel ria kʼalabʼ .
tajin kqʼa na rik ri we reʼ aj .
le ukemik le pas utz ( chawe ).
xuyu pubʼa uwach raʼ chi , kachaʼ, .
risatanas kok pari judas ri kbʼixiska riʼ ote chrech , riareʼ junch kixoʼl rie kabʼ lajuj .
chu chu ripar .
kin qumuj ri nujochʼ .
chech punción lu mbara maqʼel raj awaxik chech rilik le ukʼex bʼem wi lenabʼe rukʼ le ukabʼ ukʼutunem le yabʼilal .
qʼalaj chi na kawajtaj kabʼij .
kʼoqʼol chirij ri siʼ.
ja wi xoj ʼe wi chuloqʼik ?
kʼo ulo chʼ ritalin .
qʼan rij ria tiʼt nukej .
la xtzalij la iwir ?
xesikʼixik , kʼate kʼu riʼ xeyaj ik , xuqujeʼ xetaqbʼi che usikʼik le mes .
la kix warik ?
are kʼu lepalomax xubʼij che :-mam kat bʼison taj , kin sikʼij nikʼaj wachiʼl kerapapik .
aʼre e tijoxelabʼ .
ri alaj ali siʼl xubʼij xqachap pautzal ri tyox .
xsach on chke jachin xea tinik .
jas xurayij leanan xutijo ?
xin kosik .
rax ronojel ri qʼayes rumal lejabʼ .
kinya waʼ we chʼi chʼpinem na utz .
noʼjim upa chʼuxik le nuwiʼ .
naj kʼowi le woʼ ch chuwach le tijobʼal .
riokibʼal kʼo chiuwach risaq ja .
xenutaq chʼij kekil lea kʼalabʼ .
kʼo jun qʼoxowem chiwe .
tzari choʼm .
we chojbʼe pale nimaqʼij , keqil leaj xojol obʼ.
xoj ʼekxeʼ qil alar qas ok .
ria teʼ k xutaʼ chech rinan toʼn :- nan jascheʼ chiman kajtal aqa kʼatisaj ri joʼq .
ri pal sibʼalaj xuʼy .
kin koj ri jokbʼal ulew .
in kinbʼij na kat sachtaj
at raj kun le nunan .
kuqa muju joron riaj tzij .
luʼ tzʼalam ubʼiʼ ri achikel pa nim cheʼ .
jeʼlik u tiʼjolal ri saq koʼr .
kʼo jun xaʼr paja .
xin loqʼ jun kʼakʼ patan .
kʼax ukemik le pasa wumal .
aninaq ukemik le pasa wumal
ri chʼaʼn sachinaq pataqabʼ ix .
rax taqle kotzʼiʼj .
mesom kanoq ri upam ja .
man aretar ala xkosik .
ri komon xechpup rech uqʼabʼ tinamit xoʼl abʼaj rech qʼu mar kaj .
la utzakik kʼu subʼ tajin kuʼano ?
kate la !
na xutij taj .
xa rumal ketaʼm konojel ri winaq kkiq umuj le jaʼ .
iwir xuj tzalij la pakʼaybʼal .
qetaʼm cheri qawakuj utoʼo .
riaj tij , kyaj on chikech riakʼalabʼ .
jas ubʼanom le nu chʼu titat ?
chweʼq kinbʼe panim tinamit .
utz we kiwetaʼmaj jas kubʼij ri cholbʼal qʼij .
tajin kat jilow che uqʼoxom jolom aj .
xintik qʼax chiuwach ri ja .
kʼax le kibʼe le winaq .
loqʼ katkun taj che le yabʼil ( covid -19 ).
ri nu xibʼal kel paqajbʼal qʼij .
xril riax wan chix waʼ riala.
le alix kunatajik .
we ta kape lejabʼ kamik .
xin wetaʼmaj chi na xatpe taj .
ri pwaq rech we qʼataj riʼ kesax chech ri tojbʼal kʼayinem .
ktij ri uwaʼlik rumal ri kinimaqʼij .
xuchap ukunaxik .
cha tan loq ali .
xin xuliʼq aj oq .
jeʼlik ktijow ri taqik ox .
kʼate kʼu riletat xoʼr xubʼij ,man kawajtaj ,man kawajtaj .
kʼo jun tzʼiʼ pa bʼe .
kamul xinpe che atzukuxik .
man tajin ta kin chakunik .
kin chakunik rech katwaʼik .
jas rukʼ xa wil wi chi xkiqupij wi le tiʼj .
jas ubʼixik … ?
koqʼ ria kʼal .
kawaj na katʼe taj .
xat qʼajik .
wem na cha lo qʼaxiyal , na kimbʼe ta awukʼ .
xopan le wuj awukʼ rumal wechin .
are kʼut pale juyubʼ kkʼiy joron, chilaʼ xekikʼam a wi ri jaʼ riwinaq .
koqʼ ria kʼal .
we kʼo a rajil cha kʼamaloq .
are sibʼalaj kaq le apoʼt chuwach le nupoʼt .
xin kʼastaj pakabʼ lajuj kajbʼal .
kaqoyʼej na ki xpe taj .
kok axim richij xa jelaʼ man kanimaj tabʼik .
ri koknojim xbʼek , xuchʼijo xopan pau kʼisbʼalil lea nim .
xoj kiʼkotik aretaq xa tulik .
kaqitzʼ naj ri uxaj abʼ riakʼal .
rijesus kwaʼkat pari nim rachoch ridyos , chuxeʼ ri jun ja che rachoch risalomon .
wetaqanik riʼ kubʼij chiraj awaxik kyaʼ uqʼij ri winaq xuqujeʼ ktoʼ aninaqil .
ria xux are na riukunel ri kinaqʼ .
aretaq waʼ ri uqʼijol wetaqanik .
kʼo jun ta bʼal pauwiʼ ri xkanul ubʼiʼ lajuj noʼj .
yuʼl ubʼanom riu kolobʼ rikej .
xa nimaj riakʼal chiuwach riuchuch .
kkunan ria chi .
kin waʼ ik rech na kin yowajtaj .
aj xik chʼi chʼ ri luʼs .
kwaj che ix ki xbʼanow ik .
aʼre xetoʼw alaq .
xoj ʼekxeʼ qil alar qas ok .
xin loqʼ junchʼi chʼ , qajinaq uwach .
kutʼis ripanta lon .
e ja ni pale awal kʼwal ekʼolik ?
utzukem ik le pas chawe .
rimax are aj qʼaniyaʼ .
mat abʼ achiriq kʼax pale bʼe .
tajin kanimaj , ri meʼs .
ix ixeʼ laqʼomabʼ !
xsach an chwe .
ekʼo kʼi cheʼ , chiuwach ri juyubʼ .
arewaʼ ri nimalaj pixabʼ earewaʼ rinabʼe .
xretaʼmaj chi rukʼ pakʼkutij wi
jas utzakik le subʼxuʼ ano ?
aj xoʼy riwikan .
weta ne aʼ re xetijow le rikil , are le komon xetijowik .
sibʼalaj aninaq kachʼaw le areʼ chinuwach in .
utz we kin chakuj .
meʼs laʼ .
kʼo kan wa rech kaqatijo .
xin sikʼij la .
ria kʼal xsach kanoq jelaʼ pataqʼ aj .
xe sikʼij la .
ja wi xkibʼij wi chikeʼe wi ?
rumal che , man ixta riʼ ri ki xchʼawik , are ri ru xlabʼ axel riitat riʼ ri kchʼaw na iwukʼ riix.
kʼakʼ ri wachoch .
sibʼalaj utz kin wil lea tzʼyaq rech na hu ala .
saq por kkay ri kipoʼt rinan .
xsach on ri nu chak chwe .
waʼim xuchapo .
ri qʼaqʼ tajin ka juluwik .
najil upam ri si wan .
ekʼo riqachalal pachi uwiʼ la .
jas xa taq chiʼj lea kʼal chutijik ?
noʼjim ukemik le pasa wumal .
kʼo jun kukubʼiʼ tintin, waʼ le laj kukmam kajeqitaj , kapaqik a xulik pauwiʼ uqʼabʼ taq cheʼ , sibʼalaj sakʼaj , keʼuto le e nimaʼq , chʼutin , rachiʼl , aj sipanel sibʼalaj utz ranimaʼ .
ri upixabʼ leqʼatbʼal tzij kiyaʼ ubʼixik .
na xsach on ta chke xea tinik .
xeqil le chikop puwi leja .
xloʼtaj riakʼal .
qonojel kuj waʼ pauwiʼ ri mexa .
xsikir lewaqan .
la xat waʼ kʼut ?
nim ubʼaqʼ ri tulul .
kin xikʼ ikʼik xin qʼaxik .
la katbʼe pale tinamit ?
ri pal sibʼalaj saqʼ or .
kqʼoxow nu jalom .
xin naʼo chi katpetik .
x loqʼulew iwech ix .
xin chakun rukʼ ri numam .
na xqabʼantaj .
kkʼojiʼ bʼaʼ riu sipanik riaj awxel jesus kristo rukʼ ria wu xlabʼal !
kin chʼaw rukʼ le nunan pale chʼawe bʼal .
sibʼalaj qʼequʼm rumal ri mayul .
are leba xulik .
xekos le ixoqibʼ pale bʼe .
kʼax rilik lea kʼal chawe .
xin qʼiʼo xin at in pajoron .
sibʼalaj nim le tinamit .
kʼax ukemik le pasa wumal .
xin sachik .
tajin kel ukikʼel pa raqan ri tzʼiʼ .
xin wetaʼmaj rilik wibʼ
ri qʼuqʼ are jun jeʼl chikop .
kʼo paja tijobʼal riwikaqʼ .
ri sachibʼal mak raj waxik chi qa xoʼl .
jeʼ, kim bʼek .
jelaleʼ ri nupwiʼ .
xubʼij che : - jas xabʼano tintin ?
kabʼan jun toqʼobʼ kyak ri nu jal .
katʼek xinta .
jas le ukʼex bʼem ribʼ le jun rukʼ le junchik ?
aj chi uwiʼ miqʼ in jaʼ ri luʼ .
ri tijonel naj kpewi .
teʼ ki xchobʼ ubʼiʼ ri nutat .
ri jaʼ kamiqʼik chiuwach ri qʼaqʼ .
ri tʼuʼy k paqʼowik .
kin mes on na .
naqaj at kʼowi chiwech .
xin bʼisonik taq na xatpet taj .
we xkam ri winaq , ri pwaq rech tojbʼal makaj kyaʼ chikech riralaxik .
ri nunan xbʼe pakʼaybʼal .
xo jukʼam uloq rech koj rilo
xkʼoto chin chikiwach chik in waʼ awukʼ .
na xki kamsaj taj xkikʼambʼi cho ja .
kʼakʼ ri ikʼ kamik .
ximbʼe rukʼ leaj kun iwir .
rilik .
le tzʼiʼ xekosik .
xin kikota wumal .
rii mul xumaj ria nim , xu yakan le kok .
kʼooj che riakʼal .
xuj bʼe pajun kʼulanem .
utz we k waralaq .
kaqilo chi nakoj ukʼamtaj .
xretaʼmaj chi rukʼ pakʼkutij wi .
sibʼalaj xin kʼaʼn arik .
xin kochij ri nuwa .
man kat kowin taj kat chakunik , weman kʼota ri ajilabʼal .
we won on xubʼij chike : - ki xin to .
ria la nim kril wi ri umam .
xkaʼy chirij , xkaʼy chuwach ,ma kʼo ta chi jun ksilo bʼik , xoqʼik xuxeʼj ribʼ xchʼopinik xtzalij loq xu riq tachik ri ubʼe .
kʼo pus cheri wa .
pinem na kabʼe lewa tz , kimbʼe wi in pa kaʼyibʼal .
rinan toʼn nim winaq chik , saq uwiʼ , ronojel aqʼabʼ utz kunaʼo katʼuyiʼ pautem , ku miqʼisaj ribʼ cho ri qʼij , kʼo jun uwiʼ umam ubʼiʼ ate ʼk .
man ekʼitaj riqu laʼ .
qʼalaj chi na kawajtaj kabʼij
x paqabʼisax rajil ronojel rikem .
kʼo pari jul riku matz .
ronojel qʼij kinchʼaj le nuw are .
saq chikan le ichaj rech katzako .
chuxe le qachomal kaqatij wi jun qa meqʼin .
chawilaʼ .
ekʼo jobʼ u miʼ al, ri nutat .
jas rukʼ xawil wi
jeʼ jas ri winaq rech ri uwachulew , xoqujeʼ kepe na riʼ ri eʼareʼ che e rech ri uwachulew ; jeʼ jas ri winaq rech ri kaj , xoqujeʼ kepe na riʼ rieʼ areʼe rech rikaj .
xin tijo .
ktzʼuj uw ri rachoch ri poʼx .
xuqʼiʼo are le ukʼulel xyaʼow uwa .
ri awel xretaʼmaj chiraj awaxik man kuxej taribʼ cheri tukur .
jukʼulaj winaq xeʼ animaj bʼik .
jeʼ, xin tzalijik .
xoj petikxol qa kʼa maʼ .
maj jachin xʼek .
in aj tij ; at tijoxel .
saquwiʼ ritataʼ .
we chrikem .
le roʼ ch lea teʼ kkʼo chwach le u kʼaylen unan .
kbʼe pari si riʼ ae pari silisiʼa, ja wi jeʼ kuya wi ri kichuqʼabʼ rikomon tyox .
pixabʼ : man utz taj kʼax kuj chʼaw chikij nikʼaj qachil .
xkunataj le ali (kumal ri ixoqibʼ ).
ri xibʼ ibʼal chi kʼowi pataq riqa kʼaslemal ronojel qʼij .
nakuj war ta waral .
on che kkʼojiʼ ri utzil chi xoʼl , arech junam riqa kojonik , junam ri iwech ix rukʼ ri wechin .
paox qʼij ri saʼn kbʼe na rukʼ riaj kun .
kawinaq wuqubʼ .
jas kawaj kintijo ?
weta xatbʼe wukʼ pale tinamit, xa loqʼ ta laʼ le ujastaq le akʼajol .
kebʼe pawaʼim .
xin loqʼ kʼi wa .
pajun nim kʼa cheʼlaj , kʼo jun kʼwaʼ sibʼalaj saq loloj , nim uwach .
kwajkatij jubʼaʼ wa .
ronojel winaq kril na ri ukolonem ridyos ».
xkʼoto chin chikiwach chik in waʼ awukʼ
kwaj na katʼe taj .
la xaloqʼ juna lej ?
ekʼo rie loqʼomanel .
riukabʼ ubʼiʼ ri numa mareya y .
kin jopij rii jaʼ rech triko .
xnaʼtaj chke xea tinik .
xate ʼqilaʼ .
kakitij alan xax riwinaq .
. . . kinbʼij chi arewaʼ sin xiʼ an .
na xin nabʼej ta chu tasik qa kʼolibʼal .
rumal rech cheweri in, kin chʼaw rukʼ ridyos pachʼabʼal , kchʼaw na kʼu riʼ ri wu xlabʼal rukʼ ridyos , kʼate kʼut man kʼota upatan riʼ ch rech ri nu chomabʼal .
xepetik xkilo .
xutaw ekatʼek .
utzukem ik le pas chawe .
ri nu wakax xutij jun qʼoqʼ rumal riʼ xkamik .
rumal ri kʼix ,man kewaʼtaj riwinaq .
xeʼulik .
qʼeqrij ria maʼchij .
xraj kaʼele unan .
junam ki junabʼ .
na qʼalaj taj wekaʼek .
riwix nam chʼaj chʼoj rirachoch .
waral man kʼotaj ajawal .
na iwir ta xrille kʼamolbʼe .
xin peloq te kʼu riʼ xin tzukuj ronojel ri nurajil .
riaj tikonel kutik ri tzij .
kʼo e kikʼajol le achijabʼ .
kutij qʼayes riix paʼ ch .
pari waʼ bʼal ekʼo kawinaq achijabʼ .
sipo jinaq ri nupam .
kayaʼtajik rukʼ utiʼonem jun riu riqom le yabʼil amo lots etsé xuqujeʼ are kayaʼtaj pataq ri juyubʼ .
jachin ria chi ?
ri numam xkamik aretaq kʼo jumuchʼ lajuj ujunabʼ .
kin kowinik kinkʼambʼi le pwaq .
kin wilo chi utz riajiʼ.
xin qʼil riapoʼx che man kachakun taj .
kwaʼ chiuwach le taqʼaj ria maʼ akʼ .
ri imul xepoqʼik pajun ikʼ .
xkʼis kanoq riqa chak .
are ria li xojilow kanoq .
sibʼalaj chʼuʼj ria max .
kʼo nuwachiʼ .
in chajinel kech lea kʼalabʼ .
xekos le tzʼiʼ .
kinbʼe na kukʼ ri molaj .
ronojel aqʼabʼ kinyi tzʼ riwakax .
kara pinik xutzukuj chi jun awaj .
le ukemik le pas aninaq ( a wumal ).
maj urajil le qʼabʼarel .
kʼax riʼ ri kachʼawik .
xoj utaq chiʼj le achich uloqʼik ichaj .
sibʼalaj kʼax ri xkʼul maxik .
xkilo chinak in kʼoxomaj taj .
xnaʼtaj chke chi xea tinik .
xkʼoto chin chikiwach chi xojal woʼ qa kukʼ .
jun qʼuʼq rajil ri ka xlaʼn wa .
xin wilo chi xeʼelik .
ekʼo ixoqibʼ pale kʼaybʼal .
man kʼotaj ukʼisik ri mayabʼ aj labʼalil .
ri sin kkʼiy pataqʼ aj .
ri chʼi ma man kkʼiy taj pata qʼaj .
raj awaxik kjikik ri waq än .
kawaj kin ʼek .
ekʼooxibʼ akʼ .
xubʼij chwe ja wi at kʼowi .
chweʼq kuj bʼeʼ pamuquj .
pasaq kʼa jaʼ kbʼan wi riu q.
xoj kisikʼij .
xin wil wibʼ .
chaqʼ chik ri wa .
kim bʼenak a pale woʼ ch .
kawaj kin ʼek .
ri chʼuʼ ktij rukʼ lej .
pari kiqʼij kaminaqibʼ kbʼan qʼo ri kʼyaʼ rech aj : nabʼe rinan kutzukuj kan riaj , kujachʼoʼ xuquje kukʼeto .
jas kajbʼal cha nim ?
utz uchomanik ri ali .
pari qʼij ox lajuj tijax kinkʼis kebʼ junabʼ kin chakun waral .
sibʼalaj ko , ri kʼakʼ chʼat .
jas karaj kubʼij … ?
ri chʼi chʼ kasilabʼik .
paojerqʼal pul xaq xuwi ri nim winaq ke kʼamowbʼe .
le ukunaxik le ukabʼ ukʼutunik are rukʼ eflor nitinao nutunibʼa xik le nif urtim ox chiʼ le flor nitina chech t . b.g .
are ria chi xin chʼayowik .
junachi ubʼikuʼ xu sipaj kebʼ kʼaʼmulew rech kabʼan ri tijobʼal , kamik , kʼo chikaj tij rech ri komon xechpup .
xumal tyoxij che riaj tij ronojel le xukʼut chiuwach .
paribʼe xkiraq jun alaj imul saq rij , xki kʼambʼik .
xril lebʼal e ala .
jas kubʼij chwe ?
le ukunatajem are rukʼ utzukuxik le uchikopil pajun usolik uxeʼ le kikʼ on le jaʼ rech jun no do .
utz we nu tzʼiʼ .
jeʼ, tajin ka chaponik .
kin uloqʼoj le nutat .
kawaj kimbʼe patinamit .
arelaʼ kin chakuj .
ri nimaʼq taq winaq kʼok etaʼmabʼal .
weta xatbʼe wukʼ pale tinamit ,xa loqʼ ta waʼ we jastaq .
riki kʼaslemal . wa iximulew xa jun chima areta tinimit rima
riukʼ yabʼal naj upam .
xat qaj chiupam ri il .
nojim kat waʼ ik .
we kʼo jun k tuqaʼ ri k ,¿la man xoqujeʼ taj kin tuq aʼr riin ?
ojoj wokol ja .
awas kbʼan kʼax che jun nim winaq .
xin chʼaw apan rukʼ le wanabʼ .
kʼax ri upam ri juʼl .
tajin kewaʼ ri imul .
lakaj lakuj tzalij la aninaq ?
rumal rech cheri makaj man kʼota ukowinem piwiʼ ri ix: ri ixman ix kʼota chi chuxeʼ ri pixabʼ ,xane ix kʼo chuxeʼ ri sipanik .
nim raqan le cheʼ .
xin chapo .
are le tuʼrle loqʼomanel .
xas kat kʼojiʼ chiupam ri chʼi chʼ .
sibʼalaj nim raqan ri kʼamalbʼe .
le tzʼibʼa bʼal wechin .
in xin toʼw la .
xa je kʼu riʼ riix kamik riʼ man ixkaxlan winaq tachik ; ri ix , ix rech ri ki tinimit rie tyoxlaj taq winaq , ix rech ri rachoch ridyos .
xin tikoxlaj kʼal ichaj .
kaqariq qibʼ chweʼq .
sibʼalaj utzcheri wiʼ aj ri tuney .
we naj upulik ta xeqajik . . .
xin toʼtaj cheri nu chak .
kʼo jun chiko pubʼiʼ pum .
poq on ri ik .
xojbʼinik .
xuchʼek ronojel le retamanik xpaqiʼ kkʼax kwʼinik xubʼan aj kun .
kel ubʼik pari judeʼa ektzalij chi u bʼi jumul pari g alileʼa .
xina xibʼij pa bʼe .
jeʼl kʼolem chi awachoch .
ronojel ri yaʼtalil pawe qʼataj , tzʼaqat kiwach , man ktzaqta kanoq xuqujeʼ man ktastaj .
xukunaj le yawabʼ leaj qʼij .
chi tatabʼej jas le kimbʼij .
chʼa nal ria chi .
pabʼokoʼ kachakun wi ri ta x.
uj kʼo pauwuq qʼij .
kiʼ ri ukabʼ ri aqaj .
kʼo rachalal pa tzʼoloj cheʼ ri peʼl .
xkilo chi kin kʼoxomaj .
riukisakʼ utz kyaʼik chiuxeʼ ri tikoʼn .
aretaq chiʼ kaqʼan puwiʼ ri jukubʼ , ri achiche xkʼojiʼ ri itzel u xlabʼal rukʼ , kutach rech riareʼ,a rech kkʼojiʼ rukʼ riareʼ .
na kabʼantaj ta wumal .
xnaʼtaj chke xea tinik .
xin paj ri nutriko .
xeʼok ri pokʼ pariu mexa ri poʼx .
ka juluw riaqʼaʼl chiuxeʼ ri tʼuʼy .
a wech leja .
xuj bʼe patzurik .
nabʼe xa topanik .
riukabʼ ubʼiʼ ri numa mareya y .
uwaj xaq ukakʼal taqanik (28) .
mata kʼo jun kakanaj kanoq , qonojel kojbʼek .
e nimaʼq le altomabʼ .
nim uwach ri poʼt .
kojonik pari utzij wa iximulew .
jas xukʼambʼi le tzʼiʼx awilo ?
xin petik, tat .
ri bʼelaj uwach .
chi tatabʼej jas rikim bʼij .
jeʼl kunaʼ ria bʼix chiupam riqu qulew .
kinbʼisoj uwachlew al .
xutʼuy ubʼaʼ .
nim ria we qeleʼn xa riqo .
xineʼ waʼ oq .
chiʼ kewar wi le a kʼalabʼ .
ri nu miʼ al xutaq loq jun taqoʼm wuj chiwe .
qʼeʼl ik , richaj paribʼe .
la utz awach ? - utz maltyox , e kʼu riat ? – utz maltyox .
xin kos rumal nu chak .
kbʼe kukʼ ri eʼareʼ e ktzalij parinas are te keʼunimaj .
rijoj xukʼambʼik riakʼ .
kʼo chi wachiʼl cha nim .
kubʼij chech naʼl kabʼan che ria tzʼibʼ .
e. . . in kawaj katzjoj bʼila chwe .
mata xinyaj le ali .
jachin rukʼ katbʼe wi ?
kʼo sibʼalaj etaʼmabʼal pari mayabʼ noʼjibʼal .
eman xo ri ju puqkej .
kasumum rikaqiqʼ .
ekʼo kajibʼ a kʼalabʼ pale bʼe .
jeʼ jas ri utat kkaʼyik .
xaqat molonel tzij tal .
le nutat kaloqʼon chwe .
xaqta ne kimbʼe iwukʼ .
xretaʼmaj uchʼajik .
rumal laʼ xkoj“ xal qʼat” che ubʼiʼ ri komon .
are le ukemik pas xretaʼmaj .
riwa tiʼt kubʼan na ri upatan .
kʼakʼ le poʼt .
retaʼm uwach jachin xloqʼow ri pas .
ken chʼabʼej lea kʼalabʼ .
yaʼtal chaqe qonojel riuj winaq utzkaqil qibʼ .
xkotiʼ paqʼayes xoqʼik .
kawinaq bʼe lejebʼ qʼataj .
ekʼo kajibʼ ral ri imul , jun saq , jun qʼan , jun qʼeq , jun qʼeqoj , sibʼalaj ketzʼanik , ke chʼopinik ri alaj taq i mul .
kcholol ri achachal .
ketekik ri ikʼ .
xepetik rech kewaʼ iwukʼ .
tza tz ri uqʼanil riakʼ .
xoj tzalijik xi xeʼqaqʼat uj kukʼ le ita tinan .
ri yoʼx taqa kʼalabʼ kekikʼux ria tzʼyaq .
wea chiwe xu sipaj jun poʼt chwe xkamik .
kkowin ri kunanel che kunanik .
xjiqʼ pari polow .
xa rumal sibʼalaj raj awaxik le loqʼalaj jaʼ , le winaq xkibʼij : chewe ikʼ riʼ qonojel kuj bʼe che utikik taq cheʼ .
riuna nerie rachalal kepe uloq rukʼ riareʼ , kʼate kʼu riʼ , man kekowin taj keqibʼ ukoq rukʼ , rumal rech che ekʼo sibʼalaj winaq .
rumal rech , che man kʼota jun kkowin che ukojik junti kibʼalil chik chuwach ri kojom chik che are ri jesus kristo .
te kʼu riʼ xutzʼibʼaj ribʼ pari nimalaj tijobʼal rech aj kuʼn .
ka juluw ri chʼumil chaqʼabʼ .
kʼisbʼal kanoq , xoqujeʼ kkam ri ixoq .
le ala xokik .
kʼo pwaq pauwiʼ ri mexa .
are kawaj na ki nʼetaj .
riyawal kukoj ri ali chiuxeʼ ri chakach areu suʼt .
na kaqakʼam tuʼ bʼi kamik .
riaj tij kubʼij chike : raj awaxik keqachajij ri awaj , are utikoʼn riaj aw .
xin tij muku niwir .
kʼax le uwiʼ taqle nuqʼabʼ .
xin loqʼ jun ilbʼal wibʼ .
waʼ we qʼij , nim ubʼantajik .
ri uxeʼal riqa tinamit man kasach taj .
xojbʼinik .
riachalal junam kiwach .
xin wetaʼmaj rilik wibʼ .
nim riunaʼoj waj tij .
miqʼ in ri kʼul .
aj qʼojom riateʼ k .
che lesanik cheʼ kbʼan wi ri qʼojom .
kape le aw elpan awal jaʼ .
ri mesonel tajin kchakunik .
utz chaqe kaqatoʼ qibʼ , taq kʼo kʼax kʼolil , katewe chiʼn riaj aw paqawiʼ .
xa wilo, xqʼatan le ibʼ oy .
xat kowinik xabʼano .
kiʼ rikʼawex .
kajil il ribʼe .
le ali xelbʼik .
areʼ xraj xinbʼano .
nim we abʼaj .
jeʼlik u tiʼjolal ri saq koʼr .
nojinaq rikej .
we ka tijan xu xman kat utoʼta chi uqʼatixik le kʼakʼ yabʼil corona virus (2019 -nc ov).
na nim ta raqan waʼ we cheʼ .
utzalaj aj chak , ri wel .
¿jam paʼ kuj bʼe panimaqʼij ?
raj awaxik tanelaʼ kat chakun wukʼ .
xutaq chiʼj pawaram pulew .
man are taria xwan xelik .
riaw ix xuloqʼ rachoch re nimal .
are ri ixoq xin sikʼin uloq .
ri chʼima kʼatʼ on na .
la xibʼan le i chak ?
kʼi tinamit ekʼo pa chʼoʼj .
kʼo ju puq chij chiuxeʼ ri cheʼ .
riu xaq riabʼix are uwarikej .
kawinaq qʼataj .
la ki xpe patijobʼal ?
we kechajix taq le kʼwa jacha kinbʼij ; jun alik kʼo jaʼ xuqujeʼ sibʼalaj saq lo loj .
xretaʼmaj .
ri alabʼom ri alitomabʼ tajin ki kitijoj kibʼ rech sutaq , are kakaj kikibʼan nimaq achijabʼ chupam ri ki kʼaslemal , xuquje kʼo chik ju puq bʼixonel chupam ri komon .
la tzʼ uwach ribʼe .
kʼakʼ ria chʼi chʼ .
qonojel uj , uj mayabʼ taq winaq .
nojel qʼij ria tiʼ xkuyu qʼuj le taqa waj jelaʼ panikʼaj jaʼ , chirij ri juyubʼ ubʼiʼ te naʼ .
paqʼom chikri siʼ.
kin tzukun che la .
kakitij le kinaqʼ, le ichaj , le uwaʼlik rukʼ lej .
xekanaj kan leaj chakibʼ .
ketikon riachijabʼ .
sibʼalaj itzel ubʼantajik ri chʼi lakan .
riateʼk xumal tyoxij cheri ra tiʼt , rumal riutzalaj noʼjibʼal xukʼut chech .
kkamulix uchak riabʼix .
la xin utzukuj le tijoxel ?
areʼ kachakun ronojel qʼij .
le ekʼaʼ na taq tzʼiʼ .
saqrij ri plamu x.
jas xa qʼiʼo xa tijo .
jas rukʼ xkichapwi utijik le rikil ?
we katat in rukʼ kʼatan jaʼ man kuqʼatej ta le kʼakʼ yabʼil corona virus .
la kat bʼin pale u xlanbʼal ?
la waral kʼux ix waʼ wi ?
are le nutat kin loqʼonik .
tajin kchakun ri ala .
kʼo ri kiʼkotemal awukʼ .
xuta jachin kaʼek .
xat waʼ ik xin wilo .
xtzaq ri rachoch rumal ri jabʼ .
pale jun ikʼ chik are nimaqʼij .
ekebʼäm kebʼin pauwiʼ ri tem .
me mria chi .
riwikan chaliʼy kel pajuyubʼ chwi tziribʼal .
le rajil, la paja xelaqʼax wuʼ bʼik ?
pari suʼt pisom wi rilej .
koj petikkol qa kʼa maʼ .
tajin kat chʼopin chiuwach ritaqʼaj .
le qʼ orx chʼuqik .
kʼax waʼ im awumal .
kinbʼison che lewal .
sibʼalaj kʼokʼ ri awa tzʼyaq .
kamik xuj bʼe che utikik taq cheʼ pari juyubʼ .
kin uloqʼoj le nutat .
chaqiʼj chik richaj .
xyil ixh awayi .
na xnaʼtaj ta chke chi xea tinik .
rukʼ kʼu waʼ we riʼ, ri ix kkʼojiʼ jun utzalaj i kʼaslemal riʼ chkiwach ri winaq che man ekʼo ta iwukʼ , kʼate kʼu riʼ man kʼota jun winaq riʼ raj awaxik chiwech .
epetinaq pa bʼe le rachalaxik .
kakaj lea kʼalabʼ kewaʼik .
xuj chʼaybʼik .
ri nuchak are qʼaxel tzij .
kʼo na ru xlabʼ ri awaj .
tajin kel loq , ri qʼij .
xu qʼiʼo xkam sax ri rachalal choch .
ri numam are kʼo uqʼinomal .
xkʼul mataj jumul , xubʼan jun nimalaj jabʼ , man xbʼeyetaj ta na xukʼis le u yuqʼ chike .
a maʼ ri nutzʼiʼ .
jewaʼkat petik .
xin kosik rumal xin chakunik
iwech chi jujunal , riwa .
xuqʼiʼo na xatatin taj .
in riq tajinaq pari kʼayibʼal .
na wetaʼmtaj .
kʼax le nuqʼabʼ .
utz le xubʼij lea chi .
kema tzʼibʼ .
kʼo rachalal pa tzʼoloj cheʼ ri peʼl .
ronojel waʼ we jastaq riʼ, xas ksach wi uwach waʼ ; rukʼ we riʼ, ri ix , raj awaxik che kʼo jun tyox la ji kʼaslemal e kkʼojiʼ rii chʼawem rukʼ ridyos,
xmuq taj ri patzʼan .
ri chʼi chʼ tzijom kanoq pari ukʼolbʼal .
man kʼota ucholaj pataq ria wuj .
ja chike ikʼ le unimaqʼij le tinamit na wal jaʼ ?
xepetik xol kikʼamaʼ .
ka chuqʼ chut ri jaʼ chi apam .
xinbʼij iwir chi xebʼe paarmita .
areʼ uxeʼ ojer tzij waral kʼicheʼ ubʼiʼ .
xkʼis ri nu siʼ .
ja wi xkibʼij wi chikeʼe wi ?
¡ xa je kʼu riʼ, jachin taq rie kʼo pari judeʼa , chi cha nim cheʼa nima jubʼi pataq ri juyubʼ ,
kʼakʼ riabʼ .
la kʼo jun na ka kʼoxomaj taj ?
na utz ta le utʼisom le almariy .
man yaʼtal taj chiawe katok paja .
jeʼ, xat utzukuj .
are kel waj xaqibʼ uqʼij ri xkʼojik .
ri xunkur kkʼojiʼ pataq ritriko .
xin sachik .
xutʼuy ubʼaʼ
na nutom tal etzij …
wa chʼom rikiwa ri noʼs .
ekʼo jobʼ chʼi lwakʼ .
raj awixik chi pataq ri tijobʼal ,panikʼaj ubʼixik chik
ri raj aw rulew areʼ tatkel .
we kʼu xokik , we kʼna xok ta
wea chi xu sipaj junpʼot chwe .
a tat utaqoʼn leqʼatal tzij .
na qʼanta uwach le qaprut .
ri xaʼ r kʼo pauwiʼ ri qʼaqʼ kpoqʼowik .
ri roqʼej ria li ja chakpe juna kʼal .
kʼo jun alapa tijobʼal .
säquwiʼ ritataʼ .
ri wi tz ikʼ tajin kpeloq .
ja wi xsach on wi kan uyaʼik le pwaq che .
utz wea chiwe xin kunanik .
qonojel kuj waʼ pauwiʼ ri mexa .
rika xlaʼnik man poq on taj .
in xinbʼe rukʼ ri wachiʼl .
sibʼalaj jeʼl xkilo xe ki tzoqopij ri kichij chilaʼ .
kinbʼinik xin ʼek .
kʼax kʼolik , kachaʼ .
kutij ixim riakʼ .
rial ix chel , xu qʼiʼo xa jun akʼ xsipax che .
xqasikʼij le ixoq ch utzakik subʼ .
mata xa bʼinsaj le chʼi chʼ .
ripix tzʼa ralik rumal ri eqaʼn .
¿jam paʼ kel chi 3%
kʼo jun nu kʼotoj chiʼ aj .
tajin kewaʼkat ri alabʼom .
xin loqʼle nu kʼakʼ apoʼt .
na utzakik ta subʼ tajin kuʼano
xoj utaq chiʼ ij xoj waʼ ik .
iwech riabʼix .
saqrij richij .
aj sik cheri tinamit kel wi ritataʼ .
-¡ ay ! xa xin tzaq uloq , kʼax we waqan .
xkʼul mataj pajun komon chiʼ uwach jun juyubʼ , xu riqa jun qʼij xkiriq kibʼ junimul rukʼ le kok .
jas xa taq chiʼj lea kʼal chutijik ?
xin chapo su xuloqʼo .
qʼinom riachi .
ri kʼum ktijow rukʼ kabʼ .
tajin kejachʼa nik .
tzebʼal ukemik le pasa wumal .
are kayoʼw le uchikopil le ubʼantajik try pano somab ruc e i.
we kat nimanik utz kelik .
pero noʼjimal petnaq loq , .
are le nu chak jun tzuqbʼal wibʼ .
xkunax le yawabʼ rumal leaj qʼij .
ri ukʼuʼx tzʼibʼ paqa tzij e lajuj .
sibʼalaj jeʼlik ri eqabʼal xubʼan riluʼs .
sibʼalaj at kon .
eman xo ri ju puqkej .
na xnaʼtaj ta chke xea tinik .
ri kʼamalbʼe xubʼij chike , chima ja ria nim .
jumuchʼ ri nu junabʼ .
qʼip tajinaq ri raqan ri tem .
kchakun rukʼ ri josbʼal cheʼ riaj anel .
xa taq chiʼj lea kʼal chutijik kar .
oj kʼo pale roʼch le awel .
¿la kat pequkʼ chweʼq ?
le winaq pale chʼi chʼe tʼuyul lo wi .
xkanaj kanoq chiuxeʼ ri jabʼ ri chʼaʼn .
nim ri ja .
we ta xakunaj lea tat mata xkam laʼ .
nan ukʼamom tuʼla riʼ.
chqa nukʼuʼ riqatzij .
kimbʼe pale tinamit .
xin qʼiʼo na xinat in taj .
raj awaxik kakʼaman chawe le utijik le lej .
kʼisbʼal taq noʼjibʼal .
