x in eʼ waʼ oq.
x kib ʼan kʼa x che le uw osaq rum al man utz tachika kay ik.
ri qʼutu ʼm man kech ta le akʼalab ʼ.
are na nim taleatz ʼiʼ chuw ach le nu tz ʼiʼ.
x ep etik x olkil aʼ.
¿ jaw ch iʼ x at aʼ che x kam ri u mam ri p oʼ x ?
e keb ʼ kekʼam b ʼik p at uj.
x in loqʼ jun ja p ari w okajja.
ria x tu ʼ b ʼ, kʼo qulaj chech.
jas karaj kaʼan ch utz akiklet iʼ ij.
x u tij le wa.
x im b ʼal re tzij.
x pa x ri b ʼ oʼj.
we kawaj katin toʼo x aq x u wi kab ʼij chiwe.
jas nu kʼu ku ch ʼob ʼ o.
jas karaj ku tijo?
x e x ru xlab ʼ ri rik il.
e ni tz ʼaʼ qle taqim ul.
we ta ne in x in b ʼanow ik, are le at eʼ k xb ʼanow ik.
kintzali j p ale nu tinamit.
ri nu ch aqʼ kʼop au roʼ qʼatoj tijon ik p ari tijob ʼal.
x in x iʼ j wib ʼ x in ch ʼaw ik.
kʼo ch war oʼ ch le pare.
chi raqan kab ʼin wiri t at aʼ.
x sach on kanu y aʼik le p waq chechoja.
x in qʼax chikix oʼl ri winaq.
ketikon ik.
ri ulew man qe ch taj, kech ri qatiʼtqam am.
x epe le winaq x ol kikʼam aʼ.
x u loqʼ ri w uj rum al ri ali.
chewe qʼij kamik kʼo jun nu tzijon em chiri j le nu tinamit.
kej riʼ.
x kunan alaq chwe.
ki nu sikʼi j le nu nan.
ri i mul x u ch ʼi j taj, x kanaj p ab ʼe, rum al ri nim al ku jaluj ri i mul, x u tzaq ria nim.
kub ʼanri ux oq ʼoʼl ri aj tz ʼaq .
ri la sib ʼalaj utz chek unab ʼal .
kʼi kiw ach rie ʼ aj chakib ʼ p ari komon ty ox , kʼate kʼut x ajun chi a jawx el ;
x qa ta chi x a t ulik.
kawaj chikat ʼe k.
ch ʼutiʼ n ke kanaj ri xajab ʼ chech.
kaqa x iʼ j qib ʼ kaqa chapo.
e kʼo keb ʼu kʼa jol le t at x wan.
lu ʼsub ʼiʼ ri recham.
aj chiuw iʼ mi qʼin jaʼ ri lu ʼ .
x in y akan le nu ch imp akʼay b ʼal.
kʼate x ri lo , x p e ri u nan che utz ukuxik , x kikotik , x u sal ab ʼisaj ri taqu xkin.
x kikʼut chi uw ach ri aj tij x u quj eʼ chikiw ach ri t aq ni kʼaj kachil.
utz le nu qʼab ʼ.
kul le alw eʼ l pa a u stincha qʼab ʼ kamik.
ria teʼk x tzaq loq arechi kʼop auw iʼ ri qʼaʼm.
aj p at anri teʼk.
x at qaj chiup am ri il.
la kʼo tzij na kikʼoxomaj taj ?
x sach on ch kech ix e atinik.
rono jel le ulewe ch alaq.
la xeb ʼe kʼula x eʼkij aq akʼule uch iʼ ja ?
x aq katch ʼok na jiwir .
kamik kʼo chiri jast aqaw e.
are ch iʼ kakʼis ri junab ʼ kʼo qʼinom.
pa na wal jaʼ x ina le xik.
na x in t ataj we are ria kʼal ki x tzuquw ik.
¡ r ulew ri sab ʼu lo ner ulew ri ne ftali, ub ʼe ri polow, r ulew ri jordan, g alil eʼ a kech ri je taqam aqʼ !
ra x, ra x, ra x, kʼo kʼ, kʼo kʼ, kʼo kʼ le ru xlab ʼ le taqti koʼn .
achi x a t wilo.
pa qal ra jil le p ix kamik.
xoj b ʼin ik.
p ajun j eʼl tijob ʼal ku tijoj rib ʼ juna kʼal , ub ʼiʼ poʼ x , utz ku ri lo kepa tijob ʼal rono jel taq qʼij.
x waj chi x a t ʼe taj.
utz laʼ le x ub ʼij le achi.
we t aʼam jachin kap etik.
kin qʼojoman ik.
x in qʼiʼot akʼalik x inp etik.
areʼ ret aʼm che kinopan ik.
aret ab ʼal e qa qa jaw chattoʼ wik.
kawinaq waqib ʼ qʼataj.
na qaj chik cheri uwaq kaj b ʼal aret aq ch iʼ ksa chuw ach ri qʼij , ko k ri qʼeq u ʼm chuw ach ulew, chi kʼateʼ nari b ʼeleje b ʼ kaj b ʼal.
job ʼ raqan ri tz ʼalam x ep oroxik.
sib ʼalaj ko ri j ri mop.
are waʼ.
je laʼp ari timinit ch wi kab y ok rech x elaju ʼ , le qanan qat at kakitikoj eʼ lalaj taquw ach ich aj.
kʼa x nu qul .
x u ʼ lu kʼam aʼ.
ko jul kitzukuj.
are man kʼa x taukuna xik are taqan inaq kaʼilit aj we y ab ʼil al x u quj eʼ moj oʼ qa kuy aʼ le kʼa x kʼolil chech le jolom aj.
ri w el kʼopa tijon ik.
kawaj kinb ʼij.
ri kotz ʼiʼ j kqakoj chiup am ri ja.
qʼeq qʼoj ri j ri am aʼkej.
na x waj taj x in ch ʼaw ik.
ch p etab ʼal e lo qʼalaj jab ʼ.
x sach on ch ke x atkisikʼi j.
e le qʼal ch ʼi ch ʼ .
jachin x a wilo chi are x tijow ri tiʼ j ?
mat akab ʼele nu xb ʼal p ale tinamit.
p im ru q, ri ali.
¿ kʼo rim uqʼe chiawe ch ?
kqab ʼij man kekowin taj.
kintij na.
kʼo jun qa t ʼu ʼy paja!
kʼop uj chiup am ri ch ʼaʼk.
aret aq kinkosik kinwarik.
x at waʼ ik x in wilo
in x in ch ʼay ow le achi.
kono jel ri ala xik keʼetz ʼanik.
jas ru kʼ xkiti j wile ki ri kil ?
aninaq il kat p etik.
nara x tauw ach le juy ub ʼ.
ri tz ʼalam tz ʼib ʼab ʼal ra x kkay ik.
we ch atchakun ik, kʼo awa.
m aʼ t am x a t p e cheri w aʼim.
kamul kinwaʼ na.
ri sik il ktijow ru kʼik.
kimb ʼe aqʼan ru kʼ le al t alin.
xoj ʼe k x eʼq il al arqas ok.
x e kiqʼil le aj chakib ʼ x kiw ok leja.
mat anex waj le kʼu hjn em ru kʼ le ateʼk.
are x eʼopan chi uch iʼ ri juy ub ʼ, x kilo chi man qasta kʼo qʼayes.
kʼate kʼut, ri jesus man k kojon ta ch kech rie ʼ areʼ, rum al rech che kono jel re t aʼm kiw ach,
p aʼ tz ri j ri tz ʼiʼ.
juwinaq waqib ʼ qʼataj.
atela qʼom.
x aqat j oʼs.
ri qʼatz u, are qʼalaj riu qʼijil.
aj chak we ala.
ub ʼeleju kakʼal taqanik (29) .
keb ʼ n ub ʼiʼ kʼolik.
la katzali j lu ʼ la aninaq ?
katzukun la chwe.
la kaj la koj b ʼeʼ p ale ch omal ch w eʼq ?
x in nab ʼej chu tasi kqa kʼolib ʼal .
l al x in toʼ wik.
sib ʼalaj a noʼjib ʼal .
xoj p etik x ol qa kʼam aʼ.
sib ʼalaj j eʼ lik ri uw aʼl ri i ch aj.
kʼa xwi j rum al in pa chalik.
aret aq x u kʼul maj waʼ x ul ri uchoman ik x ub ʼij : are utz waa qʼab ʼ kin walij ik , are ch aʼ cha nim kin opan pa tijob ʼal, maj chikin kʼul maj.
oj ajxoj olob ʼ pa awas qʼij.
x in sach che leuw okik le tzij.
e julajuj ri akʼ.
x u ta jamp aʼ kojʼe k.
qil ik .
ri tijox el man are ta nim chuw ach ri raj tij. ri utz tijox el qas je riʼ kʼolik jas ri raj tij.
in x atin ch ʼay o.
noʼjim chak w um al.
ch ʼu r ri joch ʼ .
in kinb ʼij nakat sach taj.
uj may ab ʼ.
ri ab ʼaj y a tzalik.
ta jin kep ixb ʼax ri akʼalab ʼ.
chom ria q.
x in warik.
e lem en kono jel ri akʼalab ʼ.
ta jin kqʼan arik ri wer eʼaj.
le u kemik le pas utz ( chawe ).
x u y u p u b ʼauw ach raʼ chi, kach aʼ, .
ri satanas kokp ari jud as ri kb ʼixis kariʼo tech rech , ri areʼ jun ch ki x oʼl rie kab ʼ lajuj.
chu chu ri par .
kin qum uj ri nu joch ʼ.
chech punción lumbar am aqʼel ra jawa xik chech ri lik le u kʼe xb ʼem wile nab ʼe ru kʼ le ukab ʼu kʼutun em ley ab ʼil al.
qʼalaj chi naka waj taj kab ʼij.
kʼo qʼol chiri j ri siʼ.
jawi xoj ʼe wichu loqʼik ?
kʼo u lo ch ʼ ri talin.
qʼan ri j ria tiʼt nu kej.
la x tzali j la iwir ?
x e sikʼixik, kʼate kʼu riʼ x ey a jik , x u quj eʼ x e t aq b ʼi cheu sikʼik le mes .
la kixwa rik ?
are kʼu lepaloma xx ub ʼij che: - mam katb ʼison taj, kin sikʼi j ni kʼaj w ach iʼ l ke rapa p ik.
aʼ re e tijox el ab ʼ.
ri alajali siʼ l x ub ʼij x qa chapp a utz al ri ty ox.
x sach on ch ke jachin x e atinik.
jas x u ray ij le a nan x u tijo?
x in kosik.
ra x rono jel ri qʼayes rum al le jab ʼ.
kin y a waʼ we ch ʼi ch ʼ pin em nautz.
noʼjim up ach ʼu xik le nu wiʼ.
na j kʼowi lew oʼ ch chuw ach le tijob ʼal.
ri okib ʼal kʼo chiuw ach ri saq ja.
x e nu taq ch ʼi j ke kil le akʼalab ʼ.
kʼo jun qʼoxow em chiwe.
tzari ch oʼm .
we choj b ʼep ale nima qʼij , keq il le aj x ojolob ʼ.
xoj ʼe k x eʼq il al arqas ok.
ria teʼk x u taʼ chech ri nan toʼn: - nan jasch eʼ chiman kaj ta la qa kʼa tisaj ri j oʼq.
ri pal sib ʼalaj x u ʼ y.
kinkoj ri j okb ʼal ulew.
in kinb ʼij nakat sach taj
atraj kun le nu nan .
kuqam uj uj oron ri aj tzij.
lu ʼ tz ʼalam ub ʼiʼ ria chikel pa nim ch eʼ.
j eʼ li ku tiʼ jol al ri saq koʼr .
kʼo jun x aʼ r pa ja.
x in loqʼ jun kʼa kʼp at an.
kʼa x u kemik le p asaw um al.
aninaq u kemik le p asaw um al
ri ch ʼaʼ n sachinaq p at aq ab ʼix.
ra x t aq le kotz ʼiʼ j.
me som kanoq ri up am ja.
man aret ara lax kosik.
ri komon x echpup rech u qʼab ʼ tinamit x oʼl ab ʼaj rech qʼumar kaj.
la utz akikkʼus ub ʼ ta jin ku ʼ ano?
katel a!
na x u tij taj.
x a rum al ketaʼm kono jel ri winaq kkiqumuj le jaʼ.
iwir x u j tzali j la pa kʼay b ʼal.
qet aʼm cheri qa wakuj u toʼo.
ri aj tij, ky a jon chikech ri akʼalab ʼ.
jasub ʼanom le nu ch ʼu ti t at ?
ch weʼ q kinb ʼepa nim tinamit.
utz we kiw et aʼmaj jas kub ʼij ri cholb ʼal qʼij.
ta jin katj ilow cheu qʼoxom jolom aj.
x in ti kqʼax chiuw ach ri ja.
kʼa x le kib ʼele winaq.
loqʼ katkun taj che le y ab ʼil ( covid -19 ).
ri nu xib ʼal kel pa qaj b ʼal qʼij.
x ri l ria x wan chi x waʼ ri ala.
le alix ku nataj ik.
we ta kap elej ab ʼ kamik.
x in we t aʼmaj china x a t p e taj.
ri p waq rech we qʼataj riʼ kesa x chech ri toj b ʼal kʼay in em.
ktij ri uw aʼlik rum al ri kinima qʼij.
x u chapu kunaxik.
chatan loqa li.
x in x u liʼ qaj oq.
j eʼ lik ktijow ri taqik ox.
kʼate kʼu ri le t at x oʼ r x ub ʼij , man kawaj taj, man ka waj taj.
kʼo juntz ʼiʼ p ab ʼe.
kamul x inp e che atz ukuxik.
man ta jin ta kin chakun ik.
kin chakun ik rech katwaʼik.
jas ru kʼ x a wil wichixki qupi j wile tiʼ j.
jasub ʼixik …?
koqʼ ria kʼal .
kawaj nakat ʼe taj.
x atqʼaj ik.
w em na cha lo qʼax iy al , na kimb ʼe taaw u kʼ.
x opan lew u jaw u kʼ rum al we ch in.
are kʼut p aleju y ub ʼ kkʼiyj oron, chi laʼ x e kikʼama wiri j aʼ ri winaq.
koqʼ ria kʼal .
we kʼo a ra jil cha kʼam aloq.
are sib ʼalaj kaq le apoʼt chuw ach le nu poʼt.
x in kʼas taj p akab ʼ lajuj kaj b ʼal .
kaq oy ʼej naki x p eta j.
ko kaxim ri chi j x a je laʼ man kanimaj tab ʼik.
ri kok nojim xb ʼe k, x u ch ʼi jox opan p au kʼisb ʼalil le anim.
xoj kiʼkotik aret aq x at ulik.
kaqitz ʼ naj ri ux a jab ʼ ria kʼal .
ri jesus k waʼkat p ari nim rachoch ri dyos, chu x eʼ ri jun jache rachoch ri sal omon.
we taqanik riʼ kub ʼij chi ra jawa xik ky aʼu qʼij ri winaq x u quj eʼ ktoʼ aninaq il.
ria x u x are nari u kun el ri kinaqʼ.
aret aq waʼ ri u qʼijol we taqanik.
kʼo jun tab ʼal p auw iʼ ri x kanul ub ʼiʼ lajuj noʼj.
y u ʼ l ub ʼanom riu kolob ʼ ri kej.
x a nim aj ri akʼal chiuw ach ri uch uch.
kkunan ri achi.
kin waʼ ik rech na kiny owaj taj.
aj x ik ch ʼi ch ʼ ri lu ʼ s.
kwaj che ix kixb ʼanow ik.
aʼ re x e toʼ wa laq.
xoj ʼe k x eʼq il al arqas ok.
x in loqʼ jun ch ʼi ch ʼ, qaj inaq uw ach.
ku tʼis ri pant alon.
e janip ale awal kʼwale kʼolik ?
utz u kemik le pas chawe.
ri max are aj qʼaniy aʼ.
matab ʼ achi riq kʼa xp aleb ʼe.
ta jin kanimaj , rim eʼ s.
ix ix eʼ laq ʼomab ʼ !
x sachan ch we.
e kʼo kʼi ch eʼ, chiuw ach ri juy ub ʼ.
are waʼ ri nim alaj p ixab ʼe are waʼ ri nab ʼe.
x ret aʼmaj chi ru kʼ pa kʼ ku tij wi
jas utz akik le sub ʼ x u ʼ ano?
aj x oʼ y ri wikan.
we ta ne aʼ re x etijow le rik il, are le komon x etijowik.
sib ʼalaj aninaq kach ʼaw le areʼ chi nu w achin.
utz we kinchakuj .
meʼs laʼ.
kʼo kanw arech kaqatijo.
x in sikʼi j la.
ria kʼal x sach kanoq je laʼp at aqʼaj .
x e sikʼi j la.
jawi xkib ʼij wi chikeʼe wi?
rum al che, man ix ta riʼ ri ki x ch ʼaw ik, are ri ru xlab ʼa xel ri it at riʼ rik ch ʼaw nai w u kʼri ix.
kʼa kʼri w achoch.
sib ʼalaj utz kinwil le atz ʼyaq rech nahuala.
saq pork kay ri kipoʼt ri nan.
x sach on ri nu chak ch we.
waʼ im x u chapo.
ri qʼaqʼ ta jin kaj uluw ik.
na jil up am ri siwan .
e kʼo riq achalal pa chiuw iʼ la.
jas x a t aq ch iʼ j le akʼal ch u tij ik ?
noʼjim u kemik le p asaw um al.
kʼo jun ku kub ʼiʼ t intin, waʼ le laj kukmam kaj e qit aj , kapa qika x u lik p auw iʼ u qʼab ʼ t aq ch eʼ, sib ʼalaj sa kʼaj , keʼuto lee nim aʼq , ch ʼutin, ra ch iʼl , aj sipan el sib ʼalaj utz ra nim aʼ.
ri up ixab ʼ le qʼatb ʼaltzij kiy aʼub ʼixik.
na x sach on ta ch ke x eatinik.
x eq il le chik opp uw ileja.
x loʼ taj ria kʼal .
qono jel kuj waʼ p au wiʼ ri mex a.
x sikir le waqan .
lax a twaʼ kʼut ?
nim ub ʼaqʼ rit ulul.
kin x ikʼi kʼik x in qʼaxik.
la katb ʼep ale tinamit ?
ri pal sib ʼalaj saq ʼor .
kqʼoxow nu jal om.
x in naʼo chi kat p etik.
x loqʼ ulew iwe ch ix.
x in chakun ru kʼri num am.
na x qab ʼantaj .
k kʼojiʼ b ʼaʼ ri u sipan ik ria jaw x el jesus k ri sto ru kʼri aw u xlab ʼal !
kin ch ʼaw ru kʼ le nu nan p ale ch ʼaw eb ʼal.
sib ʼalaj qʼeq u ʼ m rum al rimay ul .
are leba x u lik.
xekos le ixoqib ʼ p aleb ʼe.
kʼax ri lik le akʼal chawe.
x in qʼiʼo x in atinp aj oron.
sib ʼalaj nim le tinamit.
kʼa x u kemik le p asaw um al.
x in sachik.
ta jin kelu kikʼel pa raqan ri tz ʼiʼ.
x in we t aʼmaj ri lik wib ʼ
ri qʼuqʼ are jun j eʼ l chikop.
kʼopa ja tijob ʼal ri wikaqʼ.
ri sachib ʼal mak raj wa xik chi qa x oʼl .
j eʼ, kimb ʼek.
jel al eʼri nu p wiʼ.
x ub ʼij che: - jas x ab ʼan otin tin?
kab ʼanjun toqʼob ʼ ky ak ri nu jal .
kat ʼe k x inta.
jas leu kʼe xb ʼem rib ʼ le jun ru kʼ le jun chik ?
aj chiuw iʼ mi qʼin jaʼ ri lu ʼ .
ri tijon el naj kpe wi.
teʼki x chob ʼu b ʼiʼ ri nu t at.
ri j aʼ kamiqʼik chiuw ach ri qʼaqʼ.
rit ʼu ʼy kpa qʼow ik.
kinme son na.
na qa jat kʼo wichiwe ch .
x in b ʼi son ik taq na x a t pett aj.
we x kamri winaq , ri p waq rech toj b ʼal makaj ky aʼ chikech ri ra la xik.
ri nu nan x b ʼepa kʼay b ʼal.
xoj u kʼam uloq rech koj ri lo
x kʼoto chin chikiw ach chi kin waʼ aw u kʼ.
na xki kamsaj taj x kikʼam b ʼi ch oja.
kʼa kʼri ikʼ kamik.
x im b ʼe ru kʼ le aj kun iwir .
ri lik.
le tz ʼiʼ x ekosik.
x in kikotaw u m al.
ri im ul x u maj ria nim , x u y akan le ko k.
kʼo oj che ria kʼal .
x u j b ʼep ajun kʼulan em.
utz we kwar al aq.
kaqilo china koj u kʼam taj.
x ret aʼmaj chi ru kʼ pa kʼku tij wi.
sib ʼalaj x in kʼaʼna rik.
x in ko chi j ri nu wa.
man katkowin taj katchakun ik, we man kʼo taria jil ab ʼal.
we w onon x ub ʼij chike: -ki x into.
ri ala nimk ri l wiri u m am.
x kaʼ y chiri j, x kaʼ ychuw ach, ma kʼot achi jun ksi lob ʼik , x oqʼik x u x eʼ j rib ʼ x ch ʼopin ik x tzali j loq x u riq tachik ri ub ʼe.
kʼop us cheri wa.
pinem nakab ʼe lewatz, kimb ʼe wi in pa kaʼ y ib ʼal .
ri nant oʼn nim winaq chik , saquw iʼ , rono jel aqʼab ʼ utz ku naʼo kat ʼu y iʼ p au tem , ku miqʼisaj rib ʼ chori qʼij , kʼo junuw iʼ u mam ub ʼiʼ a teʼk.
man e kʼit aj riqu laʼ.
qʼalaj chi naka waj taj kab ʼij
x paqab ʼisa x ra jil rono jel ri kem.
kʼop ari jul ri kumatz.
rono jel qʼij kin ch ʼaj le nu w are.
saq chik an lei ch aj rech katz ako.
chux ele qachomal kaqatij wijunqam eqʼin.
chawi laʼ.
e kʼo job ʼum iʼ al, ri nu t at.
jas ru kʼ x a wil wi
j eʼ jas ri winaq rech ri uw ach ulew, x oq uj eʼ kepena riʼ rie ʼ areʼ chee rech ri uw ach ulew; j eʼ jas ri winaq rech ri kaj , x oq uj eʼ kepe nariʼ rie ʼ areʼe rech ri kaj.
x in tijo.
ktz ʼujuw ri rachoch ri poʼ x .
x u qʼiʼo are leu kʼulel xy aʼow u wa.
ri awel x ret aʼmaj chi ra jawa xik man ku xej tarib ʼ cheri tukur.
ju kʼulaj winaq x eʼani maj b ʼik.
j eʼ , x in tzali j ik.
xoj p etik x ol qa kʼam aʼ.
maj jachin x ʼe k.
ina j tij; at tijox el.
saq uw iʼ ri t at aʼ.
we ch ri kem.
le roʼ ch le at eʼ kkʼo ch w ach le u kʼay le nu nan.
kb ʼep ari siriʼ a e p ari si li siʼa, jawi j eʼ kuy a wiri kichu qʼab ʼ ri komon ty ox.
p ixab ʼ : man utz taj kʼa x kuj ch ʼaw chiki j ni kʼaj qa ch il.
x ku nataj le ali ( kumal ri ixoqib ʼ ).
ri x ib ʼib ʼal chi kʼo wip at aq ri qa kʼas lem al rono jel qʼij.
nakuj war ta war al.
on che kkʼojiʼ ri utz il chi x oʼl , are ch junam ri qa kojon ik, junam ri iwe chi x ru kʼri w ech in.
pa ox qʼij ri saʼ n kb ʼe naru kʼri aj kun .
kawinaq w uqub ʼ.
jas kawaj kin tijo?
we ta x atb ʼe w u kʼ p ale tinamit, x a loqʼ t al aʼ le u jast aq le akʼa jol.
keb ʼepa waʼim.
x in loqʼ kʼiwa.
p ajun nim kʼa ch eʼ laj , kʼo jun kʼwaʼ sib ʼalaj saq lo loj , nimu w ach.
kwaj katijjub ʼaʼ wa.
rono jel winaqk ri l nari ukolon em ri dyos ».
x kʼoto chin chikiw ach chikin waʼ aw u kʼ
kwaj nakat ʼe taj.
la x aloqʼ junalej ?
e kʼo rie loq ʼoman el .
ri ukab ʼ ub ʼiʼ ri num am are y ay.
kinjopi j ri ij aʼ rech triko.
x naʼtaj ch ke x e atinik.
x a teʼ qilaʼ.
kakitij alan x a x ri winaq.
. . . kinb ʼij chi are waʼ sin x iʼ an.
na x in nab ʼej ta ch u tasi kqa kʼolib ʼal.
rum al rech chewe ri in, kinch ʼaw ru kʼri dyos pa ch ʼab ʼal, kch ʼaw na kʼu riʼ ri w u xlab ʼal ru kʼri dyos , kʼate kʼut man kʼot aup at anriʼ ch rech ri nu chomab ʼal.
x ep etik xkilo.
x u ta we kat ʼe k.
utz u kemik le pas chawe.
ri nu waka xx u tij jun qʼoqʼ rum al riʼ x kamik.
rum al ri kʼi x , man ke waʼ taj ri winaq.
x eʼ u lik.
qʼeq ri j ri am aʼ chi j.
x raj kaʼ e leu nan.
junam ki junab ʼ.
na qʼalaj taj wekaʼek.
ri wix nam ch ʼaj ch ʼoj ri rachoch.
war al man kʼot aj a jawal .
na iwir ta x ri l le kʼamolb ʼe.
x inp e loq te kʼu riʼ x in tz u kuj rono jel ri nu ra jil .
ri aj t ikon el kutik ri tzij.
kʼo e ki kʼajol le achi jab ʼ.
ku tij qʼayes ri ixp aʼ ch .
p ari waʼ b ʼal e kʼo kawinaqa chi jab ʼ.
sipoj inaq ri nu p am.
kay aʼtaj ik ru kʼut iʼ on em jun riu riqom ley ab ʼilam olots etsé x u quj eʼ are kay aʼtaj p at aq ri juy ub ʼ.
jachin ri achi ?
ri nu mam x kamik aret aq kʼo jumuch ʼ lajuj ujunab ʼ.
kin kowin ik kinkʼam b ʼil e p waq .
kin wilo chi utz ri aj iʼ.
x inqʼi l ri apoʼ x che man kachakun taj.
k waʼ chiuw ach le t aqʼaj ri am aʼakʼ.
ri im ul x e poqʼ ik p ajun ikʼ.
x kʼis kanoq ri qachak.
are ri ali xoj ilow kanoq.
sib ʼalaj ch ʼu ʼ j ri amax.
kʼo nu w ach iʼ.
in cha jin el kech le akʼalab ʼ.
x ekos le tz ʼiʼ.
kinb ʼenak u kʼri molaj.
rono jel aqʼab ʼ kiny i tz ʼ ri waka x .
kara pin ik x u tz ukuj chi juna waj.
le u kemik le pas aninaq ( aw um al ).
maj u ra jil le qʼab ʼ arel.
kʼa x riʼ ri kach ʼaw ik.
x o jutaq ch iʼ j le achi ch u loqʼi kichaj.
sib ʼalaj kʼa x ri x kʼul ma xik.
x kilo china kin kʼoxomaj taj.
x naʼtaj ch ke chi x e atinik.
x kʼoto chin chikiw ach chixo jal w oʼ qa ku kʼ.
jun qʼu ʼ qra jil ri ka x laʼ n wa.
x in wilo chi x eʼ e lik.
e kʼo ixoqib ʼ p ale kʼay b ʼal.
man kʼotaj u kʼisik rimay ab ʼaj lab ʼalil.
ri sink kʼiyp at aqʼaj.
ri ch ʼi ma man kkʼiy taj p at aqʼaj.
ra jawa xik kjikik ri waq än .
kawaj kinʼek.
e kʼo oxib ʼakʼ.
x ub ʼij ch we jawi at kʼo wi.
ch weʼ qkuj b ʼeʼp am u quj .
pa saq kʼaj aʼ kb ʼan wiri uq.
xoj kisikʼi j.
x in wil wib ʼ.
ch aqʼ chik ri wa.
kimb ʼe naka p alew oʼ ch .
kawaj kinʼek.
ri ch ʼu ʼ kti j ru kʼ le j.
p ari ki qʼij kaminaq ib ʼ kb ʼan qʼori kʼy aʼ rech aj : nab ʼe ri nan ku tz ukuj kan ri aj , ku jach ʼoʼ x u quj e ku kʼe to.
jas kaj b ʼal cha nim ?
utz u choman ik ri ali.
p ari qʼij oxlajuj tijax kinkʼis keb ʼ junab ʼ kin chakun war al.
sib ʼal ajko, ri kʼa kʼ ch ʼat.
jas karaj kub ʼij …?
ri ch ʼi ch ʼ kasil ab ʼik.
pa ojer qʼal pul x aq x u wiri nim winaq ke kʼamowb ʼe.
le ukuna xik le ukab ʼu kʼutun ik are ru kʼe flor nitina on utunib ʼaxik le ni furtimo x ch iʼ le flor niti nachech t. b. g.
are ri achi x in ch ʼay owik.
jun achi ub ʼik u ʼx u sipaj keb ʼ kʼaʼm ulew rech kab ʼanri tijob ʼal, kamik , kʼo chi kaj tij rech ri komon x ech pup.
x u m al ty oxij cheri aj tij rono jel le x u kʼut chiuw ach.
p ari b ʼe x kiraq junala jim ul saq ri j, x kikʼam b ʼik.
x ri l le b ʼal e ala.
jas kub ʼij ch we ?
le u kunataj em are ru kʼutz ukuxik le uch ikopilp ajun u solik ux eʼ le kikʼon lej aʼ rech jun nodo.
utz we nu tz ʼiʼ.
j eʼ, ta jin kachapon ik.
ki nu loqʼoj le nu t at.
kawaj kimb ʼepa tinamit.
are laʼ kinchakuj .
ri nim aʼq taq winaq kʼo ketaʼmab ʼal.
we ta x atb ʼe w u kʼ p ale tinamit, x a loqʼ ta waʼ we jast aq .
ri kikʼas lem al . wa ixim ulew xajun chi maareta tinimit ri ma
ri u kʼy ab ʼal naj up am.
x at qaj chiup am ri il.
nojim katwaʼik.
we kʼo jun ktu qaʼ rik, ¿ la man x oq uj eʼtaj kin tuq aʼ r ri in ?
ojoj w okol ja.
awas kb ʼan kʼa x che jun nim winaq.
x in ch ʼaw apan ru kʼ le wa nab ʼ.
kʼa x riup am ri ju ʼ l.
ta jin ke waʼ ri im ul.
la kaj lak uj tzali j la aninaq ?
rum al rech cherima kaj man kʼot au kowin emp iw iʼ ri ix: ri ix man ix kʼot achi ch ux eʼrip ixab ʼ, x a ne ix kʼo chux eʼri sipan ik.
nim raqan le ch eʼ.
x in chapo.
are letu ʼ r le loq ʼoman el .
x as katkʼojiʼ chiup am ri ch ʼi ch ʼ.
sib ʼalaj nim raqan ri kʼam al b ʼe.
le tz ʼib ʼab ʼal we ch in.
in x in toʼ w la.
x a je kʼu riʼ ri ix kamik riʼ man ix ka xlan winaq tachik; ri ix, ix rech ri ki tinimit rie ty oxlaj taq winaq, ix rech ri rachoch ri dyos.
x in tiko x la j kʼali ch aj.
kaqa riq qib ʼ chweʼq.
sib ʼalaj utz cheri w iʼ aj ri tuney.
we na jupulik ta xe qaj ik...
x in toʼ t aj cheri nu chak.
kʼo jun chikop ub ʼiʼ p um.
poqon ri ik.
xoj b ʼin ik.
x u ch ʼe k rono jel le ret aman ik x pa qiʼk kʼa x kwʼin ik x ub ʼanaj kun .
kel ub ʼik p ari jud eʼa e ktzali j chi ub ʼi jumul p ari galil eʼ a.
x in a x ib ʼi j p ab ʼe.
j eʼ l kʼo lem chiaw achoch.
rono jel riy aʼtalil p awe qʼataj , tz ʼaqat kiw ach, man ktzaq ta kanoq x u quj eʼ man k ta st aj.
x u kunaj ley a wab ʼ le aj qʼij.
chi t at ab ʼej jas le kimb ʼij.
ch ʼan al ri achi.
p ab ʼokoʼ kachakun wiri ta x .
uj kʼop auw uq qʼij.
kiʼ ri ukab ʼ ria qaj.
kʼo rachalal pa tz ʼoloj ch eʼ ri p eʼ l.
x kilo chi kinkʼoxom aj.
ri u kisa kʼu tz ky aʼik chiux eʼri ti koʼn .
aret aq ch iʼ kaqʼanp uw iʼ ri jukub ʼ, ri achi chex kʼojiʼ ri itz elu xlab ʼal ru kʼ , kuta ch rech ri areʼ, are ch kkʼojiʼ ru kʼri areʼ.
nakab ʼantaj taw um al.
x naʼtaj ch ke x e atinik.
x in pa j ri nu triko.
x eʼ ok ri p okʼ pa riumex a ri poʼ x .
kaj uluw ri aqʼaʼ l chiux eʼri t ʼu ʼ y.
awe ch leja.
x u j b ʼepa tz u rik.
nab ʼe x at opan ik.
ri ukab ʼ ub ʼiʼ ri num am are y ay.
uw aj x aq u kakʼal taqanik (28) .
mata kʼo jun ka kanaj kanoq, qono jel koj b ʼek.
e nim aʼq le al tomab ʼ.
nim uw ach ri poʼt.
kojon ik p ari u tzij wa ixim ulew.
jas x u kʼam b ʼil etz ʼiʼ x a wilo ?
x in p etik , t at.
ri b ʼelaj uw ach.
chi t at ab ʼej jas ri kimb ʼij.
j eʼ l ku naʼ ri ab ʼix chiup am ri quq ulew.
kinb ʼisoj uw ach lewal.
x u t ʼu y ub ʼaʼ.
nim ria we qe leʼ n x a riqo.
x in eʼ waʼ oq.
ch iʼke war wile akʼalab ʼ.
ri nu miʼ al x u taq loq jun taq oʼm w uj chiwe.
qʼeʼ lik , ri ch aj p ari b ʼe.
la utzaw ach ? - utz mal ty ox, e kʼu ri at ? – utzm al ty ox.
x in kos rum al nu chak.
kb ʼe ku kʼrie ʼ areʼ e ktzali j p ari nas are te keʼu nimaj.
ri joj x u kʼam b ʼik ria kʼ.
kʼo chi w ach iʼl cha nim.
kub ʼij chech naʼl kab ʼan cheri atz ʼib ʼ.
e. . . in kawaj katz joj b ʼil a chwe.
ma ta x in ya j le ali.
jachin ru kʼ katb ʼe wi?
kʼo sib ʼalaj e t aʼmab ʼal p ari may ab ʼ noʼjib ʼal.
e man x ori jupuq ke j.
kasu mum ri ka qiqʼ.
e kʼo kajib ʼ akʼalab ʼ p aleb ʼe.
j eʼ jas ri u t atk kaʼ y ik.
x a qa t molon el tzij t al.
le nu t atkaloqʼon chwe.
x aq ta ne kimb ʼe iw u kʼ.
x ret aʼmaj uch ʼaj ik.
rum al laʼ x koj “ x al qʼat” che ub ʼiʼ ri komon.
are leu kemik pas x ret aʼmaj.
ri wat iʼt kub ʼan nari up at an .
kʼa kʼ le poʼt.
ret aʼm uw ach jachin x loqʼow ri pas.
kench ʼab ʼej le akʼalab ʼ.
y aʼtal cha qe qono jel ri uj winaq utz kaqil qib ʼ.
x kotiʼ pa qʼayesx oqʼik.
kawinaq b ʼeleje b ʼ qʼataj.
e kʼo kajib ʼ r al ri i mul, jun saq , jun qʼan , jun qʼeq , jun qʼeqoj , sib ʼalaj ketz ʼan ik, kech ʼopin ik ri alaj taqim ul.
kcholo l ri achachal.
ketekik ri ikʼ.
x ep etik rech ke waʼ iw u kʼ.
tzatz ri uqʼan il ria kʼ.
xoj tzali j ik x ix eʼ qa qʼatuj ku kʼ le it atinan.
ri y oʼ x t aq akʼalab ʼ ke kikʼux ri atz ʼyaq.
we achi we x u sipaj jun poʼt ch we x kamik.
kkowin ri kunan el che kunan ik.
x ji qʼ p ari polow.
x a rum al sib ʼalaj ra jawa xik le lo qʼalaj jaʼ, le winaq xkib ʼij : chewe ikʼ riʼ qono jel kuj b ʼe che utikik taq ch eʼ.
ri una ne rie rachalal kepe u loq ru kʼri areʼ, kʼate kʼu riʼ, man kekowin taj keqib ʼu koq ru kʼ , rum al rech chee kʼo sib ʼalaj winaq.
rum al rech , che man kʼot ajun kkowin cheu kojik jun tikib ʼalil chik chuw ach ri kojom chik che are ri jesus kri sto.
te kʼu riʼ x u tz ʼib ʼaj rib ʼ p ari nim alaj tijob ʼal rech aj ku ʼ n.
ka jul uw ri ch ʼum il cha qʼab ʼ.
kʼisb ʼal kanoq, x oq uj eʼ kkam ri ixoq.
le alax okik.
kʼop waq p auw iʼ rimexa.
are kawaj na kinʼe taj.
ri y a wal ku koj ri alichi ux eʼ ri cha kachare u su ʼ t.
na kaqa kʼam tu ʼb ʼi kamik.
ri aj tij kub ʼij chike: ra jawa xik ke qa chaji j ria waj , are utikoʼ n ria jaw.
x in tij mukun iwir .
kʼa x le uw iʼ t aq le nu qʼab ʼ.
x in loqʼ jun il b ʼal wib ʼ.
waʼ we qʼij , nim ub ʼantaj ik.
ri ux eʼal ri qa tinamit man kasach taj.
xoj b ʼin ik.
ri achalal junam kiw ach.
x in we t aʼmaj ri lik wib ʼ.
nim ri u naʼoj waj tij.
mi qʼin ri kʼul .
aj qʼojom ria teʼk.
che le san ik ch eʼ kb ʼan wiri qʼojom.
kape le aw el p ana wal jaʼ.
ri meson el ta jin kchakun ik.
utz cha qe kaqatoʼ qib ʼ , t aq kʼo kʼa x kʼolil , kate we ch iʼ n ria jaw pa qaw iʼ.
x a wilo, x qʼatan le ib ʼ oy.
x a t kowin ik x ab ʼano.
kiʼ ri kʼa we x .
kajil il rib ʼe.
le alix el b ʼ ik.
areʼ x raj x in b ʼano.
nim we ab ʼaj.
j eʼ li ku tiʼ jol al ri saq koʼr .
noj inaq ri kej.
we ka tijan x u x man katu toʼta chiu qʼatixik le kʼa kʼy ab ʼil corona virus ( 2019 -ncov) .
na nim ta raqan waʼ we ch eʼ.
utz alajaj chak , ri w el.
¿ jamp aʼ kuj b ʼepa nima qʼij ?
ra jawa xik ta ne laʼ katchakun w u kʼ.
x u taq ch iʼ j pa war am p ulew.
man areta ria x wan x e lik.
ria wix x u loqʼ rachoch re nim al.
are ri ixoq x in sikʼi nu loq.
ri ch ʼi ma kʼat ʼon na.
la x ib ʼan lei chak ?
kʼi tinamite kʼopa ch ʼoʼj.
kʼo jupuq chi j chiux eʼ ri ch eʼ.
ri ux aq ri ab ʼix are uw ari kej.
kawinaq qʼataj.
la kixp e pa tijob ʼal ?
we kecha jix t aq le kʼwajacha kinb ʼij ; jun alik kʼo jaʼ x u quj eʼ sib ʼalaj saq lo loj.
x ret aʼma j.
ri alab ʼom ri ali tomab ʼ ta jin kikitijoj kib ʼ rech su taq , are kakaj kikib ʼan nima qa chi jab ʼ chup am ri kikʼas lem al , x u quj e kʼo chik jupuq b ʼ ixon el chup am ri komon.
latz ʼuw ach rib ʼe.
kʼakʼ ria ch ʼi ch ʼ .
qono jel uj , uj may ab ʼ taq winaq.
no jel qʼij ria tiʼ x kuy u qʼuj le taqaw aj je laʼp ani kʼaj jaʼ, chiri j ri juy ub ʼ ub ʼiʼ te naʼ.
pa qʼom chik ri siʼ.
kin tzukun chela.
kakitij le kinaq ʼ, le ich aj , le uw aʼlik ru kʼ le j.
xekanaj kan le aj chakib ʼ.
ketikon ri achi jab ʼ.
sib ʼalaj itz el ub ʼantaj ik ri ch ʼil akan.
ria teʼk x u m al ty oxij cheri ra tiʼt, rum al ri utz alaj noʼjib ʼal x u kʼut che ch .
kkamulix u chak ri ab ʼix.
la x in utz ukuj le tijox el ?
areʼ kachakun rono jel qʼij.
le e kʼaʼnat aq tz ʼiʼ.
saq ri j ri plam ux.
jas x a qʼiʼox a tijo.
jas ru kʼx kichapwi u tij ik le ri kil ?
we kata tin ru kʼ kʼat an jaʼ man ku qʼate j ta le kʼa kʼy ab ʼil corona virus.
la katb ʼin p aleu xlan b ʼal ?
la war al kʼu x ix waʼ wi?
are le nu t at kin loqʼonik.
ta jin kchakun ri ala.
kʼo ri kiʼkotem al aw u kʼ .
x u ta jachin kaʼ ek.
x at waʼ ik x in wilo.
x tzaq ri rachoch rum al ri jab ʼ.
p ale jun ikʼ chik are nim aqʼij.
e keb ʼäm keb ʼin p au wiʼ ri tem.
mem ri achi.
ri wikan ch al iʼ y kel p ajuy ub ʼ ch witziri b ʼal.
le ra jil , la pa ja xel aqʼaxw u ʼb ʼik ?
p ari su ʼ t p isom wiri le j.
koj p etik kol qa kʼam aʼ.
ta jin kat ch ʼopin chiuw ach ri ta qʼaj.
le qʼorx ch ʼuq ik.
kʼaxw aʼi maw um al.
kinb ʼison che lewal.
sib ʼalaj kʼo kʼri awatz ʼyaq.
kamik x u j b ʼe che utikik taq ch eʼ p ari juy ub ʼ.
ki nu loqʼoj le nu t at.
chaq iʼ j chik ri ch aj.
x y il ix haway i.
na x naʼtaj ta ch ke chi x e atinik.
ru kʼ kʼu waʼ we riʼ, ri ix kkʼojiʼ junutz alaji kʼas lem al riʼ ch kiw ach ri winaq cheman e kʼot aiw u kʼ , kʼate kʼu riʼ man kʼot ajun winaq riʼ ra jawa xik chiwe ch .
e p etinaq p ab ʼele rachala xik.
kakaj le akʼalab ʼ ke waʼ ik.
x u jch ʼay b ʼik.
ri nu chak are qʼax el tzij.
kʼo naru xlab ʼ ria waj.
ta jin kel loq , ri qʼij.
x u qʼiʼox kamsa x ri rachalal choch.
ri num am are kʼo uqʼinom al.
x kʼul mataj jumul, x ub ʼanjun nim alaj jab ʼ, man x b ʼeye t aj ta na x u kʼis leu y uqʼ chike.
am aʼ ri nu tz ʼiʼ.
je waʼkat p etik.
x in kosik rum al x in chakun ik
iwe ch chi jujunal, ri wa.
x u qʼiʼona x at atintaj.
inriq taj inaq p ari kʼay ib ʼal.
na we t aʼm taj.
kʼa x le nu qʼab ʼ.
utz le x ub ʼij le achi.
kematz ʼib ʼ.
kʼo rachalal pa tz ʼoloj ch eʼ ri p eʼ l.
rono jel waʼ we jast aq riʼ, x as ksa ch wi uw ach waʼ ; ru kʼ we riʼ, ri ix, ra jawa xik che kʼo jun ty oxlaji kʼas lem al e kkʼojiʼ ri ich ʼaw em ru kʼri dyos,
x muq taj ri p atz ʼan .
ri ch ʼi ch ʼ tzijom kanoq p ari ukʼolb ʼal.
man kʼot au cholaj p at aq ria w uj.
ja chike ikʼ le u nima qʼij le tinamit na wal jaʼ ?
x e p etik x ol kikʼam aʼ.
kachu qʼ chu t ri j aʼ chiap am.
x in b ʼij iwir chi x eb ʼepa armita.
areʼ ux eʼ ojer tzij war al kʼi ch eʼ ub ʼiʼ.
x kʼis ri nu siʼ.
jawi xkib ʼij wi chikeʼe wi?
¡ x a je kʼu riʼ, jachin taq rie kʼop ari jud eʼa, chi cha nim cheʼa nim ajub ʼip at aq ri juy ub ʼ,
kʼa kʼ ri ab ʼ.
la kʼo jun naka kʼoxomaj taj ?
nautz taleu tʼisom le alma riy.
man y aʼtal taj chiawe kato kpa ja.
j eʼ, x a t utzukuj.
are kel waj x aq ib ʼu qʼij ri x kʼoj ik.
ri x u nkur kkʼojiʼp at aq ri triko.
x in sachik.
x u t ʼu y ub ʼaʼ
na nu tom ta le tzij …
w ach ʼom ri kiwari noʼs.
e kʼo job ʼ ch ʼil w akʼ.
ra jaw ixik chip at aq ri tijob ʼal, p ani kʼajub ʼixik chik
rira jawr ulew areʼ t at kel.
we kʼu x okik , we kʼna x ok ta
we achi x u sipaj jun p ʼot ch we.
a t at u taq oʼn le qʼataltzij .
na qʼan tauw ach le qa prut.
ri x aʼ r kʼop auw iʼ ri qʼaqʼ kpoqʼow ik.
rir oqʼej ri alija chakp ejuna kʼal .
kʼo junala pa tijob ʼal.
säquw iʼ rit at aʼ.
ri witz ikʼ ta jin kpe loq.
jawi x sach on wikan u y aʼik le p waq che.
utz we achiwe x in kunan ik.
qono jel kuj waʼ p au wiʼ ri mex a.
ri ka x laʼ n ik man poqon taj.
in x in b ʼe ru kʼri w ach iʼ l .
sib ʼalaj j eʼ l x kilo x e kitzoqopi j ri ki chi j chi laʼ.
kinb ʼin ik x inʼe k.
kʼa x kʼolik, ka ch aʼ.
ku tij ixim ri akʼ.
ri ali x chel, x u qʼiʼox ajuna kʼ x sipa x che.
x qa sikʼi j le ixoq ch utz akiksu b ʼ.
mata x ab ʼin saj le ch ʼi ch ʼ.
ri p ix tz ʼar alik rum al rie qaʼ n.
¿ jamp aʼ kel chi 3%
kʼo jun nu kʼo toj ch iʼ aj.
ta jin ke waʼkat ri alab ʼom .
x in loqʼ le nu kʼakʼapoʼ t.
nautz akik ta sub ʼ ta jin ku ʼano
xoj u taq ch iʼ i j x oj waʼ ik.
iwe ch ri ab ʼix.
saq ri j ri chi j.
aj sik cheri tinamit kel wiri t at aʼ.
- ¡ a y ! x a x in tzaq u loq, kʼa xwe waqan .
x kʼul mataj p ajun komon ch iʼ uw ach jun juy ub ʼ, x u ri qa jun qʼij x ki riq kib ʼjunim ul ru kʼ le ko k.
jas x a t aq ch iʼ j le akʼal ch u tij ik ?
x in chapo su x u loqʼo.
qʼinom ri achi.
ri kʼum ktijow ru kʼ kab ʼ.
ta jin kejach ʼan ik.
tz eb ʼalu kemik le p asaw um al.
are kay oʼw leu ch ikopille u b ʼantaj ik t ry pano soma brucei.
we kat niman ik utz kelik.
pero noʼjim al p etnaq loq , .
are len uchak jun tzuq b ʼal wib ʼ.
x kuna x ley a wab ʼ rum al le aj qʼij.
ri u kʼu ʼx tz ʼib ʼ pa qatzij e lajuj.
sib ʼalaj j eʼ lik rie qab ʼal x ub ʼanri lu ʼ s.
sib ʼalaj atkon.
e man x ori jupuq ke j.
na x naʼtaj ta ch ke x e atinik.
ri kʼam al b ʼe x ub ʼij chike, chi maj a ria nim.
jumuch ʼ ri nu junab ʼ.
qʼip taj inaq ri raqan ri tem.
kchakun ru kʼri josb ʼal ch eʼ ria jan el .
x a taq ch iʼ j le akʼal chu tij ik kar.
o j kʼop ale roʼ ch le awel.
¿ la kat pequ kʼ chweʼq ?
le winaq p ale ch ʼi ch ʼe t ʼu y ul lo wi.
x kanaj kanoq chiux eʼ ri jab ʼ ri ch ʼaʼ n.
nim ri ja.
we ta x a kunaj le at at mata x kam laʼ.
nan u kʼamom tu ʼ la riʼ.
ch qa nu kʼu ʼ ri qatzij.
kimb ʼep ale tinamit.
x in qʼiʼona x in atinta j.
ra jawa xik kakʼam an chawe le utijik le le j.
kʼisb ʼal taq noʼjib ʼal.
x in eʼ waʼ oq.
x kib ʼan kʼa x che le uw osaq rum al man utz tachika kay ik.
ri qʼutu ʼm man kech ta le akʼalab ʼ.
are na nim taleatz ʼiʼ chuw ach le nu tz ʼiʼ.
x ep etik x olkil aʼ.
¿ jaw ch iʼ x at aʼ che x kam ri u mam ri p oʼ x ?
e keb ʼ kekʼam b ʼik p at uj.
x in loqʼ jun ja p ari w okajja.
ria x tu ʼ b ʼ, kʼo qulaj chech.
jas karaj kaʼan ch utz akiklet iʼ ij.
x u tij le wa.
x im b ʼal re tzij.
x pa x ri b ʼ oʼj.
we kawaj katin toʼo x aq x u wi kab ʼij chiwe.
jas nu kʼu ku ch ʼob ʼ o.
jas karaj ku tijo?
x e x ru xlab ʼ ri rik il.
e ni tz ʼaʼ qle taqim ul.
we ta ne in x in b ʼanow ik, are le at eʼ k xb ʼanow ik.
kintzali j p ale nu tinamit.
ri nu ch aqʼ kʼop au roʼ qʼatoj tijon ik p ari tijob ʼal.
x in x iʼ j wib ʼ x in ch ʼaw ik.
kʼo ch war oʼ ch le pare.
chi raqan kab ʼin wiri t at aʼ.
x sach on kanu y aʼik le p waq chechoja.
x in qʼax chikix oʼl ri winaq.
ketikon ik.
ri ulew man qe ch taj, kech ri qatiʼtqam am.
x epe le winaq x ol kikʼam aʼ.
x u loqʼ ri w uj rum al ri ali.
chewe qʼij kamik kʼo jun nu tzijon em chiri j le nu tinamit.
kej riʼ.
x kunan alaq chwe.
ki nu sikʼi j le nu nan.
ri i mul x u ch ʼi j taj, x kanaj p ab ʼe, rum al ri nim al ku jaluj ri i mul, x u tzaq ria nim.
kub ʼanri ux oq ʼoʼl ri aj tz ʼaq .
ri la sib ʼalaj utz chek unab ʼal .
kʼi kiw ach rie ʼ aj chakib ʼ p ari komon ty ox , kʼate kʼut x ajun chi a jawx el ;
x qa ta chi x a t ulik.
kawaj chikat ʼe k.
ch ʼutiʼ n ke kanaj ri xajab ʼ chech.
kaqa x iʼ j qib ʼ kaqa chapo.
e kʼo keb ʼu kʼa jol le t at x wan.
lu ʼsub ʼiʼ ri recham.
aj chiuw iʼ mi qʼin jaʼ ri lu ʼ .
x in y akan le nu ch imp akʼay b ʼal.
kʼate x ri lo , x p e ri u nan che utz ukuxik , x kikotik , x u sal ab ʼisaj ri taqu xkin.
x kikʼut chi uw ach ri aj tij x u quj eʼ chikiw ach ri t aq ni kʼaj kachil.
utz le nu qʼab ʼ.
kul le alw eʼ l pa a u stincha qʼab ʼ kamik.
ria teʼk x tzaq loq arechi kʼop auw iʼ ri qʼaʼm.
aj p at anri teʼk.
x at qaj chiup am ri il.
la kʼo tzij na kikʼoxomaj taj ?
x sach on ch kech ix e atinik.
rono jel le ulewe ch alaq.
la xeb ʼe kʼula x eʼkij aq akʼule uch iʼ ja ?
x aq katch ʼok na jiwir .
kamik kʼo chiri jast aqaw e.
are ch iʼ kakʼis ri junab ʼ kʼo qʼinom.
pa na wal jaʼ x ina le xik.
na x in t ataj we are ria kʼal ki x tzuquw ik.
¡ r ulew ri sab ʼu lo ner ulew ri ne ftali, ub ʼe ri polow, r ulew ri jordan, g alil eʼ a kech ri je taqam aqʼ !
ra x, ra x, ra x, kʼo kʼ, kʼo kʼ, kʼo kʼ le ru xlab ʼ le taqti koʼn .
achi x a t wilo.
pa qal ra jil le p ix kamik.
xoj b ʼin ik.
p ajun j eʼl tijob ʼal ku tijoj rib ʼ juna kʼal , ub ʼiʼ poʼ x , utz ku ri lo kepa tijob ʼal rono jel taq qʼij.
x waj chi x a t ʼe taj.
utz laʼ le x ub ʼij le achi.
we t aʼam jachin kap etik.
kin qʼojoman ik.
x in qʼiʼot akʼalik x inp etik.
areʼ ret aʼm che kinopan ik.
aret ab ʼal e qa qa jaw chattoʼ wik.
kawinaq waqib ʼ qʼataj.
na qaj chik cheri uwaq kaj b ʼal aret aq ch iʼ ksa chuw ach ri qʼij , ko k ri qʼeq u ʼm chuw ach ulew, chi kʼateʼ nari b ʼeleje b ʼ kaj b ʼal.
job ʼ raqan ri tz ʼalam x ep oroxik.
sib ʼalaj ko ri j ri mop.
are waʼ.
je laʼp ari timinit ch wi kab y ok rech x elaju ʼ , le qanan qat at kakitikoj eʼ lalaj taquw ach ich aj.
kʼa x nu qul .
x u ʼ lu kʼam aʼ.
ko jul kitzukuj.
are man kʼa x taukuna xik are taqan inaq kaʼilit aj we y ab ʼil al x u quj eʼ moj oʼ qa kuy aʼ le kʼa x kʼolil chech le jolom aj.
ri w el kʼopa tijon ik.
kawaj kinb ʼij.
ri kotz ʼiʼ j kqakoj chiup am ri ja.
qʼeq qʼoj ri j ri am aʼkej.
na x waj taj x in ch ʼaw ik.
ch p etab ʼal e lo qʼalaj jab ʼ.
x sach on ch ke x atkisikʼi j.
e le qʼal ch ʼi ch ʼ .
jachin x a wilo chi are x tijow ri tiʼ j ?
mat akab ʼele nu xb ʼal p ale tinamit.
p im ru q, ri ali.
¿ kʼo rim uqʼe chiawe ch ?
kqab ʼij man kekowin taj.
kintij na.
kʼo jun qa t ʼu ʼy paja!
kʼop uj chiup am ri ch ʼaʼk.
aret aq kinkosik kinwarik.
x at waʼ ik x in wilo
in x in ch ʼay ow le achi.
kono jel ri ala xik keʼetz ʼanik.
jas ru kʼ xkiti j wile ki ri kil ?
aninaq il kat p etik.
nara x tauw ach le juy ub ʼ.
ri tz ʼalam tz ʼib ʼab ʼal ra x kkay ik.
we ch atchakun ik, kʼo awa.
m aʼ t am x a t p e cheri w aʼim.
kamul kinwaʼ na.
ri sik il ktijow ru kʼik.
kimb ʼe aqʼan ru kʼ le al t alin.
xoj ʼe k x eʼq il al arqas ok.
x e kiqʼil le aj chakib ʼ x kiw ok leja.
mat anex waj le kʼu hjn em ru kʼ le ateʼk.
are x eʼopan chi uch iʼ ri juy ub ʼ, x kilo chi man qasta kʼo qʼayes.
kʼate kʼut, ri jesus man k kojon ta ch kech rie ʼ areʼ, rum al rech che kono jel re t aʼm kiw ach,
p aʼ tz ri j ri tz ʼiʼ.
juwinaq waqib ʼ qʼataj.
atela qʼom.
x aqat j oʼs.
ri qʼatz u, are qʼalaj riu qʼijil.
aj chak we ala.
ub ʼeleju kakʼal taqanik (29) .
keb ʼ n ub ʼiʼ kʼolik.
la katzali j lu ʼ la aninaq ?
katzukun la chwe.
la kaj la koj b ʼeʼ p ale ch omal ch w eʼq ?
x in nab ʼej chu tasi kqa kʼolib ʼal .
l al x in toʼ wik.
sib ʼalaj a noʼjib ʼal .
xoj p etik x ol qa kʼam aʼ.
sib ʼalaj j eʼ lik ri uw aʼl ri i ch aj.
kʼa xwi j rum al in pa chalik.
aret aq x u kʼul maj waʼ x ul ri uchoman ik x ub ʼij : are utz waa qʼab ʼ kin walij ik , are ch aʼ cha nim kin opan pa tijob ʼal, maj chikin kʼul maj.
oj ajxoj olob ʼ pa awas qʼij.
x in sach che leuw okik le tzij.
e julajuj ri akʼ.
x u ta jamp aʼ kojʼe k.
qil ik .
ri tijox el man are ta nim chuw ach ri raj tij. ri utz tijox el qas je riʼ kʼolik jas ri raj tij.
in x atin ch ʼay o.
noʼjim chak w um al.
ch ʼu r ri joch ʼ .
in kinb ʼij nakat sach taj.
uj may ab ʼ.
ri ab ʼaj y a tzalik.
ta jin kep ixb ʼax ri akʼalab ʼ.
chom ria q.
x in warik.
e lem en kono jel ri akʼalab ʼ.
ta jin kqʼan arik ri wer eʼaj.
le u kemik le pas utz ( chawe ).
x u y u p u b ʼauw ach raʼ chi, kach aʼ, .
ri satanas kokp ari jud as ri kb ʼixis kariʼo tech rech , ri areʼ jun ch ki x oʼl rie kab ʼ lajuj.
chu chu ri par .
kin qum uj ri nu joch ʼ.
chech punción lumbar am aqʼel ra jawa xik chech ri lik le u kʼe xb ʼem wile nab ʼe ru kʼ le ukab ʼu kʼutun em ley ab ʼil al.
qʼalaj chi naka waj taj kab ʼij.
kʼo qʼol chiri j ri siʼ.
jawi xoj ʼe wichu loqʼik ?
kʼo u lo ch ʼ ri talin.
qʼan ri j ria tiʼt nu kej.
la x tzali j la iwir ?
x e sikʼixik, kʼate kʼu riʼ x ey a jik , x u quj eʼ x e t aq b ʼi cheu sikʼik le mes .
la kixwa rik ?
are kʼu lepaloma xx ub ʼij che: - mam katb ʼison taj, kin sikʼi j ni kʼaj w ach iʼ l ke rapa p ik.
aʼ re e tijox el ab ʼ.
ri alajali siʼ l x ub ʼij x qa chapp a utz al ri ty ox.
x sach on ch ke jachin x e atinik.
jas x u ray ij le a nan x u tijo?
x in kosik.
ra x rono jel ri qʼayes rum al le jab ʼ.
kin y a waʼ we ch ʼi ch ʼ pin em nautz.
noʼjim up ach ʼu xik le nu wiʼ.
na j kʼowi lew oʼ ch chuw ach le tijob ʼal.
ri okib ʼal kʼo chiuw ach ri saq ja.
x e nu taq ch ʼi j ke kil le akʼalab ʼ.
kʼo jun qʼoxow em chiwe.
tzari ch oʼm .
we choj b ʼep ale nima qʼij , keq il le aj x ojolob ʼ.
xoj ʼe k x eʼq il al arqas ok.
ria teʼk x u taʼ chech ri nan toʼn: - nan jasch eʼ chiman kaj ta la qa kʼa tisaj ri j oʼq.
ri pal sib ʼalaj x u ʼ y.
kinkoj ri j okb ʼal ulew.
in kinb ʼij nakat sach taj
atraj kun le nu nan .
kuqam uj uj oron ri aj tzij.
lu ʼ tz ʼalam ub ʼiʼ ria chikel pa nim ch eʼ.
j eʼ li ku tiʼ jol al ri saq koʼr .
kʼo jun x aʼ r pa ja.
x in loqʼ jun kʼa kʼp at an.
kʼa x u kemik le p asaw um al.
aninaq u kemik le p asaw um al
ri ch ʼaʼ n sachinaq p at aq ab ʼix.
ra x t aq le kotz ʼiʼ j.
me som kanoq ri up am ja.
man aret ara lax kosik.
ri komon x echpup rech u qʼab ʼ tinamit x oʼl ab ʼaj rech qʼumar kaj.
la utz akikkʼus ub ʼ ta jin ku ʼ ano?
katel a!
na x u tij taj.
x a rum al ketaʼm kono jel ri winaq kkiqumuj le jaʼ.
iwir x u j tzali j la pa kʼay b ʼal.
qet aʼm cheri qa wakuj u toʼo.
ri aj tij, ky a jon chikech ri akʼalab ʼ.
jasub ʼanom le nu ch ʼu ti t at ?
ch weʼ q kinb ʼepa nim tinamit.
utz we kiw et aʼmaj jas kub ʼij ri cholb ʼal qʼij.
ta jin katj ilow cheu qʼoxom jolom aj.
x in ti kqʼax chiuw ach ri ja.
kʼa x le kib ʼele winaq.
loqʼ katkun taj che le y ab ʼil ( covid -19 ).
ri nu xib ʼal kel pa qaj b ʼal qʼij.
x ri l ria x wan chi x waʼ ri ala.
le alix ku nataj ik.
we ta kap elej ab ʼ kamik.
x in we t aʼmaj china x a t p e taj.
ri p waq rech we qʼataj riʼ kesa x chech ri toj b ʼal kʼay in em.
ktij ri uw aʼlik rum al ri kinima qʼij.
x u chapu kunaxik.
chatan loqa li.
x in x u liʼ qaj oq.
j eʼ lik ktijow ri taqik ox.
kʼate kʼu ri le t at x oʼ r x ub ʼij , man kawaj taj, man ka waj taj.
kʼo juntz ʼiʼ p ab ʼe.
kamul x inp e che atz ukuxik.
man ta jin ta kin chakun ik.
kin chakun ik rech katwaʼik.
jas ru kʼ x a wil wichixki qupi j wile tiʼ j.
jasub ʼixik …?
koqʼ ria kʼal .
kawaj nakat ʼe taj.
x atqʼaj ik.
w em na cha lo qʼax iy al , na kimb ʼe taaw u kʼ.
x opan lew u jaw u kʼ rum al we ch in.
are kʼut p aleju y ub ʼ kkʼiyj oron, chi laʼ x e kikʼama wiri j aʼ ri winaq.
koqʼ ria kʼal .
we kʼo a ra jil cha kʼam aloq.
are sib ʼalaj kaq le apoʼt chuw ach le nu poʼt.
x in kʼas taj p akab ʼ lajuj kaj b ʼal .
kaq oy ʼej naki x p eta j.
ko kaxim ri chi j x a je laʼ man kanimaj tab ʼik.
ri kok nojim xb ʼe k, x u ch ʼi jox opan p au kʼisb ʼalil le anim.
xoj kiʼkotik aret aq x at ulik.
kaqitz ʼ naj ri ux a jab ʼ ria kʼal .
ri jesus k waʼkat p ari nim rachoch ri dyos, chu x eʼ ri jun jache rachoch ri sal omon.
we taqanik riʼ kub ʼij chi ra jawa xik ky aʼu qʼij ri winaq x u quj eʼ ktoʼ aninaq il.
ria x u x are nari u kun el ri kinaqʼ.
aret aq waʼ ri u qʼijol we taqanik.
kʼo jun tab ʼal p auw iʼ ri x kanul ub ʼiʼ lajuj noʼj.
y u ʼ l ub ʼanom riu kolob ʼ ri kej.
x a nim aj ri akʼal chiuw ach ri uch uch.
kkunan ri achi.
kin waʼ ik rech na kiny owaj taj.
aj x ik ch ʼi ch ʼ ri lu ʼ s.
kwaj che ix kixb ʼanow ik.
aʼ re x e toʼ wa laq.
xoj ʼe k x eʼq il al arqas ok.
x in loqʼ jun ch ʼi ch ʼ, qaj inaq uw ach.
ku tʼis ri pant alon.
e janip ale awal kʼwale kʼolik ?
utz u kemik le pas chawe.
ri max are aj qʼaniy aʼ.
matab ʼ achi riq kʼa xp aleb ʼe.
ta jin kanimaj , rim eʼ s.
ix ix eʼ laq ʼomab ʼ !
x sachan ch we.
e kʼo kʼi ch eʼ, chiuw ach ri juy ub ʼ.
are waʼ ri nim alaj p ixab ʼe are waʼ ri nab ʼe.
x ret aʼmaj chi ru kʼ pa kʼ ku tij wi
jas utz akik le sub ʼ x u ʼ ano?
aj x oʼ y ri wikan.
we ta ne aʼ re x etijow le rik il, are le komon x etijowik.
sib ʼalaj aninaq kach ʼaw le areʼ chi nu w achin.
utz we kinchakuj .
meʼs laʼ.
kʼo kanw arech kaqatijo.
x in sikʼi j la.
ria kʼal x sach kanoq je laʼp at aqʼaj .
x e sikʼi j la.
jawi xkib ʼij wi chikeʼe wi?
rum al che, man ix ta riʼ ri ki x ch ʼaw ik, are ri ru xlab ʼa xel ri it at riʼ rik ch ʼaw nai w u kʼri ix.
kʼa kʼri w achoch.
sib ʼalaj utz kinwil le atz ʼyaq rech nahuala.
saq pork kay ri kipoʼt ri nan.
x sach on ri nu chak ch we.
waʼ im x u chapo.
ri qʼaqʼ ta jin kaj uluw ik.
na jil up am ri siwan .
e kʼo riq achalal pa chiuw iʼ la.
jas x a t aq ch iʼ j le akʼal ch u tij ik ?
noʼjim u kemik le p asaw um al.
kʼo jun ku kub ʼiʼ t intin, waʼ le laj kukmam kaj e qit aj , kapa qika x u lik p auw iʼ u qʼab ʼ t aq ch eʼ, sib ʼalaj sa kʼaj , keʼuto lee nim aʼq , ch ʼutin, ra ch iʼl , aj sipan el sib ʼalaj utz ra nim aʼ.
ri up ixab ʼ le qʼatb ʼaltzij kiy aʼub ʼixik.
na x sach on ta ch ke x eatinik.
x eq il le chik opp uw ileja.
x loʼ taj ria kʼal .
qono jel kuj waʼ p au wiʼ ri mex a.
x sikir le waqan .
lax a twaʼ kʼut ?
nim ub ʼaqʼ rit ulul.
kin x ikʼi kʼik x in qʼaxik.
la katb ʼep ale tinamit ?
ri pal sib ʼalaj saq ʼor .
kqʼoxow nu jal om.
x in naʼo chi kat p etik.
x loqʼ ulew iwe ch ix.
x in chakun ru kʼri num am.
na x qab ʼantaj .
k kʼojiʼ b ʼaʼ ri u sipan ik ria jaw x el jesus k ri sto ru kʼri aw u xlab ʼal !
kin ch ʼaw ru kʼ le nu nan p ale ch ʼaw eb ʼal.
sib ʼalaj qʼeq u ʼ m rum al rimay ul .
are leba x u lik.
xekos le ixoqib ʼ p aleb ʼe.
kʼax ri lik le akʼal chawe.
x in qʼiʼo x in atinp aj oron.
sib ʼalaj nim le tinamit.
kʼa x u kemik le p asaw um al.
x in sachik.
ta jin kelu kikʼel pa raqan ri tz ʼiʼ.
x in we t aʼmaj ri lik wib ʼ
ri qʼuqʼ are jun j eʼ l chikop.
kʼopa ja tijob ʼal ri wikaqʼ.
ri sachib ʼal mak raj wa xik chi qa x oʼl .
j eʼ, kimb ʼek.
jel al eʼri nu p wiʼ.
x ub ʼij che: - jas x ab ʼan otin tin?
kab ʼanjun toqʼob ʼ ky ak ri nu jal .
kat ʼe k x inta.
jas leu kʼe xb ʼem rib ʼ le jun ru kʼ le jun chik ?
aj chiuw iʼ mi qʼin jaʼ ri lu ʼ .
ri tijon el naj kpe wi.
teʼki x chob ʼu b ʼiʼ ri nu t at.
ri j aʼ kamiqʼik chiuw ach ri qʼaqʼ.
rit ʼu ʼy kpa qʼow ik.
kinme son na.
na qa jat kʼo wichiwe ch .
x in b ʼi son ik taq na x a t pett aj.
we x kamri winaq , ri p waq rech toj b ʼal makaj ky aʼ chikech ri ra la xik.
ri nu nan x b ʼepa kʼay b ʼal.
xoj u kʼam uloq rech koj ri lo
x kʼoto chin chikiw ach chi kin waʼ aw u kʼ.
na xki kamsaj taj x kikʼam b ʼi ch oja.
kʼa kʼri ikʼ kamik.
x im b ʼe ru kʼ le aj kun iwir .
ri lik.
le tz ʼiʼ x ekosik.
x in kikotaw u m al.
ri im ul x u maj ria nim , x u y akan le ko k.
kʼo oj che ria kʼal .
x u j b ʼep ajun kʼulan em.
utz we kwar al aq.
kaqilo china koj u kʼam taj.
x ret aʼmaj chi ru kʼ pa kʼku tij wi.
sib ʼalaj x in kʼaʼna rik.
x in ko chi j ri nu wa.
man katkowin taj katchakun ik, we man kʼo taria jil ab ʼal.
we w onon x ub ʼij chike: -ki x into.
ri ala nimk ri l wiri u m am.
x kaʼ y chiri j, x kaʼ ychuw ach, ma kʼot achi jun ksi lob ʼik , x oqʼik x u x eʼ j rib ʼ x ch ʼopin ik x tzali j loq x u riq tachik ri ub ʼe.
kʼop us cheri wa.
pinem nakab ʼe lewatz, kimb ʼe wi in pa kaʼ y ib ʼal .
ri nant oʼn nim winaq chik , saquw iʼ , rono jel aqʼab ʼ utz ku naʼo kat ʼu y iʼ p au tem , ku miqʼisaj rib ʼ chori qʼij , kʼo junuw iʼ u mam ub ʼiʼ a teʼk.
man e kʼit aj riqu laʼ.
qʼalaj chi naka waj taj kab ʼij
x paqab ʼisa x ra jil rono jel ri kem.
kʼop ari jul ri kumatz.
rono jel qʼij kin ch ʼaj le nu w are.
saq chik an lei ch aj rech katz ako.
chux ele qachomal kaqatij wijunqam eqʼin.
chawi laʼ.
e kʼo job ʼum iʼ al, ri nu t at.
jas ru kʼ x a wil wi
j eʼ jas ri winaq rech ri uw ach ulew, x oq uj eʼ kepena riʼ rie ʼ areʼ chee rech ri uw ach ulew; j eʼ jas ri winaq rech ri kaj , x oq uj eʼ kepe nariʼ rie ʼ areʼe rech ri kaj.
x in tijo.
ktz ʼujuw ri rachoch ri poʼ x .
x u qʼiʼo are leu kʼulel xy aʼow u wa.
ri awel x ret aʼmaj chi ra jawa xik man ku xej tarib ʼ cheri tukur.
ju kʼulaj winaq x eʼani maj b ʼik.
j eʼ , x in tzali j ik.
xoj p etik x ol qa kʼam aʼ.
maj jachin x ʼe k.
ina j tij; at tijox el.
saq uw iʼ ri t at aʼ.
we ch ri kem.
le roʼ ch le at eʼ kkʼo ch w ach le u kʼay le nu nan.
kb ʼep ari siriʼ a e p ari si li siʼa, jawi j eʼ kuy a wiri kichu qʼab ʼ ri komon ty ox.
p ixab ʼ : man utz taj kʼa x kuj ch ʼaw chiki j ni kʼaj qa ch il.
x ku nataj le ali ( kumal ri ixoqib ʼ ).
ri x ib ʼib ʼal chi kʼo wip at aq ri qa kʼas lem al rono jel qʼij.
nakuj war ta war al.
on che kkʼojiʼ ri utz il chi x oʼl , are ch junam ri qa kojon ik, junam ri iwe chi x ru kʼri w ech in.
pa ox qʼij ri saʼ n kb ʼe naru kʼri aj kun .
kawinaq w uqub ʼ.
jas kawaj kin tijo?
we ta x atb ʼe w u kʼ p ale tinamit, x a loqʼ t al aʼ le u jast aq le akʼa jol.
keb ʼepa waʼim.
x in loqʼ kʼiwa.
p ajun nim kʼa ch eʼ laj , kʼo jun kʼwaʼ sib ʼalaj saq lo loj , nimu w ach.
kwaj katijjub ʼaʼ wa.
rono jel winaqk ri l nari ukolon em ri dyos ».
x kʼoto chin chikiw ach chikin waʼ aw u kʼ
kwaj nakat ʼe taj.
la x aloqʼ junalej ?
e kʼo rie loq ʼoman el .
ri ukab ʼ ub ʼiʼ ri num am are y ay.
kinjopi j ri ij aʼ rech triko.
x naʼtaj ch ke x e atinik.
x a teʼ qilaʼ.
kakitij alan x a x ri winaq.
. . . kinb ʼij chi are waʼ sin x iʼ an.
na x in nab ʼej ta ch u tasi kqa kʼolib ʼal.
rum al rech chewe ri in, kinch ʼaw ru kʼri dyos pa ch ʼab ʼal, kch ʼaw na kʼu riʼ ri w u xlab ʼal ru kʼri dyos , kʼate kʼut man kʼot aup at anriʼ ch rech ri nu chomab ʼal.
x ep etik xkilo.
x u ta we kat ʼe k.
utz u kemik le pas chawe.
ri nu waka xx u tij jun qʼoqʼ rum al riʼ x kamik.
rum al ri kʼi x , man ke waʼ taj ri winaq.
x eʼ u lik.
qʼeq ri j ri am aʼ chi j.
x raj kaʼ e leu nan.
junam ki junab ʼ.
na qʼalaj taj wekaʼek.
ri wix nam ch ʼaj ch ʼoj ri rachoch.
war al man kʼot aj a jawal .
na iwir ta x ri l le kʼamolb ʼe.
x inp e loq te kʼu riʼ x in tz u kuj rono jel ri nu ra jil .
ri aj t ikon el kutik ri tzij.
kʼo e ki kʼajol le achi jab ʼ.
ku tij qʼayes ri ixp aʼ ch .
p ari waʼ b ʼal e kʼo kawinaqa chi jab ʼ.
sipoj inaq ri nu p am.
kay aʼtaj ik ru kʼut iʼ on em jun riu riqom ley ab ʼilam olots etsé x u quj eʼ are kay aʼtaj p at aq ri juy ub ʼ.
jachin ri achi ?
ri nu mam x kamik aret aq kʼo jumuch ʼ lajuj ujunab ʼ.
kin kowin ik kinkʼam b ʼil e p waq .
kin wilo chi utz ri aj iʼ.
x inqʼi l ri apoʼ x che man kachakun taj.
k waʼ chiuw ach le t aqʼaj ri am aʼakʼ.
ri im ul x e poqʼ ik p ajun ikʼ.
x kʼis kanoq ri qachak.
are ri ali xoj ilow kanoq.
sib ʼalaj ch ʼu ʼ j ri amax.
kʼo nu w ach iʼ.
in cha jin el kech le akʼalab ʼ.
x ekos le tz ʼiʼ.
kinb ʼenak u kʼri molaj.
rono jel aqʼab ʼ kiny i tz ʼ ri waka x .
kara pin ik x u tz ukuj chi juna waj.
le u kemik le pas aninaq ( aw um al ).
maj u ra jil le qʼab ʼ arel.
kʼa x riʼ ri kach ʼaw ik.
x o jutaq ch iʼ j le achi ch u loqʼi kichaj.
sib ʼalaj kʼa x ri x kʼul ma xik.
x kilo china kin kʼoxomaj taj.
x naʼtaj ch ke chi x e atinik.
x kʼoto chin chikiw ach chixo jal w oʼ qa ku kʼ.
jun qʼu ʼ qra jil ri ka x laʼ n wa.
x in wilo chi x eʼ e lik.
e kʼo ixoqib ʼ p ale kʼay b ʼal.
man kʼotaj u kʼisik rimay ab ʼaj lab ʼalil.
ri sink kʼiyp at aqʼaj.
ri ch ʼi ma man kkʼiy taj p at aqʼaj.
ra jawa xik kjikik ri waq än .
kawaj kinʼek.
e kʼo oxib ʼakʼ.
x ub ʼij ch we jawi at kʼo wi.
ch weʼ qkuj b ʼeʼp am u quj .
pa saq kʼaj aʼ kb ʼan wiri uq.
xoj kisikʼi j.
x in wil wib ʼ.
ch aqʼ chik ri wa.
kimb ʼe naka p alew oʼ ch .
kawaj kinʼek.
ri ch ʼu ʼ kti j ru kʼ le j.
p ari ki qʼij kaminaq ib ʼ kb ʼan qʼori kʼy aʼ rech aj : nab ʼe ri nan ku tz ukuj kan ri aj , ku jach ʼoʼ x u quj e ku kʼe to.
jas kaj b ʼal cha nim ?
utz u choman ik ri ali.
p ari qʼij oxlajuj tijax kinkʼis keb ʼ junab ʼ kin chakun war al.
sib ʼal ajko, ri kʼa kʼ ch ʼat.
jas karaj kub ʼij …?
ri ch ʼi ch ʼ kasil ab ʼik.
pa ojer qʼal pul x aq x u wiri nim winaq ke kʼamowb ʼe.
le ukuna xik le ukab ʼu kʼutun ik are ru kʼe flor nitina on utunib ʼaxik le ni furtimo x ch iʼ le flor niti nachech t. b. g.
are ri achi x in ch ʼay owik.
jun achi ub ʼik u ʼx u sipaj keb ʼ kʼaʼm ulew rech kab ʼanri tijob ʼal, kamik , kʼo chi kaj tij rech ri komon x ech pup.
x u m al ty oxij cheri aj tij rono jel le x u kʼut chiuw ach.
p ari b ʼe x kiraq junala jim ul saq ri j, x kikʼam b ʼik.
x ri l le b ʼal e ala.
jas kub ʼij ch we ?
le u kunataj em are ru kʼutz ukuxik le uch ikopilp ajun u solik ux eʼ le kikʼon lej aʼ rech jun nodo.
utz we nu tz ʼiʼ.
j eʼ, ta jin kachapon ik.
ki nu loqʼoj le nu t at.
kawaj kimb ʼepa tinamit.
are laʼ kinchakuj .
ri nim aʼq taq winaq kʼo ketaʼmab ʼal.
we ta x atb ʼe w u kʼ p ale tinamit, x a loqʼ ta waʼ we jast aq .
ri kikʼas lem al . wa ixim ulew xajun chi maareta tinimit ri ma
ri u kʼy ab ʼal naj up am.
x at qaj chiup am ri il.
nojim katwaʼik.
we kʼo jun ktu qaʼ rik, ¿ la man x oq uj eʼtaj kin tuq aʼ r ri in ?
ojoj w okol ja.
awas kb ʼan kʼa x che jun nim winaq.
x in ch ʼaw apan ru kʼ le wa nab ʼ.
kʼa x riup am ri ju ʼ l.
ta jin ke waʼ ri im ul.
la kaj lak uj tzali j la aninaq ?
rum al rech cherima kaj man kʼot au kowin emp iw iʼ ri ix: ri ix man ix kʼot achi ch ux eʼrip ixab ʼ, x a ne ix kʼo chux eʼri sipan ik.
nim raqan le ch eʼ.
x in chapo.
are letu ʼ r le loq ʼoman el .
x as katkʼojiʼ chiup am ri ch ʼi ch ʼ.
sib ʼalaj nim raqan ri kʼam al b ʼe.
le tz ʼib ʼab ʼal we ch in.
in x in toʼ w la.
x a je kʼu riʼ ri ix kamik riʼ man ix ka xlan winaq tachik; ri ix, ix rech ri ki tinimit rie ty oxlaj taq winaq, ix rech ri rachoch ri dyos.
x in tiko x la j kʼali ch aj.
kaqa riq qib ʼ chweʼq.
sib ʼalaj utz cheri w iʼ aj ri tuney.
we na jupulik ta xe qaj ik...
x in toʼ t aj cheri nu chak.
kʼo jun chikop ub ʼiʼ p um.
poqon ri ik.
xoj b ʼin ik.
x u ch ʼe k rono jel le ret aman ik x pa qiʼk kʼa x kwʼin ik x ub ʼanaj kun .
kel ub ʼik p ari jud eʼa e ktzali j chi ub ʼi jumul p ari galil eʼ a.
x in a x ib ʼi j p ab ʼe.
j eʼ l kʼo lem chiaw achoch.
rono jel riy aʼtalil p awe qʼataj , tz ʼaqat kiw ach, man ktzaq ta kanoq x u quj eʼ man k ta st aj.
x u kunaj ley a wab ʼ le aj qʼij.
chi t at ab ʼej jas le kimb ʼij.
ch ʼan al ri achi.
p ab ʼokoʼ kachakun wiri ta x .
uj kʼop auw uq qʼij.
kiʼ ri ukab ʼ ria qaj.
kʼo rachalal pa tz ʼoloj ch eʼ ri p eʼ l.
x kilo chi kinkʼoxom aj.
ri u kisa kʼu tz ky aʼik chiux eʼri ti koʼn .
aret aq ch iʼ kaqʼanp uw iʼ ri jukub ʼ, ri achi chex kʼojiʼ ri itz elu xlab ʼal ru kʼ , kuta ch rech ri areʼ, are ch kkʼojiʼ ru kʼri areʼ.
nakab ʼantaj taw um al.
x naʼtaj ch ke x e atinik.
x in pa j ri nu triko.
x eʼ ok ri p okʼ pa riumex a ri poʼ x .
kaj uluw ri aqʼaʼ l chiux eʼri t ʼu ʼ y.
awe ch leja.
x u j b ʼepa tz u rik.
nab ʼe x at opan ik.
ri ukab ʼ ub ʼiʼ ri num am are y ay.
uw aj x aq u kakʼal taqanik (28) .
mata kʼo jun ka kanaj kanoq, qono jel koj b ʼek.
e nim aʼq le al tomab ʼ.
nim uw ach ri poʼt.
kojon ik p ari u tzij wa ixim ulew.
jas x u kʼam b ʼil etz ʼiʼ x a wilo ?
x in p etik , t at.
ri b ʼelaj uw ach.
chi t at ab ʼej jas ri kimb ʼij.
j eʼ l ku naʼ ri ab ʼix chiup am ri quq ulew.
kinb ʼisoj uw ach lewal.
x u t ʼu y ub ʼaʼ.
nim ria we qe leʼ n x a riqo.
x in eʼ waʼ oq.
ch iʼke war wile akʼalab ʼ.
ri nu miʼ al x u taq loq jun taq oʼm w uj chiwe.
qʼeʼ lik , ri ch aj p ari b ʼe.
la utzaw ach ? - utz mal ty ox, e kʼu ri at ? – utzm al ty ox.
x in kos rum al nu chak.
kb ʼe ku kʼrie ʼ areʼ e ktzali j p ari nas are te keʼu nimaj.
ri joj x u kʼam b ʼik ria kʼ.
kʼo chi w ach iʼl cha nim.
kub ʼij chech naʼl kab ʼan cheri atz ʼib ʼ.
e. . . in kawaj katz joj b ʼil a chwe.
ma ta x in ya j le ali.
jachin ru kʼ katb ʼe wi?
kʼo sib ʼalaj e t aʼmab ʼal p ari may ab ʼ noʼjib ʼal.
e man x ori jupuq ke j.
kasu mum ri ka qiqʼ.
e kʼo kajib ʼ akʼalab ʼ p aleb ʼe.
j eʼ jas ri u t atk kaʼ y ik.
x a qa t molon el tzij t al.
le nu t atkaloqʼon chwe.
x aq ta ne kimb ʼe iw u kʼ.
x ret aʼmaj uch ʼaj ik.
rum al laʼ x koj “ x al qʼat” che ub ʼiʼ ri komon.
are leu kemik pas x ret aʼmaj.
ri wat iʼt kub ʼan nari up at an .
kʼa kʼ le poʼt.
ret aʼm uw ach jachin x loqʼow ri pas.
kench ʼab ʼej le akʼalab ʼ.
y aʼtal cha qe qono jel ri uj winaq utz kaqil qib ʼ.
x kotiʼ pa qʼayesx oqʼik.
kawinaq b ʼeleje b ʼ qʼataj.
e kʼo kajib ʼ r al ri i mul, jun saq , jun qʼan , jun qʼeq , jun qʼeqoj , sib ʼalaj ketz ʼan ik, kech ʼopin ik ri alaj taqim ul.
kcholo l ri achachal.
ketekik ri ikʼ.
x ep etik rech ke waʼ iw u kʼ.
tzatz ri uqʼan il ria kʼ.
xoj tzali j ik x ix eʼ qa qʼatuj ku kʼ le it atinan.
ri y oʼ x t aq akʼalab ʼ ke kikʼux ri atz ʼyaq.
we achi we x u sipaj jun poʼt ch we x kamik.
kkowin ri kunan el che kunan ik.
x ji qʼ p ari polow.
x a rum al sib ʼalaj ra jawa xik le lo qʼalaj jaʼ, le winaq xkib ʼij : chewe ikʼ riʼ qono jel kuj b ʼe che utikik taq ch eʼ.
ri una ne rie rachalal kepe u loq ru kʼri areʼ, kʼate kʼu riʼ, man kekowin taj keqib ʼu koq ru kʼ , rum al rech chee kʼo sib ʼalaj winaq.
rum al rech , che man kʼot ajun kkowin cheu kojik jun tikib ʼalil chik chuw ach ri kojom chik che are ri jesus kri sto.
te kʼu riʼ x u tz ʼib ʼaj rib ʼ p ari nim alaj tijob ʼal rech aj ku ʼ n.
ka jul uw ri ch ʼum il cha qʼab ʼ.
kʼisb ʼal kanoq, x oq uj eʼ kkam ri ixoq.
le alax okik.
kʼop waq p auw iʼ rimexa.
are kawaj na kinʼe taj.
ri y a wal ku koj ri alichi ux eʼ ri cha kachare u su ʼ t.
na kaqa kʼam tu ʼb ʼi kamik.
ri aj tij kub ʼij chike: ra jawa xik ke qa chaji j ria waj , are utikoʼ n ria jaw.
x in tij mukun iwir .
kʼa x le uw iʼ t aq le nu qʼab ʼ.
x in loqʼ jun il b ʼal wib ʼ.
waʼ we qʼij , nim ub ʼantaj ik.
ri ux eʼal ri qa tinamit man kasach taj.
xoj b ʼin ik.
ri achalal junam kiw ach.
x in we t aʼmaj ri lik wib ʼ.
nim ri u naʼoj waj tij.
mi qʼin ri kʼul .
aj qʼojom ria teʼk.
che le san ik ch eʼ kb ʼan wiri qʼojom.
kape le aw el p ana wal jaʼ.
ri meson el ta jin kchakun ik.
utz cha qe kaqatoʼ qib ʼ , t aq kʼo kʼa x kʼolil , kate we ch iʼ n ria jaw pa qaw iʼ.
x a wilo, x qʼatan le ib ʼ oy.
x a t kowin ik x ab ʼano.
kiʼ ri kʼa we x .
kajil il rib ʼe.
le alix el b ʼ ik.
areʼ x raj x in b ʼano.
nim we ab ʼaj.
j eʼ li ku tiʼ jol al ri saq koʼr .
noj inaq ri kej.
we ka tijan x u x man katu toʼta chiu qʼatixik le kʼa kʼy ab ʼil corona virus ( 2019 -ncov) .
na nim ta raqan waʼ we ch eʼ.
utz alajaj chak , ri w el.
¿ jamp aʼ kuj b ʼepa nima qʼij ?
ra jawa xik ta ne laʼ katchakun w u kʼ.
x u taq ch iʼ j pa war am p ulew.
man areta ria x wan x e lik.
ria wix x u loqʼ rachoch re nim al.
are ri ixoq x in sikʼi nu loq.
ri ch ʼi ma kʼat ʼon na.
la x ib ʼan lei chak ?
kʼi tinamite kʼopa ch ʼoʼj.
kʼo jupuq chi j chiux eʼ ri ch eʼ.
ri ux aq ri ab ʼix are uw ari kej.
kawinaq qʼataj.
la kixp e pa tijob ʼal ?
we kecha jix t aq le kʼwajacha kinb ʼij ; jun alik kʼo jaʼ x u quj eʼ sib ʼalaj saq lo loj.
x ret aʼma j.
ri alab ʼom ri ali tomab ʼ ta jin kikitijoj kib ʼ rech su taq , are kakaj kikib ʼan nima qa chi jab ʼ chup am ri kikʼas lem al , x u quj e kʼo chik jupuq b ʼ ixon el chup am ri komon.
latz ʼuw ach rib ʼe.
kʼakʼ ria ch ʼi ch ʼ .
qono jel uj , uj may ab ʼ taq winaq.
no jel qʼij ria tiʼ x kuy u qʼuj le taqaw aj je laʼp ani kʼaj jaʼ, chiri j ri juy ub ʼ ub ʼiʼ te naʼ.
pa qʼom chik ri siʼ.
kin tzukun chela.
kakitij le kinaq ʼ, le ich aj , le uw aʼlik ru kʼ le j.
xekanaj kan le aj chakib ʼ.
ketikon ri achi jab ʼ.
sib ʼalaj itz el ub ʼantaj ik ri ch ʼil akan.
ria teʼk x u m al ty oxij cheri ra tiʼt, rum al ri utz alaj noʼjib ʼal x u kʼut che ch .
kkamulix u chak ri ab ʼix.
la x in utz ukuj le tijox el ?
areʼ kachakun rono jel qʼij.
le e kʼaʼnat aq tz ʼiʼ.
saq ri j ri plam ux.
jas x a qʼiʼox a tijo.
jas ru kʼx kichapwi u tij ik le ri kil ?
we kata tin ru kʼ kʼat an jaʼ man ku qʼate j ta le kʼa kʼy ab ʼil corona virus.
la katb ʼin p aleu xlan b ʼal ?
la war al kʼu x ix waʼ wi?
are le nu t at kin loqʼonik.
ta jin kchakun ri ala.
kʼo ri kiʼkotem al aw u kʼ .
x u ta jachin kaʼ ek.
x at waʼ ik x in wilo.
x tzaq ri rachoch rum al ri jab ʼ.
p ale jun ikʼ chik are nim aqʼij.
e keb ʼäm keb ʼin p au wiʼ ri tem.
mem ri achi.
ri wikan ch al iʼ y kel p ajuy ub ʼ ch witziri b ʼal.
le ra jil , la pa ja xel aqʼaxw u ʼb ʼik ?
p ari su ʼ t p isom wiri le j.
koj p etik kol qa kʼam aʼ.
ta jin kat ch ʼopin chiuw ach ri ta qʼaj.
le qʼorx ch ʼuq ik.
kʼaxw aʼi maw um al.
kinb ʼison che lewal.
sib ʼalaj kʼo kʼri awatz ʼyaq.
kamik x u j b ʼe che utikik taq ch eʼ p ari juy ub ʼ.
ki nu loqʼoj le nu t at.
chaq iʼ j chik ri ch aj.
x y il ix haway i.
na x naʼtaj ta ch ke chi x e atinik.
ru kʼ kʼu waʼ we riʼ, ri ix kkʼojiʼ junutz alaji kʼas lem al riʼ ch kiw ach ri winaq cheman e kʼot aiw u kʼ , kʼate kʼu riʼ man kʼot ajun winaq riʼ ra jawa xik chiwe ch .
e p etinaq p ab ʼele rachala xik.
kakaj le akʼalab ʼ ke waʼ ik.
x u jch ʼay b ʼik.
ri nu chak are qʼax el tzij.
kʼo naru xlab ʼ ria waj.
ta jin kel loq , ri qʼij.
x u qʼiʼox kamsa x ri rachalal choch.
ri num am are kʼo uqʼinom al.
x kʼul mataj jumul, x ub ʼanjun nim alaj jab ʼ, man x b ʼeye t aj ta na x u kʼis leu y uqʼ chike.
am aʼ ri nu tz ʼiʼ.
je waʼkat p etik.
x in kosik rum al x in chakun ik
iwe ch chi jujunal, ri wa.
x u qʼiʼona x at atintaj.
inriq taj inaq p ari kʼay ib ʼal.
na we t aʼm taj.
kʼa x le nu qʼab ʼ.
utz le x ub ʼij le achi.
kematz ʼib ʼ.
kʼo rachalal pa tz ʼoloj ch eʼ ri p eʼ l.
rono jel waʼ we jast aq riʼ, x as ksa ch wi uw ach waʼ ; ru kʼ we riʼ, ri ix, ra jawa xik che kʼo jun ty oxlaji kʼas lem al e kkʼojiʼ ri ich ʼaw em ru kʼri dyos,
x muq taj ri p atz ʼan .
ri ch ʼi ch ʼ tzijom kanoq p ari ukʼolb ʼal.
man kʼot au cholaj p at aq ria w uj.
ja chike ikʼ le u nima qʼij le tinamit na wal jaʼ ?
x e p etik x ol kikʼam aʼ.
kachu qʼ chu t ri j aʼ chiap am.
x in b ʼij iwir chi x eb ʼepa armita.
areʼ ux eʼ ojer tzij war al kʼi ch eʼ ub ʼiʼ.
x kʼis ri nu siʼ.
jawi xkib ʼij wi chikeʼe wi?
¡ x a je kʼu riʼ, jachin taq rie kʼop ari jud eʼa, chi cha nim cheʼa nim ajub ʼip at aq ri juy ub ʼ,
kʼa kʼ ri ab ʼ.
la kʼo jun naka kʼoxomaj taj ?
nautz taleu tʼisom le alma riy.
man y aʼtal taj chiawe kato kpa ja.
j eʼ, x a t utzukuj.
are kel waj x aq ib ʼu qʼij ri x kʼoj ik.
ri x u nkur kkʼojiʼp at aq ri triko.
x in sachik.
x u t ʼu y ub ʼaʼ
na nu tom ta le tzij …
w ach ʼom ri kiwari noʼs.
e kʼo job ʼ ch ʼil w akʼ.
ra jaw ixik chip at aq ri tijob ʼal, p ani kʼajub ʼixik chik
rira jawr ulew areʼ t at kel.
we kʼu x okik , we kʼna x ok ta
we achi x u sipaj jun p ʼot ch we.
a t at u taq oʼn le qʼataltzij .
na qʼan tauw ach le qa prut.
ri x aʼ r kʼop auw iʼ ri qʼaqʼ kpoqʼow ik.
rir oqʼej ri alija chakp ejuna kʼal .
kʼo junala pa tijob ʼal.
säquw iʼ rit at aʼ.
ri witz ikʼ ta jin kpe loq.
jawi x sach on wikan u y aʼik le p waq che.
utz we achiwe x in kunan ik.
qono jel kuj waʼ p au wiʼ ri mex a.
ri ka x laʼ n ik man poqon taj.
in x in b ʼe ru kʼri w ach iʼ l .
sib ʼalaj j eʼ l x kilo x e kitzoqopi j ri ki chi j chi laʼ.
kinb ʼin ik x inʼe k.
kʼa x kʼolik, ka ch aʼ.
ku tij ixim ri akʼ.
ri ali x chel, x u qʼiʼox ajuna kʼ x sipa x che.
x qa sikʼi j le ixoq ch utz akiksu b ʼ.
mata x ab ʼin saj le ch ʼi ch ʼ.
ri p ix tz ʼar alik rum al rie qaʼ n.
¿ jamp aʼ kel chi 3%
kʼo jun nu kʼo toj ch iʼ aj.
ta jin ke waʼkat ri alab ʼom .
x in loqʼ le nu kʼakʼapoʼ t.
nautz akik ta sub ʼ ta jin ku ʼano
xoj u taq ch iʼ i j x oj waʼ ik.
iwe ch ri ab ʼix.
saq ri j ri chi j.
aj sik cheri tinamit kel wiri t at aʼ.
- ¡ a y ! x a x in tzaq u loq, kʼa xwe waqan .
x kʼul mataj p ajun komon ch iʼ uw ach jun juy ub ʼ, x u ri qa jun qʼij x ki riq kib ʼjunim ul ru kʼ le ko k.
jas x a t aq ch iʼ j le akʼal ch u tij ik ?
x in chapo su x u loqʼo.
qʼinom ri achi.
ri kʼum ktijow ru kʼ kab ʼ.
ta jin kejach ʼan ik.
tz eb ʼalu kemik le p asaw um al.
are kay oʼw leu ch ikopille u b ʼantaj ik t ry pano soma brucei.
we kat niman ik utz kelik.
pero noʼjim al p etnaq loq , .
are len uchak jun tzuq b ʼal wib ʼ.
x kuna x ley a wab ʼ rum al le aj qʼij.
ri u kʼu ʼx tz ʼib ʼ pa qatzij e lajuj.
sib ʼalaj j eʼ lik rie qab ʼal x ub ʼanri lu ʼ s.
sib ʼalaj atkon.
e man x ori jupuq ke j.
na x naʼtaj ta ch ke x e atinik.
ri kʼam al b ʼe x ub ʼij chike, chi maj a ria nim.
jumuch ʼ ri nu junab ʼ.
qʼip taj inaq ri raqan ri tem.
kchakun ru kʼri josb ʼal ch eʼ ria jan el .
x a taq ch iʼ j le akʼal chu tij ik kar.
o j kʼop ale roʼ ch le awel.
¿ la kat pequ kʼ chweʼq ?
le winaq p ale ch ʼi ch ʼe t ʼu y ul lo wi.
x kanaj kanoq chiux eʼ ri jab ʼ ri ch ʼaʼ n.
nim ri ja.
we ta x a kunaj le at at mata x kam laʼ.
nan u kʼamom tu ʼ la riʼ.
ch qa nu kʼu ʼ ri qatzij.
kimb ʼep ale tinamit.
x in qʼiʼona x in atinta j.
ra jawa xik kakʼam an chawe le utijik le le j.
kʼisb ʼal taq noʼjib ʼal.
