xine ʼ wa ʼ oq .
x kibʼan kʼaxche leu wo saq r umal man utz tachi kakayik .
riq ʼutu ʼm man kech ta le akʼala bʼ .
are na nim tal e atz ʼi ʼ chu wach lenu tz ʼi ʼ .
xe p etik xol kila ʼ .
¿jawchi ʼ xata ʼ chex kam ri u mamripo ʼx ?
e kebʼ kekʼam bʼik p atuj .
xin loq ʼjun ja pari w okaj ja.
riax tu ʼbʼ , kʼo q u laj chech .
jas karaj kaʼan ch u tzakik le ti ʼij .
xutij lewa.
ximbʼal re tzij .
x pa x ri bʼo ʼj .
we kawaj katin to ʼo xaqxu wi kabʼij chiwe.
jas nu kʼu kuch ʼobʼo .
jas karaj ku tijo ?
xe x r uxla bʼ ri rikil .
enitz ʼa ʼ q le taqi mul .
we tane in xin bʼanow ik , are le at e ʼ k x bʼanow ik .
kin tzalij pa lenu tin amit .
ri nu chaq ʼ kʼopa u ro ʼ q ʼatoj tijonik pari tijo bʼal .
xin xi ʼj wibʼ xinch ʼaw ik .
kʼoch wa ro ʼch le pare .
chi raqan kabʼin wiri tata ʼ .
xsach on kanu ya ʼik le p waq che choja.
xinq ʼax chikixo ʼl ri win aq .
ke tikonik .
ri u lew man q ech taj, kech ri qati ʼ t q am am .
xepe le win aq xol kikʼama ʼ .
xu loq ʼri wuj r umal ri ali.
chewe q ʼij kamik kʼo jun nu tzijonem chirij le nu tin amit .
kej ri ʼ .
x kunan alaq chwe.
kin u sikʼij le nunan .
ri i mul xuch ʼij taj, x kanaj pa bʼe, r umal ri nimal kuj al uj ri i mul , xu tzaqri anim .
kubʼan ri u xoq ʼo ʼl ri aj tz ʼaq .
ri la sibʼalaj utz che kunabʼal .
kʼi kiwach rie ʼ ajchakibʼ pari komonty ox , kʼate kʼut xa jun chi aj awxel ;
x qatachi xa tulik .
kawaj chik at ʼek .
ch ʼuti ʼ n kekanaj ri xa ja bʼ chech .
kaqa xi ʼj q ibʼ kaqa chapo .
e kʼo kebʼu kʼajol le tat x wa n.
lu ʼ su bʼi ʼri rech am .
aj chi u wi ʼ mi q ʼin ja ʼri lu ʼ .
xin ya kan le nu chim pa kʼay bʼal .
kʼatex ri lo , xpe ri unan che utzukuxik , x kikotik , xu sala bʼisaj ri taqux kin .
x kikʼut chi u wach ri ajtij xuquje ʼ chikiwach ri taq nikʼaj kachil .
utz le nu q ʼabʼ .
ku l le al we ʼl pa a us tin chaq ʼabʼ kamik .
ri ate ʼ k x tzaq loq arechi kʼopa u wi ʼ riq ʼa ʼm .
aj p atan ri te ʼ k .
xatqaj chiupam ri il .
la kʼo tzij na kikʼoxo maj taj ?
xsach on chkechi xe atin ik .
ro nojel leu lew echa laq .
la xe bʼe kʼulaxe ʼ kijaqa kʼule uchi ʼ ja ?
xaq kat ch ʼok naj iwir .
kamik kʼochi ri jastaq awe .
arechi ʼ kakʼis ri juna bʼ kʼoq ʼinom .
pa nawal ja ʼ xin alexik .
na xin tataj we areri akʼal kix tzuqu wi k .
¡ ru lew ri sabʼul oner u lew r ineft ali, u bʼeri polo w , ru lew ri jordan, g al il e ʼ a kech ri jetaq amaq ʼ !
rax , rax , rax , kʼo kʼ, kʼo kʼ, kʼokʼ le r uxla bʼ le taq tiko ʼn .
achi xatwi lo .
paqal rajil le p ix kamik .
x oj bʼinik .
pa jun je ʼl tijo bʼal kutijoj ri bʼ juna kʼal , u bʼi ʼpo ʼx , utz ku ri lok e pa tijo bʼal ro nojel taq q ʼij .
x waj chix at ʼetaj .
utz la ʼ le xubʼij le achi.
weta ʼam jachin kap etik .
kin q ʼojoman ik .
xinq ʼiʼo takʼalik xin p etik .
are ʼ reta ʼm che kin opan ik .
aretabʼa le qaq aj aw ch at to ʼwik .
kawin aq waqibʼ q ʼataj .
na qaj chik cheri u waq kaj bʼal aretaq chi ʼ k sach u wach riq ʼij , kok riq ʼeq u ʼm ch u wach u lew , chi kʼate ʼ nari bʼe leje bʼ kaj bʼal .
jo bʼ raqan ri tz ʼalam xe poroxik .
sibʼalaj ko ri j ri mop .
arewa ʼ .
jela ʼ pari ti minit ch wi kaby ok rech xelaju ʼ, le qanan q atat kakitikoj e ʼl alaj taqu wach ichaj .
kʼax nuqul .
xu ʼl u kʼama ʼ .
kojul kitzukuj .
are man kʼax ta u kunaxik aretaq anin aq kaʼilitaj we ya bʼil al xuquje ʼ mojo ʼqakuya ʼ le kʼax kʼol il chech le jolomaj .
ri w el kʼopa tijonik .
kawaj kin bʼij .
ri kotz ʼi ʼj k qakoj chiupam ri ja .
q ʼeq q ʼoj ri j ri ama ʼkej .
na x waj taj xinch ʼaw ik .
ch p etabʼa le loq ʼalaj ja bʼ .
xsach on chkex at kisikʼij .
e leq ʼal ch ʼich ʼ .
jachin xa wilo chi arex tijo w ri ti ʼj ?
ma takabʼe lenu x bʼal pa le tin amit .
pimr uq , ri ali.
¿ kʼorim uq ʼe chi awech ?
k qabʼij man kekowin taj .
kintij na.
kʼo jun qa tʼu ʼ y paja !
kʼop uj chiupam ri ch ʼa ʼk .
aretaq kin kosik kin warik .
x at wa ʼik xin wilo
in xin ch ʼayow le achi.
konojel ri alaxik keʼetz ʼanik .
jas ru kʼ x kitij wile kirikil ?
anin aqil katp etik .
na rax ta u wach le juyu bʼ .
ri tz ʼalam tz ʼibʼabʼal raxk kayik .
we ch at chakunik , kʼo awa.
ma ʼtam x at pe cheri wa ʼim .
kamul kin wa ʼ na.
ri sikil k tijo w ru kʼ ik .
kim bʼe aq ʼan ru kʼ le al tal in .
x oj ʼe k xe ʼ qil alar qas ok .
xe kiq ʼil le ajchakibʼ xkiwok leja .
mat anex waj le kʼu hj nem ru kʼ le ate ʼ k .
are xe ʼopan chiuchi ʼ ri juyu bʼ , x kilo chiman qas tak ʼoq ʼayes .
kʼate kʼut , ri jesus man k kojon tach kech rie ʼ are ʼ , r umal rech che konojel reta ʼm kiwach ,
pa ʼ tz rij ri tz ʼi ʼ .
juwin aq waqibʼ q ʼataj .
atel aq ʼom .
xaqat jo ʼs .
riq ʼatzu, are q ʼalaj ri uq ʼij il .
ajchak we ala.
u bʼe leju kakʼal taqanik (29) .
kebʼ nu bʼi ʼ kʼolik .
la katzalij lu ʼ la anin aq ?
katzukun la chwe.
la kaj la koj bʼe ʼ pa le chomal ch we ʼ q ?
xin na bʼej chu tasik qa kʼolibʼal .
la l xin to ʼwik .
sibʼalaj ano ʼjibʼal .
x oj p etik xol q akʼama ʼ .
sibʼalaj je ʼ lik ri u wa ʼl ri ichaj .
kʼaxwij r umal in pacha lik .
aretaq xu kʼulmaj wa ʼ xu l ri u choman ik xubʼij : are utz wa aq ʼabʼ kin walij ik, arecha ʼ chanim kin opan pa tijo bʼal , maj chikin kʼulmaj .
ojaj xo jolo bʼ pa awasq ʼij .
xin sach che leu wokik le tzij .
e julajuj ri akʼ .
xutaj am pa ʼ koj ʼ ek .
qil ik .
ri tijoxel man areta nim chu wach ri raj tij . ri utz tijoxel qas jeri ʼ kʼolik jas ri raj tij .
in xa tin ch ʼayo .
no ʼjim chak wumal .
ch ʼu r ri jo ch ʼ .
inkin bʼij nakat sach taj .
uj maya bʼ .
ri abʼaj ya tz alik .
tajinkepix bʼax ri akʼala bʼ .
chom ri aq .
xin war ik .
el em en konojel ri akʼala bʼ .
tajink q ʼanarik ri were ʼaj .
leu kemik lepas utz ( chawe) .
xuyu p u bʼa u wach ra ʼ chi, kacha ʼ, .
ri satanas kok pari judas ri kbʼix iska ri ʼo tech rech , ri are ʼ junch kixo ʼl rie kabʼ lajuj .
chu chu ri par.
kin qumuj ri nu joch ʼ .
chech punción lumbar amaq ʼel raj awaxik chech ri lik leu kʼex bʼem wile na bʼe ru kʼ leu kabʼ u kʼutunem leya bʼil al .
q ʼalaj china kawaj taj kabʼij .
kʼo q ʼol chirij ri si ʼ .
jawi xoj ʼe wi chu loq ʼik ?
kʼo u loch ʼri tal in .
q ʼan ri j ri ati ʼ t nu kej .
la x tzalij la iwir ?
xe sikʼixik , kʼate kʼu ri ʼ xe ya jik , xuquje ʼ xetaq bʼiche u sikʼik lemes .
la kix wari k ?
are kʼu lepa lo max xubʼij che: - mam kat bʼis on taj , kin sikʼij nikʼaj wachi ʼl kerapapik .
a ʼ re e tijoxela bʼ .
ri alaj alis i ʼl xubʼij x qachappa utzal ri ty ox .
x sachon chke jachin xe atin ik .
jas xu rayij le anan xu tijo ?
xinko sik .
rax ro nojel riq ʼayes r umal leja bʼ .
kin yawa ʼwe ch ʼich ʼ pinem na utz .
no ʼjimu pach ʼuxik lenu wi ʼ .
naj kʼowi le wo ʼch chu wach le tijo bʼal .
ri okibʼal kʼochi u wach ri saq ja.
xe nu taq ch ʼij ke kil le akʼala bʼ .
kʼo junq ʼox ow em chiwe.
tzari cho ʼm .
we choj bʼepa le nimaq ʼij , keqil leajxo jolo bʼ .
x oj ʼe k xe ʼ qil alar qas ok .
ri ate ʼ k xuta ʼ chech rinan to ʼn :- nan jas che ʼ chiman kajtal aq akʼati saj ri jo ʼ q .
ri pal sibʼalaj xu ʼ y .
kinkoj ri jokbʼal u lew .
inkin bʼij nakat sach taj
at raj kun le nunan .
ku qamuj u joron ri aj tzij .
lu ʼ tz ʼalam u bʼi ʼ ri achikel pa nim che ʼ .
je ʼ lik uti ʼjol al ri saq ko ʼr .
kʼo junxa ʼr paja.
xin loq ʼjun kʼakʼ p atan .
kʼax u kemik lepasa wumal .
anin aq u kemik lepasa wumal
rich ʼa ʼn sachin aq p ataq abʼix .
rax taq le kotz ʼi ʼj .
mesom kanoq ri upam ja.
man aretar alax kosik .
ri komon xech pu p rech uq ʼabʼ tin amit xo ʼl abʼaj rech q ʼu markaj .
la u tzakik kʼu su bʼ tajin kuʼano ?
katela !
na xutij taj .
xar umal keta ʼm konojel ri win aq k kiqumuj leja ʼ .
iwir xuj tzalij la pa kʼay bʼal .
qeta ʼm cheri qawaku ju to ʼo .
ri ajtij , kya jon chikech ri akʼala bʼ .
jas u bʼanom le nu ch ʼuti tat ?
chwe ʼ q kin bʼepa nim tin amit .
utz we kiweta ʼmaj jas kubʼij ri chol bʼal q ʼij .
tajin katj ilo w che uq ʼoxom jolom aj .
xin tik q ʼaxchi u wach rij a.
kʼax le kibʼe le win aq .
loq ʼ kat kun taj che leya bʼil (covid- 19).
ri nu xibʼal kel paq aj bʼal q ʼij .
x ril ri a x wan chix wa ʼri ala .
le alix kunatajik .
weta kape leja bʼ kamik .
xin weta ʼmaj chinax at pe taj .
rip waq rech we q ʼataj ri ʼ kesax chech ri toj bʼal kʼayin em .
k tij ri u wa ʼl ik r umal ri kinimaq ʼij .
xu chapu kunaxik .
chatan loq al i.
xin xu li ʼ q aj oq .
je ʼ lik k tijo w ri taqik ox .
kʼate kʼu ri le tat xo ʼr xubʼij , man kawaj taj, man kawaj taj .
kʼo jun tz ʼi ʼ pa bʼe.
kamul xin p eche atzukuxik .
man tajin ta kin chakunik .
kin chakunik rech kat wa ʼik .
jas ru kʼ xa wil wichi xkiqupij wile ti ʼj .
jas u bʼixik … ?
koq ʼri akʼal .
kawaj nakat ʼe taj .
xatq ʼajik .
w em na cha loq ʼaxiyal , na kim bʼe ta awu kʼ .
x opan le wuj awu kʼ r umal wech in .
are kʼut pa le juyu bʼ k kʼiy joron, chila ʼ xe kikʼama wiri ja ʼri win aq .
koq ʼri akʼal .
we kʼo a rajil cha kʼama loq .
are sibʼalaj kaq leapo ʼt chu wach lenu p o ʼt .
xin kʼastaj paka bʼ lajuj kaj bʼal .
kaqoy ʼej naki xpe taj .
ko kaxim ri chij xa jela ʼman kanimaj ta bʼ ik .
ri kok nojim x bʼek , xu ch ʼij ox opan pa u kʼis bʼal il lea nim .
x oj kiʼkotik aretaq xa tulik .
kaqitz ʼ naj ri u xa ja bʼ ri akʼal .
ri jesusk wa ʼ kat pari nim rachoch ridy os, chuxe ʼ ri jun jache rachoch ri salomon .
we taqanik ri ʼ kubʼij chi raj awaxik kya ʼ uq ʼij ri win aq xuquje ʼ k to ʼanin aqil .
ri a xu xare nari ukunel ri kin aq ʼ .
aretaq wa ʼri uq ʼijol we taqanik .
kʼo jun ta bʼal pa u wi ʼ rix kanulu bʼi ʼ lajuj no ʼj .
yu ʼl u bʼanom ri u kolo bʼri kej .
xa nimaj ri akʼal chiu wach ri u chu ch .
k kunan ri achi.
kin wa ʼik rech na kin yowaj taj .
aj xik ch ʼich ʼri lu ʼs .
k waj che ix kix bʼanow ik .
a ʼ r e xeto ʼwa laq .
x oj ʼe k xe ʼ qil alar qas ok .
xin loq ʼjunch ʼich ʼ, qajin aq u wach .
ku tʼisri pantal on .
e jani pa le awal kʼwa le kʼolik ?
utzukemik lepas chawe.
ri max areaj q ʼaniya ʼ .
mata bʼ achiri q kʼaxpa le bʼe.
tajin kanimaj , ri me ʼ s .
ix ixe ʼ laq ʼoma bʼ !
xsachan chwe.
e kʼo kʼiche ʼ , chi u wach ri juyu bʼ .
arewa ʼ ri nimalaj p ixa bʼe arewa ʼri na bʼe.
x reta ʼmaj chiru kʼ pa kʼkutij wi
jas u tzakik le su bʼ xu ʼ ano ?
aj xo ʼ y ri wi kan .
we tane a ʼ rex etijo w le ri kil , are le komon xe tijowik .
sibʼalaj anin aq kach ʼaw le are ʼ chi nu wach in .
utz we kin chakuj .
me ʼ s la ʼ .
kʼo kan wa rech kaqatijo .
xin sikʼij la.
ri akʼal xsach kanoq jela ʼp ataq ʼaj .
xe sikʼij la.
jawi x kibʼij wichike ʼ e wi?
r umal che, man ix tari ʼ ri kix ch ʼawik , areri r uxla bʼ axel ri itat ri ʼ ri kch ʼaw na iwu kʼri ix .
kʼakʼ ri wachoch .
sibʼalaj utz kin wil le atz ʼyaq rech nahuala.
saq por k kay ri kipo ʼ trinan .
xsach on ri nu chak chwe.
wa ʼim xu chapo .
riq ʼaq ʼtajin kajulu wi k .
najil upam ri s iwa n.
e kʼo riq achal al pa chiuwi ʼ la.
jas xataq chi ʼj le akʼal chu tijik ?
no ʼjimu kemik lepasa wumal .
kʼo jun ku ku bʼi ʼ tin tin , wa ʼ le laj kukmam kaj eqitaj , kapaqik axulik pa u wi ʼ uq ʼabʼ taq che ʼ , sibʼalaj sakʼaj , keʼu to le e nima ʼ q , ch ʼutin , rachi ʼl , aj sipanel sibʼalaj utz ranima ʼ .
ri u p ixa bʼ leq ʼat bʼal tzij kiya ʼu bʼixik .
na xsach on tachkexe atin ik .
xeq il lech ikopp u wi leja .
x lo ʼtaj ri akʼal .
qo nojel kuj wa ʼpa u wi ʼ ri mex a.
x sik irle waq an.
la xat wa ʼ kʼut ?
nimu bʼaq ʼri tulul .
kin x ikʼ ikʼ ik xinq ʼaxik .
la kat bʼepa le tin amit ?
ri pa l sibʼalaj saq ʼo r .
k q ʼox ow nu jalom .
xin na ʼo chi katp etik .
x loq ʼ u lew iwech ix .
xinchakun ru kʼri nu mam .
na x qabʼan taj .
k kʼoji ʼ bʼa ʼ ri u sipanik ri aj aw xel jesusk r istor u kʼ ri awuxla bʼal !
kin ch ʼaw ru kʼ lenunan pa le ch ʼawebʼal .
sibʼalaj q ʼeq u ʼm r umal ri mayu l .
are leba xu lik .
xeko s le ix oqibʼ pa le bʼe.
kʼax ri lik le akʼal chawe.
xinq ʼi ʼ oxin atin pa joron .
sibʼalaj nim le tin amit .
kʼax u kemik lepasa wumal .
xin sachik .
tajin kelu kikʼel pa raqan ri tz ʼi ʼ .
xin weta ʼmaj ri lik wibʼ
riq ʼuq ʼ are jun je ʼl chikop.
kʼopa ja tijo bʼal ri wi kaq ʼ .
ri sachi bʼal mak raj waxik chi qaxo ʼl .
je ʼ, kim bʼe k .
jela le ʼ ri nu p wi ʼ .
xubʼij che: - jas x abʼano tin tin ?
kabʼan juntoq ʼobʼ kyak ri nujal .
kat ʼek xinta .
jas leu kʼex bʼem ri bʼ le jun ru kʼ le jun chik ?
aj chi u wi ʼ mi q ʼin ja ʼri lu ʼ .
ri tijonel naj kpe wi.
te ʼ kixcho bʼ u bʼi ʼ ri nu tat .
ri ja ʼ kamiq ʼik chi u wach riq ʼaq ʼ .
ri tʼu ʼy k paq ʼowik .
kin mes on na.
na qaj at kʼowi chiwech .
xin bʼisonik taqna xatp et taj .
wex kam ri win aq , rip waq rech toj bʼal makaj kya ʼ chikech ri r alaxik .
ri nunan x bʼepa kʼay bʼal .
x oj u kʼamu loq rech koj ri lo
x kʼoto chin chikiwach chikin wa ʼ awu kʼ .
na x kikamsaj taj x kikʼam bʼi choja.
kʼakʼ ri ikʼ kamik .
x im bʼe ru kʼ leaj kun iwir .
ri lik .
le tz ʼi ʼ xe kosik .
xin kikota wumal .
ri i mul xumaj ri anim, xu yakan le kok .
kʼo oj cheri akʼal .
xuj bʼepa jun kʼulanem .
utz wek war al aq .
kaqilo china koju kʼam taj .
x reta ʼmaj chi ruk ʼp akʼ kutij wi.
sibʼalaj xin kʼa ʼnarik .
xinko chij ri nu wa .
man kat kowin taj kat chakunik , we man kʼota ri ajila bʼal .
we wonon xubʼij chike: - kixinto .
ri ala nim kril wiri u mam .
x kaʼy chirij , x kaʼy chu wach , makʼo tachi jun k silo bʼik , x oq ʼik xu xe ʼj ri bʼ x ch ʼopin ik x tzalij loq xu riq tachik ri u bʼe .
kʼo pus cheriwa.
pinem naka bʼe lew atz , kim bʼe wi in pa kaʼyibʼal .
rinan to ʼn nim win aq chik , saqu wi ʼ, ro nojel aq ʼabʼ utz kuna ʼo ka tʼuyi ʼ pa utem , ku miq ʼisaj ri bʼ chori q ʼij , kʼo junu wi ʼ u mamu bʼi ʼ at e ʼ k .
mane kʼitaj ri qula ʼ .
q ʼalaj china kawaj taj kabʼij
x paqa bʼisax rajil ro nojel rikem .
kʼopa ri jul ri kumatz .
ro nojel q ʼij kin ch ʼaj lenuware.
saq chikan le ichaj rech katzako .
chuxe leq achomal kaqatij wi junq ame q ʼin .
chawila ʼ .
e kʼo jobʼu mi ʼ al, ri nu tat .
jas ru kʼ xa wil wi
je ʼ jas ri win aq rech ri u wach u lew , xoquje ʼ kepena ri ʼ rie ʼ are ʼ chee rech ri u wach u lew ; je ʼ jas ri win aq rech ri kaj , xoquje ʼ kepena ri ʼ rie ʼ are ʼ e rech ri kaj .
xin tijo .
k tz ʼu ju w ri rachoch ripo ʼx .
xuq ʼiʼo are leu kʼu lel x ya ʼow u wa .
ri awel x reta ʼmaj chiraj awaxik man ku xej tari bʼ cheri tukur .
ju kʼulaj win aq xe ʼ animaj bʼik .
je ʼ, xin tzalij ik .
x oj p etik xol q akʼama ʼ .
maj jachin x ʼek .
in ajtij ; at tijoxel .
saquwi ʼ ri tata ʼ .
we ch rikem .
le ro ʼch le ate ʼ k kʼoch wach leu kʼay lenu na n.
k bʼe pari siri ʼ a e pari silisi ʼ a, jawi je ʼ kuya wiri kichuq ʼabʼ ri komonty ox .
p ixa bʼ : man utz taj kʼax kujch ʼaw chikij nikʼaj q achi l .
x kunataj le ali ( kumal ri ix oqibʼ ).
rix ibʼibʼal chi kʼowi p ataq riq akʼas lemal ro nojel q ʼij .
na kuj wart awar al .
on chek kʼoji ʼ ri utzil chixo ʼl , arech junam ri qa kojonik , junam ri iwe chix ru kʼri wech in .
pa ox q ʼij ri sa ʼn k bʼe na ru kʼri aj kun .
kawin aq wuqubʼ .
jas kawaj kin tijo ?
weta xat bʼew u kʼ pa le tin amit , xa loq ʼtal a ʼ leu jastaq le akʼajol .
kebʼe p awa ʼim .
xin loq ʼ kʼi wa.
pa jun nim kʼache ʼlaj, kʼo jun kʼwa ʼ sibʼalaj saq lo loj , nimu wach .
k waj katij ju bʼa ʼ wa.
ro nojel win aq kril nari u kolon em ridy os » .
x kʼoto chin chikiwach chikin wa ʼ awu kʼ
k waj nakat ʼe taj .
la xa loq ʼ juna lej ?
e kʼo rie loq ʼoman el .
ri u kabʼ u bʼi ʼ ri nu mam are ya y .
kin j opij ri i ja ʼ rech triko .
x na ʼtaj chkexe atin ik .
xate ʼ qila ʼ .
kakiti jalan xax ri win aq .
. . . kin bʼij chi arewa ʼ sinxi ʼ an.
na xin na bʼej tach u tasik qa kʼolibʼal .
r umal rech chewe ri in, kin ch ʼaw ru kʼri dy os pa ch ʼabʼal , k ch ʼaw na kʼu ri ʼ ri wuxla bʼal ru kʼri dyos, kʼate kʼut man kʼota u p atan ri ʼ ch rech ri nu choma bʼal .
xe pet ik x kilo .
xuta we kat ʼek .
utzukemik lepas chawe.
ri nu wa kax xutij jun q ʼoq ʼ r umal ri ʼx kamik .
r umal ri kʼix , man kewa ʼtaj ri win aq .
xe ʼu lik .
q ʼeq rij ri ama ʼchij .
x raj ka ʼe le unan .
junam kijuna bʼ .
naq ʼalaj taj we ka ʼ ek .
ri wix nam ch ʼajch ʼoj ri rachoch .
war al man kʼotaj aj aw al .
na iwir tax ri l le kʼamol bʼe.
xin pe loq te kʼu ri ʼ xin tzukuj ro nojel ri nu rajil .
ri ajtikonel ku tik ri tzij .
kʼo ekikʼajol le achija bʼ .
ku tij q ʼayes ri ixpa ʼ ch .
pari wa ʼbʼal e kʼo kawin aq achija bʼ .
sip ojin aq ri nu pam .
kaya ʼtajik ru kʼuti ʼonem jun ri u riqom leya bʼila molot setsé xuquje ʼ arekaya ʼtaj p ataq ri juyu bʼ .
jachin ri achi ?
ri nu mam x kamik aretaq kʼo jumuch ʼ lajujujuna bʼ .
kin kowin ik kin kʼam bʼi le p waq .
kin wilo chi utz ri aj i ʼ .
xinq ʼil ri apo ʼx cheman kachakun taj .
k wa ʼ chi u wach le taq ʼaj ri ama ʼakʼ .
ri i mul xe p oq ʼik pa jun ikʼ .
x kʼis kanoq ri qachak .
areri alix oj ilow kanoq .
sibʼalaj ch ʼu ʼj ri amax .
kʼo nu wachi ʼ .
inchajin el kech le akʼala bʼ .
xe kos le tz ʼi ʼ .
kin bʼe na ku kʼri molaj .
ro nojel aq ʼabʼ kinyi tz ʼri wa kax .
karapin ik xutzukuj chi jun awaj .
leu kemik lepa san in aq ( awumal ).
maju rajil leq ʼabʼarel .
kʼax ri ʼ ri kach ʼaw ik .
x oj u taq chi ʼj le achich u loq ʼi kichaj .
sibʼalaj kʼax rix kʼulmaxik .
x kilo china kin kʼox omaj taj .
x na ʼtaj chkechi xe atin ik .
x kʼoto chin chikiwach chix oj al wo ʼqaku kʼ .
jun q ʼu ʼ q rajil ri kaxla ʼn wa.
xin wilo chi xe ʼ el ik .
e kʼo ix oqibʼ pa le kʼay bʼal .
man kʼotaj u kʼisik ri maya bʼ aj la bʼal il .
ri sin k kʼiy p ataq ʼaj .
rich ʼima man k kʼiy taj p ataq ʼaj .
raj awaxik k jikik ri waqän .
kawaj kin ʼek .
e kʼo oxibʼ akʼ .
xubʼij chwe jawi at kʼo wi.
chwe ʼ q kuj bʼe ʼ pa muquj .
pa saq kʼa ja ʼ kbʼan wiri uq .
x oj kisikʼij .
xin wil wibʼ .
chaq ʼ chik ri wa.
kim bʼe nakapa le wo ʼch .
kawaj kin ʼek .
rich ʼu ʼ k tij ru kʼ lej .
pari kiq ʼij kamin aqibʼ kbʼan q ʼori kʼya ʼ rech aj : na bʼe rinan kutzukuj kan ri aj , kujach ʼo ʼ xuquje ku kʼ e to .
jas kaj bʼal chanim ?
utz u choman ik ri ali.
pari q ʼijox lajuj tijaxkin kʼis kebʼjuna bʼ kin chakun war al .
sibʼalaj ko , ri kʼakʼ ch ʼat .
jas karaj kubʼij … ?
rich ʼich ʼ kasila bʼ ik .
pa ojerq ʼalpu l xaqxu wiri nim win aq kekʼamow bʼe.
leu kunaxik leu kabʼ u kʼutunik are ru kʼ e flor nitina on utu nibʼaxik lenifu r timox chi ʼ le flor nitina chech t . b . g.
areri achi xinch ʼayow ik .
junachi u bʼi ku ʼx u sipaj kebʼ kʼa ʼm u lew rech kabʼan ri tijo bʼal , kamik , kʼo chik ajtij rech ri komon xech pu p .
xu malty oxij cheri ajtij ro nojel le xu kʼut chi u wach .
pari bʼex kiraq junala jimul saq ri j, x kikʼam bʼik .
x r il le bʼal e ala .
jas kubʼij chwe?
leu kunataj em are ru kʼ utzukuxik leu chikopil pa junu solik uxe ʼ le kik ʼon leja ʼ rech jun nodo .
utz we n utz ʼi ʼ .
je ʼ, tajin kachapon ik .
kin u loq ʼoj lenu tat .
kawaj kim bʼepa tin amit .
arela ʼ kinchakuj .
ri nima ʼ q taq win aq kʼoketa ʼmabʼal .
weta xat bʼew u kʼ pa le tin amit , xa loq ʼ tawa ʼwe jastaq .
ri kikʼas lemal . wa ix imu lew xa jun chi ma areta ti nimit ri ma
ri u kʼ ya bʼal na jupam .
xatqaj chiupam ri il .
nojim kat wa ʼik .
we kʼo jun k tuqa ʼ ri k , ¿ la man xoquje ʼ taj kin tuqa ʼr ri in ?
ojoj wokol ja.
awas kbʼan kʼaxche jun nim win aq .
xinch ʼaw apan ru kʼ le wa na bʼ .
kʼax ri upam ri ju ʼl .
tajin kewa ʼri i mul .
la kaj lakuj tzalij la anin aq ?
r umal rech cheri makaj man kʼota u kowin em p iwi ʼ ri ix : ri ix man ix kʼota chi chuxe ʼ rip ixa bʼ, xane ix kʼo chuxe ʼ ri sipanik .
nim raqan leche ʼ .
xinchapo .
are le tu ʼ r le loq ʼoman el .
xas kat kʼoji ʼ chiupam rich ʼich ʼ .
sibʼalaj nim raqan ri kʼamal bʼe.
le tz ʼibʼabʼal we chi n.
in xin to ʼw la.
xa je kʼu ri ʼ ri ix kamik ri ʼ man ix kaxlan win aq tachik ; ri ix , ix rech ri kiti nimit ri ety oxlaj taq win aq , ix rech ri rachoch ridy os .
xin tiko xlaj kʼal ichaj .
kaqa riq q ibʼ chwe ʼ q .
sibʼalaj utz cheri wi ʼ aj ri tuney .
wena jupulik ta xe qajik . . .
xin to ʼtaj cheri nu chak .
kʼo jun chi kop u bʼi ʼ pu m .
poqon ri ik .
x oj bʼinik .
xuch ʼe k ro nojel le reta man ik x paqi ʼ k kʼax k w ʼinik xubʼan aj kun .
kel u bʼik pari jude ʼ a ek tzalij chi u bʼi jumul pari g alile ʼ a.
xina xibʼij pa bʼe.
je ʼl kʼolem chi awachoch .
ro nojel ri ya ʼtal il pa we q ʼataj , tz ʼaqat kiwach , man k tzaqta kanoq xuquje ʼ man k tastaj .
xu kunaj le yawa bʼ leaj q ʼij .
chi tata bʼej jas le kim bʼij .
ch ʼan al ri achi.
pa bʼ oko ʼ kachakun wiri tax .
uj kʼopa u wuq q ʼij .
ki ʼ ri u kabʼ ri a qaj .
kʼo rachal al pa tz ʼo loj che ʼri pe ʼl .
x kilo chikin kʼox omaj .
ri ukisa kʼu tz kya ʼik chiuxe ʼ ri tiko ʼn .
aretaq chi ʼ kaq ʼan pu wi ʼ ri juku bʼ , ri achiche x kʼoji ʼ ri itzel uxla bʼal ru kʼ , ku tach rech ri are ʼ , arechk kʼoji ʼ ru kʼri are ʼ .
na kabʼantaj ta wumal .
x na ʼtaj chkexe atin ik .
xin paj ri nu triko .
xe ʼ ok rip ok ʼ pari u me xar ipo ʼx .
kajuluw ri aq ʼa ʼl chiuxe ʼri tʼu ʼ y .
awech leja .
xuj bʼepa tz u rik .
na bʼexat opan ik .
ri u kabʼ u bʼi ʼ ri nu mam are ya y .
uwaj xaqu kakʼal taqanik (28) .
mata kʼo jun kakanaj kanoq , qo nojel koj bʼek .
e nima ʼ q le altoma bʼ .
nimu wach ripo ʼt .
kojonik pari utzij wa ix imu lew .
jas xu kʼam bʼil etz ʼi ʼ xa wilo ?
xin p etik , tat .
ri bʼe laju wach .
chi tata bʼej jas ri kim bʼij .
je ʼl kuna ʼri abʼix chiupam ri ququ lew .
kin bʼiso ju wach lew al .
xu tʼuyu bʼa ʼ .
nim ri aw eqele ʼ n xa riqo .
xine ʼ wa ʼ oq .
chi ʼ kewar wile akʼala bʼ .
ri nu mi ʼ al xutaq loq jun taqo ʼm wuj chiwe.
q ʼe ʼ lik , ri chaj pari bʼe.
la utz awach ? - utz malty ox , e kʼu ri at ? – utz malty ox .
xinko s r umal nu chak .
kbʼe ku kʼ rie ʼ are ʼ e k tzalij pari na s are te keʼu nimaj .
ri joj xu kʼam bʼik ri akʼ .
kʼochi wachi ʼl chanim .
kubʼij chech na ʼl kabʼan cheri atz ʼibʼ .
e. . . in kawaj katzjoj bʼila chwe.
ma taxin ya j le ali.
jachin ru kʼ kat bʼe wi?
kʼo sibʼalaj eta ʼmabʼal pari maya bʼ no ʼjibʼal .
e man x ori jupuq kej .
kasu mum ri kaqiq ʼ .
e kʼo kajibʼ akʼala bʼ pa le bʼe.
je ʼ jas ri u tat k kaʼyik .
xaq at molon el tzij tal .
lenu tat kaloq ʼon chwe.
xaqtane kim bʼe iwu kʼ .
x reta ʼmaju ch ʼajik .
r umal la ʼ x koj “ xal q ʼat ” cheu bʼi ʼ ri komon .
are leu kemik pa s x reta ʼmaj .
ri wa ti ʼt kubʼan nari u p atan .
kʼakʼ lepo ʼt .
reta ʼm u wach jachin x loq ʼow ri pa s .
ken ch ʼabʼej le akʼala bʼ .
ya ʼtal chaqe qo nojel ri uj win aq utz kaqil q ibʼ .
xkoti ʼ paq ʼayes x oq ʼik .
kawin aq bʼe leje bʼ q ʼataj .
e kʼo kajibʼ r al ri imul, jun saq , junq ʼan , junq ʼeq , junq ʼeq oj , sibʼalaj ketz ʼanik , kech ʼopin ik ri alaj taqi mul .
k cholol ri ach achal.
kete kik ri ikʼ .
xe p etik rech kewa ʼ iwu kʼ .
tz atz ri uq ʼanil ri akʼ .
x oj tzalij ik x ixe ʼ qaq ʼat uj ku kʼ le itatinan .
ri yo ʼx taq akʼala bʼ kekikʼux ri atz ʼyaq .
we achi wexu sipaj jun p o ʼt chwex kamik .
k kowin ri kunan el che kunanik .
xjiq ʼ pari polo w .
xar umal sibʼalaj raj awaxik le loq ʼalaj ja ʼ, le win aq x kibʼij : chewe ikʼ ri ʼ qo nojel kuj bʼe cheu tikik taq che ʼ .
ri unan eri erachal al kepe u loq ru kʼri are ʼ , kʼate kʼu ri ʼ, man kekowin taj keq ibʼ u koq ru kʼ , r umal rech chee kʼo sibʼalaj win aq .
r umal rech , che man kʼota jun k kowin cheu kojik jun tikibʼal il chik ch u wach ri kojom chik che areri jesusk ri sto .
te kʼu ri ʼ xutz ʼibʼaj ri bʼ pari nimalaj tijo bʼal rech aj ku ʼn .
kajuluw ri ch ʼu mil chaq ʼabʼ .
kʼis bʼal kanoq , xoquje ʼ k kam ri ixoq .
le alax okik .
kʼop waq pa u wi ʼ ri me xa .
are kawaj na kin ʼe taj .
ri yawal kukoj ri ali chiuxe ʼ ri cha kach are u su ʼt .
na kaqakʼam tu ʼbʼi kamik .
ri ajtij kubʼij chike: raj awaxik keqa chajij ri awaj , are u tiko ʼn ri aj aw .
xin tij mukuni wir .
kʼax leu wi ʼ taq lenu q ʼabʼ .
xin loq ʼ junil bʼal wibʼ .
wa ʼwe q ʼij, nimu bʼantajik .
ri u xe ʼ al ri qatin amit man kasach taj .
x oj bʼinik .
ri achal al junam kiwach .
xin weta ʼmaj ri lik wibʼ .
nim ri u na ʼoj wa j tij .
mi q ʼin ri kʼul .
aj q ʼojom ri ate ʼ k .
che le san ik che ʼ kbʼan wiri q ʼojom .
kape le awel pa nawal ja ʼ .
ri meso nel tajin kchakunik .
utz chaqe kaqato ʼqibʼ , taq kʼo kʼax kʼol il , kate we chi ʼ n ri aj aw p aqawi ʼ .
xa wilo , x q ʼatan le ibʼo y .
xat kowin ik xa bʼano .
ki ʼ ri kʼawex .
kajil il ri bʼe.
le al ixel bʼik .
are ʼ x raj xin bʼano .
nim we abʼaj .
je ʼ lik uti ʼjol al ri saq ko ʼr .
nojin aq ri kej .
we katijan xu xman kat u to ʼ tachi uq ʼatixik le kʼakʼ ya bʼil corona virus (2019-nco v) .
na nim ta raqan wa ʼ weche ʼ .
utzalaj ajchak , ri w el .
¿jam pa ʼ kuj bʼepa nimaq ʼij ?
raj awaxik ta nela ʼkat chakun wu kʼ .
xutaq chi ʼj p awa ram pu lew .
man aretari axwan xel ik .
ri awix xu loq ʼ rachoch re nimal .
areri ixoq xin sikʼinu loq .
rich ʼim akʼat ʼon na.
laxibʼan le ichak ?
kʼi tin amite kʼopa ch ʼo ʼj .
kʼo jupuq chi j chiuxe ʼri che ʼ .
ri u xaq ri abʼix areu wari kej .
kawin aq q ʼataj .
la kix p epa tijo bʼal ?
we kechajix taq le kʼwa jachakin bʼij ; juna lik kʼo ja ʼ xuquje ʼ sibʼalaj saq loloj .
x reta ʼmaj .
ri ala bʼom ri alitoma bʼ tajinki kitijoj kibʼ rech su taq , arekakaj kikibʼan nimaq achija bʼ chupam ri kikʼas lemal , xuquje kʼo chik jupuq bʼixonel chupam ri komon .
la tz ʼu wach ri bʼe .
kʼakʼ ri ach ʼich ʼ .
qo nojel uj , uj maya bʼ taq win aq .
nojel q ʼij ri ati ʼ xkuyuq ʼuj le taqaw aj jela ʼpa nikʼaj ja ʼ, chirij ri juyu bʼ u bʼi ʼ te na ʼ .
paq ʼom chik ri si ʼ .
kin tzukun chela .
kakitij le kin aq ʼ, le ichaj, leu wa ʼlik ru kʼlej .
xe kanaj kan le ajchakibʼ .
ketikon ri achija bʼ .
sibʼalaj itzel u bʼantajik rich ʼil akan .
ri ate ʼ k xu malty oxij cheri r ati ʼ t , r umal ri utzalaj no ʼjibʼal xu kʼut chech .
k kamulix u chak ri abʼix .
la xin utzukuj le tijoxel ?
are ʼ kachakun ro nojel q ʼij .
lee kʼa ʼ na taq tz ʼi ʼ .
saq rij ri pla mux .
jas xaq ʼi ʼ ox atijo .
jas ru kʼ xkichap wi u tijik le ri kil ?
we katatin ru kʼ kʼatan ja ʼman kuq ʼatej ta le kʼakʼ ya bʼil corona virus .
la kat bʼin pa le uxlan bʼal ?
lawar al kʼux ix wa ʼ wi?
are lenu tat kin loq ʼonik .
tajin kchakun ri ala .
kʼo ri kiʼkotemal awu kʼ .
xuta jachin ka ʼ ek .
x at wa ʼik xin wilo .
x tzaqri rachoch r umal ri ja bʼ .
pa le jun ikʼ chik are nimaq ʼij .
e kebʼ äm kebʼin pa u wi ʼ ri tem .
mem ri achi.
ri w ik anchali ʼ y kel pa juyu bʼ ch wi tziri bʼal .
le rajil , lapaj axel aq ʼax wu ʼbʼik ?
pari su ʼt pisom wiri lej .
koj p etik kol q akʼama ʼ .
tajin kat ch ʼopin chi u wach ri taq ʼaj .
leq ʼo rx ch ʼuqik .
kʼax wa ʼim awu mal .
kin bʼis on che lew al .
sibʼalaj kʼo kʼri awa tz ʼyaq .
kamik xuj bʼe cheu tikik taq che ʼ pari juyu bʼ .
kin u loq ʼoj lenu tat .
chaqi ʼj chik ri chaj .
x yil ix ha wayi .
na x na ʼtaj ta chkechi xe atin ik .
ru kʼ kʼu wa ʼwe ri ʼ, ri ix k kʼoji ʼ jun utzalaji kʼas lemal ri ʼ ch kiwach ri win aq che mane kʼota iwu kʼ , kʼate kʼu ri ʼ man kʼota jun win aq ri ʼ raj awaxik chiwech .
e p etin aq pa bʼe le rach alaxik .
kakaj le akʼala bʼ kewa ʼik .
xujch ʼaybʼik .
ri nu chak are q ʼaxel tzij .
kʼo nar uxla bʼri awaj .
tajin kel loq , ri q ʼij .
xu q ʼiʼo x kamsax ri rachal al choch .
ri nu mam are kʼo uq ʼinomal .
x kʼu lmataj jumul , xubʼanjun nimalaj ja bʼ, man x bʼeyetaj tanax u kʼis leuy uq ʼ chike.
ama ʼri nu tz ʼi ʼ .
jewa ʼkatp etik .
xinko sik r umal xin chakunik
iwe ch chi jujunal, ri wa .
xuq ʼiʼo na xata tin taj .
in riq tajin aq pari kʼayibʼal .
naweta ʼm taj .
kʼax lenu q ʼabʼ .
utz le xubʼij le achi.
kematz ʼibʼ .
kʼo rachal al pa tz ʼo loj che ʼri pe ʼl .
ro nojel wa ʼwe jastaq ri ʼ, xas k sach wi u wach wa ʼ ; ru kʼ weri ʼ, ri ix , raj awaxik che kʼo jun ty oxlaji kʼas lemal e k kʼoji ʼ ri ich ʼaw em ru kʼri dy os,
xmuq taj ri patz ʼan .
rich ʼich ʼ tzijom kanoq pari u kʼol bʼal .
man kʼota u cholaj p ataq ri a wuj .
jachike ikʼ leu nimaq ʼij le tin amit nawal ja ʼ ?
xe p etik xol kikʼama ʼ .
kachuq ʼ chu tri ja ʼ chi apam .
xin bʼij iwir chi xe bʼepa armit a.
are ʼ uxe ʼ ojertzij war al kʼiche ʼu bʼi ʼ .
x kʼis ri nu si ʼ .
jawi x kibʼij wichike ʼ e wi?
¡ xa je kʼu ri ʼ, jachin taq rie kʼo pari jude ʼ a, chi chanim che ʼ anima ju bʼip ataq ri juyu bʼ ,
kʼakʼ ri a bʼ .
la kʼo jun naka kʼox omaj taj ?
na utz ta leu tʼisom le almariy .
man ya ʼtal taj chi awekatok paja .
je ʼ, xa tutzukuj .
are kel waj xaqibʼ uq ʼij rix kʼojik .
rix unku r k kʼoji ʼ p ataq ri triko .
xin sachik .
xu tʼuyu bʼa ʼ
na nu tom ta le tzij …
wach ʼom ri kiwa ri no ʼs .
e kʼojo bʼ ch ʼil wa kʼ .
raj awixik chip ataq ri tijo bʼal , pa nikʼaj u bʼixik chik
ri raj aw ru lew are ʼ tat kel .
we kʼu xokik , we kʼnax okta
we achi xu sipaj jun pʼot chwe.
atat u taqo ʼn leq ʼat al tzij .
naq ʼanta u wach le qaprut .
ri xa ʼr kʼopa u wi ʼ riq ʼaq ʼ k p oq ʼowik .
ri ro q ʼej ri alija chakpe juna kʼal .
kʼo junala pa tijo bʼal .
säq u wi ʼ ri tata ʼ .
ri wi tz ikʼ tajinkpe loq .
jawi xsach on wi kanu ya ʼik le p waq che.
utz we achi we xin kunanik .
qo nojel kuj wa ʼpa u wi ʼ ri mex a.
ri kaxla ʼn ik man p oqon taj .
in xin bʼe ru kʼri wachi ʼl .
sibʼalaj je ʼl x kilo xe kitz oqopij ri kichi j chila ʼ .
kin bʼinik xin ʼek .
kʼax kʼolik , kacha ʼ .
kutij ix im ri akʼ .
ri alix ch el, xu q ʼi ʼ oxa juna kʼx sipax che.
x qa sikʼij le ixoq chu tzakik su bʼ .
mata xa bʼinsaj lech ʼich ʼ .
rip ix tz ʼ ar alik r umal rieqa ʼn .
¿jam pa ʼ kel chi 3%
kʼo jun nu kʼo toj chi ʼaj .
tajinkewa ʼkat ri ala bʼom .
xin loq ʼ lenu kʼ akʼapo ʼt .
nau tzakik ta su bʼ tajinku ʼ ano
x oj u taq chi ʼij xoj wa ʼik .
iwe ch ri a bʼix .
saq rij ri chij .
aj sik cheri tin amit kel wiri tata ʼ .
- ¡ ay ! xaxin tzaqu loq , kʼax we waq an.
x kʼu lmataj pa jun komon chi ʼ u wach jun juyu bʼ , xu ri qa junq ʼij x kiriq kibʼ junimul ru kʼ le kok .
jas xataq chi ʼj le akʼal chu tijik ?
xinchapo suxu loq ʼo .
q ʼinom ri achi.
ri kʼu m k tijo w ru kʼ ka bʼ .
tajin kejach ʼanik .
tz ebʼal u kemik lepasa wumal .
are kayo ʼw leu chi kopil leu bʼantajik t ry pano som abr uce i.
we kat nima nik utz kelik .
pero no ʼjimal p etn aq loq , .
are le nu chak jun tz uq bʼal wibʼ .
x kunax le yawa bʼ r umal leaj q ʼij .
ri u kʼu ʼx tz ʼibʼ paqa tzij e lajuj .
sibʼalaj je ʼ lik rieqa bʼal xubʼan ri lu ʼ s .
sibʼalaj at kon .
e man x ori jupuq kej .
na x na ʼtaj tachkexe atin ik .
ri kʼamal bʼe xubʼij chike, chi maja ri a nim .
jumuch ʼri nu juna bʼ .
q ʼip tajin aq ri raqan ri tem .
kchakun ru kʼ ri jos bʼal che ʼ ri aj anel .
xataq chi ʼj le akʼal chu tijik kar .
oj kʼopa le ro ʼch le awel .
¿ la kat peq u kʼch we ʼ q ?
le win aq pa lech ʼich ʼe tʼuyullo wi.
x kanaj kanoq chiuxe ʼ ri ja bʼ ri ch ʼa ʼn .
nim ri ja .
weta xakunaj le atat ma tax kam la ʼ .
na nu kʼamom tu ʼ la ri ʼ .
chqanu kʼu ʼri qatzij .
kim bʼepa le tin amit .
xinq ʼiʼo na xin atin taj .
raj awaxik kakʼaman chawele u tijik le lej .
kʼis bʼal taqno ʼjibʼal .
xine ʼ wa ʼ oq .
x kibʼan kʼaxche leu wo saq r umal man utz tachi kakayik .
riq ʼutu ʼm man kech ta le akʼala bʼ .
are na nim tal e atz ʼi ʼ chu wach lenu tz ʼi ʼ .
xe p etik xol kila ʼ .
¿jawchi ʼ xata ʼ chex kam ri u mamripo ʼx ?
e kebʼ kekʼam bʼik p atuj .
xin loq ʼjun ja pari w okaj ja.
riax tu ʼbʼ , kʼo q u laj chech .
jas karaj kaʼan ch u tzakik le ti ʼij .
xutij lewa.
ximbʼal re tzij .
x pa x ri bʼo ʼj .
we kawaj katin to ʼo xaqxu wi kabʼij chiwe.
jas nu kʼu kuch ʼobʼo .
jas karaj ku tijo ?
xe x r uxla bʼ ri rikil .
enitz ʼa ʼ q le taqi mul .
we tane in xin bʼanow ik , are le at e ʼ k x bʼanow ik .
kin tzalij pa lenu tin amit .
ri nu chaq ʼ kʼopa u ro ʼ q ʼatoj tijonik pari tijo bʼal .
xin xi ʼj wibʼ xinch ʼaw ik .
kʼoch wa ro ʼch le pare .
chi raqan kabʼin wiri tata ʼ .
xsach on kanu ya ʼik le p waq che choja.
xinq ʼax chikixo ʼl ri win aq .
ke tikonik .
ri u lew man q ech taj, kech ri qati ʼ t q am am .
xepe le win aq xol kikʼama ʼ .
xu loq ʼri wuj r umal ri ali.
chewe q ʼij kamik kʼo jun nu tzijonem chirij le nu tin amit .
kej ri ʼ .
x kunan alaq chwe.
kin u sikʼij le nunan .
ri i mul xuch ʼij taj, x kanaj pa bʼe, r umal ri nimal kuj al uj ri i mul , xu tzaqri anim .
kubʼan ri u xoq ʼo ʼl ri aj tz ʼaq .
ri la sibʼalaj utz che kunabʼal .
kʼi kiwach rie ʼ ajchakibʼ pari komonty ox , kʼate kʼut xa jun chi aj awxel ;
x qatachi xa tulik .
kawaj chik at ʼek .
ch ʼuti ʼ n kekanaj ri xa ja bʼ chech .
kaqa xi ʼj q ibʼ kaqa chapo .
e kʼo kebʼu kʼajol le tat x wa n.
lu ʼ su bʼi ʼri rech am .
aj chi u wi ʼ mi q ʼin ja ʼri lu ʼ .
xin ya kan le nu chim pa kʼay bʼal .
kʼatex ri lo , xpe ri unan che utzukuxik , x kikotik , xu sala bʼisaj ri taqux kin .
x kikʼut chi u wach ri ajtij xuquje ʼ chikiwach ri taq nikʼaj kachil .
utz le nu q ʼabʼ .
ku l le al we ʼl pa a us tin chaq ʼabʼ kamik .
ri ate ʼ k x tzaq loq arechi kʼopa u wi ʼ riq ʼa ʼm .
aj p atan ri te ʼ k .
xatqaj chiupam ri il .
la kʼo tzij na kikʼoxo maj taj ?
xsach on chkechi xe atin ik .
ro nojel leu lew echa laq .
la xe bʼe kʼulaxe ʼ kijaqa kʼule uchi ʼ ja ?
xaq kat ch ʼok naj iwir .
kamik kʼochi ri jastaq awe .
arechi ʼ kakʼis ri juna bʼ kʼoq ʼinom .
pa nawal ja ʼ xin alexik .
na xin tataj we areri akʼal kix tzuqu wi k .
¡ ru lew ri sabʼul oner u lew r ineft ali, u bʼeri polo w , ru lew ri jordan, g al il e ʼ a kech ri jetaq amaq ʼ !
rax , rax , rax , kʼo kʼ, kʼo kʼ, kʼokʼ le r uxla bʼ le taq tiko ʼn .
achi xatwi lo .
paqal rajil le p ix kamik .
x oj bʼinik .
pa jun je ʼl tijo bʼal kutijoj ri bʼ juna kʼal , u bʼi ʼpo ʼx , utz ku ri lok e pa tijo bʼal ro nojel taq q ʼij .
x waj chix at ʼetaj .
utz la ʼ le xubʼij le achi.
weta ʼam jachin kap etik .
kin q ʼojoman ik .
xinq ʼiʼo takʼalik xin p etik .
are ʼ reta ʼm che kin opan ik .
aretabʼa le qaq aj aw ch at to ʼwik .
kawin aq waqibʼ q ʼataj .
na qaj chik cheri u waq kaj bʼal aretaq chi ʼ k sach u wach riq ʼij , kok riq ʼeq u ʼm ch u wach u lew , chi kʼate ʼ nari bʼe leje bʼ kaj bʼal .
jo bʼ raqan ri tz ʼalam xe poroxik .
sibʼalaj ko ri j ri mop .
arewa ʼ .
jela ʼ pari ti minit ch wi kaby ok rech xelaju ʼ, le qanan q atat kakitikoj e ʼl alaj taqu wach ichaj .
kʼax nuqul .
xu ʼl u kʼama ʼ .
kojul kitzukuj .
are man kʼax ta u kunaxik aretaq anin aq kaʼilitaj we ya bʼil al xuquje ʼ mojo ʼqakuya ʼ le kʼax kʼol il chech le jolomaj .
ri w el kʼopa tijonik .
kawaj kin bʼij .
ri kotz ʼi ʼj k qakoj chiupam ri ja .
q ʼeq q ʼoj ri j ri ama ʼkej .
na x waj taj xinch ʼaw ik .
ch p etabʼa le loq ʼalaj ja bʼ .
xsach on chkex at kisikʼij .
e leq ʼal ch ʼich ʼ .
jachin xa wilo chi arex tijo w ri ti ʼj ?
ma takabʼe lenu x bʼal pa le tin amit .
pimr uq , ri ali.
¿ kʼorim uq ʼe chi awech ?
k qabʼij man kekowin taj .
kintij na.
kʼo jun qa tʼu ʼ y paja !
kʼop uj chiupam ri ch ʼa ʼk .
aretaq kin kosik kin warik .
x at wa ʼik xin wilo
in xin ch ʼayow le achi.
konojel ri alaxik keʼetz ʼanik .
jas ru kʼ x kitij wile kirikil ?
anin aqil katp etik .
na rax ta u wach le juyu bʼ .
ri tz ʼalam tz ʼibʼabʼal raxk kayik .
we ch at chakunik , kʼo awa.
ma ʼtam x at pe cheri wa ʼim .
kamul kin wa ʼ na.
ri sikil k tijo w ru kʼ ik .
kim bʼe aq ʼan ru kʼ le al tal in .
x oj ʼe k xe ʼ qil alar qas ok .
xe kiq ʼil le ajchakibʼ xkiwok leja .
mat anex waj le kʼu hj nem ru kʼ le ate ʼ k .
are xe ʼopan chiuchi ʼ ri juyu bʼ , x kilo chiman qas tak ʼoq ʼayes .
kʼate kʼut , ri jesus man k kojon tach kech rie ʼ are ʼ , r umal rech che konojel reta ʼm kiwach ,
pa ʼ tz rij ri tz ʼi ʼ .
juwin aq waqibʼ q ʼataj .
atel aq ʼom .
xaqat jo ʼs .
riq ʼatzu, are q ʼalaj ri uq ʼij il .
ajchak we ala.
u bʼe leju kakʼal taqanik (29) .
kebʼ nu bʼi ʼ kʼolik .
la katzalij lu ʼ la anin aq ?
katzukun la chwe.
la kaj la koj bʼe ʼ pa le chomal ch we ʼ q ?
xin na bʼej chu tasik qa kʼolibʼal .
la l xin to ʼwik .
sibʼalaj ano ʼjibʼal .
x oj p etik xol q akʼama ʼ .
sibʼalaj je ʼ lik ri u wa ʼl ri ichaj .
kʼaxwij r umal in pacha lik .
aretaq xu kʼulmaj wa ʼ xu l ri u choman ik xubʼij : are utz wa aq ʼabʼ kin walij ik, arecha ʼ chanim kin opan pa tijo bʼal , maj chikin kʼulmaj .
ojaj xo jolo bʼ pa awasq ʼij .
xin sach che leu wokik le tzij .
e julajuj ri akʼ .
xutaj am pa ʼ koj ʼ ek .
qil ik .
ri tijoxel man areta nim chu wach ri raj tij . ri utz tijoxel qas jeri ʼ kʼolik jas ri raj tij .
in xa tin ch ʼayo .
no ʼjim chak wumal .
ch ʼu r ri jo ch ʼ .
inkin bʼij nakat sach taj .
uj maya bʼ .
ri abʼaj ya tz alik .
tajinkepix bʼax ri akʼala bʼ .
chom ri aq .
xin war ik .
el em en konojel ri akʼala bʼ .
tajink q ʼanarik ri were ʼaj .
leu kemik lepas utz ( chawe) .
xuyu p u bʼa u wach ra ʼ chi, kacha ʼ, .
ri satanas kok pari judas ri kbʼix iska ri ʼo tech rech , ri are ʼ junch kixo ʼl rie kabʼ lajuj .
chu chu ri par.
kin qumuj ri nu joch ʼ .
chech punción lumbar amaq ʼel raj awaxik chech ri lik leu kʼex bʼem wile na bʼe ru kʼ leu kabʼ u kʼutunem leya bʼil al .
q ʼalaj china kawaj taj kabʼij .
kʼo q ʼol chirij ri si ʼ .
jawi xoj ʼe wi chu loq ʼik ?
kʼo u loch ʼri tal in .
q ʼan ri j ri ati ʼ t nu kej .
la x tzalij la iwir ?
xe sikʼixik , kʼate kʼu ri ʼ xe ya jik , xuquje ʼ xetaq bʼiche u sikʼik lemes .
la kix wari k ?
are kʼu lepa lo max xubʼij che: - mam kat bʼis on taj , kin sikʼij nikʼaj wachi ʼl kerapapik .
a ʼ re e tijoxela bʼ .
ri alaj alis i ʼl xubʼij x qachappa utzal ri ty ox .
x sachon chke jachin xe atin ik .
jas xu rayij le anan xu tijo ?
xinko sik .
rax ro nojel riq ʼayes r umal leja bʼ .
kin yawa ʼwe ch ʼich ʼ pinem na utz .
no ʼjimu pach ʼuxik lenu wi ʼ .
naj kʼowi le wo ʼch chu wach le tijo bʼal .
ri okibʼal kʼochi u wach ri saq ja.
xe nu taq ch ʼij ke kil le akʼala bʼ .
kʼo junq ʼox ow em chiwe.
tzari cho ʼm .
we choj bʼepa le nimaq ʼij , keqil leajxo jolo bʼ .
x oj ʼe k xe ʼ qil alar qas ok .
ri ate ʼ k xuta ʼ chech rinan to ʼn :- nan jas che ʼ chiman kajtal aq akʼati saj ri jo ʼ q .
ri pal sibʼalaj xu ʼ y .
kinkoj ri jokbʼal u lew .
inkin bʼij nakat sach taj
at raj kun le nunan .
ku qamuj u joron ri aj tzij .
lu ʼ tz ʼalam u bʼi ʼ ri achikel pa nim che ʼ .
je ʼ lik uti ʼjol al ri saq ko ʼr .
kʼo junxa ʼr paja.
xin loq ʼjun kʼakʼ p atan .
kʼax u kemik lepasa wumal .
anin aq u kemik lepasa wumal
rich ʼa ʼn sachin aq p ataq abʼix .
rax taq le kotz ʼi ʼj .
mesom kanoq ri upam ja.
man aretar alax kosik .
ri komon xech pu p rech uq ʼabʼ tin amit xo ʼl abʼaj rech q ʼu markaj .
la u tzakik kʼu su bʼ tajin kuʼano ?
katela !
na xutij taj .
xar umal keta ʼm konojel ri win aq k kiqumuj leja ʼ .
iwir xuj tzalij la pa kʼay bʼal .
qeta ʼm cheri qawaku ju to ʼo .
ri ajtij , kya jon chikech ri akʼala bʼ .
jas u bʼanom le nu ch ʼuti tat ?
chwe ʼ q kin bʼepa nim tin amit .
utz we kiweta ʼmaj jas kubʼij ri chol bʼal q ʼij .
tajin katj ilo w che uq ʼoxom jolom aj .
xin tik q ʼaxchi u wach rij a.
kʼax le kibʼe le win aq .
loq ʼ kat kun taj che leya bʼil (covid- 19).
ri nu xibʼal kel paq aj bʼal q ʼij .
x ril ri a x wan chix wa ʼri ala .
le alix kunatajik .
weta kape leja bʼ kamik .
xin weta ʼmaj chinax at pe taj .
rip waq rech we q ʼataj ri ʼ kesax chech ri toj bʼal kʼayin em .
k tij ri u wa ʼl ik r umal ri kinimaq ʼij .
xu chapu kunaxik .
chatan loq al i.
xin xu li ʼ q aj oq .
je ʼ lik k tijo w ri taqik ox .
kʼate kʼu ri le tat xo ʼr xubʼij , man kawaj taj, man kawaj taj .
kʼo jun tz ʼi ʼ pa bʼe.
kamul xin p eche atzukuxik .
man tajin ta kin chakunik .
kin chakunik rech kat wa ʼik .
jas ru kʼ xa wil wichi xkiqupij wile ti ʼj .
jas u bʼixik … ?
koq ʼri akʼal .
kawaj nakat ʼe taj .
xatq ʼajik .
w em na cha loq ʼaxiyal , na kim bʼe ta awu kʼ .
x opan le wuj awu kʼ r umal wech in .
are kʼut pa le juyu bʼ k kʼiy joron, chila ʼ xe kikʼama wiri ja ʼri win aq .
koq ʼri akʼal .
we kʼo a rajil cha kʼama loq .
are sibʼalaj kaq leapo ʼt chu wach lenu p o ʼt .
xin kʼastaj paka bʼ lajuj kaj bʼal .
kaqoy ʼej naki xpe taj .
ko kaxim ri chij xa jela ʼman kanimaj ta bʼ ik .
ri kok nojim x bʼek , xu ch ʼij ox opan pa u kʼis bʼal il lea nim .
x oj kiʼkotik aretaq xa tulik .
kaqitz ʼ naj ri u xa ja bʼ ri akʼal .
ri jesusk wa ʼ kat pari nim rachoch ridy os, chuxe ʼ ri jun jache rachoch ri salomon .
we taqanik ri ʼ kubʼij chi raj awaxik kya ʼ uq ʼij ri win aq xuquje ʼ k to ʼanin aqil .
ri a xu xare nari ukunel ri kin aq ʼ .
aretaq wa ʼri uq ʼijol we taqanik .
kʼo jun ta bʼal pa u wi ʼ rix kanulu bʼi ʼ lajuj no ʼj .
yu ʼl u bʼanom ri u kolo bʼri kej .
xa nimaj ri akʼal chiu wach ri u chu ch .
k kunan ri achi.
kin wa ʼik rech na kin yowaj taj .
aj xik ch ʼich ʼri lu ʼs .
k waj che ix kix bʼanow ik .
a ʼ r e xeto ʼwa laq .
x oj ʼe k xe ʼ qil alar qas ok .
xin loq ʼjunch ʼich ʼ, qajin aq u wach .
ku tʼisri pantal on .
e jani pa le awal kʼwa le kʼolik ?
utzukemik lepas chawe.
ri max areaj q ʼaniya ʼ .
mata bʼ achiri q kʼaxpa le bʼe.
tajin kanimaj , ri me ʼ s .
ix ixe ʼ laq ʼoma bʼ !
xsachan chwe.
e kʼo kʼiche ʼ , chi u wach ri juyu bʼ .
arewa ʼ ri nimalaj p ixa bʼe arewa ʼri na bʼe.
x reta ʼmaj chiru kʼ pa kʼkutij wi
jas u tzakik le su bʼ xu ʼ ano ?
aj xo ʼ y ri wi kan .
we tane a ʼ rex etijo w le ri kil , are le komon xe tijowik .
sibʼalaj anin aq kach ʼaw le are ʼ chi nu wach in .
utz we kin chakuj .
me ʼ s la ʼ .
kʼo kan wa rech kaqatijo .
xin sikʼij la.
ri akʼal xsach kanoq jela ʼp ataq ʼaj .
xe sikʼij la.
jawi x kibʼij wichike ʼ e wi?
r umal che, man ix tari ʼ ri kix ch ʼawik , areri r uxla bʼ axel ri itat ri ʼ ri kch ʼaw na iwu kʼri ix .
kʼakʼ ri wachoch .
sibʼalaj utz kin wil le atz ʼyaq rech nahuala.
saq por k kay ri kipo ʼ trinan .
xsach on ri nu chak chwe.
wa ʼim xu chapo .
riq ʼaq ʼtajin kajulu wi k .
najil upam ri s iwa n.
e kʼo riq achal al pa chiuwi ʼ la.
jas xataq chi ʼj le akʼal chu tijik ?
no ʼjimu kemik lepasa wumal .
kʼo jun ku ku bʼi ʼ tin tin , wa ʼ le laj kukmam kaj eqitaj , kapaqik axulik pa u wi ʼ uq ʼabʼ taq che ʼ , sibʼalaj sakʼaj , keʼu to le e nima ʼ q , ch ʼutin , rachi ʼl , aj sipanel sibʼalaj utz ranima ʼ .
ri u p ixa bʼ leq ʼat bʼal tzij kiya ʼu bʼixik .
na xsach on tachkexe atin ik .
xeq il lech ikopp u wi leja .
x lo ʼtaj ri akʼal .
qo nojel kuj wa ʼpa u wi ʼ ri mex a.
x sik irle waq an.
la xat wa ʼ kʼut ?
nimu bʼaq ʼri tulul .
kin x ikʼ ikʼ ik xinq ʼaxik .
la kat bʼepa le tin amit ?
ri pa l sibʼalaj saq ʼo r .
k q ʼox ow nu jalom .
xin na ʼo chi katp etik .
x loq ʼ u lew iwech ix .
xinchakun ru kʼri nu mam .
na x qabʼan taj .
k kʼoji ʼ bʼa ʼ ri u sipanik ri aj aw xel jesusk r istor u kʼ ri awuxla bʼal !
kin ch ʼaw ru kʼ lenunan pa le ch ʼawebʼal .
sibʼalaj q ʼeq u ʼm r umal ri mayu l .
are leba xu lik .
xeko s le ix oqibʼ pa le bʼe.
kʼax ri lik le akʼal chawe.
xinq ʼi ʼ oxin atin pa joron .
sibʼalaj nim le tin amit .
kʼax u kemik lepasa wumal .
xin sachik .
tajin kelu kikʼel pa raqan ri tz ʼi ʼ .
xin weta ʼmaj ri lik wibʼ
riq ʼuq ʼ are jun je ʼl chikop.
kʼopa ja tijo bʼal ri wi kaq ʼ .
ri sachi bʼal mak raj waxik chi qaxo ʼl .
je ʼ, kim bʼe k .
jela le ʼ ri nu p wi ʼ .
xubʼij che: - jas x abʼano tin tin ?
kabʼan juntoq ʼobʼ kyak ri nujal .
kat ʼek xinta .
jas leu kʼex bʼem ri bʼ le jun ru kʼ le jun chik ?
aj chi u wi ʼ mi q ʼin ja ʼri lu ʼ .
ri tijonel naj kpe wi.
te ʼ kixcho bʼ u bʼi ʼ ri nu tat .
ri ja ʼ kamiq ʼik chi u wach riq ʼaq ʼ .
ri tʼu ʼy k paq ʼowik .
kin mes on na.
na qaj at kʼowi chiwech .
xin bʼisonik taqna xatp et taj .
wex kam ri win aq , rip waq rech toj bʼal makaj kya ʼ chikech ri r alaxik .
ri nunan x bʼepa kʼay bʼal .
x oj u kʼamu loq rech koj ri lo
x kʼoto chin chikiwach chikin wa ʼ awu kʼ .
na x kikamsaj taj x kikʼam bʼi choja.
kʼakʼ ri ikʼ kamik .
x im bʼe ru kʼ leaj kun iwir .
ri lik .
le tz ʼi ʼ xe kosik .
xin kikota wumal .
ri i mul xumaj ri anim, xu yakan le kok .
kʼo oj cheri akʼal .
xuj bʼepa jun kʼulanem .
utz wek war al aq .
kaqilo china koju kʼam taj .
x reta ʼmaj chi ruk ʼp akʼ kutij wi.
sibʼalaj xin kʼa ʼnarik .
xinko chij ri nu wa .
man kat kowin taj kat chakunik , we man kʼota ri ajila bʼal .
we wonon xubʼij chike: - kixinto .
ri ala nim kril wiri u mam .
x kaʼy chirij , x kaʼy chu wach , makʼo tachi jun k silo bʼik , x oq ʼik xu xe ʼj ri bʼ x ch ʼopin ik x tzalij loq xu riq tachik ri u bʼe .
kʼo pus cheriwa.
pinem naka bʼe lew atz , kim bʼe wi in pa kaʼyibʼal .
rinan to ʼn nim win aq chik , saqu wi ʼ, ro nojel aq ʼabʼ utz kuna ʼo ka tʼuyi ʼ pa utem , ku miq ʼisaj ri bʼ chori q ʼij , kʼo junu wi ʼ u mamu bʼi ʼ at e ʼ k .
mane kʼitaj ri qula ʼ .
q ʼalaj china kawaj taj kabʼij
x paqa bʼisax rajil ro nojel rikem .
kʼopa ri jul ri kumatz .
ro nojel q ʼij kin ch ʼaj lenuware.
saq chikan le ichaj rech katzako .
chuxe leq achomal kaqatij wi junq ame q ʼin .
chawila ʼ .
e kʼo jobʼu mi ʼ al, ri nu tat .
jas ru kʼ xa wil wi
je ʼ jas ri win aq rech ri u wach u lew , xoquje ʼ kepena ri ʼ rie ʼ are ʼ chee rech ri u wach u lew ; je ʼ jas ri win aq rech ri kaj , xoquje ʼ kepena ri ʼ rie ʼ are ʼ e rech ri kaj .
xin tijo .
k tz ʼu ju w ri rachoch ripo ʼx .
xuq ʼiʼo are leu kʼu lel x ya ʼow u wa .
ri awel x reta ʼmaj chiraj awaxik man ku xej tari bʼ cheri tukur .
ju kʼulaj win aq xe ʼ animaj bʼik .
je ʼ, xin tzalij ik .
x oj p etik xol q akʼama ʼ .
maj jachin x ʼek .
in ajtij ; at tijoxel .
saquwi ʼ ri tata ʼ .
we ch rikem .
le ro ʼch le ate ʼ k kʼoch wach leu kʼay lenu na n.
k bʼe pari siri ʼ a e pari silisi ʼ a, jawi je ʼ kuya wiri kichuq ʼabʼ ri komonty ox .
p ixa bʼ : man utz taj kʼax kujch ʼaw chikij nikʼaj q achi l .
x kunataj le ali ( kumal ri ix oqibʼ ).
rix ibʼibʼal chi kʼowi p ataq riq akʼas lemal ro nojel q ʼij .
na kuj wart awar al .
on chek kʼoji ʼ ri utzil chixo ʼl , arech junam ri qa kojonik , junam ri iwe chix ru kʼri wech in .
pa ox q ʼij ri sa ʼn k bʼe na ru kʼri aj kun .
kawin aq wuqubʼ .
jas kawaj kin tijo ?
weta xat bʼew u kʼ pa le tin amit , xa loq ʼtal a ʼ leu jastaq le akʼajol .
kebʼe p awa ʼim .
xin loq ʼ kʼi wa.
pa jun nim kʼache ʼlaj, kʼo jun kʼwa ʼ sibʼalaj saq lo loj , nimu wach .
k waj katij ju bʼa ʼ wa.
ro nojel win aq kril nari u kolon em ridy os » .
x kʼoto chin chikiwach chikin wa ʼ awu kʼ
k waj nakat ʼe taj .
la xa loq ʼ juna lej ?
e kʼo rie loq ʼoman el .
ri u kabʼ u bʼi ʼ ri nu mam are ya y .
kin j opij ri i ja ʼ rech triko .
x na ʼtaj chkexe atin ik .
xate ʼ qila ʼ .
kakiti jalan xax ri win aq .
. . . kin bʼij chi arewa ʼ sinxi ʼ an.
na xin na bʼej tach u tasik qa kʼolibʼal .
r umal rech chewe ri in, kin ch ʼaw ru kʼri dy os pa ch ʼabʼal , k ch ʼaw na kʼu ri ʼ ri wuxla bʼal ru kʼri dyos, kʼate kʼut man kʼota u p atan ri ʼ ch rech ri nu choma bʼal .
xe pet ik x kilo .
xuta we kat ʼek .
utzukemik lepas chawe.
ri nu wa kax xutij jun q ʼoq ʼ r umal ri ʼx kamik .
r umal ri kʼix , man kewa ʼtaj ri win aq .
xe ʼu lik .
q ʼeq rij ri ama ʼchij .
x raj ka ʼe le unan .
junam kijuna bʼ .
naq ʼalaj taj we ka ʼ ek .
ri wix nam ch ʼajch ʼoj ri rachoch .
war al man kʼotaj aj aw al .
na iwir tax ri l le kʼamol bʼe.
xin pe loq te kʼu ri ʼ xin tzukuj ro nojel ri nu rajil .
ri ajtikonel ku tik ri tzij .
kʼo ekikʼajol le achija bʼ .
ku tij q ʼayes ri ixpa ʼ ch .
pari wa ʼbʼal e kʼo kawin aq achija bʼ .
sip ojin aq ri nu pam .
kaya ʼtajik ru kʼuti ʼonem jun ri u riqom leya bʼila molot setsé xuquje ʼ arekaya ʼtaj p ataq ri juyu bʼ .
jachin ri achi ?
ri nu mam x kamik aretaq kʼo jumuch ʼ lajujujuna bʼ .
kin kowin ik kin kʼam bʼi le p waq .
kin wilo chi utz ri aj i ʼ .
xinq ʼil ri apo ʼx cheman kachakun taj .
k wa ʼ chi u wach le taq ʼaj ri ama ʼakʼ .
ri i mul xe p oq ʼik pa jun ikʼ .
x kʼis kanoq ri qachak .
areri alix oj ilow kanoq .
sibʼalaj ch ʼu ʼj ri amax .
kʼo nu wachi ʼ .
inchajin el kech le akʼala bʼ .
xe kos le tz ʼi ʼ .
kin bʼe na ku kʼri molaj .
ro nojel aq ʼabʼ kinyi tz ʼri wa kax .
karapin ik xutzukuj chi jun awaj .
leu kemik lepa san in aq ( awumal ).
maju rajil leq ʼabʼarel .
kʼax ri ʼ ri kach ʼaw ik .
x oj u taq chi ʼj le achich u loq ʼi kichaj .
sibʼalaj kʼax rix kʼulmaxik .
x kilo china kin kʼox omaj taj .
x na ʼtaj chkechi xe atin ik .
x kʼoto chin chikiwach chix oj al wo ʼqaku kʼ .
jun q ʼu ʼ q rajil ri kaxla ʼn wa.
xin wilo chi xe ʼ el ik .
e kʼo ix oqibʼ pa le kʼay bʼal .
man kʼotaj u kʼisik ri maya bʼ aj la bʼal il .
ri sin k kʼiy p ataq ʼaj .
rich ʼima man k kʼiy taj p ataq ʼaj .
raj awaxik k jikik ri waqän .
kawaj kin ʼek .
e kʼo oxibʼ akʼ .
xubʼij chwe jawi at kʼo wi.
chwe ʼ q kuj bʼe ʼ pa muquj .
pa saq kʼa ja ʼ kbʼan wiri uq .
x oj kisikʼij .
xin wil wibʼ .
chaq ʼ chik ri wa.
kim bʼe nakapa le wo ʼch .
kawaj kin ʼek .
rich ʼu ʼ k tij ru kʼ lej .
pari kiq ʼij kamin aqibʼ kbʼan q ʼori kʼya ʼ rech aj : na bʼe rinan kutzukuj kan ri aj , kujach ʼo ʼ xuquje ku kʼ e to .
jas kaj bʼal chanim ?
utz u choman ik ri ali.
pari q ʼijox lajuj tijaxkin kʼis kebʼjuna bʼ kin chakun war al .
sibʼalaj ko , ri kʼakʼ ch ʼat .
jas karaj kubʼij … ?
rich ʼich ʼ kasila bʼ ik .
pa ojerq ʼalpu l xaqxu wiri nim win aq kekʼamow bʼe.
leu kunaxik leu kabʼ u kʼutunik are ru kʼ e flor nitina on utu nibʼaxik lenifu r timox chi ʼ le flor nitina chech t . b . g.
areri achi xinch ʼayow ik .
junachi u bʼi ku ʼx u sipaj kebʼ kʼa ʼm u lew rech kabʼan ri tijo bʼal , kamik , kʼo chik ajtij rech ri komon xech pu p .
xu malty oxij cheri ajtij ro nojel le xu kʼut chi u wach .
pari bʼex kiraq junala jimul saq ri j, x kikʼam bʼik .
x r il le bʼal e ala .
jas kubʼij chwe?
leu kunataj em are ru kʼ utzukuxik leu chikopil pa junu solik uxe ʼ le kik ʼon leja ʼ rech jun nodo .
utz we n utz ʼi ʼ .
je ʼ, tajin kachapon ik .
kin u loq ʼoj lenu tat .
kawaj kim bʼepa tin amit .
arela ʼ kinchakuj .
ri nima ʼ q taq win aq kʼoketa ʼmabʼal .
weta xat bʼew u kʼ pa le tin amit , xa loq ʼ tawa ʼwe jastaq .
ri kikʼas lemal . wa ix imu lew xa jun chi ma areta ti nimit ri ma
ri u kʼ ya bʼal na jupam .
xatqaj chiupam ri il .
nojim kat wa ʼik .
we kʼo jun k tuqa ʼ ri k , ¿ la man xoquje ʼ taj kin tuqa ʼr ri in ?
ojoj wokol ja.
awas kbʼan kʼaxche jun nim win aq .
xinch ʼaw apan ru kʼ le wa na bʼ .
kʼax ri upam ri ju ʼl .
tajin kewa ʼri i mul .
la kaj lakuj tzalij la anin aq ?
r umal rech cheri makaj man kʼota u kowin em p iwi ʼ ri ix : ri ix man ix kʼota chi chuxe ʼ rip ixa bʼ, xane ix kʼo chuxe ʼ ri sipanik .
nim raqan leche ʼ .
xinchapo .
are le tu ʼ r le loq ʼoman el .
xas kat kʼoji ʼ chiupam rich ʼich ʼ .
sibʼalaj nim raqan ri kʼamal bʼe.
le tz ʼibʼabʼal we chi n.
in xin to ʼw la.
xa je kʼu ri ʼ ri ix kamik ri ʼ man ix kaxlan win aq tachik ; ri ix , ix rech ri kiti nimit ri ety oxlaj taq win aq , ix rech ri rachoch ridy os .
xin tiko xlaj kʼal ichaj .
kaqa riq q ibʼ chwe ʼ q .
sibʼalaj utz cheri wi ʼ aj ri tuney .
wena jupulik ta xe qajik . . .
xin to ʼtaj cheri nu chak .
kʼo jun chi kop u bʼi ʼ pu m .
poqon ri ik .
x oj bʼinik .
xuch ʼe k ro nojel le reta man ik x paqi ʼ k kʼax k w ʼinik xubʼan aj kun .
kel u bʼik pari jude ʼ a ek tzalij chi u bʼi jumul pari g alile ʼ a.
xina xibʼij pa bʼe.
je ʼl kʼolem chi awachoch .
ro nojel ri ya ʼtal il pa we q ʼataj , tz ʼaqat kiwach , man k tzaqta kanoq xuquje ʼ man k tastaj .
xu kunaj le yawa bʼ leaj q ʼij .
chi tata bʼej jas le kim bʼij .
ch ʼan al ri achi.
pa bʼ oko ʼ kachakun wiri tax .
uj kʼopa u wuq q ʼij .
ki ʼ ri u kabʼ ri a qaj .
kʼo rachal al pa tz ʼo loj che ʼri pe ʼl .
x kilo chikin kʼox omaj .
ri ukisa kʼu tz kya ʼik chiuxe ʼ ri tiko ʼn .
aretaq chi ʼ kaq ʼan pu wi ʼ ri juku bʼ , ri achiche x kʼoji ʼ ri itzel uxla bʼal ru kʼ , ku tach rech ri are ʼ , arechk kʼoji ʼ ru kʼri are ʼ .
na kabʼantaj ta wumal .
x na ʼtaj chkexe atin ik .
xin paj ri nu triko .
xe ʼ ok rip ok ʼ pari u me xar ipo ʼx .
kajuluw ri aq ʼa ʼl chiuxe ʼri tʼu ʼ y .
awech leja .
xuj bʼepa tz u rik .
na bʼexat opan ik .
ri u kabʼ u bʼi ʼ ri nu mam are ya y .
uwaj xaqu kakʼal taqanik (28) .
mata kʼo jun kakanaj kanoq , qo nojel koj bʼek .
e nima ʼ q le altoma bʼ .
nimu wach ripo ʼt .
kojonik pari utzij wa ix imu lew .
jas xu kʼam bʼil etz ʼi ʼ xa wilo ?
xin p etik , tat .
ri bʼe laju wach .
chi tata bʼej jas ri kim bʼij .
je ʼl kuna ʼri abʼix chiupam ri ququ lew .
kin bʼiso ju wach lew al .
xu tʼuyu bʼa ʼ .
nim ri aw eqele ʼ n xa riqo .
xine ʼ wa ʼ oq .
chi ʼ kewar wile akʼala bʼ .
ri nu mi ʼ al xutaq loq jun taqo ʼm wuj chiwe.
q ʼe ʼ lik , ri chaj pari bʼe.
la utz awach ? - utz malty ox , e kʼu ri at ? – utz malty ox .
xinko s r umal nu chak .
kbʼe ku kʼ rie ʼ are ʼ e k tzalij pari na s are te keʼu nimaj .
ri joj xu kʼam bʼik ri akʼ .
kʼochi wachi ʼl chanim .
kubʼij chech na ʼl kabʼan cheri atz ʼibʼ .
e. . . in kawaj katzjoj bʼila chwe.
ma taxin ya j le ali.
jachin ru kʼ kat bʼe wi?
kʼo sibʼalaj eta ʼmabʼal pari maya bʼ no ʼjibʼal .
e man x ori jupuq kej .
kasu mum ri kaqiq ʼ .
e kʼo kajibʼ akʼala bʼ pa le bʼe.
je ʼ jas ri u tat k kaʼyik .
xaq at molon el tzij tal .
lenu tat kaloq ʼon chwe.
xaqtane kim bʼe iwu kʼ .
x reta ʼmaju ch ʼajik .
r umal la ʼ x koj “ xal q ʼat ” cheu bʼi ʼ ri komon .
are leu kemik pa s x reta ʼmaj .
ri wa ti ʼt kubʼan nari u p atan .
kʼakʼ lepo ʼt .
reta ʼm u wach jachin x loq ʼow ri pa s .
ken ch ʼabʼej le akʼala bʼ .
ya ʼtal chaqe qo nojel ri uj win aq utz kaqil q ibʼ .
xkoti ʼ paq ʼayes x oq ʼik .
kawin aq bʼe leje bʼ q ʼataj .
e kʼo kajibʼ r al ri imul, jun saq , junq ʼan , junq ʼeq , junq ʼeq oj , sibʼalaj ketz ʼanik , kech ʼopin ik ri alaj taqi mul .
k cholol ri ach achal.
kete kik ri ikʼ .
xe p etik rech kewa ʼ iwu kʼ .
tz atz ri uq ʼanil ri akʼ .
x oj tzalij ik x ixe ʼ qaq ʼat uj ku kʼ le itatinan .
ri yo ʼx taq akʼala bʼ kekikʼux ri atz ʼyaq .
we achi wexu sipaj jun p o ʼt chwex kamik .
k kowin ri kunan el che kunanik .
xjiq ʼ pari polo w .
xar umal sibʼalaj raj awaxik le loq ʼalaj ja ʼ, le win aq x kibʼij : chewe ikʼ ri ʼ qo nojel kuj bʼe cheu tikik taq che ʼ .
ri unan eri erachal al kepe u loq ru kʼri are ʼ , kʼate kʼu ri ʼ, man kekowin taj keq ibʼ u koq ru kʼ , r umal rech chee kʼo sibʼalaj win aq .
r umal rech , che man kʼota jun k kowin cheu kojik jun tikibʼal il chik ch u wach ri kojom chik che areri jesusk ri sto .
te kʼu ri ʼ xutz ʼibʼaj ri bʼ pari nimalaj tijo bʼal rech aj ku ʼn .
kajuluw ri ch ʼu mil chaq ʼabʼ .
kʼis bʼal kanoq , xoquje ʼ k kam ri ixoq .
le alax okik .
kʼop waq pa u wi ʼ ri me xa .
are kawaj na kin ʼe taj .
ri yawal kukoj ri ali chiuxe ʼ ri cha kach are u su ʼt .
na kaqakʼam tu ʼbʼi kamik .
ri ajtij kubʼij chike: raj awaxik keqa chajij ri awaj , are u tiko ʼn ri aj aw .
xin tij mukuni wir .
kʼax leu wi ʼ taq lenu q ʼabʼ .
xin loq ʼ junil bʼal wibʼ .
wa ʼwe q ʼij, nimu bʼantajik .
ri u xe ʼ al ri qatin amit man kasach taj .
x oj bʼinik .
ri achal al junam kiwach .
xin weta ʼmaj ri lik wibʼ .
nim ri u na ʼoj wa j tij .
mi q ʼin ri kʼul .
aj q ʼojom ri ate ʼ k .
che le san ik che ʼ kbʼan wiri q ʼojom .
kape le awel pa nawal ja ʼ .
ri meso nel tajin kchakunik .
utz chaqe kaqato ʼqibʼ , taq kʼo kʼax kʼol il , kate we chi ʼ n ri aj aw p aqawi ʼ .
xa wilo , x q ʼatan le ibʼo y .
xat kowin ik xa bʼano .
ki ʼ ri kʼawex .
kajil il ri bʼe.
le al ixel bʼik .
are ʼ x raj xin bʼano .
nim we abʼaj .
je ʼ lik uti ʼjol al ri saq ko ʼr .
nojin aq ri kej .
we katijan xu xman kat u to ʼ tachi uq ʼatixik le kʼakʼ ya bʼil corona virus (2019-nco v) .
na nim ta raqan wa ʼ weche ʼ .
utzalaj ajchak , ri w el .
¿jam pa ʼ kuj bʼepa nimaq ʼij ?
raj awaxik ta nela ʼkat chakun wu kʼ .
xutaq chi ʼj p awa ram pu lew .
man aretari axwan xel ik .
ri awix xu loq ʼ rachoch re nimal .
areri ixoq xin sikʼinu loq .
rich ʼim akʼat ʼon na.
laxibʼan le ichak ?
kʼi tin amite kʼopa ch ʼo ʼj .
kʼo jupuq chi j chiuxe ʼri che ʼ .
ri u xaq ri abʼix areu wari kej .
kawin aq q ʼataj .
la kix p epa tijo bʼal ?
we kechajix taq le kʼwa jachakin bʼij ; juna lik kʼo ja ʼ xuquje ʼ sibʼalaj saq loloj .
x reta ʼmaj .
ri ala bʼom ri alitoma bʼ tajinki kitijoj kibʼ rech su taq , arekakaj kikibʼan nimaq achija bʼ chupam ri kikʼas lemal , xuquje kʼo chik jupuq bʼixonel chupam ri komon .
la tz ʼu wach ri bʼe .
kʼakʼ ri ach ʼich ʼ .
qo nojel uj , uj maya bʼ taq win aq .
nojel q ʼij ri ati ʼ xkuyuq ʼuj le taqaw aj jela ʼpa nikʼaj ja ʼ, chirij ri juyu bʼ u bʼi ʼ te na ʼ .
paq ʼom chik ri si ʼ .
kin tzukun chela .
kakitij le kin aq ʼ, le ichaj, leu wa ʼlik ru kʼlej .
xe kanaj kan le ajchakibʼ .
ketikon ri achija bʼ .
sibʼalaj itzel u bʼantajik rich ʼil akan .
ri ate ʼ k xu malty oxij cheri r ati ʼ t , r umal ri utzalaj no ʼjibʼal xu kʼut chech .
k kamulix u chak ri abʼix .
la xin utzukuj le tijoxel ?
are ʼ kachakun ro nojel q ʼij .
lee kʼa ʼ na taq tz ʼi ʼ .
saq rij ri pla mux .
jas xaq ʼi ʼ ox atijo .
jas ru kʼ xkichap wi u tijik le ri kil ?
we katatin ru kʼ kʼatan ja ʼman kuq ʼatej ta le kʼakʼ ya bʼil corona virus .
la kat bʼin pa le uxlan bʼal ?
lawar al kʼux ix wa ʼ wi?
are lenu tat kin loq ʼonik .
tajin kchakun ri ala .
kʼo ri kiʼkotemal awu kʼ .
xuta jachin ka ʼ ek .
x at wa ʼik xin wilo .
x tzaqri rachoch r umal ri ja bʼ .
pa le jun ikʼ chik are nimaq ʼij .
e kebʼ äm kebʼin pa u wi ʼ ri tem .
mem ri achi.
ri w ik anchali ʼ y kel pa juyu bʼ ch wi tziri bʼal .
le rajil , lapaj axel aq ʼax wu ʼbʼik ?
pari su ʼt pisom wiri lej .
koj p etik kol q akʼama ʼ .
tajin kat ch ʼopin chi u wach ri taq ʼaj .
leq ʼo rx ch ʼuqik .
kʼax wa ʼim awu mal .
kin bʼis on che lew al .
sibʼalaj kʼo kʼri awa tz ʼyaq .
kamik xuj bʼe cheu tikik taq che ʼ pari juyu bʼ .
kin u loq ʼoj lenu tat .
chaqi ʼj chik ri chaj .
x yil ix ha wayi .
na x na ʼtaj ta chkechi xe atin ik .
ru kʼ kʼu wa ʼwe ri ʼ, ri ix k kʼoji ʼ jun utzalaji kʼas lemal ri ʼ ch kiwach ri win aq che mane kʼota iwu kʼ , kʼate kʼu ri ʼ man kʼota jun win aq ri ʼ raj awaxik chiwech .
e p etin aq pa bʼe le rach alaxik .
kakaj le akʼala bʼ kewa ʼik .
xujch ʼaybʼik .
ri nu chak are q ʼaxel tzij .
kʼo nar uxla bʼri awaj .
tajin kel loq , ri q ʼij .
xu q ʼiʼo x kamsax ri rachal al choch .
ri nu mam are kʼo uq ʼinomal .
x kʼu lmataj jumul , xubʼanjun nimalaj ja bʼ, man x bʼeyetaj tanax u kʼis leuy uq ʼ chike.
ama ʼri nu tz ʼi ʼ .
jewa ʼkatp etik .
xinko sik r umal xin chakunik
iwe ch chi jujunal, ri wa .
xuq ʼiʼo na xata tin taj .
in riq tajin aq pari kʼayibʼal .
naweta ʼm taj .
kʼax lenu q ʼabʼ .
utz le xubʼij le achi.
kematz ʼibʼ .
kʼo rachal al pa tz ʼo loj che ʼri pe ʼl .
ro nojel wa ʼwe jastaq ri ʼ, xas k sach wi u wach wa ʼ ; ru kʼ weri ʼ, ri ix , raj awaxik che kʼo jun ty oxlaji kʼas lemal e k kʼoji ʼ ri ich ʼaw em ru kʼri dy os,
xmuq taj ri patz ʼan .
rich ʼich ʼ tzijom kanoq pari u kʼol bʼal .
man kʼota u cholaj p ataq ri a wuj .
jachike ikʼ leu nimaq ʼij le tin amit nawal ja ʼ ?
xe p etik xol kikʼama ʼ .
kachuq ʼ chu tri ja ʼ chi apam .
xin bʼij iwir chi xe bʼepa armit a.
are ʼ uxe ʼ ojertzij war al kʼiche ʼu bʼi ʼ .
x kʼis ri nu si ʼ .
jawi x kibʼij wichike ʼ e wi?
¡ xa je kʼu ri ʼ, jachin taq rie kʼo pari jude ʼ a, chi chanim che ʼ anima ju bʼip ataq ri juyu bʼ ,
kʼakʼ ri a bʼ .
la kʼo jun naka kʼox omaj taj ?
na utz ta leu tʼisom le almariy .
man ya ʼtal taj chi awekatok paja .
je ʼ, xa tutzukuj .
are kel waj xaqibʼ uq ʼij rix kʼojik .
rix unku r k kʼoji ʼ p ataq ri triko .
xin sachik .
xu tʼuyu bʼa ʼ
na nu tom ta le tzij …
wach ʼom ri kiwa ri no ʼs .
e kʼojo bʼ ch ʼil wa kʼ .
raj awixik chip ataq ri tijo bʼal , pa nikʼaj u bʼixik chik
ri raj aw ru lew are ʼ tat kel .
we kʼu xokik , we kʼnax okta
we achi xu sipaj jun pʼot chwe.
atat u taqo ʼn leq ʼat al tzij .
naq ʼanta u wach le qaprut .
ri xa ʼr kʼopa u wi ʼ riq ʼaq ʼ k p oq ʼowik .
ri ro q ʼej ri alija chakpe juna kʼal .
kʼo junala pa tijo bʼal .
säq u wi ʼ ri tata ʼ .
ri wi tz ikʼ tajinkpe loq .
jawi xsach on wi kanu ya ʼik le p waq che.
utz we achi we xin kunanik .
qo nojel kuj wa ʼpa u wi ʼ ri mex a.
ri kaxla ʼn ik man p oqon taj .
in xin bʼe ru kʼri wachi ʼl .
sibʼalaj je ʼl x kilo xe kitz oqopij ri kichi j chila ʼ .
kin bʼinik xin ʼek .
kʼax kʼolik , kacha ʼ .
kutij ix im ri akʼ .
ri alix ch el, xu q ʼi ʼ oxa juna kʼx sipax che.
x qa sikʼij le ixoq chu tzakik su bʼ .
mata xa bʼinsaj lech ʼich ʼ .
rip ix tz ʼ ar alik r umal rieqa ʼn .
¿jam pa ʼ kel chi 3%
kʼo jun nu kʼo toj chi ʼaj .
tajinkewa ʼkat ri ala bʼom .
xin loq ʼ lenu kʼ akʼapo ʼt .
nau tzakik ta su bʼ tajinku ʼ ano
x oj u taq chi ʼij xoj wa ʼik .
iwe ch ri a bʼix .
saq rij ri chij .
aj sik cheri tin amit kel wiri tata ʼ .
- ¡ ay ! xaxin tzaqu loq , kʼax we waq an.
x kʼu lmataj pa jun komon chi ʼ u wach jun juyu bʼ , xu ri qa junq ʼij x kiriq kibʼ junimul ru kʼ le kok .
jas xataq chi ʼj le akʼal chu tijik ?
xinchapo suxu loq ʼo .
q ʼinom ri achi.
ri kʼu m k tijo w ru kʼ ka bʼ .
tajin kejach ʼanik .
tz ebʼal u kemik lepasa wumal .
are kayo ʼw leu chi kopil leu bʼantajik t ry pano som abr uce i.
we kat nima nik utz kelik .
pero no ʼjimal p etn aq loq , .
are le nu chak jun tz uq bʼal wibʼ .
x kunax le yawa bʼ r umal leaj q ʼij .
ri u kʼu ʼx tz ʼibʼ paqa tzij e lajuj .
sibʼalaj je ʼ lik rieqa bʼal xubʼan ri lu ʼ s .
sibʼalaj at kon .
e man x ori jupuq kej .
na x na ʼtaj tachkexe atin ik .
ri kʼamal bʼe xubʼij chike, chi maja ri a nim .
jumuch ʼri nu juna bʼ .
q ʼip tajin aq ri raqan ri tem .
kchakun ru kʼ ri jos bʼal che ʼ ri aj anel .
xataq chi ʼj le akʼal chu tijik kar .
oj kʼopa le ro ʼch le awel .
¿ la kat peq u kʼch we ʼ q ?
le win aq pa lech ʼich ʼe tʼuyullo wi.
x kanaj kanoq chiuxe ʼ ri ja bʼ ri ch ʼa ʼn .
nim ri ja .
weta xakunaj le atat ma tax kam la ʼ .
na nu kʼamom tu ʼ la ri ʼ .
chqanu kʼu ʼri qatzij .
kim bʼepa le tin amit .
xinq ʼiʼo na xin atin taj .
raj awaxik kakʼaman chawele u tijik le lej .
kʼis bʼal taqno ʼjibʼal .
