xine ʼ wa ʼoq .
xki bʼan kʼax che leu wosaq ru mal man utz ta chi kakay ik .
ri q ʼutu ʼm man kech ta lea kʼala bʼ .
are na nim ta leatz ʼi ʼ chu wach le nutz ʼi ʼ .
xepe tik xol ki la ʼ .
¿jaw chi ʼ xata ʼ che xkam ri u mam ri po ʼ x ?
e ke bʼ ke kʼam bʼik pa tuj .
xin loq ʼ jun japa ri wokaj ja .
riax tu ʼ bʼ, kʼo qulaj chech .
jas karaj ka ʼ an ch utz akikleti ʼij .
xu tij lewa .
xim bʼal re tzij .
xpa xri bʼo ʼ j.
we kawaj katinto ʼo xaq xu wi ka bʼij chi we .
jas nu kʼu ku ch ʼo bʼo .
jas karaj ku tijo ?
xe x ru x la bʼ ri rik il .
enitz ʼa ʼ q le taq imul .
we tane inxin bʼanow ik, are le ate ʼ kx bʼanow ik .
kin tzalij pa le nu tina mit .
ri nu chaq ʼ kʼopa u ro ʼ q ʼatoj tijo nik pari tijo bʼal .
xin xi ʼj wi bʼ xin ch ʼawik .
kʼoch wa ro ʼch le pare .
chi raqan kabʼin wi ri tata ʼ .
x sa chonkan u ya ʼiklep waq che choja .
xin q ʼax chik ixo ʼl ri winaq .
ketiko nik .
ri u lew man q ech taj , kech riqati ʼt q amam .
xepe le winaq xol kikʼama ʼ .
xu loq ʼ ri wuj ru mal ri ali .
che we q ʼij kamik kʼo jun nutzijo nem chi rij le nu tina mit .
ke jri ʼ .
xku na nala q ch we .
ki nu si kʼij le nu na n.
ri imul xu ch ʼij taj , xka naj pa bʼe, ru mal ri nimal ku ja luj ri imul , xutzaq ria nim .
ku bʼan ri u xoq ʼo ʼl ri aj tz ʼaq .
ri la si bʼalaj utz che ku na bʼal .
kʼiki wach rie ʼ ajchaki bʼ pa ri komon tyo x , kʼate kʼut xa jun chi ajaw xel ;
xqata chixa tulik .
kawaj chika tʼek .
ch ʼuti ʼ nkekan aj ri xa ja bʼ chech .
kaqa xi ʼj q i bʼ kaqa chapo .
e kʼo ke bʼ u kʼ ajol le tat x wan .
lu ʼ su bʼi ʼ ri rech am .
aj chiu wi ʼmi q ʼi nja ʼ ri lu ʼ .
xin ya kan le nu chi mpa kʼay bʼal .
kʼatex ri lo, xpe ri unan cheu tzuku xik, xki kotik, xu sala bʼisaj ri taq u xki n .
xki kʼut chi u wach ri aj tij xuquje ʼ chiki wach ri taq nik ʼaj kach il .
utz le nu q ʼa bʼ .
ku lle al we ʼl pa aust inchaq ʼa bʼ kamik .
ri ate ʼ kx tz aq loq are chi kʼopa u wi ʼ ri q ʼa ʼm .
aj pa tan ri te ʼ k.
xatqaj chiupam ri il .
la kʼo tzij na kikʼoxo maj taj ?
x sa chonchke chi xeati nik .
ro nojel leu le wecha laq .
la xe bʼe kʼu la xe ʼ ki jaqa kʼu leu chi ʼ ja ?
xaq kat ch ʼok na jiwi r .
kamik kʼo chi ri jastaqa we .
are chi ʼ kakʼis ri juna bʼ kʼo q ʼi nom .
pana wal ja ʼ xina le xik .
na xin tataj we are ria kʼal ki xtzuqu wik .
¡ ru lew ri sa bʼ u lo ne ru lew ri ne ftali, u bʼeri polow , ru lew rij ordan, gali le ʼ a kech ri je taq amaq ʼ !
rax , rax , rax , kʼok ʼ, kʼok ʼ, kʼo kʼ le ru x la bʼ le taq tiko ʼ n.
achi xa twi lo .
pa qal raj il lep ixka mik .
xoj bʼinik .
pa jun je ʼ l tijo bʼal ku tijoj ri bʼ juna kʼal , u bʼi ʼ po ʼ x , utz ku ri lo ke pa tijo bʼal ro nojel taq q ʼij .
x waj chixat ʼe taj .
utz la ʼle xu bʼij le achi .
weta ʼam jachin kape tik .
kin q ʼo joma nik .
xinq ʼi ʼo tak ʼalik xinpe tik .
are ʼ reta ʼm cheki nopa nik .
areta bʼa leq aq ajaw chat to ʼ wik .
kawinaq waqi bʼ q ʼa taj .
naqaj chik che ri u waq kaj bʼal aretaq chi ʼ ksach u wach ri q ʼij, kok ri q ʼe q u ʼm chu wach u lew , chi kʼate ʼ na ri bʼe le je bʼ kaj bʼal .
jo bʼ raqan ri tz ʼalam xe poro xik .
si bʼalaj korij ri mop .
arewa ʼ .
jela ʼ pa ri ti minit ch wi kabyok rech xelaj u ʼ, leqa na nqa tat kaki tikoje ʼl alaj taq u wachi chaj .
kʼax nuqul .
xu ʼ lu kʼama ʼ .
koj ul ki tzukuj .
are man kʼax taukuna xik aretaq aninaq ka ʼ il itaj we ya bʼ il al xuquje ʼ mojo ʼ qa ku ya ʼle kʼax kʼol il chech le jolom aj .
ri we l kʼopa tijo nik .
kawaj kin bʼij .
ri ko tz ʼi ʼj kqa koj chiupam ri ja .
q ʼe q q ʼoj rij ri ama ʼkej .
na x waj taj xin ch ʼawik .
ch peta bʼal e loq ʼalaj ja bʼ .
x sa chonch kexat kisi kʼij .
e leq ʼalch ʼich ʼ.
jachin xa wi lo chi are x tijo w ri ti ʼj ?
ma taka bʼe le nu x bʼal pa le tina mit .
pim ru q , ri ali .
¿ kʼo ri muq ʼe chia wech ?
kqa bʼij man ke kowin taj .
kintij na .
kʼo jun qa tʼu ʼ y pa ja !
kʼopuj chiupam ri ch ʼa ʼ k .
aretaq kin kosik ki nwarik .
xa twa ʼik xin wi lo
inxin ch ʼayow le achi .
ko nojel ri ala xik ke ʼ e tz ʼa nik .
jas ru kʼ xki tij wi le kirik il ?
aninaq il kat pe tik .
na rax ta u wach le juyu bʼ .
ri tz ʼalam tz ʼi bʼa bʼal raxk kayik .
we chat chaku nik, kʼo awa .
ma ʼtam xa tpe che ri wa ʼim .
kamul kin wa ʼ na .
ri sikil k tijow ru kʼik .
kim bʼe aq ʼan ru kʼ le al tal in .
xoj ʼek xe ʼ qilalarqa sok .
xe ki q ʼil le ajchaki bʼ xki woklej a.
ma tane x waj le kʼu hj nem ru kʼle ate ʼ k.
are xe ʼopan chiuchi ʼ ri juyu bʼ, xki lo chiman qasta kʼo q ʼayes .
kʼate kʼut , ri jesus man k kojon tach kech rie ʼ are ʼ, ru mal rech che ko nojel reta ʼm ki wach ,
pa ʼ tz rij ri tz ʼi ʼ .
ju winaq waqi bʼ q ʼa taj .
ate laq ʼom .
xa qat jo ʼs .
ri q ʼatzu, are q ʼalaj ri uq ʼij il .
ajchak we ala .
u bʼe leju ka kʼal taqa nik (29) .
ke bʼ nu bʼi ʼ kʼolik .
laka tzalij lu ʼla aninaq ?
ka tzuku n lach we .
lakaj lakoj bʼe ʼ pa le chomal ch we ʼ q ?
x in na bʼej chuta sik qa kʼoli bʼal .
lal xin to ʼ wik .
si bʼalaj ano ʼji bʼal .
xoj pe tik xolqa kʼama ʼ .
si bʼalaj je ʼ lik ri u wa ʼl ri i chaj .
kʼax wij ru mal in pa cha lik .
aretaq xu kʼu lmaj wa ʼ xu l ri u choman ik xu bʼij: are utz wa aq ʼa bʼ kin wali jik, arecha ʼ cha nim kin opan pa tijo bʼal , maj chikin kʼu lmaj .
ojaj xojolo bʼ pa awasq ʼij .
x in sach che leu wokik le tzij .
e julaj uj ri akʼ .
xuta jampa ʼ koj ʼek .
qil ik .
ri tijo xel man areta nim chu wach ri raj tij. ri utz tijo xel qas je ri ʼ kʼolik jas ri raj tij .
in xa tinch ʼayo .
no ʼ jim chak wu mal .
chʼur ri joch ʼ.
in kin bʼij na katsa ch taj .
uj maya bʼ .
ria bʼaj ya tzalik .
tajin kepix bʼax ria kʼala bʼ .
chomria q .
xin wa rik .
e le men konojel ria kʼala bʼ .
tajin k q ʼa na rik ri were ʼaj .
leu ke mik le pa sutz ( cha we ).
xuyu pu bʼa u wach ra ʼ chi , ka cha ʼ, .
ri sa tana skok pari judas rik bʼixiska ri ʼotech rech , ri are ʼ jun ch kixo ʼl rie ka bʼlaj uj .
chu chu rip ar.
kin qumuj ri nu joch ʼ.
chech punción lumbar amaq ʼel rajawa xik chech ri lik leu kʼex bʼem wi le na bʼe ru kʼ le u ka bʼ u kʼutu nem le ya bʼil al .
q ʼalaj chi nakawaj taj ka bʼij .
kʼo q ʼol chi rij ri si ʼ .
jawi xoj ʼe wi chu loq ʼik ?
kʼo u loch ʼri tal in .
q ʼan rij ri ati ʼt nukej .
lax tzalij la iwi r ?
xe si kʼi xik, kʼate kʼu ri ʼ xe ya jik, xuquje ʼ xetaq bʼi cheu si kʼik le mes .
la kix wa rik ?
are kʼu le pa loma x xu bʼij che: - mam kat bʼison taj , kin si kʼij nik ʼaj wachi ʼl kerapa pik .
a ʼree tijo xela bʼ .
ri alaj ali si ʼl xu bʼij x qa chap pa utzal ri tyo x.
x sa chonchke jachin xeati nik .
jas xurayij le anan xu tijo ?
xin kosik .
rax ro nojel ri q ʼayes ru mal leja bʼ .
kin ya wa ʼ we ch ʼich ʼpi nem na utz .
no ʼjim u pa ch ʼu xik le nu wi ʼ .
naj kʼowi le wo ʼ ch chu wach le tijo bʼal .
rio ki bʼal kʼo chiu wach ri saq ja .
xe nu taq ch ʼij ke kil le a kʼala bʼ .
kʼo jun q ʼ oxo we m chi we .
tza ri cho ʼ m.
we choj bʼe pa le nimaq ʼij, ke q il le aj xojolo bʼ .
xoj ʼek xe ʼ qilalarqa sok .
ri ate ʼ k xuta ʼ chech ri na nto ʼ n : - na njas che ʼ chiman kajtala qa kʼa tisaj ri jo ʼ q .
rip al si bʼalaj xu ʼ y.
kin koj ri jok bʼal u lew .
in kin bʼij na katsa ch taj
a traj kun le nu na n.
ku qamujuj oron ri aj tzij .
lu ʼ tz ʼalam u bʼi ʼ ria chike l pa nim che ʼ .
je ʼ lik uti ʼ jol al ri saq ko ʼ r .
kʼo jun xa ʼ r pa ja .
xin loq ʼ jun kʼakʼ pa tan .
kʼax u kemik le pa sa wu mal .
aninaq u ke mik le pa sa wu mal
ri ch ʼa ʼ n sa chi naq pa taqa bʼix .
rax taq le ko tz ʼi ʼj .
mes om kanoq ri u pa mja .
man aretar alax kosik .
ri komon xe chpup rech uq ʼa bʼ tina mit xo ʼ la bʼ aj rech q ʼu mar kaj .
la utz akik kʼu su bʼ tajin ku ʼ a no ?
kate la !
na xu tij taj .
xa ru mal keta ʼm ko nojel ri winaq kki qumuj leja ʼ .
iw ir xuj tzalij la pa kʼay bʼal .
qeta ʼm che riqa waku juto ʼo .
ri aj tij, kyajon chikech ria kʼala bʼ .
jasu bʼanom le nu ch ʼuti tat ?
ch we ʼ q kin bʼe pa nim tina mit .
utz we ki weta ʼmaj jas ku bʼij ri chol bʼal q ʼij .
tajin kat ji low che uq ʼo xom jolom aj .
xin tik q ʼax chiu wach ri ja .
kʼax le ki bʼe le winaq .
loq ʼkat kun taj che le ya bʼ il (covid-19) .
ri nu xi bʼal kel pa qaj bʼal q ʼij .
x ri l ri axwan chi x wa ʼ ri ala .
le al ixku na taj ik .
weta kape leja bʼ kamik .
xin weta ʼ maj chi na xatpe taj .
rip waq rech we q ʼataj ri ʼ kesax chech ri toj bʼal kʼayi nem .
ktij ri u wa ʼlik ru mal ri ki nimaq ʼij .
xu chap ukuna xik .
chatan loq ali .
x in xu li ʼ qa jo q .
je ʼ lik k tijow ri taq ikox .
kʼate kʼu ri le tat xo ʼ rx u bʼij, man kawaj taj , man kawaj taj .
kʼo jun tz ʼi ʼpa bʼe .
kamul xinpe che a tzuku xik .
man tajin takin chaku nik .
kin chaku nik rechka twa ʼ ik .
jas ru kʼ xa wil wi chi xki qupij wi le ti ʼj .
jasu bʼixik … ?
koq ʼ ria kʼal .
kawaj nakat ʼe taj .
xat q ʼaj ik .
wem na cha loq ʼa xiya l, na kim bʼe ta a wu kʼ .
xopan le wuj aw u kʼ ru mal we chi n .
are kʼut pa le juyu bʼ k kʼiy jo ro n, chila ʼ xe kikʼam awi rija ʼ ri winaq .
koq ʼ ria kʼal .
we kʼo araj il cha kʼama loq .
are si bʼalaj kaq leapo ʼt chu wach le nupo ʼt .
xin kʼastaj pa ka bʼ laj uj kaj bʼal .
kaqoy ʼej naki xpe taj .
ko kaxim ri chij xa jela ʼ man ka nimaj ta bʼ ik .
ri kok noj im x bʼek , xu ch ʼijo xopan pa u kʼis bʼal il le a nim .
xoj ki ʼ kotik aretaq x atu lik .
kaqi tz ʼ naj ri uxa ja bʼ ri akʼal .
ri jesusk wa ʼkat pari nim ra choch ri dyos, chu xe ʼ ri jun ja che ra choch ri sa lomon .
we taqa nik ri ʼ ku bʼij chi rajawa xikk ya ʼuq ʼij ri winaq xuquje ʼ kto ʼ aninaq il .
ria xux are na ri uku nel ri kinaq ʼ .
aretaq wa ʼ ri uq ʼijol we taqa nik .
kʼo jun ta bʼal pa u wi ʼ ri xka nul u bʼi ʼ la juj no ʼj .
yu ʼl u bʼanom ri u kolo bʼ ri kej .
xa nimaj ri akʼal chiu wach ri u chuch .
k ku na n ri achi .
kin wa ʼik rech nakin yowaj taj .
aj xik ch ʼich ʼri lu ʼs .
k waj che ixki x bʼanow ik .
a ʼre xeto ʼ walaq .
xoj ʼek xe ʼ qilalarqa sok .
x in loq ʼ jun ch ʼich ʼ, qa jin aq u wach .
ku tʼis rip anta lon .
ejan ipa le awal kʼwa le kʼolik ?
u tzukem ik le pa scha we .
rimaxareaj q ʼa ni ya ʼ .
mat abʼa chi riq kʼax pa le bʼe .
tajin ka nima j, rime ʼ s .
ixi xe ʼ laq ʼoma bʼ !
xsachan ch we.
e kʼo kʼi che ʼ, chiu wach ri juyu bʼ .
arewa ʼ ri nimalaj pixa bʼe arewa ʼ ri na bʼe .
x reta ʼ maj chi ru kʼ pa kʼ ku tij wi
jas utz akik le su bʼ xu ʼ a no ?
aj xo ʼ y ri wikan .
weta nea ʼ re xe tijo w le ri kil , are le komon xe tijo wik .
si bʼalaj aninaq kach ʼaw le are ʼ chi nu wach in .
utz wekin chakuj .
meʼ sla ʼ .
kʼokan wa rech kaqa tijo .
xin si kʼij la .
ria kʼal x sach kanoq jela ʼpa taq ʼaj .
xe si kʼij la .
jawi xki bʼij wi chike ʼe wi ?
ru mal che, man ix tari ʼ ri kix ch ʼawik , are ri rux la bʼ axel ri i tat ri ʼ rik ch ʼaw na iw u kʼ ri ix .
kʼakʼ riwa choch .
si bʼalaj utz kin wi lleatz ʼya q rech nahu ala .
saq por k kay ri ki po ʼ trinan .
x sa chon ri nu chak ch we.
wa ʼ im xu chapo .
ri q ʼaq ʼ tajin ka julu wik .
naj il u pam ri si wan .
e kʼo riqa chalal pa chiu wi ʼla .
jas xa taq chi ʼj le ak ʼal chu tij ik ?
no ʼjim u ke mik le pa sa wu mal .
kʼo jun ku ku bʼi ʼ tintin , wa ʼle laj ku kmam kaj e q itaj, kapaq i ka xu lik pa u wi ʼ uq ʼa bʼ taq che ʼ, si bʼalaj sa kʼaj , ke ʼ uto le e nima ʼ q , ch ʼu tin, ra chi ʼl, aj sipa nel si bʼalaj utzra nima ʼ .
ri u pixa bʼ leq ʼat bʼal tzij ki ya ʼu bʼixik .
na xsa chonta chke xeati nik .
xe q il le chikop pu wi le ja .
x lo ʼ taj ria kʼal .
qo nojel kuj wa ʼ pa u wi ʼ ri mexa .
xsik irlewa qan .
la xa twa ʼ kʼut ?
nim u bʼa q ʼrit u lu l .
kin xik ʼi kʼik xin q ʼa xik .
lakat bʼe pa le tina mit ?
rip al si bʼalaj saq ʼo r.
k q ʼ oxow nu ja lom .
xin na ʼo chikat pe tik .
x loq ʼu lewi we chi x.
xin chakun ru kʼ ri nu mam .
na x qa bʼantaj .
k kʼo ji ʼ bʼa ʼ ri u sipa nik ri ajaw xel jesus kristo ru kʼ ria wux la bʼal !
kin ch ʼaw ru kʼ le nunan pa lech ʼawe bʼal .
si bʼalaj q ʼe q u ʼm ru mal ri mayu l .
are leba xu lik .
xe kos le ixoqi bʼ pa le bʼe .
kʼax ri lik lea kʼalcha we .
xinq ʼi ʼ oxi na tin pa joron .
si bʼalaj nim le tina mit .
kʼax u kemik le pa sa wu mal .
xin sa chik .
tajin ke lu kikʼel pa raqan ri tz ʼi ʼ .
xin weta ʼ maj ri lik wi bʼ
ri q ʼuq ʼ are jun je ʼl chikop .
kʼopa ja tijo bʼal ri wika q ʼ .
ri sa chi bʼal mak raj wa xik chiqa xo ʼ l.
je ʼ, kim bʼek .
jela le ʼ ri nup wi ʼ .
xu bʼij che :- jas xa bʼano tintin ?
kabʼan junto q ʼo bʼ kyak ri nuj al .
kat ʼe kxin ta .
jas leu kʼex bʼem ri bʼ le jun ru kʼ le jun chik ?
aj chiu wi ʼmi q ʼi nja ʼ ri lu ʼ .
ri tijo nel naj kpe wi.
te ʼ ki x cho bʼ u bʼi ʼ ri nu tat .
ri ja ʼ kamiq ʼik chi u wach riq ʼaq ʼ .
ri tʼu ʼ yk pa q ʼowik .
kinme son na .
naq ajat kʼowi chi we ch .
xin bʼiso nik taq na xatpe ttaj .
we x kam ri winaq , rip waq rech toj bʼal ma kaj kya ʼ chikech ri rala xik .
ri nunan x bʼe pa kʼay bʼal .
xoj u kʼam u loq rech koj ri lo
x kʼoto chi n chiki wach chikin wa ʼ a wu kʼ .
na xki kamsaj taj xki kʼam bʼi choja .
kʼakʼ ri ikʼ kamik .
xim bʼe ru kʼ le aj ku niw ir .
ri lik .
letz ʼi ʼ xeko sik .
xinkikota wu mal .
ri imul xumaj ria nim, xuya ka n le ko k.
kʼo oj che ria kʼal .
xuj bʼe pa jun kʼu la nem .
utz we k waralaq .
kaq ilo chi na koj u kʼam taj .
x reta ʼ maj chi ru kʼ pa kʼ ku tij wi .
si bʼalaj xin kʼa ʼ na rik .
xinkochij ri nu wa .
man kat kowin taj kat chaku nik, we man kʼota ri ajila bʼal .
we won on xu bʼij chike :- kix into .
ri ala nimk ri lwiri u mam .
xka ʼ y chi rij , xka ʼ y chu wach , ma kʼota chi jun k silo bʼik , xoq ʼik xu xe ʼj ri bʼ x ch ʼopi nik x tzalij loq xu riqta chik ri u bʼe .
kʼo pus che riwa .
pi nem naka bʼe lewatz, kim bʼe wi in pa ka ʼ yi bʼal .
ri na nto ʼ n nim winaq chik, saq u wi ʼ, ro nojel aq ʼa bʼ utz kuna ʼo ka tʼuyi ʼ pa utem , ku miq ʼisaj ri bʼ chori q ʼij, kʼo junu wi ʼ u mam u bʼi ʼate ʼ k.
man e kʼi taj ri qula ʼ .
q ʼalaj chi nakawaj taj ka bʼij
x paqa bʼisax raj il ro nojel ri kem .
kʼo pari jul ri ku ma tz .
ro nojel q ʼij kin ch ʼaj le nu w are .
saq chikan lei chaj rech katza ko .
chu xe leqa chomal kaqatij wi jun q ameq ʼin .
chawila ʼ .
e kʼo jo bʼ u mi ʼ al, ri nu tat .
jas ru kʼ x aw il wi
je ʼ jas ri winaq rech ri u wach u lew , xoquje ʼ ke pena ri ʼ rie ʼ are ʼ che e rech ri u wach u lew ; je ʼ jas ri winaq rech ri kaj, xoquje ʼ ke pena ri ʼ rie ʼ are ʼ e rech ri kaj .
xin tijo .
k tz ʼuj u w ri ra choch ripo ʼ x.
xu q ʼi ʼo are leu kʼu lel x ya ʼo wu wa .
ria wel x reta ʼmaj chi rajawa xik man ku xej tari bʼ che ri tukur .
ju kʼu laj winaq xe ʼa nimaj bʼik .
je ʼ, xin tzalij ik .
xoj pe tik xolqa kʼama ʼ .
maj jachin x ʼek .
inaj tij ; at tijo xel .
saq u wi ʼ ri tata ʼ .
wech ri kem .
le ro ʼ ch le ate ʼ k kʼo ch wach leu kʼay le nu na n.
k bʼe pari si ri ʼa e pari silisi ʼ a, jawi je ʼ ku ya wiri ki chuq ʼa bʼ ri komontyo x.
pixa bʼ : man utz taj kʼax kuj ch ʼaw chikij nik ʼaj q ach il .
x ku na taj le ali ( ku mal ri ixoqi bʼ ) .
ri xi bʼi bʼal chi kʼowi pa taq riqa kʼas le mal ro nojel q ʼij .
na kuj wa rta waral .
on chek kʼo ji ʼ ri utz il chixo ʼl , arech junam ri qa kojo nik, junam ri iwe chi x ru kʼ ri we chi n .
pa ox q ʼij ri sa ʼ nk bʼe na ru kʼ ri aj kun .
kawinaq wuq u bʼ .
jas kawaj kin tijo ?
we taxat bʼe wu kʼ pa le tina mit , xa loq ʼtala ʼle u jastaq le a kʼajol .
ke bʼe pa wa ʼim .
xin loq ʼ kʼi wa .
pa jun nim kʼa che ʼ laj , kʼo jun kʼ wa ʼ si bʼalaj saq loloj, nim u wach .
k waj katij ju bʼa ʼ wa .
ro nojel winaq k ri l na ri u kolo nem ri dyos » .
x kʼoto chi n chiki wach chik in wa ʼ a wu kʼ
k waj nakat ʼe taj .
la xa loq ʼ juna le j ?
e kʼo rie loq ʼoma nel .
ri u ka bʼ u bʼi ʼ ri numam are ya y .
kin jopij ri i ja ʼ rech triko .
x na ʼtaj chke xeati nik .
xate ʼ q ila ʼ.
kaki tij alan xax ri winaq .
. . . kin bʼij chi arewa ʼ sinxi ʼ an.
na xin na bʼej tach uta sik qa kʼoli bʼal .
ru mal rech che we ri in, kin ch ʼaw ru kʼ ri dyospach ʼa bʼal , kch ʼaw na kʼu ri ʼ ri wux la bʼal ru kʼ ri dyos, kʼate kʼut man kʼota u pa tan ri ʼ ch rech ri nu choma bʼal .
xepet ik xki lo .
xuta wekat ʼek .
u tzukem ik le pa scha we .
ri nu wakax xu tij jun q ʼo q ʼ ru mal ri ʼ x kamik .
ru mal ri kʼix , man kewa ʼtaj ri winaq .
xe ʼu lik .
q ʼe q rij ri ama ʼ chij.
x raj ka ʼ e leu na n.
junam ki juna bʼ .
naq ʼalaj taj weka ʼe k .
ri wi x nam ch ʼaj ch ʼoj ri ra choch .
wara lman kʼotaj ajawa l .
na iwi rtax ri lle kʼamol bʼe .
x in pe loq te kʼu ri ʼ xin tzukuj ro nojel ri nu raj il .
ri aj tiko nel kutik ri tzij .
kʼo e kikʼajol le a chija bʼ .
ku tij q ʼayes ri ixpa ʼ ch.
pari wa ʼ bʼal e kʼo ka winaq achija bʼ .
sipo jinaq ri nu pa m .
kaya ʼtajik ru kʼuti ʼo nem jun ri u riqom le ya bʼ il amolot setsé xuquje ʼ areka ya ʼtaj pa taq ri juyu bʼ .
jachin ria chi ?
ri numam x kamik aretaq kʼo jumu ch ʼla juju juna bʼ .
kin kowin ik kin kʼam bʼi lep waq .
kin wi lo chi utz ri aj i ʼ .
x in q ʼil riapo ʼ x che man kachakun taj .
k wa ʼ chiu wach le taq ʼaj ri ama ʼ akʼ .
ri imul xe po q ʼik pa jun ikʼ .
x kʼis kanoq riqa chak .
are ri al ixo ji lowka noq .
si bʼalaj ch ʼu ʼj ri amax .
kʼo nu wachi ʼ .
in chaji nel kech lea kʼala bʼ .
xeko sle tz ʼi ʼ .
kin bʼe na ku kʼ ri molaj .
ro nojel aq ʼa bʼ kin yi tz ʼ ri wakax .
karapi nik xu tzukuj chi juna waj .
leu ke mik le pa san inaq ( a wu mal ).
maj u raj il le q ʼa bʼarel .
kʼax ri ʼ ri kach ʼawik .
xoj u taq chi ʼj le achi chu loq ʼ iki chaj .
si bʼalaj kʼax ri x kʼu lma xik .
xki lo chi nakin kʼoxo maj taj .
x na ʼtaj chke chi xeati nik .
x kʼoto chi n chiki wach chi xoj al wo ʼqa ku kʼ .
jun q ʼu ʼ q raj il ri kax la ʼ n wa .
x in wi lo chi xe ʼe lik .
e kʼo ixoqi bʼ pa le kʼay bʼal .
man kʼotaj u kʼisik ri maya bʼ aj la bʼal il .
ri sink kʼiy pa taq ʼaj .
rich ʼima man kkʼiy taj pa taq ʼaj .
rajawa xik kji kik ri waq än .
kawaj kin ʼe k .
e kʼo oxi bʼakʼ .
xu bʼij ch we jawi at kʼowi .
ch we ʼ q kuj bʼe ʼ pa muquj .
pa saq kʼa ja ʼk bʼan wi ri uq .
xoj ki si kʼij .
xin wil wi bʼ .
cha q ʼ chik ri wa .
kim bʼe naka pa le wo ʼ ch.
kawaj kin ʼe k .
ri ch ʼu ʼk tij ru kʼlej .
pari ki q ʼij kaminaq i bʼ kbʼan q ʼo ri kʼya ʼ rech aj :na bʼerinan ku tzukuj kan ri aj, ku jach ʼo ʼ xuquje ku kʼeto .
jas kaj bʼal cha nim ?
utz u choma nik ri al i.
pari q ʼijo x laj uj tija xkin kʼis ke bʼ juna bʼ kin chakun waral .
si bʼalaj ko , ri kʼakʼ ch ʼat .
jas karaj ku bʼij … ?
ri ch ʼich ʼ kasila bʼik .
pa ojer q ʼal pul xaq xu wi ri nim winaq ke kʼamow bʼe.
leu ku na xik leu ka bʼ u kʼutu nik are ru kʼ e flor ni tina on utuni bʼa xik le ni furtimo x chi ʼle flor ni tina chech t. b. g.
are ria chi xin ch ʼayo wik .
juna chiu bʼi ku ʼ xu sipaj ke bʼ kʼa ʼm u lew rech kabʼan ri tijo bʼal , kamik , kʼo chikaj tij rech ri komon xechpup .
xu mal tyo xij che ri aj tij ro nojel le xu kʼut chi u wach .
pari bʼe xki raq jun alaj imul saq rij , xki kʼam bʼik .
x ri lle bʼal e ala .
jas ku bʼij ch we ?
leu ku na tajem are ru kʼu tzuku xik leu chikopil pa junu soli ku xe ʼ le ki kʼo nle ja ʼ rech jun nodo .
utz we nu tz ʼi ʼ.
je ʼ, tajin ka chapo nik .
kin u loq ʼoj le nu tat .
kawaj kim bʼe pa tina mit .
arela ʼ kin chakuj .
ri nima ʼ q taq winaq kʼo keta ʼma bʼal .
we taxat bʼe wu kʼ pa le tina mit , xa loq ʼ tawa ʼwe jastaq .
ri kikʼas le mal . wa iximu lew xa jun chima areta tini mit ri ma
ri u kʼ ya bʼal na jupam .
xatqaj chiupam ri il .
nojim ka twa ʼ ik .
we kʼo jun ktuqa ʼ ri k, ¿ la man xoquje ʼ taj kin tuqa ʼ r ri in ?
ojoj wokol ja .
awas kbʼan kʼax che jun nim winaq .
xin ch ʼawa pan ru kʼle wana bʼ .
kʼax ri u pa m ri ju ʼl .
tajin kewa ʼ ri imul .
lakaj lakuj tzalij la aninaq ?
ru mal rech che ri makaj man kʼota u kowi nem pi wi ʼ ri ix: ri ixma nix kʼota chi chu xe ʼ ri pixa bʼ , xane ix kʼo chu xe ʼ ri sipa nik .
nim raqan le che ʼ .
xin chapo .
are letu ʼ r le loq ʼoma nel .
xaskat kʼo ji ʼ chiupam ri ch ʼich ʼ.
si bʼalaj nim raqan ri kʼamal bʼe.
letz ʼi bʼa bʼal we chi n.
in xin to ʼ w la .
xa je kʼu ri ʼ ri ixkamik ri ʼ man ixka xlan winaq ta chik ; ri ix, ix rech ri ki tini mit rie tyo x laj taq winaq , ix rech ri ra choch ri dyos .
xin tiko x laj kʼali chaj .
kaqa riq q i bʼ ch we ʼ q .
si bʼalaj utz che ri wi ʼ aj ri tu ney .
we na jupu lik taxeq aj ik . . .
x into ʼtaj che ri nu chak .
kʼo jun chikopu bʼi ʼ pu m .
poqon ri ik .
xoj bʼinik .
xu ch ʼe kro nojel le reta man ik x pa q i ʼ k kʼaxk wʼi nik xu bʼanaj kun .
ke lu bʼik pa rij u de ʼ a ek tzalij chiu bʼi jumul pa rigal ile ʼ a.
xin axi bʼij pa bʼe .
je ʼl kʼo lem chi awa choch .
ro nojel ri ya ʼtal il pa we q ʼataj , tz ʼaqat ki wach , man ktza q taka noq xuquje ʼ man ktas taj .
xukunaj le ya wa bʼ le aj q ʼij .
chi tata bʼej jas le kim bʼij .
ch ʼa nal ria chi .
pa bʼo ko ʼ kachakun wi ri tax .
uj kʼopa u wuq q ʼij .
ki ʼri u ka bʼ ri aq aj .
kʼo ra chalal pa tz ʼo loj che ʼ ripe ʼ l.
xki lochi kin kʼoxo maj .
ri u kisa kʼutz kya ʼ ik chiu xe ʼ ri tiko ʼ n .
aretaq chi ʼ kaq ʼan pu wi ʼ ri juku bʼ, ria chi che x kʼo ji ʼ ri itzel uxla bʼal ru kʼ , ku tach rech ri are ʼ, arechk kʼo ji ʼ ru kʼ ri are ʼ .
naka bʼantaj tawu mal .
x na ʼtaj chke xeati nik .
xin paj ri nu t ri ko .
xe ʼ ok ri pok ʼ pari u mexa ripo ʼ x.
ka juluw ri aq ʼa ʼl chiu xe ʼ ri tʼu ʼ y .
awech le ja .
xuj bʼe pa tzur ik .
na bʼexa to pa nik .
ri u ka bʼ u bʼi ʼ ri numam are ya y .
uwaj xaqu ka kʼal taqa nik (28) .
ma tak ʼo jun kakanaj kanoq , qo nojel koj bʼek .
e nima ʼ q le al to ma bʼ .
nim u wach ripo ʼt .
kojo nik pari utzij wa iximu lew .
jas xu kʼam bʼi le tz ʼi ʼ xa wilo ?
xin pe tik, tat .
ri bʼelaj u wach .
chi tata bʼej jas ri kim bʼij .
je ʼl kuna ʼ ria bʼix chiupam ri ququ lew .
kin bʼiso ju wach le wal .
xu tʼuyu bʼa ʼ .
nim ria we q e le ʼ n xa riqo .
xine ʼ wa ʼoq .
chi ʼ kewa rwi le a kʼala bʼ .
ri nu mi ʼal xutaq loq jun taqo ʼm wuj chi we .
q ʼ e ʼ lik, ri chaj pa ri bʼe .
lautza wach ? - utz mal tyo x , e kʼu riat ? – utz mal tyo x.
xin kos ru mal nu chak .
k bʼe ku kʼ rie ʼ are ʼ e k tzalij pa rinas arete ke ʼu nimaj .
ri joj xu kʼam bʼik ri akʼ .
kʼo chi wachi ʼ lcha nim .
ku bʼij chech na ʼl kabʼan che ri atz ʼi bʼ .
e . . . in kawaj katzjoj bʼil ach we .
mat axin ya j le ali .
jachin ru kʼkat bʼe wi ?
kʼo si bʼalaj eta ʼma bʼal pari maya bʼ no ʼji bʼal .
e man xo ri jupu q kej .
kas umum ri kaqi q ʼ.
e kʼo kaji bʼa kʼala bʼ pa le bʼe .
je ʼ jas ri u tat k ka ʼ yik .
xa qat molonel tzij tal .
le nu tat ka loq ʼonch we .
xaq tane kim bʼei wu kʼ .
x reta ʼ maj u ch ʼaj ik .
ru mal la ʼ x koj “ x alq ʼat ” cheu bʼi ʼ ri komon .
are leu kem ikpas xreta ʼ maj .
ri wa ti ʼ t ku bʼan na ri u pa tan .
kʼakʼ le po ʼt .
reta ʼm u wach jachin x loq ʼow ripas .
kench ʼa bʼej lea kʼala bʼ .
ya ʼtal chaq eqo nojel ri uj winaq utz kaq il q i bʼ .
xkoti ʼ pa q ʼayes xoq ʼik .
ka winaq bʼe le je bʼ q ʼataj .
e kʼo kaji bʼral ri imul , jun saq , jun q ʼa n, jun q ʼe q , jun q ʼe q oj , si bʼalaj ketz ʼa nik, kech ʼopi nik ri alaj taq imul .
k chololria cha chal .
ke tek ik ri ikʼ .
xepe tik rechkewa ʼi wu kʼ .
tzatz ri uq ʼa nil ri akʼ .
xoj tzalij ikxi xe ʼ qaq ʼatuj ku kʼ le ita tina n .
ri yo ʼ x taqa kʼala bʼ ke ki kʼux ri atz ʼya q .
we achi we xusipa j jun po ʼt ch we x kamik .
k kowin ri ku na nel che ku na nik .
xji q ʼ pari po low .
xa ru mal si bʼalaj rajawa xik le loq ʼalaj ja ʼ, le winaq xki bʼij: che we ikʼ ri ʼ qo nojel kuj bʼe che uti kik taq che ʼ .
riuna ne rie ra chalal ke pe u loq ru kʼ ri are ʼ, kʼate kʼu ri ʼ, man ke kowin taj ke q i bʼ u koq ru kʼ , ru mal rech che e kʼo si bʼalaj winaq .
ru mal rech , che man kʼota jun k kowin cheu kojik junti ki bʼal il chik chu wach ri kojom chik che are ri jesusk ri sto .
te kʼu ri ʼ x utz ʼi bʼaj ri bʼ pari nimalaj tijo bʼal rech aj ku ʼ n.
ka juluw ri ch ʼu mil chaq ʼa bʼ .
kʼis bʼal kanoq , xoquje ʼ k kam ri ixoq .
le ala xok ik .
kʼo p waq pa u wi ʼ ri mexa .
arekawaj nakin ʼetaj .
ri ya wal ku koj ri ali chiu xe ʼ ri chak ach are u su ʼ t.
na kaqa kʼam tu ʼ bʼi kamik .
riaj tij ku bʼij chike : rajawa xikkeqa cha jij ri awaj , are utiko ʼ n ri ajaw .
xin tijmuku niw ir .
kʼax leu wi ʼ taq le nuq ʼa bʼ .
xin loq ʼ jun il bʼal wi bʼ .
wa ʼ we q ʼij, nim u bʼantajik .
ri u xe ʼ al ri qatina mit man kasach taj .
xoj bʼinik .
ria chalal junam ki wach .
xin weta ʼmaj ri lik wi bʼ .
nim ri una ʼoj waj tij .
miq ʼin ri kʼu l .
aj q ʼojom ri ate ʼ k.
che le san ik che ʼ kbʼan wi riq ʼo jom .
kape le awel pa nawa lja ʼ .
ri mes o nel tajin kchaku nik .
utz chaq e kaqa to ʼ q i bʼ, taq kʼo kʼax kʼoli l, kate we chi ʼ n ri ajaw paqa wi ʼ .
xa wi lo, x q ʼa tan le ibʼoy.
xa tkowi nik xa bʼano .
kiʼri kʼa we x .
kaj il il ri bʼe .
le ali xel bʼik .
are ʼ x raj xin bʼano .
nim we abʼaj .
je ʼ lik uti ʼ jol al ri saq ko ʼ r .
noj inaq ri kej .
we katijan xux man katuto ʼta chi uq ʼat ixik le kʼakʼ ya bʼ il corona virus( 2019-ncov) .
na nim ta raqanwa ʼwe che ʼ .
utzalaj ajchak, ri we l .
¿jam pa ʼ kuj bʼe pa nimaq ʼij ?
rajawa xik ta nela ʼkat chakun wu kʼ .
xutaq chi ʼj pa wara mpu lew .
man aretari axwan xel ik .
ria wix xu loq ʼ ra chochre nimal .
are ri ixoq xin si kʼi nu loq .
ri ch ʼima kʼat ʼon na .
la xi bʼan lei chak ?
kʼi tina mit e kʼopa ch ʼo ʼj .
kʼo jupu q chij chiu xe ʼ ri che ʼ .
ri u xaq ria bʼix are u wa rikej .
kawinaq q ʼa taj .
laki xpe pa tijo bʼal ?
we kechaj ix taq le kʼ wa jachakin bʼij ; juna lik kʼo ja ʼ xuquje ʼ si bʼalaj saq loloj .
xreta ʼ maj .
ri ala bʼom ria litoma bʼ tajin kiki tijoj ki bʼ rech su taq , are kakaj ki ki bʼan nimaq achija bʼ chupam ri kikʼas le mal , xuquje kʼochik jupuq bʼixo nel chupam ri komon .
la tz ʼu wach ri bʼe .
kʼakʼ ri ach ʼich ʼ.
qo nojel u j, uj maya bʼ taq winaq .
nojel q ʼij ri ati ʼ x kuy uq ʼuj le taqa waj jela ʼ pa nik ʼaj ja ʼ, chi rij ri juyu bʼ u bʼi ʼ te na ʼ .
pa q ʼom chik ri si ʼ .
kin tzuku n chela .
kaki tij le kinaq ʼ, lei chaj, leu wa ʼlik ru kʼlej .
xekan ajkan le ajchaki bʼ .
ke tikon ria chija bʼ .
si bʼalaj itzel u bʼantajik rich ʼi lakan .
ri ate ʼ k xu mal tyo xij che ri rati ʼt , ru mal ri utzalaj no ʼji bʼal xu kʼut che ch .
k ka mulixu chak ri abʼix .
la xin u tzukuj le tijo xel ?
are ʼ kachakun ro nojel q ʼij .
lee kʼa ʼ na taq tz ʼi ʼ .
sa q rij ri plam ux .
jas xaq ʼi ʼoxa tijo .
jas ru kʼ xki chap wi u tijik le rik il ?
we ka tat in ru kʼ kʼa tanja ʼ man ku q ʼatej ta le kʼakʼ ya bʼ il corona virus .
lakat bʼin pa le uxla n bʼal ?
lawar al kʼux ixwa ʼwi ?
are le nu tat kin loq ʼo nik .
tajink chakun ri ala .
kʼo ri ki ʼ kote mala wu kʼ .
xuta jachin ka ʼe k .
xa twa ʼik xin wi lo .
x tz aq ri ra choch ru mal ri ja bʼ .
pa le jun ik ʼ chik are nimaq ʼij .
e ke bʼäm ke bʼin pa u wi ʼ ri tem .
memria chi .
ri wikan chali ʼ y kel pa juyu bʼ ch wi tzi ri bʼal .
le raj il , lapaj axela q ʼax wu ʼ bʼik ?
pari su ʼ tpis om wiri lej .
koj pe tik kol qa kʼama ʼ .
tajin kat ch ʼopin chiu wach ri taq ʼaj .
leq ʼ orxch ʼuq ik .
kʼax wa ʼ ima wu mal .
kin bʼison che lewal .
si bʼalaj kʼo kʼri awatz ʼya q .
kamik xuj bʼe cheu tik ik taq che ʼ pari juyu bʼ .
kin u loq ʼoj le nu tat .
chaq i ʼj chik ri chaj .
xyi lix ha wayi .
na x na ʼtaj tachke chi xeati nik .
ru kʼ kʼu wa ʼ we ri ʼ, ri ixk kʼo ji ʼ jun utzalaj ik ʼas le mal ri ʼ ch ki wach ri winaq che man e kʼo taiw u kʼ , kʼate kʼu ri ʼ man kʼota jun winaq ri ʼ rajawa xik chi wech .
e pe tina q pa bʼ elera chala xik .
kakaj le a kʼala bʼ kewa ʼ ik .
xuj ch ʼay bʼ ik .
ri nu chak are q ʼa xel tzij .
kʼo na rux la bʼ ri awaj .
tajin ke lloq, ri q ʼij .
xu q ʼi ʼoxkam sax ri ra chalal choch .
ri nu mam are kʼo uq ʼino mal .
x kʼu lma taj jumul , xu bʼan jun nimalaj ja bʼ , man x bʼeye taj tana xu kʼis le u yu q ʼ chike .
ama ʼ ri nu tz ʼi ʼ .
jewa ʼkat pe tik .
xinko sik ru mal xin chaku nik
i we ch chi jujun al, ri wa .
xu q ʼi ʼo na xata tin taj .
in ri q tajin aq pari kʼayi bʼal .
naweta ʼ m taj .
kʼax le nu q ʼa bʼ .
utz le xu bʼij le a chi .
kematz ʼi bʼ .
kʼo ra chalal pa tz ʼo loj che ʼ ripe ʼ l.
ro nojel wa ʼ we jastaq ri ʼ, xask sach wi u wach wa ʼ ; ru kʼ we ri ʼ, ri ix, rajawa xik che kʼo juntyo x laj ik ʼas le ma le k kʼo ji ʼ ri ich ʼawem ru kʼ ri dyos,
xmu q taj ri pa tz ʼan .
ri ch ʼich ʼ tzijom kanoq pari u kʼol bʼal .
man kʼota u cholaj pa taq ria wuj .
jachik e ik ʼle u nimaq ʼij le tina mit nawal ja ʼ ?
xepe tik xol ki kʼama ʼ .
kachuq ʼ chu trija ʼ chiapam .
x in bʼi jiwi r chi xe bʼe pa armita.
are ʼ u xe ʼ ojer tzij waral kʼi che ʼu bʼi ʼ .
x kʼis ri nu si ʼ .
jawi xki bʼij wi chike ʼe wi ?
¡ xa je kʼu ri ʼ, jachin taq rie kʼopa rij u de ʼ a, chi cha nim che ʼa nimaj u bʼipa taq ri juyu bʼ,
kʼakʼ ria bʼ .
la kʼo jun na kakʼox omaj taj ?
na utz ta le u tʼis om le al mari y .
man ya ʼtal taj chi awe katok pa ja .
je ʼ, xat u tzukuj .
are ke lwaj xaqi bʼ u q ʼij rix kʼojik .
ri xunkurk kʼo ji ʼ pa taq rit ri ko .
xin sa chik .
xu tʼuyu bʼa ʼ
na nutom ta le tzij …
wach ʼom ri kiwari no ʼ s .
e kʼo jo bʼ ch ʼil wa kʼ .
rajawi xik chi pa taq ri tijo bʼal , pa nik ʼaj u bʼixik chik
ri rajaw ru lew are ʼ tat kel .
we kʼu xokik, we kʼ na xok ta
we achi xusipa j jun pʼot ch we .
a tat u taqo ʼ n leq ʼatal tzij .
naq ʼanta u wach le qap ru t .
rixa ʼ r kʼopa u wi ʼ ri q ʼaq ʼ kpo q ʼowik .
ri ro q ʼej ri alija chakpe juna kʼal .
kʼo jun alapa tijo bʼal .
säq u wi ʼ ri tata ʼ .
ri wi tzik ʼ tajin kpe loq .
jawi xsachon wika nu ya ʼiklep waq che .
utz we achi we xin kuna nik .
qo nojel kuj wa ʼ pa u wi ʼ ri mexa .
ri kaxla ʼ nik man poqon taj .
inxin bʼe ru kʼ ri wachi ʼl .
si bʼalaj je ʼl xki lo xe ki tz oqop ij ri ki chij chila ʼ .
kin bʼinik xin ʼe k .
kʼax kʼolik , kacha ʼ .
kutij ixim ri akʼ .
ri al ix che l, xu q ʼi ʼo xa jun akʼ xsipa x che .
x qas ik ʼij le ixoq ch utzakik su bʼ .
ma taxa bʼin saj lech ʼich ʼ.
rip ix tz ʼara lik ru mal rieqa ʼ n.
¿jam pa ʼ kel chi 3%
kʼo jun nu kʼotoj chi ʼ aj .
tajin kewa ʼkat ri ala bʼom .
xin loq ʼ le nu kʼa kʼapo ʼt .
na utza kiktas u bʼ tajin ku ʼ a no
xoj u taq chi ʼij xoj wa ʼ ik .
i wech ri a bʼix .
saq rij ri chij.
aj sik che ri tina mit kel wiri tata ʼ .
- ¡ay! x axin tzaqu loq , kʼax we waq an .
x kʼu lma taj pa jun komon chi ʼ u wach jun juyu bʼ, xuriqa jun q ʼij xki riq ki bʼ ju nimul ru kʼlek ok .
jas xa taq chi ʼj le ak ʼal chu tij ik ?
xin chapo su xu loq ʼo .
q ʼi nom ria chi .
ri kʼum k tijow ru kʼ ka bʼ .
tajin kejach ʼa nik .
tze bʼal u ke mik le pa sa wu mal .
are kayo ʼ w leu chikopil leu bʼantajik try pa no soma bru cei .
we kat nima nik utz ke lik .
pero no ʼ ji mal pe t naq loq , .
are le nu chak jun tz uq bʼal wi bʼ .
x ku na x le ya wa bʼ ru mal le aj q ʼij .
ri u kʼu ʼ x tz ʼi bʼ pa qatzijelaj uj .
si bʼalaj je ʼ lik rieqa bʼal xu bʼan ri lu ʼs .
si bʼalaj atko n.
e man xo ri jupu q kej .
na x na ʼtaj tachke xeati nik .
ri kʼamal bʼe xu bʼij chike, chima ja ri a nim .
jumu ch ʼri nu juna bʼ .
q ʼip taj inaq ri raqan ri tem .
k chakun ru kʼ ri jos bʼal che ʼ ri aja nel .
xa taq chi ʼj le a kʼal chu tij ik kar .
oj kʼopa le ro ʼ ch le awel .
¿ lakat pe q u kʼ ch we ʼ q ?
le winaq pa lech ʼich ʼe tʼuyu llowi .
xka naj kanoq chi u xe ʼ ri ja bʼ ri ch ʼa ʼ n .
nim ri ja .
weta xakunaj le a tat ma tax kamla ʼ .
na nu kʼamom tu ʼla ri ʼ .
chqa nu kʼu ʼ riqa tzij .
kim bʼe pa le tina mit .
xin q ʼi ʼo naxina tin taj .
rajawa xik kakʼaman cha we leu tijik le le j .
kʼis bʼal taq no ʼji bʼal .
xine ʼ wa ʼoq .
xki bʼan kʼax che leu wosaq ru mal man utz ta chi kakay ik .
ri q ʼutu ʼm man kech ta lea kʼala bʼ .
are na nim ta leatz ʼi ʼ chu wach le nutz ʼi ʼ .
xepe tik xol ki la ʼ .
¿jaw chi ʼ xata ʼ che xkam ri u mam ri po ʼ x ?
e ke bʼ ke kʼam bʼik pa tuj .
xin loq ʼ jun japa ri wokaj ja .
riax tu ʼ bʼ, kʼo qulaj chech .
jas karaj ka ʼ an ch utz akikleti ʼij .
xu tij lewa .
xim bʼal re tzij .
xpa xri bʼo ʼ j.
we kawaj katinto ʼo xaq xu wi ka bʼij chi we .
jas nu kʼu ku ch ʼo bʼo .
jas karaj ku tijo ?
xe x ru x la bʼ ri rik il .
enitz ʼa ʼ q le taq imul .
we tane inxin bʼanow ik, are le ate ʼ kx bʼanow ik .
kin tzalij pa le nu tina mit .
ri nu chaq ʼ kʼopa u ro ʼ q ʼatoj tijo nik pari tijo bʼal .
xin xi ʼj wi bʼ xin ch ʼawik .
kʼoch wa ro ʼch le pare .
chi raqan kabʼin wi ri tata ʼ .
x sa chonkan u ya ʼiklep waq che choja .
xin q ʼax chik ixo ʼl ri winaq .
ketiko nik .
ri u lew man q ech taj , kech riqati ʼt q amam .
xepe le winaq xol kikʼama ʼ .
xu loq ʼ ri wuj ru mal ri ali .
che we q ʼij kamik kʼo jun nutzijo nem chi rij le nu tina mit .
ke jri ʼ .
xku na nala q ch we .
ki nu si kʼij le nu na n.
ri imul xu ch ʼij taj , xka naj pa bʼe, ru mal ri nimal ku ja luj ri imul , xutzaq ria nim .
ku bʼan ri u xoq ʼo ʼl ri aj tz ʼaq .
ri la si bʼalaj utz che ku na bʼal .
kʼiki wach rie ʼ ajchaki bʼ pa ri komon tyo x , kʼate kʼut xa jun chi ajaw xel ;
xqata chixa tulik .
kawaj chika tʼek .
ch ʼuti ʼ nkekan aj ri xa ja bʼ chech .
kaqa xi ʼj q i bʼ kaqa chapo .
e kʼo ke bʼ u kʼ ajol le tat x wan .
lu ʼ su bʼi ʼ ri rech am .
aj chiu wi ʼmi q ʼi nja ʼ ri lu ʼ .
xin ya kan le nu chi mpa kʼay bʼal .
kʼatex ri lo, xpe ri unan cheu tzuku xik, xki kotik, xu sala bʼisaj ri taq u xki n .
xki kʼut chi u wach ri aj tij xuquje ʼ chiki wach ri taq nik ʼaj kach il .
utz le nu q ʼa bʼ .
ku lle al we ʼl pa aust inchaq ʼa bʼ kamik .
ri ate ʼ kx tz aq loq are chi kʼopa u wi ʼ ri q ʼa ʼm .
aj pa tan ri te ʼ k.
xatqaj chiupam ri il .
la kʼo tzij na kikʼoxo maj taj ?
x sa chonchke chi xeati nik .
ro nojel leu le wecha laq .
la xe bʼe kʼu la xe ʼ ki jaqa kʼu leu chi ʼ ja ?
xaq kat ch ʼok na jiwi r .
kamik kʼo chi ri jastaqa we .
are chi ʼ kakʼis ri juna bʼ kʼo q ʼi nom .
pana wal ja ʼ xina le xik .
na xin tataj we are ria kʼal ki xtzuqu wik .
¡ ru lew ri sa bʼ u lo ne ru lew ri ne ftali, u bʼeri polow , ru lew rij ordan, gali le ʼ a kech ri je taq amaq ʼ !
rax , rax , rax , kʼok ʼ, kʼok ʼ, kʼo kʼ le ru x la bʼ le taq tiko ʼ n.
achi xa twi lo .
pa qal raj il lep ixka mik .
xoj bʼinik .
pa jun je ʼ l tijo bʼal ku tijoj ri bʼ juna kʼal , u bʼi ʼ po ʼ x , utz ku ri lo ke pa tijo bʼal ro nojel taq q ʼij .
x waj chixat ʼe taj .
utz la ʼle xu bʼij le achi .
weta ʼam jachin kape tik .
kin q ʼo joma nik .
xinq ʼi ʼo tak ʼalik xinpe tik .
are ʼ reta ʼm cheki nopa nik .
areta bʼa leq aq ajaw chat to ʼ wik .
kawinaq waqi bʼ q ʼa taj .
naqaj chik che ri u waq kaj bʼal aretaq chi ʼ ksach u wach ri q ʼij, kok ri q ʼe q u ʼm chu wach u lew , chi kʼate ʼ na ri bʼe le je bʼ kaj bʼal .
jo bʼ raqan ri tz ʼalam xe poro xik .
si bʼalaj korij ri mop .
arewa ʼ .
jela ʼ pa ri ti minit ch wi kabyok rech xelaj u ʼ, leqa na nqa tat kaki tikoje ʼl alaj taq u wachi chaj .
kʼax nuqul .
xu ʼ lu kʼama ʼ .
koj ul ki tzukuj .
are man kʼax taukuna xik aretaq aninaq ka ʼ il itaj we ya bʼ il al xuquje ʼ mojo ʼ qa ku ya ʼle kʼax kʼol il chech le jolom aj .
ri we l kʼopa tijo nik .
kawaj kin bʼij .
ri ko tz ʼi ʼj kqa koj chiupam ri ja .
q ʼe q q ʼoj rij ri ama ʼkej .
na x waj taj xin ch ʼawik .
ch peta bʼal e loq ʼalaj ja bʼ .
x sa chonch kexat kisi kʼij .
e leq ʼalch ʼich ʼ.
jachin xa wi lo chi are x tijo w ri ti ʼj ?
ma taka bʼe le nu x bʼal pa le tina mit .
pim ru q , ri ali .
¿ kʼo ri muq ʼe chia wech ?
kqa bʼij man ke kowin taj .
kintij na .
kʼo jun qa tʼu ʼ y pa ja !
kʼopuj chiupam ri ch ʼa ʼ k .
aretaq kin kosik ki nwarik .
xa twa ʼik xin wi lo
inxin ch ʼayow le achi .
ko nojel ri ala xik ke ʼ e tz ʼa nik .
jas ru kʼ xki tij wi le kirik il ?
aninaq il kat pe tik .
na rax ta u wach le juyu bʼ .
ri tz ʼalam tz ʼi bʼa bʼal raxk kayik .
we chat chaku nik, kʼo awa .
ma ʼtam xa tpe che ri wa ʼim .
kamul kin wa ʼ na .
ri sikil k tijow ru kʼik .
kim bʼe aq ʼan ru kʼ le al tal in .
xoj ʼek xe ʼ qilalarqa sok .
xe ki q ʼil le ajchaki bʼ xki woklej a.
ma tane x waj le kʼu hj nem ru kʼle ate ʼ k.
are xe ʼopan chiuchi ʼ ri juyu bʼ, xki lo chiman qasta kʼo q ʼayes .
kʼate kʼut , ri jesus man k kojon tach kech rie ʼ are ʼ, ru mal rech che ko nojel reta ʼm ki wach ,
pa ʼ tz rij ri tz ʼi ʼ .
ju winaq waqi bʼ q ʼa taj .
ate laq ʼom .
xa qat jo ʼs .
ri q ʼatzu, are q ʼalaj ri uq ʼij il .
ajchak we ala .
u bʼe leju ka kʼal taqa nik (29) .
ke bʼ nu bʼi ʼ kʼolik .
laka tzalij lu ʼla aninaq ?
ka tzuku n lach we .
lakaj lakoj bʼe ʼ pa le chomal ch we ʼ q ?
x in na bʼej chuta sik qa kʼoli bʼal .
lal xin to ʼ wik .
si bʼalaj ano ʼji bʼal .
xoj pe tik xolqa kʼama ʼ .
si bʼalaj je ʼ lik ri u wa ʼl ri i chaj .
kʼax wij ru mal in pa cha lik .
aretaq xu kʼu lmaj wa ʼ xu l ri u choman ik xu bʼij: are utz wa aq ʼa bʼ kin wali jik, arecha ʼ cha nim kin opan pa tijo bʼal , maj chikin kʼu lmaj .
ojaj xojolo bʼ pa awasq ʼij .
x in sach che leu wokik le tzij .
e julaj uj ri akʼ .
xuta jampa ʼ koj ʼek .
qil ik .
ri tijo xel man areta nim chu wach ri raj tij. ri utz tijo xel qas je ri ʼ kʼolik jas ri raj tij .
in xa tinch ʼayo .
no ʼ jim chak wu mal .
chʼur ri joch ʼ.
in kin bʼij na katsa ch taj .
uj maya bʼ .
ria bʼaj ya tzalik .
tajin kepix bʼax ria kʼala bʼ .
chomria q .
xin wa rik .
e le men konojel ria kʼala bʼ .
tajin k q ʼa na rik ri were ʼaj .
leu ke mik le pa sutz ( cha we ).
xuyu pu bʼa u wach ra ʼ chi , ka cha ʼ, .
ri sa tana skok pari judas rik bʼixiska ri ʼotech rech , ri are ʼ jun ch kixo ʼl rie ka bʼlaj uj .
chu chu rip ar.
kin qumuj ri nu joch ʼ.
chech punción lumbar amaq ʼel rajawa xik chech ri lik leu kʼex bʼem wi le na bʼe ru kʼ le u ka bʼ u kʼutu nem le ya bʼil al .
q ʼalaj chi nakawaj taj ka bʼij .
kʼo q ʼol chi rij ri si ʼ .
jawi xoj ʼe wi chu loq ʼik ?
kʼo u loch ʼri tal in .
q ʼan rij ri ati ʼt nukej .
lax tzalij la iwi r ?
xe si kʼi xik, kʼate kʼu ri ʼ xe ya jik, xuquje ʼ xetaq bʼi cheu si kʼik le mes .
la kix wa rik ?
are kʼu le pa loma x xu bʼij che: - mam kat bʼison taj , kin si kʼij nik ʼaj wachi ʼl kerapa pik .
a ʼree tijo xela bʼ .
ri alaj ali si ʼl xu bʼij x qa chap pa utzal ri tyo x.
x sa chonchke jachin xeati nik .
jas xurayij le anan xu tijo ?
xin kosik .
rax ro nojel ri q ʼayes ru mal leja bʼ .
kin ya wa ʼ we ch ʼich ʼpi nem na utz .
no ʼjim u pa ch ʼu xik le nu wi ʼ .
naj kʼowi le wo ʼ ch chu wach le tijo bʼal .
rio ki bʼal kʼo chiu wach ri saq ja .
xe nu taq ch ʼij ke kil le a kʼala bʼ .
kʼo jun q ʼ oxo we m chi we .
tza ri cho ʼ m.
we choj bʼe pa le nimaq ʼij, ke q il le aj xojolo bʼ .
xoj ʼek xe ʼ qilalarqa sok .
ri ate ʼ k xuta ʼ chech ri na nto ʼ n : - na njas che ʼ chiman kajtala qa kʼa tisaj ri jo ʼ q .
rip al si bʼalaj xu ʼ y.
kin koj ri jok bʼal u lew .
in kin bʼij na katsa ch taj
a traj kun le nu na n.
ku qamujuj oron ri aj tzij .
lu ʼ tz ʼalam u bʼi ʼ ria chike l pa nim che ʼ .
je ʼ lik uti ʼ jol al ri saq ko ʼ r .
kʼo jun xa ʼ r pa ja .
xin loq ʼ jun kʼakʼ pa tan .
kʼax u kemik le pa sa wu mal .
aninaq u ke mik le pa sa wu mal
ri ch ʼa ʼ n sa chi naq pa taqa bʼix .
rax taq le ko tz ʼi ʼj .
mes om kanoq ri u pa mja .
man aretar alax kosik .
ri komon xe chpup rech uq ʼa bʼ tina mit xo ʼ la bʼ aj rech q ʼu mar kaj .
la utz akik kʼu su bʼ tajin ku ʼ a no ?
kate la !
na xu tij taj .
xa ru mal keta ʼm ko nojel ri winaq kki qumuj leja ʼ .
iw ir xuj tzalij la pa kʼay bʼal .
qeta ʼm che riqa waku juto ʼo .
ri aj tij, kyajon chikech ria kʼala bʼ .
jasu bʼanom le nu ch ʼuti tat ?
ch we ʼ q kin bʼe pa nim tina mit .
utz we ki weta ʼmaj jas ku bʼij ri chol bʼal q ʼij .
tajin kat ji low che uq ʼo xom jolom aj .
xin tik q ʼax chiu wach ri ja .
kʼax le ki bʼe le winaq .
loq ʼkat kun taj che le ya bʼ il (covid-19) .
ri nu xi bʼal kel pa qaj bʼal q ʼij .
x ri l ri axwan chi x wa ʼ ri ala .
le al ixku na taj ik .
weta kape leja bʼ kamik .
xin weta ʼ maj chi na xatpe taj .
rip waq rech we q ʼataj ri ʼ kesax chech ri toj bʼal kʼayi nem .
ktij ri u wa ʼlik ru mal ri ki nimaq ʼij .
xu chap ukuna xik .
chatan loq ali .
x in xu li ʼ qa jo q .
je ʼ lik k tijow ri taq ikox .
kʼate kʼu ri le tat xo ʼ rx u bʼij, man kawaj taj , man kawaj taj .
kʼo jun tz ʼi ʼpa bʼe .
kamul xinpe che a tzuku xik .
man tajin takin chaku nik .
kin chaku nik rechka twa ʼ ik .
jas ru kʼ xa wil wi chi xki qupij wi le ti ʼj .
jasu bʼixik … ?
koq ʼ ria kʼal .
kawaj nakat ʼe taj .
xat q ʼaj ik .
wem na cha loq ʼa xiya l, na kim bʼe ta a wu kʼ .
xopan le wuj aw u kʼ ru mal we chi n .
are kʼut pa le juyu bʼ k kʼiy jo ro n, chila ʼ xe kikʼam awi rija ʼ ri winaq .
koq ʼ ria kʼal .
we kʼo araj il cha kʼama loq .
are si bʼalaj kaq leapo ʼt chu wach le nupo ʼt .
xin kʼastaj pa ka bʼ laj uj kaj bʼal .
kaqoy ʼej naki xpe taj .
ko kaxim ri chij xa jela ʼ man ka nimaj ta bʼ ik .
ri kok noj im x bʼek , xu ch ʼijo xopan pa u kʼis bʼal il le a nim .
xoj ki ʼ kotik aretaq x atu lik .
kaqi tz ʼ naj ri uxa ja bʼ ri akʼal .
ri jesusk wa ʼkat pari nim ra choch ri dyos, chu xe ʼ ri jun ja che ra choch ri sa lomon .
we taqa nik ri ʼ ku bʼij chi rajawa xikk ya ʼuq ʼij ri winaq xuquje ʼ kto ʼ aninaq il .
ria xux are na ri uku nel ri kinaq ʼ .
aretaq wa ʼ ri uq ʼijol we taqa nik .
kʼo jun ta bʼal pa u wi ʼ ri xka nul u bʼi ʼ la juj no ʼj .
yu ʼl u bʼanom ri u kolo bʼ ri kej .
xa nimaj ri akʼal chiu wach ri u chuch .
k ku na n ri achi .
kin wa ʼik rech nakin yowaj taj .
aj xik ch ʼich ʼri lu ʼs .
k waj che ixki x bʼanow ik .
a ʼre xeto ʼ walaq .
xoj ʼek xe ʼ qilalarqa sok .
x in loq ʼ jun ch ʼich ʼ, qa jin aq u wach .
ku tʼis rip anta lon .
ejan ipa le awal kʼwa le kʼolik ?
u tzukem ik le pa scha we .
rimaxareaj q ʼa ni ya ʼ .
mat abʼa chi riq kʼax pa le bʼe .
tajin ka nima j, rime ʼ s .
ixi xe ʼ laq ʼoma bʼ !
xsachan ch we.
e kʼo kʼi che ʼ, chiu wach ri juyu bʼ .
arewa ʼ ri nimalaj pixa bʼe arewa ʼ ri na bʼe .
x reta ʼ maj chi ru kʼ pa kʼ ku tij wi
jas utz akik le su bʼ xu ʼ a no ?
aj xo ʼ y ri wikan .
weta nea ʼ re xe tijo w le ri kil , are le komon xe tijo wik .
si bʼalaj aninaq kach ʼaw le are ʼ chi nu wach in .
utz wekin chakuj .
meʼ sla ʼ .
kʼokan wa rech kaqa tijo .
xin si kʼij la .
ria kʼal x sach kanoq jela ʼpa taq ʼaj .
xe si kʼij la .
jawi xki bʼij wi chike ʼe wi ?
ru mal che, man ix tari ʼ ri kix ch ʼawik , are ri rux la bʼ axel ri i tat ri ʼ rik ch ʼaw na iw u kʼ ri ix .
kʼakʼ riwa choch .
si bʼalaj utz kin wi lleatz ʼya q rech nahu ala .
saq por k kay ri ki po ʼ trinan .
x sa chon ri nu chak ch we.
wa ʼ im xu chapo .
ri q ʼaq ʼ tajin ka julu wik .
naj il u pam ri si wan .
e kʼo riqa chalal pa chiu wi ʼla .
jas xa taq chi ʼj le ak ʼal chu tij ik ?
no ʼjim u ke mik le pa sa wu mal .
kʼo jun ku ku bʼi ʼ tintin , wa ʼle laj ku kmam kaj e q itaj, kapaq i ka xu lik pa u wi ʼ uq ʼa bʼ taq che ʼ, si bʼalaj sa kʼaj , ke ʼ uto le e nima ʼ q , ch ʼu tin, ra chi ʼl, aj sipa nel si bʼalaj utzra nima ʼ .
ri u pixa bʼ leq ʼat bʼal tzij ki ya ʼu bʼixik .
na xsa chonta chke xeati nik .
xe q il le chikop pu wi le ja .
x lo ʼ taj ria kʼal .
qo nojel kuj wa ʼ pa u wi ʼ ri mexa .
xsik irlewa qan .
la xa twa ʼ kʼut ?
nim u bʼa q ʼrit u lu l .
kin xik ʼi kʼik xin q ʼa xik .
lakat bʼe pa le tina mit ?
rip al si bʼalaj saq ʼo r.
k q ʼ oxow nu ja lom .
xin na ʼo chikat pe tik .
x loq ʼu lewi we chi x.
xin chakun ru kʼ ri nu mam .
na x qa bʼantaj .
k kʼo ji ʼ bʼa ʼ ri u sipa nik ri ajaw xel jesus kristo ru kʼ ria wux la bʼal !
kin ch ʼaw ru kʼ le nunan pa lech ʼawe bʼal .
si bʼalaj q ʼe q u ʼm ru mal ri mayu l .
are leba xu lik .
xe kos le ixoqi bʼ pa le bʼe .
kʼax ri lik lea kʼalcha we .
xinq ʼi ʼ oxi na tin pa joron .
si bʼalaj nim le tina mit .
kʼax u kemik le pa sa wu mal .
xin sa chik .
tajin ke lu kikʼel pa raqan ri tz ʼi ʼ .
xin weta ʼ maj ri lik wi bʼ
ri q ʼuq ʼ are jun je ʼl chikop .
kʼopa ja tijo bʼal ri wika q ʼ .
ri sa chi bʼal mak raj wa xik chiqa xo ʼ l.
je ʼ, kim bʼek .
jela le ʼ ri nup wi ʼ .
xu bʼij che :- jas xa bʼano tintin ?
kabʼan junto q ʼo bʼ kyak ri nuj al .
kat ʼe kxin ta .
jas leu kʼex bʼem ri bʼ le jun ru kʼ le jun chik ?
aj chiu wi ʼmi q ʼi nja ʼ ri lu ʼ .
ri tijo nel naj kpe wi.
te ʼ ki x cho bʼ u bʼi ʼ ri nu tat .
ri ja ʼ kamiq ʼik chi u wach riq ʼaq ʼ .
ri tʼu ʼ yk pa q ʼowik .
kinme son na .
naq ajat kʼowi chi we ch .
xin bʼiso nik taq na xatpe ttaj .
we x kam ri winaq , rip waq rech toj bʼal ma kaj kya ʼ chikech ri rala xik .
ri nunan x bʼe pa kʼay bʼal .
xoj u kʼam u loq rech koj ri lo
x kʼoto chi n chiki wach chikin wa ʼ a wu kʼ .
na xki kamsaj taj xki kʼam bʼi choja .
kʼakʼ ri ikʼ kamik .
xim bʼe ru kʼ le aj ku niw ir .
ri lik .
letz ʼi ʼ xeko sik .
xinkikota wu mal .
ri imul xumaj ria nim, xuya ka n le ko k.
kʼo oj che ria kʼal .
xuj bʼe pa jun kʼu la nem .
utz we k waralaq .
kaq ilo chi na koj u kʼam taj .
x reta ʼ maj chi ru kʼ pa kʼ ku tij wi .
si bʼalaj xin kʼa ʼ na rik .
xinkochij ri nu wa .
man kat kowin taj kat chaku nik, we man kʼota ri ajila bʼal .
we won on xu bʼij chike :- kix into .
ri ala nimk ri lwiri u mam .
xka ʼ y chi rij , xka ʼ y chu wach , ma kʼota chi jun k silo bʼik , xoq ʼik xu xe ʼj ri bʼ x ch ʼopi nik x tzalij loq xu riqta chik ri u bʼe .
kʼo pus che riwa .
pi nem naka bʼe lewatz, kim bʼe wi in pa ka ʼ yi bʼal .
ri na nto ʼ n nim winaq chik, saq u wi ʼ, ro nojel aq ʼa bʼ utz kuna ʼo ka tʼuyi ʼ pa utem , ku miq ʼisaj ri bʼ chori q ʼij, kʼo junu wi ʼ u mam u bʼi ʼate ʼ k.
man e kʼi taj ri qula ʼ .
q ʼalaj chi nakawaj taj ka bʼij
x paqa bʼisax raj il ro nojel ri kem .
kʼo pari jul ri ku ma tz .
ro nojel q ʼij kin ch ʼaj le nu w are .
saq chikan lei chaj rech katza ko .
chu xe leqa chomal kaqatij wi jun q ameq ʼin .
chawila ʼ .
e kʼo jo bʼ u mi ʼ al, ri nu tat .
jas ru kʼ x aw il wi
je ʼ jas ri winaq rech ri u wach u lew , xoquje ʼ ke pena ri ʼ rie ʼ are ʼ che e rech ri u wach u lew ; je ʼ jas ri winaq rech ri kaj, xoquje ʼ ke pena ri ʼ rie ʼ are ʼ e rech ri kaj .
xin tijo .
k tz ʼuj u w ri ra choch ripo ʼ x.
xu q ʼi ʼo are leu kʼu lel x ya ʼo wu wa .
ria wel x reta ʼmaj chi rajawa xik man ku xej tari bʼ che ri tukur .
ju kʼu laj winaq xe ʼa nimaj bʼik .
je ʼ, xin tzalij ik .
xoj pe tik xolqa kʼama ʼ .
maj jachin x ʼek .
inaj tij ; at tijo xel .
saq u wi ʼ ri tata ʼ .
wech ri kem .
le ro ʼ ch le ate ʼ k kʼo ch wach leu kʼay le nu na n.
k bʼe pari si ri ʼa e pari silisi ʼ a, jawi je ʼ ku ya wiri ki chuq ʼa bʼ ri komontyo x.
pixa bʼ : man utz taj kʼax kuj ch ʼaw chikij nik ʼaj q ach il .
x ku na taj le ali ( ku mal ri ixoqi bʼ ) .
ri xi bʼi bʼal chi kʼowi pa taq riqa kʼas le mal ro nojel q ʼij .
na kuj wa rta waral .
on chek kʼo ji ʼ ri utz il chixo ʼl , arech junam ri qa kojo nik, junam ri iwe chi x ru kʼ ri we chi n .
pa ox q ʼij ri sa ʼ nk bʼe na ru kʼ ri aj kun .
kawinaq wuq u bʼ .
jas kawaj kin tijo ?
we taxat bʼe wu kʼ pa le tina mit , xa loq ʼtala ʼle u jastaq le a kʼajol .
ke bʼe pa wa ʼim .
xin loq ʼ kʼi wa .
pa jun nim kʼa che ʼ laj , kʼo jun kʼ wa ʼ si bʼalaj saq loloj, nim u wach .
k waj katij ju bʼa ʼ wa .
ro nojel winaq k ri l na ri u kolo nem ri dyos » .
x kʼoto chi n chiki wach chik in wa ʼ a wu kʼ
k waj nakat ʼe taj .
la xa loq ʼ juna le j ?
e kʼo rie loq ʼoma nel .
ri u ka bʼ u bʼi ʼ ri numam are ya y .
kin jopij ri i ja ʼ rech triko .
x na ʼtaj chke xeati nik .
xate ʼ q ila ʼ.
kaki tij alan xax ri winaq .
. . . kin bʼij chi arewa ʼ sinxi ʼ an.
na xin na bʼej tach uta sik qa kʼoli bʼal .
ru mal rech che we ri in, kin ch ʼaw ru kʼ ri dyospach ʼa bʼal , kch ʼaw na kʼu ri ʼ ri wux la bʼal ru kʼ ri dyos, kʼate kʼut man kʼota u pa tan ri ʼ ch rech ri nu choma bʼal .
xepet ik xki lo .
xuta wekat ʼek .
u tzukem ik le pa scha we .
ri nu wakax xu tij jun q ʼo q ʼ ru mal ri ʼ x kamik .
ru mal ri kʼix , man kewa ʼtaj ri winaq .
xe ʼu lik .
q ʼe q rij ri ama ʼ chij.
x raj ka ʼ e leu na n.
junam ki juna bʼ .
naq ʼalaj taj weka ʼe k .
ri wi x nam ch ʼaj ch ʼoj ri ra choch .
wara lman kʼotaj ajawa l .
na iwi rtax ri lle kʼamol bʼe .
x in pe loq te kʼu ri ʼ xin tzukuj ro nojel ri nu raj il .
ri aj tiko nel kutik ri tzij .
kʼo e kikʼajol le a chija bʼ .
ku tij q ʼayes ri ixpa ʼ ch.
pari wa ʼ bʼal e kʼo ka winaq achija bʼ .
sipo jinaq ri nu pa m .
kaya ʼtajik ru kʼuti ʼo nem jun ri u riqom le ya bʼ il amolot setsé xuquje ʼ areka ya ʼtaj pa taq ri juyu bʼ .
jachin ria chi ?
ri numam x kamik aretaq kʼo jumu ch ʼla juju juna bʼ .
kin kowin ik kin kʼam bʼi lep waq .
kin wi lo chi utz ri aj i ʼ .
x in q ʼil riapo ʼ x che man kachakun taj .
k wa ʼ chiu wach le taq ʼaj ri ama ʼ akʼ .
ri imul xe po q ʼik pa jun ikʼ .
x kʼis kanoq riqa chak .
are ri al ixo ji lowka noq .
si bʼalaj ch ʼu ʼj ri amax .
kʼo nu wachi ʼ .
in chaji nel kech lea kʼala bʼ .
xeko sle tz ʼi ʼ .
kin bʼe na ku kʼ ri molaj .
ro nojel aq ʼa bʼ kin yi tz ʼ ri wakax .
karapi nik xu tzukuj chi juna waj .
leu ke mik le pa san inaq ( a wu mal ).
maj u raj il le q ʼa bʼarel .
kʼax ri ʼ ri kach ʼawik .
xoj u taq chi ʼj le achi chu loq ʼ iki chaj .
si bʼalaj kʼax ri x kʼu lma xik .
xki lo chi nakin kʼoxo maj taj .
x na ʼtaj chke chi xeati nik .
x kʼoto chi n chiki wach chi xoj al wo ʼqa ku kʼ .
jun q ʼu ʼ q raj il ri kax la ʼ n wa .
x in wi lo chi xe ʼe lik .
e kʼo ixoqi bʼ pa le kʼay bʼal .
man kʼotaj u kʼisik ri maya bʼ aj la bʼal il .
ri sink kʼiy pa taq ʼaj .
rich ʼima man kkʼiy taj pa taq ʼaj .
rajawa xik kji kik ri waq än .
kawaj kin ʼe k .
e kʼo oxi bʼakʼ .
xu bʼij ch we jawi at kʼowi .
ch we ʼ q kuj bʼe ʼ pa muquj .
pa saq kʼa ja ʼk bʼan wi ri uq .
xoj ki si kʼij .
xin wil wi bʼ .
cha q ʼ chik ri wa .
kim bʼe naka pa le wo ʼ ch.
kawaj kin ʼe k .
ri ch ʼu ʼk tij ru kʼlej .
pari ki q ʼij kaminaq i bʼ kbʼan q ʼo ri kʼya ʼ rech aj :na bʼerinan ku tzukuj kan ri aj, ku jach ʼo ʼ xuquje ku kʼeto .
jas kaj bʼal cha nim ?
utz u choma nik ri al i.
pari q ʼijo x laj uj tija xkin kʼis ke bʼ juna bʼ kin chakun waral .
si bʼalaj ko , ri kʼakʼ ch ʼat .
jas karaj ku bʼij … ?
ri ch ʼich ʼ kasila bʼik .
pa ojer q ʼal pul xaq xu wi ri nim winaq ke kʼamow bʼe.
leu ku na xik leu ka bʼ u kʼutu nik are ru kʼ e flor ni tina on utuni bʼa xik le ni furtimo x chi ʼle flor ni tina chech t. b. g.
are ria chi xin ch ʼayo wik .
juna chiu bʼi ku ʼ xu sipaj ke bʼ kʼa ʼm u lew rech kabʼan ri tijo bʼal , kamik , kʼo chikaj tij rech ri komon xechpup .
xu mal tyo xij che ri aj tij ro nojel le xu kʼut chi u wach .
pari bʼe xki raq jun alaj imul saq rij , xki kʼam bʼik .
x ri lle bʼal e ala .
jas ku bʼij ch we ?
leu ku na tajem are ru kʼu tzuku xik leu chikopil pa junu soli ku xe ʼ le ki kʼo nle ja ʼ rech jun nodo .
utz we nu tz ʼi ʼ.
je ʼ, tajin ka chapo nik .
kin u loq ʼoj le nu tat .
kawaj kim bʼe pa tina mit .
arela ʼ kin chakuj .
ri nima ʼ q taq winaq kʼo keta ʼma bʼal .
we taxat bʼe wu kʼ pa le tina mit , xa loq ʼ tawa ʼwe jastaq .
ri kikʼas le mal . wa iximu lew xa jun chima areta tini mit ri ma
ri u kʼ ya bʼal na jupam .
xatqaj chiupam ri il .
nojim ka twa ʼ ik .
we kʼo jun ktuqa ʼ ri k, ¿ la man xoquje ʼ taj kin tuqa ʼ r ri in ?
ojoj wokol ja .
awas kbʼan kʼax che jun nim winaq .
xin ch ʼawa pan ru kʼle wana bʼ .
kʼax ri u pa m ri ju ʼl .
tajin kewa ʼ ri imul .
lakaj lakuj tzalij la aninaq ?
ru mal rech che ri makaj man kʼota u kowi nem pi wi ʼ ri ix: ri ixma nix kʼota chi chu xe ʼ ri pixa bʼ , xane ix kʼo chu xe ʼ ri sipa nik .
nim raqan le che ʼ .
xin chapo .
are letu ʼ r le loq ʼoma nel .
xaskat kʼo ji ʼ chiupam ri ch ʼich ʼ.
si bʼalaj nim raqan ri kʼamal bʼe.
letz ʼi bʼa bʼal we chi n.
in xin to ʼ w la .
xa je kʼu ri ʼ ri ixkamik ri ʼ man ixka xlan winaq ta chik ; ri ix, ix rech ri ki tini mit rie tyo x laj taq winaq , ix rech ri ra choch ri dyos .
xin tiko x laj kʼali chaj .
kaqa riq q i bʼ ch we ʼ q .
si bʼalaj utz che ri wi ʼ aj ri tu ney .
we na jupu lik taxeq aj ik . . .
x into ʼtaj che ri nu chak .
kʼo jun chikopu bʼi ʼ pu m .
poqon ri ik .
xoj bʼinik .
xu ch ʼe kro nojel le reta man ik x pa q i ʼ k kʼaxk wʼi nik xu bʼanaj kun .
ke lu bʼik pa rij u de ʼ a ek tzalij chiu bʼi jumul pa rigal ile ʼ a.
xin axi bʼij pa bʼe .
je ʼl kʼo lem chi awa choch .
ro nojel ri ya ʼtal il pa we q ʼataj , tz ʼaqat ki wach , man ktza q taka noq xuquje ʼ man ktas taj .
xukunaj le ya wa bʼ le aj q ʼij .
chi tata bʼej jas le kim bʼij .
ch ʼa nal ria chi .
pa bʼo ko ʼ kachakun wi ri tax .
uj kʼopa u wuq q ʼij .
ki ʼri u ka bʼ ri aq aj .
kʼo ra chalal pa tz ʼo loj che ʼ ripe ʼ l.
xki lochi kin kʼoxo maj .
ri u kisa kʼutz kya ʼ ik chiu xe ʼ ri tiko ʼ n .
aretaq chi ʼ kaq ʼan pu wi ʼ ri juku bʼ, ria chi che x kʼo ji ʼ ri itzel uxla bʼal ru kʼ , ku tach rech ri are ʼ, arechk kʼo ji ʼ ru kʼ ri are ʼ .
naka bʼantaj tawu mal .
x na ʼtaj chke xeati nik .
xin paj ri nu t ri ko .
xe ʼ ok ri pok ʼ pari u mexa ripo ʼ x.
ka juluw ri aq ʼa ʼl chiu xe ʼ ri tʼu ʼ y .
awech le ja .
xuj bʼe pa tzur ik .
na bʼexa to pa nik .
ri u ka bʼ u bʼi ʼ ri numam are ya y .
uwaj xaqu ka kʼal taqa nik (28) .
ma tak ʼo jun kakanaj kanoq , qo nojel koj bʼek .
e nima ʼ q le al to ma bʼ .
nim u wach ripo ʼt .
kojo nik pari utzij wa iximu lew .
jas xu kʼam bʼi le tz ʼi ʼ xa wilo ?
xin pe tik, tat .
ri bʼelaj u wach .
chi tata bʼej jas ri kim bʼij .
je ʼl kuna ʼ ria bʼix chiupam ri ququ lew .
kin bʼiso ju wach le wal .
xu tʼuyu bʼa ʼ .
nim ria we q e le ʼ n xa riqo .
xine ʼ wa ʼoq .
chi ʼ kewa rwi le a kʼala bʼ .
ri nu mi ʼal xutaq loq jun taqo ʼm wuj chi we .
q ʼ e ʼ lik, ri chaj pa ri bʼe .
lautza wach ? - utz mal tyo x , e kʼu riat ? – utz mal tyo x.
xin kos ru mal nu chak .
k bʼe ku kʼ rie ʼ are ʼ e k tzalij pa rinas arete ke ʼu nimaj .
ri joj xu kʼam bʼik ri akʼ .
kʼo chi wachi ʼ lcha nim .
ku bʼij chech na ʼl kabʼan che ri atz ʼi bʼ .
e . . . in kawaj katzjoj bʼil ach we .
mat axin ya j le ali .
jachin ru kʼkat bʼe wi ?
kʼo si bʼalaj eta ʼma bʼal pari maya bʼ no ʼji bʼal .
e man xo ri jupu q kej .
kas umum ri kaqi q ʼ.
e kʼo kaji bʼa kʼala bʼ pa le bʼe .
je ʼ jas ri u tat k ka ʼ yik .
xa qat molonel tzij tal .
le nu tat ka loq ʼonch we .
xaq tane kim bʼei wu kʼ .
x reta ʼ maj u ch ʼaj ik .
ru mal la ʼ x koj “ x alq ʼat ” cheu bʼi ʼ ri komon .
are leu kem ikpas xreta ʼ maj .
ri wa ti ʼ t ku bʼan na ri u pa tan .
kʼakʼ le po ʼt .
reta ʼm u wach jachin x loq ʼow ripas .
kench ʼa bʼej lea kʼala bʼ .
ya ʼtal chaq eqo nojel ri uj winaq utz kaq il q i bʼ .
xkoti ʼ pa q ʼayes xoq ʼik .
ka winaq bʼe le je bʼ q ʼataj .
e kʼo kaji bʼral ri imul , jun saq , jun q ʼa n, jun q ʼe q , jun q ʼe q oj , si bʼalaj ketz ʼa nik, kech ʼopi nik ri alaj taq imul .
k chololria cha chal .
ke tek ik ri ikʼ .
xepe tik rechkewa ʼi wu kʼ .
tzatz ri uq ʼa nil ri akʼ .
xoj tzalij ikxi xe ʼ qaq ʼatuj ku kʼ le ita tina n .
ri yo ʼ x taqa kʼala bʼ ke ki kʼux ri atz ʼya q .
we achi we xusipa j jun po ʼt ch we x kamik .
k kowin ri ku na nel che ku na nik .
xji q ʼ pari po low .
xa ru mal si bʼalaj rajawa xik le loq ʼalaj ja ʼ, le winaq xki bʼij: che we ikʼ ri ʼ qo nojel kuj bʼe che uti kik taq che ʼ .
riuna ne rie ra chalal ke pe u loq ru kʼ ri are ʼ, kʼate kʼu ri ʼ, man ke kowin taj ke q i bʼ u koq ru kʼ , ru mal rech che e kʼo si bʼalaj winaq .
ru mal rech , che man kʼota jun k kowin cheu kojik junti ki bʼal il chik chu wach ri kojom chik che are ri jesusk ri sto .
te kʼu ri ʼ x utz ʼi bʼaj ri bʼ pari nimalaj tijo bʼal rech aj ku ʼ n.
ka juluw ri ch ʼu mil chaq ʼa bʼ .
kʼis bʼal kanoq , xoquje ʼ k kam ri ixoq .
le ala xok ik .
kʼo p waq pa u wi ʼ ri mexa .
arekawaj nakin ʼetaj .
ri ya wal ku koj ri ali chiu xe ʼ ri chak ach are u su ʼ t.
na kaqa kʼam tu ʼ bʼi kamik .
riaj tij ku bʼij chike : rajawa xikkeqa cha jij ri awaj , are utiko ʼ n ri ajaw .
xin tijmuku niw ir .
kʼax leu wi ʼ taq le nuq ʼa bʼ .
xin loq ʼ jun il bʼal wi bʼ .
wa ʼ we q ʼij, nim u bʼantajik .
ri u xe ʼ al ri qatina mit man kasach taj .
xoj bʼinik .
ria chalal junam ki wach .
xin weta ʼmaj ri lik wi bʼ .
nim ri una ʼoj waj tij .
miq ʼin ri kʼu l .
aj q ʼojom ri ate ʼ k.
che le san ik che ʼ kbʼan wi riq ʼo jom .
kape le awel pa nawa lja ʼ .
ri mes o nel tajin kchaku nik .
utz chaq e kaqa to ʼ q i bʼ, taq kʼo kʼax kʼoli l, kate we chi ʼ n ri ajaw paqa wi ʼ .
xa wi lo, x q ʼa tan le ibʼoy.
xa tkowi nik xa bʼano .
kiʼri kʼa we x .
kaj il il ri bʼe .
le ali xel bʼik .
are ʼ x raj xin bʼano .
nim we abʼaj .
je ʼ lik uti ʼ jol al ri saq ko ʼ r .
noj inaq ri kej .
we katijan xux man katuto ʼta chi uq ʼat ixik le kʼakʼ ya bʼ il corona virus( 2019-ncov) .
na nim ta raqanwa ʼwe che ʼ .
utzalaj ajchak, ri we l .
¿jam pa ʼ kuj bʼe pa nimaq ʼij ?
rajawa xik ta nela ʼkat chakun wu kʼ .
xutaq chi ʼj pa wara mpu lew .
man aretari axwan xel ik .
ria wix xu loq ʼ ra chochre nimal .
are ri ixoq xin si kʼi nu loq .
ri ch ʼima kʼat ʼon na .
la xi bʼan lei chak ?
kʼi tina mit e kʼopa ch ʼo ʼj .
kʼo jupu q chij chiu xe ʼ ri che ʼ .
ri u xaq ria bʼix are u wa rikej .
kawinaq q ʼa taj .
laki xpe pa tijo bʼal ?
we kechaj ix taq le kʼ wa jachakin bʼij ; juna lik kʼo ja ʼ xuquje ʼ si bʼalaj saq loloj .
xreta ʼ maj .
ri ala bʼom ria litoma bʼ tajin kiki tijoj ki bʼ rech su taq , are kakaj ki ki bʼan nimaq achija bʼ chupam ri kikʼas le mal , xuquje kʼochik jupuq bʼixo nel chupam ri komon .
la tz ʼu wach ri bʼe .
kʼakʼ ri ach ʼich ʼ.
qo nojel u j, uj maya bʼ taq winaq .
nojel q ʼij ri ati ʼ x kuy uq ʼuj le taqa waj jela ʼ pa nik ʼaj ja ʼ, chi rij ri juyu bʼ u bʼi ʼ te na ʼ .
pa q ʼom chik ri si ʼ .
kin tzuku n chela .
kaki tij le kinaq ʼ, lei chaj, leu wa ʼlik ru kʼlej .
xekan ajkan le ajchaki bʼ .
ke tikon ria chija bʼ .
si bʼalaj itzel u bʼantajik rich ʼi lakan .
ri ate ʼ k xu mal tyo xij che ri rati ʼt , ru mal ri utzalaj no ʼji bʼal xu kʼut che ch .
k ka mulixu chak ri abʼix .
la xin u tzukuj le tijo xel ?
are ʼ kachakun ro nojel q ʼij .
lee kʼa ʼ na taq tz ʼi ʼ .
sa q rij ri plam ux .
jas xaq ʼi ʼoxa tijo .
jas ru kʼ xki chap wi u tijik le rik il ?
we ka tat in ru kʼ kʼa tanja ʼ man ku q ʼatej ta le kʼakʼ ya bʼ il corona virus .
lakat bʼin pa le uxla n bʼal ?
lawar al kʼux ixwa ʼwi ?
are le nu tat kin loq ʼo nik .
tajink chakun ri ala .
kʼo ri ki ʼ kote mala wu kʼ .
xuta jachin ka ʼe k .
xa twa ʼik xin wi lo .
x tz aq ri ra choch ru mal ri ja bʼ .
pa le jun ik ʼ chik are nimaq ʼij .
e ke bʼäm ke bʼin pa u wi ʼ ri tem .
memria chi .
ri wikan chali ʼ y kel pa juyu bʼ ch wi tzi ri bʼal .
le raj il , lapaj axela q ʼax wu ʼ bʼik ?
pari su ʼ tpis om wiri lej .
koj pe tik kol qa kʼama ʼ .
tajin kat ch ʼopin chiu wach ri taq ʼaj .
leq ʼ orxch ʼuq ik .
kʼax wa ʼ ima wu mal .
kin bʼison che lewal .
si bʼalaj kʼo kʼri awatz ʼya q .
kamik xuj bʼe cheu tik ik taq che ʼ pari juyu bʼ .
kin u loq ʼoj le nu tat .
chaq i ʼj chik ri chaj .
xyi lix ha wayi .
na x na ʼtaj tachke chi xeati nik .
ru kʼ kʼu wa ʼ we ri ʼ, ri ixk kʼo ji ʼ jun utzalaj ik ʼas le mal ri ʼ ch ki wach ri winaq che man e kʼo taiw u kʼ , kʼate kʼu ri ʼ man kʼota jun winaq ri ʼ rajawa xik chi wech .
e pe tina q pa bʼ elera chala xik .
kakaj le a kʼala bʼ kewa ʼ ik .
xuj ch ʼay bʼ ik .
ri nu chak are q ʼa xel tzij .
kʼo na rux la bʼ ri awaj .
tajin ke lloq, ri q ʼij .
xu q ʼi ʼoxkam sax ri ra chalal choch .
ri nu mam are kʼo uq ʼino mal .
x kʼu lma taj jumul , xu bʼan jun nimalaj ja bʼ , man x bʼeye taj tana xu kʼis le u yu q ʼ chike .
ama ʼ ri nu tz ʼi ʼ .
jewa ʼkat pe tik .
xinko sik ru mal xin chaku nik
i we ch chi jujun al, ri wa .
xu q ʼi ʼo na xata tin taj .
in ri q tajin aq pari kʼayi bʼal .
naweta ʼ m taj .
kʼax le nu q ʼa bʼ .
utz le xu bʼij le a chi .
kematz ʼi bʼ .
kʼo ra chalal pa tz ʼo loj che ʼ ripe ʼ l.
ro nojel wa ʼ we jastaq ri ʼ, xask sach wi u wach wa ʼ ; ru kʼ we ri ʼ, ri ix, rajawa xik che kʼo juntyo x laj ik ʼas le ma le k kʼo ji ʼ ri ich ʼawem ru kʼ ri dyos,
xmu q taj ri pa tz ʼan .
ri ch ʼich ʼ tzijom kanoq pari u kʼol bʼal .
man kʼota u cholaj pa taq ria wuj .
jachik e ik ʼle u nimaq ʼij le tina mit nawal ja ʼ ?
xepe tik xol ki kʼama ʼ .
kachuq ʼ chu trija ʼ chiapam .
x in bʼi jiwi r chi xe bʼe pa armita.
are ʼ u xe ʼ ojer tzij waral kʼi che ʼu bʼi ʼ .
x kʼis ri nu si ʼ .
jawi xki bʼij wi chike ʼe wi ?
¡ xa je kʼu ri ʼ, jachin taq rie kʼopa rij u de ʼ a, chi cha nim che ʼa nimaj u bʼipa taq ri juyu bʼ,
kʼakʼ ria bʼ .
la kʼo jun na kakʼox omaj taj ?
na utz ta le u tʼis om le al mari y .
man ya ʼtal taj chi awe katok pa ja .
je ʼ, xat u tzukuj .
are ke lwaj xaqi bʼ u q ʼij rix kʼojik .
ri xunkurk kʼo ji ʼ pa taq rit ri ko .
xin sa chik .
xu tʼuyu bʼa ʼ
na nutom ta le tzij …
wach ʼom ri kiwari no ʼ s .
e kʼo jo bʼ ch ʼil wa kʼ .
rajawi xik chi pa taq ri tijo bʼal , pa nik ʼaj u bʼixik chik
ri rajaw ru lew are ʼ tat kel .
we kʼu xokik, we kʼ na xok ta
we achi xusipa j jun pʼot ch we .
a tat u taqo ʼ n leq ʼatal tzij .
naq ʼanta u wach le qap ru t .
rixa ʼ r kʼopa u wi ʼ ri q ʼaq ʼ kpo q ʼowik .
ri ro q ʼej ri alija chakpe juna kʼal .
kʼo jun alapa tijo bʼal .
säq u wi ʼ ri tata ʼ .
ri wi tzik ʼ tajin kpe loq .
jawi xsachon wika nu ya ʼiklep waq che .
utz we achi we xin kuna nik .
qo nojel kuj wa ʼ pa u wi ʼ ri mexa .
ri kaxla ʼ nik man poqon taj .
inxin bʼe ru kʼ ri wachi ʼl .
si bʼalaj je ʼl xki lo xe ki tz oqop ij ri ki chij chila ʼ .
kin bʼinik xin ʼe k .
kʼax kʼolik , kacha ʼ .
kutij ixim ri akʼ .
ri al ix che l, xu q ʼi ʼo xa jun akʼ xsipa x che .
x qas ik ʼij le ixoq ch utzakik su bʼ .
ma taxa bʼin saj lech ʼich ʼ.
rip ix tz ʼara lik ru mal rieqa ʼ n.
¿jam pa ʼ kel chi 3%
kʼo jun nu kʼotoj chi ʼ aj .
tajin kewa ʼkat ri ala bʼom .
xin loq ʼ le nu kʼa kʼapo ʼt .
na utza kiktas u bʼ tajin ku ʼ a no
xoj u taq chi ʼij xoj wa ʼ ik .
i wech ri a bʼix .
saq rij ri chij.
aj sik che ri tina mit kel wiri tata ʼ .
- ¡ay! x axin tzaqu loq , kʼax we waq an .
x kʼu lma taj pa jun komon chi ʼ u wach jun juyu bʼ, xuriqa jun q ʼij xki riq ki bʼ ju nimul ru kʼlek ok .
jas xa taq chi ʼj le ak ʼal chu tij ik ?
xin chapo su xu loq ʼo .
q ʼi nom ria chi .
ri kʼum k tijow ru kʼ ka bʼ .
tajin kejach ʼa nik .
tze bʼal u ke mik le pa sa wu mal .
are kayo ʼ w leu chikopil leu bʼantajik try pa no soma bru cei .
we kat nima nik utz ke lik .
pero no ʼ ji mal pe t naq loq , .
are le nu chak jun tz uq bʼal wi bʼ .
x ku na x le ya wa bʼ ru mal le aj q ʼij .
ri u kʼu ʼ x tz ʼi bʼ pa qatzijelaj uj .
si bʼalaj je ʼ lik rieqa bʼal xu bʼan ri lu ʼs .
si bʼalaj atko n.
e man xo ri jupu q kej .
na x na ʼtaj tachke xeati nik .
ri kʼamal bʼe xu bʼij chike, chima ja ri a nim .
jumu ch ʼri nu juna bʼ .
q ʼip taj inaq ri raqan ri tem .
k chakun ru kʼ ri jos bʼal che ʼ ri aja nel .
xa taq chi ʼj le a kʼal chu tij ik kar .
oj kʼopa le ro ʼ ch le awel .
¿ lakat pe q u kʼ ch we ʼ q ?
le winaq pa lech ʼich ʼe tʼuyu llowi .
xka naj kanoq chi u xe ʼ ri ja bʼ ri ch ʼa ʼ n .
nim ri ja .
weta xakunaj le a tat ma tax kamla ʼ .
na nu kʼamom tu ʼla ri ʼ .
chqa nu kʼu ʼ riqa tzij .
kim bʼe pa le tina mit .
xin q ʼi ʼo naxina tin taj .
rajawa xik kakʼaman cha we leu tijik le le j .
kʼis bʼal taq no ʼji bʼal .
