xi ne ʼ waʼoq.
xkib ʼan kʼax che leu wosaq rumal man u tz tachika kayik.
ri qʼu tu ʼ m man kech talea kʼalab ʼ.
are na nim talea tz ʼiʼ chu wach le nu tz ʼiʼ.
xe petik x ol kilaʼ.
¿ jaw chiʼ xa taʼ che x kam riumam ri po ʼ x ?
e keb ʼ ke kʼam b ʼik patuj.
x in loq ʼ jun japa ri w oka j ja.
ria x tu ʼ b ʼ, kʼoq u laj chech.
jaska raj kaʼan chu tza kikletiʼ i j.
xu tijle wa.
x imb ʼal retzi j.
x pa x ri b ʼo ʼ j.
we ka waj kat in toʼo x aq xu wi kab ʼij chiwe.
jas nu kʼu ku chʼo b ʼo.
jaska raj ku tijo?
xe x ru x lab ʼ ri rik il.
e ni tz ʼaʼ qle taqi mul.
we tane in x in b ʼanow ik, are le ate ʼ k xb ʼanow ik.
ki n tz alij pale nu tinamit.
ri nu chaqʼ kʼo pa uro ʼ qʼatoj tijonik pa ri tijob ʼal .
x in x iʼ j wib ʼ x in chʼa wik.
kʼo chwaro ʼ ch lep are.
chi raqan kab ʼin wiri ta taʼ.
x sachon kan u yaʼiklep waq chechoja.
x in qʼax chik ixo ʼ l ri winaq.
ketiko nik.
ri ulew man qech taj , kech ri qatiʼ tqam am.
xe pele winaq xol ki kʼam aʼ.
xu loq ʼ ri w uj rumal ria li.
che we qʼij kamik kʼo jun nu tzi jo nem chirij le nu tinamit.
kej riʼ.
x kuna nalaq chwe.
ki nu si kʼij le nu nan.
ri i mul xu chʼi j taj , x kanaj pa b ʼe , rumal ri nim al kuj aluj ri i mul, xu tz aq ria nim.
kub ʼan riu xo qʼo ʼ l ria j tz ʼaq.
ri la sib ʼalaj u tz che kunab ʼal .
kʼiki wach rie ʼ aj chak ib ʼ pa ri komon tyox , kʼate kʼut xa jun chia jaw xel;
x qa tachix atulik.
ka waj chik atʼek.
chʼu tiʼ n ke kanaj ri x aj ab ʼ chech.
kaqax iʼ j qib ʼ kaqa chapo.
e kʼo keb ʼ u kʼa jol le tat x wan.
lu ʼ sub ʼiʼ ri rech am.
aj chi u wiʼ mi qʼin jaʼ ri lu ʼ.
x in ya kan le nu chimpa kʼay b ʼal .
kʼatex ri lo, x pe ri u nan cheu tzu ku xik, x kikotik, xu sa l ab ʼi saj ri taq u xkin.
xki kʼut chiu wach ri aj tij xu qujeʼ chiki wach ri taqni kʼaj kachil.
u tz le nu qʼab ʼ.
kulle al we ʼ l pa a u stincha qʼab ʼ kamik.
ria te ʼ k x tzaq loq are chi kʼo pa u wiʼ ri qʼaʼm.
aj patan riteʼk.
x at qaj chiu pam ri il.
la kʼo tzi j naki kʼoxo maj taj ?
x sachon chke chi xe atinik.
rono jel le ulewe chalaq.
la xeb ʼe kʼula xe ʼ ki j aqa kʼu leu chiʼ ja?
x aq kat chʼok na ji wir.
kamik kʼo chiri jastaqa we.
are chiʼ kakʼis ri junab ʼ kʼo qʼinom.
pa na wal jaʼ x inale xik.
na x in tataj we are ri akʼal kix tzu quw ik.
¡ r ulew ri sab ʼul oner ulew rineftali, ub ʼe ri polow, r ulew ri jord an, gal ile ʼ a kech ri je taqam aqʼ !
rax , rax , rax , kʼo kʼ, kʼo kʼ, kʼo kʼ le ru x lab ʼ le taq tiko ʼ n.
ach ix atwilo.
pa qal raj il le p ix kamik.
xoj b ʼ inik.
pa jun je ʼ l tijob ʼal ku tijoj rib ʼ jun akʼal , ub ʼiʼ po ʼ x , u tz ku ri lo kepa tijob ʼal rono jel taq qʼij.
x wa j chi x atʼe taj.
u tz laʼ le xub ʼij le a chi.
we taʼam jachin kapetik.
kin qʼojo manik.
x in qʼiʼo tak ʼa lik x in petik.
are ʼ re taʼm che kino panik.
are tab ʼal e qa qa jaw chat to ʼ wik.
ka winaq wa qib ʼ qʼataj.
na qaj chik cheri u waq kaj b ʼal are taq chiʼ ksa chu wach ri qʼij , kok ri qʼeq u ʼ m chu wach ulew, chi kʼate ʼ nari b ʼe leje b ʼ kaj b ʼal .
job ʼ raqan ri tz ʼalam xe poro xik.
sib ʼalaj ko ri j ri mop.
are waʼ.
je laʼ pa ri timinit chwi kab yok rech xel aj u ʼ , le qananqa tat kaki tiko jeʼ l alaj taq u wachicha j.
kʼax nu qul.
xu ʼ lu kʼam aʼ.
koj ulki tzu ku j.
are man kʼax ta u kuna xik are taq aninaq kaʼil i taj we yab ʼilal xu qujeʼ mojo ʼ qa ku yaʼ le kʼax kʼol il chech le jolom aj.
ri wel kʼo pa tijonik.
ka waj kinb ʼij.
riko tz ʼiʼ j kqa koj chiu pam ri ja.
qʼeq qʼoj ri j ri am aʼ ke j.
na x waj taj x in chʼa wik.
ch pe tab ʼal e lo qʼalaj jab ʼ .
x sachon chke x at kisi kʼij.
e le qʼal chʼi chʼ.
jachin xa wi lo chi are x tijow ri tiʼ j ?
mata kab ʼe le nu xb ʼal pale tinamit.
p im ruq, ri ali.
¿ kʼo ri mu qʼe chia wech ?
kqab ʼij man keko win taj.
ki ntij na.
kʼo jun qat ʼ u ʼ y pa j a!
kʼo p uj chiu pam ri chʼaʼk.
are taq kinko sik ki n warik.
xa twaʼik x in wi lo
in x in chʼa yo wle achi.
kono jel ri ala xik ke ʼetz ʼanik.
jas ru kʼ xki tij wile ki rik il ?
aninaq il kat petik.
na ra x ta u wach le juy ub ʼ.
ri tz ʼalam tz ʼib ʼab ʼal ra x kkay ik.
wech at chak unik, kʼo awa.
m aʼ tam x at pe cheri waʼim.
ka mul kin waʼna.
ri sik il k tijow ru kʼik.
kimb ʼe aqʼan ru kʼ le altalin.
xo jʼe kxe ʼ qilala rqas ok.
xe ki qʼil le aj chak ib ʼ xki w okleja.
ma tane xwa j le kʼuh jnem ru kʼ le ate ʼ k.
are xe ʼo pan chiu chiʼ ri j uy ub ʼ, xki lo chi man qa s tak ʼo qʼayes.
kʼate kʼut , ri jesus mank kojon tach kech rie ʼ are ʼ, rumal rech che kono jel re taʼm ki wach,
pa ʼ tz ri j ri tz ʼiʼ.
ju winaq wa qib ʼ qʼataj.
ate laqʼo m.
xa qat jo ʼ s.
ri qʼatzu, are qʼalaj ri u qʼijil.
aj chak we ala.
ub ʼe le ju kakʼal taqanik (29).
keb ʼ nub ʼiʼ kʼo lik.
la ka tzali j lu ʼ la aninaq ?
ka tzu kun la chwe.
la kaj la koj b ʼe ʼ pale chomal chwe ʼ q?
x in nab ʼe j chu ta sik qa kʼo lib ʼal .
lalxin to ʼ wik.
sib ʼalaj ano ʼ jib ʼal .
xo j petik xol qa kʼam aʼ.
sib ʼalaj jeʼ lik ri u waʼ l rii cha j.
kʼax wi j rumal in pa cha lik.
are taq xu kʼul maj waʼ xu l riu chomanik xub ʼij : are u tz waa qʼab ʼ ki nwali j ik, are chaʼ cha nim kino pan pa tijob ʼal , maj chik in kʼul maj.
o j aj xo jolob ʼ pa a was qʼij.
x in sachche leuw okikle tzi j.
e ju laj uj ria kʼ.
xu taj ampa ʼ kojʼek.
qil ik.
ri tijo xel man are ta nim chu wach ri raj tij. riu tz tijo xel qa s je riʼ kʼo lik jas ri raj tij.
in xatin chʼayo.
no ʼ jim chak w umal.
chʼ urrijo chʼ.
in kinb ʼij naka tsach taj.
uj may ab ʼ.
ria b ʼaj ya tzalik.
taj in kep ixb ʼax ria kʼalab ʼ.
cho mriaq.
x in warik.
e lemen kono jel ria kʼalab ʼ.
taj in kqʼanarik ri we re ʼaj.
le u kemikle pa su tz ( cha we ).
xu y u p ub ʼau wach raʼ chi, kachaʼ, .
ri satanas kok pa rijudas ri kb ʼixis ka riʼ otech rech , ri are ʼ jun chki xo ʼ l rie kab ʼ laj uj.
chu churipar.
ki nqu muj ri nu jo chʼ.
chech punción lumbar am aqʼel ra jawa xik chech ri lik le u kʼ e xb ʼem wile nab ʼe ru kʼ le ukab ʼ u kʼutu nem ley ab ʼilal.
qʼalaj chinak awa j taj kab ʼi j.
kʼo qʼol chirij risiʼ.
jawi xo jʼe wi chu lo qʼik ?
kʼo u lo chʼ ri talin.
qʼan ri j ria tiʼt nu ke j.
la x tz alij lai wir?
xe si kʼi xik, kʼate kʼu riʼ xe ya jik, xu qujeʼ xe taq b ʼi cheu si kʼikle mes.
lak ix warik?
are kʼule pa lom ax xub ʼij che :- mam katb ʼi son taj , kin si kʼij ni kʼaj wa chiʼ l ke rapa p ik.
aʼ re e tijo xel ab ʼ .
ri alajalisi ʼ l xub ʼij x qachappa u tz al ri tyox.
x sachon chke jachin xe atinik.
jas xu ray ij le a nan xu tijo?
x in ko sik.
ra x rono jel ri qʼayes rumal le jab ʼ .
kin ya waʼ we chʼi chʼ pi nem nau tz .
no ʼ jim u pa chʼu xik le nu wiʼ.
na j kʼo wilew o ʼ ch chu wach le tijob ʼal .
ri ok ib ʼal kʼo chiu wach ri saqja.
xe nu taq chʼi j ke killea kʼalab ʼ.
kʼo jun qʼoxo we m chiwe.
tza ri choʼ m.
we choj b ʼe pale nima qʼij , ke qil le ajxojo lob ʼ.
xo jʼe kxe ʼ qilala rqas ok.
ri ate ʼ k xu taʼ chech ri nanto ʼ n :- nan jas cheʼ chiman kaj ta laqa kʼati saj ri jo ʼ q.
ri pa l sib ʼalaj xu ʼ y.
kinkoj ri jo kb ʼal ulew.
in kinb ʼij naka tsach taj
at raj kun le nu nan.
ku qamuj uj oron ria j tzi j.
lu ʼ tz ʼalam ub ʼiʼ ria chike l pa nim cheʼ.
je ʼ lik u tiʼ jol al ri saq ko ʼ r.
kʼo jun xa ʼ r pa ja.
x in loq ʼ jun kʼak ʼ patan.
kʼax u kemikle pa saw umal.
aninaq u kemikle pa sa w umal
ri chʼaʼ n sachinaq pataq ab ʼix .
rax taq leko tz ʼiʼ j.
meso m kanoq riu pam ja.
man are tar ala xko sik.
ri komon xech pu p rech u qʼab ʼ tinamit xo ʼ l ab ʼaj rech qʼumar ka j.
la u tz ak ik kʼu sub ʼ taj in kuʼano?
kate la!
na xu tij taj.
xa rumal ke taʼm kono jel ri winaq kki qumujlej aʼ.
i wir xu j tz alij lapa kʼay b ʼal .
qe taʼm che riqawak uj u toʼo.
ria j tij, kya jon chike chria kʼalab ʼ.
jas ub ʼanom le nu chʼu ti tat?
chwe ʼ q kinb ʼe pa nim tinamit.
u tz we ki we taʼma j jas kub ʼij ri chol b ʼal qʼij.
taj in kat ji lo w cheu qʼoxom jo lom aj.
x in tik qʼax chi u wach ri ja.
kʼax le kib ʼe le winaq.
loq ʼ kat kuntaj che ley ab ʼil ( covid - 19).
ri nu x ib ʼal kelpa qaj b ʼal qʼij.
x ri l ria x wan chix waʼ ri ala.
le alix kuna tajik.
we tak a pele jab ʼ kamik.
x in we taʼma j china x atpetaj.
ri p waq rech we qʼataj riʼ ke sax chech ri toj b ʼal kʼay i nem.
k tij ri u waʼ lik rumal ri ki nima qʼij.
xu chap u kuna xik.
chatan loq ali.
x in xu liʼ qajoq.
je ʼ lik k tijo wri taq ikox.
kʼate kʼu ri le tatxo ʼ r xub ʼij , man ka waj taj , man kawaj taj.
kʼo jun tz ʼiʼ pa b ʼe .
ka mul x in pe cheatzu ku xik.
man taj in tak in chak unik.
kincha kunik rech kat waʼik.
jas ru kʼ xa wil wi chixki qupij wilet iʼ j.
jas ub ʼixik … ?
ko qʼ ria kʼal.
ka wajnak at ʼe taj.
xat qʼaj ik.
we m nach alo qʼax iy al , na kimb ʼe ta aw u kʼ.
xo panle w u jaw u kʼ rumal we chin.
are kʼut pale juy ub ʼ k kʼiy jo ron, chilaʼ xe ki kʼama wiri jaʼ ri winaq.
ko qʼ ria kʼal.
we kʼo ara jil cha kʼam aloq.
are sib ʼalaj ka qleapo ʼ t chu wach le nu po ʼ t.
x in kʼas taj pa kab ʼ laj uj kaj b ʼal .
kaqoy ʼe jnakixpe taj.
koka xim ri chij xa jel aʼ man ka nima j tab ʼik .
ri kokno jim xb ʼe k, xu chʼi joxo pan pa u kʼisb ʼal il lea nim.
xo j kiʼkotik are taq x atulik.
ka qitz ʼ naj riu x aj ab ʼ ri akʼal.
ri jesusk waʼ kat pa ri nim rachoch ri dyos, chu xe ʼ ri jun jache rachoch ri sa lomon.
we taqanik riʼ kub ʼij chira jawa xikk yaʼu qʼij ri winaq xu qujeʼ k to ʼ aninaq il.
ria xu x are nari u kunel ri ki naqʼ.
are taq waʼ ri u qʼi jol we taqanik.
kʼo juntab ʼal pa u wiʼ ri x kanul ub ʼiʼ laj uj no ʼ j.
y u ʼ l ub ʼanom riu kolob ʼ rike j.
xa nim aj ri akʼal chiu wach ri u chu ch.
k kunan ria chi.
kin waʼ ik rech nak in yo waj taj.
aj xik chʼi chʼ ri lu ʼ s.
kwa j che ixki xb ʼanow ik.
a ʼ re xe to ʼ walaq.
xo jʼe kxe ʼ qilala rqas ok.
x in loq ʼ jun chʼi chʼ, qaj inaq u wach.
ku tʼi sripanta lon.
e jani pale awal kʼwale kʼo lik ?
u tzu kemikle pa s cha we.
rimax are aj qʼani yaʼ.
mata b ʼachi riq kʼax pale b ʼe.
taj in ka nima j, ri meʼs.
ix i xe ʼ la qʼomab ʼ !
x sachan chwe.
e kʼo kʼi cheʼ, chiu wach ri j uy ub ʼ .
are waʼ ri nim alaj p ix ab ʼe are waʼ ri nab ʼe .
x re taʼma j chi ru kʼ pa kʼkutij wi
jasu tz ak ikle sub ʼ xu ʼano?
aj xo ʼ yri wi kan.
we tane aʼ re xe tijow le rik il, are le komon xe tijow ik.
sib ʼalaj aninaq ka chʼaw le are ʼ chinu wach in.
u tz we kin chak u j.
me ʼ s laʼ.
kʼo kanwa rech kaqa tijo.
x in si kʼij la.
ri akʼalxsach kano qjel aʼ pa taqʼaj.
xe si kʼij la.
jawi xkib ʼij wi chike ʼe wi?
rumal che, man ix ta riʼ ri ki x chʼa wik, are ri ru x lab ʼa xel ri i tat riʼ rik chʼa w nai w u kʼ ri ix.
kʼak ʼ ri wachoch.
sib ʼalaj u tz kin willea tz ʼ yaq rech na huala.
saq por kkay ri kipo ʼ trinan.
x sa chon ri nu chak chwe.
wa ʼim xu chapo.
ri qʼaqʼ taj in kaj u lu wik.
na jil u pam ri si wan.
e kʼo riqa chalal pa chiu wiʼ la.
jas xa taq chiʼ j le akʼal chu tijik?
no ʼ jim u kemikle pa saw umal.
kʼo jun ku kub ʼiʼ tintin, waʼ le laj ku kmam ka je qitaj , ka pa qika xu lik pa u wiʼ u qʼab ʼ taq cheʼ, sib ʼalaj sa kʼaj , ke ʼuto lee nim aʼ q, chʼu tin, ra chiʼ l, aj si pa nel sib ʼalaj u tz ra nim aʼ.
ri u p ix ab ʼ le qʼatb ʼal tzi j ki yaʼub ʼixik .
na x sachonta chke xe atinik.
xe qille chiko p pu wileja.
x lo ʼ taj ria kʼal.
qono jel kuj waʼ pa u wiʼ ri mex a.
xsi ki r le waqan.
la xat waʼ kʼut ?
nim ub ʼaqʼ ri tu lul.
kin xik ʼi kʼik x in qʼaxik.
la katb ʼe pale tinamit ?
ri pa l sib ʼalaj saqʼor.
kqʼo xow nuj alom.
x in naʼo chik at petik.
x loq ʼ ulewi we chix.
x in chakun ru kʼ ri num am.
na x qab ʼan taj.
kkʼo jiʼ b ʼaʼ ri u si panik ria jaw xel jesusk ri s to ru kʼ ria w u x lab ʼal !
kin chʼaw ru kʼ le nu na n pale chʼa we b ʼal .
sib ʼalaj qʼe quʼ m rumal rimay ul.
areleba xu lik.
xe kos le ixo qib ʼ pale b ʼe.
kʼax ri lik le akʼal chawe.
x in qʼiʼo x inatin paj oron.
sib ʼalaj nim le tinamit.
kʼax u kemikle pa saw umal.
x in sachik.
taj in kel u kikʼel pa raqan ri tz ʼiʼ.
x in we taʼma j ri lik wib ʼ
ri qʼu qʼ are jun jeʼ l chikop.
kʼo pa ja tijob ʼal ri wik aqʼ.
ri sachib ʼal mak raj wa xik chiqa xo ʼ l.
je ʼ, kimb ʼe k.
jel ale ʼ ri nu p wiʼ.
xub ʼij che :- jas xab ʼan otintin ?
kab ʼan jun to qʼob ʼ kyak ri n uj al.
kat ʼe kxi n ta.
jas leu kʼe xb ʼem ri b ʼ le jun ru kʼ le jun chik ?
aj chi u wiʼ mi qʼin jaʼ ri lu ʼ.
ri tijo nel naj kpe wi.
te ʼ kix chob ʼ ub ʼiʼ ri nu tat.
ri j aʼ kami qʼik chiu wach ri qʼaqʼ.
ri t ʼu ʼ y kpa qʼowik.
kinmeson na.
naq aj at kʼo wi chi wech.
x in b ʼiso nik taqna xat pet taj.
we x kam ri winaq , ri p waq rech toj b ʼal ma kaj kyaʼ chike ch ri rala xik.
ri nunan xb ʼe pa kʼay b ʼal .
xo ju kʼamu loq rech koj ri lo
x kʼoto chin chiki wach chik in waʼ aw u kʼ.
na xki kamsaj taj xki kʼam b ʼi choja.
kʼak ʼ ri ikʼ kamik.
xim b ʼe ru kʼ le aj ku ni wir.
ri lik.
letz ʼiʼ xeko sik.
x in kiko taw umal.
ri i mul xu maj ria nim , xu yakanlek ok.
kʼo oj cheriak ʼal.
xu j b ʼe pa jun kʼula nem.
u tz wek war alaq.
ka qilo chinakoj u kʼam taj.
x re taʼma j chi ru kʼpa kʼkutij wi.
sib ʼalaj x in kʼa ʼ narik.
x in ko chij ri nu wa.
man katko win taj kat chak u nik , we man kʼo taria jil ab ʼal .
we w onon xub ʼij chike :-k ixinto.
ria la nim kri l wi riumam.
x kaʼ y chirij , x kaʼ y chu wach , ma kʼo tachi jun ksi lob ʼik, xo qʼik xu xe ʼ j ri b ʼ x chʼo pinik x tz alij loq xu riq tachik riub ʼe .
kʼo pu scheri wa.
p inem nakab ʼe le wa tz, kimb ʼe wi in pa kaʼ y ib ʼal .
ri nanto ʼ n nim winaq chik, saq u wiʼ, rono jel aqʼab ʼu tz ku naʼo kat ʼu y iʼ pa u tem, kum iqʼi saj ri b ʼ chori qʼij , kʼo jun u wiʼ u mam ub ʼiʼ ate ʼ k.
man e kʼi tajriqu laʼ.
qʼalaj chinak awa j taj kab ʼij
x pa qab ʼi sax raj il rono jel ri kem.
kʼo pa ri jul ri ku matz.
rono jel qʼij kin chʼaj le nuw are.
saq chik an lei chaj rech katzako.
chu xel e qa chomal kaqatij wi jun qame qʼin.
cha wilaʼ.
e kʼo job ʼum iʼ al, ri nu tat.
jas ru kʼxaw il wi
je ʼ jas ri winaq rech ri u wach ulew, xo qujeʼ ke pe na riʼ rie ʼ are ʼ chee rech ri u wach ulew ; je ʼ jas ri winaq rech ri kaj , xo qujeʼ ke pe na riʼ rie ʼ are ʼ e rech ri kaj.
x in tijo.
k tz ʼuju wri rachoch ri po ʼ x.
xu qʼiʼo are leu kʼul el x yaʼow uwa.
ria wel x re taʼma j chi ra jawa xik man ku xe j tarib ʼ cheri tu kur.
ju kʼul aj winaq xe ʼa nim aj b ʼ ik.
je ʼ, x in tzali j ik.
xo j petik xol qa kʼam aʼ.
maj jachin x ʼek.
in aj tij; attijo xel.
saq u wiʼri ta taʼ.
wech ri kem.
le ro ʼ ch le ate ʼ k kʼo chwach leu kʼay len unan.
kb ʼe pa ri si riʼ a e pa ri si lis iʼ a, jawi je ʼ kuya wiri ki chu qʼab ʼ ri komon tyox.
p ix ab ʼ : man u tz taj kʼax kuj chʼa w chiki j ni kʼaj qa chil.
x kuna taj le ali( kumal ri ixo qib ʼ ).
ri xib ʼib ʼal chi kʼo wi pataq riqa kʼa slemal rono jel qʼij.
na kuj warta war al.
on chek kʼo jiʼ ri u tz il chi xo ʼ l, are ch junam riqa kojonik, junam ri i we chix ru kʼ ri we chin.
pa ox qʼij ri sa ʼ n kb ʼena ru kʼ ria j kun.
ka winaq w uqub ʼ.
jaska waj kin tijo?
we tax atb ʼe w u kʼ pale tinamit, xa lo qʼtal aʼ le u jastaq le akʼa jol.
keb ʼe pa waʼim.
x in loq ʼ kʼiwa.
pa jun nim kʼa cheʼ laj , kʼo jun kʼ waʼ sib ʼalaj saq lo loj , nim u wach.
kwaj katij jub ʼaʼ wa.
rono jel winaqk ri l nari u ko lo nem ridyos ».
x kʼoto chin chiki wach chik in waʼ aw u kʼ
kwa jnak at ʼe taj.
la xa loq ʼ jun alej ?
e kʼo ri elo qʼomanel.
ri u kab ʼ ub ʼiʼ ri num am are ya y.
kinjo pi j ri ij aʼ rech triko.
x naʼ taj chke xe atinik.
xa te ʼ qilaʼ.
kaki tij alan xa x ri winaq.
. . . kinb ʼij chi are waʼ sinx iʼ an.
na x in nab ʼe j ta chu ta sik qa kʼo lib ʼal .
rumal rech chewe ri in , kin chʼa w ru kʼ ridyos pa chʼab ʼal , k chʼa w na kʼu riʼ ri w ux lab ʼal ru kʼ ri dyos, kʼate kʼut man kʼota u patan riʼ ch rech ri nu chomab ʼal .
xe petik xkilo.
xu taweka tʼek.
u tzu kemikle pa s cha we.
ri nu wakax xu tij jun qʼo qʼ rumal riʼ x kamik.
rumal ri kʼix , man ke waʼ taj ri winaq.
xe ʼu lik.
qʼeq ri j ri am aʼ chi j.
x raj ka ʼeleu nan.
junam ki junab ʼ.
na qʼalaj taj we kaʼ ek.
ri wix nam chʼaj chʼo j ri rachoch.
war al man kʼo taj aj awal.
nai wir tax ri lle kʼamol b ʼe.
x in pe loq te kʼu riʼ x in tzu kuj rono jel ri nura jil.
ria j tiko nel kutik ri tzi j.
kʼo e ki kʼa jol le achi jab ʼ.
kutij qʼayes ri ix pa ʼ ch.
pa ri waʼ b ʼal e kʼo ka winaq achi j ab ʼ.
sip oj inaq ri nu pam.
ka yaʼtaj ik ru kʼu tiʼo nem jun riu ri qom le yab ʼilam olot setsé xu qujeʼ are ka yaʼtaj pataq ri j uy ub ʼ.
jachin ria chi?
ri num am x kamik are taq kʼo jum u chʼ laj uj u junab ʼ .
kinko winik kin kʼam b ʼilep waq.
kin wi lo chiu tz ria jiʼ.
x in qʼil ria po ʼ x che man kachak un taj.
k waʼ chiu wach le taqʼaj ri am aʼ akʼ.
ri i mul xe po qʼik pa jun ikʼ.
x kʼis kanoq riqa chak.
are ria li xo j ilo wka noq.
sib ʼalaj chʼu ʼ j ria max.
kʼo nu wach iʼ.
in chaj inel kech le akʼalab ʼ.
xe kosle tz ʼiʼ.
kinb ʼena ku kʼ ri mol aj.
rono jel aqʼab ʼ kin y i tz ʼ ri wakax.
kara p inik xu tzu kuj chi junaw aj.
le u kemikle pa sa ninaq (aw umal ).
maj u ra jil le qʼab ʼ arel.
kʼax riʼ ri ka chʼa wik.
xo ju taq chiʼ j le achi chu lo qʼi kicha j.
sib ʼalaj kʼax ri x kʼul ma xik.
xki lo chinak in kʼoxo maj taj.
x naʼ taj chke chixe atinik.
x kʼoto chin chiki wach chi xo jal w o ʼ qa ku kʼ.
jun qʼu ʼ qraj il ri kax laʼ n wa.
x in wi lo chixe ʼelik.
e kʼo ixo qib ʼ pale kʼay b ʼal .
man kʼo taj u kʼi sik rimay ab ʼaj lab ʼal il.
risink kʼiy pataq ʼaj.
ri chʼima man k kʼi y taj pa taqʼaj.
ra jawa xikk j ik ik ri waq än.
kawaj kinʼek.
e kʼo oxib ʼak ʼ.
xub ʼij chwe jawiat kʼo wi.
chwe ʼ q kuj b ʼe ʼ pam u quj.
pa saq kʼaj aʼ kb ʼan wiriuq.
xoj ki si kʼij.
x in wil wib ʼ.
chaqʼ chik ri wa.
kimb ʼena kapalew o ʼ ch.
kawaj kinʼek.
ri chʼu ʼ ktij ru kʼ le j.
pa riki qʼij kaminaq ib ʼ kb ʼan qʼo ri kʼyaʼ rech aj : nab ʼe ri nan ku tzu kuj kan ria j, ku jachʼo ʼ xu quje ku kʼe to.
jas kaj b ʼal cha nim ?
u tzu chomanik ri ali.
pa riqʼi jox laj uj tijax kin kʼis keb ʼ junab ʼ kincha kunwa ral.
sib ʼalaj ko , ri kʼak ʼ chʼat.
jas karaj kub ʼij … ?
ri chʼi chʼ kas ilab ʼik.
pa ojer qʼal pulxaq xu wiri nim winaq ke kʼamow b ʼe .
le u kuna xik le ukab ʼ u kʼutu nik are ru kʼ eflo rnitinao nutu nib ʼaxik le ni furtimo x chiʼ le flor nitina chech t.b. g.
are ria chix in chʼa yowik.
junach i ub ʼik u ʼ xu si pa j keb ʼ kʼaʼ m ulew rech kab ʼan ri tijob ʼal , kamik, kʼo chi kaj tij rech ri komon xe chpup.
xu mal tyoxij cheriaj tij rono jel le xu kʼut chi u wach.
pa rib ʼe xki raq jun alaj i mul saq ri j , xki kʼam b ʼik .
x ri lle b ʼale ala.
jas kub ʼij chwe ?
le u ku natajem are ru kʼu tzu ku xik le u chiko p il pa jun u solik u xe ʼ le kikʼon le jaʼ rech jun no do.
u tz we nu tz ʼiʼ.
je ʼ, taj in ka chaponik.
ki nu lo qʼoj le nu tat.
ka waj kimb ʼe pa tinamit.
are laʼ kin chak u j.
ri nim aʼ q taq winaq kʼo ke taʼma b ʼal .
we tax atb ʼe w u kʼ pale tinamit, xa lo qʼ ta waʼ we jas taq.
riki kʼa slemal. wa ixim ulew xa jun chima are ta tinimit rima
ri u kʼyab ʼal najupam.
x at qaj chiu pam ri il.
no jim kat waʼik.
we kʼo junk tu qaʼ rik, ¿ la man xo qujeʼ taj kin tu qaʼ r ri in ?
ojoj w okolja.
a was kb ʼan kʼax che jun nim winaq.
x in chʼa wa pan ru kʼ le wa nab ʼ.
kʼax riu pam ri j u ʼ l.
taj in ke waʼ rii mul.
la kaj la kuj tzali j la aninaq ?
rumal rech cherima kaj man kʼo tauko winempi wiʼ ri ix : ri ix man ix kʼota chi chu xe ʼ ri p ixab ʼ, x ane ix kʼo chu xe ʼ ri si panik.
nim raqan le cheʼ.
x in chapo.
are le tu ʼ r le loq ʼomanel.
xa s kat kʼo jiʼ chiu pam ri chʼi chʼ.
sib ʼalaj nim raqan ri kʼamal b ʼe.
le tz ʼib ʼab ʼal we chin.
inxin to ʼ wla.
x aj e kʼu riʼ ri ix kamik riʼ man ix kax lan winaq tachik; ri ix, ix rech ri ki tinimit rie tyox laj taq winaq , ix rech ri rachoch ridyos.
x in tiko x laj kʼal i cha j.
kaqa riq qib ʼ chwe ʼ q.
sib ʼalaj u tz cheri wiʼ aj ri tuney.
we najup ulik ta xe qaj ik...
x in to ʼ taj cheri nu chak.
kʼo jun chiko p ub ʼiʼ p um.
poqon riik.
xoj b ʼ inik.
xu chʼek rono jel le re tamanik x pa qiʼ k kʼax k wʼinik xub ʼanaj kun.
kel ub ʼik pa ri j u de ʼa ek tz alij chiub ʼij u mul pa rigal ile ʼa.
x ina xib ʼij pa b ʼe .
je ʼ l kʼo lem chi awachoch.
rono jel ri yaʼtal il pa we qʼataj , tz ʼaqat ki wach , man k tzaq tak a noq xu qujeʼ man ktas taj.
xu kunaj le yawab ʼ le aj qʼij.
chi tatab ʼe j jas le kimb ʼi j.
ch ʼanal ria chi.
pa b ʼ oko ʼ kacha kun wiri tax.
uj kʼo pa u wuq qʼij.
kiʼ ri ukab ʼ ria qaj.
kʼo rachalal pa tz ʼo loj che ʼ ri pe ʼ l.
xki lo chik in kʼoxom aj.
ri u ki sa kʼu tz kyaʼik chiu xe ʼ ri tiko ʼ n.
are taq chiʼ ka qʼan pu wiʼ ri j u kub ʼ, ria chi chex kʼo jiʼ ri itzel u x lab ʼal ru kʼ , ku tach rech ri are ʼ, are chk kʼo jiʼ ru kʼ ri are ʼ.
na kab ʼantaj taw umal.
x naʼ taj chke xe atinik.
x in pa j ri nu triko.
xe ʼ ok ri po kʼpa riumex ari po ʼ x.
kaj u lu w ria qʼaʼ l chiu xe ʼ ri tʼ u ʼ y.
awech leja.
x uj b ʼepa tzu rik.
nab ʼexato panik.
ri u kab ʼ ub ʼiʼ ri num am are ya y.
u waj x aq u kakʼal taqanik (28).
mata kʼo jun ka kanaj ka noq, qono jel koj b ʼe k.
e nima ʼ qleal to mab ʼ.
nim u wach ri po ʼ t.
kojonik pa ri u tzi j wa ixim ulew.
jas xu kʼamb ʼile tz ʼiʼ xaw ilo ?
x in petik, tat.
rib ʼe laj u wach.
chi tatab ʼe j jas ri kimb ʼi j.
je ʼ l ku naʼ ri ab ʼix chiu pam ri quq ulew.
kinb ʼiso ju wach le wal.
xu t ʼu y ub ʼaʼ .
nim ria we qele ʼ n xa riqo.
xi ne ʼ waʼoq.
chiʼke warw ilea kʼalab ʼ.
ri num iʼ al xu taq loq jun taqo ʼ m w uj chiwe.
qʼe ʼ lik, ri chaj pa rib ʼ e.
la u tz awach? -u tz mal tyox , e kʼu ri at ? – u tz mal tyox.
x in kos rumal nu chak.
kb ʼe ku kʼ rie ʼ are ʼ e k tz alij pa rinas are te ke ʼu nima j.
ri joj xu kʼam b ʼik ria kʼ.
kʼo chi wach iʼ l cha nim.
kub ʼij chech naʼ l kab ʼan cheria tz ʼib ʼ .
e . . . in ka waj ka tz joj b ʼila chwe.
mata x in yajleal i.
jachin ru kʼ katb ʼe wi?
kʼo sib ʼalaj e taʼma b ʼal pa rimay ab ʼ no ʼ jib ʼal .
e man xo ri jup uq ke j.
kas u mum ri ka qiqʼ.
e kʼo kaj ib ʼa kʼalab ʼ pale b ʼe.
je ʼ jas riu tatk kaʼ y ik.
xa qat molonel tzi j tal.
le nu tat ka loq ʼon chwe.
x aqtane kimb ʼe iw u kʼ.
x re taʼma ju chʼaj ik.
rumal laʼ x koj “ x al qʼat ” che ub ʼiʼ ri komon.
are leu kemik pa s x re taʼma j.
ri wa tiʼt kub ʼan nari u patan.
kʼak ʼ lepo ʼ t.
re taʼm u wach jachin x loq ʼow ri pa s.
ken chʼab ʼe jlea kʼalab ʼ.
yaʼtal chaqe qono jel riu j winaq u tz ka qil qib ʼ.
x kotiʼ pa qʼay esxo qʼik.
ka winaq b ʼe le jeb ʼ qʼataj.
e kʼo kaj ib ʼ ral rii mul, jun saq, jun qʼan , jun qʼeq, jun qʼe qoj , sib ʼalaj ke tz ʼanik , ke chʼo p inik ri alaj taq i mul.
k cholol ria chach al.
ketek ik ri ikʼ.
xe petik rech ke waʼiw u kʼ.
tza tz ri u qʼanil ria kʼ.
xo j tz alij ik x ix e ʼ qa qʼat uj ku kʼ lei tatinan.
ri yo ʼ x taqa kʼalab ʼ ke ki kʼux ria tz ʼ yaq.
we achi we xu si pa j jun po ʼ t chwe x kamik.
kko win ri kun anel che kuna nik.
x j iqʼ pa ri polow.
xa rumal sib ʼalaj ra jawa xik le lo qʼalaj jaʼ , le winaq xkib ʼij : chewe ikʼ riʼ qono jel kuj b ʼe cheu tik ik taq cheʼ.
riuna ne rie rachalal ke pe u loq ru kʼ ri are ʼ, kʼate kʼu riʼ, man ke ko win taj ke qib ʼu koq ru kʼ , rumal rech chee kʼo sib ʼalaj winaq.
rumal rech , che man kʼota jun kko win cheu koj ik junti kib ʼal il chik chu wach ri kojom chik che are ri jesusk risto.
te kʼu riʼ xu tz ʼib ʼaj ri b ʼ pa ri nim alaj tijob ʼal rech aj ku ʼ n.
kaj u lu wri chʼu mil cha qʼab ʼ .
kʼis b ʼal ka noq, xo qujeʼ k kam ri ix oq.
leala xok ik.
kʼop waq pa u wiʼrime xa.
are kawajnak inʼe taj.
ri ya wal ku koj ria li chiu xe ʼ ri chak ach are u su ʼ t.
na kaqa kʼam tu ʼ b ʼi kamik.
ria j tij kub ʼij chike : ra jawa xikke qa cha ji j ria waj , are u tiko ʼ n ria jaw.
x in tij mu kuni wir.
kʼax le u wiʼ taqle nu qʼab ʼ .
x in loq ʼ jun il b ʼal wib ʼ .
waʼ we qʼij , nim ub ʼantaj ik.
ri u xe ʼal riqa tinamit man kasach taj.
xoj b ʼ inik.
ria chalal junam ki wach.
x in we taʼma j ri lik wib ʼ.
nim ri u naʼo j wa j tij.
miq ʼin ri kʼul.
aj qʼojom ria te ʼ k.
chele sa nik cheʼ kb ʼan wiri qʼojom.
ka pelea wel pa na waljaʼ.
ri meso nel taj ink chak unik.
u tz chaqe kaqato ʼ qib ʼ, taq kʼo kʼax kʼo lil, kate we chiʼ n ria jaw pa qa wiʼ.
xa wi lo , x qʼatan leib ʼo y.
x at ko winik x ab ʼano.
ki ʼ ri kʼa we x.
ka jil il ri b ʼe.
le ali xel b ʼ ik.
are ʼ x raj x inb ʼano .
nim we ab ʼ aj.
je ʼ lik u tiʼ jol al ri saq ko ʼ r.
no j inaq ri ke j.
we katijan xu x man kat uto ʼ ta chiu qʼati xik le kʼa kʼyab ʼil corona virus ( 2019 -n co v).
na nim ta raqan waʼ we cheʼ.
u tz alaj aj chak, ri wel.
¿ jampa ʼ kuj b ʼe pa nima qʼij ?
ra jawa xik tane laʼ kat cha kunw u kʼ.
xu taq chiʼ j pa waram pulew.
man are taria x wan xe lik.
ria wix xu loq ʼ rachoch re nimal.
are ri ixoq x in sik ʼin u loq.
ri chʼima kʼat ʼon na.
laxib ʼan lei chak ?
kʼi tinamit e kʼo pa chʼo ʼ j.
kʼo jup uq chi j chi u xe ʼ ri cheʼ.
ri u x aq ria b ʼix are uwarike j.
ka winaq qʼataj.
la ki x pe pa tijob ʼal ?
we kech aj ix taq le kʼwa jacha kinb ʼij ; junal ik kʼo jaʼ xu qujeʼ sib ʼalaj saq lo loj.
x re taʼma j.
ri alab ʼom ria li tomab ʼ taj in ki ki tijoj kib ʼ rech su taq , are kakaj kikib ʼan nim aqachi jab ʼ chu pam ri ki kʼa slemal, xu quje kʼo chik jup uq b ʼixo nel chu pam ri komon.
la tz ʼu wach ri b ʼe .
kʼak ʼ ria chʼi chʼ.
qono jel uj , u jmay ab ʼ taq winaq.
no jel qʼij ri at iʼ x ku y u qʼuj le taqaw aj jel aʼ pa ni kʼaj jaʼ , chirij ri j uy ub ʼ ub ʼiʼ te naʼ.
pa qʼom chik risiʼ.
ki n tzu kun chela.
kaki tij le kinaqʼ, lei chaj , le u waʼ lik ru kʼ le j.
xe kanaj kan le aj chak ib ʼ.
keti kon ria chi j ab ʼ.
sib ʼalaj itzel ub ʼantaj ik ri chʼ ilak an.
ria te ʼ k xumal tyoxij cheri ra tiʼt , rumal ri u tz alaj no ʼ jib ʼal xu kʼut chech.
k kamuli xu chak ri ab ʼix.
la x in u tzu kujle tijo xel ?
are ʼ kacha kun rono jel qʼij.
lee kʼa ʼ na taq tz ʼiʼ.
saq ri j ri p lam ux.
jas xa qʼi ʼo xa tijo.
jas ru kʼ x kichap wi u tijik le rik il ?
we ka tatin ru kʼ kʼatan jaʼ man ku qʼate j tale kʼa kʼyab ʼil corona virus.
la katb ʼin pale u x lanb ʼal ?
la waral kʼux ix waʼ wi?
are len u tatk in loq ʼonik.
taj ink chak u n ri ala.
kʼo ri kiʼkotem alaw u kʼ.
xu ta jachin kaʼ ek.
xa twaʼik x in wi lo.
x tzaq ri rachoch rumal ri j ab ʼ.
pale jun ikʼ chik are nima qʼij.
e keb ʼäm keb ʼin pa u wiʼ ri tem.
memria chi.
ri wi kancha li ʼ ykel pa j uy ub ʼ chwi tzi ri b ʼal .
le raj il, la pa ja xel aqʼaxw u ʼ b ʼik ?
pa ri su ʼ t p isom wirilej.
koj petikkol qa kʼam aʼ.
taj in kat chʼo p in chiu wach ri taqʼaj.
le qʼorx chʼu qik.
kʼax waʼ i maw umal.
kinb ʼi son che lewal.
sib ʼalaj kʼo kʼ ria wa tz ʼ yaq.
kamik xu j b ʼe cheu tik ik taq cheʼ pa ri j uy ub ʼ .
ki nu lo qʼoj le nu tat.
cha qiʼ j chik ri cha j.
x y il ixhaway i .
na x naʼ taj tach ke chixe atinik.
ru kʼ kʼu waʼ we riʼ, ri ixk kʼo jiʼ jun u tz alaj i kʼa slemal riʼ chki wach ri winaq che man e kʼota i w u kʼ, kʼate kʼu riʼ man kʼo ta jun winaq riʼ ra jawa xik chiwe ch.
e petinaq pa b ʼe le rachala xik.
ka kaj le akʼalab ʼ ke waʼik.
xu j chʼa yb ʼik .
ri nu chak are qʼaxel tzi j.
kʼo na ru x lab ʼ ria waj.
taj in kel loq, ri qʼij.
xu qʼiʼo x kamsa x ri rachalal choch.
ri num am are kʼo u qʼi nomal.
x kʼul mataj ju mul, xub ʼanjun nim alaj jab ʼ, man xb ʼeye taj tana xu kʼi sle uy u qʼ chike.
am aʼ ri nu tz ʼiʼ.
je waʼ kat petik.
x in kosik rumal x in cha kunik
i we ch chi j ujunal, ri wa.
xu qʼiʼona xa tatintaj.
in riq taj inaq pa ri kʼay ib ʼal .
na we taʼm taj.
kʼax len u qʼab ʼ.
u tz le xub ʼij le a chi.
kematz ʼib ʼ.
kʼo rachalal pa tz ʼo loj che ʼ ri pe ʼ l.
rono jel waʼ we jastaq riʼ, xa s ksa chwi u wach waʼ; ru kʼ we riʼ, ri ix, ra jawa xik che kʼo jun tyox la ji kʼa slemal ek kʼo jiʼ rii chʼa we m ru kʼ ridyos,
x muq taj ri pa tz ʼan.
ri chʼi chʼ tzi jom kanoq pa ri u kʼol b ʼal .
man kʼo tau cholaj pataq ria w uj.
ja chike ikʼ leu nima qʼij le tinamit na wal jaʼ ?
xe petik xol ki kʼam aʼ.
kachu qʼ chu t ri j aʼ chi apam.
x in b ʼij i wir chi xeb ʼepa armita.
are ʼu xe ʼo jer tzi j war al kʼi cheʼ ub ʼiʼ .
x kʼis ri nu siʼ.
jawi xkib ʼij wi chike ʼe wi?
¡ xa je kʼu riʼ, jachin taq rie kʼo pa ri j u de ʼ a, chicha nim che ʼa nim aj ub ʼi pataq ri juy ub ʼ,
kʼak ʼ ria b ʼ.
la kʼo jun naka kʼoxo maj taj ?
na u tz tale u tʼi som le alma riy.
man yaʼtal taj chia we katok pa ja.
je ʼ, xa tu tzu ku j.
are kel wa j xa qib ʼ u qʼij rix kʼoj ik.
ri xu n kurk kʼo jiʼ pataq ri triko.
x in sachik.
xu tʼ uy ub ʼaʼ
na nu tom tale tzi j …
wa chʼom ri ki warino ʼ s.
e kʼo job ʼ chʼi lwa kʼ.
ra jawi xik chi pataq ri tijob ʼal , pa ni kʼaj ub ʼixik chik
ri ra jawr ulew are ʼ tatkel.
we kʼu xok ik , we kʼna xok ta
we achi xu si pa j jun p ʼot chwe.
atat u taqo ʼ n le qʼatal tzi j.
na qʼanta u wach le qa prut.
ri x aʼ r kʼopa u wiʼ ri qʼaqʼ kpo qʼowik.
ri ro qʼej ria li jachak pe junak ʼal.
kʼo jun alapa tijob ʼal .
säq u wiʼ ri ta taʼ.
ri wi tzi kʼ taj inkpeloq.
jawixsa chon wi kan u yaʼiklep waq che.
u tz we achi we x in kuna nik.
qono jel kuj waʼ pa u wiʼ ri mex a.
ri kax laʼ nik man po qon taj.
in x in b ʼe ru kʼ ri wachiʼ l.
sib ʼalaj je ʼ l xki lo xe ki tzoqop ij ri ki chij chilaʼ.
kinb ʼinik x inʼek.
kʼax kʼo lik, kachaʼ.
kutij ixim ri akʼ.
ria l ix chel, xu qʼiʼo xa jun akʼ xsi pa x che.
x qa si kʼij le ixoq chu tz ak ik sub ʼ.
mata xab ʼin saj le chʼi chʼ.
ri p ix tz ʼar alik rumal rie qaʼ n.
¿ jampa ʼ kel chi 3%
kʼo jun nu kʼo toj chiʼaj.
taj in ke waʼ kat ri alab ʼo m.
x in loq ʼ le nu kʼa kʼapo ʼ t.
na u tz ak ik ta sub ʼ taj in kuʼano
xo ju taq chiʼ i j xo j waʼik.
i we chriab ʼix.
saq ri j ri chi j.
aj sik cheri tinamit kel wiri tat aʼ.
- ¡ ay ! xa x in tzaq u loq, kʼax we waq an.
x kʼul mataj pa jun komon chiʼ u wach jun juy ub ʼ, xu riqa jun qʼij xki riq kib ʼjuni mul ru kʼ le kok.
jas xa taq chiʼ j le akʼal chu tijik?
x in chapo su xu lo qʼo.
qʼinom ria chi.
ri kʼum k tijo w ru kʼ kab ʼ.
taj in ke jach ʼanik.
tze b ʼal u kemikle pa sa w umal.
are kayo ʼ w leu chiko p il le ub ʼantaj ik try pa no soma brucei.
we kat nima nik u tz kelik.
perono ʼ j im al petnaq loq,.
are le nu chak jun tzu qb ʼal wib ʼ.
x kunax le yawab ʼ rumal le aj qʼij.
ri u kʼu ʼ x tz ʼib ʼ pa qa tzi jel aj uj.
sib ʼalaj jeʼ lik rie qab ʼal xub ʼan ri lu ʼ s.
sib ʼalaj atkon.
e man xo ri jup uq ke j.
na x naʼ taj ta chke xe atinik.
ri kʼamal b ʼe xub ʼij chike , chi maja ria nim.
ju much ʼ ri nu junab ʼ.
qʼiptaj inaq ri raqan ri tem.
kcha kun ru kʼ ri josb ʼal cheʼ ria j anel.
xa taq chiʼ j le akʼal chu tijik ka r.
o j kʼo palero ʼ chle awel.
¿ la kat pequ kʼ chwe ʼ q?
le winaq pale chʼi chʼet ʼu y ul lo wi.
x kanaj ka noq chiu xe ʼ ri jab ʼ ri chʼaʼ n.
nim ri ja.
we tax a kunaj le atatmata x kam laʼ.
na nu kʼamom tu ʼ la riʼ.
ch qa nu kʼu ʼ riqa tzi j.
kimb ʼe pale tinamit.
x in qʼiʼona x inatin taj.
ra jawa xik ka kʼaman cha we le utijik le le j.
kʼis b ʼal taq no ʼ jib ʼal .
xi ne ʼ waʼoq.
xkib ʼan kʼax che leu wosaq rumal man u tz tachika kayik.
ri qʼu tu ʼ m man kech talea kʼalab ʼ.
are na nim talea tz ʼiʼ chu wach le nu tz ʼiʼ.
xe petik x ol kilaʼ.
¿ jaw chiʼ xa taʼ che x kam riumam ri po ʼ x ?
e keb ʼ ke kʼam b ʼik patuj.
x in loq ʼ jun japa ri w oka j ja.
ria x tu ʼ b ʼ, kʼoq u laj chech.
jaska raj kaʼan chu tza kikletiʼ i j.
xu tijle wa.
x imb ʼal retzi j.
x pa x ri b ʼo ʼ j.
we ka waj kat in toʼo x aq xu wi kab ʼij chiwe.
jas nu kʼu ku chʼo b ʼo.
jaska raj ku tijo?
xe x ru x lab ʼ ri rik il.
e ni tz ʼaʼ qle taqi mul.
we tane in x in b ʼanow ik, are le ate ʼ k xb ʼanow ik.
ki n tz alij pale nu tinamit.
ri nu chaqʼ kʼo pa uro ʼ qʼatoj tijonik pa ri tijob ʼal .
x in x iʼ j wib ʼ x in chʼa wik.
kʼo chwaro ʼ ch lep are.
chi raqan kab ʼin wiri ta taʼ.
x sachon kan u yaʼiklep waq chechoja.
x in qʼax chik ixo ʼ l ri winaq.
ketiko nik.
ri ulew man qech taj , kech ri qatiʼ tqam am.
xe pele winaq xol ki kʼam aʼ.
xu loq ʼ ri w uj rumal ria li.
che we qʼij kamik kʼo jun nu tzi jo nem chirij le nu tinamit.
kej riʼ.
x kuna nalaq chwe.
ki nu si kʼij le nu nan.
ri i mul xu chʼi j taj , x kanaj pa b ʼe , rumal ri nim al kuj aluj ri i mul, xu tz aq ria nim.
kub ʼan riu xo qʼo ʼ l ria j tz ʼaq.
ri la sib ʼalaj u tz che kunab ʼal .
kʼiki wach rie ʼ aj chak ib ʼ pa ri komon tyox , kʼate kʼut xa jun chia jaw xel;
x qa tachix atulik.
ka waj chik atʼek.
chʼu tiʼ n ke kanaj ri x aj ab ʼ chech.
kaqax iʼ j qib ʼ kaqa chapo.
e kʼo keb ʼ u kʼa jol le tat x wan.
lu ʼ sub ʼiʼ ri rech am.
aj chi u wiʼ mi qʼin jaʼ ri lu ʼ.
x in ya kan le nu chimpa kʼay b ʼal .
kʼatex ri lo, x pe ri u nan cheu tzu ku xik, x kikotik, xu sa l ab ʼi saj ri taq u xkin.
xki kʼut chiu wach ri aj tij xu qujeʼ chiki wach ri taqni kʼaj kachil.
u tz le nu qʼab ʼ.
kulle al we ʼ l pa a u stincha qʼab ʼ kamik.
ria te ʼ k x tzaq loq are chi kʼo pa u wiʼ ri qʼaʼm.
aj patan riteʼk.
x at qaj chiu pam ri il.
la kʼo tzi j naki kʼoxo maj taj ?
x sachon chke chi xe atinik.
rono jel le ulewe chalaq.
la xeb ʼe kʼula xe ʼ ki j aqa kʼu leu chiʼ ja?
x aq kat chʼok na ji wir.
kamik kʼo chiri jastaqa we.
are chiʼ kakʼis ri junab ʼ kʼo qʼinom.
pa na wal jaʼ x inale xik.
na x in tataj we are ri akʼal kix tzu quw ik.
¡ r ulew ri sab ʼul oner ulew rineftali, ub ʼe ri polow, r ulew ri jord an, gal ile ʼ a kech ri je taqam aqʼ !
rax , rax , rax , kʼo kʼ, kʼo kʼ, kʼo kʼ le ru x lab ʼ le taq tiko ʼ n.
ach ix atwilo.
pa qal raj il le p ix kamik.
xoj b ʼ inik.
pa jun je ʼ l tijob ʼal ku tijoj rib ʼ jun akʼal , ub ʼiʼ po ʼ x , u tz ku ri lo kepa tijob ʼal rono jel taq qʼij.
x wa j chi x atʼe taj.
u tz laʼ le xub ʼij le a chi.
we taʼam jachin kapetik.
kin qʼojo manik.
x in qʼiʼo tak ʼa lik x in petik.
are ʼ re taʼm che kino panik.
are tab ʼal e qa qa jaw chat to ʼ wik.
ka winaq wa qib ʼ qʼataj.
na qaj chik cheri u waq kaj b ʼal are taq chiʼ ksa chu wach ri qʼij , kok ri qʼeq u ʼ m chu wach ulew, chi kʼate ʼ nari b ʼe leje b ʼ kaj b ʼal .
job ʼ raqan ri tz ʼalam xe poro xik.
sib ʼalaj ko ri j ri mop.
are waʼ.
je laʼ pa ri timinit chwi kab yok rech xel aj u ʼ , le qananqa tat kaki tiko jeʼ l alaj taq u wachicha j.
kʼax nu qul.
xu ʼ lu kʼam aʼ.
koj ulki tzu ku j.
are man kʼax ta u kuna xik are taq aninaq kaʼil i taj we yab ʼilal xu qujeʼ mojo ʼ qa ku yaʼ le kʼax kʼol il chech le jolom aj.
ri wel kʼo pa tijonik.
ka waj kinb ʼij.
riko tz ʼiʼ j kqa koj chiu pam ri ja.
qʼeq qʼoj ri j ri am aʼ ke j.
na x waj taj x in chʼa wik.
ch pe tab ʼal e lo qʼalaj jab ʼ .
x sachon chke x at kisi kʼij.
e le qʼal chʼi chʼ.
jachin xa wi lo chi are x tijow ri tiʼ j ?
mata kab ʼe le nu xb ʼal pale tinamit.
p im ruq, ri ali.
¿ kʼo ri mu qʼe chia wech ?
kqab ʼij man keko win taj.
ki ntij na.
kʼo jun qat ʼ u ʼ y pa j a!
kʼo p uj chiu pam ri chʼaʼk.
are taq kinko sik ki n warik.
xa twaʼik x in wi lo
in x in chʼa yo wle achi.
kono jel ri ala xik ke ʼetz ʼanik.
jas ru kʼ xki tij wile ki rik il ?
aninaq il kat petik.
na ra x ta u wach le juy ub ʼ.
ri tz ʼalam tz ʼib ʼab ʼal ra x kkay ik.
wech at chak unik, kʼo awa.
m aʼ tam x at pe cheri waʼim.
ka mul kin waʼna.
ri sik il k tijow ru kʼik.
kimb ʼe aqʼan ru kʼ le altalin.
xo jʼe kxe ʼ qilala rqas ok.
xe ki qʼil le aj chak ib ʼ xki w okleja.
ma tane xwa j le kʼuh jnem ru kʼ le ate ʼ k.
are xe ʼo pan chiu chiʼ ri j uy ub ʼ, xki lo chi man qa s tak ʼo qʼayes.
kʼate kʼut , ri jesus mank kojon tach kech rie ʼ are ʼ, rumal rech che kono jel re taʼm ki wach,
pa ʼ tz ri j ri tz ʼiʼ.
ju winaq wa qib ʼ qʼataj.
ate laqʼo m.
xa qat jo ʼ s.
ri qʼatzu, are qʼalaj ri u qʼijil.
aj chak we ala.
ub ʼe le ju kakʼal taqanik (29).
keb ʼ nub ʼiʼ kʼo lik.
la ka tzali j lu ʼ la aninaq ?
ka tzu kun la chwe.
la kaj la koj b ʼe ʼ pale chomal chwe ʼ q?
x in nab ʼe j chu ta sik qa kʼo lib ʼal .
lalxin to ʼ wik.
sib ʼalaj ano ʼ jib ʼal .
xo j petik xol qa kʼam aʼ.
sib ʼalaj jeʼ lik ri u waʼ l rii cha j.
kʼax wi j rumal in pa cha lik.
are taq xu kʼul maj waʼ xu l riu chomanik xub ʼij : are u tz waa qʼab ʼ ki nwali j ik, are chaʼ cha nim kino pan pa tijob ʼal , maj chik in kʼul maj.
o j aj xo jolob ʼ pa a was qʼij.
x in sachche leuw okikle tzi j.
e ju laj uj ria kʼ.
xu taj ampa ʼ kojʼek.
qil ik.
ri tijo xel man are ta nim chu wach ri raj tij. riu tz tijo xel qa s je riʼ kʼo lik jas ri raj tij.
in xatin chʼayo.
no ʼ jim chak w umal.
chʼ urrijo chʼ.
in kinb ʼij naka tsach taj.
uj may ab ʼ.
ria b ʼaj ya tzalik.
taj in kep ixb ʼax ria kʼalab ʼ.
cho mriaq.
x in warik.
e lemen kono jel ria kʼalab ʼ.
taj in kqʼanarik ri we re ʼaj.
le u kemikle pa su tz ( cha we ).
xu y u p ub ʼau wach raʼ chi, kachaʼ, .
ri satanas kok pa rijudas ri kb ʼixis ka riʼ otech rech , ri are ʼ jun chki xo ʼ l rie kab ʼ laj uj.
chu churipar.
ki nqu muj ri nu jo chʼ.
chech punción lumbar am aqʼel ra jawa xik chech ri lik le u kʼ e xb ʼem wile nab ʼe ru kʼ le ukab ʼ u kʼutu nem ley ab ʼilal.
qʼalaj chinak awa j taj kab ʼi j.
kʼo qʼol chirij risiʼ.
jawi xo jʼe wi chu lo qʼik ?
kʼo u lo chʼ ri talin.
qʼan ri j ria tiʼt nu ke j.
la x tz alij lai wir?
xe si kʼi xik, kʼate kʼu riʼ xe ya jik, xu qujeʼ xe taq b ʼi cheu si kʼikle mes.
lak ix warik?
are kʼule pa lom ax xub ʼij che :- mam katb ʼi son taj , kin si kʼij ni kʼaj wa chiʼ l ke rapa p ik.
aʼ re e tijo xel ab ʼ .
ri alajalisi ʼ l xub ʼij x qachappa u tz al ri tyox.
x sachon chke jachin xe atinik.
jas xu ray ij le a nan xu tijo?
x in ko sik.
ra x rono jel ri qʼayes rumal le jab ʼ .
kin ya waʼ we chʼi chʼ pi nem nau tz .
no ʼ jim u pa chʼu xik le nu wiʼ.
na j kʼo wilew o ʼ ch chu wach le tijob ʼal .
ri ok ib ʼal kʼo chiu wach ri saqja.
xe nu taq chʼi j ke killea kʼalab ʼ.
kʼo jun qʼoxo we m chiwe.
tza ri choʼ m.
we choj b ʼe pale nima qʼij , ke qil le ajxojo lob ʼ.
xo jʼe kxe ʼ qilala rqas ok.
ri ate ʼ k xu taʼ chech ri nanto ʼ n :- nan jas cheʼ chiman kaj ta laqa kʼati saj ri jo ʼ q.
ri pa l sib ʼalaj xu ʼ y.
kinkoj ri jo kb ʼal ulew.
in kinb ʼij naka tsach taj
at raj kun le nu nan.
ku qamuj uj oron ria j tzi j.
lu ʼ tz ʼalam ub ʼiʼ ria chike l pa nim cheʼ.
je ʼ lik u tiʼ jol al ri saq ko ʼ r.
kʼo jun xa ʼ r pa ja.
x in loq ʼ jun kʼak ʼ patan.
kʼax u kemikle pa saw umal.
aninaq u kemikle pa sa w umal
ri chʼaʼ n sachinaq pataq ab ʼix .
rax taq leko tz ʼiʼ j.
meso m kanoq riu pam ja.
man are tar ala xko sik.
ri komon xech pu p rech u qʼab ʼ tinamit xo ʼ l ab ʼaj rech qʼumar ka j.
la u tz ak ik kʼu sub ʼ taj in kuʼano?
kate la!
na xu tij taj.
xa rumal ke taʼm kono jel ri winaq kki qumujlej aʼ.
i wir xu j tz alij lapa kʼay b ʼal .
qe taʼm che riqawak uj u toʼo.
ria j tij, kya jon chike chria kʼalab ʼ.
jas ub ʼanom le nu chʼu ti tat?
chwe ʼ q kinb ʼe pa nim tinamit.
u tz we ki we taʼma j jas kub ʼij ri chol b ʼal qʼij.
taj in kat ji lo w cheu qʼoxom jo lom aj.
x in tik qʼax chi u wach ri ja.
kʼax le kib ʼe le winaq.
loq ʼ kat kuntaj che ley ab ʼil ( covid - 19).
ri nu x ib ʼal kelpa qaj b ʼal qʼij.
x ri l ria x wan chix waʼ ri ala.
le alix kuna tajik.
we tak a pele jab ʼ kamik.
x in we taʼma j china x atpetaj.
ri p waq rech we qʼataj riʼ ke sax chech ri toj b ʼal kʼay i nem.
k tij ri u waʼ lik rumal ri ki nima qʼij.
xu chap u kuna xik.
chatan loq ali.
x in xu liʼ qajoq.
je ʼ lik k tijo wri taq ikox.
kʼate kʼu ri le tatxo ʼ r xub ʼij , man ka waj taj , man kawaj taj.
kʼo jun tz ʼiʼ pa b ʼe .
ka mul x in pe cheatzu ku xik.
man taj in tak in chak unik.
kincha kunik rech kat waʼik.
jas ru kʼ xa wil wi chixki qupij wilet iʼ j.
jas ub ʼixik … ?
ko qʼ ria kʼal.
ka wajnak at ʼe taj.
xat qʼaj ik.
we m nach alo qʼax iy al , na kimb ʼe ta aw u kʼ.
xo panle w u jaw u kʼ rumal we chin.
are kʼut pale juy ub ʼ k kʼiy jo ron, chilaʼ xe ki kʼama wiri jaʼ ri winaq.
ko qʼ ria kʼal.
we kʼo ara jil cha kʼam aloq.
are sib ʼalaj ka qleapo ʼ t chu wach le nu po ʼ t.
x in kʼas taj pa kab ʼ laj uj kaj b ʼal .
kaqoy ʼe jnakixpe taj.
koka xim ri chij xa jel aʼ man ka nima j tab ʼik .
ri kokno jim xb ʼe k, xu chʼi joxo pan pa u kʼisb ʼal il lea nim.
xo j kiʼkotik are taq x atulik.
ka qitz ʼ naj riu x aj ab ʼ ri akʼal.
ri jesusk waʼ kat pa ri nim rachoch ri dyos, chu xe ʼ ri jun jache rachoch ri sa lomon.
we taqanik riʼ kub ʼij chira jawa xikk yaʼu qʼij ri winaq xu qujeʼ k to ʼ aninaq il.
ria xu x are nari u kunel ri ki naqʼ.
are taq waʼ ri u qʼi jol we taqanik.
kʼo juntab ʼal pa u wiʼ ri x kanul ub ʼiʼ laj uj no ʼ j.
y u ʼ l ub ʼanom riu kolob ʼ rike j.
xa nim aj ri akʼal chiu wach ri u chu ch.
k kunan ria chi.
kin waʼ ik rech nak in yo waj taj.
aj xik chʼi chʼ ri lu ʼ s.
kwa j che ixki xb ʼanow ik.
a ʼ re xe to ʼ walaq.
xo jʼe kxe ʼ qilala rqas ok.
x in loq ʼ jun chʼi chʼ, qaj inaq u wach.
ku tʼi sripanta lon.
e jani pale awal kʼwale kʼo lik ?
u tzu kemikle pa s cha we.
rimax are aj qʼani yaʼ.
mata b ʼachi riq kʼax pale b ʼe.
taj in ka nima j, ri meʼs.
ix i xe ʼ la qʼomab ʼ !
x sachan chwe.
e kʼo kʼi cheʼ, chiu wach ri j uy ub ʼ .
are waʼ ri nim alaj p ix ab ʼe are waʼ ri nab ʼe .
x re taʼma j chi ru kʼ pa kʼkutij wi
jasu tz ak ikle sub ʼ xu ʼano?
aj xo ʼ yri wi kan.
we tane aʼ re xe tijow le rik il, are le komon xe tijow ik.
sib ʼalaj aninaq ka chʼaw le are ʼ chinu wach in.
u tz we kin chak u j.
me ʼ s laʼ.
kʼo kanwa rech kaqa tijo.
x in si kʼij la.
ri akʼalxsach kano qjel aʼ pa taqʼaj.
xe si kʼij la.
jawi xkib ʼij wi chike ʼe wi?
rumal che, man ix ta riʼ ri ki x chʼa wik, are ri ru x lab ʼa xel ri i tat riʼ rik chʼa w nai w u kʼ ri ix.
kʼak ʼ ri wachoch.
sib ʼalaj u tz kin willea tz ʼ yaq rech na huala.
saq por kkay ri kipo ʼ trinan.
x sa chon ri nu chak chwe.
wa ʼim xu chapo.
ri qʼaqʼ taj in kaj u lu wik.
na jil u pam ri si wan.
e kʼo riqa chalal pa chiu wiʼ la.
jas xa taq chiʼ j le akʼal chu tijik?
no ʼ jim u kemikle pa saw umal.
kʼo jun ku kub ʼiʼ tintin, waʼ le laj ku kmam ka je qitaj , ka pa qika xu lik pa u wiʼ u qʼab ʼ taq cheʼ, sib ʼalaj sa kʼaj , ke ʼuto lee nim aʼ q, chʼu tin, ra chiʼ l, aj si pa nel sib ʼalaj u tz ra nim aʼ.
ri u p ix ab ʼ le qʼatb ʼal tzi j ki yaʼub ʼixik .
na x sachonta chke xe atinik.
xe qille chiko p pu wileja.
x lo ʼ taj ria kʼal.
qono jel kuj waʼ pa u wiʼ ri mex a.
xsi ki r le waqan.
la xat waʼ kʼut ?
nim ub ʼaqʼ ri tu lul.
kin xik ʼi kʼik x in qʼaxik.
la katb ʼe pale tinamit ?
ri pa l sib ʼalaj saqʼor.
kqʼo xow nuj alom.
x in naʼo chik at petik.
x loq ʼ ulewi we chix.
x in chakun ru kʼ ri num am.
na x qab ʼan taj.
kkʼo jiʼ b ʼaʼ ri u si panik ria jaw xel jesusk ri s to ru kʼ ria w u x lab ʼal !
kin chʼaw ru kʼ le nu na n pale chʼa we b ʼal .
sib ʼalaj qʼe quʼ m rumal rimay ul.
areleba xu lik.
xe kos le ixo qib ʼ pale b ʼe.
kʼax ri lik le akʼal chawe.
x in qʼiʼo x inatin paj oron.
sib ʼalaj nim le tinamit.
kʼax u kemikle pa saw umal.
x in sachik.
taj in kel u kikʼel pa raqan ri tz ʼiʼ.
x in we taʼma j ri lik wib ʼ
ri qʼu qʼ are jun jeʼ l chikop.
kʼo pa ja tijob ʼal ri wik aqʼ.
ri sachib ʼal mak raj wa xik chiqa xo ʼ l.
je ʼ, kimb ʼe k.
jel ale ʼ ri nu p wiʼ.
xub ʼij che :- jas xab ʼan otintin ?
kab ʼan jun to qʼob ʼ kyak ri n uj al.
kat ʼe kxi n ta.
jas leu kʼe xb ʼem ri b ʼ le jun ru kʼ le jun chik ?
aj chi u wiʼ mi qʼin jaʼ ri lu ʼ.
ri tijo nel naj kpe wi.
te ʼ kix chob ʼ ub ʼiʼ ri nu tat.
ri j aʼ kami qʼik chiu wach ri qʼaqʼ.
ri t ʼu ʼ y kpa qʼowik.
kinmeson na.
naq aj at kʼo wi chi wech.
x in b ʼiso nik taqna xat pet taj.
we x kam ri winaq , ri p waq rech toj b ʼal ma kaj kyaʼ chike ch ri rala xik.
ri nunan xb ʼe pa kʼay b ʼal .
xo ju kʼamu loq rech koj ri lo
x kʼoto chin chiki wach chik in waʼ aw u kʼ.
na xki kamsaj taj xki kʼam b ʼi choja.
kʼak ʼ ri ikʼ kamik.
xim b ʼe ru kʼ le aj ku ni wir.
ri lik.
letz ʼiʼ xeko sik.
x in kiko taw umal.
ri i mul xu maj ria nim , xu yakanlek ok.
kʼo oj cheriak ʼal.
xu j b ʼe pa jun kʼula nem.
u tz wek war alaq.
ka qilo chinakoj u kʼam taj.
x re taʼma j chi ru kʼpa kʼkutij wi.
sib ʼalaj x in kʼa ʼ narik.
x in ko chij ri nu wa.
man katko win taj kat chak u nik , we man kʼo taria jil ab ʼal .
we w onon xub ʼij chike :-k ixinto.
ria la nim kri l wi riumam.
x kaʼ y chirij , x kaʼ y chu wach , ma kʼo tachi jun ksi lob ʼik, xo qʼik xu xe ʼ j ri b ʼ x chʼo pinik x tz alij loq xu riq tachik riub ʼe .
kʼo pu scheri wa.
p inem nakab ʼe le wa tz, kimb ʼe wi in pa kaʼ y ib ʼal .
ri nanto ʼ n nim winaq chik, saq u wiʼ, rono jel aqʼab ʼu tz ku naʼo kat ʼu y iʼ pa u tem, kum iqʼi saj ri b ʼ chori qʼij , kʼo jun u wiʼ u mam ub ʼiʼ ate ʼ k.
man e kʼi tajriqu laʼ.
qʼalaj chinak awa j taj kab ʼij
x pa qab ʼi sax raj il rono jel ri kem.
kʼo pa ri jul ri ku matz.
rono jel qʼij kin chʼaj le nuw are.
saq chik an lei chaj rech katzako.
chu xel e qa chomal kaqatij wi jun qame qʼin.
cha wilaʼ.
e kʼo job ʼum iʼ al, ri nu tat.
jas ru kʼxaw il wi
je ʼ jas ri winaq rech ri u wach ulew, xo qujeʼ ke pe na riʼ rie ʼ are ʼ chee rech ri u wach ulew ; je ʼ jas ri winaq rech ri kaj , xo qujeʼ ke pe na riʼ rie ʼ are ʼ e rech ri kaj.
x in tijo.
k tz ʼuju wri rachoch ri po ʼ x.
xu qʼiʼo are leu kʼul el x yaʼow uwa.
ria wel x re taʼma j chi ra jawa xik man ku xe j tarib ʼ cheri tu kur.
ju kʼul aj winaq xe ʼa nim aj b ʼ ik.
je ʼ, x in tzali j ik.
xo j petik xol qa kʼam aʼ.
maj jachin x ʼek.
in aj tij; attijo xel.
saq u wiʼri ta taʼ.
wech ri kem.
le ro ʼ ch le ate ʼ k kʼo chwach leu kʼay len unan.
kb ʼe pa ri si riʼ a e pa ri si lis iʼ a, jawi je ʼ kuya wiri ki chu qʼab ʼ ri komon tyox.
p ix ab ʼ : man u tz taj kʼax kuj chʼa w chiki j ni kʼaj qa chil.
x kuna taj le ali( kumal ri ixo qib ʼ ).
ri xib ʼib ʼal chi kʼo wi pataq riqa kʼa slemal rono jel qʼij.
na kuj warta war al.
on chek kʼo jiʼ ri u tz il chi xo ʼ l, are ch junam riqa kojonik, junam ri i we chix ru kʼ ri we chin.
pa ox qʼij ri sa ʼ n kb ʼena ru kʼ ria j kun.
ka winaq w uqub ʼ.
jaska waj kin tijo?
we tax atb ʼe w u kʼ pale tinamit, xa lo qʼtal aʼ le u jastaq le akʼa jol.
keb ʼe pa waʼim.
x in loq ʼ kʼiwa.
pa jun nim kʼa cheʼ laj , kʼo jun kʼ waʼ sib ʼalaj saq lo loj , nim u wach.
kwaj katij jub ʼaʼ wa.
rono jel winaqk ri l nari u ko lo nem ridyos ».
x kʼoto chin chiki wach chik in waʼ aw u kʼ
kwa jnak at ʼe taj.
la xa loq ʼ jun alej ?
e kʼo ri elo qʼomanel.
ri u kab ʼ ub ʼiʼ ri num am are ya y.
kinjo pi j ri ij aʼ rech triko.
x naʼ taj chke xe atinik.
xa te ʼ qilaʼ.
kaki tij alan xa x ri winaq.
. . . kinb ʼij chi are waʼ sinx iʼ an.
na x in nab ʼe j ta chu ta sik qa kʼo lib ʼal .
rumal rech chewe ri in , kin chʼa w ru kʼ ridyos pa chʼab ʼal , k chʼa w na kʼu riʼ ri w ux lab ʼal ru kʼ ri dyos, kʼate kʼut man kʼota u patan riʼ ch rech ri nu chomab ʼal .
xe petik xkilo.
xu taweka tʼek.
u tzu kemikle pa s cha we.
ri nu wakax xu tij jun qʼo qʼ rumal riʼ x kamik.
rumal ri kʼix , man ke waʼ taj ri winaq.
xe ʼu lik.
qʼeq ri j ri am aʼ chi j.
x raj ka ʼeleu nan.
junam ki junab ʼ.
na qʼalaj taj we kaʼ ek.
ri wix nam chʼaj chʼo j ri rachoch.
war al man kʼo taj aj awal.
nai wir tax ri lle kʼamol b ʼe.
x in pe loq te kʼu riʼ x in tzu kuj rono jel ri nura jil.
ria j tiko nel kutik ri tzi j.
kʼo e ki kʼa jol le achi jab ʼ.
kutij qʼayes ri ix pa ʼ ch.
pa ri waʼ b ʼal e kʼo ka winaq achi j ab ʼ.
sip oj inaq ri nu pam.
ka yaʼtaj ik ru kʼu tiʼo nem jun riu ri qom le yab ʼilam olot setsé xu qujeʼ are ka yaʼtaj pataq ri j uy ub ʼ.
jachin ria chi?
ri num am x kamik are taq kʼo jum u chʼ laj uj u junab ʼ .
kinko winik kin kʼam b ʼilep waq.
kin wi lo chiu tz ria jiʼ.
x in qʼil ria po ʼ x che man kachak un taj.
k waʼ chiu wach le taqʼaj ri am aʼ akʼ.
ri i mul xe po qʼik pa jun ikʼ.
x kʼis kanoq riqa chak.
are ria li xo j ilo wka noq.
sib ʼalaj chʼu ʼ j ria max.
kʼo nu wach iʼ.
in chaj inel kech le akʼalab ʼ.
xe kosle tz ʼiʼ.
kinb ʼena ku kʼ ri mol aj.
rono jel aqʼab ʼ kin y i tz ʼ ri wakax.
kara p inik xu tzu kuj chi junaw aj.
le u kemikle pa sa ninaq (aw umal ).
maj u ra jil le qʼab ʼ arel.
kʼax riʼ ri ka chʼa wik.
xo ju taq chiʼ j le achi chu lo qʼi kicha j.
sib ʼalaj kʼax ri x kʼul ma xik.
xki lo chinak in kʼoxo maj taj.
x naʼ taj chke chixe atinik.
x kʼoto chin chiki wach chi xo jal w o ʼ qa ku kʼ.
jun qʼu ʼ qraj il ri kax laʼ n wa.
x in wi lo chixe ʼelik.
e kʼo ixo qib ʼ pale kʼay b ʼal .
man kʼo taj u kʼi sik rimay ab ʼaj lab ʼal il.
risink kʼiy pataq ʼaj.
ri chʼima man k kʼi y taj pa taqʼaj.
ra jawa xikk j ik ik ri waq än.
kawaj kinʼek.
e kʼo oxib ʼak ʼ.
xub ʼij chwe jawiat kʼo wi.
chwe ʼ q kuj b ʼe ʼ pam u quj.
pa saq kʼaj aʼ kb ʼan wiriuq.
xoj ki si kʼij.
x in wil wib ʼ.
chaqʼ chik ri wa.
kimb ʼena kapalew o ʼ ch.
kawaj kinʼek.
ri chʼu ʼ ktij ru kʼ le j.
pa riki qʼij kaminaq ib ʼ kb ʼan qʼo ri kʼyaʼ rech aj : nab ʼe ri nan ku tzu kuj kan ria j, ku jachʼo ʼ xu quje ku kʼe to.
jas kaj b ʼal cha nim ?
u tzu chomanik ri ali.
pa riqʼi jox laj uj tijax kin kʼis keb ʼ junab ʼ kincha kunwa ral.
sib ʼalaj ko , ri kʼak ʼ chʼat.
jas karaj kub ʼij … ?
ri chʼi chʼ kas ilab ʼik.
pa ojer qʼal pulxaq xu wiri nim winaq ke kʼamow b ʼe .
le u kuna xik le ukab ʼ u kʼutu nik are ru kʼ eflo rnitinao nutu nib ʼaxik le ni furtimo x chiʼ le flor nitina chech t.b. g.
are ria chix in chʼa yowik.
junach i ub ʼik u ʼ xu si pa j keb ʼ kʼaʼ m ulew rech kab ʼan ri tijob ʼal , kamik, kʼo chi kaj tij rech ri komon xe chpup.
xu mal tyoxij cheriaj tij rono jel le xu kʼut chi u wach.
pa rib ʼe xki raq jun alaj i mul saq ri j , xki kʼam b ʼik .
x ri lle b ʼale ala.
jas kub ʼij chwe ?
le u ku natajem are ru kʼu tzu ku xik le u chiko p il pa jun u solik u xe ʼ le kikʼon le jaʼ rech jun no do.
u tz we nu tz ʼiʼ.
je ʼ, taj in ka chaponik.
ki nu lo qʼoj le nu tat.
ka waj kimb ʼe pa tinamit.
are laʼ kin chak u j.
ri nim aʼ q taq winaq kʼo ke taʼma b ʼal .
we tax atb ʼe w u kʼ pale tinamit, xa lo qʼ ta waʼ we jas taq.
riki kʼa slemal. wa ixim ulew xa jun chima are ta tinimit rima
ri u kʼyab ʼal najupam.
x at qaj chiu pam ri il.
no jim kat waʼik.
we kʼo junk tu qaʼ rik, ¿ la man xo qujeʼ taj kin tu qaʼ r ri in ?
ojoj w okolja.
a was kb ʼan kʼax che jun nim winaq.
x in chʼa wa pan ru kʼ le wa nab ʼ.
kʼax riu pam ri j u ʼ l.
taj in ke waʼ rii mul.
la kaj la kuj tzali j la aninaq ?
rumal rech cherima kaj man kʼo tauko winempi wiʼ ri ix : ri ix man ix kʼota chi chu xe ʼ ri p ixab ʼ, x ane ix kʼo chu xe ʼ ri si panik.
nim raqan le cheʼ.
x in chapo.
are le tu ʼ r le loq ʼomanel.
xa s kat kʼo jiʼ chiu pam ri chʼi chʼ.
sib ʼalaj nim raqan ri kʼamal b ʼe.
le tz ʼib ʼab ʼal we chin.
inxin to ʼ wla.
x aj e kʼu riʼ ri ix kamik riʼ man ix kax lan winaq tachik; ri ix, ix rech ri ki tinimit rie tyox laj taq winaq , ix rech ri rachoch ridyos.
x in tiko x laj kʼal i cha j.
kaqa riq qib ʼ chwe ʼ q.
sib ʼalaj u tz cheri wiʼ aj ri tuney.
we najup ulik ta xe qaj ik...
x in to ʼ taj cheri nu chak.
kʼo jun chiko p ub ʼiʼ p um.
poqon riik.
xoj b ʼ inik.
xu chʼek rono jel le re tamanik x pa qiʼ k kʼax k wʼinik xub ʼanaj kun.
kel ub ʼik pa ri j u de ʼa ek tz alij chiub ʼij u mul pa rigal ile ʼa.
x ina xib ʼij pa b ʼe .
je ʼ l kʼo lem chi awachoch.
rono jel ri yaʼtal il pa we qʼataj , tz ʼaqat ki wach , man k tzaq tak a noq xu qujeʼ man ktas taj.
xu kunaj le yawab ʼ le aj qʼij.
chi tatab ʼe j jas le kimb ʼi j.
ch ʼanal ria chi.
pa b ʼ oko ʼ kacha kun wiri tax.
uj kʼo pa u wuq qʼij.
kiʼ ri ukab ʼ ria qaj.
kʼo rachalal pa tz ʼo loj che ʼ ri pe ʼ l.
xki lo chik in kʼoxom aj.
ri u ki sa kʼu tz kyaʼik chiu xe ʼ ri tiko ʼ n.
are taq chiʼ ka qʼan pu wiʼ ri j u kub ʼ, ria chi chex kʼo jiʼ ri itzel u x lab ʼal ru kʼ , ku tach rech ri are ʼ, are chk kʼo jiʼ ru kʼ ri are ʼ.
na kab ʼantaj taw umal.
x naʼ taj chke xe atinik.
x in pa j ri nu triko.
xe ʼ ok ri po kʼpa riumex ari po ʼ x.
kaj u lu w ria qʼaʼ l chiu xe ʼ ri tʼ u ʼ y.
awech leja.
x uj b ʼepa tzu rik.
nab ʼexato panik.
ri u kab ʼ ub ʼiʼ ri num am are ya y.
u waj x aq u kakʼal taqanik (28).
mata kʼo jun ka kanaj ka noq, qono jel koj b ʼe k.
e nima ʼ qleal to mab ʼ.
nim u wach ri po ʼ t.
kojonik pa ri u tzi j wa ixim ulew.
jas xu kʼamb ʼile tz ʼiʼ xaw ilo ?
x in petik, tat.
rib ʼe laj u wach.
chi tatab ʼe j jas ri kimb ʼi j.
je ʼ l ku naʼ ri ab ʼix chiu pam ri quq ulew.
kinb ʼiso ju wach le wal.
xu t ʼu y ub ʼaʼ .
nim ria we qele ʼ n xa riqo.
xi ne ʼ waʼoq.
chiʼke warw ilea kʼalab ʼ.
ri num iʼ al xu taq loq jun taqo ʼ m w uj chiwe.
qʼe ʼ lik, ri chaj pa rib ʼ e.
la u tz awach? -u tz mal tyox , e kʼu ri at ? – u tz mal tyox.
x in kos rumal nu chak.
kb ʼe ku kʼ rie ʼ are ʼ e k tz alij pa rinas are te ke ʼu nima j.
ri joj xu kʼam b ʼik ria kʼ.
kʼo chi wach iʼ l cha nim.
kub ʼij chech naʼ l kab ʼan cheria tz ʼib ʼ .
e . . . in ka waj ka tz joj b ʼila chwe.
mata x in yajleal i.
jachin ru kʼ katb ʼe wi?
kʼo sib ʼalaj e taʼma b ʼal pa rimay ab ʼ no ʼ jib ʼal .
e man xo ri jup uq ke j.
kas u mum ri ka qiqʼ.
e kʼo kaj ib ʼa kʼalab ʼ pale b ʼe.
je ʼ jas riu tatk kaʼ y ik.
xa qat molonel tzi j tal.
le nu tat ka loq ʼon chwe.
x aqtane kimb ʼe iw u kʼ.
x re taʼma ju chʼaj ik.
rumal laʼ x koj “ x al qʼat ” che ub ʼiʼ ri komon.
are leu kemik pa s x re taʼma j.
ri wa tiʼt kub ʼan nari u patan.
kʼak ʼ lepo ʼ t.
re taʼm u wach jachin x loq ʼow ri pa s.
ken chʼab ʼe jlea kʼalab ʼ.
yaʼtal chaqe qono jel riu j winaq u tz ka qil qib ʼ.
x kotiʼ pa qʼay esxo qʼik.
ka winaq b ʼe le jeb ʼ qʼataj.
e kʼo kaj ib ʼ ral rii mul, jun saq, jun qʼan , jun qʼeq, jun qʼe qoj , sib ʼalaj ke tz ʼanik , ke chʼo p inik ri alaj taq i mul.
k cholol ria chach al.
ketek ik ri ikʼ.
xe petik rech ke waʼiw u kʼ.
tza tz ri u qʼanil ria kʼ.
xo j tz alij ik x ix e ʼ qa qʼat uj ku kʼ lei tatinan.
ri yo ʼ x taqa kʼalab ʼ ke ki kʼux ria tz ʼ yaq.
we achi we xu si pa j jun po ʼ t chwe x kamik.
kko win ri kun anel che kuna nik.
x j iqʼ pa ri polow.
xa rumal sib ʼalaj ra jawa xik le lo qʼalaj jaʼ , le winaq xkib ʼij : chewe ikʼ riʼ qono jel kuj b ʼe cheu tik ik taq cheʼ.
riuna ne rie rachalal ke pe u loq ru kʼ ri are ʼ, kʼate kʼu riʼ, man ke ko win taj ke qib ʼu koq ru kʼ , rumal rech chee kʼo sib ʼalaj winaq.
rumal rech , che man kʼota jun kko win cheu koj ik junti kib ʼal il chik chu wach ri kojom chik che are ri jesusk risto.
te kʼu riʼ xu tz ʼib ʼaj ri b ʼ pa ri nim alaj tijob ʼal rech aj ku ʼ n.
kaj u lu wri chʼu mil cha qʼab ʼ .
kʼis b ʼal ka noq, xo qujeʼ k kam ri ix oq.
leala xok ik.
kʼop waq pa u wiʼrime xa.
are kawajnak inʼe taj.
ri ya wal ku koj ria li chiu xe ʼ ri chak ach are u su ʼ t.
na kaqa kʼam tu ʼ b ʼi kamik.
ria j tij kub ʼij chike : ra jawa xikke qa cha ji j ria waj , are u tiko ʼ n ria jaw.
x in tij mu kuni wir.
kʼax le u wiʼ taqle nu qʼab ʼ .
x in loq ʼ jun il b ʼal wib ʼ .
waʼ we qʼij , nim ub ʼantaj ik.
ri u xe ʼal riqa tinamit man kasach taj.
xoj b ʼ inik.
ria chalal junam ki wach.
x in we taʼma j ri lik wib ʼ.
nim ri u naʼo j wa j tij.
miq ʼin ri kʼul.
aj qʼojom ria te ʼ k.
chele sa nik cheʼ kb ʼan wiri qʼojom.
ka pelea wel pa na waljaʼ.
ri meso nel taj ink chak unik.
u tz chaqe kaqato ʼ qib ʼ, taq kʼo kʼax kʼo lil, kate we chiʼ n ria jaw pa qa wiʼ.
xa wi lo , x qʼatan leib ʼo y.
x at ko winik x ab ʼano.
ki ʼ ri kʼa we x.
ka jil il ri b ʼe.
le ali xel b ʼ ik.
are ʼ x raj x inb ʼano .
nim we ab ʼ aj.
je ʼ lik u tiʼ jol al ri saq ko ʼ r.
no j inaq ri ke j.
we katijan xu x man kat uto ʼ ta chiu qʼati xik le kʼa kʼyab ʼil corona virus ( 2019 -n co v).
na nim ta raqan waʼ we cheʼ.
u tz alaj aj chak, ri wel.
¿ jampa ʼ kuj b ʼe pa nima qʼij ?
ra jawa xik tane laʼ kat cha kunw u kʼ.
xu taq chiʼ j pa waram pulew.
man are taria x wan xe lik.
ria wix xu loq ʼ rachoch re nimal.
are ri ixoq x in sik ʼin u loq.
ri chʼima kʼat ʼon na.
laxib ʼan lei chak ?
kʼi tinamit e kʼo pa chʼo ʼ j.
kʼo jup uq chi j chi u xe ʼ ri cheʼ.
ri u x aq ria b ʼix are uwarike j.
ka winaq qʼataj.
la ki x pe pa tijob ʼal ?
we kech aj ix taq le kʼwa jacha kinb ʼij ; junal ik kʼo jaʼ xu qujeʼ sib ʼalaj saq lo loj.
x re taʼma j.
ri alab ʼom ria li tomab ʼ taj in ki ki tijoj kib ʼ rech su taq , are kakaj kikib ʼan nim aqachi jab ʼ chu pam ri ki kʼa slemal, xu quje kʼo chik jup uq b ʼixo nel chu pam ri komon.
la tz ʼu wach ri b ʼe .
kʼak ʼ ria chʼi chʼ.
qono jel uj , u jmay ab ʼ taq winaq.
no jel qʼij ri at iʼ x ku y u qʼuj le taqaw aj jel aʼ pa ni kʼaj jaʼ , chirij ri j uy ub ʼ ub ʼiʼ te naʼ.
pa qʼom chik risiʼ.
ki n tzu kun chela.
kaki tij le kinaqʼ, lei chaj , le u waʼ lik ru kʼ le j.
xe kanaj kan le aj chak ib ʼ.
keti kon ria chi j ab ʼ.
sib ʼalaj itzel ub ʼantaj ik ri chʼ ilak an.
ria te ʼ k xumal tyoxij cheri ra tiʼt , rumal ri u tz alaj no ʼ jib ʼal xu kʼut chech.
k kamuli xu chak ri ab ʼix.
la x in u tzu kujle tijo xel ?
are ʼ kacha kun rono jel qʼij.
lee kʼa ʼ na taq tz ʼiʼ.
saq ri j ri p lam ux.
jas xa qʼi ʼo xa tijo.
jas ru kʼ x kichap wi u tijik le rik il ?
we ka tatin ru kʼ kʼatan jaʼ man ku qʼate j tale kʼa kʼyab ʼil corona virus.
la katb ʼin pale u x lanb ʼal ?
la waral kʼux ix waʼ wi?
are len u tatk in loq ʼonik.
taj ink chak u n ri ala.
kʼo ri kiʼkotem alaw u kʼ.
xu ta jachin kaʼ ek.
xa twaʼik x in wi lo.
x tzaq ri rachoch rumal ri j ab ʼ.
pale jun ikʼ chik are nima qʼij.
e keb ʼäm keb ʼin pa u wiʼ ri tem.
memria chi.
ri wi kancha li ʼ ykel pa j uy ub ʼ chwi tzi ri b ʼal .
le raj il, la pa ja xel aqʼaxw u ʼ b ʼik ?
pa ri su ʼ t p isom wirilej.
koj petikkol qa kʼam aʼ.
taj in kat chʼo p in chiu wach ri taqʼaj.
le qʼorx chʼu qik.
kʼax waʼ i maw umal.
kinb ʼi son che lewal.
sib ʼalaj kʼo kʼ ria wa tz ʼ yaq.
kamik xu j b ʼe cheu tik ik taq cheʼ pa ri j uy ub ʼ .
ki nu lo qʼoj le nu tat.
cha qiʼ j chik ri cha j.
x y il ixhaway i .
na x naʼ taj tach ke chixe atinik.
ru kʼ kʼu waʼ we riʼ, ri ixk kʼo jiʼ jun u tz alaj i kʼa slemal riʼ chki wach ri winaq che man e kʼota i w u kʼ, kʼate kʼu riʼ man kʼo ta jun winaq riʼ ra jawa xik chiwe ch.
e petinaq pa b ʼe le rachala xik.
ka kaj le akʼalab ʼ ke waʼik.
xu j chʼa yb ʼik .
ri nu chak are qʼaxel tzi j.
kʼo na ru x lab ʼ ria waj.
taj in kel loq, ri qʼij.
xu qʼiʼo x kamsa x ri rachalal choch.
ri num am are kʼo u qʼi nomal.
x kʼul mataj ju mul, xub ʼanjun nim alaj jab ʼ, man xb ʼeye taj tana xu kʼi sle uy u qʼ chike.
am aʼ ri nu tz ʼiʼ.
je waʼ kat petik.
x in kosik rumal x in cha kunik
i we ch chi j ujunal, ri wa.
xu qʼiʼona xa tatintaj.
in riq taj inaq pa ri kʼay ib ʼal .
na we taʼm taj.
kʼax len u qʼab ʼ.
u tz le xub ʼij le a chi.
kematz ʼib ʼ.
kʼo rachalal pa tz ʼo loj che ʼ ri pe ʼ l.
rono jel waʼ we jastaq riʼ, xa s ksa chwi u wach waʼ; ru kʼ we riʼ, ri ix, ra jawa xik che kʼo jun tyox la ji kʼa slemal ek kʼo jiʼ rii chʼa we m ru kʼ ridyos,
x muq taj ri pa tz ʼan.
ri chʼi chʼ tzi jom kanoq pa ri u kʼol b ʼal .
man kʼo tau cholaj pataq ria w uj.
ja chike ikʼ leu nima qʼij le tinamit na wal jaʼ ?
xe petik xol ki kʼam aʼ.
kachu qʼ chu t ri j aʼ chi apam.
x in b ʼij i wir chi xeb ʼepa armita.
are ʼu xe ʼo jer tzi j war al kʼi cheʼ ub ʼiʼ .
x kʼis ri nu siʼ.
jawi xkib ʼij wi chike ʼe wi?
¡ xa je kʼu riʼ, jachin taq rie kʼo pa ri j u de ʼ a, chicha nim che ʼa nim aj ub ʼi pataq ri juy ub ʼ,
kʼak ʼ ria b ʼ.
la kʼo jun naka kʼoxo maj taj ?
na u tz tale u tʼi som le alma riy.
man yaʼtal taj chia we katok pa ja.
je ʼ, xa tu tzu ku j.
are kel wa j xa qib ʼ u qʼij rix kʼoj ik.
ri xu n kurk kʼo jiʼ pataq ri triko.
x in sachik.
xu tʼ uy ub ʼaʼ
na nu tom tale tzi j …
wa chʼom ri ki warino ʼ s.
e kʼo job ʼ chʼi lwa kʼ.
ra jawi xik chi pataq ri tijob ʼal , pa ni kʼaj ub ʼixik chik
ri ra jawr ulew are ʼ tatkel.
we kʼu xok ik , we kʼna xok ta
we achi xu si pa j jun p ʼot chwe.
atat u taqo ʼ n le qʼatal tzi j.
na qʼanta u wach le qa prut.
ri x aʼ r kʼopa u wiʼ ri qʼaqʼ kpo qʼowik.
ri ro qʼej ria li jachak pe junak ʼal.
kʼo jun alapa tijob ʼal .
säq u wiʼ ri ta taʼ.
ri wi tzi kʼ taj inkpeloq.
jawixsa chon wi kan u yaʼiklep waq che.
u tz we achi we x in kuna nik.
qono jel kuj waʼ pa u wiʼ ri mex a.
ri kax laʼ nik man po qon taj.
in x in b ʼe ru kʼ ri wachiʼ l.
sib ʼalaj je ʼ l xki lo xe ki tzoqop ij ri ki chij chilaʼ.
kinb ʼinik x inʼek.
kʼax kʼo lik, kachaʼ.
kutij ixim ri akʼ.
ria l ix chel, xu qʼiʼo xa jun akʼ xsi pa x che.
x qa si kʼij le ixoq chu tz ak ik sub ʼ.
mata xab ʼin saj le chʼi chʼ.
ri p ix tz ʼar alik rumal rie qaʼ n.
¿ jampa ʼ kel chi 3%
kʼo jun nu kʼo toj chiʼaj.
taj in ke waʼ kat ri alab ʼo m.
x in loq ʼ le nu kʼa kʼapo ʼ t.
na u tz ak ik ta sub ʼ taj in kuʼano
xo ju taq chiʼ i j xo j waʼik.
i we chriab ʼix.
saq ri j ri chi j.
aj sik cheri tinamit kel wiri tat aʼ.
- ¡ ay ! xa x in tzaq u loq, kʼax we waq an.
x kʼul mataj pa jun komon chiʼ u wach jun juy ub ʼ, xu riqa jun qʼij xki riq kib ʼjuni mul ru kʼ le kok.
jas xa taq chiʼ j le akʼal chu tijik?
x in chapo su xu lo qʼo.
qʼinom ria chi.
ri kʼum k tijo w ru kʼ kab ʼ.
taj in ke jach ʼanik.
tze b ʼal u kemikle pa sa w umal.
are kayo ʼ w leu chiko p il le ub ʼantaj ik try pa no soma brucei.
we kat nima nik u tz kelik.
perono ʼ j im al petnaq loq,.
are le nu chak jun tzu qb ʼal wib ʼ.
x kunax le yawab ʼ rumal le aj qʼij.
ri u kʼu ʼ x tz ʼib ʼ pa qa tzi jel aj uj.
sib ʼalaj jeʼ lik rie qab ʼal xub ʼan ri lu ʼ s.
sib ʼalaj atkon.
e man xo ri jup uq ke j.
na x naʼ taj ta chke xe atinik.
ri kʼamal b ʼe xub ʼij chike , chi maja ria nim.
ju much ʼ ri nu junab ʼ.
qʼiptaj inaq ri raqan ri tem.
kcha kun ru kʼ ri josb ʼal cheʼ ria j anel.
xa taq chiʼ j le akʼal chu tijik ka r.
o j kʼo palero ʼ chle awel.
¿ la kat pequ kʼ chwe ʼ q?
le winaq pale chʼi chʼet ʼu y ul lo wi.
x kanaj ka noq chiu xe ʼ ri jab ʼ ri chʼaʼ n.
nim ri ja.
we tax a kunaj le atatmata x kam laʼ.
na nu kʼamom tu ʼ la riʼ.
ch qa nu kʼu ʼ riqa tzi j.
kimb ʼe pale tinamit.
x in qʼiʼona x inatin taj.
ra jawa xik ka kʼaman cha we le utijik le le j.
kʼis b ʼal taq no ʼ jib ʼal .
