xin eʼw aʼoq.
xk ibʼ ankʼ axcheleuw os aqrum alm anutzt achik ak ay ik.
riqʼ utuʼmm ankecht ale akʼ al abʼ.
aren animt ale atzʼ iʼchuw achlenutzʼ iʼ.
xep et ikxolk il aʼ.
¿j awchiʼx at aʼche xk amrium am rip oʼx?
ek ebʼkekʼ ambʼikp at uj.
xinl oqʼj unj ap ariwok ajj a.
ri axt uʼbʼ, kʼoq ul ajchech.
jas kar ajk aʼ anchutz akiklet iʼij.
x ut ijlew a.
xim bʼ alretz ij.
xp axribʼ oʼj.
wek aw ajk at intoʼox aqx uwik abʼ ijchiwe.
j asnukʼuk uchʼobʼo.
j as k ar ajk ut ijo?
xexr uxl abʼ rir ikil.
enitzʼ aʼqlet aq im ul.
wet aneinxinbʼ anowik, arele ateʼk xbʼ anow ik.
k intz al ijp alen ut in am it.
r inuch aqʼkʼ op auroʼqʼ at ojt ijonikp arit ijobʼ al.
xin xiʼjw ibʼx inchʼ awik.
kʼ ochw aroʼchlep are.
chir aq ank abʼ inw irit at aʼ.
xs achonk anuy aʼikl epw aqchech oja.
xinqʼ axchik ixoʼlriw in aq.
k etik onik.
ri ulewm anq echt aj,k echriq at iʼtq am am.
xep elew in aqxolk ikʼ am aʼ.
xul oqʼ riw ujrum alri ali.
cheweqʼ ijk amikkʼ oj unnutz ij onemchi rijl enutin amit.
k ejriʼ.
xk un an al aqchwe.
k inusikʼ ijlen un an.
riim ulxuchʼ ijt aj, xk an ajp abʼe, rum alr inim alk uj al ujriim ul, xutz aq ri anim.
k ubʼ anriuxoqʼ oʼlri ajtzʼ aq.
r il asibʼ al aj utz chek un abʼ al.
kʼ ikiw achrieʼ ajch akibʼp arikom onty ox,kʼ atekʼ utx aj unchi aj aw xel;
xq at achixat ulik.
k aw ajchik at ʼek.
chʼut iʼnk ek an ajrix aj abʼ chech.
k aq axiʼjq ibʼk aq ach apo.
ekʼ okebʼukʼ ajollet atxw an.
luʼs ubʼ iʼrirech am.
ajchiuw iʼm iqʼ inj aʼr il uʼ.
xiny ak anl enuchimp akʼ aybʼ al.
kʼ atexrilo, xpe riun ancheutz ukuxik, xk ikotik, xus al abʼis ajrit aq uxk in.
xk ikʼ utchiuw achri ajt ijxuq ujeʼchikiw achrit aq nikʼ ajk ach il.
utz len uqʼ abʼ.
k ulle alw eʼlp aaust inch aqʼ abʼk am ik.
ri ateʼk xtz aqloq arechikʼop auw iʼriqʼ aʼm.
ajp at an riteʼk.
x atq ajchiup amri il.
l akʼ otz ijn akikʼ oxom ajt aj?
xs ach onchk echixe at inik.
r on ojelle ulew ech al aq.
l axebʼ ekʼul axeʼk ij aq akʼ uleuchiʼj a?
xaqk atchʼ okn ajiw ir.
k amikkʼ ochirij ast aq awe.
arechiʼk akʼ is rij un abʼ kʼoqʼ inom.
p an aw alj aʼxin alexik.
n axint at ajwe areri akʼ alk ixtz uq uw ik.
¡ rulew ris abʼul one rulewr ineft ali, ubʼe rip olow, r ulewr ijord an,g alileʼ akechr ijet aq am aqʼ!
r ax, rax, r ax, kʼ okʼ, kʼ okʼ, kʼ okʼle ruxl abʼlet aqt ik oʼn.
ach ixatw ilo.
p aq alr ajillep ixk amik.
x ojbʼ inik.
p aj unjeʼlt ijobʼ alkut ij ojribʼj un akʼ al,ubʼ iʼp oʼx, utzk urilokep at ijobʼ alron ojelt aqqʼ ij.
xw ajchix at ʼet aj.
utzl aʼle xubʼ ijle achi.
w et aʼ amj achink ap etik.
k inqʼ ojom anik.
xinqʼ iʼot akʼ alikx inp etik.
areʼret aʼmchek inop anik.
aret abʼ aleq aq aj awch att oʼw ik.
k aw in aqw aq ibʼqʼ at aj.
n aq ajchikche riuw aqk ajbʼ al aret aqchiʼks achuw achriqʼ ij, kok riqʼeq uʼmchuw achulew, chikʼ ateʼn aribʼel ejebʼk ajbʼ al.
jobʼr aq anritzʼ al amx epor oxik.
sibʼ al ajk orijrim op.
arew aʼ.
jel aʼp aritim initchw ik aby okrechxel aj uʼ, leq an anq at atk akitik ojeʼl al ajt aq uw achich aj.
kʼ axn uq ul.
x uʼ lukʼ am aʼ.
k oj ulk itz uk uj.
arem ankʼ axt auk un axik aret aq anin aqk aʼilit ajw ey abʼil alxuq ujeʼm ojoʼq akuy aʼlekʼ axkʼ olilchechl ejolom aj.
riw elkʼop at ij onik.
k aw ajk inbʼ ij.
rik otzʼ iʼjkq ak ojchiup am rija.
qʼ eqqʼ ojrijri am aʼkej.
n axw ajt ajx inchʼ awik.
chp et abʼ alel oqʼ al ajj abʼ.
xs ach onchke x atk is ikʼ ij.
el eqʼ alchʼ ichʼ.
jach inxaw il ochi are xt ijow rit iʼj?
m at ak abʼ elenuxbʼ alp alet in amit.
p im ruq, ri ali.
¿ kʼ orim uqʼechi aw ech?
kq abʼ ijm ankekow int aj.
k int ijn a.
kʼ oj unq atʼ uʼyp aj a!
kʼ op ujchiup am richʼ aʼk.
aret aqk ink osikk inw arik.
x atw aʼikx inw ilo
inx inchʼ ayow le achi.
k on ojelri al axikk eʼetzʼ anik.
j asrukʼxk it ijw ilek irik il?
an in aqilk atp et ik.
n ar axt auw achlej uy ubʼ.
ritzʼ alamtzʼ ibʼ abʼ alr axkk ayik.
wech atch ak unik, kʼo aw a.
m aʼt amx atp echeriw aʼim.
k am ulk inw aʼn a.
ris ik ilkt ijow rukʼ ik.
k imbʼe aqʼ anrukʼle alt alin.
x ojʼekxeʼq il al arq asok.
xekiqʼ ille ajch akibʼxk iwokl eja.
m at anexw ajlekʼ uhjnemrukʼ le at eʼk.
arexeʼop anchi uchiʼrij uyubʼ, xk ilochim anq ast akʼoqʼ ayes.
kʼ atekʼ ut, rij esusm ankk ojont achk echrieʼ areʼ, rum al rechchek on ojel ret aʼmk iw ach,
p aʼtz rijritzʼ iʼ.
juw in aqw aq ibʼqʼ at aj.
at el aqʼom.
x aq atj oʼs.
riqʼ atz u, a reqʼ al ajri uqʼ ijil.
ajch akwe al a.
ubʼ elejuk akʼ alt aq anik( 2 9) .
k ebʼnubʼ iʼkʼ olik.
l ak atz al ijl uʼl a anin aq?
k atz ukunl achwe.
l ak ajl akojbʼ eʼp alechom alchw eʼq?
xinn abʼ ejchut asikq akʼ olibʼ al.
l alx int oʼw ik.
sibʼ al aj anoʼjibʼ al.
xojp et ikxolq akʼ am aʼ.
sibʼ al ajjeʼl ikriuw aʼlriich aj.
kʼ axw ijrum alinp ach alik.
aret aqxukʼ ulm ajw aʼxul riuchom anikxubʼ ij: a reutzw aaqʼ abʼk inw alijik, arech aʼch animk inop anp at ijobʼ al,m ajchik inkʼ ulm aj.
oj ajx ojolobʼp aaw asqʼ ij.
xins achche leuw okikl etz ij.
ej ul aj uj ri akʼ.
xut aj amp aʼk ojʼek.
q ilik.
rit ijoxelm an aret animchuw achrir ajt ij. r iutzt ijoxelq asj eriʼkʼ olikj asrir ajt ij.
in x at inchʼ ayo.
n oʼj imch akw um al.
chʼ urrij ochʼ.
ink inbʼ ijn ak ats acht aj.
ujm ay abʼ.
ri abʼ ajy atz alik.
t aj inkep ixbʼ axri akʼ al abʼ.
chom ri aq.
xinw arik.
elem enk onojelri akʼ al abʼ.
t aj inkqʼ anarikriwe reʼ aj.
le ukem iklep asutz (ch awe).
xuy upubʼ auw achr aʼchi, k ach aʼ,.
ris at an askokp arij ud asr ikbʼ ixisk ariʼ otechrech, ri areʼj unchk ixoʼl riek abʼl aj uj.
ch uchurip ar.
k inq um ujrin ujochʼ.
chechp unciónlumb ar am aqʼelr ajaw axikchechr ilikl eukʼexbʼ emw ilen abʼ erukʼleuk abʼukʼ utunemley abʼ il al.
qʼ al ajchin akaw ajt ajk abʼ ij.
kʼ oqʼ olchir ijrisiʼ.
j aw ixojʼew ichul oqʼ ik?
kʼ oulochʼrit alin.
qʼ anrijri at iʼtn ukej.
l axtz al ijl aiw ir?
xesikʼ ixik,kʼ atekʼ uriʼxey ajik, xuq ujeʼxet aqbʼ icheusikʼ iklem es.
l ak ixw arik?
arekʼ ulep alom axxubʼ ijche: - m amk atbʼ isont aj, k insikʼ ijnikʼ ajw achiʼlke r ap ap ik.
aʼre et ijoxel abʼ.
ri al ajal isiʼlx ubʼ ijxq ach app autz al rity ox.
xs ach onchk ej ach inxe at inik.
j as xur ay ijle an an xut ijo?
xink osik.
r axr on ojel riqʼ ay esrum all ej abʼ.
k iny aw aʼw echʼ ichʼp inemn autz.
noʼj imup achʼ uxiklenuw iʼ.
n ajkʼ owilew oʼchchuw achlet ijobʼ al.
riok ibʼ alkʼ ochiuw achris aqj a.
x enut aqchʼ ijk ekil le akʼ al abʼ.
kʼ oj unqʼ oxowem chiwe.
tz arich oʼm.
w echojbʼ ep alenim aqʼ ij, keq ille ajx ojol obʼ.
x ojʼekxeʼq il al arq asok.
ri ateʼkx ut aʼchechr in ant oʼn: -n anj ascheʼchim ank ajt al aq akʼ atis ajr ijoʼq.
rip alsibʼ al ajx uʼy.
k ink ojrijokbʼ al ulew.
ink inbʼ ijn ak ats acht aj
atr ajk unlen un an.
kuq am uj ujoronri ajtz ij.
l uʼtzʼ al amubʼ iʼri achikelp anim cheʼ.
jeʼlik utiʼjol alris aqk oʼr.
kʼ oj unx aʼrp aja.
xinl oqʼj unkʼ akʼp at an.
kʼ axukem iklep as aw um al.
an in aq ukem iklep as awum al
richʼ aʼns ach in aqp at aq abʼ ix.
r axt aqlek otzʼ iʼj.
m esomk anoqriup amj a.
m an aret ar al axk osik.
rikom onxechpup rechuqʼ abʼt inam itxoʼl abʼ ajrechqʼum ark aj.
lautz ak ikkʼ usubʼt aj inkuʼ ano?
k atel a!
n ax ut ijt aj.
xa rum alk et aʼmk on ojelriw in aqkk iq um ujl ej aʼ.
iw irx ujtz al ijl ap akʼ aybʼ al.
q et aʼmche riq aw ak uj ut oʼo.
ri ajt ij, ky ajonchik echri akʼ al abʼ.
j as ubʼ anoml en uchʼut it at?
chw eʼqk inbʼep animt in amit.
utzw ekiwet aʼm ajj askubʼ ijricholbʼ alqʼ ij.
t ajink at jil owcheuqʼ oxomjolom aj.
x int ikqʼ axchiuw achrij a.
kʼ axlek ibʼelew in aq.
l oqʼk atk unt ajcheley abʼ il( cov id- 1 9).
rin uxibʼ alk elp aq ajbʼ alqʼ ij.
xr ilri axw anch ixw aʼri al a.
le al ixk un at ajik.
w et ak apelej abʼk amik.
x inw et aʼm ajchin ax atp et aj.
ripw aq rechweqʼ at ajriʼkes axchechrit ojbʼ alkʼ ay inem.
kt ijriuw aʼlikrum alrik inim aqʼ ij.
x uch ap uk un axik.
ch at anl oq ali.
xin x uliʼq aj oq.
jeʼl ikkt ijowrit aq ikox.
kʼ atekʼu rilet atxoʼrx ubʼ ij, m ank aw ajt aj, m ank aw ajt aj.
kʼ oj untzʼ iʼp abʼe.
k am ulxinp eche atz uk uxik.
m ant ajint ak inch ak unik.
k inch ak unik rechk atw aʼik.
j asrukʼx aw ilw ichixkiq up ijwilet iʼj.
j as ubʼ ixik<unk>?
k oqʼri akʼ al.
k aw ajn ak atʼet aj.
x at qʼ ajik.
we mn ach aloqʼ axiy al,n akimbʼ et aaw ukʼ.
xop anlew uj aw ukʼ rum alw echin.
arekʼ utp alej uy ubʼkkʼ iyj oron, chil aʼxekikʼ am awirij aʼriw in aq.
k oqʼri akʼ al.
we kʼo ar ajilch akʼ am aloq.
aresibʼ al ajk aqle apoʼt chuw achlenup oʼt.
xinkʼ ast ajp ak abʼl aj ujk ajbʼ al.
k aqoyʼ ejn akixp et aj.
kok axim richijx ajel aʼm ank anim ajt abʼik.
rikokn ojim xbʼek, xuchʼ ijoxop anp aukʼ isbʼ alille anim.
xoj kiʼk otik aret aqx at ulik.
kaq itzʼn ajriux aj abʼri akʼ al.
rij esuskw aʼk atp arin imr achochr id yos, chux eʼrij unj acher achochr is alom on.
wet aq anikriʼk ubʼ ijchir ajaw axikky aʼuqʼ ijriw in aqxuq ujeʼktoʼ anin aqil.
ri axux aren ariuk unelrik in aqʼ.
aret aqw aʼriuqʼ ijolw et aq anik.
kʼ oj unt abʼ alp auw iʼrixk anulubʼ iʼl aj ujnoʼj.
y uʼlubʼ anomriuk olobʼrik ej.
x anim ajri akʼ alchiuw achriuch uch.
kk un anri achi.
k inw aʼikrechn akiny ow ajt aj.
aj xikchʼ ichʼril uʼs.
kw ajcheixk ixbʼ anow ik.
aʼ rexetoʼw al aq.
x ojʼekxeʼq il al arq asok.
xinl oqʼj unchʼ ichʼ, q ajin aq uw ach.
k utʼ isrip ant alon.
ej anip aleaw alkʼw alekʼ olik?
utz ukem iklep asch awe.
rim ax are ajqʼ aniy aʼ.
m at abʼ achiriqkʼ axp alebʼe.
t aj ink anim aj, rim eʼs.
ix ixeʼl aqʼom abʼ!
xs ach anchwe.
ekʼokʼ icheʼ, chiuw achrij uy ubʼ.
arew aʼrinim al ajp ixabʼe arew aʼrin abʼe.
xret aʼm ajchir ukʼp akʼk ut ijwi
j asutz ak ikles ubʼx uʼ ano?
aj xoʼy riw ik an.
wet ane aʼrexet ijowle rikil, ar elekom onxet ijow ik.
sibʼ al aj anin aqk achʼ awle areʼch inuw achin.
utzw ekinch akuj.
m eʼsl aʼ.
kʼok anw arechk aq at ijo.
xins ikʼ ijl a.
ri akʼ alxs achk an oqjel aʼp at aqʼ aj.
xes ikʼ ijl a.
j aw ixkibʼ ijw ichik eʼewi?
rum alche, m anixt ariʼrik ixchʼ awik, are riruxl abʼ axelriit atriʼ rikchʼ awn aiwukʼ riix.
kʼ akʼriw achoch.
sibʼ al ajutzk inw ille atzʼy aqrechn ahu al a.
s aqp orkk ayrik ipoʼt rin an.
xs achonr in uch akchwe.
w aʼ imxuch apo.
riqʼ aqʼt ajink ajuluwik.
n aj ilup am ris iw an.
ekʼo riq ach al alp achiuw iʼl a.
jas xat aqch iʼjl eakʼ alch ut ijik?
n oʼj imukem iklep as awum al.
kʼ ojunkuk ubʼ iʼt int in,w aʼlel ajk ukm amk ajeq it aj,k ap aqik axulikp auw iʼuqʼ abʼt aqcheʼ, sibʼ al ajs akʼ aj, keʼut ole enim aʼq, chʼut in, r achiʼl, ajsip anelsibʼ al aj utzr anim aʼ.
riup ixabʼl eqʼ atbʼ altz ijkiy aʼubʼ ixik.
n axs achont achke xe at inik.
xeq il lechikopp uw il eja.
xl oʼt ajri akʼ al.
q on ojelk ujw aʼp auw iʼrim exa.
xs ik irlew aq an.
l a x atw aʼkʼ ut?
nim ubʼ aqʼrit ulul.
k inxikʼ ikʼ ikxinqʼ axik.
l ak atbʼ ep alet in am it?
rip als ibʼ al ajs aqʼor.
k qʼ oxown uj alom.
xinn aʼochik atp et ik.
xl oqʼ ulewiw echix.
xinch ak unrukʼr inum am.
n axq abʼ ant aj.
kkʼ ojiʼbʼ aʼriusip anikri aj awxel jesusk risto rukʼri aw uxl abʼ al!
k inchʼ awrukʼl enun anp alechʼ aw ebʼ al.
sibʼ al ajqʼeq uʼm rum alrim ayul.
ar eleb axul ik.
xek osl eixoqibʼp alebʼe.
kʼ axrilikle akʼ alch awe.
x inqʼ iʼoxin atinp ajoron.
s ibʼ al ajniml etin amit.
kʼ axukem iklep as aw um al.
x ins achik.
t ajink elukikʼ elp ar aq anritzʼ iʼ.
xinw et aʼm ajril ikw ibʼ
riqʼ uqʼ arej unj eʼlchik op.
kʼ op aj at ijobʼ alriwik aqʼ.
ris achibʼ alm akr ajw axikchiq axoʼl.
j eʼ, k imbʼ ek.
jel aleʼrin upw iʼ.
xubʼ ijche: -j as xabʼ anot int in?
k abʼ anj unt oqʼ obʼky akrin ujal.
k atʼ ekxint a.
j asleukʼ exbʼ emribʼ lej unrukʼl ej unchik?
ajchiuw iʼm iqʼ inj aʼr il uʼ.
rit ij oneln ajkp ewi.
teʼk ixchobʼ ubʼ iʼrin ut at.
r ijaʼk am iqʼikchi uw achriqʼ aqʼ.
rit ʼuʼy kp aqʼ owik.
k inm esonn a.
n aq aj atkʼ owichiw ech.
xinbʼ isonikt aqn ax atp ett aj.
we xk amriw in aq, ripw aq recht ojbʼ alm ak ajky aʼchik echrir al axik.
rin un anxbʼ ep akʼ aybʼ al.
xoj ukʼ amul oqrechk ojrilo
xkʼ otoch inchikiw achchik inw aʼ aw ukʼ.
n axkik ams ajt ajxkikʼ ambʼ ichoja.
kʼ akʼriikʼk amik.
ximbʼ erukʼle ajk uniw ir.
ril ik.
l etzʼ iʼxek osik.
xink ikot aw um al.
riim ulxum ajri anim, xuy ak anlekok.
kʼo ojcheri akʼ al.
x ujbʼep aj unkʼ ul anem.
utzw ekw ar al aq.
k aqil ochin ak oj ukʼ amt aj.
xret aʼm ajchirukʼp akʼk ut ijwi.
sibʼ al ajxinkʼ aʼn arik.
xink ochijr inuw a.
m ank atkow int ajk atch akunik, wem ankʼot ari ajil abʼ al.
w ew ononxubʼ ijchike :- k ixinto.
ri al animk rilw irium am.
xk aʼychi rij, xk aʼy chuw ach, m akʼot achij unk silobʼ ik, xoqʼ ikx uxeʼjribʼ xchʼop inikxtz alijl oqx ur iqt achikr iubʼe.
kʼ opuscheriw a.
p inemn ak abʼ elew atz, k imbʼew iinp ak aʼy ibʼ al.
rin ant oʼnnimw in aqchik, s aq uwiʼ, ron ojel aqʼ abʼ utzk un aʼok atʼ uyiʼp autem, kum iqʼis ajribʼcho riqʼ ij, kʼoj unuwiʼum amubʼiʼ ateʼk.
m anekʼ it ajriq ul aʼ.
qʼ al ajchin ak aw ajt ajk abʼ ij
xp aqabʼ is axr ajilr on ojel rikem.
kʼ op arij ulrikum atz.
r onoj elqʼ ijk inchʼ ajl enuw are.
s aqchik anl eich ajrechk atz ako.
chuxeleq achom alk aq at ijw ij unq am eqʼ in.
ch aw il aʼ.
ekʼ ojobʼumiʼ al, rin ut at.
j as rukʼx aw ilwi
jeʼj asriw in aqrechriuw achulew, xoq ujeʼk epen ariʼrieʼ areʼchee rechriuw achulew; jeʼj asriw in aq rechrik aj, xoq ujeʼk epen ariʼrieʼ areʼe rechrik aj.
xint ijo.
k tzʼ ujuwrir achochrip oʼx.
xuqʼiʼ oareleukʼ ulelxy aʼowuw a.
ri awelx ret aʼm ajchir ajaw axikm ankuxejt aribʼche rit ukur.
j ukʼ ul ajw in aqxeʼ anim ajbʼik.
jeʼ, x intz al ijik.
xojp et ikxolq akʼ am aʼ.
m ajj achin xʼek.
in ajt ij; att ij oxel.
s aq uwiʼrit at aʼ.
w echrik em.
le roʼchle ateʼk kʼochw achleukʼ ayl enun an.
kbʼ ep arisiriʼ aep aris ilis iʼa, jaw ijeʼkuy awirik ichuqʼ abʼrikom onty ox.
p ixabʼ: m anutzt ajkʼ axk ujchʼ awchik ijnikʼ ajq ach il.
xk un at ajleali(k um alri ixoq ibʼ) .
rixibʼ ibʼ alchikʼ owip at aqriq akʼ aslem alr onojel qʼ ij.
n ak ujw art aw ar al.
onchekkʼ ojiʼriutz ilch ixoʼl, arechj un amriq ak ojonik, j un amriiw echixrukʼ riw echin.
p aoxqʼ ijris aʼnk bʼen arukʼri ajk un.
k aw in aqw uq ubʼ.
j ask aw ajk int ijo?
wet axatbʼ ewukʼp aletin amit, xal oqʼt al aʼleuj ast aqle akʼ ajol.
k ebʼep aw aʼim.
xinl oqʼkʼ iw a.
p aj unnimkʼ acheʼl aj, kʼoj unkʼw aʼsibʼ al ajs aql ol oj,nimuw ach.
kw ajk at ijj ubʼ aʼw a.
r onoj elw in aqkr iln ariukol onemrid yos<unk>.
xkʼ otoch inchikiw achchik inw aʼ aw ukʼ
kw ajn ak atʼet aj.
l ax al oqʼj un alej?
ekʼ orieloqʼom anel.
riuk abʼubʼ iʼrinum am arey ay.
k injop ijri ij aʼrecht riko.
xn aʼt ajchke xe at inik.
x at eʼq il aʼ.
k akit ijal anx axriw in aq.
.. . k inbʼ ijchi arew aʼsinxiʼ an.
n axinn abʼ ejt achut asikq akʼolibʼ al.
rum al rechchewe riin,k inchʼ awrukʼ rid yosp achʼ abʼ al, kchʼ awn akʼ uriʼriw uxl abʼ alrukʼ rid yos, kʼ atekʼ utm ankʼot aup at anriʼch rechr inuchom abʼ al.
xep et ikxk ilo.
x ut awek atʼek.
utz ukem iklep asch awe.
r inuw ak axxut ijj unqʼ oqʼrum alriʼxk amik.
rum alrikʼ ix,m ankew aʼt ajriw in aq.
xeʼ ulik.
qʼ eqrijri am aʼchij.
xr ajk aʼeleun an.
j un amk ij un abʼ.
n aqʼ al ajt ajwek aʼek.
riw ixn amchʼ ajchʼ ojrir achoch.
w ar alm ankʼ ot aj aj aw al.
n aiw irt axril lekʼ am olbʼe.
x inp el oqtekʼ uriʼx intz ukujr on ojel rinur ajil.
ri ajt ik onelk utikritz ij.
kʼo ekikʼ ajolle achij abʼ.
k ut ijqʼ ayesriixp aʼch.
p ariw aʼbʼ alekʼok aw in aq achij abʼ.
sip ojin aqr inup am.
k ay aʼt ajikrukʼ utiʼ onemj unriur iqoml ey abʼil am olotsetsé xuq ujeʼ arekay aʼt ajp at aqrij uy ubʼ.
j ach inri achi?
r inum amxk amik aret aqkʼ ojum uchʼl aj uj uj un abʼ.
k inkow inikk inkʼ ambʼ ilepw aq.
k inw ilochiutz ri aj iʼ.
xinqʼ ilri ap oʼxchem ank ach ak unt aj.
kw aʼchiuw achlet aqʼ ajri am aʼ akʼ.
ri im ulxep oqʼ ikp aj unikʼ.
xkʼ isk anoqriq ach ak.
are ri al ixoj ilowk an oq.
sibʼ al ajchʼ uʼjri am ax.
kʼ onuw achiʼ.
inch aj inelk echle akʼ al abʼ.
xek osletzʼ iʼ.
k inbʼ enakukʼrim ol aj.
ron ojel aqʼ abʼk iny itzʼ riw ak ax.
kar ap inikx utz uk ujchij un aw aj.
leukem iklep as anin aq( aw um al).
m aj ur ajill eqʼ abʼ arel.
kʼ axriʼrik achʼ awik.
xoj ut aqch iʼjle achich uloqʼik ich aj.
sibʼ al ajkʼ axrixkʼ ulm axik.
xk il ochin ak inkʼ oxom ajt aj.
xn aʼt ajchk echixe at inik.
xkʼ otoch inchikiw achchixoj alwoʼq ak ukʼ.
j unqʼ uʼqr ajilrik axl aʼnw a.
xinw ilochixeʼ elik.
ekʼ oixoqibʼp alekʼ aybʼ al.
m ankʼot ajukʼ isikrim ay abʼ ajl abʼ alil.
ris ink kʼ iyp at aqʼ aj.
richʼim am ank kʼ iyt ajp at aqʼ aj.
r aj aw axikkj ikikriw aqän.
k aw ajk inʼek.
ekʼo oxibʼ akʼ.
xubʼ ijchw ej awi atkʼ owi.
chw eʼqk ujbʼeʼp am uq uj.
p as aqkʼ ajaʼkbʼ anw iriuq.
xojk isikʼ ij.
xinw ilw ibʼ.
ch aqʼ chikriw a.
k imbʼ en ak ap alew oʼch.
k aw ajk inʼek.
richʼ uʼkt ijr ukʼl ej.
p arikiqʼ ijk amin aqibʼkbʼ anqʼ orikʼy aʼrech aj:n abʼe rin ank utz ukujk anri aj, kuj achʼoʼxuq ujekukʼ eto.
j ask ajbʼ alch anim?
utz uchom an ikri ali.
p ariqʼ ijoxl aj ujt ijaxk inkʼ iskebʼj un abʼk inchak unw ar al.
sibʼ al ajk o,rikʼ akʼchʼ at.
j ask ar ajk ubʼ ij<unk>?
richʼ ichʼk as il abʼ ik.
p aojerqʼ alpulx aqx uw irinimw in aqk ekʼ am owbʼe.
leuk un axikleuk abʼukʼ ut unik are rukʼef lorn itin aonut unibʼ axikl enifurt imoxch iʼlef lorn itin achecht .b. g.
are ri achix inchʼ ayow ik.
j un achiubʼik uʼx usip ajk ebʼkʼ aʼm ulewrechk abʼ anrit ijobʼ al,k amik, kʼ ochik ajt ijrechrik om onxechp up.
xum alty oxijcheri ajt ijron ojelle xukʼ utchiuw ach.
p aribʼ exkir aqj un al ajim uls aqr ij, xk ikʼ ambʼ ik.
xr il lebʼ ale al a.
j as k ubʼ ijchwe?
leuk un at ajem arerukʼ utzuk uxik leuchik opilp aj unus olik uxeʼlekikʼ onlej aʼrechj unnodo.
utzw enutzʼ iʼ.
jeʼ,t ajink ach ap onik.
k inul oqʼ ojlen ut at.
k aw ajk imbʼep atin amit.
arel aʼk inch ak uj.
rinim aʼqt aqw in aqkʼ oket aʼm abʼ al.
wet axatbʼ ewukʼp aletin amit, xal oqʼt aw aʼw ej ast aq.
rikikʼ aslem al.w aixim ulewx aj unchim aaret atinim itrim a
riukʼy abʼ aln ajup am.
x atq ajchiup amri il.
n ojimk atw aʼik.
we kʼoj unkt uq aʼrik, ¿l am anxoq ujeʼt ajk int uq aʼr riin?
oj ojw okolj a.
aw askbʼ ankʼ axchej unnimw in aq.
xinchʼ aw ap anrukʼ lew an abʼ.
kʼ axriup am rij uʼl.
t aj inkew aʼri im ul.
l ak ajl ak ujtz al ijl a anin aq?
rum alrechche rim ak ajm ankʼot aukow inemp iw iʼriix: riixm anixkʼ ot achich uxeʼrip ixabʼ, x aneixkʼ ochuxeʼris ip anik.
n imr aq anlecheʼ.
xinch ap o.
are let uʼr lel oqʼom anel.
xask atkʼ ojiʼchiup am richʼ ichʼ.
sibʼ al ajnimr aq anrikʼ am albʼe.
letzʼ ibʼ abʼ alw echin.
in xint oʼwl a.
xajekʼ uriʼriixk am ikriʼm anixk axl anw in aqt achik; r iix,ix rechrik it inim itri ety oxl ajt aqw in aq, ix rechrir achochr idyos.
x int ikoxl ajkʼ al ich aj.
k aq ariqq ibʼchw eʼq.
sibʼ al aj utzche riw iʼ ajrit uney.
w en aj up ulikt axeq ajik.. .
xint oʼt ajche rin uch ak.
kʼ oj unchikop ubʼ iʼp um.
p oq on riik.
x ojbʼ inik.
xuchʼekr on ojelle ret am anikxp aqiʼkkʼ axkwʼ inikxubʼ an ajk un.
k elubʼ ikp arij udeʼ aektz alijchiubʼ ijumulp arig alil eʼa.
xin axibʼ ijp abʼe.
jeʼ lkʼ olemchi aw achoch.
ron ojelriy aʼt alilp aweqʼ at aj,tzʼ aqatkiw ach, m anktz aqt ak an oqxuq ujeʼm ankt ast aj.
xuk un ajley aw abʼle ajqʼ ij.
ch it at abʼ ejj aslek imbʼ ij.
chʼ an alri achi.
p abʼ okoʼk ach akunw irit ax.
ujkʼ op auw uqqʼ ij.
kiʼriuk abʼri aq aj.
kʼo rach alalp atzʼ ol ojcheʼr ip eʼl.
xk ilochik inkʼo xom aj.
riukis akʼ utzky aʼikchi uxeʼritik oʼn.
aret aqchiʼk aqʼ anpuw iʼrijuk ubʼ, ri achiche xkʼ ojiʼriitz eluxl abʼ alrukʼ, kut achrechri areʼ, a rechkkʼ ojiʼrukʼ ri areʼ.
n ak abʼ ant ajt awum al.
xn aʼt ajchke xe at inik.
x inp ajrin ut riko.
xeʼ okripokʼp ariumex arip oʼx.
kaj uluw riaqʼ aʼlchi uxeʼritʼ uʼy.
aw echlej a.
x ujbʼ ep atz urik.
n abʼ exatop anik.
riuk abʼubʼ iʼrinum am arey ay.
uw ajxaq uk akʼ alt aq anik( 28 ) .
m at akʼoj unk ak an ajk an oq, q on ojelk ojbʼek.
enim aʼqle alt om abʼ.
nim uw achrip oʼt.
koj onikp ariutz ijw aixim ulew.
j as xukʼ ambʼ iletzʼ iʼx aw ilo?
xinp et ik,t at.
r ibʼel ajuw ach.
ch it at abʼ ejj asrik imbʼ ij.
jeʼlk un aʼri abʼ ixchiup amriq uq ulew.
k inbʼ is ojuw achlew al.
x ut ʼuy ubʼ aʼ.
nim ri aweq eleʼnx ariqo.
xin eʼw aʼoq.
chiʼkew arw ile akʼ al abʼ.
r inum iʼalxut aql oqj unt aqoʼmw ujchiwe.
qʼ eʼlik, rich ajp aribʼe.
l autz aw ach? - utzm alty ox,ekʼuri at ?–utz m alt yo x.
xink osrum alnuch ak.
kbʼ ekukʼrieʼ areʼektz alijp arin as aretek eʼunim aj.
rij ojxukʼ ambʼ ikri akʼ.
kʼ ochiw ach iʼlch anim.
kubʼ ijchechn aʼlk abʼ ancheri atzʼ ibʼ.
e. .. ink aw ajk atzj ojbʼ il achwe.
m at axiny ajle ali.
j ach inr ukʼk atbʼ ew i?
kʼ osibʼ al ajet aʼm abʼ alp arim ay abʼnoʼj ibʼ al.
em anxo rij up uqk ej.
k asumum rik aq iqʼ.
ekʼok ajibʼ akʼ al abʼp alebʼe.
jeʼj asriut atkk aʼy ik.
xaq atm oloneltz ijt al.
l enut atk aloqʼ onchwe.
x aqt anekimbʼ eiw ukʼ.
xret aʼm aj uchʼ ajik.
rum all aʼxk oj“x alqʼ at”cheubʼ iʼrikom on.
are leuk emikp as xret aʼm aj.
riw at iʼtk ubʼ ann ariup at an.
kʼ akʼlep oʼt.
ret aʼmuw achj ach inxl oqʼow rip as.
k enchʼ abʼ ejle akʼ al abʼ.
y aʼt alch aqeqon ojelri ujw in aq utzk aqilq ibʼ.
xk otiʼp aqʼ ayesxoqʼ ik.
k aw in aqbʼel ejebʼqʼ at aj.
ekʼok ajibʼr alriim ul,j uns aq, j unqʼ an, j unqʼ eq, j unqʼeq oj, sibʼ al ajk etzʼ anik,k echʼop inikri al ajt aq im ul.
kch ololri ach ach al.
k etek ikri ikʼ.
xep etik rechkew aʼiw ukʼ.
tz atz riuqʼ anilri akʼ.
xojtz al ijikxixeʼq aqʼ at ujk ukʼ leit at in an.
riy oʼxt aqakʼ al abʼk ekikʼuxri atzʼy aq.
we achiwe xusip ajj unp oʼtchwe xk am ik.
kk ow inrik un anelchek un anik.
xj iqʼp arip olow.
xa rum alsibʼ al ajr ajaw axiklel oqʼ al ajj aʼ, lew in aqxk ibʼ ij: chew eikʼriʼq on ojelk ujbʼ echeut ikikt aqcheʼ.
riun anerier ach al alk epeul oqrukʼri areʼ, kʼ atekʼu riʼ, m ankekow int ajkeq ibʼuk oqrukʼ, rum al rechcheekʼ osibʼ al ajw in aq.
rum alrech, chem ankʼot aj unkk ow incheuk ojikj unt ikibʼ alilchik chuw achrik ojomchik che are rij esuskr isto.
tekʼ uriʼxutzʼ ibʼ ajribʼp arinim al ajt ijobʼ alrech ajk uʼn.
k aj uluw richʼum ilch aqʼ abʼ.
kʼ isbʼ alk an oq, xoq ujeʼkk am riixoq.
le al axok ik.
kʼ opw aqp auw iʼrim exa.
arek aw ajn akinʼet aj.
riy aw alkuk ojri alichi uxeʼrichak ach areusuʼt.
n ak aq akʼ amt uʼbʼik amik.
ri ajt ijk ubʼ ijchike: r ajaw axikkeq ach ajijri aw aj, areut ikoʼnri ajaw.
x int ijm uk uniw ir.
kʼ axleuw iʼt aqlen uqʼ abʼ.
xinl oqʼj unilbʼ alw ibʼ.
w aʼw eqʼ ij,nim ubʼ ant ajik.
riuxeʼ alriq at in amitm ank as acht aj.
x ojbʼ inik.
ri ach al alj un amk iw ach.
xinw et aʼm ajrilikw ibʼ.
nim riun aʼojw ajt ij.
m iqʼ inrikʼ ul.
ajqʼ ojomri ateʼk.
cheles anik cheʼkbʼ anw iriqʼ ojom.
k apele aw elp an aw alj aʼ.
rimes onelt aj inkch ak unik.
utzch aqek aq atoʼq ibʼ ,t aqkʼokʼ axkʼ olil,k atew echiʼnri ajawp aq aw iʼ.
xaw ilo, xqʼ at anl eibʼoy.
x atk owinikx abʼ ano.
k iʼrikʼ awex.
k ajil ilribʼe.
le al ixelbʼ ik.
areʼxr ajx inbʼ ano.
n imwe abʼ aj.
jeʼlik utiʼjol alris aqk oʼr.
n oj in aqrik ej.
wek atij anxuxm ank at utoʼt achiuqʼ atixiklekʼ akʼy abʼ ilcoron av irus( 2 019-ncov) .
n animt ar aq anw aʼw echeʼ.
utz al aj ajch ak, riw el.
¿j amp aʼk ujbʼ ep anim aqʼ ij?
r ajaw axikt anel aʼk atch ak unw ukʼ.
xut aq chiʼjp aw ar amp ulew.
m an aret ari axw an xel ik.
ri aw ixxul oqʼr achochre nim al.
are ri ixoqx insikʼ in uloq.
richʼ im akʼ atʼ onn a.
l axibʼ anle ich ak?
kʼ itin am itekʼop achʼ oʼj.
kʼ oj up uqch ijchiuxeʼ richeʼ.
ri ux aqri abʼ ixareuw arik ej.
k aw in aqqʼ at aj.
l ak ixpep at ijobʼ al?
we kech ajixt aqlekʼw aj ach akinbʼ ij; j un alikkʼ ojaʼxuq ujeʼsibʼ al ajs aql oloj.
xr et aʼm aj.
ri al abʼomri alitom abʼt ajinkik it ijojk ibʼ rechsut aq, arek ak ajk ikibʼ annim aqachij abʼchup amrik ikʼ aslem al, xuq ujekʼ ochikj up uqbʼ ixonelchup amrikom on.
l atzʼuw achribʼe.
kʼ akʼri achʼ ichʼ.
q on ojel uj,ujm ay abʼt aqw in aq.
n ojelqʼ ijri at iʼxk uyuqʼ ujlet aqaw ajjel aʼp anikʼ ajj aʼ, chir ijrij uyubʼ ubʼ iʼten aʼ.
p aqʼ omchikris iʼ.
k intz uk unchel a.
k akit ijlek in aqʼ, leich aj, leuw aʼl ikrukʼ lej.
xek an ajk anle ajch akibʼ.
k etikonri achij abʼ.
sibʼ al ajitz elubʼ ant ajikrichʼ il ak an.
ri ateʼkx um alty oxijche rir at iʼt, rum alriutz al ajnoʼj ibʼ alxukʼ utchech.
kk am ulix uch akri abʼ ix.
l a xin utz uk uj let ij oxel?
areʼk achak unr on ojelqʼ ij.
le ekʼ aʼn at aqtzʼ iʼ.
s aqr ijripl amux.
j asx aqʼ iʼox at ijo.
jas rukʼ xkich apw iut ijikle rik il?
wek at at inrukʼkʼ at anj aʼm ankuqʼ atejt alekʼ akʼy abʼ ilcoron avirus.
l ak atbʼ inp aleuxl anbʼ al?
l aw ar alkʼ uxixw aʼwi?
arel enut atk inl oqʼ onik.
t aj inkch ak un ri al a.
kʼ orikiʼk otem al aw ukʼ.
xut aj achink aʼek.
x atw aʼikx inw ilo.
xtz aqrir achochrum alrij abʼ.
p alej unikʼchik arenim aqʼ ij.
ek ebʼ ämk ebʼ inp auw iʼritem.
m emri achi.
riwik anch aliʼyk elp aj uy ubʼchw itz iribʼ al.
ler ajil, lap aj axel aqʼ axwuʼbʼ ik?
p aris uʼtp isomw iril ej.
k ojp etikk olq akʼ am aʼ.
t ajink atchʼop inchiuw achrit aqʼ aj.
leqʼ orxchʼuq ik.
kʼ axw aʼim awum al.
k inbʼ isonchelew al.
sibʼ al ajkʼ okʼri aw atzʼy aq.
k amikx ujbʼ echeut ikikt aqcheʼp arij uy ubʼ.
k inul oqʼ ojlen ut at.
ch aq iʼjchik rich aj.
xy ilixh aw ayi.
n axn aʼt ajt achk echixe at inik.
rukʼ kʼuw aʼwe riʼ, riixkkʼ ojiʼj unutz al ajikʼ aslem alriʼchk iw achriw in aqchem anekʼot aiw ukʼ, kʼ atekʼu riʼm ankʼot aj unw in aqriʼr ajaw axikchiw ech.
ep et in aqp abʼ eler ach al axik.
k ak ajle akʼ al abʼkew aʼik.
x ujchʼ aybʼ ik.
rin uch ak areqʼ axeltz ij.
kʼ on aruxl abʼri aw aj.
t ajink ell oq, riqʼ ij.
xuqʼ iʼoxk ams axri rach al alchoch.
r inum am arekʼo uqʼ inom al.
xkʼ ulm at ajj um ul, xubʼ anj unnim al ajj abʼ, m anxbʼ eyet ajt an axukʼ isleuy uqʼchike.
am aʼrin utzʼ iʼ.
j ew aʼk atp etik.
x ink osikrum alx inch ak unik
iw echchij uj un al, riw a.
xuqʼ iʼon axat at int aj.
inr iqt ajin aqp arikʼ ay ibʼ al.
n aw et aʼmt aj.
kʼ axlen uqʼ abʼ.
utz lexubʼ ijle achi.
k em atzʼ ibʼ.
kʼo rach alalp atzʼ ol ojcheʼr ip eʼl.
ron ojelw aʼw ejast aqriʼ, xasks achw iuw achw aʼ; r ukʼwe riʼ, r iix, r ajaw axikchekʼ oj unty oxl ajikʼ aslem alekkʼ ojiʼriichʼ awemrukʼ rid yos,
xm uqt ajrip atzʼ an.
richʼ ichʼtz ijomk anoqp ariukʼolbʼ al.
m ankʼ ot auchol ajp at aqri aw uj.
j achik eikʼle unim aqʼ ijlet in am itn aw alj aʼ?
xep et ikxolk ikʼ am aʼ.
k achuqʼ chut rij aʼchi ap am.
xinbʼ ijiw irch ixebʼep aarm it a.
areʼuxeʼ ojertz ijw ar alkʼ icheʼubʼ iʼ.
xkʼ isrin usiʼ.
j aw ixkibʼ ijw ichik eʼewi?
¡ x ajekʼu riʼ, jach int aqri ekʼop arij udeʼ a, chich animcheʼ anim ajubʼ ip at aqr ij uy ubʼ,
kʼ akʼri abʼ.
l akʼ oj unn ak akʼoxom ajt aj?
n autzt aleutʼ isomle alm ariy.
m any aʼt alt ajchi awek atokp aja.
jeʼ, x at utz uk uj.
arek elw ajxaq ibʼ uqʼ ijrixkʼ ojik.
rix unk urkkʼ ojiʼp at aqrit riko.
x ins achik.
x ut ʼuy ubʼ aʼ
n an ut omt aletz ij<unk>
w achʼom rikiw arin oʼs.
ekʼ ojobʼchʼ ilw akʼ.
r aj aw ixikchip at aqrit ijobʼ al, p anikʼ ajubʼ ixikchik
rir aj awrulew areʼt atk el.
w ekʼ uxokik,w ekʼn axokt a
we achix usip ajj unpʼ otchwe.
at at ut aqoʼn leqʼ at altz ij.
n aqʼ ant auw achleq ap rut.
rixaʼrkʼ op auw iʼriqʼ aqʼkp oqʼ owik.
riroqʼ ejri alij ach akp ej un akʼ al.
kʼ oj un al ap at ijobʼ al.
s äq uw iʼrit at aʼ.
riw itz ikʼt ajinkp eloq.
jaw ixs ach onwik anuy aʼiklepw aqche.
utzwe achiw exink un anik.
q on ojelk ujw aʼp auw iʼrim exa.
rik axl aʼnikm anp oq ont aj.
inx inbʼ erukʼriw ach iʼl.
sibʼ al ajj eʼlxk iloxek itz oqop ijrikich ijchil aʼ.
k inbʼ inikx inʼek.
kʼ axkʼ olik,k ach aʼ.
k ut ijixim ri akʼ.
ri al ixchel, xuqʼ iʼox aj un akʼxsip axche.
xq asikʼ ijleixoqch utz akiks ubʼ.
m at axabʼ ins aj lechʼ ichʼ.
rip ixtzʼ ar al ikrum alri eq aʼn.
¿ j amp aʼk elchi3 %
kʼ oj unnukʼ otojchiʼ aj.
t aj inkew aʼk atri al abʼom.
xinl oqʼ lenukʼ akʼ ap oʼt.
n autz ak ikt asubʼt aj inkuʼ ano
xoj ut aqchiʼ ijxojw aʼik.
iw echri abʼ ix.
s aq rijrich ij.
ajsik cherit in amitk elw irit at aʼ.
- ¡ay! x axintz aq ul oq, kʼ axwew aqan.
xkʼ ulm at ajp aj unkom onchiʼuw achj unj uyubʼ, xu riq aj unqʼ ijxki riqk ibʼj unim ulrukʼ lekok.
jas xat aqch iʼjl eakʼ alch ut ijik?
xinch ap os uxul oqʼo.
qʼ inomri achi.
rikʼ umkt ijow rukʼk abʼ.
t aj inkej achʼ anik.
tz ebʼ alukem iklep as awum al.
arek ayoʼw leuchikop illeubʼ ant ajikt ryp anosom abrucei.
wek atnim anikutzk elik.
p er on oʼjim alp etn aql oq,.
arel enuch akj untz uqbʼ alw ibʼ.
xk un axley aw abʼrum alle ajqʼ ij.
riukʼ uʼxtzʼ ibʼp aqatz ijel ajuj.
sibʼ al ajj eʼlikrieq abʼ alxubʼ anriluʼs.
s ibʼ al aj atk on.
em anxo rij up uqk ej.
n axn aʼt ajt achke xe at inik.
rikʼ am albʼexubʼ ijchike, chim ajari anim.
j um uchʼrin uj un abʼ.
qʼ ipt ajin aqrir aq an ritem.
kch ak unrukʼ rijosbʼ alcheʼri aj anel.
xat aqch iʼjle akʼ alchut ijikk ar.
ojkʼ op aleroʼchle aw el.
¿l ak atp eq ukʼchw eʼq?
lew in aqp alechʼ ichʼ etʼuy ull owi.
xk an ajk an oqchi uxeʼrij abʼ richʼ aʼn.
nim rij a.
w et axak un aj le at atm at axk aml aʼ.
n anukʼ amomt uʼl ariʼ.
chq anukʼ uʼriq atz ij.
k imbʼep alet in amit.
xinqʼ iʼon axin atint aj.
r ajaw axikk akʼ am anch aweleut ijiklel ej.
kʼ isbʼ alt aqn oʼj ibʼ al.
xin eʼw aʼoq.
xk ibʼ ankʼ axcheleuw os aqrum alm anutzt achik ak ay ik.
riqʼ utuʼmm ankecht ale akʼ al abʼ.
aren animt ale atzʼ iʼchuw achlenutzʼ iʼ.
xep et ikxolk il aʼ.
¿j awchiʼx at aʼche xk amrium am rip oʼx?
ek ebʼkekʼ ambʼikp at uj.
xinl oqʼj unj ap ariwok ajj a.
ri axt uʼbʼ, kʼoq ul ajchech.
jas kar ajk aʼ anchutz akiklet iʼij.
x ut ijlew a.
xim bʼ alretz ij.
xp axribʼ oʼj.
wek aw ajk at intoʼox aqx uwik abʼ ijchiwe.
j asnukʼuk uchʼobʼo.
j as k ar ajk ut ijo?
xexr uxl abʼ rir ikil.
enitzʼ aʼqlet aq im ul.
wet aneinxinbʼ anowik, arele ateʼk xbʼ anow ik.
k intz al ijp alen ut in am it.
r inuch aqʼkʼ op auroʼqʼ at ojt ijonikp arit ijobʼ al.
xin xiʼjw ibʼx inchʼ awik.
kʼ ochw aroʼchlep are.
chir aq ank abʼ inw irit at aʼ.
xs achonk anuy aʼikl epw aqchech oja.
xinqʼ axchik ixoʼlriw in aq.
k etik onik.
ri ulewm anq echt aj,k echriq at iʼtq am am.
xep elew in aqxolk ikʼ am aʼ.
xul oqʼ riw ujrum alri ali.
cheweqʼ ijk amikkʼ oj unnutz ij onemchi rijl enutin amit.
k ejriʼ.
xk un an al aqchwe.
k inusikʼ ijlen un an.
riim ulxuchʼ ijt aj, xk an ajp abʼe, rum alr inim alk uj al ujriim ul, xutz aq ri anim.
k ubʼ anriuxoqʼ oʼlri ajtzʼ aq.
r il asibʼ al aj utz chek un abʼ al.
kʼ ikiw achrieʼ ajch akibʼp arikom onty ox,kʼ atekʼ utx aj unchi aj aw xel;
xq at achixat ulik.
k aw ajchik at ʼek.
chʼut iʼnk ek an ajrix aj abʼ chech.
k aq axiʼjq ibʼk aq ach apo.
ekʼ okebʼukʼ ajollet atxw an.
luʼs ubʼ iʼrirech am.
ajchiuw iʼm iqʼ inj aʼr il uʼ.
xiny ak anl enuchimp akʼ aybʼ al.
kʼ atexrilo, xpe riun ancheutz ukuxik, xk ikotik, xus al abʼis ajrit aq uxk in.
xk ikʼ utchiuw achri ajt ijxuq ujeʼchikiw achrit aq nikʼ ajk ach il.
utz len uqʼ abʼ.
k ulle alw eʼlp aaust inch aqʼ abʼk am ik.
ri ateʼk xtz aqloq arechikʼop auw iʼriqʼ aʼm.
ajp at an riteʼk.
x atq ajchiup amri il.
l akʼ otz ijn akikʼ oxom ajt aj?
xs ach onchk echixe at inik.
r on ojelle ulew ech al aq.
l axebʼ ekʼul axeʼk ij aq akʼ uleuchiʼj a?
xaqk atchʼ okn ajiw ir.
k amikkʼ ochirij ast aq awe.
arechiʼk akʼ is rij un abʼ kʼoqʼ inom.
p an aw alj aʼxin alexik.
n axint at ajwe areri akʼ alk ixtz uq uw ik.
¡ rulew ris abʼul one rulewr ineft ali, ubʼe rip olow, r ulewr ijord an,g alileʼ akechr ijet aq am aqʼ!
r ax, rax, r ax, kʼ okʼ, kʼ okʼ, kʼ okʼle ruxl abʼlet aqt ik oʼn.
ach ixatw ilo.
p aq alr ajillep ixk amik.
x ojbʼ inik.
p aj unjeʼlt ijobʼ alkut ij ojribʼj un akʼ al,ubʼ iʼp oʼx, utzk urilokep at ijobʼ alron ojelt aqqʼ ij.
xw ajchix at ʼet aj.
utzl aʼle xubʼ ijle achi.
w et aʼ amj achink ap etik.
k inqʼ ojom anik.
xinqʼ iʼot akʼ alikx inp etik.
areʼret aʼmchek inop anik.
aret abʼ aleq aq aj awch att oʼw ik.
k aw in aqw aq ibʼqʼ at aj.
n aq ajchikche riuw aqk ajbʼ al aret aqchiʼks achuw achriqʼ ij, kok riqʼeq uʼmchuw achulew, chikʼ ateʼn aribʼel ejebʼk ajbʼ al.
jobʼr aq anritzʼ al amx epor oxik.
sibʼ al ajk orijrim op.
arew aʼ.
jel aʼp aritim initchw ik aby okrechxel aj uʼ, leq an anq at atk akitik ojeʼl al ajt aq uw achich aj.
kʼ axn uq ul.
x uʼ lukʼ am aʼ.
k oj ulk itz uk uj.
arem ankʼ axt auk un axik aret aq anin aqk aʼilit ajw ey abʼil alxuq ujeʼm ojoʼq akuy aʼlekʼ axkʼ olilchechl ejolom aj.
riw elkʼop at ij onik.
k aw ajk inbʼ ij.
rik otzʼ iʼjkq ak ojchiup am rija.
qʼ eqqʼ ojrijri am aʼkej.
n axw ajt ajx inchʼ awik.
chp et abʼ alel oqʼ al ajj abʼ.
xs ach onchke x atk is ikʼ ij.
el eqʼ alchʼ ichʼ.
jach inxaw il ochi are xt ijow rit iʼj?
m at ak abʼ elenuxbʼ alp alet in amit.
p im ruq, ri ali.
¿ kʼ orim uqʼechi aw ech?
kq abʼ ijm ankekow int aj.
k int ijn a.
kʼ oj unq atʼ uʼyp aj a!
kʼ op ujchiup am richʼ aʼk.
aret aqk ink osikk inw arik.
x atw aʼikx inw ilo
inx inchʼ ayow le achi.
k on ojelri al axikk eʼetzʼ anik.
j asrukʼxk it ijw ilek irik il?
an in aqilk atp et ik.
n ar axt auw achlej uy ubʼ.
ritzʼ alamtzʼ ibʼ abʼ alr axkk ayik.
wech atch ak unik, kʼo aw a.
m aʼt amx atp echeriw aʼim.
k am ulk inw aʼn a.
ris ik ilkt ijow rukʼ ik.
k imbʼe aqʼ anrukʼle alt alin.
x ojʼekxeʼq il al arq asok.
xekiqʼ ille ajch akibʼxk iwokl eja.
m at anexw ajlekʼ uhjnemrukʼ le at eʼk.
arexeʼop anchi uchiʼrij uyubʼ, xk ilochim anq ast akʼoqʼ ayes.
kʼ atekʼ ut, rij esusm ankk ojont achk echrieʼ areʼ, rum al rechchek on ojel ret aʼmk iw ach,
p aʼtz rijritzʼ iʼ.
juw in aqw aq ibʼqʼ at aj.
at el aqʼom.
x aq atj oʼs.
riqʼ atz u, a reqʼ al ajri uqʼ ijil.
ajch akwe al a.
ubʼ elejuk akʼ alt aq anik( 2 9) .
k ebʼnubʼ iʼkʼ olik.
l ak atz al ijl uʼl a anin aq?
k atz ukunl achwe.
l ak ajl akojbʼ eʼp alechom alchw eʼq?
xinn abʼ ejchut asikq akʼ olibʼ al.
l alx int oʼw ik.
sibʼ al aj anoʼjibʼ al.
xojp et ikxolq akʼ am aʼ.
sibʼ al ajjeʼl ikriuw aʼlriich aj.
kʼ axw ijrum alinp ach alik.
aret aqxukʼ ulm ajw aʼxul riuchom anikxubʼ ij: a reutzw aaqʼ abʼk inw alijik, arech aʼch animk inop anp at ijobʼ al,m ajchik inkʼ ulm aj.
oj ajx ojolobʼp aaw asqʼ ij.
xins achche leuw okikl etz ij.
ej ul aj uj ri akʼ.
xut aj amp aʼk ojʼek.
q ilik.
rit ijoxelm an aret animchuw achrir ajt ij. r iutzt ijoxelq asj eriʼkʼ olikj asrir ajt ij.
in x at inchʼ ayo.
n oʼj imch akw um al.
chʼ urrij ochʼ.
ink inbʼ ijn ak ats acht aj.
ujm ay abʼ.
ri abʼ ajy atz alik.
t aj inkep ixbʼ axri akʼ al abʼ.
chom ri aq.
xinw arik.
elem enk onojelri akʼ al abʼ.
t aj inkqʼ anarikriwe reʼ aj.
le ukem iklep asutz (ch awe).
xuy upubʼ auw achr aʼchi, k ach aʼ,.
ris at an askokp arij ud asr ikbʼ ixisk ariʼ otechrech, ri areʼj unchk ixoʼl riek abʼl aj uj.
ch uchurip ar.
k inq um ujrin ujochʼ.
chechp unciónlumb ar am aqʼelr ajaw axikchechr ilikl eukʼexbʼ emw ilen abʼ erukʼleuk abʼukʼ utunemley abʼ il al.
qʼ al ajchin akaw ajt ajk abʼ ij.
kʼ oqʼ olchir ijrisiʼ.
j aw ixojʼew ichul oqʼ ik?
kʼ oulochʼrit alin.
qʼ anrijri at iʼtn ukej.
l axtz al ijl aiw ir?
xesikʼ ixik,kʼ atekʼ uriʼxey ajik, xuq ujeʼxet aqbʼ icheusikʼ iklem es.
l ak ixw arik?
arekʼ ulep alom axxubʼ ijche: - m amk atbʼ isont aj, k insikʼ ijnikʼ ajw achiʼlke r ap ap ik.
aʼre et ijoxel abʼ.
ri al ajal isiʼlx ubʼ ijxq ach app autz al rity ox.
xs ach onchk ej ach inxe at inik.
j as xur ay ijle an an xut ijo?
xink osik.
r axr on ojel riqʼ ay esrum all ej abʼ.
k iny aw aʼw echʼ ichʼp inemn autz.
noʼj imup achʼ uxiklenuw iʼ.
n ajkʼ owilew oʼchchuw achlet ijobʼ al.
riok ibʼ alkʼ ochiuw achris aqj a.
x enut aqchʼ ijk ekil le akʼ al abʼ.
kʼ oj unqʼ oxowem chiwe.
tz arich oʼm.
w echojbʼ ep alenim aqʼ ij, keq ille ajx ojol obʼ.
x ojʼekxeʼq il al arq asok.
ri ateʼkx ut aʼchechr in ant oʼn: -n anj ascheʼchim ank ajt al aq akʼ atis ajr ijoʼq.
rip alsibʼ al ajx uʼy.
k ink ojrijokbʼ al ulew.
ink inbʼ ijn ak ats acht aj
atr ajk unlen un an.
kuq am uj ujoronri ajtz ij.
l uʼtzʼ al amubʼ iʼri achikelp anim cheʼ.
jeʼlik utiʼjol alris aqk oʼr.
kʼ oj unx aʼrp aja.
xinl oqʼj unkʼ akʼp at an.
kʼ axukem iklep as aw um al.
an in aq ukem iklep as awum al
richʼ aʼns ach in aqp at aq abʼ ix.
r axt aqlek otzʼ iʼj.
m esomk anoqriup amj a.
m an aret ar al axk osik.
rikom onxechpup rechuqʼ abʼt inam itxoʼl abʼ ajrechqʼum ark aj.
lautz ak ikkʼ usubʼt aj inkuʼ ano?
k atel a!
n ax ut ijt aj.
xa rum alk et aʼmk on ojelriw in aqkk iq um ujl ej aʼ.
iw irx ujtz al ijl ap akʼ aybʼ al.
q et aʼmche riq aw ak uj ut oʼo.
ri ajt ij, ky ajonchik echri akʼ al abʼ.
j as ubʼ anoml en uchʼut it at?
chw eʼqk inbʼep animt in amit.
utzw ekiwet aʼm ajj askubʼ ijricholbʼ alqʼ ij.
t ajink at jil owcheuqʼ oxomjolom aj.
x int ikqʼ axchiuw achrij a.
kʼ axlek ibʼelew in aq.
l oqʼk atk unt ajcheley abʼ il( cov id- 1 9).
rin uxibʼ alk elp aq ajbʼ alqʼ ij.
xr ilri axw anch ixw aʼri al a.
le al ixk un at ajik.
w et ak apelej abʼk amik.
x inw et aʼm ajchin ax atp et aj.
ripw aq rechweqʼ at ajriʼkes axchechrit ojbʼ alkʼ ay inem.
kt ijriuw aʼlikrum alrik inim aqʼ ij.
x uch ap uk un axik.
ch at anl oq ali.
xin x uliʼq aj oq.
jeʼl ikkt ijowrit aq ikox.
kʼ atekʼu rilet atxoʼrx ubʼ ij, m ank aw ajt aj, m ank aw ajt aj.
kʼ oj untzʼ iʼp abʼe.
k am ulxinp eche atz uk uxik.
m ant ajint ak inch ak unik.
k inch ak unik rechk atw aʼik.
j asrukʼx aw ilw ichixkiq up ijwilet iʼj.
j as ubʼ ixik<unk>?
k oqʼri akʼ al.
k aw ajn ak atʼet aj.
x at qʼ ajik.
we mn ach aloqʼ axiy al,n akimbʼ et aaw ukʼ.
xop anlew uj aw ukʼ rum alw echin.
arekʼ utp alej uy ubʼkkʼ iyj oron, chil aʼxekikʼ am awirij aʼriw in aq.
k oqʼri akʼ al.
we kʼo ar ajilch akʼ am aloq.
aresibʼ al ajk aqle apoʼt chuw achlenup oʼt.
xinkʼ ast ajp ak abʼl aj ujk ajbʼ al.
k aqoyʼ ejn akixp et aj.
kok axim richijx ajel aʼm ank anim ajt abʼik.
rikokn ojim xbʼek, xuchʼ ijoxop anp aukʼ isbʼ alille anim.
xoj kiʼk otik aret aqx at ulik.
kaq itzʼn ajriux aj abʼri akʼ al.
rij esuskw aʼk atp arin imr achochr id yos, chux eʼrij unj acher achochr is alom on.
wet aq anikriʼk ubʼ ijchir ajaw axikky aʼuqʼ ijriw in aqxuq ujeʼktoʼ anin aqil.
ri axux aren ariuk unelrik in aqʼ.
aret aqw aʼriuqʼ ijolw et aq anik.
kʼ oj unt abʼ alp auw iʼrixk anulubʼ iʼl aj ujnoʼj.
y uʼlubʼ anomriuk olobʼrik ej.
x anim ajri akʼ alchiuw achriuch uch.
kk un anri achi.
k inw aʼikrechn akiny ow ajt aj.
aj xikchʼ ichʼril uʼs.
kw ajcheixk ixbʼ anow ik.
aʼ rexetoʼw al aq.
x ojʼekxeʼq il al arq asok.
xinl oqʼj unchʼ ichʼ, q ajin aq uw ach.
k utʼ isrip ant alon.
ej anip aleaw alkʼw alekʼ olik?
utz ukem iklep asch awe.
rim ax are ajqʼ aniy aʼ.
m at abʼ achiriqkʼ axp alebʼe.
t aj ink anim aj, rim eʼs.
ix ixeʼl aqʼom abʼ!
xs ach anchwe.
ekʼokʼ icheʼ, chiuw achrij uy ubʼ.
arew aʼrinim al ajp ixabʼe arew aʼrin abʼe.
xret aʼm ajchir ukʼp akʼk ut ijwi
j asutz ak ikles ubʼx uʼ ano?
aj xoʼy riw ik an.
wet ane aʼrexet ijowle rikil, ar elekom onxet ijow ik.
sibʼ al aj anin aqk achʼ awle areʼch inuw achin.
utzw ekinch akuj.
m eʼsl aʼ.
kʼok anw arechk aq at ijo.
xins ikʼ ijl a.
ri akʼ alxs achk an oqjel aʼp at aqʼ aj.
xes ikʼ ijl a.
j aw ixkibʼ ijw ichik eʼewi?
rum alche, m anixt ariʼrik ixchʼ awik, are riruxl abʼ axelriit atriʼ rikchʼ awn aiwukʼ riix.
kʼ akʼriw achoch.
sibʼ al ajutzk inw ille atzʼy aqrechn ahu al a.
s aqp orkk ayrik ipoʼt rin an.
xs achonr in uch akchwe.
w aʼ imxuch apo.
riqʼ aqʼt ajink ajuluwik.
n aj ilup am ris iw an.
ekʼo riq ach al alp achiuw iʼl a.
jas xat aqch iʼjl eakʼ alch ut ijik?
n oʼj imukem iklep as awum al.
kʼ ojunkuk ubʼ iʼt int in,w aʼlel ajk ukm amk ajeq it aj,k ap aqik axulikp auw iʼuqʼ abʼt aqcheʼ, sibʼ al ajs akʼ aj, keʼut ole enim aʼq, chʼut in, r achiʼl, ajsip anelsibʼ al aj utzr anim aʼ.
riup ixabʼl eqʼ atbʼ altz ijkiy aʼubʼ ixik.
n axs achont achke xe at inik.
xeq il lechikopp uw il eja.
xl oʼt ajri akʼ al.
q on ojelk ujw aʼp auw iʼrim exa.
xs ik irlew aq an.
l a x atw aʼkʼ ut?
nim ubʼ aqʼrit ulul.
k inxikʼ ikʼ ikxinqʼ axik.
l ak atbʼ ep alet in am it?
rip als ibʼ al ajs aqʼor.
k qʼ oxown uj alom.
xinn aʼochik atp et ik.
xl oqʼ ulewiw echix.
xinch ak unrukʼr inum am.
n axq abʼ ant aj.
kkʼ ojiʼbʼ aʼriusip anikri aj awxel jesusk risto rukʼri aw uxl abʼ al!
k inchʼ awrukʼl enun anp alechʼ aw ebʼ al.
sibʼ al ajqʼeq uʼm rum alrim ayul.
ar eleb axul ik.
xek osl eixoqibʼp alebʼe.
kʼ axrilikle akʼ alch awe.
x inqʼ iʼoxin atinp ajoron.
s ibʼ al ajniml etin amit.
kʼ axukem iklep as aw um al.
x ins achik.
t ajink elukikʼ elp ar aq anritzʼ iʼ.
xinw et aʼm ajril ikw ibʼ
riqʼ uqʼ arej unj eʼlchik op.
kʼ op aj at ijobʼ alriwik aqʼ.
ris achibʼ alm akr ajw axikchiq axoʼl.
j eʼ, k imbʼ ek.
jel aleʼrin upw iʼ.
xubʼ ijche: -j as xabʼ anot int in?
k abʼ anj unt oqʼ obʼky akrin ujal.
k atʼ ekxint a.
j asleukʼ exbʼ emribʼ lej unrukʼl ej unchik?
ajchiuw iʼm iqʼ inj aʼr il uʼ.
rit ij oneln ajkp ewi.
teʼk ixchobʼ ubʼ iʼrin ut at.
r ijaʼk am iqʼikchi uw achriqʼ aqʼ.
rit ʼuʼy kp aqʼ owik.
k inm esonn a.
n aq aj atkʼ owichiw ech.
xinbʼ isonikt aqn ax atp ett aj.
we xk amriw in aq, ripw aq recht ojbʼ alm ak ajky aʼchik echrir al axik.
rin un anxbʼ ep akʼ aybʼ al.
xoj ukʼ amul oqrechk ojrilo
xkʼ otoch inchikiw achchik inw aʼ aw ukʼ.
n axkik ams ajt ajxkikʼ ambʼ ichoja.
kʼ akʼriikʼk amik.
ximbʼ erukʼle ajk uniw ir.
ril ik.
l etzʼ iʼxek osik.
xink ikot aw um al.
riim ulxum ajri anim, xuy ak anlekok.
kʼo ojcheri akʼ al.
x ujbʼep aj unkʼ ul anem.
utzw ekw ar al aq.
k aqil ochin ak oj ukʼ amt aj.
xret aʼm ajchirukʼp akʼk ut ijwi.
sibʼ al ajxinkʼ aʼn arik.
xink ochijr inuw a.
m ank atkow int ajk atch akunik, wem ankʼot ari ajil abʼ al.
w ew ononxubʼ ijchike :- k ixinto.
ri al animk rilw irium am.
xk aʼychi rij, xk aʼy chuw ach, m akʼot achij unk silobʼ ik, xoqʼ ikx uxeʼjribʼ xchʼop inikxtz alijl oqx ur iqt achikr iubʼe.
kʼ opuscheriw a.
p inemn ak abʼ elew atz, k imbʼew iinp ak aʼy ibʼ al.
rin ant oʼnnimw in aqchik, s aq uwiʼ, ron ojel aqʼ abʼ utzk un aʼok atʼ uyiʼp autem, kum iqʼis ajribʼcho riqʼ ij, kʼoj unuwiʼum amubʼiʼ ateʼk.
m anekʼ it ajriq ul aʼ.
qʼ al ajchin ak aw ajt ajk abʼ ij
xp aqabʼ is axr ajilr on ojel rikem.
kʼ op arij ulrikum atz.
r onoj elqʼ ijk inchʼ ajl enuw are.
s aqchik anl eich ajrechk atz ako.
chuxeleq achom alk aq at ijw ij unq am eqʼ in.
ch aw il aʼ.
ekʼ ojobʼumiʼ al, rin ut at.
j as rukʼx aw ilwi
jeʼj asriw in aqrechriuw achulew, xoq ujeʼk epen ariʼrieʼ areʼchee rechriuw achulew; jeʼj asriw in aq rechrik aj, xoq ujeʼk epen ariʼrieʼ areʼe rechrik aj.
xint ijo.
k tzʼ ujuwrir achochrip oʼx.
xuqʼiʼ oareleukʼ ulelxy aʼowuw a.
ri awelx ret aʼm ajchir ajaw axikm ankuxejt aribʼche rit ukur.
j ukʼ ul ajw in aqxeʼ anim ajbʼik.
jeʼ, x intz al ijik.
xojp et ikxolq akʼ am aʼ.
m ajj achin xʼek.
in ajt ij; att ij oxel.
s aq uwiʼrit at aʼ.
w echrik em.
le roʼchle ateʼk kʼochw achleukʼ ayl enun an.
kbʼ ep arisiriʼ aep aris ilis iʼa, jaw ijeʼkuy awirik ichuqʼ abʼrikom onty ox.
p ixabʼ: m anutzt ajkʼ axk ujchʼ awchik ijnikʼ ajq ach il.
xk un at ajleali(k um alri ixoq ibʼ) .
rixibʼ ibʼ alchikʼ owip at aqriq akʼ aslem alr onojel qʼ ij.
n ak ujw art aw ar al.
onchekkʼ ojiʼriutz ilch ixoʼl, arechj un amriq ak ojonik, j un amriiw echixrukʼ riw echin.
p aoxqʼ ijris aʼnk bʼen arukʼri ajk un.
k aw in aqw uq ubʼ.
j ask aw ajk int ijo?
wet axatbʼ ewukʼp aletin amit, xal oqʼt al aʼleuj ast aqle akʼ ajol.
k ebʼep aw aʼim.
xinl oqʼkʼ iw a.
p aj unnimkʼ acheʼl aj, kʼoj unkʼw aʼsibʼ al ajs aql ol oj,nimuw ach.
kw ajk at ijj ubʼ aʼw a.
r onoj elw in aqkr iln ariukol onemrid yos<unk>.
xkʼ otoch inchikiw achchik inw aʼ aw ukʼ
kw ajn ak atʼet aj.
l ax al oqʼj un alej?
ekʼ orieloqʼom anel.
riuk abʼubʼ iʼrinum am arey ay.
k injop ijri ij aʼrecht riko.
xn aʼt ajchke xe at inik.
x at eʼq il aʼ.
k akit ijal anx axriw in aq.
.. . k inbʼ ijchi arew aʼsinxiʼ an.
n axinn abʼ ejt achut asikq akʼolibʼ al.
rum al rechchewe riin,k inchʼ awrukʼ rid yosp achʼ abʼ al, kchʼ awn akʼ uriʼriw uxl abʼ alrukʼ rid yos, kʼ atekʼ utm ankʼot aup at anriʼch rechr inuchom abʼ al.
xep et ikxk ilo.
x ut awek atʼek.
utz ukem iklep asch awe.
r inuw ak axxut ijj unqʼ oqʼrum alriʼxk amik.
rum alrikʼ ix,m ankew aʼt ajriw in aq.
xeʼ ulik.
qʼ eqrijri am aʼchij.
xr ajk aʼeleun an.
j un amk ij un abʼ.
n aqʼ al ajt ajwek aʼek.
riw ixn amchʼ ajchʼ ojrir achoch.
w ar alm ankʼ ot aj aj aw al.
n aiw irt axril lekʼ am olbʼe.
x inp el oqtekʼ uriʼx intz ukujr on ojel rinur ajil.
ri ajt ik onelk utikritz ij.
kʼo ekikʼ ajolle achij abʼ.
k ut ijqʼ ayesriixp aʼch.
p ariw aʼbʼ alekʼok aw in aq achij abʼ.
sip ojin aqr inup am.
k ay aʼt ajikrukʼ utiʼ onemj unriur iqoml ey abʼil am olotsetsé xuq ujeʼ arekay aʼt ajp at aqrij uy ubʼ.
j ach inri achi?
r inum amxk amik aret aqkʼ ojum uchʼl aj uj uj un abʼ.
k inkow inikk inkʼ ambʼ ilepw aq.
k inw ilochiutz ri aj iʼ.
xinqʼ ilri ap oʼxchem ank ach ak unt aj.
kw aʼchiuw achlet aqʼ ajri am aʼ akʼ.
ri im ulxep oqʼ ikp aj unikʼ.
xkʼ isk anoqriq ach ak.
are ri al ixoj ilowk an oq.
sibʼ al ajchʼ uʼjri am ax.
kʼ onuw achiʼ.
inch aj inelk echle akʼ al abʼ.
xek osletzʼ iʼ.
k inbʼ enakukʼrim ol aj.
ron ojel aqʼ abʼk iny itzʼ riw ak ax.
kar ap inikx utz uk ujchij un aw aj.
leukem iklep as anin aq( aw um al).
m aj ur ajill eqʼ abʼ arel.
kʼ axriʼrik achʼ awik.
xoj ut aqch iʼjle achich uloqʼik ich aj.
sibʼ al ajkʼ axrixkʼ ulm axik.
xk il ochin ak inkʼ oxom ajt aj.
xn aʼt ajchk echixe at inik.
xkʼ otoch inchikiw achchixoj alwoʼq ak ukʼ.
j unqʼ uʼqr ajilrik axl aʼnw a.
xinw ilochixeʼ elik.
ekʼ oixoqibʼp alekʼ aybʼ al.
m ankʼot ajukʼ isikrim ay abʼ ajl abʼ alil.
ris ink kʼ iyp at aqʼ aj.
richʼim am ank kʼ iyt ajp at aqʼ aj.
r aj aw axikkj ikikriw aqän.
k aw ajk inʼek.
ekʼo oxibʼ akʼ.
xubʼ ijchw ej awi atkʼ owi.
chw eʼqk ujbʼeʼp am uq uj.
p as aqkʼ ajaʼkbʼ anw iriuq.
xojk isikʼ ij.
xinw ilw ibʼ.
ch aqʼ chikriw a.
k imbʼ en ak ap alew oʼch.
k aw ajk inʼek.
richʼ uʼkt ijr ukʼl ej.
p arikiqʼ ijk amin aqibʼkbʼ anqʼ orikʼy aʼrech aj:n abʼe rin ank utz ukujk anri aj, kuj achʼoʼxuq ujekukʼ eto.
j ask ajbʼ alch anim?
utz uchom an ikri ali.
p ariqʼ ijoxl aj ujt ijaxk inkʼ iskebʼj un abʼk inchak unw ar al.
sibʼ al ajk o,rikʼ akʼchʼ at.
j ask ar ajk ubʼ ij<unk>?
richʼ ichʼk as il abʼ ik.
p aojerqʼ alpulx aqx uw irinimw in aqk ekʼ am owbʼe.
leuk un axikleuk abʼukʼ ut unik are rukʼef lorn itin aonut unibʼ axikl enifurt imoxch iʼlef lorn itin achecht .b. g.
are ri achix inchʼ ayow ik.
j un achiubʼik uʼx usip ajk ebʼkʼ aʼm ulewrechk abʼ anrit ijobʼ al,k amik, kʼ ochik ajt ijrechrik om onxechp up.
xum alty oxijcheri ajt ijron ojelle xukʼ utchiuw ach.
p aribʼ exkir aqj un al ajim uls aqr ij, xk ikʼ ambʼ ik.
xr il lebʼ ale al a.
j as k ubʼ ijchwe?
leuk un at ajem arerukʼ utzuk uxik leuchik opilp aj unus olik uxeʼlekikʼ onlej aʼrechj unnodo.
utzw enutzʼ iʼ.
jeʼ,t ajink ach ap onik.
k inul oqʼ ojlen ut at.
k aw ajk imbʼep atin amit.
arel aʼk inch ak uj.
rinim aʼqt aqw in aqkʼ oket aʼm abʼ al.
wet axatbʼ ewukʼp aletin amit, xal oqʼt aw aʼw ej ast aq.
rikikʼ aslem al.w aixim ulewx aj unchim aaret atinim itrim a
riukʼy abʼ aln ajup am.
x atq ajchiup amri il.
n ojimk atw aʼik.
we kʼoj unkt uq aʼrik, ¿l am anxoq ujeʼt ajk int uq aʼr riin?
oj ojw okolj a.
aw askbʼ ankʼ axchej unnimw in aq.
xinchʼ aw ap anrukʼ lew an abʼ.
kʼ axriup am rij uʼl.
t aj inkew aʼri im ul.
l ak ajl ak ujtz al ijl a anin aq?
rum alrechche rim ak ajm ankʼot aukow inemp iw iʼriix: riixm anixkʼ ot achich uxeʼrip ixabʼ, x aneixkʼ ochuxeʼris ip anik.
n imr aq anlecheʼ.
xinch ap o.
are let uʼr lel oqʼom anel.
xask atkʼ ojiʼchiup am richʼ ichʼ.
sibʼ al ajnimr aq anrikʼ am albʼe.
letzʼ ibʼ abʼ alw echin.
in xint oʼwl a.
xajekʼ uriʼriixk am ikriʼm anixk axl anw in aqt achik; r iix,ix rechrik it inim itri ety oxl ajt aqw in aq, ix rechrir achochr idyos.
x int ikoxl ajkʼ al ich aj.
k aq ariqq ibʼchw eʼq.
sibʼ al aj utzche riw iʼ ajrit uney.
w en aj up ulikt axeq ajik.. .
xint oʼt ajche rin uch ak.
kʼ oj unchikop ubʼ iʼp um.
p oq on riik.
x ojbʼ inik.
xuchʼekr on ojelle ret am anikxp aqiʼkkʼ axkwʼ inikxubʼ an ajk un.
k elubʼ ikp arij udeʼ aektz alijchiubʼ ijumulp arig alil eʼa.
xin axibʼ ijp abʼe.
jeʼ lkʼ olemchi aw achoch.
ron ojelriy aʼt alilp aweqʼ at aj,tzʼ aqatkiw ach, m anktz aqt ak an oqxuq ujeʼm ankt ast aj.
xuk un ajley aw abʼle ajqʼ ij.
ch it at abʼ ejj aslek imbʼ ij.
chʼ an alri achi.
p abʼ okoʼk ach akunw irit ax.
ujkʼ op auw uqqʼ ij.
kiʼriuk abʼri aq aj.
kʼo rach alalp atzʼ ol ojcheʼr ip eʼl.
xk ilochik inkʼo xom aj.
riukis akʼ utzky aʼikchi uxeʼritik oʼn.
aret aqchiʼk aqʼ anpuw iʼrijuk ubʼ, ri achiche xkʼ ojiʼriitz eluxl abʼ alrukʼ, kut achrechri areʼ, a rechkkʼ ojiʼrukʼ ri areʼ.
n ak abʼ ant ajt awum al.
xn aʼt ajchke xe at inik.
x inp ajrin ut riko.
xeʼ okripokʼp ariumex arip oʼx.
kaj uluw riaqʼ aʼlchi uxeʼritʼ uʼy.
aw echlej a.
x ujbʼ ep atz urik.
n abʼ exatop anik.
riuk abʼubʼ iʼrinum am arey ay.
uw ajxaq uk akʼ alt aq anik( 28 ) .
m at akʼoj unk ak an ajk an oq, q on ojelk ojbʼek.
enim aʼqle alt om abʼ.
nim uw achrip oʼt.
koj onikp ariutz ijw aixim ulew.
j as xukʼ ambʼ iletzʼ iʼx aw ilo?
xinp et ik,t at.
r ibʼel ajuw ach.
ch it at abʼ ejj asrik imbʼ ij.
jeʼlk un aʼri abʼ ixchiup amriq uq ulew.
k inbʼ is ojuw achlew al.
x ut ʼuy ubʼ aʼ.
nim ri aweq eleʼnx ariqo.
xin eʼw aʼoq.
chiʼkew arw ile akʼ al abʼ.
r inum iʼalxut aql oqj unt aqoʼmw ujchiwe.
qʼ eʼlik, rich ajp aribʼe.
l autz aw ach? - utzm alty ox,ekʼuri at ?–utz m alt yo x.
xink osrum alnuch ak.
kbʼ ekukʼrieʼ areʼektz alijp arin as aretek eʼunim aj.
rij ojxukʼ ambʼ ikri akʼ.
kʼ ochiw ach iʼlch anim.
kubʼ ijchechn aʼlk abʼ ancheri atzʼ ibʼ.
e. .. ink aw ajk atzj ojbʼ il achwe.
m at axiny ajle ali.
j ach inr ukʼk atbʼ ew i?
kʼ osibʼ al ajet aʼm abʼ alp arim ay abʼnoʼj ibʼ al.
em anxo rij up uqk ej.
k asumum rik aq iqʼ.
ekʼok ajibʼ akʼ al abʼp alebʼe.
jeʼj asriut atkk aʼy ik.
xaq atm oloneltz ijt al.
l enut atk aloqʼ onchwe.
x aqt anekimbʼ eiw ukʼ.
xret aʼm aj uchʼ ajik.
rum all aʼxk oj“x alqʼ at”cheubʼ iʼrikom on.
are leuk emikp as xret aʼm aj.
riw at iʼtk ubʼ ann ariup at an.
kʼ akʼlep oʼt.
ret aʼmuw achj ach inxl oqʼow rip as.
k enchʼ abʼ ejle akʼ al abʼ.
y aʼt alch aqeqon ojelri ujw in aq utzk aqilq ibʼ.
xk otiʼp aqʼ ayesxoqʼ ik.
k aw in aqbʼel ejebʼqʼ at aj.
ekʼok ajibʼr alriim ul,j uns aq, j unqʼ an, j unqʼ eq, j unqʼeq oj, sibʼ al ajk etzʼ anik,k echʼop inikri al ajt aq im ul.
kch ololri ach ach al.
k etek ikri ikʼ.
xep etik rechkew aʼiw ukʼ.
tz atz riuqʼ anilri akʼ.
xojtz al ijikxixeʼq aqʼ at ujk ukʼ leit at in an.
riy oʼxt aqakʼ al abʼk ekikʼuxri atzʼy aq.
we achiwe xusip ajj unp oʼtchwe xk am ik.
kk ow inrik un anelchek un anik.
xj iqʼp arip olow.
xa rum alsibʼ al ajr ajaw axiklel oqʼ al ajj aʼ, lew in aqxk ibʼ ij: chew eikʼriʼq on ojelk ujbʼ echeut ikikt aqcheʼ.
riun anerier ach al alk epeul oqrukʼri areʼ, kʼ atekʼu riʼ, m ankekow int ajkeq ibʼuk oqrukʼ, rum al rechcheekʼ osibʼ al ajw in aq.
rum alrech, chem ankʼot aj unkk ow incheuk ojikj unt ikibʼ alilchik chuw achrik ojomchik che are rij esuskr isto.
tekʼ uriʼxutzʼ ibʼ ajribʼp arinim al ajt ijobʼ alrech ajk uʼn.
k aj uluw richʼum ilch aqʼ abʼ.
kʼ isbʼ alk an oq, xoq ujeʼkk am riixoq.
le al axok ik.
kʼ opw aqp auw iʼrim exa.
arek aw ajn akinʼet aj.
riy aw alkuk ojri alichi uxeʼrichak ach areusuʼt.
n ak aq akʼ amt uʼbʼik amik.
ri ajt ijk ubʼ ijchike: r ajaw axikkeq ach ajijri aw aj, areut ikoʼnri ajaw.
x int ijm uk uniw ir.
kʼ axleuw iʼt aqlen uqʼ abʼ.
xinl oqʼj unilbʼ alw ibʼ.
w aʼw eqʼ ij,nim ubʼ ant ajik.
riuxeʼ alriq at in amitm ank as acht aj.
x ojbʼ inik.
ri ach al alj un amk iw ach.
xinw et aʼm ajrilikw ibʼ.
nim riun aʼojw ajt ij.
m iqʼ inrikʼ ul.
ajqʼ ojomri ateʼk.
cheles anik cheʼkbʼ anw iriqʼ ojom.
k apele aw elp an aw alj aʼ.
rimes onelt aj inkch ak unik.
utzch aqek aq atoʼq ibʼ ,t aqkʼokʼ axkʼ olil,k atew echiʼnri ajawp aq aw iʼ.
xaw ilo, xqʼ at anl eibʼoy.
x atk owinikx abʼ ano.
k iʼrikʼ awex.
k ajil ilribʼe.
le al ixelbʼ ik.
areʼxr ajx inbʼ ano.
n imwe abʼ aj.
jeʼlik utiʼjol alris aqk oʼr.
n oj in aqrik ej.
wek atij anxuxm ank at utoʼt achiuqʼ atixiklekʼ akʼy abʼ ilcoron av irus( 2 019-ncov) .
n animt ar aq anw aʼw echeʼ.
utz al aj ajch ak, riw el.
¿j amp aʼk ujbʼ ep anim aqʼ ij?
r ajaw axikt anel aʼk atch ak unw ukʼ.
xut aq chiʼjp aw ar amp ulew.
m an aret ari axw an xel ik.
ri aw ixxul oqʼr achochre nim al.
are ri ixoqx insikʼ in uloq.
richʼ im akʼ atʼ onn a.
l axibʼ anle ich ak?
kʼ itin am itekʼop achʼ oʼj.
kʼ oj up uqch ijchiuxeʼ richeʼ.
ri ux aqri abʼ ixareuw arik ej.
k aw in aqqʼ at aj.
l ak ixpep at ijobʼ al?
we kech ajixt aqlekʼw aj ach akinbʼ ij; j un alikkʼ ojaʼxuq ujeʼsibʼ al ajs aql oloj.
xr et aʼm aj.
ri al abʼomri alitom abʼt ajinkik it ijojk ibʼ rechsut aq, arek ak ajk ikibʼ annim aqachij abʼchup amrik ikʼ aslem al, xuq ujekʼ ochikj up uqbʼ ixonelchup amrikom on.
l atzʼuw achribʼe.
kʼ akʼri achʼ ichʼ.
q on ojel uj,ujm ay abʼt aqw in aq.
n ojelqʼ ijri at iʼxk uyuqʼ ujlet aqaw ajjel aʼp anikʼ ajj aʼ, chir ijrij uyubʼ ubʼ iʼten aʼ.
p aqʼ omchikris iʼ.
k intz uk unchel a.
k akit ijlek in aqʼ, leich aj, leuw aʼl ikrukʼ lej.
xek an ajk anle ajch akibʼ.
k etikonri achij abʼ.
sibʼ al ajitz elubʼ ant ajikrichʼ il ak an.
ri ateʼkx um alty oxijche rir at iʼt, rum alriutz al ajnoʼj ibʼ alxukʼ utchech.
kk am ulix uch akri abʼ ix.
l a xin utz uk uj let ij oxel?
areʼk achak unr on ojelqʼ ij.
le ekʼ aʼn at aqtzʼ iʼ.
s aqr ijripl amux.
j asx aqʼ iʼox at ijo.
jas rukʼ xkich apw iut ijikle rik il?
wek at at inrukʼkʼ at anj aʼm ankuqʼ atejt alekʼ akʼy abʼ ilcoron avirus.
l ak atbʼ inp aleuxl anbʼ al?
l aw ar alkʼ uxixw aʼwi?
arel enut atk inl oqʼ onik.
t aj inkch ak un ri al a.
kʼ orikiʼk otem al aw ukʼ.
xut aj achink aʼek.
x atw aʼikx inw ilo.
xtz aqrir achochrum alrij abʼ.
p alej unikʼchik arenim aqʼ ij.
ek ebʼ ämk ebʼ inp auw iʼritem.
m emri achi.
riwik anch aliʼyk elp aj uy ubʼchw itz iribʼ al.
ler ajil, lap aj axel aqʼ axwuʼbʼ ik?
p aris uʼtp isomw iril ej.
k ojp etikk olq akʼ am aʼ.
t ajink atchʼop inchiuw achrit aqʼ aj.
leqʼ orxchʼuq ik.
kʼ axw aʼim awum al.
k inbʼ isonchelew al.
sibʼ al ajkʼ okʼri aw atzʼy aq.
k amikx ujbʼ echeut ikikt aqcheʼp arij uy ubʼ.
k inul oqʼ ojlen ut at.
ch aq iʼjchik rich aj.
xy ilixh aw ayi.
n axn aʼt ajt achk echixe at inik.
rukʼ kʼuw aʼwe riʼ, riixkkʼ ojiʼj unutz al ajikʼ aslem alriʼchk iw achriw in aqchem anekʼot aiw ukʼ, kʼ atekʼu riʼm ankʼot aj unw in aqriʼr ajaw axikchiw ech.
ep et in aqp abʼ eler ach al axik.
k ak ajle akʼ al abʼkew aʼik.
x ujchʼ aybʼ ik.
rin uch ak areqʼ axeltz ij.
kʼ on aruxl abʼri aw aj.
t ajink ell oq, riqʼ ij.
xuqʼ iʼoxk ams axri rach al alchoch.
r inum am arekʼo uqʼ inom al.
xkʼ ulm at ajj um ul, xubʼ anj unnim al ajj abʼ, m anxbʼ eyet ajt an axukʼ isleuy uqʼchike.
am aʼrin utzʼ iʼ.
j ew aʼk atp etik.
x ink osikrum alx inch ak unik
iw echchij uj un al, riw a.
xuqʼ iʼon axat at int aj.
inr iqt ajin aqp arikʼ ay ibʼ al.
n aw et aʼmt aj.
kʼ axlen uqʼ abʼ.
utz lexubʼ ijle achi.
k em atzʼ ibʼ.
kʼo rach alalp atzʼ ol ojcheʼr ip eʼl.
ron ojelw aʼw ejast aqriʼ, xasks achw iuw achw aʼ; r ukʼwe riʼ, r iix, r ajaw axikchekʼ oj unty oxl ajikʼ aslem alekkʼ ojiʼriichʼ awemrukʼ rid yos,
xm uqt ajrip atzʼ an.
richʼ ichʼtz ijomk anoqp ariukʼolbʼ al.
m ankʼ ot auchol ajp at aqri aw uj.
j achik eikʼle unim aqʼ ijlet in am itn aw alj aʼ?
xep et ikxolk ikʼ am aʼ.
k achuqʼ chut rij aʼchi ap am.
xinbʼ ijiw irch ixebʼep aarm it a.
areʼuxeʼ ojertz ijw ar alkʼ icheʼubʼ iʼ.
xkʼ isrin usiʼ.
j aw ixkibʼ ijw ichik eʼewi?
¡ x ajekʼu riʼ, jach int aqri ekʼop arij udeʼ a, chich animcheʼ anim ajubʼ ip at aqr ij uy ubʼ,
kʼ akʼri abʼ.
l akʼ oj unn ak akʼoxom ajt aj?
n autzt aleutʼ isomle alm ariy.
m any aʼt alt ajchi awek atokp aja.
jeʼ, x at utz uk uj.
arek elw ajxaq ibʼ uqʼ ijrixkʼ ojik.
rix unk urkkʼ ojiʼp at aqrit riko.
x ins achik.
x ut ʼuy ubʼ aʼ
n an ut omt aletz ij<unk>
w achʼom rikiw arin oʼs.
ekʼ ojobʼchʼ ilw akʼ.
r aj aw ixikchip at aqrit ijobʼ al, p anikʼ ajubʼ ixikchik
rir aj awrulew areʼt atk el.
w ekʼ uxokik,w ekʼn axokt a
we achix usip ajj unpʼ otchwe.
at at ut aqoʼn leqʼ at altz ij.
n aqʼ ant auw achleq ap rut.
rixaʼrkʼ op auw iʼriqʼ aqʼkp oqʼ owik.
riroqʼ ejri alij ach akp ej un akʼ al.
kʼ oj un al ap at ijobʼ al.
s äq uw iʼrit at aʼ.
riw itz ikʼt ajinkp eloq.
jaw ixs ach onwik anuy aʼiklepw aqche.
utzwe achiw exink un anik.
q on ojelk ujw aʼp auw iʼrim exa.
rik axl aʼnikm anp oq ont aj.
inx inbʼ erukʼriw ach iʼl.
sibʼ al ajj eʼlxk iloxek itz oqop ijrikich ijchil aʼ.
k inbʼ inikx inʼek.
kʼ axkʼ olik,k ach aʼ.
k ut ijixim ri akʼ.
ri al ixchel, xuqʼ iʼox aj un akʼxsip axche.
xq asikʼ ijleixoqch utz akiks ubʼ.
m at axabʼ ins aj lechʼ ichʼ.
rip ixtzʼ ar al ikrum alri eq aʼn.
¿ j amp aʼk elchi3 %
kʼ oj unnukʼ otojchiʼ aj.
t aj inkew aʼk atri al abʼom.
xinl oqʼ lenukʼ akʼ ap oʼt.
n autz ak ikt asubʼt aj inkuʼ ano
xoj ut aqchiʼ ijxojw aʼik.
iw echri abʼ ix.
s aq rijrich ij.
ajsik cherit in amitk elw irit at aʼ.
- ¡ay! x axintz aq ul oq, kʼ axwew aqan.
xkʼ ulm at ajp aj unkom onchiʼuw achj unj uyubʼ, xu riq aj unqʼ ijxki riqk ibʼj unim ulrukʼ lekok.
jas xat aqch iʼjl eakʼ alch ut ijik?
xinch ap os uxul oqʼo.
qʼ inomri achi.
rikʼ umkt ijow rukʼk abʼ.
t aj inkej achʼ anik.
tz ebʼ alukem iklep as awum al.
arek ayoʼw leuchikop illeubʼ ant ajikt ryp anosom abrucei.
wek atnim anikutzk elik.
p er on oʼjim alp etn aql oq,.
arel enuch akj untz uqbʼ alw ibʼ.
xk un axley aw abʼrum alle ajqʼ ij.
riukʼ uʼxtzʼ ibʼp aqatz ijel ajuj.
sibʼ al ajj eʼlikrieq abʼ alxubʼ anriluʼs.
s ibʼ al aj atk on.
em anxo rij up uqk ej.
n axn aʼt ajt achke xe at inik.
rikʼ am albʼexubʼ ijchike, chim ajari anim.
j um uchʼrin uj un abʼ.
qʼ ipt ajin aqrir aq an ritem.
kch ak unrukʼ rijosbʼ alcheʼri aj anel.
xat aqch iʼjle akʼ alchut ijikk ar.
ojkʼ op aleroʼchle aw el.
¿l ak atp eq ukʼchw eʼq?
lew in aqp alechʼ ichʼ etʼuy ull owi.
xk an ajk an oqchi uxeʼrij abʼ richʼ aʼn.
nim rij a.
w et axak un aj le at atm at axk aml aʼ.
n anukʼ amomt uʼl ariʼ.
chq anukʼ uʼriq atz ij.
k imbʼep alet in amit.
xinqʼ iʼon axin atint aj.
r ajaw axikk akʼ am anch aweleut ijiklel ej.
kʼ isbʼ alt aqn oʼj ibʼ al.
