xin e ʼ wa ʼ oq .
xkibʼan kʼax che leu wo saqr umal man utz tachika kayik .
riq ʼutu ʼm man kech ta le akʼalab ʼ .
are na nim tal e atz ʼi ʼ chu wach le nu tz ʼi ʼ .
xe p etik x ol kila ʼ .
¿jawchi ʼ xata ʼ chex kam ri u mam ri po ʼx ?
e kebʼ kekʼam bʼik p atuj .
xin loq ʼjun japa ri wokaj ja .
ri ax tu ʼb ʼ, kʼoqulaj chech .
jas karaj kaʼan chu tzakik le ti ʼij .
xu tij lewa.
xim bʼal re tzij .
x pa x ri bʼo ʼj .
we kawaj katin to ʼo xaq xu wi kabʼij chiwe.
jas nu kʼu kuch ʼob ʼo .
jas karajku tijo ?
xe x r uxlab ʼ ri rik il .
en itz ʼa ʼq le taqim ul .
we tane inxin bʼanow ik , are le at e ʼ k x bʼanowik .
kin tzalij pa le nu tin amit .
ri nu chaq ʼ kʼopa u ro ʼq ʼatoj tijonik pari tijo bʼal .
xin xi ʼj wib ʼ xin ch ʼaw ik .
kʼoch waro ʼch le pare .
chi raqan kabʼin wiri tata ʼ .
x sachon kanu ya ʼik le p waq che choja .
xin q ʼaxchi kixo ʼl ri win aq .
ke tikonik .
ri u lew man q ech taj , kech riqati ʼ t q amam .
xepe le win aq xol kikʼama ʼ .
xu loq ʼri wuj r umal ri ali .
chewe q ʼij kamik kʼojun nu tzijonem chirij le nu tin amit .
kej ri ʼ .
x kunan al aq chwe.
kinu sik ʼij le nunan .
ri imul xuch ʼij taj , x kanaj pa bʼe, r umal ri nimal kuj al uj ri imul , xu tzaq ria nim .
kubʼan ri u xoq ʼo ʼl ri aj tz ʼaq .
ri la sib ʼalaj utz che kunab ʼal .
kʼi kiwach rie ʼ ajchakib ʼ pari komonty ox , kʼate kʼut xa jun chi ajawx el ;
xqata chixa tu lik .
kawaj chi kat ʼ e k .
ch ʼu ti ʼn kekanaj ri xa ja bʼ chech .
kaqa xi ʼj qib ʼ kaqachapo .
e kʼokebʼ uk ʼajol le tatx wan .
lu ʼ su bʼi ʼri rech am .
aj chiu wi ʼm iq ʼinja ʼri lu ʼ .
xin ya kan le nu chimpa kʼay bʼal .
kʼatex ri lo, x peri unan che utzukuxik , xkikotik , xu sala bʼisaj ri taqux kin .
xkikʼut chi u wach ri ajtij xuquje ʼ chikiwach ri taq nik ʼaj kachil .
utz le nu q ʼab ʼ .
ku l le al we ʼl pa austin chaq ʼab ʼ kamik .
ri ate ʼ k x tzaq loq arechi kʼopa u wi ʼri q ʼa ʼm .
aj p atan ri te ʼ k .
xatqaj chiupam ri il .
la kʼo tzij na kikʼoxomaj taj ?
x sachon chkechi xe atin ik .
ro nojel leu lew ech alaq .
la xe bʼe kʼula xe ʼ kijaqa kʼu leu chi ʼja ?
xaq kat ch ʼok naj iwir .
kamik kʼochiri jas taq awe .
arechi ʼ kakʼis ri junab ʼ kʼoq ʼinom .
pa nawal ja ʼ xina lexik .
na xinta taj we are ri akʼal kix tzuqu wi k .
¡ r u lew ri sab ʼu lo ner u lew ri neftali, u bʼe ripolo w , ru lew ri jordan, galile ʼ a kech ri je taq amaq ʼ !
rax , rax , rax , kʼokʼ , kʼokʼ , kʼokʼ le r uxla bʼ le taq tiko ʼn .
achixat wilo.
paqal rajil le p ix kamik .
x oj bʼin ik .
pa jun je ʼl tijo bʼal ku tijoj ri bʼ jun akʼal , u bʼi ʼ po ʼx , utz ku ri lok e pa tijo bʼal ro nojel taq q ʼij .
x waj chixa tʼe taj .
utz la ʼle xu bʼij le achi.
weta ʼam jachin kap etik .
kin q ʼojomanik .
xin q ʼi ʼo takʼalik xin p etik .
are ʼ reta ʼm che kin opanik .
areta bʼal eqa qajaw chat to ʼw ik .
kawin aq waqib ʼ q ʼataj .
n aq ajchik cheri u waq kaj bʼal aretaq chi ʼ k sach u wach riq ʼij , kok riq ʼeq u ʼm chu wachu lew , chi kʼate ʼ nari bʼe lejeb ʼkaj bʼal .
job ʼ raqan ri tz ʼalam xeporoxik .
sib ʼalaj ko ri j ri mop.
arewa ʼ .
jela ʼ pari ti minit chwi kaby ok rech xelaju ʼ, le qanan q atat kakitikoje ʼl alaj taqu wachi chaj .
kʼax nu q ul .
xu ʼlu kʼama ʼ .
kojul kitzukuj .
are man kʼax tau kunaxik aretaq anin aq ka ʼilitaj we ya bʼil al xuquje ʼ mojo ʼq akuya ʼle kʼax kʼol il chech le jolomaj .
ri wel kʼopa tijonik .
kawaj kin bʼij .
ri kotz ʼi ʼj k qa koj chiupam ri ja .
q ʼeq q ʼoj ri j ri ama ʼkej .
na x waj taj xin ch ʼaw ik .
ch peta bʼa le loq ʼalaj ja bʼ .
x sachon chke xat kisik ʼij .
e leq ʼal ch ʼich ʼ .
jachin xa wilo chi arex tijo w ri ti ʼj ?
mata kabʼ e le nu x bʼal pa le tin amit .
pim ruq , ri al i.
¿ kʼori muq ʼe chi awech ?
k qabʼij man kekowin taj .
kintij na.
kʼojun qa tʼu ʼ y paja !
kʼo puj chiupam rich ʼa ʼ k .
aretaq kin ko sik kin warik .
xatwa ʼik xin wilo
in xin ch ʼayow le achi.
ko nojel ri ala xikke ʼe tz ʼanik .
jas ruk ʼ x kitij wi le kirik il ?
anin aqil kat p etik .
na rax tau wach le juyub ʼ .
ri tz ʼalam tz ʼibʼab ʼal rax k kayik .
we chat chakunik ,kʼo awa.
ma ʼtam xatpe cheriwa ʼim .
kamul kin wa ʼna .
ri sik il k tijo w ru kʼik .
kim bʼe aq ʼan ruk ʼle al tal in .
xoj ʼe k xe ʼ qil al arqas ok .
xe kiq ʼil le ajchakib ʼ x kiwok le ja .
matanex waj le kʼuh j nem ruk ʼle ate ʼ k .
arexe ʼopan chiuchi ʼri juyub ʼ, x kilo chiman qas tak ʼoq ʼayes .
kʼate kʼut , ri jesus man k kojon tachkech rie ʼ are ʼ , r umal rech che ko nojel reta ʼm kiwach ,
pa ʼ tz rij ri tz ʼi ʼ .
juwin aq waqib ʼ q ʼataj .
ate laq ʼom .
xaq at jo ʼ s .
riq ʼa tzu, are q ʼalaj ri uq ʼij il .
ajchak we ala .
u bʼe leju kakʼal taqanik (29).
kebʼ nu bʼi ʼ kʼolik .
la katzalij lu ʼla anin aq ?
katzukun la chwe.
la kaj la koj bʼe ʼ pa le chomal ch we ʼ q ?
xin na bʼej chu tasik qa kʼoli bʼal .
lal xinto ʼw ik .
sib ʼalaj ano ʼjib ʼal .
xoj p etik x ol q akʼama ʼ .
sib ʼalaj je ʼlik ri u wa ʼl ri i chaj .
kʼax wi j r umal in pachalik .
aretaqx u kʼulmaj wa ʼ xu l ri u chomanik xu bʼij : are utz wa aq ʼab ʼ kin walij ik, arecha ʼ chanim kin opan pa tijo bʼal , maj chi kin kʼulmaj .
ojaj xojolob ʼ pa awasq ʼij .
xin sach che leu wokik le tzij .
e julajuj ri ak ʼ .
xuta jampa ʼ koj ʼe k .
qilik .
ri tijoxel man areta nim chu wach ri raj tij . ri utz tijoxel qas je ri ʼ kʼolik jas ri raj tij .
in x atin ch ʼayo .
no ʼjim chak wumal .
ch ʼu r ri jo ch ʼ .
in kin bʼij na kat sach taj .
uj maya bʼ .
ri abʼaj ya tzalik .
tajin kepix bʼa x ri akʼalab ʼ .
chom ri aq .
xin wa rik .
e le menko nojel ri akʼalab ʼ .
tajin k q ʼan ar ik ri we re ʼaj .
leu kemik lepas utz ( chawe ).
xuyupub ʼa u wa chra ʼ chi, kacha ʼ, .
ri satanas kok pari judas ri kbʼix iska ri ʼo tech rech , ri are ʼ jun ch kixo ʼl rie kab ʼlajuj .
chu chu ri par .
kin q u muj ri nu jo ch ʼ .
chech punción lumbar amaq ʼel rajawaxik chech ri lik leu kʼex bʼem wi lena bʼe ruk ʼle u kabʼ u kʼutunem leya bʼil al .
q ʼalaj chi na kawaj taj kabʼij .
kʼoq ʼol chirij ri si ʼ .
jawi xoj ʼe wi chu loq ʼik ?
kʼou lo ch ʼri t al in .
q ʼan rij ri ati ʼ t nu kej .
lax tzalij la iwir ?
xe sik ʼixik , kʼate kʼu ri ʼ xe ya jik , xuquje ʼ xetaq bʼi cheu sik ʼik lemes .
la kix wari k ?
are kʼule palo maxxu bʼij che: - mam kat bʼison taj , kin sik ʼij nik ʼaj wachi ʼl kerapa p ik .
a ʼ ree tijoxelab ʼ .
ri alajali si ʼl xu bʼij x qachappa utzal ri ty ox .
x sachon chke jachin xe atin ik .
jas xu rayij lea na n xu tijo ?
xinko sik .
rax ro nojel riq ʼayes r umal leja bʼ .
kin ya wa ʼwe ch ʼich ʼ pinem na utz .
no ʼjim u pach ʼuxik le nu wi ʼ .
naj kʼowi le wo ʼ ch chu wach le tijo bʼal .
ri okibʼal kʼochi u wach ri saq ja .
xe nu taqch ʼij ke kil le akʼalab ʼ .
kʼojun q ʼoxow em chiwe.
tzaricho ʼm .
we choj bʼepa le nimaq ʼij , keqil le ajxojo lob ʼ .
xoj ʼe k xe ʼ qil al arqas ok .
ri ate ʼ k xuta ʼ chech ri nan to ʼn :- nan jas che ʼ chiman kaj ta laq akʼa tisaj ri jo ʼq .
ri p al sib ʼalaj xu ʼ y .
kin koj ri jokbʼal u lew .
in kin bʼij na kat sach taj
at raj kun le nunan .
ku qamuj u joron ri aj tzij .
lu ʼ tz ʼalam u bʼi ʼri achikel pa nim che ʼ .
je ʼ liku ti ʼjol al ri saq ko ʼr .
kʼojun xa ʼ r paja .
xin loq ʼ jun kʼakʼ p atan .
kʼax u kemik lepasaw umal .
anin aq u kemik lepasaw umal
rich ʼa ʼn sachin aq p ataqa bʼix .
rax taq le kotz ʼi ʼj .
mesom kanoq ri u p am ja .
man aretar alax ko sik .
ri komon xech pu prech uq ʼab ʼtin amit xo ʼlab ʼaj rech q ʼu markaj .
la utz akik kʼu sub ʼ tajin ku ʼ ano ?
katela !
na xu tij taj .
xar umal keta ʼm ko nojel ri win aq k kiq u muj leja ʼ .
iwir xuj tzalij la pakʼay bʼal .
q eta ʼm cheri qawakuj u to ʼo .
ri ajtij , k yaj on chikech ri akʼalab ʼ .
jasu bʼanom le nuch ʼuti tat ?
chwe ʼ q kin bʼepa nim tin amit .
utz we kiweta ʼmaj jas ku bʼij ri cholb ʼal q ʼij .
tajin kat j ilow che uq ʼoxom jolomaj .
xintik q ʼaxchi u wach rij a.
kʼax le kibʼe le win aq .
loq ʼ kat kun taj che leya bʼil (covid-19) .
ri nu xib ʼal kel pa qaj bʼal q ʼij .
x r il ri axwan chix wa ʼri ala .
le alix kun atajik .
weta kape leja bʼ kamik .
xin weta ʼmaj china xatpe taj .
ri p waqrech we q ʼataj ri ʼ kesax chech ri toj bʼal kʼayin em .
k tij ri u wa ʼlik r umal ri kinimaq ʼij .
xu chapu kunaxik .
chatan loq ali .
xin xu li ʼ qaj oq .
je ʼ lik k tijo w ri taqik ox .
kʼate kʼu ri le tat xo ʼr xu bʼij , man kawaj taj , man kawaj taj .
kʼojun tz ʼi ʼ pa bʼe.
kamul xin pe che atzukuxik .
man tajin ta kin chakunik .
kin chakunik rech kat wa ʼik .
jas ruk ʼ x awil wichi xkiqu pij wile ti ʼj .
jas u bʼixik … ?
koq ʼri akʼal .
kawaj na kat ʼe taj .
x at q ʼaj ik .
we m na cha loq ʼaxiy al , na kim bʼeta a wuk ʼ.
xopan le wuj awuk ʼ r umal we chin.
are kʼut pa le juyub ʼ k kʼiy joron, chila ʼ xe kikʼama wiri ja ʼri win aq .
koq ʼri akʼal .
we kʼo a rajil cha kʼamal oq .
are sib ʼalaj kaq le apo ʼt chu wach le nupo ʼt .
xin kʼas taj pa kabʼ lajuj kaj bʼal .
kaqoy ʼej na kix p etaj .
ko kaxim ri chij xa jela ʼman kanimajtab ʼik .
ri ko knojim x bʼe k , xu ch ʼij oxopan pa u kʼis bʼalil lea nim .
xoj kiʼkotik aretaqx atulik .
kaqitz ʼ naj ri u xa ja bʼri akʼal .
ri jesusk wa ʼkat pari nim rachoch ri dyos, chu xe ʼ ri jun jache rachoch ri salom on .
we taqanik ri ʼ ku bʼij chi rajawaxik kya ʼ uq ʼij ri win aq xuquje ʼ k to ʼ anin aqil .
ria xu xare nari u kunel ri kin aq ʼ .
aretaqwa ʼri uq ʼijol we taqanik .
kʼojun ta bʼal pa u wi ʼ r ixkan ul u bʼi ʼ lajuj no ʼj .
yu ʼl u bʼanom ri u ko lob ʼri kej .
xa nimaj ri akʼal chiu wach ri u chu ch .
k kunan ri achi.
kin wa ʼik rech na kin yowaj taj .
aj x ik ch ʼich ʼri lu ʼ s .
k waj che ixkix bʼanowik .
a ʼ re xeto ʼwala q .
xoj ʼe k xe ʼ qil al arqas ok .
xin loq ʼ jun ch ʼich ʼ, qajin aq u wach .
ku tʼis ri pantalon .
e janipa le awal k ʼwa le kʼolik ?
utzu kemik lepas chawe.
ri max are aj q ʼani ya ʼ .
mata bʼ achiri q kʼaxpa le bʼe.
tajin kanimaj , ri me ʼ s .
ix ix e ʼl aq ʼomab ʼ !
x sachan chwe.
e kʼokʼiche ʼ , chi u wach ri juyub ʼ .
arewa ʼri nim alaj p ixa bʼe arewa ʼri na bʼe.
x reta ʼmaj chi ruk ʼ pakʼ ku tij wi
jas utz akik le sub ʼ xu ʼ ano ?
aj xo ʼy ri wikan .
we tanea ʼ re xe tijo w le ri kil , are le komon xe tijowik .
sib ʼalaj anin aq kach ʼaw le are ʼ chi nu wachin .
utz we kinchakuj .
me ʼ sla ʼ .
kʼokanwa rech kaq atijo .
xin sik ʼij la.
ri akʼal x sach kanoq jela ʼ p ataq ʼaj .
xe sik ʼij la.
jawi x kibʼij wichike ʼ e wi?
r umal che, manix tari ʼ ri kixch ʼawik , are ri r uxla bʼa xel ri i tat ri ʼ rik ch ʼaw na iwuk ʼri ix .
kʼakʼ ri wachoch .
sib ʼalaj utz kin wil le atz ʼyaq rech nahuala .
saq por k kay ri kipo ʼ t ri nan .
x sachon ri nu chak chwe.
wa ʼim xu chapo .
riq ʼaq ʼ tajin kaj u luw ik .
najil u p am ri siwan .
e kʼo ri qachal al pachi u wi ʼ la.
jas xataq chi ʼj le akʼal chu tijik ?
no ʼjim u kemik lepasaw umal .
kʼojun kuk u bʼi ʼ tin tin , wa ʼle laj kukmam kaj eqitaj , kapaqi kax u lik pa u wi ʼ uq ʼab ʼ taqche ʼ , sib ʼalaj sakʼaj , ke ʼ u to lee nima ʼq , ch ʼutin , rachi ʼl , aj sipa nel sib ʼalaj utzra nima ʼ .
ri u p ixa bʼ leq ʼat bʼal tzij kiya ʼu bʼixik .
na x sachon tachke xe atin ik .
xeqil le chik oppu wi leja .
x lo ʼtaj ri akʼal .
qo nojel kuj wa ʼpa u wi ʼri me xa .
xsik ir le waqan .
la xat wa ʼkʼut ?
nimu bʼaq ʼri tulul .
kin xik ʼik ʼik xin q ʼaxik .
la kat bʼepa le tin amit ?
ri pal sib ʼalaj saq ʼo r .
k q ʼoxow nu jalom .
xin na ʼochi kat p etik .
x loq ʼu lew iwech ix .
x inchakun ruk ʼri numam .
na x qabʼan taj .
k kʼoji ʼ bʼa ʼri u sipa nik ri ajaw xel jesusk risto ruk ʼri awuxlab ʼal !
kin ch ʼaw ruk ʼle nunan pa lech ʼaweb ʼal .
sib ʼalaj q ʼeq u ʼm r umal ri mayul .
are leba xu lik .
xe kos le ixoqib ʼ pa le bʼe.
kʼax ri lik le akʼal chawe.
xin q ʼi ʼo xin atin pa joron .
sib ʼalaj nim le tin amit .
kʼax u kemik lepasaw umal .
xin sachik .
tajin kelu kikʼel pa raqan ri tz ʼi ʼ .
xin we ta ʼmaj ri lik wibʼ
ri q ʼuq ʼ arejun je ʼl chi kop .
kʼopa ja tijo bʼal ri wi kaq ʼ .
ri sachi bʼal mak raj wa xik chi qaxo ʼl .
je ʼ, kim bʼe k .
jela le ʼri nu p wi ʼ .
xu bʼij che: - jas xa bʼano tin tin ?
kabʼan jun toq ʼob ʼ kyak ri nuj al .
kat ʼe k xin ta.
jas leu kʼex bʼem ri bʼ le jun ruk ʼ le jun chik ?
aj chiu wi ʼm iq ʼinja ʼri lu ʼ .
ri tijonel naj k pe wi.
te ʼ kixchob ʼu bʼi ʼri nu tat .
ri ja ʼ kamiq ʼik chiu wach riq ʼaq ʼ .
ri tʼu ʼ y k paq ʼowik .
kin mes on na .
na qaj at kʼowi chiwech .
xin bʼisonik taqna xat p et taj .
we x kam ri win aq, rip waqrech toj bʼal makaj kya ʼ chikech ri ralaxik .
ri nunan x bʼepa kʼay bʼal .
xoj u kʼam u loq rech koj ri lo
x kʼoto chin chikiwach chi kinwa ʼawu kʼ .
na x kikamsaj taj xkikʼam bʼi choja .
kʼakʼ ri ikʼ kamik .
xim bʼe ruk ʼle aj kun iwir .
ri lik .
le tz ʼi ʼ xe ko sik .
xinkik otaw umal .
ri imul xu maj ria nim , xu ya kan le kok .
kʼo oj cheri akʼal .
xuj bʼepa jun kʼulanem .
utz we k waral aq .
kaqilo chi na koju kʼam taj .
x reta ʼmaj chi ruk ʼ pakʼ ku tij wi.
sib ʼalaj xin kʼa ʼ nar ik .
xin k ochi j ri nuwa .
man kat kowin taj kat chakunik , we man kʼota ri ajilab ʼal .
we wonon xu bʼij chike: - kixinto .
ri ala nim k r il wiri u mam .
x ka ʼy chirij , x ka ʼy chu wach , makʼo tachi jun k silo bʼik , xoq ʼik xu xe ʼj ri bʼ xch ʼopin ikx tzalij loq xu riq tachik ri u bʼe .
kʼo pus cheriwa .
pinem na kabʼe lew atz , kim bʼewi in paka ʼyi bʼal .
ri nan to ʼn nim win aq chik , saqu wi ʼ, ro nojel aq ʼab ʼ utz kuna ʼo ka tʼuyi ʼ pa utem , ku miq ʼisaj ri bʼ chori q ʼij , kʼojunu wi ʼ umam u bʼi ʼat e ʼ k .
mane kʼitaj ri qula ʼ .
q ʼalaj chi na kawaj taj kabʼij
x paqa bʼisax rajil ro nojel ri kem .
kʼopa ri jul ri kumatz .
ro nojel q ʼij kin ch ʼaj le nuwa re.
saq chikan lei chaj rech katzako .
chu xe le qachomal kaqatij wi jun qame q ʼin .
chawila ʼ .
e kʼo job ʼ u mi ʼ al, ri nu tat .
jas ruk ʼ x awil wi
je ʼ jas ri win aq rech ri u wachu lew , xoquje ʼ kepena ri ʼ rie ʼ are ʼ che erech ri u wachu lew ; je ʼ jas ri win aq rech ri kaj , xoquje ʼ kepena ri ʼ rie ʼ are ʼ e rech ri kaj .
xin tijo .
k tzʼujuw ri rachoch ripo ʼx .
xuq ʼi ʼo are leu kʼu lel x ya ʼow u wa.
ri awel x reta ʼmaj chi rajawaxik man ku xej tarib ʼ cheri tuku r .
ju kʼulaj win aq xe ʼ anima j bʼik .
je ʼ , xin tzalij ik .
xoj p etik x ol q akʼama ʼ .
maj jachin x ʼe k .
in ajtij ; at tijoxel .
saqu wi ʼ ri tata ʼ .
we ch rik em .
le ro ʼ ch le ate ʼ k kʼoch wach leu kʼay le nunan .
k bʼepa ri siri ʼa e pari silisi ʼ a, jawi je ʼ kuya wiri kichuq ʼab ʼ ri komonty ox .
p ixa bʼ : man utz taj kʼax kuj ch ʼaw chikij nik ʼaj qach il .
x kun ataj le ali ( kumal ri ixoqib ʼ ).
ri xib ʼib ʼal chi kʼowi p ataq riq akʼas lemal ro nojel q ʼij .
na kuj warta waral .
on chek kʼoji ʼ ri utzil chi xo ʼl , arech junam ri q akojonik , junam ri iwech ix ruk ʼri wech in .
pa ox q ʼij risa ʼn k bʼe na ruk ʼri aj kun .
kawin aq wuqub ʼ .
jas kawaj kin tijo ?
weta xat bʼew u kʼ pa le tin amit , xa loq ʼ tala ʼle u jas taq le akʼajol .
ke bʼepa wa ʼim .
xin loq ʼ kʼi wa.
pa jun nim kʼache ʼlaj , kʼojun k ʼwa ʼ sib ʼalaj saq loloj , nim u wach .
k waj katij ju bʼa ʼ wa.
ro nojel win aq k r il nari u kolon em ri dyos » .
x kʼoto chin chikiwach chi kinwa ʼawu kʼ
k waj na kat ʼ e taj .
la xa loq ʼjuna lej ?
e kʼori e loq ʼoman el .
ri u kabʼ u bʼi ʼ ri nu mam are ya y .
kin jopij ri ija ʼ rech tri ko .
x na ʼtaj chkexe atin ik .
xate ʼ qila ʼ .
kakitij alan xax ri win aq .
. . . kin bʼij chi arewa ʼsin xi ʼ an.
na xin na bʼej ta chu tasik qa kʼoli bʼal .
r umal rech chewe ri in, kin ch ʼaw ruk ʼri dyos pach ʼab ʼal , kch ʼaw na kʼu ri ʼ ri wuxlab ʼal ruk ʼri dyos , kʼate kʼut man kʼota u p atan ri ʼ ch rech ri nu chomab ʼal .
xepe tik x kilo .
xuta we kat ʼ e k .
utzu kemik lepas chawe.
ri nuwa kax xu tij jun q ʼoq ʼ r umal ri ʼ x kamik .
r umal ri kʼix , man kewa ʼtaj ri win aq .
xe ʼ u lik .
q ʼeq rij ri ama ʼ chij .
x raj ka ʼel e unan .
junam kijunab ʼ .
n aq ʼalaj taj we ka ʼ e k .
ri wix nam ch ʼajch ʼoj ri rachoch .
waralman kʼotaj ajawal .
na iwir tax r il le kʼamol bʼe.
xin pe loq te kʼu ri ʼ xin tzukuj ro nojel ri nu rajil .
ri aj tikonel ku tik ri tzij .
kʼo e kik ʼajol le achija bʼ .
ku tij q ʼayes ri ixpa ʼch .
pari wa ʼbʼa le kʼo kawin aq achija bʼ .
sip ojin aq ri nu p am .
kaya ʼtajik ruk ʼuti ʼ on em jun ri u riqom leya bʼilam olotsetsé xuquje ʼ arekaya ʼtaj p ataq ri juyub ʼ .
jachin ri achi?
ri numam x kamik aretaqk ʼojum uch ʼ lajuj u junab ʼ .
kin kowinik kin kʼam bʼi le p waq .
kin wilo chi utz ri aj i ʼ .
xin q ʼil ri apo ʼx che man kachakun taj .
k wa ʼ chiu wach le taq ʼaj ri ama ʼakʼ .
ri imul xe poq ʼik pa jun ikʼ .
x kʼis kanoq ri qachak .
are ri alixoj ilow kanoq .
sib ʼalaj ch ʼu ʼj ri amax .
kʼonu wachi ʼ .
inchajin el kech le akʼalab ʼ .
xekos letz ʼi ʼ .
kin bʼe na ku kʼ ri molaj .
ro nojel aq ʼab ʼ kin yi tz ʼri wa kax .
karapin ik xu tzukuj chi jun awaj .
leu kemik lepas anin aq (awum al ).
maju rajil le q ʼab ʼ arel .
kʼax ri ʼri kach ʼawik .
xoj u taqchi ʼj le achi chu loq ʼi kichaj .
sib ʼalaj kʼax ri x kʼulmaxik .
x kilo china kin kʼoxomaj taj .
x na ʼtaj chkechi xe atin ik .
x kʼoto chin chikiwach chixoj al wo ʼqaku kʼ .
jun q ʼu ʼ q rajil ri kaxla ʼn wa.
xin wilo chi xe ʼel ik .
e kʼo ixoqib ʼ pa le kʼay bʼal .
man kʼotaju kʼisik ri maya bʼ aj la bʼalil .
ri sin k kʼiy p ataq ʼaj .
rich ʼ imaman k kʼiy taj p ataq ʼaj .
rajawaxikk ji kik ri waqän .
kawaj kin ʼ e k .
e kʼo oxib ʼakʼ .
xu bʼij chwe jawi at kʼo wi.
chwe ʼ q kuj bʼe ʼ pa muquj .
pa saq kʼa ja ʼ kbʼan wiri uq .
x oj kisik ʼij .
xin wil wib ʼ .
chaq ʼ chik ri wa.
kim bʼe na kapa le wo ʼch .
kawaj kin ʼ e k .
rich ʼu ʼ k tij ruk ʼlej .
pari kiq ʼij kamin aqib ʼ kbʼan q ʼori kʼya ʼ rech aj : na bʼe ri nan kutzukuj kan ri aj , kujach ʼo ʼ xuquje ku kʼe to .
jas kaj bʼal chanim ?
utzu chomanik ri ali .
pari q ʼij oxlajuj tijax kin kʼis kebʼ junab ʼ kin chakun waral .
sib ʼalaj ko , ri kʼakʼ ch ʼat .
jas karajku bʼij … ?
rich ʼich ʼ kasilab ʼik .
pa ojerq ʼal p ul xaq xu wiri nim win aq kekʼamow bʼe.
leu kunaxik leu kabʼ u kʼutunik are ruk ʼ e flor nitina on u tunib ʼaxik le nifurtimo x chi ʼ le flor nitina chech t. b. g.
are ri achi xin ch ʼayow ik .
jun achi u bʼi ku ʼx u sipaj kebʼ kʼa ʼm u lew rech kabʼan ri tijo bʼal , kamik , kʼochik ajtij rech ri komon xech pu p .
xu malty oxij cheri ajtij ro nojel le xu kʼut chi u wach .
pari bʼex kiraq jun alaj imul saqri j, xkikʼam bʼik .
x r il le bʼal e ala .
jas ku bʼij chwe?
leu kuna taj em are ruk ʼ utzukuxik leu chikop il pa jun u solik u xe ʼ le kikʼo nleja ʼ rech jun nodo .
utz we nutz ʼi ʼ .
je ʼ , tajin kachapon ik .
kinu loq ʼoj le nu tat .
kawaj kim bʼe p atin amit .
are la ʼ kinchakuj .
ri nima ʼq taqwin aq kʼoketa ʼmab ʼal .
weta xat bʼew u kʼ pa le tin amit , xa loq ʼ tawa ʼwe jas taq .
ri kikʼas lemal . wa iximu lew xa jun chima areta tin imit ri ma
ri u kʼya bʼal na jupam .
xatqaj chiupam ri il .
nojim kat wa ʼik .
we kʼojun k tu qa ʼri k , ¿ la man xoquje ʼ taj kin tuqa ʼr ri in ?
ojoj wokol ja .
awas kbʼan kʼax che jun nim win aq .
xin ch ʼaw apan ruk ʼle wa na bʼ .
kʼax ri u p am ri ju ʼl .
tajin kewa ʼri imul .
la kaj la kuj tzalij la anin aq ?
r umal rech cheri makaj man kʼota u kowin em p iwi ʼ ri ix: ri ixmanix kʼo tachich u xe ʼri p ixa bʼ, xane ix kʼochu xe ʼri sipanik .
nim raqan le che ʼ .
xin chapo .
are le tu ʼ r le loq ʼoman el .
xa s kat kʼoji ʼ chiupam rich ʼich ʼ .
sib ʼalaj nim raqan ri kʼamal bʼe.
le tz ʼibʼab ʼal we chin.
in x into ʼw la .
xa je kʼu ri ʼ ri ix kamik ri ʼ manix kaxlan win aq tachik ; ri ix , ix rech ri kitin imit ri ety oxlaj taqwin aq, ix rech ri rachoch ri dyos .
xintik oxlaj kʼali chaj .
kaqariq qib ʼ ch we ʼ q .
sib ʼalaj utz cheri wi ʼaj ri tuney .
we naj u p ulik ta xe q ajik . . .
xinto ʼtaj cheri nu chak .
kʼojun chikop u bʼi ʼ p um .
poq on ri ik .
x oj bʼin ik .
xu ch ʼe k ro nojel le reta man ikx paqi ʼ k kʼax k wʼi nik xu bʼanaj kun .
kelu bʼik pari jude ʼa e k tzalij chiu bʼi jumul pari galile ʼ a.
xina xib ʼij pa bʼe.
je ʼl kʼol em chi awachoch .
ro nojel ri ya ʼtal il pa we q ʼataj , tz ʼaqat kiwach , man k tzaqta kanoq xuquje ʼ man k tas taj .
xu kunaj leya wa bʼ le aj q ʼij .
chi tata bʼej jas le kim bʼij .
ch ʼan al ri achi.
pa bʼo ko ʼ kachakun wiri tax .
uj kʼopa u wuq q ʼij .
ki ʼ ri u kabʼ ri aqaj .
kʼo rachal al pa tz ʼoloj che ʼri p e ʼl .
x kilo chi kin kʼoxomaj .
ri u kisakʼ utz k ya ʼik chiu xe ʼri tiko ʼn .
aretaq chi ʼ kaq ʼan p uwi ʼ ri jukub ʼ, ri achi chex kʼoji ʼ ri itzel uxla bʼal ruk ʼ, ku tach rech ri are ʼ , arechk kʼoji ʼ ruk ʼri are ʼ .
na kabʼantaj taw umal .
x na ʼtaj chkexe atin ik .
xin p aj ri nu triko .
xe ʼ ok ri pok ʼ pari u mexaripo ʼx .
kaj u luw ri aq ʼa ʼl chiu xe ʼri tʼu ʼ y .
awech leja .
xuj bʼepa tzur ik .
na bʼex atopanik .
ri u kabʼ u bʼi ʼ ri nu mam are ya y .
uwaj xaqu kakʼal taqanik (28).
mata kʼojun kakanaj kanoq , qo nojel koj bʼe k .
e nima ʼq le al tomab ʼ .
nimu wach ripo ʼt .
kojonik pari u tzij wa iximu lew .
jas xu kʼam bʼil etz ʼi ʼ xa wilo ?
xin p etik , tat .
ri bʼelaj u wach .
chi tata bʼej jas ri kim bʼij .
je ʼl ku na ʼri abʼix chiupam ri ququ lew .
kin bʼisoj u wach lew al .
xu tʼuyu bʼa ʼ .
nim ri aweqele ʼn xa riqo .
xin e ʼ wa ʼ oq .
chi ʼ kewa r wile akʼalab ʼ .
ri nu mi ʼ al xu taq loq jun taqo ʼm wuj chiwe.
q ʼe ʼ lik , ri chaj pari bʼe.
lautz awach ? - utz malty ox , e kʼu ri at ? – utz malty ox .
xin kos r umal nu chak .
k bʼe ku kʼ rie ʼ are ʼ e k tzalij pari na s arete keʼu nimaj .
ri joj xu kʼam bʼik ri ak ʼ .
kʼochi wachi ʼl chanim .
ku bʼij chech na ʼl kabʼan cheri atz ʼib ʼ .
e . . . in kawaj katzjoj bʼi la chwe.
mata xin ya j le ali .
jachin ruk ʼkat bʼewi?
kʼo sib ʼalaj eta ʼmab ʼal pari maya bʼ no ʼjib ʼal .
e man xo ri ju p uq kej .
kasu mum ri kaqiq ʼ .
e kʼokajib ʼ akʼalab ʼ pa le bʼe.
je ʼ jas ri u tat k ka ʼyik .
xaq at molon el tzij tal .
le nu tat kaloq ʼon chwe.
xaqtane kim bʼe iwu kʼ .
x reta ʼ maju ch ʼaj ik .
r umal la ʼ x koj “ xal q ʼat ” cheu bʼi ʼ ri komon .
are leu kemik pas x reta ʼmaj .
ri wa ti ʼt kubʼan nari u p atan .
kʼakʼ le po ʼt .
reta ʼm u wach jachin x loq ʼow ri pas .
kench ʼa bʼej le akʼalab ʼ .
ya ʼtal chaqe qo nojel ri uj win aq utz kaqilqib ʼ .
x koti ʼ paq ʼayes x oq ʼik .
kawin aq bʼe lejeb ʼ q ʼataj .
e kʼokajib ʼ r al ri imul , jun saq , jun q ʼan , jun q ʼeq , jun q ʼeq oj , sib ʼalaj ketz ʼanik , kech ʼopinik ri alaj taq imul .
k cholol ri ach achal .
kete kik ri ikʼ .
xe p etik rech kewa ʼiwu kʼ .
tz atz ri uq ʼan il ri ak ʼ.
xoj tzalij ik xi xe ʼ qaq ʼat uj ku kʼlei tati nan .
ri yo ʼx taq akʼalab ʼ ke kikʼux ri atz ʼyaq .
we achiwe xu sipaj jun po ʼt chwex kamik .
k kowin ri kuna nel che kunanik .
x ji q ʼ pa ripolo w.
xar umal sib ʼalaj rajawaxik le loq ʼalaj ja ʼ, le win aqx kibʼij : chewe ikʼ ri ʼ qo nojel kuj bʼe cheu tikik taq che ʼ .
ri u na ne ri erachal al kepe u loq ruk ʼri are ʼ , kʼate kʼu ri ʼ, man kekowin taj keq ib ʼ u koq ruk ʼ, r umal rech chee kʼo sib ʼalaj win aq .
r umal rech , che man kʼota jun k kowin cheu kojik jun tikib ʼal il chik chu wach ri kojom chik che are ri jesusk risto .
te kʼu ri ʼ xu tz ʼibʼaj ri bʼ pari nim alaj tijo bʼal rech aj ku ʼn .
kaj u luw rich ʼu mil chaq ʼab ʼ .
kʼis bʼal kanoq , xoquje ʼ k kam ri ixoq .
le ala xokik .
kʼop waq pa u wi ʼ ri me xa .
are kawaj na kin ʼ e taj .
ri yawal ku koj ri ali chi u xe ʼ ri chak ach are usu ʼt .
na kaqakʼam tu ʼ bʼi kamik .
ri ajtij ku bʼij chike: rajawaxik keqa chajij ri awaj , areu tiko ʼn ri ajaw .
xin tij mukuni wir .
kʼax leu wi ʼ taq le nuq ʼab ʼ .
xin loq ʼjun il bʼal wib ʼ .
wa ʼwe q ʼij , nimu bʼantajik .
ri u xe ʼ al ri qatin amit man kasach taj .
x oj bʼin ik .
ri achal al junam kiwach .
xin we ta ʼmaj ri lik wibʼ .
nim ri una ʼoj waj tij .
mi q ʼin ri kʼul .
aj q ʼojom ri ate ʼ k .
che lesa nik che ʼ kbʼan wiri q ʼojom .
kape le awel pa nawal ja ʼ .
ri mes onel tajin k chakunik .
utz chaqe kaqato ʼqib ʼ, taq kʼokʼax kʼol il , kate we chi ʼn ri ajawp aqawi ʼ .
xa wilo, x q ʼatan le ibʼoy .
xat kowinik xa bʼano .
ki ʼri kʼawex .
kajil il ri bʼe.
le alix el bʼik .
are ʼ x raj xin bʼano .
nim we ab ʼaj .
je ʼ liku ti ʼjol al ri saq ko ʼr .
nojin aq ri kej .
we katijan xu xman katuto ʼ tachi uq ʼat ixik le kʼakʼ ya bʼil corona virus ( 2019- ncov) .
na nim ta raqan wa ʼwe che ʼ .
utzalaj ajchak , ri wel .
¿jampa ʼ kuj bʼepa nimaq ʼij ?
rajawaxik tane la ʼkat chakun wu kʼ .
xutaq chi ʼj pa warampu lew .
man areta ri axwanx elik .
ri awix xu loq ʼ rachoch re nimal .
are ri ixoq xin sik ʼ in u loq .
rich ʼimak ʼat ʼon na.
la xibʼan lei chak ?
kʼi tin amit e kʼopa ch ʼo ʼj .
kʼoju puq chij chiu xe ʼri che ʼ .
ri u xaq ri abʼix areu warikej .
kawin aq q ʼataj .
la kix pe pa tijo bʼal ?
we kechajix taq le k ʼwa jacha kin bʼij ; jun al ik kʼo ja ʼ xuquje ʼ sib ʼalaj saq loloj .
x reta ʼmaj .
ri ala bʼom ri al itomab ʼ tajin kikitijoj kibʼ rech su taq , arekakaj kikibʼan nimaq achija bʼ chupam ri kikʼas lemal , xuquje kʼochik jupuq bʼixonel chupam ri komon .
la tz ʼu wach ri bʼe.
kʼakʼ ri ach ʼich ʼ .
qo nojel uj , uj maya bʼ taqwin aq .
nojel q ʼij ri ati ʼ xkuyuq ʼuj le taq awaj jela ʼpa nik ʼaj ja ʼ, chirij ri juyub ʼ u bʼi ʼ te na ʼ .
paq ʼom chik ri si ʼ .
kin tzukun chela .
kakitij le kin aq ʼ, lei chaj , leu wa ʼlik ruk ʼlej .
xe kanaj kan le ajchakib ʼ .
ke tikon ri achija bʼ .
sib ʼalaj itzel u bʼantajik rich ʼila kan .
ri ate ʼ k xu malty oxij cheri rati ʼt , r umal ri utzalaj no ʼjib ʼal xu kʼut chech .
k kamulix u chak ri abʼix .
la xin utzukuj le tijoxel ?
are ʼ kachakun ro nojel q ʼij .
lee kʼa ʼna taq tz ʼi ʼ .
saqri jripla mux .
jas xaq ʼi ʼ ox atijo .
jas ruk ʼ xkichap wi u tijik le ri kil ?
we kat atin ruk ʼ kʼatan ja ʼman kuq ʼatej ta le kʼakʼ ya bʼil corona virus .
la kat bʼin pa le uxlan bʼal ?
la waral kʼuxix wa ʼwi ?
are le nu tat kin loq ʼonik .
tajin k chakun ri ala .
kʼori ki ʼ kotemal awu kʼ .
xuta jachin ka ʼ e k .
xatwa ʼik xin wilo .
x tzaqri rachoch r umal ri ja b ʼ .
pa le jun ik ʼ chik are nimaq ʼij .
e kebʼ äm kebʼin pa u wi ʼri tem .
mem ri achi.
ri wik anchali ʼy kel pa juyub ʼ chwi tziri bʼal .
le rajil , la paja xel aq ʼax wu ʼ bʼik ?
pari su ʼt pisom wiri lej .
koj p etik kol q akʼama ʼ .
tajin kat ch ʼopin chiu wach ri taq ʼaj .
le q ʼo r xch ʼuqik .
kʼax wa ʼimaw umal .
kin bʼison che lew al .
sib ʼalaj kʼokʼ ri awatz ʼyaq .
kamik xuj bʼe cheu tikik taq che ʼ pari juyub ʼ .
kinu loq ʼoj le nu tat .
chaqi ʼj chik ri chaj .
x yi lix hawayi.
na x na ʼtaj tachkechi xe atin ik .
ruk ʼ kʼuwa ʼwe ri ʼ, ri ixk kʼoji ʼ jun utzalaj i kʼas lemal ri ʼ ch kiwach ri win aq che mane kʼota iwu kʼ , kʼate kʼu ri ʼ man kʼotajun win aq ri ʼ rajawaxik chiwech .
e p etin aq pa bʼe le rachala xik .
kakaj le akʼalab ʼ kewa ʼik .
xuj ch ʼay bʼik .
ri nu chak are q ʼaxel tzij .
kʼo nar uxla bʼri awaj .
tajin kel loq , ri q ʼij .
xu q ʼi ʼ ox kam sax ri rachal al choch .
ri numam are kʼou q ʼinomal .
x kʼulmataj jumul , xu bʼan jun nim alaj ja bʼ, manx bʼe yetaj tana xu kʼis leu yuq ʼchike .
ama ʼri nu tz ʼi ʼ .
jewa ʼkat p etik .
xinko sik r umal xin chakunik
iwech chi jujun al , ri wa .
xu q ʼi ʼo na xata tin taj .
in riq tajin aq pari kʼayib ʼal .
na weta ʼm taj .
kʼax le nuq ʼab ʼ .
utz le xu bʼij le achi.
kematz ʼib ʼ .
kʼo rachal al pa tz ʼoloj che ʼri p e ʼl .
ro nojel wa ʼwe jas taqri ʼ, xask sach wi u wach wa ʼ ; ruk ʼwe ri ʼ, ri ix , rajawaxik che kʼojun ty oxlaj i kʼas lemal e k kʼoji ʼ ri ich ʼawem ruk ʼri dyos,
x muq taj ri p atz ʼan .
rich ʼich ʼ tzijom kanoq pari u kʼol bʼal .
man kʼota u cholaj p ataq ri awuj .
jachike ikʼ leu nimaq ʼij le tin amit nawal ja ʼ ?
xe p etik x ol kikʼama ʼ .
kachuq ʼ chu tri ja ʼ chi apam .
xin bʼij iwir chi xe bʼepa armita.
are ʼ u xe ʼ ojer tzij waral kʼiche ʼu bʼi ʼ .
x kʼis ri nu si ʼ .
jawi x kibʼij wichike ʼ e wi?
¡ xa je kʼu ri ʼ, jachin taq rie kʼopa ri jude ʼ a, chi chanim che ʼ anima ju bʼi p ataq ri juyub ʼ,
kʼakʼ ri a bʼ .
la kʼojun naka kʼoxomaj taj ?
nautz ta leu tʼisom le almariy .
man ya ʼtal taj chi awekatok paja.
je ʼ, xatu tzukuj .
are kel waj xaqib ʼ uq ʼij rix kʼoj ik .
rix unku r k kʼoji ʼ p ataq ri tri ko .
xin sachik .
xu tʼuyub ʼa ʼ
na nu tom ta le tzij …
wach ʼom ri kiwa ri no ʼs .
e kʼojo bʼ ch ʼil wa k ʼ .
rajawixik chi p ataq ri tijo bʼal , pa nik ʼaj u bʼixik chik
ri rajaw ru lew are ʼ tat kel .
we kʼu xokik , we k ʼ na x ok ta
we achi xu sipaj jun pʼ ot chwe.
atat u taqo ʼn leq ʼat al tzij .
n aq ʼan tau wach le qa prut .
rixa ʼ r kʼopa u wi ʼ riq ʼaq ʼ k poq ʼowik .
ri roq ʼej ri ali jachakpe jun akʼal .
kʼojun al apa tijo bʼal .
säq u wi ʼri tata ʼ .
ri witz ikʼ tajin k pe loq .
jawi x sachon wi kanu ya ʼik le p waq che.
utz we achiwe xin kunanik .
qo nojel kuj wa ʼpa u wi ʼri me xa .
ri kaxla ʼnik man poq on taj .
in xin bʼe ruk ʼri wachi ʼl .
sib ʼalaj je ʼl x kilo xe kitz oqopij ri kichij chila ʼ .
kin bʼin ik xin ʼ e k .
kʼax kʼolik , kacha ʼ .
ku tij ixim ri ak ʼ .
ri alix che l , xu q ʼi ʼo xa jun ak ʼ xsipa x che.
x qasik ʼij le ixoq chu tzakik sub ʼ .
mata xa bʼinsaj lech ʼich ʼ .
ri p ix tz ʼar al ik r umal rieqa ʼn .
¿jampa ʼkel chi 3%
kʼojun nu kʼotoj chi ʼaj .
tajin kewa ʼkat ri ala bʼom .
xin loq ʼ le nu kʼa kʼapo ʼt .
na utz akik ta sub ʼ tajin ku ʼ ano
xoj u taqchi ʼij x oj wa ʼik .
iwech ri ab ʼix .
saq rij ri chij .
aj sik cheri tin amit kel wiri tata ʼ .
- ¡ ay ! xa xin tzaqu loq , kʼax we waqan .
x kʼulmataj pa jun komon chi ʼ u wach jun juyub ʼ, xu ri qa jun q ʼij xkiriq kibʼ junimul ruk ʼle kok .
jas xataq chi ʼj le akʼal chu tijik ?
x inchapo sux u loq ʼo .
q ʼinom ri achi.
ri kʼum k tijo w ruk ʼkabʼ .
tajin kejach ʼanik .
tzeb ʼal u kemik lepasaw umal .
arekay o ʼw leu chi kopil leu bʼantajik t ry pano somab r ucei.
we kat nima nik utz kelik .
pero no ʼjimal p etn aq loq , .
are le nu chak jun tz uq bʼal wib ʼ .
x kunax le ya wa bʼ r umal leaj q ʼij .
ri u kʼu ʼx tz ʼib ʼ pa qatzij e lajuj .
sib ʼalaj je ʼ lik ri eqa bʼal xu bʼan ri lu ʼ s .
sib ʼalaj at k on .
e man xo ri ju p uq kej .
na x na ʼtaj tachke xe atin ik .
ri kʼamal bʼexu bʼij chike, chi maja ri a nim .
jumuch ʼri nu junab ʼ .
q ʼi p tajin aq ri raqan ri tem .
k chakun ruk ʼri jos bʼal che ʼri aja nel .
xataq chi ʼj le akʼal chu tijik ka r .
oj kʼopa le ro ʼch le awel .
¿ la kat peq u kʼ chwe ʼ q ?
le win aq pa lech ʼich ʼe tʼuyullo wi.
x kanaj kanoq chiu xe ʼri ja bʼ rich ʼa ʼn .
nim rij a.
weta xa kunaj le atat matax kam la ʼ .
na nu kʼamom tu ʼ la ri ʼ .
chqa nu kʼu ʼ ri qatzij .
kim bʼepa le tin amit .
xin q ʼi ʼo na xin atin taj .
rajawaxik kakʼaman chawe leu tijik le lej .
kʼis bʼal taqno ʼji bʼal .
xin e ʼ wa ʼ oq .
xkibʼan kʼax che leu wo saqr umal man utz tachika kayik .
riq ʼutu ʼm man kech ta le akʼalab ʼ .
are na nim tal e atz ʼi ʼ chu wach le nu tz ʼi ʼ .
xe p etik x ol kila ʼ .
¿jawchi ʼ xata ʼ chex kam ri u mam ri po ʼx ?
e kebʼ kekʼam bʼik p atuj .
xin loq ʼjun japa ri wokaj ja .
ri ax tu ʼb ʼ, kʼoqulaj chech .
jas karaj kaʼan chu tzakik le ti ʼij .
xu tij lewa.
xim bʼal re tzij .
x pa x ri bʼo ʼj .
we kawaj katin to ʼo xaq xu wi kabʼij chiwe.
jas nu kʼu kuch ʼob ʼo .
jas karajku tijo ?
xe x r uxlab ʼ ri rik il .
en itz ʼa ʼq le taqim ul .
we tane inxin bʼanow ik , are le at e ʼ k x bʼanowik .
kin tzalij pa le nu tin amit .
ri nu chaq ʼ kʼopa u ro ʼq ʼatoj tijonik pari tijo bʼal .
xin xi ʼj wib ʼ xin ch ʼaw ik .
kʼoch waro ʼch le pare .
chi raqan kabʼin wiri tata ʼ .
x sachon kanu ya ʼik le p waq che choja .
xin q ʼaxchi kixo ʼl ri win aq .
ke tikonik .
ri u lew man q ech taj , kech riqati ʼ t q amam .
xepe le win aq xol kikʼama ʼ .
xu loq ʼri wuj r umal ri ali .
chewe q ʼij kamik kʼojun nu tzijonem chirij le nu tin amit .
kej ri ʼ .
x kunan al aq chwe.
kinu sik ʼij le nunan .
ri imul xuch ʼij taj , x kanaj pa bʼe, r umal ri nimal kuj al uj ri imul , xu tzaq ria nim .
kubʼan ri u xoq ʼo ʼl ri aj tz ʼaq .
ri la sib ʼalaj utz che kunab ʼal .
kʼi kiwach rie ʼ ajchakib ʼ pari komonty ox , kʼate kʼut xa jun chi ajawx el ;
xqata chixa tu lik .
kawaj chi kat ʼ e k .
ch ʼu ti ʼn kekanaj ri xa ja bʼ chech .
kaqa xi ʼj qib ʼ kaqachapo .
e kʼokebʼ uk ʼajol le tatx wan .
lu ʼ su bʼi ʼri rech am .
aj chiu wi ʼm iq ʼinja ʼri lu ʼ .
xin ya kan le nu chimpa kʼay bʼal .
kʼatex ri lo, x peri unan che utzukuxik , xkikotik , xu sala bʼisaj ri taqux kin .
xkikʼut chi u wach ri ajtij xuquje ʼ chikiwach ri taq nik ʼaj kachil .
utz le nu q ʼab ʼ .
ku l le al we ʼl pa austin chaq ʼab ʼ kamik .
ri ate ʼ k x tzaq loq arechi kʼopa u wi ʼri q ʼa ʼm .
aj p atan ri te ʼ k .
xatqaj chiupam ri il .
la kʼo tzij na kikʼoxomaj taj ?
x sachon chkechi xe atin ik .
ro nojel leu lew ech alaq .
la xe bʼe kʼula xe ʼ kijaqa kʼu leu chi ʼja ?
xaq kat ch ʼok naj iwir .
kamik kʼochiri jas taq awe .
arechi ʼ kakʼis ri junab ʼ kʼoq ʼinom .
pa nawal ja ʼ xina lexik .
na xinta taj we are ri akʼal kix tzuqu wi k .
¡ r u lew ri sab ʼu lo ner u lew ri neftali, u bʼe ripolo w , ru lew ri jordan, galile ʼ a kech ri je taq amaq ʼ !
rax , rax , rax , kʼokʼ , kʼokʼ , kʼokʼ le r uxla bʼ le taq tiko ʼn .
achixat wilo.
paqal rajil le p ix kamik .
x oj bʼin ik .
pa jun je ʼl tijo bʼal ku tijoj ri bʼ jun akʼal , u bʼi ʼ po ʼx , utz ku ri lok e pa tijo bʼal ro nojel taq q ʼij .
x waj chixa tʼe taj .
utz la ʼle xu bʼij le achi.
weta ʼam jachin kap etik .
kin q ʼojomanik .
xin q ʼi ʼo takʼalik xin p etik .
are ʼ reta ʼm che kin opanik .
areta bʼal eqa qajaw chat to ʼw ik .
kawin aq waqib ʼ q ʼataj .
n aq ajchik cheri u waq kaj bʼal aretaq chi ʼ k sach u wach riq ʼij , kok riq ʼeq u ʼm chu wachu lew , chi kʼate ʼ nari bʼe lejeb ʼkaj bʼal .
job ʼ raqan ri tz ʼalam xeporoxik .
sib ʼalaj ko ri j ri mop.
arewa ʼ .
jela ʼ pari ti minit chwi kaby ok rech xelaju ʼ, le qanan q atat kakitikoje ʼl alaj taqu wachi chaj .
kʼax nu q ul .
xu ʼlu kʼama ʼ .
kojul kitzukuj .
are man kʼax tau kunaxik aretaq anin aq ka ʼilitaj we ya bʼil al xuquje ʼ mojo ʼq akuya ʼle kʼax kʼol il chech le jolomaj .
ri wel kʼopa tijonik .
kawaj kin bʼij .
ri kotz ʼi ʼj k qa koj chiupam ri ja .
q ʼeq q ʼoj ri j ri ama ʼkej .
na x waj taj xin ch ʼaw ik .
ch peta bʼa le loq ʼalaj ja bʼ .
x sachon chke xat kisik ʼij .
e leq ʼal ch ʼich ʼ .
jachin xa wilo chi arex tijo w ri ti ʼj ?
mata kabʼ e le nu x bʼal pa le tin amit .
pim ruq , ri al i.
¿ kʼori muq ʼe chi awech ?
k qabʼij man kekowin taj .
kintij na.
kʼojun qa tʼu ʼ y paja !
kʼo puj chiupam rich ʼa ʼ k .
aretaq kin ko sik kin warik .
xatwa ʼik xin wilo
in xin ch ʼayow le achi.
ko nojel ri ala xikke ʼe tz ʼanik .
jas ruk ʼ x kitij wi le kirik il ?
anin aqil kat p etik .
na rax tau wach le juyub ʼ .
ri tz ʼalam tz ʼibʼab ʼal rax k kayik .
we chat chakunik ,kʼo awa.
ma ʼtam xatpe cheriwa ʼim .
kamul kin wa ʼna .
ri sik il k tijo w ru kʼik .
kim bʼe aq ʼan ruk ʼle al tal in .
xoj ʼe k xe ʼ qil al arqas ok .
xe kiq ʼil le ajchakib ʼ x kiwok le ja .
matanex waj le kʼuh j nem ruk ʼle ate ʼ k .
arexe ʼopan chiuchi ʼri juyub ʼ, x kilo chiman qas tak ʼoq ʼayes .
kʼate kʼut , ri jesus man k kojon tachkech rie ʼ are ʼ , r umal rech che ko nojel reta ʼm kiwach ,
pa ʼ tz rij ri tz ʼi ʼ .
juwin aq waqib ʼ q ʼataj .
ate laq ʼom .
xaq at jo ʼ s .
riq ʼa tzu, are q ʼalaj ri uq ʼij il .
ajchak we ala .
u bʼe leju kakʼal taqanik (29).
kebʼ nu bʼi ʼ kʼolik .
la katzalij lu ʼla anin aq ?
katzukun la chwe.
la kaj la koj bʼe ʼ pa le chomal ch we ʼ q ?
xin na bʼej chu tasik qa kʼoli bʼal .
lal xinto ʼw ik .
sib ʼalaj ano ʼjib ʼal .
xoj p etik x ol q akʼama ʼ .
sib ʼalaj je ʼlik ri u wa ʼl ri i chaj .
kʼax wi j r umal in pachalik .
aretaqx u kʼulmaj wa ʼ xu l ri u chomanik xu bʼij : are utz wa aq ʼab ʼ kin walij ik, arecha ʼ chanim kin opan pa tijo bʼal , maj chi kin kʼulmaj .
ojaj xojolob ʼ pa awasq ʼij .
xin sach che leu wokik le tzij .
e julajuj ri ak ʼ .
xuta jampa ʼ koj ʼe k .
qilik .
ri tijoxel man areta nim chu wach ri raj tij . ri utz tijoxel qas je ri ʼ kʼolik jas ri raj tij .
in x atin ch ʼayo .
no ʼjim chak wumal .
ch ʼu r ri jo ch ʼ .
in kin bʼij na kat sach taj .
uj maya bʼ .
ri abʼaj ya tzalik .
tajin kepix bʼa x ri akʼalab ʼ .
chom ri aq .
xin wa rik .
e le menko nojel ri akʼalab ʼ .
tajin k q ʼan ar ik ri we re ʼaj .
leu kemik lepas utz ( chawe ).
xuyupub ʼa u wa chra ʼ chi, kacha ʼ, .
ri satanas kok pari judas ri kbʼix iska ri ʼo tech rech , ri are ʼ jun ch kixo ʼl rie kab ʼlajuj .
chu chu ri par .
kin q u muj ri nu jo ch ʼ .
chech punción lumbar amaq ʼel rajawaxik chech ri lik leu kʼex bʼem wi lena bʼe ruk ʼle u kabʼ u kʼutunem leya bʼil al .
q ʼalaj chi na kawaj taj kabʼij .
kʼoq ʼol chirij ri si ʼ .
jawi xoj ʼe wi chu loq ʼik ?
kʼou lo ch ʼri t al in .
q ʼan rij ri ati ʼ t nu kej .
lax tzalij la iwir ?
xe sik ʼixik , kʼate kʼu ri ʼ xe ya jik , xuquje ʼ xetaq bʼi cheu sik ʼik lemes .
la kix wari k ?
are kʼule palo maxxu bʼij che: - mam kat bʼison taj , kin sik ʼij nik ʼaj wachi ʼl kerapa p ik .
a ʼ ree tijoxelab ʼ .
ri alajali si ʼl xu bʼij x qachappa utzal ri ty ox .
x sachon chke jachin xe atin ik .
jas xu rayij lea na n xu tijo ?
xinko sik .
rax ro nojel riq ʼayes r umal leja bʼ .
kin ya wa ʼwe ch ʼich ʼ pinem na utz .
no ʼjim u pach ʼuxik le nu wi ʼ .
naj kʼowi le wo ʼ ch chu wach le tijo bʼal .
ri okibʼal kʼochi u wach ri saq ja .
xe nu taqch ʼij ke kil le akʼalab ʼ .
kʼojun q ʼoxow em chiwe.
tzaricho ʼm .
we choj bʼepa le nimaq ʼij , keqil le ajxojo lob ʼ .
xoj ʼe k xe ʼ qil al arqas ok .
ri ate ʼ k xuta ʼ chech ri nan to ʼn :- nan jas che ʼ chiman kaj ta laq akʼa tisaj ri jo ʼq .
ri p al sib ʼalaj xu ʼ y .
kin koj ri jokbʼal u lew .
in kin bʼij na kat sach taj
at raj kun le nunan .
ku qamuj u joron ri aj tzij .
lu ʼ tz ʼalam u bʼi ʼri achikel pa nim che ʼ .
je ʼ liku ti ʼjol al ri saq ko ʼr .
kʼojun xa ʼ r paja .
xin loq ʼ jun kʼakʼ p atan .
kʼax u kemik lepasaw umal .
anin aq u kemik lepasaw umal
rich ʼa ʼn sachin aq p ataqa bʼix .
rax taq le kotz ʼi ʼj .
mesom kanoq ri u p am ja .
man aretar alax ko sik .
ri komon xech pu prech uq ʼab ʼtin amit xo ʼlab ʼaj rech q ʼu markaj .
la utz akik kʼu sub ʼ tajin ku ʼ ano ?
katela !
na xu tij taj .
xar umal keta ʼm ko nojel ri win aq k kiq u muj leja ʼ .
iwir xuj tzalij la pakʼay bʼal .
q eta ʼm cheri qawakuj u to ʼo .
ri ajtij , k yaj on chikech ri akʼalab ʼ .
jasu bʼanom le nuch ʼuti tat ?
chwe ʼ q kin bʼepa nim tin amit .
utz we kiweta ʼmaj jas ku bʼij ri cholb ʼal q ʼij .
tajin kat j ilow che uq ʼoxom jolomaj .
xintik q ʼaxchi u wach rij a.
kʼax le kibʼe le win aq .
loq ʼ kat kun taj che leya bʼil (covid-19) .
ri nu xib ʼal kel pa qaj bʼal q ʼij .
x r il ri axwan chix wa ʼri ala .
le alix kun atajik .
weta kape leja bʼ kamik .
xin weta ʼmaj china xatpe taj .
ri p waqrech we q ʼataj ri ʼ kesax chech ri toj bʼal kʼayin em .
k tij ri u wa ʼlik r umal ri kinimaq ʼij .
xu chapu kunaxik .
chatan loq ali .
xin xu li ʼ qaj oq .
je ʼ lik k tijo w ri taqik ox .
kʼate kʼu ri le tat xo ʼr xu bʼij , man kawaj taj , man kawaj taj .
kʼojun tz ʼi ʼ pa bʼe.
kamul xin pe che atzukuxik .
man tajin ta kin chakunik .
kin chakunik rech kat wa ʼik .
jas ruk ʼ x awil wichi xkiqu pij wile ti ʼj .
jas u bʼixik … ?
koq ʼri akʼal .
kawaj na kat ʼe taj .
x at q ʼaj ik .
we m na cha loq ʼaxiy al , na kim bʼeta a wuk ʼ.
xopan le wuj awuk ʼ r umal we chin.
are kʼut pa le juyub ʼ k kʼiy joron, chila ʼ xe kikʼama wiri ja ʼri win aq .
koq ʼri akʼal .
we kʼo a rajil cha kʼamal oq .
are sib ʼalaj kaq le apo ʼt chu wach le nupo ʼt .
xin kʼas taj pa kabʼ lajuj kaj bʼal .
kaqoy ʼej na kix p etaj .
ko kaxim ri chij xa jela ʼman kanimajtab ʼik .
ri ko knojim x bʼe k , xu ch ʼij oxopan pa u kʼis bʼalil lea nim .
xoj kiʼkotik aretaqx atulik .
kaqitz ʼ naj ri u xa ja bʼri akʼal .
ri jesusk wa ʼkat pari nim rachoch ri dyos, chu xe ʼ ri jun jache rachoch ri salom on .
we taqanik ri ʼ ku bʼij chi rajawaxik kya ʼ uq ʼij ri win aq xuquje ʼ k to ʼ anin aqil .
ria xu xare nari u kunel ri kin aq ʼ .
aretaqwa ʼri uq ʼijol we taqanik .
kʼojun ta bʼal pa u wi ʼ r ixkan ul u bʼi ʼ lajuj no ʼj .
yu ʼl u bʼanom ri u ko lob ʼri kej .
xa nimaj ri akʼal chiu wach ri u chu ch .
k kunan ri achi.
kin wa ʼik rech na kin yowaj taj .
aj x ik ch ʼich ʼri lu ʼ s .
k waj che ixkix bʼanowik .
a ʼ re xeto ʼwala q .
xoj ʼe k xe ʼ qil al arqas ok .
xin loq ʼ jun ch ʼich ʼ, qajin aq u wach .
ku tʼis ri pantalon .
e janipa le awal k ʼwa le kʼolik ?
utzu kemik lepas chawe.
ri max are aj q ʼani ya ʼ .
mata bʼ achiri q kʼaxpa le bʼe.
tajin kanimaj , ri me ʼ s .
ix ix e ʼl aq ʼomab ʼ !
x sachan chwe.
e kʼokʼiche ʼ , chi u wach ri juyub ʼ .
arewa ʼri nim alaj p ixa bʼe arewa ʼri na bʼe.
x reta ʼmaj chi ruk ʼ pakʼ ku tij wi
jas utz akik le sub ʼ xu ʼ ano ?
aj xo ʼy ri wikan .
we tanea ʼ re xe tijo w le ri kil , are le komon xe tijowik .
sib ʼalaj anin aq kach ʼaw le are ʼ chi nu wachin .
utz we kinchakuj .
me ʼ sla ʼ .
kʼokanwa rech kaq atijo .
xin sik ʼij la.
ri akʼal x sach kanoq jela ʼ p ataq ʼaj .
xe sik ʼij la.
jawi x kibʼij wichike ʼ e wi?
r umal che, manix tari ʼ ri kixch ʼawik , are ri r uxla bʼa xel ri i tat ri ʼ rik ch ʼaw na iwuk ʼri ix .
kʼakʼ ri wachoch .
sib ʼalaj utz kin wil le atz ʼyaq rech nahuala .
saq por k kay ri kipo ʼ t ri nan .
x sachon ri nu chak chwe.
wa ʼim xu chapo .
riq ʼaq ʼ tajin kaj u luw ik .
najil u p am ri siwan .
e kʼo ri qachal al pachi u wi ʼ la.
jas xataq chi ʼj le akʼal chu tijik ?
no ʼjim u kemik lepasaw umal .
kʼojun kuk u bʼi ʼ tin tin , wa ʼle laj kukmam kaj eqitaj , kapaqi kax u lik pa u wi ʼ uq ʼab ʼ taqche ʼ , sib ʼalaj sakʼaj , ke ʼ u to lee nima ʼq , ch ʼutin , rachi ʼl , aj sipa nel sib ʼalaj utzra nima ʼ .
ri u p ixa bʼ leq ʼat bʼal tzij kiya ʼu bʼixik .
na x sachon tachke xe atin ik .
xeqil le chik oppu wi leja .
x lo ʼtaj ri akʼal .
qo nojel kuj wa ʼpa u wi ʼri me xa .
xsik ir le waqan .
la xat wa ʼkʼut ?
nimu bʼaq ʼri tulul .
kin xik ʼik ʼik xin q ʼaxik .
la kat bʼepa le tin amit ?
ri pal sib ʼalaj saq ʼo r .
k q ʼoxow nu jalom .
xin na ʼochi kat p etik .
x loq ʼu lew iwech ix .
x inchakun ruk ʼri numam .
na x qabʼan taj .
k kʼoji ʼ bʼa ʼri u sipa nik ri ajaw xel jesusk risto ruk ʼri awuxlab ʼal !
kin ch ʼaw ruk ʼle nunan pa lech ʼaweb ʼal .
sib ʼalaj q ʼeq u ʼm r umal ri mayul .
are leba xu lik .
xe kos le ixoqib ʼ pa le bʼe.
kʼax ri lik le akʼal chawe.
xin q ʼi ʼo xin atin pa joron .
sib ʼalaj nim le tin amit .
kʼax u kemik lepasaw umal .
xin sachik .
tajin kelu kikʼel pa raqan ri tz ʼi ʼ .
xin we ta ʼmaj ri lik wibʼ
ri q ʼuq ʼ arejun je ʼl chi kop .
kʼopa ja tijo bʼal ri wi kaq ʼ .
ri sachi bʼal mak raj wa xik chi qaxo ʼl .
je ʼ, kim bʼe k .
jela le ʼri nu p wi ʼ .
xu bʼij che: - jas xa bʼano tin tin ?
kabʼan jun toq ʼob ʼ kyak ri nuj al .
kat ʼe k xin ta.
jas leu kʼex bʼem ri bʼ le jun ruk ʼ le jun chik ?
aj chiu wi ʼm iq ʼinja ʼri lu ʼ .
ri tijonel naj k pe wi.
te ʼ kixchob ʼu bʼi ʼri nu tat .
ri ja ʼ kamiq ʼik chiu wach riq ʼaq ʼ .
ri tʼu ʼ y k paq ʼowik .
kin mes on na .
na qaj at kʼowi chiwech .
xin bʼisonik taqna xat p et taj .
we x kam ri win aq, rip waqrech toj bʼal makaj kya ʼ chikech ri ralaxik .
ri nunan x bʼepa kʼay bʼal .
xoj u kʼam u loq rech koj ri lo
x kʼoto chin chikiwach chi kinwa ʼawu kʼ .
na x kikamsaj taj xkikʼam bʼi choja .
kʼakʼ ri ikʼ kamik .
xim bʼe ruk ʼle aj kun iwir .
ri lik .
le tz ʼi ʼ xe ko sik .
xinkik otaw umal .
ri imul xu maj ria nim , xu ya kan le kok .
kʼo oj cheri akʼal .
xuj bʼepa jun kʼulanem .
utz we k waral aq .
kaqilo chi na koju kʼam taj .
x reta ʼmaj chi ruk ʼ pakʼ ku tij wi.
sib ʼalaj xin kʼa ʼ nar ik .
xin k ochi j ri nuwa .
man kat kowin taj kat chakunik , we man kʼota ri ajilab ʼal .
we wonon xu bʼij chike: - kixinto .
ri ala nim k r il wiri u mam .
x ka ʼy chirij , x ka ʼy chu wach , makʼo tachi jun k silo bʼik , xoq ʼik xu xe ʼj ri bʼ xch ʼopin ikx tzalij loq xu riq tachik ri u bʼe .
kʼo pus cheriwa .
pinem na kabʼe lew atz , kim bʼewi in paka ʼyi bʼal .
ri nan to ʼn nim win aq chik , saqu wi ʼ, ro nojel aq ʼab ʼ utz kuna ʼo ka tʼuyi ʼ pa utem , ku miq ʼisaj ri bʼ chori q ʼij , kʼojunu wi ʼ umam u bʼi ʼat e ʼ k .
mane kʼitaj ri qula ʼ .
q ʼalaj chi na kawaj taj kabʼij
x paqa bʼisax rajil ro nojel ri kem .
kʼopa ri jul ri kumatz .
ro nojel q ʼij kin ch ʼaj le nuwa re.
saq chikan lei chaj rech katzako .
chu xe le qachomal kaqatij wi jun qame q ʼin .
chawila ʼ .
e kʼo job ʼ u mi ʼ al, ri nu tat .
jas ruk ʼ x awil wi
je ʼ jas ri win aq rech ri u wachu lew , xoquje ʼ kepena ri ʼ rie ʼ are ʼ che erech ri u wachu lew ; je ʼ jas ri win aq rech ri kaj , xoquje ʼ kepena ri ʼ rie ʼ are ʼ e rech ri kaj .
xin tijo .
k tzʼujuw ri rachoch ripo ʼx .
xuq ʼi ʼo are leu kʼu lel x ya ʼow u wa.
ri awel x reta ʼmaj chi rajawaxik man ku xej tarib ʼ cheri tuku r .
ju kʼulaj win aq xe ʼ anima j bʼik .
je ʼ , xin tzalij ik .
xoj p etik x ol q akʼama ʼ .
maj jachin x ʼe k .
in ajtij ; at tijoxel .
saqu wi ʼ ri tata ʼ .
we ch rik em .
le ro ʼ ch le ate ʼ k kʼoch wach leu kʼay le nunan .
k bʼepa ri siri ʼa e pari silisi ʼ a, jawi je ʼ kuya wiri kichuq ʼab ʼ ri komonty ox .
p ixa bʼ : man utz taj kʼax kuj ch ʼaw chikij nik ʼaj qach il .
x kun ataj le ali ( kumal ri ixoqib ʼ ).
ri xib ʼib ʼal chi kʼowi p ataq riq akʼas lemal ro nojel q ʼij .
na kuj warta waral .
on chek kʼoji ʼ ri utzil chi xo ʼl , arech junam ri q akojonik , junam ri iwech ix ruk ʼri wech in .
pa ox q ʼij risa ʼn k bʼe na ruk ʼri aj kun .
kawin aq wuqub ʼ .
jas kawaj kin tijo ?
weta xat bʼew u kʼ pa le tin amit , xa loq ʼ tala ʼle u jas taq le akʼajol .
ke bʼepa wa ʼim .
xin loq ʼ kʼi wa.
pa jun nim kʼache ʼlaj , kʼojun k ʼwa ʼ sib ʼalaj saq loloj , nim u wach .
k waj katij ju bʼa ʼ wa.
ro nojel win aq k r il nari u kolon em ri dyos » .
x kʼoto chin chikiwach chi kinwa ʼawu kʼ
k waj na kat ʼ e taj .
la xa loq ʼjuna lej ?
e kʼori e loq ʼoman el .
ri u kabʼ u bʼi ʼ ri nu mam are ya y .
kin jopij ri ija ʼ rech tri ko .
x na ʼtaj chkexe atin ik .
xate ʼ qila ʼ .
kakitij alan xax ri win aq .
. . . kin bʼij chi arewa ʼsin xi ʼ an.
na xin na bʼej ta chu tasik qa kʼoli bʼal .
r umal rech chewe ri in, kin ch ʼaw ruk ʼri dyos pach ʼab ʼal , kch ʼaw na kʼu ri ʼ ri wuxlab ʼal ruk ʼri dyos , kʼate kʼut man kʼota u p atan ri ʼ ch rech ri nu chomab ʼal .
xepe tik x kilo .
xuta we kat ʼ e k .
utzu kemik lepas chawe.
ri nuwa kax xu tij jun q ʼoq ʼ r umal ri ʼ x kamik .
r umal ri kʼix , man kewa ʼtaj ri win aq .
xe ʼ u lik .
q ʼeq rij ri ama ʼ chij .
x raj ka ʼel e unan .
junam kijunab ʼ .
n aq ʼalaj taj we ka ʼ e k .
ri wix nam ch ʼajch ʼoj ri rachoch .
waralman kʼotaj ajawal .
na iwir tax r il le kʼamol bʼe.
xin pe loq te kʼu ri ʼ xin tzukuj ro nojel ri nu rajil .
ri aj tikonel ku tik ri tzij .
kʼo e kik ʼajol le achija bʼ .
ku tij q ʼayes ri ixpa ʼch .
pari wa ʼbʼa le kʼo kawin aq achija bʼ .
sip ojin aq ri nu p am .
kaya ʼtajik ruk ʼuti ʼ on em jun ri u riqom leya bʼilam olotsetsé xuquje ʼ arekaya ʼtaj p ataq ri juyub ʼ .
jachin ri achi?
ri numam x kamik aretaqk ʼojum uch ʼ lajuj u junab ʼ .
kin kowinik kin kʼam bʼi le p waq .
kin wilo chi utz ri aj i ʼ .
xin q ʼil ri apo ʼx che man kachakun taj .
k wa ʼ chiu wach le taq ʼaj ri ama ʼakʼ .
ri imul xe poq ʼik pa jun ikʼ .
x kʼis kanoq ri qachak .
are ri alixoj ilow kanoq .
sib ʼalaj ch ʼu ʼj ri amax .
kʼonu wachi ʼ .
inchajin el kech le akʼalab ʼ .
xekos letz ʼi ʼ .
kin bʼe na ku kʼ ri molaj .
ro nojel aq ʼab ʼ kin yi tz ʼri wa kax .
karapin ik xu tzukuj chi jun awaj .
leu kemik lepas anin aq (awum al ).
maju rajil le q ʼab ʼ arel .
kʼax ri ʼri kach ʼawik .
xoj u taqchi ʼj le achi chu loq ʼi kichaj .
sib ʼalaj kʼax ri x kʼulmaxik .
x kilo china kin kʼoxomaj taj .
x na ʼtaj chkechi xe atin ik .
x kʼoto chin chikiwach chixoj al wo ʼqaku kʼ .
jun q ʼu ʼ q rajil ri kaxla ʼn wa.
xin wilo chi xe ʼel ik .
e kʼo ixoqib ʼ pa le kʼay bʼal .
man kʼotaju kʼisik ri maya bʼ aj la bʼalil .
ri sin k kʼiy p ataq ʼaj .
rich ʼ imaman k kʼiy taj p ataq ʼaj .
rajawaxikk ji kik ri waqän .
kawaj kin ʼ e k .
e kʼo oxib ʼakʼ .
xu bʼij chwe jawi at kʼo wi.
chwe ʼ q kuj bʼe ʼ pa muquj .
pa saq kʼa ja ʼ kbʼan wiri uq .
x oj kisik ʼij .
xin wil wib ʼ .
chaq ʼ chik ri wa.
kim bʼe na kapa le wo ʼch .
kawaj kin ʼ e k .
rich ʼu ʼ k tij ruk ʼlej .
pari kiq ʼij kamin aqib ʼ kbʼan q ʼori kʼya ʼ rech aj : na bʼe ri nan kutzukuj kan ri aj , kujach ʼo ʼ xuquje ku kʼe to .
jas kaj bʼal chanim ?
utzu chomanik ri ali .
pari q ʼij oxlajuj tijax kin kʼis kebʼ junab ʼ kin chakun waral .
sib ʼalaj ko , ri kʼakʼ ch ʼat .
jas karajku bʼij … ?
rich ʼich ʼ kasilab ʼik .
pa ojerq ʼal p ul xaq xu wiri nim win aq kekʼamow bʼe.
leu kunaxik leu kabʼ u kʼutunik are ruk ʼ e flor nitina on u tunib ʼaxik le nifurtimo x chi ʼ le flor nitina chech t. b. g.
are ri achi xin ch ʼayow ik .
jun achi u bʼi ku ʼx u sipaj kebʼ kʼa ʼm u lew rech kabʼan ri tijo bʼal , kamik , kʼochik ajtij rech ri komon xech pu p .
xu malty oxij cheri ajtij ro nojel le xu kʼut chi u wach .
pari bʼex kiraq jun alaj imul saqri j, xkikʼam bʼik .
x r il le bʼal e ala .
jas ku bʼij chwe?
leu kuna taj em are ruk ʼ utzukuxik leu chikop il pa jun u solik u xe ʼ le kikʼo nleja ʼ rech jun nodo .
utz we nutz ʼi ʼ .
je ʼ , tajin kachapon ik .
kinu loq ʼoj le nu tat .
kawaj kim bʼe p atin amit .
are la ʼ kinchakuj .
ri nima ʼq taqwin aq kʼoketa ʼmab ʼal .
weta xat bʼew u kʼ pa le tin amit , xa loq ʼ tawa ʼwe jas taq .
ri kikʼas lemal . wa iximu lew xa jun chima areta tin imit ri ma
ri u kʼya bʼal na jupam .
xatqaj chiupam ri il .
nojim kat wa ʼik .
we kʼojun k tu qa ʼri k , ¿ la man xoquje ʼ taj kin tuqa ʼr ri in ?
ojoj wokol ja .
awas kbʼan kʼax che jun nim win aq .
xin ch ʼaw apan ruk ʼle wa na bʼ .
kʼax ri u p am ri ju ʼl .
tajin kewa ʼri imul .
la kaj la kuj tzalij la anin aq ?
r umal rech cheri makaj man kʼota u kowin em p iwi ʼ ri ix: ri ixmanix kʼo tachich u xe ʼri p ixa bʼ, xane ix kʼochu xe ʼri sipanik .
nim raqan le che ʼ .
xin chapo .
are le tu ʼ r le loq ʼoman el .
xa s kat kʼoji ʼ chiupam rich ʼich ʼ .
sib ʼalaj nim raqan ri kʼamal bʼe.
le tz ʼibʼab ʼal we chin.
in x into ʼw la .
xa je kʼu ri ʼ ri ix kamik ri ʼ manix kaxlan win aq tachik ; ri ix , ix rech ri kitin imit ri ety oxlaj taqwin aq, ix rech ri rachoch ri dyos .
xintik oxlaj kʼali chaj .
kaqariq qib ʼ ch we ʼ q .
sib ʼalaj utz cheri wi ʼaj ri tuney .
we naj u p ulik ta xe q ajik . . .
xinto ʼtaj cheri nu chak .
kʼojun chikop u bʼi ʼ p um .
poq on ri ik .
x oj bʼin ik .
xu ch ʼe k ro nojel le reta man ikx paqi ʼ k kʼax k wʼi nik xu bʼanaj kun .
kelu bʼik pari jude ʼa e k tzalij chiu bʼi jumul pari galile ʼ a.
xina xib ʼij pa bʼe.
je ʼl kʼol em chi awachoch .
ro nojel ri ya ʼtal il pa we q ʼataj , tz ʼaqat kiwach , man k tzaqta kanoq xuquje ʼ man k tas taj .
xu kunaj leya wa bʼ le aj q ʼij .
chi tata bʼej jas le kim bʼij .
ch ʼan al ri achi.
pa bʼo ko ʼ kachakun wiri tax .
uj kʼopa u wuq q ʼij .
ki ʼ ri u kabʼ ri aqaj .
kʼo rachal al pa tz ʼoloj che ʼri p e ʼl .
x kilo chi kin kʼoxomaj .
ri u kisakʼ utz k ya ʼik chiu xe ʼri tiko ʼn .
aretaq chi ʼ kaq ʼan p uwi ʼ ri jukub ʼ, ri achi chex kʼoji ʼ ri itzel uxla bʼal ruk ʼ, ku tach rech ri are ʼ , arechk kʼoji ʼ ruk ʼri are ʼ .
na kabʼantaj taw umal .
x na ʼtaj chkexe atin ik .
xin p aj ri nu triko .
xe ʼ ok ri pok ʼ pari u mexaripo ʼx .
kaj u luw ri aq ʼa ʼl chiu xe ʼri tʼu ʼ y .
awech leja .
xuj bʼepa tzur ik .
na bʼex atopanik .
ri u kabʼ u bʼi ʼ ri nu mam are ya y .
uwaj xaqu kakʼal taqanik (28).
mata kʼojun kakanaj kanoq , qo nojel koj bʼe k .
e nima ʼq le al tomab ʼ .
nimu wach ripo ʼt .
kojonik pari u tzij wa iximu lew .
jas xu kʼam bʼil etz ʼi ʼ xa wilo ?
xin p etik , tat .
ri bʼelaj u wach .
chi tata bʼej jas ri kim bʼij .
je ʼl ku na ʼri abʼix chiupam ri ququ lew .
kin bʼisoj u wach lew al .
xu tʼuyu bʼa ʼ .
nim ri aweqele ʼn xa riqo .
xin e ʼ wa ʼ oq .
chi ʼ kewa r wile akʼalab ʼ .
ri nu mi ʼ al xu taq loq jun taqo ʼm wuj chiwe.
q ʼe ʼ lik , ri chaj pari bʼe.
lautz awach ? - utz malty ox , e kʼu ri at ? – utz malty ox .
xin kos r umal nu chak .
k bʼe ku kʼ rie ʼ are ʼ e k tzalij pari na s arete keʼu nimaj .
ri joj xu kʼam bʼik ri ak ʼ .
kʼochi wachi ʼl chanim .
ku bʼij chech na ʼl kabʼan cheri atz ʼib ʼ .
e . . . in kawaj katzjoj bʼi la chwe.
mata xin ya j le ali .
jachin ruk ʼkat bʼewi?
kʼo sib ʼalaj eta ʼmab ʼal pari maya bʼ no ʼjib ʼal .
e man xo ri ju p uq kej .
kasu mum ri kaqiq ʼ .
e kʼokajib ʼ akʼalab ʼ pa le bʼe.
je ʼ jas ri u tat k ka ʼyik .
xaq at molon el tzij tal .
le nu tat kaloq ʼon chwe.
xaqtane kim bʼe iwu kʼ .
x reta ʼ maju ch ʼaj ik .
r umal la ʼ x koj “ xal q ʼat ” cheu bʼi ʼ ri komon .
are leu kemik pas x reta ʼmaj .
ri wa ti ʼt kubʼan nari u p atan .
kʼakʼ le po ʼt .
reta ʼm u wach jachin x loq ʼow ri pas .
kench ʼa bʼej le akʼalab ʼ .
ya ʼtal chaqe qo nojel ri uj win aq utz kaqilqib ʼ .
x koti ʼ paq ʼayes x oq ʼik .
kawin aq bʼe lejeb ʼ q ʼataj .
e kʼokajib ʼ r al ri imul , jun saq , jun q ʼan , jun q ʼeq , jun q ʼeq oj , sib ʼalaj ketz ʼanik , kech ʼopinik ri alaj taq imul .
k cholol ri ach achal .
kete kik ri ikʼ .
xe p etik rech kewa ʼiwu kʼ .
tz atz ri uq ʼan il ri ak ʼ.
xoj tzalij ik xi xe ʼ qaq ʼat uj ku kʼlei tati nan .
ri yo ʼx taq akʼalab ʼ ke kikʼux ri atz ʼyaq .
we achiwe xu sipaj jun po ʼt chwex kamik .
k kowin ri kuna nel che kunanik .
x ji q ʼ pa ripolo w.
xar umal sib ʼalaj rajawaxik le loq ʼalaj ja ʼ, le win aqx kibʼij : chewe ikʼ ri ʼ qo nojel kuj bʼe cheu tikik taq che ʼ .
ri u na ne ri erachal al kepe u loq ruk ʼri are ʼ , kʼate kʼu ri ʼ, man kekowin taj keq ib ʼ u koq ruk ʼ, r umal rech chee kʼo sib ʼalaj win aq .
r umal rech , che man kʼota jun k kowin cheu kojik jun tikib ʼal il chik chu wach ri kojom chik che are ri jesusk risto .
te kʼu ri ʼ xu tz ʼibʼaj ri bʼ pari nim alaj tijo bʼal rech aj ku ʼn .
kaj u luw rich ʼu mil chaq ʼab ʼ .
kʼis bʼal kanoq , xoquje ʼ k kam ri ixoq .
le ala xokik .
kʼop waq pa u wi ʼ ri me xa .
are kawaj na kin ʼ e taj .
ri yawal ku koj ri ali chi u xe ʼ ri chak ach are usu ʼt .
na kaqakʼam tu ʼ bʼi kamik .
ri ajtij ku bʼij chike: rajawaxik keqa chajij ri awaj , areu tiko ʼn ri ajaw .
xin tij mukuni wir .
kʼax leu wi ʼ taq le nuq ʼab ʼ .
xin loq ʼjun il bʼal wib ʼ .
wa ʼwe q ʼij , nimu bʼantajik .
ri u xe ʼ al ri qatin amit man kasach taj .
x oj bʼin ik .
ri achal al junam kiwach .
xin we ta ʼmaj ri lik wibʼ .
nim ri una ʼoj waj tij .
mi q ʼin ri kʼul .
aj q ʼojom ri ate ʼ k .
che lesa nik che ʼ kbʼan wiri q ʼojom .
kape le awel pa nawal ja ʼ .
ri mes onel tajin k chakunik .
utz chaqe kaqato ʼqib ʼ, taq kʼokʼax kʼol il , kate we chi ʼn ri ajawp aqawi ʼ .
xa wilo, x q ʼatan le ibʼoy .
xat kowinik xa bʼano .
ki ʼri kʼawex .
kajil il ri bʼe.
le alix el bʼik .
are ʼ x raj xin bʼano .
nim we ab ʼaj .
je ʼ liku ti ʼjol al ri saq ko ʼr .
nojin aq ri kej .
we katijan xu xman katuto ʼ tachi uq ʼat ixik le kʼakʼ ya bʼil corona virus ( 2019- ncov) .
na nim ta raqan wa ʼwe che ʼ .
utzalaj ajchak , ri wel .
¿jampa ʼ kuj bʼepa nimaq ʼij ?
rajawaxik tane la ʼkat chakun wu kʼ .
xutaq chi ʼj pa warampu lew .
man areta ri axwanx elik .
ri awix xu loq ʼ rachoch re nimal .
are ri ixoq xin sik ʼ in u loq .
rich ʼimak ʼat ʼon na.
la xibʼan lei chak ?
kʼi tin amit e kʼopa ch ʼo ʼj .
kʼoju puq chij chiu xe ʼri che ʼ .
ri u xaq ri abʼix areu warikej .
kawin aq q ʼataj .
la kix pe pa tijo bʼal ?
we kechajix taq le k ʼwa jacha kin bʼij ; jun al ik kʼo ja ʼ xuquje ʼ sib ʼalaj saq loloj .
x reta ʼmaj .
ri ala bʼom ri al itomab ʼ tajin kikitijoj kibʼ rech su taq , arekakaj kikibʼan nimaq achija bʼ chupam ri kikʼas lemal , xuquje kʼochik jupuq bʼixonel chupam ri komon .
la tz ʼu wach ri bʼe.
kʼakʼ ri ach ʼich ʼ .
qo nojel uj , uj maya bʼ taqwin aq .
nojel q ʼij ri ati ʼ xkuyuq ʼuj le taq awaj jela ʼpa nik ʼaj ja ʼ, chirij ri juyub ʼ u bʼi ʼ te na ʼ .
paq ʼom chik ri si ʼ .
kin tzukun chela .
kakitij le kin aq ʼ, lei chaj , leu wa ʼlik ruk ʼlej .
xe kanaj kan le ajchakib ʼ .
ke tikon ri achija bʼ .
sib ʼalaj itzel u bʼantajik rich ʼila kan .
ri ate ʼ k xu malty oxij cheri rati ʼt , r umal ri utzalaj no ʼjib ʼal xu kʼut chech .
k kamulix u chak ri abʼix .
la xin utzukuj le tijoxel ?
are ʼ kachakun ro nojel q ʼij .
lee kʼa ʼna taq tz ʼi ʼ .
saqri jripla mux .
jas xaq ʼi ʼ ox atijo .
jas ruk ʼ xkichap wi u tijik le ri kil ?
we kat atin ruk ʼ kʼatan ja ʼman kuq ʼatej ta le kʼakʼ ya bʼil corona virus .
la kat bʼin pa le uxlan bʼal ?
la waral kʼuxix wa ʼwi ?
are le nu tat kin loq ʼonik .
tajin k chakun ri ala .
kʼori ki ʼ kotemal awu kʼ .
xuta jachin ka ʼ e k .
xatwa ʼik xin wilo .
x tzaqri rachoch r umal ri ja b ʼ .
pa le jun ik ʼ chik are nimaq ʼij .
e kebʼ äm kebʼin pa u wi ʼri tem .
mem ri achi.
ri wik anchali ʼy kel pa juyub ʼ chwi tziri bʼal .
le rajil , la paja xel aq ʼax wu ʼ bʼik ?
pari su ʼt pisom wiri lej .
koj p etik kol q akʼama ʼ .
tajin kat ch ʼopin chiu wach ri taq ʼaj .
le q ʼo r xch ʼuqik .
kʼax wa ʼimaw umal .
kin bʼison che lew al .
sib ʼalaj kʼokʼ ri awatz ʼyaq .
kamik xuj bʼe cheu tikik taq che ʼ pari juyub ʼ .
kinu loq ʼoj le nu tat .
chaqi ʼj chik ri chaj .
x yi lix hawayi.
na x na ʼtaj tachkechi xe atin ik .
ruk ʼ kʼuwa ʼwe ri ʼ, ri ixk kʼoji ʼ jun utzalaj i kʼas lemal ri ʼ ch kiwach ri win aq che mane kʼota iwu kʼ , kʼate kʼu ri ʼ man kʼotajun win aq ri ʼ rajawaxik chiwech .
e p etin aq pa bʼe le rachala xik .
kakaj le akʼalab ʼ kewa ʼik .
xuj ch ʼay bʼik .
ri nu chak are q ʼaxel tzij .
kʼo nar uxla bʼri awaj .
tajin kel loq , ri q ʼij .
xu q ʼi ʼ ox kam sax ri rachal al choch .
ri numam are kʼou q ʼinomal .
x kʼulmataj jumul , xu bʼan jun nim alaj ja bʼ, manx bʼe yetaj tana xu kʼis leu yuq ʼchike .
ama ʼri nu tz ʼi ʼ .
jewa ʼkat p etik .
xinko sik r umal xin chakunik
iwech chi jujun al , ri wa .
xu q ʼi ʼo na xata tin taj .
in riq tajin aq pari kʼayib ʼal .
na weta ʼm taj .
kʼax le nuq ʼab ʼ .
utz le xu bʼij le achi.
kematz ʼib ʼ .
kʼo rachal al pa tz ʼoloj che ʼri p e ʼl .
ro nojel wa ʼwe jas taqri ʼ, xask sach wi u wach wa ʼ ; ruk ʼwe ri ʼ, ri ix , rajawaxik che kʼojun ty oxlaj i kʼas lemal e k kʼoji ʼ ri ich ʼawem ruk ʼri dyos,
x muq taj ri p atz ʼan .
rich ʼich ʼ tzijom kanoq pari u kʼol bʼal .
man kʼota u cholaj p ataq ri awuj .
jachike ikʼ leu nimaq ʼij le tin amit nawal ja ʼ ?
xe p etik x ol kikʼama ʼ .
kachuq ʼ chu tri ja ʼ chi apam .
xin bʼij iwir chi xe bʼepa armita.
are ʼ u xe ʼ ojer tzij waral kʼiche ʼu bʼi ʼ .
x kʼis ri nu si ʼ .
jawi x kibʼij wichike ʼ e wi?
¡ xa je kʼu ri ʼ, jachin taq rie kʼopa ri jude ʼ a, chi chanim che ʼ anima ju bʼi p ataq ri juyub ʼ,
kʼakʼ ri a bʼ .
la kʼojun naka kʼoxomaj taj ?
nautz ta leu tʼisom le almariy .
man ya ʼtal taj chi awekatok paja.
je ʼ, xatu tzukuj .
are kel waj xaqib ʼ uq ʼij rix kʼoj ik .
rix unku r k kʼoji ʼ p ataq ri tri ko .
xin sachik .
xu tʼuyub ʼa ʼ
na nu tom ta le tzij …
wach ʼom ri kiwa ri no ʼs .
e kʼojo bʼ ch ʼil wa k ʼ .
rajawixik chi p ataq ri tijo bʼal , pa nik ʼaj u bʼixik chik
ri rajaw ru lew are ʼ tat kel .
we kʼu xokik , we k ʼ na x ok ta
we achi xu sipaj jun pʼ ot chwe.
atat u taqo ʼn leq ʼat al tzij .
n aq ʼan tau wach le qa prut .
rixa ʼ r kʼopa u wi ʼ riq ʼaq ʼ k poq ʼowik .
ri roq ʼej ri ali jachakpe jun akʼal .
kʼojun al apa tijo bʼal .
säq u wi ʼri tata ʼ .
ri witz ikʼ tajin k pe loq .
jawi x sachon wi kanu ya ʼik le p waq che.
utz we achiwe xin kunanik .
qo nojel kuj wa ʼpa u wi ʼri me xa .
ri kaxla ʼnik man poq on taj .
in xin bʼe ruk ʼri wachi ʼl .
sib ʼalaj je ʼl x kilo xe kitz oqopij ri kichij chila ʼ .
kin bʼin ik xin ʼ e k .
kʼax kʼolik , kacha ʼ .
ku tij ixim ri ak ʼ .
ri alix che l , xu q ʼi ʼo xa jun ak ʼ xsipa x che.
x qasik ʼij le ixoq chu tzakik sub ʼ .
mata xa bʼinsaj lech ʼich ʼ .
ri p ix tz ʼar al ik r umal rieqa ʼn .
¿jampa ʼkel chi 3%
kʼojun nu kʼotoj chi ʼaj .
tajin kewa ʼkat ri ala bʼom .
xin loq ʼ le nu kʼa kʼapo ʼt .
na utz akik ta sub ʼ tajin ku ʼ ano
xoj u taqchi ʼij x oj wa ʼik .
iwech ri ab ʼix .
saq rij ri chij .
aj sik cheri tin amit kel wiri tata ʼ .
- ¡ ay ! xa xin tzaqu loq , kʼax we waqan .
x kʼulmataj pa jun komon chi ʼ u wach jun juyub ʼ, xu ri qa jun q ʼij xkiriq kibʼ junimul ruk ʼle kok .
jas xataq chi ʼj le akʼal chu tijik ?
x inchapo sux u loq ʼo .
q ʼinom ri achi.
ri kʼum k tijo w ruk ʼkabʼ .
tajin kejach ʼanik .
tzeb ʼal u kemik lepasaw umal .
arekay o ʼw leu chi kopil leu bʼantajik t ry pano somab r ucei.
we kat nima nik utz kelik .
pero no ʼjimal p etn aq loq , .
are le nu chak jun tz uq bʼal wib ʼ .
x kunax le ya wa bʼ r umal leaj q ʼij .
ri u kʼu ʼx tz ʼib ʼ pa qatzij e lajuj .
sib ʼalaj je ʼ lik ri eqa bʼal xu bʼan ri lu ʼ s .
sib ʼalaj at k on .
e man xo ri ju p uq kej .
na x na ʼtaj tachke xe atin ik .
ri kʼamal bʼexu bʼij chike, chi maja ri a nim .
jumuch ʼri nu junab ʼ .
q ʼi p tajin aq ri raqan ri tem .
k chakun ruk ʼri jos bʼal che ʼri aja nel .
xataq chi ʼj le akʼal chu tijik ka r .
oj kʼopa le ro ʼch le awel .
¿ la kat peq u kʼ chwe ʼ q ?
le win aq pa lech ʼich ʼe tʼuyullo wi.
x kanaj kanoq chiu xe ʼri ja bʼ rich ʼa ʼn .
nim rij a.
weta xa kunaj le atat matax kam la ʼ .
na nu kʼamom tu ʼ la ri ʼ .
chqa nu kʼu ʼ ri qatzij .
kim bʼepa le tin amit .
xin q ʼi ʼo na xin atin taj .
rajawaxik kakʼaman chawe leu tijik le lej .
kʼis bʼal taqno ʼji bʼal .
