x in e ʼ waʼ oq.
xkib ʼan kʼax che leu w osaq rumal man u tz ta chi kakay ik.
ri qʼu tuʼm man kech ta le akʼalab ʼ.
are na nim tale atz ʼiʼ chu wach le nu tz ʼiʼ.
xe petik x ol kilaʼ.
¿ jaw chiʼ x at aʼ che x kam riu mam ri po ʼ x ?
e keb ʼ kekʼamb ʼik pa tuj .
x in loqʼ junja pa ri w okaj ja.
ria xt uʼb ʼ, kʼo qulaj chech.
jas ka raj kaʼanchu tz akikleti ʼ ij.
xu tij lewa.
x im b ʼal re tzij.
x pa x ri b ʼoʼj .
we kawaj ka tin toʼo x aq xu wi kab ʼij chiwe.
jas nu kʼu ku chʼob ʼo.
jas karaj kutijo?
xe x rux lab ʼ ri ri kil.
e ni tz ʼaʼq le taqimul.
we tane in x in b ʼanow ik, are le ateʼ k x b ʼanow ik.
kin tzalij pale nu tinamit.
ri nu chaqʼ kʼopa u roʼ qʼatoj tijonik pa ri tijob ʼal .
x in xiʼ j wib ʼ x in chʼawik.
kʼo chwa roʼch le p are.
chi raqan kab ʼin wiri tat aʼ.
x sach on kan u yaʼik le p waq che choja.
x in qʼax chiki xoʼl ri winaq.
keti konik.
ri ulew man qech taj, kech riqa tiʼt qamam.
xe pele winaq xol kikʼam aʼ.
xu loqʼ ri w uj rumal ri ali.
chewe qʼij kamik kʼo jun nu tzijonem chirij le nu tinamit.
kej riʼ.
x kunan alaq chwe.
kinu si kʼij le nu nan.
ri i mul xu chʼij taj, x kanaj pa b ʼe, rumal ri nimal ku jaluj ri i mul, xu tzaq ria nim .
kub ʼanri u xo qʼoʼ l riaj tz ʼaq.
ri la sib ʼalaju tz che kunab ʼal .
kʼi ki wach rie ʼ aj chakib ʼ pa ri komon tyox , kʼate kʼut xa jun chia jaw xel ;
x qa tachix a tulik.
kawaj chik atʼek.
chʼu tiʼn ke kanaj ri x ajab ʼ chech.
kaqaxiʼ j qib ʼ kaqachapo .
e kʼo keb ʼ u kʼaj ol le tat x wan.
lu ʼ sub ʼiʼ ri rech am .
aj chiu wiʼ mi qʼin jaʼ ril u ʼ.
x in yakan le nu chimpa kʼayb ʼal .
kʼatex ri lo, x pe riu nan cheu tzu kuxik , x kikotik, xu salab ʼisaj ri taq u x kin.
xki kʼut chiu wach riaj tij xu qujeʼ chiki wach ri taqni kʼaj kachil.
u tz le nu qʼab ʼ .
kulleal we ʼ l pa a ustin chaqʼab ʼ kamik.
ria teʼ k x tzaq loq are chi kʼopa u wiʼ ri qʼaʼm.
aj patan ri teʼ k.
x at qaj chiu pam ri il.
la kʼo tzij na ki kʼoxomaj taj ?
x sach on chkechi xe atinik.
rono jel le ulewe cha laq.
la xeb ʼe kʼula xeʼ kijaqa kʼuleu chiʼ ja ?
x aq kat chʼ oknaj iwir.
kamik kʼochiri jastaqa we.
are chiʼ kakʼis ri junab ʼ kʼo qʼinom.
pan awaljaʼ x ina lexik.
na xin ta taj we are ri akʼal ki x tzu quwik.
¡ rulew ri sab ʼ u loner ulew ri neftali, ub ʼe ri po low, rulew ri jordan, galile ʼ a kech ri je taqam aqʼ !
rax , rax , rax , kʼo kʼ, kʼo kʼ, kʼokʼ le ru x lab ʼ le taq tik oʼn .
achix at wilo.
paqal raj il le p ix kamik.
xoj b ʼinik .
pa jun jeʼ l tijob ʼal ku tijoj ri b ʼ jun akʼal, ub ʼiʼ po ʼ x , u tz kuri lo kepa tijob ʼal rono jel taq qʼij.
x waj chix at ʼe taj.
u tz laʼ le xub ʼij le achi.
we taʼam jachin ka petik.
kin qʼojom anik.
x in qʼiʼo takʼalik x in petik.
are ʼ re taʼm cheki no panik.
are tab ʼale qa qa jawchat toʼwik.
ka winaq waq ib ʼ qʼataj.
na qaj chik cheri u waq kaj b ʼal are taq chiʼk sachu wach ri qʼij , kok riqʼeq u ʼm chu wachulew, chi kʼate ʼ nari b ʼelejeb ʼkaj b ʼal .
job ʼ raqan ri tz ʼalam xe po roxik.
sib ʼalaj kor ij ri mop.
are waʼ.
je laʼ pa ri timinit chwi kab yok rech xe laju ʼ, le qa nan qa tat kaki tiko jeʼ lalaj taq u wachichaj .
kʼax nu qul.
xu ʼ lu kʼam aʼ.
koj u l ki tzu kuj .
are man kʼax ta u kunaxik are taq aninaq kaʼili taj we yab ʼilal xu qujeʼ mojo ʼ qa kuyaʼ le kʼax kʼol il chech le jolom aj.
ri wel kʼopa tijonik.
kawaj kinb ʼij .
ri kotz ʼiʼj kqa koj chiu pam ri ja.
qʼeq qʼoj rij ri am aʼ kej .
na x waj taj x in chʼawik.
chpe tab ʼal e loqʼalaj jab ʼ .
x sach on chke x at ki si kʼij.
e leqʼal chʼi chʼ.
jachin xa wi lo chi are x tijow ri tiʼj?
mata kab ʼe le nu x b ʼal pale tinamit.
p im ru q, ri ali.
¿ kʼori mu qʼe chi awech ?
kqab ʼij man ke kowin taj.
kin tijna.
kʼo jun qatʼu ʼy pa ja!
kʼo p uj chiu pam ri chʼaʼk.
are taq kin kosik kinwarik.
x at waʼ ik x inwilo
in x in chʼayow le achi.
kono jel ri ala xik keʼe tz ʼanik.
jas ru kʼ xkitij wile ki rik il ?
aninaq il kat petik.
na rax ta u wach le juy ub ʼ.
ri tz ʼalam tz ʼib ʼab ʼal rax kkay ik.
we chat chakunik, kʼo awa.
ma ʼ tam x at pe cheri waʼ im .
kamul kin waʼ na.
ri sik il ktijow ru kʼ ik.
kimb ʼe aqʼan ru kʼ le altalin.
xoj ʼe kxeʼ qilal arqas ok.
xe kiqʼil le aj chakib ʼ x kiw ok leja.
ma tane x waj le kʼu hjnem ru kʼ le at e ʼ k.
are xeʼo pan chiu chiʼ ri juy ub ʼ, xkilo chiman qasta kʼo qʼayes.
kʼate kʼut , ri jesus man kkoj on ta chkech rie ʼ are ʼ , rumal rech che kono jel re taʼm kiwach,
pa ʼ tz rij ri tz ʼiʼ.
ju winaq waq ib ʼ qʼataj.
ate laqʼom.
x aq at joʼ s.
ri qʼatzu, are qʼalaj riu qʼij il.
aj chak we ala.
ub ʼeleju kakʼal taqanik (29).
keb ʼ nub ʼiʼ kʼolik.
la katzalij lu ʼ la aninaq ?
katzu kun la chwe.
la kaj la koj b ʼeʼ pale chomal chweʼq?
x in nab ʼej chu ta si kqa kʼolib ʼal .
lalxin toʼwik.
sib ʼalaja noʼjib ʼal.
xoj petik xol qa kʼam aʼ.
sib ʼalaj jeʼ lik riu waʼ l ri ichaj.
kʼax wij rumal in pacha lik.
are taq xu kʼul maj waʼ xu l ri u chomanik xub ʼij : are u tz waa qʼab ʼ kin walijik , are chaʼ cha nim kino pan pa tijob ʼal , maj chi kin kʼul maj.
ojaj xo jolob ʼ pa awas qʼij.
x in sach che leu w okik le tzij.
e julajuj ria kʼ.
xu ta jampa ʼ kojʼek.
qil ik.
ri tijoxel man are ta nim chu wach ri raj tij. riu tz tijoxel qas jeriʼ kʼolik jas ri raj tij.
in x at in chʼayo.
noʼjim chak wumal.
chʼur ri joch ʼ.
in kinb ʼij na katsach taj.
uj ma yab ʼ .
ria b ʼaj ya tzalik.
tajin ke p ix b ʼax ri akʼalab ʼ.
chom ria q.
x in warik.
e lemen kono jel ri akʼalab ʼ.
tajin kqʼa narik ri we reʼaj .
leu kemik le pa su tz (chawe).
xuyupub ʼau wach raʼ chi, ka chaʼ,.
ri satanas kok pa ri judas ri kb ʼixis ka riʼo tech rech , riare ʼ jun chki xoʼl rie kab ʼ lajuj.
chu churipar.
kinqumuj ri nu jochʼ.
chech punción lumbar am aqʼel rajawa xik chech ri lik le u kʼex b ʼem wile nab ʼe ru kʼ le ukab ʼ u kʼutunem le yab ʼ ilal.
qʼalaj china kawaj taj kab ʼij .
kʼo qʼol chirij ri si ʼ.
jawi xoj ʼe wi chu loqʼik ?
kʼou lo chʼ r italin.
qʼan rij ria tiʼt nu kej .
la x tzalij la iwir?
xe si kʼixik , kʼate kʼu riʼ xe yajik, xu qujeʼ xe taqb ʼiche u si kʼiklem es.
la kix warik?
are kʼulepa lo max xub ʼij che: -mam katb ʼison taj, kin si kʼij ni kʼaj wachiʼ l ke rapa p ik.
aʼre e tijoxelab ʼ.
ri alajali si ʼ l xub ʼij x qachappa u tz al ri tyox.
x sach on chke jachin xe atinik.
jas xu ray ij le a nan xu tijo?
x in kosik.
rax rono jel riqʼayes rumal lejab ʼ.
kinyawaʼ we chʼi chʼ pinem na u tz .
noʼjim u pa chʼu xik le nu wiʼ.
naj kʼowi le woʼch chu wach le tijob ʼal.
ri okib ʼal kʼochiu wach ri saq ja.
xe nu taq chʼij kekil le akʼalab ʼ .
kʼo jun qʼoxowem chiwe.
tza ri choʼm.
we choj b ʼe pale nim aqʼij, ke qil le aj xo jolob ʼ.
xoj ʼe kxeʼ qilal arqas ok.
ria teʼ k xu taʼ chech ri nan toʼn :- nan jas che ʼ chiman kaj ta laq akʼat isaj ri joʼ q.
ri pa l sib ʼalaj xu ʼy.
kinkoj ri jo kb ʼal ulew.
in kinb ʼij na kat sach taj
at raj kun le nu nan.
kuqamuj u joron riaj tzij.
lu ʼ tz ʼalam ub ʼiʼ ria chikel pa nim cheʼ.
jeʼ lik u tiʼjol al ri saq koʼ r.
kʼo jun xaʼ rpa ja.
x in loqʼ jun kʼakʼ patan.
kʼa xu kemik le pa sa wumal.
aninaq u kemik le pa sa wumal
ri chʼ aʼn sachinaq pataq ab ʼix.
rax taq le kotz ʼiʼj.
mesom ka noq riu pam ja.
man are ta ral a xkosik.
ri komon xech pu prechu qʼab ʼ tinamit xoʼlab ʼaj rech qʼu mar kaj .
la u tz a kikkʼu sub ʼ tajin ku ʼ a no?
kate la!
naxu tijtaj.
xa rumal ke taʼm kono jel ri winaq kkiqumuj le jaʼ.
iwir xuj tzalij la pa kʼayb ʼal .
qe taʼm cheriqa wakuj u toʼo .
riaj tij, kyaj on chikech ri akʼalab ʼ.
jasub ʼanom le nu chʼuti tat ?
chweʼq kinb ʼepa nim tinamit.
u tz we kiwe taʼmaj jas kub ʼij ri chol b ʼal qʼij.
tajin kat jilow cheu qʼoxom jolom aj.
x in ti kqʼax chiu wach ri ja.
kʼax le kib ʼe le winaq.
loqʼ katkun taj che le yab ʼil (covid -19).
ri nu x ib ʼal kel pa qaj b ʼal qʼij.
x ril ria x wan chix waʼ ri ala.
le alix kunatajik .
we takape le jab ʼ kamik.
x in we taʼmaj china x at petaj.
ri p waq rech we qʼataj riʼ kesax chech ri toj b ʼal kʼay inem .
k tij riu waʼ lik rumal riki nim aqʼij.
xu chapu kunaxik.
chatan loq ali.
x in xuli ʼ qajoq.
jeʼ lik ktijow ri taq ikox.
kʼate kʼu ri le tat xoʼr xub ʼij, man kawaj taj, man kawaj taj.
kʼo jun tz ʼiʼ pa b ʼe .
kamul x in pe cheatzu kuxik.
man tajin ta kin chakunik.
kin chakunik rech ka twaʼik.
jas ru kʼ x awil wichi xkiqupij wile tiʼ j.
jas ub ʼixik … ?
koqʼri akʼal.
kawaj nakatʼe taj.
x at qʼaj ik.
wem na cha loqʼ a xiy al , na kimb ʼe ta aw u kʼ .
xo pan lew ujaw u kʼ rumal wechin.
are kʼut pale juy ub ʼ kkʼiy joron, chilaʼ xe kikʼama wiri jaʼ ri winaq.
koqʼri akʼal.
we kʼo a raj il cha kʼama loq.
are sib ʼalaj kaq le apoʼt chu wach le nu poʼt.
x in kʼastaj pa kab ʼ lajuj kaj b ʼal .
ka qoyʼej na kix petaj.
koka xim richij x aje laʼ man kanimaj tab ʼik .
ri kok nojim x b ʼek, xu chʼi joxo pan pa u kʼisb ʼal il le anim.
xoj kiʼkotik are taq x atulik.
kaqi tz ʼ naj riu x ajab ʼ ri akʼal.
ri jesusk waʼ kat pa ri nim rachoch ri dyos, chu xeʼ ri jun jache rachoch ri sa lo mon.
we taqanik riʼ kub ʼij chi rajawa xik kyaʼu qʼij ri winaq xu qujeʼ ktoʼ aninaq il .
ria xu x are na riu kunel ri kinaqʼ.
are taq waʼ riu qʼijol we taqanik.
kʼo jun tab ʼal pa u wiʼ ri x kanul ub ʼiʼ lajuj noʼj.
yuʼ lub ʼanom riu kolob ʼ ri kej .
xa nimaj ri akʼal chiu wach ri u chu ch.
kkunan riachi.
kinwaʼik rech na kin yowaj taj.
aj xik chʼi chʼ ril u ʼ s.
kwaj che ixki x b ʼanow ik.
aʼre xe toʼw alaq.
xoj ʼe kxeʼ qilal arqas ok.
x in loqʼjun chʼi chʼ, qaj inaq u wach.
kut ʼis ri pan ta lon.
e janipale awal kʼwale kʼolik ?
u tzu kemik le pa s chawe.
ri max are aj qʼan iyaʼ.
ma tab ʼ achiriq kʼax pale b ʼe.
tajin ka nimaj, ri meʼs.
ix i xeʼ laqʼomab ʼ !
x sachan chwe.
e kʼo kʼi cheʼ, chiu wach ri juy ub ʼ.
are waʼ ri nim alaj p ix ab ʼe are waʼ ri nab ʼe .
x re taʼmaj chiru kʼ pa kʼ kutij wi
jas u tz akikle sub ʼ xu ʼ a no?
aj xo ʼyri wi kan.
we tane aʼre xe tijow le rikil , are le komon xe tijowik.
sib ʼalaj aninaq ka chʼaw le are ʼ chi nu wachin.
u tz we kinchakuj .
meʼs laʼ.
kʼo kanwa rech kaqatijo.
x in si kʼij la.
ri akʼal x sach ka noq je laʼ pataqʼaj.
xe si kʼij la.
jawi xkib ʼij wichi keʼe wi ?
rumal che, man ix ta riʼ riki x chʼawik, are ri ru x lab ʼaxel ri i tat riʼ rik chʼaw na iw u kʼ ri ix.
kʼakʼ ri wachoch.
sib ʼalaju tz kinwille atz ʼyaq rech nahuala.
saq por kkay riki poʼt ri nan .
x sach on ri nu chak chwe.
waʼim xu chapo.
ri qʼaqʼ tajin ka julu w ik.
naj il u pam ri si wan.
e kʼo ri qachalal pa chiu wiʼ la.
jas x a taq chiʼj le akʼal chu tijik ?
noʼjim u kemik le pa sa wumal.
kʼo jun ku kub ʼiʼ tintin , waʼ le laj kukmam ka jeqi taj, kapaqi ka xulik pa u wiʼ u qʼab ʼ taq cheʼ, sib ʼalaj sa kʼaj , keʼuto lee nim aʼq , chʼutin, rachiʼ l, aj sipanel sib ʼalaju tz ranim aʼ.
ri u p ix ab ʼ le qʼatb ʼal tzij kiyaʼub ʼixik .
na x sach on tachke xe atinik.
xe qil le chikop p uwileja.
x loʼ tajri akʼal.
qono jel kuj waʼ pa u wiʼ ri mex a.
x si kir lewaqan.
la x at waʼ kʼut ?
nim ub ʼaqʼ ri tulul.
kin x ikʼi kʼik x in qʼaxik.
lakatb ʼe pale tinamit ?
ri pa l sib ʼalajsa qʼor .
kqʼoxow nu jalom.
x in naʼo chik at petik.
x loqʼulewi wechix.
x in chakun ru kʼ ri numam.
na x qab ʼantaj.
kkʼojiʼ b ʼaʼ ri u sipanik ria jaw xel jesus k ri sto ru kʼ ria w ux lab ʼal !
kin chʼaw ru kʼ le nu nan pale chʼaweb ʼal .
sib ʼalaj qʼequ ʼm rumal rimay ul .
are leba xulik .
xekos le ixoq ib ʼ pale b ʼe .
kʼax ri lik le akʼal chawe.
x in qʼiʼox in at in pa joron.
sib ʼalaj nim le tinamit.
kʼa xu kemik le pa sa wumal.
x in sachik.
tajin kelu kikʼel pa raqan ri tz ʼiʼ.
x in we taʼmaj ri lik wi b ʼ
ri qʼu qʼ are jun jeʼ l chikop.
kʼopa ja tijob ʼal ri w ik aqʼ.
ri sachib ʼal mak raj wa xik chiqa xoʼl.
jeʼ, kimb ʼe k.
je la le ʼ ri nu p wiʼ.
xub ʼij che:- jas x ab ʼano tintin ?
kab ʼanjun toqʼob ʼ kyakri nu jal.
kat ʼe kxin ta .
jas leu kʼex b ʼem ri b ʼ le jun ru kʼ le jun chik ?
aj chiu wiʼ mi qʼin jaʼ ril u ʼ.
ri tijonel naj kpe wi.
te ʼ kix chob ʼ ub ʼiʼ ri nu tat.
ri jaʼ kam iqʼik chiu wach ri qʼaqʼ.
ri tʼu ʼy kpa qʼowik.
kinmeson na.
na qaj at kʼowi chiwech .
x in b ʼisonik taq na x at pettaj.
we x kam ri winaq , ri p waq rech toj b ʼal makaj kyaʼ chikech ri ralaxik.
ri nu nan x b ʼepa kʼayb ʼal .
xo ju kʼamu loq rech koj ri lo
x kʼoto chin chiki wach chi kinwaʼ aw u kʼ.
na xki kamsaj taj xkikʼamb ʼi choja.
kʼakʼ ri ikʼ kamik.
x im b ʼe ru kʼ le aj kuniwir.
ri lik.
le tz ʼiʼ xekosik.
x in kikot awumal.
ri i mul xu maj ria nim , xuya kanlekok.
kʼo oj cheri akʼal.
xuj b ʼepa jun kʼulanem.
u tz we k waral aq.
kaqilo china koj u kʼam taj.
x re taʼmaj chiru kʼ pa kʼkutij wi.
sib ʼalaj x in kʼaʼ narik.
x inkochij ri nu wa.
man katkowin taj kat chakunik , we man kʼota riaj ilab ʼal .
we w on on xub ʼij chike:-ki xin to.
ri ala nim k ril wiri umam.
x kaʼy chirij , x kaʼy chu wach, ma kʼota chi jun ksi lob ʼik , x oqʼik xu xeʼj ri b ʼ x chʼopinik x tzalij loq xu riq tachik riub ʼe .
kʼo pus cheriwa.
p inem nakab ʼe lewatz, kimb ʼe wi in pa kaʼy ib ʼal .
ri nan toʼn nim winaq chik, saq u wiʼ, rono jel aqʼab ʼ u tz ku naʼo kat ʼuy iʼ pa u tem , kum iqʼisaj ri b ʼ chori qʼij , kʼo jun u wiʼ u mam ub ʼiʼa teʼ k.
mane kʼi taj riqu laʼ.
qʼalaj china kawaj taj kab ʼij
x paqab ʼisax raj il rono jel ri kem .
kʼopa ri jul ri kumatz.
rono jel qʼij kin chʼaj le nu w are.
saq chikan le ichaj rech katzako.
chu xele qachomal kaqatij wi jun qam eqʼin .
chawi laʼ.
e kʼojob ʼ u miʼal, ri nu tat.
jas ru kʼ xa wil wi
jeʼ jas ri winaq rech ri u wachulew, x oqujeʼ kepena riʼ rie ʼ are ʼ chee rech ri u wachulew; jeʼ jas ri winaq rech ri kaj , x oqujeʼ kepena riʼ rie ʼ are ʼe rech ri kaj .
x in tijo.
k tz ʼuju w ri rachoch ri po ʼ x.
xu qʼiʼo are leu kʼulel x yaʼow u wa.
ria wel x re taʼmaj chi rajawa xik man ku xej ta ri b ʼ cheri tu ku r.
ju kʼulaj winaq xeʼ a nimaj b ʼik .
jeʼ, x in tzalij ik.
xoj petik xol qa kʼam aʼ.
maj jachin x ʼek.
in aj tij; at tijoxel.
saq u wiʼ ri tat aʼ.
wechrikem .
le roʼch le at e ʼ kkʼo chwach le u kʼay le nu nan.
kb ʼepa ri si riʼ a e pa ri silis iʼ a, jawijeʼ kuya wiri kichu qʼab ʼ ri komon tyox.
p ix ab ʼ : man u tz taj kʼax kuj chʼaw chikij ni kʼaj qachil.
x kunataj le ali ( kumal ri ixoq ib ʼ ).
ri xib ʼib ʼal chi kʼowipa taq riqa kʼas lemal rono jel qʼij.
na kuj war ta waral.
on che kkʼojiʼ riu tz il chi xoʼl , arech junam riqa kojonik, junam ri iwe chi x ru kʼri wech in.
pa ox qʼij ris aʼn kb ʼe na ru kʼri aj kun .
ka winaq w uqub ʼ.
jas kawaj kin tijo?
we ta x atb ʼe wu kʼ pale tinamit, xa loqʼtala ʼ le u jastaq le akʼa jol .
keb ʼepa waʼim.
x in loqʼ kʼiwa.
pa jun nim kʼa cheʼ laj , kʼo jun kʼwaʼ sib ʼalaj saq lo loj, nimu wach.
kwaj katij jub ʼaʼ wa.
rono jel winaq k ril nari u kolonem ri dyos ».
x kʼoto chin chiki wach chi kinwaʼ aw u kʼ
kwaj nakatʼe taj.
la xa loqʼjun alej ?
e kʼo rie loqʼom anel.
ri ukab ʼ ub ʼiʼ ri nu mam are ya y.
kinjopij ri i jaʼ rech triko.
x naʼtaj chke xe atinik.
xa teʼ qilaʼ.
kakitij alan xa x ri winaq.
. . . kinb ʼij chi are waʼ sinx iʼan.
na xin nab ʼej tachu ta si kqa kʼolib ʼal .
rumal rech chewe ri in, kin chʼaw ru kʼri dyos pa chʼab ʼal, kchʼaw nakʼu riʼ ri w ux lab ʼal ru kʼri dyos, kʼate kʼut man kʼota u patan riʼch rech ri nu chomab ʼal .
xe petik xkilo.
xu ta we kat ʼek.
u tzu kemik le pa s chawe.
ri nu wakax xu tij jun qʼoqʼ rumal riʼ x kamik.
rumal ri kʼix, man ke waʼ taj ri winaq.
xeʼu lik.
qʼeq rij ri am aʼ chij.
x raj kaʼ e leu nan.
junam ki junab ʼ.
na qʼalaj taj wekaʼek.
ri wixnam chʼaj chʼoj ri rachoch.
waral man kʼotaj aj awal.
na iwir ta x ril le kʼamolb ʼe.
x in pe loq te kʼu riʼ x in tzu kuj rono jel ri nu raj il.
riaj tikonel kutik ri tzij.
kʼo e ki kʼaj ol le achijab ʼ .
kutij qʼayes ri ix paʼch.
pa ri waʼ b ʼal e kʼoka winaq achijab ʼ.
sipoj inaq ri nu pam.
kayaʼtajik ru kʼu tiʼonem jun ri u riqom le yab ʼilam olotsetsé xu qujeʼ are kayaʼtaj pataqri juy ub ʼ .
jachin ri achi?
ri nu mam x kamik are taq kʼojum u chʼ lajuju junab ʼ.
kinkowinik kin kʼamb ʼilep waq.
kinwilo chiu tz ria jiʼ.
x in qʼil ria po ʼ x che man kachakun taj.
kwaʼ chiu wach le taqʼaj ri am aʼ akʼ.
ri i mul xepo qʼik pa jun ikʼ.
xkʼiska noq riqa chak .
are ri ali xoj ilow ka noq.
sib ʼalaj chʼu ʼ j ri amax.
kʼo nu wachiʼ.
in chajinel kech le akʼalab ʼ.
xekos le tz ʼiʼ.
kinb ʼe naku kʼri molaj.
rono jel aqʼab ʼ kin y i tz ʼ ri wakax.
kara pinik xu tzu kuj chi jun awaj.
leu kemik le pa saninaq ( a wumal ).
maj u raj il le qʼab ʼ arel.
kʼax riʼ ri ka chʼawik.
xo ju taq chiʼj le achichu loqʼi kichaj.
sib ʼalaj kʼax ri xkʼul ma xik.
xkilo china kin kʼoxomaj taj.
x naʼtaj chkechi xe atinik.
x kʼoto chin chiki wach chi xojal woʼqa ku kʼ .
jun qʼu ʼ qraj il ri kax laʼn wa.
x in wilo chi xeʼ e lik.
e kʼo ixoq ib ʼ pale kʼayb ʼal .
man kʼotaj u kʼisik ri mayab ʼaj lab ʼal il.
ri sin kkʼiy pataqʼaj.
ri chʼi ma man kkʼiy taj pa taqʼaj.
rajawa xik kji kik riwaqän.
kawaj kinʼek.
e kʼo oxib ʼ akʼ.
xub ʼij chwe jawi at kʼowi.
ch weʼq kuj b ʼe ʼ pa mu quj.
pa saq kʼajaʼ kb ʼan wiri uq.
xoj ki si kʼij.
x in wil wi b ʼ.
chaq ʼ chik ri wa.
kimb ʼe naka palew oʼ ch.
kawaj kinʼek.
ri chʼuʼk tij ru kʼ lej.
pa ri kiqʼij kaminaq ib ʼ kb ʼan qʼori kʼyaʼ rech aj : nab ʼe ri nan kutzu kuj kan riaj , kujachʼo ʼ xu quje ku kʼ eto.
jas kaj b ʼal cha nim ?
u tzu chomanik ri ali.
pa ri qʼijox lajuj tijax kinkʼis keb ʼ junab ʼ kinchakun waral.
sib ʼalaj ko, ri kʼakʼ chʼat.
jas karaj kub ʼij … ?
ri chʼi chʼ kasi lab ʼik .
pa ojer qʼalpul x aq xu wiri nim winaq ke kʼamowb ʼe .
leu kunaxik le ukab ʼ u kʼutunik are ru kʼ e flornitina on u tunib ʼaxik le ni furtimo x chiʼ le flornitina chech t. b. g.
are ri achixin chʼayow ik.
jun achiub ʼik u ʼ xu sipaj keb ʼ kʼaʼm ulew rech kab ʼanri tijob ʼal , kamik, kʼochi kaj tij rech ri komon xechpup.
xumal tyoxij cheriaj tij rono jel lexu kʼut chiu wach.
pa ri b ʼe xki raq junalaji mul saqrij, xkikʼamb ʼik .
x ril le b ʼale ala.
jas kub ʼij chwe ?
leu kuna tajem are ru kʼu tzu kuxik leu chikopil pa jun u solik u xeʼ le ki kʼon le jaʼ rech jun no do.
u tz we nu tz ʼiʼ.
jeʼ, tajin kachaponik .
kinu loqʼoj le nu tat.
kawaj kimb ʼepa tinamit.
are laʼ kinchakuj .
ri nim aʼq taq winaq kʼo ke taʼmab ʼal .
we ta x atb ʼe wu kʼ pale tinamit, xa loqʼ ta waʼ we jastaq.
ri kikʼas lemal. wa ixim ulew xa jun chi ma are ta tinimit ri ma
ri u kʼ yab ʼal na ju pam .
x at qaj chiu pam ri il.
nojim ka twaʼik.
we kʼo jun ktu qaʼ rik, ¿ la man x oqujeʼ taj kin tuq aʼ r ri in ?
ojoj w okolja.
awas kb ʼan kʼax che jun nim winaq.
x in chʼaw apan ru kʼ le wa nab ʼ.
kʼax riu pam ri ju ʼ l.
tajin ke waʼ rii mul.
la kaj lakuj tzalij la aninaq ?
rumal rech cheri makaj man kʼota u kowinem p iwiʼ ri ix : ri ix man ix kʼota chichu xeʼ ri p ix ab ʼ, x anei xkʼochu xeʼ ri sipanik.
nim raqan le che ʼ.
x in chapo.
are le tu ʼ r le loqʼom anel.
xa s katkʼojiʼ chiu pam ri chʼi chʼ.
sib ʼalaj nim raqan ri kʼamal b ʼe.
le tz ʼib ʼab ʼal wechin.
in xin toʼw la.
x aje kʼu riʼ ri ix kamik riʼ man ix ka x lan winaq tachik; ri ix, ix rech riki tinimit rie tyox laj taq winaq, ix rech ri rachoch ri dyos.
x in tiko x laj kʼalichaj .
kaqa riq qib ʼ chwe ʼ q.
sib ʼalaj u tz cheri wiʼ aj ri tuney.
we na ju p ulik ta xe qajik...
x in toʼ taj cheri nu chak.
kʼo jun chiko pub ʼiʼ p um.
poqon ri ik.
xoj b ʼinik .
xu chʼek rono jel le re tamanik x pa qiʼk kʼax k wʼinik xub ʼanaj kun .
kel ub ʼik pa ri jude ʼ a e k tzalij chiub ʼij u mul pa ri galile ʼ a.
x in axib ʼij pa b ʼe.
jeʼ l kʼolem chi awachoch.
rono jel ri yaʼtalil pa we qʼataj , tz ʼaqat ki wach, man ktzaq ta ka noq xu qujeʼ man ktastaj.
xu kunaj le yawab ʼ le aj qʼij.
chi tatab ʼej jas le kimb ʼij .
chʼanal riachi.
pa b ʼ oko ʼ kachakun wiri ta x.
uj kʼopa u wuq qʼij.
kiʼ ri ukab ʼ ria qaj .
kʼo rachalal pa tz ʼoloj che ʼ ri pe ʼ l.
xkilochi kin kʼoxomaj.
ri u kisakʼu tz kyaʼik chiu xeʼ ri tik oʼn .
are taq chiʼ kaqʼanpu wiʼ ri ju kub ʼ, ri achiche xkʼojiʼ ri itzel u x lab ʼal ru kʼ, ku tach rech ri are ʼ, a rech kkʼojiʼ ru kʼ ri are ʼ.
nakab ʼantaj ta wumal.
x naʼtaj chke xe atinik.
x in paj ri nu triko.
xeʼok ri p okʼ pa ri umex a ri po ʼ x.
ka julu w ria qʼaʼl chiu xeʼ ri tʼu ʼy.
awech leja.
xuj b ʼepa tzu rik.
nab ʼe xa to panik.
ri ukab ʼ ub ʼiʼ ri nu mam are ya y.
u waj x aq u kakʼal taqanik (28).
mata kʼo jun ka kanaj ka noq, qono jel koj b ʼek.
e nim aʼq le al tomab ʼ.
nim u wach ri poʼt.
kojonik pa ri u tzij wa ixim ulew.
jas xu kʼamb ʼil etz ʼiʼxawilo?
x in petik, tat.
ri b ʼelaj u wach.
chi tatab ʼej jas ri kimb ʼij .
jeʼ l kunaʼ ria b ʼix chiu pam riqu qulew.
kinb ʼisoj u wach lewal.
xu t ʼuy ub ʼaʼ.
nim ria we qele ʼ n xa riqo.
x in e ʼ waʼ oq.
chiʼ ke warwile akʼalab ʼ.
ri nu miʼal xu taq loq jun taq oʼm w uj chiwe.
qʼe ʼ lik , ri chaj pa ri b ʼe.
la u tz awach? -u tz mal tyox , e kʼu ri at ? – u tz mal tyox.
x inkos rumal nu chak.
kb ʼe ku kʼrie ʼ are ʼe k tzalij p arina sarete keʼu nimaj.
ri joj xu kʼamb ʼik ri akʼ.
kʼochi wachiʼ l chanim.
kub ʼij chech naʼl kab ʼan che ria tz ʼib ʼ.
e. . . in kawaj katzjoj b ʼila chwe.
mata xin y aj le ali.
jachin ru kʼ katb ʼe wi ?
kʼo sib ʼalaje taʼmab ʼal pa ri mayab ʼ noʼjib ʼal .
e man xo ri ju puq kej .
kasum um ri kaqiqʼ .
e kʼoka jib ʼ akʼalab ʼ pale b ʼe .
jeʼ jas riu tatk kaʼy ik.
x aqat molonel tzij ta l.
le nu tatka loqʼon chwe.
x aq tane kimb ʼe iw u kʼ .
x re taʼmaj u chʼaj ik.
rumal laʼ xkoj “ x al qʼat ” che ub ʼiʼ ri komon .
are leu kemik pa s x re taʼmaj.
ri wa tiʼt kub ʼan na ri u patan.
kʼakʼ le poʼt.
re taʼm u wach jachin x loqʼow ri pa s.
kenchʼab ʼej le akʼalab ʼ.
yaʼtal chaqe qono jel ri uj winaq u tz kaqil qib ʼ .
xkotiʼ pa qʼayesx oqʼik.
ka winaq b ʼelejeb ʼ qʼataj.
e kʼoka jib ʼ ral ri i mul, jun saq , jun qʼan , jun qʼeq, jun qʼe qoj , sib ʼalaj ketz ʼanik , ke chʼopinik ri alaj taqimul.
k chol ol ria chachal.
ketekik ri ikʼ.
xe petik rech ke waʼiw u kʼ.
tzatz ri u qʼan il ri akʼ.
xoj tzalij ik xi xeʼ qa qʼatuj ku kʼ le itati nan.
ri yoʼ x taq akʼalab ʼ kekikʼu x ria tz ʼyaq.
we achiwe xu sipaj jun po ʼ t chwex kamik.
kkowin ri kunanel che kunanik.
x jiqʼ pa ri polow.
xa rumal sib ʼalaj rajawa xik le loqʼalaj jaʼ, le winaq xkib ʼij : chewe ikʼ riʼ qono jel kuj b ʼecheu tikik taq cheʼ.
ri unane rie rachalal kepe u loq ru kʼri are ʼ , kʼate kʼu riʼ, man ke kowin taj keqib ʼ u koq ru kʼ, rumal rech chee kʼo sib ʼalaj winaq.
rumal rech , che man kʼota jun kkowin cheu kojik jun tik ib ʼal il chik chu wach ri kojom chik che are ri jesus k ri sto.
te kʼu riʼ xu tz ʼib ʼaj ri b ʼ pa ri nim alaj tijob ʼal rech aj ku ʼ n.
ka julu w ri chʼumil chaqʼab ʼ .
kʼisb ʼal ka noq, x oqujeʼ kkam ri ixoq.
le alax okik.
kʼo p waq pa u wiʼ ri mex a.
are kawaj na kinʼe taj.
ri ya wal ku koj ri ali chiu xeʼ ri chakachare u su ʼt.
na kaqa kʼam tuʼb ʼi kamik.
riaj tij kub ʼij chike: rajawa xik keqachajij ri awaj , are u tiko ʼ n ria jaw.
x in tij mu kuniwir.
kʼax leu wiʼ taqle nu qʼab ʼ .
x in loqʼjunil b ʼalwib ʼ.
waʼ we qʼij , nim ub ʼantajik.
riu xeʼal riqa tinamit man kasach taj.
xoj b ʼinik .
ri achalal junam ki wach.
x in we taʼmaj ri lik wi b ʼ.
nim riu naʼoj waj tij.
mi qʼin ri kʼul.
aj qʼojom ria teʼ k.
che le sanik che ʼ kb ʼan wiri qʼojom.
ka pe le awel pa nawal jaʼ.
ri meso nel tajin kchakunik .
u tz chaqe kaqatoʼq ib ʼ, taq kʼo kʼax kʼol il, kate we chiʼ n ria jaw paqawiʼ.
xa wilo, x qʼatan le ib ʼ oy.
x at kowinik x ab ʼano.
kiʼ ri kʼa wex.
kaj il il ri b ʼe .
le ali xel b ʼ ik.
are ʼ x raj x in b ʼano.
nim we ab ʼaj.
jeʼ lik u tiʼjol al ri saq koʼ r.
noj inaq ri kej .
we ka tijan xu x man katu toʼ ta chiu qʼatixik le kʼakʼ yab ʼil corona virus ( 2019 - n co v) .
na nim ta raqan waʼ we che ʼ.
u tz alajaj chak, ri wel.
¿ jampa ʼ kuj b ʼepa nima qʼij ?
rajawa xik tane laʼ katchakun w u kʼ .
xu taq chiʼj pa war am pulew.
man are ta ria x wan xel ik.
ria wi x xu loqʼ rachoch re nimal.
are ri ixoq x in si kʼinu loq.
ri chʼi makʼat ʼon na.
laxib ʼan lei chak ?
kʼi tinamite kʼopa chʼoʼj .
kʼo ju puq chij chiu xeʼ ri cheʼ.
ri u x aq ria b ʼix are uwarikej.
ka winaq qʼataj.
la kix pepa tijob ʼal ?
we kechajix taq le kʼwajacha kinb ʼij ; jun alik kʼo jaʼ xu qujeʼ sib ʼalaj saq lo loj.
xre taʼmaj.
ri alab ʼom ri ali tomab ʼ tajin kikitijoj kib ʼ rech su taq , are kakaj kikib ʼan nim aq achijab ʼ chu pam ri kikʼas lemal, xu quje kʼochikju puqb ʼixonel chu pam ri komon.
la tz ʼ u wach ri b ʼe.
kʼakʼ ria chʼi chʼ.
qono jel uj, uj mayab ʼ taq winaq.
no jel qʼij ri at iʼ x kuyu qʼuj le taqaw aj je laʼ pa ni kʼaj jaʼ, chirij ri juy ub ʼ ub ʼiʼ te naʼ.
pa qʼom chik risiʼ.
kin tzu kun che la.
kakitij le kinaqʼ, le ichaj, leu waʼ lik ru kʼ lej.
xe kanaj kan le aj chakib ʼ.
ketik on ri achijab ʼ.
sib ʼalaj itzel ub ʼantajik ri chʼi lakan .
ria teʼ kxumal tyoxij cheri ra tiʼt, rumal riu tz alaj noʼjib ʼal xu kʼut chech.
kkamulix u chak riab ʼix.
la xin u tzu kuj le tijoxel ?
are ʼ kachakun rono jel qʼij.
lee kʼaʼ na taq tz ʼiʼ.
saqrij ri plam ux.
jas xa qʼiʼox a tijo.
jas ru kʼ xkichapwi utijik le rikil ?
we kata tin ru kʼ kʼa tan jaʼ man kuqʼatej ta le kʼakʼ yab ʼil corona virus.
lakatb ʼin paleu x lanb ʼal ?
la waral kʼux ix waʼwi?
are le nu tat kin loqʼonik.
tajin kchakun ri ala.
kʼo ri kiʼkotemal aw u kʼ .
xu ta jachin kaʼ e k.
x at waʼ ik x in wilo.
x tzaq ri rachoch rumal ri jab ʼ.
pale jun ikʼ chik are nima qʼij.
e keb ʼäm keb ʼin pa u wiʼ ri tem .
me m ri achi.
ri wi kancha liʼ y kelpa juy ub ʼ chwi tzirib ʼal .
le raj il, lapaja xel a qʼax w u ʼ b ʼik ?
parisu ʼt pisom wiri lej.
koj petik kol qa kʼam aʼ.
tajin katchʼo pin chiu wach ri taqʼaj.
le qʼorx chʼu qik.
kʼax waʼ im awumal.
kinb ʼison che lewal.
sib ʼalaj kʼokʼ ria wa tz ʼyaq.
kamik xuj b ʼecheu tikik taq che ʼ pa ri juy ub ʼ .
kinu loqʼoj le nu tat.
chaqiʼj chik ri chaj.
xy il ixhaway i.
na x naʼtaj ta chkechi xe atinik.
ru kʼ kʼu waʼ we riʼ, ri ix kkʼojiʼ jun u tz alaji kʼas lemal riʼ chki wach ri winaq che mane kʼota iw u kʼ, kʼate kʼu riʼ man kʼota jun winaq riʼ rajawa xik chiwech.
e petinaq pa b ʼe le rachala xik.
kakaj le akʼalab ʼ kewaʼik.
xuj chʼayb ʼik.
ri nu chak are qʼaxel tzij.
kʼona rux lab ʼ ri awaj.
tajin ke lloq, ri qʼij.
xu qʼiʼo x kamsax ri rachalal choch.
ri nu mam are kʼo u qʼinomal.
xkʼul mataj ju mul, xub ʼanjun nim alaj jab ʼ, man x b ʼeye taj tana xu kʼis leu yuqʼ chike.
am aʼ ri nu tz ʼiʼ.
je waʼkat petik.
x in kosik rumal x in chakunik
iwech chi jujunal, ri wa.
xu qʼiʼo na x at atintaj.
in riq tajinaq pa ri kʼay ib ʼal .
na we taʼm taj.
kʼax le nu qʼab ʼ .
u tz le xub ʼij le achi.
kematz ʼib ʼ .
kʼo rachalal pa tz ʼoloj che ʼ ri pe ʼ l.
rono jel waʼ we jastaq riʼ, x ask sach wi u wach waʼ ; ru kʼ we riʼ, ri ix, rajawa xik che kʼo jun tyox laji kʼas lemal e kkʼojiʼ ri i chʼawem ru kʼri dyos,
x muq taj ri pa tz ʼan.
ri chʼi chʼ tzijom ka noq pa riu kʼolb ʼal .
man kʼota u cholaj pataq ria w uj.
jachike ikʼ leu nima qʼij le tinamit na wal jaʼ ?
xe petik x olki kʼamaʼ.
kachu qʼ chu t ri jaʼ chi apam.
x in b ʼij iwir chi xeb ʼepa armita.
are ʼ u xeʼ ojer tzij waral kʼi cheʼ ub ʼiʼ.
xkʼis ri nu si ʼ.
jawi xkib ʼij wichi keʼe wi ?
¡ xa je kʼu riʼ, jachin taq rie kʼopa ri jude ʼ a, chicha nim che ʼ animaj ub ʼipa taqri juy ub ʼ,
kʼakʼ ria b ʼ .
la kʼo jun naka kʼoxomaj taj ?
na u tz ta leu tʼi som le alma riy.
man yaʼtal taj chi a we katok pa ja.
jeʼ, xa tu tzu kuj.
are kel waj x aq ib ʼ u qʼij ri xkʼojik.
ri xu nku rkkʼojiʼ pataqri triko.
x in sachik.
xut ʼuy ub ʼaʼ
na nu tom ta le tzij …
wach ʼom ri kiwa ri noʼs.
e kʼo job ʼ chʼ il wa kʼ.
rajaw ixik chi pataqri tijob ʼal , pa ni kʼaj ub ʼixik chik
ri rajaw rulew are ʼ tat kel.
we kʼu x okik, we kʼ na xok ta
we achixu sipaj jun pʼ ot chwe.
a tat u taq oʼn le qʼatal tzij.
na qʼan ta u wach le qap rut.
ri xaʼ r kʼopa u wiʼ ri qʼaqʼ kpo qʼow ik.
rir oqʼej ri alija chak pe jun akʼal.
kʼo junalapa tijob ʼal .
säq u wiʼ ri tat aʼ.
ri witzikʼ tajin kpe loq.
jawix sach on wi kanu yaʼik le p waq che.
u tz we achiwexin kunanik.
qono jel kuj waʼ pa u wiʼ ri mex a.
ri kax laʼ nik man po qon taj.
in x in b ʼe ru kʼ ri wachiʼl.
sib ʼalaj jeʼ l xkilo xe ki tz oqopij ri kichij chilaʼ.
kinb ʼinik x in ʼek.
kʼax kʼol ik, ka chaʼ.
kutij ixim ri akʼ.
ri ali x chel , xu qʼiʼo xa jun akʼ x sipax che.
x qasi kʼij le ixoq chu tz a kiksub ʼ .
mata x ab ʼinsaj le chʼi chʼ.
ri p ix tz ʼara lik rumal rie qaʼ n .
¿ jampa ʼ kel chi 3%
kʼo jun nu kʼotoj chiʼaj.
tajin ke waʼkat ri alab ʼom .
x in loqʼ le nu kʼakʼ apoʼt.
na u tz a kikta sub ʼ tajin ku ʼ a no
xo ju taq chiʼij x oj waʼ ik.
iwech ri ab ʼix.
saqrij ri chij.
aj sik cheri tinamit kel wiri tat aʼ.
- ¡ ay ! xa xin tzaq u loq, kʼax wewaqan .
x kʼul mataj pa jun komon chiʼ u wachjun juy ub ʼ, xu riqa jun qʼij xki riq kib ʼ ju nimul ru kʼ le kok.
jas x a taq chiʼj le akʼal chu tijik ?
x in chapo su xu loqʼo.
qʼinom ri achi.
ri kʼu m ktijow ru kʼ kab ʼ .
tajin kejach ʼanik.
tz eb ʼal u kemik le pa sa wumal.
are ka yoʼw leu chikopil leub ʼantajik try pa nos omabr ucei.
we kat nimanik u tz kelik.
pero noʼjimal petnaq loq, .
are le nu chak jun tzu qb ʼalwib ʼ.
x kunax le yawab ʼ rumal le aj qʼij.
ri u kʼu ʼ x tz ʼib ʼ paqa tzij e lajuj.
sib ʼalaj jeʼ lik rie qab ʼal xub ʼanri lu ʼ s.
sib ʼalaj at kon .
e man xo ri ju puq kej .
na x naʼtaj ta chke xe atinik.
ri kʼamal b ʼe xub ʼij chike, chi maj aria nim .
jum u chʼ ri nu junab ʼ.
qʼip tajinaq ri raqan ritem.
kchakun ru kʼri josb ʼal che ʼ ri aj anel.
xa taq chiʼj le akʼal chu tijik ka r.
oj kʼo pale roʼch le awel.
¿ lakat pequ kʼ chweʼq ?
le winaq pale chʼi chʼet ʼuy ul lowi.
x kanaj ka noq chiu xeʼ ri jab ʼ ri chʼaʼ n.
nim ri ja.
we ta xak u naj le a tat mata x kam laʼ.
nan u kʼamom tu ʼ la riʼ.
ch qa nu kʼu ʼ riqa tzij.
kimb ʼe pale tinamit.
x in qʼiʼonax in at in taj.
rajawa xik kakʼaman chawe leu tijik le lej.
kʼisb ʼal taq noʼjib ʼal .
x in e ʼ waʼ oq.
xkib ʼan kʼax che leu w osaq rumal man u tz ta chi kakay ik.
ri qʼu tuʼm man kech ta le akʼalab ʼ.
are na nim tale atz ʼiʼ chu wach le nu tz ʼiʼ.
xe petik x ol kilaʼ.
¿ jaw chiʼ x at aʼ che x kam riu mam ri po ʼ x ?
e keb ʼ kekʼamb ʼik pa tuj .
x in loqʼ junja pa ri w okaj ja.
ria xt uʼb ʼ, kʼo qulaj chech.
jas ka raj kaʼanchu tz akikleti ʼ ij.
xu tij lewa.
x im b ʼal re tzij.
x pa x ri b ʼoʼj .
we kawaj ka tin toʼo x aq xu wi kab ʼij chiwe.
jas nu kʼu ku chʼob ʼo.
jas karaj kutijo?
xe x rux lab ʼ ri ri kil.
e ni tz ʼaʼq le taqimul.
we tane in x in b ʼanow ik, are le ateʼ k x b ʼanow ik.
kin tzalij pale nu tinamit.
ri nu chaqʼ kʼopa u roʼ qʼatoj tijonik pa ri tijob ʼal .
x in xiʼ j wib ʼ x in chʼawik.
kʼo chwa roʼch le p are.
chi raqan kab ʼin wiri tat aʼ.
x sach on kan u yaʼik le p waq che choja.
x in qʼax chiki xoʼl ri winaq.
keti konik.
ri ulew man qech taj, kech riqa tiʼt qamam.
xe pele winaq xol kikʼam aʼ.
xu loqʼ ri w uj rumal ri ali.
chewe qʼij kamik kʼo jun nu tzijonem chirij le nu tinamit.
kej riʼ.
x kunan alaq chwe.
kinu si kʼij le nu nan.
ri i mul xu chʼij taj, x kanaj pa b ʼe, rumal ri nimal ku jaluj ri i mul, xu tzaq ria nim .
kub ʼanri u xo qʼoʼ l riaj tz ʼaq.
ri la sib ʼalaju tz che kunab ʼal .
kʼi ki wach rie ʼ aj chakib ʼ pa ri komon tyox , kʼate kʼut xa jun chia jaw xel ;
x qa tachix a tulik.
kawaj chik atʼek.
chʼu tiʼn ke kanaj ri x ajab ʼ chech.
kaqaxiʼ j qib ʼ kaqachapo .
e kʼo keb ʼ u kʼaj ol le tat x wan.
lu ʼ sub ʼiʼ ri rech am .
aj chiu wiʼ mi qʼin jaʼ ril u ʼ.
x in yakan le nu chimpa kʼayb ʼal .
kʼatex ri lo, x pe riu nan cheu tzu kuxik , x kikotik, xu salab ʼisaj ri taq u x kin.
xki kʼut chiu wach riaj tij xu qujeʼ chiki wach ri taqni kʼaj kachil.
u tz le nu qʼab ʼ .
kulleal we ʼ l pa a ustin chaqʼab ʼ kamik.
ria teʼ k x tzaq loq are chi kʼopa u wiʼ ri qʼaʼm.
aj patan ri teʼ k.
x at qaj chiu pam ri il.
la kʼo tzij na ki kʼoxomaj taj ?
x sach on chkechi xe atinik.
rono jel le ulewe cha laq.
la xeb ʼe kʼula xeʼ kijaqa kʼuleu chiʼ ja ?
x aq kat chʼ oknaj iwir.
kamik kʼochiri jastaqa we.
are chiʼ kakʼis ri junab ʼ kʼo qʼinom.
pan awaljaʼ x ina lexik.
na xin ta taj we are ri akʼal ki x tzu quwik.
¡ rulew ri sab ʼ u loner ulew ri neftali, ub ʼe ri po low, rulew ri jordan, galile ʼ a kech ri je taqam aqʼ !
rax , rax , rax , kʼo kʼ, kʼo kʼ, kʼokʼ le ru x lab ʼ le taq tik oʼn .
achix at wilo.
paqal raj il le p ix kamik.
xoj b ʼinik .
pa jun jeʼ l tijob ʼal ku tijoj ri b ʼ jun akʼal, ub ʼiʼ po ʼ x , u tz kuri lo kepa tijob ʼal rono jel taq qʼij.
x waj chix at ʼe taj.
u tz laʼ le xub ʼij le achi.
we taʼam jachin ka petik.
kin qʼojom anik.
x in qʼiʼo takʼalik x in petik.
are ʼ re taʼm cheki no panik.
are tab ʼale qa qa jawchat toʼwik.
ka winaq waq ib ʼ qʼataj.
na qaj chik cheri u waq kaj b ʼal are taq chiʼk sachu wach ri qʼij , kok riqʼeq u ʼm chu wachulew, chi kʼate ʼ nari b ʼelejeb ʼkaj b ʼal .
job ʼ raqan ri tz ʼalam xe po roxik.
sib ʼalaj kor ij ri mop.
are waʼ.
je laʼ pa ri timinit chwi kab yok rech xe laju ʼ, le qa nan qa tat kaki tiko jeʼ lalaj taq u wachichaj .
kʼax nu qul.
xu ʼ lu kʼam aʼ.
koj u l ki tzu kuj .
are man kʼax ta u kunaxik are taq aninaq kaʼili taj we yab ʼilal xu qujeʼ mojo ʼ qa kuyaʼ le kʼax kʼol il chech le jolom aj.
ri wel kʼopa tijonik.
kawaj kinb ʼij .
ri kotz ʼiʼj kqa koj chiu pam ri ja.
qʼeq qʼoj rij ri am aʼ kej .
na x waj taj x in chʼawik.
chpe tab ʼal e loqʼalaj jab ʼ .
x sach on chke x at ki si kʼij.
e leqʼal chʼi chʼ.
jachin xa wi lo chi are x tijow ri tiʼj?
mata kab ʼe le nu x b ʼal pale tinamit.
p im ru q, ri ali.
¿ kʼori mu qʼe chi awech ?
kqab ʼij man ke kowin taj.
kin tijna.
kʼo jun qatʼu ʼy pa ja!
kʼo p uj chiu pam ri chʼaʼk.
are taq kin kosik kinwarik.
x at waʼ ik x inwilo
in x in chʼayow le achi.
kono jel ri ala xik keʼe tz ʼanik.
jas ru kʼ xkitij wile ki rik il ?
aninaq il kat petik.
na rax ta u wach le juy ub ʼ.
ri tz ʼalam tz ʼib ʼab ʼal rax kkay ik.
we chat chakunik, kʼo awa.
ma ʼ tam x at pe cheri waʼ im .
kamul kin waʼ na.
ri sik il ktijow ru kʼ ik.
kimb ʼe aqʼan ru kʼ le altalin.
xoj ʼe kxeʼ qilal arqas ok.
xe kiqʼil le aj chakib ʼ x kiw ok leja.
ma tane x waj le kʼu hjnem ru kʼ le at e ʼ k.
are xeʼo pan chiu chiʼ ri juy ub ʼ, xkilo chiman qasta kʼo qʼayes.
kʼate kʼut , ri jesus man kkoj on ta chkech rie ʼ are ʼ , rumal rech che kono jel re taʼm kiwach,
pa ʼ tz rij ri tz ʼiʼ.
ju winaq waq ib ʼ qʼataj.
ate laqʼom.
x aq at joʼ s.
ri qʼatzu, are qʼalaj riu qʼij il.
aj chak we ala.
ub ʼeleju kakʼal taqanik (29).
keb ʼ nub ʼiʼ kʼolik.
la katzalij lu ʼ la aninaq ?
katzu kun la chwe.
la kaj la koj b ʼeʼ pale chomal chweʼq?
x in nab ʼej chu ta si kqa kʼolib ʼal .
lalxin toʼwik.
sib ʼalaja noʼjib ʼal.
xoj petik xol qa kʼam aʼ.
sib ʼalaj jeʼ lik riu waʼ l ri ichaj.
kʼax wij rumal in pacha lik.
are taq xu kʼul maj waʼ xu l ri u chomanik xub ʼij : are u tz waa qʼab ʼ kin walijik , are chaʼ cha nim kino pan pa tijob ʼal , maj chi kin kʼul maj.
ojaj xo jolob ʼ pa awas qʼij.
x in sach che leu w okik le tzij.
e julajuj ria kʼ.
xu ta jampa ʼ kojʼek.
qil ik.
ri tijoxel man are ta nim chu wach ri raj tij. riu tz tijoxel qas jeriʼ kʼolik jas ri raj tij.
in x at in chʼayo.
noʼjim chak wumal.
chʼur ri joch ʼ.
in kinb ʼij na katsach taj.
uj ma yab ʼ .
ria b ʼaj ya tzalik.
tajin ke p ix b ʼax ri akʼalab ʼ.
chom ria q.
x in warik.
e lemen kono jel ri akʼalab ʼ.
tajin kqʼa narik ri we reʼaj .
leu kemik le pa su tz (chawe).
xuyupub ʼau wach raʼ chi, ka chaʼ,.
ri satanas kok pa ri judas ri kb ʼixis ka riʼo tech rech , riare ʼ jun chki xoʼl rie kab ʼ lajuj.
chu churipar.
kinqumuj ri nu jochʼ.
chech punción lumbar am aqʼel rajawa xik chech ri lik le u kʼex b ʼem wile nab ʼe ru kʼ le ukab ʼ u kʼutunem le yab ʼ ilal.
qʼalaj china kawaj taj kab ʼij .
kʼo qʼol chirij ri si ʼ.
jawi xoj ʼe wi chu loqʼik ?
kʼou lo chʼ r italin.
qʼan rij ria tiʼt nu kej .
la x tzalij la iwir?
xe si kʼixik , kʼate kʼu riʼ xe yajik, xu qujeʼ xe taqb ʼiche u si kʼiklem es.
la kix warik?
are kʼulepa lo max xub ʼij che: -mam katb ʼison taj, kin si kʼij ni kʼaj wachiʼ l ke rapa p ik.
aʼre e tijoxelab ʼ.
ri alajali si ʼ l xub ʼij x qachappa u tz al ri tyox.
x sach on chke jachin xe atinik.
jas xu ray ij le a nan xu tijo?
x in kosik.
rax rono jel riqʼayes rumal lejab ʼ.
kinyawaʼ we chʼi chʼ pinem na u tz .
noʼjim u pa chʼu xik le nu wiʼ.
naj kʼowi le woʼch chu wach le tijob ʼal.
ri okib ʼal kʼochiu wach ri saq ja.
xe nu taq chʼij kekil le akʼalab ʼ .
kʼo jun qʼoxowem chiwe.
tza ri choʼm.
we choj b ʼe pale nim aqʼij, ke qil le aj xo jolob ʼ.
xoj ʼe kxeʼ qilal arqas ok.
ria teʼ k xu taʼ chech ri nan toʼn :- nan jas che ʼ chiman kaj ta laq akʼat isaj ri joʼ q.
ri pa l sib ʼalaj xu ʼy.
kinkoj ri jo kb ʼal ulew.
in kinb ʼij na kat sach taj
at raj kun le nu nan.
kuqamuj u joron riaj tzij.
lu ʼ tz ʼalam ub ʼiʼ ria chikel pa nim cheʼ.
jeʼ lik u tiʼjol al ri saq koʼ r.
kʼo jun xaʼ rpa ja.
x in loqʼ jun kʼakʼ patan.
kʼa xu kemik le pa sa wumal.
aninaq u kemik le pa sa wumal
ri chʼ aʼn sachinaq pataq ab ʼix.
rax taq le kotz ʼiʼj.
mesom ka noq riu pam ja.
man are ta ral a xkosik.
ri komon xech pu prechu qʼab ʼ tinamit xoʼlab ʼaj rech qʼu mar kaj .
la u tz a kikkʼu sub ʼ tajin ku ʼ a no?
kate la!
naxu tijtaj.
xa rumal ke taʼm kono jel ri winaq kkiqumuj le jaʼ.
iwir xuj tzalij la pa kʼayb ʼal .
qe taʼm cheriqa wakuj u toʼo .
riaj tij, kyaj on chikech ri akʼalab ʼ.
jasub ʼanom le nu chʼuti tat ?
chweʼq kinb ʼepa nim tinamit.
u tz we kiwe taʼmaj jas kub ʼij ri chol b ʼal qʼij.
tajin kat jilow cheu qʼoxom jolom aj.
x in ti kqʼax chiu wach ri ja.
kʼax le kib ʼe le winaq.
loqʼ katkun taj che le yab ʼil (covid -19).
ri nu x ib ʼal kel pa qaj b ʼal qʼij.
x ril ria x wan chix waʼ ri ala.
le alix kunatajik .
we takape le jab ʼ kamik.
x in we taʼmaj china x at petaj.
ri p waq rech we qʼataj riʼ kesax chech ri toj b ʼal kʼay inem .
k tij riu waʼ lik rumal riki nim aqʼij.
xu chapu kunaxik.
chatan loq ali.
x in xuli ʼ qajoq.
jeʼ lik ktijow ri taq ikox.
kʼate kʼu ri le tat xoʼr xub ʼij, man kawaj taj, man kawaj taj.
kʼo jun tz ʼiʼ pa b ʼe .
kamul x in pe cheatzu kuxik.
man tajin ta kin chakunik.
kin chakunik rech ka twaʼik.
jas ru kʼ x awil wichi xkiqupij wile tiʼ j.
jas ub ʼixik … ?
koqʼri akʼal.
kawaj nakatʼe taj.
x at qʼaj ik.
wem na cha loqʼ a xiy al , na kimb ʼe ta aw u kʼ .
xo pan lew ujaw u kʼ rumal wechin.
are kʼut pale juy ub ʼ kkʼiy joron, chilaʼ xe kikʼama wiri jaʼ ri winaq.
koqʼri akʼal.
we kʼo a raj il cha kʼama loq.
are sib ʼalaj kaq le apoʼt chu wach le nu poʼt.
x in kʼastaj pa kab ʼ lajuj kaj b ʼal .
ka qoyʼej na kix petaj.
koka xim richij x aje laʼ man kanimaj tab ʼik .
ri kok nojim x b ʼek, xu chʼi joxo pan pa u kʼisb ʼal il le anim.
xoj kiʼkotik are taq x atulik.
kaqi tz ʼ naj riu x ajab ʼ ri akʼal.
ri jesusk waʼ kat pa ri nim rachoch ri dyos, chu xeʼ ri jun jache rachoch ri sa lo mon.
we taqanik riʼ kub ʼij chi rajawa xik kyaʼu qʼij ri winaq xu qujeʼ ktoʼ aninaq il .
ria xu x are na riu kunel ri kinaqʼ.
are taq waʼ riu qʼijol we taqanik.
kʼo jun tab ʼal pa u wiʼ ri x kanul ub ʼiʼ lajuj noʼj.
yuʼ lub ʼanom riu kolob ʼ ri kej .
xa nimaj ri akʼal chiu wach ri u chu ch.
kkunan riachi.
kinwaʼik rech na kin yowaj taj.
aj xik chʼi chʼ ril u ʼ s.
kwaj che ixki x b ʼanow ik.
aʼre xe toʼw alaq.
xoj ʼe kxeʼ qilal arqas ok.
x in loqʼjun chʼi chʼ, qaj inaq u wach.
kut ʼis ri pan ta lon.
e janipale awal kʼwale kʼolik ?
u tzu kemik le pa s chawe.
ri max are aj qʼan iyaʼ.
ma tab ʼ achiriq kʼax pale b ʼe.
tajin ka nimaj, ri meʼs.
ix i xeʼ laqʼomab ʼ !
x sachan chwe.
e kʼo kʼi cheʼ, chiu wach ri juy ub ʼ.
are waʼ ri nim alaj p ix ab ʼe are waʼ ri nab ʼe .
x re taʼmaj chiru kʼ pa kʼ kutij wi
jas u tz akikle sub ʼ xu ʼ a no?
aj xo ʼyri wi kan.
we tane aʼre xe tijow le rikil , are le komon xe tijowik.
sib ʼalaj aninaq ka chʼaw le are ʼ chi nu wachin.
u tz we kinchakuj .
meʼs laʼ.
kʼo kanwa rech kaqatijo.
x in si kʼij la.
ri akʼal x sach ka noq je laʼ pataqʼaj.
xe si kʼij la.
jawi xkib ʼij wichi keʼe wi ?
rumal che, man ix ta riʼ riki x chʼawik, are ri ru x lab ʼaxel ri i tat riʼ rik chʼaw na iw u kʼ ri ix.
kʼakʼ ri wachoch.
sib ʼalaju tz kinwille atz ʼyaq rech nahuala.
saq por kkay riki poʼt ri nan .
x sach on ri nu chak chwe.
waʼim xu chapo.
ri qʼaqʼ tajin ka julu w ik.
naj il u pam ri si wan.
e kʼo ri qachalal pa chiu wiʼ la.
jas x a taq chiʼj le akʼal chu tijik ?
noʼjim u kemik le pa sa wumal.
kʼo jun ku kub ʼiʼ tintin , waʼ le laj kukmam ka jeqi taj, kapaqi ka xulik pa u wiʼ u qʼab ʼ taq cheʼ, sib ʼalaj sa kʼaj , keʼuto lee nim aʼq , chʼutin, rachiʼ l, aj sipanel sib ʼalaju tz ranim aʼ.
ri u p ix ab ʼ le qʼatb ʼal tzij kiyaʼub ʼixik .
na x sach on tachke xe atinik.
xe qil le chikop p uwileja.
x loʼ tajri akʼal.
qono jel kuj waʼ pa u wiʼ ri mex a.
x si kir lewaqan.
la x at waʼ kʼut ?
nim ub ʼaqʼ ri tulul.
kin x ikʼi kʼik x in qʼaxik.
lakatb ʼe pale tinamit ?
ri pa l sib ʼalajsa qʼor .
kqʼoxow nu jalom.
x in naʼo chik at petik.
x loqʼulewi wechix.
x in chakun ru kʼ ri numam.
na x qab ʼantaj.
kkʼojiʼ b ʼaʼ ri u sipanik ria jaw xel jesus k ri sto ru kʼ ria w ux lab ʼal !
kin chʼaw ru kʼ le nu nan pale chʼaweb ʼal .
sib ʼalaj qʼequ ʼm rumal rimay ul .
are leba xulik .
xekos le ixoq ib ʼ pale b ʼe .
kʼax ri lik le akʼal chawe.
x in qʼiʼox in at in pa joron.
sib ʼalaj nim le tinamit.
kʼa xu kemik le pa sa wumal.
x in sachik.
tajin kelu kikʼel pa raqan ri tz ʼiʼ.
x in we taʼmaj ri lik wi b ʼ
ri qʼu qʼ are jun jeʼ l chikop.
kʼopa ja tijob ʼal ri w ik aqʼ.
ri sachib ʼal mak raj wa xik chiqa xoʼl.
jeʼ, kimb ʼe k.
je la le ʼ ri nu p wiʼ.
xub ʼij che:- jas x ab ʼano tintin ?
kab ʼanjun toqʼob ʼ kyakri nu jal.
kat ʼe kxin ta .
jas leu kʼex b ʼem ri b ʼ le jun ru kʼ le jun chik ?
aj chiu wiʼ mi qʼin jaʼ ril u ʼ.
ri tijonel naj kpe wi.
te ʼ kix chob ʼ ub ʼiʼ ri nu tat.
ri jaʼ kam iqʼik chiu wach ri qʼaqʼ.
ri tʼu ʼy kpa qʼowik.
kinmeson na.
na qaj at kʼowi chiwech .
x in b ʼisonik taq na x at pettaj.
we x kam ri winaq , ri p waq rech toj b ʼal makaj kyaʼ chikech ri ralaxik.
ri nu nan x b ʼepa kʼayb ʼal .
xo ju kʼamu loq rech koj ri lo
x kʼoto chin chiki wach chi kinwaʼ aw u kʼ.
na xki kamsaj taj xkikʼamb ʼi choja.
kʼakʼ ri ikʼ kamik.
x im b ʼe ru kʼ le aj kuniwir.
ri lik.
le tz ʼiʼ xekosik.
x in kikot awumal.
ri i mul xu maj ria nim , xuya kanlekok.
kʼo oj cheri akʼal.
xuj b ʼepa jun kʼulanem.
u tz we k waral aq.
kaqilo china koj u kʼam taj.
x re taʼmaj chiru kʼ pa kʼkutij wi.
sib ʼalaj x in kʼaʼ narik.
x inkochij ri nu wa.
man katkowin taj kat chakunik , we man kʼota riaj ilab ʼal .
we w on on xub ʼij chike:-ki xin to.
ri ala nim k ril wiri umam.
x kaʼy chirij , x kaʼy chu wach, ma kʼota chi jun ksi lob ʼik , x oqʼik xu xeʼj ri b ʼ x chʼopinik x tzalij loq xu riq tachik riub ʼe .
kʼo pus cheriwa.
p inem nakab ʼe lewatz, kimb ʼe wi in pa kaʼy ib ʼal .
ri nan toʼn nim winaq chik, saq u wiʼ, rono jel aqʼab ʼ u tz ku naʼo kat ʼuy iʼ pa u tem , kum iqʼisaj ri b ʼ chori qʼij , kʼo jun u wiʼ u mam ub ʼiʼa teʼ k.
mane kʼi taj riqu laʼ.
qʼalaj china kawaj taj kab ʼij
x paqab ʼisax raj il rono jel ri kem .
kʼopa ri jul ri kumatz.
rono jel qʼij kin chʼaj le nu w are.
saq chikan le ichaj rech katzako.
chu xele qachomal kaqatij wi jun qam eqʼin .
chawi laʼ.
e kʼojob ʼ u miʼal, ri nu tat.
jas ru kʼ xa wil wi
jeʼ jas ri winaq rech ri u wachulew, x oqujeʼ kepena riʼ rie ʼ are ʼ chee rech ri u wachulew; jeʼ jas ri winaq rech ri kaj , x oqujeʼ kepena riʼ rie ʼ are ʼe rech ri kaj .
x in tijo.
k tz ʼuju w ri rachoch ri po ʼ x.
xu qʼiʼo are leu kʼulel x yaʼow u wa.
ria wel x re taʼmaj chi rajawa xik man ku xej ta ri b ʼ cheri tu ku r.
ju kʼulaj winaq xeʼ a nimaj b ʼik .
jeʼ, x in tzalij ik.
xoj petik xol qa kʼam aʼ.
maj jachin x ʼek.
in aj tij; at tijoxel.
saq u wiʼ ri tat aʼ.
wechrikem .
le roʼch le at e ʼ kkʼo chwach le u kʼay le nu nan.
kb ʼepa ri si riʼ a e pa ri silis iʼ a, jawijeʼ kuya wiri kichu qʼab ʼ ri komon tyox.
p ix ab ʼ : man u tz taj kʼax kuj chʼaw chikij ni kʼaj qachil.
x kunataj le ali ( kumal ri ixoq ib ʼ ).
ri xib ʼib ʼal chi kʼowipa taq riqa kʼas lemal rono jel qʼij.
na kuj war ta waral.
on che kkʼojiʼ riu tz il chi xoʼl , arech junam riqa kojonik, junam ri iwe chi x ru kʼri wech in.
pa ox qʼij ris aʼn kb ʼe na ru kʼri aj kun .
ka winaq w uqub ʼ.
jas kawaj kin tijo?
we ta x atb ʼe wu kʼ pale tinamit, xa loqʼtala ʼ le u jastaq le akʼa jol .
keb ʼepa waʼim.
x in loqʼ kʼiwa.
pa jun nim kʼa cheʼ laj , kʼo jun kʼwaʼ sib ʼalaj saq lo loj, nimu wach.
kwaj katij jub ʼaʼ wa.
rono jel winaq k ril nari u kolonem ri dyos ».
x kʼoto chin chiki wach chi kinwaʼ aw u kʼ
kwaj nakatʼe taj.
la xa loqʼjun alej ?
e kʼo rie loqʼom anel.
ri ukab ʼ ub ʼiʼ ri nu mam are ya y.
kinjopij ri i jaʼ rech triko.
x naʼtaj chke xe atinik.
xa teʼ qilaʼ.
kakitij alan xa x ri winaq.
. . . kinb ʼij chi are waʼ sinx iʼan.
na xin nab ʼej tachu ta si kqa kʼolib ʼal .
rumal rech chewe ri in, kin chʼaw ru kʼri dyos pa chʼab ʼal, kchʼaw nakʼu riʼ ri w ux lab ʼal ru kʼri dyos, kʼate kʼut man kʼota u patan riʼch rech ri nu chomab ʼal .
xe petik xkilo.
xu ta we kat ʼek.
u tzu kemik le pa s chawe.
ri nu wakax xu tij jun qʼoqʼ rumal riʼ x kamik.
rumal ri kʼix, man ke waʼ taj ri winaq.
xeʼu lik.
qʼeq rij ri am aʼ chij.
x raj kaʼ e leu nan.
junam ki junab ʼ.
na qʼalaj taj wekaʼek.
ri wixnam chʼaj chʼoj ri rachoch.
waral man kʼotaj aj awal.
na iwir ta x ril le kʼamolb ʼe.
x in pe loq te kʼu riʼ x in tzu kuj rono jel ri nu raj il.
riaj tikonel kutik ri tzij.
kʼo e ki kʼaj ol le achijab ʼ .
kutij qʼayes ri ix paʼch.
pa ri waʼ b ʼal e kʼoka winaq achijab ʼ.
sipoj inaq ri nu pam.
kayaʼtajik ru kʼu tiʼonem jun ri u riqom le yab ʼilam olotsetsé xu qujeʼ are kayaʼtaj pataqri juy ub ʼ .
jachin ri achi?
ri nu mam x kamik are taq kʼojum u chʼ lajuju junab ʼ.
kinkowinik kin kʼamb ʼilep waq.
kinwilo chiu tz ria jiʼ.
x in qʼil ria po ʼ x che man kachakun taj.
kwaʼ chiu wach le taqʼaj ri am aʼ akʼ.
ri i mul xepo qʼik pa jun ikʼ.
xkʼiska noq riqa chak .
are ri ali xoj ilow ka noq.
sib ʼalaj chʼu ʼ j ri amax.
kʼo nu wachiʼ.
in chajinel kech le akʼalab ʼ.
xekos le tz ʼiʼ.
kinb ʼe naku kʼri molaj.
rono jel aqʼab ʼ kin y i tz ʼ ri wakax.
kara pinik xu tzu kuj chi jun awaj.
leu kemik le pa saninaq ( a wumal ).
maj u raj il le qʼab ʼ arel.
kʼax riʼ ri ka chʼawik.
xo ju taq chiʼj le achichu loqʼi kichaj.
sib ʼalaj kʼax ri xkʼul ma xik.
xkilo china kin kʼoxomaj taj.
x naʼtaj chkechi xe atinik.
x kʼoto chin chiki wach chi xojal woʼqa ku kʼ .
jun qʼu ʼ qraj il ri kax laʼn wa.
x in wilo chi xeʼ e lik.
e kʼo ixoq ib ʼ pale kʼayb ʼal .
man kʼotaj u kʼisik ri mayab ʼaj lab ʼal il.
ri sin kkʼiy pataqʼaj.
ri chʼi ma man kkʼiy taj pa taqʼaj.
rajawa xik kji kik riwaqän.
kawaj kinʼek.
e kʼo oxib ʼ akʼ.
xub ʼij chwe jawi at kʼowi.
ch weʼq kuj b ʼe ʼ pa mu quj.
pa saq kʼajaʼ kb ʼan wiri uq.
xoj ki si kʼij.
x in wil wi b ʼ.
chaq ʼ chik ri wa.
kimb ʼe naka palew oʼ ch.
kawaj kinʼek.
ri chʼuʼk tij ru kʼ lej.
pa ri kiqʼij kaminaq ib ʼ kb ʼan qʼori kʼyaʼ rech aj : nab ʼe ri nan kutzu kuj kan riaj , kujachʼo ʼ xu quje ku kʼ eto.
jas kaj b ʼal cha nim ?
u tzu chomanik ri ali.
pa ri qʼijox lajuj tijax kinkʼis keb ʼ junab ʼ kinchakun waral.
sib ʼalaj ko, ri kʼakʼ chʼat.
jas karaj kub ʼij … ?
ri chʼi chʼ kasi lab ʼik .
pa ojer qʼalpul x aq xu wiri nim winaq ke kʼamowb ʼe .
leu kunaxik le ukab ʼ u kʼutunik are ru kʼ e flornitina on u tunib ʼaxik le ni furtimo x chiʼ le flornitina chech t. b. g.
are ri achixin chʼayow ik.
jun achiub ʼik u ʼ xu sipaj keb ʼ kʼaʼm ulew rech kab ʼanri tijob ʼal , kamik, kʼochi kaj tij rech ri komon xechpup.
xumal tyoxij cheriaj tij rono jel lexu kʼut chiu wach.
pa ri b ʼe xki raq junalaji mul saqrij, xkikʼamb ʼik .
x ril le b ʼale ala.
jas kub ʼij chwe ?
leu kuna tajem are ru kʼu tzu kuxik leu chikopil pa jun u solik u xeʼ le ki kʼon le jaʼ rech jun no do.
u tz we nu tz ʼiʼ.
jeʼ, tajin kachaponik .
kinu loqʼoj le nu tat.
kawaj kimb ʼepa tinamit.
are laʼ kinchakuj .
ri nim aʼq taq winaq kʼo ke taʼmab ʼal .
we ta x atb ʼe wu kʼ pale tinamit, xa loqʼ ta waʼ we jastaq.
ri kikʼas lemal. wa ixim ulew xa jun chi ma are ta tinimit ri ma
ri u kʼ yab ʼal na ju pam .
x at qaj chiu pam ri il.
nojim ka twaʼik.
we kʼo jun ktu qaʼ rik, ¿ la man x oqujeʼ taj kin tuq aʼ r ri in ?
ojoj w okolja.
awas kb ʼan kʼax che jun nim winaq.
x in chʼaw apan ru kʼ le wa nab ʼ.
kʼax riu pam ri ju ʼ l.
tajin ke waʼ rii mul.
la kaj lakuj tzalij la aninaq ?
rumal rech cheri makaj man kʼota u kowinem p iwiʼ ri ix : ri ix man ix kʼota chichu xeʼ ri p ix ab ʼ, x anei xkʼochu xeʼ ri sipanik.
nim raqan le che ʼ.
x in chapo.
are le tu ʼ r le loqʼom anel.
xa s katkʼojiʼ chiu pam ri chʼi chʼ.
sib ʼalaj nim raqan ri kʼamal b ʼe.
le tz ʼib ʼab ʼal wechin.
in xin toʼw la.
x aje kʼu riʼ ri ix kamik riʼ man ix ka x lan winaq tachik; ri ix, ix rech riki tinimit rie tyox laj taq winaq, ix rech ri rachoch ri dyos.
x in tiko x laj kʼalichaj .
kaqa riq qib ʼ chwe ʼ q.
sib ʼalaj u tz cheri wiʼ aj ri tuney.
we na ju p ulik ta xe qajik...
x in toʼ taj cheri nu chak.
kʼo jun chiko pub ʼiʼ p um.
poqon ri ik.
xoj b ʼinik .
xu chʼek rono jel le re tamanik x pa qiʼk kʼax k wʼinik xub ʼanaj kun .
kel ub ʼik pa ri jude ʼ a e k tzalij chiub ʼij u mul pa ri galile ʼ a.
x in axib ʼij pa b ʼe.
jeʼ l kʼolem chi awachoch.
rono jel ri yaʼtalil pa we qʼataj , tz ʼaqat ki wach, man ktzaq ta ka noq xu qujeʼ man ktastaj.
xu kunaj le yawab ʼ le aj qʼij.
chi tatab ʼej jas le kimb ʼij .
chʼanal riachi.
pa b ʼ oko ʼ kachakun wiri ta x.
uj kʼopa u wuq qʼij.
kiʼ ri ukab ʼ ria qaj .
kʼo rachalal pa tz ʼoloj che ʼ ri pe ʼ l.
xkilochi kin kʼoxomaj.
ri u kisakʼu tz kyaʼik chiu xeʼ ri tik oʼn .
are taq chiʼ kaqʼanpu wiʼ ri ju kub ʼ, ri achiche xkʼojiʼ ri itzel u x lab ʼal ru kʼ, ku tach rech ri are ʼ, a rech kkʼojiʼ ru kʼ ri are ʼ.
nakab ʼantaj ta wumal.
x naʼtaj chke xe atinik.
x in paj ri nu triko.
xeʼok ri p okʼ pa ri umex a ri po ʼ x.
ka julu w ria qʼaʼl chiu xeʼ ri tʼu ʼy.
awech leja.
xuj b ʼepa tzu rik.
nab ʼe xa to panik.
ri ukab ʼ ub ʼiʼ ri nu mam are ya y.
u waj x aq u kakʼal taqanik (28).
mata kʼo jun ka kanaj ka noq, qono jel koj b ʼek.
e nim aʼq le al tomab ʼ.
nim u wach ri poʼt.
kojonik pa ri u tzij wa ixim ulew.
jas xu kʼamb ʼil etz ʼiʼxawilo?
x in petik, tat.
ri b ʼelaj u wach.
chi tatab ʼej jas ri kimb ʼij .
jeʼ l kunaʼ ria b ʼix chiu pam riqu qulew.
kinb ʼisoj u wach lewal.
xu t ʼuy ub ʼaʼ.
nim ria we qele ʼ n xa riqo.
x in e ʼ waʼ oq.
chiʼ ke warwile akʼalab ʼ.
ri nu miʼal xu taq loq jun taq oʼm w uj chiwe.
qʼe ʼ lik , ri chaj pa ri b ʼe.
la u tz awach? -u tz mal tyox , e kʼu ri at ? – u tz mal tyox.
x inkos rumal nu chak.
kb ʼe ku kʼrie ʼ are ʼe k tzalij p arina sarete keʼu nimaj.
ri joj xu kʼamb ʼik ri akʼ.
kʼochi wachiʼ l chanim.
kub ʼij chech naʼl kab ʼan che ria tz ʼib ʼ.
e. . . in kawaj katzjoj b ʼila chwe.
mata xin y aj le ali.
jachin ru kʼ katb ʼe wi ?
kʼo sib ʼalaje taʼmab ʼal pa ri mayab ʼ noʼjib ʼal .
e man xo ri ju puq kej .
kasum um ri kaqiqʼ .
e kʼoka jib ʼ akʼalab ʼ pale b ʼe .
jeʼ jas riu tatk kaʼy ik.
x aqat molonel tzij ta l.
le nu tatka loqʼon chwe.
x aq tane kimb ʼe iw u kʼ .
x re taʼmaj u chʼaj ik.
rumal laʼ xkoj “ x al qʼat ” che ub ʼiʼ ri komon .
are leu kemik pa s x re taʼmaj.
ri wa tiʼt kub ʼan na ri u patan.
kʼakʼ le poʼt.
re taʼm u wach jachin x loqʼow ri pa s.
kenchʼab ʼej le akʼalab ʼ.
yaʼtal chaqe qono jel ri uj winaq u tz kaqil qib ʼ .
xkotiʼ pa qʼayesx oqʼik.
ka winaq b ʼelejeb ʼ qʼataj.
e kʼoka jib ʼ ral ri i mul, jun saq , jun qʼan , jun qʼeq, jun qʼe qoj , sib ʼalaj ketz ʼanik , ke chʼopinik ri alaj taqimul.
k chol ol ria chachal.
ketekik ri ikʼ.
xe petik rech ke waʼiw u kʼ.
tzatz ri u qʼan il ri akʼ.
xoj tzalij ik xi xeʼ qa qʼatuj ku kʼ le itati nan.
ri yoʼ x taq akʼalab ʼ kekikʼu x ria tz ʼyaq.
we achiwe xu sipaj jun po ʼ t chwex kamik.
kkowin ri kunanel che kunanik.
x jiqʼ pa ri polow.
xa rumal sib ʼalaj rajawa xik le loqʼalaj jaʼ, le winaq xkib ʼij : chewe ikʼ riʼ qono jel kuj b ʼecheu tikik taq cheʼ.
ri unane rie rachalal kepe u loq ru kʼri are ʼ , kʼate kʼu riʼ, man ke kowin taj keqib ʼ u koq ru kʼ, rumal rech chee kʼo sib ʼalaj winaq.
rumal rech , che man kʼota jun kkowin cheu kojik jun tik ib ʼal il chik chu wach ri kojom chik che are ri jesus k ri sto.
te kʼu riʼ xu tz ʼib ʼaj ri b ʼ pa ri nim alaj tijob ʼal rech aj ku ʼ n.
ka julu w ri chʼumil chaqʼab ʼ .
kʼisb ʼal ka noq, x oqujeʼ kkam ri ixoq.
le alax okik.
kʼo p waq pa u wiʼ ri mex a.
are kawaj na kinʼe taj.
ri ya wal ku koj ri ali chiu xeʼ ri chakachare u su ʼt.
na kaqa kʼam tuʼb ʼi kamik.
riaj tij kub ʼij chike: rajawa xik keqachajij ri awaj , are u tiko ʼ n ria jaw.
x in tij mu kuniwir.
kʼax leu wiʼ taqle nu qʼab ʼ .
x in loqʼjunil b ʼalwib ʼ.
waʼ we qʼij , nim ub ʼantajik.
riu xeʼal riqa tinamit man kasach taj.
xoj b ʼinik .
ri achalal junam ki wach.
x in we taʼmaj ri lik wi b ʼ.
nim riu naʼoj waj tij.
mi qʼin ri kʼul.
aj qʼojom ria teʼ k.
che le sanik che ʼ kb ʼan wiri qʼojom.
ka pe le awel pa nawal jaʼ.
ri meso nel tajin kchakunik .
u tz chaqe kaqatoʼq ib ʼ, taq kʼo kʼax kʼol il, kate we chiʼ n ria jaw paqawiʼ.
xa wilo, x qʼatan le ib ʼ oy.
x at kowinik x ab ʼano.
kiʼ ri kʼa wex.
kaj il il ri b ʼe .
le ali xel b ʼ ik.
are ʼ x raj x in b ʼano.
nim we ab ʼaj.
jeʼ lik u tiʼjol al ri saq koʼ r.
noj inaq ri kej .
we ka tijan xu x man katu toʼ ta chiu qʼatixik le kʼakʼ yab ʼil corona virus ( 2019 - n co v) .
na nim ta raqan waʼ we che ʼ.
u tz alajaj chak, ri wel.
¿ jampa ʼ kuj b ʼepa nima qʼij ?
rajawa xik tane laʼ katchakun w u kʼ .
xu taq chiʼj pa war am pulew.
man are ta ria x wan xel ik.
ria wi x xu loqʼ rachoch re nimal.
are ri ixoq x in si kʼinu loq.
ri chʼi makʼat ʼon na.
laxib ʼan lei chak ?
kʼi tinamite kʼopa chʼoʼj .
kʼo ju puq chij chiu xeʼ ri cheʼ.
ri u x aq ria b ʼix are uwarikej.
ka winaq qʼataj.
la kix pepa tijob ʼal ?
we kechajix taq le kʼwajacha kinb ʼij ; jun alik kʼo jaʼ xu qujeʼ sib ʼalaj saq lo loj.
xre taʼmaj.
ri alab ʼom ri ali tomab ʼ tajin kikitijoj kib ʼ rech su taq , are kakaj kikib ʼan nim aq achijab ʼ chu pam ri kikʼas lemal, xu quje kʼochikju puqb ʼixonel chu pam ri komon.
la tz ʼ u wach ri b ʼe.
kʼakʼ ria chʼi chʼ.
qono jel uj, uj mayab ʼ taq winaq.
no jel qʼij ri at iʼ x kuyu qʼuj le taqaw aj je laʼ pa ni kʼaj jaʼ, chirij ri juy ub ʼ ub ʼiʼ te naʼ.
pa qʼom chik risiʼ.
kin tzu kun che la.
kakitij le kinaqʼ, le ichaj, leu waʼ lik ru kʼ lej.
xe kanaj kan le aj chakib ʼ.
ketik on ri achijab ʼ.
sib ʼalaj itzel ub ʼantajik ri chʼi lakan .
ria teʼ kxumal tyoxij cheri ra tiʼt, rumal riu tz alaj noʼjib ʼal xu kʼut chech.
kkamulix u chak riab ʼix.
la xin u tzu kuj le tijoxel ?
are ʼ kachakun rono jel qʼij.
lee kʼaʼ na taq tz ʼiʼ.
saqrij ri plam ux.
jas xa qʼiʼox a tijo.
jas ru kʼ xkichapwi utijik le rikil ?
we kata tin ru kʼ kʼa tan jaʼ man kuqʼatej ta le kʼakʼ yab ʼil corona virus.
lakatb ʼin paleu x lanb ʼal ?
la waral kʼux ix waʼwi?
are le nu tat kin loqʼonik.
tajin kchakun ri ala.
kʼo ri kiʼkotemal aw u kʼ .
xu ta jachin kaʼ e k.
x at waʼ ik x in wilo.
x tzaq ri rachoch rumal ri jab ʼ.
pale jun ikʼ chik are nima qʼij.
e keb ʼäm keb ʼin pa u wiʼ ri tem .
me m ri achi.
ri wi kancha liʼ y kelpa juy ub ʼ chwi tzirib ʼal .
le raj il, lapaja xel a qʼax w u ʼ b ʼik ?
parisu ʼt pisom wiri lej.
koj petik kol qa kʼam aʼ.
tajin katchʼo pin chiu wach ri taqʼaj.
le qʼorx chʼu qik.
kʼax waʼ im awumal.
kinb ʼison che lewal.
sib ʼalaj kʼokʼ ria wa tz ʼyaq.
kamik xuj b ʼecheu tikik taq che ʼ pa ri juy ub ʼ .
kinu loqʼoj le nu tat.
chaqiʼj chik ri chaj.
xy il ixhaway i.
na x naʼtaj ta chkechi xe atinik.
ru kʼ kʼu waʼ we riʼ, ri ix kkʼojiʼ jun u tz alaji kʼas lemal riʼ chki wach ri winaq che mane kʼota iw u kʼ, kʼate kʼu riʼ man kʼota jun winaq riʼ rajawa xik chiwech.
e petinaq pa b ʼe le rachala xik.
kakaj le akʼalab ʼ kewaʼik.
xuj chʼayb ʼik.
ri nu chak are qʼaxel tzij.
kʼona rux lab ʼ ri awaj.
tajin ke lloq, ri qʼij.
xu qʼiʼo x kamsax ri rachalal choch.
ri nu mam are kʼo u qʼinomal.
xkʼul mataj ju mul, xub ʼanjun nim alaj jab ʼ, man x b ʼeye taj tana xu kʼis leu yuqʼ chike.
am aʼ ri nu tz ʼiʼ.
je waʼkat petik.
x in kosik rumal x in chakunik
iwech chi jujunal, ri wa.
xu qʼiʼo na x at atintaj.
in riq tajinaq pa ri kʼay ib ʼal .
na we taʼm taj.
kʼax le nu qʼab ʼ .
u tz le xub ʼij le achi.
kematz ʼib ʼ .
kʼo rachalal pa tz ʼoloj che ʼ ri pe ʼ l.
rono jel waʼ we jastaq riʼ, x ask sach wi u wach waʼ ; ru kʼ we riʼ, ri ix, rajawa xik che kʼo jun tyox laji kʼas lemal e kkʼojiʼ ri i chʼawem ru kʼri dyos,
x muq taj ri pa tz ʼan.
ri chʼi chʼ tzijom ka noq pa riu kʼolb ʼal .
man kʼota u cholaj pataq ria w uj.
jachike ikʼ leu nima qʼij le tinamit na wal jaʼ ?
xe petik x olki kʼamaʼ.
kachu qʼ chu t ri jaʼ chi apam.
x in b ʼij iwir chi xeb ʼepa armita.
are ʼ u xeʼ ojer tzij waral kʼi cheʼ ub ʼiʼ.
xkʼis ri nu si ʼ.
jawi xkib ʼij wichi keʼe wi ?
¡ xa je kʼu riʼ, jachin taq rie kʼopa ri jude ʼ a, chicha nim che ʼ animaj ub ʼipa taqri juy ub ʼ,
kʼakʼ ria b ʼ .
la kʼo jun naka kʼoxomaj taj ?
na u tz ta leu tʼi som le alma riy.
man yaʼtal taj chi a we katok pa ja.
jeʼ, xa tu tzu kuj.
are kel waj x aq ib ʼ u qʼij ri xkʼojik.
ri xu nku rkkʼojiʼ pataqri triko.
x in sachik.
xut ʼuy ub ʼaʼ
na nu tom ta le tzij …
wach ʼom ri kiwa ri noʼs.
e kʼo job ʼ chʼ il wa kʼ.
rajaw ixik chi pataqri tijob ʼal , pa ni kʼaj ub ʼixik chik
ri rajaw rulew are ʼ tat kel.
we kʼu x okik, we kʼ na xok ta
we achixu sipaj jun pʼ ot chwe.
a tat u taq oʼn le qʼatal tzij.
na qʼan ta u wach le qap rut.
ri xaʼ r kʼopa u wiʼ ri qʼaqʼ kpo qʼow ik.
rir oqʼej ri alija chak pe jun akʼal.
kʼo junalapa tijob ʼal .
säq u wiʼ ri tat aʼ.
ri witzikʼ tajin kpe loq.
jawix sach on wi kanu yaʼik le p waq che.
u tz we achiwexin kunanik.
qono jel kuj waʼ pa u wiʼ ri mex a.
ri kax laʼ nik man po qon taj.
in x in b ʼe ru kʼ ri wachiʼl.
sib ʼalaj jeʼ l xkilo xe ki tz oqopij ri kichij chilaʼ.
kinb ʼinik x in ʼek.
kʼax kʼol ik, ka chaʼ.
kutij ixim ri akʼ.
ri ali x chel , xu qʼiʼo xa jun akʼ x sipax che.
x qasi kʼij le ixoq chu tz a kiksub ʼ .
mata x ab ʼinsaj le chʼi chʼ.
ri p ix tz ʼara lik rumal rie qaʼ n .
¿ jampa ʼ kel chi 3%
kʼo jun nu kʼotoj chiʼaj.
tajin ke waʼkat ri alab ʼom .
x in loqʼ le nu kʼakʼ apoʼt.
na u tz a kikta sub ʼ tajin ku ʼ a no
xo ju taq chiʼij x oj waʼ ik.
iwech ri ab ʼix.
saqrij ri chij.
aj sik cheri tinamit kel wiri tat aʼ.
- ¡ ay ! xa xin tzaq u loq, kʼax wewaqan .
x kʼul mataj pa jun komon chiʼ u wachjun juy ub ʼ, xu riqa jun qʼij xki riq kib ʼ ju nimul ru kʼ le kok.
jas x a taq chiʼj le akʼal chu tijik ?
x in chapo su xu loqʼo.
qʼinom ri achi.
ri kʼu m ktijow ru kʼ kab ʼ .
tajin kejach ʼanik.
tz eb ʼal u kemik le pa sa wumal.
are ka yoʼw leu chikopil leub ʼantajik try pa nos omabr ucei.
we kat nimanik u tz kelik.
pero noʼjimal petnaq loq, .
are le nu chak jun tzu qb ʼalwib ʼ.
x kunax le yawab ʼ rumal le aj qʼij.
ri u kʼu ʼ x tz ʼib ʼ paqa tzij e lajuj.
sib ʼalaj jeʼ lik rie qab ʼal xub ʼanri lu ʼ s.
sib ʼalaj at kon .
e man xo ri ju puq kej .
na x naʼtaj ta chke xe atinik.
ri kʼamal b ʼe xub ʼij chike, chi maj aria nim .
jum u chʼ ri nu junab ʼ.
qʼip tajinaq ri raqan ritem.
kchakun ru kʼri josb ʼal che ʼ ri aj anel.
xa taq chiʼj le akʼal chu tijik ka r.
oj kʼo pale roʼch le awel.
¿ lakat pequ kʼ chweʼq ?
le winaq pale chʼi chʼet ʼuy ul lowi.
x kanaj ka noq chiu xeʼ ri jab ʼ ri chʼaʼ n.
nim ri ja.
we ta xak u naj le a tat mata x kam laʼ.
nan u kʼamom tu ʼ la riʼ.
ch qa nu kʼu ʼ riqa tzij.
kimb ʼe pale tinamit.
x in qʼiʼonax in at in taj.
rajawa xik kakʼaman chawe leu tijik le lej.
kʼisb ʼal taq noʼjib ʼal .
