xineʼ waʼ oq .
xkibʼan kʼax che le uw osaq rumal man utz ta chi kakayik .
ri qʼut uʼm man kech ta le akʼalabʼ .
are na nim tale atzʼiʼ chuwach le nutzʼiʼ .
xepetik xol kilaʼ .
¿jaw chiʼ xataʼ che xkam ri umam ri poʼx ?
e kebʼ kekʼambʼik pa tuj .
xin loqʼ jun ja pariw okaj ja .
ria xtuʼ bʼ , kʼoqulaj chech .
jas karaj kaʼ an ch utzakik le tiʼij .
xutij le wa .
ximbʼal re tzij .
xpax ri bʼoʼj .
we kawaj kat in toʼo xaq xuwi kabʼij chiwe .
jas nukʼu kuchʼobʼo .
jas karaj kutijo ?
xex ruxlabʼ ri rikil .
enitzʼ aʼq le taqim ul .
wetanein xinbʼanow ik , arelea teʼk xbʼanow ik .
kin tzalij pale nu tinamit .
ri nu chaqʼ kʼo pauroʼ qʼatoj tijonik pari tijobʼal .
xin xiʼj wibʼ xinchʼaw ik .
kʼo chwa roʼch le pare .
chi raqan kabʼinwi ritataʼ .
xsachon kan uyaʼik le pwaq chech oj a .
xinqʼax chi kixoʼl riwinaq .
ketikonik .
ri ulew man qech taj , kech riqatiʼ tqamam .
xepe lewinaq xol kikʼamaʼ .
xuloqʼ ri wuj rumal ri ali .
chewe qʼij kamik kʼojun nu tzijonem chirij le nu tinamit .
kej riʼ.
xkunan alaq chwe .
kinusikʼij le nunan .
rii mul xuchʼij taj , xkanaj pa bʼe , rumal ri nimal kujal uj rii mul , xutzaq ri anim .
kubʼan ri uxoqʼoʼl riaj tzʼaq .
ri la sibʼalaj utz che kunabʼal .
kʼi kiwach ri eʼaj chakibʼ pari komon t yox , kʼatekʼut xa jun chi ajaw xel ;
xqata chi xa tulik .
kawaj chik atʼek .
chʼutiʼn kekanaj ri xajabʼ chech .
kaqaxiʼj qibʼ kaqachapo .
ekʼo kebʼ ukʼajol le tat xwan .
luʼ su bʼiʼ ri recham .
aj chi uwiʼ mi qʼinjaʼ ri luʼ .
xin yakan le nuchim pa kʼaybʼal .
kʼate xrilo , xpe ri unan che utzukuxik , x kikotik , xusal abʼisaj ritaq ux kin .
xkikʼut chi uwach riaj tij xuqujeʼ chikiwach ri taq nikʼaj kachil .
utz le nuqʼabʼ .
kul le a lweʼl paaustin chaqʼabʼ kamik .
ria teʼk xtzaq loq are chi kʼo pauwiʼ ri qʼaʼm .
aj patan ri teʼk .
xatqaj chiupam ri il .
la kʼo tzij na kikʼoxom aj taj ?
xsachon chke chi xeatinik .
ronojel le ulew e chalaq .
la xebʼe kʼulaxeʼ ki jaqa kʼule uchiʼ ja ?
xaq katchʼok naj iwir .
kamik kʼo chi rijastaq a we .
are chiʼ kakʼis ri junabʼ kʼo qʼinom .
pa nawal jaʼ xin alex ik .
na xintat aj we are riakʼal ki xtzuquw ik .
¡ rulew ri sabʼulo ne rulew ri ne ftali, ubʼe rip olow , rulew ri jord an, galileʼa kech ri jetaq am aqʼ !
rax , rax , rax , kʼokʼ , kʼokʼ , kʼokʼ le ruxlabʼ le taq tikoʼn .
a chi xa twilo .
paqal rajil le pixkamik .
xojbʼinik .
pajun jeʼl tijobʼal kutijoj ribʼ junakʼal , ubʼiʼ poʼx , utz kurilo kepa tijobʼal ronojel taq qʼij .
xwaj chi xa tʼetaj .
utz laʼ le xubʼij le a chi .
wetaʼam jachin kapetik .
kin qʼojomanik .
xinqʼiʼo ta kʼalik xinpetik .
areʼ retaʼm che kinopanik .
areta bʼal eqa qajaw chat toʼw ik .
kawinaq waqibʼ qʼataj .
naqaj chik cheri uwaq kajbʼal aretaq chiʼ ksach uwach ri qʼij , kok ri qʼequʼm chuwach ulew , chi kʼateʼ na ri bʼe lejebʼ kajbʼal .
jobʼ raqan ri tzʼalam xeporox ik .
sibʼalaj korij ri mop .
arewaʼ .
jelaʼ pari timinit ch wi kab yok rech xelajuʼ, le qa nan qatat kakitiko jeʼlalaj taq uwach ichaj .
kʼaxnuq ul .
xuʼl ukʼam aʼ .
kojul kitzukuj .
are man kʼaxta ukunaxik aretaq aninaq kaʼilitaj we yabʼilal xuqujeʼ mojoʼ qa kuyaʼ le kʼax kʼolil chech le jolomaj .
ri wel kʼopa tijonik .
kawaj kinbʼij .
ri kotzʼiʼj kqakoj chiupam rija .
qʼeq qʼoj rij riamaʼ kej .
na xwaj taj xinchʼaw ik .
chpe tabʼal e loqʼalaj jabʼ .
xsachon chke xat kisikʼij .
eleqʼal chʼichʼ .
jachin xa wilo chi are xtijow ritiʼj ?
ma tak abʼe le nuxbʼal pale tinamit .
pim ruq, ri ali .
¿ kʼorim uqʼe chiawech ?
kqabʼij man kekowintaj .
kin tijna .
kʼojun qatʼuʼy paja !
kʼo puj chiupam richʼaʼk .
aretaq kin kosik kinwarik .
xatw aʼik xinwilo
in xin chʼayow lea chi .
konojel ri alaxik keʼ etzʼanik .
jas rukʼ xkitij wi le kirikil ?
aninaqil katpetik .
na ra xta uwach le juyubʼ .
ri tzʼalam tzʼibʼ abʼal rax kkayik .
we chat chakunik , kʼo awa.
maʼtam xa t pecheri waʼim .
kamul kin waʼ na .
ri sikil ktijow rukʼik .
kim bʼe aqʼan rukʼ le al talin .
xojʼek xeʼ qil alar qasok .
xe kiqʼil le ajchakibʼ xkiw okle ja .
ma tane xwaj le kʼuhjnem rukʼ le a teʼk .
are xeʼopan chiuchiʼ ri juyubʼ , xkilo chiman qasta kʼoqʼay es .
kʼate kʼut , rijesus man kkojonta chkech ri eʼareʼ , rumal rech che konojel retaʼm kiwach ,
paʼ tzrij ritzʼiʼ .
juwinaq waqibʼ qʼataj .
at elaqʼom .
xaq at joʼs .
riqʼat zu , are qʼalaj ri uqʼijil .
ajchak we ala .
ubʼe lej ukakʼal taqanik (29) .
kebʼ nubʼiʼ kʼolik .
la katzalij luʼ la aninaq ?
katzukun la chwe .
la kaj la koj bʼeʼ pale chomal chweʼq ?
xin nabʼej chutasi kqa kʼolibʼal .
lal xintoʼw ik .
sibʼalaj a noʼjibʼal .
xojpetik xol qa kʼamaʼ .
sibʼalaj jeʼlik ri uwaʼl ri ichaj .
kʼaxwij rumal in p achalik .
aretaq xukʼul maj waʼ xul ri uchomanik xubʼij : are utz wa aqʼabʼ kinwalij ik , are chaʼ chanim kinopan pa tijobʼal , maj chi kinkʼulmaj .
ojaj xo jolobʼ pa awas qʼij .
xinsach che le uw okik le tzij .
e julajuj ria kʼ .
xuta jam paʼ koj ʼek .
qilik .
ri tijoxel man areta nim chuwach ri raj tij . ri utz tijoxel qas jeriʼ kʼolik jas ri raj tij .
in xatin chʼayo .
noʼjim chak wumal .
chʼ urrijo chʼ.
in kinbʼij na katsach taj .
uj mayabʼ .
riabʼ aj yatzalik .
tajin kepixbʼax ri akʼalabʼ .
chom ria q .
xinwarik .
elemen konojel ri akʼalabʼ .
tajin kqʼanarik ri we reʼ aj .
le ukemik le pa sutz (cha we ) .
xuyupu bʼa uwach raʼ chi, kachaʼ, .
ri satanas kok pari judas ri kbʼixis kariʼ ot ech rech , riareʼ jun ch kixoʼl ri ekabʼ lajuj .
chu chu ri par .
kin qumuj ri nujochʼ .
chech p unción lumbar am aqʼel rajawaxik chech rilik le ukʼexbʼem wi le nabʼe rukʼ le ukabʼ ukʼutunem le yabʼilal .
qʼalaj china kawajtaj kabʼij .
kʼoqʼol chirij risiʼ.
jawi xojʼewich uloqʼik ?
kʼo ulochʼ ritalin .
qʼan rij ria tiʼtnukej .
la xtzalij la iwir ?
xesikʼixik , kʼa tekʼuriʼ xeyajik ,xuqujeʼ xetaq bʼiche usikʼik lemes .
lak ix warik ?
are kʼule pa lo max xubʼij che :- mam katbʼison taj , kinsikʼij nikʼaj wachiʼl kerapapik .
aʼre e tijoxelabʼ .
ri alaj ali siʼl xubʼij xqachap pa utzal rityox .
xsachon chke jachin xeatinik .
jas xurayij leanan xutijo ?
xinkosik .
rax ronojel riqʼay es rumal le jabʼ .
kin yawaʼ we chʼichʼ pinem na utz .
noʼjim upachʼuxik le nuwiʼ .
naj kʼowi le woʼch chuwach le tijobʼal .
ri okibʼal kʼo chi uwachri saq ja .
xe nutaq chʼij kekil le akʼalabʼ .
kʼojun qʼoxowem chiwe .
tz a ri choʼm .
we choj bʼe pale nima qʼij , keqil le aj xojolobʼ .
xojʼek xeʼ qil alar qasok .
ria teʼk xutaʼ chech ri nan toʼn :- nan jas cheʼ chiman kajta la qakʼat isaj rijoʼ q.
ri pal sibʼalaj xuʼy .
kin koj rij okbʼal ulew .
in kinbʼij na katsach taj
at raj kun le nu nan .
kuqamuju joron riaj tzij .
luʼ tzʼalam ubʼiʼ ria chi kel pa nim cheʼ .
jeʼli kutiʼjo lal ri saq koʼr .
kʼojun xaʼr paja .
xin loqʼ jun kʼakʼ patan .
kʼax ukemik le pa sa wumal .
aninaq ukemik le pa sa wumal
ri chʼaʼn sachinaq pataq abʼix .
rax taqle kotzʼiʼj .
mesom kanoq ri upam ja .
man aretar ala xkosik .
rikomon xechpup rech uqʼabʼ tinamit xoʼlabʼ aj rech qʼumar kaj .
la utzakik kʼusubʼ tajin kuʼ ano ?
katel a !
na xutij taj .
xa rumal ketaʼm konojel riwinaq kkiqumuj le jaʼ .
iwir xuj tzalij la pakʼay bʼal .
qetaʼm che riqa wakuj utoʼo .
riaj tij, kyaj on chikech ri akʼalabʼ .
jas ubʼanom le nu chʼut itat ?
chweʼq kin bʼe panim tinamit .
utz we kiwetaʼmaj jas kubʼij ri cholbʼal qʼij .
tajin katji low che uqʼoxom jolom aj .
xintik qʼax chi uwach rija .
kʼax le kibʼe lewinaq .
loqʼ katkun taj che leyabʼil (covid-19) .
ri nuxibʼal kel paqajbʼal qʼij .
xril riaxwan chix waʼ ri ala .
le alix kunatajik .
weta kape lejabʼ kamik .
xin wetaʼmaj china xat pe taj .
ri pwaq rech we qʼataj riʼ kesax chech ri tojbʼal kʼayinem .
ktij ri uwaʼlik rumal ri ki nima qʼij .
xuchapu kunaxik .
chat anloq ali .
xin xuliʼ qajoq .
jeʼli kktijow ritaqik ox .
kʼatekʼuri letat xoʼr xubʼij , man kawajtaj , man kawajtaj .
kʼojun tzʼiʼ pa bʼe .
kamul xinpe chea tzukuxik .
man tajin tak in chakunik .
kin chakunik rech katwaʼik .
jas rukʼ xawilwi chi xkiqupij wi letiʼj .
jas ubʼixik … ?
koqʼ riakʼal .
kawaj na katʼetaj .
xat qʼaj ik .
we m na cha loqʼaxiyal , na kim bʼe ta awukʼ .
xopan le wuj awukʼ rumal we chin .
are kʼut pale juyubʼ kkʼiy joron, chilaʼ xekikʼam a wiri jaʼ riwinaq .
koqʼ riakʼal .
we kʼo a rajil chakʼam aloq .
are sibʼalaj kaq le ap oʼt chuwach le nup oʼt .
xin kʼastaj pa kabʼ lajuj kajbʼal .
kaqo yʼej na ki xpe taj .
kok axim ri chij xa jelaʼ man kanimaj ta bʼik .
ri kok nojim xbʼek , xuchʼijo xopan pa ukʼisbʼal illeanim .
xoj kiʼ kotik aretaq xa tulik .
kaqitzʼ naj ri uxajabʼ riakʼal .
rijesusk waʼ kat pari nim rachoch ridyos ,chuxeʼ ri jun jache rachoch ri salom on .
wetaqanik riʼ kubʼij chi rajawaxik kyaʼ uqʼij ri winaq xuqujeʼ ktoʼ aninaqil .
ria xux are na ri ukunel ri kinaqʼ .
aretaq waʼ ri uqʼijol wetaqanik .
kʼojun tabʼal pauwiʼ ri xkan ul ubʼiʼ lajuj noʼj .
yuʼl ubʼanom ri ukolobʼ rikej .
xanimaj riakʼal chi uwach ri uchuch .
kkunan ria chi .
kinwaʼik rech na kinyowaj taj .
aj xik chʼichʼ ri luʼ s .
kwaj che ix ki xbʼanow ik .
aʼre xetoʼw alaq .
xojʼek xeʼ qil alar qasok .
xin loqʼ jun chʼichʼ , qajinaq uwach .
kutʼis ri p antalon .
e jani pale awal kʼwal e kʼolik ?
utz ukemik le pa s chawe .
ri max are aj qʼaniyaʼ .
matabʼ achiriq kʼax pale bʼe .
tajin kanimaj , rimeʼs .
ix ix eʼlaqʼom abʼ !
xsachan chwe .
ekʼo kʼicheʼ , chi uwach rijuyubʼ .
arewaʼ ri nimalaj pixabʼe arewaʼ ri nabʼe .
xretaʼmaj chi rukʼ pa kʼ kutij wi
jas utzakik le subʼ xuʼ ano ?
aj xoʼy riwikan .
weta ne aʼre xetijow le ri kil , are lekomon xetijow ik .
sibʼalaj aninaq kachʼaw le areʼ chinuwach in .
utz we kinchakuj .
meʼs laʼ .
kʼo kan wa rech kaqatijo .
xinsikʼij la .
riakʼal xsach kanoq jelaʼ pataqʼ aj .
xesikʼij la .
jawi xkibʼij wi chikeʼe wi ?
rumal che , man ix ta riʼ riki xchʼawik , are ri ruxlabʼ axel ri itat riʼ ri kchʼaw na iwukʼ ri ix .
kʼakʼ riw achoch .
sibʼalaj utz kinwil le atzʼyaq rech na hu ala .
saq por kkay ri kip oʼtri nan .
xsachon ri nuchak chwe .
waʼim xuchapo .
ri qʼaqʼ tajin kajuluwik .
najil upam ri siwan .
ekʼo ri qachalal pa chi uwiʼ la .
jas xa taq chiʼj le akʼalch utijik ?
noʼjim ukemik le pa sa wumal .
kʼojun kukubʼiʼ tintin, waʼ le laj kuk mam ka jeqitaj , kapaqi kaxulik pauwiʼ uqʼabʼ taq cheʼ , sibʼalaj sakʼaj , keʼuto le e nim aʼq , chʼutin, rachiʼl , aj sipanel sibʼalaj utz ranimaʼ .
ri upixabʼ leqʼat bʼaltzij kiyaʼ ubʼixik .
na xsachon ta chke xeatinik .
xeqil le chikop puwil eja .
xloʼtaj riakʼal .
qonojel kuj waʼ pauwiʼ ri mexa .
xsik irle waqan .
la xat waʼ kʼut ?
nim ubʼaqʼ ritulul .
kin xikʼ ikʼ ik xinqʼaxik .
la kat bʼe pale tinamit ?
ri pal sibʼalaj saqʼ or .
kqʼoxown ujalom .
xin naʼo chi katpetik .
xloqʼ ulew iwech ix .
xin chakun rukʼ ri numam .
na xqabʼan taj .
kkʼojiʼ bʼaʼ ri usipanik riajaw xel jes usk risto rukʼ riaw uxlabʼal !
kin chʼaw rukʼ le nu nan pale chʼawebʼal .
sibʼalaj qʼequʼm rumal ri may ul .
are le b a xulik .
xekos le ixoqibʼ pale bʼe .
kʼax rilik le akʼal chawe .
xin qʼiʼ oxinat in pa joron .
sibʼalaj nim le tinamit .
kʼax ukemik le pa sa wumal .
xinsachik .
tajin kel ukikʼel pa raqan ritzʼiʼ .
xin wetaʼmaj rilik wibʼ
ri qʼuqʼ are jun jeʼl chikop .
kʼopaja tijobʼal ri wi kaqʼ .
ri sachibʼal mak rajwaxik chi qaxoʼl .
jeʼ , kim bʼek .
jela leʼ ri nupwiʼ .
xubʼij che :- jas xabʼano tintin ?
kabʼan jun toqʼobʼ kyak ri nujal .
katʼek xinta .
jasle ukʼexbʼem ribʼ le jun rukʼ le jun chik ?
aj chi uwiʼ mi qʼinjaʼ ri luʼ .
ritijonel naj kpewi .
teʼk ix cho bʼ ubʼiʼ ri nutat .
ri jaʼ ka miqʼik chi uwach riqʼaqʼ .
ri tʼuʼy kpa qʼowik .
kin meson na .
naqaj at kʼowi chiwech .
xinbʼison ik taq na xatpet taj .
we xkam ri winaq , ri pwaq rech tojbʼal makaj kyaʼ chikech ri ralaxik .
ri nunan xbʼe pakʼaybʼal .
xoj ukʼam uloq rech koj rilo
x kʼoto chin chikiwach chi kin waʼ awukʼ .
na xkikamsaj taj xkikʼambʼi cho ja .
kʼakʼ ri ikʼ kamik .
xim bʼe rukʼ le ajkun iwir .
rilik .
le tzʼiʼ xekosik .
xin kikota wumal .
rii mul xumaj ria nim , xuya kan le kok .
kʼo oj che riakʼal .
xuj bʼe pajun kʼulanem .
utz we k waralaq .
kaqilo chi na koj ukʼam taj .
xretaʼmaj chi rukʼ pa kʼ kutij wi .
sibʼalaj xinkʼaʼn arik .
xin kochij rinuwa .
man katkowin taj kat chakunik , we man kʼota ri ajilabʼal .
we w onon xubʼij chike :-ki xinto .
ri ala nim kril wiri umam .
xkaʼy chirij , xkaʼy chuwach , ma kʼota chi jun ksilo bʼik , xoqʼik xuxeʼj ribʼ xchʼopinik xtzalij loq xuriq tachik ri ubʼe .
kʼo p us che riwa .
pinem na kabʼe le watz , kim bʼe wi in pa kaʼyibʼal .
ri nan toʼn nim winaq chik , saq uwiʼ , ronojel aqʼabʼ utz kunaʼo katʼuyiʼ pa utem , kumiqʼisaj ribʼ cho ri qʼij , kʼojun uwiʼ umam ubʼiʼ a teʼk .
man ekʼi taj riqulaʼ .
qʼalaj china kawajtaj kabʼij
xpaq abʼisax rajil ronojel rikem .
kʼo pari jul ri kumatz .
ronojel qʼij kin chʼaj le nuw are .
saq chi kan le ichaj rech katzako .
chu xele qachomal kaqatij wi jun qa meqʼin .
chawilaʼ .
ekʼojobʼ umiʼal , ri nutat .
jas rukʼ xawil wi
jeʼ jas ri winaq rech ri uwach ulew , xoqujeʼ kepena riʼ ri eʼareʼ che e rech ri uwach ulew ; jeʼ jas ri winaq rech ri kaj , xoqujeʼ kepena riʼ ri eʼareʼ e rech rikaj .
xintijo .
ktzʼuj uw ri rachoch ri poʼx .
xuqʼiʼo are le ukʼulel xyaʼo wu wa .
ri awel xretaʼmaj chi rajawaxik man kuxej taribʼ cheri tukur .
jukʼulaj winaq xeʼa nim aj bʼik .
jeʼ , xin tzalij ik .
xojpetik xol qa kʼamaʼ .
maj jachin xʼek .
inaj tij; at tijoxel .
saq uwiʼ ritataʼ .
wechrikem .
le roʼch le a teʼk kʼo chwach le ukʼay le nunan .
kbʼe pari siriʼa e pari silisiʼa, jawi jeʼ kuya wiri kichuqʼabʼ ri komon t yox .
pixabʼ : man utz taj kʼax kujchʼaw chikij nikʼaj qachil .
xkunataj le ali ( kumal ri ixoqibʼ ) .
ri xibʼ ibʼal chi kʼowi pataq riqa kʼaslemal ronojel qʼij .
na kuj war ta waral .
on che kkʼojiʼ ri utzil chixoʼl , are ch junam ri qakojonik , junam ri iwe chi xrukʼ ri wechin .
pa ox qʼij ri saʼn kbʼe na rukʼ riaj kun .
kawinaq wuqubʼ .
jas kawaj kintijo ?
weta xat bʼe wukʼ pale tinamit , xa loqʼ ta laʼ le ujastaq le akʼajol .
kebʼe pa waʼim .
xin loqʼ kʼi wa .
pajun nim kʼacheʼlaj , kʼojun kʼwaʼ sibʼalaj saq loloj , nim uwach .
kwaj katij jubʼaʼ wa .
ronojel winaq kril na ri ukolonem ridyos ».
x kʼoto chin chikiwach chi kin waʼ awukʼ
kwaj na katʼetaj .
la xa loqʼ junalej ?
ekʼo ri e loqʼomanel .
ri ukabʼ ubʼiʼ ri numa ma reyay .
kin j opij rii jaʼ rech triko .
xnaʼtaj chke xeatinik .
xateʼ qilaʼ .
kakitij alan xax riwinaq .
. .. kinbʼij chi arewaʼ sin xiʼ an .
na xin nabʼej ta chutasi kqa kʼolibʼal .
rumal rech chewe ri in, kin chʼaw rukʼ rid y os pa chʼabʼal , kchʼaw na kʼuriʼ riw uxlabʼal rukʼ rid y os , kʼate kʼut man kʼota upatan riʼ ch rech ri nu chomabʼal .
xepetik xkilo .
xuta we ka tʼek .
utz ukemik le pa s chawe .
ri nuw akax xutij jun qʼoqʼ rumal riʼ xkamik .
rumal ri kʼix , man kewaʼtaj riwinaq .
xeʼulik .
qʼeq rij riamaʼ chij .
xraj kaʼel e unan .
junam kijunabʼ .
na qʼalaj taj we kaʼek .
riwixnam chʼaj chʼoj ri rachoch .
waral man kʼotaj ajawal .
na iwir ta xril le kʼamol bʼe .
xin peloq tekʼuriʼ xintzukuj ronojel ri nurajil .
riaj tikonel kutik ri tzij .
kʼo e kikʼajol le achijabʼ .
kutij qʼay es ri ix paʼ ch .
pari waʼ bʼal ekʼo kawinaq achijabʼ .
sip ojinaq ri nupam .
kayaʼtajik rukʼ u tiʼonem jun ri uriqom le yabʼil amolot setsé xuqujeʼ are kayaʼtaj pataq ri juyubʼ .
jachin ria chi ?
ri numam xkamik aretaq kʼo jumuchʼ lajuj ujunabʼ .
kin kowinik kin kʼambʼi le pwaq .
kinwilo chi utz riaj iʼ .
xin qʼil ria poʼx che man kachakun taj .
kwaʼ chi uwach le taqʼaj ri am aʼakʼ .
ri i mul xepoqʼik pajun ikʼ .
xkʼis kanoq riqa chak .
are ri ali xoj ilow kanoq .
sibʼalaj chʼuʼj ria max .
kʼo nuw achiʼ .
in chajinel kech le akʼalabʼ .
xekosle tzʼiʼ .
kin bʼe na kukʼ ri molaj .
ronojel aqʼabʼ kiny itzʼ riwakax .
karapinik xutzukuj chi jun awaj .
le ukemik le pasaninaq (awumal ).
maj urajil le qʼabʼ arel .
kʼax riʼ ri kachʼawik .
xo jutaq chiʼj le achich uloqʼik ichaj .
sibʼalaj kʼax ri xkʼul maxik .
xkilo chinak inkʼoxom aj taj .
xnaʼtaj chkechixe atinik .
x kʼoto chin chikiwach chixoj alwoʼqa kukʼ .
jun qʼuʼq rajil ri kaxlaʼn wa .
xinwilo chi xeʼelik .
ekʼo ixoqibʼ palekʼay bʼal .
man kʼotaj ukʼisik ri mayabʼ aj la bʼalil .
ri sin kkʼiy pataqʼaj .
ri chʼim a man kkʼiy taj pataqʼaj .
rajawaxik kji kik ri waqän .
kawaj kin ʼek .
ekʼo oxibʼ akʼ.
xubʼij chwe jawi atkʼowi .
chweʼq kuj bʼeʼ pamuquj .
pasaq kʼa jaʼ kbʼan wiri uq .
xoj kisikʼij .
xinwil wibʼ .
chaqʼ chik riwa.
kim bʼe na ka pale woʼch .
kawaj kin ʼek .
ri chʼuʼk tij rukʼ lej .
pari kiqʼij kaminaqibʼ kbʼan qʼo ri kʼyaʼ rech aj : nabʼe ri nan kutzukuj kan riaj , kujachʼoʼ xuquje kukʼeto .
jas kajbʼal chanim ?
utz uchomanik ri ali .
pari qʼij ox lajuj tijax kinkʼis kebʼ junabʼ kin chakun waral .
sibʼalaj ko , ri kʼakʼ chʼat .
jas karaj kubʼij … ?
ri chʼichʼ kasila bʼik .
pa ojer qʼalpul xaq xuwiri nim winaq kekʼamow bʼe .
le ukunaxik le ukabʼ ukʼutunik are rukʼ eflor nitina on utunibʼax ik le nifur timo x chiʼ le flor nitina chech t . b.g.
are ria chi xinchʼayow ik .
junachi ubʼikuʼ xusipaj kebʼ kʼaʼm ulew rech kabʼan ri tijobʼal , kamik , kʼo chikaj tij rech rikomon xechpup .
xumalt yoxij che riaj tij ronojel le xukʼut chiuwach .
pari bʼe xkiraq junalaji mul saq rij , xkikʼam bʼik .
xril le bʼal eala .
jas kubʼij chwe ?
le ukunatajem are rukʼ utzukuxik le uchikopil pajun usolik uxeʼ le kikʼ on le jaʼ rech jun nodo .
utz we nutzʼiʼ .
jeʼ , tajin kachaponik .
kinuloqʼoj le nutat .
kawaj kim bʼe patinamit .
arelaʼ kinchakuj .
ri nim aʼq taq winaq kʼo ketaʼm abʼal .
weta xat bʼe wukʼ pale tinamit , xa loqʼ ta waʼ we jastaq .
riki kʼaslemal . waixim ulew xa jun chima areta tinimit rima
ri ukʼ yabʼal naj upam .
xatqaj chiupam ri il .
nojim kat waʼ ik .
we kʼojun ktuq aʼ ri k , ¿la man xoqujeʼ taj kintuq aʼr ri in ?
ojoj w okol ja .
awas kbʼan kʼax che jun nim winaq .
xinchʼaw apan rukʼ le wa nabʼ .
kʼax ri upam ri juʼl .
tajin kewaʼ ri i mul .
la kaj la kuj tzalij la aninaq ?
rumal rech cheri makaj man kʼota ukowinem piwiʼ ri ix: ri ixman ix kʼota chichuxeʼ ri pixabʼ ,xane ix kʼo chuxeʼ ri sipanik .
nim raqan le cheʼ .
xinchapo .
are le tuʼ r le loqʼomanel .
xas kat kʼojiʼ chiupam ri chʼichʼ .
sibʼalaj nim raqan ri kʼamal bʼe .
letzʼibʼ abʼal wechin .
in xintoʼw la .
xa je kʼuriʼ ri ix kamik riʼ man ix kaxlan winaq tachik ; ri ix , ix rech ri kitinimit ri et yoxlaj taq winaq , ix rech ri rachoch ridyos .
xintikox laj kʼalichaj .
kaqariq qibʼ chweʼq .
sibʼalaj utz che riwiʼ aj rituney .
we na jupulik ta xeqajik . ..
xintoʼtaj cheri nuchak .
kʼojun chik op ubʼiʼ pum .
poqon ri ik .
xojbʼinik .
xuchʼek ronojel le retam anik x paqiʼ kkʼax kwʼin ik xubʼan aj kun .
kel ubʼik pari judeʼa e ktzalij chiubʼi jumul pari galileʼa .
xina xibʼij pa bʼe .
jeʼl kʼolem chi awachoch .
ronojel ri yaʼtalil pawe qʼataj , tzʼaqat kiwach , man ktzaq ta kanoq xuqujeʼ man ktastaj .
xukunaj le yawabʼ le aj qʼij .
chi tat abʼej jasle kim bʼij .
chʼa nal ria chi .
p abʼo koʼ kachakun wiritax .
uj kʼo pauwuq qʼij .
kiʼ ri ukabʼ riaqaj .
kʼo rachalal pa tzʼoloj cheʼ ri peʼl .
xkilo chik inkʼoxom aj .
ri ukisakʼ utz kyaʼik chi uxeʼ ri tikoʼn .
aretaq chiʼ kaqʼan puwiʼ ri jukubʼ , ri achiche xkʼojiʼ ri itzel uxlabʼal rukʼ , kutach rech riareʼ,a rech kkʼojiʼ rukʼ riareʼ .
na kabʼantaj ta wumal .
xnaʼtaj chke xeatinik .
xinpaj ri nutriko .
xeʼok ripokʼ pari ume xa ri poʼx .
kajuluw ria qʼaʼl chi uxeʼ ri tʼuʼy .
awech le ja .
xuj bʼe pa tzurik .
nabʼe xa topanik .
ri ukabʼ ubʼiʼ ri numa ma reyay .
uwaj xaq ukakʼal taqanik (28) .
ma ta kʼojun kakanaj kanoq , qonojel koj bʼek .
enim aʼq le altomabʼ .
nim uwach rip oʼt .
kojonik pari utzij wa ixim ulew .
jas xukʼambʼi le tzʼiʼ xa wilo ?
xinpetik , tat .
ri bʼe laj uwach .
chitat abʼej jas ri kim bʼij .
jeʼl kunaʼ ria bʼix chiupam ri ququlew .
kinbʼisoj uwach lewal .
xu tʼuyubʼaʼ .
nim ri awe qeleʼn xariqo .
xineʼ waʼ oq .
chiʼ kewarwi le akʼalabʼ .
ri nu miʼal xutaq loq jun taq oʼm wuj chiwe .
qʼeʼlik , richaj pari bʼe .
la utz awach ?-utz malt yox , e kʼuri at ?–utz malt yox .
xin kos rumal nuchak .
kbʼe kukʼ rieʼareʼ e ktzalij parinas are te keʼunimaj .
rijoj xukʼam bʼik ria kʼ .
kʼo chi wachiʼl chanim .
kubʼij chech naʼl kabʼan cheri atzʼibʼ .
e. .. in kawaj katzjoj bʼi la chwe .
mata xinya j le ali .
jachin rukʼ kat bʼe wi ?
kʼo sibʼalaj etaʼmabʼal pari mayabʼ noʼjibʼal .
e man xo ri jupu qkej .
kasumum ri kaqiqʼ .
ekʼo kajibʼ akʼalabʼ pale bʼe .
jeʼ jas ri utatk kaʼy ik .
xaq at molonel tzijtal .
le nutat ka loqʼ on chwe .
xaqta ne kim bʼe iwukʼ .
xretaʼmaj uchʼajik .
rumal laʼ xkoj “ xal qʼat ” che ubʼiʼ rikomon .
are le ukemik p as xretaʼmaj .
ri wa tiʼt kubʼan na ri upatan .
kʼakʼ le poʼt .
retaʼm uwach jachin xloqʼow rip as .
ken chʼabʼej le akʼalabʼ .
yaʼtal chaqe qonojel riuj winaq utz kaqil qibʼ .
xkotiʼ paqʼay esxoqʼ ik .
kawinaq bʼe lejebʼ qʼataj .
ekʼo kajibʼ ral ri i mul , jun saq , jun qʼan , jun qʼeq , jun qʼeqoj , sibʼalaj ketzʼanik , kechʼopin ik ri alaj taq i mul .
k cholol ri achachal .
ketekik ri ikʼ .
xepetik rech kewaʼ iwukʼ .
tza tz ri uqʼanil ria kʼ .
xoj tzalij ik xixeʼ qa qʼat uj kukʼ le itat inan .
ri yoʼx taq akʼalabʼ kekikʼux ri atzʼyaq .
we a chiwe xusipaj jun poʼt chwe xkamik .
kkowin ri kunanel che kunanik .
xji qʼ pari p olow .
xa rumal sibʼalaj rajawaxik le loqʼalaj jaʼ , lewinaq xkibʼij : chewe ikʼ riʼ qonojel kuj bʼe che utikik taq cheʼ .
ri unane ri e rachalal kepe uloq rukʼ riareʼ , kʼa tekʼuriʼ , man kekowintaj keqibʼ ukoq rukʼ , rumal rech che ekʼo sibʼalaj winaq .
rumal rech , che man kʼota jun kkowin che ukojik jun tikibʼal il chik chuwach ri kojom chik che are rijesus kristo .
tekʼuriʼ xutzʼibʼaj ribʼ pari nimalaj tijobʼal rech aj kuʼn .
kajuluw ri chʼumil chaqʼabʼ .
kʼisbʼal kanoq , xoqujeʼ kkamri ixoq .
le ala xokik .
kʼo pwaq pauwiʼ ri mexa .
are kawaj na kinʼetaj .
riyawal kukoj ri ali chi uxeʼ ri chakach are usuʼt .
na kaqakʼam tuʼ bʼi kamik .
riaj tij kubʼij chike : rajawaxik keqachajij ri awaj , are utikoʼn riajaw .
xintij mukun iwir .
kʼax le uwiʼ taqlen uqʼabʼ .
xin loqʼ jun ilbʼal wibʼ .
waʼ we qʼij , nim ubʼantajik .
ri uxeʼal riqa tinamit man kasach taj .
xojbʼinik .
riachalal junam kiwach .
xin wetaʼmaj rilik wibʼ .
nim ri unaʼoj waj tij .
mi qʼin ri kʼul .
aj qʼojom ria teʼk .
che lesanik cheʼ kbʼan wiri qʼojom .
kape le awel pa nawal jaʼ .
ri mesonel tajin kchakunik .
utz chaqe kaqatoʼ qibʼ , taq kʼo kʼax kʼolil , kate we chiʼn riajaw pa qawiʼ .
xawilo , xqʼatan le i bʼoy .
xatkowinik xabʼano .
kiʼ rikʼaw ex .
kajil il ri bʼe .
le alixel bʼik .
areʼ xraj xinbʼano .
nim we abʼ aj .
jeʼli kutiʼjo lal ri saq koʼr .
nojinaq ri kej .
we katijan xux man kat utoʼta chi uqʼatixik le kʼakʼ yabʼil coronav irus ( 2019 -nc o v) .
na nim ta raqan waʼ we cheʼ .
utzalaj ajchak , ri wel .
¿jam paʼ kuj bʼe panimaqʼij ?
rajawaxik tane laʼ katchakun wukʼ .
xutaq chiʼj pa waram pulew .
man areta riaxwan xelik .
riaw ix xuloqʼ rachochre nimal .
are ri ixoq xinsikʼin uloq .
ri chʼim akʼat ʼon na .
la xibʼan le ichak ?
kʼi tinamit ekʼopa chʼoʼj .
kʼoju puq chij chi uxeʼ richeʼ .
ri uxaq riabʼix are uwarik ej .
kawinaq qʼataj .
la ki xpe pa tijobʼal ?
we kechajix taq le kʼwa jacha kinbʼij ; junalik kʼo jaʼ xuqujeʼ sibʼalaj saq loloj .
xretaʼmaj .
ri alabʼom ri alitomabʼ tajin kikitijoj kibʼ rech su taq , are kakaj kikibʼan nim aq achijabʼ chupam ri ki kʼaslemal , xuquje kʼo chik jupuq bʼixonel chupam rikomon .
la tzʼ uwachri bʼe .
kʼakʼ ria chʼichʼ .
qonojel uj , uj mayabʼ taq winaq .
nojel qʼij ria tiʼ xkuyuqʼuj le taqaw aj jelaʼ panikʼaj jaʼ , chirij ri juyubʼ ubʼiʼ tenaʼ .
paqʼom chik risiʼ.
kin tzukun che la .
kakitij le kinaqʼ , le ichaj , le uwaʼlik rukʼ lej .
xekanaj kan le ajchakibʼ .
ketikon ri achijabʼ .
sibʼalaj itzel ubʼantajik ri chʼila kan .
ria teʼk xumalt yoxij che ri ratiʼt , rumal riutzalaj noʼjibʼal xukʼut chech .
k kamulix uchak ria bʼix .
la xinutzukuj le tijoxel ?
areʼ kachakun ronojel qʼij .
le ekʼaʼna taq tzʼiʼ .
saq rij rip la mux .
jas xa qʼiʼo xatijo .
jas rukʼ xkichap wi utijik le ri kil ?
we katat in rukʼ kʼatan jaʼ man kuqʼatej ta le kʼakʼ yabʼil coronav irus .
la katbʼin pale uxlanbʼal ?
la waral kʼux ix waʼ wi ?
are le nutat kin loqʼonik .
tajin kchakun ri ala .
kʼo ri kiʼ kot emala wukʼ .
xuta jachin kaʼek .
xatw aʼik xinwilo .
xtzaq ri rachoch rumal ri jabʼ .
pale jun ikʼ chik are nima qʼij .
ekebʼäm kebʼin pauwiʼ ri tem .
memria chi .
riwikan cha liʼy kel pajuyubʼ ch wi tziribʼal .
le rajil , la paja xelaqʼax wuʼ bʼik ?
pari suʼt pisom wirilej .
kojpetik kol qa kʼamaʼ .
tajin katchʼopin chiuwachri taqʼaj .
le qʼor xchʼuqik .
kʼax waʼim a wumal .
kinbʼison che lewal .
sibʼalaj kʼokʼ ri awatzʼyaq .
kamik xuj bʼe che utikik taq cheʼ pari juyubʼ .
kinuloqʼoj le nutat .
chaqiʼj chik richaj .
xyilix hawayi .
na xnaʼtaj ta chkechi xeatinik .
rukʼ kʼuwaʼ we riʼ, ri ix kkʼojiʼ jun utzalaji kʼaslemal riʼ chkiwach ri winaq che man ekʼota iwukʼ , kʼa tekʼuriʼ man kʼota jun winaq riʼ rajawaxik chiwech .
e petinaq pa bʼe le rachalaxik .
kakaj le akʼalabʼ kewaʼik .
xuj chʼaybʼik .
ri nuchak are qʼaxel tzij .
kʼo na ruxlabʼ ri awaj .
tajin kel loq , ri qʼij .
x uqʼiʼo xkamsax ri rachalal choch .
ri numam are kʼo uqʼinomal .
xkʼul mataj jumul , xubʼan jun nimalaj jabʼ , man xbʼey etaj ta na xukʼis le uyuqʼ chike .
a maʼ ri nutzʼiʼ .
jewaʼ katpetik .
xinkosik rumal xin chakunik
iwech chi jujunal , ri wa .
xuqʼiʼo na xatat in taj .
inriq tajinaq pari kʼayibʼal .
na wetaʼm taj .
kʼax le nuqʼabʼ .
utz le xubʼij lea chi .
kem atzʼibʼ .
kʼo rachalal pa tzʼoloj cheʼ ri peʼl .
ronojel waʼ we jastaq riʼ,xas ksach wi uwach waʼ ; rukʼ we riʼ, riix , rajawaxik che kʼojun t yox laji kʼaslemal e kkʼojiʼ ri i chʼawem rukʼ ridyos ,
xmuq taj ri patzʼan .
ri chʼichʼ tzijom kanoq pari ukʼolbʼal .
man kʼota ucholaj pataq ria wuj .
ja chike ikʼ le unimaqʼij le tinamit nawal jaʼ ?
xepetik xol kikʼamaʼ .
kachuqʼ chut ri jaʼ chiapam .
xinbʼij iwir chi xebʼe paar mita .
areʼ uxeʼ ojertzij waral kʼicheʼ ubʼiʼ .
xkʼis ri nusiʼ .
jawi xkibʼij wi chikeʼe wi ?
¡ xaj ekʼuriʼ , jachin taq ri ekʼo pari judeʼa , chi chanim che ʼanimaj ubʼi pataq ri juyubʼ ,
kʼakʼ riabʼ .
la kʼojun na kakʼoxom aj taj ?
na utz ta le utʼisom le almar iy .
man yaʼtal taj chiawe katok paja .
jeʼ , xat utzukuj .
are kel waj xaqibʼ uqʼij ri xkʼojik .
ri xunkur kkʼojiʼ pataq ri triko .
xinsachik .
xutʼuyu bʼaʼ
nan utom tale tzij …
wachʼom ri kiwari noʼs .
ekʼo jobʼ chʼilwakʼ .
rajawixik chi pataq ri tijobʼal , panikʼaj ubʼixik chik
ri rajaw rulew areʼ tat kel .
we kʼuxokik , we kʼ na xokta
we achi xusipaj jun p ʼot chwe .
atat utaqoʼn leqʼat altzij .
na qʼanta uwach le qa p rut .
ri xaʼ r kʼo pauwiʼ ri qʼaqʼ kpoqʼowik .
ri roqʼej ri alijacha kpe junakʼal .
kʼojun ala pa tijobʼal .
säquwiʼ ritataʼ .
ri wi tz ikʼ tajin kpeloq .
jawi xsachon wi kan uyaʼik le pwaq che .
utz we a chiwe xin kunanik .
qonojel kuj waʼ pauwiʼ ri mexa .
ri kaxlaʼnik man poqon taj .
in xinbʼe rukʼ ri wachiʼl .
sibʼalaj jeʼl xkilo xe kitzoqopij ri kichij chilaʼ .
kinbʼinik xinʼek .
kʼax kʼolik , kachaʼ .
kutij ixim ri akʼ .
ri alix chel , x uqʼiʼo xa junakʼ xsipax che .
xqasikʼij le ixoq chutzakik subʼ .
mata xa bʼinsaj le chʼichʼ .
ripixtzʼa ralik rumal ri eqaʼn .
¿jam paʼ kel chi 3%
kʼojun nu kʼotoj chiʼ aj .
tajin kewaʼ kat ri alabʼom .
xin loqʼ le nukʼ akʼapoʼ t .
na utzakik tas ubʼ tajin kuʼ ano
xojutaq chiʼ ij xoj waʼ ik .
iwech riabʼix .
saqrij richij .
aj sik che ri tinamit kel wi ritataʼ .
- ¡ay ! xa xintzaq uloq ,kʼax we waqan .
xkʼul mataj pajun komon chiʼ uwach jun juyubʼ , xuriqa jun qʼij xkiriq kibʼ junimul rukʼ le kok .
jas xa taq chiʼj le akʼalch utijik ?
xinchapo sux uloqʼo .
qʼinom ria chi .
ri kʼum ktijow rukʼ kabʼ .
tajin keja chʼanik .
tzebʼal ukemik le pa sa wumal .
are kayoʼw le uchikopil le ubʼantajik tr y pano som abr uc e i .
we kat nimanik utz kelik .
per o noʼjimal petnaq loq , .
are le nuchak jun tzuqbʼal wibʼ .
xkunax le yawabʼ rumal le aj qʼij .
ri ukʼuʼx tzʼibʼ paqatzij e lajuj .
sibʼalaj jeʼlik ri eqabʼal xubʼan ri luʼ s .
sibʼalaj atkon .
e man xo ri jupu qkej .
na xnaʼtaj ta chke xeatinik .
rikʼamal bʼe xubʼij chike , chi maja ria nim .
jumuchʼ ri nujunabʼ .
qʼip tajinaq ri raqan ri tem .
kchakun rukʼ rijosbʼal cheʼ riajanel .
xataq chiʼj le akʼalch utijik kar .
oj kʼo pale roʼch le awel .
¿la kat pequkʼ chweʼq ?
lewinaq pale chʼichʼe tʼuyul lowi .
xkanaj kanoq chi uxeʼ rijabʼ ri chʼaʼn .
nim ri ja .
weta xa kunaj le atat mata xkam laʼ .
na nukʼamom tuʼl ariʼ .
chqa nukʼuʼ riqatzij .
kim bʼe pale tinamit .
xin qʼiʼo na xinat in taj .
rajawaxik kakʼa man chawe le utijik le lej .
kʼisbʼal taq noʼjibʼal .
xineʼ waʼ oq .
xkibʼan kʼax che le uw osaq rumal man utz ta chi kakayik .
ri qʼut uʼm man kech ta le akʼalabʼ .
are na nim tale atzʼiʼ chuwach le nutzʼiʼ .
xepetik xol kilaʼ .
¿jaw chiʼ xataʼ che xkam ri umam ri poʼx ?
e kebʼ kekʼambʼik pa tuj .
xin loqʼ jun ja pariw okaj ja .
ria xtuʼ bʼ , kʼoqulaj chech .
jas karaj kaʼ an ch utzakik le tiʼij .
xutij le wa .
ximbʼal re tzij .
xpax ri bʼoʼj .
we kawaj kat in toʼo xaq xuwi kabʼij chiwe .
jas nukʼu kuchʼobʼo .
jas karaj kutijo ?
xex ruxlabʼ ri rikil .
enitzʼ aʼq le taqim ul .
wetanein xinbʼanow ik , arelea teʼk xbʼanow ik .
kin tzalij pale nu tinamit .
ri nu chaqʼ kʼo pauroʼ qʼatoj tijonik pari tijobʼal .
xin xiʼj wibʼ xinchʼaw ik .
kʼo chwa roʼch le pare .
chi raqan kabʼinwi ritataʼ .
xsachon kan uyaʼik le pwaq chech oj a .
xinqʼax chi kixoʼl riwinaq .
ketikonik .
ri ulew man qech taj , kech riqatiʼ tqamam .
xepe lewinaq xol kikʼamaʼ .
xuloqʼ ri wuj rumal ri ali .
chewe qʼij kamik kʼojun nu tzijonem chirij le nu tinamit .
kej riʼ.
xkunan alaq chwe .
kinusikʼij le nunan .
rii mul xuchʼij taj , xkanaj pa bʼe , rumal ri nimal kujal uj rii mul , xutzaq ri anim .
kubʼan ri uxoqʼoʼl riaj tzʼaq .
ri la sibʼalaj utz che kunabʼal .
kʼi kiwach ri eʼaj chakibʼ pari komon t yox , kʼatekʼut xa jun chi ajaw xel ;
xqata chi xa tulik .
kawaj chik atʼek .
chʼutiʼn kekanaj ri xajabʼ chech .
kaqaxiʼj qibʼ kaqachapo .
ekʼo kebʼ ukʼajol le tat xwan .
luʼ su bʼiʼ ri recham .
aj chi uwiʼ mi qʼinjaʼ ri luʼ .
xin yakan le nuchim pa kʼaybʼal .
kʼate xrilo , xpe ri unan che utzukuxik , x kikotik , xusal abʼisaj ritaq ux kin .
xkikʼut chi uwach riaj tij xuqujeʼ chikiwach ri taq nikʼaj kachil .
utz le nuqʼabʼ .
kul le a lweʼl paaustin chaqʼabʼ kamik .
ria teʼk xtzaq loq are chi kʼo pauwiʼ ri qʼaʼm .
aj patan ri teʼk .
xatqaj chiupam ri il .
la kʼo tzij na kikʼoxom aj taj ?
xsachon chke chi xeatinik .
ronojel le ulew e chalaq .
la xebʼe kʼulaxeʼ ki jaqa kʼule uchiʼ ja ?
xaq katchʼok naj iwir .
kamik kʼo chi rijastaq a we .
are chiʼ kakʼis ri junabʼ kʼo qʼinom .
pa nawal jaʼ xin alex ik .
na xintat aj we are riakʼal ki xtzuquw ik .
¡ rulew ri sabʼulo ne rulew ri ne ftali, ubʼe rip olow , rulew ri jord an, galileʼa kech ri jetaq am aqʼ !
rax , rax , rax , kʼokʼ , kʼokʼ , kʼokʼ le ruxlabʼ le taq tikoʼn .
a chi xa twilo .
paqal rajil le pixkamik .
xojbʼinik .
pajun jeʼl tijobʼal kutijoj ribʼ junakʼal , ubʼiʼ poʼx , utz kurilo kepa tijobʼal ronojel taq qʼij .
xwaj chi xa tʼetaj .
utz laʼ le xubʼij le a chi .
wetaʼam jachin kapetik .
kin qʼojomanik .
xinqʼiʼo ta kʼalik xinpetik .
areʼ retaʼm che kinopanik .
areta bʼal eqa qajaw chat toʼw ik .
kawinaq waqibʼ qʼataj .
naqaj chik cheri uwaq kajbʼal aretaq chiʼ ksach uwach ri qʼij , kok ri qʼequʼm chuwach ulew , chi kʼateʼ na ri bʼe lejebʼ kajbʼal .
jobʼ raqan ri tzʼalam xeporox ik .
sibʼalaj korij ri mop .
arewaʼ .
jelaʼ pari timinit ch wi kab yok rech xelajuʼ, le qa nan qatat kakitiko jeʼlalaj taq uwach ichaj .
kʼaxnuq ul .
xuʼl ukʼam aʼ .
kojul kitzukuj .
are man kʼaxta ukunaxik aretaq aninaq kaʼilitaj we yabʼilal xuqujeʼ mojoʼ qa kuyaʼ le kʼax kʼolil chech le jolomaj .
ri wel kʼopa tijonik .
kawaj kinbʼij .
ri kotzʼiʼj kqakoj chiupam rija .
qʼeq qʼoj rij riamaʼ kej .
na xwaj taj xinchʼaw ik .
chpe tabʼal e loqʼalaj jabʼ .
xsachon chke xat kisikʼij .
eleqʼal chʼichʼ .
jachin xa wilo chi are xtijow ritiʼj ?
ma tak abʼe le nuxbʼal pale tinamit .
pim ruq, ri ali .
¿ kʼorim uqʼe chiawech ?
kqabʼij man kekowintaj .
kin tijna .
kʼojun qatʼuʼy paja !
kʼo puj chiupam richʼaʼk .
aretaq kin kosik kinwarik .
xatw aʼik xinwilo
in xin chʼayow lea chi .
konojel ri alaxik keʼ etzʼanik .
jas rukʼ xkitij wi le kirikil ?
aninaqil katpetik .
na ra xta uwach le juyubʼ .
ri tzʼalam tzʼibʼ abʼal rax kkayik .
we chat chakunik , kʼo awa.
maʼtam xa t pecheri waʼim .
kamul kin waʼ na .
ri sikil ktijow rukʼik .
kim bʼe aqʼan rukʼ le al talin .
xojʼek xeʼ qil alar qasok .
xe kiqʼil le ajchakibʼ xkiw okle ja .
ma tane xwaj le kʼuhjnem rukʼ le a teʼk .
are xeʼopan chiuchiʼ ri juyubʼ , xkilo chiman qasta kʼoqʼay es .
kʼate kʼut , rijesus man kkojonta chkech ri eʼareʼ , rumal rech che konojel retaʼm kiwach ,
paʼ tzrij ritzʼiʼ .
juwinaq waqibʼ qʼataj .
at elaqʼom .
xaq at joʼs .
riqʼat zu , are qʼalaj ri uqʼijil .
ajchak we ala .
ubʼe lej ukakʼal taqanik (29) .
kebʼ nubʼiʼ kʼolik .
la katzalij luʼ la aninaq ?
katzukun la chwe .
la kaj la koj bʼeʼ pale chomal chweʼq ?
xin nabʼej chutasi kqa kʼolibʼal .
lal xintoʼw ik .
sibʼalaj a noʼjibʼal .
xojpetik xol qa kʼamaʼ .
sibʼalaj jeʼlik ri uwaʼl ri ichaj .
kʼaxwij rumal in p achalik .
aretaq xukʼul maj waʼ xul ri uchomanik xubʼij : are utz wa aqʼabʼ kinwalij ik , are chaʼ chanim kinopan pa tijobʼal , maj chi kinkʼulmaj .
ojaj xo jolobʼ pa awas qʼij .
xinsach che le uw okik le tzij .
e julajuj ria kʼ .
xuta jam paʼ koj ʼek .
qilik .
ri tijoxel man areta nim chuwach ri raj tij . ri utz tijoxel qas jeriʼ kʼolik jas ri raj tij .
in xatin chʼayo .
noʼjim chak wumal .
chʼ urrijo chʼ.
in kinbʼij na katsach taj .
uj mayabʼ .
riabʼ aj yatzalik .
tajin kepixbʼax ri akʼalabʼ .
chom ria q .
xinwarik .
elemen konojel ri akʼalabʼ .
tajin kqʼanarik ri we reʼ aj .
le ukemik le pa sutz (cha we ) .
xuyupu bʼa uwach raʼ chi, kachaʼ, .
ri satanas kok pari judas ri kbʼixis kariʼ ot ech rech , riareʼ jun ch kixoʼl ri ekabʼ lajuj .
chu chu ri par .
kin qumuj ri nujochʼ .
chech p unción lumbar am aqʼel rajawaxik chech rilik le ukʼexbʼem wi le nabʼe rukʼ le ukabʼ ukʼutunem le yabʼilal .
qʼalaj china kawajtaj kabʼij .
kʼoqʼol chirij risiʼ.
jawi xojʼewich uloqʼik ?
kʼo ulochʼ ritalin .
qʼan rij ria tiʼtnukej .
la xtzalij la iwir ?
xesikʼixik , kʼa tekʼuriʼ xeyajik ,xuqujeʼ xetaq bʼiche usikʼik lemes .
lak ix warik ?
are kʼule pa lo max xubʼij che :- mam katbʼison taj , kinsikʼij nikʼaj wachiʼl kerapapik .
aʼre e tijoxelabʼ .
ri alaj ali siʼl xubʼij xqachap pa utzal rityox .
xsachon chke jachin xeatinik .
jas xurayij leanan xutijo ?
xinkosik .
rax ronojel riqʼay es rumal le jabʼ .
kin yawaʼ we chʼichʼ pinem na utz .
noʼjim upachʼuxik le nuwiʼ .
naj kʼowi le woʼch chuwach le tijobʼal .
ri okibʼal kʼo chi uwachri saq ja .
xe nutaq chʼij kekil le akʼalabʼ .
kʼojun qʼoxowem chiwe .
tz a ri choʼm .
we choj bʼe pale nima qʼij , keqil le aj xojolobʼ .
xojʼek xeʼ qil alar qasok .
ria teʼk xutaʼ chech ri nan toʼn :- nan jas cheʼ chiman kajta la qakʼat isaj rijoʼ q.
ri pal sibʼalaj xuʼy .
kin koj rij okbʼal ulew .
in kinbʼij na katsach taj
at raj kun le nu nan .
kuqamuju joron riaj tzij .
luʼ tzʼalam ubʼiʼ ria chi kel pa nim cheʼ .
jeʼli kutiʼjo lal ri saq koʼr .
kʼojun xaʼr paja .
xin loqʼ jun kʼakʼ patan .
kʼax ukemik le pa sa wumal .
aninaq ukemik le pa sa wumal
ri chʼaʼn sachinaq pataq abʼix .
rax taqle kotzʼiʼj .
mesom kanoq ri upam ja .
man aretar ala xkosik .
rikomon xechpup rech uqʼabʼ tinamit xoʼlabʼ aj rech qʼumar kaj .
la utzakik kʼusubʼ tajin kuʼ ano ?
katel a !
na xutij taj .
xa rumal ketaʼm konojel riwinaq kkiqumuj le jaʼ .
iwir xuj tzalij la pakʼay bʼal .
qetaʼm che riqa wakuj utoʼo .
riaj tij, kyaj on chikech ri akʼalabʼ .
jas ubʼanom le nu chʼut itat ?
chweʼq kin bʼe panim tinamit .
utz we kiwetaʼmaj jas kubʼij ri cholbʼal qʼij .
tajin katji low che uqʼoxom jolom aj .
xintik qʼax chi uwach rija .
kʼax le kibʼe lewinaq .
loqʼ katkun taj che leyabʼil (covid-19) .
ri nuxibʼal kel paqajbʼal qʼij .
xril riaxwan chix waʼ ri ala .
le alix kunatajik .
weta kape lejabʼ kamik .
xin wetaʼmaj china xat pe taj .
ri pwaq rech we qʼataj riʼ kesax chech ri tojbʼal kʼayinem .
ktij ri uwaʼlik rumal ri ki nima qʼij .
xuchapu kunaxik .
chat anloq ali .
xin xuliʼ qajoq .
jeʼli kktijow ritaqik ox .
kʼatekʼuri letat xoʼr xubʼij , man kawajtaj , man kawajtaj .
kʼojun tzʼiʼ pa bʼe .
kamul xinpe chea tzukuxik .
man tajin tak in chakunik .
kin chakunik rech katwaʼik .
jas rukʼ xawilwi chi xkiqupij wi letiʼj .
jas ubʼixik … ?
koqʼ riakʼal .
kawaj na katʼetaj .
xat qʼaj ik .
we m na cha loqʼaxiyal , na kim bʼe ta awukʼ .
xopan le wuj awukʼ rumal we chin .
are kʼut pale juyubʼ kkʼiy joron, chilaʼ xekikʼam a wiri jaʼ riwinaq .
koqʼ riakʼal .
we kʼo a rajil chakʼam aloq .
are sibʼalaj kaq le ap oʼt chuwach le nup oʼt .
xin kʼastaj pa kabʼ lajuj kajbʼal .
kaqo yʼej na ki xpe taj .
kok axim ri chij xa jelaʼ man kanimaj ta bʼik .
ri kok nojim xbʼek , xuchʼijo xopan pa ukʼisbʼal illeanim .
xoj kiʼ kotik aretaq xa tulik .
kaqitzʼ naj ri uxajabʼ riakʼal .
rijesusk waʼ kat pari nim rachoch ridyos ,chuxeʼ ri jun jache rachoch ri salom on .
wetaqanik riʼ kubʼij chi rajawaxik kyaʼ uqʼij ri winaq xuqujeʼ ktoʼ aninaqil .
ria xux are na ri ukunel ri kinaqʼ .
aretaq waʼ ri uqʼijol wetaqanik .
kʼojun tabʼal pauwiʼ ri xkan ul ubʼiʼ lajuj noʼj .
yuʼl ubʼanom ri ukolobʼ rikej .
xanimaj riakʼal chi uwach ri uchuch .
kkunan ria chi .
kinwaʼik rech na kinyowaj taj .
aj xik chʼichʼ ri luʼ s .
kwaj che ix ki xbʼanow ik .
aʼre xetoʼw alaq .
xojʼek xeʼ qil alar qasok .
xin loqʼ jun chʼichʼ , qajinaq uwach .
kutʼis ri p antalon .
e jani pale awal kʼwal e kʼolik ?
utz ukemik le pa s chawe .
ri max are aj qʼaniyaʼ .
matabʼ achiriq kʼax pale bʼe .
tajin kanimaj , rimeʼs .
ix ix eʼlaqʼom abʼ !
xsachan chwe .
ekʼo kʼicheʼ , chi uwach rijuyubʼ .
arewaʼ ri nimalaj pixabʼe arewaʼ ri nabʼe .
xretaʼmaj chi rukʼ pa kʼ kutij wi
jas utzakik le subʼ xuʼ ano ?
aj xoʼy riwikan .
weta ne aʼre xetijow le ri kil , are lekomon xetijow ik .
sibʼalaj aninaq kachʼaw le areʼ chinuwach in .
utz we kinchakuj .
meʼs laʼ .
kʼo kan wa rech kaqatijo .
xinsikʼij la .
riakʼal xsach kanoq jelaʼ pataqʼ aj .
xesikʼij la .
jawi xkibʼij wi chikeʼe wi ?
rumal che , man ix ta riʼ riki xchʼawik , are ri ruxlabʼ axel ri itat riʼ ri kchʼaw na iwukʼ ri ix .
kʼakʼ riw achoch .
sibʼalaj utz kinwil le atzʼyaq rech na hu ala .
saq por kkay ri kip oʼtri nan .
xsachon ri nuchak chwe .
waʼim xuchapo .
ri qʼaqʼ tajin kajuluwik .
najil upam ri siwan .
ekʼo ri qachalal pa chi uwiʼ la .
jas xa taq chiʼj le akʼalch utijik ?
noʼjim ukemik le pa sa wumal .
kʼojun kukubʼiʼ tintin, waʼ le laj kuk mam ka jeqitaj , kapaqi kaxulik pauwiʼ uqʼabʼ taq cheʼ , sibʼalaj sakʼaj , keʼuto le e nim aʼq , chʼutin, rachiʼl , aj sipanel sibʼalaj utz ranimaʼ .
ri upixabʼ leqʼat bʼaltzij kiyaʼ ubʼixik .
na xsachon ta chke xeatinik .
xeqil le chikop puwil eja .
xloʼtaj riakʼal .
qonojel kuj waʼ pauwiʼ ri mexa .
xsik irle waqan .
la xat waʼ kʼut ?
nim ubʼaqʼ ritulul .
kin xikʼ ikʼ ik xinqʼaxik .
la kat bʼe pale tinamit ?
ri pal sibʼalaj saqʼ or .
kqʼoxown ujalom .
xin naʼo chi katpetik .
xloqʼ ulew iwech ix .
xin chakun rukʼ ri numam .
na xqabʼan taj .
kkʼojiʼ bʼaʼ ri usipanik riajaw xel jes usk risto rukʼ riaw uxlabʼal !
kin chʼaw rukʼ le nu nan pale chʼawebʼal .
sibʼalaj qʼequʼm rumal ri may ul .
are le b a xulik .
xekos le ixoqibʼ pale bʼe .
kʼax rilik le akʼal chawe .
xin qʼiʼ oxinat in pa joron .
sibʼalaj nim le tinamit .
kʼax ukemik le pa sa wumal .
xinsachik .
tajin kel ukikʼel pa raqan ritzʼiʼ .
xin wetaʼmaj rilik wibʼ
ri qʼuqʼ are jun jeʼl chikop .
kʼopaja tijobʼal ri wi kaqʼ .
ri sachibʼal mak rajwaxik chi qaxoʼl .
jeʼ , kim bʼek .
jela leʼ ri nupwiʼ .
xubʼij che :- jas xabʼano tintin ?
kabʼan jun toqʼobʼ kyak ri nujal .
katʼek xinta .
jasle ukʼexbʼem ribʼ le jun rukʼ le jun chik ?
aj chi uwiʼ mi qʼinjaʼ ri luʼ .
ritijonel naj kpewi .
teʼk ix cho bʼ ubʼiʼ ri nutat .
ri jaʼ ka miqʼik chi uwach riqʼaqʼ .
ri tʼuʼy kpa qʼowik .
kin meson na .
naqaj at kʼowi chiwech .
xinbʼison ik taq na xatpet taj .
we xkam ri winaq , ri pwaq rech tojbʼal makaj kyaʼ chikech ri ralaxik .
ri nunan xbʼe pakʼaybʼal .
xoj ukʼam uloq rech koj rilo
x kʼoto chin chikiwach chi kin waʼ awukʼ .
na xkikamsaj taj xkikʼambʼi cho ja .
kʼakʼ ri ikʼ kamik .
xim bʼe rukʼ le ajkun iwir .
rilik .
le tzʼiʼ xekosik .
xin kikota wumal .
rii mul xumaj ria nim , xuya kan le kok .
kʼo oj che riakʼal .
xuj bʼe pajun kʼulanem .
utz we k waralaq .
kaqilo chi na koj ukʼam taj .
xretaʼmaj chi rukʼ pa kʼ kutij wi .
sibʼalaj xinkʼaʼn arik .
xin kochij rinuwa .
man katkowin taj kat chakunik , we man kʼota ri ajilabʼal .
we w onon xubʼij chike :-ki xinto .
ri ala nim kril wiri umam .
xkaʼy chirij , xkaʼy chuwach , ma kʼota chi jun ksilo bʼik , xoqʼik xuxeʼj ribʼ xchʼopinik xtzalij loq xuriq tachik ri ubʼe .
kʼo p us che riwa .
pinem na kabʼe le watz , kim bʼe wi in pa kaʼyibʼal .
ri nan toʼn nim winaq chik , saq uwiʼ , ronojel aqʼabʼ utz kunaʼo katʼuyiʼ pa utem , kumiqʼisaj ribʼ cho ri qʼij , kʼojun uwiʼ umam ubʼiʼ a teʼk .
man ekʼi taj riqulaʼ .
qʼalaj china kawajtaj kabʼij
xpaq abʼisax rajil ronojel rikem .
kʼo pari jul ri kumatz .
ronojel qʼij kin chʼaj le nuw are .
saq chi kan le ichaj rech katzako .
chu xele qachomal kaqatij wi jun qa meqʼin .
chawilaʼ .
ekʼojobʼ umiʼal , ri nutat .
jas rukʼ xawil wi
jeʼ jas ri winaq rech ri uwach ulew , xoqujeʼ kepena riʼ ri eʼareʼ che e rech ri uwach ulew ; jeʼ jas ri winaq rech ri kaj , xoqujeʼ kepena riʼ ri eʼareʼ e rech rikaj .
xintijo .
ktzʼuj uw ri rachoch ri poʼx .
xuqʼiʼo are le ukʼulel xyaʼo wu wa .
ri awel xretaʼmaj chi rajawaxik man kuxej taribʼ cheri tukur .
jukʼulaj winaq xeʼa nim aj bʼik .
jeʼ , xin tzalij ik .
xojpetik xol qa kʼamaʼ .
maj jachin xʼek .
inaj tij; at tijoxel .
saq uwiʼ ritataʼ .
wechrikem .
le roʼch le a teʼk kʼo chwach le ukʼay le nunan .
kbʼe pari siriʼa e pari silisiʼa, jawi jeʼ kuya wiri kichuqʼabʼ ri komon t yox .
pixabʼ : man utz taj kʼax kujchʼaw chikij nikʼaj qachil .
xkunataj le ali ( kumal ri ixoqibʼ ) .
ri xibʼ ibʼal chi kʼowi pataq riqa kʼaslemal ronojel qʼij .
na kuj war ta waral .
on che kkʼojiʼ ri utzil chixoʼl , are ch junam ri qakojonik , junam ri iwe chi xrukʼ ri wechin .
pa ox qʼij ri saʼn kbʼe na rukʼ riaj kun .
kawinaq wuqubʼ .
jas kawaj kintijo ?
weta xat bʼe wukʼ pale tinamit , xa loqʼ ta laʼ le ujastaq le akʼajol .
kebʼe pa waʼim .
xin loqʼ kʼi wa .
pajun nim kʼacheʼlaj , kʼojun kʼwaʼ sibʼalaj saq loloj , nim uwach .
kwaj katij jubʼaʼ wa .
ronojel winaq kril na ri ukolonem ridyos ».
x kʼoto chin chikiwach chi kin waʼ awukʼ
kwaj na katʼetaj .
la xa loqʼ junalej ?
ekʼo ri e loqʼomanel .
ri ukabʼ ubʼiʼ ri numa ma reyay .
kin j opij rii jaʼ rech triko .
xnaʼtaj chke xeatinik .
xateʼ qilaʼ .
kakitij alan xax riwinaq .
. .. kinbʼij chi arewaʼ sin xiʼ an .
na xin nabʼej ta chutasi kqa kʼolibʼal .
rumal rech chewe ri in, kin chʼaw rukʼ rid y os pa chʼabʼal , kchʼaw na kʼuriʼ riw uxlabʼal rukʼ rid y os , kʼate kʼut man kʼota upatan riʼ ch rech ri nu chomabʼal .
xepetik xkilo .
xuta we ka tʼek .
utz ukemik le pa s chawe .
ri nuw akax xutij jun qʼoqʼ rumal riʼ xkamik .
rumal ri kʼix , man kewaʼtaj riwinaq .
xeʼulik .
qʼeq rij riamaʼ chij .
xraj kaʼel e unan .
junam kijunabʼ .
na qʼalaj taj we kaʼek .
riwixnam chʼaj chʼoj ri rachoch .
waral man kʼotaj ajawal .
na iwir ta xril le kʼamol bʼe .
xin peloq tekʼuriʼ xintzukuj ronojel ri nurajil .
riaj tikonel kutik ri tzij .
kʼo e kikʼajol le achijabʼ .
kutij qʼay es ri ix paʼ ch .
pari waʼ bʼal ekʼo kawinaq achijabʼ .
sip ojinaq ri nupam .
kayaʼtajik rukʼ u tiʼonem jun ri uriqom le yabʼil amolot setsé xuqujeʼ are kayaʼtaj pataq ri juyubʼ .
jachin ria chi ?
ri numam xkamik aretaq kʼo jumuchʼ lajuj ujunabʼ .
kin kowinik kin kʼambʼi le pwaq .
kinwilo chi utz riaj iʼ .
xin qʼil ria poʼx che man kachakun taj .
kwaʼ chi uwach le taqʼaj ri am aʼakʼ .
ri i mul xepoqʼik pajun ikʼ .
xkʼis kanoq riqa chak .
are ri ali xoj ilow kanoq .
sibʼalaj chʼuʼj ria max .
kʼo nuw achiʼ .
in chajinel kech le akʼalabʼ .
xekosle tzʼiʼ .
kin bʼe na kukʼ ri molaj .
ronojel aqʼabʼ kiny itzʼ riwakax .
karapinik xutzukuj chi jun awaj .
le ukemik le pasaninaq (awumal ).
maj urajil le qʼabʼ arel .
kʼax riʼ ri kachʼawik .
xo jutaq chiʼj le achich uloqʼik ichaj .
sibʼalaj kʼax ri xkʼul maxik .
xkilo chinak inkʼoxom aj taj .
xnaʼtaj chkechixe atinik .
x kʼoto chin chikiwach chixoj alwoʼqa kukʼ .
jun qʼuʼq rajil ri kaxlaʼn wa .
xinwilo chi xeʼelik .
ekʼo ixoqibʼ palekʼay bʼal .
man kʼotaj ukʼisik ri mayabʼ aj la bʼalil .
ri sin kkʼiy pataqʼaj .
ri chʼim a man kkʼiy taj pataqʼaj .
rajawaxik kji kik ri waqän .
kawaj kin ʼek .
ekʼo oxibʼ akʼ.
xubʼij chwe jawi atkʼowi .
chweʼq kuj bʼeʼ pamuquj .
pasaq kʼa jaʼ kbʼan wiri uq .
xoj kisikʼij .
xinwil wibʼ .
chaqʼ chik riwa.
kim bʼe na ka pale woʼch .
kawaj kin ʼek .
ri chʼuʼk tij rukʼ lej .
pari kiqʼij kaminaqibʼ kbʼan qʼo ri kʼyaʼ rech aj : nabʼe ri nan kutzukuj kan riaj , kujachʼoʼ xuquje kukʼeto .
jas kajbʼal chanim ?
utz uchomanik ri ali .
pari qʼij ox lajuj tijax kinkʼis kebʼ junabʼ kin chakun waral .
sibʼalaj ko , ri kʼakʼ chʼat .
jas karaj kubʼij … ?
ri chʼichʼ kasila bʼik .
pa ojer qʼalpul xaq xuwiri nim winaq kekʼamow bʼe .
le ukunaxik le ukabʼ ukʼutunik are rukʼ eflor nitina on utunibʼax ik le nifur timo x chiʼ le flor nitina chech t . b.g.
are ria chi xinchʼayow ik .
junachi ubʼikuʼ xusipaj kebʼ kʼaʼm ulew rech kabʼan ri tijobʼal , kamik , kʼo chikaj tij rech rikomon xechpup .
xumalt yoxij che riaj tij ronojel le xukʼut chiuwach .
pari bʼe xkiraq junalaji mul saq rij , xkikʼam bʼik .
xril le bʼal eala .
jas kubʼij chwe ?
le ukunatajem are rukʼ utzukuxik le uchikopil pajun usolik uxeʼ le kikʼ on le jaʼ rech jun nodo .
utz we nutzʼiʼ .
jeʼ , tajin kachaponik .
kinuloqʼoj le nutat .
kawaj kim bʼe patinamit .
arelaʼ kinchakuj .
ri nim aʼq taq winaq kʼo ketaʼm abʼal .
weta xat bʼe wukʼ pale tinamit , xa loqʼ ta waʼ we jastaq .
riki kʼaslemal . waixim ulew xa jun chima areta tinimit rima
ri ukʼ yabʼal naj upam .
xatqaj chiupam ri il .
nojim kat waʼ ik .
we kʼojun ktuq aʼ ri k , ¿la man xoqujeʼ taj kintuq aʼr ri in ?
ojoj w okol ja .
awas kbʼan kʼax che jun nim winaq .
xinchʼaw apan rukʼ le wa nabʼ .
kʼax ri upam ri juʼl .
tajin kewaʼ ri i mul .
la kaj la kuj tzalij la aninaq ?
rumal rech cheri makaj man kʼota ukowinem piwiʼ ri ix: ri ixman ix kʼota chichuxeʼ ri pixabʼ ,xane ix kʼo chuxeʼ ri sipanik .
nim raqan le cheʼ .
xinchapo .
are le tuʼ r le loqʼomanel .
xas kat kʼojiʼ chiupam ri chʼichʼ .
sibʼalaj nim raqan ri kʼamal bʼe .
letzʼibʼ abʼal wechin .
in xintoʼw la .
xa je kʼuriʼ ri ix kamik riʼ man ix kaxlan winaq tachik ; ri ix , ix rech ri kitinimit ri et yoxlaj taq winaq , ix rech ri rachoch ridyos .
xintikox laj kʼalichaj .
kaqariq qibʼ chweʼq .
sibʼalaj utz che riwiʼ aj rituney .
we na jupulik ta xeqajik . ..
xintoʼtaj cheri nuchak .
kʼojun chik op ubʼiʼ pum .
poqon ri ik .
xojbʼinik .
xuchʼek ronojel le retam anik x paqiʼ kkʼax kwʼin ik xubʼan aj kun .
kel ubʼik pari judeʼa e ktzalij chiubʼi jumul pari galileʼa .
xina xibʼij pa bʼe .
jeʼl kʼolem chi awachoch .
ronojel ri yaʼtalil pawe qʼataj , tzʼaqat kiwach , man ktzaq ta kanoq xuqujeʼ man ktastaj .
xukunaj le yawabʼ le aj qʼij .
chi tat abʼej jasle kim bʼij .
chʼa nal ria chi .
p abʼo koʼ kachakun wiritax .
uj kʼo pauwuq qʼij .
kiʼ ri ukabʼ riaqaj .
kʼo rachalal pa tzʼoloj cheʼ ri peʼl .
xkilo chik inkʼoxom aj .
ri ukisakʼ utz kyaʼik chi uxeʼ ri tikoʼn .
aretaq chiʼ kaqʼan puwiʼ ri jukubʼ , ri achiche xkʼojiʼ ri itzel uxlabʼal rukʼ , kutach rech riareʼ,a rech kkʼojiʼ rukʼ riareʼ .
na kabʼantaj ta wumal .
xnaʼtaj chke xeatinik .
xinpaj ri nutriko .
xeʼok ripokʼ pari ume xa ri poʼx .
kajuluw ria qʼaʼl chi uxeʼ ri tʼuʼy .
awech le ja .
xuj bʼe pa tzurik .
nabʼe xa topanik .
ri ukabʼ ubʼiʼ ri numa ma reyay .
uwaj xaq ukakʼal taqanik (28) .
ma ta kʼojun kakanaj kanoq , qonojel koj bʼek .
enim aʼq le altomabʼ .
nim uwach rip oʼt .
kojonik pari utzij wa ixim ulew .
jas xukʼambʼi le tzʼiʼ xa wilo ?
xinpetik , tat .
ri bʼe laj uwach .
chitat abʼej jas ri kim bʼij .
jeʼl kunaʼ ria bʼix chiupam ri ququlew .
kinbʼisoj uwach lewal .
xu tʼuyubʼaʼ .
nim ri awe qeleʼn xariqo .
xineʼ waʼ oq .
chiʼ kewarwi le akʼalabʼ .
ri nu miʼal xutaq loq jun taq oʼm wuj chiwe .
qʼeʼlik , richaj pari bʼe .
la utz awach ?-utz malt yox , e kʼuri at ?–utz malt yox .
xin kos rumal nuchak .
kbʼe kukʼ rieʼareʼ e ktzalij parinas are te keʼunimaj .
rijoj xukʼam bʼik ria kʼ .
kʼo chi wachiʼl chanim .
kubʼij chech naʼl kabʼan cheri atzʼibʼ .
e. .. in kawaj katzjoj bʼi la chwe .
mata xinya j le ali .
jachin rukʼ kat bʼe wi ?
kʼo sibʼalaj etaʼmabʼal pari mayabʼ noʼjibʼal .
e man xo ri jupu qkej .
kasumum ri kaqiqʼ .
ekʼo kajibʼ akʼalabʼ pale bʼe .
jeʼ jas ri utatk kaʼy ik .
xaq at molonel tzijtal .
le nutat ka loqʼ on chwe .
xaqta ne kim bʼe iwukʼ .
xretaʼmaj uchʼajik .
rumal laʼ xkoj “ xal qʼat ” che ubʼiʼ rikomon .
are le ukemik p as xretaʼmaj .
ri wa tiʼt kubʼan na ri upatan .
kʼakʼ le poʼt .
retaʼm uwach jachin xloqʼow rip as .
ken chʼabʼej le akʼalabʼ .
yaʼtal chaqe qonojel riuj winaq utz kaqil qibʼ .
xkotiʼ paqʼay esxoqʼ ik .
kawinaq bʼe lejebʼ qʼataj .
ekʼo kajibʼ ral ri i mul , jun saq , jun qʼan , jun qʼeq , jun qʼeqoj , sibʼalaj ketzʼanik , kechʼopin ik ri alaj taq i mul .
k cholol ri achachal .
ketekik ri ikʼ .
xepetik rech kewaʼ iwukʼ .
tza tz ri uqʼanil ria kʼ .
xoj tzalij ik xixeʼ qa qʼat uj kukʼ le itat inan .
ri yoʼx taq akʼalabʼ kekikʼux ri atzʼyaq .
we a chiwe xusipaj jun poʼt chwe xkamik .
kkowin ri kunanel che kunanik .
xji qʼ pari p olow .
xa rumal sibʼalaj rajawaxik le loqʼalaj jaʼ , lewinaq xkibʼij : chewe ikʼ riʼ qonojel kuj bʼe che utikik taq cheʼ .
ri unane ri e rachalal kepe uloq rukʼ riareʼ , kʼa tekʼuriʼ , man kekowintaj keqibʼ ukoq rukʼ , rumal rech che ekʼo sibʼalaj winaq .
rumal rech , che man kʼota jun kkowin che ukojik jun tikibʼal il chik chuwach ri kojom chik che are rijesus kristo .
tekʼuriʼ xutzʼibʼaj ribʼ pari nimalaj tijobʼal rech aj kuʼn .
kajuluw ri chʼumil chaqʼabʼ .
kʼisbʼal kanoq , xoqujeʼ kkamri ixoq .
le ala xokik .
kʼo pwaq pauwiʼ ri mexa .
are kawaj na kinʼetaj .
riyawal kukoj ri ali chi uxeʼ ri chakach are usuʼt .
na kaqakʼam tuʼ bʼi kamik .
riaj tij kubʼij chike : rajawaxik keqachajij ri awaj , are utikoʼn riajaw .
xintij mukun iwir .
kʼax le uwiʼ taqlen uqʼabʼ .
xin loqʼ jun ilbʼal wibʼ .
waʼ we qʼij , nim ubʼantajik .
ri uxeʼal riqa tinamit man kasach taj .
xojbʼinik .
riachalal junam kiwach .
xin wetaʼmaj rilik wibʼ .
nim ri unaʼoj waj tij .
mi qʼin ri kʼul .
aj qʼojom ria teʼk .
che lesanik cheʼ kbʼan wiri qʼojom .
kape le awel pa nawal jaʼ .
ri mesonel tajin kchakunik .
utz chaqe kaqatoʼ qibʼ , taq kʼo kʼax kʼolil , kate we chiʼn riajaw pa qawiʼ .
xawilo , xqʼatan le i bʼoy .
xatkowinik xabʼano .
kiʼ rikʼaw ex .
kajil il ri bʼe .
le alixel bʼik .
areʼ xraj xinbʼano .
nim we abʼ aj .
jeʼli kutiʼjo lal ri saq koʼr .
nojinaq ri kej .
we katijan xux man kat utoʼta chi uqʼatixik le kʼakʼ yabʼil coronav irus ( 2019 -nc o v) .
na nim ta raqan waʼ we cheʼ .
utzalaj ajchak , ri wel .
¿jam paʼ kuj bʼe panimaqʼij ?
rajawaxik tane laʼ katchakun wukʼ .
xutaq chiʼj pa waram pulew .
man areta riaxwan xelik .
riaw ix xuloqʼ rachochre nimal .
are ri ixoq xinsikʼin uloq .
ri chʼim akʼat ʼon na .
la xibʼan le ichak ?
kʼi tinamit ekʼopa chʼoʼj .
kʼoju puq chij chi uxeʼ richeʼ .
ri uxaq riabʼix are uwarik ej .
kawinaq qʼataj .
la ki xpe pa tijobʼal ?
we kechajix taq le kʼwa jacha kinbʼij ; junalik kʼo jaʼ xuqujeʼ sibʼalaj saq loloj .
xretaʼmaj .
ri alabʼom ri alitomabʼ tajin kikitijoj kibʼ rech su taq , are kakaj kikibʼan nim aq achijabʼ chupam ri ki kʼaslemal , xuquje kʼo chik jupuq bʼixonel chupam rikomon .
la tzʼ uwachri bʼe .
kʼakʼ ria chʼichʼ .
qonojel uj , uj mayabʼ taq winaq .
nojel qʼij ria tiʼ xkuyuqʼuj le taqaw aj jelaʼ panikʼaj jaʼ , chirij ri juyubʼ ubʼiʼ tenaʼ .
paqʼom chik risiʼ.
kin tzukun che la .
kakitij le kinaqʼ , le ichaj , le uwaʼlik rukʼ lej .
xekanaj kan le ajchakibʼ .
ketikon ri achijabʼ .
sibʼalaj itzel ubʼantajik ri chʼila kan .
ria teʼk xumalt yoxij che ri ratiʼt , rumal riutzalaj noʼjibʼal xukʼut chech .
k kamulix uchak ria bʼix .
la xinutzukuj le tijoxel ?
areʼ kachakun ronojel qʼij .
le ekʼaʼna taq tzʼiʼ .
saq rij rip la mux .
jas xa qʼiʼo xatijo .
jas rukʼ xkichap wi utijik le ri kil ?
we katat in rukʼ kʼatan jaʼ man kuqʼatej ta le kʼakʼ yabʼil coronav irus .
la katbʼin pale uxlanbʼal ?
la waral kʼux ix waʼ wi ?
are le nutat kin loqʼonik .
tajin kchakun ri ala .
kʼo ri kiʼ kot emala wukʼ .
xuta jachin kaʼek .
xatw aʼik xinwilo .
xtzaq ri rachoch rumal ri jabʼ .
pale jun ikʼ chik are nima qʼij .
ekebʼäm kebʼin pauwiʼ ri tem .
memria chi .
riwikan cha liʼy kel pajuyubʼ ch wi tziribʼal .
le rajil , la paja xelaqʼax wuʼ bʼik ?
pari suʼt pisom wirilej .
kojpetik kol qa kʼamaʼ .
tajin katchʼopin chiuwachri taqʼaj .
le qʼor xchʼuqik .
kʼax waʼim a wumal .
kinbʼison che lewal .
sibʼalaj kʼokʼ ri awatzʼyaq .
kamik xuj bʼe che utikik taq cheʼ pari juyubʼ .
kinuloqʼoj le nutat .
chaqiʼj chik richaj .
xyilix hawayi .
na xnaʼtaj ta chkechi xeatinik .
rukʼ kʼuwaʼ we riʼ, ri ix kkʼojiʼ jun utzalaji kʼaslemal riʼ chkiwach ri winaq che man ekʼota iwukʼ , kʼa tekʼuriʼ man kʼota jun winaq riʼ rajawaxik chiwech .
e petinaq pa bʼe le rachalaxik .
kakaj le akʼalabʼ kewaʼik .
xuj chʼaybʼik .
ri nuchak are qʼaxel tzij .
kʼo na ruxlabʼ ri awaj .
tajin kel loq , ri qʼij .
x uqʼiʼo xkamsax ri rachalal choch .
ri numam are kʼo uqʼinomal .
xkʼul mataj jumul , xubʼan jun nimalaj jabʼ , man xbʼey etaj ta na xukʼis le uyuqʼ chike .
a maʼ ri nutzʼiʼ .
jewaʼ katpetik .
xinkosik rumal xin chakunik
iwech chi jujunal , ri wa .
xuqʼiʼo na xatat in taj .
inriq tajinaq pari kʼayibʼal .
na wetaʼm taj .
kʼax le nuqʼabʼ .
utz le xubʼij lea chi .
kem atzʼibʼ .
kʼo rachalal pa tzʼoloj cheʼ ri peʼl .
ronojel waʼ we jastaq riʼ,xas ksach wi uwach waʼ ; rukʼ we riʼ, riix , rajawaxik che kʼojun t yox laji kʼaslemal e kkʼojiʼ ri i chʼawem rukʼ ridyos ,
xmuq taj ri patzʼan .
ri chʼichʼ tzijom kanoq pari ukʼolbʼal .
man kʼota ucholaj pataq ria wuj .
ja chike ikʼ le unimaqʼij le tinamit nawal jaʼ ?
xepetik xol kikʼamaʼ .
kachuqʼ chut ri jaʼ chiapam .
xinbʼij iwir chi xebʼe paar mita .
areʼ uxeʼ ojertzij waral kʼicheʼ ubʼiʼ .
xkʼis ri nusiʼ .
jawi xkibʼij wi chikeʼe wi ?
¡ xaj ekʼuriʼ , jachin taq ri ekʼo pari judeʼa , chi chanim che ʼanimaj ubʼi pataq ri juyubʼ ,
kʼakʼ riabʼ .
la kʼojun na kakʼoxom aj taj ?
na utz ta le utʼisom le almar iy .
man yaʼtal taj chiawe katok paja .
jeʼ , xat utzukuj .
are kel waj xaqibʼ uqʼij ri xkʼojik .
ri xunkur kkʼojiʼ pataq ri triko .
xinsachik .
xutʼuyu bʼaʼ
nan utom tale tzij …
wachʼom ri kiwari noʼs .
ekʼo jobʼ chʼilwakʼ .
rajawixik chi pataq ri tijobʼal , panikʼaj ubʼixik chik
ri rajaw rulew areʼ tat kel .
we kʼuxokik , we kʼ na xokta
we achi xusipaj jun p ʼot chwe .
atat utaqoʼn leqʼat altzij .
na qʼanta uwach le qa p rut .
ri xaʼ r kʼo pauwiʼ ri qʼaqʼ kpoqʼowik .
ri roqʼej ri alijacha kpe junakʼal .
kʼojun ala pa tijobʼal .
säquwiʼ ritataʼ .
ri wi tz ikʼ tajin kpeloq .
jawi xsachon wi kan uyaʼik le pwaq che .
utz we a chiwe xin kunanik .
qonojel kuj waʼ pauwiʼ ri mexa .
ri kaxlaʼnik man poqon taj .
in xinbʼe rukʼ ri wachiʼl .
sibʼalaj jeʼl xkilo xe kitzoqopij ri kichij chilaʼ .
kinbʼinik xinʼek .
kʼax kʼolik , kachaʼ .
kutij ixim ri akʼ .
ri alix chel , x uqʼiʼo xa junakʼ xsipax che .
xqasikʼij le ixoq chutzakik subʼ .
mata xa bʼinsaj le chʼichʼ .
ripixtzʼa ralik rumal ri eqaʼn .
¿jam paʼ kel chi 3%
kʼojun nu kʼotoj chiʼ aj .
tajin kewaʼ kat ri alabʼom .
xin loqʼ le nukʼ akʼapoʼ t .
na utzakik tas ubʼ tajin kuʼ ano
xojutaq chiʼ ij xoj waʼ ik .
iwech riabʼix .
saqrij richij .
aj sik che ri tinamit kel wi ritataʼ .
- ¡ay ! xa xintzaq uloq ,kʼax we waqan .
xkʼul mataj pajun komon chiʼ uwach jun juyubʼ , xuriqa jun qʼij xkiriq kibʼ junimul rukʼ le kok .
jas xa taq chiʼj le akʼalch utijik ?
xinchapo sux uloqʼo .
qʼinom ria chi .
ri kʼum ktijow rukʼ kabʼ .
tajin keja chʼanik .
tzebʼal ukemik le pa sa wumal .
are kayoʼw le uchikopil le ubʼantajik tr y pano som abr uc e i .
we kat nimanik utz kelik .
per o noʼjimal petnaq loq , .
are le nuchak jun tzuqbʼal wibʼ .
xkunax le yawabʼ rumal le aj qʼij .
ri ukʼuʼx tzʼibʼ paqatzij e lajuj .
sibʼalaj jeʼlik ri eqabʼal xubʼan ri luʼ s .
sibʼalaj atkon .
e man xo ri jupu qkej .
na xnaʼtaj ta chke xeatinik .
rikʼamal bʼe xubʼij chike , chi maja ria nim .
jumuchʼ ri nujunabʼ .
qʼip tajinaq ri raqan ri tem .
kchakun rukʼ rijosbʼal cheʼ riajanel .
xataq chiʼj le akʼalch utijik kar .
oj kʼo pale roʼch le awel .
¿la kat pequkʼ chweʼq ?
lewinaq pale chʼichʼe tʼuyul lowi .
xkanaj kanoq chi uxeʼ rijabʼ ri chʼaʼn .
nim ri ja .
weta xa kunaj le atat mata xkam laʼ .
na nukʼamom tuʼl ariʼ .
chqa nukʼuʼ riqatzij .
kim bʼe pale tinamit .
xin qʼiʼo na xinat in taj .
rajawaxik kakʼa man chawe le utijik le lej .
kʼisbʼal taq noʼjibʼal .
