xineʼwaʼ oq .
xkibʼankʼ axchele uw os aqrum al manutz tachi kakayik .
ri qʼ utuʼm mankech taleakʼ alabʼ .
are na nimt aleatzʼiʼ chuw achle nutzʼiʼ .
xe p etik x ol kilaʼ .
¿jawchiʼ xat aʼche x kam riumam ri p oʼx ?
e kebʼ kekʼ ambʼikp atuj .
x inloqʼ junjap ariw okajja .
riax t uʼbʼ , kʼ oq ulaj chech.
jas karaj kaʼ anchutzak ikle tiʼij .
xutij lewa .
x imbʼ alre tzij .
xp axribʼ oʼj .
we kaw ajkat int oʼo xaqxuwi kabʼij chiwe .
jas nukʼ ukuchʼ obʼo .
jas karajkutij o ?
xex rux labʼri rikil .
e nitzʼaʼq let aqimul .
we tane inx in bʼanowik , are le ateʼk xbʼanowik .
kintz alijp ale nutin amit.
rin uchaqʼ kʼ opa uroʼ qʼatojtij onikp aritij obʼal .
x inxiʼj wibʼ x inchʼawik .
kʼ o chwa roʼchle pare .
chi raqan kabʼ inwirit ataʼ .
xsach on kanuyaʼik le p waq checho ja .
x inqʼ axchikix oʼl riwin aq.
ketik onik .
ri ulewman qe ch taj, kechriqat iʼtq amam .
xe p elewin aqx olkikʼ amaʼ .
xuloqʼriw uj rum alri ali.
chewe qʼij kamik kʼ ojunnutzij onemchirij le nutin amit.
kej riʼ.
x kunanal aq chwe .
kinusikʼij lenun an.
riim ul xuchʼij taj , x kanajp abʼe , rum alri nim al kujal uj ri imul, xutzaq rianim .
kubʼanri ux oqʼ oʼl ri ajtzʼaq .
ri la sibʼ alajutz che kunabʼal .
kʼi kiw achrieʼ ajchakibʼp ari komonty ox, kʼ atekʼ utxa junchi ajaw xel ;
xqatachi xatu lik .
kaw ajchik atʼek .
chʼ utiʼnke kanaj ri xa jabʼchech.
kaqaxiʼj qibʼ kaqach apo.
ekʼ o kebʼ ukʼ aj ol let atx w an.
luʼs ubʼiʼri recham.
aj chi uwiʼmi qʼinjaʼri luʼ .
x inya kan le nuchimp akʼ aybʼal .
kʼ atexri lo ,xp eri unanche utzuk uxik , xkik otik , xusa labʼis aj rit aqux kin .
xkikʼ utchiuw achri ajtij xuqujeʼ chikiw achri t aqnikʼaj kachil .
utz len uqʼabʼ.
kul le alweʼl p aaustin chaqʼabʼ kamik .
riat eʼk xtzaqloq are chi kʼ op auwiʼri qʼaʼm .
ajp atanrit eʼk .
xat qaj chiupamri il .
lakʼ otzij na kikʼ oxomaj taj ?
xsach on chkechixe at inik.
ronojel leulewe chalaq.
la xebʼe kʼ ula xeʼkij aqakʼ ule uchiʼja ?
xaqkatchʼ ok najiwir .
kamik kʼ ochi rijast aqawe .
arechiʼ kakʼisri junabʼkʼ oqʼ inom .
pa nawal jaʼx inal exik .
na x inta taj we are riakʼ al kixtzuq uwik .
¡ rulewri sabʼ ulone rulewri nef tali, ubʼe ri polow, rulewri jord an, g alileʼa kechrijet aqamaqʼ !
rax , rax , rax , kʼ okʼ , kʼ okʼ , kʼ okʼ le rux labʼle t aqtik oʼn .
achi xatwi lo .
paqal rajil lepix kamik .
x oj bʼinik .
p ajunjeʼl tij obʼal kutij oj ribʼ junakʼ al , ubʼiʼp oʼx , utzk uril oke pa tij obʼal ronojelt aqqʼij .
x waj chi xatʼ etaj .
utz laʼle xubʼij le achi .
wetaʼ am jachinkap etik .
kinqʼojom anik .
x inqʼiʼ otakʼ alikx inp etik .
areʼ ret aʼmche kinopanik .
aret abʼale qaqajawch att oʼwik .
kawin aq waqibʼqʼ ataj .
naqaj chik cheri uwaq kaj bʼal aret aqchiʼk sachuw achri qʼij, kok ri qʼeq uʼm chuw achulew, chi kʼ ateʼna ribʼ elej ebʼkajbʼ al .
jobʼ raqanritzʼ alamxep oroxik .
sibʼ alaj korij ri mop.
arewaʼ .
jelaʼp ari t iminitchwi kabyok rechx elajuʼ, le qananq atatkaki tiko jeʼl alajt aquw achichaj.
kʼ axnuqul .
xuʼlukʼ amaʼ .
koj ul kitzuk uj .
are mankʼ axta uk unaxik aret aqanin aqkaʼ ilitajwe yabʼilal xuqujeʼ mojoʼqa kuyaʼ lekʼ axkʼ olil chechle jolom aj .
ri welkʼ opa tij onik .
kaw ajkinbʼij .
rik otzʼiʼj kqakoj chiupamri ja .
qʼeq qʼoj rij ri amaʼkej .
na x waj taj x inchʼawik .
chpet abʼale loqʼ alaj jabʼ .
xsach on chkex atki sikʼij .
eleqʼ alchʼ ichʼ .
jachin xa wi lo chi arextij owritiʼj ?
mata kabʼe le nuxbʼalp aletin amit.
pimruq, ri ali .
¿ kʼ orimuqʼe chiawech?
kqabʼij mankek owintaj .
kintij na .
kʼ ojun qatʼ uʼy paja !
kʼ opuj chiupamri chʼaʼk .
aret aqkinko sik kinw arik.
xat waʼikx inwilo
in x inchʼay owle achi .
konojelri alaxik keʼ etzʼ anik .
jas rukʼ xkitij wi le kirikil ?
a nin aqil katp etik .
naraxta uw achle juyubʼ .
ri tzʼ alam tzʼibʼ abʼal raxk kayik .
we chatch akunik, kʼ o awa .
maʼtamxatp echeri waʼim .
kamul kin waʼna .
risikil ktij owrukʼik .
kim bʼeaqʼ anrukʼle alt alin.
x oj ʼek xeʼqila larq as ok .
xekiqʼ il le ajchakibʼ xkiw okle ja .
matanex waj le kʼ uhj nem rukʼle ateʼk .
are xeʼ opan chiuchiʼri juyubʼ, xkilo chi manqasta kʼoqʼ ay es .
kʼ atekʼ ut, rijesus mank kojonta chkechri eʼareʼ, rum al rechche konojel ret aʼmkiw ach,
p aʼ tz rij ritzʼiʼ .
juwin aq waqibʼqʼ ataj .
atelaqʼ om .
xaq atjoʼs .
ri qʼatzu, are qʼ alaj ri uqʼijil .
ajchak we ala .
ubʼ eleju kakʼ alt aqanik (29).
kebʼnu bʼiʼkʼ olik .
lakatz alij luʼ laanin aq?
katzuk unla chwe .
lakaj lakojbʼ eʼp alech omal chweʼq ?
x in nabʼej chutasik q akʼ olibʼal .
lal x int oʼwik .
sibʼ alaja noʼjibʼal .
x ojp etik x ol q akʼ amaʼ .
sibʼ alaj jeʼlik ri uwaʼl ri ichaj .
kʼ axwij rum al inpa chalik.
aret aqxukʼ ul majwaʼx ul ri uch omanik xubʼij : are utz wa aqʼabʼkinw alijik, arechaʼcha nimki nopanpa tij obʼal, maj chi kinkʼ ul maj .
oj ajx ojolobʼp aaw as qʼij.
xinsach chele uw okikle tzij .
e julajuj riakʼ .
xutaj amp aʼkoj ʼek .
q ilik .
ri tij oxel man areta nim chuw achri rajtij . ri utz tij oxel q asjeriʼkʼ olik jasri rajtij .
in xa tin chʼayo .
noʼjim chak wum al .
chʼ urri jochʼ .
inkinbʼij na katsach taj .
uj mayabʼ .
riabʼ ajyatzalik .
t ajin kepixbʼ ax riakʼ alabʼ .
ch omri aq .
x inwarik .
elemen konojel riakʼ alabʼ .
t ajink qʼanarik ri we reʼ aj .
le ukemik le pa sutz ( chawe ).
xuyupubʼ auw achr aʼchi , kachaʼ, .
ri satanas kokp ari judas ri kbʼixis kariʼo techrech, ri areʼ junchkix oʼl rie kabʼlajuj .
chuch uripar .
kinqum uj ri nu jochʼ .
chechpun ción lumba ramaqʼel rajawaxik chechrilik le ukʼ exbʼemwi le nabʼe rukʼle ukabʼ ukʼ utunemle yabʼilal .
qʼ alajchi nakaw ajtaj kabʼij .
kʼ oqʼ ol chirij risiʼ.
jawi x ojʼew ichuloqʼik ?
kʼ o ulo chʼ rit alin.
qʼanrij riat iʼtnu kej .
la xtz alij laiwir?
xe sikʼixik , kʼ atekʼ uriʼxe yaj ik, xuqujeʼxet aqbʼiche usikʼiklem es .
lakix warik?
arekʼ ule pa lomax xubʼijche : - mam katbʼ isontaj , kinsikʼij nikʼaj wachiʼl kerap apik .
aʼre e tij oxelabʼ .
ri alajalis iʼl xubʼij xqach appa utz alri ty ox .
xsach on chke jachin xeat inik.
jas xur ayij lea nanxutij o?
x inkosik .
rax ronojelri qʼay es rum al le jabʼ .
kinya waʼwechʼ ichʼp inem na utz .
noʼjimup achʼ uxik len uwiʼ.
najkʼ owi lewoʼch chuw achletij obʼal .
ri okibʼal kʼ ochiuw achris aqja .
xe nut aqchʼij kekil le akʼ alabʼ .
kʼ ojunqʼ oxowem chiwe .
tz ari choʼm .
we chojbʼep ale nimaqʼij , keq il le ajx o jolobʼ.
x oj ʼek xeʼqila larq as ok .
ri ateʼk xutaʼ chechri nant oʼn: - nanjas cheʼchi mankajta laqakʼatis aj ri joʼq .
ri p al sibʼ alajx uʼy .
kinkoj rij okbʼal ulew.
inkinbʼij na katsach taj
a t raj kunle nun an.
kuq am uju joronri ajtzij .
luʼ tzʼalam ubʼiʼ riachi kel pa nimcheʼ .
jeʼli kutiʼ jolalris aq koʼr .
kʼ ojunxaʼr paja .
x inloqʼ junkʼ akʼp atan.
kʼ ax ukemik le pa sawum al .
aninaq ukemik le pa sawum al
ri chʼaʼn sachin aqp at aqabʼix.
raxt aqle kotzʼiʼj .
mes om kanoqri upamja .
manaretar ala xkosik .
ri komon xechpup rechuqʼ abʼtin amitx oʼlabʼaj rechqʼ umar kaj .
la utzakik kʼ usubʼ t ajinkuʼ ano ?
k atela !
na xutij taj .
xa rum al ket aʼmkonojel riwin aqk kiqum uj le jaʼ .
iwir xuj tz alijlap akʼ aybʼal .
q et aʼmche riqaw akuj ut oʼo .
ri ajtij , kyaj on chikechri akʼ alabʼ .
jas ubʼanom lenuchʼ utit at?
chweʼq kinbʼe pa nimtin amit.
utz we ki wet aʼmaj jaskubʼij rich olbʼal qʼij .
t ajinkatj ilowche uqʼ oxom jolom aj .
x intik qʼ axchiuw achrija .
kʼ ax le kibʼe lewin aq.
loqʼ katk untajche le yabʼil( covid -19).
ri nux ibʼal kel pa qajbʼal qʼij .
x ril riaxwan chix waʼri ala .
le alix kunatajik .
weta kap ele jabʼ kamik .
x inwet aʼmaj chi na xatp etaj .
ri p waqrechwe qʼataj riʼkes axchechri tojbʼ alkʼ ayinem .
ktij ri uwaʼlik rum alri ki nimaqʼij .
xuch apuk unaxik .
ch atan loq ali.
xin xuliʼq aj oq .
jeʼli k k tij owri t aqikox .
kʼ atekʼ uri le t atxoʼr xubʼij , mankaw ajtaj , mankaw ajtaj .
kʼ ojuntzʼiʼp abʼe .
kamul x inp e cheatzuk uxik .
mant ajinta kinch akunik .
kinch akunik rechkat waʼik .
jas rukʼ xa wilwichi xkiqupij wi letiʼj .
jas ubʼixik … ?
koqʼri akʼal .
kaw ajna katʼ etaj .
xatqʼ ajik .
wem na cha loqʼ ax iy al, na kim bʼeta aw ukʼ .
x opanle wujaw ukʼ rum al we chin.
arekʼ utp ale juyubʼk kʼiy joron, chilaʼ xekikʼ amawiri jaʼ riwin aq.
koqʼri akʼal .
we kʼ oa rajil chakʼam al oq .
are sibʼ alajkaq le apoʼt chuw achle nupoʼt .
x inkʼ astaj pa kabʼlajuj kajbʼ al .
kaqoyʼ ejna kixp etaj .
ko kaxim richij xa jelaʼ manka nimaj tabʼik .
ri kok nojim xbʼek , xuchʼij ox opanpa ukʼisbʼ alil leanim .
x ojkiʼk otik aret aqx atulik .
kaqitzʼ naj riu xa jabʼri akʼal .
rijesus kwaʼkatp arinim rach ochri dyos, chuxeʼri junjache rach ochri salomon.
wet aqanik riʼ kubʼijchi rajawaxik kyaʼ uqʼij riwin aqxuqujeʼk t oʼanin aqil .
riax ux are na riuk unel ri kinaqʼ .
aret aqwaʼri uqʼij ol wet aqanik.
kʼ ojuntabʼ alp auwiʼri x kanul ubʼiʼ lajuj noʼj .
yuʼl ubʼanomri ukolobʼ rikej .
xa nimaj ri akʼalchi uw achri uch uch.
k kunanri achi .
kinwaʼik rechna kiny owaj taj .
ajxikchʼ ichʼri luʼs .
k wajche ix kix bʼanowik .
aʼre xet oʼwal aq .
x oj ʼek xeʼqila larq as ok .
x inloqʼ junchʼ ichʼ, qajin aquw ach.
kutʼis ripantal on.
ejanip ale awalkʼ wale kʼ olik ?
utzuk emik le p as chawe .
rimaxare aj qʼaniyaʼ .
mat abʼachi riq kʼ axp alebʼe .
t ajin kanimaj, rimeʼs .
ixi xeʼla qʼ omabʼ!
x sachan chwe .
ekʼ okʼ icheʼ, chiuw achri juyubʼ .
arewaʼri nimalaj pixabʼe arewaʼri nabʼe .
xret aʼmaj chirukʼ pa kʼ kutij wi
jas utzakik les ubʼxuʼ ano ?
ajx oʼy ri wi kan .
wetane aʼre xetij owle rikil , are le komon xetij owik .
sibʼ alajanin aqka chʼawle areʼchi nuw achin.
utz we kinch akuj .
meʼs laʼ.
kʼ okanwa rechkaqa tijo .
x insikʼij la .
riakʼ al xsach kanoq jelaʼpat aqʼaj .
xe sikʼij la .
jawi xkibʼijwi chi keʼ ewi ?
rum al che, manixta riʼrikix chʼawik , are ri rux labʼaxel riit atriʼrik chʼawna iw ukʼ riix .
kʼ akʼriw ach och.
sibʼ alajutz kinwil leatzʼyaq rechna huala .
saqpor kkay ri kip oʼtrin an.
xsach onri nuch ak chwe .
waʼimxuch apo.
ri qʼaqʼt ajinka juluwik .
na jil upamris iwan.
ekʼ o riqachalal pa chi uwiʼla .
jas xa t aq chiʼj le akʼ alchutij ik?
noʼjimu kemik le pa sawum al .
kʼ ojunkuk ubʼiʼt intin, waʼlelaj kuk mamka jeqitaj , kap aqi kax ulikp auwiʼ uqʼabʼt aqcheʼ, sibʼ alajsakʼ aj , keʼ uto le e nimaʼq , chʼ utin, rachiʼl , ajsipanel sibʼ alajutz ranimaʼ.
ri upixabʼle qʼatbʼ altzij kiyaʼ ubʼixik .
na xsach on tachke xeat inik.
xeqil le chi kopp uwi leja .
x loʼtaj riakʼ al .
qonojel kuj waʼp auwiʼri mexa .
xsik irlewaq an.
la xat waʼkʼ ut?
nim ubʼaqʼri tulul .
kinxikʼ ikʼik x inqʼ axik .
lakatbʼ ep aletin amit?
ripal sibʼ alajsaqʼ or .
kqʼ oxownuj alom.
x in naʼochi katp etik .
x loqʼ ulewiwe chix .
x inch akun rukʼri num am .
na xqabʼantaj .
kkʼ ojiʼ bʼaʼ riusip anik riajaw xel jesus kristo rukʼriaw ux labʼal !
kinchʼaw rukʼlenu nanp ale chʼawebʼ al .
sibʼ alaj qʼeq uʼm rum alri may ul .
are leb axulik .
xekos leix oqibʼp alebʼe .
kʼ axrilik le akʼal chawe .
x inqʼiʼ ox inatinpa joron.
sibʼ alajnim letin amit.
kʼ ax ukemik le pa sawum al .
x insachik .
t ajinke lu kikʼ el pa raqanri tzʼiʼ .
x inwet aʼmaj rilik wibʼ
ri qʼuqʼ are junjeʼl chikop.
kʼ opa jatij obʼal ri wi kaqʼ .
ri sachibʼal mak rajwaxik chiqax oʼl .
jeʼ, kim bʼek .
jelal eʼri nup wiʼ.
xubʼijche : - jas xa bʼanot intin?
kabʼanjunt oqʼobʼ kyak rinujal .
k atʼekx inta .
jasle ukʼ exbʼem ribʼ lejun rukʼle junchik?
aj chi uwiʼmi qʼinjaʼri luʼ .
ri tij onel naj kp ewi .
teʼ kixch obʼ ubʼiʼri nut at.
ri jaʼ kamiqʼik chiuw achri qʼaqʼ .
ri tʼ uʼy kp aqʼ owik .
kinm es onna .
naqaj atkʼ owi chiwech.
x inbʼis onik t aqna xatp et taj .
we xkam riwin aq, rip waq rechtojbʼ al makaj kyaʼ chikechri ralaxik .
ri nu nanxbʼep akʼ aybʼal .
xojukʼam uloq rechkoj ri lo
x kʼ oto chin chikiw achchi kinwaʼ aw ukʼ .
na xkikams aj taj xkikʼ ambʼi cho ja .
kʼ akʼri ikʼ kamik .
x imbʼe rukʼle ajk uniwir .
rilik .
letzʼiʼ xekosik .
x inkik ota wum al .
riim ul xumajria nim, xuya kan lek ok .
kʼ ooj cheri akʼal .
xuj bʼep ajunkʼ ulanem .
utz we k war alaq.
kaqilo chi nakoj ukʼamtaj .
x ret aʼmaj chirukʼ pa kʼ kutij wi .
sibʼ alajx inkʼ aʼna rik.
x inko chij ri nuwa .
mankatk owintajk atch akunik, we mankʼ ota ri ajilabʼal .
wew onon xubʼij chike : - kix into .
ri ala nimk ril wi riumam .
x kaʼy chirij , x kaʼy chuw ach, makʼ otachi junk s ilobʼik , x oqʼikx uxeʼj ribʼ xchʼ opinik xtz alij loqx uriq tachikri ubʼe .
kʼ opusche ri wa .
pinem na kabʼe lewatz, kim bʼewi inpa kaʼyibʼal .
ri nant oʼn nimwin aqchik , s aq uwiʼ, ronojel aqʼabʼ utz kunaʼ o katʼ uyiʼpa utem, kumi qʼis ajribʼ cho ri qʼij, kʼ ojunuwiʼ umam ubʼiʼ ateʼk .
manekʼitaj riq ulaʼ.
qʼ alajchi nakaw ajtaj kabʼij
xp aqabʼis ax rajil ronojelri kem .
kʼ op arijul ri kumatz .
ronojel qʼij kinchʼaj le nu ware .
s aqchik anle ichaj rechkatzak o .
chux eleq ach omal kaqatij wi junq ameqʼin.
chawilaʼ .
ekʼ ojobʼ umiʼal, ri nut at.
jas rukʼxa wil wi
jeʼjasri win aqrechri uw achulew, xoqujeʼke pena riʼri eʼareʼ che e rechri uw achulew; jeʼjasri win aqrechri kaj , xoqujeʼke pena riʼri eʼareʼ erechri kaj .
x intijo .
k tzʼ ujuwri rach ochri p oʼx .
x uqʼiʼo are leukʼ ulel xyaʼowuw a.
ri awel xret aʼmaj chi rajawaxik mank uxejta ribʼ cheritukur .
jukʼ ulajwin aqxeʼa nimaj bʼik .
jeʼ, x intz alijik .
x ojp etik x ol q akʼ amaʼ .
maj jachin xʼek .
in ajtij ; attij oxel .
saquwiʼri t ataʼ .
wechrikem .
le roʼchle ateʼk kʼ ochw achle ukʼay lenu nan.
kbʼep ari siriʼ aep ari silisiʼa, jawi jeʼ kuya wiri kichuqʼabʼ ri komonty ox .
pixabʼ: manutz taj kʼ ax kuj chʼawchi kij nikʼaj qachil.
x kunataj le ali ( kum al riix oqibʼ).
rix ibʼibʼal chi kʼ owi p at aqriqakʼ aslem al ronojel qʼij .
na kuj war ta war al .
onche k kʼ ojiʼri utzil chix oʼl , are ch junam riqakoj onik, junamri iwe chix rukʼri we chin .
pa oxqʼijris aʼnk bʼena rukʼriaj kun .
kawin aqwuqubʼ .
jaskaw ajk intijo ?
weta x atbʼe wukʼp aletin amit, xa loqʼ ta laʼle ujast aqle akʼ aj ol .
kebʼep awaʼ im .
x inloqʼ kʼi wa .
pa junnimkʼ acheʼlaj , kʼ ojunkʼ waʼ sibʼ alajs aqloloj , nimuw ach.
kw ajkatij jubʼaʼ wa .
ronojel win aqk ril na ri ukolonem ridyos ».
x kʼ oto chin chikiw achchi kinwaʼ aw ukʼ
kw ajna katʼ etaj .
la xa loqʼ junalej ?
ekʼ ori e loqʼomanel .
ri ukabʼ ubʼiʼri numamare yay .
kinjopij riijaʼ rechtriko .
x naʼtaj chke xeat inik .
xateʼqi laʼ.
kakitij alanx axriwin aq.
... kinbʼij chi arewaʼs inxiʼ an.
na x in nabʼej tachuta sik qa kʼ olibʼal .
rum al rechche we ri in, kinchʼaw rukʼri dyos pa chʼ abʼal, kchʼawna kʼ uriʼri wux labʼal rukʼri dyos, kʼ atekʼ utmankʼ otaup atanriʼch rechri nuch omabʼal .
xep etik xkilo .
xuta we katʼek .
utzuk emik le p as chawe .
ri nuw akax xutij junqʼ oqʼ rum alriʼx kamik .
rum alrikʼix , manke waʼtaj riwin aq.
xeʼ ulik .
qʼeq rij ri amaʼchij .
x raj kaʼ eleun an.
junamki junabʼ.
naqʼ alaj taj we kaʼek .
riwix nam chʼajchʼoj ri rach och.
war al mankʼ otaj ajawal .
naiwir ta x ril lekʼ amolbʼe .
x inp eloq t ekʼ uriʼx intzuk uj ronojelri nu rajil .
ri ajtik onel kutik ritzij .
kʼ oe kikʼ aj ol le achi jabʼ .
kutij qʼayes riix p aʼch.
pari waʼbʼal ekʼ okawin aqachi jabʼ .
sip ojin aqri nupam.
kayaʼtajik rukʼut iʼonem junri uriqomle yabʼila molotsetsé xuqujeʼare kayaʼtajp at aqri juyubʼ .
jachin riachi ?
ri numamx kamik aret aqkʼ ojumuchʼ lajuj ujunabʼ.
kink owinik kinkʼ ambʼi lep waq .
kinwilo chi utzri ajiʼ .
x inqʼ il riap oʼx che mankach akuntaj .
k waʼchiuw achle t aqʼaj ri amaʼ akʼ .
ri imul xe poqʼikp ajunikʼ .
xkʼis kanoq riqachak .
areri alix oj ilow kanoq.
sibʼ alajchʼ uʼjri amax .
kʼ onuw achiʼ.
in ch ajinel kechle akʼ alabʼ .
xekos letzʼiʼ .
kinbʼe na kukʼrim olaj .
ronojel aqʼabʼ kinyitzʼ riw akax .
kar apinik xutzuk uj chi junaw aj.
le ukemik le p asanin aq(aw umal ).
maj urajil leqʼabʼar el .
kʼ axriʼri kachʼawik .
x ojut aqchiʼj le achi ch uloqʼik ichaj.
sibʼ alajkʼ axri xkʼ ul maxik .
xkilo chi na kinkʼ oxomaj taj .
x naʼtaj chkechi xeat inik .
x kʼ otochin chikiw achchix oj al woʼqa kukʼ .
junqʼ uʼq rajil rikax laʼnwa .
x inwilo chixeʼ elik .
ekʼ o ix oqibʼp alekʼ aybʼal .
mankʼ otaj ukʼisikri mayabʼ ajlabʼ alil .
ris ink kʼiyp at aqʼaj .
ri chʼima mank kʼiy tajp at aqʼaj .
rajawaxik kji kikri waq än .
kaw ajkinʼek .
ekʼ ooxibʼ akʼ .
xubʼij chwe jawi atkʼ owi .
chweʼq kujbʼeʼp amuquj .
p as aq kʼa jaʼk bʼanwiri uq .
xoj kisikʼij .
x inwil wibʼ .
chaqʼ chik ri wa .
kim bʼena kap ale woʼch .
kaw ajkinʼek .
ri chʼ uʼktij rukʼlej .
p ari kiqʼij kamin aqibʼk bʼanqʼ ori kʼ yaʼrechaj : nabʼe ri nankutzuk uj kanriaj , kujachʼ oʼ xuquje kukʼe to .
jas kajbʼ al chanim?
utz uch omanikri ali .
pari qʼij ox lajujtij ax kinkʼis kebʼ junabʼ kinch akunwar al .
sibʼ alajko, ri kʼ akʼ chʼat.
jaska rajkubʼij … ?
ri chʼ ichʼ kas ilabʼik .
pa ojerqʼ alpul xaqxuwi ri nimwin aqkekʼ amowbʼe .
le uk unaxikle ukabʼ ukʼ utunik are rukʼ ef lorni tin aonutunibʼ axik lenif urtimox chiʼle f lor nitina checht .b.g.
are riachi x inchʼ ayowik .
junachi ubʼik uʼx usipaj kebʼkʼ aʼm ulew rechkabʼan ritij obʼal, kamik, kʼ ochi kajtij rechri komonxe chpup.
xum alty oxij cheri ajtij ronojel le xukʼ utchiuw ach.
pa ribʼ exkiraq junalajim ul s aq rij , xkikʼ ambʼik .
x ril lebʼale ala .
jaskubʼij chwe ?
le u kunatajem are rukʼ utzuk uxik leuchik opilp ajunus olikuxeʼle kikʼ onle jaʼ rechjun nodo.
utz wenutzʼiʼ .
jeʼ, t ajinkach aponik .
kinuloqʼoj le nut at.
kaw ajkimbʼep atin amit.
arelaʼ kinch akuj .
ri nimaʼq t aqwin aqkʼ o ket aʼmabʼal .
weta x atbʼe wukʼp aletin amit, xa loqʼ ta waʼwe jast aq .
rikikʼ aslem al . wa ixim ulewxa junchima aret atin imitri ma
riukʼ yabʼal najupam.
xat qaj chiupamri il .
nojim kat waʼik .
we kʼ ojunk t uqaʼrik, ¿la manxoqujeʼ taj kint uqaʼr riin ?
oj ojw okolja .
awas kbʼankʼ axche junnimwin aq.
x inchʼawa pan rukʼlew anabʼ.
kʼ axri upamri juʼl .
t ajinke waʼri imul .
lakaj lakuj tz alijlaa nin aq?
rum al rechcheri makaj mankʼ ota uk owinemp iwiʼri ix :riixmani xkʼ otachi chuxeʼ ripixabʼ, xane ix kʼ ochuxeʼri sip anik .
nimraqan lecheʼ .
x inch apo .
areletuʼr le loqʼomanel .
x askatkʼ ojiʼ chiupamri chʼichʼ .
sibʼ alajnim raqanri kʼam albʼe .
le tzʼibʼabʼ alwe chin.
in x int oʼwla .
xa jekʼ uriʼri ix kamikriʼ manix kax lanwin aqtachik; riix , ix rechri kitin imitrie ty oxlajt aqwin aq, ix rechri rach ochridyos .
x intiko x lajkʼ alichaj .
kaqariq qibʼ chweʼq .
sibʼ alajutz cheri wiʼ aj ritu ney .
we na jupulik taxeq ajik...
x int oʼtaj cheri nuch ak.
kʼ ojunchik op ubʼiʼpum .
p oq onri ik .
x oj bʼinik .
xuchʼek ronojel le retam anikxp aqiʼk kʼ ax k wʼ inikx ubʼanajkun .
kel ubʼikp ariju deʼa ek tz alij chi ubʼi jumulpa rig alileʼa .
xi naxibʼijp abʼe .
jeʼl kʼ o lem chiaw ach och.
ronojelri yaʼtalilp awe qʼataj , tzʼaq atkiw ach, mank tzaqta kanoq xuqujeʼ mankt astaj .
xuk unaj ley awabʼle ajqʼij .
chit atabʼ ej jasle kimbʼij .
chʼanal riachi .
pabʼokoʼ kach akunwiri ta x .
uj kʼ op auwuqqʼij .
kiʼri ukabʼri aqaj .
kʼ o rachalal pa tzʼ oloj cheʼri p eʼl .
xkilo chi kinkʼ oxomaj .
ri ukisakʼ utzk yaʼik chiuxeʼri tikoʼn .
aret aqchiʼ kaqʼanp uwiʼri jukubʼ, riachi che xkʼ ojiʼri itz el ux labʼal rukʼ, kuta ch rechri areʼ, are chk kʼ ojiʼ rukʼri areʼ.
na kabʼantaj tawum al .
x naʼtaj chke xeat inik .
x inpaj ri nutriko .
xeʼ ok rip okʼ pa riumexari p oʼx .
ka juluwriaqʼ aʼl chiuxeʼri tʼuʼy .
aw echle ja .
xuj bʼep atzurik .
nabʼe xa t opanik .
ri ukabʼ ubʼiʼri numamare yay .
uw ajxaq ukakʼ alt aqanik (28).
mata kʼ ojunka kanaj kanoq, qonojel koj bʼek .
enimaʼq le alt omabʼ .
nimuw achri p oʼt .
koj onikp ari utzij wa ixim ulew.
jas xukʼ ambʼi letzʼiʼ xawilo ?
x inp etik, t at.
ribʼ elajuw ach.
chit atabʼej jasri kimbʼij .
jeʼl kunaʼria bʼix chiupam riquq ulew.
kinbʼis ojuw achlewal .
xutʼuyubʼ aʼ.
nim riaweq eleʼn xa riqo.
xineʼwaʼ oq .
chiʼke war wile akʼ alabʼ .
rin umiʼ al xut aqloqjunt aqoʼmwuj chiwe .
qʼ eʼlik , ri chajpa ribʼe .
la utz aw ach? - utz m alty ox, ekʼ uri at? – utz m alty ox .
x inkos rum al nu chak .
kbʼe kukʼri eʼareʼ ek tz alijp ari nas are te keʼ unimaj .
rij oj xukʼ ambʼik riakʼ .
kʼ ochiw achiʼl chanim.
kubʼij chechnaʼl kabʼanche ri atzʼibʼ .
e ... inkaw ajkatz jojbʼila chwe .
mataxin yaj le ali .
jachin rukʼk atbʼe wi ?
kʼ o sibʼ alaje t aʼmabʼalp ari mayabʼ noʼjibʼal .
e manx o ri jupuq kej .
kas umumri kaqiqʼ .
ekʼ okajibʼ akʼ alabʼp alebʼe .
jeʼjasri ut atk kaʼyik .
xaq at molonel tzij tal .
le nut atka loqʼon chwe .
xaqtane kim bʼeiw ukʼ .
xret aʼmaj uchʼajik .
rum al laʼx koj “ xa lqʼat” che ubʼiʼri komon.
are le ukemikp as xret aʼmaj .
ri watiʼt kubʼanna riup atan.
kʼ akʼle poʼt .
ret aʼmuw achjachin x loqʼowri p as .
kenchʼabʼ ej le akʼ alabʼ .
yaʼtal chaqe qonojelri ujwin aq utzkaqil qibʼ.
xkotiʼpa qʼay esx oqʼik .
kawin aqbʼele jebʼqʼataj .
ekʼ okajibʼ ral ri imul, juns aq, junqʼ an, junqʼ eq , junqʼeqoj , sibʼ alajketzʼ anik, kechʼ opinik ri alajt aqimul .
kch olol riachachal .
ketek ikriikʼ .
xe p etik rechkewaʼ iwukʼ .
tz atz ri uqʼanil riakʼ .
x oj tz alij ikx ixeʼqa qʼatuj kukʼ le ita tin an.
riyoʼxt aqakʼ alabʼ kekikʼ ux riatzʼy aq .
we a chiwe xusipaj junp oʼt chwexkamik .
k kowinri kunanel che kunanik .
x jiqʼ pari polow.
xa rum al sibʼ alaj rajawaxik le loqʼ alaj jaʼ, lewin aqx kibʼij:che we ikʼ riʼqonojel kuj bʼeche utikik t aqcheʼ.
ri unaneri e rachalal ke pe uloq rukʼri areʼ, kʼ atekʼ uriʼ, mankek owintajke qibʼ ukoq rukʼ, rum al rechche ekʼ o sibʼ alajwin aq.
rum al rech, che mankʼ ota junk k owinche ukojik juntik ibʼalil chik chuw achri kojomchik che are rijesus k risto.
te kʼ uriʼx utzʼibʼaj ribʼp arinim al ajtij obʼal rechajk uʼn.
ka juluwrichʼ umil chaqʼabʼ .
kʼisbʼal kanoq, xoqujeʼk kam riix oq .
le ala xokik .
kʼ op waqp auwiʼri mexa .
arekaw ajna kinʼetaj .
riyawal kukojri ali chiuxeʼri chakach areus uʼt .
na kaqakʼam tuʼbʼi kamik .
ri ajtij kubʼij chike : rajawaxik keqach ajij riawaj , are utik oʼn riajaw .
x intij muk uniwir .
kʼ ax le uwiʼt aqle nuqʼabʼ.
x inloqʼ junilbʼal wibʼ.
waʼwe qʼij, nim ubʼantajik .
riuxeʼ al riqatin amitmanka sachtaj .
x oj bʼinik .
riachalal junamkiw ach.
x inwet aʼmaj rilik wibʼ.
nimri unaʼoj waj tij .
mi qʼinrikʼ ul .
aj qʼojomri ateʼk .
che les anikcheʼk bʼanwiri qʼojom .
kap eleawel pa nawal jaʼ .
rimes onel t ajinkch akunik .
utz chaqe kaqat oʼqibʼ, t aqkʼ okʼ axkʼ olil , kate we chiʼn riajawp aqawiʼ .
xa wi lo , xqʼatanle ibʼ oy .
xatk owinikxabʼ ano.
kiʼri kʼ awex .
kajil ilribʼe .
le alixel bʼik .
areʼx rajx inbʼano.
nimwe abʼaj .
jeʼli kutiʼ jolalris aq koʼr .
nojin aqri kej .
we katij anx ux mankatut oʼtachi uqʼatixik le kʼ akʼyabʼil coron avirus (2019- ncov).
na nimta raqan waʼwe cheʼ.
utz alaj ajchak , riwel .
¿jamp aʼk uj bʼepa nimaqʼij ?
rajawaxik tanelaʼ katch akunw ukʼ .
xut aqchiʼj pa war amp ulew.
manareta ri axwan xelik .
ri awix xu loqʼ rach ochre nim al .
areri ix oqx insikʼinu loq .
ri chʼ imakʼ atʼonna .
laxibʼan leichak ?
kʼi tin amitekʼ opa chʼ oʼj .
kʼ ojupuq chij chiuxeʼri cheʼ.
riuxaqri a bʼixare uwarikej .
kawin aq qʼataj .
la kixp e pa tij obʼal ?
we kech ajix t aqle kʼ wa jacha kinbʼij ; junalik kʼ o jaʼ xuqujeʼ sibʼ alajs aqloloj .
xret aʼmaj .
ri alabʼ om ri alit omabʼt ajinki kitij ojkibʼ rechsut aq, are kakaj kikibʼan nimaqachi jabʼ chupamri kikʼ aslem al , xuquje kʼ ochik jupuqbʼix onel chupamri komon.
latzʼ uw achribʼe .
kʼ akʼriachʼ ichʼ .
qonojel uj , uj may abʼt aqwin aq.
nojel qʼij riat iʼx kuyuqʼ uj le t aqaw aj jelaʼpa nikʼaj jaʼ, chirijri juyubʼ ubʼiʼten aʼ.
p aqʼ omchik risiʼ.
kintzuk unchela .
kakitij le kinaqʼ, le ichaj, le uwaʼlik rukʼlej .
xe kanaj kan le ajchakibʼ .
ketik onri achi jabʼ .
sibʼ alaj itz el ubʼantajik ri chʼilak an.
ri ateʼk xum alty oxij cheri rat iʼt, rum alri utz alaj noʼjibʼal xukʼ utchech.
kkam ulix uch akriabʼ ix .
la x inutzuk uj letij oxel ?
areʼ kach akun ronojel qʼij .
le ekʼ aʼnat aqtzʼiʼ .
s aq rij riplam ux .
jas xa qʼiʼ oxa tijo .
jas rukʼ xkich apwi utij ikle rikil ?
we kat atin rukʼkʼat anjaʼ mankuqʼ atej tale kʼ akʼyabʼil coron avirus.
lakatbʼ inp ale ux lanbʼal ?
lawar al kʼ uxix waʼwi ?
are le nut atk inloqʼonik .
tajin kch akunri ala .
kʼ ori kiʼk otem al aw ukʼ .
xuta jachin kaʼek .
xat waʼikx inwilo .
xtz aqri rach ochrum alri jabʼ .
p ale junikʼ chik are nimaqʼij .
e kebʼ äm kebʼinp auwiʼri tem .
mem riachi .
riwi kancha liʼy kel pa juyubʼchwi tzir ibʼal .
le rajil, lapaj axelaqʼ ax wuʼbʼik ?
paris uʼtpis omwiri lej .
kojp etik kol q akʼ amaʼ .
t ajink atchʼ opin chiuw achrit aqʼaj .
leqʼ or xchʼuqik .
kʼ ax waʼimawum al .
kinbʼis onche lewal .
sibʼ alajkʼ okʼ riawatzʼy aq .
kamik xuj bʼeche utikik t aqcheʼp ari juyubʼ .
kinuloqʼoj le nut at.
chaqiʼ jchikri chaj .
xy ilix haw ayi .
na x naʼtajta chke chixe at inik .
rukʼkʼ uwaʼwe riʼ, ri ix kkʼ ojiʼ junutz alaj ikʼ aslem alriʼ chkiw achriwin aqche manekʼ ota iw ukʼ, kʼ atekʼ uriʼ mankʼ ota junwin aqriʼ rajawaxik chiwech.
e p etin aqp abʼele rachalaxik .
kakaj le akʼ alabʼke waʼik .
xujchʼay bʼik .
rin uchak are qʼ axeltzij .
kʼ ona rux labʼriaw aj.
t ajinkel loq, ri qʼij .
x uqʼiʼ ox kams axri rachalal choch.
ri numamarekʼ o uqʼ inom al .
x kʼ ul mataj jumul, xubʼan junnim alaj jabʼ, manxbʼeye tajta na xukʼisle uyuqʼ chike .
amaʼri nutzʼiʼ .
jewaʼkatp etik .
x inko sik rum al x inch akunik
iw echchi jujunal, ri wa .
xuqʼiʼ ona xata t intaj .
inriq t ajin aqp ari kʼ ayibʼal .
nawetaʼm taj .
kʼ ax le nuqʼabʼ.
utz le xubʼij le achi .
kematzʼibʼ .
kʼ o rachalal pa tzʼ oloj cheʼri p eʼl .
ronojel waʼwe jast aqriʼ, xa sk sachwi uw achwaʼ; rukʼwe riʼ, riix , rajawaxik che kʼ ojunty oxlajikʼ aslem al e k kʼ ojiʼrii chʼawem rukʼri dyos,
xmuq taj ri patzʼan.
ri chʼ ichʼ tzijom kanoqp ari ukʼ olbʼal .
mankʼ ota uch olajp at aqriaw uj .
jachike ikʼ le unimaqʼij letin amitnawal jaʼ ?
xe p etik x olkikʼ amaʼ .
kachuqʼ chutrij aʼchi apam .
x inbʼij iwir chi xebʼepa armita .
areʼ uxeʼ ojertzij war al kʼ icheʼ ubʼiʼ.
xkʼis rin usiʼ .
jawi xkibʼijwi chi keʼ ewi ?
¡ xa jekʼ uriʼ, jachint aqrie kʼop ari judeʼa, chi chanim cheʼa nima jubʼi pat aqri juyubʼ,
kʼ akʼriabʼ .
lakʼ ojunna kakʼ oxomaj taj ?
na utz ta le utʼis omle almariy .
manyaʼtal taj chiawe katokp aja .
jeʼ, xatu tzukuj .
are kel wajxaqibʼ uqʼij ri xkʼojik .
ri xunkurk kʼ ojiʼp at aqri triko .
x insachik .
xutʼuyubʼ aʼ
nanutomta letzij …
wachʼomri kiwari noʼs .
ekʼ ojobʼchʼ ilwa kʼ .
rajawixik chip at aqritij obʼal, pa nikʼaj ubʼixik chik
ri rajaw rulewareʼ t atkel .
we kʼ ux okik, wekʼ na xokta
we achi xusipaj junpʼ otchwe .
ata tu t aq oʼnle qʼataltzij .
na qʼanta uw achleq aprut.
ri xaʼr kʼ op auwiʼri qʼaqʼk poqʼowik .
ri ro qʼej ri alija ch akp ejunakʼ al .
kʼ ojunala p atij obʼal .
s äquwiʼri t ataʼ .
riwi tzikʼ t ajinkp eloq .
jawi xsach onwi kanuyaʼik le p waqche .
utz we a chiwe x ink unanik .
qonojel kuj waʼp auwiʼri mexa .
rikax laʼnik manp oqontaj .
inx inbʼe rukʼri wachiʼl .
sibʼ alaj jeʼl xkilo xekitz oqopij ri kichij chilaʼ.
kin bʼinikx inʼek .
kʼ axkʼ olik , kachaʼ.
kutij ixim riakʼ .
ri alix chel, x uqʼiʼo xa junakʼ xsipaxche .
xq asikʼij leix oqchutzak iksubʼ .
mata xa bʼins aj lechʼ ichʼ .
ripixtzʼa ralikrum alrieq aʼn.
¿jamp aʼkel chi3%
kʼ ojunnukʼ otojchiʼaj .
t ajinke waʼkatri alabʼ om .
x inloqʼ le nukʼ akʼ ap oʼt .
na utzakik t asubʼ t ajinkuʼ ano
x oj ut aqchiʼ ijx oj waʼik .
iwe chriabʼix .
s aq rij richij .
ajsik cheritin amitkel wirit ataʼ .
- ¡ay ! xa x intzaq uloq, kʼ axwe waq an.
x kʼ ul matajpa junkomon chiʼuw achjun juyubʼ, xuriqa junqʼij xkiriq kibʼ junim ul rukʼle kok .
jas xa t aq chiʼj le akʼ alchutij ik?
xinch apo su xuloqʼo .
qʼ inom riachi .
ri kʼumk tij owrukʼkabʼ .
t ajinke jachʼanik .
tz ebʼal ukemik le pa sawum al .
arekayoʼw leuchik opil le ubʼantajik trypanos omab ru cei .
we katnimanik utz kelik .
pero noʼjim al p etnaq loq, .
are lenuchak juntzuqbʼ al wibʼ.
x kunax ley awabʼrum al le ajqʼij .
ri ukʼ uʼx tzʼibʼp aqa tzij elajuj .
sibʼ alaj jeʼlik rieq abʼal xubʼanri luʼs .
sibʼ alaj atk on.
e manx o ri jupuq kej .
na x naʼtajta chke xeat inik .
rikʼam albʼe xubʼij chike, chi majaria nim .
jumuchʼ ri nu junabʼ.
qʼip t ajin aqri raqanri tem .
kch akun rukʼri josbʼal cheʼri ajanel .
xa t aqchiʼj le akʼal chutijik kar .
ojkʼ op ale roʼch leawel .
¿lakatp eq ukʼ chweʼq ?
lewin aqp ale chʼ ichʼe tʼuyullowi .
x kanaj kanoq chiuxeʼri jabʼri chʼaʼn.
nimrija .
weta xa kunaj lea t atmatax kamlaʼ .
na nukʼ amomtuʼla riʼ.
chqa nukʼ uʼri qatzij .
kim bʼep aletin amit.
x inqʼiʼ ona x inatin taj .
rajawaxik kakʼaman chawe le utij ikle lej .
kʼisbʼal t aqnoʼjibʼ al .
xineʼwaʼ oq .
xkibʼankʼ axchele uw os aqrum al manutz tachi kakayik .
ri qʼ utuʼm mankech taleakʼ alabʼ .
are na nimt aleatzʼiʼ chuw achle nutzʼiʼ .
xe p etik x ol kilaʼ .
¿jawchiʼ xat aʼche x kam riumam ri p oʼx ?
e kebʼ kekʼ ambʼikp atuj .
x inloqʼ junjap ariw okajja .
riax t uʼbʼ , kʼ oq ulaj chech.
jas karaj kaʼ anchutzak ikle tiʼij .
xutij lewa .
x imbʼ alre tzij .
xp axribʼ oʼj .
we kaw ajkat int oʼo xaqxuwi kabʼij chiwe .
jas nukʼ ukuchʼ obʼo .
jas karajkutij o ?
xex rux labʼri rikil .
e nitzʼaʼq let aqimul .
we tane inx in bʼanowik , are le ateʼk xbʼanowik .
kintz alijp ale nutin amit.
rin uchaqʼ kʼ opa uroʼ qʼatojtij onikp aritij obʼal .
x inxiʼj wibʼ x inchʼawik .
kʼ o chwa roʼchle pare .
chi raqan kabʼ inwirit ataʼ .
xsach on kanuyaʼik le p waq checho ja .
x inqʼ axchikix oʼl riwin aq.
ketik onik .
ri ulewman qe ch taj, kechriqat iʼtq amam .
xe p elewin aqx olkikʼ amaʼ .
xuloqʼriw uj rum alri ali.
chewe qʼij kamik kʼ ojunnutzij onemchirij le nutin amit.
kej riʼ.
x kunanal aq chwe .
kinusikʼij lenun an.
riim ul xuchʼij taj , x kanajp abʼe , rum alri nim al kujal uj ri imul, xutzaq rianim .
kubʼanri ux oqʼ oʼl ri ajtzʼaq .
ri la sibʼ alajutz che kunabʼal .
kʼi kiw achrieʼ ajchakibʼp ari komonty ox, kʼ atekʼ utxa junchi ajaw xel ;
xqatachi xatu lik .
kaw ajchik atʼek .
chʼ utiʼnke kanaj ri xa jabʼchech.
kaqaxiʼj qibʼ kaqach apo.
ekʼ o kebʼ ukʼ aj ol let atx w an.
luʼs ubʼiʼri recham.
aj chi uwiʼmi qʼinjaʼri luʼ .
x inya kan le nuchimp akʼ aybʼal .
kʼ atexri lo ,xp eri unanche utzuk uxik , xkik otik , xusa labʼis aj rit aqux kin .
xkikʼ utchiuw achri ajtij xuqujeʼ chikiw achri t aqnikʼaj kachil .
utz len uqʼabʼ.
kul le alweʼl p aaustin chaqʼabʼ kamik .
riat eʼk xtzaqloq are chi kʼ op auwiʼri qʼaʼm .
ajp atanrit eʼk .
xat qaj chiupamri il .
lakʼ otzij na kikʼ oxomaj taj ?
xsach on chkechixe at inik.
ronojel leulewe chalaq.
la xebʼe kʼ ula xeʼkij aqakʼ ule uchiʼja ?
xaqkatchʼ ok najiwir .
kamik kʼ ochi rijast aqawe .
arechiʼ kakʼisri junabʼkʼ oqʼ inom .
pa nawal jaʼx inal exik .
na x inta taj we are riakʼ al kixtzuq uwik .
¡ rulewri sabʼ ulone rulewri nef tali, ubʼe ri polow, rulewri jord an, g alileʼa kechrijet aqamaqʼ !
rax , rax , rax , kʼ okʼ , kʼ okʼ , kʼ okʼ le rux labʼle t aqtik oʼn .
achi xatwi lo .
paqal rajil lepix kamik .
x oj bʼinik .
p ajunjeʼl tij obʼal kutij oj ribʼ junakʼ al , ubʼiʼp oʼx , utzk uril oke pa tij obʼal ronojelt aqqʼij .
x waj chi xatʼ etaj .
utz laʼle xubʼij le achi .
wetaʼ am jachinkap etik .
kinqʼojom anik .
x inqʼiʼ otakʼ alikx inp etik .
areʼ ret aʼmche kinopanik .
aret abʼale qaqajawch att oʼwik .
kawin aq waqibʼqʼ ataj .
naqaj chik cheri uwaq kaj bʼal aret aqchiʼk sachuw achri qʼij, kok ri qʼeq uʼm chuw achulew, chi kʼ ateʼna ribʼ elej ebʼkajbʼ al .
jobʼ raqanritzʼ alamxep oroxik .
sibʼ alaj korij ri mop.
arewaʼ .
jelaʼp ari t iminitchwi kabyok rechx elajuʼ, le qananq atatkaki tiko jeʼl alajt aquw achichaj.
kʼ axnuqul .
xuʼlukʼ amaʼ .
koj ul kitzuk uj .
are mankʼ axta uk unaxik aret aqanin aqkaʼ ilitajwe yabʼilal xuqujeʼ mojoʼqa kuyaʼ lekʼ axkʼ olil chechle jolom aj .
ri welkʼ opa tij onik .
kaw ajkinbʼij .
rik otzʼiʼj kqakoj chiupamri ja .
qʼeq qʼoj rij ri amaʼkej .
na x waj taj x inchʼawik .
chpet abʼale loqʼ alaj jabʼ .
xsach on chkex atki sikʼij .
eleqʼ alchʼ ichʼ .
jachin xa wi lo chi arextij owritiʼj ?
mata kabʼe le nuxbʼalp aletin amit.
pimruq, ri ali .
¿ kʼ orimuqʼe chiawech?
kqabʼij mankek owintaj .
kintij na .
kʼ ojun qatʼ uʼy paja !
kʼ opuj chiupamri chʼaʼk .
aret aqkinko sik kinw arik.
xat waʼikx inwilo
in x inchʼay owle achi .
konojelri alaxik keʼ etzʼ anik .
jas rukʼ xkitij wi le kirikil ?
a nin aqil katp etik .
naraxta uw achle juyubʼ .
ri tzʼ alam tzʼibʼ abʼal raxk kayik .
we chatch akunik, kʼ o awa .
maʼtamxatp echeri waʼim .
kamul kin waʼna .
risikil ktij owrukʼik .
kim bʼeaqʼ anrukʼle alt alin.
x oj ʼek xeʼqila larq as ok .
xekiqʼ il le ajchakibʼ xkiw okle ja .
matanex waj le kʼ uhj nem rukʼle ateʼk .
are xeʼ opan chiuchiʼri juyubʼ, xkilo chi manqasta kʼoqʼ ay es .
kʼ atekʼ ut, rijesus mank kojonta chkechri eʼareʼ, rum al rechche konojel ret aʼmkiw ach,
p aʼ tz rij ritzʼiʼ .
juwin aq waqibʼqʼ ataj .
atelaqʼ om .
xaq atjoʼs .
ri qʼatzu, are qʼ alaj ri uqʼijil .
ajchak we ala .
ubʼ eleju kakʼ alt aqanik (29).
kebʼnu bʼiʼkʼ olik .
lakatz alij luʼ laanin aq?
katzuk unla chwe .
lakaj lakojbʼ eʼp alech omal chweʼq ?
x in nabʼej chutasik q akʼ olibʼal .
lal x int oʼwik .
sibʼ alaja noʼjibʼal .
x ojp etik x ol q akʼ amaʼ .
sibʼ alaj jeʼlik ri uwaʼl ri ichaj .
kʼ axwij rum al inpa chalik.
aret aqxukʼ ul majwaʼx ul ri uch omanik xubʼij : are utz wa aqʼabʼkinw alijik, arechaʼcha nimki nopanpa tij obʼal, maj chi kinkʼ ul maj .
oj ajx ojolobʼp aaw as qʼij.
xinsach chele uw okikle tzij .
e julajuj riakʼ .
xutaj amp aʼkoj ʼek .
q ilik .
ri tij oxel man areta nim chuw achri rajtij . ri utz tij oxel q asjeriʼkʼ olik jasri rajtij .
in xa tin chʼayo .
noʼjim chak wum al .
chʼ urri jochʼ .
inkinbʼij na katsach taj .
uj mayabʼ .
riabʼ ajyatzalik .
t ajin kepixbʼ ax riakʼ alabʼ .
ch omri aq .
x inwarik .
elemen konojel riakʼ alabʼ .
t ajink qʼanarik ri we reʼ aj .
le ukemik le pa sutz ( chawe ).
xuyupubʼ auw achr aʼchi , kachaʼ, .
ri satanas kokp ari judas ri kbʼixis kariʼo techrech, ri areʼ junchkix oʼl rie kabʼlajuj .
chuch uripar .
kinqum uj ri nu jochʼ .
chechpun ción lumba ramaqʼel rajawaxik chechrilik le ukʼ exbʼemwi le nabʼe rukʼle ukabʼ ukʼ utunemle yabʼilal .
qʼ alajchi nakaw ajtaj kabʼij .
kʼ oqʼ ol chirij risiʼ.
jawi x ojʼew ichuloqʼik ?
kʼ o ulo chʼ rit alin.
qʼanrij riat iʼtnu kej .
la xtz alij laiwir?
xe sikʼixik , kʼ atekʼ uriʼxe yaj ik, xuqujeʼxet aqbʼiche usikʼiklem es .
lakix warik?
arekʼ ule pa lomax xubʼijche : - mam katbʼ isontaj , kinsikʼij nikʼaj wachiʼl kerap apik .
aʼre e tij oxelabʼ .
ri alajalis iʼl xubʼij xqach appa utz alri ty ox .
xsach on chke jachin xeat inik.
jas xur ayij lea nanxutij o?
x inkosik .
rax ronojelri qʼay es rum al le jabʼ .
kinya waʼwechʼ ichʼp inem na utz .
noʼjimup achʼ uxik len uwiʼ.
najkʼ owi lewoʼch chuw achletij obʼal .
ri okibʼal kʼ ochiuw achris aqja .
xe nut aqchʼij kekil le akʼ alabʼ .
kʼ ojunqʼ oxowem chiwe .
tz ari choʼm .
we chojbʼep ale nimaqʼij , keq il le ajx o jolobʼ.
x oj ʼek xeʼqila larq as ok .
ri ateʼk xutaʼ chechri nant oʼn: - nanjas cheʼchi mankajta laqakʼatis aj ri joʼq .
ri p al sibʼ alajx uʼy .
kinkoj rij okbʼal ulew.
inkinbʼij na katsach taj
a t raj kunle nun an.
kuq am uju joronri ajtzij .
luʼ tzʼalam ubʼiʼ riachi kel pa nimcheʼ .
jeʼli kutiʼ jolalris aq koʼr .
kʼ ojunxaʼr paja .
x inloqʼ junkʼ akʼp atan.
kʼ ax ukemik le pa sawum al .
aninaq ukemik le pa sawum al
ri chʼaʼn sachin aqp at aqabʼix.
raxt aqle kotzʼiʼj .
mes om kanoqri upamja .
manaretar ala xkosik .
ri komon xechpup rechuqʼ abʼtin amitx oʼlabʼaj rechqʼ umar kaj .
la utzakik kʼ usubʼ t ajinkuʼ ano ?
k atela !
na xutij taj .
xa rum al ket aʼmkonojel riwin aqk kiqum uj le jaʼ .
iwir xuj tz alijlap akʼ aybʼal .
q et aʼmche riqaw akuj ut oʼo .
ri ajtij , kyaj on chikechri akʼ alabʼ .
jas ubʼanom lenuchʼ utit at?
chweʼq kinbʼe pa nimtin amit.
utz we ki wet aʼmaj jaskubʼij rich olbʼal qʼij .
t ajinkatj ilowche uqʼ oxom jolom aj .
x intik qʼ axchiuw achrija .
kʼ ax le kibʼe lewin aq.
loqʼ katk untajche le yabʼil( covid -19).
ri nux ibʼal kel pa qajbʼal qʼij .
x ril riaxwan chix waʼri ala .
le alix kunatajik .
weta kap ele jabʼ kamik .
x inwet aʼmaj chi na xatp etaj .
ri p waqrechwe qʼataj riʼkes axchechri tojbʼ alkʼ ayinem .
ktij ri uwaʼlik rum alri ki nimaqʼij .
xuch apuk unaxik .
ch atan loq ali.
xin xuliʼq aj oq .
jeʼli k k tij owri t aqikox .
kʼ atekʼ uri le t atxoʼr xubʼij , mankaw ajtaj , mankaw ajtaj .
kʼ ojuntzʼiʼp abʼe .
kamul x inp e cheatzuk uxik .
mant ajinta kinch akunik .
kinch akunik rechkat waʼik .
jas rukʼ xa wilwichi xkiqupij wi letiʼj .
jas ubʼixik … ?
koqʼri akʼal .
kaw ajna katʼ etaj .
xatqʼ ajik .
wem na cha loqʼ ax iy al, na kim bʼeta aw ukʼ .
x opanle wujaw ukʼ rum al we chin.
arekʼ utp ale juyubʼk kʼiy joron, chilaʼ xekikʼ amawiri jaʼ riwin aq.
koqʼri akʼal .
we kʼ oa rajil chakʼam al oq .
are sibʼ alajkaq le apoʼt chuw achle nupoʼt .
x inkʼ astaj pa kabʼlajuj kajbʼ al .
kaqoyʼ ejna kixp etaj .
ko kaxim richij xa jelaʼ manka nimaj tabʼik .
ri kok nojim xbʼek , xuchʼij ox opanpa ukʼisbʼ alil leanim .
x ojkiʼk otik aret aqx atulik .
kaqitzʼ naj riu xa jabʼri akʼal .
rijesus kwaʼkatp arinim rach ochri dyos, chuxeʼri junjache rach ochri salomon.
wet aqanik riʼ kubʼijchi rajawaxik kyaʼ uqʼij riwin aqxuqujeʼk t oʼanin aqil .
riax ux are na riuk unel ri kinaqʼ .
aret aqwaʼri uqʼij ol wet aqanik.
kʼ ojuntabʼ alp auwiʼri x kanul ubʼiʼ lajuj noʼj .
yuʼl ubʼanomri ukolobʼ rikej .
xa nimaj ri akʼalchi uw achri uch uch.
k kunanri achi .
kinwaʼik rechna kiny owaj taj .
ajxikchʼ ichʼri luʼs .
k wajche ix kix bʼanowik .
aʼre xet oʼwal aq .
x oj ʼek xeʼqila larq as ok .
x inloqʼ junchʼ ichʼ, qajin aquw ach.
kutʼis ripantal on.
ejanip ale awalkʼ wale kʼ olik ?
utzuk emik le p as chawe .
rimaxare aj qʼaniyaʼ .
mat abʼachi riq kʼ axp alebʼe .
t ajin kanimaj, rimeʼs .
ixi xeʼla qʼ omabʼ!
x sachan chwe .
ekʼ okʼ icheʼ, chiuw achri juyubʼ .
arewaʼri nimalaj pixabʼe arewaʼri nabʼe .
xret aʼmaj chirukʼ pa kʼ kutij wi
jas utzakik les ubʼxuʼ ano ?
ajx oʼy ri wi kan .
wetane aʼre xetij owle rikil , are le komon xetij owik .
sibʼ alajanin aqka chʼawle areʼchi nuw achin.
utz we kinch akuj .
meʼs laʼ.
kʼ okanwa rechkaqa tijo .
x insikʼij la .
riakʼ al xsach kanoq jelaʼpat aqʼaj .
xe sikʼij la .
jawi xkibʼijwi chi keʼ ewi ?
rum al che, manixta riʼrikix chʼawik , are ri rux labʼaxel riit atriʼrik chʼawna iw ukʼ riix .
kʼ akʼriw ach och.
sibʼ alajutz kinwil leatzʼyaq rechna huala .
saqpor kkay ri kip oʼtrin an.
xsach onri nuch ak chwe .
waʼimxuch apo.
ri qʼaqʼt ajinka juluwik .
na jil upamris iwan.
ekʼ o riqachalal pa chi uwiʼla .
jas xa t aq chiʼj le akʼ alchutij ik?
noʼjimu kemik le pa sawum al .
kʼ ojunkuk ubʼiʼt intin, waʼlelaj kuk mamka jeqitaj , kap aqi kax ulikp auwiʼ uqʼabʼt aqcheʼ, sibʼ alajsakʼ aj , keʼ uto le e nimaʼq , chʼ utin, rachiʼl , ajsipanel sibʼ alajutz ranimaʼ.
ri upixabʼle qʼatbʼ altzij kiyaʼ ubʼixik .
na xsach on tachke xeat inik.
xeqil le chi kopp uwi leja .
x loʼtaj riakʼ al .
qonojel kuj waʼp auwiʼri mexa .
xsik irlewaq an.
la xat waʼkʼ ut?
nim ubʼaqʼri tulul .
kinxikʼ ikʼik x inqʼ axik .
lakatbʼ ep aletin amit?
ripal sibʼ alajsaqʼ or .
kqʼ oxownuj alom.
x in naʼochi katp etik .
x loqʼ ulewiwe chix .
x inch akun rukʼri num am .
na xqabʼantaj .
kkʼ ojiʼ bʼaʼ riusip anik riajaw xel jesus kristo rukʼriaw ux labʼal !
kinchʼaw rukʼlenu nanp ale chʼawebʼ al .
sibʼ alaj qʼeq uʼm rum alri may ul .
are leb axulik .
xekos leix oqibʼp alebʼe .
kʼ axrilik le akʼal chawe .
x inqʼiʼ ox inatinpa joron.
sibʼ alajnim letin amit.
kʼ ax ukemik le pa sawum al .
x insachik .
t ajinke lu kikʼ el pa raqanri tzʼiʼ .
x inwet aʼmaj rilik wibʼ
ri qʼuqʼ are junjeʼl chikop.
kʼ opa jatij obʼal ri wi kaqʼ .
ri sachibʼal mak rajwaxik chiqax oʼl .
jeʼ, kim bʼek .
jelal eʼri nup wiʼ.
xubʼijche : - jas xa bʼanot intin?
kabʼanjunt oqʼobʼ kyak rinujal .
k atʼekx inta .
jasle ukʼ exbʼem ribʼ lejun rukʼle junchik?
aj chi uwiʼmi qʼinjaʼri luʼ .
ri tij onel naj kp ewi .
teʼ kixch obʼ ubʼiʼri nut at.
ri jaʼ kamiqʼik chiuw achri qʼaqʼ .
ri tʼ uʼy kp aqʼ owik .
kinm es onna .
naqaj atkʼ owi chiwech.
x inbʼis onik t aqna xatp et taj .
we xkam riwin aq, rip waq rechtojbʼ al makaj kyaʼ chikechri ralaxik .
ri nu nanxbʼep akʼ aybʼal .
xojukʼam uloq rechkoj ri lo
x kʼ oto chin chikiw achchi kinwaʼ aw ukʼ .
na xkikams aj taj xkikʼ ambʼi cho ja .
kʼ akʼri ikʼ kamik .
x imbʼe rukʼle ajk uniwir .
rilik .
letzʼiʼ xekosik .
x inkik ota wum al .
riim ul xumajria nim, xuya kan lek ok .
kʼ ooj cheri akʼal .
xuj bʼep ajunkʼ ulanem .
utz we k war alaq.
kaqilo chi nakoj ukʼamtaj .
x ret aʼmaj chirukʼ pa kʼ kutij wi .
sibʼ alajx inkʼ aʼna rik.
x inko chij ri nuwa .
mankatk owintajk atch akunik, we mankʼ ota ri ajilabʼal .
wew onon xubʼij chike : - kix into .
ri ala nimk ril wi riumam .
x kaʼy chirij , x kaʼy chuw ach, makʼ otachi junk s ilobʼik , x oqʼikx uxeʼj ribʼ xchʼ opinik xtz alij loqx uriq tachikri ubʼe .
kʼ opusche ri wa .
pinem na kabʼe lewatz, kim bʼewi inpa kaʼyibʼal .
ri nant oʼn nimwin aqchik , s aq uwiʼ, ronojel aqʼabʼ utz kunaʼ o katʼ uyiʼpa utem, kumi qʼis ajribʼ cho ri qʼij, kʼ ojunuwiʼ umam ubʼiʼ ateʼk .
manekʼitaj riq ulaʼ.
qʼ alajchi nakaw ajtaj kabʼij
xp aqabʼis ax rajil ronojelri kem .
kʼ op arijul ri kumatz .
ronojel qʼij kinchʼaj le nu ware .
s aqchik anle ichaj rechkatzak o .
chux eleq ach omal kaqatij wi junq ameqʼin.
chawilaʼ .
ekʼ ojobʼ umiʼal, ri nut at.
jas rukʼxa wil wi
jeʼjasri win aqrechri uw achulew, xoqujeʼke pena riʼri eʼareʼ che e rechri uw achulew; jeʼjasri win aqrechri kaj , xoqujeʼke pena riʼri eʼareʼ erechri kaj .
x intijo .
k tzʼ ujuwri rach ochri p oʼx .
x uqʼiʼo are leukʼ ulel xyaʼowuw a.
ri awel xret aʼmaj chi rajawaxik mank uxejta ribʼ cheritukur .
jukʼ ulajwin aqxeʼa nimaj bʼik .
jeʼ, x intz alijik .
x ojp etik x ol q akʼ amaʼ .
maj jachin xʼek .
in ajtij ; attij oxel .
saquwiʼri t ataʼ .
wechrikem .
le roʼchle ateʼk kʼ ochw achle ukʼay lenu nan.
kbʼep ari siriʼ aep ari silisiʼa, jawi jeʼ kuya wiri kichuqʼabʼ ri komonty ox .
pixabʼ: manutz taj kʼ ax kuj chʼawchi kij nikʼaj qachil.
x kunataj le ali ( kum al riix oqibʼ).
rix ibʼibʼal chi kʼ owi p at aqriqakʼ aslem al ronojel qʼij .
na kuj war ta war al .
onche k kʼ ojiʼri utzil chix oʼl , are ch junam riqakoj onik, junamri iwe chix rukʼri we chin .
pa oxqʼijris aʼnk bʼena rukʼriaj kun .
kawin aqwuqubʼ .
jaskaw ajk intijo ?
weta x atbʼe wukʼp aletin amit, xa loqʼ ta laʼle ujast aqle akʼ aj ol .
kebʼep awaʼ im .
x inloqʼ kʼi wa .
pa junnimkʼ acheʼlaj , kʼ ojunkʼ waʼ sibʼ alajs aqloloj , nimuw ach.
kw ajkatij jubʼaʼ wa .
ronojel win aqk ril na ri ukolonem ridyos ».
x kʼ oto chin chikiw achchi kinwaʼ aw ukʼ
kw ajna katʼ etaj .
la xa loqʼ junalej ?
ekʼ ori e loqʼomanel .
ri ukabʼ ubʼiʼri numamare yay .
kinjopij riijaʼ rechtriko .
x naʼtaj chke xeat inik .
xateʼqi laʼ.
kakitij alanx axriwin aq.
... kinbʼij chi arewaʼs inxiʼ an.
na x in nabʼej tachuta sik qa kʼ olibʼal .
rum al rechche we ri in, kinchʼaw rukʼri dyos pa chʼ abʼal, kchʼawna kʼ uriʼri wux labʼal rukʼri dyos, kʼ atekʼ utmankʼ otaup atanriʼch rechri nuch omabʼal .
xep etik xkilo .
xuta we katʼek .
utzuk emik le p as chawe .
ri nuw akax xutij junqʼ oqʼ rum alriʼx kamik .
rum alrikʼix , manke waʼtaj riwin aq.
xeʼ ulik .
qʼeq rij ri amaʼchij .
x raj kaʼ eleun an.
junamki junabʼ.
naqʼ alaj taj we kaʼek .
riwix nam chʼajchʼoj ri rach och.
war al mankʼ otaj ajawal .
naiwir ta x ril lekʼ amolbʼe .
x inp eloq t ekʼ uriʼx intzuk uj ronojelri nu rajil .
ri ajtik onel kutik ritzij .
kʼ oe kikʼ aj ol le achi jabʼ .
kutij qʼayes riix p aʼch.
pari waʼbʼal ekʼ okawin aqachi jabʼ .
sip ojin aqri nupam.
kayaʼtajik rukʼut iʼonem junri uriqomle yabʼila molotsetsé xuqujeʼare kayaʼtajp at aqri juyubʼ .
jachin riachi ?
ri numamx kamik aret aqkʼ ojumuchʼ lajuj ujunabʼ.
kink owinik kinkʼ ambʼi lep waq .
kinwilo chi utzri ajiʼ .
x inqʼ il riap oʼx che mankach akuntaj .
k waʼchiuw achle t aqʼaj ri amaʼ akʼ .
ri imul xe poqʼikp ajunikʼ .
xkʼis kanoq riqachak .
areri alix oj ilow kanoq.
sibʼ alajchʼ uʼjri amax .
kʼ onuw achiʼ.
in ch ajinel kechle akʼ alabʼ .
xekos letzʼiʼ .
kinbʼe na kukʼrim olaj .
ronojel aqʼabʼ kinyitzʼ riw akax .
kar apinik xutzuk uj chi junaw aj.
le ukemik le p asanin aq(aw umal ).
maj urajil leqʼabʼar el .
kʼ axriʼri kachʼawik .
x ojut aqchiʼj le achi ch uloqʼik ichaj.
sibʼ alajkʼ axri xkʼ ul maxik .
xkilo chi na kinkʼ oxomaj taj .
x naʼtaj chkechi xeat inik .
x kʼ otochin chikiw achchix oj al woʼqa kukʼ .
junqʼ uʼq rajil rikax laʼnwa .
x inwilo chixeʼ elik .
ekʼ o ix oqibʼp alekʼ aybʼal .
mankʼ otaj ukʼisikri mayabʼ ajlabʼ alil .
ris ink kʼiyp at aqʼaj .
ri chʼima mank kʼiy tajp at aqʼaj .
rajawaxik kji kikri waq än .
kaw ajkinʼek .
ekʼ ooxibʼ akʼ .
xubʼij chwe jawi atkʼ owi .
chweʼq kujbʼeʼp amuquj .
p as aq kʼa jaʼk bʼanwiri uq .
xoj kisikʼij .
x inwil wibʼ .
chaqʼ chik ri wa .
kim bʼena kap ale woʼch .
kaw ajkinʼek .
ri chʼ uʼktij rukʼlej .
p ari kiqʼij kamin aqibʼk bʼanqʼ ori kʼ yaʼrechaj : nabʼe ri nankutzuk uj kanriaj , kujachʼ oʼ xuquje kukʼe to .
jas kajbʼ al chanim?
utz uch omanikri ali .
pari qʼij ox lajujtij ax kinkʼis kebʼ junabʼ kinch akunwar al .
sibʼ alajko, ri kʼ akʼ chʼat.
jaska rajkubʼij … ?
ri chʼ ichʼ kas ilabʼik .
pa ojerqʼ alpul xaqxuwi ri nimwin aqkekʼ amowbʼe .
le uk unaxikle ukabʼ ukʼ utunik are rukʼ ef lorni tin aonutunibʼ axik lenif urtimox chiʼle f lor nitina checht .b.g.
are riachi x inchʼ ayowik .
junachi ubʼik uʼx usipaj kebʼkʼ aʼm ulew rechkabʼan ritij obʼal, kamik, kʼ ochi kajtij rechri komonxe chpup.
xum alty oxij cheri ajtij ronojel le xukʼ utchiuw ach.
pa ribʼ exkiraq junalajim ul s aq rij , xkikʼ ambʼik .
x ril lebʼale ala .
jaskubʼij chwe ?
le u kunatajem are rukʼ utzuk uxik leuchik opilp ajunus olikuxeʼle kikʼ onle jaʼ rechjun nodo.
utz wenutzʼiʼ .
jeʼ, t ajinkach aponik .
kinuloqʼoj le nut at.
kaw ajkimbʼep atin amit.
arelaʼ kinch akuj .
ri nimaʼq t aqwin aqkʼ o ket aʼmabʼal .
weta x atbʼe wukʼp aletin amit, xa loqʼ ta waʼwe jast aq .
rikikʼ aslem al . wa ixim ulewxa junchima aret atin imitri ma
riukʼ yabʼal najupam.
xat qaj chiupamri il .
nojim kat waʼik .
we kʼ ojunk t uqaʼrik, ¿la manxoqujeʼ taj kint uqaʼr riin ?
oj ojw okolja .
awas kbʼankʼ axche junnimwin aq.
x inchʼawa pan rukʼlew anabʼ.
kʼ axri upamri juʼl .
t ajinke waʼri imul .
lakaj lakuj tz alijlaa nin aq?
rum al rechcheri makaj mankʼ ota uk owinemp iwiʼri ix :riixmani xkʼ otachi chuxeʼ ripixabʼ, xane ix kʼ ochuxeʼri sip anik .
nimraqan lecheʼ .
x inch apo .
areletuʼr le loqʼomanel .
x askatkʼ ojiʼ chiupamri chʼichʼ .
sibʼ alajnim raqanri kʼam albʼe .
le tzʼibʼabʼ alwe chin.
in x int oʼwla .
xa jekʼ uriʼri ix kamikriʼ manix kax lanwin aqtachik; riix , ix rechri kitin imitrie ty oxlajt aqwin aq, ix rechri rach ochridyos .
x intiko x lajkʼ alichaj .
kaqariq qibʼ chweʼq .
sibʼ alajutz cheri wiʼ aj ritu ney .
we na jupulik taxeq ajik...
x int oʼtaj cheri nuch ak.
kʼ ojunchik op ubʼiʼpum .
p oq onri ik .
x oj bʼinik .
xuchʼek ronojel le retam anikxp aqiʼk kʼ ax k wʼ inikx ubʼanajkun .
kel ubʼikp ariju deʼa ek tz alij chi ubʼi jumulpa rig alileʼa .
xi naxibʼijp abʼe .
jeʼl kʼ o lem chiaw ach och.
ronojelri yaʼtalilp awe qʼataj , tzʼaq atkiw ach, mank tzaqta kanoq xuqujeʼ mankt astaj .
xuk unaj ley awabʼle ajqʼij .
chit atabʼ ej jasle kimbʼij .
chʼanal riachi .
pabʼokoʼ kach akunwiri ta x .
uj kʼ op auwuqqʼij .
kiʼri ukabʼri aqaj .
kʼ o rachalal pa tzʼ oloj cheʼri p eʼl .
xkilo chi kinkʼ oxomaj .
ri ukisakʼ utzk yaʼik chiuxeʼri tikoʼn .
aret aqchiʼ kaqʼanp uwiʼri jukubʼ, riachi che xkʼ ojiʼri itz el ux labʼal rukʼ, kuta ch rechri areʼ, are chk kʼ ojiʼ rukʼri areʼ.
na kabʼantaj tawum al .
x naʼtaj chke xeat inik .
x inpaj ri nutriko .
xeʼ ok rip okʼ pa riumexari p oʼx .
ka juluwriaqʼ aʼl chiuxeʼri tʼuʼy .
aw echle ja .
xuj bʼep atzurik .
nabʼe xa t opanik .
ri ukabʼ ubʼiʼri numamare yay .
uw ajxaq ukakʼ alt aqanik (28).
mata kʼ ojunka kanaj kanoq, qonojel koj bʼek .
enimaʼq le alt omabʼ .
nimuw achri p oʼt .
koj onikp ari utzij wa ixim ulew.
jas xukʼ ambʼi letzʼiʼ xawilo ?
x inp etik, t at.
ribʼ elajuw ach.
chit atabʼej jasri kimbʼij .
jeʼl kunaʼria bʼix chiupam riquq ulew.
kinbʼis ojuw achlewal .
xutʼuyubʼ aʼ.
nim riaweq eleʼn xa riqo.
xineʼwaʼ oq .
chiʼke war wile akʼ alabʼ .
rin umiʼ al xut aqloqjunt aqoʼmwuj chiwe .
qʼ eʼlik , ri chajpa ribʼe .
la utz aw ach? - utz m alty ox, ekʼ uri at? – utz m alty ox .
x inkos rum al nu chak .
kbʼe kukʼri eʼareʼ ek tz alijp ari nas are te keʼ unimaj .
rij oj xukʼ ambʼik riakʼ .
kʼ ochiw achiʼl chanim.
kubʼij chechnaʼl kabʼanche ri atzʼibʼ .
e ... inkaw ajkatz jojbʼila chwe .
mataxin yaj le ali .
jachin rukʼk atbʼe wi ?
kʼ o sibʼ alaje t aʼmabʼalp ari mayabʼ noʼjibʼal .
e manx o ri jupuq kej .
kas umumri kaqiqʼ .
ekʼ okajibʼ akʼ alabʼp alebʼe .
jeʼjasri ut atk kaʼyik .
xaq at molonel tzij tal .
le nut atka loqʼon chwe .
xaqtane kim bʼeiw ukʼ .
xret aʼmaj uchʼajik .
rum al laʼx koj “ xa lqʼat” che ubʼiʼri komon.
are le ukemikp as xret aʼmaj .
ri watiʼt kubʼanna riup atan.
kʼ akʼle poʼt .
ret aʼmuw achjachin x loqʼowri p as .
kenchʼabʼ ej le akʼ alabʼ .
yaʼtal chaqe qonojelri ujwin aq utzkaqil qibʼ.
xkotiʼpa qʼay esx oqʼik .
kawin aqbʼele jebʼqʼataj .
ekʼ okajibʼ ral ri imul, juns aq, junqʼ an, junqʼ eq , junqʼeqoj , sibʼ alajketzʼ anik, kechʼ opinik ri alajt aqimul .
kch olol riachachal .
ketek ikriikʼ .
xe p etik rechkewaʼ iwukʼ .
tz atz ri uqʼanil riakʼ .
x oj tz alij ikx ixeʼqa qʼatuj kukʼ le ita tin an.
riyoʼxt aqakʼ alabʼ kekikʼ ux riatzʼy aq .
we a chiwe xusipaj junp oʼt chwexkamik .
k kowinri kunanel che kunanik .
x jiqʼ pari polow.
xa rum al sibʼ alaj rajawaxik le loqʼ alaj jaʼ, lewin aqx kibʼij:che we ikʼ riʼqonojel kuj bʼeche utikik t aqcheʼ.
ri unaneri e rachalal ke pe uloq rukʼri areʼ, kʼ atekʼ uriʼ, mankek owintajke qibʼ ukoq rukʼ, rum al rechche ekʼ o sibʼ alajwin aq.
rum al rech, che mankʼ ota junk k owinche ukojik juntik ibʼalil chik chuw achri kojomchik che are rijesus k risto.
te kʼ uriʼx utzʼibʼaj ribʼp arinim al ajtij obʼal rechajk uʼn.
ka juluwrichʼ umil chaqʼabʼ .
kʼisbʼal kanoq, xoqujeʼk kam riix oq .
le ala xokik .
kʼ op waqp auwiʼri mexa .
arekaw ajna kinʼetaj .
riyawal kukojri ali chiuxeʼri chakach areus uʼt .
na kaqakʼam tuʼbʼi kamik .
ri ajtij kubʼij chike : rajawaxik keqach ajij riawaj , are utik oʼn riajaw .
x intij muk uniwir .
kʼ ax le uwiʼt aqle nuqʼabʼ.
x inloqʼ junilbʼal wibʼ.
waʼwe qʼij, nim ubʼantajik .
riuxeʼ al riqatin amitmanka sachtaj .
x oj bʼinik .
riachalal junamkiw ach.
x inwet aʼmaj rilik wibʼ.
nimri unaʼoj waj tij .
mi qʼinrikʼ ul .
aj qʼojomri ateʼk .
che les anikcheʼk bʼanwiri qʼojom .
kap eleawel pa nawal jaʼ .
rimes onel t ajinkch akunik .
utz chaqe kaqat oʼqibʼ, t aqkʼ okʼ axkʼ olil , kate we chiʼn riajawp aqawiʼ .
xa wi lo , xqʼatanle ibʼ oy .
xatk owinikxabʼ ano.
kiʼri kʼ awex .
kajil ilribʼe .
le alixel bʼik .
areʼx rajx inbʼano.
nimwe abʼaj .
jeʼli kutiʼ jolalris aq koʼr .
nojin aqri kej .
we katij anx ux mankatut oʼtachi uqʼatixik le kʼ akʼyabʼil coron avirus (2019- ncov).
na nimta raqan waʼwe cheʼ.
utz alaj ajchak , riwel .
¿jamp aʼk uj bʼepa nimaqʼij ?
rajawaxik tanelaʼ katch akunw ukʼ .
xut aqchiʼj pa war amp ulew.
manareta ri axwan xelik .
ri awix xu loqʼ rach ochre nim al .
areri ix oqx insikʼinu loq .
ri chʼ imakʼ atʼonna .
laxibʼan leichak ?
kʼi tin amitekʼ opa chʼ oʼj .
kʼ ojupuq chij chiuxeʼri cheʼ.
riuxaqri a bʼixare uwarikej .
kawin aq qʼataj .
la kixp e pa tij obʼal ?
we kech ajix t aqle kʼ wa jacha kinbʼij ; junalik kʼ o jaʼ xuqujeʼ sibʼ alajs aqloloj .
xret aʼmaj .
ri alabʼ om ri alit omabʼt ajinki kitij ojkibʼ rechsut aq, are kakaj kikibʼan nimaqachi jabʼ chupamri kikʼ aslem al , xuquje kʼ ochik jupuqbʼix onel chupamri komon.
latzʼ uw achribʼe .
kʼ akʼriachʼ ichʼ .
qonojel uj , uj may abʼt aqwin aq.
nojel qʼij riat iʼx kuyuqʼ uj le t aqaw aj jelaʼpa nikʼaj jaʼ, chirijri juyubʼ ubʼiʼten aʼ.
p aqʼ omchik risiʼ.
kintzuk unchela .
kakitij le kinaqʼ, le ichaj, le uwaʼlik rukʼlej .
xe kanaj kan le ajchakibʼ .
ketik onri achi jabʼ .
sibʼ alaj itz el ubʼantajik ri chʼilak an.
ri ateʼk xum alty oxij cheri rat iʼt, rum alri utz alaj noʼjibʼal xukʼ utchech.
kkam ulix uch akriabʼ ix .
la x inutzuk uj letij oxel ?
areʼ kach akun ronojel qʼij .
le ekʼ aʼnat aqtzʼiʼ .
s aq rij riplam ux .
jas xa qʼiʼ oxa tijo .
jas rukʼ xkich apwi utij ikle rikil ?
we kat atin rukʼkʼat anjaʼ mankuqʼ atej tale kʼ akʼyabʼil coron avirus.
lakatbʼ inp ale ux lanbʼal ?
lawar al kʼ uxix waʼwi ?
are le nut atk inloqʼonik .
tajin kch akunri ala .
kʼ ori kiʼk otem al aw ukʼ .
xuta jachin kaʼek .
xat waʼikx inwilo .
xtz aqri rach ochrum alri jabʼ .
p ale junikʼ chik are nimaqʼij .
e kebʼ äm kebʼinp auwiʼri tem .
mem riachi .
riwi kancha liʼy kel pa juyubʼchwi tzir ibʼal .
le rajil, lapaj axelaqʼ ax wuʼbʼik ?
paris uʼtpis omwiri lej .
kojp etik kol q akʼ amaʼ .
t ajink atchʼ opin chiuw achrit aqʼaj .
leqʼ or xchʼuqik .
kʼ ax waʼimawum al .
kinbʼis onche lewal .
sibʼ alajkʼ okʼ riawatzʼy aq .
kamik xuj bʼeche utikik t aqcheʼp ari juyubʼ .
kinuloqʼoj le nut at.
chaqiʼ jchikri chaj .
xy ilix haw ayi .
na x naʼtajta chke chixe at inik .
rukʼkʼ uwaʼwe riʼ, ri ix kkʼ ojiʼ junutz alaj ikʼ aslem alriʼ chkiw achriwin aqche manekʼ ota iw ukʼ, kʼ atekʼ uriʼ mankʼ ota junwin aqriʼ rajawaxik chiwech.
e p etin aqp abʼele rachalaxik .
kakaj le akʼ alabʼke waʼik .
xujchʼay bʼik .
rin uchak are qʼ axeltzij .
kʼ ona rux labʼriaw aj.
t ajinkel loq, ri qʼij .
x uqʼiʼ ox kams axri rachalal choch.
ri numamarekʼ o uqʼ inom al .
x kʼ ul mataj jumul, xubʼan junnim alaj jabʼ, manxbʼeye tajta na xukʼisle uyuqʼ chike .
amaʼri nutzʼiʼ .
jewaʼkatp etik .
x inko sik rum al x inch akunik
iw echchi jujunal, ri wa .
xuqʼiʼ ona xata t intaj .
inriq t ajin aqp ari kʼ ayibʼal .
nawetaʼm taj .
kʼ ax le nuqʼabʼ.
utz le xubʼij le achi .
kematzʼibʼ .
kʼ o rachalal pa tzʼ oloj cheʼri p eʼl .
ronojel waʼwe jast aqriʼ, xa sk sachwi uw achwaʼ; rukʼwe riʼ, riix , rajawaxik che kʼ ojunty oxlajikʼ aslem al e k kʼ ojiʼrii chʼawem rukʼri dyos,
xmuq taj ri patzʼan.
ri chʼ ichʼ tzijom kanoqp ari ukʼ olbʼal .
mankʼ ota uch olajp at aqriaw uj .
jachike ikʼ le unimaqʼij letin amitnawal jaʼ ?
xe p etik x olkikʼ amaʼ .
kachuqʼ chutrij aʼchi apam .
x inbʼij iwir chi xebʼepa armita .
areʼ uxeʼ ojertzij war al kʼ icheʼ ubʼiʼ.
xkʼis rin usiʼ .
jawi xkibʼijwi chi keʼ ewi ?
¡ xa jekʼ uriʼ, jachint aqrie kʼop ari judeʼa, chi chanim cheʼa nima jubʼi pat aqri juyubʼ,
kʼ akʼriabʼ .
lakʼ ojunna kakʼ oxomaj taj ?
na utz ta le utʼis omle almariy .
manyaʼtal taj chiawe katokp aja .
jeʼ, xatu tzukuj .
are kel wajxaqibʼ uqʼij ri xkʼojik .
ri xunkurk kʼ ojiʼp at aqri triko .
x insachik .
xutʼuyubʼ aʼ
nanutomta letzij …
wachʼomri kiwari noʼs .
ekʼ ojobʼchʼ ilwa kʼ .
rajawixik chip at aqritij obʼal, pa nikʼaj ubʼixik chik
ri rajaw rulewareʼ t atkel .
we kʼ ux okik, wekʼ na xokta
we achi xusipaj junpʼ otchwe .
ata tu t aq oʼnle qʼataltzij .
na qʼanta uw achleq aprut.
ri xaʼr kʼ op auwiʼri qʼaqʼk poqʼowik .
ri ro qʼej ri alija ch akp ejunakʼ al .
kʼ ojunala p atij obʼal .
s äquwiʼri t ataʼ .
riwi tzikʼ t ajinkp eloq .
jawi xsach onwi kanuyaʼik le p waqche .
utz we a chiwe x ink unanik .
qonojel kuj waʼp auwiʼri mexa .
rikax laʼnik manp oqontaj .
inx inbʼe rukʼri wachiʼl .
sibʼ alaj jeʼl xkilo xekitz oqopij ri kichij chilaʼ.
kin bʼinikx inʼek .
kʼ axkʼ olik , kachaʼ.
kutij ixim riakʼ .
ri alix chel, x uqʼiʼo xa junakʼ xsipaxche .
xq asikʼij leix oqchutzak iksubʼ .
mata xa bʼins aj lechʼ ichʼ .
ripixtzʼa ralikrum alrieq aʼn.
¿jamp aʼkel chi3%
kʼ ojunnukʼ otojchiʼaj .
t ajinke waʼkatri alabʼ om .
x inloqʼ le nukʼ akʼ ap oʼt .
na utzakik t asubʼ t ajinkuʼ ano
x oj ut aqchiʼ ijx oj waʼik .
iwe chriabʼix .
s aq rij richij .
ajsik cheritin amitkel wirit ataʼ .
- ¡ay ! xa x intzaq uloq, kʼ axwe waq an.
x kʼ ul matajpa junkomon chiʼuw achjun juyubʼ, xuriqa junqʼij xkiriq kibʼ junim ul rukʼle kok .
jas xa t aq chiʼj le akʼ alchutij ik?
xinch apo su xuloqʼo .
qʼ inom riachi .
ri kʼumk tij owrukʼkabʼ .
t ajinke jachʼanik .
tz ebʼal ukemik le pa sawum al .
arekayoʼw leuchik opil le ubʼantajik trypanos omab ru cei .
we katnimanik utz kelik .
pero noʼjim al p etnaq loq, .
are lenuchak juntzuqbʼ al wibʼ.
x kunax ley awabʼrum al le ajqʼij .
ri ukʼ uʼx tzʼibʼp aqa tzij elajuj .
sibʼ alaj jeʼlik rieq abʼal xubʼanri luʼs .
sibʼ alaj atk on.
e manx o ri jupuq kej .
na x naʼtajta chke xeat inik .
rikʼam albʼe xubʼij chike, chi majaria nim .
jumuchʼ ri nu junabʼ.
qʼip t ajin aqri raqanri tem .
kch akun rukʼri josbʼal cheʼri ajanel .
xa t aqchiʼj le akʼal chutijik kar .
ojkʼ op ale roʼch leawel .
¿lakatp eq ukʼ chweʼq ?
lewin aqp ale chʼ ichʼe tʼuyullowi .
x kanaj kanoq chiuxeʼri jabʼri chʼaʼn.
nimrija .
weta xa kunaj lea t atmatax kamlaʼ .
na nukʼ amomtuʼla riʼ.
chqa nukʼ uʼri qatzij .
kim bʼep aletin amit.
x inqʼiʼ ona x inatin taj .
rajawaxik kakʼaman chawe le utij ikle lej .
kʼisbʼal t aqnoʼjibʼ al .
