x ine ʼ wa ʼoq .
x kibʼan kʼaxche leu wo saq r umal man utz tachi kakayik .
riq ʼutu ʼm man kech ta le akʼala bʼ .
are na nim ta leatz ʼi ʼ chu wach le n utz ʼi ʼ .
xe p etik x olki la ʼ .
¿jaw chi ʼ xata ʼ chex kam ri u mam ripo ʼx ?
e kebʼ kekʼam bʼik p atuj .
x in loq ʼjun ja pari w okaj ja .
riax tu ʼbʼ , kʼo q ulaj chech .
jas karaj kaʼan chu tzak ik le ti ʼij .
xutij lew a.
xim bʼal re tzij .
x pa x ri bʼo ʼj .
we kawaj katin to ʼo xaqxu wi kabʼij chi we .
jas nu kʼu ku ch ʼo bʼo .
jas karaj ku tijo ?
xe x ru x la bʼ ri rikil .
e nitz ʼa ʼq le taq imul .
we tane in x in bʼano w ik , are le ate ʼ k x bʼano w ik .
kin tzalij pa le nu tin amit .
ri nu chaq ʼ kʼopa u ro ʼq ʼatoj tijonik pari tijo bʼal .
x in x i ʼj wi bʼ x in ch ʼaw ik .
kʼoch wa ro ʼch le p are .
chi raqan kabʼin wiri tata ʼ .
x sachon kanu ya ʼik le p waq che choja .
x in q ʼax chikixo ʼl ri win aq .
ke tikonik .
ri u lew man q ech taj , kech riqati ʼ t qamam .
xepe le win aqxol kikʼam a ʼ .
xu loq ʼri wuj r umal ri ali .
che we q ʼij kamik kʼo jun nu tzijonem chirij le nu tin amit .
kej ri ʼ .
x kuna na laq ch we .
kinu sikʼij le nunan .
ri imul xu ch ʼij taj , x kanaj pa bʼe, r umal ri nimal ku jal u j ri imul , x utz aq ri a nim .
ku bʼan ri u xoq ʼo ʼl ri aj tz ʼaq .
ri la sibʼalaj utz che kuna bʼal .
kʼi kiwach ri e ʼ ajchaki bʼ pari komonty ox , kʼate kʼut xa jun chi ajaw x el ;
x qata chixa tulik .
kawaj chika tʼe k .
ch ʼuti ʼ n kekanaj ri xa ja bʼ chech .
kaqa xi ʼj q ibʼ kaqachapo .
e kʼo kebʼ ukʼajol le tat xwan .
lu ʼ sub ʼi ʼ ri rech am .
aj chi u wi ʼm iq ʼin ja ʼri lu ʼ .
x in yakan le nu chi mp akʼay bʼal .
kʼatex ri lo, xpe ri unan che utzukuxik , x kikotik , xu sala bʼisaj ri taqux kin .
x kikʼut chi u wach ri ajtij xuquje ʼ chi kiwach ri taqnik ʼaj kach il .
utz le n uq ʼabʼ .
ku l le al we ʼl paaus tin chaq ʼabʼ kamik .
ri ate ʼ k x tzaq loq arechi kʼopa u wi ʼ ri q ʼa ʼm .
aj patan ri te ʼ k .
xatqaj chiupam ri il .
la kʼo tzij na kikʼoxo maj taj ?
x sachon chkechi xe atin ik .
ro nojel leu lew echa laq .
la xe bʼe kʼula xe ʼ kijaq akʼule uchi ʼ ja ?
xaq kat ch ʼok naj iwi r .
kamik kʼochi ri jastaq awe .
arechi ʼ kakʼis ri juna bʼ kʼo q ʼinom .
pa nawal ja ʼ xina lex ik .
na xintataj we are ri akʼal kix tzuqu w ik .
¡ ru lew ri sa bʼ u lo neru lew ri nef tali, u bʼe ri polo w , ru lew ri jordan, g ali le ʼ ak ech ri je taq amaq ʼ !
rax , rax , rax , kʼokʼ , kʼokʼ , kʼokʼ le r uxla bʼ le taq tiko ʼn .
achi x at wilo .
p aqal rajil le p ix kamik .
x oj bʼinik .
pa jun je ʼl tijo bʼal ku tijoj ri bʼ jun akʼal , u bʼi ʼpo ʼx , utzku ri lok e pa tijo bʼal ro nojel taq q ʼij .
x waj chixa tʼe taj .
utz la ʼle xu bʼij le achi .
weta ʼam jachin kap etik .
kin q ʼojoman ik .
x in q ʼi ʼo takʼalik x in p etik .
are ʼ reta ʼm che kinopan ik .
areta bʼal eqa qajaw ch at to ʼwik .
kawin aq waqi bʼ q ʼataj .
na qaj chik cheri u waq kaj bʼal aretaq chi ʼ k sachu wach riq ʼij, kok riq ʼeq u ʼm chu wachu lew , chi kʼate ʼ na ri bʼe leje bʼ kaj bʼal .
jo bʼ raqan ri tz ʼalam xe poro xik .
sibʼalaj korij ri mop .
arewa ʼ .
jela ʼ pari timinit ch wi kaby ok rech xelaj u ʼ, leq anan qatat kakitikoj e ʼl alaj taq u wach ichaj .
kʼax nuqul .
xu ʼl u kʼama ʼ .
ko jul kitzukuj .
are man kʼax tau kuna xik aretaq anin aq ka ʼilitaj we ya bʼ ilal xuquje ʼ mojo ʼ qakuya ʼle kʼax kʼol il chech le jolomaj .
ri w el kʼopa tijonik .
kawaj kin bʼij .
ri kotz ʼi ʼj k qakoj chiupam ri ja .
q ʼeq q ʼoj rij ri ama ʼkej .
na x waj taj x inch ʼaw ik .
ch p eta bʼal e loq ʼalaj ja bʼ .
x sachon chkex at kisikʼij .
e leq ʼal ch ʼich ʼ .
jachin xa wilo chi arex tijo w ri ti ʼj ?
mataka bʼe le nu x bʼal pa le tin amit .
pim ru q, ri ali .
¿ kʼorim uq ʼe chi awech ?
k qabʼij man kekowin taj .
kintij na.
kʼo jun qa tʼu ʼ y paja !
kʼopu j chiupam rich ʼa ʼk .
aretaq kin kosik kin warik .
x at wa ʼik x in wilo
in x inch ʼayow le achi .
konojel ri ala xik ke ʼ etz ʼan ik .
jas ru kʼ xkitij wi le kirikil ?
anin aqil kat p etik .
na rax tau wach le juyu bʼ .
ri tz ʼalam tz ʼibʼabʼal rax k kayik .
we cha t chakunik , kʼo awa.
ma ʼtam x at pe cheri wa ʼim .
kamulkin wa ʼ na.
ri sikil k tijo w ru kʼik .
kim bʼe aq ʼan ru kʼ le alta lin .
x oj ʼe k xe ʼ qilalar qas ok .
xe kiq ʼil le ajchaki bʼ x kiwok le ja .
matanex waj le kʼu hj nem ru kʼ le ate ʼ k .
arexe ʼopan chiuchi ʼ ri juyu bʼ, x kilo chiman qas tak ʼoq ʼayes .
kʼate kʼut , ri jesus man k kojon tachkech ri e ʼ are ʼ , r umal rech che konojel reta ʼm kiwach ,
pa ʼ tz rij ri tz ʼi ʼ .
juwin aq waqi bʼ q ʼataj .
ate laq ʼom .
xaqat jo ʼs .
riq ʼa tzu, are q ʼalaj ri uq ʼij il .
ajchak we ala .
u bʼe leju kakʼal taqanik (29) .
kebʼ nu bʼi ʼ kʼolik .
la katzalij lu ʼ la anin aq ?
katzukun lach we .
lakaj la koj bʼe ʼ pa le chomal ch we ʼ q ?
x in na bʼej chu tasik qa kʼoli bʼal .
lal x into ʼwik .
sibʼalaj ano ʼji bʼal .
x oj p etik x ol q akʼama ʼ .
sibʼalaj je ʼ lik ri u wa ʼl ri ichaj .
kʼax wij r umal in pacha lik .
aretaq x u kʼulmaj wa ʼx ul ri u choman ik xu bʼij : are utz wa aq ʼabʼ kin walij ik, are cha ʼ chanim kin opan pa tijo bʼal , maj chik in kʼulmaj .
ojaj xo jolo bʼ pa awasq ʼij .
x in sach che le u wokik le tzij .
e julajuj ri akʼ .
xuta jampa ʼ koj ʼek .
qil ik .
ri tijo xel man areta nim chu wach ri rajtij . ri utz tijo xel qas jeri ʼ kʼolik jas ri rajtij .
in x atin ch ʼayo .
no ʼj im chak wumal .
ch ʼu r ri joch ʼ .
inkin bʼij na kat sach taj .
uj maya bʼ .
ri abʼaj ya tzalik .
tajin kepix bʼax ri akʼala bʼ .
chom ri aq .
x in warik .
e le men konojel ri akʼala bʼ .
tajin k q ʼa narik ri we re ʼaj .
leu kemik lepas utz ( cha we ).
xuyu pu bʼa u wach ra ʼ chi, kacha ʼ, .
ri satanas kok pari judas ri kbʼix iska ri ʼo tech rech , ri are ʼ jun ch kixo ʼl ri e kabʼ lajuj .
chu chu ripar .
kin qumuj ri nu joch ʼ .
chech punción lumbar amaq ʼel rajawa xik chech ri lik leu kʼex bʼem wi le na bʼe ru kʼ leu kabʼ u kʼutunem leya bʼilal .
q ʼalaj chi na kawaj taj kabʼij .
kʼo q ʼol chirij ri si ʼ .
jawi x oj ʼe wichu loq ʼik ?
kʼou loch ʼri talin .
q ʼan rij ri ati ʼ t nukej .
la x tzalij la iwi r ?
xe sikʼixik , kʼate kʼu ri ʼ xe yajik, xuquje ʼ xetaq bʼi cheu sikʼik le mes .
lak ix warik ?
are kʼule palo max xu bʼij che :-mam kat bʼison taj , kin sikʼij nik ʼaj wachi ʼl kerapa pik .
a ʼ re e tijo xela bʼ .
ri alaj ali si ʼl xu bʼij x qachappa utzal ri ty ox .
x sachon chke jachin xe atin ik .
jas xu rayij le anan xu tijo ?
x in kosik .
rax ro nojel riq ʼayes r umal le ja bʼ .
kin yawa ʼwe ch ʼich ʼ p inem nautz .
no ʼjim u pach ʼu xik le nu wi ʼ .
naj kʼowi lew o ʼch chu wach le tijo bʼal .
ri okibʼal kʼochi u wach ri saq ja .
xe nu taq ch ʼij ke kil le akʼala bʼ .
kʼo jun q ʼoxo w em chi we .
tz ari cho ʼm .
we choj bʼe pa le nimaq ʼij, keqil le aj xo jolo bʼ .
x oj ʼe k xe ʼ qilalar qas ok .
ri ate ʼ k xuta ʼ chech ri na nto ʼn : -nan jas che ʼ chiman kaj tal aq akʼat isaj ri jo ʼq .
ripal sibʼalaj xu ʼ y .
kin koj ri jokbʼal u lew .
inkin bʼij na kat sach taj
at raj kun le nunan .
ku qamuj u joron ri aj tzij .
lu ʼ tz ʼalam u bʼi ʼ ri achi kel pa nim che ʼ .
je ʼ lik uti ʼjol al ri saq ko ʼr .
kʼo jun xa ʼ r paja .
x in loq ʼjun kʼakʼ p atan .
kʼax u kemik le pasaw umal .
anin aq u kemik le pasaw umal
rich ʼa ʼn sachin aq p ataq abʼix .
rax taq le kotz ʼi ʼj .
me som kanoq ri upam ja .
man aretar alax kosik .
ri komon xech pu p rech uq ʼabʼ tin amit xo ʼl abʼaj rech q ʼu markaj .
lautzak ik kʼu su bʼ tajin ku ʼ ano ?
katela !
na xu tij taj .
xar umal keta ʼm konojel ri win aq k kiqumuj le ja ʼ .
iwi rx u j tzalij la pa kʼay bʼal .
qeta ʼm cheri qawaku j u to ʼo .
ri ajtij, kya jon chikech ri akʼala bʼ .
jas u bʼanom le nu ch ʼuti tat ?
ch we ʼ q kin bʼe pa nim tin amit .
utz we kiweta ʼmaj jasku bʼij ri chol bʼal q ʼij .
tajin kat j ilo w che uq ʼoxom jolomaj .
x in tik q ʼax chi u wach rija .
kʼax le kibʼe le win aq .
loq ʼ katkun taj che leya bʼil (covid-19) .
ri nu xi bʼal kel paqaj bʼal q ʼij .
x ril ri ax wa n chi x wa ʼri ala .
le alix kun atajik .
weta kap eleja bʼ kamik .
x in weta ʼmaj chi na x at p e taj .
rip waq rech we q ʼataj ri ʼ kesaxchech ri toj bʼal kʼayin em .
k tij ri u wa ʼlik r umal ri kinimaq ʼij .
xuchapukun axik .
chatan loqali .
x in xu li ʼ qaj oq .
je ʼ lik k tijo w ri taq ikox .
kʼate kʼu ri le tat xo ʼr xu bʼij , man kawaj taj , man kawaj taj .
kʼo jun tz ʼi ʼ pa bʼe .
kamul x inpe che atzukuxik .
man tajin tak in chakunik .
kin chakunik rech kat wa ʼik .
jas ru kʼ xa wil wichi xkiqupij wile ti ʼj .
jasu bʼixik … ?
koq ʼri akʼal .
kawaj naka tʼe taj .
xat q ʼaj ik .
w em nacha loq ʼaxiy al , na kim bʼe ta awu kʼ .
x opan le wuj awu kʼ r umal we chin .
are kʼut pa le juyu bʼ k kʼiy joron, chila ʼ xe kikʼam awiri ja ʼri win aq .
koq ʼri akʼal .
we kʼo arajil cha kʼamal oq .
are sibʼalaj kaq le apo ʼt chu wach le nupo ʼt .
x in kʼas taj pa kabʼ lajuj kaj bʼal .
kaqoy ʼej na kix p etaj .
ko kaxim ri chij xa jela ʼman kanimaj ta bʼik .
ri kok nojim x bʼe k , xu ch ʼij ox opan pa u kʼis bʼalil le anim .
x oj kiʼkotik aretaq x atulik .
kaqi tz ʼ naj ri uxa ja bʼri akʼal .
ri jesusk wa ʼkat pari nim rachoch ri dyos, chuxe ʼ ri jun jache rachoch ri salomon .
we taqanik ri ʼ ku bʼij chi rajawa xik kya ʼ uq ʼij ri win aq xuquje ʼ k to ʼanin aqil .
ria xu x are na ri ukunel ri kin aq ʼ .
aretaq wa ʼri uq ʼijol we taqanik .
kʼo jun ta bʼal pa u wi ʼ ri x kanul u bʼi ʼ lajuj no ʼj .
yu ʼl u bʼanom ri u kolo bʼrikej .
xa nima j ri akʼal chiu wach ri u chu ch .
k kunan ri achi .
kin wa ʼik rech na kinyo waj taj .
aj x ik ch ʼich ʼri lu ʼ s .
k waj che ix kix bʼano w ik .
a ʼre xeto ʼwa laq .
x oj ʼe k xe ʼ qilalar qas ok .
x in loq ʼjun ch ʼich ʼ, qajin aq u wach .
ku tʼis ripantalo n.
e janipa le awal kʼwale kʼolik ?
utzukemik lepas cha we .
rimax are aj q ʼani ya ʼ .
mata bʼ achiri q kʼaxpa le bʼe .
tajin kanimaj , ri me ʼ s .
ix ix e ʼ laq ʼoma bʼ !
x sachan ch we .
e kʼokʼi che ʼ , chi u wach ri juyu bʼ .
arewa ʼri nimalaj p ixa bʼe arewa ʼri na bʼe .
x reta ʼmaj chi ru kʼ p akʼku tij wi
jas utz akik le su bʼ xu ʼ ano ?
aj xo ʼ y ri wikan .
we tane a ʼre xe tijo w le ri kil , are le komon xe tijo w ik .
sibʼalaj anin aq kach ʼaw le are ʼ chi nu wach in .
utz we kin chakuj .
me ʼ s la ʼ .
kʼokan wa rech kaqatijo .
x in sikʼij la.
ri akʼal x sach kanoq jela ʼ p ataq ʼaj .
xe sikʼij la .
jawi x kibʼij wi chike ʼ e wi ?
r umal che, man ix tari ʼ ri kix ch ʼaw ik , are ri ru x la bʼa xel ri i tat ri ʼ rik ch ʼaw na iwu kʼri ix .
kʼakʼ ri wachoch .
sibʼalaj utz kin wil le atz ʼy aq rech nahuala .
saqpor k kayri kipo ʼt ri nan .
x sachon ri nu chak ch we .
wa ʼim x uchapo .
riq ʼaq ʼ tajin kajuluwik .
najil upam risi wan .
e kʼo ri qachalal pa chiu wi ʼ la .
jas xataq chi ʼj le akʼal chu tijik ?
no ʼjim u kemik le pasaw umal .
kʼo jun ku ku bʼi ʼ tin tin , wa ʼ lelaj ku kmam kaj eqitaj , kap aqi kaxulik pa u wi ʼ uq ʼabʼ taq che ʼ , sibʼalaj sakʼaj , ke ʼ u to lee nima ʼq , ch ʼutin , rachi ʼl , aj sipan el sibʼalaj utzra nima ʼ .
ri u p ixa bʼ leq ʼat bʼal tzij kiya ʼu bʼixik .
na x sachon tachke xe atin ik .
xeqil le chik oppu wi leja .
x lo ʼ taj ri akʼal .
qo nojel ku j wa ʼpa u wi ʼ ri me xa .
xsik irle waqan .
la x at wa ʼ kʼut ?
nimu bʼaq ʼri tulul .
kin x ikʼ ikʼ ik x in q ʼaxik .
la kat bʼe pa le tin amit ?
ripal sibʼalaj saq ʼo r .
k q ʼoxo w nu jalom .
x in na ʼochi kat p etik .
x loq ʼu le wi wech ix .
x in chakun ru kʼri nu mam .
na x qabʼantaj .
k kʼoji ʼ bʼa ʼri u sipanik ri ajaw x el jesusk ri stor u kʼri aw uxla bʼal !
kin ch ʼaw ru kʼ le nunan pa lech ʼa we bʼal .
sibʼalaj q ʼeq u ʼm r umal ri mayul .
are leba xu lik .
xekos le ixoqi bʼ pa le bʼe .
kʼax ri lik le akʼalcha we .
x in q ʼi ʼ oxi natin pa joron .
sibʼalaj nim le tin amit .
kʼax u kemik le pasaw umal .
x in sachik .
tajin kel u kikʼel pa raqan ri tz ʼi ʼ .
x in weta ʼmaj ri lik wibʼ
riq ʼuq ʼ arejun je ʼl chi kop .
kʼopa ja tijo bʼal ri wi kaq ʼ .
ri sachi bʼal mak raj wa xik chiqa xo ʼl .
je ʼ, kim bʼek .
jela le ʼ ri nu p wi ʼ .
xu bʼij che: -jas x abʼano tin tin ?
kabʼan juntoq ʼo bʼ k yak ri nu jal .
kat ʼek x in ta.
jas leu kʼex bʼem ri bʼ le jun ru kʼ le jun chik ?
aj chi u wi ʼm iq ʼin ja ʼri lu ʼ .
ri tijonel naj kpe wi.
te ʼ kix cho bʼ u bʼi ʼ ri nu tat .
ri ja ʼkamiq ʼik chi u wach ri q ʼaq ʼ .
ri tʼu ʼ yk paq ʼowik .
kin meson na.
naqaj at kʼowi chi wech .
x in bʼison ik taq na xat p et taj .
we x kam ri win aq, rip waq rech toj bʼal makaj kya ʼ chikech ri rala xik .
ri nunan x bʼe pa kʼay bʼal .
x oj u kʼam u loq rech koj ri lo
x kʼoto chin chi kiwach chik in wa ʼaw u kʼ .
na x kikamsaj taj x kikʼam bʼi choja .
kʼakʼ ri ikʼ kamik .
x im bʼe ru kʼ le aj kun iwi r .
ri lik .
le tz ʼi ʼ xe kosik .
x in kikota w umal .
ri imul xumaj ri a nim , xu yakan lekok .
kʼo oj cheri akʼal .
xu j bʼe pa jun kʼulanem .
utz we k waral aq .
kaqilo china koj u kʼam taj .
x reta ʼmaj chi ru kʼ p akʼku tij wi.
sibʼalaj x in kʼa ʼna rik .
x in kochij ri nu wa .
man kat kowin taj kat chakunik , we man kʼota ri ajila bʼal .
we w onon xu bʼij chike : -ki x into .
ri alanim kril wiri u mam .
x kaʼy chirij , x kaʼych u wach , makʼo tachi jun ksilo bʼik , x oq ʼik xu xe ʼj ri bʼ x ch ʼo pin ik x tzalij loq x u riq tachik ri u bʼe .
kʼo pus cheri wa.
p inem naka bʼe lew atz, kim bʼe wi in pa kaʼyi bʼal .
ri na nto ʼn nim win aq chik , saq u wi ʼ, ro nojel aq ʼabʼ utz kuna ʼoka tʼuyi ʼ pa utem , ku miq ʼisaj ri bʼ chori q ʼij, kʼo junu wi ʼ umam u bʼi ʼ ate ʼ k .
man e kʼi taj ri qula ʼ .
q ʼalaj chi na kawaj taj kabʼij
x paqa bʼ isax rajil ro nojel ri kem .
kʼo pari jul ri kumatz .
ro nojel q ʼij kin ch ʼaj le nu w are .
saq chikan le ichaj rech katzako .
chuxe leq achomal kaqatij wi jun qameq ʼin .
cha wila ʼ .
e kʼojo bʼ u mi ʼal , ri nu tat .
jas ru kʼ x awil wi
je ʼ jas ri win aq rech ri u wachu lew , xoquje ʼ ke pena ri ʼ ri e ʼ are ʼ che e rech ri u wachu lew ; je ʼ jas ri win aq rech ri kaj , xoquje ʼ ke pena ri ʼ ri e ʼ are ʼ e rech ri kaj .
x in tijo .
k tz ʼujuw ri rachoch ripo ʼx .
xuq ʼi ʼo are le u kʼu lel x ya ʼo w u wa .
ri awel x reta ʼmaj chi rajawa xik man ku xej tari bʼ cheri tuku r .
ju kʼulaj win aq xe ʼa nimaj bʼik .
je ʼ, x in tzalij ik .
x oj p etik x ol q akʼama ʼ .
maj jachin x ʼek .
in ajtij ; at tijo xel .
saq u wi ʼ ri tata ʼ .
wech ri kem .
le ro ʼch le ate ʼ k kʼoch wach leu kʼay le nunan .
k bʼe pari si ri ʼa e paris ilis i ʼ a, jawi je ʼ kuya wiri kichuq ʼabʼ ri komonty ox .
p ixa bʼ : man utz taj kʼax ku j ch ʼaw chikij nik ʼaj qach il .
x kun ataj le ali ( kumal ri ixoqi bʼ ) .
rix ibʼi bʼal chi kʼowi p ataq ri qakʼas lemal ro nojel q ʼij .
naku j wa rta waral .
on che k kʼoji ʼ ri utzil chixo ʼl , arech junam ri qa kojonik , junam ri iwe chi x ru kʼri wech in .
pa ox q ʼij ri sa ʼn k bʼe naru kʼri aj kun .
kawin aq wuqu bʼ .
jas kawaj kintijo ?
weta x at bʼe wu kʼ pa le tin amit , xa loq ʼ tala ʼ leu jastaq le akʼajol .
kebʼe p awa ʼim .
x in loq ʼ kʼi wa.
pa jun nim kʼache ʼlaj , kʼo jun kʼwa ʼ sibʼalaj saq loloj , nim u wach .
k waj katij ju bʼa ʼwa .
ro nojel win aq kril nari u kolon em ri dy os » .
x kʼoto chin chi kiwach chik in wa ʼaw u kʼ
k waj naka tʼe taj .
la xa loq ʼjuna lej ?
e kʼo ri e loq ʼoman el .
ri u kabʼ u bʼi ʼ ri nu mam are ya y .
kin jopij ri ija ʼ rech triko .
x na ʼtaj chke xe atin ik .
xate ʼ qila ʼ .
kakitij alan xa x ri win aq .
. . . kin bʼij chi arewa ʼ sinxi ʼan .
na xin na bʼej tachu tasik qa kʼoli bʼal .
r umal rech che we ri in, kin ch ʼaw ru kʼri dy ospa ch ʼabʼal , k ch ʼaw na kʼu ri ʼ ri w uxla bʼal ru kʼri dy os, kʼate kʼut man kʼota u p atan ri ʼ ch rech ri nu choma bʼal .
xepetik x kilo .
xuta we katʼ e k .
utzukemik lepas cha we .
ri nu wa kax xu tij jun q ʼoq ʼ r umal ri ʼ x kamik .
r umal ri kʼix , man kewa ʼtaj ri win aq .
xe ʼ u lik .
q ʼeq rij ri ama ʼ chij .
x raj ka ʼ e le unan .
junam kijuna bʼ .
naq ʼalaj taj we ka ʼ e k .
ri wi x nam ch ʼaj ch ʼoj ri rachoch .
waral man kʼotaj aj awal .
na iwi rta xril le kʼamol bʼe .
x in pe loq te kʼu ri ʼ x in tzukuj ro nojel ri nu rajil .
ri ajtikonel kutik ri tzij .
kʼo e kikʼajol le achija bʼ .
ku tij q ʼayes ri ix pa ʼ ch .
pari wa ʼbʼa le kʼo kawin aq achija bʼ .
si poj in aq ri n upam .
kaya ʼtajik ru kʼuti ʼonem jun ri u riqom leya bʼilam olot setsé xuquje ʼ arekaya ʼtaj p ataq ri juyu bʼ .
jachin ri achi?
ri nu mam x kamik aretaq kʼo jumuch ʼ lajujujuna bʼ .
kin kowin ik kin kʼam bʼi le p waq .
kin wilo chi utz ri aji ʼ .
x in q ʼil riapo ʼx cheman kachakun taj .
k wa ʼ chi u wach le taq ʼaj ri ama ʼakʼ .
ri imul xe poq ʼik pa jun ikʼ .
x kʼis kanoq ri qachak .
are ri alix oj ilo w kanoq .
sibʼalaj ch ʼu ʼj ri amax .
kʼo nu wachi ʼ .
inchajin el kech le akʼala bʼ .
xekos le tz ʼi ʼ .
kin bʼe na ku kʼri molaj .
ro nojel aq ʼabʼ kinyi tz ʼri wa kax .
karapin ik x utzukuj chi junawaj .
leu kemik le pasan in aq ( a w umal ).
maju rajil leq ʼabʼarel .
kʼax ri ʼ ri kach ʼaw ik .
x oj u taq chi ʼj le achich u loq ʼik ichaj .
sibʼalaj kʼax ri x kʼulmaxik .
x kilo china kin kʼoxo maj taj .
x na ʼtaj chkechi xe atin ik .
x kʼoto chin chi kiwach chixoj al wo ʼ qaku kʼ .
jun q ʼu ʼ q rajil ri kaxla ʼn wa.
x in wilo chixe ʼe lik .
e kʼo ixoqi bʼ pa le kʼay bʼal .
man kʼotaj u kʼisik ri maya bʼaj la bʼalil .
risin k kʼiy p ataq ʼaj .
rich ʼi maman k kʼiy taj p ataq ʼaj .
rajawa xik k j ik ik ri waq än .
kawaj kin ʼe k .
e kʼo oxi bʼakʼ .
xu bʼij ch we jawi at kʼo wi.
ch we ʼ q ku j bʼe ʼ pa muquj .
pasaq kʼa ja ʼ kbʼan wiri uq .
x oj kisikʼij .
x in wil wibʼ .
chaq ʼ chik ri wa.
kim bʼen akapa le wo ʼ ch .
kawaj kin ʼe k .
rich ʼu ʼ k tij ru kʼ lej .
pari kiq ʼij kamin aqibʼ kbʼan q ʼo ri kʼya ʼ rech aj : na bʼe ri nan kutzukuj kan ri aj , kujach ʼo ʼ xuquje ku kʼ e to .
jas kaj bʼal chanim ?
utzu choman ik ri ali .
pari q ʼijox lajuj tijax kin kʼis kebʼ juna bʼ kin chakun waral .
sibʼalaj ko , ri kʼakʼ ch ʼat .
jas karaj ku bʼij … ?
rich ʼich ʼ kasila bʼik .
pa ojerq ʼal pul xaqxu wiri nim win aq ke kʼamow bʼe.
leu kuna xik leu kabʼ u kʼutunik are ru kʼ e flor nitinao nutuni bʼaxik le nifurtim oxchi ʼ le flor nitina chech t . b. g.
are ri achi x in ch ʼayowik .
jun achi u bʼi ku ʼx u sipaj kebʼ kʼa ʼm u lew rech kabʼan ri tijo bʼal , kamik , kʼo chik ajtij rech ri komon xech pu p .
xu malty oxij cheri ajtij ro nojel le xu kʼut chi u wach .
pari bʼex kiraq junalaj imul saq rij , x kikʼam bʼik .
x ril le bʼal e ala .
jasku bʼij ch we ?
leu kuna taj em are ru kʼ utzukuxik leu ch ikopil pa junu solik u xe ʼ le ki kʼon leja ʼ rech jun nodo .
utz we nu tz ʼi ʼ .
je ʼ, tajin kachapon ik .
kinu loq ʼoj le nu tat .
kawaj kim bʼe p atin amit .
are la ʼ kin chakuj .
ri nima ʼq taq win aq kʼo keta ʼma bʼal .
weta x at bʼe wu kʼ pa le tin amit , xa loq ʼ tawa ʼwe jastaq .
ri kikʼas lemal . wa ixim u lew xa jun chima are tat in imit ri ma
ri u kʼ ya bʼal naj upam .
xatqaj chiupam ri il .
nojim kat wa ʼik .
we kʼo jun k tuqa ʼri k , ¿ laman xoquje ʼ taj kin tuq a ʼ r ri in ?
ojoj wokol ja .
awas kbʼan kʼaxche jun nim win aq .
x in ch ʼaw apan ru kʼ le wa na bʼ .
kʼax ri upam ri ju ʼl .
tajin kewa ʼri imul .
lakaj la ku j tzalij la anin aq ?
r umal rech cheri makaj man kʼota u kowin em p iwi ʼ ri ix : ri ixman ix kʼota chi chuxe ʼ rip ixa bʼ, xane ix kʼochuxe ʼ ri sipan ik .
nim raqan le che ʼ .
x inchapo .
are le tu ʼ r le loq ʼoman el .
xa s kat kʼoji ʼ chiupam rich ʼich ʼ .
sibʼalaj nim raqan ri kʼamal bʼe.
le tz ʼibʼabʼal we chin .
in x into ʼw la .
xa je kʼu ri ʼ ri ix kamik ri ʼ man ix kaxlan win aq tachik ; ri ix , ix rech ri kitin imit ri e ty oxlaj taq win aq, ix rech ri rachoch ridy os .
x in tiko x lajkʼal ichaj .
kaqariq q ibʼ ch we ʼ q .
sibʼalaj utz cheri wi ʼaj ri tuney .
we na jupulik ta xe qajik . . .
x into ʼ taj cheri nu chak .
kʼo jun chikopu bʼi ʼ pum .
poq on ri ik .
x oj bʼinik .
xu ch ʼe k ro nojel le retaman ik xpaqi ʼ k kʼax kwʼin ik xu bʼanaj kun .
kel u bʼik pari jude ʼa e k tzalij chi u bʼi jumul parigalile ʼ a.
x in ax ibʼij pa bʼe.
je ʼl kʼolem chi awachoch .
ro nojel ri ya ʼtal il pa we q ʼataj , tz ʼaqat kiwach , man k tz aqta kanoq xuquje ʼ man k tas taj .
xu kunaj le yawa bʼ le aj q ʼij .
chi tata bʼej jas le kimbʼij .
ch ʼanal ri achi .
pa bʼ oko ʼ kachakun wiri tax .
u j kʼopa u wuq q ʼij .
ki ʼ ri u kabʼ ri aqaj .
kʼo rachalal pa tz ʼoloj che ʼ ripe ʼl .
x kilo chik in kʼoxomaj .
ri ukisa kʼutz kya ʼik chiuxe ʼ ri tiko ʼn .
aretaq chi ʼ kaq ʼan p u wi ʼ ri juku bʼ, ri achiche x kʼoji ʼ ri itzel uxla bʼal ru kʼ , ku tach rech ri are ʼ , arechk kʼoji ʼ ru kʼri are ʼ .
na ka bʼantaj taw umal .
x na ʼtaj chke xe atin ik .
x in paj ri nu triko .
xe ʼ ok ri pok ʼ pari u me xa ripo ʼx .
kajulu w ri aq ʼa ʼl chiuxe ʼ ri tʼu ʼ y .
awech leja .
xu j bʼepa tzur ik .
na bʼex at opan ik .
ri u kabʼ u bʼi ʼ ri nu mam are ya y .
uwaj xaqu kakʼal taqanik (28) .
mata kʼo jun kakanaj kanoq , qo nojel koj bʼek .
e nima ʼq le al toma bʼ .
nim u wach ripo ʼt .
kojonik pari utzij wa ixim u lew .
jas xu kʼam bʼi letz ʼi ʼ xa wilo ?
x in p etik, tat .
ri bʼelaj u wach .
chi tata bʼej jas ri kim bʼij .
je ʼl kuna ʼri abʼix chiupam ri ququ lew .
kin bʼisoj u wach lew al .
xu tʼuyubʼa ʼ .
nim ri aweq e le ʼ n xa riqo .
x ine ʼ wa ʼoq .
chi ʼ kewa rwi le akʼala bʼ .
ri nu mi ʼal xutaq loq jun taqo ʼm wuj chiwe .
q ʼe ʼl ik, ri chaj pari bʼe.
lautz awach ? -utz malty ox , e kʼu ri at ? – utz malty ox .
x in kos r umal nu chak .
k bʼe ku kʼri e ʼ are ʼ e k tzalij pari na s are te keʼu nimaj .
ri joj xu kʼam bʼik ri akʼ .
kʼochi wachi ʼl chanim .
ku bʼij chech na ʼl kabʼan cheri atz ʼibʼ .
e . . . in kawaj katzjoj bʼi lach we .
mataxin yaj le ali .
jachin ru kʼ kat bʼe wi ?
kʼo sibʼalaj eta ʼma bʼal pari maya bʼ no ʼji bʼal .
e man xo ri jupuq kej .
kasu mum ri kaq iq ʼ .
e kʼokaji bʼ akʼala bʼ pa le bʼe .
je ʼ jas ri u tat k kaʼyik .
xaq at molon el tzij tal .
le nu tat kaloq ʼon ch we .
xaqtane kimbʼe iwu kʼ .
x reta ʼmaj u ch ʼajik .
r umal la ʼx koj “ x al q ʼat ” cheu bʼi ʼ ri komon .
are le u kemik pa s x reta ʼmaj .
ri wa ti ʼt ku bʼan nari u p atan .
kʼakʼ le po ʼt .
reta ʼm u wach jachin x loq ʼow ripas .
kench ʼabʼej le akʼala bʼ .
ya ʼtal chaqe qo nojel ri u j win aq utz kaqil q ibʼ .
x koti ʼ paq ʼayes x oq ʼik .
kawin aq bʼe leje bʼ q ʼataj .
e kʼokaji bʼ ral ri imul , jun saq, jun q ʼan, jun q ʼeq , jun q ʼeq oj , sibʼalaj ketz ʼan ik , kech ʼopi nik ri alaj taq imul .
k cholol ri achachal .
ketekik ri ikʼ .
xe p etik rech kewa ʼiwu kʼ .
tz atz ri uq ʼan il ri akʼ .
x oj tzalij ik x ixe ʼ qaq ʼat u j ku kʼ le i tati nan .
riyo ʼ x taq akʼala bʼ kekikʼux ri atz ʼy aq .
we achi we xu sipaj jun po ʼt ch we x kamik .
k kowin ri kunanel che kunanik .
xjiq ʼ pari polo w .
xar umal sibʼalaj rajawa xik le loq ʼalaj ja ʼ, le win aq x kibʼij : che we ikʼ ri ʼ qo nojel ku j bʼe cheu tikik taq che ʼ .
ri una ne ri e rachalal kepe u loq ru kʼri are ʼ , kʼate kʼu ri ʼ, man kekowin taj keq ibʼ u koq ru kʼ , r umal rech che e kʼo sibʼalaj win aq .
r umal rech , che man kʼota jun k kowin cheu kojik jun tiki bʼalil chik chu wach ri kojom chik che are ri jesusk ri sto .
te kʼu ri ʼ x utz ʼibʼaj ri bʼ pa ri nimalaj tijo bʼal rech aj ku ʼn .
kajulu w rich ʼu mil chaq ʼabʼ .
kʼis bʼal kanoq , xoquje ʼ k kam ri ixoq .
le ala x okik .
kʼop waq pa u wi ʼ ri me xa .
are kawaj na kinʼetaj .
ri yawal ku koj ri ali chiuxe ʼ ri cha kach are u su ʼt .
na kaqakʼam tu ʼ bʼi kamik .
ri ajtij ku bʼij chike : rajawa xik ke qachajij ri awaj , are u tiko ʼn ri ajaw .
x in tij mukuni wir .
kʼax leu wi ʼ taq le nu q ʼabʼ .
x in loq ʼjun il bʼal wi bʼ .
wa ʼwe q ʼij, nim u bʼantajik .
ri u xe ʼal ri qatin amit man kasach taj .
x oj bʼinik .
ri achalal junam kiwach .
x in weta ʼmaj ri lik wibʼ .
nim ri una ʼoj waj tij .
miq ʼin ri kʼul .
aj q ʼojom ri ate ʼ k .
che lesan ik che ʼ kbʼan wiri q ʼojom .
kap e le awelpa nawal ja ʼ .
ri mes on el tajin kchakunik .
utz chaqe kaqato ʼq ibʼ, taq kʼokʼax kʼol il , katewe chi ʼ n ri ajaw pa qawi ʼ .
xa wilo, x q ʼatan le ibʼo y .
xat kowin ik x abʼano .
ki ʼ ri kʼawex .
kajil il ri bʼe.
le ali xel bʼik .
are ʼ x raj x in bʼano .
nim we abʼaj .
je ʼ lik uti ʼjol al ri saq ko ʼr .
nojin aq rikej .
we katijan x ux man katuto ʼ tachi uq ʼat ixik le kʼakʼ ya bʼil corona virus (2019-n c ov).
na nim ta raqan wa ʼwe che ʼ .
utzalaj ajchak , ri w el .
¿jam pa ʼ ku j bʼe pa nimaq ʼij ?
rajawa xik tane la ʼkat chakun wu kʼ .
xutaq chi ʼj p awaram pu lew .
man are tariax wan xe lik .
ri awi x xu loq ʼ rachoch re nimal .
are ri ixoq x in sikʼin u loq .
rich ʼim akʼat ʼon na.
la x ibʼan le ichak ?
kʼi tin amite kʼopa ch ʼo ʼj .
kʼo jupuq chij chiuxe ʼ ri che ʼ .
ri u xaq ri abʼix areu wa rikej .
kawin aq q ʼataj .
la kix p epa tijo bʼal ?
we kechajix taq le kʼwa jachakin bʼij ; juna lik kʼoja ʼ xuquje ʼ sibʼalaj saq loloj .
xreta ʼmaj .
ri ala bʼom ri al itoma bʼ tajin kikitijoj kibʼ rech su taq , arekakaj kikibʼan nimaq achija bʼ chupam ri kikʼas lemal, xuquje kʼo chik jupuq bʼixonel chupam ri komon .
latz ʼu wach ri bʼe.
kʼakʼ riach ʼich ʼ .
qo nojel u j , u j maya bʼ taq win aq .
nojel q ʼij ri ati ʼ xkuyuq ʼuj le taq awaj jela ʼpa nik ʼaj ja ʼ, chirij ri juyu bʼ u bʼi ʼ te na ʼ .
paq ʼom chik risi ʼ .
kin tzukun che la.
kakitij le kin aq ʼ, le ichaj , leu wa ʼlik ru kʼ lej .
xe kanajkan le ajchaki bʼ .
ke tikon ri achija bʼ .
sibʼalaj itzel u bʼantajik rich ʼi lakan .
ri ate ʼ k xu malty oxij cheri rati ʼt , r umal ri utzalaj no ʼji bʼal xu kʼut chech .
k kamulix u chak ri abʼix .
la xin utzukuj le tijo xel ?
are ʼ kachakun ro nojel q ʼij .
lee kʼa ʼ na taq tz ʼi ʼ .
saq rij ri plam u x .
jas x aq ʼi ʼ ox atijo .
jas ru kʼ xkichap wi u tijik le ri kil ?
we kat atin ru kʼ kʼatanja ʼman kuq ʼatej ta le kʼakʼ ya bʼil corona virus .
la kat bʼin pa le uxlan bʼal ?
la waral kʼux ix wa ʼwi ?
are le nu tat kin loq ʼon ik .
tajin kchakun ri ala .
kʼo ri ki ʼ kotemal awu kʼ .
xuta jachin ka ʼe k .
x at wa ʼik x in wilo .
x tz aq ri rachoch r umal ri ja bʼ .
pa le jun ikʼ chik are nimaq ʼij .
e kebʼäm kebʼin pa u wi ʼ ri tem .
mem ri achi .
ri wikan ch ali ʼ y kel pa juyu bʼch wi tz iri bʼal .
le rajil , la paja xel aq ʼax wu ʼ bʼik ?
pari su ʼt pisom wiri lej .
koj p etik kol q akʼama ʼ .
tajin kat ch ʼopin chiu wach ri taq ʼaj .
leq ʼorx ch ʼuqik .
kʼax wa ʼi maw umal .
kin bʼison che lew al .
sibʼalaj kʼokʼ ri awa tz ʼyaq .
kamik xu j bʼe che u tikik taq che ʼ pari juyu bʼ .
kinu loq ʼoj le nu tat .
chaqi ʼj chik ri chaj .
x yi lix h awayi .
na x na ʼtaj tachke chi xe atin ik .
ru kʼ kʼu wa ʼwe ri ʼ, ri ix k kʼoji ʼ jun utzalaji kʼas lemal ri ʼ ch kiwach ri win aq chemane kʼota iwu kʼ , kʼate kʼu ri ʼ man kʼota jun win aq ri ʼ rajawa xik chi wech .
e p etin aq pa bʼe le rachala xik .
kakaj le akʼala bʼ kewa ʼik .
xu j ch ʼay bʼik .
ri nu chak are q ʼaxel tzij .
kʼo naru x la bʼ ri awaj .
tajin kel loq , riq ʼij .
xu q ʼi ʼo x kamsax ri rachalal choch .
ri nu mam are kʼo uq ʼinomal .
x kʼu lmataj jumul , xu bʼanjun nimalaj ja bʼ, man x bʼeye tajtana xu kʼis leuyu q ʼ chike .
ama ʼ ri nu tz ʼi ʼ .
jewa ʼkat p etik .
x in kosik r umal x in chakunik
iwe ch chi jujunal, ri wa .
xuq ʼi ʼo na xata tin taj .
in riqtajin aq pari kʼayi bʼal .
naweta ʼm taj .
kʼax le nu q ʼabʼ .
utz le xu bʼij le achi .
kematz ʼibʼ .
kʼo rachalal pa tz ʼoloj che ʼ ripe ʼl .
ro nojel wa ʼwe jastaq ri ʼ, xa s ksach wi u wach wa ʼ ; ru kʼ we ri ʼ, ri ix , rajawa xik che kʼo jun ty oxlaji kʼas lemal e k kʼoji ʼ ri ich ʼaw em ru kʼri dy os,
x muq taj ri patz ʼan .
rich ʼich ʼ tzijom kanoq pari u kʼol bʼal .
man kʼota u cholaj p ataq ri awuj .
ja chike ikʼ leu nimaq ʼij le tin amit nawal ja ʼ ?
xe p etik x olki kʼama ʼ .
kachuq ʼ chu tri ja ʼ chi apam .
x in bʼij iwi r chi xe bʼe pa armita .
are ʼ u xe ʼ ojertzij waral kʼiche ʼ u bʼi ʼ .
x kʼis ri nu si ʼ .
jawi x kibʼij wi chike ʼ e wi ?
¡ xa je kʼu ri ʼ, jachin taq rie kʼo pari jude ʼ a, chi chanim che ʼ anima ju bʼi p ataq ri juyu bʼ,
kʼakʼ ri abʼ .
la kʼo jun na kakʼox omaj taj ?
nautz ta leu tʼisom le almariy .
man ya ʼtal taj chi awe katok paja .
je ʼ, xat utzukuj .
are kel waj xaqi bʼ uq ʼij ri x kʼojik .
ri x un ku rk kʼoji ʼ p ataq ri t ri ko .
x in sachik .
xu tʼuyubʼa ʼ
na nu tom tal etzij …
wach ʼom ri kiwa ri no ʼs .
e kʼojo bʼ ch ʼil wa kʼ .
rajawi xik chip ataq ri tijo bʼal , pa nik ʼaj u bʼixik chik
ri rajaw ru lew are ʼ tat kel .
we kʼu xokik , we kʼna xokta
we achi xu sipaj jun pʼot ch we .
at at u taqo ʼn leq ʼatal tzij .
naq ʼanta u wach leq aprut .
ri xa ʼr kʼopa u wi ʼ ri q ʼaq ʼ kpoq ʼowik .
ri roq ʼej ri ali jachakp e jun akʼal .
kʼo junalapa tijo bʼal .
s äq u wi ʼ ri tata ʼ .
ri wi tz ikʼ tajin kpe loq .
jawi x sachon wi kanu ya ʼik le p waq che .
utz we achi we x inkunan ik .
qo nojel ku j wa ʼpa u wi ʼ ri me xa .
ri kaxla ʼn ik man poq on taj .
in x in bʼe ru kʼ ri wachi ʼl .
sibʼalaj je ʼl x kilo xekitz oqopij ri kichij chila ʼ .
kin bʼinik x in ʼ e k .
kʼax kʼolik , kacha ʼ .
ku tij ixim ri akʼ .
ri alix ch el , xuq ʼi ʼo xa jun akʼ xsipax che .
x qasikʼij le ixoq ch utz akik su bʼ .
mata x abʼinsaj lech ʼich ʼ .
rip ix tz ʼaral ik r umal rieqa ʼn .
¿jam pa ʼkel chi 3%
kʼo jun nu kʼo toj chi ʼaj .
tajin kewa ʼkat ri ala bʼom .
x in loq ʼ le nu kʼa kʼapo ʼt .
nautz akik tasu bʼ tajin ku ʼ ano
x oj u taq chi ʼij x oj wa ʼik .
iwech ri abʼix .
saq rij ri chij .
aj sik cheri tin amit kel wiri tata ʼ .
- ¡ ay! xa xin tzaqu loq , kʼax we waqan .
x kʼu lmataj pa jun komon chi ʼ u wach jun juyu bʼ, xu ri qa jun q ʼij x kiriq kibʼ jun imul ru kʼ le kok .
jas xataq chi ʼj le akʼal chu tijik ?
x inchapo suxu loq ʼo .
q ʼinom ri achi .
ri kʼum k tijo w ru kʼkabʼ .
tajin kejach ʼanik .
tz ebʼal u kemik le pasaw umal .
are kayo ʼw leu ch ikopil leu bʼantajik try pano soma brucei.
we kat niman ik utz kelik .
perono ʼji mal p etn aq loq , .
are le nu chak jun tz uq bʼal wi bʼ .
x kunax le yawa bʼ r umal le aj q ʼij .
ri u kʼu ʼx tz ʼibʼ pa qatzij e lajuj .
sibʼalaj je ʼ lik rieqa bʼal xu bʼan ri lu ʼs .
sibʼalaj at kon .
e man xo ri jupuq kej .
na x na ʼtaj tachke xe atin ik .
ri kʼamal bʼe xu bʼij chike, chi maja ri a nim .
jumuch ʼri nu juna bʼ .
q ʼi p tajin aq ri raqan ri tem .
kchakun ru kʼri jos bʼal che ʼ ri ajan el .
xataq chi ʼj le akʼal chu tijik kar .
oj kʼopa le ro ʼch le awel .
¿ la kat peq u kʼ ch we ʼ q ?
le win aq pa lech ʼich ʼe tʼuyullo wi.
x kanaj kanoq chiuxe ʼ ri ja bʼri ch ʼa ʼn .
nim rij a.
weta xa kunaj le at at matax kam la ʼ .
na nu kʼamom tu ʼ la ri ʼ .
chqa nu kʼu ʼ ri qatzij .
kim bʼe pa le tin amit .
x in q ʼi ʼo na xina tin taj .
rajawa xik kakʼaman cha we leu tijik le lej .
kʼis bʼal taqno ʼji bʼal .
x ine ʼ wa ʼoq .
x kibʼan kʼaxche leu wo saq r umal man utz tachi kakayik .
riq ʼutu ʼm man kech ta le akʼala bʼ .
are na nim ta leatz ʼi ʼ chu wach le n utz ʼi ʼ .
xe p etik x olki la ʼ .
¿jaw chi ʼ xata ʼ chex kam ri u mam ripo ʼx ?
e kebʼ kekʼam bʼik p atuj .
x in loq ʼjun ja pari w okaj ja .
riax tu ʼbʼ , kʼo q ulaj chech .
jas karaj kaʼan chu tzak ik le ti ʼij .
xutij lew a.
xim bʼal re tzij .
x pa x ri bʼo ʼj .
we kawaj katin to ʼo xaqxu wi kabʼij chi we .
jas nu kʼu ku ch ʼo bʼo .
jas karaj ku tijo ?
xe x ru x la bʼ ri rikil .
e nitz ʼa ʼq le taq imul .
we tane in x in bʼano w ik , are le ate ʼ k x bʼano w ik .
kin tzalij pa le nu tin amit .
ri nu chaq ʼ kʼopa u ro ʼq ʼatoj tijonik pari tijo bʼal .
x in x i ʼj wi bʼ x in ch ʼaw ik .
kʼoch wa ro ʼch le p are .
chi raqan kabʼin wiri tata ʼ .
x sachon kanu ya ʼik le p waq che choja .
x in q ʼax chikixo ʼl ri win aq .
ke tikonik .
ri u lew man q ech taj , kech riqati ʼ t qamam .
xepe le win aqxol kikʼam a ʼ .
xu loq ʼri wuj r umal ri ali .
che we q ʼij kamik kʼo jun nu tzijonem chirij le nu tin amit .
kej ri ʼ .
x kuna na laq ch we .
kinu sikʼij le nunan .
ri imul xu ch ʼij taj , x kanaj pa bʼe, r umal ri nimal ku jal u j ri imul , x utz aq ri a nim .
ku bʼan ri u xoq ʼo ʼl ri aj tz ʼaq .
ri la sibʼalaj utz che kuna bʼal .
kʼi kiwach ri e ʼ ajchaki bʼ pari komonty ox , kʼate kʼut xa jun chi ajaw x el ;
x qata chixa tulik .
kawaj chika tʼe k .
ch ʼuti ʼ n kekanaj ri xa ja bʼ chech .
kaqa xi ʼj q ibʼ kaqachapo .
e kʼo kebʼ ukʼajol le tat xwan .
lu ʼ sub ʼi ʼ ri rech am .
aj chi u wi ʼm iq ʼin ja ʼri lu ʼ .
x in yakan le nu chi mp akʼay bʼal .
kʼatex ri lo, xpe ri unan che utzukuxik , x kikotik , xu sala bʼisaj ri taqux kin .
x kikʼut chi u wach ri ajtij xuquje ʼ chi kiwach ri taqnik ʼaj kach il .
utz le n uq ʼabʼ .
ku l le al we ʼl paaus tin chaq ʼabʼ kamik .
ri ate ʼ k x tzaq loq arechi kʼopa u wi ʼ ri q ʼa ʼm .
aj patan ri te ʼ k .
xatqaj chiupam ri il .
la kʼo tzij na kikʼoxo maj taj ?
x sachon chkechi xe atin ik .
ro nojel leu lew echa laq .
la xe bʼe kʼula xe ʼ kijaq akʼule uchi ʼ ja ?
xaq kat ch ʼok naj iwi r .
kamik kʼochi ri jastaq awe .
arechi ʼ kakʼis ri juna bʼ kʼo q ʼinom .
pa nawal ja ʼ xina lex ik .
na xintataj we are ri akʼal kix tzuqu w ik .
¡ ru lew ri sa bʼ u lo neru lew ri nef tali, u bʼe ri polo w , ru lew ri jordan, g ali le ʼ ak ech ri je taq amaq ʼ !
rax , rax , rax , kʼokʼ , kʼokʼ , kʼokʼ le r uxla bʼ le taq tiko ʼn .
achi x at wilo .
p aqal rajil le p ix kamik .
x oj bʼinik .
pa jun je ʼl tijo bʼal ku tijoj ri bʼ jun akʼal , u bʼi ʼpo ʼx , utzku ri lok e pa tijo bʼal ro nojel taq q ʼij .
x waj chixa tʼe taj .
utz la ʼle xu bʼij le achi .
weta ʼam jachin kap etik .
kin q ʼojoman ik .
x in q ʼi ʼo takʼalik x in p etik .
are ʼ reta ʼm che kinopan ik .
areta bʼal eqa qajaw ch at to ʼwik .
kawin aq waqi bʼ q ʼataj .
na qaj chik cheri u waq kaj bʼal aretaq chi ʼ k sachu wach riq ʼij, kok riq ʼeq u ʼm chu wachu lew , chi kʼate ʼ na ri bʼe leje bʼ kaj bʼal .
jo bʼ raqan ri tz ʼalam xe poro xik .
sibʼalaj korij ri mop .
arewa ʼ .
jela ʼ pari timinit ch wi kaby ok rech xelaj u ʼ, leq anan qatat kakitikoj e ʼl alaj taq u wach ichaj .
kʼax nuqul .
xu ʼl u kʼama ʼ .
ko jul kitzukuj .
are man kʼax tau kuna xik aretaq anin aq ka ʼilitaj we ya bʼ ilal xuquje ʼ mojo ʼ qakuya ʼle kʼax kʼol il chech le jolomaj .
ri w el kʼopa tijonik .
kawaj kin bʼij .
ri kotz ʼi ʼj k qakoj chiupam ri ja .
q ʼeq q ʼoj rij ri ama ʼkej .
na x waj taj x inch ʼaw ik .
ch p eta bʼal e loq ʼalaj ja bʼ .
x sachon chkex at kisikʼij .
e leq ʼal ch ʼich ʼ .
jachin xa wilo chi arex tijo w ri ti ʼj ?
mataka bʼe le nu x bʼal pa le tin amit .
pim ru q, ri ali .
¿ kʼorim uq ʼe chi awech ?
k qabʼij man kekowin taj .
kintij na.
kʼo jun qa tʼu ʼ y paja !
kʼopu j chiupam rich ʼa ʼk .
aretaq kin kosik kin warik .
x at wa ʼik x in wilo
in x inch ʼayow le achi .
konojel ri ala xik ke ʼ etz ʼan ik .
jas ru kʼ xkitij wi le kirikil ?
anin aqil kat p etik .
na rax tau wach le juyu bʼ .
ri tz ʼalam tz ʼibʼabʼal rax k kayik .
we cha t chakunik , kʼo awa.
ma ʼtam x at pe cheri wa ʼim .
kamulkin wa ʼ na.
ri sikil k tijo w ru kʼik .
kim bʼe aq ʼan ru kʼ le alta lin .
x oj ʼe k xe ʼ qilalar qas ok .
xe kiq ʼil le ajchaki bʼ x kiwok le ja .
matanex waj le kʼu hj nem ru kʼ le ate ʼ k .
arexe ʼopan chiuchi ʼ ri juyu bʼ, x kilo chiman qas tak ʼoq ʼayes .
kʼate kʼut , ri jesus man k kojon tachkech ri e ʼ are ʼ , r umal rech che konojel reta ʼm kiwach ,
pa ʼ tz rij ri tz ʼi ʼ .
juwin aq waqi bʼ q ʼataj .
ate laq ʼom .
xaqat jo ʼs .
riq ʼa tzu, are q ʼalaj ri uq ʼij il .
ajchak we ala .
u bʼe leju kakʼal taqanik (29) .
kebʼ nu bʼi ʼ kʼolik .
la katzalij lu ʼ la anin aq ?
katzukun lach we .
lakaj la koj bʼe ʼ pa le chomal ch we ʼ q ?
x in na bʼej chu tasik qa kʼoli bʼal .
lal x into ʼwik .
sibʼalaj ano ʼji bʼal .
x oj p etik x ol q akʼama ʼ .
sibʼalaj je ʼ lik ri u wa ʼl ri ichaj .
kʼax wij r umal in pacha lik .
aretaq x u kʼulmaj wa ʼx ul ri u choman ik xu bʼij : are utz wa aq ʼabʼ kin walij ik, are cha ʼ chanim kin opan pa tijo bʼal , maj chik in kʼulmaj .
ojaj xo jolo bʼ pa awasq ʼij .
x in sach che le u wokik le tzij .
e julajuj ri akʼ .
xuta jampa ʼ koj ʼek .
qil ik .
ri tijo xel man areta nim chu wach ri rajtij . ri utz tijo xel qas jeri ʼ kʼolik jas ri rajtij .
in x atin ch ʼayo .
no ʼj im chak wumal .
ch ʼu r ri joch ʼ .
inkin bʼij na kat sach taj .
uj maya bʼ .
ri abʼaj ya tzalik .
tajin kepix bʼax ri akʼala bʼ .
chom ri aq .
x in warik .
e le men konojel ri akʼala bʼ .
tajin k q ʼa narik ri we re ʼaj .
leu kemik lepas utz ( cha we ).
xuyu pu bʼa u wach ra ʼ chi, kacha ʼ, .
ri satanas kok pari judas ri kbʼix iska ri ʼo tech rech , ri are ʼ jun ch kixo ʼl ri e kabʼ lajuj .
chu chu ripar .
kin qumuj ri nu joch ʼ .
chech punción lumbar amaq ʼel rajawa xik chech ri lik leu kʼex bʼem wi le na bʼe ru kʼ leu kabʼ u kʼutunem leya bʼilal .
q ʼalaj chi na kawaj taj kabʼij .
kʼo q ʼol chirij ri si ʼ .
jawi x oj ʼe wichu loq ʼik ?
kʼou loch ʼri talin .
q ʼan rij ri ati ʼ t nukej .
la x tzalij la iwi r ?
xe sikʼixik , kʼate kʼu ri ʼ xe yajik, xuquje ʼ xetaq bʼi cheu sikʼik le mes .
lak ix warik ?
are kʼule palo max xu bʼij che :-mam kat bʼison taj , kin sikʼij nik ʼaj wachi ʼl kerapa pik .
a ʼ re e tijo xela bʼ .
ri alaj ali si ʼl xu bʼij x qachappa utzal ri ty ox .
x sachon chke jachin xe atin ik .
jas xu rayij le anan xu tijo ?
x in kosik .
rax ro nojel riq ʼayes r umal le ja bʼ .
kin yawa ʼwe ch ʼich ʼ p inem nautz .
no ʼjim u pach ʼu xik le nu wi ʼ .
naj kʼowi lew o ʼch chu wach le tijo bʼal .
ri okibʼal kʼochi u wach ri saq ja .
xe nu taq ch ʼij ke kil le akʼala bʼ .
kʼo jun q ʼoxo w em chi we .
tz ari cho ʼm .
we choj bʼe pa le nimaq ʼij, keqil le aj xo jolo bʼ .
x oj ʼe k xe ʼ qilalar qas ok .
ri ate ʼ k xuta ʼ chech ri na nto ʼn : -nan jas che ʼ chiman kaj tal aq akʼat isaj ri jo ʼq .
ripal sibʼalaj xu ʼ y .
kin koj ri jokbʼal u lew .
inkin bʼij na kat sach taj
at raj kun le nunan .
ku qamuj u joron ri aj tzij .
lu ʼ tz ʼalam u bʼi ʼ ri achi kel pa nim che ʼ .
je ʼ lik uti ʼjol al ri saq ko ʼr .
kʼo jun xa ʼ r paja .
x in loq ʼjun kʼakʼ p atan .
kʼax u kemik le pasaw umal .
anin aq u kemik le pasaw umal
rich ʼa ʼn sachin aq p ataq abʼix .
rax taq le kotz ʼi ʼj .
me som kanoq ri upam ja .
man aretar alax kosik .
ri komon xech pu p rech uq ʼabʼ tin amit xo ʼl abʼaj rech q ʼu markaj .
lautzak ik kʼu su bʼ tajin ku ʼ ano ?
katela !
na xu tij taj .
xar umal keta ʼm konojel ri win aq k kiqumuj le ja ʼ .
iwi rx u j tzalij la pa kʼay bʼal .
qeta ʼm cheri qawaku j u to ʼo .
ri ajtij, kya jon chikech ri akʼala bʼ .
jas u bʼanom le nu ch ʼuti tat ?
ch we ʼ q kin bʼe pa nim tin amit .
utz we kiweta ʼmaj jasku bʼij ri chol bʼal q ʼij .
tajin kat j ilo w che uq ʼoxom jolomaj .
x in tik q ʼax chi u wach rija .
kʼax le kibʼe le win aq .
loq ʼ katkun taj che leya bʼil (covid-19) .
ri nu xi bʼal kel paqaj bʼal q ʼij .
x ril ri ax wa n chi x wa ʼri ala .
le alix kun atajik .
weta kap eleja bʼ kamik .
x in weta ʼmaj chi na x at p e taj .
rip waq rech we q ʼataj ri ʼ kesaxchech ri toj bʼal kʼayin em .
k tij ri u wa ʼlik r umal ri kinimaq ʼij .
xuchapukun axik .
chatan loqali .
x in xu li ʼ qaj oq .
je ʼ lik k tijo w ri taq ikox .
kʼate kʼu ri le tat xo ʼr xu bʼij , man kawaj taj , man kawaj taj .
kʼo jun tz ʼi ʼ pa bʼe .
kamul x inpe che atzukuxik .
man tajin tak in chakunik .
kin chakunik rech kat wa ʼik .
jas ru kʼ xa wil wichi xkiqupij wile ti ʼj .
jasu bʼixik … ?
koq ʼri akʼal .
kawaj naka tʼe taj .
xat q ʼaj ik .
w em nacha loq ʼaxiy al , na kim bʼe ta awu kʼ .
x opan le wuj awu kʼ r umal we chin .
are kʼut pa le juyu bʼ k kʼiy joron, chila ʼ xe kikʼam awiri ja ʼri win aq .
koq ʼri akʼal .
we kʼo arajil cha kʼamal oq .
are sibʼalaj kaq le apo ʼt chu wach le nupo ʼt .
x in kʼas taj pa kabʼ lajuj kaj bʼal .
kaqoy ʼej na kix p etaj .
ko kaxim ri chij xa jela ʼman kanimaj ta bʼik .
ri kok nojim x bʼe k , xu ch ʼij ox opan pa u kʼis bʼalil le anim .
x oj kiʼkotik aretaq x atulik .
kaqi tz ʼ naj ri uxa ja bʼri akʼal .
ri jesusk wa ʼkat pari nim rachoch ri dyos, chuxe ʼ ri jun jache rachoch ri salomon .
we taqanik ri ʼ ku bʼij chi rajawa xik kya ʼ uq ʼij ri win aq xuquje ʼ k to ʼanin aqil .
ria xu x are na ri ukunel ri kin aq ʼ .
aretaq wa ʼri uq ʼijol we taqanik .
kʼo jun ta bʼal pa u wi ʼ ri x kanul u bʼi ʼ lajuj no ʼj .
yu ʼl u bʼanom ri u kolo bʼrikej .
xa nima j ri akʼal chiu wach ri u chu ch .
k kunan ri achi .
kin wa ʼik rech na kinyo waj taj .
aj x ik ch ʼich ʼri lu ʼ s .
k waj che ix kix bʼano w ik .
a ʼre xeto ʼwa laq .
x oj ʼe k xe ʼ qilalar qas ok .
x in loq ʼjun ch ʼich ʼ, qajin aq u wach .
ku tʼis ripantalo n.
e janipa le awal kʼwale kʼolik ?
utzukemik lepas cha we .
rimax are aj q ʼani ya ʼ .
mata bʼ achiri q kʼaxpa le bʼe .
tajin kanimaj , ri me ʼ s .
ix ix e ʼ laq ʼoma bʼ !
x sachan ch we .
e kʼokʼi che ʼ , chi u wach ri juyu bʼ .
arewa ʼri nimalaj p ixa bʼe arewa ʼri na bʼe .
x reta ʼmaj chi ru kʼ p akʼku tij wi
jas utz akik le su bʼ xu ʼ ano ?
aj xo ʼ y ri wikan .
we tane a ʼre xe tijo w le ri kil , are le komon xe tijo w ik .
sibʼalaj anin aq kach ʼaw le are ʼ chi nu wach in .
utz we kin chakuj .
me ʼ s la ʼ .
kʼokan wa rech kaqatijo .
x in sikʼij la.
ri akʼal x sach kanoq jela ʼ p ataq ʼaj .
xe sikʼij la .
jawi x kibʼij wi chike ʼ e wi ?
r umal che, man ix tari ʼ ri kix ch ʼaw ik , are ri ru x la bʼa xel ri i tat ri ʼ rik ch ʼaw na iwu kʼri ix .
kʼakʼ ri wachoch .
sibʼalaj utz kin wil le atz ʼy aq rech nahuala .
saqpor k kayri kipo ʼt ri nan .
x sachon ri nu chak ch we .
wa ʼim x uchapo .
riq ʼaq ʼ tajin kajuluwik .
najil upam risi wan .
e kʼo ri qachalal pa chiu wi ʼ la .
jas xataq chi ʼj le akʼal chu tijik ?
no ʼjim u kemik le pasaw umal .
kʼo jun ku ku bʼi ʼ tin tin , wa ʼ lelaj ku kmam kaj eqitaj , kap aqi kaxulik pa u wi ʼ uq ʼabʼ taq che ʼ , sibʼalaj sakʼaj , ke ʼ u to lee nima ʼq , ch ʼutin , rachi ʼl , aj sipan el sibʼalaj utzra nima ʼ .
ri u p ixa bʼ leq ʼat bʼal tzij kiya ʼu bʼixik .
na x sachon tachke xe atin ik .
xeqil le chik oppu wi leja .
x lo ʼ taj ri akʼal .
qo nojel ku j wa ʼpa u wi ʼ ri me xa .
xsik irle waqan .
la x at wa ʼ kʼut ?
nimu bʼaq ʼri tulul .
kin x ikʼ ikʼ ik x in q ʼaxik .
la kat bʼe pa le tin amit ?
ripal sibʼalaj saq ʼo r .
k q ʼoxo w nu jalom .
x in na ʼochi kat p etik .
x loq ʼu le wi wech ix .
x in chakun ru kʼri nu mam .
na x qabʼantaj .
k kʼoji ʼ bʼa ʼri u sipanik ri ajaw x el jesusk ri stor u kʼri aw uxla bʼal !
kin ch ʼaw ru kʼ le nunan pa lech ʼa we bʼal .
sibʼalaj q ʼeq u ʼm r umal ri mayul .
are leba xu lik .
xekos le ixoqi bʼ pa le bʼe .
kʼax ri lik le akʼalcha we .
x in q ʼi ʼ oxi natin pa joron .
sibʼalaj nim le tin amit .
kʼax u kemik le pasaw umal .
x in sachik .
tajin kel u kikʼel pa raqan ri tz ʼi ʼ .
x in weta ʼmaj ri lik wibʼ
riq ʼuq ʼ arejun je ʼl chi kop .
kʼopa ja tijo bʼal ri wi kaq ʼ .
ri sachi bʼal mak raj wa xik chiqa xo ʼl .
je ʼ, kim bʼek .
jela le ʼ ri nu p wi ʼ .
xu bʼij che: -jas x abʼano tin tin ?
kabʼan juntoq ʼo bʼ k yak ri nu jal .
kat ʼek x in ta.
jas leu kʼex bʼem ri bʼ le jun ru kʼ le jun chik ?
aj chi u wi ʼm iq ʼin ja ʼri lu ʼ .
ri tijonel naj kpe wi.
te ʼ kix cho bʼ u bʼi ʼ ri nu tat .
ri ja ʼkamiq ʼik chi u wach ri q ʼaq ʼ .
ri tʼu ʼ yk paq ʼowik .
kin meson na.
naqaj at kʼowi chi wech .
x in bʼison ik taq na xat p et taj .
we x kam ri win aq, rip waq rech toj bʼal makaj kya ʼ chikech ri rala xik .
ri nunan x bʼe pa kʼay bʼal .
x oj u kʼam u loq rech koj ri lo
x kʼoto chin chi kiwach chik in wa ʼaw u kʼ .
na x kikamsaj taj x kikʼam bʼi choja .
kʼakʼ ri ikʼ kamik .
x im bʼe ru kʼ le aj kun iwi r .
ri lik .
le tz ʼi ʼ xe kosik .
x in kikota w umal .
ri imul xumaj ri a nim , xu yakan lekok .
kʼo oj cheri akʼal .
xu j bʼe pa jun kʼulanem .
utz we k waral aq .
kaqilo china koj u kʼam taj .
x reta ʼmaj chi ru kʼ p akʼku tij wi.
sibʼalaj x in kʼa ʼna rik .
x in kochij ri nu wa .
man kat kowin taj kat chakunik , we man kʼota ri ajila bʼal .
we w onon xu bʼij chike : -ki x into .
ri alanim kril wiri u mam .
x kaʼy chirij , x kaʼych u wach , makʼo tachi jun ksilo bʼik , x oq ʼik xu xe ʼj ri bʼ x ch ʼo pin ik x tzalij loq x u riq tachik ri u bʼe .
kʼo pus cheri wa.
p inem naka bʼe lew atz, kim bʼe wi in pa kaʼyi bʼal .
ri na nto ʼn nim win aq chik , saq u wi ʼ, ro nojel aq ʼabʼ utz kuna ʼoka tʼuyi ʼ pa utem , ku miq ʼisaj ri bʼ chori q ʼij, kʼo junu wi ʼ umam u bʼi ʼ ate ʼ k .
man e kʼi taj ri qula ʼ .
q ʼalaj chi na kawaj taj kabʼij
x paqa bʼ isax rajil ro nojel ri kem .
kʼo pari jul ri kumatz .
ro nojel q ʼij kin ch ʼaj le nu w are .
saq chikan le ichaj rech katzako .
chuxe leq achomal kaqatij wi jun qameq ʼin .
cha wila ʼ .
e kʼojo bʼ u mi ʼal , ri nu tat .
jas ru kʼ x awil wi
je ʼ jas ri win aq rech ri u wachu lew , xoquje ʼ ke pena ri ʼ ri e ʼ are ʼ che e rech ri u wachu lew ; je ʼ jas ri win aq rech ri kaj , xoquje ʼ ke pena ri ʼ ri e ʼ are ʼ e rech ri kaj .
x in tijo .
k tz ʼujuw ri rachoch ripo ʼx .
xuq ʼi ʼo are le u kʼu lel x ya ʼo w u wa .
ri awel x reta ʼmaj chi rajawa xik man ku xej tari bʼ cheri tuku r .
ju kʼulaj win aq xe ʼa nimaj bʼik .
je ʼ, x in tzalij ik .
x oj p etik x ol q akʼama ʼ .
maj jachin x ʼek .
in ajtij ; at tijo xel .
saq u wi ʼ ri tata ʼ .
wech ri kem .
le ro ʼch le ate ʼ k kʼoch wach leu kʼay le nunan .
k bʼe pari si ri ʼa e paris ilis i ʼ a, jawi je ʼ kuya wiri kichuq ʼabʼ ri komonty ox .
p ixa bʼ : man utz taj kʼax ku j ch ʼaw chikij nik ʼaj qach il .
x kun ataj le ali ( kumal ri ixoqi bʼ ) .
rix ibʼi bʼal chi kʼowi p ataq ri qakʼas lemal ro nojel q ʼij .
naku j wa rta waral .
on che k kʼoji ʼ ri utzil chixo ʼl , arech junam ri qa kojonik , junam ri iwe chi x ru kʼri wech in .
pa ox q ʼij ri sa ʼn k bʼe naru kʼri aj kun .
kawin aq wuqu bʼ .
jas kawaj kintijo ?
weta x at bʼe wu kʼ pa le tin amit , xa loq ʼ tala ʼ leu jastaq le akʼajol .
kebʼe p awa ʼim .
x in loq ʼ kʼi wa.
pa jun nim kʼache ʼlaj , kʼo jun kʼwa ʼ sibʼalaj saq loloj , nim u wach .
k waj katij ju bʼa ʼwa .
ro nojel win aq kril nari u kolon em ri dy os » .
x kʼoto chin chi kiwach chik in wa ʼaw u kʼ
k waj naka tʼe taj .
la xa loq ʼjuna lej ?
e kʼo ri e loq ʼoman el .
ri u kabʼ u bʼi ʼ ri nu mam are ya y .
kin jopij ri ija ʼ rech triko .
x na ʼtaj chke xe atin ik .
xate ʼ qila ʼ .
kakitij alan xa x ri win aq .
. . . kin bʼij chi arewa ʼ sinxi ʼan .
na xin na bʼej tachu tasik qa kʼoli bʼal .
r umal rech che we ri in, kin ch ʼaw ru kʼri dy ospa ch ʼabʼal , k ch ʼaw na kʼu ri ʼ ri w uxla bʼal ru kʼri dy os, kʼate kʼut man kʼota u p atan ri ʼ ch rech ri nu choma bʼal .
xepetik x kilo .
xuta we katʼ e k .
utzukemik lepas cha we .
ri nu wa kax xu tij jun q ʼoq ʼ r umal ri ʼ x kamik .
r umal ri kʼix , man kewa ʼtaj ri win aq .
xe ʼ u lik .
q ʼeq rij ri ama ʼ chij .
x raj ka ʼ e le unan .
junam kijuna bʼ .
naq ʼalaj taj we ka ʼ e k .
ri wi x nam ch ʼaj ch ʼoj ri rachoch .
waral man kʼotaj aj awal .
na iwi rta xril le kʼamol bʼe .
x in pe loq te kʼu ri ʼ x in tzukuj ro nojel ri nu rajil .
ri ajtikonel kutik ri tzij .
kʼo e kikʼajol le achija bʼ .
ku tij q ʼayes ri ix pa ʼ ch .
pari wa ʼbʼa le kʼo kawin aq achija bʼ .
si poj in aq ri n upam .
kaya ʼtajik ru kʼuti ʼonem jun ri u riqom leya bʼilam olot setsé xuquje ʼ arekaya ʼtaj p ataq ri juyu bʼ .
jachin ri achi?
ri nu mam x kamik aretaq kʼo jumuch ʼ lajujujuna bʼ .
kin kowin ik kin kʼam bʼi le p waq .
kin wilo chi utz ri aji ʼ .
x in q ʼil riapo ʼx cheman kachakun taj .
k wa ʼ chi u wach le taq ʼaj ri ama ʼakʼ .
ri imul xe poq ʼik pa jun ikʼ .
x kʼis kanoq ri qachak .
are ri alix oj ilo w kanoq .
sibʼalaj ch ʼu ʼj ri amax .
kʼo nu wachi ʼ .
inchajin el kech le akʼala bʼ .
xekos le tz ʼi ʼ .
kin bʼe na ku kʼri molaj .
ro nojel aq ʼabʼ kinyi tz ʼri wa kax .
karapin ik x utzukuj chi junawaj .
leu kemik le pasan in aq ( a w umal ).
maju rajil leq ʼabʼarel .
kʼax ri ʼ ri kach ʼaw ik .
x oj u taq chi ʼj le achich u loq ʼik ichaj .
sibʼalaj kʼax ri x kʼulmaxik .
x kilo china kin kʼoxo maj taj .
x na ʼtaj chkechi xe atin ik .
x kʼoto chin chi kiwach chixoj al wo ʼ qaku kʼ .
jun q ʼu ʼ q rajil ri kaxla ʼn wa.
x in wilo chixe ʼe lik .
e kʼo ixoqi bʼ pa le kʼay bʼal .
man kʼotaj u kʼisik ri maya bʼaj la bʼalil .
risin k kʼiy p ataq ʼaj .
rich ʼi maman k kʼiy taj p ataq ʼaj .
rajawa xik k j ik ik ri waq än .
kawaj kin ʼe k .
e kʼo oxi bʼakʼ .
xu bʼij ch we jawi at kʼo wi.
ch we ʼ q ku j bʼe ʼ pa muquj .
pasaq kʼa ja ʼ kbʼan wiri uq .
x oj kisikʼij .
x in wil wibʼ .
chaq ʼ chik ri wa.
kim bʼen akapa le wo ʼ ch .
kawaj kin ʼe k .
rich ʼu ʼ k tij ru kʼ lej .
pari kiq ʼij kamin aqibʼ kbʼan q ʼo ri kʼya ʼ rech aj : na bʼe ri nan kutzukuj kan ri aj , kujach ʼo ʼ xuquje ku kʼ e to .
jas kaj bʼal chanim ?
utzu choman ik ri ali .
pari q ʼijox lajuj tijax kin kʼis kebʼ juna bʼ kin chakun waral .
sibʼalaj ko , ri kʼakʼ ch ʼat .
jas karaj ku bʼij … ?
rich ʼich ʼ kasila bʼik .
pa ojerq ʼal pul xaqxu wiri nim win aq ke kʼamow bʼe.
leu kuna xik leu kabʼ u kʼutunik are ru kʼ e flor nitinao nutuni bʼaxik le nifurtim oxchi ʼ le flor nitina chech t . b. g.
are ri achi x in ch ʼayowik .
jun achi u bʼi ku ʼx u sipaj kebʼ kʼa ʼm u lew rech kabʼan ri tijo bʼal , kamik , kʼo chik ajtij rech ri komon xech pu p .
xu malty oxij cheri ajtij ro nojel le xu kʼut chi u wach .
pari bʼex kiraq junalaj imul saq rij , x kikʼam bʼik .
x ril le bʼal e ala .
jasku bʼij ch we ?
leu kuna taj em are ru kʼ utzukuxik leu ch ikopil pa junu solik u xe ʼ le ki kʼon leja ʼ rech jun nodo .
utz we nu tz ʼi ʼ .
je ʼ, tajin kachapon ik .
kinu loq ʼoj le nu tat .
kawaj kim bʼe p atin amit .
are la ʼ kin chakuj .
ri nima ʼq taq win aq kʼo keta ʼma bʼal .
weta x at bʼe wu kʼ pa le tin amit , xa loq ʼ tawa ʼwe jastaq .
ri kikʼas lemal . wa ixim u lew xa jun chima are tat in imit ri ma
ri u kʼ ya bʼal naj upam .
xatqaj chiupam ri il .
nojim kat wa ʼik .
we kʼo jun k tuqa ʼri k , ¿ laman xoquje ʼ taj kin tuq a ʼ r ri in ?
ojoj wokol ja .
awas kbʼan kʼaxche jun nim win aq .
x in ch ʼaw apan ru kʼ le wa na bʼ .
kʼax ri upam ri ju ʼl .
tajin kewa ʼri imul .
lakaj la ku j tzalij la anin aq ?
r umal rech cheri makaj man kʼota u kowin em p iwi ʼ ri ix : ri ixman ix kʼota chi chuxe ʼ rip ixa bʼ, xane ix kʼochuxe ʼ ri sipan ik .
nim raqan le che ʼ .
x inchapo .
are le tu ʼ r le loq ʼoman el .
xa s kat kʼoji ʼ chiupam rich ʼich ʼ .
sibʼalaj nim raqan ri kʼamal bʼe.
le tz ʼibʼabʼal we chin .
in x into ʼw la .
xa je kʼu ri ʼ ri ix kamik ri ʼ man ix kaxlan win aq tachik ; ri ix , ix rech ri kitin imit ri e ty oxlaj taq win aq, ix rech ri rachoch ridy os .
x in tiko x lajkʼal ichaj .
kaqariq q ibʼ ch we ʼ q .
sibʼalaj utz cheri wi ʼaj ri tuney .
we na jupulik ta xe qajik . . .
x into ʼ taj cheri nu chak .
kʼo jun chikopu bʼi ʼ pum .
poq on ri ik .
x oj bʼinik .
xu ch ʼe k ro nojel le retaman ik xpaqi ʼ k kʼax kwʼin ik xu bʼanaj kun .
kel u bʼik pari jude ʼa e k tzalij chi u bʼi jumul parigalile ʼ a.
x in ax ibʼij pa bʼe.
je ʼl kʼolem chi awachoch .
ro nojel ri ya ʼtal il pa we q ʼataj , tz ʼaqat kiwach , man k tz aqta kanoq xuquje ʼ man k tas taj .
xu kunaj le yawa bʼ le aj q ʼij .
chi tata bʼej jas le kimbʼij .
ch ʼanal ri achi .
pa bʼ oko ʼ kachakun wiri tax .
u j kʼopa u wuq q ʼij .
ki ʼ ri u kabʼ ri aqaj .
kʼo rachalal pa tz ʼoloj che ʼ ripe ʼl .
x kilo chik in kʼoxomaj .
ri ukisa kʼutz kya ʼik chiuxe ʼ ri tiko ʼn .
aretaq chi ʼ kaq ʼan p u wi ʼ ri juku bʼ, ri achiche x kʼoji ʼ ri itzel uxla bʼal ru kʼ , ku tach rech ri are ʼ , arechk kʼoji ʼ ru kʼri are ʼ .
na ka bʼantaj taw umal .
x na ʼtaj chke xe atin ik .
x in paj ri nu triko .
xe ʼ ok ri pok ʼ pari u me xa ripo ʼx .
kajulu w ri aq ʼa ʼl chiuxe ʼ ri tʼu ʼ y .
awech leja .
xu j bʼepa tzur ik .
na bʼex at opan ik .
ri u kabʼ u bʼi ʼ ri nu mam are ya y .
uwaj xaqu kakʼal taqanik (28) .
mata kʼo jun kakanaj kanoq , qo nojel koj bʼek .
e nima ʼq le al toma bʼ .
nim u wach ripo ʼt .
kojonik pari utzij wa ixim u lew .
jas xu kʼam bʼi letz ʼi ʼ xa wilo ?
x in p etik, tat .
ri bʼelaj u wach .
chi tata bʼej jas ri kim bʼij .
je ʼl kuna ʼri abʼix chiupam ri ququ lew .
kin bʼisoj u wach lew al .
xu tʼuyubʼa ʼ .
nim ri aweq e le ʼ n xa riqo .
x ine ʼ wa ʼoq .
chi ʼ kewa rwi le akʼala bʼ .
ri nu mi ʼal xutaq loq jun taqo ʼm wuj chiwe .
q ʼe ʼl ik, ri chaj pari bʼe.
lautz awach ? -utz malty ox , e kʼu ri at ? – utz malty ox .
x in kos r umal nu chak .
k bʼe ku kʼri e ʼ are ʼ e k tzalij pari na s are te keʼu nimaj .
ri joj xu kʼam bʼik ri akʼ .
kʼochi wachi ʼl chanim .
ku bʼij chech na ʼl kabʼan cheri atz ʼibʼ .
e . . . in kawaj katzjoj bʼi lach we .
mataxin yaj le ali .
jachin ru kʼ kat bʼe wi ?
kʼo sibʼalaj eta ʼma bʼal pari maya bʼ no ʼji bʼal .
e man xo ri jupuq kej .
kasu mum ri kaq iq ʼ .
e kʼokaji bʼ akʼala bʼ pa le bʼe .
je ʼ jas ri u tat k kaʼyik .
xaq at molon el tzij tal .
le nu tat kaloq ʼon ch we .
xaqtane kimbʼe iwu kʼ .
x reta ʼmaj u ch ʼajik .
r umal la ʼx koj “ x al q ʼat ” cheu bʼi ʼ ri komon .
are le u kemik pa s x reta ʼmaj .
ri wa ti ʼt ku bʼan nari u p atan .
kʼakʼ le po ʼt .
reta ʼm u wach jachin x loq ʼow ripas .
kench ʼabʼej le akʼala bʼ .
ya ʼtal chaqe qo nojel ri u j win aq utz kaqil q ibʼ .
x koti ʼ paq ʼayes x oq ʼik .
kawin aq bʼe leje bʼ q ʼataj .
e kʼokaji bʼ ral ri imul , jun saq, jun q ʼan, jun q ʼeq , jun q ʼeq oj , sibʼalaj ketz ʼan ik , kech ʼopi nik ri alaj taq imul .
k cholol ri achachal .
ketekik ri ikʼ .
xe p etik rech kewa ʼiwu kʼ .
tz atz ri uq ʼan il ri akʼ .
x oj tzalij ik x ixe ʼ qaq ʼat u j ku kʼ le i tati nan .
riyo ʼ x taq akʼala bʼ kekikʼux ri atz ʼy aq .
we achi we xu sipaj jun po ʼt ch we x kamik .
k kowin ri kunanel che kunanik .
xjiq ʼ pari polo w .
xar umal sibʼalaj rajawa xik le loq ʼalaj ja ʼ, le win aq x kibʼij : che we ikʼ ri ʼ qo nojel ku j bʼe cheu tikik taq che ʼ .
ri una ne ri e rachalal kepe u loq ru kʼri are ʼ , kʼate kʼu ri ʼ, man kekowin taj keq ibʼ u koq ru kʼ , r umal rech che e kʼo sibʼalaj win aq .
r umal rech , che man kʼota jun k kowin cheu kojik jun tiki bʼalil chik chu wach ri kojom chik che are ri jesusk ri sto .
te kʼu ri ʼ x utz ʼibʼaj ri bʼ pa ri nimalaj tijo bʼal rech aj ku ʼn .
kajulu w rich ʼu mil chaq ʼabʼ .
kʼis bʼal kanoq , xoquje ʼ k kam ri ixoq .
le ala x okik .
kʼop waq pa u wi ʼ ri me xa .
are kawaj na kinʼetaj .
ri yawal ku koj ri ali chiuxe ʼ ri cha kach are u su ʼt .
na kaqakʼam tu ʼ bʼi kamik .
ri ajtij ku bʼij chike : rajawa xik ke qachajij ri awaj , are u tiko ʼn ri ajaw .
x in tij mukuni wir .
kʼax leu wi ʼ taq le nu q ʼabʼ .
x in loq ʼjun il bʼal wi bʼ .
wa ʼwe q ʼij, nim u bʼantajik .
ri u xe ʼal ri qatin amit man kasach taj .
x oj bʼinik .
ri achalal junam kiwach .
x in weta ʼmaj ri lik wibʼ .
nim ri una ʼoj waj tij .
miq ʼin ri kʼul .
aj q ʼojom ri ate ʼ k .
che lesan ik che ʼ kbʼan wiri q ʼojom .
kap e le awelpa nawal ja ʼ .
ri mes on el tajin kchakunik .
utz chaqe kaqato ʼq ibʼ, taq kʼokʼax kʼol il , katewe chi ʼ n ri ajaw pa qawi ʼ .
xa wilo, x q ʼatan le ibʼo y .
xat kowin ik x abʼano .
ki ʼ ri kʼawex .
kajil il ri bʼe.
le ali xel bʼik .
are ʼ x raj x in bʼano .
nim we abʼaj .
je ʼ lik uti ʼjol al ri saq ko ʼr .
nojin aq rikej .
we katijan x ux man katuto ʼ tachi uq ʼat ixik le kʼakʼ ya bʼil corona virus (2019-n c ov).
na nim ta raqan wa ʼwe che ʼ .
utzalaj ajchak , ri w el .
¿jam pa ʼ ku j bʼe pa nimaq ʼij ?
rajawa xik tane la ʼkat chakun wu kʼ .
xutaq chi ʼj p awaram pu lew .
man are tariax wan xe lik .
ri awi x xu loq ʼ rachoch re nimal .
are ri ixoq x in sikʼin u loq .
rich ʼim akʼat ʼon na.
la x ibʼan le ichak ?
kʼi tin amite kʼopa ch ʼo ʼj .
kʼo jupuq chij chiuxe ʼ ri che ʼ .
ri u xaq ri abʼix areu wa rikej .
kawin aq q ʼataj .
la kix p epa tijo bʼal ?
we kechajix taq le kʼwa jachakin bʼij ; juna lik kʼoja ʼ xuquje ʼ sibʼalaj saq loloj .
xreta ʼmaj .
ri ala bʼom ri al itoma bʼ tajin kikitijoj kibʼ rech su taq , arekakaj kikibʼan nimaq achija bʼ chupam ri kikʼas lemal, xuquje kʼo chik jupuq bʼixonel chupam ri komon .
latz ʼu wach ri bʼe.
kʼakʼ riach ʼich ʼ .
qo nojel u j , u j maya bʼ taq win aq .
nojel q ʼij ri ati ʼ xkuyuq ʼuj le taq awaj jela ʼpa nik ʼaj ja ʼ, chirij ri juyu bʼ u bʼi ʼ te na ʼ .
paq ʼom chik risi ʼ .
kin tzukun che la.
kakitij le kin aq ʼ, le ichaj , leu wa ʼlik ru kʼ lej .
xe kanajkan le ajchaki bʼ .
ke tikon ri achija bʼ .
sibʼalaj itzel u bʼantajik rich ʼi lakan .
ri ate ʼ k xu malty oxij cheri rati ʼt , r umal ri utzalaj no ʼji bʼal xu kʼut chech .
k kamulix u chak ri abʼix .
la xin utzukuj le tijo xel ?
are ʼ kachakun ro nojel q ʼij .
lee kʼa ʼ na taq tz ʼi ʼ .
saq rij ri plam u x .
jas x aq ʼi ʼ ox atijo .
jas ru kʼ xkichap wi u tijik le ri kil ?
we kat atin ru kʼ kʼatanja ʼman kuq ʼatej ta le kʼakʼ ya bʼil corona virus .
la kat bʼin pa le uxlan bʼal ?
la waral kʼux ix wa ʼwi ?
are le nu tat kin loq ʼon ik .
tajin kchakun ri ala .
kʼo ri ki ʼ kotemal awu kʼ .
xuta jachin ka ʼe k .
x at wa ʼik x in wilo .
x tz aq ri rachoch r umal ri ja bʼ .
pa le jun ikʼ chik are nimaq ʼij .
e kebʼäm kebʼin pa u wi ʼ ri tem .
mem ri achi .
ri wikan ch ali ʼ y kel pa juyu bʼch wi tz iri bʼal .
le rajil , la paja xel aq ʼax wu ʼ bʼik ?
pari su ʼt pisom wiri lej .
koj p etik kol q akʼama ʼ .
tajin kat ch ʼopin chiu wach ri taq ʼaj .
leq ʼorx ch ʼuqik .
kʼax wa ʼi maw umal .
kin bʼison che lew al .
sibʼalaj kʼokʼ ri awa tz ʼyaq .
kamik xu j bʼe che u tikik taq che ʼ pari juyu bʼ .
kinu loq ʼoj le nu tat .
chaqi ʼj chik ri chaj .
x yi lix h awayi .
na x na ʼtaj tachke chi xe atin ik .
ru kʼ kʼu wa ʼwe ri ʼ, ri ix k kʼoji ʼ jun utzalaji kʼas lemal ri ʼ ch kiwach ri win aq chemane kʼota iwu kʼ , kʼate kʼu ri ʼ man kʼota jun win aq ri ʼ rajawa xik chi wech .
e p etin aq pa bʼe le rachala xik .
kakaj le akʼala bʼ kewa ʼik .
xu j ch ʼay bʼik .
ri nu chak are q ʼaxel tzij .
kʼo naru x la bʼ ri awaj .
tajin kel loq , riq ʼij .
xu q ʼi ʼo x kamsax ri rachalal choch .
ri nu mam are kʼo uq ʼinomal .
x kʼu lmataj jumul , xu bʼanjun nimalaj ja bʼ, man x bʼeye tajtana xu kʼis leuyu q ʼ chike .
ama ʼ ri nu tz ʼi ʼ .
jewa ʼkat p etik .
x in kosik r umal x in chakunik
iwe ch chi jujunal, ri wa .
xuq ʼi ʼo na xata tin taj .
in riqtajin aq pari kʼayi bʼal .
naweta ʼm taj .
kʼax le nu q ʼabʼ .
utz le xu bʼij le achi .
kematz ʼibʼ .
kʼo rachalal pa tz ʼoloj che ʼ ripe ʼl .
ro nojel wa ʼwe jastaq ri ʼ, xa s ksach wi u wach wa ʼ ; ru kʼ we ri ʼ, ri ix , rajawa xik che kʼo jun ty oxlaji kʼas lemal e k kʼoji ʼ ri ich ʼaw em ru kʼri dy os,
x muq taj ri patz ʼan .
rich ʼich ʼ tzijom kanoq pari u kʼol bʼal .
man kʼota u cholaj p ataq ri awuj .
ja chike ikʼ leu nimaq ʼij le tin amit nawal ja ʼ ?
xe p etik x olki kʼama ʼ .
kachuq ʼ chu tri ja ʼ chi apam .
x in bʼij iwi r chi xe bʼe pa armita .
are ʼ u xe ʼ ojertzij waral kʼiche ʼ u bʼi ʼ .
x kʼis ri nu si ʼ .
jawi x kibʼij wi chike ʼ e wi ?
¡ xa je kʼu ri ʼ, jachin taq rie kʼo pari jude ʼ a, chi chanim che ʼ anima ju bʼi p ataq ri juyu bʼ,
kʼakʼ ri abʼ .
la kʼo jun na kakʼox omaj taj ?
nautz ta leu tʼisom le almariy .
man ya ʼtal taj chi awe katok paja .
je ʼ, xat utzukuj .
are kel waj xaqi bʼ uq ʼij ri x kʼojik .
ri x un ku rk kʼoji ʼ p ataq ri t ri ko .
x in sachik .
xu tʼuyubʼa ʼ
na nu tom tal etzij …
wach ʼom ri kiwa ri no ʼs .
e kʼojo bʼ ch ʼil wa kʼ .
rajawi xik chip ataq ri tijo bʼal , pa nik ʼaj u bʼixik chik
ri rajaw ru lew are ʼ tat kel .
we kʼu xokik , we kʼna xokta
we achi xu sipaj jun pʼot ch we .
at at u taqo ʼn leq ʼatal tzij .
naq ʼanta u wach leq aprut .
ri xa ʼr kʼopa u wi ʼ ri q ʼaq ʼ kpoq ʼowik .
ri roq ʼej ri ali jachakp e jun akʼal .
kʼo junalapa tijo bʼal .
s äq u wi ʼ ri tata ʼ .
ri wi tz ikʼ tajin kpe loq .
jawi x sachon wi kanu ya ʼik le p waq che .
utz we achi we x inkunan ik .
qo nojel ku j wa ʼpa u wi ʼ ri me xa .
ri kaxla ʼn ik man poq on taj .
in x in bʼe ru kʼ ri wachi ʼl .
sibʼalaj je ʼl x kilo xekitz oqopij ri kichij chila ʼ .
kin bʼinik x in ʼ e k .
kʼax kʼolik , kacha ʼ .
ku tij ixim ri akʼ .
ri alix ch el , xuq ʼi ʼo xa jun akʼ xsipax che .
x qasikʼij le ixoq ch utz akik su bʼ .
mata x abʼinsaj lech ʼich ʼ .
rip ix tz ʼaral ik r umal rieqa ʼn .
¿jam pa ʼkel chi 3%
kʼo jun nu kʼo toj chi ʼaj .
tajin kewa ʼkat ri ala bʼom .
x in loq ʼ le nu kʼa kʼapo ʼt .
nautz akik tasu bʼ tajin ku ʼ ano
x oj u taq chi ʼij x oj wa ʼik .
iwech ri abʼix .
saq rij ri chij .
aj sik cheri tin amit kel wiri tata ʼ .
- ¡ ay! xa xin tzaqu loq , kʼax we waqan .
x kʼu lmataj pa jun komon chi ʼ u wach jun juyu bʼ, xu ri qa jun q ʼij x kiriq kibʼ jun imul ru kʼ le kok .
jas xataq chi ʼj le akʼal chu tijik ?
x inchapo suxu loq ʼo .
q ʼinom ri achi .
ri kʼum k tijo w ru kʼkabʼ .
tajin kejach ʼanik .
tz ebʼal u kemik le pasaw umal .
are kayo ʼw leu ch ikopil leu bʼantajik try pano soma brucei.
we kat niman ik utz kelik .
perono ʼji mal p etn aq loq , .
are le nu chak jun tz uq bʼal wi bʼ .
x kunax le yawa bʼ r umal le aj q ʼij .
ri u kʼu ʼx tz ʼibʼ pa qatzij e lajuj .
sibʼalaj je ʼ lik rieqa bʼal xu bʼan ri lu ʼs .
sibʼalaj at kon .
e man xo ri jupuq kej .
na x na ʼtaj tachke xe atin ik .
ri kʼamal bʼe xu bʼij chike, chi maja ri a nim .
jumuch ʼri nu juna bʼ .
q ʼi p tajin aq ri raqan ri tem .
kchakun ru kʼri jos bʼal che ʼ ri ajan el .
xataq chi ʼj le akʼal chu tijik kar .
oj kʼopa le ro ʼch le awel .
¿ la kat peq u kʼ ch we ʼ q ?
le win aq pa lech ʼich ʼe tʼuyullo wi.
x kanaj kanoq chiuxe ʼ ri ja bʼri ch ʼa ʼn .
nim rij a.
weta xa kunaj le at at matax kam la ʼ .
na nu kʼamom tu ʼ la ri ʼ .
chqa nu kʼu ʼ ri qatzij .
kim bʼe pa le tin amit .
x in q ʼi ʼo na xina tin taj .
rajawa xik kakʼaman cha we leu tijik le lej .
kʼis bʼal taqno ʼji bʼal .
