xine ʼwaʼoq.
xkibʼankʼ axcheleuwo saqrumalma nutztachik akayik.
riqʼutuʼmm ankechtale akʼalabʼ.
arenanimta leatzʼiʼch uwachlenut zʼiʼ.
xepetikxo lkilaʼ.
¿jawchiʼx ataʼchexk amrium amripoʼx?
ekebʼkek ʼamb ʼikpatuj.
xinloq ʼjunjapar iwokajja.
riaxt uʼbʼ,kʼoq ulajchech.
jaskarajka ʼanchutzak ikletiʼij.
xutijlewa.
ximb ʼalretzij.
xpaxribʼo ʼj.
wekawajk atintoʼox aqxuwikab ʼijchiwe.
jasnukʼuk uchʼobʼo.
jaskarajk utijo?
xexruxlab ʼririkil.
enitzʼaʼq letaqimul.
wetaneinxi nbʼanowik, areleateʼk xbʼanowik.
kint zalijpalen utinamit.
rinuchaqʼk ʼopauroʼq ʼatojtijon ikparitijo bʼal.
xinxiʼjwib ʼxinch ʼawik.
kʼochwaro ʼchlepare.
chir aqankabʼin wiritataʼ.
xsachonkan uyaʼiklep waqchechoj a.
xinq ʼaxchikixo ʼlriwinaq.
ketikonik.
riulewm anqechtaj, kechriqati ʼtqamam.
xepelew inaqxolkik ʼamaʼ.
xuloqʼr iwujr umalriali.
cheweqʼijk amikkʼojun nutzijone mchirijlen utinamit.
kejriʼ.
xkunana laqchwe.
kinusikʼ ijlenunan.
riimulxuch ʼijtaj,xk anajpabʼe, rumalrinim alkujaluj riimul,xut zaqrianim.
kubʼanr iuxoqʼoʼlr iajtzʼaq.
rilasibʼa lajutzchek unabʼal.
kʼikiw achrieʼ ajchakibʼp arikomont yox,kʼatek ʼutxajunch iajawxel;
xqatach ixatulik.
kawajch ikatʼek.
chʼutiʼnke kanajrixaj abʼchech.
kaqaxiʼjq ibʼk aqachapo.
ekʼokeb ʼukʼajol letatxwan.
luʼsubʼi ʼrirecham.
ajchiuwiʼm iqʼinjaʼri luʼ.
xinyakanle nuchimpak ʼaybʼal.
kʼatex rilo,xperi unancheut zukuxik,xk ikotik,xus alabʼisajr itaquxkin.
xkikʼutchi uwachriajt ijxuquje ʼchikiwach ritaqnik ʼajkachil.
utzlenuq ʼabʼ.
kullealwe ʼlpa austinchaq ʼabʼkamik.
riateʼkxtz aqloqarech ikʼopauwi ʼriqʼaʼm.
ajpatanr iteʼk.
xatqajch iupamriil.
lakʼotzijn akikʼoxom ajtaj?
xsacho nchkechixe atinik.
ronojelle ulewecha laq.
laxebʼek ʼulaxeʼki jaqakʼule uchiʼja?
xaqkatchʼo knajiwir.
kamikkʼoch irija staqawe.
arechiʼkak ʼisrijunab ʼkʼoq ʼinom.
panawaljaʼ xinalexik.
naxintata jweareriak ʼalkixt zuquwik.
¡rulewris abʼulone rulewrine ftali,ub ʼeripolow, rulewrijor dan,galile ʼakechrije taqamaqʼ!
rax,rax,ra x,kʼokʼ,kʼ okʼ,kʼokʼl eruxlabʼle taqtikoʼn.
ach ixatwilo.
paqalraj illepixk amik.
xojbʼinik.
pajunje ʼltijob ʼalkutijoj ribʼjunakʼ al,ubʼiʼpo ʼx,utzkuri lokepatijo bʼalronoje ltaqqʼij.
xwajch ixatʼetaj.
ut zlaʼlexub ʼijleachi.
weta ʼamjach inkapetik.
kinq ʼojomanik.
xinqʼiʼot akʼalikx inpetik.
areʼreta ʼmchekinop anik.
aretabʼale qaqajawch attoʼwik.
kawinaqwaq ibʼqʼataj.
naqajchikc heriuwaqk ajbʼalaret aqchiʼksac huwachriq ʼij,kokriq ʼequʼmchuw achulew,ch ikʼateʼn aribʼeleje bʼkajbʼal.
jobʼraqanr itzʼalam xeporoxik.
sibʼalajko rijrimop.
arewaʼ.
jelaʼparit iminitchwi kabyokrech xelajuʼ,le qananqatat kakitikoje ʼlalajtaqu wachichaj.
kʼaxnuqul.
xuʼluk ʼamaʼ.
kojulk itzukuj.
aremankʼax taukunaxik aretaqanin aqkaʼilit ajweyabʼil alxuquje ʼmojoʼqaku yaʼlekʼaxk ʼolilchech lejolomaj.
riwelkʼop atijonik.
kawajkinb ʼij.
rikotzʼi ʼjkqakojch iupamrija.
qʼeqqʼojr ijr iamaʼkej.
naxwajtajx inchʼawik.
chpetab ʼaleloq ʼalajjabʼ.
xsacho nchkexatki sikʼij.
eleqʼalch ʼichʼ.
jachinx awiloch iarextijo writiʼj?
matakabʼel enuxbʼalpa letinamit.
pimr uq,riali.
¿kʼorimuqʼ echiawech?
kqab ʼijmankeko wintaj.
kintijna.
kʼojunqat ʼuʼypaja!
kʼopujch iupamrich ʼaʼk.
aretaqk inkosikkin warik.
xatwa ʼikxinwilo
inxinchʼa yowleachi.
konojelria laxikkeʼet zʼanik.
jasrukʼxk itijwilek irikil?
aninaqi lkatpetik.
naraxt auwachleju yubʼ.
ritzʼalamt zʼibʼabʼal raxkkayik.
wechatchak unik,kʼo awa.
maʼt amxatpeche riwaʼim.
kamulkinwa ʼna.
risikilkti jowrukʼik.
kimbʼeaq ʼanrukʼlea ltalin.
xojʼekxe ʼqila larqasok.
xekiqʼille ajchakibʼx kiwokleja.
matanexw ajlek ʼuhjnemruk ʼleateʼk.
arexeʼop anchiuchi ʼrijuyub ʼ,xkiloch imanqastak ʼoqʼayes.
kʼatekʼut, rijesusm ankkojont achkechrie ʼareʼ,rum alrechche konojelret aʼmkiwach,
paʼtzrijr itzʼiʼ.
juwinaqwaq ibʼqʼataj.
atelaqʼom.
xaqatjoʼs.
riqʼatzu, areqʼalajr iuqʼijil.
ajchakwea la.
ubʼelejuk akʼalta qanik(29).
kebʼnub ʼiʼkʼolik.
lakatzalij lu ʼlaaninaq?
katzukun lachwe.
lakaj lakojbʼeʼp alechom alchweʼq?
xinnabʼejc hutasikqak ʼolibʼal.
lalxinto ʼwik.
sibʼalajan oʼjibʼal.
xojpetikxo lqakʼamaʼ.
sibʼalajje ʼlikriuwa ʼlriichaj.
kʼaxwijr umalinpach alik.
aretaqxuk ʼulmajwaʼx ulriuchom anikxubʼi j:areutzwa aqʼabʼkinw alijik, arechaʼch animkinop anpatijobʼ al,majchik inkʼulmaj.
ojajxojolo bʼpaawa sqʼij.
xinsachche leuwok ikletzij.
ejulajujr iakʼ.
xutajampa ʼkojʼek.
qilik.
ritijoxelm anaretanim chuwachri rajtij.ri utztijoxe lqasjeri ʼkʼolikja srirajtij.
inxatinch ʼayo.
noʼjimchak wumal.
chʼ urrijochʼ.
inkinb ʼijnak atsachtaj.
ujmayabʼ.
riabʼaj yatzalik.
tajinkepix bʼaxriak ʼalabʼ.
chomriaq.
xinwarik.
elemenkono jelriak ʼalabʼ.
tajinkqʼan arikriwere ʼaj.
leukem iklepasut z(chawe).
xuyupubʼa uwachraʼch i,kachaʼ,.
risatan askokparij udasrikbʼi xiskariʼot echrech,ri areʼjunchk ixoʼlriek abʼlajuj.
chuch uripar.
kinqumujr inujochʼ.
chechpunci ónlumbaram aqʼelrajaw axikchechr ilikleukʼe xbʼemwilen abʼeruk ʼleukabʼuk ʼutunemle yabʼilal.
qʼalajchin akawajtajk abʼij.
kʼoqʼolch irijrisiʼ.
jawixojʼe wichuloq ʼik?
kʼouloch ʼritalin.
qʼanrijria tiʼtnukej.
laxtzalij laiwir?
xesikʼi xik,kʼatek ʼuriʼxe yajik,xuq ujeʼxetaqb ʼicheusik ʼiklemes.
lak ixwarik?
arekʼulep alomaxxub ʼijche:-m amkatbʼi sontaj,kin sikʼijnikʼ ajwachiʼlk erapapik.
aʼreet ijoxelabʼ.
rialajalis iʼlxubʼijx qachappaut zalrityox.
xsachonchk ejachinxe atinik.
jasxura yijleananx utijo?
xinkosik.
raxronojel riqʼayesru mallejabʼ.
kinyawaʼ wechʼichʼp inemnautz.
noʼjimupac hʼuxiklen uwiʼ.
najkʼowile woʼchchuw achletijob ʼal.
riokibʼalk ʼochiuwach risaqja.
xenutaqch ʼijkekille akʼalabʼ.
kʼojunqʼox owemchiwe.
tzaricho ʼm.
wechojbʼep alenimaqʼi j,keqillea jxojolobʼ.
xojʼekxe ʼqila larqasok.
riateʼkxut aʼchechrin antoʼn:-n anjascheʼc himankajt alaqakʼati sajrijoʼq.
ripalsib ʼalajxuʼy.
kinkojrijo kbʼalulew.
inkinb ʼijnak atsachtaj
atrajk unlenunan.
kuqam ujujoronr iajtzij.
luʼtzʼ alamubʼiʼ riachikelp animcheʼ.
jeʼlikut iʼjolalri saqkoʼr.
kʼojunx aʼrpaja.
xinloq ʼjunk ʼakʼpatan.
kʼax ukemiklepa sawumal.
aninaq ukemiklepa sawumal
richʼaʼn sachinaqp ataqabʼix.
raxtaqleko tzʼiʼj.
mesomkanoq riupamja.
manaretara laxkosik.
rikomonxe chpuprech uqʼabʼtin amitxoʼlab ʼajrechq ʼumarkaj.
lautzakikk ʼusubʼtaj inkuʼano?
katela!
nax utijtaj.
xar umalketa ʼmkonojelr iwinaqkkiq umujlejaʼ.
iwirxujt zalijlapak ʼaybʼal.
qetaʼmcher iqawak ujutoʼo.
riajtij,k yajonch ikechriak ʼalabʼ.
jasubʼ anomlenuch ʼutitat?
chweʼqk inbʼepan imtinamit.
utzwekiwet aʼmajjask ubʼijricho lbʼalqʼij.
tajink atjilowche uqʼoxomjo lomaj.
xintikq ʼaxchi uwachrija.
kʼaxlekib ʼelewinaq.
loqʼkatk untajchele yabʼil(cov id-19).
rinuxibʼ alkelpaqaj bʼalqʼij.
xrilr iaxwanchix waʼriala.
lealixk unatajik.
wetakapele jabʼkamik.
xinweta ʼmajchin axatpetaj.
ripwaqrech weqʼatajri ʼkesaxchec hritojbʼa lkʼayinem.
ktijri uwaʼlikr umalrikin imaqʼij.
xuchap ukunaxik.
chatanloqa li.
xinxuli ʼqajoq.
jeʼ likktijowr itaqikox.
kʼatekʼuri letatxoʼrx ubʼij,mank awajtaj,ma nkawajtaj.
kʼojunt zʼiʼpabʼe.
kam ulxinpeche atzukuxik.
mantaj intakinch akunik.
kinchak unikrechk atwaʼik.
jasruk ʼxawilwich ixkiqupijw iletiʼj.
jasubʼixik …?
koqʼriak ʼal.
kawajnak atʼetaj.
xatqʼajik.
wemnach aloqʼaxi yal,nakimb ʼetaawukʼ.
xopanlew ujawukʼrum alwechin.
arekʼutpa lejuyubʼkk ʼiyjoron,c hilaʼxekik ʼamawirij aʼriwinaq.
koqʼriak ʼal.
wekʼo arajilchak ʼamaloq.
aresibʼal ajkaqleapo ʼtchuwach lenupoʼt.
xinkʼasta jpakabʼlaj ujkajbʼal.
kaqoyʼejn akixpetaj.
kokaxim richijxaje laʼmankani majtabʼik.
rikoknojim xbʼek,xuch ʼijoxopanp aukʼisbʼa lilleanim.
xojkiʼkot ikaretaqx atulik.
kaqitzʼn ajriuxajab ʼriakʼal.
rijesuskwa ʼkatparini mrachochri dyos,chuxe ʼrijunjach erachochri salomon.
wetaqanik riʼkubʼi jchirajaw axikkyaʼuq ʼijriwinaq xuqujeʼkto ʼaninaqil.
riaxuxaren ariukune lrikinaqʼ.
aretaqwaʼr iuqʼijolwe taqanik.
kʼo juntabʼalp auwiʼrixk anulubʼiʼ lajujnoʼj.
yuʼlub ʼanomriuko lobʼrikej.
xanimajr iakʼalchi uwachr iuchuch.
kkunanr iachi.
kinwaʼ ikrechnaki nyowajtaj.
ajxikchʼic hʼriluʼs.
kwajcheixk ixb ʼanowik.
aʼrexeto ʼwalaq.
xojʼekxe ʼqila larqasok.
xinloq ʼjunchʼich ʼ,qajinaq uwach.
kutʼisr ipantalon.
ejanipale awalkʼw alekʼolik?
utzukemikl epaschawe.
rimaxareaj qʼaniyaʼ.
matabʼach iriqkʼaxp alebʼe.
tajinkanim aj,rimeʼs.
ixixeʼ laqʼomabʼ!
xs achanchwe.
ekʼokʼiche ʼ,chiuwach rijuyubʼ.
arewaʼrin imalajpix abʼearewa ʼrinabʼe.
xretaʼm ajchirukʼp akʼkutijwi
jasut zakiklesub ʼxuʼano?
ajxo ʼyriwikan.
wetane aʼrexetijo wlerikil, arelekomon xetijowik.
sibʼalajan inaqkachʼ awleareʼch inuwachin.
utzwekinch akuj.
meʼslaʼ.
kʼok anwarechk aqatijo.
xinsik ʼijla.
riakʼ alxsachk anoqjelaʼp ataqʼaj.
xesik ʼijla.
jawixkib ʼijwichike ʼewi?
rumalche,m anixtari ʼrikixchʼ awik,areri ruxlabʼaxe lriitatriʼ rikchʼawna iwukʼriix.
kʼakʼr iwachoch.
sibʼalajut zkinwille atzʼyaqrec hnahuala.
saqporkk ayrikipo ʼtrinan.
xsachonrin uchakchwe.
waʼ imxuchapo.
riqʼaq ʼtajinkaju luwik.
najilupamr isiwan.
ekʼoriqach alalpachi uwiʼla.
jasxataqch iʼjleakʼa lchutijik?
noʼjim ukemiklepa sawumal.
kʼojunkuku bʼiʼtintin ,waʼlelajk ukmamkaje qitaj,kapa qikaxulikp auwiʼuq ʼabʼtaqche ʼ,sibʼalaj sakʼaj,ke ʼutoleenim aʼq,chʼuti n,rachiʼl, ajsipanel sibʼalajut zranimaʼ.
riupix abʼleqʼatb ʼaltzijkiy aʼubʼixik.
naxsachont achkexe atinik.
xeqi llechikopp uwileja.
xloʼtajr iakʼal.
qonojelk ujwaʼpauwi ʼrimexa.
xsikirle waqan.
laxatwaʼk ʼut?
nimubʼaq ʼritulul.
kinxikʼik ʼikxinq ʼaxik.
lakatbʼepa letinamit?
ripalsibʼa lajsaqʼor.
kqʼoxown ujalom.
xinnaʼoch ikatpetik.
xloqʼulew iwechix.
xinchak unruk ʼrinumam.
naxqa bʼantaj.
kkʼojiʼbʼ aʼriusipan ikriajawxe ljesuskri storukʼria wuxlabʼal!
kinch ʼawrukʼlen unanpalech ʼawebʼal.
sibʼalajq ʼequʼmrum alrimayul.
arelebax ulik.
xeko sleixoqi bʼpalebʼe.
kʼaxr ilikleak ʼalchawe.
xinq ʼiʼoxinat inpajoron.
sibʼ alajnimlet inamit.
kʼax ukemiklepa sawumal.
xinsachik.
tajinkeluk ikʼelparaq anritzʼiʼ.
xinwetaʼma jrilikwibʼ
riqʼuq ʼarejunje ʼlchikop.
kʼop ajatijobʼa lriwikaqʼ.
risachib ʼalmakr ajwaxikch iqaxoʼl.
jeʼ,k imbʼek.
jelale ʼrinupwiʼ.
xubʼijche: -jasxabʼ anotintin?
kabʼanju ntoqʼobʼky akrinujal.
katʼekx inta.
jasleukʼex bʼemribʼle junrukʼlej unchik?
ajchiuwiʼm iqʼinjaʼri luʼ.
ritijoneln ajkpewi.
teʼkixchob ʼubʼiʼrin utat.
rijaʼkamiq ʼikchiuwac hriqʼaqʼ.
ritʼuʼykp aqʼowik.
k inmesonna.
naqajatkʼo wichiwech.
xinbʼison iktaqnax atpettaj.
wexkamriw inaq,ripw aqrechtojb ʼalmakajk yaʼchikech riralaxik.
rinun anxbʼepak ʼaybʼal.
xojukʼam uloqrechko jrilo
xkʼotoch inchikiw achchikinw aʼawukʼ.
naxkikamsa jtajxkikʼa mbʼichoja.
kʼakʼriik ʼkamik.
ximbʼer ukʼleajk uniwir.
rilik.
letzʼ iʼxekosik.
xinkikotaw umal.
riimulxum ajrianim,x uyak anlekok.
kʼoojcher iakʼal.
xujbʼepaju nkʼulanem.
utzwekwara laq.
kaqiloch inakojuk ʼamtaj.
xretaʼmajc hirukʼpak ʼkutijwi.
sib ʼalajxink ʼaʼnarik.
xinkoch ijrinuwa.
mankatkow intajkatch akunik,wem ankʼotari ajilabʼal.
wewononxub ʼijchike:- kixinto.
rialanimkr ilwiri umam.
xkaʼychiri j,xkaʼych uwach,mak ʼotachijun ksilobʼik, xoqʼikxuxe ʼjribʼxch ʼopinikxtz alijloqx uriqtachik riubʼe.
kʼopuscher iwa.
pinemnak abʼelew atz,kim bʼewiinpak aʼyibʼal.
rinantoʼnn imwinaqch ik,saquwiʼ ,ronojelaq ʼabʼutzkun aʼokatʼuyi ʼpautem,k umiqʼisaj ribʼchoriq ʼij,kʼojun uwiʼumamub ʼiʼateʼk.
manekʼitaj riqulaʼ.
qʼalajchin akawajtajk abʼij
xpaqabʼisa xrajilrono jelrikem.
kʼopariju lrikumatz.
ronojelq ʼijkinchʼa jlenuware.
saqchikan leichajrec hkatzako.
chuxeleq achomalk aqatijwiju nqameqʼin.
chawilaʼ.
ekʼojobʼ umiʼal,rin utat.
jasruk ʼxawilwi
jeʼjasriw inaqrechri uwachulew, xoqujeʼkep enariʼrie ʼareʼchee rechriuw achulew;je ʼjasriwin aqrechrik aj,xoquje ʼkepenari ʼrieʼareʼe rechrikaj.
xintijo.
ktzʼujuwr irachoch ripoʼx.
xuqʼiʼoare leukʼulelx yaʼowuwa.
riawelxret aʼmajchir ajawaxikm ankuxejta ribʼcherit ukur.
jukʼulajw inaqxeʼan imajbʼik.
jeʼ,xint zalijik.
xojpetikxo lqakʼamaʼ.
majjach inxʼek.
inajtij; attijoxel.
saquwi ʼritataʼ.
wechrikem.
leroʼchle ateʼkkʼoch wachleukʼ aylenunan.
kbʼepa risiriʼaep arisilisiʼ a,jawijeʼk uyawirikic huqʼabʼri komontyox.
pixabʼ:m anutztajk ʼaxkujchʼa wchikijnik ʼajqachil.
xkunatajle ali(kumalr iixoqibʼ).
rixibʼibʼa lchikʼowip ataqriqak ʼaslemalro nojelqʼij.
nakujw artawaral.
onchekkʼoj iʼriutzi lchixoʼl, arechjunam riqakojon ik,junamri iwechixruk ʼriwechin.
paoxqʼijr isaʼnkbʼen aruk ʼriajkun.
kawinaqw uqubʼ.
jaskawajk intijo?
wetaxatbʼe wukʼpaleti namit,xalo qʼtalaʼleu jastaqleak ʼajol.
kebʼepawa ʼim.
xinloqʼk ʼiwa.
pajunnimkʼ acheʼlaj,k ʼojunkʼw aʼsibʼalaj saqloloj,n imuwach.
kwajkatijj ubʼaʼwa.
ronojelwin aqkrilnari ukolonemri dyos».
xkʼotoch inchikiw achchikinw aʼawukʼ
kwajnak atʼetaj.
laxaloq ʼjunalej?
ekʼorieloq ʼomanel.
riukabʼ ubʼiʼrinum amareyay.
kinjopijri ijaʼrechtr iko.
xnaʼtajchk exeatinik.
xateʼqila ʼ.
kakit ijalanxaxr iwinaq.
...kinbʼ ijchiarewa ʼsinxiʼan.
naxinn abʼejtach utasikqak ʼolibʼal.
rumalrechc heweriin,k inchʼawruk ʼridyospac hʼabʼal,kc hʼawnakʼur iʼriwuxlab ʼalrukʼrid yos,kʼatek ʼutmankʼot aupatanriʼ chrechrinu chomabʼal.
xepetikxk ilo.
xutawek atʼek.
utzukemikl epaschawe.
rinuwakaxx utijjunq ʼoqʼrumalr iʼxkamik.
rumalrik ʼix,mankew aʼtajriwin aq.
xeʼulik.
qʼeqrijr iamaʼchij.
xrajk aʼeleunan.
junamk ijunabʼ.
naqʼalajt ajwekaʼek.
riwixnamch ʼajchʼojr irachoch.
waralmank ʼotajajawa l.
naiwirtaxr illek ʼamolbʼe.
xinpeloqte kʼuriʼxint zuk ujronojelr inurajil.
riajtikone lkutikrit zij.
kʼoekik ʼajolleach ijabʼ.
kutijq ʼayesriixp aʼch.
pariwaʼb ʼalekʼok awinaqach ijabʼ.
sipojin aqrinupam.
kayaʼtajik rukʼuti ʼonemjunri uriqomleya bʼilamolot setséxuq ujeʼarekay aʼtajpataq rijuyubʼ.
jachinr iachi?
rin umamxkamik aretaqkʼoj umuchʼlaj ujujunabʼ.
kinkowin ikkinkʼamb ʼilepwaq.
kinwilochi utzriajiʼ.
xinqʼilr iapoʼxchem ankachak untaj.
kwaʼchiuwa chletaqʼaj riamaʼakʼ.
riimulxepo qʼikpaj unikʼ.
xkʼiskanoq riqachak.
arer ialixoj ilowkanoq.
sibʼalajch ʼ uʼjriamax.
kʼonuwach iʼ.
inchajine lkechleak ʼalabʼ.
xekoslet zʼiʼ.
kinbʼenaku kʼrimolaj.
ronojelaq ʼabʼkinyit zʼriwakax.
karapinikx utzukujchi junawaj.
leukemikle pasaninaq( awumal).
maj urajilleq ʼabʼarel.
kʼaxriʼrik achʼawik.
xojutaqchi ʼjleachich uloq ʼikichaj.
sibʼalajk ʼaxrixk ʼulmaxik.
xkilochin akinkʼoxom ajtaj.
xna ʼtajchkech ixeatinik.
xkʼotochin chikiwachc hixojalwo ʼqakukʼ.
junqʼuʼqr ajilrikax laʼnwa.
xinwiloch ixeʼelik.
ekʼoixoq ibʼpalekʼa ybʼal.
mankʼotaj ukʼisikrim ayabʼajlab ʼalil.
risinkkʼi ypataqʼaj.
richʼimama nkkʼiytajp ataqʼaj.
raj awaxikkjik ikriwaqän.
kaw ajkinʼek.
ekʼooxib ʼakʼ.
xub ʼijchwejaw iatkʼowi.
chweʼqk ujbʼeʼpam uquj.
pasaqk ʼajaʼkb ʼanwiriuq.
xojkisik ʼij.
xinwilwib ʼ.
chaqʼchikr iwa.
kimbʼenaka palewoʼch.
kaw ajkinʼek.
richʼuʼkt ijrukʼlej.
parikiq ʼijkamin aqibʼkbʼ anqʼorikʼy aʼrechaj:n abʼerinank utzukujk anriaj,kuj achʼoʼxuqu jekukʼeto.
jaskajb ʼalchanim?
utzuchoman ikriali.
pariqʼijox lajujti jaxkink ʼiskebʼj unabʼkinch akunwaral.
sibʼ alajko,rik ʼakʼchʼat.
jaskarajk ubʼij…?
richʼichʼk asilabʼik.
paojerq ʼalpulxaqx uwirinimw inaqkek ʼamowbʼe.
leukun axikleukab ʼukʼutunik arerukʼefl ornitinaon utunibʼaxi klenifurti moxchiʼlef lornitinac hecht.b.g.
areriach ixinch ʼayowik.
junachiub ʼikuʼxusip ajkebʼk ʼaʼmule wrechkabʼ anritijobʼ al,kamik,k ʼochikajti jrechrikom onxechpup.
xumaltyoxi jcheriajti jronojelle xukʼutchi uwach.
paribʼexki raqjun alajimuls aqrij,xkik ʼambʼik.
xrilleb ʼaleala.
jaskub ʼijchwe?
leukunataj emarerukʼu tzukuxikle uchikopilp ajunusolik uxeʼlekik ʼonlejaʼre chjunnodo.
utzwenut zʼiʼ.
jeʼ,tajink achaponik.
kinuloqʼoj lenutat.
kawajk imbʼepatin amit.
arelaʼk inchakuj.
rinim aʼqtaqwin aqkʼoketa ʼmabʼal.
wetaxat bʼewukʼpa letinamit, xaloqʼtawa ʼwejastaq.
rikikʼasle mal.waixim ulewxajunc himaaretat inimitrima
riukʼyabʼ alnajupam.
xatqajch iupamriil.
nojimkatwa ʼik.
wekʼojunkt uqaʼrik,¿l amanxoquje ʼtajkintuq aʼrriin?
ojojwokolj a.
awaskbʼank ʼaxchejunn imwinaq.
xinch ʼawapanruk ʼlewanabʼ.
kʼaxriup amrijuʼl.
tajinkewa ʼriimul.
lakajlak ujtzalij laaninaq?
rumalrec hcherimak ajmankʼot aukowinemp iwiʼriix: riixmanixk ʼotachich uxeʼripixa bʼ,xaneixk ʼochuxeʼ risipanik.
nimra qanlecheʼ.
xinchapo.
arelet uʼrleloq ʼomanel.
xaskatkʼoj iʼchiupamr ichʼichʼ.
sibʼalajn imraqanrik ʼamalbʼe.
letzʼibʼab ʼalwechin.
inxinto ʼwla.
xajekʼuri ʼriixkamik riʼmanixka xlanwinaqt achik;riix ,ixrechrik itinimitr ietyoxlajt aqwinaq,ix rechrirach ochridyos.
xintikox lajk ʼalichaj.
kaqariqq ibʼchweʼq.
sibʼalajut zcheriwiʼ ajrituney.
wenajup uliktaxe qajik...
xinto ʼtajcher inuchak.
kʼoj unchikopub ʼiʼpum.
poqonriik.
xojbʼinik.
xuchʼekro nojelleret amanikxpaq iʼkkʼaxkw ʼinikxub ʼanajkun.
kelubʼikp arijude ʼaektza lijchiubʼi jumulparig alileʼa.
xinaxib ʼijpabʼe.
je ʼlkʼolemch iawachoch.
ronojelriy aʼtalilpaw eqʼataj,tz ʼaqatkiw ach,manktz aqtakanoqx uqujeʼm anktastaj.
xukunajle yawab ʼleajqʼij.
chitatabʼe jjaslekimb ʼij.
chʼanalr iachi.
pabʼoko ʼkachak unwiritax.
ujkʼopa uwuqqʼij.
kiʼriukab ʼriaqaj.
kʼorach alalpat zʼolojche ʼripeʼl.
xkilochiki nkʼoxomaj.
riukisak ʼutzky aʼikchiuxe ʼritikoʼn.
aretaqchi ʼkaqʼanpuw iʼrijukub ʼ,riachich exkʼojiʼri itzeluxlab ʼalrukʼ,k utachrechr iareʼ,arec hkkʼojiʼr ukʼriareʼ.
nakabʼant ajtawumal.
xnaʼtajchk exeatinik.
xinpajr inutriko.
xeʼokripok ʼpariumex aripoʼx.
kajuluwria qʼaʼlchiux eʼritʼuʼy.
awechleja.
xujbʼepat zurik.
nabʼex atopanik.
riukabʼ ubʼiʼrinum amareyay.
uwajxaq ukakʼalta qanik(28).
matakʼoj unkakanajk anoq,qonoj elkojbʼek.
enimaʼqlea ltomabʼ.
nimuwachr ipoʼt.
kojonikpar iutzijwaix imulew.
jasxuk ʼambʼiletz ʼiʼxawilo?
xinpet ik,tat.
ribʼelaj uwach.
chitatabʼe jjasrikimb ʼij.
jeʼlkuna ʼriabʼixch iupamriq uqulew.
kinbʼisoju wachlewal.
xutʼu yubʼaʼ.
nimr iaweqele ʼnxariqo.
xine ʼwaʼoq.
chiʼkew arwileak ʼalabʼ.
rinumiʼ alxutaqloq juntaqoʼmw ujchiwe.
qʼe ʼlik,rich ajparibʼe.
lautzaw ach?-utzm altyox,ek ʼuriat?–ut zmaltyox.
xinkosrum alnuchak.
kbʼekukʼr ieʼareʼekt zalijparin asareteke ʼunimaj.
rijojxuk ʼamb ʼikriakʼ.
kʼochiwach iʼlchanim.
kubʼijchec hnaʼlkab ʼancheriat zʼibʼ.
e...inkaw ajkatzjojb ʼilachwe.
mataxin yajleali.
jachinruk ʼkatbʼewi?
kʼosibʼ alajetaʼma bʼalparima yabʼnoʼjib ʼal.
emanxor ijupuqkej.
kasumumr ikaqiqʼ.
ekʼokajib ʼakʼala bʼpalebʼe.
jeʼjasriut atkkaʼyik.
xaqatmolon eltzijtal.
lenutatkal oqʼonchwe.
xaqtanekim bʼeiwukʼ.
xretaʼmaj uchʼajik.
rumalla ʼxkoj“xalq ʼat”cheubʼ iʼrikomon.
areleukem ikpasxreta ʼmaj.
riwatiʼtk ubʼannar iupatan.
kʼakʼlepo ʼt.
retaʼmuwac hjachinxlo qʼowripas.
kench ʼabʼejleak ʼalabʼ.
yaʼtalchaq eqonojelri ujwinaqutz kaqilqibʼ.
xkotiʼpaq ʼayesxoq ʼik.
kawin aqbʼelejeb ʼqʼataj.
ekʼokajib ʼralriim ul,junsaq, junqʼan,j unqʼeq,jun qʼeqoj,sib ʼalajketzʼ anik,kechʼ opinikrial ajtaqimul.
kchololr iachachal.
ketekikr iikʼ.
xepet ikrechkewa ʼiwukʼ.
tzatzriuqʼ anilriakʼ.
xojtzaliji kxixeʼqaqʼ atujkukʼle itatinan.
riyoʼxt aqakʼalab ʼkekikʼuxr iatzʼyaq.
weachiwexu sipajjunpo ʼtchwexk amik.
kkowinrik unanelchek unanik.
xjiqʼp aripolow.
xarumalsib ʼalajrajaw axikleloqʼ alajjaʼ,le winaqxkibʼ ij:cheweik ʼriʼqonoje lkujbʼeche utikikt aqcheʼ.
riunanerie rachalalk epeuloqruk ʼriareʼ,k ʼatekʼuri ʼ,mankekow intajkeqib ʼukoqrukʼ, rumalrechc heekʼosibʼ alajwinaq.
rumalrech, chemankʼot ajunkkowi ncheukojik juntikibʼ alilchikch uwachriko jomchikche arerije suskristo.
tekʼuriʼx utzʼibʼajr ibʼparinim alajtijob ʼalrech ajkuʼn.
kajuluwric hʼumilchaq ʼabʼ.
kʼisbʼalk anoq,xoq ujeʼkk amriixoq.
lealaxok ik.
kʼopwaqpau wiʼrimexa.
arekawajn akinʼetaj.
riyaw alkukojri alichiuxe ʼrichakach areusuʼt.
nakaqak ʼamtu ʼbʼikamik.
riajtijkub ʼijchike:r ajawaxikke qachajijri awaj, areutiko ʼnriajaw.
xintijm ukuniwir.
kʼaxle uwiʼtaqlen uqʼabʼ.
xinloq ʼjunilb ʼalwibʼ.
waʼweq ʼij,nimub ʼantajik.
riuxeʼ alriqatin amitmanka sachtaj.
xojbʼinik.
riach alaljunamk iwach.
xinweta ʼmajr ilikwibʼ.
nimriuna ʼojwajtij.
miqʼinrik ʼul.
ajqʼojomr iateʼk.
chelesanik cheʼkbʼanw iriqʼojom.
kapeleawe lpanawalja ʼ.
rimesonelt ajinkchak unik.
utzchaqek aqatoʼqib ʼ,taqkʼokʼ axkʼolil,k atewechi ʼnriajawp aqawiʼ.
xawilo,xq ʼatanleib ʼoy.
xatkowin ikxabʼano.
kiʼrik ʼawex.
kajililr ibʼe.
lealixelb ʼik.
areʼxrajx inbʼano.
nimweab ʼaj.
jeʼlikut iʼjolalri saqkoʼr.
nojin aqrikej.
wekatijanx uxmankatut oʼtachiuq ʼatixiklek ʼakʼy abʼilcoron avirus(2 019-ncov).
nanimtar aqanwa ʼwecheʼ.
utzalajajc hak,riwel.
¿jampaʼk ujbʼepanim aqʼij?
rajawaxikt anelaʼkatc hakunwukʼ.
xutaqchi ʼjpawaramp ulew.
manaretar iaxwanxe lik.
riawixx uloqʼracho chrenimal.
areriixoqx insik ʼinuloq.
richʼimak ʼatʼonna.
laxibʼ anleichak?
kʼitin amitekʼop achʼoʼj.
kʼojupuqch ijchiuxe ʼricheʼ.
riuxaqr iabʼixare uwarikej.
kawin aqqʼataj.
lakixpepat ijobʼal?
wekechajix taqlekʼwaj achakinbʼi j;junalikk ʼojaʼxuquj eʼsibʼalaj saqloloj.
xretaʼmaj.
rialabʼomr ialitomab ʼtajinkik itijojkibʼ rechsutaq, arekakajki kibʼannima qachijabʼc hupamrikik ʼaslemal,x uqujekʼoch ikjupuqbʼ ixonelchup amrikomon.
latzʼu wachribʼe.
kʼakʼriach ʼichʼ.
qonojeluj, ujmayab ʼtaqwinaq.
nojelqʼij riatiʼxkuy uqʼujletaq awajjelaʼp anikʼajj aʼ,chirij rijuyubʼub ʼiʼtenaʼ.
paqʼomch ikrisiʼ.
kintz ukunchela.
kakiti jlekinaqʼ, leichaj,le uwaʼlikr ukʼlej.
xekanajk anleajchak ibʼ.
ketikonr iachijabʼ.
sibʼalajit zelubʼant ajikrichʼi lakan.
riateʼkxum altyoxijch eriratiʼt, rumalriutz alajnoʼjib ʼalxuk ʼutchech.
kkam ulixuchakr iabʼix.
laxinutzuk ujletijoxe l?
areʼkach akunronoje lqʼij.
leekʼaʼn ataqtzʼiʼ.
saqrijrip lamux.
jasxaqʼ iʼoxatijo.
jasrukʼxki chapwiutij iklerikil?
wekatatinr ukʼkʼatanj aʼmankuqʼa tejtalekʼa kʼyabʼilco ronavirus.
lakatbʼinp aleuxlanb ʼal?
lawaralkʼ uxixwaʼwi?
arelen utatkinloq ʼonik.
tajinkch akunriala.
kʼorik iʼkotemala wukʼ.
xutajach inkaʼek.
xatwaʼ ikxinwilo.
xtzaqr irachochru malrijabʼ.
palejunik ʼchikaren imaqʼij.
ekebʼämkeb ʼinpa uwiʼritem.
memriachi.
riwikancha liʼykelpaj uyubʼchwit ziribʼal.
lerajil,la pajaxelaqʼ axwuʼbʼik?
pari suʼtpisom wirilej.
kojpetikko lqakʼamaʼ.
tajinkatch ʼopinchi uwachritaq ʼaj.
leqʼorxch ʼuqik.
kʼaxwa ʼimawumal.
kinbʼisonc helewal.
sibʼalajk ʼokʼriawat zʼyaq.
kamikxuj bʼecheutik iktaqcheʼp arijuyubʼ.
kinuloqʼoj lenutat.
chaqiʼjch ikrichaj.
xyilixhawa yi.
naxnaʼt ajtachkech ixeatinik.
rukʼkʼuwaʼ weriʼ,riix kkʼojiʼjun utzalajikʼ aslemalriʼ chkiwachri winaqchema nekʼotaiwu kʼ,kʼatekʼ uriʼmankʼo tajunwinaq riʼrajawax ikchiwech.
epetinaqpa bʼeleracha laxik.
kakajleak ʼalabʼkewa ʼik.
xujch ʼaybʼik.
rinuch akareq ʼaxeltzij.
kʼonaruxla bʼriawaj.
tajinkello q,riqʼij.
xuqʼiʼoxka msaxrirach alalchoch.
rin umamarekʼo uqʼinomal.
xkʼulmat ajjumul,x ubʼanj unnimalajj abʼ,manxb ʼeyetajtan axukʼisleu yuqʼchike.
amaʼrinut zʼiʼ.
jewa ʼkatpetik.
xinkosikr umalxinch akunik
iwechchij ujunal,ri wa.
xuqʼiʼonax atatintaj.
inriqtaj inaqparik ʼayibʼal.
naweta ʼmtaj.
kʼaxlenuq ʼabʼ.
utzlexub ʼijleachi.
kemat zʼibʼ.
kʼorach alalpat zʼolojche ʼripeʼl.
ronojelwaʼ wejastaqri ʼ,xasksach wiuwachwaʼ ;rukʼweriʼ ,riix,raja waxikchekʼ ojuntyoxla jikʼaslema lekkʼojiʼr iichʼawemr ukʼridyos,
xmuqtajrip atzʼan.
richʼich ʼtzijomk anoqpari ukʼolbʼal.
mankʼot aucholajpa taqriawuj.
jachikeikʼ leunimaqʼi jletinamit nawaljaʼ?
xepetikxo lkikʼamaʼ.
kach uqʼchutrij aʼchiapam.
xinbʼijiwi rchixebʼep aarmita.
areʼuxe ʼojertzijw aralkʼiche ʼubʼiʼ.
xkʼisrinu siʼ.
jawixkib ʼijwichike ʼewi?
¡xajekʼuri ʼ,jachint aqriekʼop arijude ʼa,chichan imcheʼanim ajubʼipata qrijuyubʼ,
kʼakʼr iabʼ.
lakʼojunn akakʼoxom ajtaj?
nautztale utʼisomlea lmariy.
manyaʼtalt ajchiawek atokpaja.
jeʼ,x atutzukuj.
arekelwajx aqibʼuqʼij rixkʼojik.
rixunkurkk ʼojiʼpat aqritriko.
xinsachik.
xutʼu yubʼaʼ
nanuto mtaletzij…
wachʼomrik iwarinoʼs.
ekʼojobʼch ʼilwakʼ.
rajawixikc hipataqrit ijobʼal,p anikʼajub ʼixikchik
rirajawr uleware ʼtatkel.
wekʼ uxokik,wek ʼnaxokta
weachix usipajjunp ʼotchwe.
atat utaqoʼnleq ʼataltzij.
naqʼanta uwachleqap rut.
rixaʼrkʼop auwiʼriq ʼaqʼkpoq ʼowik.
riroqʼejri alijachakp ejunakʼal.
kʼojunalap atijobʼal.
säquwi ʼritataʼ.
riwitzik ʼtajinkpe loq.
jawixs achonwikan uyaʼiklep waqche.
utzweach iwexink unanik.
qonojelk ujwaʼpauwi ʼrimexa.
rikaxl aʼnikmanpo qontaj.
inxinbʼer ukʼriwachi ʼl.
sibʼalajje ʼlxkiloxek itzoqopijr ikichijchi laʼ.
kinbʼinikx inʼek.
kʼaxkʼol ik,kachaʼ.
kutijiximr iakʼ.
rialixche l,xuqʼiʼox ajunakʼx sipaxche.
xqasikʼij leixoqchut zakiksubʼ.
mataxab ʼinsajlech ʼichʼ.
ripixtzʼ aralikrum alrieqaʼn.
¿jamp aʼkelchi3%
kʼojunn ukʼotojchi ʼaj.
tajinkewa ʼkatria labʼom.
xinloqʼlen uk ʼakʼapoʼt.
nautzakikt asubʼtajin kuʼano
xojutaqchi ʼijxojwa ʼik.
iwechriab ʼix.
saqrijrich ij.
ajsikcheri tinamitkel wiritataʼ.
-¡a y!xaxintz aquloq,kʼ axwewaqan.
xkʼulmataj pajunkomon chiʼuwachj unjuyubʼ,x uriqajunq ʼijxkiriqk ibʼjunimul rukʼlekok.
jasxataqch iʼjleakʼa lchutijik?
xinchapo suxuloqʼo.
qʼinomr iachi.
rik ʼumktijowr ukʼkabʼ.
tajinkejac hʼanik.
tzebʼa lukemiklep asawumal.
arekayoʼwl euchikopil leubʼantaj iktrypanos omabrucei.
wekatn imanik utzkelik.
peronoʼj imalpetn aqloq,.
arelenuch akjuntzuqb ʼalwibʼ.
xkunaxle yawabʼruma lleajqʼij.
riukʼuʼxtz ʼibʼpaqat zijelajuj.
sibʼalajje ʼlikrieqab ʼalxub ʼanriluʼs.
sibʼ alajatkon.
emanxor ijupuqkej.
naxnaʼt ajtachkexe atinik.
rikʼamal bʼexubʼijc hike,chim ajarianim.
jumuchʼrin ujunabʼ.
qʼiptaj inaqrir aqanritem.
kchakunruk ʼrijosb ʼalche ʼriajanel.
xataqchiʼj leakʼalch utijikkar.
ojkʼop alero ʼchleawel.
¿lakatpeq ukʼchweʼq?
lewinaqpal echʼichʼet ʼuyullowi.
xkan ajkanoqchi uxeʼrijab ʼrichʼaʼn.
nimrija.
wetaxakun ajleatatma taxkamlaʼ.
nanukʼamo mtuʼlariʼ.
chqanukʼu ʼriqatzij.
kimbʼepa letinamit.
xinq ʼiʼonax inatintaj.
rajawaxikk akʼamanch aweleut ijiklelej.
kʼisb ʼaltaqno ʼjibʼal.
xine ʼwaʼoq.
xkibʼankʼ axcheleuwo saqrumalma nutztachik akayik.
riqʼutuʼmm ankechtale akʼalabʼ.
arenanimta leatzʼiʼch uwachlenut zʼiʼ.
xepetikxo lkilaʼ.
¿jawchiʼx ataʼchexk amrium amripoʼx?
ekebʼkek ʼamb ʼikpatuj.
xinloq ʼjunjapar iwokajja.
riaxt uʼbʼ,kʼoq ulajchech.
jaskarajka ʼanchutzak ikletiʼij.
xutijlewa.
ximb ʼalretzij.
xpaxribʼo ʼj.
wekawajk atintoʼox aqxuwikab ʼijchiwe.
jasnukʼuk uchʼobʼo.
jaskarajk utijo?
xexruxlab ʼririkil.
enitzʼaʼq letaqimul.
wetaneinxi nbʼanowik, areleateʼk xbʼanowik.
kint zalijpalen utinamit.
rinuchaqʼk ʼopauroʼq ʼatojtijon ikparitijo bʼal.
xinxiʼjwib ʼxinch ʼawik.
kʼochwaro ʼchlepare.
chir aqankabʼin wiritataʼ.
xsachonkan uyaʼiklep waqchechoj a.
xinq ʼaxchikixo ʼlriwinaq.
ketikonik.
riulewm anqechtaj, kechriqati ʼtqamam.
xepelew inaqxolkik ʼamaʼ.
xuloqʼr iwujr umalriali.
cheweqʼijk amikkʼojun nutzijone mchirijlen utinamit.
kejriʼ.
xkunana laqchwe.
kinusikʼ ijlenunan.
riimulxuch ʼijtaj,xk anajpabʼe, rumalrinim alkujaluj riimul,xut zaqrianim.
kubʼanr iuxoqʼoʼlr iajtzʼaq.
rilasibʼa lajutzchek unabʼal.
kʼikiw achrieʼ ajchakibʼp arikomont yox,kʼatek ʼutxajunch iajawxel;
xqatach ixatulik.
kawajch ikatʼek.
chʼutiʼnke kanajrixaj abʼchech.
kaqaxiʼjq ibʼk aqachapo.
ekʼokeb ʼukʼajol letatxwan.
luʼsubʼi ʼrirecham.
ajchiuwiʼm iqʼinjaʼri luʼ.
xinyakanle nuchimpak ʼaybʼal.
kʼatex rilo,xperi unancheut zukuxik,xk ikotik,xus alabʼisajr itaquxkin.
xkikʼutchi uwachriajt ijxuquje ʼchikiwach ritaqnik ʼajkachil.
utzlenuq ʼabʼ.
kullealwe ʼlpa austinchaq ʼabʼkamik.
riateʼkxtz aqloqarech ikʼopauwi ʼriqʼaʼm.
ajpatanr iteʼk.
xatqajch iupamriil.
lakʼotzijn akikʼoxom ajtaj?
xsacho nchkechixe atinik.
ronojelle ulewecha laq.
laxebʼek ʼulaxeʼki jaqakʼule uchiʼja?
xaqkatchʼo knajiwir.
kamikkʼoch irija staqawe.
arechiʼkak ʼisrijunab ʼkʼoq ʼinom.
panawaljaʼ xinalexik.
naxintata jweareriak ʼalkixt zuquwik.
¡rulewris abʼulone rulewrine ftali,ub ʼeripolow, rulewrijor dan,galile ʼakechrije taqamaqʼ!
rax,rax,ra x,kʼokʼ,kʼ okʼ,kʼokʼl eruxlabʼle taqtikoʼn.
ach ixatwilo.
paqalraj illepixk amik.
xojbʼinik.
pajunje ʼltijob ʼalkutijoj ribʼjunakʼ al,ubʼiʼpo ʼx,utzkuri lokepatijo bʼalronoje ltaqqʼij.
xwajch ixatʼetaj.
ut zlaʼlexub ʼijleachi.
weta ʼamjach inkapetik.
kinq ʼojomanik.
xinqʼiʼot akʼalikx inpetik.
areʼreta ʼmchekinop anik.
aretabʼale qaqajawch attoʼwik.
kawinaqwaq ibʼqʼataj.
naqajchikc heriuwaqk ajbʼalaret aqchiʼksac huwachriq ʼij,kokriq ʼequʼmchuw achulew,ch ikʼateʼn aribʼeleje bʼkajbʼal.
jobʼraqanr itzʼalam xeporoxik.
sibʼalajko rijrimop.
arewaʼ.
jelaʼparit iminitchwi kabyokrech xelajuʼ,le qananqatat kakitikoje ʼlalajtaqu wachichaj.
kʼaxnuqul.
xuʼluk ʼamaʼ.
kojulk itzukuj.
aremankʼax taukunaxik aretaqanin aqkaʼilit ajweyabʼil alxuquje ʼmojoʼqaku yaʼlekʼaxk ʼolilchech lejolomaj.
riwelkʼop atijonik.
kawajkinb ʼij.
rikotzʼi ʼjkqakojch iupamrija.
qʼeqqʼojr ijr iamaʼkej.
naxwajtajx inchʼawik.
chpetab ʼaleloq ʼalajjabʼ.
xsacho nchkexatki sikʼij.
eleqʼalch ʼichʼ.
jachinx awiloch iarextijo writiʼj?
matakabʼel enuxbʼalpa letinamit.
pimr uq,riali.
¿kʼorimuqʼ echiawech?
kqab ʼijmankeko wintaj.
kintijna.
kʼojunqat ʼuʼypaja!
kʼopujch iupamrich ʼaʼk.
aretaqk inkosikkin warik.
xatwa ʼikxinwilo
inxinchʼa yowleachi.
konojelria laxikkeʼet zʼanik.
jasrukʼxk itijwilek irikil?
aninaqi lkatpetik.
naraxt auwachleju yubʼ.
ritzʼalamt zʼibʼabʼal raxkkayik.
wechatchak unik,kʼo awa.
maʼt amxatpeche riwaʼim.
kamulkinwa ʼna.
risikilkti jowrukʼik.
kimbʼeaq ʼanrukʼlea ltalin.
xojʼekxe ʼqila larqasok.
xekiqʼille ajchakibʼx kiwokleja.
matanexw ajlek ʼuhjnemruk ʼleateʼk.
arexeʼop anchiuchi ʼrijuyub ʼ,xkiloch imanqastak ʼoqʼayes.
kʼatekʼut, rijesusm ankkojont achkechrie ʼareʼ,rum alrechche konojelret aʼmkiwach,
paʼtzrijr itzʼiʼ.
juwinaqwaq ibʼqʼataj.
atelaqʼom.
xaqatjoʼs.
riqʼatzu, areqʼalajr iuqʼijil.
ajchakwea la.
ubʼelejuk akʼalta qanik(29).
kebʼnub ʼiʼkʼolik.
lakatzalij lu ʼlaaninaq?
katzukun lachwe.
lakaj lakojbʼeʼp alechom alchweʼq?
xinnabʼejc hutasikqak ʼolibʼal.
lalxinto ʼwik.
sibʼalajan oʼjibʼal.
xojpetikxo lqakʼamaʼ.
sibʼalajje ʼlikriuwa ʼlriichaj.
kʼaxwijr umalinpach alik.
aretaqxuk ʼulmajwaʼx ulriuchom anikxubʼi j:areutzwa aqʼabʼkinw alijik, arechaʼch animkinop anpatijobʼ al,majchik inkʼulmaj.
ojajxojolo bʼpaawa sqʼij.
xinsachche leuwok ikletzij.
ejulajujr iakʼ.
xutajampa ʼkojʼek.
qilik.
ritijoxelm anaretanim chuwachri rajtij.ri utztijoxe lqasjeri ʼkʼolikja srirajtij.
inxatinch ʼayo.
noʼjimchak wumal.
chʼ urrijochʼ.
inkinb ʼijnak atsachtaj.
ujmayabʼ.
riabʼaj yatzalik.
tajinkepix bʼaxriak ʼalabʼ.
chomriaq.
xinwarik.
elemenkono jelriak ʼalabʼ.
tajinkqʼan arikriwere ʼaj.
leukem iklepasut z(chawe).
xuyupubʼa uwachraʼch i,kachaʼ,.
risatan askokparij udasrikbʼi xiskariʼot echrech,ri areʼjunchk ixoʼlriek abʼlajuj.
chuch uripar.
kinqumujr inujochʼ.
chechpunci ónlumbaram aqʼelrajaw axikchechr ilikleukʼe xbʼemwilen abʼeruk ʼleukabʼuk ʼutunemle yabʼilal.
qʼalajchin akawajtajk abʼij.
kʼoqʼolch irijrisiʼ.
jawixojʼe wichuloq ʼik?
kʼouloch ʼritalin.
qʼanrijria tiʼtnukej.
laxtzalij laiwir?
xesikʼi xik,kʼatek ʼuriʼxe yajik,xuq ujeʼxetaqb ʼicheusik ʼiklemes.
lak ixwarik?
arekʼulep alomaxxub ʼijche:-m amkatbʼi sontaj,kin sikʼijnikʼ ajwachiʼlk erapapik.
aʼreet ijoxelabʼ.
rialajalis iʼlxubʼijx qachappaut zalrityox.
xsachonchk ejachinxe atinik.
jasxura yijleananx utijo?
xinkosik.
raxronojel riqʼayesru mallejabʼ.
kinyawaʼ wechʼichʼp inemnautz.
noʼjimupac hʼuxiklen uwiʼ.
najkʼowile woʼchchuw achletijob ʼal.
riokibʼalk ʼochiuwach risaqja.
xenutaqch ʼijkekille akʼalabʼ.
kʼojunqʼox owemchiwe.
tzaricho ʼm.
wechojbʼep alenimaqʼi j,keqillea jxojolobʼ.
xojʼekxe ʼqila larqasok.
riateʼkxut aʼchechrin antoʼn:-n anjascheʼc himankajt alaqakʼati sajrijoʼq.
ripalsib ʼalajxuʼy.
kinkojrijo kbʼalulew.
inkinb ʼijnak atsachtaj
atrajk unlenunan.
kuqam ujujoronr iajtzij.
luʼtzʼ alamubʼiʼ riachikelp animcheʼ.
jeʼlikut iʼjolalri saqkoʼr.
kʼojunx aʼrpaja.
xinloq ʼjunk ʼakʼpatan.
kʼax ukemiklepa sawumal.
aninaq ukemiklepa sawumal
richʼaʼn sachinaqp ataqabʼix.
raxtaqleko tzʼiʼj.
mesomkanoq riupamja.
manaretara laxkosik.
rikomonxe chpuprech uqʼabʼtin amitxoʼlab ʼajrechq ʼumarkaj.
lautzakikk ʼusubʼtaj inkuʼano?
katela!
nax utijtaj.
xar umalketa ʼmkonojelr iwinaqkkiq umujlejaʼ.
iwirxujt zalijlapak ʼaybʼal.
qetaʼmcher iqawak ujutoʼo.
riajtij,k yajonch ikechriak ʼalabʼ.
jasubʼ anomlenuch ʼutitat?
chweʼqk inbʼepan imtinamit.
utzwekiwet aʼmajjask ubʼijricho lbʼalqʼij.
tajink atjilowche uqʼoxomjo lomaj.
xintikq ʼaxchi uwachrija.
kʼaxlekib ʼelewinaq.
loqʼkatk untajchele yabʼil(cov id-19).
rinuxibʼ alkelpaqaj bʼalqʼij.
xrilr iaxwanchix waʼriala.
lealixk unatajik.
wetakapele jabʼkamik.
xinweta ʼmajchin axatpetaj.
ripwaqrech weqʼatajri ʼkesaxchec hritojbʼa lkʼayinem.
ktijri uwaʼlikr umalrikin imaqʼij.
xuchap ukunaxik.
chatanloqa li.
xinxuli ʼqajoq.
jeʼ likktijowr itaqikox.
kʼatekʼuri letatxoʼrx ubʼij,mank awajtaj,ma nkawajtaj.
kʼojunt zʼiʼpabʼe.
kam ulxinpeche atzukuxik.
mantaj intakinch akunik.
kinchak unikrechk atwaʼik.
jasruk ʼxawilwich ixkiqupijw iletiʼj.
jasubʼixik …?
koqʼriak ʼal.
kawajnak atʼetaj.
xatqʼajik.
wemnach aloqʼaxi yal,nakimb ʼetaawukʼ.
xopanlew ujawukʼrum alwechin.
arekʼutpa lejuyubʼkk ʼiyjoron,c hilaʼxekik ʼamawirij aʼriwinaq.
koqʼriak ʼal.
wekʼo arajilchak ʼamaloq.
aresibʼal ajkaqleapo ʼtchuwach lenupoʼt.
xinkʼasta jpakabʼlaj ujkajbʼal.
kaqoyʼejn akixpetaj.
kokaxim richijxaje laʼmankani majtabʼik.
rikoknojim xbʼek,xuch ʼijoxopanp aukʼisbʼa lilleanim.
xojkiʼkot ikaretaqx atulik.
kaqitzʼn ajriuxajab ʼriakʼal.
rijesuskwa ʼkatparini mrachochri dyos,chuxe ʼrijunjach erachochri salomon.
wetaqanik riʼkubʼi jchirajaw axikkyaʼuq ʼijriwinaq xuqujeʼkto ʼaninaqil.
riaxuxaren ariukune lrikinaqʼ.
aretaqwaʼr iuqʼijolwe taqanik.
kʼo juntabʼalp auwiʼrixk anulubʼiʼ lajujnoʼj.
yuʼlub ʼanomriuko lobʼrikej.
xanimajr iakʼalchi uwachr iuchuch.
kkunanr iachi.
kinwaʼ ikrechnaki nyowajtaj.
ajxikchʼic hʼriluʼs.
kwajcheixk ixb ʼanowik.
aʼrexeto ʼwalaq.
xojʼekxe ʼqila larqasok.
xinloq ʼjunchʼich ʼ,qajinaq uwach.
kutʼisr ipantalon.
ejanipale awalkʼw alekʼolik?
utzukemikl epaschawe.
rimaxareaj qʼaniyaʼ.
matabʼach iriqkʼaxp alebʼe.
tajinkanim aj,rimeʼs.
ixixeʼ laqʼomabʼ!
xs achanchwe.
ekʼokʼiche ʼ,chiuwach rijuyubʼ.
arewaʼrin imalajpix abʼearewa ʼrinabʼe.
xretaʼm ajchirukʼp akʼkutijwi
jasut zakiklesub ʼxuʼano?
ajxo ʼyriwikan.
wetane aʼrexetijo wlerikil, arelekomon xetijowik.
sibʼalajan inaqkachʼ awleareʼch inuwachin.
utzwekinch akuj.
meʼslaʼ.
kʼok anwarechk aqatijo.
xinsik ʼijla.
riakʼ alxsachk anoqjelaʼp ataqʼaj.
xesik ʼijla.
jawixkib ʼijwichike ʼewi?
rumalche,m anixtari ʼrikixchʼ awik,areri ruxlabʼaxe lriitatriʼ rikchʼawna iwukʼriix.
kʼakʼr iwachoch.
sibʼalajut zkinwille atzʼyaqrec hnahuala.
saqporkk ayrikipo ʼtrinan.
xsachonrin uchakchwe.
waʼ imxuchapo.
riqʼaq ʼtajinkaju luwik.
najilupamr isiwan.
ekʼoriqach alalpachi uwiʼla.
jasxataqch iʼjleakʼa lchutijik?
noʼjim ukemiklepa sawumal.
kʼojunkuku bʼiʼtintin ,waʼlelajk ukmamkaje qitaj,kapa qikaxulikp auwiʼuq ʼabʼtaqche ʼ,sibʼalaj sakʼaj,ke ʼutoleenim aʼq,chʼuti n,rachiʼl, ajsipanel sibʼalajut zranimaʼ.
riupix abʼleqʼatb ʼaltzijkiy aʼubʼixik.
naxsachont achkexe atinik.
xeqi llechikopp uwileja.
xloʼtajr iakʼal.
qonojelk ujwaʼpauwi ʼrimexa.
xsikirle waqan.
laxatwaʼk ʼut?
nimubʼaq ʼritulul.
kinxikʼik ʼikxinq ʼaxik.
lakatbʼepa letinamit?
ripalsibʼa lajsaqʼor.
kqʼoxown ujalom.
xinnaʼoch ikatpetik.
xloqʼulew iwechix.
xinchak unruk ʼrinumam.
naxqa bʼantaj.
kkʼojiʼbʼ aʼriusipan ikriajawxe ljesuskri storukʼria wuxlabʼal!
kinch ʼawrukʼlen unanpalech ʼawebʼal.
sibʼalajq ʼequʼmrum alrimayul.
arelebax ulik.
xeko sleixoqi bʼpalebʼe.
kʼaxr ilikleak ʼalchawe.
xinq ʼiʼoxinat inpajoron.
sibʼ alajnimlet inamit.
kʼax ukemiklepa sawumal.
xinsachik.
tajinkeluk ikʼelparaq anritzʼiʼ.
xinwetaʼma jrilikwibʼ
riqʼuq ʼarejunje ʼlchikop.
kʼop ajatijobʼa lriwikaqʼ.
risachib ʼalmakr ajwaxikch iqaxoʼl.
jeʼ,k imbʼek.
jelale ʼrinupwiʼ.
xubʼijche: -jasxabʼ anotintin?
kabʼanju ntoqʼobʼky akrinujal.
katʼekx inta.
jasleukʼex bʼemribʼle junrukʼlej unchik?
ajchiuwiʼm iqʼinjaʼri luʼ.
ritijoneln ajkpewi.
teʼkixchob ʼubʼiʼrin utat.
rijaʼkamiq ʼikchiuwac hriqʼaqʼ.
ritʼuʼykp aqʼowik.
k inmesonna.
naqajatkʼo wichiwech.
xinbʼison iktaqnax atpettaj.
wexkamriw inaq,ripw aqrechtojb ʼalmakajk yaʼchikech riralaxik.
rinun anxbʼepak ʼaybʼal.
xojukʼam uloqrechko jrilo
xkʼotoch inchikiw achchikinw aʼawukʼ.
naxkikamsa jtajxkikʼa mbʼichoja.
kʼakʼriik ʼkamik.
ximbʼer ukʼleajk uniwir.
rilik.
letzʼ iʼxekosik.
xinkikotaw umal.
riimulxum ajrianim,x uyak anlekok.
kʼoojcher iakʼal.
xujbʼepaju nkʼulanem.
utzwekwara laq.
kaqiloch inakojuk ʼamtaj.
xretaʼmajc hirukʼpak ʼkutijwi.
sib ʼalajxink ʼaʼnarik.
xinkoch ijrinuwa.
mankatkow intajkatch akunik,wem ankʼotari ajilabʼal.
wewononxub ʼijchike:- kixinto.
rialanimkr ilwiri umam.
xkaʼychiri j,xkaʼych uwach,mak ʼotachijun ksilobʼik, xoqʼikxuxe ʼjribʼxch ʼopinikxtz alijloqx uriqtachik riubʼe.
kʼopuscher iwa.
pinemnak abʼelew atz,kim bʼewiinpak aʼyibʼal.
rinantoʼnn imwinaqch ik,saquwiʼ ,ronojelaq ʼabʼutzkun aʼokatʼuyi ʼpautem,k umiqʼisaj ribʼchoriq ʼij,kʼojun uwiʼumamub ʼiʼateʼk.
manekʼitaj riqulaʼ.
qʼalajchin akawajtajk abʼij
xpaqabʼisa xrajilrono jelrikem.
kʼopariju lrikumatz.
ronojelq ʼijkinchʼa jlenuware.
saqchikan leichajrec hkatzako.
chuxeleq achomalk aqatijwiju nqameqʼin.
chawilaʼ.
ekʼojobʼ umiʼal,rin utat.
jasruk ʼxawilwi
jeʼjasriw inaqrechri uwachulew, xoqujeʼkep enariʼrie ʼareʼchee rechriuw achulew;je ʼjasriwin aqrechrik aj,xoquje ʼkepenari ʼrieʼareʼe rechrikaj.
xintijo.
ktzʼujuwr irachoch ripoʼx.
xuqʼiʼoare leukʼulelx yaʼowuwa.
riawelxret aʼmajchir ajawaxikm ankuxejta ribʼcherit ukur.
jukʼulajw inaqxeʼan imajbʼik.
jeʼ,xint zalijik.
xojpetikxo lqakʼamaʼ.
majjach inxʼek.
inajtij; attijoxel.
saquwi ʼritataʼ.
wechrikem.
leroʼchle ateʼkkʼoch wachleukʼ aylenunan.
kbʼepa risiriʼaep arisilisiʼ a,jawijeʼk uyawirikic huqʼabʼri komontyox.
pixabʼ:m anutztajk ʼaxkujchʼa wchikijnik ʼajqachil.
xkunatajle ali(kumalr iixoqibʼ).
rixibʼibʼa lchikʼowip ataqriqak ʼaslemalro nojelqʼij.
nakujw artawaral.
onchekkʼoj iʼriutzi lchixoʼl, arechjunam riqakojon ik,junamri iwechixruk ʼriwechin.
paoxqʼijr isaʼnkbʼen aruk ʼriajkun.
kawinaqw uqubʼ.
jaskawajk intijo?
wetaxatbʼe wukʼpaleti namit,xalo qʼtalaʼleu jastaqleak ʼajol.
kebʼepawa ʼim.
xinloqʼk ʼiwa.
pajunnimkʼ acheʼlaj,k ʼojunkʼw aʼsibʼalaj saqloloj,n imuwach.
kwajkatijj ubʼaʼwa.
ronojelwin aqkrilnari ukolonemri dyos».
xkʼotoch inchikiw achchikinw aʼawukʼ
kwajnak atʼetaj.
laxaloq ʼjunalej?
ekʼorieloq ʼomanel.
riukabʼ ubʼiʼrinum amareyay.
kinjopijri ijaʼrechtr iko.
xnaʼtajchk exeatinik.
xateʼqila ʼ.
kakit ijalanxaxr iwinaq.
...kinbʼ ijchiarewa ʼsinxiʼan.
naxinn abʼejtach utasikqak ʼolibʼal.
rumalrechc heweriin,k inchʼawruk ʼridyospac hʼabʼal,kc hʼawnakʼur iʼriwuxlab ʼalrukʼrid yos,kʼatek ʼutmankʼot aupatanriʼ chrechrinu chomabʼal.
xepetikxk ilo.
xutawek atʼek.
utzukemikl epaschawe.
rinuwakaxx utijjunq ʼoqʼrumalr iʼxkamik.
rumalrik ʼix,mankew aʼtajriwin aq.
xeʼulik.
qʼeqrijr iamaʼchij.
xrajk aʼeleunan.
junamk ijunabʼ.
naqʼalajt ajwekaʼek.
riwixnamch ʼajchʼojr irachoch.
waralmank ʼotajajawa l.
naiwirtaxr illek ʼamolbʼe.
xinpeloqte kʼuriʼxint zuk ujronojelr inurajil.
riajtikone lkutikrit zij.
kʼoekik ʼajolleach ijabʼ.
kutijq ʼayesriixp aʼch.
pariwaʼb ʼalekʼok awinaqach ijabʼ.
sipojin aqrinupam.
kayaʼtajik rukʼuti ʼonemjunri uriqomleya bʼilamolot setséxuq ujeʼarekay aʼtajpataq rijuyubʼ.
jachinr iachi?
rin umamxkamik aretaqkʼoj umuchʼlaj ujujunabʼ.
kinkowin ikkinkʼamb ʼilepwaq.
kinwilochi utzriajiʼ.
xinqʼilr iapoʼxchem ankachak untaj.
kwaʼchiuwa chletaqʼaj riamaʼakʼ.
riimulxepo qʼikpaj unikʼ.
xkʼiskanoq riqachak.
arer ialixoj ilowkanoq.
sibʼalajch ʼ uʼjriamax.
kʼonuwach iʼ.
inchajine lkechleak ʼalabʼ.
xekoslet zʼiʼ.
kinbʼenaku kʼrimolaj.
ronojelaq ʼabʼkinyit zʼriwakax.
karapinikx utzukujchi junawaj.
leukemikle pasaninaq( awumal).
maj urajilleq ʼabʼarel.
kʼaxriʼrik achʼawik.
xojutaqchi ʼjleachich uloq ʼikichaj.
sibʼalajk ʼaxrixk ʼulmaxik.
xkilochin akinkʼoxom ajtaj.
xna ʼtajchkech ixeatinik.
xkʼotochin chikiwachc hixojalwo ʼqakukʼ.
junqʼuʼqr ajilrikax laʼnwa.
xinwiloch ixeʼelik.
ekʼoixoq ibʼpalekʼa ybʼal.
mankʼotaj ukʼisikrim ayabʼajlab ʼalil.
risinkkʼi ypataqʼaj.
richʼimama nkkʼiytajp ataqʼaj.
raj awaxikkjik ikriwaqän.
kaw ajkinʼek.
ekʼooxib ʼakʼ.
xub ʼijchwejaw iatkʼowi.
chweʼqk ujbʼeʼpam uquj.
pasaqk ʼajaʼkb ʼanwiriuq.
xojkisik ʼij.
xinwilwib ʼ.
chaqʼchikr iwa.
kimbʼenaka palewoʼch.
kaw ajkinʼek.
richʼuʼkt ijrukʼlej.
parikiq ʼijkamin aqibʼkbʼ anqʼorikʼy aʼrechaj:n abʼerinank utzukujk anriaj,kuj achʼoʼxuqu jekukʼeto.
jaskajb ʼalchanim?
utzuchoman ikriali.
pariqʼijox lajujti jaxkink ʼiskebʼj unabʼkinch akunwaral.
sibʼ alajko,rik ʼakʼchʼat.
jaskarajk ubʼij…?
richʼichʼk asilabʼik.
paojerq ʼalpulxaqx uwirinimw inaqkek ʼamowbʼe.
leukun axikleukab ʼukʼutunik arerukʼefl ornitinaon utunibʼaxi klenifurti moxchiʼlef lornitinac hecht.b.g.
areriach ixinch ʼayowik.
junachiub ʼikuʼxusip ajkebʼk ʼaʼmule wrechkabʼ anritijobʼ al,kamik,k ʼochikajti jrechrikom onxechpup.
xumaltyoxi jcheriajti jronojelle xukʼutchi uwach.
paribʼexki raqjun alajimuls aqrij,xkik ʼambʼik.
xrilleb ʼaleala.
jaskub ʼijchwe?
leukunataj emarerukʼu tzukuxikle uchikopilp ajunusolik uxeʼlekik ʼonlejaʼre chjunnodo.
utzwenut zʼiʼ.
jeʼ,tajink achaponik.
kinuloqʼoj lenutat.
kawajk imbʼepatin amit.
arelaʼk inchakuj.
rinim aʼqtaqwin aqkʼoketa ʼmabʼal.
wetaxat bʼewukʼpa letinamit, xaloqʼtawa ʼwejastaq.
rikikʼasle mal.waixim ulewxajunc himaaretat inimitrima
riukʼyabʼ alnajupam.
xatqajch iupamriil.
nojimkatwa ʼik.
wekʼojunkt uqaʼrik,¿l amanxoquje ʼtajkintuq aʼrriin?
ojojwokolj a.
awaskbʼank ʼaxchejunn imwinaq.
xinch ʼawapanruk ʼlewanabʼ.
kʼaxriup amrijuʼl.
tajinkewa ʼriimul.
lakajlak ujtzalij laaninaq?
rumalrec hcherimak ajmankʼot aukowinemp iwiʼriix: riixmanixk ʼotachich uxeʼripixa bʼ,xaneixk ʼochuxeʼ risipanik.
nimra qanlecheʼ.
xinchapo.
arelet uʼrleloq ʼomanel.
xaskatkʼoj iʼchiupamr ichʼichʼ.
sibʼalajn imraqanrik ʼamalbʼe.
letzʼibʼab ʼalwechin.
inxinto ʼwla.
xajekʼuri ʼriixkamik riʼmanixka xlanwinaqt achik;riix ,ixrechrik itinimitr ietyoxlajt aqwinaq,ix rechrirach ochridyos.
xintikox lajk ʼalichaj.
kaqariqq ibʼchweʼq.
sibʼalajut zcheriwiʼ ajrituney.
wenajup uliktaxe qajik...
xinto ʼtajcher inuchak.
kʼoj unchikopub ʼiʼpum.
poqonriik.
xojbʼinik.
xuchʼekro nojelleret amanikxpaq iʼkkʼaxkw ʼinikxub ʼanajkun.
kelubʼikp arijude ʼaektza lijchiubʼi jumulparig alileʼa.
xinaxib ʼijpabʼe.
je ʼlkʼolemch iawachoch.
ronojelriy aʼtalilpaw eqʼataj,tz ʼaqatkiw ach,manktz aqtakanoqx uqujeʼm anktastaj.
xukunajle yawab ʼleajqʼij.
chitatabʼe jjaslekimb ʼij.
chʼanalr iachi.
pabʼoko ʼkachak unwiritax.
ujkʼopa uwuqqʼij.
kiʼriukab ʼriaqaj.
kʼorach alalpat zʼolojche ʼripeʼl.
xkilochiki nkʼoxomaj.
riukisak ʼutzky aʼikchiuxe ʼritikoʼn.
aretaqchi ʼkaqʼanpuw iʼrijukub ʼ,riachich exkʼojiʼri itzeluxlab ʼalrukʼ,k utachrechr iareʼ,arec hkkʼojiʼr ukʼriareʼ.
nakabʼant ajtawumal.
xnaʼtajchk exeatinik.
xinpajr inutriko.
xeʼokripok ʼpariumex aripoʼx.
kajuluwria qʼaʼlchiux eʼritʼuʼy.
awechleja.
xujbʼepat zurik.
nabʼex atopanik.
riukabʼ ubʼiʼrinum amareyay.
uwajxaq ukakʼalta qanik(28).
matakʼoj unkakanajk anoq,qonoj elkojbʼek.
enimaʼqlea ltomabʼ.
nimuwachr ipoʼt.
kojonikpar iutzijwaix imulew.
jasxuk ʼambʼiletz ʼiʼxawilo?
xinpet ik,tat.
ribʼelaj uwach.
chitatabʼe jjasrikimb ʼij.
jeʼlkuna ʼriabʼixch iupamriq uqulew.
kinbʼisoju wachlewal.
xutʼu yubʼaʼ.
nimr iaweqele ʼnxariqo.
xine ʼwaʼoq.
chiʼkew arwileak ʼalabʼ.
rinumiʼ alxutaqloq juntaqoʼmw ujchiwe.
qʼe ʼlik,rich ajparibʼe.
lautzaw ach?-utzm altyox,ek ʼuriat?–ut zmaltyox.
xinkosrum alnuchak.
kbʼekukʼr ieʼareʼekt zalijparin asareteke ʼunimaj.
rijojxuk ʼamb ʼikriakʼ.
kʼochiwach iʼlchanim.
kubʼijchec hnaʼlkab ʼancheriat zʼibʼ.
e...inkaw ajkatzjojb ʼilachwe.
mataxin yajleali.
jachinruk ʼkatbʼewi?
kʼosibʼ alajetaʼma bʼalparima yabʼnoʼjib ʼal.
emanxor ijupuqkej.
kasumumr ikaqiqʼ.
ekʼokajib ʼakʼala bʼpalebʼe.
jeʼjasriut atkkaʼyik.
xaqatmolon eltzijtal.
lenutatkal oqʼonchwe.
xaqtanekim bʼeiwukʼ.
xretaʼmaj uchʼajik.
rumalla ʼxkoj“xalq ʼat”cheubʼ iʼrikomon.
areleukem ikpasxreta ʼmaj.
riwatiʼtk ubʼannar iupatan.
kʼakʼlepo ʼt.
retaʼmuwac hjachinxlo qʼowripas.
kench ʼabʼejleak ʼalabʼ.
yaʼtalchaq eqonojelri ujwinaqutz kaqilqibʼ.
xkotiʼpaq ʼayesxoq ʼik.
kawin aqbʼelejeb ʼqʼataj.
ekʼokajib ʼralriim ul,junsaq, junqʼan,j unqʼeq,jun qʼeqoj,sib ʼalajketzʼ anik,kechʼ opinikrial ajtaqimul.
kchololr iachachal.
ketekikr iikʼ.
xepet ikrechkewa ʼiwukʼ.
tzatzriuqʼ anilriakʼ.
xojtzaliji kxixeʼqaqʼ atujkukʼle itatinan.
riyoʼxt aqakʼalab ʼkekikʼuxr iatzʼyaq.
weachiwexu sipajjunpo ʼtchwexk amik.
kkowinrik unanelchek unanik.
xjiqʼp aripolow.
xarumalsib ʼalajrajaw axikleloqʼ alajjaʼ,le winaqxkibʼ ij:cheweik ʼriʼqonoje lkujbʼeche utikikt aqcheʼ.
riunanerie rachalalk epeuloqruk ʼriareʼ,k ʼatekʼuri ʼ,mankekow intajkeqib ʼukoqrukʼ, rumalrechc heekʼosibʼ alajwinaq.
rumalrech, chemankʼot ajunkkowi ncheukojik juntikibʼ alilchikch uwachriko jomchikche arerije suskristo.
tekʼuriʼx utzʼibʼajr ibʼparinim alajtijob ʼalrech ajkuʼn.
kajuluwric hʼumilchaq ʼabʼ.
kʼisbʼalk anoq,xoq ujeʼkk amriixoq.
lealaxok ik.
kʼopwaqpau wiʼrimexa.
arekawajn akinʼetaj.
riyaw alkukojri alichiuxe ʼrichakach areusuʼt.
nakaqak ʼamtu ʼbʼikamik.
riajtijkub ʼijchike:r ajawaxikke qachajijri awaj, areutiko ʼnriajaw.
xintijm ukuniwir.
kʼaxle uwiʼtaqlen uqʼabʼ.
xinloq ʼjunilb ʼalwibʼ.
waʼweq ʼij,nimub ʼantajik.
riuxeʼ alriqatin amitmanka sachtaj.
xojbʼinik.
riach alaljunamk iwach.
xinweta ʼmajr ilikwibʼ.
nimriuna ʼojwajtij.
miqʼinrik ʼul.
ajqʼojomr iateʼk.
chelesanik cheʼkbʼanw iriqʼojom.
kapeleawe lpanawalja ʼ.
rimesonelt ajinkchak unik.
utzchaqek aqatoʼqib ʼ,taqkʼokʼ axkʼolil,k atewechi ʼnriajawp aqawiʼ.
xawilo,xq ʼatanleib ʼoy.
xatkowin ikxabʼano.
kiʼrik ʼawex.
kajililr ibʼe.
lealixelb ʼik.
areʼxrajx inbʼano.
nimweab ʼaj.
jeʼlikut iʼjolalri saqkoʼr.
nojin aqrikej.
wekatijanx uxmankatut oʼtachiuq ʼatixiklek ʼakʼy abʼilcoron avirus(2 019-ncov).
nanimtar aqanwa ʼwecheʼ.
utzalajajc hak,riwel.
¿jampaʼk ujbʼepanim aqʼij?
rajawaxikt anelaʼkatc hakunwukʼ.
xutaqchi ʼjpawaramp ulew.
manaretar iaxwanxe lik.
riawixx uloqʼracho chrenimal.
areriixoqx insik ʼinuloq.
richʼimak ʼatʼonna.
laxibʼ anleichak?
kʼitin amitekʼop achʼoʼj.
kʼojupuqch ijchiuxe ʼricheʼ.
riuxaqr iabʼixare uwarikej.
kawin aqqʼataj.
lakixpepat ijobʼal?
wekechajix taqlekʼwaj achakinbʼi j;junalikk ʼojaʼxuquj eʼsibʼalaj saqloloj.
xretaʼmaj.
rialabʼomr ialitomab ʼtajinkik itijojkibʼ rechsutaq, arekakajki kibʼannima qachijabʼc hupamrikik ʼaslemal,x uqujekʼoch ikjupuqbʼ ixonelchup amrikomon.
latzʼu wachribʼe.
kʼakʼriach ʼichʼ.
qonojeluj, ujmayab ʼtaqwinaq.
nojelqʼij riatiʼxkuy uqʼujletaq awajjelaʼp anikʼajj aʼ,chirij rijuyubʼub ʼiʼtenaʼ.
paqʼomch ikrisiʼ.
kintz ukunchela.
kakiti jlekinaqʼ, leichaj,le uwaʼlikr ukʼlej.
xekanajk anleajchak ibʼ.
ketikonr iachijabʼ.
sibʼalajit zelubʼant ajikrichʼi lakan.
riateʼkxum altyoxijch eriratiʼt, rumalriutz alajnoʼjib ʼalxuk ʼutchech.
kkam ulixuchakr iabʼix.
laxinutzuk ujletijoxe l?
areʼkach akunronoje lqʼij.
leekʼaʼn ataqtzʼiʼ.
saqrijrip lamux.
jasxaqʼ iʼoxatijo.
jasrukʼxki chapwiutij iklerikil?
wekatatinr ukʼkʼatanj aʼmankuqʼa tejtalekʼa kʼyabʼilco ronavirus.
lakatbʼinp aleuxlanb ʼal?
lawaralkʼ uxixwaʼwi?
arelen utatkinloq ʼonik.
tajinkch akunriala.
kʼorik iʼkotemala wukʼ.
xutajach inkaʼek.
xatwaʼ ikxinwilo.
xtzaqr irachochru malrijabʼ.
palejunik ʼchikaren imaqʼij.
ekebʼämkeb ʼinpa uwiʼritem.
memriachi.
riwikancha liʼykelpaj uyubʼchwit ziribʼal.
lerajil,la pajaxelaqʼ axwuʼbʼik?
pari suʼtpisom wirilej.
kojpetikko lqakʼamaʼ.
tajinkatch ʼopinchi uwachritaq ʼaj.
leqʼorxch ʼuqik.
kʼaxwa ʼimawumal.
kinbʼisonc helewal.
sibʼalajk ʼokʼriawat zʼyaq.
kamikxuj bʼecheutik iktaqcheʼp arijuyubʼ.
kinuloqʼoj lenutat.
chaqiʼjch ikrichaj.
xyilixhawa yi.
naxnaʼt ajtachkech ixeatinik.
rukʼkʼuwaʼ weriʼ,riix kkʼojiʼjun utzalajikʼ aslemalriʼ chkiwachri winaqchema nekʼotaiwu kʼ,kʼatekʼ uriʼmankʼo tajunwinaq riʼrajawax ikchiwech.
epetinaqpa bʼeleracha laxik.
kakajleak ʼalabʼkewa ʼik.
xujch ʼaybʼik.
rinuch akareq ʼaxeltzij.
kʼonaruxla bʼriawaj.
tajinkello q,riqʼij.
xuqʼiʼoxka msaxrirach alalchoch.
rin umamarekʼo uqʼinomal.
xkʼulmat ajjumul,x ubʼanj unnimalajj abʼ,manxb ʼeyetajtan axukʼisleu yuqʼchike.
amaʼrinut zʼiʼ.
jewa ʼkatpetik.
xinkosikr umalxinch akunik
iwechchij ujunal,ri wa.
xuqʼiʼonax atatintaj.
inriqtaj inaqparik ʼayibʼal.
naweta ʼmtaj.
kʼaxlenuq ʼabʼ.
utzlexub ʼijleachi.
kemat zʼibʼ.
kʼorach alalpat zʼolojche ʼripeʼl.
ronojelwaʼ wejastaqri ʼ,xasksach wiuwachwaʼ ;rukʼweriʼ ,riix,raja waxikchekʼ ojuntyoxla jikʼaslema lekkʼojiʼr iichʼawemr ukʼridyos,
xmuqtajrip atzʼan.
richʼich ʼtzijomk anoqpari ukʼolbʼal.
mankʼot aucholajpa taqriawuj.
jachikeikʼ leunimaqʼi jletinamit nawaljaʼ?
xepetikxo lkikʼamaʼ.
kach uqʼchutrij aʼchiapam.
xinbʼijiwi rchixebʼep aarmita.
areʼuxe ʼojertzijw aralkʼiche ʼubʼiʼ.
xkʼisrinu siʼ.
jawixkib ʼijwichike ʼewi?
¡xajekʼuri ʼ,jachint aqriekʼop arijude ʼa,chichan imcheʼanim ajubʼipata qrijuyubʼ,
kʼakʼr iabʼ.
lakʼojunn akakʼoxom ajtaj?
nautztale utʼisomlea lmariy.
manyaʼtalt ajchiawek atokpaja.
jeʼ,x atutzukuj.
arekelwajx aqibʼuqʼij rixkʼojik.
rixunkurkk ʼojiʼpat aqritriko.
xinsachik.
xutʼu yubʼaʼ
nanuto mtaletzij…
wachʼomrik iwarinoʼs.
ekʼojobʼch ʼilwakʼ.
rajawixikc hipataqrit ijobʼal,p anikʼajub ʼixikchik
rirajawr uleware ʼtatkel.
wekʼ uxokik,wek ʼnaxokta
weachix usipajjunp ʼotchwe.
atat utaqoʼnleq ʼataltzij.
naqʼanta uwachleqap rut.
rixaʼrkʼop auwiʼriq ʼaqʼkpoq ʼowik.
riroqʼejri alijachakp ejunakʼal.
kʼojunalap atijobʼal.
säquwi ʼritataʼ.
riwitzik ʼtajinkpe loq.
jawixs achonwikan uyaʼiklep waqche.
utzweach iwexink unanik.
qonojelk ujwaʼpauwi ʼrimexa.
rikaxl aʼnikmanpo qontaj.
inxinbʼer ukʼriwachi ʼl.
sibʼalajje ʼlxkiloxek itzoqopijr ikichijchi laʼ.
kinbʼinikx inʼek.
kʼaxkʼol ik,kachaʼ.
kutijiximr iakʼ.
rialixche l,xuqʼiʼox ajunakʼx sipaxche.
xqasikʼij leixoqchut zakiksubʼ.
mataxab ʼinsajlech ʼichʼ.
ripixtzʼ aralikrum alrieqaʼn.
¿jamp aʼkelchi3%
kʼojunn ukʼotojchi ʼaj.
tajinkewa ʼkatria labʼom.
xinloqʼlen uk ʼakʼapoʼt.
nautzakikt asubʼtajin kuʼano
xojutaqchi ʼijxojwa ʼik.
iwechriab ʼix.
saqrijrich ij.
ajsikcheri tinamitkel wiritataʼ.
-¡a y!xaxintz aquloq,kʼ axwewaqan.
xkʼulmataj pajunkomon chiʼuwachj unjuyubʼ,x uriqajunq ʼijxkiriqk ibʼjunimul rukʼlekok.
jasxataqch iʼjleakʼa lchutijik?
xinchapo suxuloqʼo.
qʼinomr iachi.
rik ʼumktijowr ukʼkabʼ.
tajinkejac hʼanik.
tzebʼa lukemiklep asawumal.
arekayoʼwl euchikopil leubʼantaj iktrypanos omabrucei.
wekatn imanik utzkelik.
peronoʼj imalpetn aqloq,.
arelenuch akjuntzuqb ʼalwibʼ.
xkunaxle yawabʼruma lleajqʼij.
riukʼuʼxtz ʼibʼpaqat zijelajuj.
sibʼalajje ʼlikrieqab ʼalxub ʼanriluʼs.
sibʼ alajatkon.
emanxor ijupuqkej.
naxnaʼt ajtachkexe atinik.
rikʼamal bʼexubʼijc hike,chim ajarianim.
jumuchʼrin ujunabʼ.
qʼiptaj inaqrir aqanritem.
kchakunruk ʼrijosb ʼalche ʼriajanel.
xataqchiʼj leakʼalch utijikkar.
ojkʼop alero ʼchleawel.
¿lakatpeq ukʼchweʼq?
lewinaqpal echʼichʼet ʼuyullowi.
xkan ajkanoqchi uxeʼrijab ʼrichʼaʼn.
nimrija.
wetaxakun ajleatatma taxkamlaʼ.
nanukʼamo mtuʼlariʼ.
chqanukʼu ʼriqatzij.
kimbʼepa letinamit.
xinq ʼiʼonax inatintaj.
rajawaxikk akʼamanch aweleut ijiklelej.
kʼisb ʼaltaqno ʼjibʼal.
